
--- Running on compute-2-5.local ---


--- registration call ---
/data/jet/pcook/bin/antsBuild/bin/antsRegistrationSyNQuick.sh -d 3 -f data/template/T_template0_BrainCerebellum.nii.gz -m data/Brains/1128_3.nii.gz -t s -p f -n 1 -o /tmp/1971784.1.basic.q/1128_ToTemplate_023_
---


--------------------------------------------------------------------------------------
 Mapping parameters
--------------------------------------------------------------------------------------
 ANTSPATH is /data/jet/pcook/bin/antsBuild/bin/

 Dimensionality:           3
 Output name prefix:       /tmp/1971784.1.basic.q/1128_ToTemplate_023_
 Fixed images:             data/template/T_template0_BrainCerebellum.nii.gz
 Moving images:            data/Brains/1128_3.nii.gz
 Mask images:              
 Initial transforms:       
 Number of threads:        1
 Spline distance:          26
 Transform type:           s
 MI histogram bins:        32
 Precision:                f
 Use histogram matching    0
======================================================================================
 antsRegistration call:
--------------------------------------------------------------------------------------
/data/jet/pcook/bin/antsBuild/bin//antsRegistration --verbose 1 --dimensionality 3 --float 1 --collapse-output-transforms 1 --output [/tmp/1971784.1.basic.q/1128_ToTemplate_023_,/tmp/1971784.1.basic.q/1128_ToTemplate_023_Warped.nii.gz,/tmp/1971784.1.basic.q/1128_ToTemplate_023_InverseWarped.nii.gz] --interpolation Linear --use-histogram-matching 0 --winsorize-image-intensities [0.005,0.995] --initial-moving-transform [data/template/T_template0_BrainCerebellum.nii.gz,data/Brains/1128_3.nii.gz,1] --transform Rigid[0.1] --metric MI[data/template/T_template0_BrainCerebellum.nii.gz,data/Brains/1128_3.nii.gz,1,32,Regular,0.25] --convergence [1000x500x250x0,1e-6,10] --shrink-factors 12x8x4x2 --smoothing-sigmas 4x3x2x1vox --transform Affine[0.1] --metric MI[data/template/T_template0_BrainCerebellum.nii.gz,data/Brains/1128_3.nii.gz,1,32,Regular,0.25] --convergence [1000x500x250x0,1e-6,10] --shrink-factors 12x8x4x2 --smoothing-sigmas 4x3x2x1vox --transform SyN[0.1,3,0] --metric MI[data/template/T_template0_BrainCerebellum.nii.gz,data/Brains/1128_3.nii.gz,1,32] --convergence [100x100x70x50x0,1e-6,10] --shrink-factors 10x6x4x2x1 --smoothing-sigmas 5x3x2x1x0vox
--------------------------------------------------------------------------------------
All_Command_lines_OK
Using single precision for computations.
=============================================================================
The composite transform comprises the following transforms (in order): 
  1. Center of mass alignment using fixed image: data/template/T_template0_BrainCerebellum.nii.gz and moving image: data/Brains/1128_3.nii.gz (type = Euler3DTransform)
=============================================================================
  number of levels = 4
  number of levels = 4
  number of levels = 5
  fixed image: data/template/T_template0_BrainCerebellum.nii.gz
  moving image: data/Brains/1128_3.nii.gz
  fixed image: data/template/T_template0_BrainCerebellum.nii.gz
  moving image: data/Brains/1128_3.nii.gz
  fixed image: data/template/T_template0_BrainCerebellum.nii.gz
  moving image: data/Brains/1128_3.nii.gz
Dimension = 3
Number of stages = 3
Use Histogram Matching false
Winsorize image intensities true
Lower quantile = 0.005
Upper quantile = 0.995
Stage 1 State
   Image metric = Mattes
     Fixed image = Image (0x3896420)
  RTTI typeinfo:   itk::Image<float, 3u>
  Reference Count: 2
  Modified Time: 1611
  Debug: Off
  Object Name: 
  Observers: 
    none
  Source: (none)
  Source output name: (none)
  Release Data: Off
  Data Released: False
  Global Release Data: Off
  PipelineMTime: 0
  UpdateMTime: 1422
  RealTimeStamp: 0 seconds 
  LargestPossibleRegion: 
    Dimension: 3
    Index: [0, 0, 0]
    Size: [216, 256, 291]
  BufferedRegion: 
    Dimension: 3
    Index: [0, 0, 0]
    Size: [216, 256, 291]
  RequestedRegion: 
    Dimension: 3
    Index: [0, 0, 0]
    Size: [216, 256, 291]
  Spacing: [1, 1, 1]
  Origin: [0, 293, 0]
  Direction: 
1 0 0
0 -0 -1
0 -1 -0

  IndexToPointMatrix: 
1 0 0
0 0 -1
0 -1 0

  PointToIndexMatrix: 
1 0 0
0 0 -1
0 -1 0

  Inverse Direction: 
1 0 0
0 0 -1
0 -1 0

  PixelContainer: 
    ImportImageContainer (0x387b7f0)
      RTTI typeinfo:   itk::ImportImageContainer<unsigned long, float>
      Reference Count: 1
      Modified Time: 1419
      Debug: Off
      Object Name: 
      Observers: 
        none
      Pointer: 0x7f473e3e4010
      Container manages memory: true
      Size: 16091136
      Capacity: 16091136

     Moving image = Image (0x3896e60)
  RTTI typeinfo:   itk::Image<float, 3u>
  Reference Count: 2
  Modified Time: 1612
  Debug: Off
  Object Name: 
  Observers: 
    none
  Source: (none)
  Source output name: (none)
  Release Data: Off
  Data Released: False
  Global Release Data: Off
  PipelineMTime: 0
  UpdateMTime: 1609
  RealTimeStamp: 0 seconds 
  LargestPossibleRegion: 
    Dimension: 3
    Index: [0, 0, 0]
    Size: [256, 256, 264]
  BufferedRegion: 
    Dimension: 3
    Index: [0, 0, 0]
    Size: [256, 256, 264]
  RequestedRegion: 
    Dimension: 3
    Index: [0, 0, 0]
    Size: [256, 256, 264]
  Spacing: [1, 1, 1]
  Origin: [0, 263, 0]
  Direction: 
1 0 0
0 -0 -1
0 -1 -0

  IndexToPointMatrix: 
1 0 0
0 0 -1
0 -1 0

  PointToIndexMatrix: 
1 0 0
0 0 -1
0 -1 0

  Inverse Direction: 
1 0 0
0 0 -1
0 -1 0

  PixelContainer: 
    ImportImageContainer (0x38992b0)
      RTTI typeinfo:   itk::ImportImageContainer<unsigned long, float>
      Reference Count: 1
      Modified Time: 1606
      Debug: Off
      Object Name: 
      Observers: 
        none
      Pointer: 0x7f473a1e3010
      Container manages memory: true
      Size: 17301504
      Capacity: 17301504

     Weighting = 1
     Sampling strategy = regular
     Number of bins = 32
     Radius = 4
     Sampling percentage  = 0.25
   Transform = Rigid
     Gradient step = 0.1
     Update field sigma (voxel space) = 0
     Total field sigma (voxel space) = 0
     Update field time sigma = 0
     Total field time sigma  = 0
     Number of time indices = 0
     Number of time point samples = 0
Stage 2 State
   Image metric = Mattes
     Fixed image = Image (0x38a16c0)
  RTTI typeinfo:   itk::Image<float, 3u>
  Reference Count: 2
  Modified Time: 1987
  Debug: Off
  Object Name: 
  Observers: 
    none
  Source: (none)
  Source output name: (none)
  Release Data: Off
  Data Released: False
  Global Release Data: Off
  PipelineMTime: 0
  UpdateMTime: 1798
  RealTimeStamp: 0 seconds 
  LargestPossibleRegion: 
    Dimension: 3
    Index: [0, 0, 0]
    Size: [216, 256, 291]
  BufferedRegion: 
    Dimension: 3
    Index: [0, 0, 0]
    Size: [216, 256, 291]
  RequestedRegion: 
    Dimension: 3
    Index: [0, 0, 0]
    Size: [216, 256, 291]
  Spacing: [1, 1, 1]
  Origin: [0, 293, 0]
  Direction: 
1 0 0
0 -0 -1
0 -1 -0

  IndexToPointMatrix: 
1 0 0
0 0 -1
0 -1 0

  PointToIndexMatrix: 
1 0 0
0 0 -1
0 -1 0

  Inverse Direction: 
1 0 0
0 0 -1
0 -1 0

  PixelContainer: 
    ImportImageContainer (0x38a1f60)
      RTTI typeinfo:   itk::ImportImageContainer<unsigned long, float>
      Reference Count: 1
      Modified Time: 1795
      Debug: Off
      Object Name: 
      Observers: 
        none
      Pointer: 0x7f4736480010
      Container manages memory: true
      Size: 16091136
      Capacity: 16091136

     Moving image = Image (0x38a1a50)
  RTTI typeinfo:   itk::Image<float, 3u>
  Reference Count: 2
  Modified Time: 1988
  Debug: Off
  Object Name: 
  Observers: 
    none
  Source: (none)
  Source output name: (none)
  Release Data: Off
  Data Released: False
  Global Release Data: Off
  PipelineMTime: 0
  UpdateMTime: 1985
  RealTimeStamp: 0 seconds 
  LargestPossibleRegion: 
    Dimension: 3
    Index: [0, 0, 0]
    Size: [256, 256, 264]
  BufferedRegion: 
    Dimension: 3
    Index: [0, 0, 0]
    Size: [256, 256, 264]
  RequestedRegion: 
    Dimension: 3
    Index: [0, 0, 0]
    Size: [256, 256, 264]
  Spacing: [1, 1, 1]
  Origin: [0, 263, 0]
  Direction: 
1 0 0
0 -0 -1
0 -1 -0

  IndexToPointMatrix: 
1 0 0
0 0 -1
0 -1 0

  PointToIndexMatrix: 
1 0 0
0 0 -1
0 -1 0

  Inverse Direction: 
1 0 0
0 0 -1
0 -1 0

  PixelContainer: 
    ImportImageContainer (0x38a2950)
      RTTI typeinfo:   itk::ImportImageContainer<unsigned long, float>
      Reference Count: 1
      Modified Time: 1982
      Debug: Off
      Object Name: 
      Observers: 
        none
      Pointer: 0x7f473227f010
      Container manages memory: true
      Size: 17301504
      Capacity: 17301504

     Weighting = 1
     Sampling strategy = regular
     Number of bins = 32
     Radius = 4
     Sampling percentage  = 0.25
   Transform = Affine
     Gradient step = 0.1
     Update field sigma (voxel space) = 0
     Total field sigma (voxel space) = 0
     Update field time sigma = 0
     Total field time sigma  = 0
     Number of time indices = 0
     Number of time point samples = 0
Stage 3 State
   Image metric = Mattes
     Fixed image = Image (0x38a87b0)
  RTTI typeinfo:   itk::Image<float, 3u>
  Reference Count: 2
  Modified Time: 2363
  Debug: Off
  Object Name: 
  Observers: 
    none
  Source: (none)
  Source output name: (none)
  Release Data: Off
  Data Released: False
  Global Release Data: Off
  PipelineMTime: 0
  UpdateMTime: 2174
  RealTimeStamp: 0 seconds 
  LargestPossibleRegion: 
    Dimension: 3
    Index: [0, 0, 0]
    Size: [216, 256, 291]
  BufferedRegion: 
    Dimension: 3
    Index: [0, 0, 0]
    Size: [216, 256, 291]
  RequestedRegion: 
    Dimension: 3
    Index: [0, 0, 0]
    Size: [216, 256, 291]
  Spacing: [1, 1, 1]
  Origin: [0, 293, 0]
  Direction: 
1 0 0
0 -0 -1
0 -1 -0

  IndexToPointMatrix: 
1 0 0
0 0 -1
0 -1 0

  PointToIndexMatrix: 
1 0 0
0 0 -1
0 -1 0

  Inverse Direction: 
1 0 0
0 0 -1
0 -1 0

  PixelContainer: 
    ImportImageContainer (0x38a8a40)
      RTTI typeinfo:   itk::ImportImageContainer<unsigned long, float>
      Reference Count: 1
      Modified Time: 2171
      Debug: Off
      Object Name: 
      Observers: 
        none
      Pointer: 0x7f472e51c010
      Container manages memory: true
      Size: 16091136
      Capacity: 16091136

     Moving image = Image (0x38ab1b0)
  RTTI typeinfo:   itk::Image<float, 3u>
  Reference Count: 2
  Modified Time: 2364
  Debug: Off
  Object Name: 
  Observers: 
    none
  Source: (none)
  Source output name: (none)
  Release Data: Off
  Data Released: False
  Global Release Data: Off
  PipelineMTime: 0
  UpdateMTime: 2361
  RealTimeStamp: 0 seconds 
  LargestPossibleRegion: 
    Dimension: 3
    Index: [0, 0, 0]
    Size: [256, 256, 264]
  BufferedRegion: 
    Dimension: 3
    Index: [0, 0, 0]
    Size: [256, 256, 264]
  RequestedRegion: 
    Dimension: 3
    Index: [0, 0, 0]
    Size: [256, 256, 264]
  Spacing: [1, 1, 1]
  Origin: [0, 263, 0]
  Direction: 
1 0 0
0 -0 -1
0 -1 -0

  IndexToPointMatrix: 
1 0 0
0 0 -1
0 -1 0

  PointToIndexMatrix: 
1 0 0
0 0 -1
0 -1 0

  Inverse Direction: 
1 0 0
0 0 -1
0 -1 0

  PixelContainer: 
    ImportImageContainer (0x38a8aa0)
      RTTI typeinfo:   itk::ImportImageContainer<unsigned long, float>
      Reference Count: 1
      Modified Time: 2358
      Debug: Off
      Object Name: 
      Observers: 
        none
      Pointer: 0x7f472a31b010
      Container manages memory: true
      Size: 17301504
      Capacity: 17301504

     Weighting = 1
     Sampling strategy = none
     Number of bins = 32
     Radius = 4
     Sampling percentage  = 1
   Transform = SyN
     Gradient step = 0.1
     Update field sigma (voxel space) = 3
     Total field sigma (voxel space) = 0
     Update field time sigma = 0
     Total field time sigma  = 0
     Number of time indices = 0
     Number of time point samples = 0
Registration using 3 total stages.

Stage 0
  iterations = 1000x500x250x0
  convergence threshold = 1e-06
  convergence window size = 10
  number of levels = 4
  using the Mattes MI metric (number of bins = 32, weight = 1)
  preprocessing:  winsorizing the image intensities
  Shrink factors (level 1 out of 4): [12, 12, 12]
  Shrink factors (level 2 out of 4): [8, 8, 8]
  Shrink factors (level 3 out of 4): [4, 4, 4]
  Shrink factors (level 4 out of 4): [2, 2, 2]
  smoothing sigmas per level: [4, 3, 2, 1]
  regular sampling (percentage = 0.25)

*** Running Euler3DTransform registration ***

DIAGNOSTIC,Iteration,metricValue,convergenceValue,ITERATION_TIME_INDEX,SINCE_LAST
 2DIAGNOSTIC,     1, -4.053660929203e-01, inf, 1.6802e+01, 1.6802e+01, 
 2DIAGNOSTIC,     2, -4.062998294830e-01, inf, 1.6814e+01, 1.1545e-02, 
 2DIAGNOSTIC,     3, -4.074650704861e-01, inf, 1.6825e+01, 1.1365e-02, 
 2DIAGNOSTIC,     4, -4.075168669224e-01, inf, 1.6835e+01, 9.7740e-03, 
 2DIAGNOSTIC,     5, -4.079034626484e-01, inf, 1.6845e+01, 9.7668e-03, 
 2DIAGNOSTIC,     6, -4.083485305309e-01, inf, 1.6854e+01, 9.7680e-03, 
 2DIAGNOSTIC,     7, -4.091480672359e-01, inf, 1.6864e+01, 9.7361e-03, 
 2DIAGNOSTIC,     8, -4.095928370953e-01, inf, 1.6877e+01, 1.2868e-02, 
 2DIAGNOSTIC,     9, -4.096000194550e-01, inf, 1.6888e+01, 1.1302e-02, 
 2DIAGNOSTIC,    10, -4.096207618713e-01, 6.624831585214e-04, 1.6899e+01, 1.0391e-02, 
 2DIAGNOSTIC,    11, -4.094783663750e-01, 4.741286102217e-04, 1.6909e+01, 1.0273e-02, 
 2DIAGNOSTIC,    12, -4.094892144203e-01, 3.275482740719e-04, 1.6919e+01, 1.0248e-02, 
 2DIAGNOSTIC,    13, -4.095076620579e-01, 2.375172625761e-04, 1.6930e+01, 1.0254e-02, 
 2DIAGNOSTIC,    14, -4.095383584499e-01, 1.432680437574e-04, 1.6941e+01, 1.1842e-02, 
 2DIAGNOSTIC,    15, -4.096093773842e-01, 7.014415314188e-05, 1.6952e+01, 1.0303e-02, 
 2DIAGNOSTIC,    16, -4.108116626740e-01, 7.082278170856e-05, 1.6972e+01, 1.9865e-02, 
 2DIAGNOSTIC,    17, -4.107429683208e-01, 9.313086775364e-05, 1.6983e+01, 1.1821e-02, 
 2DIAGNOSTIC,    18, -4.106824100018e-01, 1.199311373057e-04, 1.6995e+01, 1.1824e-02, 
 2DIAGNOSTIC,    19, -4.105848968029e-01, 1.302907476202e-04, 1.7005e+01, 1.0249e-02, 
 2DIAGNOSTIC,    20, -4.104996919632e-01, 1.254106464330e-04, 1.7017e+01, 1.1800e-02, 
 2DIAGNOSTIC,    21, -4.105447530746e-01, 1.055961402017e-04, 1.7027e+01, 1.0214e-02, 
 2DIAGNOSTIC,    22, -4.104535281658e-01, 7.514560275013e-05, 1.7039e+01, 1.1803e-02, 
 2DIAGNOSTIC,    23, -4.103606045246e-01, 3.890258449246e-05, 1.7051e+01, 1.1784e-02, 
DIAGNOSTIC,Iteration,metricValue,convergenceValue,ITERATION_TIME_INDEX,SINCE_LAST
 2DIAGNOSTIC,     1, -3.502584099770e-01, inf, 3.0004e+01, 1.2953e+01, 
 2DIAGNOSTIC,     2, -3.504397571087e-01, inf, 3.0054e+01, 5.0497e-02, 
 2DIAGNOSTIC,     3, -3.514983952045e-01, inf, 3.0105e+01, 5.0629e-02, 
 2DIAGNOSTIC,     4, -3.528763055801e-01, inf, 3.0192e+01, 8.7601e-02, 
 2DIAGNOSTIC,     5, -3.529081046581e-01, inf, 3.0252e+01, 5.9608e-02, 
 2DIAGNOSTIC,     6, -3.528975844383e-01, inf, 3.0312e+01, 5.9725e-02, 
 2DIAGNOSTIC,     7, -3.529420793056e-01, inf, 3.0371e+01, 5.9718e-02, 
 2DIAGNOSTIC,     8, -3.528792858124e-01, inf, 3.0422e+01, 5.0722e-02, 
 2DIAGNOSTIC,     9, -3.529575765133e-01, inf, 3.0482e+01, 5.9740e-02, 
 2DIAGNOSTIC,    10, -3.530248105526e-01, 4.844023205806e-04, 3.0542e+01, 6.0399e-02, 
 2DIAGNOSTIC,    11, -3.531110286713e-01, 3.002909652423e-04, 3.0621e+01, 7.8862e-02, 
 2DIAGNOSTIC,    12, -3.530930280685e-01, 1.302974997088e-04, 3.0681e+01, 6.0395e-02, 
 2DIAGNOSTIC,    13, -3.530763089657e-01, 3.737204315257e-05, 3.0742e+01, 6.0471e-02, 
 2DIAGNOSTIC,    14, -3.530146181583e-01, 3.037482201762e-05, 3.0793e+01, 5.1342e-02, 
 2DIAGNOSTIC,    15, -3.530350029469e-01, 2.451536056469e-05, 3.0844e+01, 5.1210e-02, 
 2DIAGNOSTIC,    16, -3.530666828156e-01, 1.820083161874e-05, 3.0896e+01, 5.1062e-02, 
 2DIAGNOSTIC,    17, -3.531168103218e-01, 1.572941437189e-05, 3.0947e+01, 5.1114e-02, 
 2DIAGNOSTIC,    18, -3.533295691013e-01, 1.895952300401e-05, 3.0998e+01, 5.1120e-02, 
 2DIAGNOSTIC,    19, -3.533753752708e-01, 2.530228448450e-05, 3.1049e+01, 5.1168e-02, 
 2DIAGNOSTIC,    20, -3.534766137600e-01, 3.555606235750e-05, 3.1109e+01, 6.0398e-02, 
 2DIAGNOSTIC,    21, -3.535529077053e-01, 4.788799924427e-05, 3.1161e+01, 5.1263e-02, 
 2DIAGNOSTIC,    22, -3.538537919521e-01, 6.505291094072e-05, 3.1221e+01, 6.0882e-02, 
 2DIAGNOSTIC,    23, -3.540022969246e-01, 7.912334694993e-05, 3.1292e+01, 7.0121e-02, 
 2DIAGNOSTIC,    24, -3.540033996105e-01, 8.267438533949e-05, 3.1490e+01, 1.9883e-01, 
 2DIAGNOSTIC,    25, -3.540033996105e-01, 7.920622738311e-05, 3.1551e+01, 6.0357e-02, 
 2DIAGNOSTIC,    26, -3.540038168430e-01, 6.971752009122e-05, 3.1602e+01, 5.1028e-02, 
 2DIAGNOSTIC,    27, -3.540044128895e-01, 5.570284338319e-05, 3.1653e+01, 5.1072e-02, 
 2DIAGNOSTIC,    28, -3.540424704552e-01, 4.468851693673e-05, 3.1704e+01, 5.1144e-02, 
 2DIAGNOSTIC,    29, -3.540439307690e-01, 3.167053000652e-05, 3.1756e+01, 5.1697e-02, 
 2DIAGNOSTIC,    30, -3.540466129780e-01, 1.953514038178e-05, 3.1807e+01, 5.1161e-02, 
 2DIAGNOSTIC,    31, -3.540512621403e-01, 8.374763638130e-06, 3.1858e+01, 5.1212e-02, 
 2DIAGNOSTIC,    32, -3.540585041046e-01, 4.853354312218e-06, 3.1909e+01, 5.1247e-02, 
 2DIAGNOSTIC,    33, -3.540695607662e-01, 5.051583229942e-06, 3.1960e+01, 5.1172e-02, 
 2DIAGNOSTIC,    34, -3.540503978729e-01, 4.415458988660e-06, 3.2012e+01, 5.1128e-02, 
 2DIAGNOSTIC,    35, -3.540782630444e-01, 4.156781869824e-06, 3.2063e+01, 5.1204e-02, 
 2DIAGNOSTIC,    36, -3.541127145290e-01, 4.371882823762e-06, 3.2114e+01, 5.1305e-02, 
 2DIAGNOSTIC,    37, -3.541540503502e-01, 5.107898232382e-06, 3.2165e+01, 5.1286e-02, 
 2DIAGNOSTIC,    38, -3.542015254498e-01, 7.202934739325e-06, 3.2226e+01, 6.0664e-02, 
 2DIAGNOSTIC,    39, -3.542657196522e-01, 9.937209142663e-06, 3.2287e+01, 6.0480e-02, 
 2DIAGNOSTIC,    40, -3.542568981647e-01, 1.152154527517e-05, 3.2338e+01, 5.1197e-02, 
 2DIAGNOSTIC,    41, -3.542694449425e-01, 1.235352010553e-05, 3.2398e+01, 6.0566e-02, 
 2DIAGNOSTIC,    42, -3.543151915073e-01, 1.304508168687e-05, 3.2449e+01, 5.1161e-02, 
 2DIAGNOSTIC,    43, -3.543553948402e-01, 1.346952285530e-05, 3.2510e+01, 6.0556e-02, 
 2DIAGNOSTIC,    44, -3.546150922775e-01, 1.702876397758e-05, 3.2561e+01, 5.1271e-02, 
 2DIAGNOSTIC,    45, -3.547220826149e-01, 2.117115764122e-05, 3.2623e+01, 6.1365e-02, 
 2DIAGNOSTIC,    46, -3.549576103687e-01, 2.790685721266e-05, 3.2683e+01, 6.0689e-02, 
 2DIAGNOSTIC,    47, -3.550731539726e-01, 3.438275962253e-05, 3.2744e+01, 6.0864e-02, 
 2DIAGNOSTIC,    48, -3.551516532898e-01, 3.943076808355e-05, 3.2805e+01, 6.0774e-02, 
 2DIAGNOSTIC,    49, -3.553681373596e-01, 4.514759348240e-05, 3.2857e+01, 5.1872e-02, 
 2DIAGNOSTIC,    50, -3.567547500134e-01, 6.840811693110e-05, 3.2919e+01, 6.2188e-02, 
 2DIAGNOSTIC,    51, -3.590711057186e-01, 1.203359715873e-04, 3.2998e+01, 7.9090e-02, 
 2DIAGNOSTIC,    52, -3.607584834099e-01, 1.848032406997e-04, 3.3049e+01, 5.0884e-02, 
 2DIAGNOSTIC,    53, -3.622330725193e-01, 2.520036068745e-04, 3.3118e+01, 6.8813e-02, 
 2DIAGNOSTIC,    54, -3.624244928360e-01, 2.993585949298e-04, 3.3168e+01, 5.0340e-02, 
 2DIAGNOSTIC,    55, -3.625138103962e-01, 3.191742871422e-04, 3.3228e+01, 5.9493e-02, 
 2DIAGNOSTIC,    56, -3.627018928528e-01, 3.133661521133e-04, 3.3305e+01, 7.7629e-02, 
 2DIAGNOSTIC,    57, -3.626868426800e-01, 2.788388228510e-04, 3.3365e+01, 5.9464e-02, 
 2DIAGNOSTIC,    58, -3.627049028873e-01, 2.204058255302e-04, 3.3415e+01, 5.0358e-02, 
 2DIAGNOSTIC,    59, -3.627228736877e-01, 1.461680512875e-04, 3.3475e+01, 5.9989e-02, 
 2DIAGNOSTIC,    60, -3.627341091633e-01, 7.876369636506e-05, 3.3544e+01, 6.8450e-02, 
 2DIAGNOSTIC,    61, -3.626996576786e-01, 3.562027268345e-05, 3.3603e+01, 5.9378e-02, 
 2DIAGNOSTIC,    62, -3.626654148102e-01, 1.136277842306e-05, 3.3662e+01, 5.9420e-02, 
 2DIAGNOSTIC,    63, -3.626315891743e-01, 5.122123184265e-06, 3.3713e+01, 5.0334e-02, 
DIAGNOSTIC,Iteration,metricValue,convergenceValue,ITERATION_TIME_INDEX,SINCE_LAST
 2DIAGNOSTIC,     1, -3.057664334774e-01, inf, 4.2137e+01, 8.4242e+00, 
 2DIAGNOSTIC,     2, -3.060292899609e-01, inf, 4.2544e+01, 4.0755e-01, 
 2DIAGNOSTIC,     3, -3.064487576485e-01, inf, 4.2954e+01, 4.0923e-01, 
 2DIAGNOSTIC,     4, -3.067755699158e-01, inf, 4.3364e+01, 4.0989e-01, 
 2DIAGNOSTIC,     5, -3.070768117905e-01, inf, 4.3851e+01, 4.8785e-01, 
 2DIAGNOSTIC,     6, -3.071627318859e-01, inf, 4.4263e+01, 4.1112e-01, 
 2DIAGNOSTIC,     7, -3.073272407055e-01, inf, 4.4671e+01, 4.0845e-01, 
 2DIAGNOSTIC,     8, -3.074293434620e-01, inf, 4.5078e+01, 4.0687e-01, 
 2DIAGNOSTIC,     9, -3.077150583267e-01, inf, 4.6220e+01, 1.1424e+00, 
 2DIAGNOSTIC,    10, -3.077512979507e-01, 4.122308164369e-04, 4.6958e+01, 7.3786e-01, 
 2DIAGNOSTIC,    11, -3.077515959740e-01, 3.152452118229e-04, 4.7448e+01, 4.9009e-01, 
 2DIAGNOSTIC,    12, -3.077429533005e-01, 2.259442262584e-04, 4.7939e+01, 4.9081e-01, 
 2DIAGNOSTIC,    13, -3.077485561371e-01, 1.600166287972e-04, 4.8431e+01, 4.9152e-01, 
 2DIAGNOSTIC,    14, -3.077429234982e-01, 1.097466520150e-04, 4.8841e+01, 4.1089e-01, 
 2DIAGNOSTIC,    15, -3.077493906021e-01, 7.533287862316e-05, 4.9495e+01, 6.5364e-01, 
 2DIAGNOSTIC,    16, -3.077523112297e-01, 4.370362512418e-05, 4.9985e+01, 4.8951e-01, 
 2DIAGNOSTIC,    17, -3.077460527420e-01, 2.063325337076e-05, 5.0560e+01, 5.7512e-01, 
 2DIAGNOSTIC,    18, -3.077434003353e-01, 3.122926727883e-06, 5.1052e+01, 4.9212e-01, 
 2DIAGNOSTIC,    19, -3.077401816845e-01, 1.030282192005e-06, 5.1461e+01, 4.0926e-01, 
DIAGNOSTIC,Iteration,metricValue,convergenceValue,ITERATION_TIME_INDEX,SINCE_LAST
 2DIAGNOSTIC,     1, -2.628052830696e-01, inf, 6.0098e+01, 8.6372e+00, 
  Elapsed time (stage 0): 6.1801e+01


Stage 1
  iterations = 1000x500x250x0
  convergence threshold = 1.0000e-06
  convergence window size = 10
  number of levels = 4
  using the Mattes MI metric (number of bins = 32, weight = 1.0000e+00)
  preprocessing:  winsorizing the image intensities
  Shrink factors (level 1 out of 4): [12, 12, 12]
  Shrink factors (level 2 out of 4): [8, 8, 8]
  Shrink factors (level 3 out of 4): [4, 4, 4]
  Shrink factors (level 4 out of 4): [2, 2, 2]
  smoothing sigmas per level: [4, 3, 2, 1]
  regular sampling (percentage = 2.5000e-01)

*** Running AffineTransform registration ***

DIAGNOSTIC,Iteration,metricValue,convergenceValue,ITERATION_TIME_INDEX,SINCE_LAST
 2DIAGNOSTIC,     1, -4.373748600483e-01, inf, 1.7307e+01, 1.7307e+01, 
 2DIAGNOSTIC,     2, -4.378571808338e-01, inf, 1.7321e+01, 1.3521e-02, 
 2DIAGNOSTIC,     3, -4.393685758114e-01, inf, 1.7336e+01, 1.4957e-02, 
 2DIAGNOSTIC,     4, -4.405128061771e-01, inf, 1.7351e+01, 1.4835e-02, 
 2DIAGNOSTIC,     5, -4.409112930298e-01, inf, 1.7364e+01, 1.3106e-02, 
 2DIAGNOSTIC,     6, -4.416822791100e-01, inf, 1.7377e+01, 1.3309e-02, 
 2DIAGNOSTIC,     7, -4.437827467918e-01, inf, 1.7391e+01, 1.3447e-02, 
 2DIAGNOSTIC,     8, -4.476608633995e-01, inf, 1.7404e+01, 1.3741e-02, 
 2DIAGNOSTIC,     9, -4.662146568298e-01, inf, 1.7419e+01, 1.4162e-02, 
 2DIAGNOSTIC,    10, -4.785470366478e-01, 4.667208530009e-03, 1.7436e+01, 1.7132e-02, 
 2DIAGNOSTIC,    11, -4.873501956463e-01, 6.032992154360e-03, 1.7459e+01, 2.3105e-02, 
 2DIAGNOSTIC,    12, -4.895838201046e-01, 6.762706208974e-03, 1.7474e+01, 1.4861e-02, 
 2DIAGNOSTIC,    13, -4.950556755066e-01, 7.097011897713e-03, 1.7489e+01, 1.4913e-02, 
 2DIAGNOSTIC,    14, -4.997763931751e-01, 6.978525780141e-03, 1.7505e+01, 1.6692e-02, 
 2DIAGNOSTIC,    15, -5.022709965706e-01, 6.348586641252e-03, 1.7522e+01, 1.6678e-02, 
 2DIAGNOSTIC,    16, -5.055736303329e-01, 5.383803974837e-03, 1.7538e+01, 1.6487e-02, 
 2DIAGNOSTIC,    17, -5.066752433777e-01, 4.170768428594e-03, 1.7557e+01, 1.8319e-02, 
 2DIAGNOSTIC,    18, -5.072093009949e-01, 2.857087180018e-03, 1.7579e+01, 2.2041e-02, 
 2DIAGNOSTIC,    19, -5.070030689240e-01, 2.000964013860e-03, 1.7594e+01, 1.4897e-02, 
 2DIAGNOSTIC,    20, -5.072382092476e-01, 1.422646455467e-03, 1.7609e+01, 1.4835e-02, 
 2DIAGNOSTIC,    21, -5.071697235107e-01, 1.019924296997e-03, 1.7623e+01, 1.4663e-02, 
 2DIAGNOSTIC,    22, -5.074020028114e-01, 6.256245542318e-04, 1.7640e+01, 1.6450e-02, 
 2DIAGNOSTIC,    23, -5.075914263725e-01, 3.539342433214e-04, 1.7656e+01, 1.6545e-02, 
 2DIAGNOSTIC,    24, -5.073653459549e-01, 1.838043681346e-04, 1.7672e+01, 1.6301e-02, 
 2DIAGNOSTIC,    25, -5.073435902596e-01, 6.793456122978e-05, 1.7687e+01, 1.4604e-02, 
 2DIAGNOSTIC,    26, -5.075748562813e-01, 3.474572076811e-05, 1.7704e+01, 1.6435e-02, 
 2DIAGNOSTIC,    27, -5.074732899666e-01, 2.217361907242e-05, 1.7722e+01, 1.8270e-02, 
 2DIAGNOSTIC,    28, -5.076243877411e-01, 2.315771052963e-05, 1.7738e+01, 1.6468e-02, 
 2DIAGNOSTIC,    29, -5.075295567513e-01, 1.586136386322e-05, 1.7755e+01, 1.6351e-02, 
 2DIAGNOSTIC,    30, -5.074458718300e-01, 1.085848816729e-05, 1.7771e+01, 1.6638e-02, 
 2DIAGNOSTIC,    31, -5.079211592674e-01, 1.279871503357e-05, 1.7790e+01, 1.8554e-02, 
 2DIAGNOSTIC,    32, -5.080701112747e-01, 2.001536086027e-05, 1.7804e+01, 1.4507e-02, 
 2DIAGNOSTIC,    33, -5.084764361382e-01, 3.565310180420e-05, 1.7821e+01, 1.6358e-02, 
 2DIAGNOSTIC,    34, -5.087177157402e-01, 4.732406159746e-05, 1.7836e+01, 1.4860e-02, 
 2DIAGNOSTIC,    35, -5.090013742447e-01, 5.817101555294e-05, 1.7850e+01, 1.4649e-02, 
 2DIAGNOSTIC,    36, -5.092391371727e-01, 7.046593236737e-05, 1.7867e+01, 1.6688e-02, 
 2DIAGNOSTIC,    37, -5.102101564407e-01, 8.890224853531e-05, 1.7894e+01, 2.6902e-02, 
 2DIAGNOSTIC,    38, -5.102100372314e-01, 9.996742301155e-05, 1.7908e+01, 1.4675e-02, 
 2DIAGNOSTIC,    39, -5.102497339249e-01, 1.004779696814e-04, 1.7923e+01, 1.4557e-02, 
 2DIAGNOSTIC,    40, -5.103111863136e-01, 9.118968591793e-05, 1.7938e+01, 1.4607e-02, 
 2DIAGNOSTIC,    41, -5.104047060013e-01, 8.169849024853e-05, 1.7952e+01, 1.4561e-02, 
 2DIAGNOSTIC,    42, -5.103448629379e-01, 6.587258394575e-05, 1.7969e+01, 1.6324e-02, 
 2DIAGNOSTIC,    43, -5.104212164879e-01, 5.107869947096e-05, 1.7985e+01, 1.6267e-02, 
 2DIAGNOSTIC,    44, -5.102849006653e-01, 3.365987140569e-05, 1.7999e+01, 1.4562e-02, 
 2DIAGNOSTIC,    45, -5.101622939110e-01, 1.605058787391e-05, 1.8016e+01, 1.6231e-02, 
DIAGNOSTIC,Iteration,metricValue,convergenceValue,ITERATION_TIME_INDEX,SINCE_LAST
 2DIAGNOSTIC,     1, -4.133612215519e-01, inf, 3.0854e+01, 1.2838e+01, 
 2DIAGNOSTIC,     2, -4.138683974743e-01, inf, 3.0921e+01, 6.6935e-02, 
 2DIAGNOSTIC,     3, -4.145028591156e-01, inf, 3.0987e+01, 6.6829e-02, 
 2DIAGNOSTIC,     4, -4.152966737747e-01, inf, 3.1054e+01, 6.7121e-02, 
 2DIAGNOSTIC,     5, -4.162659943104e-01, inf, 3.1121e+01, 6.6715e-02, 
 2DIAGNOSTIC,     6, -4.168740808964e-01, inf, 3.1209e+01, 8.7365e-02, 
 2DIAGNOSTIC,     7, -4.171660542488e-01, inf, 3.1296e+01, 8.7518e-02, 
 2DIAGNOSTIC,     8, -4.172581732273e-01, inf, 3.1363e+01, 6.6634e-02, 
 2DIAGNOSTIC,     9, -4.174865484238e-01, inf, 3.1429e+01, 6.6690e-02, 
 2DIAGNOSTIC,    10, -4.176317453384e-01, 7.095941109583e-04, 3.1497e+01, 6.7164e-02, 
 2DIAGNOSTIC,    11, -4.179925620556e-01, 5.558662815019e-04, 3.1564e+01, 6.7144e-02, 
 2DIAGNOSTIC,    12, -4.184429049492e-01, 4.324379842728e-04, 3.1674e+01, 1.1019e-01, 
 2DIAGNOSTIC,    13, -4.184948801994e-01, 3.247557906434e-04, 3.1741e+01, 6.7423e-02, 
 2DIAGNOSTIC,    14, -4.185332059860e-01, 2.432858746033e-04, 3.1809e+01, 6.7737e-02, 
 2DIAGNOSTIC,    15, -4.185840189457e-01, 1.966391428141e-04, 3.1877e+01, 6.8075e-02, 
 2DIAGNOSTIC,    16, -4.186347126961e-01, 1.655710511841e-04, 3.1976e+01, 9.8897e-02, 
 2DIAGNOSTIC,    17, -4.186806678772e-01, 1.363883930026e-04, 3.2044e+01, 6.7648e-02, 
 2DIAGNOSTIC,    18, -4.187051057816e-01, 1.023921940941e-04, 3.2122e+01, 7.8020e-02, 
 2DIAGNOSTIC,    19, -4.187355935574e-01, 7.220432598842e-05, 3.2210e+01, 8.8445e-02, 
 2DIAGNOSTIC,    20, -4.187900722027e-01, 4.512022496783e-05, 3.2278e+01, 6.7592e-02, 
 2DIAGNOSTIC,    21, -4.188649654388e-01, 3.025641672139e-05, 3.2367e+01, 8.8857e-02, 
 2DIAGNOSTIC,    22, -4.189332723618e-01, 3.004806058016e-05, 3.2434e+01, 6.7544e-02, 
 2DIAGNOSTIC,    23, -4.188700318336e-01, 2.683403181436e-05, 3.2502e+01, 6.7426e-02, 
 2DIAGNOSTIC,    24, -4.188809692860e-01, 2.298435174453e-05, 3.2600e+01, 9.8745e-02, 
 2DIAGNOSTIC,    25, -4.188484847546e-01, 1.786109714885e-05, 3.2668e+01, 6.7869e-02, 
 2DIAGNOSTIC,    26, -4.188534915447e-01, 1.297315702686e-05, 3.2736e+01, 6.7708e-02, 
 2DIAGNOSTIC,    27, -4.188608527184e-01, 8.660575986141e-06, 3.2813e+01, 7.7371e-02, 
 2DIAGNOSTIC,    28, -4.188701510429e-01, 4.797808287549e-06, 3.2891e+01, 7.7497e-02, 
DIAGNOSTIC,Iteration,metricValue,convergenceValue,ITERATION_TIME_INDEX,SINCE_LAST
 2DIAGNOSTIC,     1, -3.521932363510e-01, inf, 4.1308e+01, 8.4173e+00, 
 2DIAGNOSTIC,     2, -3.524105250835e-01, inf, 4.1838e+01, 5.3028e-01, 
 2DIAGNOSTIC,     3, -3.526276946068e-01, inf, 4.2370e+01, 5.3201e-01, 
 2DIAGNOSTIC,     4, -3.529098033905e-01, inf, 4.2904e+01, 5.3315e-01, 
 2DIAGNOSTIC,     5, -3.533506691456e-01, inf, 4.3434e+01, 5.3061e-01, 
 2DIAGNOSTIC,     6, -3.538542389870e-01, inf, 4.3965e+01, 5.3131e-01, 
 2DIAGNOSTIC,     7, -3.543700873852e-01, inf, 4.4760e+01, 7.9465e-01, 
 2DIAGNOSTIC,     8, -3.544019460678e-01, inf, 4.5289e+01, 5.2913e-01, 
 2DIAGNOSTIC,     9, -3.545044064522e-01, inf, 4.5993e+01, 7.0346e-01, 
 2DIAGNOSTIC,    10, -3.546444475651e-01, 5.089385085739e-04, 4.6515e+01, 5.2259e-01, 
 2DIAGNOSTIC,    11, -3.547371625900e-01, 4.254902596585e-04, 4.7132e+01, 6.1718e-01, 
 2DIAGNOSTIC,    12, -3.548017740250e-01, 3.366001183167e-04, 4.8181e+01, 1.0487e+00, 
 2DIAGNOSTIC,    13, -3.548004627228e-01, 2.448715385981e-04, 4.8791e+01, 6.0955e-01, 
 2DIAGNOSTIC,    14, -3.548061847687e-01, 1.608809543541e-04, 4.9398e+01, 6.0770e-01, 
 2DIAGNOSTIC,    15, -3.548020720482e-01, 9.648804552853e-05, 4.9920e+01, 5.2134e-01, 
 2DIAGNOSTIC,    16, -3.548026978970e-01, 5.606218473986e-05, 5.0535e+01, 6.1552e-01, 
 2DIAGNOSTIC,    17, -3.547931015491e-01, 3.938743975596e-05, 5.1151e+01, 6.1541e-01, 
 2DIAGNOSTIC,    18, -3.547876179218e-01, 2.229071651527e-05, 5.1679e+01, 5.2877e-01, 
 2DIAGNOSTIC,    19, -3.547872304916e-01, 9.328344276582e-06, 5.2203e+01, 5.2361e-01, 
 2DIAGNOSTIC,    20, -3.547915220261e-01, 2.661964572326e-06, 5.2727e+01, 5.2359e-01, 
DIAGNOSTIC,Iteration,metricValue,convergenceValue,ITERATION_TIME_INDEX,SINCE_LAST
 2DIAGNOSTIC,     1, -3.028278350830e-01, inf, 6.1749e+01, 9.0222e+00, 
  Elapsed time (stage 1): 6.3437e+01


Stage 2
  iterations = 100x100x70x50x0
  convergence threshold = 1.0000e-06
  convergence window size = 10
  number of levels = 5
  using the Mattes MI metric (number of bins = 32, weight = 1.0000e+00)
  preprocessing:  winsorizing the image intensities
  Shrink factors (level 1 out of 5): [10, 10, 10]
  Shrink factors (level 2 out of 5): [6, 6, 6]
  Shrink factors (level 3 out of 5): [4, 4, 4]
  Shrink factors (level 4 out of 5): [2, 2, 2]
  Shrink factors (level 5 out of 5): [1, 1, 1]
  smoothing sigmas per level: [5, 3, 2, 1, 0]
  Using default NONE metricSamplingStrategy 

*** Running SyN registration (varianceForUpdateField = 3.0000e+00, varianceForTotalField = 0.0000e+00) ***

XXDIAGNOSTIC,Iteration,metricValue,convergenceValue,ITERATION_TIME_INDEX,SINCE_LAST
 1DIAGNOSTIC,     1, -4.942264854908e-01, inf, 2.9371e+01, 2.9371e+01, 
 1DIAGNOSTIC,     2, -5.093621611595e-01, inf, 2.9525e+01, 1.5441e-01, 
 1DIAGNOSTIC,     3, -5.238831043243e-01, inf, 2.9676e+01, 1.5047e-01, 
 1DIAGNOSTIC,     4, -5.307928323746e-01, inf, 2.9826e+01, 1.5087e-01, 
 1DIAGNOSTIC,     5, -5.323830842972e-01, inf, 2.9973e+01, 1.4689e-01, 
 1DIAGNOSTIC,     6, -5.331830978394e-01, inf, 3.0121e+01, 1.4787e-01, 
 1DIAGNOSTIC,     7, -5.323016643524e-01, inf, 3.0268e+01, 1.4704e-01, 
 1DIAGNOSTIC,     8, -5.300306081772e-01, inf, 3.0416e+01, 1.4740e-01, 
 1DIAGNOSTIC,     9, -5.269334316254e-01, inf, 3.0563e+01, 1.4735e-01, 
 1DIAGNOSTIC,    10, -5.250241756439e-01, 2.786675235257e-03, 3.0711e+01, 1.4812e-01, 
 1DIAGNOSTIC,    11, -5.225442647934e-01, 5.073842476122e-04, 3.0859e+01, 1.4829e-01, 
 1DIAGNOSTIC,    12, -5.192689895630e-01, -9.151073754765e-04, 3.1008e+01, 1.4839e-01, 
XXDIAGNOSTIC,Iteration,metricValue,convergenceValue,ITERATION_TIME_INDEX,SINCE_LAST
 1DIAGNOSTIC,     1, -4.086262583733e-01, inf, 4.4340e+01, 1.3332e+01, 
 1DIAGNOSTIC,     2, -4.111775159836e-01, inf, 4.4935e+01, 5.9543e-01, 
 1DIAGNOSTIC,     3, -4.125818312168e-01, inf, 4.5516e+01, 5.8145e-01, 
 1DIAGNOSTIC,     4, -4.131349325180e-01, inf, 4.6096e+01, 5.7928e-01, 
 1DIAGNOSTIC,     5, -4.133725762367e-01, inf, 4.6675e+01, 5.7930e-01, 
 1DIAGNOSTIC,     6, -4.132070541382e-01, inf, 4.7258e+01, 5.8246e-01, 
 1DIAGNOSTIC,     7, -4.129084348679e-01, inf, 4.7843e+01, 5.8508e-01, 
 1DIAGNOSTIC,     8, -4.122545123100e-01, inf, 4.8424e+01, 5.8124e-01, 
 1DIAGNOSTIC,     9, -4.113765954971e-01, inf, 4.9004e+01, 5.8044e-01, 
 1DIAGNOSTIC,    10, -4.106665253639e-01, 1.309136132477e-04, 4.9585e+01, 5.8045e-01, 
 1DIAGNOSTIC,    11, -4.100248515606e-01, -2.877389488276e-04, 5.0166e+01, 5.8165e-01, 
XXDIAGNOSTIC,Iteration,metricValue,convergenceValue,ITERATION_TIME_INDEX,SINCE_LAST
 1DIAGNOSTIC,     1, -3.494430780411e-01, inf, 5.9861e+01, 9.6947e+00, 
 1DIAGNOSTIC,     2, -3.502854406834e-01, inf, 6.1711e+01, 1.8498e+00, 
 1DIAGNOSTIC,     3, -3.507813811302e-01, inf, 6.3562e+01, 1.8509e+00, 
 1DIAGNOSTIC,     4, -3.510966897011e-01, inf, 6.5372e+01, 1.8104e+00, 
 1DIAGNOSTIC,     5, -3.513416647911e-01, inf, 6.7167e+01, 1.7947e+00, 
 1DIAGNOSTIC,     6, -3.514004945755e-01, inf, 6.8962e+01, 1.7951e+00, 
 1DIAGNOSTIC,     7, -3.515500724316e-01, inf, 7.0756e+01, 1.7938e+00, 
 1DIAGNOSTIC,     8, -3.515414595604e-01, inf, 7.2567e+01, 1.8117e+00, 
 1DIAGNOSTIC,     9, -3.514377176762e-01, inf, 7.4382e+01, 1.8148e+00, 
 1DIAGNOSTIC,    10, -3.511361479759e-01, 2.829180157278e-04, 7.6180e+01, 1.7977e+00, 
 1DIAGNOSTIC,    11, -3.508149981499e-01, 9.100651368499e-05, 7.7972e+01, 1.7925e+00, 
 1DIAGNOSTIC,    12, -3.505549132824e-01, -3.789916809183e-05, 7.9768e+01, 1.7959e+00, 
XXDIAGNOSTIC,Iteration,metricValue,convergenceValue,ITERATION_TIME_INDEX,SINCE_LAST
 1DIAGNOSTIC,     1, -2.951072752476e-01, inf, 9.9307e+01, 1.9539e+01, 
 1DIAGNOSTIC,     2, -2.959741353989e-01, inf, 1.1219e+02, 1.2882e+01, 
 1DIAGNOSTIC,     3, -2.968615889549e-01, inf, 1.2503e+02, 1.2841e+01, 
 1DIAGNOSTIC,     4, -2.976544499397e-01, inf, 1.3790e+02, 1.2873e+01, 
 1DIAGNOSTIC,     5, -2.983760535717e-01, inf, 1.5083e+02, 1.2922e+01, 
 1DIAGNOSTIC,     6, -2.990323901176e-01, inf, 1.6368e+02, 1.2851e+01, 
 1DIAGNOSTIC,     7, -2.996184527874e-01, inf, 1.7698e+02, 1.3302e+01, 
 1DIAGNOSTIC,     8, -3.000963926315e-01, inf, 1.9030e+02, 1.3322e+01, 
 1DIAGNOSTIC,     9, -3.005214333534e-01, inf, 2.0420e+02, 1.3896e+01, 
 1DIAGNOSTIC,    10, -3.008920550346e-01, 1.246434869245e-03, 2.1751e+02, 1.3315e+01, 
 1DIAGNOSTIC,    11, -3.012106418610e-01, 1.012488850392e-03, 2.3132e+02, 1.3813e+01, 
 1DIAGNOSTIC,    12, -3.015155792236e-01, 8.188984938897e-04, 2.4515e+02, 1.3827e+01, 
 1DIAGNOSTIC,    13, -3.017783164978e-01, 6.646808469668e-04, 2.5916e+02, 1.4011e+01, 
 1DIAGNOSTIC,    14, -3.019825518131e-01, 5.393361789174e-04, 2.7306e+02, 1.3897e+01, 
 1DIAGNOSTIC,    15, -3.021841943264e-01, 4.395500582177e-04, 2.8683e+02, 1.3776e+01, 
 1DIAGNOSTIC,    16, -3.023687601089e-01, 3.614247543737e-04, 3.0073e+02, 1.3894e+01, 
 1DIAGNOSTIC,    17, -3.025353550911e-01, 3.009266220033e-04, 3.1449e+02, 1.3761e+01, 
 1DIAGNOSTIC,    18, -3.026936650276e-01, 2.526448515709e-04, 3.2826e+02, 1.3769e+01, 
 1DIAGNOSTIC,    19, -3.028035163879e-01, 2.125792525476e-04, 3.4199e+02, 1.3735e+01, 
 1DIAGNOSTIC,    20, -3.029313087463e-01, 1.803308987292e-04, 3.5579e+02, 1.3799e+01, 
 1DIAGNOSTIC,    21, -3.030260205269e-01, 1.528596767457e-04, 3.6958e+02, 1.3790e+01, 
 1DIAGNOSTIC,    22, -3.031234145164e-01, 1.308471400989e-04, 3.8351e+02, 1.3927e+01, 
 1DIAGNOSTIC,    23, -3.032383918762e-01, 1.140325985034e-04, 3.9733e+02, 1.3826e+01, 
 1DIAGNOSTIC,    24, -3.033272027969e-01, 9.944105113391e-05, 4.1112e+02, 1.3783e+01, 
 1DIAGNOSTIC,    25, -3.034437000751e-01, 8.871508907760e-05, 4.2485e+02, 1.3737e+01, 
 1DIAGNOSTIC,    26, -3.035625815392e-01, 8.147730841301e-05, 4.3860e+02, 1.3749e+01, 
 1DIAGNOSTIC,    27, -3.036504685879e-01, 7.597623334732e-05, 4.5243e+02, 1.3826e+01, 
 1DIAGNOSTIC,    28, -3.037729263306e-01, 7.321671728278e-05, 4.6622e+02, 1.3789e+01, 
 1DIAGNOSTIC,    29, -3.038541972637e-01, 6.993691931712e-05, 4.7998e+02, 1.3762e+01, 
 1DIAGNOSTIC,    30, -3.039367198944e-01, 6.692429451505e-05, 4.9375e+02, 1.3767e+01, 
 1DIAGNOSTIC,    31, -3.040100932121e-01, 6.292248872342e-05, 5.0763e+02, 1.3878e+01, 
 1DIAGNOSTIC,    32, -3.040958642960e-01, 5.863087426405e-05, 5.2141e+02, 1.3786e+01, 
 1DIAGNOSTIC,    33, -3.041591644287e-01, 5.416615749709e-05, 5.3513e+02, 1.3718e+01, 
 1DIAGNOSTIC,    34, -3.041818141937e-01, 4.794458072865e-05, 5.4892e+02, 1.3793e+01, 
 1DIAGNOSTIC,    35, -3.042159080505e-01, 4.164659185335e-05, 5.6267e+02, 1.3742e+01, 
 1DIAGNOSTIC,    36, -3.042104542255e-01, 3.476263373159e-05, 5.7657e+02, 1.3902e+01, 
 1DIAGNOSTIC,    37, -3.041989505291e-01, 2.691790905374e-05, 5.9030e+02, 1.3737e+01, 
 1DIAGNOSTIC,    38, -3.041235208511e-01, 1.815379073378e-05, 6.0405e+02, 1.3744e+01, 
 1DIAGNOSTIC,    39, -3.041611909866e-01, 1.108919332182e-05, 6.1790e+02, 1.3857e+01, 
 1DIAGNOSTIC,    40, -3.041895031929e-01, 5.941220024397e-06, 6.3168e+02, 1.3772e+01, 
 1DIAGNOSTIC,    41, -3.042445778847e-01, 3.436079850871e-06, 6.4539e+02, 1.3716e+01, 
 1DIAGNOSTIC,    42, -3.042533695698e-01, 2.890459199989e-06, 6.5914e+02, 1.3743e+01, 
 1DIAGNOSTIC,    43, -3.042237758636e-01, 2.941914772236e-06, 6.7289e+02, 1.3750e+01, 
 1DIAGNOSTIC,    44, -3.042068481445e-01, 2.906734835051e-06, 6.8664e+02, 1.3756e+01, 
 1DIAGNOSTIC,    45, -3.041873574257e-01, 2.932913730547e-06, 7.0039e+02, 1.3747e+01, 
 1DIAGNOSTIC,    46, -3.041151165962e-01, 1.134009949055e-06, 7.1428e+02, 1.3894e+01, 
 1DIAGNOSTIC,    47, -3.040591180325e-01, -1.891925080599e-06, 7.2800e+02, 1.3714e+01, 
  Elapsed time (stage 2): 751.8


Total elapsed time: 877

--- Writing output images ---

Using double precision for computations.
Input scalar image: data/Segmentations/1128_3_seg.nii.gz
Reference image: data/template/T_template0_BrainCerebellum.nii.gz
=============================================================================
The composite transform comprises the following transforms (in order): 
  1. /tmp/1971784.1.basic.q/1128_ToTemplate_023_0GenericAffine.mat (type = AffineTransform)
  2. /tmp/1971784.1.basic.q/1128_ToTemplate_023_1Warp.nii.gz (type = DisplacementFieldTransform)
=============================================================================
Default pixel value: 0
Interpolation type: LabelImageGenericInterpolateImageFunction
Output warped image: output/1128/1128_WarpedLabels_023.nii.gz

--- Done ---

