
--- Running on compute-2-13.local ---


--- registration call ---
/data/jet/pcook/bin/antsBuild/bin/antsRegistrationSyNQuick.sh -d 3 -f data/template/T_template0_BrainCerebellum.nii.gz -m data/Brains/1128_3.nii.gz -t s -p f -n 1 -o /tmp/1971781.1.basic.q/1128_ToTemplate_020_
---


--------------------------------------------------------------------------------------
 Mapping parameters
--------------------------------------------------------------------------------------
 ANTSPATH is /data/jet/pcook/bin/antsBuild/bin/

 Dimensionality:           3
 Output name prefix:       /tmp/1971781.1.basic.q/1128_ToTemplate_020_
 Fixed images:             data/template/T_template0_BrainCerebellum.nii.gz
 Moving images:            data/Brains/1128_3.nii.gz
 Mask images:              
 Initial transforms:       
 Number of threads:        1
 Spline distance:          26
 Transform type:           s
 MI histogram bins:        32
 Precision:                f
 Use histogram matching    0
======================================================================================
 antsRegistration call:
--------------------------------------------------------------------------------------
/data/jet/pcook/bin/antsBuild/bin//antsRegistration --verbose 1 --dimensionality 3 --float 1 --collapse-output-transforms 1 --output [/tmp/1971781.1.basic.q/1128_ToTemplate_020_,/tmp/1971781.1.basic.q/1128_ToTemplate_020_Warped.nii.gz,/tmp/1971781.1.basic.q/1128_ToTemplate_020_InverseWarped.nii.gz] --interpolation Linear --use-histogram-matching 0 --winsorize-image-intensities [0.005,0.995] --initial-moving-transform [data/template/T_template0_BrainCerebellum.nii.gz,data/Brains/1128_3.nii.gz,1] --transform Rigid[0.1] --metric MI[data/template/T_template0_BrainCerebellum.nii.gz,data/Brains/1128_3.nii.gz,1,32,Regular,0.25] --convergence [1000x500x250x0,1e-6,10] --shrink-factors 12x8x4x2 --smoothing-sigmas 4x3x2x1vox --transform Affine[0.1] --metric MI[data/template/T_template0_BrainCerebellum.nii.gz,data/Brains/1128_3.nii.gz,1,32,Regular,0.25] --convergence [1000x500x250x0,1e-6,10] --shrink-factors 12x8x4x2 --smoothing-sigmas 4x3x2x1vox --transform SyN[0.1,3,0] --metric MI[data/template/T_template0_BrainCerebellum.nii.gz,data/Brains/1128_3.nii.gz,1,32] --convergence [100x100x70x50x0,1e-6,10] --shrink-factors 10x6x4x2x1 --smoothing-sigmas 5x3x2x1x0vox
--------------------------------------------------------------------------------------
All_Command_lines_OK
Using single precision for computations.
=============================================================================
The composite transform comprises the following transforms (in order): 
  1. Center of mass alignment using fixed image: data/template/T_template0_BrainCerebellum.nii.gz and moving image: data/Brains/1128_3.nii.gz (type = Euler3DTransform)
=============================================================================
  number of levels = 4
  number of levels = 4
  number of levels = 5
  fixed image: data/template/T_template0_BrainCerebellum.nii.gz
  moving image: data/Brains/1128_3.nii.gz
  fixed image: data/template/T_template0_BrainCerebellum.nii.gz
  moving image: data/Brains/1128_3.nii.gz
  fixed image: data/template/T_template0_BrainCerebellum.nii.gz
  moving image: data/Brains/1128_3.nii.gz
Dimension = 3
Number of stages = 3
Use Histogram Matching false
Winsorize image intensities true
Lower quantile = 0.005
Upper quantile = 0.995
Stage 1 State
   Image metric = Mattes
     Fixed image = Image (0x4b2c420)
  RTTI typeinfo:   itk::Image<float, 3u>
  Reference Count: 2
  Modified Time: 1611
  Debug: Off
  Object Name: 
  Observers: 
    none
  Source: (none)
  Source output name: (none)
  Release Data: Off
  Data Released: False
  Global Release Data: Off
  PipelineMTime: 0
  UpdateMTime: 1422
  RealTimeStamp: 0 seconds 
  LargestPossibleRegion: 
    Dimension: 3
    Index: [0, 0, 0]
    Size: [216, 256, 291]
  BufferedRegion: 
    Dimension: 3
    Index: [0, 0, 0]
    Size: [216, 256, 291]
  RequestedRegion: 
    Dimension: 3
    Index: [0, 0, 0]
    Size: [216, 256, 291]
  Spacing: [1, 1, 1]
  Origin: [0, 293, 0]
  Direction: 
1 0 0
0 -0 -1
0 -1 -0

  IndexToPointMatrix: 
1 0 0
0 0 -1
0 -1 0

  PointToIndexMatrix: 
1 0 0
0 0 -1
0 -1 0

  Inverse Direction: 
1 0 0
0 0 -1
0 -1 0

  PixelContainer: 
    ImportImageContainer (0x4b117f0)
      RTTI typeinfo:   itk::ImportImageContainer<unsigned long, float>
      Reference Count: 1
      Modified Time: 1419
      Debug: Off
      Object Name: 
      Observers: 
        none
      Pointer: 0x7f535dc4c010
      Container manages memory: true
      Size: 16091136
      Capacity: 16091136

     Moving image = Image (0x4b2ce60)
  RTTI typeinfo:   itk::Image<float, 3u>
  Reference Count: 2
  Modified Time: 1612
  Debug: Off
  Object Name: 
  Observers: 
    none
  Source: (none)
  Source output name: (none)
  Release Data: Off
  Data Released: False
  Global Release Data: Off
  PipelineMTime: 0
  UpdateMTime: 1609
  RealTimeStamp: 0 seconds 
  LargestPossibleRegion: 
    Dimension: 3
    Index: [0, 0, 0]
    Size: [256, 256, 264]
  BufferedRegion: 
    Dimension: 3
    Index: [0, 0, 0]
    Size: [256, 256, 264]
  RequestedRegion: 
    Dimension: 3
    Index: [0, 0, 0]
    Size: [256, 256, 264]
  Spacing: [1, 1, 1]
  Origin: [0, 263, 0]
  Direction: 
1 0 0
0 -0 -1
0 -1 -0

  IndexToPointMatrix: 
1 0 0
0 0 -1
0 -1 0

  PointToIndexMatrix: 
1 0 0
0 0 -1
0 -1 0

  Inverse Direction: 
1 0 0
0 0 -1
0 -1 0

  PixelContainer: 
    ImportImageContainer (0x4b2f2b0)
      RTTI typeinfo:   itk::ImportImageContainer<unsigned long, float>
      Reference Count: 1
      Modified Time: 1606
      Debug: Off
      Object Name: 
      Observers: 
        none
      Pointer: 0x7f5359a4b010
      Container manages memory: true
      Size: 17301504
      Capacity: 17301504

     Weighting = 1
     Sampling strategy = regular
     Number of bins = 32
     Radius = 4
     Sampling percentage  = 0.25
   Transform = Rigid
     Gradient step = 0.1
     Update field sigma (voxel space) = 0
     Total field sigma (voxel space) = 0
     Update field time sigma = 0
     Total field time sigma  = 0
     Number of time indices = 0
     Number of time point samples = 0
Stage 2 State
   Image metric = Mattes
     Fixed image = Image (0x4b376c0)
  RTTI typeinfo:   itk::Image<float, 3u>
  Reference Count: 2
  Modified Time: 1987
  Debug: Off
  Object Name: 
  Observers: 
    none
  Source: (none)
  Source output name: (none)
  Release Data: Off
  Data Released: False
  Global Release Data: Off
  PipelineMTime: 0
  UpdateMTime: 1798
  RealTimeStamp: 0 seconds 
  LargestPossibleRegion: 
    Dimension: 3
    Index: [0, 0, 0]
    Size: [216, 256, 291]
  BufferedRegion: 
    Dimension: 3
    Index: [0, 0, 0]
    Size: [216, 256, 291]
  RequestedRegion: 
    Dimension: 3
    Index: [0, 0, 0]
    Size: [216, 256, 291]
  Spacing: [1, 1, 1]
  Origin: [0, 293, 0]
  Direction: 
1 0 0
0 -0 -1
0 -1 -0

  IndexToPointMatrix: 
1 0 0
0 0 -1
0 -1 0

  PointToIndexMatrix: 
1 0 0
0 0 -1
0 -1 0

  Inverse Direction: 
1 0 0
0 0 -1
0 -1 0

  PixelContainer: 
    ImportImageContainer (0x4b37f60)
      RTTI typeinfo:   itk::ImportImageContainer<unsigned long, float>
      Reference Count: 1
      Modified Time: 1795
      Debug: Off
      Object Name: 
      Observers: 
        none
      Pointer: 0x7f5355ce8010
      Container manages memory: true
      Size: 16091136
      Capacity: 16091136

     Moving image = Image (0x4b37a50)
  RTTI typeinfo:   itk::Image<float, 3u>
  Reference Count: 2
  Modified Time: 1988
  Debug: Off
  Object Name: 
  Observers: 
    none
  Source: (none)
  Source output name: (none)
  Release Data: Off
  Data Released: False
  Global Release Data: Off
  PipelineMTime: 0
  UpdateMTime: 1985
  RealTimeStamp: 0 seconds 
  LargestPossibleRegion: 
    Dimension: 3
    Index: [0, 0, 0]
    Size: [256, 256, 264]
  BufferedRegion: 
    Dimension: 3
    Index: [0, 0, 0]
    Size: [256, 256, 264]
  RequestedRegion: 
    Dimension: 3
    Index: [0, 0, 0]
    Size: [256, 256, 264]
  Spacing: [1, 1, 1]
  Origin: [0, 263, 0]
  Direction: 
1 0 0
0 -0 -1
0 -1 -0

  IndexToPointMatrix: 
1 0 0
0 0 -1
0 -1 0

  PointToIndexMatrix: 
1 0 0
0 0 -1
0 -1 0

  Inverse Direction: 
1 0 0
0 0 -1
0 -1 0

  PixelContainer: 
    ImportImageContainer (0x4b38950)
      RTTI typeinfo:   itk::ImportImageContainer<unsigned long, float>
      Reference Count: 1
      Modified Time: 1982
      Debug: Off
      Object Name: 
      Observers: 
        none
      Pointer: 0x7f5351ae7010
      Container manages memory: true
      Size: 17301504
      Capacity: 17301504

     Weighting = 1
     Sampling strategy = regular
     Number of bins = 32
     Radius = 4
     Sampling percentage  = 0.25
   Transform = Affine
     Gradient step = 0.1
     Update field sigma (voxel space) = 0
     Total field sigma (voxel space) = 0
     Update field time sigma = 0
     Total field time sigma  = 0
     Number of time indices = 0
     Number of time point samples = 0
Stage 3 State
   Image metric = Mattes
     Fixed image = Image (0x4b3e7b0)
  RTTI typeinfo:   itk::Image<float, 3u>
  Reference Count: 2
  Modified Time: 2363
  Debug: Off
  Object Name: 
  Observers: 
    none
  Source: (none)
  Source output name: (none)
  Release Data: Off
  Data Released: False
  Global Release Data: Off
  PipelineMTime: 0
  UpdateMTime: 2174
  RealTimeStamp: 0 seconds 
  LargestPossibleRegion: 
    Dimension: 3
    Index: [0, 0, 0]
    Size: [216, 256, 291]
  BufferedRegion: 
    Dimension: 3
    Index: [0, 0, 0]
    Size: [216, 256, 291]
  RequestedRegion: 
    Dimension: 3
    Index: [0, 0, 0]
    Size: [216, 256, 291]
  Spacing: [1, 1, 1]
  Origin: [0, 293, 0]
  Direction: 
1 0 0
0 -0 -1
0 -1 -0

  IndexToPointMatrix: 
1 0 0
0 0 -1
0 -1 0

  PointToIndexMatrix: 
1 0 0
0 0 -1
0 -1 0

  Inverse Direction: 
1 0 0
0 0 -1
0 -1 0

  PixelContainer: 
    ImportImageContainer (0x4b3ea40)
      RTTI typeinfo:   itk::ImportImageContainer<unsigned long, float>
      Reference Count: 1
      Modified Time: 2171
      Debug: Off
      Object Name: 
      Observers: 
        none
      Pointer: 0x7f534dd84010
      Container manages memory: true
      Size: 16091136
      Capacity: 16091136

     Moving image = Image (0x4b411b0)
  RTTI typeinfo:   itk::Image<float, 3u>
  Reference Count: 2
  Modified Time: 2364
  Debug: Off
  Object Name: 
  Observers: 
    none
  Source: (none)
  Source output name: (none)
  Release Data: Off
  Data Released: False
  Global Release Data: Off
  PipelineMTime: 0
  UpdateMTime: 2361
  RealTimeStamp: 0 seconds 
  LargestPossibleRegion: 
    Dimension: 3
    Index: [0, 0, 0]
    Size: [256, 256, 264]
  BufferedRegion: 
    Dimension: 3
    Index: [0, 0, 0]
    Size: [256, 256, 264]
  RequestedRegion: 
    Dimension: 3
    Index: [0, 0, 0]
    Size: [256, 256, 264]
  Spacing: [1, 1, 1]
  Origin: [0, 263, 0]
  Direction: 
1 0 0
0 -0 -1
0 -1 -0

  IndexToPointMatrix: 
1 0 0
0 0 -1
0 -1 0

  PointToIndexMatrix: 
1 0 0
0 0 -1
0 -1 0

  Inverse Direction: 
1 0 0
0 0 -1
0 -1 0

  PixelContainer: 
    ImportImageContainer (0x4b3eaa0)
      RTTI typeinfo:   itk::ImportImageContainer<unsigned long, float>
      Reference Count: 1
      Modified Time: 2358
      Debug: Off
      Object Name: 
      Observers: 
        none
      Pointer: 0x7f5349b83010
      Container manages memory: true
      Size: 17301504
      Capacity: 17301504

     Weighting = 1
     Sampling strategy = none
     Number of bins = 32
     Radius = 4
     Sampling percentage  = 1
   Transform = SyN
     Gradient step = 0.1
     Update field sigma (voxel space) = 3
     Total field sigma (voxel space) = 0
     Update field time sigma = 0
     Total field time sigma  = 0
     Number of time indices = 0
     Number of time point samples = 0
Registration using 3 total stages.

Stage 0
  iterations = 1000x500x250x0
  convergence threshold = 1e-06
  convergence window size = 10
  number of levels = 4
  using the Mattes MI metric (number of bins = 32, weight = 1)
  preprocessing:  winsorizing the image intensities
  Shrink factors (level 1 out of 4): [12, 12, 12]
  Shrink factors (level 2 out of 4): [8, 8, 8]
  Shrink factors (level 3 out of 4): [4, 4, 4]
  Shrink factors (level 4 out of 4): [2, 2, 2]
  smoothing sigmas per level: [4, 3, 2, 1]
  regular sampling (percentage = 0.25)

*** Running Euler3DTransform registration ***

DIAGNOSTIC,Iteration,metricValue,convergenceValue,ITERATION_TIME_INDEX,SINCE_LAST
 2DIAGNOSTIC,     1, -4.069589376450e-01, inf, 1.6825e+01, 1.6825e+01, 
 2DIAGNOSTIC,     2, -4.068755507469e-01, inf, 1.6835e+01, 1.0055e-02, 
 2DIAGNOSTIC,     3, -4.077685475349e-01, inf, 1.6846e+01, 1.1705e-02, 
 2DIAGNOSTIC,     4, -4.109792709351e-01, inf, 1.6858e+01, 1.1844e-02, 
 2DIAGNOSTIC,     5, -4.125161468983e-01, inf, 1.6872e+01, 1.3535e-02, 
 2DIAGNOSTIC,     6, -4.137777984142e-01, inf, 1.6883e+01, 1.1524e-02, 
 2DIAGNOSTIC,     7, -4.138610959053e-01, inf, 1.6895e+01, 1.1420e-02, 
 2DIAGNOSTIC,     8, -4.146412909031e-01, inf, 1.6905e+01, 9.8310e-03, 
 2DIAGNOSTIC,     9, -4.144341349602e-01, inf, 1.6916e+01, 1.1511e-02, 
 2DIAGNOSTIC,    10, -4.147591888905e-01, 1.438060426153e-03, 1.6928e+01, 1.2105e-02, 
 2DIAGNOSTIC,    11, -4.149176776409e-01, 1.105530071072e-03, 1.6940e+01, 1.1935e-02, 
 2DIAGNOSTIC,    12, -4.148046076298e-01, 7.201511762105e-04, 1.6950e+01, 1.0340e-02, 
 2DIAGNOSTIC,    13, -4.151432216167e-01, 3.919962618966e-04, 1.6961e+01, 1.0362e-02, 
 2DIAGNOSTIC,    14, -4.167389571667e-01, 3.102325426880e-04, 1.6976e+01, 1.5140e-02, 
 2DIAGNOSTIC,    15, -4.168559014797e-01, 2.839783555828e-04, 1.6986e+01, 1.0390e-02, 
 2DIAGNOSTIC,    16, -4.176292419434e-01, 3.235656768084e-04, 1.6998e+01, 1.1997e-02, 
 2DIAGNOSTIC,    17, -4.186752438545e-01, 3.738854138646e-04, 1.7009e+01, 1.0563e-02, 
 2DIAGNOSTIC,    18, -4.227298200130e-01, 5.676642176695e-04, 1.7027e+01, 1.8621e-02, 
 2DIAGNOSTIC,    19, -4.226521849632e-01, 6.733532645740e-04, 1.7038e+01, 1.0365e-02, 
 2DIAGNOSTIC,    20, -4.224107861519e-01, 7.107573910616e-04, 1.7050e+01, 1.1899e-02, 
 2DIAGNOSTIC,    21, -4.223017096519e-01, 6.830192287453e-04, 1.7060e+01, 1.0293e-02, 
 2DIAGNOSTIC,    22, -4.221903979778e-01, 5.865049315616e-04, 1.7070e+01, 1.0260e-02, 
 2DIAGNOSTIC,    23, -4.222504496574e-01, 4.525079857558e-04, 1.7082e+01, 1.1942e-02, 
 2DIAGNOSTIC,    24, -4.223225414753e-01, 3.351834602654e-04, 1.7093e+01, 1.0303e-02, 
 2DIAGNOSTIC,    25, -4.222930073738e-01, 2.000235836022e-04, 1.7104e+01, 1.1937e-02, 
 2DIAGNOSTIC,    26, -4.224859476089e-01, 8.268612145912e-05, 1.7117e+01, 1.2040e-02, 
 2DIAGNOSTIC,    27, -4.234142005444e-01, 1.321343006566e-05, 1.7139e+01, 2.2285e-02, 
 2DIAGNOSTIC,    28, -4.231842756271e-01, 4.003087815363e-05, 1.7151e+01, 1.2110e-02, 
 2DIAGNOSTIC,    29, -4.230957627296e-01, 5.795040124212e-05, 1.7161e+01, 1.0337e-02, 
 2DIAGNOSTIC,    30, -4.237237572670e-01, 7.844411447877e-05, 1.7172e+01, 1.0333e-02, 
 2DIAGNOSTIC,    31, -4.241813421249e-01, 9.738743392518e-05, 1.7182e+01, 1.0314e-02, 
 2DIAGNOSTIC,    32, -4.244509935379e-01, 1.088601347874e-04, 1.7192e+01, 1.0328e-02, 
 2DIAGNOSTIC,    33, -4.247976243496e-01, 1.179699029308e-04, 1.7203e+01, 1.0287e-02, 
 2DIAGNOSTIC,    34, -4.252450168133e-01, 1.261903817067e-04, 1.7213e+01, 1.0304e-02, 
 2DIAGNOSTIC,    35, -4.259625673294e-01, 1.351015089313e-04, 1.7228e+01, 1.5067e-02, 
 2DIAGNOSTIC,    36, -4.261104464531e-01, 1.362092443742e-04, 1.7241e+01, 1.3453e-02, 
 2DIAGNOSTIC,    37, -4.260116219521e-01, 1.399555185344e-04, 1.7253e+01, 1.1909e-02, 
 2DIAGNOSTIC,    38, -4.262500405312e-01, 1.308623322984e-04, 1.7265e+01, 1.1938e-02, 
 2DIAGNOSTIC,    39, -4.263448119164e-01, 1.095267871278e-04, 1.7275e+01, 1.0294e-02, 
 2DIAGNOSTIC,    40, -4.262425601482e-01, 8.747848914936e-05, 1.7286e+01, 1.0298e-02, 
 2DIAGNOSTIC,    41, -4.261963665485e-01, 6.516301800730e-05, 1.7296e+01, 1.0299e-02, 
 2DIAGNOSTIC,    42, -4.267979860306e-01, 5.196657730266e-05, 1.7310e+01, 1.3436e-02, 
 2DIAGNOSTIC,    43, -4.270097017288e-01, 4.289291609894e-05, 1.7321e+01, 1.1894e-02, 
 2DIAGNOSTIC,    44, -4.268945455551e-01, 3.497948273434e-05, 1.7333e+01, 1.1916e-02, 
 2DIAGNOSTIC,    45, -4.271736443043e-01, 3.935816130252e-05, 1.7344e+01, 1.0526e-02, 
 2DIAGNOSTIC,    46, -4.284716248512e-01, 6.108987872722e-05, 1.7356e+01, 1.2142e-02, 
 2DIAGNOSTIC,    47, -4.285696446896e-01, 7.531621668022e-05, 1.7366e+01, 1.0305e-02, 
 2DIAGNOSTIC,    48, -4.285805225372e-01, 8.540364797227e-05, 1.7378e+01, 1.1865e-02, 
 2DIAGNOSTIC,    49, -4.285894632339e-01, 8.885769784683e-05, 1.7388e+01, 1.0253e-02, 
 2DIAGNOSTIC,    50, -4.286023378372e-01, 8.257201261586e-05, 1.7402e+01, 1.3429e-02, 
 2DIAGNOSTIC,    51, -4.286126196384e-01, 6.767972809030e-05, 1.7412e+01, 1.0250e-02, 
 2DIAGNOSTIC,    52, -4.286178052425e-01, 5.468634844874e-05, 1.7425e+01, 1.3399e-02, 
 2DIAGNOSTIC,    53, -4.286240935326e-01, 4.012645149487e-05, 1.7436e+01, 1.0233e-02, 
 2DIAGNOSTIC,    54, -4.286250174046e-01, 2.100947676809e-05, 1.7449e+01, 1.3380e-02, 
 2DIAGNOSTIC,    55, -4.286299049854e-01, 3.676620281112e-06, 1.7464e+01, 1.4941e-02, 
 2DIAGNOSTIC,    56, -4.286302626133e-01, 2.257586402266e-06, 1.7476e+01, 1.1833e-02, 
 2DIAGNOSTIC,    57, -4.286305904388e-01, 1.888481847345e-06, 1.7486e+01, 1.0250e-02, 
 2DIAGNOSTIC,    58, -4.286312460899e-01, 1.539272489026e-06, 1.7498e+01, 1.1830e-02, 
 2DIAGNOSTIC,    59, -4.286317527294e-01, 1.212797883454e-06, 1.7508e+01, 1.0234e-02, 
DIAGNOSTIC,Iteration,metricValue,convergenceValue,ITERATION_TIME_INDEX,SINCE_LAST
 2DIAGNOSTIC,     1, -3.628435730934e-01, inf, 3.0319e+01, 1.2811e+01, 
 2DIAGNOSTIC,     2, -3.632621467113e-01, inf, 3.0369e+01, 5.0505e-02, 
 2DIAGNOSTIC,     3, -3.637614250183e-01, inf, 3.0420e+01, 5.0184e-02, 
 2DIAGNOSTIC,     4, -3.645083010197e-01, inf, 3.0470e+01, 5.0205e-02, 
 2DIAGNOSTIC,     5, -3.662536144257e-01, inf, 3.0529e+01, 5.9446e-02, 
 2DIAGNOSTIC,     6, -3.669084012508e-01, inf, 3.0644e+01, 1.1430e-01, 
 2DIAGNOSTIC,     7, -3.668751716614e-01, inf, 3.0703e+01, 5.9496e-02, 
 2DIAGNOSTIC,     8, -3.669061362743e-01, inf, 3.0763e+01, 5.9499e-02, 
 2DIAGNOSTIC,     9, -3.668931424618e-01, inf, 3.0813e+01, 5.0069e-02, 
 2DIAGNOSTIC,    10, -3.668930828571e-01, 8.307246025652e-04, 3.0863e+01, 5.0762e-02, 
 2DIAGNOSTIC,    11, -3.669441342354e-01, 5.958643741906e-04, 3.0923e+01, 5.9936e-02, 
 2DIAGNOSTIC,    12, -3.669094741344e-01, 3.732476325240e-04, 3.0974e+01, 5.0584e-02, 
 2DIAGNOSTIC,    13, -3.669160008430e-01, 1.824450300774e-04, 3.1034e+01, 5.9996e-02, 
 2DIAGNOSTIC,    14, -3.669502139091e-01, 4.361314131529e-05, 3.1085e+01, 5.0782e-02, 
 2DIAGNOSTIC,    15, -3.669061958790e-01, 6.595763352379e-06, 3.1145e+01, 6.0370e-02, 
 2DIAGNOSTIC,    16, -3.669338226318e-01, 7.027628726064e-06, 3.1196e+01, 5.0723e-02, 
 2DIAGNOSTIC,    17, -3.670574724674e-01, 1.100808003685e-05, 3.1256e+01, 6.0012e-02, 
 2DIAGNOSTIC,    18, -3.671439290047e-01, 1.864290607045e-05, 3.1316e+01, 5.9945e-02, 
 2DIAGNOSTIC,    19, -3.671321868896e-01, 2.286106246174e-05, 3.1376e+01, 5.9976e-02, 
 2DIAGNOSTIC,    20, -3.671405911446e-01, 2.509446130716e-05, 3.1426e+01, 5.0719e-02, 
 2DIAGNOSTIC,    21, -3.672971725464e-01, 3.266619751230e-05, 3.1486e+01, 6.0030e-02, 
 2DIAGNOSTIC,    22, -3.673164546490e-01, 3.583042416722e-05, 3.1547e+01, 6.0156e-02, 
 2DIAGNOSTIC,    23, -3.673180043697e-01, 3.572525019990e-05, 3.1597e+01, 5.0584e-02, 
 2DIAGNOSTIC,    24, -3.674662113190e-01, 3.850490975310e-05, 3.1648e+01, 5.0603e-02, 
 2DIAGNOSTIC,    25, -3.677867650986e-01, 4.607025402947e-05, 3.1708e+01, 6.0003e-02, 
 2DIAGNOSTIC,    26, -3.679003417492e-01, 5.266783409752e-05, 3.1778e+01, 6.9804e-02, 
 2DIAGNOSTIC,    27, -3.680131435394e-01, 6.070807285141e-05, 3.1948e+01, 1.7063e-01, 
 2DIAGNOSTIC,    28, -3.680132329464e-01, 6.511183892144e-05, 3.2008e+01, 5.9920e-02, 
 2DIAGNOSTIC,    29, -3.680138587952e-01, 6.291174940998e-05, 3.2068e+01, 5.9911e-02, 
 2DIAGNOSTIC,    30, -3.680150508881e-01, 5.503552165464e-05, 3.2128e+01, 6.0182e-02, 
 2DIAGNOSTIC,    31, -3.680164813995e-01, 4.646822344512e-05, 3.2179e+01, 5.0807e-02, 
 2DIAGNOSTIC,    32, -3.680187165737e-01, 3.476583151496e-05, 3.2230e+01, 5.0701e-02, 
 2DIAGNOSTIC,    33, -3.680239617825e-01, 2.075551128655e-05, 3.2290e+01, 5.9940e-02, 
 2DIAGNOSTIC,    34, -3.680289983749e-01, 9.045816113940e-06, 3.2340e+01, 5.0754e-02, 
 2DIAGNOSTIC,    35, -3.679961860180e-01, 3.561351377357e-06, 3.2400e+01, 5.9956e-02, 
DIAGNOSTIC,Iteration,metricValue,convergenceValue,ITERATION_TIME_INDEX,SINCE_LAST
 2DIAGNOSTIC,     1, -3.040185272694e-01, inf, 4.0793e+01, 8.3925e+00, 
 2DIAGNOSTIC,     2, -3.043444752693e-01, inf, 4.1199e+01, 4.0644e-01, 
 2DIAGNOSTIC,     3, -3.047344088554e-01, inf, 4.1608e+01, 4.0889e-01, 
 2DIAGNOSTIC,     4, -3.050596415997e-01, inf, 4.2100e+01, 4.9148e-01, 
 2DIAGNOSTIC,     5, -3.050826787949e-01, inf, 4.2591e+01, 4.9095e-01, 
 2DIAGNOSTIC,     6, -3.050994873047e-01, inf, 4.3163e+01, 5.7223e-01, 
 2DIAGNOSTIC,     7, -3.050976395607e-01, inf, 4.3654e+01, 4.9138e-01, 
 2DIAGNOSTIC,     8, -3.051034212112e-01, inf, 4.4147e+01, 4.9279e-01, 
 2DIAGNOSTIC,     9, -3.051070868969e-01, inf, 4.4643e+01, 4.9631e-01, 
 2DIAGNOSTIC,    10, -3.051091134548e-01, 1.930202415679e-04, 4.5056e+01, 4.1273e-01, 
 2DIAGNOSTIC,    11, -3.051152229309e-01, 9.956199210137e-05, 4.5719e+01, 6.6253e-01, 
 2DIAGNOSTIC,    12, -3.051137626171e-01, 3.768158057937e-05, 4.6212e+01, 4.9327e-01, 
 2DIAGNOSTIC,    13, -3.051151335239e-01, 9.593260983820e-06, 4.6712e+01, 4.9961e-01, 
 2DIAGNOSTIC,    14, -3.051128089428e-01, 6.331834356388e-06, 4.7124e+01, 4.1274e-01, 
 2DIAGNOSTIC,    15, -3.051111698151e-01, 4.438285486685e-06, 4.7541e+01, 4.1652e-01, 
 2DIAGNOSTIC,    16, -3.051191270351e-01, 4.018520940008e-06, 4.7956e+01, 4.1511e-01, 
 2DIAGNOSTIC,    17, -3.051317334175e-01, 4.030390755361e-06, 4.8369e+01, 4.1260e-01, 
 2DIAGNOSTIC,    18, -3.051349818707e-01, 4.294488917367e-06, 4.8862e+01, 4.9379e-01, 
 2DIAGNOSTIC,    19, -3.051441907883e-01, 4.938894107909e-06, 4.9358e+01, 4.9583e-01, 
 2DIAGNOSTIC,    20, -3.051437735558e-01, 5.282003712637e-06, 4.9768e+01, 4.0979e-01, 
 2DIAGNOSTIC,    21, -3.051386773586e-01, 5.294502898323e-06, 5.0176e+01, 4.0826e-01, 
 2DIAGNOSTIC,    22, -3.051597774029e-01, 5.782339485449e-06, 5.0674e+01, 4.9788e-01, 
 2DIAGNOSTIC,    23, -3.051747083664e-01, 6.456865776272e-06, 5.1168e+01, 4.9347e-01, 
 2DIAGNOSTIC,    24, -3.051922619343e-01, 7.187950814114e-06, 5.1662e+01, 4.9481e-01, 
 2DIAGNOSTIC,    25, -3.051983416080e-01, 7.475196525775e-06, 5.2156e+01, 4.9381e-01, 
 2DIAGNOSTIC,    26, -3.052119314671e-01, 7.933304004837e-06, 5.2647e+01, 4.9117e-01, 
 2DIAGNOSTIC,    27, -3.051981031895e-01, 7.669196747884e-06, 5.3140e+01, 4.9267e-01, 
 2DIAGNOSTIC,    28, -3.051973283291e-01, 6.891050816193e-06, 5.3549e+01, 4.0907e-01, 
 2DIAGNOSTIC,    29, -3.052082657814e-01, 6.270241101447e-06, 5.4044e+01, 4.9510e-01, 
 2DIAGNOSTIC,    30, -3.052014708519e-01, 4.973948762199e-06, 5.4539e+01, 4.9500e-01, 
 2DIAGNOSTIC,    31, -3.052131235600e-01, 3.587173523556e-06, 5.5115e+01, 5.7605e-01, 
 2DIAGNOSTIC,    32, -3.052131831646e-01, 2.655575599420e-06, 5.5692e+01, 5.7644e-01, 
 2DIAGNOSTIC,    33, -3.052040636539e-01, 1.782559479580e-06, 5.6182e+01, 4.9024e-01, 
 2DIAGNOSTIC,    34, -3.052017390728e-01, 1.302143800785e-06, 5.6676e+01, 4.9391e-01, 
DIAGNOSTIC,Iteration,metricValue,convergenceValue,ITERATION_TIME_INDEX,SINCE_LAST
 2DIAGNOSTIC,     1, -2.618558406830e-01, inf, 6.5168e+01, 8.4923e+00, 
  Elapsed time (stage 0): 6.6868e+01


Stage 1
  iterations = 1000x500x250x0
  convergence threshold = 1.0000e-06
  convergence window size = 10
  number of levels = 4
  using the Mattes MI metric (number of bins = 32, weight = 1.0000e+00)
  preprocessing:  winsorizing the image intensities
  Shrink factors (level 1 out of 4): [12, 12, 12]
  Shrink factors (level 2 out of 4): [8, 8, 8]
  Shrink factors (level 3 out of 4): [4, 4, 4]
  Shrink factors (level 4 out of 4): [2, 2, 2]
  smoothing sigmas per level: [4, 3, 2, 1]
  regular sampling (percentage = 2.5000e-01)

*** Running AffineTransform registration ***

DIAGNOSTIC,Iteration,metricValue,convergenceValue,ITERATION_TIME_INDEX,SINCE_LAST
 2DIAGNOSTIC,     1, -4.212950170040e-01, inf, 1.6705e+01, 1.6705e+01, 
 2DIAGNOSTIC,     2, -4.223679304123e-01, inf, 1.6719e+01, 1.3665e-02, 
 2DIAGNOSTIC,     3, -4.240587651730e-01, inf, 1.6732e+01, 1.3448e-02, 
 2DIAGNOSTIC,     4, -4.262612462044e-01, inf, 1.6745e+01, 1.3432e-02, 
 2DIAGNOSTIC,     5, -4.297342598438e-01, inf, 1.6761e+01, 1.5101e-02, 
 2DIAGNOSTIC,     6, -4.333509802818e-01, inf, 1.6774e+01, 1.3709e-02, 
 2DIAGNOSTIC,     7, -4.400655627251e-01, inf, 1.6789e+01, 1.4500e-02, 
 2DIAGNOSTIC,     8, -4.550610482693e-01, inf, 1.6805e+01, 1.6410e-02, 
 2DIAGNOSTIC,     9, -4.595690965652e-01, inf, 1.6821e+01, 1.5999e-02, 
 2DIAGNOSTIC,    10, -4.629449844360e-01, 6.692085880786e-03, 1.6838e+01, 1.6950e-02, 
 2DIAGNOSTIC,    11, -4.743258357048e-01, 7.168027106673e-03, 1.6855e+01, 1.7088e-02, 
 2DIAGNOSTIC,    12, -4.778960049152e-01, 7.144629955292e-03, 1.6876e+01, 2.1012e-02, 
 2DIAGNOSTIC,    13, -4.790419638157e-01, 6.613406818360e-03, 1.6893e+01, 1.6770e-02, 
 2DIAGNOSTIC,    14, -4.820542037487e-01, 5.803544074297e-03, 1.6910e+01, 1.6758e-02, 
 2DIAGNOSTIC,    15, -4.834009408951e-01, 4.787173587829e-03, 1.6928e+01, 1.8352e-02, 
 2DIAGNOSTIC,    16, -4.836371541023e-01, 3.614739980549e-03, 1.6943e+01, 1.4640e-02, 
 2DIAGNOSTIC,    17, -4.841375946999e-01, 2.508813049644e-03, 1.6958e+01, 1.4814e-02, 
 2DIAGNOSTIC,    18, -4.845003187656e-01, 1.835248898715e-03, 1.6981e+01, 2.3745e-02, 
 2DIAGNOSTIC,    19, -4.845878779888e-01, 1.218494609930e-03, 1.6998e+01, 1.6460e-02, 
 2DIAGNOSTIC,    20, -4.847395718098e-01, 6.541185430251e-04, 1.7014e+01, 1.6225e-02, 
 2DIAGNOSTIC,    21, -4.845836162567e-01, 4.139072552789e-04, 1.7029e+01, 1.4695e-02, 
 2DIAGNOSTIC,    22, -4.845211505890e-01, 2.569281787146e-04, 1.7043e+01, 1.4645e-02, 
 2DIAGNOSTIC,    23, -4.845875799656e-01, 1.208259127452e-04, 1.7058e+01, 1.4766e-02, 
 2DIAGNOSTIC,    24, -4.846623837948e-01, 6.329981260933e-05, 1.7073e+01, 1.4692e-02, 
 2DIAGNOSTIC,    25, -4.845938682556e-01, 3.605787424021e-05, 1.7091e+01, 1.8113e-02, 
 2DIAGNOSTIC,    26, -4.847948253155e-01, 1.794985109882e-05, 1.7107e+01, 1.6429e-02, 
 2DIAGNOSTIC,    27, -4.848437309265e-01, 1.182923824672e-05, 1.7124e+01, 1.6346e-02, 
 2DIAGNOSTIC,    28, -4.847561120987e-01, 1.104853799916e-05, 1.7138e+01, 1.4618e-02, 
 2DIAGNOSTIC,    29, -4.846365153790e-01, 8.676610377734e-06, 1.7153e+01, 1.4729e-02, 
 2DIAGNOSTIC,    30, -4.847081601620e-01, 1.044108103088e-05, 1.7168e+01, 1.4694e-02, 
 2DIAGNOSTIC,    31, -4.848480224609e-01, 1.080278707377e-05, 1.7184e+01, 1.6496e-02, 
 2DIAGNOSTIC,    32, -4.848924279213e-01, 9.716892236611e-06, 1.7203e+01, 1.8267e-02, 
 2DIAGNOSTIC,    33, -4.849754571915e-01, 1.068361598300e-05, 1.7217e+01, 1.4803e-02, 
 2DIAGNOSTIC,    34, -4.849000871181e-01, 1.079980665963e-05, 1.7232e+01, 1.4824e-02, 
 2DIAGNOSTIC,    35, -4.849475324154e-01, 9.542523002892e-06, 1.7253e+01, 2.0594e-02, 
 2DIAGNOSTIC,    36, -4.854433238506e-01, 1.908581361931e-05, 1.7268e+01, 1.5007e-02, 
 2DIAGNOSTIC,    37, -4.856230318546e-01, 2.986434992636e-05, 1.7283e+01, 1.4884e-02, 
 2DIAGNOSTIC,    38, -4.857939481735e-01, 3.873089735862e-05, 1.7303e+01, 2.0079e-02, 
 2DIAGNOSTIC,    39, -4.858713746071e-01, 4.297192936065e-05, 1.7317e+01, 1.4790e-02, 
 2DIAGNOSTIC,    40, -4.859033226967e-01, 4.451181666809e-05, 1.7332e+01, 1.4691e-02, 
 2DIAGNOSTIC,    41, -4.859219193459e-01, 4.401557089295e-05, 1.7350e+01, 1.8207e-02, 
 2DIAGNOSTIC,    42, -4.862843751907e-01, 4.514036118053e-05, 1.7365e+01, 1.4635e-02, 
 2DIAGNOSTIC,    43, -4.863283336163e-01, 4.371207978693e-05, 1.7387e+01, 2.1762e-02, 
 2DIAGNOSTIC,    44, -4.863311648369e-01, 3.737903898582e-05, 1.7401e+01, 1.4452e-02, 
 2DIAGNOSTIC,    45, -4.863522052765e-01, 2.869494892366e-05, 1.7416e+01, 1.4640e-02, 
 2DIAGNOSTIC,    46, -4.863635897636e-01, 2.428690277156e-05, 1.7431e+01, 1.4666e-02, 
 2DIAGNOSTIC,    47, -4.863706827164e-01, 2.007111288549e-05, 1.7445e+01, 1.4694e-02, 
 2DIAGNOSTIC,    48, -4.863893985748e-01, 1.650390368013e-05, 1.7463e+01, 1.8219e-02, 
 2DIAGNOSTIC,    49, -4.863928556442e-01, 1.261511351913e-05, 1.7478e+01, 1.4758e-02, 
 2DIAGNOSTIC,    50, -4.864081144333e-01, 8.357837941730e-06, 1.7498e+01, 2.0062e-02, 
 2DIAGNOSTIC,    51, -4.864115417004e-01, 3.671246986414e-06, 1.7513e+01, 1.4761e-02, 
 2DIAGNOSTIC,    52, -4.864192903042e-01, 3.121765075775e-06, 1.7528e+01, 1.4639e-02, 
 2DIAGNOSTIC,    53, -4.864325821400e-01, 3.000121751029e-06, 1.7542e+01, 1.4697e-02, 
 2DIAGNOSTIC,    54, -4.864479303360e-01, 2.846597681128e-06, 1.7561e+01, 1.8205e-02, 
 2DIAGNOSTIC,    55, -4.864581525326e-01, 2.818546818162e-06, 1.7580e+01, 1.9884e-02, 
 2DIAGNOSTIC,    56, -4.864595234394e-01, 2.713958565437e-06, 1.7595e+01, 1.4750e-02, 
 2DIAGNOSTIC,    57, -4.864747524261e-01, 2.640589400471e-06, 1.7612e+01, 1.6299e-02, 
 2DIAGNOSTIC,    58, -4.864826798439e-01, 2.640340198923e-06, 1.7626e+01, 1.4807e-02, 
 2DIAGNOSTIC,    59, -4.864934682846e-01, 2.577556642791e-06, 1.7641e+01, 1.4638e-02, 
 2DIAGNOSTIC,    60, -4.865050017834e-01, 2.588122924863e-06, 1.7659e+01, 1.8175e-02, 
 2DIAGNOSTIC,    61, -4.865114986897e-01, 2.498301682863e-06, 1.7674e+01, 1.4758e-02, 
 2DIAGNOSTIC,    62, -4.865228235722e-01, 2.403555072306e-06, 1.7688e+01, 1.4575e-02, 
 2DIAGNOSTIC,    63, -4.865375161171e-01, 2.389781457168e-06, 1.7707e+01, 1.8250e-02, 
 2DIAGNOSTIC,    64, -4.865430593491e-01, 2.385892003076e-06, 1.7721e+01, 1.4725e-02, 
 2DIAGNOSTIC,    65, -4.865579009056e-01, 2.432526343910e-06, 1.7738e+01, 1.6157e-02, 
 2DIAGNOSTIC,    66, -4.865713119507e-01, 2.420332748443e-06, 1.7754e+01, 1.6087e-02, 
 2DIAGNOSTIC,    67, -4.865792691708e-01, 2.425776528980e-06, 1.7772e+01, 1.7877e-02, 
 2DIAGNOSTIC,    68, -4.866093695164e-01, 2.574551899670e-06, 1.7786e+01, 1.4380e-02, 
 2DIAGNOSTIC,    69, -4.866195023060e-01, 2.689831035241e-06, 1.7800e+01, 1.4405e-02, 
 2DIAGNOSTIC,    70, -4.866375029087e-01, 2.838949285433e-06, 1.7816e+01, 1.6103e-02, 
 2DIAGNOSTIC,    71, -4.866453111172e-01, 2.872048980862e-06, 1.7834e+01, 1.7877e-02, 
 2DIAGNOSTIC,    72, -4.866625368595e-01, 2.904581606344e-06, 1.7850e+01, 1.6127e-02, 
 2DIAGNOSTIC,    73, -4.866731166840e-01, 2.901315610870e-06, 1.7865e+01, 1.4715e-02, 
 2DIAGNOSTIC,    74, -4.870662093163e-01, 5.854624760104e-06, 1.7882e+01, 1.6407e-02, 
 2DIAGNOSTIC,    75, -4.882124066353e-01, 1.730351141305e-05, 1.7902e+01, 2.0093e-02, 
 2DIAGNOSTIC,    76, -4.882602393627e-01, 2.707790372369e-05, 1.7917e+01, 1.4877e-02, 
 2DIAGNOSTIC,    77, -4.884360134602e-01, 3.557506715879e-05, 1.7931e+01, 1.4808e-02, 
 2DIAGNOSTIC,    78, -4.884446859360e-01, 4.084672764293e-05, 1.7946e+01, 1.4419e-02, 
 2DIAGNOSTIC,    79, -4.884573221207e-01, 4.218583490001e-05, 1.7966e+01, 1.9886e-02, 
 2DIAGNOSTIC,    80, -4.884617328644e-01, 3.948759331251e-05, 1.7980e+01, 1.4691e-02, 
 2DIAGNOSTIC,    81, -4.884655177593e-01, 3.317035952932e-05, 1.7995e+01, 1.4663e-02, 
 2DIAGNOSTIC,    82, -4.884716570377e-01, 2.415839662717e-05, 1.8010e+01, 1.4650e-02, 
 2DIAGNOSTIC,    83, -4.884795546532e-01, 1.322063690168e-05, 1.8024e+01, 1.4659e-02, 
 2DIAGNOSTIC,    84, -4.884941875935e-01, 3.972332706326e-06, 1.8048e+01, 2.3405e-02, 
 2DIAGNOSTIC,    85, -4.884960949421e-01, 2.598931359898e-06, 1.8062e+01, 1.4706e-02, 
 2DIAGNOSTIC,    86, -4.884985089302e-01, 1.357898327115e-06, 1.8077e+01, 1.4656e-02, 
 2DIAGNOSTIC,    87, -4.885035157204e-01, 1.280809442505e-06, 1.8092e+01, 1.4607e-02, 
 2DIAGNOSTIC,    88, -4.885105192661e-01, 1.219375576511e-06, 1.8106e+01, 1.4575e-02, 
 2DIAGNOSTIC,    89, -4.885208606720e-01, 1.227275333804e-06, 1.8130e+01, 2.3330e-02, 
 2DIAGNOSTIC,    90, -4.885272979736e-01, 1.221872707902e-06, 1.8144e+01, 1.4647e-02, 
 2DIAGNOSTIC,    91, -4.885300099850e-01, 1.176325440611e-06, 1.8159e+01, 1.4614e-02, 
 2DIAGNOSTIC,    92, -4.885364174843e-01, 1.133181854129e-06, 1.8175e+01, 1.6389e-02, 
 2DIAGNOSTIC,    93, -4.885377585888e-01, 1.070387611435e-06, 1.8192e+01, 1.6431e-02, 
 2DIAGNOSTIC,    94, -4.885436892509e-01, 1.067760990736e-06, 1.8212e+01, 1.9917e-02, 
 2DIAGNOSTIC,    95, -4.885466992855e-01, 1.025088749884e-06, 1.8226e+01, 1.4576e-02, 
DIAGNOSTIC,Iteration,metricValue,convergenceValue,ITERATION_TIME_INDEX,SINCE_LAST
 2DIAGNOSTIC,     1, -4.183808267117e-01, inf, 3.1134e+01, 1.2908e+01, 
 2DIAGNOSTIC,     2, -4.187435209751e-01, inf, 3.1202e+01, 6.7838e-02, 
 2DIAGNOSTIC,     3, -4.191867113113e-01, inf, 3.1270e+01, 6.8065e-02, 
 2DIAGNOSTIC,     4, -4.195074439049e-01, inf, 3.1337e+01, 6.7435e-02, 
 2DIAGNOSTIC,     5, -4.199836552143e-01, inf, 3.1404e+01, 6.7030e-02, 
 2DIAGNOSTIC,     6, -4.207264184952e-01, inf, 3.1471e+01, 6.6926e-02, 
 2DIAGNOSTIC,     7, -4.219518899918e-01, inf, 3.1560e+01, 8.8650e-02, 
 2DIAGNOSTIC,     8, -4.223226010799e-01, inf, 3.1680e+01, 1.2074e-01, 
 2DIAGNOSTIC,     9, -4.224220216274e-01, inf, 3.1747e+01, 6.6967e-02, 
 2DIAGNOSTIC,    10, -4.227629005909e-01, 7.506205583923e-04, 3.1815e+01, 6.7859e-02, 
 2DIAGNOSTIC,    11, -4.232423007488e-01, 6.760076503269e-04, 3.1883e+01, 6.7328e-02, 
 2DIAGNOSTIC,    12, -4.234739243984e-01, 5.850672605447e-04, 3.1950e+01, 6.7571e-02, 
 2DIAGNOSTIC,    13, -4.238945245743e-01, 5.005305283703e-04, 3.2017e+01, 6.6963e-02, 
 2DIAGNOSTIC,    14, -4.245593547821e-01, 4.308010393288e-04, 3.2094e+01, 7.7131e-02, 
 2DIAGNOSTIC,    15, -4.250080585480e-01, 3.720232925843e-04, 3.2204e+01, 1.1001e-01, 
 2DIAGNOSTIC,    16, -4.252295792103e-01, 3.257574862801e-04, 3.2271e+01, 6.6516e-02, 
 2DIAGNOSTIC,    17, -4.254177212715e-01, 3.111063560937e-04, 3.2339e+01, 6.7965e-02, 
 2DIAGNOSTIC,    18, -4.257062375546e-01, 2.942946157418e-04, 3.2450e+01, 1.1119e-01, 
 2DIAGNOSTIC,    19, -4.258585274220e-01, 2.604718320072e-04, 3.2517e+01, 6.7228e-02, 
 2DIAGNOSTIC,    20, -4.258645474911e-01, 2.172494860133e-04, 3.2585e+01, 6.7332e-02, 
 2DIAGNOSTIC,    21, -4.259085655212e-01, 1.751461823005e-04, 3.2653e+01, 6.8273e-02, 
 2DIAGNOSTIC,    22, -4.259989559650e-01, 1.305082550971e-04, 3.2732e+01, 7.9005e-02, 
 2DIAGNOSTIC,    23, -4.261371791363e-01, 9.349540778203e-05, 3.2832e+01, 9.9935e-02, 
 2DIAGNOSTIC,    24, -4.261737465858e-01, 7.021764031379e-05, 3.2899e+01, 6.7340e-02, 
 2DIAGNOSTIC,    25, -4.262495934963e-01, 5.648244768963e-05, 3.2966e+01, 6.7341e-02, 
 2DIAGNOSTIC,    26, -4.262804687023e-01, 4.513434396358e-05, 3.3066e+01, 9.9563e-02, 
 2DIAGNOSTIC,    27, -4.263472557068e-01, 3.663548704935e-05, 3.3134e+01, 6.8138e-02, 
 2DIAGNOSTIC,    28, -4.263626337051e-01, 3.252447640989e-05, 3.3202e+01, 6.7682e-02, 
 2DIAGNOSTIC,    29, -4.263843297958e-01, 2.978855991387e-05, 3.3281e+01, 7.8769e-02, 
 2DIAGNOSTIC,    30, -4.264470934868e-01, 2.608834620332e-05, 3.3380e+01, 9.9321e-02, 
 2DIAGNOSTIC,    31, -4.264598786831e-01, 2.143074016203e-05, 3.3447e+01, 6.7366e-02, 
 2DIAGNOSTIC,    32, -4.264718592167e-01, 1.721788066789e-05, 3.3525e+01, 7.7705e-02, 
 2DIAGNOSTIC,    33, -4.264812767506e-01, 1.473420434195e-05, 3.3603e+01, 7.8308e-02, 
 2DIAGNOSTIC,    34, -4.264909625053e-01, 1.197683559440e-05, 3.3672e+01, 6.8680e-02, 
 2DIAGNOSTIC,    35, -4.265022277832e-01, 9.977811714634e-06, 3.3741e+01, 6.8729e-02, 
 2DIAGNOSTIC,    36, -4.265989959240e-01, 9.567499546392e-06, 3.3841e+01, 9.9926e-02, 
 2DIAGNOSTIC,    37, -4.266074895859e-01, 9.681497431302e-06, 3.3908e+01, 6.7719e-02, 
 2DIAGNOSTIC,    38, -4.265753626823e-01, 8.676013749209e-06, 3.3986e+01, 7.7271e-02, 
 2DIAGNOSTIC,    39, -4.265834391117e-01, 7.502406333515e-06, 3.4052e+01, 6.6835e-02, 
 2DIAGNOSTIC,    40, -4.265955686569e-01, 6.984848823777e-06, 3.4120e+01, 6.7392e-02, 
 2DIAGNOSTIC,    41, -4.266069233418e-01, 6.254859272303e-06, 3.4219e+01, 9.9327e-02, 
 2DIAGNOSTIC,    42, -4.266157150269e-01, 5.361619059840e-06, 3.4297e+01, 7.7975e-02, 
 2DIAGNOSTIC,    43, -4.266207516193e-01, 4.326659563958e-06, 3.4364e+01, 6.6900e-02, 
 2DIAGNOSTIC,    44, -4.265880584717e-01, 2.662804945430e-06, 3.4452e+01, 8.8162e-02, 
 2DIAGNOSTIC,    45, -4.265933930874e-01, 1.100088638850e-06, 3.4520e+01, 6.7688e-02, 
 2DIAGNOSTIC,    46, -4.265980720520e-01, 1.025763708640e-06, 3.4588e+01, 6.7899e-02, 
 2DIAGNOSTIC,    47, -4.266507625580e-01, 1.799461301744e-06, 3.4667e+01, 7.8716e-02, 
 2DIAGNOSTIC,    48, -4.266711771488e-01, 2.252774493172e-06, 3.4767e+01, 1.0020e-01, 
 2DIAGNOSTIC,    49, -4.266582727432e-01, 2.477337375240e-06, 3.4834e+01, 6.7485e-02, 
 2DIAGNOSTIC,    50, -4.267064929008e-01, 3.343169737491e-06, 3.4901e+01, 6.7279e-02, 
 2DIAGNOSTIC,    51, -4.267096221447e-01, 4.076344794157e-06, 3.4968e+01, 6.6936e-02, 
 2DIAGNOSTIC,    52, -4.267179369926e-01, 4.655382781493e-06, 3.5079e+01, 1.1018e-01, 
 2DIAGNOSTIC,    53, -4.267187416553e-01, 4.913133125228e-06, 3.5146e+01, 6.7560e-02, 
 2DIAGNOSTIC,    54, -4.267202317715e-01, 4.371689556137e-06, 3.5214e+01, 6.7394e-02, 
 2DIAGNOSTIC,    55, -4.267241656780e-01, 3.601586286095e-06, 3.5281e+01, 6.7523e-02, 
 2DIAGNOSTIC,    56, -4.267292618752e-01, 2.663811756065e-06, 3.5348e+01, 6.6711e-02, 
 2DIAGNOSTIC,    57, -4.267436861992e-01, 2.342776951991e-06, 3.5457e+01, 1.0913e-01, 
 2DIAGNOSTIC,    58, -4.267455935478e-01, 2.126404751834e-06, 3.5524e+01, 6.7309e-02, 
 2DIAGNOSTIC,    59, -4.267497658730e-01, 1.655040250625e-06, 3.5591e+01, 6.7252e-02, 
 2DIAGNOSTIC,    60, -4.267595410347e-01, 1.739084609653e-06, 3.5669e+01, 7.7777e-02, 
 2DIAGNOSTIC,    61, -4.267617464066e-01, 1.756569076861e-06, 3.5747e+01, 7.7582e-02, 
 2DIAGNOSTIC,    62, -4.268116950989e-01, 2.281806018800e-06, 3.5834e+01, 8.7409e-02, 
 2DIAGNOSTIC,    63, -4.268562495708e-01, 3.087973254878e-06, 3.5901e+01, 6.6879e-02, 
 2DIAGNOSTIC,    64, -4.268599748611e-01, 3.668855015349e-06, 3.5968e+01, 6.7218e-02, 
 2DIAGNOSTIC,    65, -4.268662035465e-01, 4.042415184813e-06, 3.6036e+01, 6.7365e-02, 
 2DIAGNOSTIC,    66, -4.268697500229e-01, 4.150089807808e-06, 3.6124e+01, 8.8552e-02, 
 2DIAGNOSTIC,    67, -4.268785119057e-01, 4.124193765165e-06, 3.6213e+01, 8.8586e-02, 
 2DIAGNOSTIC,    68, -4.268812537193e-01, 3.783114379985e-06, 3.6280e+01, 6.6679e-02, 
 2DIAGNOSTIC,    69, -4.268850386143e-01, 3.213360287191e-06, 3.6357e+01, 7.7142e-02, 
 2DIAGNOSTIC,    70, -4.268884658813e-01, 2.532163989599e-06, 3.6424e+01, 6.7000e-02, 
 2DIAGNOSTIC,    71, -4.268521666527e-01, 1.340260041616e-06, 3.6491e+01, 6.7286e-02, 
DIAGNOSTIC,Iteration,metricValue,convergenceValue,ITERATION_TIME_INDEX,SINCE_LAST
 2DIAGNOSTIC,     1, -3.518300950527e-01, inf, 4.4953e+01, 8.4625e+00, 
 2DIAGNOSTIC,     2, -3.521133661270e-01, inf, 4.5481e+01, 5.2737e-01, 
 2DIAGNOSTIC,     3, -3.523580133915e-01, inf, 4.6015e+01, 5.3409e-01, 
 2DIAGNOSTIC,     4, -3.525732755661e-01, inf, 4.6547e+01, 5.3215e-01, 
 2DIAGNOSTIC,     5, -3.527708053589e-01, inf, 4.7080e+01, 5.3313e-01, 
 2DIAGNOSTIC,     6, -3.530084490776e-01, inf, 4.7618e+01, 5.3742e-01, 
 2DIAGNOSTIC,     7, -3.534476757050e-01, inf, 4.8153e+01, 5.3493e-01, 
 2DIAGNOSTIC,     8, -3.538083732128e-01, inf, 4.8951e+01, 7.9847e-01, 
 2DIAGNOSTIC,     9, -3.539755642414e-01, inf, 4.9567e+01, 6.1608e-01, 
 2DIAGNOSTIC,    10, -3.540022373199e-01, 4.270758945495e-04, 5.0186e+01, 6.1908e-01, 
 2DIAGNOSTIC,    11, -3.541301190853e-01, 3.683754766826e-04, 5.0884e+01, 6.9754e-01, 
 2DIAGNOSTIC,    12, -3.541562855244e-01, 3.067025681958e-04, 5.1505e+01, 6.2131e-01, 
 2DIAGNOSTIC,    13, -3.541623950005e-01, 2.421772514936e-04, 5.2128e+01, 6.2283e-01, 
 2DIAGNOSTIC,    14, -3.541597127914e-01, 1.774691772880e-04, 5.2744e+01, 6.1572e-01, 
 2DIAGNOSTIC,    15, -3.541621267796e-01, 1.163182460004e-04, 5.3361e+01, 6.1713e-01, 
 2DIAGNOSTIC,    16, -3.541530668736e-01, 6.344962457661e-05, 5.3979e+01, 6.1829e-01, 
 2DIAGNOSTIC,    17, -3.541542887688e-01, 3.158142499160e-05, 5.4594e+01, 6.1483e-01, 
 2DIAGNOSTIC,    18, -3.541484177113e-01, 1.624517244636e-05, 5.5297e+01, 7.0295e-01, 
 2DIAGNOSTIC,    19, -3.541463613510e-01, 8.224738849094e-06, 5.5830e+01, 5.3340e-01, 
 2DIAGNOSTIC,    20, -3.541380763054e-01, 1.008068579722e-06, 5.6444e+01, 6.1363e-01, 
DIAGNOSTIC,Iteration,metricValue,convergenceValue,ITERATION_TIME_INDEX,SINCE_LAST
 2DIAGNOSTIC,     1, -3.034376502037e-01, inf, 6.5661e+01, 9.2175e+00, 
  Elapsed time (stage 1): 6.7354e+01


Stage 2
  iterations = 100x100x70x50x0
  convergence threshold = 1.0000e-06
  convergence window size = 10
  number of levels = 5
  using the Mattes MI metric (number of bins = 32, weight = 1.0000e+00)
  preprocessing:  winsorizing the image intensities
  Shrink factors (level 1 out of 5): [10, 10, 10]
  Shrink factors (level 2 out of 5): [6, 6, 6]
  Shrink factors (level 3 out of 5): [4, 4, 4]
  Shrink factors (level 4 out of 5): [2, 2, 2]
  Shrink factors (level 5 out of 5): [1, 1, 1]
  smoothing sigmas per level: [5, 3, 2, 1, 0]
  Using default NONE metricSamplingStrategy 

*** Running SyN registration (varianceForUpdateField = 3.0000e+00, varianceForTotalField = 0.0000e+00) ***

XXDIAGNOSTIC,Iteration,metricValue,convergenceValue,ITERATION_TIME_INDEX,SINCE_LAST
 1DIAGNOSTIC,     1, -4.950283169746e-01, inf, 2.9656e+01, 2.9656e+01, 
 1DIAGNOSTIC,     2, -5.092115998268e-01, inf, 2.9809e+01, 1.5355e-01, 
 1DIAGNOSTIC,     3, -5.232701301575e-01, inf, 2.9959e+01, 1.5026e-01, 
 1DIAGNOSTIC,     4, -5.303010940552e-01, inf, 3.0106e+01, 1.4653e-01, 
 1DIAGNOSTIC,     5, -5.321139693260e-01, inf, 3.0253e+01, 1.4671e-01, 
 1DIAGNOSTIC,     6, -5.329695940018e-01, inf, 3.0399e+01, 1.4645e-01, 
 1DIAGNOSTIC,     7, -5.320175886154e-01, inf, 3.0546e+01, 1.4677e-01, 
 1DIAGNOSTIC,     8, -5.299552679062e-01, inf, 3.0694e+01, 1.4758e-01, 
 1DIAGNOSTIC,     9, -5.268577933311e-01, inf, 3.0841e+01, 1.4718e-01, 
 1DIAGNOSTIC,    10, -5.251489877701e-01, 2.780396258458e-03, 3.0988e+01, 1.4710e-01, 
 1DIAGNOSTIC,    11, -5.225841403008e-01, 5.669966922142e-04, 3.1137e+01, 1.4879e-01, 
 1DIAGNOSTIC,    12, -5.187628269196e-01, -8.725005318411e-04, 3.1284e+01, 1.4769e-01, 
XXDIAGNOSTIC,Iteration,metricValue,convergenceValue,ITERATION_TIME_INDEX,SINCE_LAST
 1DIAGNOSTIC,     1, -4.078806638718e-01, inf, 4.4621e+01, 1.3336e+01, 
 1DIAGNOSTIC,     2, -4.100457429886e-01, inf, 4.5199e+01, 5.7851e-01, 
 1DIAGNOSTIC,     3, -4.118531942368e-01, inf, 4.5778e+01, 5.7890e-01, 
 1DIAGNOSTIC,     4, -4.127590060234e-01, inf, 4.6358e+01, 5.7970e-01, 
 1DIAGNOSTIC,     5, -4.131392538548e-01, inf, 4.6937e+01, 5.7896e-01, 
 1DIAGNOSTIC,     6, -4.127024412155e-01, inf, 4.7515e+01, 5.7814e-01, 
 1DIAGNOSTIC,     7, -4.124901890755e-01, inf, 4.8098e+01, 5.8321e-01, 
 1DIAGNOSTIC,     8, -4.116352200508e-01, inf, 4.8697e+01, 5.9879e-01, 
 1DIAGNOSTIC,     9, -4.111813306808e-01, inf, 4.9277e+01, 5.7972e-01, 
 1DIAGNOSTIC,    10, -4.103159308434e-01, 2.157232956961e-04, 4.9856e+01, 5.7891e-01, 
 1DIAGNOSTIC,    11, -4.097525477409e-01, -2.158005809179e-04, 5.0435e+01, 5.7923e-01, 
XXDIAGNOSTIC,Iteration,metricValue,convergenceValue,ITERATION_TIME_INDEX,SINCE_LAST
 1DIAGNOSTIC,     1, -3.486290574074e-01, inf, 6.0134e+01, 9.6995e+00, 
 1DIAGNOSTIC,     2, -3.493495583534e-01, inf, 6.2041e+01, 1.9064e+00, 
 1DIAGNOSTIC,     3, -3.497970104218e-01, inf, 6.3835e+01, 1.7945e+00, 
 1DIAGNOSTIC,     4, -3.501141667366e-01, inf, 6.5642e+01, 1.8068e+00, 
 1DIAGNOSTIC,     5, -3.503252863884e-01, inf, 6.7459e+01, 1.8167e+00, 
 1DIAGNOSTIC,     6, -3.503774702549e-01, inf, 6.9253e+01, 1.7938e+00, 
 1DIAGNOSTIC,     7, -3.500945568085e-01, inf, 7.1057e+01, 1.8048e+00, 
 1DIAGNOSTIC,     8, -3.499304950237e-01, inf, 7.2854e+01, 1.7964e+00, 
 1DIAGNOSTIC,     9, -3.496062755585e-01, inf, 7.4645e+01, 1.7908e+00, 
 1DIAGNOSTIC,    10, -3.492411971092e-01, 7.872672722442e-05, 7.6453e+01, 1.8082e+00, 
 1DIAGNOSTIC,    11, -3.488228321075e-01, -1.153276680270e-04, 7.8247e+01, 1.7938e+00, 
XXDIAGNOSTIC,Iteration,metricValue,convergenceValue,ITERATION_TIME_INDEX,SINCE_LAST
 1DIAGNOSTIC,     1, -2.937028408051e-01, inf, 9.7789e+01, 1.9542e+01, 
 1DIAGNOSTIC,     2, -2.945572733879e-01, inf, 1.1064e+02, 1.2848e+01, 
 1DIAGNOSTIC,     3, -2.954160869122e-01, inf, 1.2352e+02, 1.2885e+01, 
 1DIAGNOSTIC,     4, -2.962043881416e-01, inf, 1.3647e+02, 1.2948e+01, 
 1DIAGNOSTIC,     5, -2.968965768814e-01, inf, 1.4932e+02, 1.2851e+01, 
 1DIAGNOSTIC,     6, -2.974331378937e-01, inf, 1.6235e+02, 1.3032e+01, 
 1DIAGNOSTIC,     7, -2.979080379009e-01, inf, 1.7519e+02, 1.2839e+01, 
 1DIAGNOSTIC,     8, -2.983407080173e-01, inf, 1.8806e+02, 1.2865e+01, 
 1DIAGNOSTIC,     9, -2.988091111183e-01, inf, 2.0162e+02, 1.3563e+01, 
 1DIAGNOSTIC,    10, -2.992022633553e-01, 1.166577683762e-03, 2.1452e+02, 1.2904e+01, 
 1DIAGNOSTIC,    11, -2.995271682739e-01, 9.472758392803e-04, 2.2841e+02, 1.3891e+01, 
 1DIAGNOSTIC,    12, -2.998676598072e-01, 7.743121241219e-04, 2.4221e+02, 1.3797e+01, 
 1DIAGNOSTIC,    13, -3.001590967178e-01, 6.418566918001e-04, 2.5576e+02, 1.3548e+01, 
 1DIAGNOSTIC,    14, -3.003961443901e-01, 5.392599850893e-04, 2.6952e+02, 1.3758e+01, 
 1DIAGNOSTIC,    15, -3.006563782692e-01, 4.613763012458e-04, 2.8342e+02, 1.3903e+01, 
 1DIAGNOSTIC,    16, -3.009166419506e-01, 3.981529443990e-04, 2.9728e+02, 1.3862e+01, 
 1DIAGNOSTIC,    17, -3.011232018471e-01, 3.436664119363e-04, 3.1111e+02, 1.3829e+01, 
 1DIAGNOSTIC,    18, -3.013361096382e-01, 2.973949303851e-04, 3.2487e+02, 1.3758e+01, 
 1DIAGNOSTIC,    19, -3.015245199203e-01, 2.611881645862e-04, 3.3861e+02, 1.3739e+01, 
 1DIAGNOSTIC,    20, -3.017274141312e-01, 2.325806854060e-04, 3.5241e+02, 1.3801e+01, 
 1DIAGNOSTIC,    21, -3.018812239170e-01, 2.064956206596e-04, 3.6621e+02, 1.3800e+01, 
 1DIAGNOSTIC,    22, -3.020392060280e-01, 1.849694381235e-04, 3.7994e+02, 1.3736e+01, 
 1DIAGNOSTIC,    23, -3.021460771561e-01, 1.644587900955e-04, 3.9390e+02, 1.3960e+01, 
 1DIAGNOSTIC,    24, -3.022181987762e-01, 1.424521760782e-04, 4.0773e+02, 1.3828e+01, 
 1DIAGNOSTIC,    25, -3.022620677948e-01, 1.203533465741e-04, 4.2148e+02, 1.3747e+01, 
 1DIAGNOSTIC,    26, -3.022537529469e-01, 9.786386362975e-05, 4.3518e+02, 1.3699e+01, 
 1DIAGNOSTIC,    27, -3.022669553757e-01, 7.559729419881e-05, 4.4891e+02, 1.3732e+01, 
 1DIAGNOSTIC,    28, -3.023222684860e-01, 5.690304897144e-05, 4.6265e+02, 1.3735e+01, 
 1DIAGNOSTIC,    29, -3.023558259010e-01, 4.134467963013e-05, 4.7636e+02, 1.3710e+01, 
 1DIAGNOSTIC,    30, -3.024215102196e-01, 3.145388473058e-05, 4.9008e+02, 1.3721e+01, 
 1DIAGNOSTIC,    31, -3.025436997414e-01, 2.768178455881e-05, 5.0410e+02, 1.4027e+01, 
 1DIAGNOSTIC,    32, -3.026024103165e-01, 2.791654151224e-05, 5.1789e+02, 1.3790e+01, 
 1DIAGNOSTIC,    33, -3.026958405972e-01, 3.127623494947e-05, 5.3162e+02, 1.3730e+01, 
 1DIAGNOSTIC,    34, -3.027673959732e-01, 3.550057226676e-05, 5.4535e+02, 1.3726e+01, 
 1DIAGNOSTIC,    35, -3.027948141098e-01, 3.811636634055e-05, 5.5907e+02, 1.3721e+01, 
 1DIAGNOSTIC,    36, -3.028247356415e-01, 3.761409971048e-05, 5.7292e+02, 1.3845e+01, 
 1DIAGNOSTIC,    37, -3.028565645218e-01, 3.476354686427e-05, 5.8662e+02, 1.3703e+01, 
 1DIAGNOSTIC,    38, -3.028457462788e-01, 2.993525959027e-05, 6.0042e+02, 1.3803e+01, 
 1DIAGNOSTIC,    39, -3.028292059898e-01, 2.299857078469e-05, 6.1416e+02, 1.3736e+01, 
 1DIAGNOSTIC,    40, -3.028147816658e-01, 1.547848842165e-05, 6.2809e+02, 1.3930e+01, 
 1DIAGNOSTIC,    41, -3.027732372284e-01, 8.784786587057e-06, 6.4200e+02, 1.3916e+01, 
 1DIAGNOSTIC,    42, -3.027450442314e-01, 2.306850319655e-06, 6.5582e+02, 1.3811e+01, 
 1DIAGNOSTIC,    43, -3.027040064335e-01, -2.886825996029e-06, 6.6955e+02, 1.3735e+01, 
  Elapsed time (stage 2): 693.3


Total elapsed time: 827.6

--- Writing output images ---

Using double precision for computations.
Input scalar image: data/Segmentations/1128_3_seg.nii.gz
Reference image: data/template/T_template0_BrainCerebellum.nii.gz
=============================================================================
The composite transform comprises the following transforms (in order): 
  1. /tmp/1971781.1.basic.q/1128_ToTemplate_020_0GenericAffine.mat (type = AffineTransform)
  2. /tmp/1971781.1.basic.q/1128_ToTemplate_020_1Warp.nii.gz (type = DisplacementFieldTransform)
=============================================================================
Default pixel value: 0
Interpolation type: LabelImageGenericInterpolateImageFunction
Output warped image: output/1128/1128_WarpedLabels_020.nii.gz

--- Done ---

