
--- Running on compute-2-9.local ---


--- registration call ---
/data/jet/pcook/bin/antsBuild/bin/antsRegistrationSyNQuick.sh -d 3 -f data/template/T_template0_BrainCerebellum.nii.gz -m data/Brains/1128_3.nii.gz -t s -p f -n 1 -o /tmp/1971770.1.basic.q/1128_ToTemplate_009_
---


--------------------------------------------------------------------------------------
 Mapping parameters
--------------------------------------------------------------------------------------
 ANTSPATH is /data/jet/pcook/bin/antsBuild/bin/

 Dimensionality:           3
 Output name prefix:       /tmp/1971770.1.basic.q/1128_ToTemplate_009_
 Fixed images:             data/template/T_template0_BrainCerebellum.nii.gz
 Moving images:            data/Brains/1128_3.nii.gz
 Mask images:              
 Initial transforms:       
 Number of threads:        1
 Spline distance:          26
 Transform type:           s
 MI histogram bins:        32
 Precision:                f
 Use histogram matching    0
======================================================================================
 antsRegistration call:
--------------------------------------------------------------------------------------
/data/jet/pcook/bin/antsBuild/bin//antsRegistration --verbose 1 --dimensionality 3 --float 1 --collapse-output-transforms 1 --output [/tmp/1971770.1.basic.q/1128_ToTemplate_009_,/tmp/1971770.1.basic.q/1128_ToTemplate_009_Warped.nii.gz,/tmp/1971770.1.basic.q/1128_ToTemplate_009_InverseWarped.nii.gz] --interpolation Linear --use-histogram-matching 0 --winsorize-image-intensities [0.005,0.995] --initial-moving-transform [data/template/T_template0_BrainCerebellum.nii.gz,data/Brains/1128_3.nii.gz,1] --transform Rigid[0.1] --metric MI[data/template/T_template0_BrainCerebellum.nii.gz,data/Brains/1128_3.nii.gz,1,32,Regular,0.25] --convergence [1000x500x250x0,1e-6,10] --shrink-factors 12x8x4x2 --smoothing-sigmas 4x3x2x1vox --transform Affine[0.1] --metric MI[data/template/T_template0_BrainCerebellum.nii.gz,data/Brains/1128_3.nii.gz,1,32,Regular,0.25] --convergence [1000x500x250x0,1e-6,10] --shrink-factors 12x8x4x2 --smoothing-sigmas 4x3x2x1vox --transform SyN[0.1,3,0] --metric MI[data/template/T_template0_BrainCerebellum.nii.gz,data/Brains/1128_3.nii.gz,1,32] --convergence [100x100x70x50x0,1e-6,10] --shrink-factors 10x6x4x2x1 --smoothing-sigmas 5x3x2x1x0vox
--------------------------------------------------------------------------------------
All_Command_lines_OK
Using single precision for computations.
=============================================================================
The composite transform comprises the following transforms (in order): 
  1. Center of mass alignment using fixed image: data/template/T_template0_BrainCerebellum.nii.gz and moving image: data/Brains/1128_3.nii.gz (type = Euler3DTransform)
=============================================================================
  number of levels = 4
  number of levels = 4
  number of levels = 5
  fixed image: data/template/T_template0_BrainCerebellum.nii.gz
  moving image: data/Brains/1128_3.nii.gz
  fixed image: data/template/T_template0_BrainCerebellum.nii.gz
  moving image: data/Brains/1128_3.nii.gz
  fixed image: data/template/T_template0_BrainCerebellum.nii.gz
  moving image: data/Brains/1128_3.nii.gz
Dimension = 3
Number of stages = 3
Use Histogram Matching false
Winsorize image intensities true
Lower quantile = 0.005
Upper quantile = 0.995
Stage 1 State
   Image metric = Mattes
     Fixed image = Image (0x37c9420)
  RTTI typeinfo:   itk::Image<float, 3u>
  Reference Count: 2
  Modified Time: 1611
  Debug: Off
  Object Name: 
  Observers: 
    none
  Source: (none)
  Source output name: (none)
  Release Data: Off
  Data Released: False
  Global Release Data: Off
  PipelineMTime: 0
  UpdateMTime: 1422
  RealTimeStamp: 0 seconds 
  LargestPossibleRegion: 
    Dimension: 3
    Index: [0, 0, 0]
    Size: [216, 256, 291]
  BufferedRegion: 
    Dimension: 3
    Index: [0, 0, 0]
    Size: [216, 256, 291]
  RequestedRegion: 
    Dimension: 3
    Index: [0, 0, 0]
    Size: [216, 256, 291]
  Spacing: [1, 1, 1]
  Origin: [0, 293, 0]
  Direction: 
1 0 0
0 -0 -1
0 -1 -0

  IndexToPointMatrix: 
1 0 0
0 0 -1
0 -1 0

  PointToIndexMatrix: 
1 0 0
0 0 -1
0 -1 0

  Inverse Direction: 
1 0 0
0 0 -1
0 -1 0

  PixelContainer: 
    ImportImageContainer (0x37ae7f0)
      RTTI typeinfo:   itk::ImportImageContainer<unsigned long, float>
      Reference Count: 1
      Modified Time: 1419
      Debug: Off
      Object Name: 
      Observers: 
        none
      Pointer: 0x7f4ca7a04010
      Container manages memory: true
      Size: 16091136
      Capacity: 16091136

     Moving image = Image (0x37c9e60)
  RTTI typeinfo:   itk::Image<float, 3u>
  Reference Count: 2
  Modified Time: 1612
  Debug: Off
  Object Name: 
  Observers: 
    none
  Source: (none)
  Source output name: (none)
  Release Data: Off
  Data Released: False
  Global Release Data: Off
  PipelineMTime: 0
  UpdateMTime: 1609
  RealTimeStamp: 0 seconds 
  LargestPossibleRegion: 
    Dimension: 3
    Index: [0, 0, 0]
    Size: [256, 256, 264]
  BufferedRegion: 
    Dimension: 3
    Index: [0, 0, 0]
    Size: [256, 256, 264]
  RequestedRegion: 
    Dimension: 3
    Index: [0, 0, 0]
    Size: [256, 256, 264]
  Spacing: [1, 1, 1]
  Origin: [0, 263, 0]
  Direction: 
1 0 0
0 -0 -1
0 -1 -0

  IndexToPointMatrix: 
1 0 0
0 0 -1
0 -1 0

  PointToIndexMatrix: 
1 0 0
0 0 -1
0 -1 0

  Inverse Direction: 
1 0 0
0 0 -1
0 -1 0

  PixelContainer: 
    ImportImageContainer (0x37cc2b0)
      RTTI typeinfo:   itk::ImportImageContainer<unsigned long, float>
      Reference Count: 1
      Modified Time: 1606
      Debug: Off
      Object Name: 
      Observers: 
        none
      Pointer: 0x7f4ca3803010
      Container manages memory: true
      Size: 17301504
      Capacity: 17301504

     Weighting = 1
     Sampling strategy = regular
     Number of bins = 32
     Radius = 4
     Sampling percentage  = 0.25
   Transform = Rigid
     Gradient step = 0.1
     Update field sigma (voxel space) = 0
     Total field sigma (voxel space) = 0
     Update field time sigma = 0
     Total field time sigma  = 0
     Number of time indices = 0
     Number of time point samples = 0
Stage 2 State
   Image metric = Mattes
     Fixed image = Image (0x37d46c0)
  RTTI typeinfo:   itk::Image<float, 3u>
  Reference Count: 2
  Modified Time: 1987
  Debug: Off
  Object Name: 
  Observers: 
    none
  Source: (none)
  Source output name: (none)
  Release Data: Off
  Data Released: False
  Global Release Data: Off
  PipelineMTime: 0
  UpdateMTime: 1798
  RealTimeStamp: 0 seconds 
  LargestPossibleRegion: 
    Dimension: 3
    Index: [0, 0, 0]
    Size: [216, 256, 291]
  BufferedRegion: 
    Dimension: 3
    Index: [0, 0, 0]
    Size: [216, 256, 291]
  RequestedRegion: 
    Dimension: 3
    Index: [0, 0, 0]
    Size: [216, 256, 291]
  Spacing: [1, 1, 1]
  Origin: [0, 293, 0]
  Direction: 
1 0 0
0 -0 -1
0 -1 -0

  IndexToPointMatrix: 
1 0 0
0 0 -1
0 -1 0

  PointToIndexMatrix: 
1 0 0
0 0 -1
0 -1 0

  Inverse Direction: 
1 0 0
0 0 -1
0 -1 0

  PixelContainer: 
    ImportImageContainer (0x37d4f60)
      RTTI typeinfo:   itk::ImportImageContainer<unsigned long, float>
      Reference Count: 1
      Modified Time: 1795
      Debug: Off
      Object Name: 
      Observers: 
        none
      Pointer: 0x7f4c9faa0010
      Container manages memory: true
      Size: 16091136
      Capacity: 16091136

     Moving image = Image (0x37d4a50)
  RTTI typeinfo:   itk::Image<float, 3u>
  Reference Count: 2
  Modified Time: 1988
  Debug: Off
  Object Name: 
  Observers: 
    none
  Source: (none)
  Source output name: (none)
  Release Data: Off
  Data Released: False
  Global Release Data: Off
  PipelineMTime: 0
  UpdateMTime: 1985
  RealTimeStamp: 0 seconds 
  LargestPossibleRegion: 
    Dimension: 3
    Index: [0, 0, 0]
    Size: [256, 256, 264]
  BufferedRegion: 
    Dimension: 3
    Index: [0, 0, 0]
    Size: [256, 256, 264]
  RequestedRegion: 
    Dimension: 3
    Index: [0, 0, 0]
    Size: [256, 256, 264]
  Spacing: [1, 1, 1]
  Origin: [0, 263, 0]
  Direction: 
1 0 0
0 -0 -1
0 -1 -0

  IndexToPointMatrix: 
1 0 0
0 0 -1
0 -1 0

  PointToIndexMatrix: 
1 0 0
0 0 -1
0 -1 0

  Inverse Direction: 
1 0 0
0 0 -1
0 -1 0

  PixelContainer: 
    ImportImageContainer (0x37d5950)
      RTTI typeinfo:   itk::ImportImageContainer<unsigned long, float>
      Reference Count: 1
      Modified Time: 1982
      Debug: Off
      Object Name: 
      Observers: 
        none
      Pointer: 0x7f4c9b89f010
      Container manages memory: true
      Size: 17301504
      Capacity: 17301504

     Weighting = 1
     Sampling strategy = regular
     Number of bins = 32
     Radius = 4
     Sampling percentage  = 0.25
   Transform = Affine
     Gradient step = 0.1
     Update field sigma (voxel space) = 0
     Total field sigma (voxel space) = 0
     Update field time sigma = 0
     Total field time sigma  = 0
     Number of time indices = 0
     Number of time point samples = 0
Stage 3 State
   Image metric = Mattes
     Fixed image = Image (0x37db7b0)
  RTTI typeinfo:   itk::Image<float, 3u>
  Reference Count: 2
  Modified Time: 2363
  Debug: Off
  Object Name: 
  Observers: 
    none
  Source: (none)
  Source output name: (none)
  Release Data: Off
  Data Released: False
  Global Release Data: Off
  PipelineMTime: 0
  UpdateMTime: 2174
  RealTimeStamp: 0 seconds 
  LargestPossibleRegion: 
    Dimension: 3
    Index: [0, 0, 0]
    Size: [216, 256, 291]
  BufferedRegion: 
    Dimension: 3
    Index: [0, 0, 0]
    Size: [216, 256, 291]
  RequestedRegion: 
    Dimension: 3
    Index: [0, 0, 0]
    Size: [216, 256, 291]
  Spacing: [1, 1, 1]
  Origin: [0, 293, 0]
  Direction: 
1 0 0
0 -0 -1
0 -1 -0

  IndexToPointMatrix: 
1 0 0
0 0 -1
0 -1 0

  PointToIndexMatrix: 
1 0 0
0 0 -1
0 -1 0

  Inverse Direction: 
1 0 0
0 0 -1
0 -1 0

  PixelContainer: 
    ImportImageContainer (0x37dba40)
      RTTI typeinfo:   itk::ImportImageContainer<unsigned long, float>
      Reference Count: 1
      Modified Time: 2171
      Debug: Off
      Object Name: 
      Observers: 
        none
      Pointer: 0x7f4c97b3c010
      Container manages memory: true
      Size: 16091136
      Capacity: 16091136

     Moving image = Image (0x37de1b0)
  RTTI typeinfo:   itk::Image<float, 3u>
  Reference Count: 2
  Modified Time: 2364
  Debug: Off
  Object Name: 
  Observers: 
    none
  Source: (none)
  Source output name: (none)
  Release Data: Off
  Data Released: False
  Global Release Data: Off
  PipelineMTime: 0
  UpdateMTime: 2361
  RealTimeStamp: 0 seconds 
  LargestPossibleRegion: 
    Dimension: 3
    Index: [0, 0, 0]
    Size: [256, 256, 264]
  BufferedRegion: 
    Dimension: 3
    Index: [0, 0, 0]
    Size: [256, 256, 264]
  RequestedRegion: 
    Dimension: 3
    Index: [0, 0, 0]
    Size: [256, 256, 264]
  Spacing: [1, 1, 1]
  Origin: [0, 263, 0]
  Direction: 
1 0 0
0 -0 -1
0 -1 -0

  IndexToPointMatrix: 
1 0 0
0 0 -1
0 -1 0

  PointToIndexMatrix: 
1 0 0
0 0 -1
0 -1 0

  Inverse Direction: 
1 0 0
0 0 -1
0 -1 0

  PixelContainer: 
    ImportImageContainer (0x37dbaa0)
      RTTI typeinfo:   itk::ImportImageContainer<unsigned long, float>
      Reference Count: 1
      Modified Time: 2358
      Debug: Off
      Object Name: 
      Observers: 
        none
      Pointer: 0x7f4c9393b010
      Container manages memory: true
      Size: 17301504
      Capacity: 17301504

     Weighting = 1
     Sampling strategy = none
     Number of bins = 32
     Radius = 4
     Sampling percentage  = 1
   Transform = SyN
     Gradient step = 0.1
     Update field sigma (voxel space) = 3
     Total field sigma (voxel space) = 0
     Update field time sigma = 0
     Total field time sigma  = 0
     Number of time indices = 0
     Number of time point samples = 0
Registration using 3 total stages.

Stage 0
  iterations = 1000x500x250x0
  convergence threshold = 1e-06
  convergence window size = 10
  number of levels = 4
  using the Mattes MI metric (number of bins = 32, weight = 1)
  preprocessing:  winsorizing the image intensities
  Shrink factors (level 1 out of 4): [12, 12, 12]
  Shrink factors (level 2 out of 4): [8, 8, 8]
  Shrink factors (level 3 out of 4): [4, 4, 4]
  Shrink factors (level 4 out of 4): [2, 2, 2]
  smoothing sigmas per level: [4, 3, 2, 1]
  regular sampling (percentage = 0.25)

*** Running Euler3DTransform registration ***

DIAGNOSTIC,Iteration,metricValue,convergenceValue,ITERATION_TIME_INDEX,SINCE_LAST
 2DIAGNOSTIC,     1, -4.190385341644e-01, inf, 1.6863e+01, 1.6863e+01, 
 2DIAGNOSTIC,     2, -4.205769598484e-01, inf, 1.6873e+01, 1.0003e-02, 
 2DIAGNOSTIC,     3, -4.215059280396e-01, inf, 1.6883e+01, 9.8150e-03, 
 2DIAGNOSTIC,     4, -4.225113093853e-01, inf, 1.6892e+01, 9.8569e-03, 
 2DIAGNOSTIC,     5, -4.230610132217e-01, inf, 1.6902e+01, 9.7699e-03, 
 2DIAGNOSTIC,     6, -4.231067895889e-01, inf, 1.6912e+01, 9.7880e-03, 
 2DIAGNOSTIC,     7, -4.233515560627e-01, inf, 1.6925e+01, 1.2934e-02, 
 2DIAGNOSTIC,     8, -4.233737587929e-01, inf, 1.6935e+01, 9.7880e-03, 
 2DIAGNOSTIC,     9, -4.236270785332e-01, inf, 1.6948e+01, 1.2940e-02, 
 2DIAGNOSTIC,    10, -4.236976504326e-01, 6.111179827712e-04, 1.6960e+01, 1.2038e-02, 
 2DIAGNOSTIC,    11, -4.235693514347e-01, 3.622969088610e-04, 1.6973e+01, 1.3449e-02, 
 2DIAGNOSTIC,    12, -4.234651029110e-01, 2.031372860074e-04, 1.6985e+01, 1.1889e-02, 
 2DIAGNOSTIC,    13, -4.233251810074e-01, 9.013835369842e-05, 1.6995e+01, 1.0292e-02, 
 2DIAGNOSTIC,    14, -4.231925308704e-01, 2.653061528690e-05, 1.7006e+01, 1.0259e-02, 
DIAGNOSTIC,Iteration,metricValue,convergenceValue,ITERATION_TIME_INDEX,SINCE_LAST
 2DIAGNOSTIC,     1, -3.554349541664e-01, inf, 2.9848e+01, 1.2843e+01, 
 2DIAGNOSTIC,     2, -3.560948371887e-01, inf, 2.9899e+01, 5.0545e-02, 
 2DIAGNOSTIC,     3, -3.569743633270e-01, inf, 2.9949e+01, 5.0538e-02, 
 2DIAGNOSTIC,     4, -3.577741086483e-01, inf, 3.0018e+01, 6.9136e-02, 
 2DIAGNOSTIC,     5, -3.576904535294e-01, inf, 3.0078e+01, 5.9885e-02, 
 2DIAGNOSTIC,     6, -3.577308654785e-01, inf, 3.0129e+01, 5.0576e-02, 
 2DIAGNOSTIC,     7, -3.578107059002e-01, inf, 3.0189e+01, 5.9869e-02, 
 2DIAGNOSTIC,     8, -3.580935001373e-01, inf, 3.0258e+01, 6.9134e-02, 
 2DIAGNOSTIC,     9, -3.580803275108e-01, inf, 3.0318e+01, 5.9828e-02, 
 2DIAGNOSTIC,    10, -3.580515086651e-01, 4.135977069382e-04, 3.0378e+01, 6.0497e-02, 
 2DIAGNOSTIC,    11, -3.580845594406e-01, 2.448302111588e-04, 3.0432e+01, 5.3681e-02, 
 2DIAGNOSTIC,    12, -3.580649793148e-01, 1.235767267644e-04, 3.0484e+01, 5.1908e-02, 
 2DIAGNOSTIC,    13, -3.581889271736e-01, 6.974524876568e-05, 3.0535e+01, 5.1389e-02, 
 2DIAGNOSTIC,    14, -3.582717776299e-01, 6.762209523004e-05, 3.0596e+01, 6.0567e-02, 
 2DIAGNOSTIC,    15, -3.585248291492e-01, 6.898053106852e-05, 3.0656e+01, 6.0559e-02, 
 2DIAGNOSTIC,    16, -3.584546148777e-01, 6.237674824661e-05, 3.0717e+01, 6.0918e-02, 
 2DIAGNOSTIC,    17, -3.585253059864e-01, 5.790545765194e-05, 3.0778e+01, 6.0578e-02, 
 2DIAGNOSTIC,    18, -3.584670722485e-01, 5.864467311767e-05, 3.0838e+01, 6.0569e-02, 
 2DIAGNOSTIC,    19, -3.585022091866e-01, 5.493139906321e-05, 3.0899e+01, 6.0634e-02, 
 2DIAGNOSTIC,    20, -3.585056662560e-01, 4.547479693429e-05, 3.0960e+01, 6.0515e-02, 
 2DIAGNOSTIC,    21, -3.585396111012e-01, 3.546998050297e-05, 3.1020e+01, 6.0586e-02, 
 2DIAGNOSTIC,    22, -3.585648834705e-01, 2.343000232941e-05, 3.1081e+01, 6.0664e-02, 
 2DIAGNOSTIC,    23, -3.586190938950e-01, 1.652729588386e-05, 3.1132e+01, 5.1258e-02, 
 2DIAGNOSTIC,    24, -3.586677610874e-01, 1.286633505515e-05, 3.1202e+01, 6.9852e-02, 
 2DIAGNOSTIC,    25, -3.588228225708e-01, 2.141436198144e-05, 3.1272e+01, 6.9789e-02, 
 2DIAGNOSTIC,    26, -3.588373661041e-01, 2.553262675065e-05, 3.1342e+01, 6.9863e-02, 
 2DIAGNOSTIC,    27, -3.588064908981e-01, 2.833335383912e-05, 3.1402e+01, 6.0539e-02, 
 2DIAGNOSTIC,    28, -3.587746620178e-01, 2.587618655525e-05, 3.1453e+01, 5.1196e-02, 
 2DIAGNOSTIC,    29, -3.587471246719e-01, 2.145764119632e-05, 3.1505e+01, 5.1275e-02, 
 2DIAGNOSTIC,    30, -3.588002920151e-01, 1.683454502199e-05, 3.1565e+01, 6.0426e-02, 
 2DIAGNOSTIC,    31, -3.588101565838e-01, 1.207826790051e-05, 3.1625e+01, 6.0459e-02, 
 2DIAGNOSTIC,    32, -3.587469160557e-01, 5.682362825610e-06, 3.1677e+01, 5.1401e-02, 
 2DIAGNOSTIC,    33, -3.587669730186e-01, 1.118226350627e-06, 3.1729e+01, 5.1805e-02, 
DIAGNOSTIC,Iteration,metricValue,convergenceValue,ITERATION_TIME_INDEX,SINCE_LAST
 2DIAGNOSTIC,     1, -2.988183200359e-01, inf, 4.0055e+01, 8.3264e+00, 
 2DIAGNOSTIC,     2, -2.991389632225e-01, inf, 4.0466e+01, 4.1051e-01, 
 2DIAGNOSTIC,     3, -2.996546626091e-01, inf, 4.0876e+01, 4.1057e-01, 
 2DIAGNOSTIC,     4, -3.000832498074e-01, inf, 4.1449e+01, 5.7301e-01, 
 2DIAGNOSTIC,     5, -3.001176416874e-01, inf, 4.1941e+01, 4.9156e-01, 
 2DIAGNOSTIC,     6, -3.001365661621e-01, inf, 4.2351e+01, 4.0996e-01, 
 2DIAGNOSTIC,     7, -3.002004921436e-01, inf, 4.2762e+01, 4.1155e-01, 
 2DIAGNOSTIC,     8, -3.003157377243e-01, inf, 4.3172e+01, 4.0936e-01, 
 2DIAGNOSTIC,     9, -3.005320429802e-01, inf, 4.3581e+01, 4.0964e-01, 
 2DIAGNOSTIC,    10, -3.007998466492e-01, 3.556754090823e-04, 4.3991e+01, 4.1015e-01, 
 2DIAGNOSTIC,    11, -3.016385436058e-01, 3.401888534427e-04, 4.5131e+01, 1.1394e+00, 
 2DIAGNOSTIC,    12, -3.016428947449e-01, 3.205014800187e-04, 4.5621e+01, 4.9012e-01, 
 2DIAGNOSTIC,    13, -3.016555607319e-01, 3.136080631521e-04, 4.6111e+01, 4.9034e-01, 
 2DIAGNOSTIC,    14, -3.016460835934e-01, 3.083470510319e-04, 4.6684e+01, 5.7251e-01, 
 2DIAGNOSTIC,    15, -3.016310930252e-01, 2.767083060462e-04, 4.7176e+01, 4.9190e-01, 
 2DIAGNOSTIC,    16, -3.016303479671e-01, 2.242553309770e-04, 4.7670e+01, 4.9432e-01, 
 2DIAGNOSTIC,    17, -3.016279339790e-01, 1.609606551938e-04, 4.8082e+01, 4.1205e-01, 
 2DIAGNOSTIC,    18, -3.016357719898e-01, 9.703108662507e-05, 4.8813e+01, 7.3140e-01, 
 2DIAGNOSTIC,    19, -3.016382455826e-01, 4.202506170259e-05, 4.9303e+01, 4.8998e-01, 
DIAGNOSTIC,Iteration,metricValue,convergenceValue,ITERATION_TIME_INDEX,SINCE_LAST
 2DIAGNOSTIC,     1, -2.578837275505e-01, inf, 5.7355e+01, 8.0518e+00, 
  Elapsed time (stage 0): 5.9053e+01


Stage 1
  iterations = 1000x500x250x0
  convergence threshold = 1.0000e-06
  convergence window size = 10
  number of levels = 4
  using the Mattes MI metric (number of bins = 32, weight = 1.0000e+00)
  preprocessing:  winsorizing the image intensities
  Shrink factors (level 1 out of 4): [12, 12, 12]
  Shrink factors (level 2 out of 4): [8, 8, 8]
  Shrink factors (level 3 out of 4): [4, 4, 4]
  Shrink factors (level 4 out of 4): [2, 2, 2]
  smoothing sigmas per level: [4, 3, 2, 1]
  regular sampling (percentage = 2.5000e-01)

*** Running AffineTransform registration ***

DIAGNOSTIC,Iteration,metricValue,convergenceValue,ITERATION_TIME_INDEX,SINCE_LAST
 2DIAGNOSTIC,     1, -4.161213040352e-01, inf, 1.6799e+01, 1.6799e+01, 
 2DIAGNOSTIC,     2, -4.164640605450e-01, inf, 1.6816e+01, 1.6949e-02, 
 2DIAGNOSTIC,     3, -4.168223440647e-01, inf, 1.6829e+01, 1.3345e-02, 
 2DIAGNOSTIC,     4, -4.169168174267e-01, inf, 1.6842e+01, 1.3154e-02, 
 2DIAGNOSTIC,     5, -4.180356860161e-01, inf, 1.6856e+01, 1.3309e-02, 
 2DIAGNOSTIC,     6, -4.200580418110e-01, inf, 1.6869e+01, 1.3415e-02, 
 2DIAGNOSTIC,     7, -4.220938384533e-01, inf, 1.6883e+01, 1.3601e-02, 
 2DIAGNOSTIC,     8, -4.262904226780e-01, inf, 1.6896e+01, 1.3740e-02, 
 2DIAGNOSTIC,     9, -4.308302402496e-01, inf, 1.6911e+01, 1.4896e-02, 
 2DIAGNOSTIC,    10, -4.613780379295e-01, 4.502596799284e-03, 1.6931e+01, 1.9667e-02, 
 2DIAGNOSTIC,    11, -4.796158373356e-01, 6.982733029872e-03, 1.6950e+01, 1.8648e-02, 
 2DIAGNOSTIC,    12, -4.827952682972e-01, 8.566044270992e-03, 1.6966e+01, 1.6702e-02, 
 2DIAGNOSTIC,    13, -4.860067069530e-01, 9.315884672105e-03, 1.6981e+01, 1.4905e-02, 
 2DIAGNOSTIC,    14, -4.888681173325e-01, 9.242953732610e-03, 1.6998e+01, 1.6582e-02, 
 2DIAGNOSTIC,    15, -4.908647835255e-01, 8.449546992779e-03, 1.7015e+01, 1.6746e-02, 
 2DIAGNOSTIC,    16, -4.918441474438e-01, 7.099896669388e-03, 1.7031e+01, 1.6809e-02, 
 2DIAGNOSTIC,    17, -4.934906065464e-01, 5.422139074653e-03, 1.7050e+01, 1.8424e-02, 
 2DIAGNOSTIC,    18, -4.938323795795e-01, 3.623408265412e-03, 1.7066e+01, 1.6425e-02, 
 2DIAGNOSTIC,    19, -4.937238395214e-01, 1.820589066483e-03, 1.7081e+01, 1.4709e-02, 
 2DIAGNOSTIC,    20, -4.938897192478e-01, 9.854229865596e-04, 1.7099e+01, 1.8210e-02, 
 2DIAGNOSTIC,    21, -4.940576851368e-01, 6.865049945191e-04, 1.7114e+01, 1.4651e-02, 
 2DIAGNOSTIC,    22, -4.939865171909e-01, 4.385036590975e-04, 1.7130e+01, 1.6428e-02, 
 2DIAGNOSTIC,    23, -4.941038787365e-01, 2.606295165606e-04, 1.7145e+01, 1.4725e-02, 
 2DIAGNOSTIC,    24, -4.945151507854e-01, 1.574978086865e-04, 1.7161e+01, 1.6368e-02, 
 2DIAGNOSTIC,    25, -4.947400093079e-01, 1.024879384204e-04, 1.7176e+01, 1.4688e-02, 
 2DIAGNOSTIC,    26, -4.949764609337e-01, 6.990981637500e-05, 1.7192e+01, 1.6380e-02, 
 2DIAGNOSTIC,    27, -4.953759908676e-01, 7.945902325446e-05, 1.7212e+01, 1.9946e-02, 
 2DIAGNOSTIC,    28, -4.954418540001e-01, 8.976349636214e-05, 1.7229e+01, 1.6440e-02, 
 2DIAGNOSTIC,    29, -4.955226182938e-01, 9.027701162267e-05, 1.7243e+01, 1.4615e-02, 
 2DIAGNOSTIC,    30, -4.954166412354e-01, 8.345233800355e-05, 1.7258e+01, 1.4612e-02, 
 2DIAGNOSTIC,    31, -4.954870045185e-01, 7.412920967909e-05, 1.7273e+01, 1.4590e-02, 
 2DIAGNOSTIC,    32, -4.954063892365e-01, 5.556141695706e-05, 1.7292e+01, 1.9856e-02, 
 2DIAGNOSTIC,    33, -4.954451918602e-01, 3.573901631171e-05, 1.7307e+01, 1.4522e-02, 
 2DIAGNOSTIC,    34, -4.955036640167e-01, 2.216822031187e-05, 1.7322e+01, 1.4567e-02, 
 2DIAGNOSTIC,    35, -4.957660734653e-01, 1.572078326717e-05, 1.7341e+01, 1.9846e-02, 
 2DIAGNOSTIC,    36, -4.958112239838e-01, 1.266974140890e-05, 1.7356e+01, 1.4603e-02, 
 2DIAGNOSTIC,    37, -4.958351850510e-01, 1.554807568027e-05, 1.7371e+01, 1.4568e-02, 
 2DIAGNOSTIC,    38, -4.958697855473e-01, 1.847380735853e-05, 1.7387e+01, 1.6279e-02, 
 2DIAGNOSTIC,    39, -4.958917200565e-01, 2.114855851687e-05, 1.7408e+01, 2.1405e-02, 
 2DIAGNOSTIC,    40, -4.958991110325e-01, 2.017466977122e-05, 1.7423e+01, 1.4511e-02, 
 2DIAGNOSTIC,    41, -4.959679245949e-01, 1.946652628249e-05, 1.7439e+01, 1.6096e-02, 
 2DIAGNOSTIC,    42, -4.960118830204e-01, 1.651680031500e-05, 1.7453e+01, 1.4507e-02, 
 2DIAGNOSTIC,    43, -4.960341155529e-01, 1.306902777287e-05, 1.7470e+01, 1.6180e-02, 
 2DIAGNOSTIC,    44, -4.960520863533e-01, 9.559728823660e-06, 1.7484e+01, 1.4608e-02, 
 2DIAGNOSTIC,    45, -4.961009621620e-01, 9.474618309468e-06, 1.7500e+01, 1.6366e-02, 
 2DIAGNOSTIC,    46, -4.962905645370e-01, 1.156020061899e-05, 1.7517e+01, 1.6674e-02, 
 2DIAGNOSTIC,    47, -4.962396621704e-01, 1.209792753798e-05, 1.7537e+01, 2.0027e-02, 
 2DIAGNOSTIC,    48, -4.961362481117e-01, 1.072769464372e-05, 1.7552e+01, 1.4600e-02, 
 2DIAGNOSTIC,    49, -4.963345825672e-01, 1.119132866734e-05, 1.7566e+01, 1.4567e-02, 
 2DIAGNOSTIC,    50, -4.975909590721e-01, 2.546417817939e-05, 1.7587e+01, 2.0148e-02, 
 2DIAGNOSTIC,    51, -4.976902604103e-01, 3.827620821539e-05, 1.7601e+01, 1.4673e-02, 
 2DIAGNOSTIC,    52, -4.977611005306e-01, 4.846215233556e-05, 1.7616e+01, 1.4698e-02, 
 2DIAGNOSTIC,    53, -4.981226027012e-01, 5.820660953759e-05, 1.7632e+01, 1.6298e-02, 
 2DIAGNOSTIC,    54, -4.987010657787e-01, 6.840145215392e-05, 1.7648e+01, 1.6310e-02, 
 2DIAGNOSTIC,    55, -4.984882473946e-01, 6.950799433980e-05, 1.7668e+01, 1.9663e-02, 
 2DIAGNOSTIC,    56, -4.985326528549e-01, 6.658664642600e-05, 1.7683e+01, 1.4592e-02, 
 2DIAGNOSTIC,    57, -4.987287223339e-01, 5.922731725150e-05, 1.7697e+01, 1.4431e-02, 
 2DIAGNOSTIC,    58, -4.987737238407e-01, 4.584144699038e-05, 1.7714e+01, 1.6387e-02, 
 2DIAGNOSTIC,    59, -4.987800717354e-01, 3.019391442649e-05, 1.7730e+01, 1.6321e-02, 
 2DIAGNOSTIC,    60, -4.987915158272e-01, 2.474949360476e-05, 1.7746e+01, 1.6390e-02, 
 2DIAGNOSTIC,    61, -4.988072216511e-01, 1.838165189838e-05, 1.7765e+01, 1.8424e-02, 
 2DIAGNOSTIC,    62, -4.988103508949e-01, 1.110874291044e-05, 1.7781e+01, 1.6330e-02, 
 2DIAGNOSTIC,    63, -4.988148808479e-01, 6.284664323175e-06, 1.7797e+01, 1.6397e-02, 
 2DIAGNOSTIC,    64, -4.988176524639e-01, 6.480920546892e-06, 1.7814e+01, 1.6316e-02, 
 2DIAGNOSTIC,    65, -4.988186359406e-01, 4.198447186354e-06, 1.7830e+01, 1.6347e-02, 
 2DIAGNOSTIC,    66, -4.988217949867e-01, 2.007703642448e-06, 1.7850e+01, 1.9994e-02, 
 2DIAGNOSTIC,    67, -4.988224208355e-01, 1.449189085179e-06, 1.7865e+01, 1.4653e-02, 
 2DIAGNOSTIC,    68, -4.988228678703e-01, 1.207935042657e-06, 1.7879e+01, 1.4543e-02, 
DIAGNOSTIC,Iteration,metricValue,convergenceValue,ITERATION_TIME_INDEX,SINCE_LAST
 2DIAGNOSTIC,     1, -4.091976583004e-01, inf, 3.0951e+01, 1.3072e+01, 
 2DIAGNOSTIC,     2, -4.099303483963e-01, inf, 3.1019e+01, 6.7335e-02, 
 2DIAGNOSTIC,     3, -4.105874300003e-01, inf, 3.1095e+01, 7.6505e-02, 
 2DIAGNOSTIC,     4, -4.109070003033e-01, inf, 3.1161e+01, 6.6052e-02, 
 2DIAGNOSTIC,     5, -4.110641479492e-01, inf, 3.1238e+01, 7.6425e-02, 
 2DIAGNOSTIC,     6, -4.111389219761e-01, inf, 3.1304e+01, 6.6385e-02, 
 2DIAGNOSTIC,     7, -4.113141000271e-01, inf, 3.1370e+01, 6.6224e-02, 
 2DIAGNOSTIC,     8, -4.117943048477e-01, inf, 3.1479e+01, 1.0865e-01, 
 2DIAGNOSTIC,     9, -4.118591248989e-01, inf, 3.1577e+01, 9.7680e-02, 
 2DIAGNOSTIC,    10, -4.118792414665e-01, 3.777579695452e-04, 3.1654e+01, 7.7525e-02, 
 2DIAGNOSTIC,    11, -4.119246900082e-01, 2.644485794008e-04, 3.1722e+01, 6.7635e-02, 
 2DIAGNOSTIC,    12, -4.120275378227e-01, 1.937358902069e-04, 3.1789e+01, 6.6890e-02, 
 2DIAGNOSTIC,    13, -4.121142923832e-01, 1.553084439365e-04, 3.1859e+01, 7.0254e-02, 
 2DIAGNOSTIC,    14, -4.121843874454e-01, 1.275241374969e-04, 3.1927e+01, 6.7741e-02, 
 2DIAGNOSTIC,    15, -4.122639894485e-01, 1.032806685544e-04, 3.1994e+01, 6.7027e-02, 
 2DIAGNOSTIC,    16, -4.123901426792e-01, 8.149760833476e-05, 3.2061e+01, 6.7788e-02, 
 2DIAGNOSTIC,    17, -4.127433300018e-01, 7.576166535728e-05, 3.2129e+01, 6.7228e-02, 
 2DIAGNOSTIC,    18, -4.129540920258e-01, 8.995233656606e-05, 3.2238e+01, 1.0910e-01, 
 2DIAGNOSTIC,    19, -4.130952656269e-01, 1.019624032779e-04, 3.2305e+01, 6.7434e-02, 
 2DIAGNOSTIC,    20, -4.131973087788e-01, 1.077869383153e-04, 3.2383e+01, 7.7761e-02, 
 2DIAGNOSTIC,    21, -4.132162630558e-01, 1.052047882695e-04, 3.2461e+01, 7.7859e-02, 
 2DIAGNOSTIC,    22, -4.132555425167e-01, 9.749252058100e-05, 3.2528e+01, 6.7432e-02, 
 2DIAGNOSTIC,    23, -4.132632911205e-01, 8.419412188232e-05, 3.2595e+01, 6.7246e-02, 
 2DIAGNOSTIC,    24, -4.134251773357e-01, 7.097044726834e-05, 3.2673e+01, 7.7784e-02, 
 2DIAGNOSTIC,    25, -4.135006368160e-01, 5.648828664562e-05, 3.2751e+01, 7.7847e-02, 
 2DIAGNOSTIC,    26, -4.135449230671e-01, 4.228753823554e-05, 3.2849e+01, 9.8337e-02, 
 2DIAGNOSTIC,    27, -4.136294424534e-01, 3.642396040959e-05, 3.2916e+01, 6.6615e-02, 
 2DIAGNOSTIC,    28, -4.136616885662e-01, 3.354092405061e-05, 3.2983e+01, 6.7012e-02, 
 2DIAGNOSTIC,    29, -4.137138426304e-01, 3.229148569517e-05, 3.3071e+01, 8.8339e-02, 
 2DIAGNOSTIC,    30, -4.137696921825e-01, 3.176492464263e-05, 3.3149e+01, 7.7635e-02, 
 2DIAGNOSTIC,    31, -4.137466549873e-01, 2.827180833265e-05, 3.3392e+01, 2.4306e-01, 
 2DIAGNOSTIC,    32, -4.137466549873e-01, 2.333631528018e-05, 3.3459e+01, 6.7251e-02, 
 2DIAGNOSTIC,    33, -4.137472510338e-01, 1.668470576988e-05, 3.3537e+01, 7.7716e-02, 
 2DIAGNOSTIC,    34, -4.137473702431e-01, 1.217896533490e-05, 3.3604e+01, 6.7322e-02, 
 2DIAGNOSTIC,    35, -4.137479960918e-01, 8.345970854862e-06, 3.3671e+01, 6.6961e-02, 
 2DIAGNOSTIC,    36, -4.137489497662e-01, 4.865928985964e-06, 3.3739e+01, 6.7404e-02, 
 2DIAGNOSTIC,    37, -4.137509167194e-01, 2.818641860358e-06, 3.3807e+01, 6.7946e-02, 
 2DIAGNOSTIC,    38, -4.137533605099e-01, 1.299337327509e-06, 3.3875e+01, 6.7839e-02, 
DIAGNOSTIC,Iteration,metricValue,convergenceValue,ITERATION_TIME_INDEX,SINCE_LAST
 2DIAGNOSTIC,     1, -3.503503203392e-01, inf, 4.2604e+01, 8.7296e+00, 
 2DIAGNOSTIC,     2, -3.506077826023e-01, inf, 4.3140e+01, 5.3542e-01, 
 2DIAGNOSTIC,     3, -3.508080542088e-01, inf, 4.3672e+01, 5.3275e-01, 
 2DIAGNOSTIC,     4, -3.510004878044e-01, inf, 4.4206e+01, 5.3416e-01, 
 2DIAGNOSTIC,     5, -3.512400388718e-01, inf, 4.4741e+01, 5.3483e-01, 
 2DIAGNOSTIC,     6, -3.515372872353e-01, inf, 4.5276e+01, 5.3497e-01, 
 2DIAGNOSTIC,     7, -3.518663048744e-01, inf, 4.6150e+01, 8.7413e-01, 
 2DIAGNOSTIC,     8, -3.518914580345e-01, inf, 4.6684e+01, 5.3392e-01, 
 2DIAGNOSTIC,     9, -3.519629240036e-01, inf, 4.7214e+01, 5.2961e-01, 
 2DIAGNOSTIC,    10, -3.520401120186e-01, 3.338512324262e-04, 4.7748e+01, 5.3407e-01, 
 2DIAGNOSTIC,    11, -3.520995080471e-01, 2.677566371858e-04, 4.8545e+01, 7.9680e-01, 
 2DIAGNOSTIC,    12, -3.521946966648e-01, 2.123165904777e-04, 4.9249e+01, 7.0458e-01, 
 2DIAGNOSTIC,    13, -3.522336483002e-01, 1.613425120013e-04, 4.9785e+01, 5.3515e-01, 
 2DIAGNOSTIC,    14, -3.525230288506e-01, 1.311328960583e-04, 5.0488e+01, 7.0393e-01, 
 2DIAGNOSTIC,    15, -3.526023030281e-01, 1.097187196137e-04, 5.1019e+01, 5.3102e-01, 
 2DIAGNOSTIC,    16, -3.526284992695e-01, 9.706551645650e-05, 5.1635e+01, 6.1600e-01, 
 2DIAGNOSTIC,    17, -3.526421189308e-01, 9.364351717522e-05, 5.2170e+01, 5.3464e-01, 
 2DIAGNOSTIC,    18, -3.526889979839e-01, 8.531158528058e-05, 5.3130e+01, 9.5972e-01, 
 2DIAGNOSTIC,    19, -3.527048230171e-01, 7.357299909927e-05, 5.3744e+01, 6.1385e-01, 
 2DIAGNOSTIC,    20, -3.527044057846e-01, 5.934571527177e-05, 5.4357e+01, 6.1309e-01, 
 2DIAGNOSTIC,    21, -3.527013063431e-01, 4.336302663432e-05, 5.4890e+01, 5.3324e-01, 
 2DIAGNOSTIC,    22, -3.527031540871e-01, 2.861954635591e-05, 5.5424e+01, 5.3418e-01, 
 2DIAGNOSTIC,    23, -3.527047038078e-01, 1.376255568175e-05, 5.6043e+01, 6.1847e-01, 
 2DIAGNOSTIC,    24, -3.527098000050e-01, 8.815715773380e-06, 5.6579e+01, 5.3668e-01, 
 2DIAGNOSTIC,    25, -3.527107834816e-01, 6.155054052215e-06, 5.7114e+01, 5.3448e-01, 
 2DIAGNOSTIC,    26, -3.527166545391e-01, 4.252683538652e-06, 5.7645e+01, 5.3156e-01, 
 2DIAGNOSTIC,    27, -3.527235090733e-01, 2.780769136734e-06, 5.8177e+01, 5.3125e-01, 
 2DIAGNOSTIC,    28, -3.527432978153e-01, 3.165494717905e-06, 5.8710e+01, 5.3344e-01, 
 2DIAGNOSTIC,    29, -3.528000414371e-01, 5.338264600141e-06, 6.0021e+01, 1.3113e+00, 
 2DIAGNOSTIC,    30, -3.528004288673e-01, 6.932167252671e-06, 6.0637e+01, 6.1562e-01, 
 2DIAGNOSTIC,    31, -3.527959287167e-01, 7.693445695622e-06, 6.1244e+01, 6.0745e-01, 
 2DIAGNOSTIC,    32, -3.527960777283e-01, 7.847988854337e-06, 6.1862e+01, 6.1728e-01, 
 2DIAGNOSTIC,    33, -3.527958691120e-01, 7.359788469330e-06, 6.2473e+01, 6.1158e-01, 
 2DIAGNOSTIC,    34, -3.527959585190e-01, 6.393963758455e-06, 6.3179e+01, 7.0530e-01, 
 2DIAGNOSTIC,    35, -3.527958989143e-01, 4.986931344320e-06, 6.3885e+01, 7.0662e-01, 
 2DIAGNOSTIC,    36, -3.527960181236e-01, 3.428071067901e-06, 6.4503e+01, 6.1796e-01, 
 2DIAGNOSTIC,    37, -3.527916967869e-01, 1.769752998371e-06, 6.5117e+01, 6.1412e-01, 
DIAGNOSTIC,Iteration,metricValue,convergenceValue,ITERATION_TIME_INDEX,SINCE_LAST
 2DIAGNOSTIC,     1, -3.031328320503e-01, inf, 7.4218e+01, 9.1010e+00, 
  Elapsed time (stage 1): 7.5912e+01


Stage 2
  iterations = 100x100x70x50x0
  convergence threshold = 1.0000e-06
  convergence window size = 10
  number of levels = 5
  using the Mattes MI metric (number of bins = 32, weight = 1.0000e+00)
  preprocessing:  winsorizing the image intensities
  Shrink factors (level 1 out of 5): [10, 10, 10]
  Shrink factors (level 2 out of 5): [6, 6, 6]
  Shrink factors (level 3 out of 5): [4, 4, 4]
  Shrink factors (level 4 out of 5): [2, 2, 2]
  Shrink factors (level 5 out of 5): [1, 1, 1]
  smoothing sigmas per level: [5, 3, 2, 1, 0]
  Using default NONE metricSamplingStrategy 

*** Running SyN registration (varianceForUpdateField = 3.0000e+00, varianceForTotalField = 0.0000e+00) ***

XXDIAGNOSTIC,Iteration,metricValue,convergenceValue,ITERATION_TIME_INDEX,SINCE_LAST
 1DIAGNOSTIC,     1, -4.947646260262e-01, inf, 2.9485e+01, 2.9485e+01, 
 1DIAGNOSTIC,     2, -5.099426507950e-01, inf, 2.9638e+01, 1.5278e-01, 
 1DIAGNOSTIC,     3, -5.252605676651e-01, inf, 2.9784e+01, 1.4598e-01, 
 1DIAGNOSTIC,     4, -5.311040282249e-01, inf, 2.9938e+01, 1.5344e-01, 
 1DIAGNOSTIC,     5, -5.351500511169e-01, inf, 3.0084e+01, 1.4643e-01, 
 1DIAGNOSTIC,     6, -5.349730253220e-01, inf, 3.0230e+01, 1.4626e-01, 
 1DIAGNOSTIC,     7, -5.334970355034e-01, inf, 3.0376e+01, 1.4602e-01, 
 1DIAGNOSTIC,     8, -5.316051244736e-01, inf, 3.0522e+01, 1.4616e-01, 
 1DIAGNOSTIC,     9, -5.289059281349e-01, inf, 3.0669e+01, 1.4628e-01, 
 1DIAGNOSTIC,    10, -5.267428755760e-01, 2.930113580078e-03, 3.0816e+01, 1.4748e-01, 
 1DIAGNOSTIC,    11, -5.237690210342e-01, 5.776364123449e-04, 3.0963e+01, 1.4683e-01, 
 1DIAGNOSTIC,    12, -5.215284228325e-01, -8.633169345558e-04, 3.1111e+01, 1.4787e-01, 
XXDIAGNOSTIC,Iteration,metricValue,convergenceValue,ITERATION_TIME_INDEX,SINCE_LAST
 1DIAGNOSTIC,     1, -4.099355638027e-01, inf, 4.4547e+01, 1.3436e+01, 
 1DIAGNOSTIC,     2, -4.123050570488e-01, inf, 4.5126e+01, 5.7820e-01, 
 1DIAGNOSTIC,     3, -4.133762717247e-01, inf, 4.5703e+01, 5.7712e-01, 
 1DIAGNOSTIC,     4, -4.140807986259e-01, inf, 4.6280e+01, 5.7699e-01, 
 1DIAGNOSTIC,     5, -4.142967760563e-01, inf, 4.6860e+01, 5.7997e-01, 
 1DIAGNOSTIC,     6, -4.138882160187e-01, inf, 4.7436e+01, 5.7585e-01, 
 1DIAGNOSTIC,     7, -4.132044315338e-01, inf, 4.8015e+01, 5.7974e-01, 
 1DIAGNOSTIC,     8, -4.126511216164e-01, inf, 4.8595e+01, 5.8013e-01, 
 1DIAGNOSTIC,     9, -4.119781851768e-01, inf, 4.9172e+01, 5.7639e-01, 
 1DIAGNOSTIC,    10, -4.113757610321e-01, 1.481655817770e-05, 4.9750e+01, 5.7815e-01, 
 1DIAGNOSTIC,    11, -4.103990495205e-01, -3.736195212696e-04, 5.0327e+01, 5.7696e-01, 
XXDIAGNOSTIC,Iteration,metricValue,convergenceValue,ITERATION_TIME_INDEX,SINCE_LAST
 1DIAGNOSTIC,     1, -3.492066264153e-01, inf, 6.0010e+01, 9.6827e+00, 
 1DIAGNOSTIC,     2, -3.501945137978e-01, inf, 6.1863e+01, 1.8529e+00, 
 1DIAGNOSTIC,     3, -3.509619235992e-01, inf, 6.3650e+01, 1.7875e+00, 
 1DIAGNOSTIC,     4, -3.512315750122e-01, inf, 6.5443e+01, 1.7934e+00, 
 1DIAGNOSTIC,     5, -3.512093424797e-01, inf, 6.7239e+01, 1.7958e+00, 
 1DIAGNOSTIC,     6, -3.513385951519e-01, inf, 6.9038e+01, 1.7984e+00, 
 1DIAGNOSTIC,     7, -3.512303233147e-01, inf, 7.0820e+01, 1.7820e+00, 
 1DIAGNOSTIC,     8, -3.509877920151e-01, inf, 7.2601e+01, 1.7817e+00, 
 1DIAGNOSTIC,     9, -3.508211374283e-01, inf, 7.4395e+01, 1.7938e+00, 
 1DIAGNOSTIC,    10, -3.503845036030e-01, 1.461341016693e-04, 7.6177e+01, 1.7820e+00, 
 1DIAGNOSTIC,    11, -3.500481843948e-01, -7.521892257500e-05, 7.7964e+01, 1.7866e+00, 
XXDIAGNOSTIC,Iteration,metricValue,convergenceValue,ITERATION_TIME_INDEX,SINCE_LAST
 1DIAGNOSTIC,     1, -2.945556938648e-01, inf, 9.7468e+01, 1.9504e+01, 
 1DIAGNOSTIC,     2, -2.953397035599e-01, inf, 1.1026e+02, 1.2790e+01, 
 1DIAGNOSTIC,     3, -2.962038516998e-01, inf, 1.2304e+02, 1.2777e+01, 
 1DIAGNOSTIC,     4, -2.969793677330e-01, inf, 1.3583e+02, 1.2790e+01, 
 1DIAGNOSTIC,     5, -2.976509332657e-01, inf, 1.4862e+02, 1.2792e+01, 
 1DIAGNOSTIC,     6, -2.982686758041e-01, inf, 1.6189e+02, 1.3273e+01, 
 1DIAGNOSTIC,     7, -2.988421916962e-01, inf, 1.7471e+02, 1.2818e+01, 
 1DIAGNOSTIC,     8, -2.993213534355e-01, inf, 1.8799e+02, 1.3285e+01, 
 1DIAGNOSTIC,     9, -2.997698187828e-01, inf, 2.0123e+02, 1.3237e+01, 
 1DIAGNOSTIC,    10, -3.001911044121e-01, 1.212349627167e-03, 2.1503e+02, 1.3797e+01, 
 1DIAGNOSTIC,    11, -3.005460500717e-01, 1.002103788778e-03, 2.2832e+02, 1.3290e+01, 
 1DIAGNOSTIC,    12, -3.008026480675e-01, 8.189686923288e-04, 2.4210e+02, 1.3777e+01, 
 1DIAGNOSTIC,    13, -3.010609745979e-01, 6.718776421621e-04, 2.5553e+02, 1.3430e+01, 
 1DIAGNOSTIC,    14, -3.012972772121e-01, 5.531528731808e-04, 2.6925e+02, 1.3725e+01, 
 1DIAGNOSTIC,    15, -3.015228509903e-01, 4.561954410747e-04, 2.8254e+02, 1.3288e+01, 
 1DIAGNOSTIC,    16, -3.016721010208e-01, 3.747303562704e-04, 2.9646e+02, 1.3923e+01, 
 1DIAGNOSTIC,    17, -3.018699288368e-01, 3.114036226179e-04, 3.1033e+02, 1.3868e+01, 
 1DIAGNOSTIC,    18, -3.020293116570e-01, 2.598273858894e-04, 3.2363e+02, 1.3301e+01, 
 1DIAGNOSTIC,    19, -3.021374642849e-01, 2.171662490582e-04, 3.3696e+02, 1.3332e+01, 
 1DIAGNOSTIC,    20, -3.022436797619e-01, 1.835206785472e-04, 3.5025e+02, 1.3291e+01, 
 1DIAGNOSTIC,    21, -3.023084402084e-01, 1.549509033794e-04, 3.6404e+02, 1.3790e+01, 
 1DIAGNOSTIC,    22, -3.023681044579e-01, 1.281237346120e-04, 3.7792e+02, 1.3872e+01, 
 1DIAGNOSTIC,    23, -3.023800551891e-01, 1.027428152156e-04, 3.9165e+02, 1.3730e+01, 
 1DIAGNOSTIC,    24, -3.024048805237e-01, 8.018903463380e-05, 4.0539e+02, 1.3741e+01, 
 1DIAGNOSTIC,    25, -3.024560809135e-01, 6.248229328776e-05, 4.1916e+02, 1.3775e+01, 
 1DIAGNOSTIC,    26, -3.024743795395e-01, 4.632266063709e-05, 4.3290e+02, 1.3738e+01, 
 1DIAGNOSTIC,    27, -3.025375604630e-01, 3.618829214247e-05, 4.4675e+02, 1.3850e+01, 
 1DIAGNOSTIC,    28, -3.025742769241e-01, 3.003902020282e-05, 4.6053e+02, 1.3781e+01, 
 1DIAGNOSTIC,    29, -3.026548624039e-01, 2.768040212686e-05, 4.7427e+02, 1.3740e+01, 
 1DIAGNOSTIC,    30, -3.026968836784e-01, 2.755163768597e-05, 4.8801e+02, 1.3739e+01, 
 1DIAGNOSTIC,    31, -3.028030991554e-01, 3.009150714206e-05, 5.0181e+02, 1.3798e+01, 
 1DIAGNOSTIC,    32, -3.028590083122e-01, 3.308167651994e-05, 5.1554e+02, 1.3728e+01, 
 1DIAGNOSTIC,    33, -3.029463887215e-01, 3.567400926840e-05, 5.2930e+02, 1.3767e+01, 
 1DIAGNOSTIC,    34, -3.030309379101e-01, 3.780276529142e-05, 5.4299e+02, 1.3690e+01, 
 1DIAGNOSTIC,    35, -3.030894994736e-01, 3.924116390408e-05, 5.5686e+02, 1.3871e+01, 
 1DIAGNOSTIC,    36, -3.031485378742e-01, 3.894547262462e-05, 5.7067e+02, 1.3807e+01, 
 1DIAGNOSTIC,    37, -3.031753301620e-01, 3.732331242645e-05, 5.8452e+02, 1.3846e+01, 
 1DIAGNOSTIC,    38, -3.032340407372e-01, 3.465653571766e-05, 5.9825e+02, 1.3736e+01, 
 1DIAGNOSTIC,    39, -3.032437860966e-01, 3.105783252977e-05, 6.1199e+02, 1.3741e+01, 
 1DIAGNOSTIC,    40, -3.032518029213e-01, 2.589952055132e-05, 6.2585e+02, 1.3861e+01, 
 1DIAGNOSTIC,    41, -3.031968474388e-01, 1.978763248189e-05, 6.3961e+02, 1.3753e+01, 
 1DIAGNOSTIC,    42, -3.031748235226e-01, 1.292410797760e-05, 6.5338e+02, 1.3770e+01, 
 1DIAGNOSTIC,    43, -3.031518459320e-01, 6.593480975425e-06, 6.6712e+02, 1.3745e+01, 
 1DIAGNOSTIC,    44, -3.030864596367e-01, 3.729424520316e-07, 6.8084e+02, 1.3716e+01, 
  Elapsed time (stage 2): 704.6


Total elapsed time: 839.6

--- Writing output images ---

Using double precision for computations.
Input scalar image: data/Segmentations/1128_3_seg.nii.gz
Reference image: data/template/T_template0_BrainCerebellum.nii.gz
=============================================================================
The composite transform comprises the following transforms (in order): 
  1. /tmp/1971770.1.basic.q/1128_ToTemplate_009_0GenericAffine.mat (type = AffineTransform)
  2. /tmp/1971770.1.basic.q/1128_ToTemplate_009_1Warp.nii.gz (type = DisplacementFieldTransform)
=============================================================================
Default pixel value: 0
Interpolation type: LabelImageGenericInterpolateImageFunction
Output warped image: output/1128/1128_WarpedLabels_009.nii.gz

--- Done ---

