
--- Running on compute-1-10.local ---


--- registration call ---
/data/jet/pcook/bin/antsBuild/bin/antsRegistrationSyNQuick.sh -d 3 -f data/template/T_template0_BrainCerebellum.nii.gz -m data/Brains/1011_3.nii.gz -t s -p d -n 1 -o /tmp/1993560.1.basic.q/1011_ToTemplate_007_
---


--------------------------------------------------------------------------------------
 Mapping parameters
--------------------------------------------------------------------------------------
 ANTSPATH is /data/jet/pcook/bin/antsBuild/bin/

 Dimensionality:           3
 Output name prefix:       /tmp/1993560.1.basic.q/1011_ToTemplate_007_
 Fixed images:             data/template/T_template0_BrainCerebellum.nii.gz
 Moving images:            data/Brains/1011_3.nii.gz
 Mask images:              
 Initial transforms:       
 Number of threads:        1
 Spline distance:          26
 Transform type:           s
 MI histogram bins:        32
 Precision:                d
 Use histogram matching    0
======================================================================================
 antsRegistration call:
--------------------------------------------------------------------------------------
/data/jet/pcook/bin/antsBuild/bin//antsRegistration --verbose 1 --dimensionality 3 --float 0 --collapse-output-transforms 1 --output [/tmp/1993560.1.basic.q/1011_ToTemplate_007_,/tmp/1993560.1.basic.q/1011_ToTemplate_007_Warped.nii.gz,/tmp/1993560.1.basic.q/1011_ToTemplate_007_InverseWarped.nii.gz] --interpolation Linear --use-histogram-matching 0 --winsorize-image-intensities [0.005,0.995] --initial-moving-transform [data/template/T_template0_BrainCerebellum.nii.gz,data/Brains/1011_3.nii.gz,1] --transform Rigid[0.1] --metric MI[data/template/T_template0_BrainCerebellum.nii.gz,data/Brains/1011_3.nii.gz,1,32,Regular,0.25] --convergence [1000x500x250x0,1e-6,10] --shrink-factors 12x8x4x2 --smoothing-sigmas 4x3x2x1vox --transform Affine[0.1] --metric MI[data/template/T_template0_BrainCerebellum.nii.gz,data/Brains/1011_3.nii.gz,1,32,Regular,0.25] --convergence [1000x500x250x0,1e-6,10] --shrink-factors 12x8x4x2 --smoothing-sigmas 4x3x2x1vox --transform SyN[0.1,3,0] --metric MI[data/template/T_template0_BrainCerebellum.nii.gz,data/Brains/1011_3.nii.gz,1,32] --convergence [100x100x70x50x0,1e-6,10] --shrink-factors 10x6x4x2x1 --smoothing-sigmas 5x3x2x1x0vox
--------------------------------------------------------------------------------------
All_Command_lines_OK
Using double precision for computations.
=============================================================================
The composite transform comprises the following transforms (in order): 
  1. Center of mass alignment using fixed image: data/template/T_template0_BrainCerebellum.nii.gz and moving image: data/Brains/1011_3.nii.gz (type = Euler3DTransform)
=============================================================================
  number of levels = 4
  number of levels = 4
  number of levels = 5
  fixed image: data/template/T_template0_BrainCerebellum.nii.gz
  moving image: data/Brains/1011_3.nii.gz
  fixed image: data/template/T_template0_BrainCerebellum.nii.gz
  moving image: data/Brains/1011_3.nii.gz
  fixed image: data/template/T_template0_BrainCerebellum.nii.gz
  moving image: data/Brains/1011_3.nii.gz
Dimension = 3
Number of stages = 3
Use Histogram Matching false
Winsorize image intensities true
Lower quantile = 0.005
Upper quantile = 0.995
Stage 1 State
   Image metric = Mattes
     Fixed image = Image (0x4c31cf0)
  RTTI typeinfo:   itk::Image<double, 3u>
  Reference Count: 2
  Modified Time: 1611
  Debug: Off
  Object Name: 
  Observers: 
    none
  Source: (none)
  Source output name: (none)
  Release Data: Off
  Data Released: False
  Global Release Data: Off
  PipelineMTime: 0
  UpdateMTime: 1422
  RealTimeStamp: 0 seconds 
  LargestPossibleRegion: 
    Dimension: 3
    Index: [0, 0, 0]
    Size: [216, 256, 291]
  BufferedRegion: 
    Dimension: 3
    Index: [0, 0, 0]
    Size: [216, 256, 291]
  RequestedRegion: 
    Dimension: 3
    Index: [0, 0, 0]
    Size: [216, 256, 291]
  Spacing: [1, 1, 1]
  Origin: [0, 293, 0]
  Direction: 
1 0 0
0 -0 -1
0 -1 -0

  IndexToPointMatrix: 
1 0 0
0 0 -1
0 -1 0

  PointToIndexMatrix: 
1 0 0
0 0 -1
0 -1 0

  Inverse Direction: 
1 0 0
0 0 -1
0 -1 0

  PixelContainer: 
    ImportImageContainer (0x4c357f0)
      RTTI typeinfo:   itk::ImportImageContainer<unsigned long, double>
      Reference Count: 1
      Modified Time: 1419
      Debug: Off
      Object Name: 
      Observers: 
        none
      Pointer: 0x7f234c0c0010
      Container manages memory: true
      Size: 16091136
      Capacity: 16091136

     Moving image = Image (0x4c33d50)
  RTTI typeinfo:   itk::Image<double, 3u>
  Reference Count: 2
  Modified Time: 1612
  Debug: Off
  Object Name: 
  Observers: 
    none
  Source: (none)
  Source output name: (none)
  Release Data: Off
  Data Released: False
  Global Release Data: Off
  PipelineMTime: 0
  UpdateMTime: 1609
  RealTimeStamp: 0 seconds 
  LargestPossibleRegion: 
    Dimension: 3
    Index: [0, 0, 0]
    Size: [256, 256, 287]
  BufferedRegion: 
    Dimension: 3
    Index: [0, 0, 0]
    Size: [256, 256, 287]
  RequestedRegion: 
    Dimension: 3
    Index: [0, 0, 0]
    Size: [256, 256, 287]
  Spacing: [1, 1, 1]
  Origin: [0, 286, 0]
  Direction: 
1 0 0
0 -0 -1
0 -1 -0

  IndexToPointMatrix: 
1 0 0
0 0 -1
0 -1 0

  PointToIndexMatrix: 
1 0 0
0 0 -1
0 -1 0

  Inverse Direction: 
1 0 0
0 0 -1
0 -1 0

  PixelContainer: 
    ImportImageContainer (0x4c24f60)
      RTTI typeinfo:   itk::ImportImageContainer<unsigned long, double>
      Reference Count: 1
      Modified Time: 1606
      Debug: Off
      Object Name: 
      Observers: 
        none
      Pointer: 0x7f234313f010
      Container manages memory: true
      Size: 18808832
      Capacity: 18808832

     Weighting = 1
     Sampling strategy = regular
     Number of bins = 32
     Radius = 4
     Sampling percentage  = 0.25
   Transform = Rigid
     Gradient step = 0.1
     Update field sigma (voxel space) = 0
     Total field sigma (voxel space) = 0
     Update field time sigma = 0
     Total field time sigma  = 0
     Number of time indices = 0
     Number of time point samples = 0
Stage 2 State
   Image metric = Mattes
     Fixed image = Image (0x4c38700)
  RTTI typeinfo:   itk::Image<double, 3u>
  Reference Count: 2
  Modified Time: 1987
  Debug: Off
  Object Name: 
  Observers: 
    none
  Source: (none)
  Source output name: (none)
  Release Data: Off
  Data Released: False
  Global Release Data: Off
  PipelineMTime: 0
  UpdateMTime: 1798
  RealTimeStamp: 0 seconds 
  LargestPossibleRegion: 
    Dimension: 3
    Index: [0, 0, 0]
    Size: [216, 256, 291]
  BufferedRegion: 
    Dimension: 3
    Index: [0, 0, 0]
    Size: [216, 256, 291]
  RequestedRegion: 
    Dimension: 3
    Index: [0, 0, 0]
    Size: [216, 256, 291]
  Spacing: [1, 1, 1]
  Origin: [0, 293, 0]
  Direction: 
1 0 0
0 -0 -1
0 -1 -0

  IndexToPointMatrix: 
1 0 0
0 0 -1
0 -1 0

  PointToIndexMatrix: 
1 0 0
0 0 -1
0 -1 0

  Inverse Direction: 
1 0 0
0 0 -1
0 -1 0

  PixelContainer: 
    ImportImageContainer (0x4c34970)
      RTTI typeinfo:   itk::ImportImageContainer<unsigned long, double>
      Reference Count: 1
      Modified Time: 1795
      Debug: Off
      Object Name: 
      Observers: 
        none
      Pointer: 0x7f233b67a010
      Container manages memory: true
      Size: 16091136
      Capacity: 16091136

     Moving image = Image (0x4c45080)
  RTTI typeinfo:   itk::Image<double, 3u>
  Reference Count: 2
  Modified Time: 1988
  Debug: Off
  Object Name: 
  Observers: 
    none
  Source: (none)
  Source output name: (none)
  Release Data: Off
  Data Released: False
  Global Release Data: Off
  PipelineMTime: 0
  UpdateMTime: 1985
  RealTimeStamp: 0 seconds 
  LargestPossibleRegion: 
    Dimension: 3
    Index: [0, 0, 0]
    Size: [256, 256, 287]
  BufferedRegion: 
    Dimension: 3
    Index: [0, 0, 0]
    Size: [256, 256, 287]
  RequestedRegion: 
    Dimension: 3
    Index: [0, 0, 0]
    Size: [256, 256, 287]
  Spacing: [1, 1, 1]
  Origin: [0, 286, 0]
  Direction: 
1 0 0
0 -0 -1
0 -1 -0

  IndexToPointMatrix: 
1 0 0
0 0 -1
0 -1 0

  PointToIndexMatrix: 
1 0 0
0 0 -1
0 -1 0

  Inverse Direction: 
1 0 0
0 0 -1
0 -1 0

  PixelContainer: 
    ImportImageContainer (0x4c44a00)
      RTTI typeinfo:   itk::ImportImageContainer<unsigned long, double>
      Reference Count: 1
      Modified Time: 1982
      Debug: Off
      Object Name: 
      Observers: 
        none
      Pointer: 0x7f23326f9010
      Container manages memory: true
      Size: 18808832
      Capacity: 18808832

     Weighting = 1
     Sampling strategy = regular
     Number of bins = 32
     Radius = 4
     Sampling percentage  = 0.25
   Transform = Affine
     Gradient step = 0.1
     Update field sigma (voxel space) = 0
     Total field sigma (voxel space) = 0
     Update field time sigma = 0
     Total field time sigma  = 0
     Number of time indices = 0
     Number of time point samples = 0
Stage 3 State
   Image metric = Mattes
     Fixed image = Image (0x4c4a9a0)
  RTTI typeinfo:   itk::Image<double, 3u>
  Reference Count: 2
  Modified Time: 2363
  Debug: Off
  Object Name: 
  Observers: 
    none
  Source: (none)
  Source output name: (none)
  Release Data: Off
  Data Released: False
  Global Release Data: Off
  PipelineMTime: 0
  UpdateMTime: 2174
  RealTimeStamp: 0 seconds 
  LargestPossibleRegion: 
    Dimension: 3
    Index: [0, 0, 0]
    Size: [216, 256, 291]
  BufferedRegion: 
    Dimension: 3
    Index: [0, 0, 0]
    Size: [216, 256, 291]
  RequestedRegion: 
    Dimension: 3
    Index: [0, 0, 0]
    Size: [216, 256, 291]
  Spacing: [1, 1, 1]
  Origin: [0, 293, 0]
  Direction: 
1 0 0
0 -0 -1
0 -1 -0

  IndexToPointMatrix: 
1 0 0
0 0 -1
0 -1 0

  PointToIndexMatrix: 
1 0 0
0 0 -1
0 -1 0

  Inverse Direction: 
1 0 0
0 0 -1
0 -1 0

  PixelContainer: 
    ImportImageContainer (0x4c43740)
      RTTI typeinfo:   itk::ImportImageContainer<unsigned long, double>
      Reference Count: 1
      Modified Time: 2171
      Debug: Off
      Object Name: 
      Observers: 
        none
      Pointer: 0x7f232ac34010
      Container manages memory: true
      Size: 16091136
      Capacity: 16091136

     Moving image = Image (0x4c4d110)
  RTTI typeinfo:   itk::Image<double, 3u>
  Reference Count: 2
  Modified Time: 2364
  Debug: Off
  Object Name: 
  Observers: 
    none
  Source: (none)
  Source output name: (none)
  Release Data: Off
  Data Released: False
  Global Release Data: Off
  PipelineMTime: 0
  UpdateMTime: 2361
  RealTimeStamp: 0 seconds 
  LargestPossibleRegion: 
    Dimension: 3
    Index: [0, 0, 0]
    Size: [256, 256, 287]
  BufferedRegion: 
    Dimension: 3
    Index: [0, 0, 0]
    Size: [256, 256, 287]
  RequestedRegion: 
    Dimension: 3
    Index: [0, 0, 0]
    Size: [256, 256, 287]
  Spacing: [1, 1, 1]
  Origin: [0, 286, 0]
  Direction: 
1 0 0
0 -0 -1
0 -1 -0

  IndexToPointMatrix: 
1 0 0
0 0 -1
0 -1 0

  PointToIndexMatrix: 
1 0 0
0 0 -1
0 -1 0

  Inverse Direction: 
1 0 0
0 0 -1
0 -1 0

  PixelContainer: 
    ImportImageContainer (0x4c4ac30)
      RTTI typeinfo:   itk::ImportImageContainer<unsigned long, double>
      Reference Count: 1
      Modified Time: 2358
      Debug: Off
      Object Name: 
      Observers: 
        none
      Pointer: 0x7f2321cb3010
      Container manages memory: true
      Size: 18808832
      Capacity: 18808832

     Weighting = 1
     Sampling strategy = none
     Number of bins = 32
     Radius = 4
     Sampling percentage  = 1
   Transform = SyN
     Gradient step = 0.1
     Update field sigma (voxel space) = 3
     Total field sigma (voxel space) = 0
     Update field time sigma = 0
     Total field time sigma  = 0
     Number of time indices = 0
     Number of time point samples = 0
Registration using 3 total stages.

Stage 0
  iterations = 1000x500x250x0
  convergence threshold = 1e-06
  convergence window size = 10
  number of levels = 4
  using the Mattes MI metric (number of bins = 32, weight = 1)
  preprocessing:  winsorizing the image intensities
  Shrink factors (level 1 out of 4): [12, 12, 12]
  Shrink factors (level 2 out of 4): [8, 8, 8]
  Shrink factors (level 3 out of 4): [4, 4, 4]
  Shrink factors (level 4 out of 4): [2, 2, 2]
  smoothing sigmas per level: [4, 3, 2, 1]
  regular sampling (percentage = 0.25)

*** Running Euler3DTransform registration ***

DIAGNOSTIC,Iteration,metricValue,convergenceValue,ITERATION_TIME_INDEX,SINCE_LAST
 2DIAGNOSTIC,     1, -4.975247673322e-01, 1.797693134862e+308, 2.1212e+01, 2.1212e+01, 
 2DIAGNOSTIC,     2, -4.991257874864e-01, 1.797693134862e+308, 2.1222e+01, 1.0546e-02, 
 2DIAGNOSTIC,     3, -5.018982619591e-01, 1.797693134862e+308, 2.1233e+01, 1.0158e-02, 
 2DIAGNOSTIC,     4, -5.050299230939e-01, 1.797693134862e+308, 2.1243e+01, 1.0374e-02, 
 2DIAGNOSTIC,     5, -5.065206073628e-01, 1.797693134862e+308, 2.1253e+01, 1.0228e-02, 
 2DIAGNOSTIC,     6, -5.075383757760e-01, 1.797693134862e+308, 2.1263e+01, 1.0272e-02, 
 2DIAGNOSTIC,     7, -5.083885096634e-01, 1.797693134862e+308, 2.1277e+01, 1.3232e-02, 
 2DIAGNOSTIC,     8, -5.086769120198e-01, 1.797693134862e+308, 2.1288e+01, 1.1743e-02, 
 2DIAGNOSTIC,     9, -5.090698222764e-01, 1.797693134862e+308, 2.1299e+01, 1.0330e-02, 
 2DIAGNOSTIC,    10, -5.128617052529e-01, 1.718542429479e-03, 2.1313e+01, 1.4243e-02, 
 2DIAGNOSTIC,    11, -5.179995276269e-01, 1.656489661367e-03, 2.1332e+01, 1.8720e-02, 
 2DIAGNOSTIC,    12, -5.210597266756e-01, 1.667454458624e-03, 2.1343e+01, 1.0983e-02, 
 2DIAGNOSTIC,    13, -5.316011997590e-01, 2.093968745618e-03, 2.1355e+01, 1.2525e-02, 
 2DIAGNOSTIC,    14, -5.341664197126e-01, 2.484314980678e-03, 2.1367e+01, 1.2231e-02, 
 2DIAGNOSTIC,    15, -5.346639810126e-01, 2.667969364054e-03, 2.1381e+01, 1.3539e-02, 
 2DIAGNOSTIC,    16, -5.350835164771e-01, 2.635569627231e-03, 2.1393e+01, 1.2096e-02, 
 2DIAGNOSTIC,    17, -5.349773573480e-01, 2.388864918063e-03, 2.1405e+01, 1.2036e-02, 
 2DIAGNOSTIC,    18, -5.351364769132e-01, 1.962161550539e-03, 2.1416e+01, 1.0433e-02, 
 2DIAGNOSTIC,    19, -5.351432035210e-01, 1.409783494731e-03, 2.1427e+01, 1.1958e-02, 
 2DIAGNOSTIC,    20, -5.355971248433e-01, 9.012386295279e-04, 2.1439e+01, 1.1978e-02, 
 2DIAGNOSTIC,    21, -5.352347819799e-01, 4.850330428155e-04, 2.1450e+01, 1.0440e-02, 
 2DIAGNOSTIC,    22, -5.353933585334e-01, 1.364782297039e-04, 2.1462e+01, 1.2059e-02, 
 2DIAGNOSTIC,    23, -5.355993304865e-01, 5.994664243703e-05, 2.1478e+01, 1.6453e-02, 
 2DIAGNOSTIC,    24, -5.357537191153e-01, 4.572451623130e-05, 2.1490e+01, 1.2005e-02, 
 2DIAGNOSTIC,    25, -5.358358820750e-01, 4.077758417867e-05, 2.1501e+01, 1.0434e-02, 
 2DIAGNOSTIC,    26, -5.357915966478e-01, 4.060826602624e-05, 2.1513e+01, 1.1958e-02, 
 2DIAGNOSTIC,    27, -5.358326245025e-01, 3.555029234595e-05, 2.1525e+01, 1.2117e-02, 
 2DIAGNOSTIC,    28, -5.357788799718e-01, 2.955951605266e-05, 2.1537e+01, 1.2016e-02, 
 2DIAGNOSTIC,    29, -5.357080295450e-01, 1.979081994811e-05, 2.1552e+01, 1.5143e-02, 
 2DIAGNOSTIC,    30, -5.355609812100e-01, 1.475646399066e-05, 2.1562e+01, 1.0308e-02, 
DIAGNOSTIC,Iteration,metricValue,convergenceValue,ITERATION_TIME_INDEX,SINCE_LAST
 2DIAGNOSTIC,     1, -4.543084510857e-01, 1.797693134862e+308, 3.6970e+01, 1.5408e+01, 
 2DIAGNOSTIC,     2, -4.548779859887e-01, 1.797693134862e+308, 3.7026e+01, 5.5640e-02, 
 2DIAGNOSTIC,     3, -4.554445119657e-01, 1.797693134862e+308, 3.7082e+01, 5.5487e-02, 
 2DIAGNOSTIC,     4, -4.555921303780e-01, 1.797693134862e+308, 3.7148e+01, 6.6066e-02, 
 2DIAGNOSTIC,     5, -4.556748587959e-01, 1.797693134862e+308, 3.7203e+01, 5.5502e-02, 
 2DIAGNOSTIC,     6, -4.557699585215e-01, 1.797693134862e+308, 3.7259e+01, 5.5657e-02, 
 2DIAGNOSTIC,     7, -4.558824833878e-01, 1.797693134862e+308, 3.7335e+01, 7.6371e-02, 
 2DIAGNOSTIC,     8, -4.559095573777e-01, 1.797693134862e+308, 3.7401e+01, 6.5892e-02, 
 2DIAGNOSTIC,     9, -4.559944435123e-01, 1.797693134862e+308, 3.7467e+01, 6.6131e-02, 
 2DIAGNOSTIC,    10, -4.560940849345e-01, 2.052372802667e-04, 3.7555e+01, 8.7358e-02, 
 2DIAGNOSTIC,    11, -4.560855781491e-01, 1.268436342279e-04, 3.7610e+01, 5.5888e-02, 
 2DIAGNOSTIC,    12, -4.560550045201e-01, 7.777354999490e-05, 3.7687e+01, 7.7057e-02, 
 2DIAGNOSTIC,    13, -4.560137598151e-01, 5.465589320180e-05, 3.7765e+01, 7.7087e-02, 
 2DIAGNOSTIC,    14, -4.559690539875e-01, 3.465852318767e-05, 3.7831e+01, 6.6295e-02, 
 2DIAGNOSTIC,    15, -4.559230370573e-01, 1.579048535960e-05, 3.7887e+01, 5.5925e-02, 
DIAGNOSTIC,Iteration,metricValue,convergenceValue,ITERATION_TIME_INDEX,SINCE_LAST
 2DIAGNOSTIC,     1, -3.897737423017e-01, 1.797693134862e+308, 4.6771e+01, 8.8840e+00, 
 2DIAGNOSTIC,     2, -3.899621711694e-01, 1.797693134862e+308, 4.7231e+01, 4.6002e-01, 
 2DIAGNOSTIC,     3, -3.901283749681e-01, 1.797693134862e+308, 4.7782e+01, 5.5097e-01, 
 2DIAGNOSTIC,     4, -3.901969016773e-01, 1.797693134862e+308, 4.8242e+01, 4.6014e-01, 
 2DIAGNOSTIC,     5, -3.903260749978e-01, 1.797693134862e+308, 4.8700e+01, 4.5770e-01, 
 2DIAGNOSTIC,     6, -3.905614571401e-01, 1.797693134862e+308, 4.9160e+01, 4.6022e-01, 
 2DIAGNOSTIC,     7, -3.909060986170e-01, 1.797693134862e+308, 4.9618e+01, 4.5773e-01, 
 2DIAGNOSTIC,     8, -3.912650223800e-01, 1.797693134862e+308, 5.0624e+01, 1.0061e+00, 
 2DIAGNOSTIC,     9, -3.912625291712e-01, 1.797693134862e+308, 5.1175e+01, 5.5170e-01, 
 2DIAGNOSTIC,    10, -3.912621924550e-01, 2.791582498870e-04, 5.1730e+01, 5.5414e-01, 
 2DIAGNOSTIC,    11, -3.912572445436e-01, 2.363152855456e-04, 5.2274e+01, 5.4460e-01, 
 2DIAGNOSTIC,    12, -3.912436262327e-01, 1.897017674486e-04, 5.2823e+01, 5.4835e-01, 
 2DIAGNOSTIC,    13, -3.912540074847e-01, 1.430620960189e-04, 5.3369e+01, 5.4651e-01, 
 2DIAGNOSTIC,    14, -3.912417322065e-01, 9.339694945137e-05, 5.3916e+01, 5.4739e-01, 
 2DIAGNOSTIC,    15, -3.912360143248e-01, 4.820092718605e-05, 5.4464e+01, 5.4733e-01, 
 2DIAGNOSTIC,    16, -3.912403048329e-01, 1.508885054581e-05, 5.5100e+01, 6.3579e-01, 
DIAGNOSTIC,Iteration,metricValue,convergenceValue,ITERATION_TIME_INDEX,SINCE_LAST
 2DIAGNOSTIC,     1, -3.402229624029e-01, 1.797693134862e+308, 6.4266e+01, 9.1660e+00, 
  Elapsed time (stage 0): 6.6091e+01


Stage 1
  iterations = 1000x500x250x0
  convergence threshold = 1.0000e-06
  convergence window size = 10
  number of levels = 4
  using the Mattes MI metric (number of bins = 32, weight = 1.0000e+00)
  preprocessing:  winsorizing the image intensities
  Shrink factors (level 1 out of 4): [12, 12, 12]
  Shrink factors (level 2 out of 4): [8, 8, 8]
  Shrink factors (level 3 out of 4): [4, 4, 4]
  Shrink factors (level 4 out of 4): [2, 2, 2]
  smoothing sigmas per level: [4, 3, 2, 1]
  regular sampling (percentage = 2.5000e-01)

*** Running AffineTransform registration ***

DIAGNOSTIC,Iteration,metricValue,convergenceValue,ITERATION_TIME_INDEX,SINCE_LAST
 2DIAGNOSTIC,     1, -5.322828228286e-01, 1.797693134862e+308, 2.1103e+01, 2.1103e+01, 
 2DIAGNOSTIC,     2, -5.332331668386e-01, 1.797693134862e+308, 2.1116e+01, 1.3496e-02, 
 2DIAGNOSTIC,     3, -5.340736015452e-01, 1.797693134862e+308, 2.1129e+01, 1.3404e-02, 
 2DIAGNOSTIC,     4, -5.354497041988e-01, 1.797693134862e+308, 2.1143e+01, 1.3310e-02, 
 2DIAGNOSTIC,     5, -5.368652856462e-01, 1.797693134862e+308, 2.1156e+01, 1.3330e-02, 
 2DIAGNOSTIC,     6, -5.388451816534e-01, 1.797693134862e+308, 2.1171e+01, 1.4818e-02, 
 2DIAGNOSTIC,     7, -5.405538652312e-01, 1.797693134862e+308, 2.1189e+01, 1.8287e-02, 
 2DIAGNOSTIC,     8, -5.409070614736e-01, 1.797693134862e+308, 2.1202e+01, 1.3035e-02, 
 2DIAGNOSTIC,     9, -5.412374087754e-01, 1.797693134862e+308, 2.1215e+01, 1.2900e-02, 
 2DIAGNOSTIC,    10, -5.417612454728e-01, 1.271045015258e-03, 2.1234e+01, 1.8652e-02, 
 2DIAGNOSTIC,    11, -5.419261622221e-01, 1.042388354687e-03, 2.1247e+01, 1.3511e-02, 
 2DIAGNOSTIC,    12, -5.420360324138e-01, 8.049310943539e-04, 2.1263e+01, 1.5452e-02, 
 2DIAGNOSTIC,    13, -5.419623754470e-01, 5.631250542509e-04, 2.1279e+01, 1.6574e-02, 
 2DIAGNOSTIC,    14, -5.421684918599e-01, 3.650858710015e-04, 2.1293e+01, 1.3514e-02, 
 2DIAGNOSTIC,    15, -5.423189083540e-01, 2.139189036457e-04, 2.1306e+01, 1.3510e-02, 
 2DIAGNOSTIC,    16, -5.430784241764e-01, 1.509994055442e-04, 2.1322e+01, 1.5540e-02, 
 2DIAGNOSTIC,    17, -5.429347454500e-01, 1.298109556718e-04, 2.1339e+01, 1.7237e-02, 
 2DIAGNOSTIC,    18, -5.427425947430e-01, 1.043381377004e-04, 2.1353e+01, 1.3912e-02, 
 2DIAGNOSTIC,    19, -5.429206986572e-01, 8.617807546897e-05, 2.1367e+01, 1.3833e-02, 
 2DIAGNOSTIC,    20, -5.431091638990e-01, 8.019698104543e-05, 2.1380e+01, 1.3567e-02, 
 2DIAGNOSTIC,    21, -5.446728590818e-01, 1.102636928456e-04, 2.1394e+01, 1.3861e-02, 
 2DIAGNOSTIC,    22, -5.467620148258e-01, 1.791883218126e-04, 2.1415e+01, 2.0727e-02, 
 2DIAGNOSTIC,    23, -5.477394417009e-01, 2.454589295136e-04, 2.1428e+01, 1.3377e-02, 
 2DIAGNOSTIC,    24, -5.483506955332e-01, 3.016317297213e-04, 2.1443e+01, 1.5081e-02, 
 2DIAGNOSTIC,    25, -5.487854856157e-01, 3.371771943067e-04, 2.1460e+01, 1.6814e-02, 
 2DIAGNOSTIC,    26, -5.485360282155e-01, 3.482848673707e-04, 2.1477e+01, 1.6718e-02, 
 2DIAGNOSTIC,    27, -5.484211099683e-01, 3.206383128442e-04, 2.1491e+01, 1.3546e-02, 
 2DIAGNOSTIC,    28, -5.482765090064e-01, 2.586332409028e-04, 2.1504e+01, 1.3663e-02, 
 2DIAGNOSTIC,    29, -5.481627360413e-01, 1.783588922276e-04, 2.1518e+01, 1.3599e-02, 
 2DIAGNOSTIC,    30, -5.483075923217e-01, 9.233284077140e-05, 2.1531e+01, 1.3536e-02, 
 2DIAGNOSTIC,    31, -5.494333065147e-01, 4.797180671892e-05, 2.1546e+01, 1.5126e-02, 
 2DIAGNOSTIC,    32, -5.516147012685e-01, 7.111154202968e-05, 2.1565e+01, 1.8447e-02, 
 2DIAGNOSTIC,    33, -5.516446213160e-01, 1.012042328050e-04, 2.1580e+01, 1.5533e-02, 
 2DIAGNOSTIC,    34, -5.512557635443e-01, 1.238477259047e-04, 2.1594e+01, 1.3636e-02, 
 2DIAGNOSTIC,    35, -5.515182641827e-01, 1.445759678240e-04, 2.1609e+01, 1.5093e-02, 
 2DIAGNOSTIC,    36, -5.515944802391e-01, 1.473894300827e-04, 2.1623e+01, 1.3796e-02, 
 2DIAGNOSTIC,    37, -5.518923432338e-01, 1.381081618683e-04, 2.1638e+01, 1.5359e-02, 
 2DIAGNOSTIC,    38, -5.524354441861e-01, 1.219029397208e-04, 2.1655e+01, 1.6900e-02, 
 2DIAGNOSTIC,    39, -5.527147212356e-01, 9.775240452892e-05, 2.1672e+01, 1.6448e-02, 
 2DIAGNOSTIC,    40, -5.527343589005e-01, 6.766175776901e-05, 2.1687e+01, 1.5091e-02, 
 2DIAGNOSTIC,    41, -5.527797633273e-01, 4.680873154781e-05, 2.1702e+01, 1.5170e-02, 
 2DIAGNOSTIC,    42, -5.528408846568e-01, 5.033629256023e-05, 2.1715e+01, 1.3493e-02, 
 2DIAGNOSTIC,    43, -5.528594240537e-01, 4.959105050342e-05, 2.1730e+01, 1.4977e-02, 
 2DIAGNOSTIC,    44, -5.528738017995e-01, 3.968894463119e-05, 2.1747e+01, 1.6585e-02, 
 2DIAGNOSTIC,    45, -5.528830885587e-01, 2.976328334587e-05, 2.1760e+01, 1.3354e-02, 
 2DIAGNOSTIC,    46, -5.531046347633e-01, 2.088487015692e-05, 2.1775e+01, 1.5091e-02, 
 2DIAGNOSTIC,    47, -5.531779499871e-01, 1.435546237782e-05, 2.1789e+01, 1.3332e-02, 
 2DIAGNOSTIC,    48, -5.526568677658e-01, 6.956852589050e-06, 2.1804e+01, 1.5281e-02, 
DIAGNOSTIC,Iteration,metricValue,convergenceValue,ITERATION_TIME_INDEX,SINCE_LAST
 2DIAGNOSTIC,     1, -4.725327085937e-01, 1.797693134862e+308, 3.7312e+01, 1.5508e+01, 
 2DIAGNOSTIC,     2, -4.734763400668e-01, 1.797693134862e+308, 3.7378e+01, 6.5937e-02, 
 2DIAGNOSTIC,     3, -4.749566013803e-01, 1.797693134862e+308, 3.7444e+01, 6.6574e-02, 
 2DIAGNOSTIC,     4, -4.760133712779e-01, 1.797693134862e+308, 3.7512e+01, 6.7183e-02, 
 2DIAGNOSTIC,     5, -4.768115948270e-01, 1.797693134862e+308, 3.7579e+01, 6.7417e-02, 
 2DIAGNOSTIC,     6, -4.775314347541e-01, 1.797693134862e+308, 3.7646e+01, 6.7124e-02, 
 2DIAGNOSTIC,     7, -4.788675104065e-01, 1.797693134862e+308, 3.7736e+01, 8.9549e-02, 
 2DIAGNOSTIC,     8, -4.798757613224e-01, 1.797693134862e+308, 3.7824e+01, 8.8601e-02, 
 2DIAGNOSTIC,     9, -4.799654598395e-01, 1.797693134862e+308, 3.7903e+01, 7.8216e-02, 
 2DIAGNOSTIC,    10, -4.799671436421e-01, 1.076185901807e-03, 3.7970e+01, 6.7369e-02, 
 2DIAGNOSTIC,    11, -4.800705069670e-01, 8.364308245088e-04, 3.8037e+01, 6.6626e-02, 
 2DIAGNOSTIC,    12, -4.801888640261e-01, 6.124681792970e-04, 3.8125e+01, 8.8717e-02, 
 2DIAGNOSTIC,    13, -4.803223684828e-01, 4.404149432725e-04, 3.8276e+01, 1.5028e-01, 
 2DIAGNOSTIC,    14, -4.803337821390e-01, 2.987399483301e-04, 3.8342e+01, 6.6942e-02, 
 2DIAGNOSTIC,    15, -4.802843372422e-01, 1.792344393260e-04, 3.8409e+01, 6.6911e-02, 
 2DIAGNOSTIC,    16, -4.802867243835e-01, 8.446182849729e-05, 3.8477e+01, 6.7307e-02, 
 2DIAGNOSTIC,    17, -4.802907315344e-01, 3.904158259779e-05, 3.8556e+01, 7.8918e-02, 
 2DIAGNOSTIC,    18, -4.802947131720e-01, 2.851179009768e-05, 3.8623e+01, 6.7126e-02, 
 2DIAGNOSTIC,    19, -4.802496613896e-01, 1.809404044797e-05, 3.8690e+01, 6.7323e-02, 
 2DIAGNOSTIC,    20, -4.802606790143e-01, 7.657545159696e-06, 3.8758e+01, 6.7768e-02, 
DIAGNOSTIC,Iteration,metricValue,convergenceValue,ITERATION_TIME_INDEX,SINCE_LAST
 2DIAGNOSTIC,     1, -4.049073039560e-01, 1.797693134862e+308, 4.7730e+01, 8.9723e+00, 
 2DIAGNOSTIC,     2, -4.053994430077e-01, 1.797693134862e+308, 4.8262e+01, 5.3185e-01, 
 2DIAGNOSTIC,     3, -4.058153601503e-01, 1.797693134862e+308, 4.8795e+01, 5.3258e-01, 
 2DIAGNOSTIC,     4, -4.060563284285e-01, 1.797693134862e+308, 4.9428e+01, 6.3315e-01, 
 2DIAGNOSTIC,     5, -4.061615815458e-01, 1.797693134862e+308, 4.9962e+01, 5.3382e-01, 
 2DIAGNOSTIC,     6, -4.061711833608e-01, 1.797693134862e+308, 5.0867e+01, 9.0588e-01, 
 2DIAGNOSTIC,     7, -4.061814103661e-01, 1.797693134862e+308, 5.1681e+01, 8.1377e-01, 
 2DIAGNOSTIC,     8, -4.061698250187e-01, 1.797693134862e+308, 5.2494e+01, 8.1320e-01, 
 2DIAGNOSTIC,     9, -4.061602406693e-01, 1.797693134862e+308, 5.3122e+01, 6.2813e-01, 
 2DIAGNOSTIC,    10, -4.061556983053e-01, 1.587501092305e-04, 5.3751e+01, 6.2836e-01, 
 2DIAGNOSTIC,    11, -4.061459773856e-01, 7.432835883582e-05, 5.4384e+01, 6.3287e-01, 
 2DIAGNOSTIC,    12, -4.061415837117e-01, 2.560263998332e-05, 5.4922e+01, 5.3807e-01, 
 2DIAGNOSTIC,    13, -4.061325098755e-01, 3.925091406523e-06, 5.5553e+01, 6.3161e-01, 
DIAGNOSTIC,Iteration,metricValue,convergenceValue,ITERATION_TIME_INDEX,SINCE_LAST
 2DIAGNOSTIC,     1, -3.536237028047e-01, 1.797693134862e+308, 6.5162e+01, 9.6083e+00, 
  Elapsed time (stage 1): 6.7036e+01


Stage 2
  iterations = 100x100x70x50x0
  convergence threshold = 1.0000e-06
  convergence window size = 10
  number of levels = 5
  using the Mattes MI metric (number of bins = 32, weight = 1.0000e+00)
  preprocessing:  winsorizing the image intensities
  Shrink factors (level 1 out of 5): [10, 10, 10]
  Shrink factors (level 2 out of 5): [6, 6, 6]
  Shrink factors (level 3 out of 5): [4, 4, 4]
  Shrink factors (level 4 out of 5): [2, 2, 2]
  Shrink factors (level 5 out of 5): [1, 1, 1]
  smoothing sigmas per level: [5, 3, 2, 1, 0]
  Using default NONE metricSamplingStrategy 

*** Running SyN registration (varianceForUpdateField = 3.0000e+00, varianceForTotalField = 0.0000e+00) ***

XXDIAGNOSTIC,Iteration,metricValue,convergenceValue,ITERATION_TIME_INDEX,SINCE_LAST
 1DIAGNOSTIC,     1, -5.238786041728e-01, 1.797693134862e+308, 3.4053e+01, 3.4053e+01, 
 1DIAGNOSTIC,     2, -5.453400201302e-01, 1.797693134862e+308, 3.4192e+01, 1.3976e-01, 
 1DIAGNOSTIC,     3, -5.591495753568e-01, 1.797693134862e+308, 3.4329e+01, 1.3671e-01, 
 1DIAGNOSTIC,     4, -5.632244734870e-01, 1.797693134862e+308, 3.4463e+01, 1.3380e-01, 
 1DIAGNOSTIC,     5, -5.632590474250e-01, 1.797693134862e+308, 3.4596e+01, 1.3362e-01, 
 1DIAGNOSTIC,     6, -5.618602610757e-01, 1.797693134862e+308, 3.4730e+01, 1.3384e-01, 
 1DIAGNOSTIC,     7, -5.582498240795e-01, 1.797693134862e+308, 3.4864e+01, 1.3389e-01, 
 1DIAGNOSTIC,     8, -5.554579730986e-01, 1.797693134862e+308, 3.4998e+01, 1.3420e-01, 
 1DIAGNOSTIC,     9, -5.551440468035e-01, 1.797693134862e+308, 3.5132e+01, 1.3391e-01, 
 1DIAGNOSTIC,    10, -5.526304617989e-01, 1.654138427680e-03, 3.5267e+01, 1.3495e-01, 
 1DIAGNOSTIC,    11, -5.510908278794e-01, -4.571047532452e-04, 3.5402e+01, 1.3491e-01, 
XXDIAGNOSTIC,Iteration,metricValue,convergenceValue,ITERATION_TIME_INDEX,SINCE_LAST
 1DIAGNOSTIC,     1, -4.373862853826e-01, 1.797693134862e+308, 5.1137e+01, 1.5735e+01, 
 1DIAGNOSTIC,     2, -4.405111538482e-01, 1.797693134862e+308, 5.1703e+01, 5.6618e-01, 
 1DIAGNOSTIC,     3, -4.424140201675e-01, 1.797693134862e+308, 5.2239e+01, 5.3545e-01, 
 1DIAGNOSTIC,     4, -4.425536015677e-01, 1.797693134862e+308, 5.2778e+01, 5.3958e-01, 
 1DIAGNOSTIC,     5, -4.418123671587e-01, 1.797693134862e+308, 5.3312e+01, 5.3436e-01, 
 1DIAGNOSTIC,     6, -4.411528094874e-01, 1.797693134862e+308, 5.3852e+01, 5.3902e-01, 
 1DIAGNOSTIC,     7, -4.402865037995e-01, 1.797693134862e+308, 5.4387e+01, 5.3530e-01, 
 1DIAGNOSTIC,     8, -4.393798153797e-01, 1.797693134862e+308, 5.4922e+01, 5.3518e-01, 
 1DIAGNOSTIC,     9, -4.383020872901e-01, 1.797693134862e+308, 5.5458e+01, 5.3569e-01, 
 1DIAGNOSTIC,    10, -4.372235218952e-01, -3.449144650844e-04, 5.5993e+01, 5.3571e-01, 
XXDIAGNOSTIC,Iteration,metricValue,convergenceValue,ITERATION_TIME_INDEX,SINCE_LAST
 1DIAGNOSTIC,     1, -3.727492401518e-01, 1.797693134862e+308, 6.6131e+01, 1.0137e+01, 
 1DIAGNOSTIC,     2, -3.737545235644e-01, 1.797693134862e+308, 6.7879e+01, 1.7482e+00, 
 1DIAGNOSTIC,     3, -3.744739787041e-01, 1.797693134862e+308, 6.9573e+01, 1.6944e+00, 
 1DIAGNOSTIC,     4, -3.748539430091e-01, 1.797693134862e+308, 7.1265e+01, 1.6920e+00, 
 1DIAGNOSTIC,     5, -3.750016647402e-01, 1.797693134862e+308, 7.2949e+01, 1.6840e+00, 
 1DIAGNOSTIC,     6, -3.749007486421e-01, 1.797693134862e+308, 7.4636e+01, 1.6864e+00, 
 1DIAGNOSTIC,     7, -3.747399945409e-01, 1.797693134862e+308, 7.6328e+01, 1.6925e+00, 
 1DIAGNOSTIC,     8, -3.744506075184e-01, 1.797693134862e+308, 7.8024e+01, 1.6958e+00, 
 1DIAGNOSTIC,     9, -3.740853524140e-01, 1.797693134862e+308, 7.9719e+01, 1.6954e+00, 
 1DIAGNOSTIC,    10, -3.737297515704e-01, 9.303487232684e-05, 8.1405e+01, 1.6862e+00, 
 1DIAGNOSTIC,    11, -3.733201590639e-01, -1.288492133636e-04, 8.3145e+01, 1.7391e+00, 
XXDIAGNOSTIC,Iteration,metricValue,convergenceValue,ITERATION_TIME_INDEX,SINCE_LAST
 1DIAGNOSTIC,     1, -3.161678730726e-01, 1.797693134862e+308, 1.0215e+02, 1.9003e+01, 
 1DIAGNOSTIC,     2, -3.169822744450e-01, 1.797693134862e+308, 1.1521e+02, 1.3062e+01, 
 1DIAGNOSTIC,     3, -3.179911238734e-01, 1.797693134862e+308, 1.2870e+02, 1.3493e+01, 
 1DIAGNOSTIC,     4, -3.189843779572e-01, 1.797693134862e+308, 1.4149e+02, 1.2790e+01, 
 1DIAGNOSTIC,     5, -3.196918065131e-01, 1.797693134862e+308, 1.5409e+02, 1.2597e+01, 
 1DIAGNOSTIC,     6, -3.202889783636e-01, 1.797693134862e+308, 1.6696e+02, 1.2867e+01, 
 1DIAGNOSTIC,     7, -3.207996865581e-01, 1.797693134862e+308, 1.7964e+02, 1.2686e+01, 
 1DIAGNOSTIC,     8, -3.212081320490e-01, 1.797693134862e+308, 1.9224e+02, 1.2594e+01, 
 1DIAGNOSTIC,     9, -3.215602477210e-01, 1.797693134862e+308, 2.0492e+02, 1.2680e+01, 
 1DIAGNOSTIC,    10, -3.219512540756e-01, 1.158260422057e-03, 2.1764e+02, 1.2729e+01, 
 1DIAGNOSTIC,    11, -3.222941361938e-01, 9.216512994177e-04, 2.3029e+02, 1.2647e+01, 
 1DIAGNOSTIC,    12, -3.226203405650e-01, 7.255143740849e-04, 2.4334e+02, 1.3052e+01, 
 1DIAGNOSTIC,    13, -3.229339011295e-01, 5.834744790633e-04, 2.5639e+02, 1.3048e+01, 
 1DIAGNOSTIC,    14, -3.231468514416e-01, 4.846970944366e-04, 2.6942e+02, 1.3030e+01, 
 1DIAGNOSTIC,    15, -3.233439120403e-01, 4.079840095584e-04, 2.8249e+02, 1.3066e+01, 
 1DIAGNOSTIC,    16, -3.235021409691e-01, 3.449731709037e-04, 2.9601e+02, 1.3521e+01, 
 1DIAGNOSTIC,    17, -3.236884164749e-01, 2.937609519499e-04, 3.0949e+02, 1.3482e+01, 
 1DIAGNOSTIC,    18, -3.238083011522e-01, 2.469423469655e-04, 3.2298e+02, 1.3491e+01, 
 1DIAGNOSTIC,    19, -3.238876237682e-01, 2.021912540249e-04, 3.3655e+02, 1.3570e+01, 
 1DIAGNOSTIC,    20, -3.239663006896e-01, 1.639417004531e-04, 3.5024e+02, 1.3691e+01, 
 1DIAGNOSTIC,    21, -3.240611235678e-01, 1.324311028381e-04, 3.6370e+02, 1.3460e+01, 
 1DIAGNOSTIC,    22, -3.241516512436e-01, 1.080065262496e-04, 3.7723e+02, 1.3528e+01, 
 1DIAGNOSTIC,    23, -3.242398066047e-01, 9.101409772050e-05, 3.9084e+02, 1.3610e+01, 
 1DIAGNOSTIC,    24, -3.243593199614e-01, 7.918065661550e-05, 4.0430e+02, 1.3460e+01, 
 1DIAGNOSTIC,    25, -3.244380671840e-01, 7.061697712010e-05, 4.1779e+02, 1.3486e+01, 
 1DIAGNOSTIC,    26, -3.245609005596e-01, 6.559191513764e-05, 4.3128e+02, 1.3494e+01, 
 1DIAGNOSTIC,    27, -3.246489863587e-01, 6.371254024919e-05, 4.4474e+02, 1.3464e+01, 
 1DIAGNOSTIC,    28, -3.246812928926e-01, 6.080837218125e-05, 4.5823e+02, 1.3490e+01, 
 1DIAGNOSTIC,    29, -3.247276080285e-01, 5.628747599008e-05, 4.7178e+02, 1.3551e+01, 
 1DIAGNOSTIC,    30, -3.247217648834e-01, 4.893681760461e-05, 4.8531e+02, 1.3521e+01, 
 1DIAGNOSTIC,    31, -3.247423596813e-01, 4.078483963436e-05, 4.9880e+02, 1.3498e+01, 
 1DIAGNOSTIC,    32, -3.247727595639e-01, 3.266010379075e-05, 5.1239e+02, 1.3587e+01, 
 1DIAGNOSTIC,    33, -3.247415914828e-01, 2.349007293057e-05, 5.2588e+02, 1.3485e+01, 
 1DIAGNOSTIC,    34, -3.247060870304e-01, 1.493689288589e-05, 5.3935e+02, 1.3478e+01, 
 1DIAGNOSTIC,    35, -3.247273311422e-01, 8.037360112890e-06, 5.5284e+02, 1.3490e+01, 
 1DIAGNOSTIC,    36, -3.247150742630e-01, 3.467997894444e-06, 5.6640e+02, 1.3559e+01, 
 1DIAGNOSTIC,    37, -3.247319984881e-01, 1.378186047781e-06, 5.7989e+02, 1.3487e+01, 
 1DIAGNOSTIC,    38, -3.247860502546e-01, 1.331526859067e-06, 5.9343e+02, 1.3543e+01, 
 1DIAGNOSTIC,    39, -3.248092914496e-01, 2.810140243507e-06, 6.0695e+02, 1.3516e+01, 
 1DIAGNOSTIC,    40, -3.248508236165e-01, 4.795352021910e-06, 6.2043e+02, 1.3476e+01, 
 1DIAGNOSTIC,    41, -3.248580641587e-01, 6.860755313590e-06, 6.3391e+02, 1.3479e+01, 
 1DIAGNOSTIC,    42, -3.248603512131e-01, 8.953095009600e-06, 6.4742e+02, 1.3514e+01, 
 1DIAGNOSTIC,    43, -3.248417115603e-01, 9.160895178752e-06, 6.6085e+02, 1.3428e+01, 
 1DIAGNOSTIC,    44, -3.248434844991e-01, 7.869434088037e-06, 6.7431e+02, 1.3459e+01, 
 1DIAGNOSTIC,    45, -3.248180384517e-01, 5.878025039034e-06, 6.8773e+02, 1.3427e+01, 
 1DIAGNOSTIC,    46, -3.247853256360e-01, 2.633164306515e-06, 7.0118e+02, 1.3446e+01, 
 1DIAGNOSTIC,    47, -3.247688661081e-01, -6.485150967593e-07, 7.1479e+02, 1.3606e+01, 
  Elapsed time (stage 2): 735.8


Total elapsed time: 869

--- Writing output images ---

Using double precision for computations.
Input scalar image: data/Segmentations/1011_3_seg.nii.gz
Reference image: data/template/T_template0_BrainCerebellum.nii.gz
=============================================================================
The composite transform comprises the following transforms (in order): 
  1. /tmp/1993560.1.basic.q/1011_ToTemplate_007_0GenericAffine.mat (type = AffineTransform)
  2. /tmp/1993560.1.basic.q/1011_ToTemplate_007_1Warp.nii.gz (type = DisplacementFieldTransform)
=============================================================================
Default pixel value: 0
Interpolation type: LabelImageGenericInterpolateImageFunction
Output warped image: output/1011/1011_WarpedLabels_007.nii.gz

--- Done ---

