
--- Running on compute-1-0.local ---


--- registration call ---
/data/jet/pcook/bin/antsBuild/bin/antsRegistrationSyNQuick.sh -d 3 -f data/template/T_template0_BrainCerebellum.nii.gz -m data/Brains/1005_3.nii.gz -t s -p f -n 2 -o /tmp/1971857.1.basic.q/1005_ToTemplate_005_
---


--------------------------------------------------------------------------------------
 Mapping parameters
--------------------------------------------------------------------------------------
 ANTSPATH is /data/jet/pcook/bin/antsBuild/bin/

 Dimensionality:           3
 Output name prefix:       /tmp/1971857.1.basic.q/1005_ToTemplate_005_
 Fixed images:             data/template/T_template0_BrainCerebellum.nii.gz
 Moving images:            data/Brains/1005_3.nii.gz
 Mask images:              
 Initial transforms:       
 Number of threads:        2
 Spline distance:          26
 Transform type:           s
 MI histogram bins:        32
 Precision:                f
 Use histogram matching    0
======================================================================================
 antsRegistration call:
--------------------------------------------------------------------------------------
/data/jet/pcook/bin/antsBuild/bin//antsRegistration --verbose 1 --dimensionality 3 --float 1 --collapse-output-transforms 1 --output [/tmp/1971857.1.basic.q/1005_ToTemplate_005_,/tmp/1971857.1.basic.q/1005_ToTemplate_005_Warped.nii.gz,/tmp/1971857.1.basic.q/1005_ToTemplate_005_InverseWarped.nii.gz] --interpolation Linear --use-histogram-matching 0 --winsorize-image-intensities [0.005,0.995] --initial-moving-transform [data/template/T_template0_BrainCerebellum.nii.gz,data/Brains/1005_3.nii.gz,1] --transform Rigid[0.1] --metric MI[data/template/T_template0_BrainCerebellum.nii.gz,data/Brains/1005_3.nii.gz,1,32,Regular,0.25] --convergence [1000x500x250x0,1e-6,10] --shrink-factors 12x8x4x2 --smoothing-sigmas 4x3x2x1vox --transform Affine[0.1] --metric MI[data/template/T_template0_BrainCerebellum.nii.gz,data/Brains/1005_3.nii.gz,1,32,Regular,0.25] --convergence [1000x500x250x0,1e-6,10] --shrink-factors 12x8x4x2 --smoothing-sigmas 4x3x2x1vox --transform SyN[0.1,3,0] --metric MI[data/template/T_template0_BrainCerebellum.nii.gz,data/Brains/1005_3.nii.gz,1,32] --convergence [100x100x70x50x0,1e-6,10] --shrink-factors 10x6x4x2x1 --smoothing-sigmas 5x3x2x1x0vox
--------------------------------------------------------------------------------------
All_Command_lines_OK
Using single precision for computations.
=============================================================================
The composite transform comprises the following transforms (in order): 
  1. Center of mass alignment using fixed image: data/template/T_template0_BrainCerebellum.nii.gz and moving image: data/Brains/1005_3.nii.gz (type = Euler3DTransform)
=============================================================================
  number of levels = 4
  number of levels = 4
  number of levels = 5
  fixed image: data/template/T_template0_BrainCerebellum.nii.gz
  moving image: data/Brains/1005_3.nii.gz
  fixed image: data/template/T_template0_BrainCerebellum.nii.gz
  moving image: data/Brains/1005_3.nii.gz
  fixed image: data/template/T_template0_BrainCerebellum.nii.gz
  moving image: data/Brains/1005_3.nii.gz
Dimension = 3
Number of stages = 3
Use Histogram Matching false
Winsorize image intensities true
Lower quantile = 0.005
Upper quantile = 0.995
Stage 1 State
   Image metric = Mattes
     Fixed image = Image (0x3c33670)
  RTTI typeinfo:   itk::Image<float, 3u>
  Reference Count: 2
  Modified Time: 1611
  Debug: Off
  Object Name: 
  Observers: 
    none
  Source: (none)
  Source output name: (none)
  Release Data: Off
  Data Released: False
  Global Release Data: Off
  PipelineMTime: 0
  UpdateMTime: 1422
  RealTimeStamp: 0 seconds 
  LargestPossibleRegion: 
    Dimension: 3
    Index: [0, 0, 0]
    Size: [216, 256, 291]
  BufferedRegion: 
    Dimension: 3
    Index: [0, 0, 0]
    Size: [216, 256, 291]
  RequestedRegion: 
    Dimension: 3
    Index: [0, 0, 0]
    Size: [216, 256, 291]
  Spacing: [1, 1, 1]
  Origin: [0, 293, 0]
  Direction: 
1 0 0
0 -0 -1
0 -1 -0

  IndexToPointMatrix: 
1 0 0
0 0 -1
0 -1 0

  PointToIndexMatrix: 
1 0 0
0 0 -1
0 -1 0

  Inverse Direction: 
1 0 0
0 0 -1
0 -1 0

  PixelContainer: 
    ImportImageContainer (0x3c187f0)
      RTTI typeinfo:   itk::ImportImageContainer<unsigned long, float>
      Reference Count: 1
      Modified Time: 1419
      Debug: Off
      Object Name: 
      Observers: 
        none
      Pointer: 0x7f6ddbd58010
      Container manages memory: true
      Size: 16091136
      Capacity: 16091136

     Moving image = Image (0x3c340b0)
  RTTI typeinfo:   itk::Image<float, 3u>
  Reference Count: 2
  Modified Time: 1612
  Debug: Off
  Object Name: 
  Observers: 
    none
  Source: (none)
  Source output name: (none)
  Release Data: Off
  Data Released: False
  Global Release Data: Off
  PipelineMTime: 0
  UpdateMTime: 1609
  RealTimeStamp: 0 seconds 
  LargestPossibleRegion: 
    Dimension: 3
    Index: [0, 0, 0]
    Size: [256, 256, 284]
  BufferedRegion: 
    Dimension: 3
    Index: [0, 0, 0]
    Size: [256, 256, 284]
  RequestedRegion: 
    Dimension: 3
    Index: [0, 0, 0]
    Size: [256, 256, 284]
  Spacing: [1, 1, 1]
  Origin: [0, 283, 0]
  Direction: 
1 0 0
0 -0 -1
0 -1 -0

  IndexToPointMatrix: 
1 0 0
0 0 -1
0 -1 0

  PointToIndexMatrix: 
1 0 0
0 0 -1
0 -1 0

  Inverse Direction: 
1 0 0
0 0 -1
0 -1 0

  PixelContainer: 
    ImportImageContainer (0x3c36500)
      RTTI typeinfo:   itk::ImportImageContainer<unsigned long, float>
      Reference Count: 1
      Modified Time: 1606
      Debug: Off
      Object Name: 
      Observers: 
        none
      Pointer: 0x7f6dd7657010
      Container manages memory: true
      Size: 18612224
      Capacity: 18612224

     Weighting = 1
     Sampling strategy = regular
     Number of bins = 32
     Radius = 4
     Sampling percentage  = 0.25
   Transform = Rigid
     Gradient step = 0.1
     Update field sigma (voxel space) = 0
     Total field sigma (voxel space) = 0
     Update field time sigma = 0
     Total field time sigma  = 0
     Number of time indices = 0
     Number of time point samples = 0
Stage 2 State
   Image metric = Mattes
     Fixed image = Image (0x3c3e910)
  RTTI typeinfo:   itk::Image<float, 3u>
  Reference Count: 2
  Modified Time: 1987
  Debug: Off
  Object Name: 
  Observers: 
    none
  Source: (none)
  Source output name: (none)
  Release Data: Off
  Data Released: False
  Global Release Data: Off
  PipelineMTime: 0
  UpdateMTime: 1798
  RealTimeStamp: 0 seconds 
  LargestPossibleRegion: 
    Dimension: 3
    Index: [0, 0, 0]
    Size: [216, 256, 291]
  BufferedRegion: 
    Dimension: 3
    Index: [0, 0, 0]
    Size: [216, 256, 291]
  RequestedRegion: 
    Dimension: 3
    Index: [0, 0, 0]
    Size: [216, 256, 291]
  Spacing: [1, 1, 1]
  Origin: [0, 293, 0]
  Direction: 
1 0 0
0 -0 -1
0 -1 -0

  IndexToPointMatrix: 
1 0 0
0 0 -1
0 -1 0

  PointToIndexMatrix: 
1 0 0
0 0 -1
0 -1 0

  Inverse Direction: 
1 0 0
0 0 -1
0 -1 0

  PixelContainer: 
    ImportImageContainer (0x3c3f1b0)
      RTTI typeinfo:   itk::ImportImageContainer<unsigned long, float>
      Reference Count: 1
      Modified Time: 1795
      Debug: Off
      Object Name: 
      Observers: 
        none
      Pointer: 0x7f6dd38f4010
      Container manages memory: true
      Size: 16091136
      Capacity: 16091136

     Moving image = Image (0x3c3eca0)
  RTTI typeinfo:   itk::Image<float, 3u>
  Reference Count: 2
  Modified Time: 1988
  Debug: Off
  Object Name: 
  Observers: 
    none
  Source: (none)
  Source output name: (none)
  Release Data: Off
  Data Released: False
  Global Release Data: Off
  PipelineMTime: 0
  UpdateMTime: 1985
  RealTimeStamp: 0 seconds 
  LargestPossibleRegion: 
    Dimension: 3
    Index: [0, 0, 0]
    Size: [256, 256, 284]
  BufferedRegion: 
    Dimension: 3
    Index: [0, 0, 0]
    Size: [256, 256, 284]
  RequestedRegion: 
    Dimension: 3
    Index: [0, 0, 0]
    Size: [256, 256, 284]
  Spacing: [1, 1, 1]
  Origin: [0, 283, 0]
  Direction: 
1 0 0
0 -0 -1
0 -1 -0

  IndexToPointMatrix: 
1 0 0
0 0 -1
0 -1 0

  PointToIndexMatrix: 
1 0 0
0 0 -1
0 -1 0

  Inverse Direction: 
1 0 0
0 0 -1
0 -1 0

  PixelContainer: 
    ImportImageContainer (0x3c3f7b0)
      RTTI typeinfo:   itk::ImportImageContainer<unsigned long, float>
      Reference Count: 1
      Modified Time: 1982
      Debug: Off
      Object Name: 
      Observers: 
        none
      Pointer: 0x7f6dcf1f3010
      Container manages memory: true
      Size: 18612224
      Capacity: 18612224

     Weighting = 1
     Sampling strategy = regular
     Number of bins = 32
     Radius = 4
     Sampling percentage  = 0.25
   Transform = Affine
     Gradient step = 0.1
     Update field sigma (voxel space) = 0
     Total field sigma (voxel space) = 0
     Update field time sigma = 0
     Total field time sigma  = 0
     Number of time indices = 0
     Number of time point samples = 0
Stage 3 State
   Image metric = Mattes
     Fixed image = Image (0x3c459a0)
  RTTI typeinfo:   itk::Image<float, 3u>
  Reference Count: 2
  Modified Time: 2363
  Debug: Off
  Object Name: 
  Observers: 
    none
  Source: (none)
  Source output name: (none)
  Release Data: Off
  Data Released: False
  Global Release Data: Off
  PipelineMTime: 0
  UpdateMTime: 2174
  RealTimeStamp: 0 seconds 
  LargestPossibleRegion: 
    Dimension: 3
    Index: [0, 0, 0]
    Size: [216, 256, 291]
  BufferedRegion: 
    Dimension: 3
    Index: [0, 0, 0]
    Size: [216, 256, 291]
  RequestedRegion: 
    Dimension: 3
    Index: [0, 0, 0]
    Size: [216, 256, 291]
  Spacing: [1, 1, 1]
  Origin: [0, 293, 0]
  Direction: 
1 0 0
0 -0 -1
0 -1 -0

  IndexToPointMatrix: 
1 0 0
0 0 -1
0 -1 0

  PointToIndexMatrix: 
1 0 0
0 0 -1
0 -1 0

  Inverse Direction: 
1 0 0
0 0 -1
0 -1 0

  PixelContainer: 
    ImportImageContainer (0x3c45c30)
      RTTI typeinfo:   itk::ImportImageContainer<unsigned long, float>
      Reference Count: 1
      Modified Time: 2171
      Debug: Off
      Object Name: 
      Observers: 
        none
      Pointer: 0x7f6dcb490010
      Container manages memory: true
      Size: 16091136
      Capacity: 16091136

     Moving image = Image (0x3c48360)
  RTTI typeinfo:   itk::Image<float, 3u>
  Reference Count: 2
  Modified Time: 2364
  Debug: Off
  Object Name: 
  Observers: 
    none
  Source: (none)
  Source output name: (none)
  Release Data: Off
  Data Released: False
  Global Release Data: Off
  PipelineMTime: 0
  UpdateMTime: 2361
  RealTimeStamp: 0 seconds 
  LargestPossibleRegion: 
    Dimension: 3
    Index: [0, 0, 0]
    Size: [256, 256, 284]
  BufferedRegion: 
    Dimension: 3
    Index: [0, 0, 0]
    Size: [256, 256, 284]
  RequestedRegion: 
    Dimension: 3
    Index: [0, 0, 0]
    Size: [256, 256, 284]
  Spacing: [1, 1, 1]
  Origin: [0, 283, 0]
  Direction: 
1 0 0
0 -0 -1
0 -1 -0

  IndexToPointMatrix: 
1 0 0
0 0 -1
0 -1 0

  PointToIndexMatrix: 
1 0 0
0 0 -1
0 -1 0

  Inverse Direction: 
1 0 0
0 0 -1
0 -1 0

  PixelContainer: 
    ImportImageContainer (0x3c485f0)
      RTTI typeinfo:   itk::ImportImageContainer<unsigned long, float>
      Reference Count: 1
      Modified Time: 2358
      Debug: Off
      Object Name: 
      Observers: 
        none
      Pointer: 0x7f6dc6d8f010
      Container manages memory: true
      Size: 18612224
      Capacity: 18612224

     Weighting = 1
     Sampling strategy = none
     Number of bins = 32
     Radius = 4
     Sampling percentage  = 1
   Transform = SyN
     Gradient step = 0.1
     Update field sigma (voxel space) = 3
     Total field sigma (voxel space) = 0
     Update field time sigma = 0
     Total field time sigma  = 0
     Number of time indices = 0
     Number of time point samples = 0
Registration using 3 total stages.

Stage 0
  iterations = 1000x500x250x0
  convergence threshold = 1e-06
  convergence window size = 10
  number of levels = 4
  using the Mattes MI metric (number of bins = 32, weight = 1)
  preprocessing:  winsorizing the image intensities
  Shrink factors (level 1 out of 4): [12, 12, 12]
  Shrink factors (level 2 out of 4): [8, 8, 8]
  Shrink factors (level 3 out of 4): [4, 4, 4]
  Shrink factors (level 4 out of 4): [2, 2, 2]
  smoothing sigmas per level: [4, 3, 2, 1]
  regular sampling (percentage = 0.25)

*** Running Euler3DTransform registration ***

DIAGNOSTIC,Iteration,metricValue,convergenceValue,ITERATION_TIME_INDEX,SINCE_LAST
 2DIAGNOSTIC,     1, -4.778066277504e-01, inf, 1.8441e+01, 1.8441e+01, 
 2DIAGNOSTIC,     2, -4.788424372673e-01, inf, 1.8452e+01, 1.0602e-02, 
 2DIAGNOSTIC,     3, -4.798284471035e-01, inf, 1.8462e+01, 1.0468e-02, 
 2DIAGNOSTIC,     4, -4.807963967323e-01, inf, 1.8472e+01, 1.0460e-02, 
 2DIAGNOSTIC,     5, -4.808839559555e-01, inf, 1.8483e+01, 1.0366e-02, 
 2DIAGNOSTIC,     6, -4.809596538544e-01, inf, 1.8495e+01, 1.1942e-02, 
 2DIAGNOSTIC,     7, -4.809964597225e-01, inf, 1.8510e+01, 1.5243e-02, 
 2DIAGNOSTIC,     8, -4.810096323490e-01, inf, 1.8520e+01, 1.0282e-02, 
 2DIAGNOSTIC,     9, -4.811159968376e-01, inf, 1.8532e+01, 1.2013e-02, 
 2DIAGNOSTIC,    10, -4.817084670067e-01, 4.068585403729e-04, 1.8545e+01, 1.2810e-02, 
 2DIAGNOSTIC,    11, -4.815756380558e-01, 2.537179389037e-04, 1.8558e+01, 1.2569e-02, 
 2DIAGNOSTIC,    12, -4.814153611660e-01, 1.466486573918e-04, 1.8569e+01, 1.0893e-02, 
 2DIAGNOSTIC,    13, -4.814207553864e-01, 8.755487942835e-05, 1.8581e+01, 1.2548e-02, 
 2DIAGNOSTIC,    14, -4.814246594906e-01, 6.983611092437e-05, 1.8595e+01, 1.4158e-02, 
 2DIAGNOSTIC,    15, -4.814280271530e-01, 5.134530510986e-05, 1.8608e+01, 1.2535e-02, 
 2DIAGNOSTIC,    16, -4.814307093620e-01, 3.360654955031e-05, 1.8620e+01, 1.2515e-02, 
 2DIAGNOSTIC,    17, -4.814330339432e-01, 1.688656448096e-05, 1.8631e+01, 1.0900e-02, 
 2DIAGNOSTIC,    18, -4.814361035824e-01, 1.253338723473e-06, 1.8642e+01, 1.0887e-02, 
DIAGNOSTIC,Iteration,metricValue,convergenceValue,ITERATION_TIME_INDEX,SINCE_LAST
 2DIAGNOSTIC,     1, -4.159182310104e-01, inf, 3.2624e+01, 1.3982e+01, 
 2DIAGNOSTIC,     2, -4.164232313633e-01, inf, 3.2677e+01, 5.3616e-02, 
 2DIAGNOSTIC,     3, -4.172338545322e-01, inf, 3.2731e+01, 5.3646e-02, 
 2DIAGNOSTIC,     4, -4.189065992832e-01, inf, 3.2795e+01, 6.3715e-02, 
 2DIAGNOSTIC,     5, -4.203490018845e-01, inf, 3.2996e+01, 2.0164e-01, 
 2DIAGNOSTIC,     6, -4.203484356403e-01, inf, 3.3050e+01, 5.3312e-02, 
 2DIAGNOSTIC,     7, -4.203494489193e-01, inf, 3.3103e+01, 5.3467e-02, 
 2DIAGNOSTIC,     8, -4.203514158726e-01, inf, 3.3157e+01, 5.3346e-02, 
 2DIAGNOSTIC,     9, -4.203138053417e-01, inf, 3.3210e+01, 5.3488e-02, 
 2DIAGNOSTIC,    10, -4.203195571899e-01, 7.263446459547e-04, 3.3264e+01, 5.4202e-02, 
 2DIAGNOSTIC,    11, -4.203293621540e-01, 4.708114429377e-04, 3.3319e+01, 5.4342e-02, 
 2DIAGNOSTIC,    12, -4.203454554081e-01, 2.465731522534e-04, 3.3373e+01, 5.4008e-02, 
 2DIAGNOSTIC,    13, -4.203725755215e-01, 7.696821558056e-05, 3.3427e+01, 5.4263e-02, 
 2DIAGNOSTIC,    14, -4.204133749008e-01, 5.825448624819e-06, 3.3491e+01, 6.4119e-02, 
 2DIAGNOSTIC,    15, -4.203733205795e-01, 7.182797617133e-06, 3.3545e+01, 5.4140e-02, 
 2DIAGNOSTIC,    16, -4.204371571541e-01, 1.063633044396e-05, 3.3599e+01, 5.4140e-02, 
 2DIAGNOSTIC,    17, -4.205291867256e-01, 1.649542537052e-05, 3.3664e+01, 6.4366e-02, 
 2DIAGNOSTIC,    18, -4.205725193024e-01, 2.198514266638e-05, 3.3718e+01, 5.4172e-02, 
 2DIAGNOSTIC,    19, -4.206865131855e-01, 2.776188557618e-05, 3.3772e+01, 5.4225e-02, 
 2DIAGNOSTIC,    20, -4.207780063152e-01, 3.380734779057e-05, 3.3826e+01, 5.4120e-02, 
 2DIAGNOSTIC,    21, -4.209202528000e-01, 4.113483737456e-05, 3.3881e+01, 5.4403e-02, 
 2DIAGNOSTIC,    22, -4.211978316307e-01, 5.300661723595e-05, 3.3935e+01, 5.4201e-02, 
 2DIAGNOSTIC,    23, -4.216412603855e-01, 7.266044121934e-05, 3.3989e+01, 5.4169e-02, 
 2DIAGNOSTIC,    24, -4.220116734505e-01, 9.540969767841e-05, 3.4074e+01, 8.5305e-02, 
 2DIAGNOSTIC,    25, -4.221481382847e-01, 1.100174922612e-04, 3.4139e+01, 6.4790e-02, 
 2DIAGNOSTIC,    26, -4.221143722534e-01, 1.141509128502e-04, 3.4193e+01, 5.4359e-02, 
 2DIAGNOSTIC,    27, -4.224120676517e-01, 1.171846161014e-04, 3.4258e+01, 6.4289e-02, 
 2DIAGNOSTIC,    28, -4.227102100849e-01, 1.169058814412e-04, 3.4322e+01, 6.4202e-02, 
 2DIAGNOSTIC,    29, -4.228252768517e-01, 1.108134165406e-04, 3.4376e+01, 5.4352e-02, 
 2DIAGNOSTIC,    30, -4.229997694492e-01, 1.009301631711e-04, 3.4431e+01, 5.4266e-02, 
 2DIAGNOSTIC,    31, -4.237825572491e-01, 1.024711673381e-04, 3.4515e+01, 8.4347e-02, 
 2DIAGNOSTIC,    32, -4.241190552711e-01, 1.066220720531e-04, 3.4579e+01, 6.4071e-02, 
 2DIAGNOSTIC,    33, -4.241775870323e-01, 1.104997063521e-04, 3.4633e+01, 5.4237e-02, 
 2DIAGNOSTIC,    34, -4.242370426655e-01, 1.125243361457e-04, 3.4687e+01, 5.4199e-02, 
 2DIAGNOSTIC,    35, -4.244394302368e-01, 1.105117844418e-04, 3.4751e+01, 6.4082e-02, 
 2DIAGNOSTIC,    36, -4.244334399700e-01, 9.702846728032e-05, 3.4826e+01, 7.4148e-02, 
 2DIAGNOSTIC,    37, -4.245220422745e-01, 8.200076263165e-05, 3.4890e+01, 6.4450e-02, 
 2DIAGNOSTIC,    38, -4.245964586735e-01, 6.683106039418e-05, 3.4945e+01, 5.5438e-02, 
 2DIAGNOSTIC,    39, -4.248259067535e-01, 5.223126208875e-05, 3.5022e+01, 7.6563e-02, 
 2DIAGNOSTIC,    40, -4.248256087303e-01, 3.597561226343e-05, 3.5096e+01, 7.3840e-02, 
 2DIAGNOSTIC,    41, -4.248351156712e-01, 3.010832006112e-05, 3.5160e+01, 6.4009e-02, 
 2DIAGNOSTIC,    42, -4.247988164425e-01, 2.660545578692e-05, 3.5214e+01, 5.4051e-02, 
 2DIAGNOSTIC,    43, -4.247618615627e-01, 2.112588845193e-05, 3.5268e+01, 5.4131e-02, 
 2DIAGNOSTIC,    44, -4.247714281082e-01, 1.488665020588e-05, 3.5332e+01, 6.3990e-02, 
 2DIAGNOSTIC,    45, -4.247749745846e-01, 1.065942979039e-05, 3.5386e+01, 5.4183e-02, 
 2DIAGNOSTIC,    46, -4.248261749744e-01, 6.349258001137e-06, 3.5460e+01, 7.3818e-02, 
 2DIAGNOSTIC,    47, -4.248285889626e-01, 2.987950210809e-06, 3.5514e+01, 5.4208e-02, 
DIAGNOSTIC,Iteration,metricValue,convergenceValue,ITERATION_TIME_INDEX,SINCE_LAST
 2DIAGNOSTIC,     1, -3.551126420498e-01, inf, 4.4212e+01, 8.6974e+00, 
 2DIAGNOSTIC,     2, -3.552256822586e-01, inf, 4.4720e+01, 5.0780e-01, 
 2DIAGNOSTIC,     3, -3.552495837212e-01, inf, 4.5400e+01, 6.8001e-01, 
 2DIAGNOSTIC,     4, -3.552515208721e-01, inf, 4.5907e+01, 5.0751e-01, 
 2DIAGNOSTIC,     5, -3.552502393723e-01, inf, 4.6664e+01, 7.5700e-01, 
 2DIAGNOSTIC,     6, -3.552468121052e-01, inf, 4.7172e+01, 5.0773e-01, 
 2DIAGNOSTIC,     7, -3.552482426167e-01, inf, 4.7679e+01, 5.0755e-01, 
 2DIAGNOSTIC,     8, -3.552447855473e-01, inf, 4.8105e+01, 4.2603e-01, 
 2DIAGNOSTIC,     9, -3.552419543266e-01, inf, 4.8615e+01, 5.0931e-01, 
 2DIAGNOSTIC,    10, -3.552428781986e-01, 1.430081192666e-05, 4.9042e+01, 4.2746e-01, 
 2DIAGNOSTIC,    11, -3.552404046059e-01, 2.880119836846e-06, 4.9468e+01, 4.2562e-01, 
 2DIAGNOSTIC,    12, -3.552440106869e-01, 1.098002599065e-06, 4.9977e+01, 5.0940e-01, 
 2DIAGNOSTIC,    13, -3.552470207214e-01, 1.375345391352e-06, 5.0402e+01, 4.2524e-01, 
 2DIAGNOSTIC,    14, -3.552472591400e-01, 1.834332692852e-06, 5.0913e+01, 5.1105e-01, 
 2DIAGNOSTIC,    15, -3.552545905113e-01, 2.602853101052e-06, 5.1339e+01, 4.2517e-01, 
 2DIAGNOSTIC,    16, -3.552512824535e-01, 2.881212594730e-06, 5.1764e+01, 4.2563e-01, 
 2DIAGNOSTIC,    17, -3.552594780922e-01, 3.507217115839e-06, 5.2190e+01, 4.2532e-01, 
 2DIAGNOSTIC,    18, -3.552758991718e-01, 4.481239102461e-06, 5.2699e+01, 5.0912e-01, 
 2DIAGNOSTIC,    19, -3.552796840668e-01, 5.121789854456e-06, 5.3127e+01, 4.2788e-01, 
 2DIAGNOSTIC,    20, -3.552978634834e-01, 6.153036338219e-06, 5.3638e+01, 5.1148e-01, 
 2DIAGNOSTIC,    21, -3.553160130978e-01, 7.247816029121e-06, 5.4065e+01, 4.2718e-01, 
 2DIAGNOSTIC,    22, -3.553408980370e-01, 8.729610271985e-06, 5.4492e+01, 4.2725e-01, 
 2DIAGNOSTIC,    23, -3.553850054741e-01, 1.102276200982e-05, 5.4919e+01, 4.2649e-01, 
 2DIAGNOSTIC,    24, -3.554301261902e-01, 1.370045993099e-05, 5.5347e+01, 4.2849e-01, 
 2DIAGNOSTIC,    25, -3.555100262165e-01, 1.778392470442e-05, 5.5859e+01, 5.1192e-01, 
 2DIAGNOSTIC,    26, -3.555533289909e-01, 2.118548036378e-05, 5.6539e+01, 6.7924e-01, 
 2DIAGNOSTIC,    27, -3.555549383163e-01, 2.273563404742e-05, 5.7048e+01, 5.0948e-01, 
 2DIAGNOSTIC,    28, -3.555549979210e-01, 2.264621252834e-05, 5.7563e+01, 5.1509e-01, 
 2DIAGNOSTIC,    29, -3.555511534214e-01, 2.051892442978e-05, 5.8072e+01, 5.0855e-01, 
 2DIAGNOSTIC,    30, -3.555549979210e-01, 1.725655965856e-05, 5.8581e+01, 5.0953e-01, 
 2DIAGNOSTIC,    31, -3.555498719215e-01, 1.299135146837e-05, 5.9090e+01, 5.0890e-01, 
 2DIAGNOSTIC,    32, -3.555476367474e-01, 8.438341865258e-06, 5.9518e+01, 4.2747e-01, 
 2DIAGNOSTIC,    33, -3.555424511433e-01, 4.409614120959e-06, 5.9943e+01, 4.2533e-01, 
 2DIAGNOSTIC,    34, -3.555381000042e-01, 1.211053131556e-06, 6.0452e+01, 5.0895e-01, 
DIAGNOSTIC,Iteration,metricValue,convergenceValue,ITERATION_TIME_INDEX,SINCE_LAST
 2DIAGNOSTIC,     1, -3.088546395302e-01, inf, 6.9305e+01, 8.8526e+00, 
  Elapsed time (stage 0): 7.1080e+01


Stage 1
  iterations = 1000x500x250x0
  convergence threshold = 1.0000e-06
  convergence window size = 10
  number of levels = 4
  using the Mattes MI metric (number of bins = 32, weight = 1.0000e+00)
  preprocessing:  winsorizing the image intensities
  Shrink factors (level 1 out of 4): [12, 12, 12]
  Shrink factors (level 2 out of 4): [8, 8, 8]
  Shrink factors (level 3 out of 4): [4, 4, 4]
  Shrink factors (level 4 out of 4): [2, 2, 2]
  smoothing sigmas per level: [4, 3, 2, 1]
  regular sampling (percentage = 2.5000e-01)

*** Running AffineTransform registration ***

DIAGNOSTIC,Iteration,metricValue,convergenceValue,ITERATION_TIME_INDEX,SINCE_LAST
 2DIAGNOSTIC,     1, -4.779140055180e-01, inf, 1.8277e+01, 1.8277e+01, 
 2DIAGNOSTIC,     2, -4.787967503071e-01, inf, 1.8291e+01, 1.4530e-02, 
 2DIAGNOSTIC,     3, -4.799626767635e-01, inf, 1.8306e+01, 1.4310e-02, 
 2DIAGNOSTIC,     4, -4.821905195713e-01, inf, 1.8320e+01, 1.4406e-02, 
 2DIAGNOSTIC,     5, -4.883723556995e-01, inf, 1.8335e+01, 1.4550e-02, 
 2DIAGNOSTIC,     6, -4.927910864353e-01, inf, 1.8355e+01, 2.0006e-02, 
 2DIAGNOSTIC,     7, -4.945731163025e-01, inf, 1.8372e+01, 1.7777e-02, 
 2DIAGNOSTIC,     8, -4.959083199501e-01, inf, 1.8387e+01, 1.4270e-02, 
 2DIAGNOSTIC,     9, -5.006387233734e-01, inf, 1.8401e+01, 1.4340e-02, 
 2DIAGNOSTIC,    10, -5.035949349403e-01, 3.630356863141e-03, 1.8416e+01, 1.5117e-02, 
 2DIAGNOSTIC,    11, -5.044984221458e-01, 3.325089579448e-03, 1.8431e+01, 1.4934e-02, 
 2DIAGNOSTIC,    12, -5.059921741486e-01, 2.894710050896e-03, 1.8448e+01, 1.7109e-02, 
 2DIAGNOSTIC,    13, -5.142853260040e-01, 2.689841901883e-03, 1.8467e+01, 1.8531e-02, 
 2DIAGNOSTIC,    14, -5.152165293694e-01, 2.384960651398e-03, 1.8488e+01, 2.1567e-02, 
 2DIAGNOSTIC,    15, -5.154581665993e-01, 2.148119965568e-03, 1.8505e+01, 1.6333e-02, 
 2DIAGNOSTIC,    16, -5.159497857094e-01, 1.926028169692e-03, 1.8519e+01, 1.4750e-02, 
 2DIAGNOSTIC,    17, -5.161466598511e-01, 1.620852272026e-03, 1.8535e+01, 1.6048e-02, 
 2DIAGNOSTIC,    18, -5.163205862045e-01, 1.241789432243e-03, 1.8552e+01, 1.6504e-02, 
 2DIAGNOSTIC,    19, -5.162480473518e-01, 9.255514596589e-04, 1.8566e+01, 1.4191e-02, 
 2DIAGNOSTIC,    20, -5.162419676781e-01, 6.432869122364e-04, 1.8581e+01, 1.4656e-02, 
 2DIAGNOSTIC,    21, -5.165190696716e-01, 3.625038661994e-04, 1.8595e+01, 1.4653e-02, 
 2DIAGNOSTIC,    22, -5.169101357460e-01, 1.165853973362e-04, 1.8610e+01, 1.4737e-02, 
 2DIAGNOSTIC,    23, -5.175703763962e-01, 1.009086554404e-04, 1.8625e+01, 1.4473e-02, 
 2DIAGNOSTIC,    24, -5.182852149010e-01, 1.157533697551e-04, 1.8643e+01, 1.8196e-02, 
 2DIAGNOSTIC,    25, -5.184037089348e-01, 1.264057937078e-04, 1.8664e+01, 2.1127e-02, 
 2DIAGNOSTIC,    26, -5.184443593025e-01, 1.360892638331e-04, 1.8679e+01, 1.4721e-02, 
 2DIAGNOSTIC,    27, -5.187010169029e-01, 1.416987943230e-04, 1.8695e+01, 1.6062e-02, 
 2DIAGNOSTIC,    28, -5.190529227257e-01, 1.439233892597e-04, 1.8711e+01, 1.6447e-02, 
 2DIAGNOSTIC,    29, -5.196149349213e-01, 1.417610037606e-04, 1.8728e+01, 1.6371e-02, 
 2DIAGNOSTIC,    30, -5.197024345398e-01, 1.278873533010e-04, 1.8742e+01, 1.4521e-02, 
 2DIAGNOSTIC,    31, -5.198498964310e-01, 1.108993164962e-04, 1.8756e+01, 1.4279e-02, 
 2DIAGNOSTIC,    32, -5.202288627625e-01, 9.791531192604e-05, 1.8771e+01, 1.4744e-02, 
 2DIAGNOSTIC,    33, -5.204769372940e-01, 9.134641004493e-05, 1.8792e+01, 2.1252e-02, 
 2DIAGNOSTIC,    34, -5.207573175430e-01, 9.278878860641e-05, 1.8807e+01, 1.4732e-02, 
 2DIAGNOSTIC,    35, -5.209921002388e-01, 9.113556734519e-05, 1.8823e+01, 1.6276e-02, 
 2DIAGNOSTIC,    36, -5.214729905128e-01, 8.912297198549e-05, 1.8840e+01, 1.6538e-02, 
 2DIAGNOSTIC,    37, -5.218948721886e-01, 8.881134272087e-05, 1.8866e+01, 2.6309e-02, 
 2DIAGNOSTIC,    38, -5.220868587494e-01, 8.780230564298e-05, 1.8881e+01, 1.4668e-02, 
 2DIAGNOSTIC,    39, -5.221790075302e-01, 8.799532952253e-05, 1.8895e+01, 1.4143e-02, 
 2DIAGNOSTIC,    40, -5.222744345665e-01, 8.247276127804e-05, 1.8911e+01, 1.6286e-02, 
 2DIAGNOSTIC,    41, -5.221431255341e-01, 6.948888767511e-05, 1.8928e+01, 1.6187e-02, 
 2DIAGNOSTIC,    42, -5.220094323158e-01, 5.378589776228e-05, 1.8942e+01, 1.4541e-02, 
 2DIAGNOSTIC,    43, -5.219031572342e-01, 3.561497578630e-05, 1.8957e+01, 1.4543e-02, 
 2DIAGNOSTIC,    44, -5.220203995705e-01, 2.000771746680e-05, 1.8973e+01, 1.6196e-02, 
 2DIAGNOSTIC,    45, -5.217533111572e-01, 2.696370074773e-06, 1.8989e+01, 1.5970e-02, 
DIAGNOSTIC,Iteration,metricValue,convergenceValue,ITERATION_TIME_INDEX,SINCE_LAST
 2DIAGNOSTIC,     1, -4.515019059181e-01, inf, 3.2825e+01, 1.3836e+01, 
 2DIAGNOSTIC,     2, -4.524877369404e-01, inf, 3.2890e+01, 6.5379e-02, 
 2DIAGNOSTIC,     3, -4.536590874195e-01, inf, 3.2955e+01, 6.5018e-02, 
 2DIAGNOSTIC,     4, -4.546715319157e-01, inf, 3.3020e+01, 6.5170e-02, 
 2DIAGNOSTIC,     5, -4.551466703415e-01, inf, 3.3085e+01, 6.5290e-02, 
 2DIAGNOSTIC,     6, -4.573484957218e-01, inf, 3.3160e+01, 7.4918e-02, 
 2DIAGNOSTIC,     7, -4.577561020851e-01, inf, 3.3225e+01, 6.4597e-02, 
 2DIAGNOSTIC,     8, -4.578934609890e-01, inf, 3.3300e+01, 7.5091e-02, 
 2DIAGNOSTIC,     9, -4.581841826439e-01, inf, 3.3416e+01, 1.1584e-01, 
 2DIAGNOSTIC,    10, -4.580901861191e-01, 1.022432232276e-03, 3.3481e+01, 6.5413e-02, 
 2DIAGNOSTIC,    11, -4.584536254406e-01, 7.765971240588e-04, 3.3547e+01, 6.5645e-02, 
 2DIAGNOSTIC,    12, -4.586369097233e-01, 5.614135297947e-04, 3.3613e+01, 6.5603e-02, 
 2DIAGNOSTIC,    13, -4.587585628033e-01, 3.912612446584e-04, 3.3679e+01, 6.6054e-02, 
 2DIAGNOSTIC,    14, -4.588679671288e-01, 2.609680232126e-04, 3.3744e+01, 6.5670e-02, 
 2DIAGNOSTIC,    15, -4.590279459953e-01, 1.485635293648e-04, 3.3820e+01, 7.5746e-02, 
 2DIAGNOSTIC,    16, -4.590893685818e-01, 1.243452425115e-04, 3.3915e+01, 9.5192e-02, 
 2DIAGNOSTIC,    17, -4.589793682098e-01, 1.024380107992e-04, 3.3990e+01, 7.5263e-02, 
 2DIAGNOSTIC,    18, -4.590117931366e-01, 7.954514876474e-05, 3.4064e+01, 7.3719e-02, 
 2DIAGNOSTIC,    19, -4.589382708073e-01, 5.916693044128e-05, 3.4140e+01, 7.5605e-02, 
 2DIAGNOSTIC,    20, -4.588640928268e-01, 2.999149910465e-05, 3.4244e+01, 1.0381e-01, 
 2DIAGNOSTIC,    21, -4.587978422642e-01, 9.710431186249e-06, 3.4319e+01, 7.5550e-02, 
DIAGNOSTIC,Iteration,metricValue,convergenceValue,ITERATION_TIME_INDEX,SINCE_LAST
 2DIAGNOSTIC,     1, -3.811262249947e-01, inf, 4.3180e+01, 8.8606e+00, 
 2DIAGNOSTIC,     2, -3.813790678978e-01, inf, 4.3704e+01, 5.2410e-01, 
 2DIAGNOSTIC,     3, -3.817652165890e-01, inf, 4.4231e+01, 5.2730e-01, 
 2DIAGNOSTIC,     4, -3.821411728859e-01, inf, 4.4755e+01, 5.2381e-01, 
 2DIAGNOSTIC,     5, -3.826306164265e-01, inf, 4.5284e+01, 5.2860e-01, 
 2DIAGNOSTIC,     6, -3.829930722713e-01, inf, 4.6155e+01, 8.7117e-01, 
 2DIAGNOSTIC,     7, -3.832600712776e-01, inf, 4.6681e+01, 5.2587e-01, 
 2DIAGNOSTIC,     8, -3.833923935890e-01, inf, 4.7205e+01, 5.2461e-01, 
 2DIAGNOSTIC,     9, -3.835189044476e-01, inf, 4.7903e+01, 6.9749e-01, 
 2DIAGNOSTIC,    10, -3.836051821709e-01, 4.543315153569e-04, 4.8512e+01, 6.0927e-01, 
 2DIAGNOSTIC,    11, -3.836621940136e-01, 3.578712639865e-04, 4.9110e+01, 5.9754e-01, 
 2DIAGNOSTIC,    12, -3.837491273880e-01, 2.665096544661e-04, 4.9718e+01, 6.0826e-01, 
 2DIAGNOSTIC,    13, -3.839980363846e-01, 2.014968631556e-04, 5.0399e+01, 6.8080e-01, 
 2DIAGNOSTIC,    14, -3.843258619308e-01, 1.643095747568e-04, 5.0922e+01, 5.2364e-01, 
 2DIAGNOSTIC,    15, -3.843774497509e-01, 1.434682053514e-04, 5.1860e+01, 9.3800e-01, 
 2DIAGNOSTIC,    16, -3.843766152859e-01, 1.290898362640e-04, 5.2726e+01, 8.6535e-01, 
 2DIAGNOSTIC,    17, -3.843729496002e-01, 1.163074775832e-04, 5.3325e+01, 5.9947e-01, 
 2DIAGNOSTIC,    18, -3.843685984612e-01, 9.938483708538e-05, 5.3936e+01, 6.1106e-01, 
 2DIAGNOSTIC,    19, -3.843600451946e-01, 7.953557360452e-05, 5.4539e+01, 6.0278e-01, 
 2DIAGNOSTIC,    20, -3.843517005444e-01, 5.738694744650e-05, 5.5063e+01, 5.2401e-01, 
 2DIAGNOSTIC,    21, -3.843487799168e-01, 3.426825060160e-05, 5.5753e+01, 6.8967e-01, 
 2DIAGNOSTIC,    22, -3.843494951725e-01, 1.306977810600e-05, 5.6361e+01, 6.0874e-01, 
DIAGNOSTIC,Iteration,metricValue,convergenceValue,ITERATION_TIME_INDEX,SINCE_LAST
 2DIAGNOSTIC,     1, -3.309362232685e-01, inf, 6.5688e+01, 9.3268e+00, 
  Elapsed time (stage 1): 6.7464e+01


Stage 2
  iterations = 100x100x70x50x0
  convergence threshold = 1.0000e-06
  convergence window size = 10
  number of levels = 5
  using the Mattes MI metric (number of bins = 32, weight = 1.0000e+00)
  preprocessing:  winsorizing the image intensities
  Shrink factors (level 1 out of 5): [10, 10, 10]
  Shrink factors (level 2 out of 5): [6, 6, 6]
  Shrink factors (level 3 out of 5): [4, 4, 4]
  Shrink factors (level 4 out of 5): [2, 2, 2]
  Shrink factors (level 5 out of 5): [1, 1, 1]
  smoothing sigmas per level: [5, 3, 2, 1, 0]
  Using default NONE metricSamplingStrategy 

*** Running SyN registration (varianceForUpdateField = 3.0000e+00, varianceForTotalField = 0.0000e+00) ***

XXDIAGNOSTIC,Iteration,metricValue,convergenceValue,ITERATION_TIME_INDEX,SINCE_LAST
 1DIAGNOSTIC,     1, -5.088267326355e-01, inf, 3.1369e+01, 3.1369e+01, 
 1DIAGNOSTIC,     2, -5.232017636299e-01, inf, 3.1522e+01, 1.5294e-01, 
 1DIAGNOSTIC,     3, -5.330717563629e-01, inf, 3.1668e+01, 1.4610e-01, 
 1DIAGNOSTIC,     4, -5.345511436462e-01, inf, 3.1815e+01, 1.4644e-01, 
 1DIAGNOSTIC,     5, -5.345985293388e-01, inf, 3.1961e+01, 1.4645e-01, 
 1DIAGNOSTIC,     6, -5.311816334724e-01, inf, 3.2108e+01, 1.4655e-01, 
 1DIAGNOSTIC,     7, -5.293083190918e-01, inf, 3.2255e+01, 1.4676e-01, 
 1DIAGNOSTIC,     8, -5.263281464577e-01, inf, 3.2401e+01, 1.4667e-01, 
 1DIAGNOSTIC,     9, -5.255913734436e-01, inf, 3.2548e+01, 1.4660e-01, 
 1DIAGNOSTIC,    10, -5.228525996208e-01, 4.543983959593e-04, 3.2695e+01, 1.4716e-01, 
 1DIAGNOSTIC,    11, -5.198248624802e-01, -1.114681595936e-03, 3.2843e+01, 1.4763e-01, 
XXDIAGNOSTIC,Iteration,metricValue,convergenceValue,ITERATION_TIME_INDEX,SINCE_LAST
 1DIAGNOSTIC,     1, -4.143326580524e-01, inf, 4.7092e+01, 1.4249e+01, 
 1DIAGNOSTIC,     2, -4.161270856857e-01, inf, 4.7667e+01, 5.7533e-01, 
 1DIAGNOSTIC,     3, -4.164166748524e-01, inf, 4.8246e+01, 5.7879e-01, 
 1DIAGNOSTIC,     4, -4.160795211792e-01, inf, 4.8822e+01, 5.7590e-01, 
 1DIAGNOSTIC,     5, -4.156700968742e-01, inf, 4.9402e+01, 5.8076e-01, 
 1DIAGNOSTIC,     6, -4.151869118214e-01, inf, 4.9979e+01, 5.7643e-01, 
 1DIAGNOSTIC,     7, -4.144902229309e-01, inf, 5.0557e+01, 5.7786e-01, 
 1DIAGNOSTIC,     8, -4.133355021477e-01, inf, 5.1133e+01, 5.7622e-01, 
 1DIAGNOSTIC,     9, -4.123426675797e-01, inf, 5.1710e+01, 5.7727e-01, 
 1DIAGNOSTIC,    10, -4.116274714470e-01, -6.135833682492e-04, 5.2288e+01, 5.7815e-01, 
XXDIAGNOSTIC,Iteration,metricValue,convergenceValue,ITERATION_TIME_INDEX,SINCE_LAST
 1DIAGNOSTIC,     1, -3.532884418964e-01, inf, 6.2290e+01, 1.0002e+01, 
 1DIAGNOSTIC,     2, -3.542500734329e-01, inf, 6.4078e+01, 1.7875e+00, 
 1DIAGNOSTIC,     3, -3.548009395599e-01, inf, 6.5865e+01, 1.7872e+00, 
 1DIAGNOSTIC,     4, -3.552606701851e-01, inf, 6.7663e+01, 1.7981e+00, 
 1DIAGNOSTIC,     5, -3.555446863174e-01, inf, 6.9463e+01, 1.7993e+00, 
 1DIAGNOSTIC,     6, -3.556729257107e-01, inf, 7.1248e+01, 1.7851e+00, 
 1DIAGNOSTIC,     7, -3.557745218277e-01, inf, 7.3040e+01, 1.7927e+00, 
 1DIAGNOSTIC,     8, -3.558692634106e-01, inf, 7.4828e+01, 1.7876e+00, 
 1DIAGNOSTIC,     9, -3.559578657150e-01, inf, 7.6675e+01, 1.8473e+00, 
 1DIAGNOSTIC,    10, -3.557764291763e-01, 4.025184898637e-04, 7.8463e+01, 1.7880e+00, 
 1DIAGNOSTIC,    11, -3.554352521896e-01, 1.989242882701e-04, 8.0365e+01, 1.9022e+00, 
 1DIAGNOSTIC,    12, -3.551056981087e-01, 5.390422302298e-05, 8.2209e+01, 1.8439e+00, 
 1DIAGNOSTIC,    13, -3.546836376190e-01, -6.598655454582e-05, 8.4056e+01, 1.8471e+00, 
XXDIAGNOSTIC,Iteration,metricValue,convergenceValue,ITERATION_TIME_INDEX,SINCE_LAST
 1DIAGNOSTIC,     1, -3.020683526993e-01, inf, 1.0432e+02, 2.0264e+01, 
 1DIAGNOSTIC,     2, -3.031356334686e-01, inf, 1.1722e+02, 1.2899e+01, 
 1DIAGNOSTIC,     3, -3.041453957558e-01, inf, 1.3051e+02, 1.3286e+01, 
 1DIAGNOSTIC,     4, -3.052048087120e-01, inf, 1.4337e+02, 1.2868e+01, 
 1DIAGNOSTIC,     5, -3.060572743416e-01, inf, 1.5621e+02, 1.2837e+01, 
 1DIAGNOSTIC,     6, -3.068146705627e-01, inf, 1.6907e+02, 1.2857e+01, 
 1DIAGNOSTIC,     7, -3.075119256973e-01, inf, 1.8189e+02, 1.2825e+01, 
 1DIAGNOSTIC,     8, -3.081034123898e-01, inf, 1.9472e+02, 1.2829e+01, 
 1DIAGNOSTIC,     9, -3.086616396904e-01, inf, 2.0848e+02, 1.3754e+01, 
 1DIAGNOSTIC,    10, -3.091434240341e-01, 1.478047808632e-03, 2.2178e+02, 1.3309e+01, 
 1DIAGNOSTIC,    11, -3.095107674599e-01, 1.203616033308e-03, 2.3552e+02, 1.3732e+01, 
 1DIAGNOSTIC,    12, -3.098251223564e-01, 9.732682956383e-04, 2.4885e+02, 1.3333e+01, 
 1DIAGNOSTIC,    13, -3.100513815880e-01, 7.777595310472e-04, 2.6221e+02, 1.3357e+01, 
 1DIAGNOSTIC,    14, -3.102219104767e-01, 6.204072851688e-04, 2.7554e+02, 1.3337e+01, 
 1DIAGNOSTIC,    15, -3.103734552860e-01, 4.889506381005e-04, 2.8884e+02, 1.3299e+01, 
 1DIAGNOSTIC,    16, -3.104878067970e-01, 3.791308263317e-04, 3.0259e+02, 1.3746e+01, 
 1DIAGNOSTIC,    17, -3.107041120529e-01, 2.967957407236e-04, 3.1643e+02, 1.3840e+01, 
 1DIAGNOSTIC,    18, -3.108559846878e-01, 2.339470083825e-04, 3.3028e+02, 1.3852e+01, 
 1DIAGNOSTIC,    19, -3.110666275024e-01, 1.931834267452e-04, 3.4407e+02, 1.3795e+01, 
 1DIAGNOSTIC,    20, -3.112379610538e-01, 1.685126917437e-04, 3.5783e+02, 1.3760e+01, 
 1DIAGNOSTIC,    21, -3.113690614700e-01, 1.522476231912e-04, 3.7159e+02, 1.3755e+01, 
 1DIAGNOSTIC,    22, -3.114729821682e-01, 1.407156232744e-04, 3.8540e+02, 1.3814e+01, 
 1DIAGNOSTIC,    23, -3.115915656090e-01, 1.308153878199e-04, 3.9921e+02, 1.3803e+01, 
 1DIAGNOSTIC,    24, -3.116631507874e-01, 1.187426605611e-04, 4.1298e+02, 1.3772e+01, 
 1DIAGNOSTIC,    25, -3.117442429066e-01, 1.051360741258e-04, 4.2673e+02, 1.3753e+01, 
 1DIAGNOSTIC,    26, -3.118401765823e-01, 9.012710506795e-05, 4.4049e+02, 1.3760e+01, 
 1DIAGNOSTIC,    27, -3.119242787361e-01, 7.801877654856e-05, 4.5422e+02, 1.3733e+01, 
 1DIAGNOSTIC,    28, -3.121060132980e-01, 7.034160807962e-05, 4.6801e+02, 1.3782e+01, 
 1DIAGNOSTIC,    29, -3.122225105762e-01, 6.683185347356e-05, 4.8179e+02, 1.3786e+01, 
 1DIAGNOSTIC,    30, -3.123438358307e-01, 6.623251101701e-05, 4.9556e+02, 1.3773e+01, 
 1DIAGNOSTIC,    31, -3.124303221703e-01, 6.589841359528e-05, 5.0931e+02, 1.3744e+01, 
 1DIAGNOSTIC,    32, -3.125747442245e-01, 6.648308044532e-05, 5.2307e+02, 1.3760e+01, 
 1DIAGNOSTIC,    33, -3.127104640007e-01, 6.776961527066e-05, 5.3679e+02, 1.3718e+01, 
 1DIAGNOSTIC,    34, -3.127593100071e-01, 6.579086038982e-05, 5.5061e+02, 1.3829e+01, 
 1DIAGNOSTIC,    35, -3.127790093422e-01, 6.043339817552e-05, 5.6449e+02, 1.3872e+01, 
 1DIAGNOSTIC,    36, -3.127845525742e-01, 5.233933552518e-05, 5.7831e+02, 1.3823e+01, 
 1DIAGNOSTIC,    37, -3.127534389496e-01, 4.099963189219e-05, 5.9158e+02, 1.3266e+01, 
 1DIAGNOSTIC,    38, -3.127365112305e-01, 3.036180532945e-05, 6.0538e+02, 1.3805e+01, 
 1DIAGNOSTIC,    39, -3.127126395702e-01, 1.960714507732e-05, 6.1914e+02, 1.3759e+01, 
 1DIAGNOSTIC,    40, -3.127169013023e-01, 1.050021091942e-05, 6.3290e+02, 1.3757e+01, 
 1DIAGNOSTIC,    41, -3.126926422119e-01, 2.251052819702e-06, 6.4670e+02, 1.3803e+01, 
 1DIAGNOSTIC,    42, -3.127486705780e-01, -1.417270482307e-06, 6.6060e+02, 1.3896e+01, 
  Elapsed time (stage 2): 684.7


Total elapsed time: 823.3

--- Writing output images ---

Using double precision for computations.
Input scalar image: data/Segmentations/1005_3_seg.nii.gz
Reference image: data/template/T_template0_BrainCerebellum.nii.gz
=============================================================================
The composite transform comprises the following transforms (in order): 
  1. /tmp/1971857.1.basic.q/1005_ToTemplate_005_0GenericAffine.mat (type = AffineTransform)
  2. /tmp/1971857.1.basic.q/1005_ToTemplate_005_1Warp.nii.gz (type = DisplacementFieldTransform)
=============================================================================
Default pixel value: 0
Interpolation type: LabelImageGenericInterpolateImageFunction
Output warped image: output/1005/1005_WarpedLabels_005.nii.gz

--- Done ---

