
--- Running on compute-1-8.local ---


--- registration call ---
/data/jet/pcook/bin/antsBuild/bin/antsRegistrationSyNQuick.sh -d 3 -f data/template/T_template0_BrainCerebellum.nii.gz -m data/Brains/1018_3.nii.gz -t s -p d -n 2 -o /tmp/1971344.1.basic.q/1018_ToTemplate_012_
---


--------------------------------------------------------------------------------------
 Mapping parameters
--------------------------------------------------------------------------------------
 ANTSPATH is /data/jet/pcook/bin/antsBuild/bin/

 Dimensionality:           3
 Output name prefix:       /tmp/1971344.1.basic.q/1018_ToTemplate_012_
 Fixed images:             data/template/T_template0_BrainCerebellum.nii.gz
 Moving images:            data/Brains/1018_3.nii.gz
 Mask images:              
 Initial transforms:       
 Number of threads:        2
 Spline distance:          26
 Transform type:           s
 MI histogram bins:        32
 Precision:                d
 Use histogram matching    0
======================================================================================
 antsRegistration call:
--------------------------------------------------------------------------------------
/data/jet/pcook/bin/antsBuild/bin//antsRegistration --verbose 1 --dimensionality 3 --float 0 --collapse-output-transforms 1 --output [/tmp/1971344.1.basic.q/1018_ToTemplate_012_,/tmp/1971344.1.basic.q/1018_ToTemplate_012_Warped.nii.gz,/tmp/1971344.1.basic.q/1018_ToTemplate_012_InverseWarped.nii.gz] --interpolation Linear --use-histogram-matching 0 --winsorize-image-intensities [0.005,0.995] --initial-moving-transform [data/template/T_template0_BrainCerebellum.nii.gz,data/Brains/1018_3.nii.gz,1] --transform Rigid[0.1] --metric MI[data/template/T_template0_BrainCerebellum.nii.gz,data/Brains/1018_3.nii.gz,1,32,Regular,0.25] --convergence [1000x500x250x0,1e-6,10] --shrink-factors 12x8x4x2 --smoothing-sigmas 4x3x2x1vox --transform Affine[0.1] --metric MI[data/template/T_template0_BrainCerebellum.nii.gz,data/Brains/1018_3.nii.gz,1,32,Regular,0.25] --convergence [1000x500x250x0,1e-6,10] --shrink-factors 12x8x4x2 --smoothing-sigmas 4x3x2x1vox --transform SyN[0.1,3,0] --metric MI[data/template/T_template0_BrainCerebellum.nii.gz,data/Brains/1018_3.nii.gz,1,32] --convergence [100x100x70x50x0,1e-6,10] --shrink-factors 10x6x4x2x1 --smoothing-sigmas 5x3x2x1x0vox
--------------------------------------------------------------------------------------
All_Command_lines_OK
Using double precision for computations.
=============================================================================
The composite transform comprises the following transforms (in order): 
  1. Center of mass alignment using fixed image: data/template/T_template0_BrainCerebellum.nii.gz and moving image: data/Brains/1018_3.nii.gz (type = Euler3DTransform)
=============================================================================
  number of levels = 4
  number of levels = 4
  number of levels = 5
  fixed image: data/template/T_template0_BrainCerebellum.nii.gz
  moving image: data/Brains/1018_3.nii.gz
  fixed image: data/template/T_template0_BrainCerebellum.nii.gz
  moving image: data/Brains/1018_3.nii.gz
  fixed image: data/template/T_template0_BrainCerebellum.nii.gz
  moving image: data/Brains/1018_3.nii.gz
Dimension = 3
Number of stages = 3
Use Histogram Matching false
Winsorize image intensities true
Lower quantile = 0.005
Upper quantile = 0.995
Stage 1 State
   Image metric = Mattes
     Fixed image = Image (0x4aeef40)
  RTTI typeinfo:   itk::Image<double, 3u>
  Reference Count: 2
  Modified Time: 1611
  Debug: Off
  Object Name: 
  Observers: 
    none
  Source: (none)
  Source output name: (none)
  Release Data: Off
  Data Released: False
  Global Release Data: Off
  PipelineMTime: 0
  UpdateMTime: 1422
  RealTimeStamp: 0 seconds 
  LargestPossibleRegion: 
    Dimension: 3
    Index: [0, 0, 0]
    Size: [216, 256, 291]
  BufferedRegion: 
    Dimension: 3
    Index: [0, 0, 0]
    Size: [216, 256, 291]
  RequestedRegion: 
    Dimension: 3
    Index: [0, 0, 0]
    Size: [216, 256, 291]
  Spacing: [1, 1, 1]
  Origin: [0, 293, 0]
  Direction: 
1 0 0
0 -0 -1
0 -1 -0

  IndexToPointMatrix: 
1 0 0
0 0 -1
0 -1 0

  PointToIndexMatrix: 
1 0 0
0 0 -1
0 -1 0

  Inverse Direction: 
1 0 0
0 0 -1
0 -1 0

  PixelContainer: 
    ImportImageContainer (0x4af2a40)
      RTTI typeinfo:   itk::ImportImageContainer<unsigned long, double>
      Reference Count: 1
      Modified Time: 1419
      Debug: Off
      Object Name: 
      Observers: 
        none
      Pointer: 0x7fa6b09cd010
      Container manages memory: true
      Size: 16091136
      Capacity: 16091136

     Moving image = Image (0x4af0fa0)
  RTTI typeinfo:   itk::Image<double, 3u>
  Reference Count: 2
  Modified Time: 1612
  Debug: Off
  Object Name: 
  Observers: 
    none
  Source: (none)
  Source output name: (none)
  Release Data: Off
  Data Released: False
  Global Release Data: Off
  PipelineMTime: 0
  UpdateMTime: 1609
  RealTimeStamp: 0 seconds 
  LargestPossibleRegion: 
    Dimension: 3
    Index: [0, 0, 0]
    Size: [256, 256, 291]
  BufferedRegion: 
    Dimension: 3
    Index: [0, 0, 0]
    Size: [256, 256, 291]
  RequestedRegion: 
    Dimension: 3
    Index: [0, 0, 0]
    Size: [256, 256, 291]
  Spacing: [1, 1, 1]
  Origin: [0, 290, 0]
  Direction: 
1 0 0
0 -0 -1
0 -1 -0

  IndexToPointMatrix: 
1 0 0
0 0 -1
0 -1 0

  PointToIndexMatrix: 
1 0 0
0 0 -1
0 -1 0

  Inverse Direction: 
1 0 0
0 0 -1
0 -1 0

  PixelContainer: 
    ImportImageContainer (0x4ae1f60)
      RTTI typeinfo:   itk::ImportImageContainer<unsigned long, double>
      Reference Count: 1
      Modified Time: 1606
      Debug: Off
      Object Name: 
      Observers: 
        none
      Pointer: 0x7fa6a784c010
      Container manages memory: true
      Size: 19070976
      Capacity: 19070976

     Weighting = 1
     Sampling strategy = regular
     Number of bins = 32
     Radius = 4
     Sampling percentage  = 0.25
   Transform = Rigid
     Gradient step = 0.1
     Update field sigma (voxel space) = 0
     Total field sigma (voxel space) = 0
     Update field time sigma = 0
     Total field time sigma  = 0
     Number of time indices = 0
     Number of time point samples = 0
Stage 2 State
   Image metric = Mattes
     Fixed image = Image (0x4af5950)
  RTTI typeinfo:   itk::Image<double, 3u>
  Reference Count: 2
  Modified Time: 1987
  Debug: Off
  Object Name: 
  Observers: 
    none
  Source: (none)
  Source output name: (none)
  Release Data: Off
  Data Released: False
  Global Release Data: Off
  PipelineMTime: 0
  UpdateMTime: 1798
  RealTimeStamp: 0 seconds 
  LargestPossibleRegion: 
    Dimension: 3
    Index: [0, 0, 0]
    Size: [216, 256, 291]
  BufferedRegion: 
    Dimension: 3
    Index: [0, 0, 0]
    Size: [216, 256, 291]
  RequestedRegion: 
    Dimension: 3
    Index: [0, 0, 0]
    Size: [216, 256, 291]
  Spacing: [1, 1, 1]
  Origin: [0, 293, 0]
  Direction: 
1 0 0
0 -0 -1
0 -1 -0

  IndexToPointMatrix: 
1 0 0
0 0 -1
0 -1 0

  PointToIndexMatrix: 
1 0 0
0 0 -1
0 -1 0

  Inverse Direction: 
1 0 0
0 0 -1
0 -1 0

  PixelContainer: 
    ImportImageContainer (0x4af1bc0)
      RTTI typeinfo:   itk::ImportImageContainer<unsigned long, double>
      Reference Count: 1
      Modified Time: 1795
      Debug: Off
      Object Name: 
      Observers: 
        none
      Pointer: 0x7fa69fd87010
      Container manages memory: true
      Size: 16091136
      Capacity: 16091136

     Moving image = Image (0x4b022d0)
  RTTI typeinfo:   itk::Image<double, 3u>
  Reference Count: 2
  Modified Time: 1988
  Debug: Off
  Object Name: 
  Observers: 
    none
  Source: (none)
  Source output name: (none)
  Release Data: Off
  Data Released: False
  Global Release Data: Off
  PipelineMTime: 0
  UpdateMTime: 1985
  RealTimeStamp: 0 seconds 
  LargestPossibleRegion: 
    Dimension: 3
    Index: [0, 0, 0]
    Size: [256, 256, 291]
  BufferedRegion: 
    Dimension: 3
    Index: [0, 0, 0]
    Size: [256, 256, 291]
  RequestedRegion: 
    Dimension: 3
    Index: [0, 0, 0]
    Size: [256, 256, 291]
  Spacing: [1, 1, 1]
  Origin: [0, 290, 0]
  Direction: 
1 0 0
0 -0 -1
0 -1 -0

  IndexToPointMatrix: 
1 0 0
0 0 -1
0 -1 0

  PointToIndexMatrix: 
1 0 0
0 0 -1
0 -1 0

  Inverse Direction: 
1 0 0
0 0 -1
0 -1 0

  PixelContainer: 
    ImportImageContainer (0x4b01c50)
      RTTI typeinfo:   itk::ImportImageContainer<unsigned long, double>
      Reference Count: 1
      Modified Time: 1982
      Debug: Off
      Object Name: 
      Observers: 
        none
      Pointer: 0x7fa696c06010
      Container manages memory: true
      Size: 19070976
      Capacity: 19070976

     Weighting = 1
     Sampling strategy = regular
     Number of bins = 32
     Radius = 4
     Sampling percentage  = 0.25
   Transform = Affine
     Gradient step = 0.1
     Update field sigma (voxel space) = 0
     Total field sigma (voxel space) = 0
     Update field time sigma = 0
     Total field time sigma  = 0
     Number of time indices = 0
     Number of time point samples = 0
Stage 3 State
   Image metric = Mattes
     Fixed image = Image (0x4b08170)
  RTTI typeinfo:   itk::Image<double, 3u>
  Reference Count: 2
  Modified Time: 2363
  Debug: Off
  Object Name: 
  Observers: 
    none
  Source: (none)
  Source output name: (none)
  Release Data: Off
  Data Released: False
  Global Release Data: Off
  PipelineMTime: 0
  UpdateMTime: 2174
  RealTimeStamp: 0 seconds 
  LargestPossibleRegion: 
    Dimension: 3
    Index: [0, 0, 0]
    Size: [216, 256, 291]
  BufferedRegion: 
    Dimension: 3
    Index: [0, 0, 0]
    Size: [216, 256, 291]
  RequestedRegion: 
    Dimension: 3
    Index: [0, 0, 0]
    Size: [216, 256, 291]
  Spacing: [1, 1, 1]
  Origin: [0, 293, 0]
  Direction: 
1 0 0
0 -0 -1
0 -1 -0

  IndexToPointMatrix: 
1 0 0
0 0 -1
0 -1 0

  PointToIndexMatrix: 
1 0 0
0 0 -1
0 -1 0

  Inverse Direction: 
1 0 0
0 0 -1
0 -1 0

  PixelContainer: 
    ImportImageContainer (0x4b032d0)
      RTTI typeinfo:   itk::ImportImageContainer<unsigned long, double>
      Reference Count: 1
      Modified Time: 2171
      Debug: Off
      Object Name: 
      Observers: 
        none
      Pointer: 0x7fa68f141010
      Container manages memory: true
      Size: 16091136
      Capacity: 16091136

     Moving image = Image (0x4b07be0)
  RTTI typeinfo:   itk::Image<double, 3u>
  Reference Count: 2
  Modified Time: 2364
  Debug: Off
  Object Name: 
  Observers: 
    none
  Source: (none)
  Source output name: (none)
  Release Data: Off
  Data Released: False
  Global Release Data: Off
  PipelineMTime: 0
  UpdateMTime: 2361
  RealTimeStamp: 0 seconds 
  LargestPossibleRegion: 
    Dimension: 3
    Index: [0, 0, 0]
    Size: [256, 256, 291]
  BufferedRegion: 
    Dimension: 3
    Index: [0, 0, 0]
    Size: [256, 256, 291]
  RequestedRegion: 
    Dimension: 3
    Index: [0, 0, 0]
    Size: [256, 256, 291]
  Spacing: [1, 1, 1]
  Origin: [0, 290, 0]
  Direction: 
1 0 0
0 -0 -1
0 -1 -0

  IndexToPointMatrix: 
1 0 0
0 0 -1
0 -1 0

  PointToIndexMatrix: 
1 0 0
0 0 -1
0 -1 0

  Inverse Direction: 
1 0 0
0 0 -1
0 -1 0

  PixelContainer: 
    ImportImageContainer (0x4b09ef0)
      RTTI typeinfo:   itk::ImportImageContainer<unsigned long, double>
      Reference Count: 1
      Modified Time: 2358
      Debug: Off
      Object Name: 
      Observers: 
        none
      Pointer: 0x7fa685fc0010
      Container manages memory: true
      Size: 19070976
      Capacity: 19070976

     Weighting = 1
     Sampling strategy = none
     Number of bins = 32
     Radius = 4
     Sampling percentage  = 1
   Transform = SyN
     Gradient step = 0.1
     Update field sigma (voxel space) = 3
     Total field sigma (voxel space) = 0
     Update field time sigma = 0
     Total field time sigma  = 0
     Number of time indices = 0
     Number of time point samples = 0
Registration using 3 total stages.

Stage 0
  iterations = 1000x500x250x0
  convergence threshold = 1e-06
  convergence window size = 10
  number of levels = 4
  using the Mattes MI metric (number of bins = 32, weight = 1)
  preprocessing:  winsorizing the image intensities
  Shrink factors (level 1 out of 4): [12, 12, 12]
  Shrink factors (level 2 out of 4): [8, 8, 8]
  Shrink factors (level 3 out of 4): [4, 4, 4]
  Shrink factors (level 4 out of 4): [2, 2, 2]
  smoothing sigmas per level: [4, 3, 2, 1]
  regular sampling (percentage = 0.25)

*** Running Euler3DTransform registration ***

DIAGNOSTIC,Iteration,metricValue,convergenceValue,ITERATION_TIME_INDEX,SINCE_LAST
 2DIAGNOSTIC,     1, -4.109305603120e-01, 1.797693134862e+308, 2.1575e+01, 2.1575e+01, 
 2DIAGNOSTIC,     2, -4.117883799407e-01, 1.797693134862e+308, 2.1586e+01, 1.1266e-02, 
 2DIAGNOSTIC,     3, -4.131900958229e-01, 1.797693134862e+308, 2.1597e+01, 1.0996e-02, 
 2DIAGNOSTIC,     4, -4.141804761000e-01, 1.797693134862e+308, 2.1608e+01, 1.1057e-02, 
 2DIAGNOSTIC,     5, -4.148536661495e-01, 1.797693134862e+308, 2.1620e+01, 1.1091e-02, 
 2DIAGNOSTIC,     6, -4.150976222173e-01, 1.797693134862e+308, 2.1631e+01, 1.0973e-02, 
 2DIAGNOSTIC,     7, -4.156247132055e-01, 1.797693134862e+308, 2.1645e+01, 1.4271e-02, 
 2DIAGNOSTIC,     8, -4.158688458844e-01, 1.797693134862e+308, 2.1659e+01, 1.4264e-02, 
 2DIAGNOSTIC,     9, -4.158691161848e-01, 1.797693134862e+308, 2.1670e+01, 1.0946e-02, 
 2DIAGNOSTIC,    10, -4.160511647855e-01, 7.769660741417e-04, 2.1683e+01, 1.3313e-02, 
 2DIAGNOSTIC,    11, -4.160003687119e-01, 5.301224097704e-04, 2.1697e+01, 1.3227e-02, 
 2DIAGNOSTIC,    12, -4.160252942565e-01, 3.263294727038e-04, 2.1713e+01, 1.6262e-02, 
 2DIAGNOSTIC,    13, -4.160388277391e-01, 1.982792420653e-04, 2.1724e+01, 1.1653e-02, 
 2DIAGNOSTIC,    14, -4.159559713742e-01, 1.147035471087e-04, 2.1740e+01, 1.5409e-02, 
 2DIAGNOSTIC,    15, -4.166138424669e-01, 9.296869924473e-05, 2.1752e+01, 1.1732e-02, 
 2DIAGNOSTIC,    16, -4.174522847043e-01, 1.105861352152e-04, 2.1765e+01, 1.3341e-02, 
 2DIAGNOSTIC,    17, -4.176995680299e-01, 1.464244708743e-04, 2.1777e+01, 1.1660e-02, 
 2DIAGNOSTIC,    18, -4.178540303105e-01, 1.806309364426e-04, 2.1788e+01, 1.1503e-02, 
 2DIAGNOSTIC,    19, -4.181138116433e-01, 2.042062426322e-04, 2.1801e+01, 1.3070e-02, 
 2DIAGNOSTIC,    20, -4.184557401094e-01, 2.240387232094e-04, 2.1818e+01, 1.6442e-02, 
 2DIAGNOSTIC,    21, -4.186943952513e-01, 2.265955453293e-04, 2.1829e+01, 1.1879e-02, 
 2DIAGNOSTIC,    22, -4.188001535723e-01, 2.120585159725e-04, 2.1843e+01, 1.3323e-02, 
 2DIAGNOSTIC,    23, -4.196824431808e-01, 2.064185878412e-04, 2.1856e+01, 1.3347e-02, 
 2DIAGNOSTIC,    24, -4.202693908489e-01, 1.954854419250e-04, 2.1874e+01, 1.7870e-02, 
 2DIAGNOSTIC,    25, -4.204104137959e-01, 1.881803634608e-04, 2.1885e+01, 1.1391e-02, 
 2DIAGNOSTIC,    26, -4.204314208598e-01, 1.867016586069e-04, 2.1897e+01, 1.1396e-02, 
 2DIAGNOSTIC,    27, -4.204350327364e-01, 1.744325006431e-04, 2.1908e+01, 1.1347e-02, 
 2DIAGNOSTIC,    28, -4.204410989793e-01, 1.502676580784e-04, 2.1920e+01, 1.1361e-02, 
 2DIAGNOSTIC,    29, -4.204538374154e-01, 1.196678910049e-04, 2.1934e+01, 1.4482e-02, 
 2DIAGNOSTIC,    30, -4.203217619873e-01, 8.477319506384e-05, 2.1950e+01, 1.6142e-02, 
 2DIAGNOSTIC,    31, -4.201822629912e-01, 4.685078255119e-05, 2.1962e+01, 1.1397e-02, 
 2DIAGNOSTIC,    32, -4.201847587989e-01, 8.991218598986e-06, 2.1973e+01, 1.1383e-02, 
DIAGNOSTIC,Iteration,metricValue,convergenceValue,ITERATION_TIME_INDEX,SINCE_LAST
 2DIAGNOSTIC,     1, -3.722093513535e-01, 1.797693134862e+308, 3.7535e+01, 1.5562e+01, 
 2DIAGNOSTIC,     2, -3.732867562855e-01, 1.797693134862e+308, 3.7596e+01, 6.0502e-02, 
 2DIAGNOSTIC,     3, -3.743615942633e-01, 1.797693134862e+308, 3.7657e+01, 6.0668e-02, 
 2DIAGNOSTIC,     4, -3.755178802672e-01, 1.797693134862e+308, 3.7717e+01, 6.0667e-02, 
 2DIAGNOSTIC,     5, -3.762343733481e-01, 1.797693134862e+308, 3.7779e+01, 6.1452e-02, 
 2DIAGNOSTIC,     6, -3.765776973019e-01, 1.797693134862e+308, 3.7851e+01, 7.2432e-02, 
 2DIAGNOSTIC,     7, -3.772240710529e-01, 1.797693134862e+308, 3.7957e+01, 1.0612e-01, 
 2DIAGNOSTIC,     8, -3.772463327257e-01, 1.797693134862e+308, 3.8029e+01, 7.1842e-02, 
 2DIAGNOSTIC,     9, -3.773508732110e-01, 1.797693134862e+308, 3.8112e+01, 8.3067e-02, 
 2DIAGNOSTIC,    10, -3.773419220252e-01, 8.777202381149e-04, 3.8185e+01, 7.2749e-02, 
 2DIAGNOSTIC,    11, -3.773295019629e-01, 5.880356854368e-04, 3.8246e+01, 6.1515e-02, 
 2DIAGNOSTIC,    12, -3.773345525912e-01, 3.615595597418e-04, 3.8308e+01, 6.1633e-02, 
 2DIAGNOSTIC,    13, -3.773198111364e-01, 1.979542634868e-04, 3.8370e+01, 6.1499e-02, 
 2DIAGNOSTIC,    14, -3.774050588306e-01, 1.066356478405e-04, 3.8442e+01, 7.2925e-02, 
 2DIAGNOSTIC,    15, -3.774726468063e-01, 5.726332509624e-05, 3.8504e+01, 6.1594e-02, 
 2DIAGNOSTIC,    16, -3.775241582610e-01, 2.683546006713e-05, 3.8577e+01, 7.2801e-02, 
 2DIAGNOSTIC,    17, -3.776003081064e-01, 2.985454880702e-05, 3.8638e+01, 6.1413e-02, 
 2DIAGNOSTIC,    18, -3.778595362555e-01, 4.159433114544e-05, 3.8711e+01, 7.2806e-02, 
 2DIAGNOSTIC,    19, -3.779124699069e-01, 5.437715682913e-05, 3.8795e+01, 8.3972e-02, 
 2DIAGNOSTIC,    20, -3.781012518755e-01, 6.781589486545e-05, 3.8857e+01, 6.1779e-02, 
 2DIAGNOSTIC,    21, -3.782192803958e-01, 7.756339579750e-05, 3.8918e+01, 6.1486e-02, 
 2DIAGNOSTIC,    22, -3.782925189900e-01, 8.200110709964e-05, 3.9014e+01, 9.5528e-02, 
 2DIAGNOSTIC,    23, -3.784191720087e-01, 8.207801191900e-05, 3.9120e+01, 1.0612e-01, 
 2DIAGNOSTIC,    24, -3.784566534283e-01, 7.833225940896e-05, 3.9193e+01, 7.2734e-02, 
 2DIAGNOSTIC,    25, -3.784653609165e-01, 7.000331093224e-05, 3.9265e+01, 7.2318e-02, 
 2DIAGNOSTIC,    26, -3.784726915564e-01, 5.759207995727e-05, 3.9326e+01, 6.1163e-02, 
 2DIAGNOSTIC,    27, -3.784419067859e-01, 4.191180294950e-05, 3.9387e+01, 6.0846e-02, 
 2DIAGNOSTIC,    28, -3.784489781722e-01, 3.071441499097e-05, 3.9448e+01, 6.0585e-02, 
 2DIAGNOSTIC,    29, -3.784977762954e-01, 2.002799106790e-05, 3.9520e+01, 7.2597e-02, 
 2DIAGNOSTIC,    30, -3.785573163676e-01, 1.443839092534e-05, 3.9582e+01, 6.1477e-02, 
 2DIAGNOSTIC,    31, -3.786268089212e-01, 1.247694573234e-05, 3.9643e+01, 6.1186e-02, 
 2DIAGNOSTIC,    32, -3.787022521690e-01, 1.298160118525e-05, 3.9704e+01, 6.0678e-02, 
 2DIAGNOSTIC,    33, -3.789632033966e-01, 2.113239998813e-05, 3.9821e+01, 1.1749e-01, 
 2DIAGNOSTIC,    34, -3.789735409712e-01, 2.778809966752e-05, 3.9882e+01, 6.0713e-02, 
 2DIAGNOSTIC,    35, -3.789747059680e-01, 3.176992737946e-05, 3.9943e+01, 6.1426e-02, 
 2DIAGNOSTIC,    36, -3.789779731721e-01, 3.290973459591e-05, 4.0016e+01, 7.2518e-02, 
 2DIAGNOSTIC,    37, -3.789810051196e-01, 3.035393548636e-05, 4.0088e+01, 7.2209e-02, 
 2DIAGNOSTIC,    38, -3.789841879075e-01, 2.524260260258e-05, 4.0149e+01, 6.1351e-02, 
 2DIAGNOSTIC,    39, -3.789863753075e-01, 1.903727480952e-05, 4.0222e+01, 7.2299e-02, 
 2DIAGNOSTIC,    40, -3.789882688320e-01, 1.262055955923e-05, 4.0328e+01, 1.0636e-01, 
 2DIAGNOSTIC,    41, -3.789883263444e-01, 6.686540572974e-06, 4.0401e+01, 7.2753e-02, 
 2DIAGNOSTIC,    42, -3.789884001285e-01, 1.692975317127e-06, 4.0663e+01, 2.6270e-01, 
 2DIAGNOSTIC,    43, -3.789884001261e-01, 1.404311105815e-06, 4.0926e+01, 2.6296e-01, 
 2DIAGNOSTIC,    44, -3.789884001261e-01, 1.242291342369e-06, 4.0999e+01, 7.3084e-02, 
 2DIAGNOSTIC,    45, -3.789884001261e-01, 1.056780673730e-06, 4.1072e+01, 7.2639e-02, 
DIAGNOSTIC,Iteration,metricValue,convergenceValue,ITERATION_TIME_INDEX,SINCE_LAST
 2DIAGNOSTIC,     1, -3.215378741224e-01, 1.797693134862e+308, 5.0270e+01, 9.1982e+00, 
 2DIAGNOSTIC,     2, -3.218703823946e-01, 1.797693134862e+308, 5.0761e+01, 4.9103e-01, 
 2DIAGNOSTIC,     3, -3.221569006104e-01, 1.797693134862e+308, 5.1251e+01, 4.9010e-01, 
 2DIAGNOSTIC,     4, -3.223090770073e-01, 1.797693134862e+308, 5.1838e+01, 5.8711e-01, 
 2DIAGNOSTIC,     5, -3.223664154588e-01, 1.797693134862e+308, 5.2326e+01, 4.8720e-01, 
 2DIAGNOSTIC,     6, -3.224050328186e-01, 1.797693134862e+308, 5.3008e+01, 6.8240e-01, 
 2DIAGNOSTIC,     7, -3.224264032378e-01, 1.797693134862e+308, 5.3588e+01, 5.8040e-01, 
 2DIAGNOSTIC,     8, -3.224685583478e-01, 1.797693134862e+308, 5.4176e+01, 5.8761e-01, 
 2DIAGNOSTIC,     9, -3.224960042278e-01, 1.797693134862e+308, 5.4853e+01, 6.7733e-01, 
 2DIAGNOSTIC,    10, -3.225326928128e-01, 1.638113993878e-04, 5.5345e+01, 4.9144e-01, 
 2DIAGNOSTIC,    11, -3.225959317846e-01, 1.020042802261e-04, 5.7555e+01, 2.2106e+00, 
 2DIAGNOSTIC,    12, -3.225959316441e-01, 6.553816018307e-05, 5.8049e+01, 4.9354e-01, 
 2DIAGNOSTIC,    13, -3.225959328219e-01, 4.826743901701e-05, 5.8542e+01, 4.9351e-01, 
 2DIAGNOSTIC,    14, -3.225959348128e-01, 3.885288682015e-05, 5.9036e+01, 4.9377e-01, 
 2DIAGNOSTIC,    15, -3.225959381774e-01, 3.065949867631e-05, 5.9528e+01, 4.9193e-01, 
 2DIAGNOSTIC,    16, -3.225959438609e-01, 2.295478853810e-05, 6.0022e+01, 4.9336e-01, 
 2DIAGNOSTIC,    17, -3.225959534461e-01, 1.530889641311e-05, 6.0516e+01, 4.9434e-01, 
 2DIAGNOSTIC,    18, -3.225959695807e-01, 9.370704605216e-06, 6.1008e+01, 4.9241e-01, 
 2DIAGNOSTIC,    19, -3.225959967054e-01, 4.614601983574e-06, 6.1502e+01, 4.9406e-01, 
 2DIAGNOSTIC,    20, -3.225960421712e-01, 1.600264615743e-06, 6.1996e+01, 4.9354e-01, 
 2DIAGNOSTIC,    21, -3.225961192955e-01, 1.529908398072e-06, 6.2489e+01, 4.9361e-01, 
 2DIAGNOSTIC,    22, -3.225962583998e-01, 1.470118238429e-06, 6.2984e+01, 4.9426e-01, 
 2DIAGNOSTIC,    23, -3.225964824000e-01, 1.421856658614e-06, 6.3478e+01, 4.9474e-01, 
 2DIAGNOSTIC,    24, -3.225968343739e-01, 1.386889978486e-06, 6.3972e+01, 4.9374e-01, 
 2DIAGNOSTIC,    25, -3.226011920845e-01, 1.502534061455e-06, 6.4562e+01, 5.8961e-01, 
 2DIAGNOSTIC,    26, -3.225939082805e-01, 1.336966050126e-06, 6.5053e+01, 4.9167e-01, 
 2DIAGNOSTIC,    27, -3.225906240127e-01, 1.074738663238e-06, 6.5547e+01, 4.9353e-01, 
DIAGNOSTIC,Iteration,metricValue,convergenceValue,ITERATION_TIME_INDEX,SINCE_LAST
 2DIAGNOSTIC,     1, -2.788400225990e-01, 1.797693134862e+308, 7.4569e+01, 9.0221e+00, 
  Elapsed time (stage 0): 7.6416e+01


Stage 1
  iterations = 1000x500x250x0
  convergence threshold = 1.0000e-06
  convergence window size = 10
  number of levels = 4
  using the Mattes MI metric (number of bins = 32, weight = 1.0000e+00)
  preprocessing:  winsorizing the image intensities
  Shrink factors (level 1 out of 4): [12, 12, 12]
  Shrink factors (level 2 out of 4): [8, 8, 8]
  Shrink factors (level 3 out of 4): [4, 4, 4]
  Shrink factors (level 4 out of 4): [2, 2, 2]
  smoothing sigmas per level: [4, 3, 2, 1]
  regular sampling (percentage = 2.5000e-01)

*** Running AffineTransform registration ***

DIAGNOSTIC,Iteration,metricValue,convergenceValue,ITERATION_TIME_INDEX,SINCE_LAST
 2DIAGNOSTIC,     1, -4.215183886545e-01, 1.797693134862e+308, 2.1329e+01, 2.1329e+01, 
 2DIAGNOSTIC,     2, -4.226700196832e-01, 1.797693134862e+308, 2.1345e+01, 1.5473e-02, 
 2DIAGNOSTIC,     3, -4.245057999075e-01, 1.797693134862e+308, 2.1360e+01, 1.4647e-02, 
 2DIAGNOSTIC,     4, -4.272885516874e-01, 1.797693134862e+308, 2.1374e+01, 1.4891e-02, 
 2DIAGNOSTIC,     5, -4.310048217756e-01, 1.797693134862e+308, 2.1389e+01, 1.4593e-02, 
 2DIAGNOSTIC,     6, -4.371142319789e-01, 1.797693134862e+308, 2.1404e+01, 1.5292e-02, 
 2DIAGNOSTIC,     7, -4.451104741838e-01, 1.797693134862e+308, 2.1421e+01, 1.6409e-02, 
 2DIAGNOSTIC,     8, -4.726706425204e-01, 1.797693134862e+308, 2.1441e+01, 2.0645e-02, 
 2DIAGNOSTIC,     9, -4.897629072289e-01, 1.797693134862e+308, 2.1458e+01, 1.6850e-02, 
 2DIAGNOSTIC,    10, -4.972595168422e-01, 1.129176675487e-02, 2.1478e+01, 1.9798e-02, 
 2DIAGNOSTIC,    11, -5.007276786713e-01, 1.179834804664e-02, 2.1494e+01, 1.5498e-02, 
 2DIAGNOSTIC,    12, -5.053069729975e-01, 1.145477061955e-02, 2.1511e+01, 1.7888e-02, 
 2DIAGNOSTIC,    13, -5.107575673125e-01, 1.045854111694e-02, 2.1537e+01, 2.5265e-02, 
 2DIAGNOSTIC,    14, -5.111806145727e-01, 8.800255231898e-03, 2.1553e+01, 1.5862e-02, 
 2DIAGNOSTIC,    15, -5.128649646682e-01, 6.815450821434e-03, 2.1570e+01, 1.6944e-02, 
 2DIAGNOSTIC,    16, -5.133232603249e-01, 4.740357285218e-03, 2.1585e+01, 1.5614e-02, 
 2DIAGNOSTIC,    17, -5.135061000903e-01, 2.765924708084e-03, 2.1600e+01, 1.5305e-02, 
 2DIAGNOSTIC,    18, -5.138460602589e-01, 1.687725033116e-03, 2.1616e+01, 1.5622e-02, 
 2DIAGNOSTIC,    19, -5.141509476531e-01, 1.117514922394e-03, 2.1635e+01, 1.8627e-02, 
 2DIAGNOSTIC,    20, -5.141725976194e-01, 7.286504729676e-04, 2.1652e+01, 1.7186e-02, 
 2DIAGNOSTIC,    21, -5.141885728029e-01, 4.082067321344e-04, 2.1669e+01, 1.6833e-02, 
 2DIAGNOSTIC,    22, -5.142209054710e-01, 2.012017613658e-04, 2.1684e+01, 1.5541e-02, 
 2DIAGNOSTIC,    23, -5.142601850032e-01, 1.352046518809e-04, 2.1699e+01, 1.5123e-02, 
 2DIAGNOSTIC,    24, -5.142781728087e-01, 7.216820561257e-05, 2.1717e+01, 1.7206e-02, 
 2DIAGNOSTIC,    25, -5.143190602758e-01, 4.804419874325e-05, 2.1735e+01, 1.8500e-02, 
 2DIAGNOSTIC,    26, -5.143370295258e-01, 3.225385909848e-05, 2.1752e+01, 1.7076e-02, 
 2DIAGNOSTIC,    27, -5.143416467549e-01, 1.869460352706e-05, 2.1769e+01, 1.6723e-02, 
 2DIAGNOSTIC,    28, -5.143453300102e-01, 1.147076422053e-05, 2.1786e+01, 1.7088e-02, 
 2DIAGNOSTIC,    29, -5.143464518238e-01, 9.917496311490e-06, 2.1803e+01, 1.6725e-02, 
 2DIAGNOSTIC,    30, -5.143467183493e-01, 8.065207486016e-06, 2.1820e+01, 1.7173e-02, 
 2DIAGNOSTIC,    31, -5.143478191501e-01, 5.988675487338e-06, 2.1838e+01, 1.8477e-02, 
 2DIAGNOSTIC,    32, -5.143491625090e-01, 4.182956136217e-06, 2.1854e+01, 1.5530e-02, 
 2DIAGNOSTIC,    33, -5.143542508675e-01, 2.971796515899e-06, 2.1869e+01, 1.5114e-02, 
 2DIAGNOSTIC,    34, -5.143620702245e-01, 2.068243341674e-06, 2.1888e+01, 1.8684e-02, 
 2DIAGNOSTIC,    35, -5.143691280178e-01, 1.893560070403e-06, 2.1913e+01, 2.5065e-02, 
 2DIAGNOSTIC,    36, -5.143694162246e-01, 1.928456472899e-06, 2.1928e+01, 1.5438e-02, 
 2DIAGNOSTIC,    37, -5.143704507626e-01, 1.954167857043e-06, 2.1943e+01, 1.5060e-02, 
 2DIAGNOSTIC,    38, -5.143715765923e-01, 1.949432023109e-06, 2.1959e+01, 1.5383e-02, 
 2DIAGNOSTIC,    39, -5.143724780750e-01, 1.869330339892e-06, 2.1974e+01, 1.5045e-02, 
 2DIAGNOSTIC,    40, -5.143728335974e-01, 1.703621959604e-06, 2.2019e+01, 4.5364e-02, 
 2DIAGNOSTIC,    41, -5.143728335958e-01, 1.479597997622e-06, 2.2064e+01, 4.5123e-02, 
 2DIAGNOSTIC,    42, -5.143728335958e-01, 1.221123404230e-06, 2.2081e+01, 1.7115e-02, 
DIAGNOSTIC,Iteration,metricValue,convergenceValue,ITERATION_TIME_INDEX,SINCE_LAST
 2DIAGNOSTIC,     1, -4.527136098480e-01, 1.797693134862e+308, 3.7619e+01, 1.5538e+01, 
 2DIAGNOSTIC,     2, -4.538405901830e-01, 1.797693134862e+308, 3.7694e+01, 7.4716e-02, 
 2DIAGNOSTIC,     3, -4.548838791250e-01, 1.797693134862e+308, 3.7768e+01, 7.4461e-02, 
 2DIAGNOSTIC,     4, -4.557497000783e-01, 1.797693134862e+308, 3.7844e+01, 7.6037e-02, 
 2DIAGNOSTIC,     5, -4.564907482885e-01, 1.797693134862e+308, 3.7918e+01, 7.3391e-02, 
 2DIAGNOSTIC,     6, -4.571026677212e-01, 1.797693134862e+308, 3.7993e+01, 7.5450e-02, 
 2DIAGNOSTIC,     7, -4.581629118141e-01, 1.797693134862e+308, 3.8102e+01, 1.0914e-01, 
 2DIAGNOSTIC,     8, -4.584285223104e-01, 1.797693134862e+308, 3.8177e+01, 7.4622e-02, 
 2DIAGNOSTIC,     9, -4.585357175059e-01, 1.797693134862e+308, 3.8250e+01, 7.3540e-02, 
 2DIAGNOSTIC,    10, -4.587923735727e-01, 8.684372746994e-04, 3.8372e+01, 1.2181e-01, 
 2DIAGNOSTIC,    11, -4.588388436976e-01, 6.506114164834e-04, 3.8446e+01, 7.3841e-02, 
 2DIAGNOSTIC,    12, -4.588700501529e-01, 4.699325896743e-04, 3.8521e+01, 7.4875e-02, 
 2DIAGNOSTIC,    13, -4.588926066402e-01, 3.254488430377e-04, 3.8606e+01, 8.5455e-02, 
 2DIAGNOSTIC,    14, -4.589149738850e-01, 2.118021961017e-04, 3.8704e+01, 9.7942e-02, 
 2DIAGNOSTIC,    15, -4.589202845477e-01, 1.249496806973e-04, 3.8790e+01, 8.5620e-02, 
 2DIAGNOSTIC,    16, -4.589227600351e-01, 6.054874211144e-05, 3.8865e+01, 7.4865e-02, 
 2DIAGNOSTIC,    17, -4.589277813989e-01, 3.719533200447e-05, 3.8939e+01, 7.3932e-02, 
 2DIAGNOSTIC,    18, -4.589466072591e-01, 2.300367419312e-05, 3.9025e+01, 8.6823e-02, 
 2DIAGNOSTIC,    19, -4.589675557589e-01, 1.229595097099e-05, 3.9123e+01, 9.7236e-02, 
 2DIAGNOSTIC,    20, -4.589733266738e-01, 9.790432727134e-06, 3.9198e+01, 7.4935e-02, 
 2DIAGNOSTIC,    21, -4.589794050967e-01, 8.316052877134e-06, 3.9272e+01, 7.3895e-02, 
 2DIAGNOSTIC,    22, -4.589905353487e-01, 7.529958452240e-06, 3.9347e+01, 7.5066e-02, 
 2DIAGNOSTIC,    23, -4.589990659359e-01, 7.052754964210e-06, 3.9432e+01, 8.5198e-02, 
 2DIAGNOSTIC,    24, -4.590013385258e-01, 6.708663660773e-06, 3.9554e+01, 1.2183e-01, 
 2DIAGNOSTIC,    25, -4.590020760126e-01, 6.045008418554e-06, 3.9627e+01, 7.3424e-02, 
 2DIAGNOSTIC,    26, -4.590065114732e-01, 5.158529021637e-06, 3.9702e+01, 7.4866e-02, 
 2DIAGNOSTIC,    27, -4.590106672722e-01, 4.166507809752e-06, 3.9775e+01, 7.3238e-02, 
 2DIAGNOSTIC,    28, -4.590119140623e-01, 3.393609721472e-06, 3.9850e+01, 7.4436e-02, 
 2DIAGNOSTIC,    29, -4.590160601988e-01, 3.000207324633e-06, 3.9935e+01, 8.5029e-02, 
 2DIAGNOSTIC,    30, -4.590209368118e-01, 2.674036416392e-06, 4.0033e+01, 9.7945e-02, 
 2DIAGNOSTIC,    31, -4.590286052328e-01, 2.484636626006e-06, 4.0118e+01, 8.5098e-02, 
 2DIAGNOSTIC,    32, -4.590368828213e-01, 2.537724634988e-06, 4.0204e+01, 8.6249e-02, 
 2DIAGNOSTIC,    33, -4.590370926854e-01, 2.603735421512e-06, 4.0277e+01, 7.3248e-02, 
 2DIAGNOSTIC,    34, -4.590379059638e-01, 2.570759477988e-06, 4.0363e+01, 8.6121e-02, 
 2DIAGNOSTIC,    35, -4.590391711269e-01, 2.418716238656e-06, 4.0448e+01, 8.5060e-02, 
 2DIAGNOSTIC,    36, -4.590393444921e-01, 2.206991721359e-06, 4.0616e+01, 1.6762e-01, 
 2DIAGNOSTIC,    37, -4.590393450287e-01, 1.949718571245e-06, 4.0690e+01, 7.3588e-02, 
 2DIAGNOSTIC,    38, -4.590393480157e-01, 1.623540968439e-06, 4.0764e+01, 7.4720e-02, 
 2DIAGNOSTIC,    39, -4.590393518042e-01, 1.306403583229e-06, 4.0838e+01, 7.3395e-02, 
 2DIAGNOSTIC,    40, -4.590393699024e-01, 1.032140528580e-06, 4.0912e+01, 7.4344e-02, 
DIAGNOSTIC,Iteration,metricValue,convergenceValue,ITERATION_TIME_INDEX,SINCE_LAST
 2DIAGNOSTIC,     1, -3.845076137237e-01, 1.797693134862e+308, 5.0074e+01, 9.1621e+00, 
 2DIAGNOSTIC,     2, -3.846939083361e-01, 1.797693134862e+308, 5.0678e+01, 6.0392e-01, 
 2DIAGNOSTIC,     3, -3.848966374419e-01, 1.797693134862e+308, 5.1261e+01, 5.8284e-01, 
 2DIAGNOSTIC,     4, -3.851791229179e-01, 1.797693134862e+308, 5.1863e+01, 6.0190e-01, 
 2DIAGNOSTIC,     5, -3.856318640773e-01, 1.797693134862e+308, 5.2446e+01, 5.8325e-01, 
 2DIAGNOSTIC,     6, -3.859320318578e-01, 1.797693134862e+308, 5.3442e+01, 9.9619e-01, 
 2DIAGNOSTIC,     7, -3.860040901711e-01, 1.797693134862e+308, 5.4024e+01, 5.8145e-01, 
 2DIAGNOSTIC,     8, -3.860509563550e-01, 1.797693134862e+308, 5.4821e+01, 7.9747e-01, 
 2DIAGNOSTIC,     9, -3.861693213670e-01, 1.797693134862e+308, 5.5502e+01, 6.8052e-01, 
 2DIAGNOSTIC,    10, -3.862018596881e-01, 3.148961070837e-04, 5.6205e+01, 7.0356e-01, 
 2DIAGNOSTIC,    11, -3.862109447394e-01, 2.414460800083e-04, 5.6888e+01, 6.8296e-01, 
 2DIAGNOSTIC,    12, -3.862152093169e-01, 1.708498600702e-04, 5.7586e+01, 6.9771e-01, 
 2DIAGNOSTIC,    13, -3.862264968633e-01, 1.081475310221e-04, 5.8272e+01, 6.8651e-01, 
 2DIAGNOSTIC,    14, -3.862360938724e-01, 5.962887436170e-05, 5.8878e+01, 6.0600e-01, 
 2DIAGNOSTIC,    15, -3.862375532281e-01, 3.426422695474e-05, 5.9568e+01, 6.8952e-01, 
 2DIAGNOSTIC,    16, -3.862383887696e-01, 2.300417668467e-05, 6.0171e+01, 6.0340e-01, 
 2DIAGNOSTIC,    17, -3.862411047330e-01, 1.440265514466e-05, 6.0852e+01, 6.8105e-01, 
 2DIAGNOSTIC,    18, -3.862441238859e-01, 7.513337611391e-06, 6.1649e+01, 7.9651e-01, 
 2DIAGNOSTIC,    19, -3.862448765677e-01, 5.396500052698e-06, 6.2330e+01, 6.8093e-01, 
 2DIAGNOSTIC,    20, -3.862461321249e-01, 4.389227739113e-06, 6.2932e+01, 6.0177e-01, 
 2DIAGNOSTIC,    21, -3.862463098701e-01, 3.547970034233e-06, 6.3512e+01, 5.8041e-01, 
 2DIAGNOSTIC,    22, -3.862465980687e-01, 2.738519394176e-06, 6.4216e+01, 7.0367e-01, 
 2DIAGNOSTIC,    23, -3.862471461414e-01, 2.248255520886e-06, 6.5000e+01, 7.8391e-01, 
 2DIAGNOSTIC,    24, -3.862472574612e-01, 2.014986866292e-06, 6.5603e+01, 6.0353e-01, 
 2DIAGNOSTIC,    25, -3.862474723503e-01, 1.786278521036e-06, 6.6188e+01, 5.8506e-01, 
 2DIAGNOSTIC,    26, -3.862476289678e-01, 1.554075832418e-06, 6.6891e+01, 7.0308e-01, 
 2DIAGNOSTIC,    27, -3.862477939858e-01, 1.384834176776e-06, 6.7576e+01, 6.8459e-01, 
 2DIAGNOSTIC,    28, -3.862478146509e-01, 1.287853740629e-06, 6.8179e+01, 6.0352e-01, 
 2DIAGNOSTIC,    29, -3.862478282949e-01, 1.202000496393e-06, 6.8764e+01, 5.8500e-01, 
 2DIAGNOSTIC,    30, -3.862478791136e-01, 1.144195252552e-06, 6.9367e+01, 6.0227e-01, 
 2DIAGNOSTIC,    31, -3.862481698965e-01, 1.093259045078e-06, 7.0051e+01, 6.8490e-01, 
 2DIAGNOSTIC,    32, -3.862485311716e-01, 1.053647971754e-06, 7.2036e+01, 1.9848e+00, 
 2DIAGNOSTIC,    33, -3.862485317396e-01, 1.022970708191e-06, 7.4395e+01, 2.3589e+00, 
DIAGNOSTIC,Iteration,metricValue,convergenceValue,ITERATION_TIME_INDEX,SINCE_LAST
 2DIAGNOSTIC,     1, -3.301720527574e-01, 1.797693134862e+308, 8.4350e+01, 9.9546e+00, 
  Elapsed time (stage 1): 8.6192e+01


Stage 2
  iterations = 100x100x70x50x0
  convergence threshold = 1.0000e-06
  convergence window size = 10
  number of levels = 5
  using the Mattes MI metric (number of bins = 32, weight = 1.0000e+00)
  preprocessing:  winsorizing the image intensities
  Shrink factors (level 1 out of 5): [10, 10, 10]
  Shrink factors (level 2 out of 5): [6, 6, 6]
  Shrink factors (level 3 out of 5): [4, 4, 4]
  Shrink factors (level 4 out of 5): [2, 2, 2]
  Shrink factors (level 5 out of 5): [1, 1, 1]
  smoothing sigmas per level: [5, 3, 2, 1, 0]
  Using default NONE metricSamplingStrategy 

*** Running SyN registration (varianceForUpdateField = 3.0000e+00, varianceForTotalField = 0.0000e+00) ***

XXDIAGNOSTIC,Iteration,metricValue,convergenceValue,ITERATION_TIME_INDEX,SINCE_LAST
 1DIAGNOSTIC,     1, -5.477580173716e-01, 1.797693134862e+308, 3.4404e+01, 3.4404e+01, 
 1DIAGNOSTIC,     2, -5.657428433091e-01, 1.797693134862e+308, 3.4543e+01, 1.3908e-01, 
 1DIAGNOSTIC,     3, -5.742411074222e-01, 1.797693134862e+308, 3.4686e+01, 1.4235e-01, 
 1DIAGNOSTIC,     4, -5.780546046159e-01, 1.797693134862e+308, 3.4822e+01, 1.3614e-01, 
 1DIAGNOSTIC,     5, -5.754601751111e-01, 1.797693134862e+308, 3.4958e+01, 1.3642e-01, 
 1DIAGNOSTIC,     6, -5.744765943109e-01, 1.797693134862e+308, 3.5094e+01, 1.3638e-01, 
 1DIAGNOSTIC,     7, -5.719403538404e-01, 1.797693134862e+308, 3.5231e+01, 1.3633e-01, 
 1DIAGNOSTIC,     8, -5.704368010175e-01, 1.797693134862e+308, 3.5367e+01, 1.3616e-01, 
 1DIAGNOSTIC,     9, -5.692269510138e-01, 1.797693134862e+308, 3.5503e+01, 1.3648e-01, 
 1DIAGNOSTIC,    10, -5.654163571910e-01, 7.527800205090e-04, 3.5640e+01, 1.3694e-01, 
 1DIAGNOSTIC,    11, -5.664386885973e-01, -7.225156953727e-04, 3.5777e+01, 1.3699e-01, 
XXDIAGNOSTIC,Iteration,metricValue,convergenceValue,ITERATION_TIME_INDEX,SINCE_LAST
 1DIAGNOSTIC,     1, -4.493739536589e-01, 1.797693134862e+308, 5.1807e+01, 1.6030e+01, 
 1DIAGNOSTIC,     2, -4.534088783272e-01, 1.797693134862e+308, 5.2364e+01, 5.5661e-01, 
 1DIAGNOSTIC,     3, -4.547757897008e-01, 1.797693134862e+308, 5.2905e+01, 5.4082e-01, 
 1DIAGNOSTIC,     4, -4.545919842401e-01, 1.797693134862e+308, 5.3447e+01, 5.4204e-01, 
 1DIAGNOSTIC,     5, -4.546794849524e-01, 1.797693134862e+308, 5.3989e+01, 5.4254e-01, 
 1DIAGNOSTIC,     6, -4.542147438917e-01, 1.797693134862e+308, 5.4532e+01, 5.4282e-01, 
 1DIAGNOSTIC,     7, -4.529617479249e-01, 1.797693134862e+308, 5.5075e+01, 5.4312e-01, 
 1DIAGNOSTIC,     8, -4.521409735743e-01, 1.797693134862e+308, 5.5618e+01, 5.4238e-01, 
 1DIAGNOSTIC,     9, -4.505246730538e-01, 1.797693134862e+308, 5.6161e+01, 5.4353e-01, 
 1DIAGNOSTIC,    10, -4.492844527814e-01, -3.294366854807e-04, 5.6706e+01, 5.4449e-01, 
XXDIAGNOSTIC,Iteration,metricValue,convergenceValue,ITERATION_TIME_INDEX,SINCE_LAST
 1DIAGNOSTIC,     1, -3.833340625262e-01, 1.797693134862e+308, 6.6950e+01, 1.0244e+01, 
 1DIAGNOSTIC,     2, -3.840690894215e-01, 1.797693134862e+308, 6.8652e+01, 1.7024e+00, 
 1DIAGNOSTIC,     3, -3.847615376502e-01, 1.797693134862e+308, 7.0352e+01, 1.6998e+00, 
 1DIAGNOSTIC,     4, -3.852034078678e-01, 1.797693134862e+308, 7.2059e+01, 1.7072e+00, 
 1DIAGNOSTIC,     5, -3.853491368950e-01, 1.797693134862e+308, 7.3760e+01, 1.7012e+00, 
 1DIAGNOSTIC,     6, -3.854405519721e-01, 1.797693134862e+308, 7.5578e+01, 1.8177e+00, 
 1DIAGNOSTIC,     7, -3.852233164532e-01, 1.797693134862e+308, 7.7333e+01, 1.7552e+00, 
 1DIAGNOSTIC,     8, -3.849055166320e-01, 1.797693134862e+308, 7.9099e+01, 1.7662e+00, 
 1DIAGNOSTIC,     9, -3.846449666698e-01, 1.797693134862e+308, 8.0802e+01, 1.7029e+00, 
 1DIAGNOSTIC,    10, -3.844701150542e-01, 1.335372978674e-04, 8.2558e+01, 1.7556e+00, 
 1DIAGNOSTIC,    11, -3.841005150144e-01, -5.475111252631e-05, 8.4265e+01, 1.7072e+00, 
XXDIAGNOSTIC,Iteration,metricValue,convergenceValue,ITERATION_TIME_INDEX,SINCE_LAST
 1DIAGNOSTIC,     1, -3.258763486059e-01, 1.797693134862e+308, 1.0346e+02, 1.9194e+01, 
 1DIAGNOSTIC,     2, -3.269357247444e-01, 1.797693134862e+308, 1.1616e+02, 1.2704e+01, 
 1DIAGNOSTIC,     3, -3.280207099928e-01, 1.797693134862e+308, 1.2892e+02, 1.2752e+01, 
 1DIAGNOSTIC,     4, -3.290562652257e-01, 1.797693134862e+308, 1.4162e+02, 1.2705e+01, 
 1DIAGNOSTIC,     5, -3.299506747920e-01, 1.797693134862e+308, 1.5492e+02, 1.3304e+01, 
 1DIAGNOSTIC,     6, -3.307418123876e-01, 1.797693134862e+308, 1.6764e+02, 1.2714e+01, 
 1DIAGNOSTIC,     7, -3.313477855256e-01, 1.797693134862e+308, 1.8080e+02, 1.3166e+01, 
 1DIAGNOSTIC,     8, -3.319528502666e-01, 1.797693134862e+308, 1.9396e+02, 1.3158e+01, 
 1DIAGNOSTIC,     9, -3.324248584614e-01, 1.797693134862e+308, 2.0707e+02, 1.3109e+01, 
 1DIAGNOSTIC,    10, -3.328886479791e-01, 1.361602780571e-03, 2.2076e+02, 1.3691e+01, 
 1DIAGNOSTIC,    11, -3.332948327503e-01, 1.099188083847e-03, 2.3394e+02, 1.3178e+01, 
 1DIAGNOSTIC,    12, -3.336439002192e-01, 8.822400303257e-04, 2.4749e+02, 1.3545e+01, 
 1DIAGNOSTIC,    13, -3.339742780134e-01, 7.119227481616e-04, 2.6105e+02, 1.3559e+01, 
 1DIAGNOSTIC,    14, -3.342919071678e-01, 5.836785811697e-04, 2.7459e+02, 1.3549e+01, 
 1DIAGNOSTIC,    15, -3.345931194435e-01, 4.870897105682e-04, 2.8823e+02, 1.3633e+01, 
 1DIAGNOSTIC,    16, -3.348356594969e-01, 4.129919680880e-04, 3.0178e+02, 1.3550e+01, 
 1DIAGNOSTIC,    17, -3.350816223139e-01, 3.522571304617e-04, 3.1533e+02, 1.3552e+01, 
 1DIAGNOSTIC,    18, -3.353366419527e-01, 3.064817085546e-04, 3.2892e+02, 1.3590e+01, 
 1DIAGNOSTIC,    19, -3.355473600513e-01, 2.676079916017e-04, 3.4247e+02, 1.3555e+01, 
 1DIAGNOSTIC,    20, -3.357302576017e-01, 2.352634810450e-04, 3.5606e+02, 1.3585e+01, 
 1DIAGNOSTIC,    21, -3.359220279596e-01, 2.083855020263e-04, 3.6969e+02, 1.3630e+01, 
 1DIAGNOSTIC,    22, -3.361044961850e-01, 1.850544036474e-04, 3.8326e+02, 1.3570e+01, 
 1DIAGNOSTIC,    23, -3.362170816567e-01, 1.627718191957e-04, 3.9679e+02, 1.3533e+01, 
 1DIAGNOSTIC,    24, -3.362829652971e-01, 1.407136616876e-04, 4.1035e+02, 1.3562e+01, 
 1DIAGNOSTIC,    25, -3.363622578969e-01, 1.202739858796e-04, 4.2390e+02, 1.3550e+01, 
 1DIAGNOSTIC,    26, -3.364925266012e-01, 1.023068557854e-04, 4.3752e+02, 1.3612e+01, 
 1DIAGNOSTIC,    27, -3.366054718120e-01, 8.725662128278e-05, 4.5108e+02, 1.3563e+01, 
 1DIAGNOSTIC,    28, -3.366535998078e-01, 7.428537574811e-05, 4.6464e+02, 1.3563e+01, 
 1DIAGNOSTIC,    29, -3.367137748364e-01, 6.328028388698e-05, 4.7822e+02, 1.3584e+01, 
 1DIAGNOSTIC,    30, -3.368474548081e-01, 5.604598768310e-05, 4.9185e+02, 1.3628e+01, 
 1DIAGNOSTIC,    31, -3.369515974040e-01, 5.198740856980e-05, 5.0541e+02, 1.3556e+01, 
 1DIAGNOSTIC,    32, -3.370471885917e-01, 5.064546088591e-05, 5.1896e+02, 1.3548e+01, 
 1DIAGNOSTIC,    33, -3.370979406329e-01, 4.890132647269e-05, 5.3257e+02, 1.3616e+01, 
 1DIAGNOSTIC,    34, -3.372028159767e-01, 4.700502986323e-05, 5.4612e+02, 1.3548e+01, 
 1DIAGNOSTIC,    35, -3.372678193055e-01, 4.422020235248e-05, 5.5980e+02, 1.3680e+01, 
 1DIAGNOSTIC,    36, -3.372865681895e-01, 4.089822060752e-05, 5.7338e+02, 1.3583e+01, 
 1DIAGNOSTIC,    37, -3.372905527239e-01, 3.666697048357e-05, 5.8695e+02, 1.3562e+01, 
 1DIAGNOSTIC,    38, -3.372664705066e-01, 2.981505193971e-05, 6.0051e+02, 1.3564e+01, 
 1DIAGNOSTIC,    39, -3.372790030190e-01, 2.209352626905e-05, 6.1410e+02, 1.3585e+01, 
 1DIAGNOSTIC,    40, -3.372292560411e-01, 1.444884957255e-05, 6.2767e+02, 1.3578e+01, 
 1DIAGNOSTIC,    41, -3.372112424788e-01, 7.666122104174e-06, 6.4122e+02, 1.3549e+01, 
 1DIAGNOSTIC,    42, -3.371932590738e-01, 2.139902886299e-06, 6.5480e+02, 1.3573e+01, 
 1DIAGNOSTIC,    43, -3.371949933610e-01, -2.263728981870e-06, 6.6835e+02, 1.3557e+01, 
  Elapsed time (stage 2): 688.7


Total elapsed time: 851.3

--- Writing output images ---

Using double precision for computations.
Input scalar image: data/Segmentations/1018_3_seg.nii.gz
Reference image: data/template/T_template0_BrainCerebellum.nii.gz
=============================================================================
The composite transform comprises the following transforms (in order): 
  1. /tmp/1971344.1.basic.q/1018_ToTemplate_012_0GenericAffine.mat (type = AffineTransform)
  2. /tmp/1971344.1.basic.q/1018_ToTemplate_012_1Warp.nii.gz (type = DisplacementFieldTransform)
=============================================================================
Default pixel value: 0
Interpolation type: LabelImageGenericInterpolateImageFunction
Output warped image: output/1018/1018_WarpedLabels_012.nii.gz

--- Done ---

