
--- Running on compute-1-12.local ---


--- registration call ---
/data/jet/pcook/bin/antsBuild/bin/antsRegistrationSyNQuick.sh -d 3 -f data/template/T_template0_BrainCerebellum.nii.gz -m data/Brains/1018_3.nii.gz -t s -p d -n 2 -o /tmp/1971333.1.basic.q/1018_ToTemplate_001_
---


--------------------------------------------------------------------------------------
 Mapping parameters
--------------------------------------------------------------------------------------
 ANTSPATH is /data/jet/pcook/bin/antsBuild/bin/

 Dimensionality:           3
 Output name prefix:       /tmp/1971333.1.basic.q/1018_ToTemplate_001_
 Fixed images:             data/template/T_template0_BrainCerebellum.nii.gz
 Moving images:            data/Brains/1018_3.nii.gz
 Mask images:              
 Initial transforms:       
 Number of threads:        2
 Spline distance:          26
 Transform type:           s
 MI histogram bins:        32
 Precision:                d
 Use histogram matching    0
======================================================================================
 antsRegistration call:
--------------------------------------------------------------------------------------
/data/jet/pcook/bin/antsBuild/bin//antsRegistration --verbose 1 --dimensionality 3 --float 0 --collapse-output-transforms 1 --output [/tmp/1971333.1.basic.q/1018_ToTemplate_001_,/tmp/1971333.1.basic.q/1018_ToTemplate_001_Warped.nii.gz,/tmp/1971333.1.basic.q/1018_ToTemplate_001_InverseWarped.nii.gz] --interpolation Linear --use-histogram-matching 0 --winsorize-image-intensities [0.005,0.995] --initial-moving-transform [data/template/T_template0_BrainCerebellum.nii.gz,data/Brains/1018_3.nii.gz,1] --transform Rigid[0.1] --metric MI[data/template/T_template0_BrainCerebellum.nii.gz,data/Brains/1018_3.nii.gz,1,32,Regular,0.25] --convergence [1000x500x250x0,1e-6,10] --shrink-factors 12x8x4x2 --smoothing-sigmas 4x3x2x1vox --transform Affine[0.1] --metric MI[data/template/T_template0_BrainCerebellum.nii.gz,data/Brains/1018_3.nii.gz,1,32,Regular,0.25] --convergence [1000x500x250x0,1e-6,10] --shrink-factors 12x8x4x2 --smoothing-sigmas 4x3x2x1vox --transform SyN[0.1,3,0] --metric MI[data/template/T_template0_BrainCerebellum.nii.gz,data/Brains/1018_3.nii.gz,1,32] --convergence [100x100x70x50x0,1e-6,10] --shrink-factors 10x6x4x2x1 --smoothing-sigmas 5x3x2x1x0vox
--------------------------------------------------------------------------------------
All_Command_lines_OK
Using double precision for computations.
=============================================================================
The composite transform comprises the following transforms (in order): 
  1. Center of mass alignment using fixed image: data/template/T_template0_BrainCerebellum.nii.gz and moving image: data/Brains/1018_3.nii.gz (type = Euler3DTransform)
=============================================================================
  number of levels = 4
  number of levels = 4
  number of levels = 5
  fixed image: data/template/T_template0_BrainCerebellum.nii.gz
  moving image: data/Brains/1018_3.nii.gz
  fixed image: data/template/T_template0_BrainCerebellum.nii.gz
  moving image: data/Brains/1018_3.nii.gz
  fixed image: data/template/T_template0_BrainCerebellum.nii.gz
  moving image: data/Brains/1018_3.nii.gz
Dimension = 3
Number of stages = 3
Use Histogram Matching false
Winsorize image intensities true
Lower quantile = 0.005
Upper quantile = 0.995
Stage 1 State
   Image metric = Mattes
     Fixed image = Image (0x4004f40)
  RTTI typeinfo:   itk::Image<double, 3u>
  Reference Count: 2
  Modified Time: 1611
  Debug: Off
  Object Name: 
  Observers: 
    none
  Source: (none)
  Source output name: (none)
  Release Data: Off
  Data Released: False
  Global Release Data: Off
  PipelineMTime: 0
  UpdateMTime: 1422
  RealTimeStamp: 0 seconds 
  LargestPossibleRegion: 
    Dimension: 3
    Index: [0, 0, 0]
    Size: [216, 256, 291]
  BufferedRegion: 
    Dimension: 3
    Index: [0, 0, 0]
    Size: [216, 256, 291]
  RequestedRegion: 
    Dimension: 3
    Index: [0, 0, 0]
    Size: [216, 256, 291]
  Spacing: [1, 1, 1]
  Origin: [0, 293, 0]
  Direction: 
1 0 0
0 -0 -1
0 -1 -0

  IndexToPointMatrix: 
1 0 0
0 0 -1
0 -1 0

  PointToIndexMatrix: 
1 0 0
0 0 -1
0 -1 0

  Inverse Direction: 
1 0 0
0 0 -1
0 -1 0

  PixelContainer: 
    ImportImageContainer (0x4008a40)
      RTTI typeinfo:   itk::ImportImageContainer<unsigned long, double>
      Reference Count: 1
      Modified Time: 1419
      Debug: Off
      Object Name: 
      Observers: 
        none
      Pointer: 0x7f9d28a81010
      Container manages memory: true
      Size: 16091136
      Capacity: 16091136

     Moving image = Image (0x4006fa0)
  RTTI typeinfo:   itk::Image<double, 3u>
  Reference Count: 2
  Modified Time: 1612
  Debug: Off
  Object Name: 
  Observers: 
    none
  Source: (none)
  Source output name: (none)
  Release Data: Off
  Data Released: False
  Global Release Data: Off
  PipelineMTime: 0
  UpdateMTime: 1609
  RealTimeStamp: 0 seconds 
  LargestPossibleRegion: 
    Dimension: 3
    Index: [0, 0, 0]
    Size: [256, 256, 291]
  BufferedRegion: 
    Dimension: 3
    Index: [0, 0, 0]
    Size: [256, 256, 291]
  RequestedRegion: 
    Dimension: 3
    Index: [0, 0, 0]
    Size: [256, 256, 291]
  Spacing: [1, 1, 1]
  Origin: [0, 290, 0]
  Direction: 
1 0 0
0 -0 -1
0 -1 -0

  IndexToPointMatrix: 
1 0 0
0 0 -1
0 -1 0

  PointToIndexMatrix: 
1 0 0
0 0 -1
0 -1 0

  Inverse Direction: 
1 0 0
0 0 -1
0 -1 0

  PixelContainer: 
    ImportImageContainer (0x3ff7f60)
      RTTI typeinfo:   itk::ImportImageContainer<unsigned long, double>
      Reference Count: 1
      Modified Time: 1606
      Debug: Off
      Object Name: 
      Observers: 
        none
      Pointer: 0x7f9d1f900010
      Container manages memory: true
      Size: 19070976
      Capacity: 19070976

     Weighting = 1
     Sampling strategy = regular
     Number of bins = 32
     Radius = 4
     Sampling percentage  = 0.25
   Transform = Rigid
     Gradient step = 0.1
     Update field sigma (voxel space) = 0
     Total field sigma (voxel space) = 0
     Update field time sigma = 0
     Total field time sigma  = 0
     Number of time indices = 0
     Number of time point samples = 0
Stage 2 State
   Image metric = Mattes
     Fixed image = Image (0x400b950)
  RTTI typeinfo:   itk::Image<double, 3u>
  Reference Count: 2
  Modified Time: 1987
  Debug: Off
  Object Name: 
  Observers: 
    none
  Source: (none)
  Source output name: (none)
  Release Data: Off
  Data Released: False
  Global Release Data: Off
  PipelineMTime: 0
  UpdateMTime: 1798
  RealTimeStamp: 0 seconds 
  LargestPossibleRegion: 
    Dimension: 3
    Index: [0, 0, 0]
    Size: [216, 256, 291]
  BufferedRegion: 
    Dimension: 3
    Index: [0, 0, 0]
    Size: [216, 256, 291]
  RequestedRegion: 
    Dimension: 3
    Index: [0, 0, 0]
    Size: [216, 256, 291]
  Spacing: [1, 1, 1]
  Origin: [0, 293, 0]
  Direction: 
1 0 0
0 -0 -1
0 -1 -0

  IndexToPointMatrix: 
1 0 0
0 0 -1
0 -1 0

  PointToIndexMatrix: 
1 0 0
0 0 -1
0 -1 0

  Inverse Direction: 
1 0 0
0 0 -1
0 -1 0

  PixelContainer: 
    ImportImageContainer (0x4007bc0)
      RTTI typeinfo:   itk::ImportImageContainer<unsigned long, double>
      Reference Count: 1
      Modified Time: 1795
      Debug: Off
      Object Name: 
      Observers: 
        none
      Pointer: 0x7f9d17e3b010
      Container manages memory: true
      Size: 16091136
      Capacity: 16091136

     Moving image = Image (0x40182d0)
  RTTI typeinfo:   itk::Image<double, 3u>
  Reference Count: 2
  Modified Time: 1988
  Debug: Off
  Object Name: 
  Observers: 
    none
  Source: (none)
  Source output name: (none)
  Release Data: Off
  Data Released: False
  Global Release Data: Off
  PipelineMTime: 0
  UpdateMTime: 1985
  RealTimeStamp: 0 seconds 
  LargestPossibleRegion: 
    Dimension: 3
    Index: [0, 0, 0]
    Size: [256, 256, 291]
  BufferedRegion: 
    Dimension: 3
    Index: [0, 0, 0]
    Size: [256, 256, 291]
  RequestedRegion: 
    Dimension: 3
    Index: [0, 0, 0]
    Size: [256, 256, 291]
  Spacing: [1, 1, 1]
  Origin: [0, 290, 0]
  Direction: 
1 0 0
0 -0 -1
0 -1 -0

  IndexToPointMatrix: 
1 0 0
0 0 -1
0 -1 0

  PointToIndexMatrix: 
1 0 0
0 0 -1
0 -1 0

  Inverse Direction: 
1 0 0
0 0 -1
0 -1 0

  PixelContainer: 
    ImportImageContainer (0x4017c50)
      RTTI typeinfo:   itk::ImportImageContainer<unsigned long, double>
      Reference Count: 1
      Modified Time: 1982
      Debug: Off
      Object Name: 
      Observers: 
        none
      Pointer: 0x7f9d0ecba010
      Container manages memory: true
      Size: 19070976
      Capacity: 19070976

     Weighting = 1
     Sampling strategy = regular
     Number of bins = 32
     Radius = 4
     Sampling percentage  = 0.25
   Transform = Affine
     Gradient step = 0.1
     Update field sigma (voxel space) = 0
     Total field sigma (voxel space) = 0
     Update field time sigma = 0
     Total field time sigma  = 0
     Number of time indices = 0
     Number of time point samples = 0
Stage 3 State
   Image metric = Mattes
     Fixed image = Image (0x401e170)
  RTTI typeinfo:   itk::Image<double, 3u>
  Reference Count: 2
  Modified Time: 2363
  Debug: Off
  Object Name: 
  Observers: 
    none
  Source: (none)
  Source output name: (none)
  Release Data: Off
  Data Released: False
  Global Release Data: Off
  PipelineMTime: 0
  UpdateMTime: 2174
  RealTimeStamp: 0 seconds 
  LargestPossibleRegion: 
    Dimension: 3
    Index: [0, 0, 0]
    Size: [216, 256, 291]
  BufferedRegion: 
    Dimension: 3
    Index: [0, 0, 0]
    Size: [216, 256, 291]
  RequestedRegion: 
    Dimension: 3
    Index: [0, 0, 0]
    Size: [216, 256, 291]
  Spacing: [1, 1, 1]
  Origin: [0, 293, 0]
  Direction: 
1 0 0
0 -0 -1
0 -1 -0

  IndexToPointMatrix: 
1 0 0
0 0 -1
0 -1 0

  PointToIndexMatrix: 
1 0 0
0 0 -1
0 -1 0

  Inverse Direction: 
1 0 0
0 0 -1
0 -1 0

  PixelContainer: 
    ImportImageContainer (0x40192d0)
      RTTI typeinfo:   itk::ImportImageContainer<unsigned long, double>
      Reference Count: 1
      Modified Time: 2171
      Debug: Off
      Object Name: 
      Observers: 
        none
      Pointer: 0x7f9d071f5010
      Container manages memory: true
      Size: 16091136
      Capacity: 16091136

     Moving image = Image (0x401dbe0)
  RTTI typeinfo:   itk::Image<double, 3u>
  Reference Count: 2
  Modified Time: 2364
  Debug: Off
  Object Name: 
  Observers: 
    none
  Source: (none)
  Source output name: (none)
  Release Data: Off
  Data Released: False
  Global Release Data: Off
  PipelineMTime: 0
  UpdateMTime: 2361
  RealTimeStamp: 0 seconds 
  LargestPossibleRegion: 
    Dimension: 3
    Index: [0, 0, 0]
    Size: [256, 256, 291]
  BufferedRegion: 
    Dimension: 3
    Index: [0, 0, 0]
    Size: [256, 256, 291]
  RequestedRegion: 
    Dimension: 3
    Index: [0, 0, 0]
    Size: [256, 256, 291]
  Spacing: [1, 1, 1]
  Origin: [0, 290, 0]
  Direction: 
1 0 0
0 -0 -1
0 -1 -0

  IndexToPointMatrix: 
1 0 0
0 0 -1
0 -1 0

  PointToIndexMatrix: 
1 0 0
0 0 -1
0 -1 0

  Inverse Direction: 
1 0 0
0 0 -1
0 -1 0

  PixelContainer: 
    ImportImageContainer (0x401fef0)
      RTTI typeinfo:   itk::ImportImageContainer<unsigned long, double>
      Reference Count: 1
      Modified Time: 2358
      Debug: Off
      Object Name: 
      Observers: 
        none
      Pointer: 0x7f9cfe074010
      Container manages memory: true
      Size: 19070976
      Capacity: 19070976

     Weighting = 1
     Sampling strategy = none
     Number of bins = 32
     Radius = 4
     Sampling percentage  = 1
   Transform = SyN
     Gradient step = 0.1
     Update field sigma (voxel space) = 3
     Total field sigma (voxel space) = 0
     Update field time sigma = 0
     Total field time sigma  = 0
     Number of time indices = 0
     Number of time point samples = 0
Registration using 3 total stages.

Stage 0
  iterations = 1000x500x250x0
  convergence threshold = 1e-06
  convergence window size = 10
  number of levels = 4
  using the Mattes MI metric (number of bins = 32, weight = 1)
  preprocessing:  winsorizing the image intensities
  Shrink factors (level 1 out of 4): [12, 12, 12]
  Shrink factors (level 2 out of 4): [8, 8, 8]
  Shrink factors (level 3 out of 4): [4, 4, 4]
  Shrink factors (level 4 out of 4): [2, 2, 2]
  smoothing sigmas per level: [4, 3, 2, 1]
  regular sampling (percentage = 0.25)

*** Running Euler3DTransform registration ***

DIAGNOSTIC,Iteration,metricValue,convergenceValue,ITERATION_TIME_INDEX,SINCE_LAST
 2DIAGNOSTIC,     1, -4.109305603120e-01, 1.797693134862e+308, 2.1577e+01, 2.1577e+01, 
 2DIAGNOSTIC,     2, -4.117883799407e-01, 1.797693134862e+308, 2.1588e+01, 1.1314e-02, 
 2DIAGNOSTIC,     3, -4.131900958229e-01, 1.797693134862e+308, 2.1599e+01, 1.1094e-02, 
 2DIAGNOSTIC,     4, -4.141804761000e-01, 1.797693134862e+308, 2.1610e+01, 1.1119e-02, 
 2DIAGNOSTIC,     5, -4.148536661495e-01, 1.797693134862e+308, 2.1621e+01, 1.1112e-02, 
 2DIAGNOSTIC,     6, -4.150976222173e-01, 1.797693134862e+308, 2.1632e+01, 1.1008e-02, 
 2DIAGNOSTIC,     7, -4.156247132055e-01, 1.797693134862e+308, 2.1647e+01, 1.4327e-02, 
 2DIAGNOSTIC,     8, -4.158688458844e-01, 1.797693134862e+308, 2.1661e+01, 1.4266e-02, 
 2DIAGNOSTIC,     9, -4.158691161848e-01, 1.797693134862e+308, 2.1672e+01, 1.1008e-02, 
 2DIAGNOSTIC,    10, -4.160511647855e-01, 7.769660741417e-04, 2.1685e+01, 1.3365e-02, 
 2DIAGNOSTIC,    11, -4.160003687119e-01, 5.301224097704e-04, 2.1698e+01, 1.3239e-02, 
 2DIAGNOSTIC,    12, -4.160252942565e-01, 3.263294727038e-04, 2.1715e+01, 1.6396e-02, 
 2DIAGNOSTIC,    13, -4.160388277391e-01, 1.982792420653e-04, 2.1726e+01, 1.1649e-02, 
 2DIAGNOSTIC,    14, -4.159559713742e-01, 1.147035471087e-04, 2.1742e+01, 1.5451e-02, 
 2DIAGNOSTIC,    15, -4.166138424669e-01, 9.296869924473e-05, 2.1754e+01, 1.1784e-02, 
 2DIAGNOSTIC,    16, -4.174522847043e-01, 1.105861352152e-04, 2.1767e+01, 1.3396e-02, 
 2DIAGNOSTIC,    17, -4.176995680299e-01, 1.464244708743e-04, 2.1779e+01, 1.1705e-02, 
 2DIAGNOSTIC,    18, -4.178540303105e-01, 1.806309364426e-04, 2.1790e+01, 1.1576e-02, 
 2DIAGNOSTIC,    19, -4.181138116433e-01, 2.042062426322e-04, 2.1803e+01, 1.3127e-02, 
 2DIAGNOSTIC,    20, -4.184557401094e-01, 2.240387232094e-04, 2.1820e+01, 1.6532e-02, 
 2DIAGNOSTIC,    21, -4.186943952513e-01, 2.265955453293e-04, 2.1832e+01, 1.1638e-02, 
 2DIAGNOSTIC,    22, -4.188001535723e-01, 2.120585159725e-04, 2.1845e+01, 1.3307e-02, 
 2DIAGNOSTIC,    23, -4.196824431808e-01, 2.064185878412e-04, 2.1858e+01, 1.3417e-02, 
 2DIAGNOSTIC,    24, -4.202693908489e-01, 1.954854419250e-04, 2.1876e+01, 1.8005e-02, 
 2DIAGNOSTIC,    25, -4.204104137959e-01, 1.881803634608e-04, 2.1888e+01, 1.1432e-02, 
 2DIAGNOSTIC,    26, -4.204314208598e-01, 1.867016586069e-04, 2.1899e+01, 1.1457e-02, 
 2DIAGNOSTIC,    27, -4.204350327364e-01, 1.744325006431e-04, 2.1911e+01, 1.1395e-02, 
 2DIAGNOSTIC,    28, -4.204410989793e-01, 1.502676580784e-04, 2.1922e+01, 1.1424e-02, 
 2DIAGNOSTIC,    29, -4.204538374154e-01, 1.196678910049e-04, 2.1937e+01, 1.4562e-02, 
 2DIAGNOSTIC,    30, -4.203217619873e-01, 8.477319506384e-05, 2.1953e+01, 1.6290e-02, 
 2DIAGNOSTIC,    31, -4.201822629912e-01, 4.685078255119e-05, 2.1964e+01, 1.1456e-02, 
 2DIAGNOSTIC,    32, -4.201847587989e-01, 8.991218598986e-06, 2.1976e+01, 1.1450e-02, 
DIAGNOSTIC,Iteration,metricValue,convergenceValue,ITERATION_TIME_INDEX,SINCE_LAST
 2DIAGNOSTIC,     1, -3.722093513535e-01, 1.797693134862e+308, 3.7573e+01, 1.5597e+01, 
 2DIAGNOSTIC,     2, -3.732867562855e-01, 1.797693134862e+308, 3.7633e+01, 6.0356e-02, 
 2DIAGNOSTIC,     3, -3.743615942633e-01, 1.797693134862e+308, 3.7693e+01, 6.0507e-02, 
 2DIAGNOSTIC,     4, -3.755178802672e-01, 1.797693134862e+308, 3.7754e+01, 6.0473e-02, 
 2DIAGNOSTIC,     5, -3.762343733481e-01, 1.797693134862e+308, 3.7814e+01, 6.0487e-02, 
 2DIAGNOSTIC,     6, -3.765776973019e-01, 1.797693134862e+308, 3.7886e+01, 7.1970e-02, 
 2DIAGNOSTIC,     7, -3.772240710529e-01, 1.797693134862e+308, 3.7992e+01, 1.0579e-01, 
 2DIAGNOSTIC,     8, -3.772463327257e-01, 1.797693134862e+308, 3.8064e+01, 7.1563e-02, 
 2DIAGNOSTIC,     9, -3.773508732110e-01, 1.797693134862e+308, 3.8147e+01, 8.2875e-02, 
 2DIAGNOSTIC,    10, -3.773419220252e-01, 8.777202381149e-04, 3.8219e+01, 7.2536e-02, 
 2DIAGNOSTIC,    11, -3.773295019629e-01, 5.880356854368e-04, 3.8280e+01, 6.1319e-02, 
 2DIAGNOSTIC,    12, -3.773345525912e-01, 3.615595597418e-04, 3.8342e+01, 6.1408e-02, 
 2DIAGNOSTIC,    13, -3.773198111364e-01, 1.979542634868e-04, 3.8403e+01, 6.1567e-02, 
 2DIAGNOSTIC,    14, -3.774050588306e-01, 1.066356478405e-04, 3.8476e+01, 7.2763e-02, 
 2DIAGNOSTIC,    15, -3.774726468063e-01, 5.726332509624e-05, 3.8538e+01, 6.1294e-02, 
 2DIAGNOSTIC,    16, -3.775241582610e-01, 2.683546006713e-05, 3.8610e+01, 7.2413e-02, 
 2DIAGNOSTIC,    17, -3.776003081064e-01, 2.985454880702e-05, 3.8671e+01, 6.1296e-02, 
 2DIAGNOSTIC,    18, -3.778595362555e-01, 4.159433114544e-05, 3.8744e+01, 7.2947e-02, 
 2DIAGNOSTIC,    19, -3.779124699069e-01, 5.437715682913e-05, 3.8828e+01, 8.3910e-02, 
 2DIAGNOSTIC,    20, -3.781012518755e-01, 6.781589486545e-05, 3.8890e+01, 6.1502e-02, 
 2DIAGNOSTIC,    21, -3.782192803958e-01, 7.756339579750e-05, 3.8951e+01, 6.1458e-02, 
 2DIAGNOSTIC,    22, -3.782925189900e-01, 8.200110709964e-05, 3.9046e+01, 9.5347e-02, 
 2DIAGNOSTIC,    23, -3.784191720087e-01, 8.207801191900e-05, 3.9153e+01, 1.0612e-01, 
 2DIAGNOSTIC,    24, -3.784566534283e-01, 7.833225940896e-05, 3.9225e+01, 7.2620e-02, 
 2DIAGNOSTIC,    25, -3.784653609165e-01, 7.000331093224e-05, 3.9298e+01, 7.2497e-02, 
 2DIAGNOSTIC,    26, -3.784726915564e-01, 5.759207995727e-05, 3.9359e+01, 6.1456e-02, 
 2DIAGNOSTIC,    27, -3.784419067859e-01, 4.191180294950e-05, 3.9420e+01, 6.1264e-02, 
 2DIAGNOSTIC,    28, -3.784489781722e-01, 3.071441499097e-05, 3.9481e+01, 6.0790e-02, 
 2DIAGNOSTIC,    29, -3.784977762954e-01, 2.002799106790e-05, 3.9553e+01, 7.2299e-02, 
 2DIAGNOSTIC,    30, -3.785573163676e-01, 1.443839092534e-05, 3.9615e+01, 6.1386e-02, 
 2DIAGNOSTIC,    31, -3.786268089212e-01, 1.247694573234e-05, 3.9676e+01, 6.1337e-02, 
 2DIAGNOSTIC,    32, -3.787022521690e-01, 1.298160118525e-05, 3.9737e+01, 6.0641e-02, 
 2DIAGNOSTIC,    33, -3.789632033966e-01, 2.113239998813e-05, 3.9854e+01, 1.1731e-01, 
 2DIAGNOSTIC,    34, -3.789735409712e-01, 2.778809966752e-05, 3.9914e+01, 6.0304e-02, 
 2DIAGNOSTIC,    35, -3.789747059680e-01, 3.176992737946e-05, 3.9976e+01, 6.1324e-02, 
 2DIAGNOSTIC,    36, -3.789779731721e-01, 3.290973459591e-05, 4.0048e+01, 7.2124e-02, 
 2DIAGNOSTIC,    37, -3.789810051196e-01, 3.035393548636e-05, 4.0120e+01, 7.2030e-02, 
 2DIAGNOSTIC,    38, -3.789841879075e-01, 2.524260260258e-05, 4.0181e+01, 6.1489e-02, 
 2DIAGNOSTIC,    39, -3.789863753075e-01, 1.903727480952e-05, 4.0254e+01, 7.2289e-02, 
 2DIAGNOSTIC,    40, -3.789882688320e-01, 1.262055955923e-05, 4.0360e+01, 1.0633e-01, 
 2DIAGNOSTIC,    41, -3.789883263444e-01, 6.686540572974e-06, 4.0432e+01, 7.2268e-02, 
 2DIAGNOSTIC,    42, -3.789884001285e-01, 1.692975317127e-06, 4.0695e+01, 2.6258e-01, 
 2DIAGNOSTIC,    43, -3.789884001261e-01, 1.404311105815e-06, 4.0957e+01, 2.6259e-01, 
 2DIAGNOSTIC,    44, -3.789884001261e-01, 1.242291342369e-06, 4.1030e+01, 7.2240e-02, 
 2DIAGNOSTIC,    45, -3.789884001261e-01, 1.056780673730e-06, 4.1102e+01, 7.2467e-02, 
DIAGNOSTIC,Iteration,metricValue,convergenceValue,ITERATION_TIME_INDEX,SINCE_LAST
 2DIAGNOSTIC,     1, -3.215378741224e-01, 1.797693134862e+308, 5.0287e+01, 9.1847e+00, 
 2DIAGNOSTIC,     2, -3.218703823946e-01, 1.797693134862e+308, 5.0777e+01, 4.8992e-01, 
 2DIAGNOSTIC,     3, -3.221569006104e-01, 1.797693134862e+308, 5.1268e+01, 4.9144e-01, 
 2DIAGNOSTIC,     4, -3.223090770073e-01, 1.797693134862e+308, 5.1854e+01, 5.8625e-01, 
 2DIAGNOSTIC,     5, -3.223664154588e-01, 1.797693134862e+308, 5.2347e+01, 4.9230e-01, 
 2DIAGNOSTIC,     6, -3.224050328186e-01, 1.797693134862e+308, 5.3029e+01, 6.8197e-01, 
 2DIAGNOSTIC,     7, -3.224264032378e-01, 1.797693134862e+308, 5.3610e+01, 5.8094e-01, 
 2DIAGNOSTIC,     8, -3.224685583478e-01, 1.797693134862e+308, 5.4195e+01, 5.8520e-01, 
 2DIAGNOSTIC,     9, -3.224960042278e-01, 1.797693134862e+308, 5.4871e+01, 6.7653e-01, 
 2DIAGNOSTIC,    10, -3.225326928128e-01, 1.638113993879e-04, 5.5365e+01, 4.9336e-01, 
 2DIAGNOSTIC,    11, -3.225959317846e-01, 1.020042802261e-04, 5.7569e+01, 2.2038e+00, 
 2DIAGNOSTIC,    12, -3.225959316441e-01, 6.553816018307e-05, 5.8058e+01, 4.8992e-01, 
 2DIAGNOSTIC,    13, -3.225959328219e-01, 4.826743901698e-05, 5.8550e+01, 4.9195e-01, 
 2DIAGNOSTIC,    14, -3.225959348128e-01, 3.885288682015e-05, 5.9041e+01, 4.9013e-01, 
 2DIAGNOSTIC,    15, -3.225959381774e-01, 3.065949867632e-05, 5.9531e+01, 4.9089e-01, 
 2DIAGNOSTIC,    16, -3.225959438609e-01, 2.295478853810e-05, 6.0026e+01, 4.9415e-01, 
 2DIAGNOSTIC,    17, -3.225959534461e-01, 1.530889641310e-05, 6.0520e+01, 4.9448e-01, 
 2DIAGNOSTIC,    18, -3.225959695807e-01, 9.370704605195e-06, 6.1014e+01, 4.9350e-01, 
 2DIAGNOSTIC,    19, -3.225959967054e-01, 4.614601983588e-06, 6.1508e+01, 4.9466e-01, 
 2DIAGNOSTIC,    20, -3.225960421712e-01, 1.600264615750e-06, 6.2002e+01, 4.9334e-01, 
 2DIAGNOSTIC,    21, -3.225961192955e-01, 1.529908398072e-06, 6.2494e+01, 4.9232e-01, 
 2DIAGNOSTIC,    22, -3.225962583998e-01, 1.470118238409e-06, 6.2987e+01, 4.9272e-01, 
 2DIAGNOSTIC,    23, -3.225964824000e-01, 1.421856658607e-06, 6.3479e+01, 4.9266e-01, 
 2DIAGNOSTIC,    24, -3.225968343739e-01, 1.386889978472e-06, 6.3972e+01, 4.9238e-01, 
 2DIAGNOSTIC,    25, -3.226011920845e-01, 1.502534061462e-06, 6.4558e+01, 5.8667e-01, 
 2DIAGNOSTIC,    26, -3.225939082805e-01, 1.336966050140e-06, 6.5051e+01, 4.9288e-01, 
 2DIAGNOSTIC,    27, -3.225906240127e-01, 1.074738663252e-06, 6.5544e+01, 4.9319e-01, 
DIAGNOSTIC,Iteration,metricValue,convergenceValue,ITERATION_TIME_INDEX,SINCE_LAST
 2DIAGNOSTIC,     1, -2.788400225990e-01, 1.797693134862e+308, 7.4665e+01, 9.1211e+00, 
  Elapsed time (stage 0): 7.6511e+01


Stage 1
  iterations = 1000x500x250x0
  convergence threshold = 1.0000e-06
  convergence window size = 10
  number of levels = 4
  using the Mattes MI metric (number of bins = 32, weight = 1.0000e+00)
  preprocessing:  winsorizing the image intensities
  Shrink factors (level 1 out of 4): [12, 12, 12]
  Shrink factors (level 2 out of 4): [8, 8, 8]
  Shrink factors (level 3 out of 4): [4, 4, 4]
  Shrink factors (level 4 out of 4): [2, 2, 2]
  smoothing sigmas per level: [4, 3, 2, 1]
  regular sampling (percentage = 2.5000e-01)

*** Running AffineTransform registration ***

DIAGNOSTIC,Iteration,metricValue,convergenceValue,ITERATION_TIME_INDEX,SINCE_LAST
 2DIAGNOSTIC,     1, -4.215183886545e-01, 1.797693134862e+308, 2.1388e+01, 2.1388e+01, 
 2DIAGNOSTIC,     2, -4.226700196832e-01, 1.797693134862e+308, 2.1404e+01, 1.5399e-02, 
 2DIAGNOSTIC,     3, -4.245057999075e-01, 1.797693134862e+308, 2.1419e+01, 1.4730e-02, 
 2DIAGNOSTIC,     4, -4.272885516874e-01, 1.797693134862e+308, 2.1434e+01, 1.5047e-02, 
 2DIAGNOSTIC,     5, -4.310048217756e-01, 1.797693134862e+308, 2.1448e+01, 1.4768e-02, 
 2DIAGNOSTIC,     6, -4.371142319789e-01, 1.797693134862e+308, 2.1464e+01, 1.5339e-02, 
 2DIAGNOSTIC,     7, -4.451104741838e-01, 1.797693134862e+308, 2.1480e+01, 1.6256e-02, 
 2DIAGNOSTIC,     8, -4.726706425204e-01, 1.797693134862e+308, 2.1501e+01, 2.0658e-02, 
 2DIAGNOSTIC,     9, -4.897629072289e-01, 1.797693134862e+308, 2.1518e+01, 1.6875e-02, 
 2DIAGNOSTIC,    10, -4.972595168425e-01, 1.129176675489e-02, 2.1537e+01, 1.9649e-02, 
 2DIAGNOSTIC,    11, -5.007276786714e-01, 1.179834804666e-02, 2.1553e+01, 1.5533e-02, 
 2DIAGNOSTIC,    12, -5.053069729980e-01, 1.145477061959e-02, 2.1570e+01, 1.7804e-02, 
 2DIAGNOSTIC,    13, -5.107575673130e-01, 1.045854111699e-02, 2.1596e+01, 2.5114e-02, 
 2DIAGNOSTIC,    14, -5.111806145732e-01, 8.800255231952e-03, 2.1612e+01, 1.5975e-02, 
 2DIAGNOSTIC,    15, -5.128649646684e-01, 6.815450821479e-03, 2.1629e+01, 1.7174e-02, 
 2DIAGNOSTIC,    16, -5.133232603251e-01, 4.740357285247e-03, 2.1644e+01, 1.5598e-02, 
 2DIAGNOSTIC,    17, -5.135061000905e-01, 2.765924708096e-03, 2.1660e+01, 1.5401e-02, 
 2DIAGNOSTIC,    18, -5.138460602590e-01, 1.687725033110e-03, 2.1675e+01, 1.5748e-02, 
 2DIAGNOSTIC,    19, -5.141509476532e-01, 1.117514922369e-03, 2.1694e+01, 1.8629e-02, 
 2DIAGNOSTIC,    20, -5.141725976194e-01, 7.286504729390e-04, 2.1713e+01, 1.8906e-02, 
 2DIAGNOSTIC,    21, -5.141885728031e-01, 4.082067321019e-04, 2.1730e+01, 1.6744e-02, 
 2DIAGNOSTIC,    22, -5.142209054712e-01, 2.012017613452e-04, 2.1745e+01, 1.5488e-02, 
 2DIAGNOSTIC,    23, -5.142601850032e-01, 1.352046518687e-04, 2.1760e+01, 1.5020e-02, 
 2DIAGNOSTIC,    24, -5.142781728088e-01, 7.216820560987e-05, 2.1777e+01, 1.7072e-02, 
 2DIAGNOSTIC,    25, -5.143190602762e-01, 4.804419875189e-05, 2.1796e+01, 1.8363e-02, 
 2DIAGNOSTIC,    26, -5.143370295259e-01, 3.225385910816e-05, 2.1813e+01, 1.6954e-02, 
 2DIAGNOSTIC,    27, -5.143416467550e-01, 1.869460353476e-05, 2.1829e+01, 1.6776e-02, 
 2DIAGNOSTIC,    28, -5.143453300102e-01, 1.147076422219e-05, 2.1847e+01, 1.7218e-02, 
 2DIAGNOSTIC,    29, -5.143464518238e-01, 9.917496308125e-06, 2.1864e+01, 1.6861e-02, 
 2DIAGNOSTIC,    30, -5.143467183494e-01, 8.065207478682e-06, 2.1881e+01, 1.7268e-02, 
 2DIAGNOSTIC,    31, -5.143478191501e-01, 5.988675478900e-06, 2.1899e+01, 1.8451e-02, 
 2DIAGNOSTIC,    32, -5.143491625089e-01, 4.182956126239e-06, 2.1915e+01, 1.5579e-02, 
 2DIAGNOSTIC,    33, -5.143542508675e-01, 2.971796503805e-06, 2.1930e+01, 1.5162e-02, 
 2DIAGNOSTIC,    34, -5.143620702258e-01, 2.068243352478e-06, 2.1949e+01, 1.8770e-02, 
 2DIAGNOSTIC,    35, -5.143691280199e-01, 1.893560119551e-06, 2.1974e+01, 2.5077e-02, 
 2DIAGNOSTIC,    36, -5.143694162277e-01, 1.928456563861e-06, 2.1989e+01, 1.5408e-02, 
 2DIAGNOSTIC,    37, -5.143704507646e-01, 1.954167962025e-06, 2.2004e+01, 1.5032e-02, 
 2DIAGNOSTIC,    38, -5.143715765931e-01, 1.949432112586e-06, 2.2020e+01, 1.5423e-02, 
 2DIAGNOSTIC,    39, -5.143724780748e-01, 1.869330391899e-06, 2.2035e+01, 1.5094e-02, 
 2DIAGNOSTIC,    40, -5.143728335966e-01, 1.703621961502e-06, 2.2080e+01, 4.5105e-02, 
 2DIAGNOSTIC,    41, -5.143728335950e-01, 1.479597951905e-06, 2.2125e+01, 4.4797e-02, 
 2DIAGNOSTIC,    42, -5.143728335950e-01, 1.221123315034e-06, 2.2142e+01, 1.7033e-02, 
DIAGNOSTIC,Iteration,metricValue,convergenceValue,ITERATION_TIME_INDEX,SINCE_LAST
 2DIAGNOSTIC,     1, -4.527136098570e-01, 1.797693134862e+308, 3.7793e+01, 1.5651e+01, 
 2DIAGNOSTIC,     2, -4.538405901899e-01, 1.797693134862e+308, 3.7868e+01, 7.5752e-02, 
 2DIAGNOSTIC,     3, -4.548838791285e-01, 1.797693134862e+308, 3.7942e+01, 7.3718e-02, 
 2DIAGNOSTIC,     4, -4.557497000779e-01, 1.797693134862e+308, 3.8018e+01, 7.6169e-02, 
 2DIAGNOSTIC,     5, -4.564907482812e-01, 1.797693134862e+308, 3.8092e+01, 7.3688e-02, 
 2DIAGNOSTIC,     6, -4.571026677149e-01, 1.797693134862e+308, 3.8165e+01, 7.2858e-02, 
 2DIAGNOSTIC,     7, -4.581629118046e-01, 1.797693134862e+308, 3.8274e+01, 1.0929e-01, 
 2DIAGNOSTIC,     8, -4.584285222949e-01, 1.797693134862e+308, 3.8347e+01, 7.2548e-02, 
 2DIAGNOSTIC,     9, -4.585357174936e-01, 1.797693134862e+308, 3.8420e+01, 7.3718e-02, 
 2DIAGNOSTIC,    10, -4.587923735653e-01, 8.684372715581e-04, 3.8541e+01, 1.2043e-01, 
 2DIAGNOSTIC,    11, -4.588388436873e-01, 6.506114142573e-04, 3.8615e+01, 7.3865e-02, 
 2DIAGNOSTIC,    12, -4.588700501480e-01, 4.699325885933e-04, 3.8688e+01, 7.3869e-02, 
 2DIAGNOSTIC,    13, -4.588926066381e-01, 3.254488429968e-04, 3.8786e+01, 9.7105e-02, 
 2DIAGNOSTIC,    14, -4.589149738823e-01, 2.118021967504e-04, 3.8882e+01, 9.6785e-02, 
 2DIAGNOSTIC,    15, -4.589202845457e-01, 1.249496816306e-04, 3.8968e+01, 8.5527e-02, 
 2DIAGNOSTIC,    16, -4.589227600340e-01, 6.054874328566e-05, 3.9041e+01, 7.3282e-02, 
 2DIAGNOSTIC,    17, -4.589277813977e-01, 3.719533316809e-05, 3.9115e+01, 7.4160e-02, 
 2DIAGNOSTIC,    18, -4.589466072581e-01, 2.300367503971e-05, 3.9201e+01, 8.5252e-02, 
 2DIAGNOSTIC,    19, -4.589675557535e-01, 1.229595140909e-05, 3.9298e+01, 9.7361e-02, 
 2DIAGNOSTIC,    20, -4.589733266686e-01, 9.790432925434e-06, 3.9371e+01, 7.3334e-02, 
 2DIAGNOSTIC,    21, -4.589794051039e-01, 8.316053115229e-06, 3.9445e+01, 7.3996e-02, 
 2DIAGNOSTIC,    22, -4.589905353631e-01, 7.529959045099e-06, 3.9519e+01, 7.3573e-02, 
 2DIAGNOSTIC,    23, -4.589990659526e-01, 7.052755965326e-06, 3.9605e+01, 8.6188e-02, 
 2DIAGNOSTIC,    24, -4.590013385379e-01, 6.708664809625e-06, 3.9726e+01, 1.2071e-01, 
 2DIAGNOSTIC,    25, -4.590020760121e-01, 6.045009308973e-06, 3.9800e+01, 7.4035e-02, 
 2DIAGNOSTIC,    26, -4.590065114710e-01, 5.158529571787e-06, 3.9873e+01, 7.2909e-02, 
 2DIAGNOSTIC,    27, -4.590106673248e-01, 4.166509239387e-06, 3.9946e+01, 7.3317e-02, 
 2DIAGNOSTIC,    28, -4.590119141178e-01, 3.393611870031e-06, 4.0019e+01, 7.2784e-02, 
 2DIAGNOSTIC,    29, -4.590160602824e-01, 3.000210466488e-06, 4.0104e+01, 8.5224e-02, 
 2DIAGNOSTIC,    30, -4.590209370555e-01, 2.674043505423e-06, 4.0200e+01, 9.6236e-02, 
 2DIAGNOSTIC,    31, -4.590286063851e-01, 2.484665074957e-06, 4.0285e+01, 8.5180e-02, 
 2DIAGNOSTIC,    32, -4.590368841886e-01, 2.537774233896e-06, 4.0370e+01, 8.4633e-02, 
 2DIAGNOSTIC,    33, -4.590370938453e-01, 2.603796458903e-06, 4.0444e+01, 7.3570e-02, 
 2DIAGNOSTIC,    34, -4.590379069035e-01, 2.570821813375e-06, 4.0529e+01, 8.4978e-02, 
 2DIAGNOSTIC,    35, -4.590391713335e-01, 2.418760693648e-06, 4.0614e+01, 8.5608e-02, 
 2DIAGNOSTIC,    36, -4.590393446465e-01, 2.207014085244e-06, 4.0780e+01, 1.6616e-01, 
 2DIAGNOSTIC,    37, -4.590393451795e-01, 1.949718529331e-06, 4.0854e+01, 7.3419e-02, 
 2DIAGNOSTIC,    38, -4.590393481624e-01, 1.623519801566e-06, 4.0927e+01, 7.2817e-02, 
 2DIAGNOSTIC,    39, -4.590393519454e-01, 1.306365013585e-06, 4.1000e+01, 7.3548e-02, 
 2DIAGNOSTIC,    40, -4.590393699173e-01, 1.032089421042e-06, 4.1073e+01, 7.2964e-02, 
DIAGNOSTIC,Iteration,metricValue,convergenceValue,ITERATION_TIME_INDEX,SINCE_LAST
 2DIAGNOSTIC,     1, -3.845076232499e-01, 1.797693134862e+308, 5.0291e+01, 9.2178e+00, 
 2DIAGNOSTIC,     2, -3.846939183692e-01, 1.797693134862e+308, 5.0876e+01, 5.8491e-01, 
 2DIAGNOSTIC,     3, -3.848966458151e-01, 1.797693134862e+308, 5.1467e+01, 5.9081e-01, 
 2DIAGNOSTIC,     4, -3.851791290048e-01, 1.797693134862e+308, 5.2052e+01, 5.8589e-01, 
 2DIAGNOSTIC,     5, -3.856318590827e-01, 1.797693134862e+308, 5.2645e+01, 5.9261e-01, 
 2DIAGNOSTIC,     6, -3.859320337720e-01, 1.797693134862e+308, 5.3625e+01, 9.7944e-01, 
 2DIAGNOSTIC,     7, -3.860040894288e-01, 1.797693134862e+308, 5.4218e+01, 5.9299e-01, 
 2DIAGNOSTIC,     8, -3.860509606892e-01, 1.797693134862e+308, 5.4902e+01, 6.8419e-01, 
 2DIAGNOSTIC,     9, -3.861693260049e-01, 1.797693134862e+308, 5.5591e+01, 6.8935e-01, 
 2DIAGNOSTIC,    10, -3.862018616281e-01, 3.148948372003e-04, 5.6277e+01, 6.8558e-01, 
 2DIAGNOSTIC,    11, -3.862109457762e-01, 2.414452923527e-04, 5.6966e+01, 6.8969e-01, 
 2DIAGNOSTIC,    12, -3.862152101379e-01, 1.708495524509e-04, 5.7651e+01, 6.8472e-01, 
 2DIAGNOSTIC,    13, -3.862264962343e-01, 1.081474762483e-04, 5.8342e+01, 6.9068e-01, 
 2DIAGNOSTIC,    14, -3.862360934041e-01, 5.962894852646e-05, 5.8929e+01, 5.8725e-01, 
 2DIAGNOSTIC,    15, -3.862375527133e-01, 3.426385313762e-05, 5.9618e+01, 6.8891e-01, 
 2DIAGNOSTIC,    16, -3.862383883267e-01, 2.300377334365e-05, 6.0208e+01, 5.9024e-01, 
 2DIAGNOSTIC,    17, -3.862411047418e-01, 1.440215979395e-05, 6.0896e+01, 6.8751e-01, 
 2DIAGNOSTIC,    18, -3.862441240106e-01, 7.513016906394e-06, 6.1679e+01, 7.8297e-01, 
 2DIAGNOSTIC,    19, -3.862448764856e-01, 5.396371711784e-06, 6.2368e+01, 6.8944e-01, 
 2DIAGNOSTIC,    20, -3.862461321062e-01, 4.389187927216e-06, 6.2959e+01, 5.9053e-01, 
 2DIAGNOSTIC,    21, -3.862463099022e-01, 3.547983640627e-06, 6.3554e+01, 5.9572e-01, 
 2DIAGNOSTIC,    22, -3.862465981551e-01, 2.738575896673e-06, 6.4242e+01, 6.8796e-01, 
 2DIAGNOSTIC,    23, -3.862471460800e-01, 2.248294519960e-06, 6.5035e+01, 7.9242e-01, 
 2DIAGNOSTIC,    24, -3.862472572730e-01, 2.015007762923e-06, 6.5625e+01, 5.9014e-01, 
 2DIAGNOSTIC,    25, -3.862474722357e-01, 1.786281822153e-06, 6.6217e+01, 5.9203e-01, 
 2DIAGNOSTIC,    26, -3.862476289163e-01, 1.554065773693e-06, 6.6901e+01, 6.8462e-01, 
 2DIAGNOSTIC,    27, -3.862477939812e-01, 1.384826065841e-06, 6.7593e+01, 6.9124e-01, 
 2DIAGNOSTIC,    28, -3.862478146441e-01, 1.287851478210e-06, 6.8181e+01, 5.8792e-01, 
 2DIAGNOSTIC,    29, -3.862478282849e-01, 1.201998653069e-06, 6.8774e+01, 5.9300e-01, 
 2DIAGNOSTIC,    30, -3.862478791029e-01, 1.144195432665e-06, 6.9360e+01, 5.8635e-01, 
 2DIAGNOSTIC,    31, -3.862481699326e-01, 1.093263250637e-06, 7.0050e+01, 6.8986e-01, 
 2DIAGNOSTIC,    32, -3.862485315554e-01, 1.053664838484e-06, 7.2214e+01, 2.1642e+00, 
 2DIAGNOSTIC,    33, -3.862485317671e-01, 1.022986530021e-06, 7.4578e+01, 2.3642e+00, 
DIAGNOSTIC,Iteration,metricValue,convergenceValue,ITERATION_TIME_INDEX,SINCE_LAST
 2DIAGNOSTIC,     1, -3.301720552452e-01, 1.797693134862e+308, 8.4504e+01, 9.9257e+00, 
  Elapsed time (stage 1): 8.6387e+01


Stage 2
  iterations = 100x100x70x50x0
  convergence threshold = 1.0000e-06
  convergence window size = 10
  number of levels = 5
  using the Mattes MI metric (number of bins = 32, weight = 1.0000e+00)
  preprocessing:  winsorizing the image intensities
  Shrink factors (level 1 out of 5): [10, 10, 10]
  Shrink factors (level 2 out of 5): [6, 6, 6]
  Shrink factors (level 3 out of 5): [4, 4, 4]
  Shrink factors (level 4 out of 5): [2, 2, 2]
  Shrink factors (level 5 out of 5): [1, 1, 1]
  smoothing sigmas per level: [5, 3, 2, 1, 0]
  Using default NONE metricSamplingStrategy 

*** Running SyN registration (varianceForUpdateField = 3.0000e+00, varianceForTotalField = 0.0000e+00) ***

XXDIAGNOSTIC,Iteration,metricValue,convergenceValue,ITERATION_TIME_INDEX,SINCE_LAST
 1DIAGNOSTIC,     1, -5.477580135457e-01, 1.797693134862e+308, 3.4435e+01, 3.4435e+01, 
 1DIAGNOSTIC,     2, -5.657428387029e-01, 1.797693134862e+308, 3.4574e+01, 1.3936e-01, 
 1DIAGNOSTIC,     3, -5.742411013839e-01, 1.797693134862e+308, 3.4717e+01, 1.4246e-01, 
 1DIAGNOSTIC,     4, -5.780545946330e-01, 1.797693134862e+308, 3.4853e+01, 1.3685e-01, 
 1DIAGNOSTIC,     5, -5.754601786466e-01, 1.797693134862e+308, 3.4990e+01, 1.3629e-01, 
 1DIAGNOSTIC,     6, -5.744765395716e-01, 1.797693134862e+308, 3.5126e+01, 1.3647e-01, 
 1DIAGNOSTIC,     7, -5.719404668025e-01, 1.797693134862e+308, 3.5263e+01, 1.3670e-01, 
 1DIAGNOSTIC,     8, -5.704370058330e-01, 1.797693134862e+308, 3.5400e+01, 1.3698e-01, 
 1DIAGNOSTIC,     9, -5.692261044700e-01, 1.797693134862e+308, 3.5536e+01, 1.3626e-01, 
 1DIAGNOSTIC,    10, -5.654728312525e-01, 7.555651984435e-04, 3.5673e+01, 1.3704e-01, 
 1DIAGNOSTIC,    11, -5.663945420551e-01, -7.222994546665e-04, 3.5810e+01, 1.3709e-01, 
XXDIAGNOSTIC,Iteration,metricValue,convergenceValue,ITERATION_TIME_INDEX,SINCE_LAST
 1DIAGNOSTIC,     1, -4.493941051403e-01, 1.797693134862e+308, 5.1885e+01, 1.6074e+01, 
 1DIAGNOSTIC,     2, -4.533919350801e-01, 1.797693134862e+308, 5.2458e+01, 5.7360e-01, 
 1DIAGNOSTIC,     3, -4.548492839237e-01, 1.797693134862e+308, 5.3001e+01, 5.4284e-01, 
 1DIAGNOSTIC,     4, -4.545847708461e-01, 1.797693134862e+308, 5.3544e+01, 5.4261e-01, 
 1DIAGNOSTIC,     5, -4.547362687798e-01, 1.797693134862e+308, 5.4086e+01, 5.4278e-01, 
 1DIAGNOSTIC,     6, -4.543062193877e-01, 1.797693134862e+308, 5.4629e+01, 5.4227e-01, 
 1DIAGNOSTIC,     7, -4.530000624902e-01, 1.797693134862e+308, 5.5172e+01, 5.4351e-01, 
 1DIAGNOSTIC,     8, -4.523360145609e-01, 1.797693134862e+308, 5.5715e+01, 5.4278e-01, 
 1DIAGNOSTIC,     9, -4.507950248421e-01, 1.797693134862e+308, 5.6258e+01, 5.4348e-01, 
 1DIAGNOSTIC,    10, -4.493940598229e-01, -3.009491991048e-04, 5.6802e+01, 5.4397e-01, 
XXDIAGNOSTIC,Iteration,metricValue,convergenceValue,ITERATION_TIME_INDEX,SINCE_LAST
 1DIAGNOSTIC,     1, -3.833280786043e-01, 1.797693134862e+308, 6.7163e+01, 1.0360e+01, 
 1DIAGNOSTIC,     2, -3.842545134867e-01, 1.797693134862e+308, 6.8867e+01, 1.7043e+00, 
 1DIAGNOSTIC,     3, -3.848983801765e-01, 1.797693134862e+308, 7.0573e+01, 1.7057e+00, 
 1DIAGNOSTIC,     4, -3.852554490585e-01, 1.797693134862e+308, 7.2278e+01, 1.7049e+00, 
 1DIAGNOSTIC,     5, -3.855526485880e-01, 1.797693134862e+308, 7.3986e+01, 1.7086e+00, 
 1DIAGNOSTIC,     6, -3.856201353747e-01, 1.797693134862e+308, 7.5798e+01, 1.8122e+00, 
 1DIAGNOSTIC,     7, -3.853598503455e-01, 1.797693134862e+308, 7.7555e+01, 1.7563e+00, 
 1DIAGNOSTIC,     8, -3.850202177705e-01, 1.797693134862e+308, 7.9309e+01, 1.7544e+00, 
 1DIAGNOSTIC,     9, -3.848125506980e-01, 1.797693134862e+308, 8.1068e+01, 1.7592e+00, 
 1DIAGNOSTIC,    10, -3.844438313270e-01, 1.323208416895e-04, 8.2771e+01, 1.7023e+00, 
 1DIAGNOSTIC,    11, -3.841248032804e-01, -7.293475471933e-05, 8.4478e+01, 1.7075e+00, 
XXDIAGNOSTIC,Iteration,metricValue,convergenceValue,ITERATION_TIME_INDEX,SINCE_LAST
 1DIAGNOSTIC,     1, -3.260300025690e-01, 1.797693134862e+308, 1.0368e+02, 1.9205e+01, 
 1DIAGNOSTIC,     2, -3.270072790568e-01, 1.797693134862e+308, 1.1639e+02, 1.2706e+01, 
 1DIAGNOSTIC,     3, -3.280479957475e-01, 1.797693134862e+308, 1.2910e+02, 1.2714e+01, 
 1DIAGNOSTIC,     4, -3.290313303435e-01, 1.797693134862e+308, 1.4183e+02, 1.2723e+01, 
 1DIAGNOSTIC,     5, -3.298904846372e-01, 1.797693134862e+308, 1.5498e+02, 1.3150e+01, 
 1DIAGNOSTIC,     6, -3.306579590980e-01, 1.797693134862e+308, 1.6770e+02, 1.2724e+01, 
 1DIAGNOSTIC,     7, -3.312841211070e-01, 1.797693134862e+308, 1.8084e+02, 1.3145e+01, 
 1DIAGNOSTIC,     8, -3.319596505062e-01, 1.797693134862e+308, 1.9401e+02, 1.3167e+01, 
 1DIAGNOSTIC,     9, -3.324809739424e-01, 1.797693134862e+308, 2.0713e+02, 1.3121e+01, 
 1DIAGNOSTIC,    10, -3.329520573545e-01, 1.349473413981e-03, 2.2031e+02, 1.3181e+01, 
 1DIAGNOSTIC,    11, -3.333490865222e-01, 1.107403057370e-03, 2.3387e+02, 1.3554e+01, 
 1DIAGNOSTIC,    12, -3.337943415310e-01, 9.076775399128e-04, 2.4709e+02, 1.3219e+01, 
 1DIAGNOSTIC,    13, -3.340967634873e-01, 7.446141811334e-04, 2.6066e+02, 1.3570e+01, 
 1DIAGNOSTIC,    14, -3.344419770903e-01, 6.181972716931e-04, 2.7422e+02, 1.3562e+01, 
 1DIAGNOSTIC,    15, -3.347206809919e-01, 5.168613325341e-04, 2.8780e+02, 1.3584e+01, 
 1DIAGNOSTIC,    16, -3.349776479039e-01, 4.354572465433e-04, 3.0139e+02, 1.3591e+01, 
 1DIAGNOSTIC,    17, -3.352028804504e-01, 3.660331671528e-04, 3.1500e+02, 1.3604e+01, 
 1DIAGNOSTIC,    18, -3.354336025705e-01, 3.134114469087e-04, 3.2856e+02, 1.3566e+01, 
 1DIAGNOSTIC,    19, -3.356535487022e-01, 2.704828149123e-04, 3.4215e+02, 1.3590e+01, 
 1DIAGNOSTIC,    20, -3.358553759813e-01, 2.353542929022e-04, 3.5576e+02, 1.3609e+01, 
 1DIAGNOSTIC,    21, -3.360419647142e-01, 2.052193919780e-04, 3.6938e+02, 1.3613e+01, 
 1DIAGNOSTIC,    22, -3.362369789105e-01, 1.835093371009e-04, 3.8298e+02, 1.3603e+01, 
 1DIAGNOSTIC,    23, -3.362383779218e-01, 1.576654686589e-04, 3.9656e+02, 1.3578e+01, 
 1DIAGNOSTIC,    24, -3.363490552693e-01, 1.355220321247e-04, 4.1014e+02, 1.3588e+01, 
 1DIAGNOSTIC,    25, -3.364421847435e-01, 1.150624196256e-04, 4.2383e+02, 1.3682e+01, 
 1DIAGNOSTIC,    26, -3.365535926647e-01, 9.737832014213e-05, 4.3743e+02, 1.3609e+01, 
 1DIAGNOSTIC,    27, -3.366912782139e-01, 8.326581759014e-05, 4.5103e+02, 1.3598e+01, 
 1DIAGNOSTIC,    28, -3.367493255136e-01, 7.112663179287e-05, 4.6468e+02, 1.3648e+01, 
 1DIAGNOSTIC,    29, -3.367935548112e-01, 6.096322231622e-05, 4.7836e+02, 1.3677e+01, 
 1DIAGNOSTIC,    30, -3.368758865006e-01, 5.378660369886e-05, 4.9201e+02, 1.3655e+01, 
 1DIAGNOSTIC,    31, -3.370289718696e-01, 5.121317334228e-05, 5.0559e+02, 1.3579e+01, 
 1DIAGNOSTIC,    32, -3.371107499538e-01, 5.133526376871e-05, 5.1923e+02, 1.3637e+01, 
 1DIAGNOSTIC,    33, -3.371509506414e-01, 4.772247567939e-05, 5.3280e+02, 1.3569e+01, 
 1DIAGNOSTIC,    34, -3.372638002834e-01, 4.552799605047e-05, 5.4640e+02, 1.3603e+01, 
 1DIAGNOSTIC,    35, -3.373155962169e-01, 4.264538376015e-05, 5.5999e+02, 1.3588e+01, 
 1DIAGNOSTIC,    36, -3.373163884084e-01, 3.848407517930e-05, 5.7376e+02, 1.3770e+01, 
 1DIAGNOSTIC,    37, -3.373132435186e-01, 3.407593258307e-05, 5.8739e+02, 1.3632e+01, 
 1DIAGNOSTIC,    38, -3.373457860143e-01, 2.880453675537e-05, 6.0105e+02, 1.3657e+01, 
 1DIAGNOSTIC,    39, -3.373032591536e-01, 2.112671872518e-05, 6.1469e+02, 1.3644e+01, 
 1DIAGNOSTIC,    40, -3.372754450025e-01, 1.300464426914e-05, 6.2830e+02, 1.3611e+01, 
 1DIAGNOSTIC,    41, -3.372689207751e-01, 7.165614308385e-06, 6.4194e+02, 1.3634e+01, 
 1DIAGNOSTIC,    42, -3.372533271589e-01, 2.338087395196e-06, 6.5555e+02, 1.3614e+01, 
 1DIAGNOSTIC,    43, -3.372962258181e-01, -8.336101385495e-07, 6.6921e+02, 1.3657e+01, 
  Elapsed time (stage 2): 689.6


Total elapsed time: 852.6

--- Writing output images ---

Using double precision for computations.
Input scalar image: data/Segmentations/1018_3_seg.nii.gz
Reference image: data/template/T_template0_BrainCerebellum.nii.gz
=============================================================================
The composite transform comprises the following transforms (in order): 
  1. /tmp/1971333.1.basic.q/1018_ToTemplate_001_0GenericAffine.mat (type = AffineTransform)
  2. /tmp/1971333.1.basic.q/1018_ToTemplate_001_1Warp.nii.gz (type = DisplacementFieldTransform)
=============================================================================
Default pixel value: 0
Interpolation type: LabelImageGenericInterpolateImageFunction
Output warped image: output/1018/1018_WarpedLabels_001.nii.gz

--- Done ---

