
--- Running on compute-1-0.local ---


--- registration call ---
/data/jet/pcook/bin/antsBuild/bin/antsRegistrationSyNQuick.sh -d 3 -f data/template/T_template0_BrainCerebellum.nii.gz -m data/Brains/1008_3.nii.gz -t s -p d -n 1 -o /tmp/1971519.1.basic.q/1008_ToTemplate_012_
---


--------------------------------------------------------------------------------------
 Mapping parameters
--------------------------------------------------------------------------------------
 ANTSPATH is /data/jet/pcook/bin/antsBuild/bin/

 Dimensionality:           3
 Output name prefix:       /tmp/1971519.1.basic.q/1008_ToTemplate_012_
 Fixed images:             data/template/T_template0_BrainCerebellum.nii.gz
 Moving images:            data/Brains/1008_3.nii.gz
 Mask images:              
 Initial transforms:       
 Number of threads:        1
 Spline distance:          26
 Transform type:           s
 MI histogram bins:        32
 Precision:                d
 Use histogram matching    0
======================================================================================
 antsRegistration call:
--------------------------------------------------------------------------------------
/data/jet/pcook/bin/antsBuild/bin//antsRegistration --verbose 1 --dimensionality 3 --float 0 --collapse-output-transforms 1 --output [/tmp/1971519.1.basic.q/1008_ToTemplate_012_,/tmp/1971519.1.basic.q/1008_ToTemplate_012_Warped.nii.gz,/tmp/1971519.1.basic.q/1008_ToTemplate_012_InverseWarped.nii.gz] --interpolation Linear --use-histogram-matching 0 --winsorize-image-intensities [0.005,0.995] --initial-moving-transform [data/template/T_template0_BrainCerebellum.nii.gz,data/Brains/1008_3.nii.gz,1] --transform Rigid[0.1] --metric MI[data/template/T_template0_BrainCerebellum.nii.gz,data/Brains/1008_3.nii.gz,1,32,Regular,0.25] --convergence [1000x500x250x0,1e-6,10] --shrink-factors 12x8x4x2 --smoothing-sigmas 4x3x2x1vox --transform Affine[0.1] --metric MI[data/template/T_template0_BrainCerebellum.nii.gz,data/Brains/1008_3.nii.gz,1,32,Regular,0.25] --convergence [1000x500x250x0,1e-6,10] --shrink-factors 12x8x4x2 --smoothing-sigmas 4x3x2x1vox --transform SyN[0.1,3,0] --metric MI[data/template/T_template0_BrainCerebellum.nii.gz,data/Brains/1008_3.nii.gz,1,32] --convergence [100x100x70x50x0,1e-6,10] --shrink-factors 10x6x4x2x1 --smoothing-sigmas 5x3x2x1x0vox
--------------------------------------------------------------------------------------
All_Command_lines_OK
Using double precision for computations.
=============================================================================
The composite transform comprises the following transforms (in order): 
  1. Center of mass alignment using fixed image: data/template/T_template0_BrainCerebellum.nii.gz and moving image: data/Brains/1008_3.nii.gz (type = Euler3DTransform)
=============================================================================
  number of levels = 4
  number of levels = 4
  number of levels = 5
  fixed image: data/template/T_template0_BrainCerebellum.nii.gz
  moving image: data/Brains/1008_3.nii.gz
  fixed image: data/template/T_template0_BrainCerebellum.nii.gz
  moving image: data/Brains/1008_3.nii.gz
  fixed image: data/template/T_template0_BrainCerebellum.nii.gz
  moving image: data/Brains/1008_3.nii.gz
Dimension = 3
Number of stages = 3
Use Histogram Matching false
Winsorize image intensities true
Lower quantile = 0.005
Upper quantile = 0.995
Stage 1 State
   Image metric = Mattes
     Fixed image = Image (0x53edcf0)
  RTTI typeinfo:   itk::Image<double, 3u>
  Reference Count: 2
  Modified Time: 1611
  Debug: Off
  Object Name: 
  Observers: 
    none
  Source: (none)
  Source output name: (none)
  Release Data: Off
  Data Released: False
  Global Release Data: Off
  PipelineMTime: 0
  UpdateMTime: 1422
  RealTimeStamp: 0 seconds 
  LargestPossibleRegion: 
    Dimension: 3
    Index: [0, 0, 0]
    Size: [216, 256, 291]
  BufferedRegion: 
    Dimension: 3
    Index: [0, 0, 0]
    Size: [216, 256, 291]
  RequestedRegion: 
    Dimension: 3
    Index: [0, 0, 0]
    Size: [216, 256, 291]
  Spacing: [1, 1, 1]
  Origin: [0, 293, 0]
  Direction: 
1 0 0
0 -0 -1
0 -1 -0

  IndexToPointMatrix: 
1 0 0
0 0 -1
0 -1 0

  PointToIndexMatrix: 
1 0 0
0 0 -1
0 -1 0

  Inverse Direction: 
1 0 0
0 0 -1
0 -1 0

  PixelContainer: 
    ImportImageContainer (0x53f17f0)
      RTTI typeinfo:   itk::ImportImageContainer<unsigned long, double>
      Reference Count: 1
      Modified Time: 1419
      Debug: Off
      Object Name: 
      Observers: 
        none
      Pointer: 0x7ff2944a7010
      Container manages memory: true
      Size: 16091136
      Capacity: 16091136

     Moving image = Image (0x53efd50)
  RTTI typeinfo:   itk::Image<double, 3u>
  Reference Count: 2
  Modified Time: 1612
  Debug: Off
  Object Name: 
  Observers: 
    none
  Source: (none)
  Source output name: (none)
  Release Data: Off
  Data Released: False
  Global Release Data: Off
  PipelineMTime: 0
  UpdateMTime: 1609
  RealTimeStamp: 0 seconds 
  LargestPossibleRegion: 
    Dimension: 3
    Index: [0, 0, 0]
    Size: [256, 256, 274]
  BufferedRegion: 
    Dimension: 3
    Index: [0, 0, 0]
    Size: [256, 256, 274]
  RequestedRegion: 
    Dimension: 3
    Index: [0, 0, 0]
    Size: [256, 256, 274]
  Spacing: [1, 1, 1]
  Origin: [0, 273, 0]
  Direction: 
1 0 0
0 -0 -1
0 -1 -0

  IndexToPointMatrix: 
1 0 0
0 0 -1
0 -1 0

  PointToIndexMatrix: 
1 0 0
0 0 -1
0 -1 0

  Inverse Direction: 
1 0 0
0 0 -1
0 -1 0

  PixelContainer: 
    ImportImageContainer (0x53e0f60)
      RTTI typeinfo:   itk::ImportImageContainer<unsigned long, double>
      Reference Count: 1
      Modified Time: 1606
      Debug: Off
      Object Name: 
      Observers: 
        none
      Pointer: 0x7ff28bba6010
      Container manages memory: true
      Size: 17956864
      Capacity: 17956864

     Weighting = 1
     Sampling strategy = regular
     Number of bins = 32
     Radius = 4
     Sampling percentage  = 0.25
   Transform = Rigid
     Gradient step = 0.1
     Update field sigma (voxel space) = 0
     Total field sigma (voxel space) = 0
     Update field time sigma = 0
     Total field time sigma  = 0
     Number of time indices = 0
     Number of time point samples = 0
Stage 2 State
   Image metric = Mattes
     Fixed image = Image (0x53f4700)
  RTTI typeinfo:   itk::Image<double, 3u>
  Reference Count: 2
  Modified Time: 1987
  Debug: Off
  Object Name: 
  Observers: 
    none
  Source: (none)
  Source output name: (none)
  Release Data: Off
  Data Released: False
  Global Release Data: Off
  PipelineMTime: 0
  UpdateMTime: 1798
  RealTimeStamp: 0 seconds 
  LargestPossibleRegion: 
    Dimension: 3
    Index: [0, 0, 0]
    Size: [216, 256, 291]
  BufferedRegion: 
    Dimension: 3
    Index: [0, 0, 0]
    Size: [216, 256, 291]
  RequestedRegion: 
    Dimension: 3
    Index: [0, 0, 0]
    Size: [216, 256, 291]
  Spacing: [1, 1, 1]
  Origin: [0, 293, 0]
  Direction: 
1 0 0
0 -0 -1
0 -1 -0

  IndexToPointMatrix: 
1 0 0
0 0 -1
0 -1 0

  PointToIndexMatrix: 
1 0 0
0 0 -1
0 -1 0

  Inverse Direction: 
1 0 0
0 0 -1
0 -1 0

  PixelContainer: 
    ImportImageContainer (0x53f0970)
      RTTI typeinfo:   itk::ImportImageContainer<unsigned long, double>
      Reference Count: 1
      Modified Time: 1795
      Debug: Off
      Object Name: 
      Observers: 
        none
      Pointer: 0x7ff2840e1010
      Container manages memory: true
      Size: 16091136
      Capacity: 16091136

     Moving image = Image (0x5401080)
  RTTI typeinfo:   itk::Image<double, 3u>
  Reference Count: 2
  Modified Time: 1988
  Debug: Off
  Object Name: 
  Observers: 
    none
  Source: (none)
  Source output name: (none)
  Release Data: Off
  Data Released: False
  Global Release Data: Off
  PipelineMTime: 0
  UpdateMTime: 1985
  RealTimeStamp: 0 seconds 
  LargestPossibleRegion: 
    Dimension: 3
    Index: [0, 0, 0]
    Size: [256, 256, 274]
  BufferedRegion: 
    Dimension: 3
    Index: [0, 0, 0]
    Size: [256, 256, 274]
  RequestedRegion: 
    Dimension: 3
    Index: [0, 0, 0]
    Size: [256, 256, 274]
  Spacing: [1, 1, 1]
  Origin: [0, 273, 0]
  Direction: 
1 0 0
0 -0 -1
0 -1 -0

  IndexToPointMatrix: 
1 0 0
0 0 -1
0 -1 0

  PointToIndexMatrix: 
1 0 0
0 0 -1
0 -1 0

  Inverse Direction: 
1 0 0
0 0 -1
0 -1 0

  PixelContainer: 
    ImportImageContainer (0x5400a00)
      RTTI typeinfo:   itk::ImportImageContainer<unsigned long, double>
      Reference Count: 1
      Modified Time: 1982
      Debug: Off
      Object Name: 
      Observers: 
        none
      Pointer: 0x7ff27b7e0010
      Container manages memory: true
      Size: 17956864
      Capacity: 17956864

     Weighting = 1
     Sampling strategy = regular
     Number of bins = 32
     Radius = 4
     Sampling percentage  = 0.25
   Transform = Affine
     Gradient step = 0.1
     Update field sigma (voxel space) = 0
     Total field sigma (voxel space) = 0
     Update field time sigma = 0
     Total field time sigma  = 0
     Number of time indices = 0
     Number of time point samples = 0
Stage 3 State
   Image metric = Mattes
     Fixed image = Image (0x54069a0)
  RTTI typeinfo:   itk::Image<double, 3u>
  Reference Count: 2
  Modified Time: 2363
  Debug: Off
  Object Name: 
  Observers: 
    none
  Source: (none)
  Source output name: (none)
  Release Data: Off
  Data Released: False
  Global Release Data: Off
  PipelineMTime: 0
  UpdateMTime: 2174
  RealTimeStamp: 0 seconds 
  LargestPossibleRegion: 
    Dimension: 3
    Index: [0, 0, 0]
    Size: [216, 256, 291]
  BufferedRegion: 
    Dimension: 3
    Index: [0, 0, 0]
    Size: [216, 256, 291]
  RequestedRegion: 
    Dimension: 3
    Index: [0, 0, 0]
    Size: [216, 256, 291]
  Spacing: [1, 1, 1]
  Origin: [0, 293, 0]
  Direction: 
1 0 0
0 -0 -1
0 -1 -0

  IndexToPointMatrix: 
1 0 0
0 0 -1
0 -1 0

  PointToIndexMatrix: 
1 0 0
0 0 -1
0 -1 0

  Inverse Direction: 
1 0 0
0 0 -1
0 -1 0

  PixelContainer: 
    ImportImageContainer (0x53ff740)
      RTTI typeinfo:   itk::ImportImageContainer<unsigned long, double>
      Reference Count: 1
      Modified Time: 2171
      Debug: Off
      Object Name: 
      Observers: 
        none
      Pointer: 0x7ff273d1b010
      Container manages memory: true
      Size: 16091136
      Capacity: 16091136

     Moving image = Image (0x5409110)
  RTTI typeinfo:   itk::Image<double, 3u>
  Reference Count: 2
  Modified Time: 2364
  Debug: Off
  Object Name: 
  Observers: 
    none
  Source: (none)
  Source output name: (none)
  Release Data: Off
  Data Released: False
  Global Release Data: Off
  PipelineMTime: 0
  UpdateMTime: 2361
  RealTimeStamp: 0 seconds 
  LargestPossibleRegion: 
    Dimension: 3
    Index: [0, 0, 0]
    Size: [256, 256, 274]
  BufferedRegion: 
    Dimension: 3
    Index: [0, 0, 0]
    Size: [256, 256, 274]
  RequestedRegion: 
    Dimension: 3
    Index: [0, 0, 0]
    Size: [256, 256, 274]
  Spacing: [1, 1, 1]
  Origin: [0, 273, 0]
  Direction: 
1 0 0
0 -0 -1
0 -1 -0

  IndexToPointMatrix: 
1 0 0
0 0 -1
0 -1 0

  PointToIndexMatrix: 
1 0 0
0 0 -1
0 -1 0

  Inverse Direction: 
1 0 0
0 0 -1
0 -1 0

  PixelContainer: 
    ImportImageContainer (0x5406c30)
      RTTI typeinfo:   itk::ImportImageContainer<unsigned long, double>
      Reference Count: 1
      Modified Time: 2358
      Debug: Off
      Object Name: 
      Observers: 
        none
      Pointer: 0x7ff26b41a010
      Container manages memory: true
      Size: 17956864
      Capacity: 17956864

     Weighting = 1
     Sampling strategy = none
     Number of bins = 32
     Radius = 4
     Sampling percentage  = 1
   Transform = SyN
     Gradient step = 0.1
     Update field sigma (voxel space) = 3
     Total field sigma (voxel space) = 0
     Update field time sigma = 0
     Total field time sigma  = 0
     Number of time indices = 0
     Number of time point samples = 0
Registration using 3 total stages.

Stage 0
  iterations = 1000x500x250x0
  convergence threshold = 1e-06
  convergence window size = 10
  number of levels = 4
  using the Mattes MI metric (number of bins = 32, weight = 1)
  preprocessing:  winsorizing the image intensities
  Shrink factors (level 1 out of 4): [12, 12, 12]
  Shrink factors (level 2 out of 4): [8, 8, 8]
  Shrink factors (level 3 out of 4): [4, 4, 4]
  Shrink factors (level 4 out of 4): [2, 2, 2]
  smoothing sigmas per level: [4, 3, 2, 1]
  regular sampling (percentage = 0.25)

*** Running Euler3DTransform registration ***

DIAGNOSTIC,Iteration,metricValue,convergenceValue,ITERATION_TIME_INDEX,SINCE_LAST
 2DIAGNOSTIC,     1, -5.626039617499e-01, 1.797693134862e+308, 2.1040e+01, 2.1040e+01, 
 2DIAGNOSTIC,     2, -5.633806666427e-01, 1.797693134862e+308, 2.1050e+01, 9.5680e-03, 
 2DIAGNOSTIC,     3, -5.642728827506e-01, 1.797693134862e+308, 2.1059e+01, 9.2001e-03, 
 2DIAGNOSTIC,     4, -5.649404079719e-01, 1.797693134862e+308, 2.1068e+01, 9.2480e-03, 
 2DIAGNOSTIC,     5, -5.654534479642e-01, 1.797693134862e+308, 2.1078e+01, 9.1569e-03, 
 2DIAGNOSTIC,     6, -5.661336514742e-01, 1.797693134862e+308, 2.1090e+01, 1.2058e-02, 
 2DIAGNOSTIC,     7, -5.665526510944e-01, 1.797693134862e+308, 2.1100e+01, 1.0535e-02, 
 2DIAGNOSTIC,     8, -5.663881697735e-01, 1.797693134862e+308, 2.1109e+01, 9.2881e-03, 
 2DIAGNOSTIC,     9, -5.667746315627e-01, 1.797693134862e+308, 2.1119e+01, 9.4221e-03, 
 2DIAGNOSTIC,    10, -5.678623521761e-01, 5.346458770876e-04, 2.1136e+01, 1.7349e-02, 
 2DIAGNOSTIC,    11, -5.680241308406e-01, 4.401263530731e-04, 2.1147e+01, 1.1190e-02, 
 2DIAGNOSTIC,    12, -5.676011521658e-01, 3.369147684695e-04, 2.1157e+01, 9.5439e-03, 
 2DIAGNOSTIC,    13, -5.676606236182e-01, 2.573598407010e-04, 2.1167e+01, 9.6512e-03, 
 2DIAGNOSTIC,    14, -5.677197578849e-01, 1.916148548178e-04, 2.1178e+01, 1.1012e-02, 
 2DIAGNOSTIC,    15, -5.677570367056e-01, 1.342726714524e-04, 2.1187e+01, 9.6979e-03, 
 2DIAGNOSTIC,    16, -5.673197489220e-01, 7.923853766498e-05, 2.1197e+01, 9.6300e-03, 
 2DIAGNOSTIC,    17, -5.671469082181e-01, 3.224439325022e-05, 2.1207e+01, 9.6769e-03, 
DIAGNOSTIC,Iteration,metricValue,convergenceValue,ITERATION_TIME_INDEX,SINCE_LAST
 2DIAGNOSTIC,     1, -4.921064916516e-01, 1.797693134862e+308, 3.6245e+01, 1.5039e+01, 
 2DIAGNOSTIC,     2, -4.921698901772e-01, 1.797693134862e+308, 3.6306e+01, 6.0987e-02, 
 2DIAGNOSTIC,     3, -4.921272849254e-01, 1.797693134862e+308, 3.6357e+01, 5.0928e-02, 
 2DIAGNOSTIC,     4, -4.921490566070e-01, 1.797693134862e+308, 3.6408e+01, 5.0684e-02, 
 2DIAGNOSTIC,     5, -4.924229167275e-01, 1.797693134862e+308, 3.6459e+01, 5.0811e-02, 
 2DIAGNOSTIC,     6, -4.928761795707e-01, 1.797693134862e+308, 3.6509e+01, 5.0739e-02, 
 2DIAGNOSTIC,     7, -4.934362944243e-01, 1.797693134862e+308, 3.6589e+01, 8.0056e-02, 
 2DIAGNOSTIC,     8, -4.934347162543e-01, 1.797693134862e+308, 3.6650e+01, 6.0487e-02, 
 2DIAGNOSTIC,     9, -4.934186384713e-01, 1.797693134862e+308, 3.6711e+01, 6.0802e-02, 
 2DIAGNOSTIC,    10, -4.937921213696e-01, 2.552310834587e-04, 3.6763e+01, 5.2014e-02, 
 2DIAGNOSTIC,    11, -4.944965587333e-01, 2.774003769690e-04, 3.6824e+01, 6.1502e-02, 
 2DIAGNOSTIC,    12, -4.948990095084e-01, 2.925996613680e-04, 3.6926e+01, 1.0145e-01, 
 2DIAGNOSTIC,    13, -4.949852427999e-01, 2.817033251953e-04, 3.7006e+01, 8.0579e-02, 
 2DIAGNOSTIC,    14, -4.949737537515e-01, 2.482362804869e-04, 3.7077e+01, 7.0730e-02, 
 2DIAGNOSTIC,    15, -4.948215410700e-01, 2.011925145002e-04, 3.7138e+01, 6.1001e-02, 
 2DIAGNOSTIC,    16, -4.947802546688e-01, 1.557019129247e-04, 3.7190e+01, 5.1782e-02, 
 2DIAGNOSTIC,    17, -4.946904203751e-01, 1.171982695744e-04, 3.7242e+01, 5.1849e-02, 
 2DIAGNOSTIC,    18, -4.947274451669e-01, 7.388218427402e-05, 3.7303e+01, 6.1631e-02, 
 2DIAGNOSTIC,    19, -4.947648018164e-01, 2.915761402090e-05, 3.7355e+01, 5.1554e-02, 
DIAGNOSTIC,Iteration,metricValue,convergenceValue,ITERATION_TIME_INDEX,SINCE_LAST
 2DIAGNOSTIC,     1, -4.202179807247e-01, 1.797693134862e+308, 4.5974e+01, 8.6196e+00, 
 2DIAGNOSTIC,     2, -4.204803462625e-01, 1.797693134862e+308, 4.6402e+01, 4.2763e-01, 
 2DIAGNOSTIC,     3, -4.206519901670e-01, 1.797693134862e+308, 4.6918e+01, 5.1557e-01, 
 2DIAGNOSTIC,     4, -4.206727770229e-01, 1.797693134862e+308, 4.7605e+01, 6.8741e-01, 
 2DIAGNOSTIC,     5, -4.206738459555e-01, 1.797693134862e+308, 4.8121e+01, 5.1614e-01, 
 2DIAGNOSTIC,     6, -4.206731287715e-01, 1.797693134862e+308, 4.8551e+01, 4.3002e-01, 
 2DIAGNOSTIC,     7, -4.206738072657e-01, 1.797693134862e+308, 4.9068e+01, 5.1653e-01, 
 2DIAGNOSTIC,     8, -4.206754335192e-01, 1.797693134862e+308, 4.9584e+01, 5.1645e-01, 
 2DIAGNOSTIC,     9, -4.206640924335e-01, 1.797693134862e+308, 5.0101e+01, 5.1653e-01, 
 2DIAGNOSTIC,    10, -4.206622409698e-01, 4.518353663527e-05, 5.0618e+01, 5.1706e-01, 
 2DIAGNOSTIC,    11, -4.206539024301e-01, 1.378129189757e-05, 5.1135e+01, 5.1757e-01, 
 2DIAGNOSTIC,    12, -4.206528551316e-01, 1.090259600101e-06, 5.1650e+01, 5.1514e-01, 
DIAGNOSTIC,Iteration,metricValue,convergenceValue,ITERATION_TIME_INDEX,SINCE_LAST
 2DIAGNOSTIC,     1, -3.654856902627e-01, 1.797693134862e+308, 6.0126e+01, 8.4757e+00, 
  Elapsed time (stage 0): 6.1926e+01


Stage 1
  iterations = 1000x500x250x0
  convergence threshold = 1.0000e-06
  convergence window size = 10
  number of levels = 4
  using the Mattes MI metric (number of bins = 32, weight = 1.0000e+00)
  preprocessing:  winsorizing the image intensities
  Shrink factors (level 1 out of 4): [12, 12, 12]
  Shrink factors (level 2 out of 4): [8, 8, 8]
  Shrink factors (level 3 out of 4): [4, 4, 4]
  Shrink factors (level 4 out of 4): [2, 2, 2]
  smoothing sigmas per level: [4, 3, 2, 1]
  regular sampling (percentage = 2.5000e-01)

*** Running AffineTransform registration ***

DIAGNOSTIC,Iteration,metricValue,convergenceValue,ITERATION_TIME_INDEX,SINCE_LAST
 2DIAGNOSTIC,     1, -5.642767631585e-01, 1.797693134862e+308, 2.0658e+01, 2.0658e+01, 
 2DIAGNOSTIC,     2, -5.648743224574e-01, 1.797693134862e+308, 2.0670e+01, 1.2436e-02, 
 2DIAGNOSTIC,     3, -5.655513263706e-01, 1.797693134862e+308, 2.0683e+01, 1.2212e-02, 
 2DIAGNOSTIC,     4, -5.670474595298e-01, 1.797693134862e+308, 2.0695e+01, 1.2186e-02, 
 2DIAGNOSTIC,     5, -5.682992809622e-01, 1.797693134862e+308, 2.0708e+01, 1.3767e-02, 
 2DIAGNOSTIC,     6, -5.689600807330e-01, 1.797693134862e+308, 2.0721e+01, 1.2213e-02, 
 2DIAGNOSTIC,     7, -5.695903211434e-01, 1.797693134862e+308, 2.0733e+01, 1.2230e-02, 
 2DIAGNOSTIC,     8, -5.702773355987e-01, 1.797693134862e+308, 2.0745e+01, 1.2273e-02, 
 2DIAGNOSTIC,     9, -5.715463740575e-01, 1.797693134862e+308, 2.0758e+01, 1.2535e-02, 
 2DIAGNOSTIC,    10, -5.727568727282e-01, 9.495165216853e-04, 2.0774e+01, 1.5856e-02, 
 2DIAGNOSTIC,    11, -5.731044328931e-01, 8.529073142327e-04, 2.0791e+01, 1.7403e-02, 
 2DIAGNOSTIC,    12, -5.729935553474e-01, 7.178052707246e-04, 2.0807e+01, 1.5969e-02, 
 2DIAGNOSTIC,    13, -5.733494070500e-01, 5.783770968873e-04, 2.0821e+01, 1.4241e-02, 
 2DIAGNOSTIC,    14, -5.751933080344e-01, 5.237486137646e-04, 2.0834e+01, 1.2822e-02, 
 2DIAGNOSTIC,    15, -5.758241839304e-01, 4.888598315455e-04, 2.0847e+01, 1.2756e-02, 
 2DIAGNOSTIC,    16, -5.757369230523e-01, 4.319639361280e-04, 2.0864e+01, 1.7344e-02, 
 2DIAGNOSTIC,    17, -5.760189880698e-01, 3.705644272981e-04, 2.0878e+01, 1.4167e-02, 
 2DIAGNOSTIC,    18, -5.762505479718e-01, 3.066278324929e-04, 2.0891e+01, 1.2557e-02, 
 2DIAGNOSTIC,    19, -5.764923661084e-01, 2.589038050851e-04, 2.0905e+01, 1.4212e-02, 
 2DIAGNOSTIC,    20, -5.766301330966e-01, 2.250557213606e-04, 2.0918e+01, 1.2764e-02, 
 2DIAGNOSTIC,    21, -5.765010765568e-01, 1.797289614571e-04, 2.0934e+01, 1.5712e-02, 
 2DIAGNOSTIC,    22, -5.763512899699e-01, 1.166315923990e-04, 2.0951e+01, 1.7437e-02, 
 2DIAGNOSTIC,    23, -5.763681380766e-01, 5.530549717027e-05, 2.0964e+01, 1.2678e-02, 
 2DIAGNOSTIC,    24, -5.767840976470e-01, 4.030945044405e-05, 2.0976e+01, 1.2685e-02, 
 2DIAGNOSTIC,    25, -5.772172507163e-01, 4.383978800894e-05, 2.0989e+01, 1.2730e-02, 
 2DIAGNOSTIC,    26, -5.774955940038e-01, 4.662093324646e-05, 2.1003e+01, 1.4216e-02, 
 2DIAGNOSTIC,    27, -5.776670941147e-01, 5.335207473404e-05, 2.1016e+01, 1.2652e-02, 
 2DIAGNOSTIC,    28, -5.776461495073e-01, 5.835330199869e-05, 2.1032e+01, 1.5785e-02, 
 2DIAGNOSTIC,    29, -5.782092641865e-01, 7.119882628511e-05, 2.1044e+01, 1.2643e-02, 
 2DIAGNOSTIC,    30, -5.782427952303e-01, 7.903244375099e-05, 2.1060e+01, 1.5579e-02, 
 2DIAGNOSTIC,    31, -5.780576729218e-01, 7.411546845695e-05, 2.1073e+01, 1.2639e-02, 
 2DIAGNOSTIC,    32, -5.781538869471e-01, 6.210504614172e-05, 2.1087e+01, 1.4448e-02, 
 2DIAGNOSTIC,    33, -5.778105182550e-01, 3.999976716793e-05, 2.1101e+01, 1.4281e-02, 
 2DIAGNOSTIC,    34, -5.780531582814e-01, 2.497343025600e-05, 2.1115e+01, 1.4117e-02, 
 2DIAGNOSTIC,    35, -5.775054501098e-01, 6.657982529273e-06, 2.1128e+01, 1.2664e-02, 
DIAGNOSTIC,Iteration,metricValue,convergenceValue,ITERATION_TIME_INDEX,SINCE_LAST
 2DIAGNOSTIC,     1, -4.958313352983e-01, 1.797693134862e+308, 3.6180e+01, 1.5052e+01, 
 2DIAGNOSTIC,     2, -4.969533005516e-01, 1.797693134862e+308, 3.6243e+01, 6.2418e-02, 
 2DIAGNOSTIC,     3, -4.981402400325e-01, 1.797693134862e+308, 3.6304e+01, 6.1976e-02, 
 2DIAGNOSTIC,     4, -4.988494428718e-01, 1.797693134862e+308, 3.6366e+01, 6.1796e-02, 
 2DIAGNOSTIC,     5, -4.995007287793e-01, 1.797693134862e+308, 3.6428e+01, 6.1258e-02, 
 2DIAGNOSTIC,     6, -5.008903073040e-01, 1.797693134862e+308, 3.6540e+01, 1.1250e-01, 
 2DIAGNOSTIC,     7, -5.008877249534e-01, 1.797693134862e+308, 3.6602e+01, 6.2081e-02, 
 2DIAGNOSTIC,     8, -5.008809321606e-01, 1.797693134862e+308, 3.6674e+01, 7.1722e-02, 
 2DIAGNOSTIC,     9, -5.009800869165e-01, 1.797693134862e+308, 3.6737e+01, 6.3095e-02, 
 2DIAGNOSTIC,    10, -5.011776629567e-01, 6.843627524036e-04, 3.6799e+01, 6.2407e-02, 
 2DIAGNOSTIC,    11, -5.013280254107e-01, 4.770447804945e-04, 3.6862e+01, 6.2249e-02, 
 2DIAGNOSTIC,    12, -5.016797197709e-01, 3.307483512798e-04, 3.6934e+01, 7.2090e-02, 
 2DIAGNOSTIC,    13, -5.022235414557e-01, 2.533076320540e-04, 3.7045e+01, 1.1176e-01, 
 2DIAGNOSTIC,    14, -5.021717583003e-01, 1.903506786677e-04, 3.7107e+01, 6.1704e-02, 
 2DIAGNOSTIC,    15, -5.021214614060e-01, 1.402641524572e-04, 3.7169e+01, 6.2039e-02, 
 2DIAGNOSTIC,    16, -5.021362083106e-01, 1.338879461427e-04, 3.7241e+01, 7.1591e-02, 
 2DIAGNOSTIC,    17, -5.022000018885e-01, 1.179746204650e-04, 3.7312e+01, 7.1247e-02, 
 2DIAGNOSTIC,    18, -5.022146677646e-01, 9.302044697894e-05, 3.7374e+01, 6.2081e-02, 
 2DIAGNOSTIC,    19, -5.022300571340e-01, 6.571378896501e-05, 3.7436e+01, 6.1662e-02, 
 2DIAGNOSTIC,    20, -5.022274808416e-01, 4.103031485570e-05, 3.7518e+01, 8.2605e-02, 
 2DIAGNOSTIC,    21, -5.022295054195e-01, 1.903648961056e-05, 3.7601e+01, 8.2506e-02, 
 2DIAGNOSTIC,    22, -5.021754951097e-01, 4.624304196635e-06, 3.7663e+01, 6.2141e-02, 
 2DIAGNOSTIC,    23, -5.022596935723e-01, 6.715490237771e-06, 3.7725e+01, 6.2168e-02, 
 2DIAGNOSTIC,    24, -5.024251549322e-01, 1.080346356541e-05, 3.7828e+01, 1.0280e-01, 
 2DIAGNOSTIC,    25, -5.023783180708e-01, 1.137855917111e-05, 3.7900e+01, 7.2233e-02, 
 2DIAGNOSTIC,    26, -5.023408927841e-01, 1.054049353990e-05, 3.7973e+01, 7.2619e-02, 
 2DIAGNOSTIC,    27, -5.022908504327e-01, 9.250116291402e-06, 3.8035e+01, 6.2266e-02, 
 2DIAGNOSTIC,    28, -5.022368126959e-01, 6.451973954782e-06, 3.8107e+01, 7.1904e-02, 
 2DIAGNOSTIC,    29, -5.022372463509e-01, 3.588721448719e-06, 3.8169e+01, 6.1732e-02, 
DIAGNOSTIC,Iteration,metricValue,convergenceValue,ITERATION_TIME_INDEX,SINCE_LAST
 2DIAGNOSTIC,     1, -4.246364421445e-01, 1.797693134862e+308, 4.6892e+01, 8.7228e+00, 
 2DIAGNOSTIC,     2, -4.252250323054e-01, 1.797693134862e+308, 4.7409e+01, 5.1707e-01, 
 2DIAGNOSTIC,     3, -4.257056379073e-01, 1.797693134862e+308, 4.7924e+01, 5.1497e-01, 
 2DIAGNOSTIC,     4, -4.259535479230e-01, 1.797693134862e+308, 4.8440e+01, 5.1663e-01, 
 2DIAGNOSTIC,     5, -4.262441622990e-01, 1.797693134862e+308, 4.8945e+01, 5.0499e-01, 
 2DIAGNOSTIC,     6, -4.269132516819e-01, 1.797693134862e+308, 4.9547e+01, 6.0173e-01, 
 2DIAGNOSTIC,     7, -4.275643591901e-01, 1.797693134862e+308, 5.0146e+01, 5.9895e-01, 
 2DIAGNOSTIC,     8, -4.279287549437e-01, 1.797693134862e+308, 5.1012e+01, 8.6619e-01, 
 2DIAGNOSTIC,     9, -4.279457344137e-01, 1.797693134862e+308, 5.1611e+01, 5.9896e-01, 
 2DIAGNOSTIC,    10, -4.279611560370e-01, 5.444754146069e-04, 5.2212e+01, 6.0078e-01, 
 2DIAGNOSTIC,    11, -4.279819143706e-01, 4.279366560783e-04, 5.2815e+01, 6.0304e-01, 
 2DIAGNOSTIC,    12, -4.280054338151e-01, 3.255666829400e-04, 5.3594e+01, 7.7939e-01, 
 2DIAGNOSTIC,    13, -4.280077557267e-01, 2.344880038009e-04, 5.4098e+01, 5.0360e-01, 
 2DIAGNOSTIC,    14, -4.280028154817e-01, 1.473680349778e-04, 5.4696e+01, 5.9858e-01, 
 2DIAGNOSTIC,    15, -4.279986979543e-01, 7.112353444863e-05, 5.5298e+01, 6.0189e-01, 
 2DIAGNOSTIC,    16, -4.280043768286e-01, 2.556531508556e-05, 5.5985e+01, 6.8667e-01, 
 2DIAGNOSTIC,    17, -4.280005270987e-01, 8.117008839535e-06, 5.6585e+01, 6.0039e-01, 
 2DIAGNOSTIC,    18, -4.279960779158e-01, 5.338729063005e-06, 5.7096e+01, 5.1080e-01, 
 2DIAGNOSTIC,    19, -4.279866626026e-01, 2.803535388771e-06, 5.7699e+01, 6.0295e-01, 
DIAGNOSTIC,Iteration,metricValue,convergenceValue,ITERATION_TIME_INDEX,SINCE_LAST
 2DIAGNOSTIC,     1, -3.705195961684e-01, 1.797693134862e+308, 6.6789e+01, 9.0903e+00, 
  Elapsed time (stage 1): 6.8571e+01


Stage 2
  iterations = 100x100x70x50x0
  convergence threshold = 1.0000e-06
  convergence window size = 10
  number of levels = 5
  using the Mattes MI metric (number of bins = 32, weight = 1.0000e+00)
  preprocessing:  winsorizing the image intensities
  Shrink factors (level 1 out of 5): [10, 10, 10]
  Shrink factors (level 2 out of 5): [6, 6, 6]
  Shrink factors (level 3 out of 5): [4, 4, 4]
  Shrink factors (level 4 out of 5): [2, 2, 2]
  Shrink factors (level 5 out of 5): [1, 1, 1]
  smoothing sigmas per level: [5, 3, 2, 1, 0]
  Using default NONE metricSamplingStrategy 

*** Running SyN registration (varianceForUpdateField = 3.0000e+00, varianceForTotalField = 0.0000e+00) ***

XXDIAGNOSTIC,Iteration,metricValue,convergenceValue,ITERATION_TIME_INDEX,SINCE_LAST
 1DIAGNOSTIC,     1, -5.226774034606e-01, 1.797693134862e+308, 3.3112e+01, 3.3112e+01, 
 1DIAGNOSTIC,     2, -5.441380699760e-01, 1.797693134862e+308, 3.3253e+01, 1.4094e-01, 
 1DIAGNOSTIC,     3, -5.568757797089e-01, 1.797693134862e+308, 3.3391e+01, 1.3830e-01, 
 1DIAGNOSTIC,     4, -5.618795590300e-01, 1.797693134862e+308, 3.3530e+01, 1.3830e-01, 
 1DIAGNOSTIC,     5, -5.621437303835e-01, 1.797693134862e+308, 3.3665e+01, 1.3517e-01, 
 1DIAGNOSTIC,     6, -5.604240182227e-01, 1.797693134862e+308, 3.3800e+01, 1.3563e-01, 
 1DIAGNOSTIC,     7, -5.582590815680e-01, 1.797693134862e+308, 3.3936e+01, 1.3596e-01, 
 1DIAGNOSTIC,     8, -5.552196265307e-01, 1.797693134862e+308, 3.4071e+01, 1.3507e-01, 
 1DIAGNOSTIC,     9, -5.505197022766e-01, 1.797693134862e+308, 3.4206e+01, 1.3507e-01, 
 1DIAGNOSTIC,    10, -5.518428949105e-01, 1.629186979632e-03, 3.4342e+01, 1.3597e-01, 
 1DIAGNOSTIC,    11, -5.490231952421e-01, -5.155455420943e-04, 3.4478e+01, 1.3591e-01, 
XXDIAGNOSTIC,Iteration,metricValue,convergenceValue,ITERATION_TIME_INDEX,SINCE_LAST
 1DIAGNOSTIC,     1, -4.348711751790e-01, 1.797693134862e+308, 4.9936e+01, 1.5457e+01, 
 1DIAGNOSTIC,     2, -4.374024292293e-01, 1.797693134862e+308, 5.0477e+01, 5.4118e-01, 
 1DIAGNOSTIC,     3, -4.388253374812e-01, 1.797693134862e+308, 5.1018e+01, 5.4136e-01, 
 1DIAGNOSTIC,     4, -4.394573712466e-01, 1.797693134862e+308, 5.1557e+01, 5.3928e-01, 
 1DIAGNOSTIC,     5, -4.395537308301e-01, 1.797693134862e+308, 5.2097e+01, 5.3946e-01, 
 1DIAGNOSTIC,     6, -4.393587468397e-01, 1.797693134862e+308, 5.2639e+01, 5.4234e-01, 
 1DIAGNOSTIC,     7, -4.387557565213e-01, 1.797693134862e+308, 5.3181e+01, 5.4227e-01, 
 1DIAGNOSTIC,     8, -4.382304898261e-01, 1.797693134862e+308, 5.3721e+01, 5.3937e-01, 
 1DIAGNOSTIC,     9, -4.374662392612e-01, 1.797693134862e+308, 5.4263e+01, 5.4186e-01, 
 1DIAGNOSTIC,    10, -4.366488137920e-01, 7.169822534379e-05, 5.4803e+01, 5.4042e-01, 
 1DIAGNOSTIC,    11, -4.356337727655e-01, -3.385101051234e-04, 5.5344e+01, 5.4118e-01, 
XXDIAGNOSTIC,Iteration,metricValue,convergenceValue,ITERATION_TIME_INDEX,SINCE_LAST
 1DIAGNOSTIC,     1, -3.701655667641e-01, 1.797693134862e+308, 6.5210e+01, 9.8661e+00, 
 1DIAGNOSTIC,     2, -3.711886414117e-01, 1.797693134862e+308, 6.6910e+01, 1.6995e+00, 
 1DIAGNOSTIC,     3, -3.719304285922e-01, 1.797693134862e+308, 6.8620e+01, 1.7099e+00, 
 1DIAGNOSTIC,     4, -3.724823490331e-01, 1.797693134862e+308, 7.0319e+01, 1.6994e+00, 
 1DIAGNOSTIC,     5, -3.727468013479e-01, 1.797693134862e+308, 7.2043e+01, 1.7240e+00, 
 1DIAGNOSTIC,     6, -3.728168805393e-01, 1.797693134862e+308, 7.3742e+01, 1.6986e+00, 
 1DIAGNOSTIC,     7, -3.726422472753e-01, 1.797693134862e+308, 7.5454e+01, 1.7124e+00, 
 1DIAGNOSTIC,     8, -3.724602535287e-01, 1.797693134862e+308, 7.7156e+01, 1.7019e+00, 
 1DIAGNOSTIC,     9, -3.723072236161e-01, 1.797693134862e+308, 7.8862e+01, 1.7053e+00, 
 1DIAGNOSTIC,    10, -3.720080447186e-01, 2.535672671023e-04, 8.0567e+01, 1.7057e+00, 
 1DIAGNOSTIC,    11, -3.715857231676e-01, 1.534841744875e-05, 8.2285e+01, 1.7173e+00, 
 1DIAGNOSTIC,    12, -3.713970887524e-01, -1.312665277732e-04, 8.3985e+01, 1.7001e+00, 
XXDIAGNOSTIC,Iteration,metricValue,convergenceValue,ITERATION_TIME_INDEX,SINCE_LAST
 1DIAGNOSTIC,     1, -3.147875143305e-01, 1.797693134862e+308, 1.0340e+02, 1.9417e+01, 
 1DIAGNOSTIC,     2, -3.158470410305e-01, 1.797693134862e+308, 1.1652e+02, 1.3118e+01, 
 1DIAGNOSTIC,     3, -3.169132149745e-01, 1.797693134862e+308, 1.2972e+02, 1.3195e+01, 
 1DIAGNOSTIC,     4, -3.178444867654e-01, 1.797693134862e+308, 1.4258e+02, 1.2866e+01, 
 1DIAGNOSTIC,     5, -3.185952200980e-01, 1.797693134862e+308, 1.5572e+02, 1.3136e+01, 
 1DIAGNOSTIC,     6, -3.192927315736e-01, 1.797693134862e+308, 1.6886e+02, 1.3147e+01, 
 1DIAGNOSTIC,     7, -3.198877971136e-01, 1.797693134862e+308, 1.8224e+02, 1.3374e+01, 
 1DIAGNOSTIC,     8, -3.204265108223e-01, 1.797693134862e+308, 1.9539e+02, 1.3147e+01, 
 1DIAGNOSTIC,     9, -3.209179680681e-01, 1.797693134862e+308, 2.0858e+02, 1.3195e+01, 
 1DIAGNOSTIC,    10, -3.213628200193e-01, 1.300391723281e-03, 2.2216e+02, 1.3578e+01, 
 1DIAGNOSTIC,    11, -3.217649234940e-01, 1.049448136886e-03, 2.3529e+02, 1.3128e+01, 
 1DIAGNOSTIC,    12, -3.221016656423e-01, 8.489836766626e-04, 2.4886e+02, 1.3576e+01, 
 1DIAGNOSTIC,    13, -3.224777518863e-01, 7.007644269661e-04, 2.6264e+02, 1.3776e+01, 
 1DIAGNOSTIC,    14, -3.227835008614e-01, 5.880676982712e-04, 2.7625e+02, 1.3615e+01, 
 1DIAGNOSTIC,    15, -3.230581624076e-01, 4.969973667604e-04, 2.8983e+02, 1.3579e+01, 
 1DIAGNOSTIC,    16, -3.232778469447e-01, 4.223769388423e-04, 3.0340e+02, 1.3572e+01, 
 1DIAGNOSTIC,    17, -3.235066918786e-01, 3.604703761226e-04, 3.1696e+02, 1.3559e+01, 
 1DIAGNOSTIC,    18, -3.236993829014e-01, 3.079158609010e-04, 3.3057e+02, 1.3604e+01, 
 1DIAGNOSTIC,    19, -3.239149597272e-01, 2.651379076528e-04, 3.4412e+02, 1.3557e+01, 
 1DIAGNOSTIC,    20, -3.240934056107e-01, 2.294556219775e-04, 3.5775e+02, 1.3621e+01, 
 1DIAGNOSTIC,    21, -3.242781126421e-01, 2.005101055515e-04, 3.7137e+02, 1.3627e+01, 
 1DIAGNOSTIC,    22, -3.244265062936e-01, 1.748557278131e-04, 3.8510e+02, 1.3723e+01, 
 1DIAGNOSTIC,    23, -3.245330876570e-01, 1.535718382256e-04, 3.9865e+02, 1.3551e+01, 
 1DIAGNOSTIC,    24, -3.246054014043e-01, 1.335709893313e-04, 4.1227e+02, 1.3622e+01, 
 1DIAGNOSTIC,    25, -3.246471052483e-01, 1.138413981227e-04, 4.2585e+02, 1.3585e+01, 
 1DIAGNOSTIC,    26, -3.246501370481e-01, 9.250507497627e-05, 4.3941e+02, 1.3553e+01, 
 1DIAGNOSTIC,    27, -3.246965841550e-01, 7.310792461152e-05, 4.5298e+02, 1.3570e+01, 
 1DIAGNOSTIC,    28, -3.247304170269e-01, 5.533543570415e-05, 4.6661e+02, 1.3635e+01, 
 1DIAGNOSTIC,    29, -3.248216094664e-01, 4.293990297229e-05, 4.8026e+02, 1.3653e+01, 
 1DIAGNOSTIC,    30, -3.248697687568e-01, 3.396470606265e-05, 4.9396e+02, 1.3695e+01, 
 1DIAGNOSTIC,    31, -3.249245910294e-01, 2.922209377649e-05, 5.0755e+02, 1.3592e+01, 
 1DIAGNOSTIC,    32, -3.249795711306e-01, 2.765954788903e-05, 5.2126e+02, 1.3706e+01, 
 1DIAGNOSTIC,    33, -3.250122900613e-01, 2.731310442598e-05, 5.3487e+02, 1.3608e+01, 
 1DIAGNOSTIC,    34, -3.250141152393e-01, 2.636684193089e-05, 5.4850e+02, 1.3634e+01, 
 1DIAGNOSTIC,    35, -3.250366672591e-01, 2.470033306484e-05, 5.6216e+02, 1.3659e+01, 
 1DIAGNOSTIC,    36, -3.250460151952e-01, 2.114816802606e-05, 5.7572e+02, 1.3557e+01, 
 1DIAGNOSTIC,    37, -3.250227766233e-01, 1.640713304503e-05, 5.8930e+02, 1.3588e+01, 
 1DIAGNOSTIC,    38, -3.249802505584e-01, 1.021851349445e-05, 6.0303e+02, 1.3729e+01, 
 1DIAGNOSTIC,    39, -3.249208649477e-01, 4.197446923034e-06, 6.1660e+02, 1.3566e+01, 
 1DIAGNOSTIC,    40, -3.249748904366e-01, 4.067170956967e-07, 6.3025e+02, 1.3649e+01, 
  Elapsed time (stage 2): 650.6


Total elapsed time: 781.1

--- Writing output images ---

Using double precision for computations.
Input scalar image: data/Segmentations/1008_3_seg.nii.gz
Reference image: data/template/T_template0_BrainCerebellum.nii.gz
=============================================================================
The composite transform comprises the following transforms (in order): 
  1. /tmp/1971519.1.basic.q/1008_ToTemplate_012_0GenericAffine.mat (type = AffineTransform)
  2. /tmp/1971519.1.basic.q/1008_ToTemplate_012_1Warp.nii.gz (type = DisplacementFieldTransform)
=============================================================================
Default pixel value: 0
Interpolation type: LabelImageGenericInterpolateImageFunction
Output warped image: output/1008/1008_WarpedLabels_012.nii.gz

--- Done ---

