
--- Running on compute-1-8.local ---


--- registration call ---
/data/jet/pcook/bin/antsBuild/bin/antsRegistrationSyNQuick.sh -d 3 -f data/template/T_template0_BrainCerebellum.nii.gz -m data/Brains/1008_3.nii.gz -t s -p d -n 1 -o /tmp/1971516.1.basic.q/1008_ToTemplate_009_
---


--------------------------------------------------------------------------------------
 Mapping parameters
--------------------------------------------------------------------------------------
 ANTSPATH is /data/jet/pcook/bin/antsBuild/bin/

 Dimensionality:           3
 Output name prefix:       /tmp/1971516.1.basic.q/1008_ToTemplate_009_
 Fixed images:             data/template/T_template0_BrainCerebellum.nii.gz
 Moving images:            data/Brains/1008_3.nii.gz
 Mask images:              
 Initial transforms:       
 Number of threads:        1
 Spline distance:          26
 Transform type:           s
 MI histogram bins:        32
 Precision:                d
 Use histogram matching    0
======================================================================================
 antsRegistration call:
--------------------------------------------------------------------------------------
/data/jet/pcook/bin/antsBuild/bin//antsRegistration --verbose 1 --dimensionality 3 --float 0 --collapse-output-transforms 1 --output [/tmp/1971516.1.basic.q/1008_ToTemplate_009_,/tmp/1971516.1.basic.q/1008_ToTemplate_009_Warped.nii.gz,/tmp/1971516.1.basic.q/1008_ToTemplate_009_InverseWarped.nii.gz] --interpolation Linear --use-histogram-matching 0 --winsorize-image-intensities [0.005,0.995] --initial-moving-transform [data/template/T_template0_BrainCerebellum.nii.gz,data/Brains/1008_3.nii.gz,1] --transform Rigid[0.1] --metric MI[data/template/T_template0_BrainCerebellum.nii.gz,data/Brains/1008_3.nii.gz,1,32,Regular,0.25] --convergence [1000x500x250x0,1e-6,10] --shrink-factors 12x8x4x2 --smoothing-sigmas 4x3x2x1vox --transform Affine[0.1] --metric MI[data/template/T_template0_BrainCerebellum.nii.gz,data/Brains/1008_3.nii.gz,1,32,Regular,0.25] --convergence [1000x500x250x0,1e-6,10] --shrink-factors 12x8x4x2 --smoothing-sigmas 4x3x2x1vox --transform SyN[0.1,3,0] --metric MI[data/template/T_template0_BrainCerebellum.nii.gz,data/Brains/1008_3.nii.gz,1,32] --convergence [100x100x70x50x0,1e-6,10] --shrink-factors 10x6x4x2x1 --smoothing-sigmas 5x3x2x1x0vox
--------------------------------------------------------------------------------------
All_Command_lines_OK
Using double precision for computations.
=============================================================================
The composite transform comprises the following transforms (in order): 
  1. Center of mass alignment using fixed image: data/template/T_template0_BrainCerebellum.nii.gz and moving image: data/Brains/1008_3.nii.gz (type = Euler3DTransform)
=============================================================================
  number of levels = 4
  number of levels = 4
  number of levels = 5
  fixed image: data/template/T_template0_BrainCerebellum.nii.gz
  moving image: data/Brains/1008_3.nii.gz
  fixed image: data/template/T_template0_BrainCerebellum.nii.gz
  moving image: data/Brains/1008_3.nii.gz
  fixed image: data/template/T_template0_BrainCerebellum.nii.gz
  moving image: data/Brains/1008_3.nii.gz
Dimension = 3
Number of stages = 3
Use Histogram Matching false
Winsorize image intensities true
Lower quantile = 0.005
Upper quantile = 0.995
Stage 1 State
   Image metric = Mattes
     Fixed image = Image (0x509fcf0)
  RTTI typeinfo:   itk::Image<double, 3u>
  Reference Count: 2
  Modified Time: 1611
  Debug: Off
  Object Name: 
  Observers: 
    none
  Source: (none)
  Source output name: (none)
  Release Data: Off
  Data Released: False
  Global Release Data: Off
  PipelineMTime: 0
  UpdateMTime: 1422
  RealTimeStamp: 0 seconds 
  LargestPossibleRegion: 
    Dimension: 3
    Index: [0, 0, 0]
    Size: [216, 256, 291]
  BufferedRegion: 
    Dimension: 3
    Index: [0, 0, 0]
    Size: [216, 256, 291]
  RequestedRegion: 
    Dimension: 3
    Index: [0, 0, 0]
    Size: [216, 256, 291]
  Spacing: [1, 1, 1]
  Origin: [0, 293, 0]
  Direction: 
1 0 0
0 -0 -1
0 -1 -0

  IndexToPointMatrix: 
1 0 0
0 0 -1
0 -1 0

  PointToIndexMatrix: 
1 0 0
0 0 -1
0 -1 0

  Inverse Direction: 
1 0 0
0 0 -1
0 -1 0

  PixelContainer: 
    ImportImageContainer (0x50a37f0)
      RTTI typeinfo:   itk::ImportImageContainer<unsigned long, double>
      Reference Count: 1
      Modified Time: 1419
      Debug: Off
      Object Name: 
      Observers: 
        none
      Pointer: 0x7f17013fb010
      Container manages memory: true
      Size: 16091136
      Capacity: 16091136

     Moving image = Image (0x50a1d50)
  RTTI typeinfo:   itk::Image<double, 3u>
  Reference Count: 2
  Modified Time: 1612
  Debug: Off
  Object Name: 
  Observers: 
    none
  Source: (none)
  Source output name: (none)
  Release Data: Off
  Data Released: False
  Global Release Data: Off
  PipelineMTime: 0
  UpdateMTime: 1609
  RealTimeStamp: 0 seconds 
  LargestPossibleRegion: 
    Dimension: 3
    Index: [0, 0, 0]
    Size: [256, 256, 274]
  BufferedRegion: 
    Dimension: 3
    Index: [0, 0, 0]
    Size: [256, 256, 274]
  RequestedRegion: 
    Dimension: 3
    Index: [0, 0, 0]
    Size: [256, 256, 274]
  Spacing: [1, 1, 1]
  Origin: [0, 273, 0]
  Direction: 
1 0 0
0 -0 -1
0 -1 -0

  IndexToPointMatrix: 
1 0 0
0 0 -1
0 -1 0

  PointToIndexMatrix: 
1 0 0
0 0 -1
0 -1 0

  Inverse Direction: 
1 0 0
0 0 -1
0 -1 0

  PixelContainer: 
    ImportImageContainer (0x5092f60)
      RTTI typeinfo:   itk::ImportImageContainer<unsigned long, double>
      Reference Count: 1
      Modified Time: 1606
      Debug: Off
      Object Name: 
      Observers: 
        none
      Pointer: 0x7f16f8afa010
      Container manages memory: true
      Size: 17956864
      Capacity: 17956864

     Weighting = 1
     Sampling strategy = regular
     Number of bins = 32
     Radius = 4
     Sampling percentage  = 0.25
   Transform = Rigid
     Gradient step = 0.1
     Update field sigma (voxel space) = 0
     Total field sigma (voxel space) = 0
     Update field time sigma = 0
     Total field time sigma  = 0
     Number of time indices = 0
     Number of time point samples = 0
Stage 2 State
   Image metric = Mattes
     Fixed image = Image (0x50a6700)
  RTTI typeinfo:   itk::Image<double, 3u>
  Reference Count: 2
  Modified Time: 1987
  Debug: Off
  Object Name: 
  Observers: 
    none
  Source: (none)
  Source output name: (none)
  Release Data: Off
  Data Released: False
  Global Release Data: Off
  PipelineMTime: 0
  UpdateMTime: 1798
  RealTimeStamp: 0 seconds 
  LargestPossibleRegion: 
    Dimension: 3
    Index: [0, 0, 0]
    Size: [216, 256, 291]
  BufferedRegion: 
    Dimension: 3
    Index: [0, 0, 0]
    Size: [216, 256, 291]
  RequestedRegion: 
    Dimension: 3
    Index: [0, 0, 0]
    Size: [216, 256, 291]
  Spacing: [1, 1, 1]
  Origin: [0, 293, 0]
  Direction: 
1 0 0
0 -0 -1
0 -1 -0

  IndexToPointMatrix: 
1 0 0
0 0 -1
0 -1 0

  PointToIndexMatrix: 
1 0 0
0 0 -1
0 -1 0

  Inverse Direction: 
1 0 0
0 0 -1
0 -1 0

  PixelContainer: 
    ImportImageContainer (0x50a2970)
      RTTI typeinfo:   itk::ImportImageContainer<unsigned long, double>
      Reference Count: 1
      Modified Time: 1795
      Debug: Off
      Object Name: 
      Observers: 
        none
      Pointer: 0x7f16f1035010
      Container manages memory: true
      Size: 16091136
      Capacity: 16091136

     Moving image = Image (0x50b3080)
  RTTI typeinfo:   itk::Image<double, 3u>
  Reference Count: 2
  Modified Time: 1988
  Debug: Off
  Object Name: 
  Observers: 
    none
  Source: (none)
  Source output name: (none)
  Release Data: Off
  Data Released: False
  Global Release Data: Off
  PipelineMTime: 0
  UpdateMTime: 1985
  RealTimeStamp: 0 seconds 
  LargestPossibleRegion: 
    Dimension: 3
    Index: [0, 0, 0]
    Size: [256, 256, 274]
  BufferedRegion: 
    Dimension: 3
    Index: [0, 0, 0]
    Size: [256, 256, 274]
  RequestedRegion: 
    Dimension: 3
    Index: [0, 0, 0]
    Size: [256, 256, 274]
  Spacing: [1, 1, 1]
  Origin: [0, 273, 0]
  Direction: 
1 0 0
0 -0 -1
0 -1 -0

  IndexToPointMatrix: 
1 0 0
0 0 -1
0 -1 0

  PointToIndexMatrix: 
1 0 0
0 0 -1
0 -1 0

  Inverse Direction: 
1 0 0
0 0 -1
0 -1 0

  PixelContainer: 
    ImportImageContainer (0x50b2a00)
      RTTI typeinfo:   itk::ImportImageContainer<unsigned long, double>
      Reference Count: 1
      Modified Time: 1982
      Debug: Off
      Object Name: 
      Observers: 
        none
      Pointer: 0x7f16e8734010
      Container manages memory: true
      Size: 17956864
      Capacity: 17956864

     Weighting = 1
     Sampling strategy = regular
     Number of bins = 32
     Radius = 4
     Sampling percentage  = 0.25
   Transform = Affine
     Gradient step = 0.1
     Update field sigma (voxel space) = 0
     Total field sigma (voxel space) = 0
     Update field time sigma = 0
     Total field time sigma  = 0
     Number of time indices = 0
     Number of time point samples = 0
Stage 3 State
   Image metric = Mattes
     Fixed image = Image (0x50b89a0)
  RTTI typeinfo:   itk::Image<double, 3u>
  Reference Count: 2
  Modified Time: 2363
  Debug: Off
  Object Name: 
  Observers: 
    none
  Source: (none)
  Source output name: (none)
  Release Data: Off
  Data Released: False
  Global Release Data: Off
  PipelineMTime: 0
  UpdateMTime: 2174
  RealTimeStamp: 0 seconds 
  LargestPossibleRegion: 
    Dimension: 3
    Index: [0, 0, 0]
    Size: [216, 256, 291]
  BufferedRegion: 
    Dimension: 3
    Index: [0, 0, 0]
    Size: [216, 256, 291]
  RequestedRegion: 
    Dimension: 3
    Index: [0, 0, 0]
    Size: [216, 256, 291]
  Spacing: [1, 1, 1]
  Origin: [0, 293, 0]
  Direction: 
1 0 0
0 -0 -1
0 -1 -0

  IndexToPointMatrix: 
1 0 0
0 0 -1
0 -1 0

  PointToIndexMatrix: 
1 0 0
0 0 -1
0 -1 0

  Inverse Direction: 
1 0 0
0 0 -1
0 -1 0

  PixelContainer: 
    ImportImageContainer (0x50b1740)
      RTTI typeinfo:   itk::ImportImageContainer<unsigned long, double>
      Reference Count: 1
      Modified Time: 2171
      Debug: Off
      Object Name: 
      Observers: 
        none
      Pointer: 0x7f16e0c6f010
      Container manages memory: true
      Size: 16091136
      Capacity: 16091136

     Moving image = Image (0x50bb110)
  RTTI typeinfo:   itk::Image<double, 3u>
  Reference Count: 2
  Modified Time: 2364
  Debug: Off
  Object Name: 
  Observers: 
    none
  Source: (none)
  Source output name: (none)
  Release Data: Off
  Data Released: False
  Global Release Data: Off
  PipelineMTime: 0
  UpdateMTime: 2361
  RealTimeStamp: 0 seconds 
  LargestPossibleRegion: 
    Dimension: 3
    Index: [0, 0, 0]
    Size: [256, 256, 274]
  BufferedRegion: 
    Dimension: 3
    Index: [0, 0, 0]
    Size: [256, 256, 274]
  RequestedRegion: 
    Dimension: 3
    Index: [0, 0, 0]
    Size: [256, 256, 274]
  Spacing: [1, 1, 1]
  Origin: [0, 273, 0]
  Direction: 
1 0 0
0 -0 -1
0 -1 -0

  IndexToPointMatrix: 
1 0 0
0 0 -1
0 -1 0

  PointToIndexMatrix: 
1 0 0
0 0 -1
0 -1 0

  Inverse Direction: 
1 0 0
0 0 -1
0 -1 0

  PixelContainer: 
    ImportImageContainer (0x50b8c30)
      RTTI typeinfo:   itk::ImportImageContainer<unsigned long, double>
      Reference Count: 1
      Modified Time: 2358
      Debug: Off
      Object Name: 
      Observers: 
        none
      Pointer: 0x7f16d836e010
      Container manages memory: true
      Size: 17956864
      Capacity: 17956864

     Weighting = 1
     Sampling strategy = none
     Number of bins = 32
     Radius = 4
     Sampling percentage  = 1
   Transform = SyN
     Gradient step = 0.1
     Update field sigma (voxel space) = 3
     Total field sigma (voxel space) = 0
     Update field time sigma = 0
     Total field time sigma  = 0
     Number of time indices = 0
     Number of time point samples = 0
Registration using 3 total stages.

Stage 0
  iterations = 1000x500x250x0
  convergence threshold = 1e-06
  convergence window size = 10
  number of levels = 4
  using the Mattes MI metric (number of bins = 32, weight = 1)
  preprocessing:  winsorizing the image intensities
  Shrink factors (level 1 out of 4): [12, 12, 12]
  Shrink factors (level 2 out of 4): [8, 8, 8]
  Shrink factors (level 3 out of 4): [4, 4, 4]
  Shrink factors (level 4 out of 4): [2, 2, 2]
  smoothing sigmas per level: [4, 3, 2, 1]
  regular sampling (percentage = 0.25)

*** Running Euler3DTransform registration ***

DIAGNOSTIC,Iteration,metricValue,convergenceValue,ITERATION_TIME_INDEX,SINCE_LAST
 2DIAGNOSTIC,     1, -5.626039617499e-01, 1.797693134862e+308, 2.0895e+01, 2.0895e+01, 
 2DIAGNOSTIC,     2, -5.633806666427e-01, 1.797693134862e+308, 2.0904e+01, 9.5739e-03, 
 2DIAGNOSTIC,     3, -5.642728827506e-01, 1.797693134862e+308, 2.0914e+01, 9.2468e-03, 
 2DIAGNOSTIC,     4, -5.649404079719e-01, 1.797693134862e+308, 2.0923e+01, 9.3050e-03, 
 2DIAGNOSTIC,     5, -5.654534479642e-01, 1.797693134862e+308, 2.0932e+01, 9.2151e-03, 
 2DIAGNOSTIC,     6, -5.661336514742e-01, 1.797693134862e+308, 2.0944e+01, 1.2141e-02, 
 2DIAGNOSTIC,     7, -5.665526510944e-01, 1.797693134862e+308, 2.0955e+01, 1.0596e-02, 
 2DIAGNOSTIC,     8, -5.663881697735e-01, 1.797693134862e+308, 2.0964e+01, 9.2361e-03, 
 2DIAGNOSTIC,     9, -5.667746315627e-01, 1.797693134862e+308, 2.0974e+01, 9.4399e-03, 
 2DIAGNOSTIC,    10, -5.678623521761e-01, 5.346458770876e-04, 2.0991e+01, 1.7385e-02, 
 2DIAGNOSTIC,    11, -5.680241308406e-01, 4.401263530731e-04, 2.1002e+01, 1.1270e-02, 
 2DIAGNOSTIC,    12, -5.676011521658e-01, 3.369147684695e-04, 2.1012e+01, 9.5921e-03, 
 2DIAGNOSTIC,    13, -5.676606236182e-01, 2.573598407010e-04, 2.1022e+01, 9.7232e-03, 
 2DIAGNOSTIC,    14, -5.677197578849e-01, 1.916148548178e-04, 2.1033e+01, 1.1024e-02, 
 2DIAGNOSTIC,    15, -5.677570367056e-01, 1.342726714524e-04, 2.1042e+01, 9.7229e-03, 
 2DIAGNOSTIC,    16, -5.673197489220e-01, 7.923853766498e-05, 2.1052e+01, 9.7020e-03, 
 2DIAGNOSTIC,    17, -5.671469082181e-01, 3.224439325022e-05, 2.1062e+01, 9.7392e-03, 
DIAGNOSTIC,Iteration,metricValue,convergenceValue,ITERATION_TIME_INDEX,SINCE_LAST
 2DIAGNOSTIC,     1, -4.921064916516e-01, 1.797693134862e+308, 3.6122e+01, 1.5061e+01, 
 2DIAGNOSTIC,     2, -4.921698901772e-01, 1.797693134862e+308, 3.6184e+01, 6.1281e-02, 
 2DIAGNOSTIC,     3, -4.921272849254e-01, 1.797693134862e+308, 3.6235e+01, 5.1056e-02, 
 2DIAGNOSTIC,     4, -4.921490566070e-01, 1.797693134862e+308, 3.6286e+01, 5.1046e-02, 
 2DIAGNOSTIC,     5, -4.924229167275e-01, 1.797693134862e+308, 3.6337e+01, 5.1495e-02, 
 2DIAGNOSTIC,     6, -4.928761795707e-01, 1.797693134862e+308, 3.6388e+01, 5.1095e-02, 
 2DIAGNOSTIC,     7, -4.934362944243e-01, 1.797693134862e+308, 3.6469e+01, 8.0551e-02, 
 2DIAGNOSTIC,     8, -4.934347162543e-01, 1.797693134862e+308, 3.6530e+01, 6.0718e-02, 
 2DIAGNOSTIC,     9, -4.934186384713e-01, 1.797693134862e+308, 3.6590e+01, 6.0759e-02, 
 2DIAGNOSTIC,    10, -4.937921213696e-01, 2.552310834587e-04, 3.6643e+01, 5.2187e-02, 
 2DIAGNOSTIC,    11, -4.944965587333e-01, 2.774003769690e-04, 3.6704e+01, 6.1597e-02, 
 2DIAGNOSTIC,    12, -4.948990095084e-01, 2.925996613680e-04, 3.6806e+01, 1.0197e-01, 
 2DIAGNOSTIC,    13, -4.949852427999e-01, 2.817033251953e-04, 3.6887e+01, 8.0982e-02, 
 2DIAGNOSTIC,    14, -4.949737537515e-01, 2.482362804869e-04, 3.6958e+01, 7.1285e-02, 
 2DIAGNOSTIC,    15, -4.948215410700e-01, 2.011925145002e-04, 3.7020e+01, 6.1548e-02, 
 2DIAGNOSTIC,    16, -4.947802546688e-01, 1.557019129247e-04, 3.7072e+01, 5.2184e-02, 
 2DIAGNOSTIC,    17, -4.946904203751e-01, 1.171982695744e-04, 3.7124e+01, 5.2239e-02, 
 2DIAGNOSTIC,    18, -4.947274451669e-01, 7.388218427402e-05, 3.7186e+01, 6.2047e-02, 
 2DIAGNOSTIC,    19, -4.947648018164e-01, 2.915761402090e-05, 3.7238e+01, 5.1626e-02, 
DIAGNOSTIC,Iteration,metricValue,convergenceValue,ITERATION_TIME_INDEX,SINCE_LAST
 2DIAGNOSTIC,     1, -4.202179807247e-01, 1.797693134862e+308, 4.5849e+01, 8.6114e+00, 
 2DIAGNOSTIC,     2, -4.204803462625e-01, 1.797693134862e+308, 4.6279e+01, 4.2902e-01, 
 2DIAGNOSTIC,     3, -4.206519901670e-01, 1.797693134862e+308, 4.6796e+01, 5.1745e-01, 
 2DIAGNOSTIC,     4, -4.206727770229e-01, 1.797693134862e+308, 4.7486e+01, 6.9026e-01, 
 2DIAGNOSTIC,     5, -4.206738459555e-01, 1.797693134862e+308, 4.8004e+01, 5.1778e-01, 
 2DIAGNOSTIC,     6, -4.206731287715e-01, 1.797693134862e+308, 4.8435e+01, 4.3136e-01, 
 2DIAGNOSTIC,     7, -4.206738072657e-01, 1.797693134862e+308, 4.8953e+01, 5.1785e-01, 
 2DIAGNOSTIC,     8, -4.206754335192e-01, 1.797693134862e+308, 4.9471e+01, 5.1811e-01, 
 2DIAGNOSTIC,     9, -4.206640924335e-01, 1.797693134862e+308, 4.9989e+01, 5.1783e-01, 
 2DIAGNOSTIC,    10, -4.206622409698e-01, 4.518353663527e-05, 5.0508e+01, 5.1875e-01, 
 2DIAGNOSTIC,    11, -4.206539024301e-01, 1.378129189757e-05, 5.1027e+01, 5.1872e-01, 
 2DIAGNOSTIC,    12, -4.206528551316e-01, 1.090259600101e-06, 5.1543e+01, 5.1643e-01, 
DIAGNOSTIC,Iteration,metricValue,convergenceValue,ITERATION_TIME_INDEX,SINCE_LAST
 2DIAGNOSTIC,     1, -3.654856902627e-01, 1.797693134862e+308, 5.9888e+01, 8.3445e+00, 
  Elapsed time (stage 0): 6.1673e+01


Stage 1
  iterations = 1000x500x250x0
  convergence threshold = 1.0000e-06
  convergence window size = 10
  number of levels = 4
  using the Mattes MI metric (number of bins = 32, weight = 1.0000e+00)
  preprocessing:  winsorizing the image intensities
  Shrink factors (level 1 out of 4): [12, 12, 12]
  Shrink factors (level 2 out of 4): [8, 8, 8]
  Shrink factors (level 3 out of 4): [4, 4, 4]
  Shrink factors (level 4 out of 4): [2, 2, 2]
  smoothing sigmas per level: [4, 3, 2, 1]
  regular sampling (percentage = 2.5000e-01)

*** Running AffineTransform registration ***

DIAGNOSTIC,Iteration,metricValue,convergenceValue,ITERATION_TIME_INDEX,SINCE_LAST
 2DIAGNOSTIC,     1, -5.642767631585e-01, 1.797693134862e+308, 2.0677e+01, 2.0677e+01, 
 2DIAGNOSTIC,     2, -5.648743224574e-01, 1.797693134862e+308, 2.0689e+01, 1.2389e-02, 
 2DIAGNOSTIC,     3, -5.655513263706e-01, 1.797693134862e+308, 2.0702e+01, 1.2240e-02, 
 2DIAGNOSTIC,     4, -5.670474595298e-01, 1.797693134862e+308, 2.0714e+01, 1.2261e-02, 
 2DIAGNOSTIC,     5, -5.682992809622e-01, 1.797693134862e+308, 2.0728e+01, 1.3626e-02, 
 2DIAGNOSTIC,     6, -5.689600807330e-01, 1.797693134862e+308, 2.0740e+01, 1.2209e-02, 
 2DIAGNOSTIC,     7, -5.695903211434e-01, 1.797693134862e+308, 2.0752e+01, 1.2026e-02, 
 2DIAGNOSTIC,     8, -5.702773355987e-01, 1.797693134862e+308, 2.0764e+01, 1.2248e-02, 
 2DIAGNOSTIC,     9, -5.715463740575e-01, 1.797693134862e+308, 2.0777e+01, 1.2538e-02, 
 2DIAGNOSTIC,    10, -5.727568727282e-01, 9.495165216853e-04, 2.0792e+01, 1.5794e-02, 
 2DIAGNOSTIC,    11, -5.731044328931e-01, 8.529073142327e-04, 2.0810e+01, 1.7360e-02, 
 2DIAGNOSTIC,    12, -5.729935553474e-01, 7.178052707246e-04, 2.0826e+01, 1.5872e-02, 
 2DIAGNOSTIC,    13, -5.733494070500e-01, 5.783770968873e-04, 2.0840e+01, 1.4198e-02, 
 2DIAGNOSTIC,    14, -5.751933080344e-01, 5.237486137646e-04, 2.0853e+01, 1.2833e-02, 
 2DIAGNOSTIC,    15, -5.758241839304e-01, 4.888598315455e-04, 2.0865e+01, 1.2748e-02, 
 2DIAGNOSTIC,    16, -5.757369230523e-01, 4.319639361280e-04, 2.0883e+01, 1.7397e-02, 
 2DIAGNOSTIC,    17, -5.760189880698e-01, 3.705644272981e-04, 2.0897e+01, 1.4121e-02, 
 2DIAGNOSTIC,    18, -5.762505479718e-01, 3.066278324929e-04, 2.0909e+01, 1.2502e-02, 
 2DIAGNOSTIC,    19, -5.764923661084e-01, 2.589038050851e-04, 2.0924e+01, 1.4143e-02, 
 2DIAGNOSTIC,    20, -5.766301330966e-01, 2.250557213606e-04, 2.0936e+01, 1.2643e-02, 
 2DIAGNOSTIC,    21, -5.765010765568e-01, 1.797289614571e-04, 2.0952e+01, 1.5608e-02, 
 2DIAGNOSTIC,    22, -5.763512899699e-01, 1.166315923990e-04, 2.0969e+01, 1.7354e-02, 
 2DIAGNOSTIC,    23, -5.763681380766e-01, 5.530549717027e-05, 2.0982e+01, 1.2611e-02, 
 2DIAGNOSTIC,    24, -5.767840976470e-01, 4.030945044405e-05, 2.0994e+01, 1.2530e-02, 
 2DIAGNOSTIC,    25, -5.772172507163e-01, 4.383978800894e-05, 2.1007e+01, 1.2446e-02, 
 2DIAGNOSTIC,    26, -5.774955940038e-01, 4.662093324646e-05, 2.1021e+01, 1.3980e-02, 
 2DIAGNOSTIC,    27, -5.776670941147e-01, 5.335207473404e-05, 2.1033e+01, 1.2436e-02, 
 2DIAGNOSTIC,    28, -5.776461495073e-01, 5.835330199869e-05, 2.1049e+01, 1.5619e-02, 
 2DIAGNOSTIC,    29, -5.782092641865e-01, 7.119882628511e-05, 2.1061e+01, 1.2556e-02, 
 2DIAGNOSTIC,    30, -5.782427952303e-01, 7.903244375099e-05, 2.1077e+01, 1.5565e-02, 
 2DIAGNOSTIC,    31, -5.780576729218e-01, 7.411546845695e-05, 2.1090e+01, 1.2655e-02, 
 2DIAGNOSTIC,    32, -5.781538869471e-01, 6.210504614172e-05, 2.1104e+01, 1.4454e-02, 
 2DIAGNOSTIC,    33, -5.778105182550e-01, 3.999976716793e-05, 2.1118e+01, 1.4051e-02, 
 2DIAGNOSTIC,    34, -5.780531582814e-01, 2.497343025600e-05, 2.1132e+01, 1.4036e-02, 
 2DIAGNOSTIC,    35, -5.775054501098e-01, 6.657982529273e-06, 2.1145e+01, 1.2568e-02, 
DIAGNOSTIC,Iteration,metricValue,convergenceValue,ITERATION_TIME_INDEX,SINCE_LAST
 2DIAGNOSTIC,     1, -4.958313352983e-01, 1.797693134862e+308, 3.6318e+01, 1.5173e+01, 
 2DIAGNOSTIC,     2, -4.969533005516e-01, 1.797693134862e+308, 3.6380e+01, 6.2115e-02, 
 2DIAGNOSTIC,     3, -4.981402400325e-01, 1.797693134862e+308, 3.6442e+01, 6.1634e-02, 
 2DIAGNOSTIC,     4, -4.988494428718e-01, 1.797693134862e+308, 3.6503e+01, 6.1518e-02, 
 2DIAGNOSTIC,     5, -4.995007287793e-01, 1.797693134862e+308, 3.6564e+01, 6.1201e-02, 
 2DIAGNOSTIC,     6, -5.008903073040e-01, 1.797693134862e+308, 3.6677e+01, 1.1213e-01, 
 2DIAGNOSTIC,     7, -5.008877249534e-01, 1.797693134862e+308, 3.6739e+01, 6.2303e-02, 
 2DIAGNOSTIC,     8, -5.008809321606e-01, 1.797693134862e+308, 3.6810e+01, 7.1295e-02, 
 2DIAGNOSTIC,     9, -5.009800869165e-01, 1.797693134862e+308, 3.6873e+01, 6.2965e-02, 
 2DIAGNOSTIC,    10, -5.011776629567e-01, 6.843627524036e-04, 3.6935e+01, 6.2225e-02, 
 2DIAGNOSTIC,    11, -5.013280254107e-01, 4.770447804945e-04, 3.6997e+01, 6.1941e-02, 
 2DIAGNOSTIC,    12, -5.016797197709e-01, 3.307483512798e-04, 3.7069e+01, 7.1820e-02, 
 2DIAGNOSTIC,    13, -5.022235414557e-01, 2.533076320540e-04, 3.7181e+01, 1.1194e-01, 
 2DIAGNOSTIC,    14, -5.021717583003e-01, 1.903506786677e-04, 3.7243e+01, 6.1966e-02, 
 2DIAGNOSTIC,    15, -5.021214614060e-01, 1.402641524572e-04, 3.7305e+01, 6.1939e-02, 
 2DIAGNOSTIC,    16, -5.021362083106e-01, 1.338879461427e-04, 3.7377e+01, 7.1736e-02, 
 2DIAGNOSTIC,    17, -5.022000018885e-01, 1.179746204650e-04, 3.7448e+01, 7.1418e-02, 
 2DIAGNOSTIC,    18, -5.022146677646e-01, 9.302044697894e-05, 3.7510e+01, 6.1690e-02, 
 2DIAGNOSTIC,    19, -5.022300571340e-01, 6.571378896501e-05, 3.7572e+01, 6.1762e-02, 
 2DIAGNOSTIC,    20, -5.022274808416e-01, 4.103031485570e-05, 3.7654e+01, 8.2094e-02, 
 2DIAGNOSTIC,    21, -5.022295054195e-01, 1.903648961056e-05, 3.7736e+01, 8.2331e-02, 
 2DIAGNOSTIC,    22, -5.021754951097e-01, 4.624304196635e-06, 3.7798e+01, 6.1760e-02, 
 2DIAGNOSTIC,    23, -5.022596935723e-01, 6.715490237771e-06, 3.7860e+01, 6.1841e-02, 
 2DIAGNOSTIC,    24, -5.024251549322e-01, 1.080346356541e-05, 3.7962e+01, 1.0247e-01, 
 2DIAGNOSTIC,    25, -5.023783180708e-01, 1.137855917111e-05, 3.8034e+01, 7.1738e-02, 
 2DIAGNOSTIC,    26, -5.023408927841e-01, 1.054049353990e-05, 3.8106e+01, 7.2608e-02, 
 2DIAGNOSTIC,    27, -5.022908504327e-01, 9.250116291402e-06, 3.8168e+01, 6.1863e-02, 
 2DIAGNOSTIC,    28, -5.022368126959e-01, 6.451973954782e-06, 3.8240e+01, 7.1775e-02, 
 2DIAGNOSTIC,    29, -5.022372463509e-01, 3.588721448719e-06, 3.8302e+01, 6.1681e-02, 
DIAGNOSTIC,Iteration,metricValue,convergenceValue,ITERATION_TIME_INDEX,SINCE_LAST
 2DIAGNOSTIC,     1, -4.246364421445e-01, 1.797693134862e+308, 4.7063e+01, 8.7616e+00, 
 2DIAGNOSTIC,     2, -4.252250323054e-01, 1.797693134862e+308, 4.7582e+01, 5.1865e-01, 
 2DIAGNOSTIC,     3, -4.257056379073e-01, 1.797693134862e+308, 4.8098e+01, 5.1575e-01, 
 2DIAGNOSTIC,     4, -4.259535479230e-01, 1.797693134862e+308, 4.8615e+01, 5.1755e-01, 
 2DIAGNOSTIC,     5, -4.262441622990e-01, 1.797693134862e+308, 4.9121e+01, 5.0591e-01, 
 2DIAGNOSTIC,     6, -4.269132516819e-01, 1.797693134862e+308, 4.9725e+01, 6.0422e-01, 
 2DIAGNOSTIC,     7, -4.275643591901e-01, 1.797693134862e+308, 5.0327e+01, 6.0204e-01, 
 2DIAGNOSTIC,     8, -4.279287549437e-01, 1.797693134862e+308, 5.1198e+01, 8.7072e-01, 
 2DIAGNOSTIC,     9, -4.279457344137e-01, 1.797693134862e+308, 5.1801e+01, 6.0243e-01, 
 2DIAGNOSTIC,    10, -4.279611560370e-01, 5.444754146069e-04, 5.2404e+01, 6.0327e-01, 
 2DIAGNOSTIC,    11, -4.279819143706e-01, 4.279366560783e-04, 5.3008e+01, 6.0453e-01, 
 2DIAGNOSTIC,    12, -4.280054338151e-01, 3.255666829400e-04, 5.3791e+01, 7.8299e-01, 
 2DIAGNOSTIC,    13, -4.280077557267e-01, 2.344880038009e-04, 5.4297e+01, 5.0538e-01, 
 2DIAGNOSTIC,    14, -4.280028154817e-01, 1.473680349778e-04, 5.4898e+01, 6.0100e-01, 
 2DIAGNOSTIC,    15, -4.279986979543e-01, 7.112353444863e-05, 5.5502e+01, 6.0380e-01, 
 2DIAGNOSTIC,    16, -4.280043768286e-01, 2.556531508556e-05, 5.6191e+01, 6.8978e-01, 
 2DIAGNOSTIC,    17, -4.280005270987e-01, 8.117008839535e-06, 5.6794e+01, 6.0277e-01, 
 2DIAGNOSTIC,    18, -4.279960779158e-01, 5.338729063005e-06, 5.7306e+01, 5.1225e-01, 
 2DIAGNOSTIC,    19, -4.279866626026e-01, 2.803535388771e-06, 5.7911e+01, 6.0446e-01, 
DIAGNOSTIC,Iteration,metricValue,convergenceValue,ITERATION_TIME_INDEX,SINCE_LAST
 2DIAGNOSTIC,     1, -3.705195961684e-01, 1.797693134862e+308, 6.7011e+01, 9.0998e+00, 
  Elapsed time (stage 1): 6.8805e+01


Stage 2
  iterations = 100x100x70x50x0
  convergence threshold = 1.0000e-06
  convergence window size = 10
  number of levels = 5
  using the Mattes MI metric (number of bins = 32, weight = 1.0000e+00)
  preprocessing:  winsorizing the image intensities
  Shrink factors (level 1 out of 5): [10, 10, 10]
  Shrink factors (level 2 out of 5): [6, 6, 6]
  Shrink factors (level 3 out of 5): [4, 4, 4]
  Shrink factors (level 4 out of 5): [2, 2, 2]
  Shrink factors (level 5 out of 5): [1, 1, 1]
  smoothing sigmas per level: [5, 3, 2, 1, 0]
  Using default NONE metricSamplingStrategy 

*** Running SyN registration (varianceForUpdateField = 3.0000e+00, varianceForTotalField = 0.0000e+00) ***

XXDIAGNOSTIC,Iteration,metricValue,convergenceValue,ITERATION_TIME_INDEX,SINCE_LAST
 1DIAGNOSTIC,     1, -5.226774034606e-01, 1.797693134862e+308, 3.3443e+01, 3.3443e+01, 
 1DIAGNOSTIC,     2, -5.441380699760e-01, 1.797693134862e+308, 3.3582e+01, 1.3957e-01, 
 1DIAGNOSTIC,     3, -5.568757797089e-01, 1.797693134862e+308, 3.3720e+01, 1.3743e-01, 
 1DIAGNOSTIC,     4, -5.618795590300e-01, 1.797693134862e+308, 3.3857e+01, 1.3673e-01, 
 1DIAGNOSTIC,     5, -5.621437303835e-01, 1.797693134862e+308, 3.3990e+01, 1.3375e-01, 
 1DIAGNOSTIC,     6, -5.604240182227e-01, 1.797693134862e+308, 3.4124e+01, 1.3410e-01, 
 1DIAGNOSTIC,     7, -5.582590815680e-01, 1.797693134862e+308, 3.4258e+01, 1.3384e-01, 
 1DIAGNOSTIC,     8, -5.552196265307e-01, 1.797693134862e+308, 3.4392e+01, 1.3370e-01, 
 1DIAGNOSTIC,     9, -5.505197022766e-01, 1.797693134862e+308, 3.4526e+01, 1.3407e-01, 
 1DIAGNOSTIC,    10, -5.518428949105e-01, 1.629186979632e-03, 3.4660e+01, 1.3443e-01, 
 1DIAGNOSTIC,    11, -5.490231952421e-01, -5.155455420943e-04, 3.4795e+01, 1.3493e-01, 
XXDIAGNOSTIC,Iteration,metricValue,convergenceValue,ITERATION_TIME_INDEX,SINCE_LAST
 1DIAGNOSTIC,     1, -4.348711751790e-01, 1.797693134862e+308, 5.0256e+01, 1.5461e+01, 
 1DIAGNOSTIC,     2, -4.374024292293e-01, 1.797693134862e+308, 5.0794e+01, 5.3714e-01, 
 1DIAGNOSTIC,     3, -4.388253374812e-01, 1.797693134862e+308, 5.1331e+01, 5.3783e-01, 
 1DIAGNOSTIC,     4, -4.394573712466e-01, 1.797693134862e+308, 5.1867e+01, 5.3512e-01, 
 1DIAGNOSTIC,     5, -4.395537308301e-01, 1.797693134862e+308, 5.2405e+01, 5.3808e-01, 
 1DIAGNOSTIC,     6, -4.393587468397e-01, 1.797693134862e+308, 5.2944e+01, 5.3918e-01, 
 1DIAGNOSTIC,     7, -4.387557565213e-01, 1.797693134862e+308, 5.3480e+01, 5.3642e-01, 
 1DIAGNOSTIC,     8, -4.382304898261e-01, 1.797693134862e+308, 5.4017e+01, 5.3712e-01, 
 1DIAGNOSTIC,     9, -4.374662392612e-01, 1.797693134862e+308, 5.4554e+01, 5.3663e-01, 
 1DIAGNOSTIC,    10, -4.366488137920e-01, 7.169822534379e-05, 5.5092e+01, 5.3776e-01, 
 1DIAGNOSTIC,    11, -4.356337727655e-01, -3.385101051234e-04, 5.5627e+01, 5.3571e-01, 
XXDIAGNOSTIC,Iteration,metricValue,convergenceValue,ITERATION_TIME_INDEX,SINCE_LAST
 1DIAGNOSTIC,     1, -3.701655667641e-01, 1.797693134862e+308, 6.5483e+01, 9.8551e+00, 
 1DIAGNOSTIC,     2, -3.711886414117e-01, 1.797693134862e+308, 6.7174e+01, 1.6916e+00, 
 1DIAGNOSTIC,     3, -3.719304285922e-01, 1.797693134862e+308, 6.8862e+01, 1.6883e+00, 
 1DIAGNOSTIC,     4, -3.724823490331e-01, 1.797693134862e+308, 7.0548e+01, 1.6851e+00, 
 1DIAGNOSTIC,     5, -3.727468013479e-01, 1.797693134862e+308, 7.2248e+01, 1.7005e+00, 
 1DIAGNOSTIC,     6, -3.728168805393e-01, 1.797693134862e+308, 7.3935e+01, 1.6868e+00, 
 1DIAGNOSTIC,     7, -3.726422472753e-01, 1.797693134862e+308, 7.5627e+01, 1.6916e+00, 
 1DIAGNOSTIC,     8, -3.724602535287e-01, 1.797693134862e+308, 7.7319e+01, 1.6923e+00, 
 1DIAGNOSTIC,     9, -3.723072236161e-01, 1.797693134862e+308, 7.9009e+01, 1.6904e+00, 
 1DIAGNOSTIC,    10, -3.720080447186e-01, 2.535672671023e-04, 8.0711e+01, 1.7022e+00, 
 1DIAGNOSTIC,    11, -3.715857231676e-01, 1.534841744875e-05, 8.2432e+01, 1.7201e+00, 
 1DIAGNOSTIC,    12, -3.713970887524e-01, -1.312665277732e-04, 8.4123e+01, 1.6911e+00, 
XXDIAGNOSTIC,Iteration,metricValue,convergenceValue,ITERATION_TIME_INDEX,SINCE_LAST
 1DIAGNOSTIC,     1, -3.147875143305e-01, 1.797693134862e+308, 1.0345e+02, 1.9331e+01, 
 1DIAGNOSTIC,     2, -3.158470410305e-01, 1.797693134862e+308, 1.1644e+02, 1.2990e+01, 
 1DIAGNOSTIC,     3, -3.169132149745e-01, 1.797693134862e+308, 1.2956e+02, 1.3120e+01, 
 1DIAGNOSTIC,     4, -3.178444867654e-01, 1.797693134862e+308, 1.4217e+02, 1.2612e+01, 
 1DIAGNOSTIC,     5, -3.185952200980e-01, 1.797693134862e+308, 1.5519e+02, 1.3017e+01, 
 1DIAGNOSTIC,     6, -3.192927315736e-01, 1.797693134862e+308, 1.6823e+02, 1.3038e+01, 
 1DIAGNOSTIC,     7, -3.198877971136e-01, 1.797693134862e+308, 1.8123e+02, 1.3003e+01, 
 1DIAGNOSTIC,     8, -3.204265108223e-01, 1.797693134862e+308, 1.9432e+02, 1.3092e+01, 
 1DIAGNOSTIC,     9, -3.209179680681e-01, 1.797693134862e+308, 2.0738e+02, 1.3052e+01, 
 1DIAGNOSTIC,    10, -3.213628200193e-01, 1.300391723281e-03, 2.2090e+02, 1.3525e+01, 
 1DIAGNOSTIC,    11, -3.217649234940e-01, 1.049448136886e-03, 2.3393e+02, 1.3026e+01, 
 1DIAGNOSTIC,    12, -3.221016656423e-01, 8.489836766626e-04, 2.4745e+02, 1.3520e+01, 
 1DIAGNOSTIC,    13, -3.224777518863e-01, 7.007644269661e-04, 2.6089e+02, 1.3446e+01, 
 1DIAGNOSTIC,    14, -3.227835008614e-01, 5.880676982712e-04, 2.7437e+02, 1.3480e+01, 
 1DIAGNOSTIC,    15, -3.230581624076e-01, 4.969973667604e-04, 2.8784e+02, 1.3465e+01, 
 1DIAGNOSTIC,    16, -3.232778469447e-01, 4.223769388423e-04, 3.0130e+02, 1.3461e+01, 
 1DIAGNOSTIC,    17, -3.235066918786e-01, 3.604703761226e-04, 3.1481e+02, 1.3512e+01, 
 1DIAGNOSTIC,    18, -3.236993829014e-01, 3.079158609010e-04, 3.2827e+02, 1.3460e+01, 
 1DIAGNOSTIC,    19, -3.239149597272e-01, 2.651379076528e-04, 3.4169e+02, 1.3422e+01, 
 1DIAGNOSTIC,    20, -3.240934056107e-01, 2.294556219775e-04, 3.5529e+02, 1.3594e+01, 
 1DIAGNOSTIC,    21, -3.242781126421e-01, 2.005101055515e-04, 3.6878e+02, 1.3499e+01, 
 1DIAGNOSTIC,    22, -3.244265062936e-01, 1.748557278131e-04, 3.8223e+02, 1.3449e+01, 
 1DIAGNOSTIC,    23, -3.245330876570e-01, 1.535718382256e-04, 3.9566e+02, 1.3427e+01, 
 1DIAGNOSTIC,    24, -3.246054014043e-01, 1.335709893313e-04, 4.0911e+02, 1.3447e+01, 
 1DIAGNOSTIC,    25, -3.246471052483e-01, 1.138413981227e-04, 4.2265e+02, 1.3545e+01, 
 1DIAGNOSTIC,    26, -3.246501370481e-01, 9.250507497627e-05, 4.3618e+02, 1.3525e+01, 
 1DIAGNOSTIC,    27, -3.246965841550e-01, 7.310792461152e-05, 4.4964e+02, 1.3463e+01, 
 1DIAGNOSTIC,    28, -3.247304170269e-01, 5.533543570415e-05, 4.6313e+02, 1.3487e+01, 
 1DIAGNOSTIC,    29, -3.248216094664e-01, 4.293990297229e-05, 4.7657e+02, 1.3443e+01, 
 1DIAGNOSTIC,    30, -3.248697687568e-01, 3.396470606265e-05, 4.8999e+02, 1.3422e+01, 
 1DIAGNOSTIC,    31, -3.249245910294e-01, 2.922209377649e-05, 5.0345e+02, 1.3458e+01, 
 1DIAGNOSTIC,    32, -3.249795711306e-01, 2.765954788903e-05, 5.1693e+02, 1.3482e+01, 
 1DIAGNOSTIC,    33, -3.250122900613e-01, 2.731310442598e-05, 5.3040e+02, 1.3462e+01, 
 1DIAGNOSTIC,    34, -3.250141152393e-01, 2.636684193089e-05, 5.4384e+02, 1.3450e+01, 
 1DIAGNOSTIC,    35, -3.250366672591e-01, 2.470033306484e-05, 5.5741e+02, 1.3565e+01, 
 1DIAGNOSTIC,    36, -3.250460151952e-01, 2.114816802606e-05, 5.7088e+02, 1.3466e+01, 
 1DIAGNOSTIC,    37, -3.250227766233e-01, 1.640713304503e-05, 5.8436e+02, 1.3483e+01, 
 1DIAGNOSTIC,    38, -3.249802505584e-01, 1.021851349445e-05, 5.9781e+02, 1.3453e+01, 
 1DIAGNOSTIC,    39, -3.249208649477e-01, 4.197446923034e-06, 6.1130e+02, 1.3483e+01, 
 1DIAGNOSTIC,    40, -3.249748904366e-01, 4.067170956967e-07, 6.2491e+02, 1.3612e+01, 
  Elapsed time (stage 2): 645


Total elapsed time: 775.5

--- Writing output images ---

Using double precision for computations.
Input scalar image: data/Segmentations/1008_3_seg.nii.gz
Reference image: data/template/T_template0_BrainCerebellum.nii.gz
=============================================================================
The composite transform comprises the following transforms (in order): 
  1. /tmp/1971516.1.basic.q/1008_ToTemplate_009_0GenericAffine.mat (type = AffineTransform)
  2. /tmp/1971516.1.basic.q/1008_ToTemplate_009_1Warp.nii.gz (type = DisplacementFieldTransform)
=============================================================================
Default pixel value: 0
Interpolation type: LabelImageGenericInterpolateImageFunction
Output warped image: output/1008/1008_WarpedLabels_009.nii.gz

--- Done ---

