
--- Running on compute-2-0.local ---


--- registration call ---
/data/jet/pcook/bin/antsBuild/bin/antsRegistrationSyNQuick.sh -d 3 -f data/template/T_template0_BrainCerebellum.nii.gz -m data/Brains/1018_3.nii.gz -t s -p d -n 1 -o /tmp/1971096.1.basic.q/1018_ToTemplate_014_
---


--------------------------------------------------------------------------------------
 Mapping parameters
--------------------------------------------------------------------------------------
 ANTSPATH is /data/jet/pcook/bin/antsBuild/bin/

 Dimensionality:           3
 Output name prefix:       /tmp/1971096.1.basic.q/1018_ToTemplate_014_
 Fixed images:             data/template/T_template0_BrainCerebellum.nii.gz
 Moving images:            data/Brains/1018_3.nii.gz
 Mask images:              
 Initial transforms:       
 Number of threads:        1
 Spline distance:          26
 Transform type:           s
 MI histogram bins:        32
 Precision:                d
 Use histogram matching    0
======================================================================================
 antsRegistration call:
--------------------------------------------------------------------------------------
/data/jet/pcook/bin/antsBuild/bin//antsRegistration --verbose 1 --dimensionality 3 --float 0 --collapse-output-transforms 1 --output [/tmp/1971096.1.basic.q/1018_ToTemplate_014_,/tmp/1971096.1.basic.q/1018_ToTemplate_014_Warped.nii.gz,/tmp/1971096.1.basic.q/1018_ToTemplate_014_InverseWarped.nii.gz] --interpolation Linear --use-histogram-matching 0 --winsorize-image-intensities [0.005,0.995] --initial-moving-transform [data/template/T_template0_BrainCerebellum.nii.gz,data/Brains/1018_3.nii.gz,1] --transform Rigid[0.1] --metric MI[data/template/T_template0_BrainCerebellum.nii.gz,data/Brains/1018_3.nii.gz,1,32,Regular,0.25] --convergence [1000x500x250x0,1e-6,10] --shrink-factors 12x8x4x2 --smoothing-sigmas 4x3x2x1vox --transform Affine[0.1] --metric MI[data/template/T_template0_BrainCerebellum.nii.gz,data/Brains/1018_3.nii.gz,1,32,Regular,0.25] --convergence [1000x500x250x0,1e-6,10] --shrink-factors 12x8x4x2 --smoothing-sigmas 4x3x2x1vox --transform SyN[0.1,3,0] --metric MI[data/template/T_template0_BrainCerebellum.nii.gz,data/Brains/1018_3.nii.gz,1,32] --convergence [100x100x70x50x0,1e-6,10] --shrink-factors 10x6x4x2x1 --smoothing-sigmas 5x3x2x1x0vox
--------------------------------------------------------------------------------------
All_Command_lines_OK
Using double precision for computations.
=============================================================================
The composite transform comprises the following transforms (in order): 
  1. Center of mass alignment using fixed image: data/template/T_template0_BrainCerebellum.nii.gz and moving image: data/Brains/1018_3.nii.gz (type = Euler3DTransform)
=============================================================================
  number of levels = 4
  number of levels = 4
  number of levels = 5
  fixed image: data/template/T_template0_BrainCerebellum.nii.gz
  moving image: data/Brains/1018_3.nii.gz
  fixed image: data/template/T_template0_BrainCerebellum.nii.gz
  moving image: data/Brains/1018_3.nii.gz
  fixed image: data/template/T_template0_BrainCerebellum.nii.gz
  moving image: data/Brains/1018_3.nii.gz
Dimension = 3
Number of stages = 3
Use Histogram Matching false
Winsorize image intensities true
Lower quantile = 0.005
Upper quantile = 0.995
Stage 1 State
   Image metric = Mattes
     Fixed image = Image (0x54a3cd0)
  RTTI typeinfo:   itk::Image<double, 3u>
  Reference Count: 2
  Modified Time: 1611
  Debug: Off
  Object Name: 
  Observers: 
    none
  Source: (none)
  Source output name: (none)
  Release Data: Off
  Data Released: False
  Global Release Data: Off
  PipelineMTime: 0
  UpdateMTime: 1422
  RealTimeStamp: 0 seconds 
  LargestPossibleRegion: 
    Dimension: 3
    Index: [0, 0, 0]
    Size: [216, 256, 291]
  BufferedRegion: 
    Dimension: 3
    Index: [0, 0, 0]
    Size: [216, 256, 291]
  RequestedRegion: 
    Dimension: 3
    Index: [0, 0, 0]
    Size: [216, 256, 291]
  Spacing: [1, 1, 1]
  Origin: [0, 293, 0]
  Direction: 
1 0 0
0 -0 -1
0 -1 -0

  IndexToPointMatrix: 
1 0 0
0 0 -1
0 -1 0

  PointToIndexMatrix: 
1 0 0
0 0 -1
0 -1 0

  Inverse Direction: 
1 0 0
0 0 -1
0 -1 0

  PixelContainer: 
    ImportImageContainer (0x54a77d0)
      RTTI typeinfo:   itk::ImportImageContainer<unsigned long, double>
      Reference Count: 1
      Modified Time: 1419
      Debug: Off
      Object Name: 
      Observers: 
        none
      Pointer: 0x7eff77c1c010
      Container manages memory: true
      Size: 16091136
      Capacity: 16091136

     Moving image = Image (0x54a5d30)
  RTTI typeinfo:   itk::Image<double, 3u>
  Reference Count: 2
  Modified Time: 1612
  Debug: Off
  Object Name: 
  Observers: 
    none
  Source: (none)
  Source output name: (none)
  Release Data: Off
  Data Released: False
  Global Release Data: Off
  PipelineMTime: 0
  UpdateMTime: 1609
  RealTimeStamp: 0 seconds 
  LargestPossibleRegion: 
    Dimension: 3
    Index: [0, 0, 0]
    Size: [256, 256, 291]
  BufferedRegion: 
    Dimension: 3
    Index: [0, 0, 0]
    Size: [256, 256, 291]
  RequestedRegion: 
    Dimension: 3
    Index: [0, 0, 0]
    Size: [256, 256, 291]
  Spacing: [1, 1, 1]
  Origin: [0, 290, 0]
  Direction: 
1 0 0
0 -0 -1
0 -1 -0

  IndexToPointMatrix: 
1 0 0
0 0 -1
0 -1 0

  PointToIndexMatrix: 
1 0 0
0 0 -1
0 -1 0

  Inverse Direction: 
1 0 0
0 0 -1
0 -1 0

  PixelContainer: 
    ImportImageContainer (0x5496f40)
      RTTI typeinfo:   itk::ImportImageContainer<unsigned long, double>
      Reference Count: 1
      Modified Time: 1606
      Debug: Off
      Object Name: 
      Observers: 
        none
      Pointer: 0x7eff6ea9b010
      Container manages memory: true
      Size: 19070976
      Capacity: 19070976

     Weighting = 1
     Sampling strategy = regular
     Number of bins = 32
     Radius = 4
     Sampling percentage  = 0.25
   Transform = Rigid
     Gradient step = 0.1
     Update field sigma (voxel space) = 0
     Total field sigma (voxel space) = 0
     Update field time sigma = 0
     Total field time sigma  = 0
     Number of time indices = 0
     Number of time point samples = 0
Stage 2 State
   Image metric = Mattes
     Fixed image = Image (0x54aa6e0)
  RTTI typeinfo:   itk::Image<double, 3u>
  Reference Count: 2
  Modified Time: 1987
  Debug: Off
  Object Name: 
  Observers: 
    none
  Source: (none)
  Source output name: (none)
  Release Data: Off
  Data Released: False
  Global Release Data: Off
  PipelineMTime: 0
  UpdateMTime: 1798
  RealTimeStamp: 0 seconds 
  LargestPossibleRegion: 
    Dimension: 3
    Index: [0, 0, 0]
    Size: [216, 256, 291]
  BufferedRegion: 
    Dimension: 3
    Index: [0, 0, 0]
    Size: [216, 256, 291]
  RequestedRegion: 
    Dimension: 3
    Index: [0, 0, 0]
    Size: [216, 256, 291]
  Spacing: [1, 1, 1]
  Origin: [0, 293, 0]
  Direction: 
1 0 0
0 -0 -1
0 -1 -0

  IndexToPointMatrix: 
1 0 0
0 0 -1
0 -1 0

  PointToIndexMatrix: 
1 0 0
0 0 -1
0 -1 0

  Inverse Direction: 
1 0 0
0 0 -1
0 -1 0

  PixelContainer: 
    ImportImageContainer (0x54a6950)
      RTTI typeinfo:   itk::ImportImageContainer<unsigned long, double>
      Reference Count: 1
      Modified Time: 1795
      Debug: Off
      Object Name: 
      Observers: 
        none
      Pointer: 0x7eff66fd6010
      Container manages memory: true
      Size: 16091136
      Capacity: 16091136

     Moving image = Image (0x54b7060)
  RTTI typeinfo:   itk::Image<double, 3u>
  Reference Count: 2
  Modified Time: 1988
  Debug: Off
  Object Name: 
  Observers: 
    none
  Source: (none)
  Source output name: (none)
  Release Data: Off
  Data Released: False
  Global Release Data: Off
  PipelineMTime: 0
  UpdateMTime: 1985
  RealTimeStamp: 0 seconds 
  LargestPossibleRegion: 
    Dimension: 3
    Index: [0, 0, 0]
    Size: [256, 256, 291]
  BufferedRegion: 
    Dimension: 3
    Index: [0, 0, 0]
    Size: [256, 256, 291]
  RequestedRegion: 
    Dimension: 3
    Index: [0, 0, 0]
    Size: [256, 256, 291]
  Spacing: [1, 1, 1]
  Origin: [0, 290, 0]
  Direction: 
1 0 0
0 -0 -1
0 -1 -0

  IndexToPointMatrix: 
1 0 0
0 0 -1
0 -1 0

  PointToIndexMatrix: 
1 0 0
0 0 -1
0 -1 0

  Inverse Direction: 
1 0 0
0 0 -1
0 -1 0

  PixelContainer: 
    ImportImageContainer (0x54b69e0)
      RTTI typeinfo:   itk::ImportImageContainer<unsigned long, double>
      Reference Count: 1
      Modified Time: 1982
      Debug: Off
      Object Name: 
      Observers: 
        none
      Pointer: 0x7eff5de55010
      Container manages memory: true
      Size: 19070976
      Capacity: 19070976

     Weighting = 1
     Sampling strategy = regular
     Number of bins = 32
     Radius = 4
     Sampling percentage  = 0.25
   Transform = Affine
     Gradient step = 0.1
     Update field sigma (voxel space) = 0
     Total field sigma (voxel space) = 0
     Update field time sigma = 0
     Total field time sigma  = 0
     Number of time indices = 0
     Number of time point samples = 0
Stage 3 State
   Image metric = Mattes
     Fixed image = Image (0x54bc980)
  RTTI typeinfo:   itk::Image<double, 3u>
  Reference Count: 2
  Modified Time: 2363
  Debug: Off
  Object Name: 
  Observers: 
    none
  Source: (none)
  Source output name: (none)
  Release Data: Off
  Data Released: False
  Global Release Data: Off
  PipelineMTime: 0
  UpdateMTime: 2174
  RealTimeStamp: 0 seconds 
  LargestPossibleRegion: 
    Dimension: 3
    Index: [0, 0, 0]
    Size: [216, 256, 291]
  BufferedRegion: 
    Dimension: 3
    Index: [0, 0, 0]
    Size: [216, 256, 291]
  RequestedRegion: 
    Dimension: 3
    Index: [0, 0, 0]
    Size: [216, 256, 291]
  Spacing: [1, 1, 1]
  Origin: [0, 293, 0]
  Direction: 
1 0 0
0 -0 -1
0 -1 -0

  IndexToPointMatrix: 
1 0 0
0 0 -1
0 -1 0

  PointToIndexMatrix: 
1 0 0
0 0 -1
0 -1 0

  Inverse Direction: 
1 0 0
0 0 -1
0 -1 0

  PixelContainer: 
    ImportImageContainer (0x54b5720)
      RTTI typeinfo:   itk::ImportImageContainer<unsigned long, double>
      Reference Count: 1
      Modified Time: 2171
      Debug: Off
      Object Name: 
      Observers: 
        none
      Pointer: 0x7eff56390010
      Container manages memory: true
      Size: 16091136
      Capacity: 16091136

     Moving image = Image (0x54bf0f0)
  RTTI typeinfo:   itk::Image<double, 3u>
  Reference Count: 2
  Modified Time: 2364
  Debug: Off
  Object Name: 
  Observers: 
    none
  Source: (none)
  Source output name: (none)
  Release Data: Off
  Data Released: False
  Global Release Data: Off
  PipelineMTime: 0
  UpdateMTime: 2361
  RealTimeStamp: 0 seconds 
  LargestPossibleRegion: 
    Dimension: 3
    Index: [0, 0, 0]
    Size: [256, 256, 291]
  BufferedRegion: 
    Dimension: 3
    Index: [0, 0, 0]
    Size: [256, 256, 291]
  RequestedRegion: 
    Dimension: 3
    Index: [0, 0, 0]
    Size: [256, 256, 291]
  Spacing: [1, 1, 1]
  Origin: [0, 290, 0]
  Direction: 
1 0 0
0 -0 -1
0 -1 -0

  IndexToPointMatrix: 
1 0 0
0 0 -1
0 -1 0

  PointToIndexMatrix: 
1 0 0
0 0 -1
0 -1 0

  Inverse Direction: 
1 0 0
0 0 -1
0 -1 0

  PixelContainer: 
    ImportImageContainer (0x54bcc10)
      RTTI typeinfo:   itk::ImportImageContainer<unsigned long, double>
      Reference Count: 1
      Modified Time: 2358
      Debug: Off
      Object Name: 
      Observers: 
        none
      Pointer: 0x7eff4d20f010
      Container manages memory: true
      Size: 19070976
      Capacity: 19070976

     Weighting = 1
     Sampling strategy = none
     Number of bins = 32
     Radius = 4
     Sampling percentage  = 1
   Transform = SyN
     Gradient step = 0.1
     Update field sigma (voxel space) = 3
     Total field sigma (voxel space) = 0
     Update field time sigma = 0
     Total field time sigma  = 0
     Number of time indices = 0
     Number of time point samples = 0
Registration using 3 total stages.

Stage 0
  iterations = 1000x500x250x0
  convergence threshold = 1e-06
  convergence window size = 10
  number of levels = 4
  using the Mattes MI metric (number of bins = 32, weight = 1)
  preprocessing:  winsorizing the image intensities
  Shrink factors (level 1 out of 4): [12, 12, 12]
  Shrink factors (level 2 out of 4): [8, 8, 8]
  Shrink factors (level 3 out of 4): [4, 4, 4]
  Shrink factors (level 4 out of 4): [2, 2, 2]
  smoothing sigmas per level: [4, 3, 2, 1]
  regular sampling (percentage = 0.25)

*** Running Euler3DTransform registration ***

DIAGNOSTIC,Iteration,metricValue,convergenceValue,ITERATION_TIME_INDEX,SINCE_LAST
 2DIAGNOSTIC,     1, -4.225721396531e-01, 1.797693134862e+308, 2.2138e+01, 2.2138e+01, 
 2DIAGNOSTIC,     2, -4.244051952564e-01, 1.797693134862e+308, 2.2149e+01, 1.1137e-02, 
 2DIAGNOSTIC,     3, -4.273372228740e-01, 1.797693134862e+308, 2.2160e+01, 1.0797e-02, 
 2DIAGNOSTIC,     4, -4.300764582986e-01, 1.797693134862e+308, 2.2171e+01, 1.0998e-02, 
 2DIAGNOSTIC,     5, -4.309578572358e-01, 1.797693134862e+308, 2.2183e+01, 1.2351e-02, 
 2DIAGNOSTIC,     6, -4.311218987886e-01, 1.797693134862e+308, 2.2194e+01, 1.0809e-02, 
 2DIAGNOSTIC,     7, -4.311009560582e-01, 1.797693134862e+308, 2.2205e+01, 1.0667e-02, 
 2DIAGNOSTIC,     8, -4.311479184385e-01, 1.797693134862e+308, 2.2216e+01, 1.0810e-02, 
 2DIAGNOSTIC,     9, -4.313496319346e-01, 1.797693134862e+308, 2.2227e+01, 1.0782e-02, 
 2DIAGNOSTIC,    10, -4.317360331926e-01, 1.222426189491e-03, 2.2241e+01, 1.4693e-02, 
 2DIAGNOSTIC,    11, -4.319583438730e-01, 7.474541831662e-04, 2.2280e+01, 3.9215e-02, 
 2DIAGNOSTIC,    12, -4.319583115206e-01, 3.844309529520e-04, 2.2292e+01, 1.1089e-02, 
 2DIAGNOSTIC,    13, -4.319583673609e-01, 1.892784279026e-04, 2.2303e+01, 1.1170e-02, 
 2DIAGNOSTIC,    14, -4.319584617629e-01, 1.333224112306e-04, 2.2314e+01, 1.1111e-02, 
 2DIAGNOSTIC,    15, -4.319586213034e-01, 1.111927549155e-04, 2.2325e+01, 1.1137e-02, 
 2DIAGNOSTIC,    16, -4.319588908218e-01, 8.859515731195e-05, 2.2336e+01, 1.1069e-02, 
 2DIAGNOSTIC,    17, -4.319593458250e-01, 6.015409694586e-05, 2.2347e+01, 1.1144e-02, 
 2DIAGNOSTIC,    18, -4.319601130923e-01, 3.134437988730e-05, 2.2358e+01, 1.1125e-02, 
 2DIAGNOSTIC,    19, -4.319614044396e-01, 9.599199277524e-06, 2.2370e+01, 1.1248e-02, 
 2DIAGNOSTIC,    20, -4.319635707556e-01, 1.912850782257e-06, 2.2381e+01, 1.1028e-02, 
 2DIAGNOSTIC,    21, -4.319671847957e-01, 2.030311742875e-06, 2.2392e+01, 1.1012e-02, 
 2DIAGNOSTIC,    22, -4.319731607439e-01, 2.265667390242e-06, 2.2403e+01, 1.1111e-02, 
 2DIAGNOSTIC,    23, -4.319828894422e-01, 2.681786202864e-06, 2.2414e+01, 1.1243e-02, 
 2DIAGNOSTIC,    24, -4.319982196251e-01, 3.360960390580e-06, 2.2425e+01, 1.0969e-02, 
DIAGNOSTIC,Iteration,metricValue,convergenceValue,ITERATION_TIME_INDEX,SINCE_LAST
 2DIAGNOSTIC,     1, -3.680304887824e-01, 1.797693134862e+308, 3.7582e+01, 1.5157e+01, 
 2DIAGNOSTIC,     2, -3.686606795526e-01, 1.797693134862e+308, 3.7642e+01, 6.0221e-02, 
 2DIAGNOSTIC,     3, -3.698058824565e-01, 1.797693134862e+308, 3.7702e+01, 5.9703e-02, 
 2DIAGNOSTIC,     4, -3.704989362402e-01, 1.797693134862e+308, 3.7761e+01, 5.9753e-02, 
 2DIAGNOSTIC,     5, -3.711766258750e-01, 1.797693134862e+308, 3.7833e+01, 7.1729e-02, 
 2DIAGNOSTIC,     6, -3.715507646865e-01, 1.797693134862e+308, 3.7894e+01, 6.0721e-02, 
 2DIAGNOSTIC,     7, -3.722632812431e-01, 1.797693134862e+308, 3.7955e+01, 6.0915e-02, 
 2DIAGNOSTIC,     8, -3.739838381964e-01, 1.797693134862e+308, 3.8062e+01, 1.0698e-01, 
 2DIAGNOSTIC,     9, -3.747576861199e-01, 1.797693134862e+308, 3.8122e+01, 6.0572e-02, 
 2DIAGNOSTIC,    10, -3.748580296114e-01, 1.224966801176e-03, 3.8184e+01, 6.1265e-02, 
 2DIAGNOSTIC,    11, -3.752477897677e-01, 1.074135337952e-03, 3.8268e+01, 8.4439e-02, 
 2DIAGNOSTIC,    12, -3.757203913069e-01, 9.208011438023e-04, 3.8341e+01, 7.2624e-02, 
 2DIAGNOSTIC,    13, -3.760665538505e-01, 7.931172273510e-04, 3.8401e+01, 6.0503e-02, 
 2DIAGNOSTIC,    14, -3.761139085458e-01, 6.512409855910e-04, 3.8473e+01, 7.2053e-02, 
 2DIAGNOSTIC,    15, -3.761584821760e-01, 5.074587565031e-04, 3.8546e+01, 7.2286e-02, 
 2DIAGNOSTIC,    16, -3.761539047559e-01, 3.535037404797e-04, 3.8629e+01, 8.3450e-02, 
 2DIAGNOSTIC,    17, -3.762266662515e-01, 2.184769538714e-04, 3.8690e+01, 6.0559e-02, 
 2DIAGNOSTIC,    18, -3.765278989500e-01, 1.630094144337e-04, 3.8761e+01, 7.1778e-02, 
 2DIAGNOSTIC,    19, -3.766068007103e-01, 1.326004285155e-04, 3.8822e+01, 6.0360e-02, 
 2DIAGNOSTIC,    20, -3.766122116877e-01, 9.718300582163e-05, 3.8882e+01, 6.0145e-02, 
 2DIAGNOSTIC,    21, -3.767163230878e-01, 7.401448257856e-05, 3.8942e+01, 6.0120e-02, 
 2DIAGNOSTIC,    22, -3.767863316910e-01, 6.450225930303e-05, 3.9036e+01, 9.4143e-02, 
 2DIAGNOSTIC,    23, -3.768024186911e-01, 6.164917734388e-05, 3.9130e+01, 9.4013e-02, 
 2DIAGNOSTIC,    24, -3.768066213235e-01, 5.500213670352e-05, 3.9190e+01, 5.9865e-02, 
 2DIAGNOSTIC,    25, -3.768470273356e-01, 4.662480841306e-05, 3.9262e+01, 7.1635e-02, 
 2DIAGNOSTIC,    26, -3.768582948372e-01, 3.482589570421e-05, 3.9322e+01, 6.0115e-02, 
 2DIAGNOSTIC,    27, -3.768706995512e-01, 2.288268581932e-05, 3.9382e+01, 6.0118e-02, 
 2DIAGNOSTIC,    28, -3.768879669329e-01, 1.836278452616e-05, 3.9442e+01, 6.0166e-02, 
 2DIAGNOSTIC,    29, -3.769799499416e-01, 1.704577043757e-05, 3.9536e+01, 9.4106e-02, 
 2DIAGNOSTIC,    30, -3.770118317434e-01, 1.513002524286e-05, 3.9596e+01, 6.0075e-02, 
 2DIAGNOSTIC,    31, -3.770279291044e-01, 1.490649228280e-05, 3.9656e+01, 6.0159e-02, 
 2DIAGNOSTIC,    32, -3.771242842475e-01, 1.735464708540e-05, 3.9750e+01, 9.4091e-02, 
 2DIAGNOSTIC,    33, -3.771211379781e-01, 1.834977780852e-05, 3.9811e+01, 6.0214e-02, 
 2DIAGNOSTIC,    34, -3.771361042875e-01, 1.804009804490e-05, 3.9894e+01, 8.2925e-02, 
 2DIAGNOSTIC,    35, -3.771511563380e-01, 1.732976159900e-05, 3.9954e+01, 6.0131e-02, 
 2DIAGNOSTIC,    36, -3.770894442463e-01, 1.404319885890e-05, 4.0014e+01, 6.0272e-02, 
 2DIAGNOSTIC,    37, -3.771839098853e-01, 1.190439798558e-05, 4.0074e+01, 6.0170e-02, 
 2DIAGNOSTIC,    38, -3.772242664198e-01, 9.864852105735e-06, 4.0157e+01, 8.3094e-02, 
 2DIAGNOSTIC,    39, -3.774234159277e-01, 1.271296820030e-05, 4.0229e+01, 7.1680e-02, 
 2DIAGNOSTIC,    40, -3.773219236315e-01, 1.290796708108e-05, 4.0301e+01, 7.1747e-02, 
 2DIAGNOSTIC,    41, -3.772968351192e-01, 1.184645217196e-05, 4.0373e+01, 7.2313e-02, 
 2DIAGNOSTIC,    42, -3.773882846540e-01, 1.319463244336e-05, 4.0445e+01, 7.2341e-02, 
 2DIAGNOSTIC,    43, -3.773894044951e-01, 1.312240285952e-05, 4.0506e+01, 6.0464e-02, 
 2DIAGNOSTIC,    44, -3.773942898270e-01, 1.217548424726e-05, 4.0566e+01, 6.0361e-02, 
 2DIAGNOSTIC,    45, -3.773282622030e-01, 9.419671756092e-06, 4.0639e+01, 7.2351e-02, 
 2DIAGNOSTIC,    46, -3.773880616478e-01, 5.976111382283e-06, 4.0711e+01, 7.2507e-02, 
 2DIAGNOSTIC,    47, -3.778343721320e-01, 1.080802091917e-05, 4.0817e+01, 1.0609e-01, 
 2DIAGNOSTIC,    48, -3.779064630194e-01, 1.591084360456e-05, 4.0878e+01, 6.0987e-02, 
 2DIAGNOSTIC,    49, -3.778725828675e-01, 2.202636994671e-05, 4.0939e+01, 6.0448e-02, 
 2DIAGNOSTIC,    50, -3.778406994381e-01, 2.400910387403e-05, 4.1011e+01, 7.2007e-02, 
 2DIAGNOSTIC,    51, -3.778452835290e-01, 2.332003004015e-05, 4.1094e+01, 8.3699e-02, 
 2DIAGNOSTIC,    52, -3.778096985217e-01, 2.114559381801e-05, 4.1166e+01, 7.2233e-02, 
 2DIAGNOSTIC,    53, -3.777805307900e-01, 1.665245182706e-05, 4.1238e+01, 7.1836e-02, 
 2DIAGNOSTIC,    54, -3.777876837562e-01, 1.110545353874e-05, 4.1310e+01, 7.1787e-02, 
 2DIAGNOSTIC,    55, -3.777890836489e-01, 3.923231246324e-06, 4.1371e+01, 6.0845e-02, 
DIAGNOSTIC,Iteration,metricValue,convergenceValue,ITERATION_TIME_INDEX,SINCE_LAST
 2DIAGNOSTIC,     1, -3.170563153945e-01, 1.797693134862e+308, 5.0323e+01, 8.9517e+00, 
 2DIAGNOSTIC,     2, -3.173913759427e-01, 1.797693134862e+308, 5.0806e+01, 4.8366e-01, 
 2DIAGNOSTIC,     3, -3.177075005772e-01, 1.797693134862e+308, 5.1294e+01, 4.8814e-01, 
 2DIAGNOSTIC,     4, -3.178419172733e-01, 1.797693134862e+308, 5.1783e+01, 4.8888e-01, 
 2DIAGNOSTIC,     5, -3.179029384258e-01, 1.797693134862e+308, 5.2273e+01, 4.8972e-01, 
 2DIAGNOSTIC,     6, -3.181774552068e-01, 1.797693134862e+308, 5.2762e+01, 4.8905e-01, 
 2DIAGNOSTIC,     7, -3.186847637739e-01, 1.797693134862e+308, 5.3441e+01, 6.7916e-01, 
 2DIAGNOSTIC,     8, -3.186526780336e-01, 1.797693134862e+308, 5.3931e+01, 4.8925e-01, 
 2DIAGNOSTIC,     9, -3.187577468158e-01, 1.797693134862e+308, 5.4515e+01, 5.8493e-01, 
 2DIAGNOSTIC,    10, -3.192682514362e-01, 4.058978474549e-04, 5.5291e+01, 7.7576e-01, 
 2DIAGNOSTIC,    11, -3.193869616383e-01, 3.630136875409e-04, 5.5781e+01, 4.8955e-01, 
 2DIAGNOSTIC,    12, -3.195100303681e-01, 3.282407758872e-04, 5.6270e+01, 4.8918e-01, 
 2DIAGNOSTIC,    13, -3.196403248166e-01, 3.004843011921e-04, 5.6946e+01, 6.7567e-01, 
 2DIAGNOSTIC,    14, -3.197506932329e-01, 2.656167701248e-04, 5.7431e+01, 4.8547e-01, 
 2DIAGNOSTIC,    15, -3.198957685047e-01, 2.229551201340e-04, 5.7920e+01, 4.8866e-01, 
 2DIAGNOSTIC,    16, -3.202310339335e-01, 1.983514606847e-04, 5.8791e+01, 8.7161e-01, 
 2DIAGNOSTIC,    17, -3.203528161896e-01, 1.916425803315e-04, 5.9566e+01, 7.7476e-01, 
 2DIAGNOSTIC,    18, -3.203633010071e-01, 1.673304758175e-04, 6.0155e+01, 5.8852e-01, 
 2DIAGNOSTIC,    19, -3.203559198246e-01, 1.344812924013e-04, 6.0738e+01, 5.8374e-01, 
 2DIAGNOSTIC,    20, -3.203581423030e-01, 1.153572651396e-04, 6.1226e+01, 4.8795e-01, 
 2DIAGNOSTIC,    21, -3.203576409596e-01, 9.219086824921e-05, 6.1715e+01, 4.8904e-01, 
 2DIAGNOSTIC,    22, -3.203738330543e-01, 6.816968078049e-05, 6.2209e+01, 4.9369e-01, 
 2DIAGNOSTIC,    23, -3.204036756418e-01, 4.631841012771e-05, 6.2698e+01, 4.8885e-01, 
 2DIAGNOSTIC,    24, -3.204255153333e-01, 2.703418430686e-05, 6.3276e+01, 5.7808e-01, 
 2DIAGNOSTIC,    25, -3.204480348384e-01, 1.256679683718e-05, 6.3764e+01, 4.8775e-01, 
 2DIAGNOSTIC,    26, -3.205310424447e-01, 1.235238826684e-05, 6.4346e+01, 5.8261e-01, 
 2DIAGNOSTIC,    27, -3.205544096669e-01, 1.580758215197e-05, 6.5410e+01, 1.0640e+00, 
 2DIAGNOSTIC,    28, -3.205518594736e-01, 1.789690132671e-05, 6.5994e+01, 5.8376e-01, 
 2DIAGNOSTIC,    29, -3.205463856086e-01, 1.790595672126e-05, 6.6481e+01, 4.8708e-01, 
 2DIAGNOSTIC,    30, -3.205456831622e-01, 1.638331190454e-05, 6.6969e+01, 4.8766e-01, 
 2DIAGNOSTIC,    31, -3.205464345942e-01, 1.347596800826e-05, 6.7458e+01, 4.8956e-01, 
 2DIAGNOSTIC,    32, -3.205471503407e-01, 1.001249119206e-05, 6.8043e+01, 5.8422e-01, 
 2DIAGNOSTIC,    33, -3.205376754208e-01, 6.478958071564e-06, 6.8631e+01, 5.8846e-01, 
 2DIAGNOSTIC,    34, -3.205548416932e-01, 3.680199046865e-06, 6.9216e+01, 5.8530e-01, 
DIAGNOSTIC,Iteration,metricValue,convergenceValue,ITERATION_TIME_INDEX,SINCE_LAST
 2DIAGNOSTIC,     1, -2.794750234656e-01, 1.797693134862e+308, 7.8106e+01, 8.8895e+00, 
  Elapsed time (stage 0): 8.0129e+01


Stage 1
  iterations = 1000x500x250x0
  convergence threshold = 1.0000e-06
  convergence window size = 10
  number of levels = 4
  using the Mattes MI metric (number of bins = 32, weight = 1.0000e+00)
  preprocessing:  winsorizing the image intensities
  Shrink factors (level 1 out of 4): [12, 12, 12]
  Shrink factors (level 2 out of 4): [8, 8, 8]
  Shrink factors (level 3 out of 4): [4, 4, 4]
  Shrink factors (level 4 out of 4): [2, 2, 2]
  smoothing sigmas per level: [4, 3, 2, 1]
  regular sampling (percentage = 2.5000e-01)

*** Running AffineTransform registration ***

DIAGNOSTIC,Iteration,metricValue,convergenceValue,ITERATION_TIME_INDEX,SINCE_LAST
 2DIAGNOSTIC,     1, -4.267923203872e-01, 1.797693134862e+308, 2.1315e+01, 2.1315e+01, 
 2DIAGNOSTIC,     2, -4.279114100563e-01, 1.797693134862e+308, 2.1330e+01, 1.4723e-02, 
 2DIAGNOSTIC,     3, -4.298485017680e-01, 1.797693134862e+308, 2.1344e+01, 1.4430e-02, 
 2DIAGNOSTIC,     4, -4.330963759025e-01, 1.797693134862e+308, 2.1358e+01, 1.4438e-02, 
 2DIAGNOSTIC,     5, -4.378193761754e-01, 1.797693134862e+308, 2.1373e+01, 1.4483e-02, 
 2DIAGNOSTIC,     6, -4.432414965621e-01, 1.797693134862e+308, 2.1388e+01, 1.4607e-02, 
 2DIAGNOSTIC,     7, -4.527596836673e-01, 1.797693134862e+308, 2.1403e+01, 1.5551e-02, 
 2DIAGNOSTIC,     8, -4.820374795798e-01, 1.797693134862e+308, 2.1422e+01, 1.8487e-02, 
 2DIAGNOSTIC,     9, -4.968577642973e-01, 1.797693134862e+308, 2.1439e+01, 1.7096e-02, 
 2DIAGNOSTIC,    10, -5.010868969378e-01, 1.137081709873e-02, 2.1456e+01, 1.6847e-02, 
 2DIAGNOSTIC,    11, -5.033300111153e-01, 1.155450148703e-02, 2.1472e+01, 1.6939e-02, 
 2DIAGNOSTIC,    12, -5.084701053945e-01, 1.098847917548e-02, 2.1493e+01, 2.0737e-02, 
 2DIAGNOSTIC,    13, -5.104483032640e-01, 9.686569791971e-03, 2.1510e+01, 1.6657e-02, 
 2DIAGNOSTIC,    14, -5.124720326684e-01, 7.928589558270e-03, 2.1525e+01, 1.5100e-02, 
 2DIAGNOSTIC,    15, -5.133103469888e-01, 5.942665879937e-03, 2.1542e+01, 1.6814e-02, 
 2DIAGNOSTIC,    16, -5.135928135418e-01, 3.907399405751e-03, 2.1563e+01, 2.1743e-02, 
 2DIAGNOSTIC,    17, -5.136604692690e-01, 2.085153795539e-03, 2.1578e+01, 1.4783e-02, 
 2DIAGNOSTIC,    18, -5.140121880324e-01, 1.252653942849e-03, 2.1595e+01, 1.6409e-02, 
 2DIAGNOSTIC,    19, -5.142191695103e-01, 8.640495473883e-04, 2.1609e+01, 1.4805e-02, 
 2DIAGNOSTIC,    20, -5.143199893655e-01, 5.647382917018e-04, 2.1626e+01, 1.6619e-02, 
 2DIAGNOSTIC,    21, -5.144575393468e-01, 3.073886021032e-04, 2.1646e+01, 1.9830e-02, 
 2DIAGNOSTIC,    22, -5.145320291682e-01, 1.845840314210e-04, 2.1663e+01, 1.6604e-02, 
 2DIAGNOSTIC,    23, -5.147047717604e-01, 1.093559660942e-04, 2.1678e+01, 1.4991e-02, 
 2DIAGNOSTIC,    24, -5.153589479217e-01, 9.501039693142e-05, 2.1694e+01, 1.6751e-02, 
 2DIAGNOSTIC,    25, -5.154292632418e-01, 9.376558222324e-05, 2.1709e+01, 1.4928e-02, 
 2DIAGNOSTIC,    26, -5.154644143235e-01, 9.128634650412e-05, 2.1724e+01, 1.4712e-02, 
 2DIAGNOSTIC,    27, -5.154965555169e-01, 8.272432652282e-05, 2.1740e+01, 1.6282e-02, 
 2DIAGNOSTIC,    28, -5.155180502989e-01, 7.467935243065e-05, 2.1755e+01, 1.4745e-02, 
 2DIAGNOSTIC,    29, -5.155481063182e-01, 6.477056259813e-05, 2.1775e+01, 1.9651e-02, 
 2DIAGNOSTIC,    30, -5.155537374267e-01, 5.151112427557e-05, 2.1789e+01, 1.4613e-02, 
 2DIAGNOSTIC,    31, -5.155618006858e-01, 3.727098965210e-05, 2.1804e+01, 1.4868e-02, 
 2DIAGNOSTIC,    32, -5.155828215534e-01, 2.231268578355e-05, 2.1820e+01, 1.6319e-02, 
 2DIAGNOSTIC,    33, -5.156267636937e-01, 9.730309112575e-06, 2.1838e+01, 1.7955e-02, 
 2DIAGNOSTIC,    34, -5.156408354363e-01, 8.309057693452e-06, 2.1853e+01, 1.4659e-02, 
 2DIAGNOSTIC,    35, -5.156474064710e-01, 7.532517510393e-06, 2.1868e+01, 1.4568e-02, 
 2DIAGNOSTIC,    36, -5.156562357590e-01, 6.877900363425e-06, 2.1887e+01, 1.9547e-02, 
 2DIAGNOSTIC,    37, -5.156586462142e-01, 6.216421956799e-06, 2.1902e+01, 1.4601e-02, 
 2DIAGNOSTIC,    38, -5.156606318006e-01, 5.415970542544e-06, 2.1916e+01, 1.4576e-02, 
 2DIAGNOSTIC,    39, -5.156668878633e-01, 4.755132790465e-06, 2.1931e+01, 1.4654e-02, 
 2DIAGNOSTIC,    40, -5.157047589209e-01, 4.381268639449e-06, 2.1954e+01, 2.3120e-02, 
 2DIAGNOSTIC,    41, -5.157088010152e-01, 3.840990518790e-06, 2.1972e+01, 1.8129e-02, 
 2DIAGNOSTIC,    42, -5.157088752161e-01, 3.314451697024e-06, 2.1989e+01, 1.6502e-02, 
 2DIAGNOSTIC,    43, -5.157089156086e-01, 3.158146324667e-06, 2.2005e+01, 1.6293e-02, 
 2DIAGNOSTIC,    44, -5.157089505932e-01, 2.959416640084e-06, 2.2020e+01, 1.4586e-02, 
 2DIAGNOSTIC,    45, -5.157090226993e-01, 2.630957660371e-06, 2.2034e+01, 1.4578e-02, 
 2DIAGNOSTIC,    46, -5.157093094695e-01, 2.245695018978e-06, 2.2049e+01, 1.4639e-02, 
 2DIAGNOSTIC,    47, -5.157103019498e-01, 1.778949137630e-06, 2.2064e+01, 1.4880e-02, 
 2DIAGNOSTIC,    48, -5.157123854508e-01, 1.280313206037e-06, 2.2078e+01, 1.4642e-02, 
DIAGNOSTIC,Iteration,metricValue,convergenceValue,ITERATION_TIME_INDEX,SINCE_LAST
 2DIAGNOSTIC,     1, -4.407832031671e-01, 1.797693134862e+308, 3.7657e+01, 1.5579e+01, 
 2DIAGNOSTIC,     2, -4.415077644869e-01, 1.797693134862e+308, 3.7731e+01, 7.4117e-02, 
 2DIAGNOSTIC,     3, -4.423056425152e-01, 1.797693134862e+308, 3.7805e+01, 7.3566e-02, 
 2DIAGNOSTIC,     4, -4.431877853153e-01, 1.797693134862e+308, 3.7877e+01, 7.2640e-02, 
 2DIAGNOSTIC,     5, -4.443203938719e-01, 1.797693134862e+308, 3.7951e+01, 7.3606e-02, 
 2DIAGNOSTIC,     6, -4.463893313210e-01, 1.797693134862e+308, 3.8035e+01, 8.4383e-02, 
 2DIAGNOSTIC,     7, -4.467957376272e-01, 1.797693134862e+308, 3.8121e+01, 8.5247e-02, 
 2DIAGNOSTIC,     8, -4.471456150665e-01, 1.797693134862e+308, 3.8205e+01, 8.4334e-02, 
 2DIAGNOSTIC,     9, -4.474391883566e-01, 1.797693134862e+308, 3.8290e+01, 8.4979e-02, 
 2DIAGNOSTIC,    10, -4.476668691545e-01, 1.120832032659e-03, 3.8363e+01, 7.3067e-02, 
 2DIAGNOSTIC,    11, -4.477017426710e-01, 8.882063855143e-04, 3.8436e+01, 7.2659e-02, 
 2DIAGNOSTIC,    12, -4.477716690490e-01, 6.573089590799e-04, 3.8508e+01, 7.2222e-02, 
 2DIAGNOSTIC,    13, -4.478258785060e-01, 4.456235640359e-04, 3.8626e+01, 1.1835e-01, 
 2DIAGNOSTIC,    14, -4.478416611896e-01, 2.646253466095e-04, 3.8699e+01, 7.2549e-02, 
 2DIAGNOSTIC,    15, -4.478478706164e-01, 1.301054020611e-04, 3.8771e+01, 7.2021e-02, 
 2DIAGNOSTIC,    16, -4.478575995585e-01, 8.341120519252e-05, 3.8843e+01, 7.2548e-02, 
 2DIAGNOSTIC,    17, -4.478734895297e-01, 5.041004737235e-05, 3.8951e+01, 1.0724e-01, 
 2DIAGNOSTIC,    18, -4.478765816877e-01, 2.886760062572e-05, 3.9024e+01, 7.3207e-02, 
 2DIAGNOSTIC,    19, -4.478822746744e-01, 1.694909946363e-05, 3.9097e+01, 7.3251e-02, 
 2DIAGNOSTIC,    20, -4.479266942289e-01, 1.349297887022e-05, 3.9183e+01, 8.5419e-02, 
 2DIAGNOSTIC,    21, -4.479521150999e-01, 1.101151913969e-05, 3.9278e+01, 9.5802e-02, 
 2DIAGNOSTIC,    22, -4.479542104672e-01, 9.905819621459e-06, 3.9351e+01, 7.2667e-02, 
 2DIAGNOSTIC,    23, -4.479572369787e-01, 9.706675652088e-06, 3.9424e+01, 7.2713e-02, 
 2DIAGNOSTIC,    24, -4.479614445662e-01, 9.281863142252e-06, 3.9508e+01, 8.4321e-02, 
 2DIAGNOSTIC,    25, -4.479631592407e-01, 8.321921875505e-06, 3.9603e+01, 9.5148e-02, 
 2DIAGNOSTIC,    26, -4.479652278990e-01, 7.040652030874e-06, 3.9688e+01, 8.4651e-02, 
 2DIAGNOSTIC,    27, -4.479662125487e-01, 5.718579044640e-06, 3.9773e+01, 8.4639e-02, 
 2DIAGNOSTIC,    28, -4.479687390543e-01, 4.207671091855e-06, 3.9857e+01, 8.4628e-02, 
 2DIAGNOSTIC,    29, -4.479717080785e-01, 2.678442383455e-06, 4.0138e+01, 2.8093e-01, 
 2DIAGNOSTIC,    30, -4.479717080783e-01, 2.028087356984e-06, 4.0384e+01, 2.4626e-01, 
 2DIAGNOSTIC,    31, -4.479717080783e-01, 1.851539379552e-06, 4.0469e+01, 8.4279e-02, 
 2DIAGNOSTIC,    32, -4.479717080783e-01, 1.649845744925e-06, 4.0564e+01, 9.5252e-02, 
 2DIAGNOSTIC,    33, -4.479717080783e-01, 1.454361198264e-06, 4.0648e+01, 8.4347e-02, 
 2DIAGNOSTIC,    34, -4.479717080783e-01, 1.301472482344e-06, 4.0767e+01, 1.1885e-01, 
 2DIAGNOSTIC,    35, -4.479717080783e-01, 1.153602817137e-06, 4.0851e+01, 8.4405e-02, 
 2DIAGNOSTIC,    36, -4.479717080783e-01, 1.028304197140e-06, 4.0936e+01, 8.4419e-02, 
DIAGNOSTIC,Iteration,metricValue,convergenceValue,ITERATION_TIME_INDEX,SINCE_LAST
 2DIAGNOSTIC,     1, -3.847226730653e-01, 1.797693134862e+308, 5.0243e+01, 9.3069e+00, 
 2DIAGNOSTIC,     2, -3.851256701354e-01, 1.797693134862e+308, 5.0823e+01, 5.8023e-01, 
 2DIAGNOSTIC,     3, -3.854853973715e-01, 1.797693134862e+308, 5.1405e+01, 5.8224e-01, 
 2DIAGNOSTIC,     4, -3.857641951639e-01, 1.797693134862e+308, 5.1985e+01, 5.8019e-01, 
 2DIAGNOSTIC,     5, -3.860231195778e-01, 1.797693134862e+308, 5.2568e+01, 5.8222e-01, 
 2DIAGNOSTIC,     6, -3.864476723387e-01, 1.797693134862e+308, 5.3247e+01, 6.7977e-01, 
 2DIAGNOSTIC,     7, -3.865414803500e-01, 1.797693134862e+308, 5.4124e+01, 8.7702e-01, 
 2DIAGNOSTIC,     8, -3.865765728076e-01, 1.797693134862e+308, 5.4705e+01, 5.8098e-01, 
 2DIAGNOSTIC,     9, -3.867091716902e-01, 1.797693134862e+308, 5.5385e+01, 6.7912e-01, 
 2DIAGNOSTIC,    10, -3.867985988310e-01, 3.461618626208e-04, 5.5966e+01, 5.8141e-01, 
 2DIAGNOSTIC,    11, -3.868051342144e-01, 2.547835839176e-04, 5.6646e+01, 6.8015e-01, 
 2DIAGNOSTIC,    12, -3.868125486661e-01, 1.810676026792e-04, 5.7721e+01, 1.0744e+00, 
 2DIAGNOSTIC,    13, -3.868138335159e-01, 1.231492253070e-04, 5.8300e+01, 5.7957e-01, 
 2DIAGNOSTIC,    14, -3.868208939398e-01, 7.740517652260e-05, 5.8881e+01, 5.8133e-01, 
 2DIAGNOSTIC,    15, -3.868280773614e-01, 4.334662169028e-05, 5.9460e+01, 5.7905e-01, 
 2DIAGNOSTIC,    16, -3.868317843436e-01, 2.943150553571e-05, 6.0039e+01, 5.7895e-01, 
 2DIAGNOSTIC,    17, -3.868329387462e-01, 1.882492203200e-05, 6.0622e+01, 5.8240e-01, 
 2DIAGNOSTIC,    18, -3.868342297586e-01, 9.214343941105e-06, 6.1207e+01, 5.8526e-01, 
 2DIAGNOSTIC,    19, -3.868373127614e-01, 5.083270828377e-06, 6.1885e+01, 6.7744e-01, 
 2DIAGNOSTIC,    20, -3.868416563545e-01, 4.486768788614e-06, 6.2761e+01, 8.7686e-01, 
 2DIAGNOSTIC,    21, -3.868418481519e-01, 3.904623157351e-06, 6.3344e+01, 5.8272e-01, 
 2DIAGNOSTIC,    22, -3.868424512920e-01, 3.427976888140e-06, 6.4122e+01, 7.7818e-01, 
 2DIAGNOSTIC,    23, -3.868433642853e-01, 2.876589795253e-06, 6.4701e+01, 5.7902e-01, 
 2DIAGNOSTIC,    24, -3.868441544598e-01, 2.464766081657e-06, 6.5379e+01, 6.7746e-01, 
 2DIAGNOSTIC,    25, -3.868442911544e-01, 2.189686636747e-06, 6.6056e+01, 6.7759e-01, 
 2DIAGNOSTIC,    26, -3.868443698826e-01, 1.957569638091e-06, 6.6734e+01, 6.7731e-01, 
 2DIAGNOSTIC,    27, -3.868444250024e-01, 1.708427429366e-06, 6.9085e+01, 2.3515e+00, 
 2DIAGNOSTIC,    28, -3.868444250021e-01, 1.459705813958e-06, 7.1142e+01, 2.0573e+00, 
 2DIAGNOSTIC,    29, -3.868444250021e-01, 1.272594820127e-06, 7.1822e+01, 6.7968e-01, 
 2DIAGNOSTIC,    30, -3.868444250021e-01, 1.188176449021e-06, 7.2598e+01, 7.7577e-01, 
 2DIAGNOSTIC,    31, -3.868444250021e-01, 1.101836384299e-06, 7.3281e+01, 6.8294e-01, 
 2DIAGNOSTIC,    32, -3.868444250021e-01, 1.027288102071e-06, 7.3962e+01, 6.8122e-01, 
DIAGNOSTIC,Iteration,metricValue,convergenceValue,ITERATION_TIME_INDEX,SINCE_LAST
 2DIAGNOSTIC,     1, -3.303978317801e-01, 1.797693134862e+308, 8.3698e+01, 9.7361e+00, 
  Elapsed time (stage 1): 8.5543e+01


Stage 2
  iterations = 100x100x70x50x0
  convergence threshold = 1.0000e-06
  convergence window size = 10
  number of levels = 5
  using the Mattes MI metric (number of bins = 32, weight = 1.0000e+00)
  preprocessing:  winsorizing the image intensities
  Shrink factors (level 1 out of 5): [10, 10, 10]
  Shrink factors (level 2 out of 5): [6, 6, 6]
  Shrink factors (level 3 out of 5): [4, 4, 4]
  Shrink factors (level 4 out of 5): [2, 2, 2]
  Shrink factors (level 5 out of 5): [1, 1, 1]
  smoothing sigmas per level: [5, 3, 2, 1, 0]
  Using default NONE metricSamplingStrategy 

*** Running SyN registration (varianceForUpdateField = 3.0000e+00, varianceForTotalField = 0.0000e+00) ***

XXDIAGNOSTIC,Iteration,metricValue,convergenceValue,ITERATION_TIME_INDEX,SINCE_LAST
 1DIAGNOSTIC,     1, -5.473242024709e-01, 1.797693134862e+308, 3.4512e+01, 3.4512e+01, 
 1DIAGNOSTIC,     2, -5.650689610109e-01, 1.797693134862e+308, 3.4651e+01, 1.3897e-01, 
 1DIAGNOSTIC,     3, -5.741231083696e-01, 1.797693134862e+308, 3.4793e+01, 1.4223e-01, 
 1DIAGNOSTIC,     4, -5.770595192137e-01, 1.797693134862e+308, 3.4929e+01, 1.3610e-01, 
 1DIAGNOSTIC,     5, -5.758369453022e-01, 1.797693134862e+308, 3.5066e+01, 1.3655e-01, 
 1DIAGNOSTIC,     6, -5.745560510610e-01, 1.797693134862e+308, 3.5202e+01, 1.3618e-01, 
 1DIAGNOSTIC,     7, -5.718447649707e-01, 1.797693134862e+308, 3.5338e+01, 1.3572e-01, 
 1DIAGNOSTIC,     8, -5.714236871756e-01, 1.797693134862e+308, 3.5474e+01, 1.3609e-01, 
 1DIAGNOSTIC,     9, -5.693464910513e-01, 1.797693134862e+308, 3.5610e+01, 1.3595e-01, 
 1DIAGNOSTIC,    10, -5.663181603290e-01, 9.112812994700e-04, 3.5746e+01, 1.3667e-01, 
 1DIAGNOSTIC,    11, -5.672924525833e-01, -5.654498010100e-04, 3.5883e+01, 1.3703e-01, 
XXDIAGNOSTIC,Iteration,metricValue,convergenceValue,ITERATION_TIME_INDEX,SINCE_LAST
 1DIAGNOSTIC,     1, -4.501346044251e-01, 1.797693134862e+308, 5.1873e+01, 1.5989e+01, 
 1DIAGNOSTIC,     2, -4.536466158388e-01, 1.797693134862e+308, 5.2415e+01, 5.4235e-01, 
 1DIAGNOSTIC,     3, -4.552129610529e-01, 1.797693134862e+308, 5.2957e+01, 5.4232e-01, 
 1DIAGNOSTIC,     4, -4.553580892734e-01, 1.797693134862e+308, 5.3500e+01, 5.4239e-01, 
 1DIAGNOSTIC,     5, -4.557944305356e-01, 1.797693134862e+308, 5.4046e+01, 5.4593e-01, 
 1DIAGNOSTIC,     6, -4.550638430906e-01, 1.797693134862e+308, 5.4589e+01, 5.4291e-01, 
 1DIAGNOSTIC,     7, -4.539991778462e-01, 1.797693134862e+308, 5.5132e+01, 5.4295e-01, 
 1DIAGNOSTIC,     8, -4.528492521601e-01, 1.797693134862e+308, 5.5676e+01, 5.4436e-01, 
 1DIAGNOSTIC,     9, -4.517542809443e-01, 1.797693134862e+308, 5.6223e+01, 5.4677e-01, 
 1DIAGNOSTIC,    10, -4.505628341162e-01, -2.249468285755e-04, 5.6767e+01, 5.4385e-01, 
XXDIAGNOSTIC,Iteration,metricValue,convergenceValue,ITERATION_TIME_INDEX,SINCE_LAST
 1DIAGNOSTIC,     1, -3.838935277552e-01, 1.797693134862e+308, 6.6882e+01, 1.0115e+01, 
 1DIAGNOSTIC,     2, -3.848159924127e-01, 1.797693134862e+308, 6.8591e+01, 1.7093e+00, 
 1DIAGNOSTIC,     3, -3.855318766129e-01, 1.797693134862e+308, 7.0299e+01, 1.7076e+00, 
 1DIAGNOSTIC,     4, -3.860237575253e-01, 1.797693134862e+308, 7.2065e+01, 1.7662e+00, 
 1DIAGNOSTIC,     5, -3.862769212502e-01, 1.797693134862e+308, 7.3772e+01, 1.7069e+00, 
 1DIAGNOSTIC,     6, -3.862135787402e-01, 1.797693134862e+308, 7.5588e+01, 1.8164e+00, 
 1DIAGNOSTIC,     7, -3.861008194500e-01, 1.797693134862e+308, 7.7357e+01, 1.7683e+00, 
 1DIAGNOSTIC,     8, -3.858013141947e-01, 1.797693134862e+308, 7.9127e+01, 1.7708e+00, 
 1DIAGNOSTIC,     9, -3.854302062714e-01, 1.797693134862e+308, 8.0835e+01, 1.7079e+00, 
 1DIAGNOSTIC,    10, -3.851408178533e-01, 1.505186819483e-04, 8.2600e+01, 1.7647e+00, 
 1DIAGNOSTIC,    11, -3.847350688362e-01, -6.949609686133e-05, 8.4308e+01, 1.7085e+00, 
XXDIAGNOSTIC,Iteration,metricValue,convergenceValue,ITERATION_TIME_INDEX,SINCE_LAST
 1DIAGNOSTIC,     1, -3.266022999862e-01, 1.797693134862e+308, 1.0358e+02, 1.9268e+01, 
 1DIAGNOSTIC,     2, -3.276914205139e-01, 1.797693134862e+308, 1.1627e+02, 1.2694e+01, 
 1DIAGNOSTIC,     3, -3.287913939117e-01, 1.797693134862e+308, 1.2901e+02, 1.2739e+01, 
 1DIAGNOSTIC,     4, -3.298165525729e-01, 1.797693134862e+308, 1.4176e+02, 1.2754e+01, 
 1DIAGNOSTIC,     5, -3.307153806035e-01, 1.797693134862e+308, 1.5488e+02, 1.3116e+01, 
 1DIAGNOSTIC,     6, -3.315511173524e-01, 1.797693134862e+308, 1.6798e+02, 1.3100e+01, 
 1DIAGNOSTIC,     7, -3.322185085233e-01, 1.797693134862e+308, 1.8116e+02, 1.3179e+01, 
 1DIAGNOSTIC,     8, -3.327970236406e-01, 1.797693134862e+308, 1.9430e+02, 1.3142e+01, 
 1DIAGNOSTIC,     9, -3.332614928592e-01, 1.797693134862e+308, 2.0798e+02, 1.3677e+01, 
 1DIAGNOSTIC,    10, -3.336886976883e-01, 1.380284501019e-03, 2.2107e+02, 1.3088e+01, 
 1DIAGNOSTIC,    11, -3.340584204135e-01, 1.107059147190e-03, 2.3460e+02, 1.3538e+01, 
 1DIAGNOSTIC,    12, -3.344229747138e-01, 8.833210359177e-04, 2.4826e+02, 1.3652e+01, 
 1DIAGNOSTIC,    13, -3.346620565681e-01, 7.019219051799e-04, 2.6137e+02, 1.3112e+01, 
 1DIAGNOSTIC,    14, -3.348567209788e-01, 5.570011243586e-04, 2.7489e+02, 1.3523e+01, 
 1DIAGNOSTIC,    15, -3.350481915458e-01, 4.423903894742e-04, 2.8845e+02, 1.3563e+01, 
 1DIAGNOSTIC,    16, -3.352365017158e-01, 3.559264746222e-04, 3.0200e+02, 1.3542e+01, 
 1DIAGNOSTIC,    17, -3.354279418912e-01, 2.897210034747e-04, 3.1565e+02, 1.3651e+01, 
 1DIAGNOSTIC,    18, -3.357068785854e-01, 2.446582343348e-04, 3.2924e+02, 1.3589e+01, 
 1DIAGNOSTIC,    19, -3.359428699558e-01, 2.129451738428e-04, 3.4286e+02, 1.3620e+01, 
 1DIAGNOSTIC,    20, -3.361453082716e-01, 1.913709828023e-04, 3.5641e+02, 1.3551e+01, 
 1DIAGNOSTIC,    21, -3.363271499246e-01, 1.763051870091e-04, 3.6996e+02, 1.3548e+01, 
 1DIAGNOSTIC,    22, -3.365392469458e-01, 1.684547473736e-04, 3.8349e+02, 1.3539e+01, 
 1DIAGNOSTIC,    23, -3.366272823837e-01, 1.575351617606e-04, 3.9707e+02, 1.3579e+01, 
 1DIAGNOSTIC,    24, -3.368261236938e-01, 1.467684149314e-04, 4.1062e+02, 1.3546e+01, 
 1DIAGNOSTIC,    25, -3.369935702644e-01, 1.352857323758e-04, 4.2425e+02, 1.3634e+01, 
 1DIAGNOSTIC,    26, -3.371601137849e-01, 1.235876373526e-04, 4.3777e+02, 1.3518e+01, 
 1DIAGNOSTIC,    27, -3.372873301673e-01, 1.110994076438e-04, 4.5133e+02, 1.3561e+01, 
 1DIAGNOSTIC,    28, -3.374242351834e-01, 1.016820850741e-04, 4.6511e+02, 1.3774e+01, 
 1DIAGNOSTIC,    29, -3.375528215701e-01, 9.399810330427e-05, 4.7862e+02, 1.3510e+01, 
 1DIAGNOSTIC,    30, -3.376449953672e-01, 8.624685527327e-05, 4.9216e+02, 1.3540e+01, 
 1DIAGNOSTIC,    31, -3.377732895996e-01, 7.931704932853e-05, 5.0572e+02, 1.3566e+01, 
 1DIAGNOSTIC,    32, -3.378038206571e-01, 7.182030027474e-05, 5.1923e+02, 1.3512e+01, 
 1DIAGNOSTIC,    33, -3.377974161529e-01, 6.011510496066e-05, 5.3276e+02, 1.3522e+01, 
 1DIAGNOSTIC,    34, -3.378596289224e-01, 4.998310423815e-05, 5.4641e+02, 1.3658e+01, 
 1DIAGNOSTIC,    35, -3.379251925971e-01, 4.130944161197e-05, 5.6006e+02, 1.3646e+01, 
 1DIAGNOSTIC,    36, -3.380338041212e-01, 3.567931032138e-05, 5.7365e+02, 1.3595e+01, 
 1DIAGNOSTIC,    37, -3.380837063354e-01, 3.103544203280e-05, 5.8738e+02, 1.3729e+01, 
 1DIAGNOSTIC,    38, -3.381629199564e-01, 2.859458933280e-05, 6.0087e+02, 1.3488e+01, 
 1DIAGNOSTIC,    39, -3.382358312640e-01, 2.797870697855e-05, 6.1439e+02, 1.3522e+01, 
 1DIAGNOSTIC,    40, -3.382466835892e-01, 2.687211958869e-05, 6.2796e+02, 1.3569e+01, 
 1DIAGNOSTIC,    41, -3.382867432009e-01, 2.680600970259e-05, 6.4153e+02, 1.3574e+01, 
 1DIAGNOSTIC,    42, -3.382476546928e-01, 2.409884030771e-05, 6.5510e+02, 1.3567e+01, 
 1DIAGNOSTIC,    43, -3.382405824242e-01, 1.903902926763e-05, 6.6860e+02, 1.3501e+01, 
 1DIAGNOSTIC,    44, -3.382469495403e-01, 1.376498700930e-05, 6.8223e+02, 1.3628e+01, 
 1DIAGNOSTIC,    45, -3.382254877992e-01, 8.259301447839e-06, 6.9574e+02, 1.3515e+01, 
 1DIAGNOSTIC,    46, -3.381633444309e-01, 3.141586291291e-06, 7.0925e+02, 1.3507e+01, 
 1DIAGNOSTIC,    47, -3.381351377635e-01, -1.582915988136e-06, 7.2276e+02, 1.3513e+01, 
  Elapsed time (stage 2): 743


Total elapsed time: 908.7

--- Writing output images ---

Using double precision for computations.
Input scalar image: data/Segmentations/1018_3_seg.nii.gz
Reference image: data/template/T_template0_BrainCerebellum.nii.gz
=============================================================================
The composite transform comprises the following transforms (in order): 
  1. /tmp/1971096.1.basic.q/1018_ToTemplate_014_0GenericAffine.mat (type = AffineTransform)
  2. /tmp/1971096.1.basic.q/1018_ToTemplate_014_1Warp.nii.gz (type = DisplacementFieldTransform)
=============================================================================
Default pixel value: 0
Interpolation type: LabelImageGenericInterpolateImageFunction
Output warped image: output/1018/1018_WarpedLabels_014.nii.gz

--- Done ---

