
--- Running on compute-1-7.local ---


--- registration call ---
/data/jet/pcook/bin/antsBuild/bin/antsRegistrationSyNQuick.sh -d 3 -f data/template/T_template0_BrainCerebellum.nii.gz -m data/Brains/1101_3.nii.gz -t s -p d -n 1 -o /tmp/1971132.1.basic.q/1101_ToTemplate_025_
---


--------------------------------------------------------------------------------------
 Mapping parameters
--------------------------------------------------------------------------------------
 ANTSPATH is /data/jet/pcook/bin/antsBuild/bin/

 Dimensionality:           3
 Output name prefix:       /tmp/1971132.1.basic.q/1101_ToTemplate_025_
 Fixed images:             data/template/T_template0_BrainCerebellum.nii.gz
 Moving images:            data/Brains/1101_3.nii.gz
 Mask images:              
 Initial transforms:       
 Number of threads:        1
 Spline distance:          26
 Transform type:           s
 MI histogram bins:        32
 Precision:                d
 Use histogram matching    0
======================================================================================
 antsRegistration call:
--------------------------------------------------------------------------------------
/data/jet/pcook/bin/antsBuild/bin//antsRegistration --verbose 1 --dimensionality 3 --float 0 --collapse-output-transforms 1 --output [/tmp/1971132.1.basic.q/1101_ToTemplate_025_,/tmp/1971132.1.basic.q/1101_ToTemplate_025_Warped.nii.gz,/tmp/1971132.1.basic.q/1101_ToTemplate_025_InverseWarped.nii.gz] --interpolation Linear --use-histogram-matching 0 --winsorize-image-intensities [0.005,0.995] --initial-moving-transform [data/template/T_template0_BrainCerebellum.nii.gz,data/Brains/1101_3.nii.gz,1] --transform Rigid[0.1] --metric MI[data/template/T_template0_BrainCerebellum.nii.gz,data/Brains/1101_3.nii.gz,1,32,Regular,0.25] --convergence [1000x500x250x0,1e-6,10] --shrink-factors 12x8x4x2 --smoothing-sigmas 4x3x2x1vox --transform Affine[0.1] --metric MI[data/template/T_template0_BrainCerebellum.nii.gz,data/Brains/1101_3.nii.gz,1,32,Regular,0.25] --convergence [1000x500x250x0,1e-6,10] --shrink-factors 12x8x4x2 --smoothing-sigmas 4x3x2x1vox --transform SyN[0.1,3,0] --metric MI[data/template/T_template0_BrainCerebellum.nii.gz,data/Brains/1101_3.nii.gz,1,32] --convergence [100x100x70x50x0,1e-6,10] --shrink-factors 10x6x4x2x1 --smoothing-sigmas 5x3x2x1x0vox
--------------------------------------------------------------------------------------
All_Command_lines_OK
Using double precision for computations.
=============================================================================
The composite transform comprises the following transforms (in order): 
  1. Center of mass alignment using fixed image: data/template/T_template0_BrainCerebellum.nii.gz and moving image: data/Brains/1101_3.nii.gz (type = Euler3DTransform)
=============================================================================
  number of levels = 4
  number of levels = 4
  number of levels = 5
  fixed image: data/template/T_template0_BrainCerebellum.nii.gz
  moving image: data/Brains/1101_3.nii.gz
  fixed image: data/template/T_template0_BrainCerebellum.nii.gz
  moving image: data/Brains/1101_3.nii.gz
  fixed image: data/template/T_template0_BrainCerebellum.nii.gz
  moving image: data/Brains/1101_3.nii.gz
Dimension = 3
Number of stages = 3
Use Histogram Matching false
Winsorize image intensities true
Lower quantile = 0.005
Upper quantile = 0.995
Stage 1 State
   Image metric = Mattes
     Fixed image = Image (0x41e4cd0)
  RTTI typeinfo:   itk::Image<double, 3u>
  Reference Count: 2
  Modified Time: 1611
  Debug: Off
  Object Name: 
  Observers: 
    none
  Source: (none)
  Source output name: (none)
  Release Data: Off
  Data Released: False
  Global Release Data: Off
  PipelineMTime: 0
  UpdateMTime: 1422
  RealTimeStamp: 0 seconds 
  LargestPossibleRegion: 
    Dimension: 3
    Index: [0, 0, 0]
    Size: [216, 256, 291]
  BufferedRegion: 
    Dimension: 3
    Index: [0, 0, 0]
    Size: [216, 256, 291]
  RequestedRegion: 
    Dimension: 3
    Index: [0, 0, 0]
    Size: [216, 256, 291]
  Spacing: [1, 1, 1]
  Origin: [0, 293, 0]
  Direction: 
1 0 0
0 -0 -1
0 -1 -0

  IndexToPointMatrix: 
1 0 0
0 0 -1
0 -1 0

  PointToIndexMatrix: 
1 0 0
0 0 -1
0 -1 0

  Inverse Direction: 
1 0 0
0 0 -1
0 -1 0

  PixelContainer: 
    ImportImageContainer (0x41e87d0)
      RTTI typeinfo:   itk::ImportImageContainer<unsigned long, double>
      Reference Count: 1
      Modified Time: 1419
      Debug: Off
      Object Name: 
      Observers: 
        none
      Pointer: 0x7fcb2e6b2010
      Container manages memory: true
      Size: 16091136
      Capacity: 16091136

     Moving image = Image (0x41e6d30)
  RTTI typeinfo:   itk::Image<double, 3u>
  Reference Count: 2
  Modified Time: 1612
  Debug: Off
  Object Name: 
  Observers: 
    none
  Source: (none)
  Source output name: (none)
  Release Data: Off
  Data Released: False
  Global Release Data: Off
  PipelineMTime: 0
  UpdateMTime: 1609
  RealTimeStamp: 0 seconds 
  LargestPossibleRegion: 
    Dimension: 3
    Index: [0, 0, 0]
    Size: [256, 256, 307]
  BufferedRegion: 
    Dimension: 3
    Index: [0, 0, 0]
    Size: [256, 256, 307]
  RequestedRegion: 
    Dimension: 3
    Index: [0, 0, 0]
    Size: [256, 256, 307]
  Spacing: [1, 1, 1]
  Origin: [0, 306, 0]
  Direction: 
1 0 0
0 -0 -1
0 -1 -0

  IndexToPointMatrix: 
1 0 0
0 0 -1
0 -1 0

  PointToIndexMatrix: 
1 0 0
0 0 -1
0 -1 0

  Inverse Direction: 
1 0 0
0 0 -1
0 -1 0

  PixelContainer: 
    ImportImageContainer (0x41d7f40)
      RTTI typeinfo:   itk::ImportImageContainer<unsigned long, double>
      Reference Count: 1
      Modified Time: 1606
      Debug: Off
      Object Name: 
      Observers: 
        none
      Pointer: 0x7fcb24d31010
      Container manages memory: true
      Size: 20119552
      Capacity: 20119552

     Weighting = 1
     Sampling strategy = regular
     Number of bins = 32
     Radius = 4
     Sampling percentage  = 0.25
   Transform = Rigid
     Gradient step = 0.1
     Update field sigma (voxel space) = 0
     Total field sigma (voxel space) = 0
     Update field time sigma = 0
     Total field time sigma  = 0
     Number of time indices = 0
     Number of time point samples = 0
Stage 2 State
   Image metric = Mattes
     Fixed image = Image (0x41eb6e0)
  RTTI typeinfo:   itk::Image<double, 3u>
  Reference Count: 2
  Modified Time: 1987
  Debug: Off
  Object Name: 
  Observers: 
    none
  Source: (none)
  Source output name: (none)
  Release Data: Off
  Data Released: False
  Global Release Data: Off
  PipelineMTime: 0
  UpdateMTime: 1798
  RealTimeStamp: 0 seconds 
  LargestPossibleRegion: 
    Dimension: 3
    Index: [0, 0, 0]
    Size: [216, 256, 291]
  BufferedRegion: 
    Dimension: 3
    Index: [0, 0, 0]
    Size: [216, 256, 291]
  RequestedRegion: 
    Dimension: 3
    Index: [0, 0, 0]
    Size: [216, 256, 291]
  Spacing: [1, 1, 1]
  Origin: [0, 293, 0]
  Direction: 
1 0 0
0 -0 -1
0 -1 -0

  IndexToPointMatrix: 
1 0 0
0 0 -1
0 -1 0

  PointToIndexMatrix: 
1 0 0
0 0 -1
0 -1 0

  Inverse Direction: 
1 0 0
0 0 -1
0 -1 0

  PixelContainer: 
    ImportImageContainer (0x41e7950)
      RTTI typeinfo:   itk::ImportImageContainer<unsigned long, double>
      Reference Count: 1
      Modified Time: 1795
      Debug: Off
      Object Name: 
      Observers: 
        none
      Pointer: 0x7fcb1d26c010
      Container manages memory: true
      Size: 16091136
      Capacity: 16091136

     Moving image = Image (0x41f8060)
  RTTI typeinfo:   itk::Image<double, 3u>
  Reference Count: 2
  Modified Time: 1988
  Debug: Off
  Object Name: 
  Observers: 
    none
  Source: (none)
  Source output name: (none)
  Release Data: Off
  Data Released: False
  Global Release Data: Off
  PipelineMTime: 0
  UpdateMTime: 1985
  RealTimeStamp: 0 seconds 
  LargestPossibleRegion: 
    Dimension: 3
    Index: [0, 0, 0]
    Size: [256, 256, 307]
  BufferedRegion: 
    Dimension: 3
    Index: [0, 0, 0]
    Size: [256, 256, 307]
  RequestedRegion: 
    Dimension: 3
    Index: [0, 0, 0]
    Size: [256, 256, 307]
  Spacing: [1, 1, 1]
  Origin: [0, 306, 0]
  Direction: 
1 0 0
0 -0 -1
0 -1 -0

  IndexToPointMatrix: 
1 0 0
0 0 -1
0 -1 0

  PointToIndexMatrix: 
1 0 0
0 0 -1
0 -1 0

  Inverse Direction: 
1 0 0
0 0 -1
0 -1 0

  PixelContainer: 
    ImportImageContainer (0x41f79e0)
      RTTI typeinfo:   itk::ImportImageContainer<unsigned long, double>
      Reference Count: 1
      Modified Time: 1982
      Debug: Off
      Object Name: 
      Observers: 
        none
      Pointer: 0x7fcb138eb010
      Container manages memory: true
      Size: 20119552
      Capacity: 20119552

     Weighting = 1
     Sampling strategy = regular
     Number of bins = 32
     Radius = 4
     Sampling percentage  = 0.25
   Transform = Affine
     Gradient step = 0.1
     Update field sigma (voxel space) = 0
     Total field sigma (voxel space) = 0
     Update field time sigma = 0
     Total field time sigma  = 0
     Number of time indices = 0
     Number of time point samples = 0
Stage 3 State
   Image metric = Mattes
     Fixed image = Image (0x41fd980)
  RTTI typeinfo:   itk::Image<double, 3u>
  Reference Count: 2
  Modified Time: 2363
  Debug: Off
  Object Name: 
  Observers: 
    none
  Source: (none)
  Source output name: (none)
  Release Data: Off
  Data Released: False
  Global Release Data: Off
  PipelineMTime: 0
  UpdateMTime: 2174
  RealTimeStamp: 0 seconds 
  LargestPossibleRegion: 
    Dimension: 3
    Index: [0, 0, 0]
    Size: [216, 256, 291]
  BufferedRegion: 
    Dimension: 3
    Index: [0, 0, 0]
    Size: [216, 256, 291]
  RequestedRegion: 
    Dimension: 3
    Index: [0, 0, 0]
    Size: [216, 256, 291]
  Spacing: [1, 1, 1]
  Origin: [0, 293, 0]
  Direction: 
1 0 0
0 -0 -1
0 -1 -0

  IndexToPointMatrix: 
1 0 0
0 0 -1
0 -1 0

  PointToIndexMatrix: 
1 0 0
0 0 -1
0 -1 0

  Inverse Direction: 
1 0 0
0 0 -1
0 -1 0

  PixelContainer: 
    ImportImageContainer (0x41f6720)
      RTTI typeinfo:   itk::ImportImageContainer<unsigned long, double>
      Reference Count: 1
      Modified Time: 2171
      Debug: Off
      Object Name: 
      Observers: 
        none
      Pointer: 0x7fcb0be26010
      Container manages memory: true
      Size: 16091136
      Capacity: 16091136

     Moving image = Image (0x42000f0)
  RTTI typeinfo:   itk::Image<double, 3u>
  Reference Count: 2
  Modified Time: 2364
  Debug: Off
  Object Name: 
  Observers: 
    none
  Source: (none)
  Source output name: (none)
  Release Data: Off
  Data Released: False
  Global Release Data: Off
  PipelineMTime: 0
  UpdateMTime: 2361
  RealTimeStamp: 0 seconds 
  LargestPossibleRegion: 
    Dimension: 3
    Index: [0, 0, 0]
    Size: [256, 256, 307]
  BufferedRegion: 
    Dimension: 3
    Index: [0, 0, 0]
    Size: [256, 256, 307]
  RequestedRegion: 
    Dimension: 3
    Index: [0, 0, 0]
    Size: [256, 256, 307]
  Spacing: [1, 1, 1]
  Origin: [0, 306, 0]
  Direction: 
1 0 0
0 -0 -1
0 -1 -0

  IndexToPointMatrix: 
1 0 0
0 0 -1
0 -1 0

  PointToIndexMatrix: 
1 0 0
0 0 -1
0 -1 0

  Inverse Direction: 
1 0 0
0 0 -1
0 -1 0

  PixelContainer: 
    ImportImageContainer (0x41fdc10)
      RTTI typeinfo:   itk::ImportImageContainer<unsigned long, double>
      Reference Count: 1
      Modified Time: 2358
      Debug: Off
      Object Name: 
      Observers: 
        none
      Pointer: 0x7fcb024a5010
      Container manages memory: true
      Size: 20119552
      Capacity: 20119552

     Weighting = 1
     Sampling strategy = none
     Number of bins = 32
     Radius = 4
     Sampling percentage  = 1
   Transform = SyN
     Gradient step = 0.1
     Update field sigma (voxel space) = 3
     Total field sigma (voxel space) = 0
     Update field time sigma = 0
     Total field time sigma  = 0
     Number of time indices = 0
     Number of time point samples = 0
Registration using 3 total stages.

Stage 0
  iterations = 1000x500x250x0
  convergence threshold = 1e-06
  convergence window size = 10
  number of levels = 4
  using the Mattes MI metric (number of bins = 32, weight = 1)
  preprocessing:  winsorizing the image intensities
  Shrink factors (level 1 out of 4): [12, 12, 12]
  Shrink factors (level 2 out of 4): [8, 8, 8]
  Shrink factors (level 3 out of 4): [4, 4, 4]
  Shrink factors (level 4 out of 4): [2, 2, 2]
  smoothing sigmas per level: [4, 3, 2, 1]
  regular sampling (percentage = 0.25)

*** Running Euler3DTransform registration ***

DIAGNOSTIC,Iteration,metricValue,convergenceValue,ITERATION_TIME_INDEX,SINCE_LAST
 2DIAGNOSTIC,     1, -4.948840609117e-01, 1.797693134862e+308, 2.2432e+01, 2.2432e+01, 
 2DIAGNOSTIC,     2, -4.956729330803e-01, 1.797693134862e+308, 2.2443e+01, 1.0739e-02, 
 2DIAGNOSTIC,     3, -4.970208057037e-01, 1.797693134862e+308, 2.2453e+01, 1.0348e-02, 
 2DIAGNOSTIC,     4, -4.989158257632e-01, 1.797693134862e+308, 2.2464e+01, 1.0547e-02, 
 2DIAGNOSTIC,     5, -5.013337989436e-01, 1.797693134862e+308, 2.2477e+01, 1.3567e-02, 
 2DIAGNOSTIC,     6, -5.017693069024e-01, 1.797693134862e+308, 2.2492e+01, 1.4863e-02, 
 2DIAGNOSTIC,     7, -5.014981789374e-01, 1.797693134862e+308, 2.2505e+01, 1.3142e-02, 
 2DIAGNOSTIC,     8, -5.015327611173e-01, 1.797693134862e+308, 2.2517e+01, 1.1657e-02, 
 2DIAGNOSTIC,     9, -5.013861688038e-01, 1.797693134862e+308, 2.2527e+01, 1.0191e-02, 
 2DIAGNOSTIC,    10, -5.010797866699e-01, 8.926296922849e-04, 2.2539e+01, 1.2401e-02, 
 2DIAGNOSTIC,    11, -5.011139578723e-01, 5.597975107357e-04, 2.2550e+01, 1.0728e-02, 
 2DIAGNOSTIC,    12, -5.009885846261e-01, 2.650314985585e-04, 2.2561e+01, 1.0724e-02, 
 2DIAGNOSTIC,    13, -5.010665220542e-01, 5.359912435991e-05, 2.2573e+01, 1.2317e-02, 
DIAGNOSTIC,Iteration,metricValue,convergenceValue,ITERATION_TIME_INDEX,SINCE_LAST
 2DIAGNOSTIC,     1, -4.126405277963e-01, 1.797693134862e+308, 3.9305e+01, 1.6732e+01, 
 2DIAGNOSTIC,     2, -4.129235888964e-01, 1.797693134862e+308, 3.9364e+01, 5.8684e-02, 
 2DIAGNOSTIC,     3, -4.130927414414e-01, 1.797693134862e+308, 3.9433e+01, 6.9585e-02, 
 2DIAGNOSTIC,     4, -4.134969714561e-01, 1.797693134862e+308, 3.9492e+01, 5.8456e-02, 
 2DIAGNOSTIC,     5, -4.139244752764e-01, 1.797693134862e+308, 3.9551e+01, 5.8828e-02, 
 2DIAGNOSTIC,     6, -4.148619761521e-01, 1.797693134862e+308, 3.9609e+01, 5.8677e-02, 
 2DIAGNOSTIC,     7, -4.176908257354e-01, 1.797693134862e+308, 3.9701e+01, 9.1721e-02, 
 2DIAGNOSTIC,     8, -4.180521461010e-01, 1.797693134862e+308, 3.9760e+01, 5.9121e-02, 
 2DIAGNOSTIC,     9, -4.193711255673e-01, 1.797693134862e+308, 3.9830e+01, 7.0434e-02, 
 2DIAGNOSTIC,    10, -4.220945715569e-01, 1.416741618050e-03, 3.9924e+01, 9.3545e-02, 
 2DIAGNOSTIC,    11, -4.224779663965e-01, 1.488094686927e-03, 3.9994e+01, 7.0187e-02, 
 2DIAGNOSTIC,    12, -4.224657694437e-01, 1.429654137303e-03, 4.0053e+01, 5.9182e-02, 
 2DIAGNOSTIC,    13, -4.225431455709e-01, 1.266411690493e-03, 4.0135e+01, 8.1108e-02, 
 2DIAGNOSTIC,    14, -4.225359288854e-01, 1.032093534577e-03, 4.0194e+01, 5.8995e-02, 
 2DIAGNOSTIC,    15, -4.224902526935e-01, 7.509875018427e-04, 4.0263e+01, 6.9701e-02, 
 2DIAGNOSTIC,    16, -4.225659564502e-01, 4.768143936753e-04, 4.0322e+01, 5.9014e-02, 
 2DIAGNOSTIC,    17, -4.226130506388e-01, 3.082059389191e-04, 4.0381e+01, 5.8988e-02, 
 2DIAGNOSTIC,    18, -4.226819722118e-01, 1.463955073812e-04, 4.0442e+01, 6.0503e-02, 
 2DIAGNOSTIC,    19, -4.234081613235e-01, 5.874110142862e-05, 4.0559e+01, 1.1720e-01, 
 2DIAGNOSTIC,    20, -4.234211046063e-01, 6.641911546556e-05, 4.0630e+01, 7.0951e-02, 
 2DIAGNOSTIC,    21, -4.233847949477e-01, 7.882555655056e-05, 4.0689e+01, 5.9576e-02, 
 2DIAGNOSTIC,    22, -4.233474210128e-01, 8.162033302395e-05, 4.0749e+01, 5.9574e-02, 
 2DIAGNOSTIC,    23, -4.233535098406e-01, 7.906060332844e-05, 4.0820e+01, 7.0784e-02, 
 2DIAGNOSTIC,    24, -4.233587592743e-01, 6.907863849916e-05, 4.0880e+01, 6.0563e-02, 
 2DIAGNOSTIC,    25, -4.234145407591e-01, 5.370779999342e-05, 4.0950e+01, 7.0095e-02, 
 2DIAGNOSTIC,    26, -4.234224000962e-01, 3.704842928119e-05, 4.1010e+01, 5.9079e-02, 
 2DIAGNOSTIC,    27, -4.233981604556e-01, 1.903897789522e-05, 4.1091e+01, 8.1505e-02, 
 2DIAGNOSTIC,    28, -4.234931152154e-01, 4.125771182008e-06, 4.1173e+01, 8.1750e-02, 
 2DIAGNOSTIC,    29, -4.234948801288e-01, 6.822994574759e-06, 4.1245e+01, 7.2318e-02, 
 2DIAGNOSTIC,    30, -4.234964325994e-01, 9.134029945013e-06, 4.1316e+01, 7.0388e-02, 
 2DIAGNOSTIC,    31, -4.234549690930e-01, 8.891520659061e-06, 4.1375e+01, 5.9453e-02, 
 2DIAGNOSTIC,    32, -4.234554345502e-01, 7.184103612251e-06, 4.1434e+01, 5.9519e-02, 
 2DIAGNOSTIC,    33, -4.234570756060e-01, 5.124825387323e-06, 4.1494e+01, 5.9424e-02, 
 2DIAGNOSTIC,    34, -4.234592346869e-01, 2.880322503694e-06, 4.1564e+01, 7.0379e-02, 
 2DIAGNOSTIC,    35, -4.234633003791e-01, 1.756372497677e-06, 4.1625e+01, 6.0491e-02, 
DIAGNOSTIC,Iteration,metricValue,convergenceValue,ITERATION_TIME_INDEX,SINCE_LAST
 2DIAGNOSTIC,     1, -3.575662602712e-01, 1.797693134862e+308, 5.0859e+01, 9.2345e+00, 
 2DIAGNOSTIC,     2, -3.580120973599e-01, 1.797693134862e+308, 5.1339e+01, 4.7994e-01, 
 2DIAGNOSTIC,     3, -3.581923581461e-01, 1.797693134862e+308, 5.1814e+01, 4.7441e-01, 
 2DIAGNOSTIC,     4, -3.582439236656e-01, 1.797693134862e+308, 5.2290e+01, 4.7587e-01, 
 2DIAGNOSTIC,     5, -3.582804291419e-01, 1.797693134862e+308, 5.2764e+01, 4.7484e-01, 
 2DIAGNOSTIC,     6, -3.583862906258e-01, 1.797693134862e+308, 5.3614e+01, 8.4946e-01, 
 2DIAGNOSTIC,     7, -3.583595257481e-01, 1.797693134862e+308, 5.4188e+01, 5.7456e-01, 
 2DIAGNOSTIC,     8, -3.583596714305e-01, 1.797693134862e+308, 5.4664e+01, 4.7566e-01, 
 2DIAGNOSTIC,     9, -3.583643393953e-01, 1.797693134862e+308, 5.5144e+01, 4.8026e-01, 
 2DIAGNOSTIC,    10, -3.583802959836e-01, 1.071721434910e-04, 5.5622e+01, 4.7741e-01, 
 2DIAGNOSTIC,    11, -3.584364708709e-01, 5.378781932586e-05, 5.6102e+01, 4.8076e-01, 
 2DIAGNOSTIC,    12, -3.584922332166e-01, 3.755634684163e-05, 5.6582e+01, 4.7930e-01, 
 2DIAGNOSTIC,    13, -3.586251632872e-01, 3.978873284037e-05, 5.7057e+01, 4.7479e-01, 
 2DIAGNOSTIC,    14, -3.587675858627e-01, 4.915459144032e-05, 5.8101e+01, 1.0446e+00, 
 2DIAGNOSTIC,    15, -3.587734167508e-01, 5.494261167732e-05, 5.8853e+01, 7.5133e-01, 
 2DIAGNOSTIC,    16, -3.587700417008e-01, 6.040857459630e-05, 5.9422e+01, 5.6931e-01, 
 2DIAGNOSTIC,    17, -3.587663429446e-01, 5.848563293828e-05, 5.9901e+01, 4.7927e-01, 
 2DIAGNOSTIC,    18, -3.587587159531e-01, 5.113579214294e-05, 6.0469e+01, 5.6805e-01, 
 2DIAGNOSTIC,    19, -3.587594079253e-01, 4.013960087608e-05, 6.1037e+01, 5.6794e-01, 
 2DIAGNOSTIC,    20, -3.587558640072e-01, 2.717930150844e-05, 6.1511e+01, 4.7395e-01, 
 2DIAGNOSTIC,    21, -3.587526846698e-01, 1.516073118197e-05, 6.2081e+01, 5.6986e-01, 
 2DIAGNOSTIC,    22, -3.587534215074e-01, 4.931526799784e-06, 6.2558e+01, 4.7730e-01, 
DIAGNOSTIC,Iteration,metricValue,convergenceValue,ITERATION_TIME_INDEX,SINCE_LAST
 2DIAGNOSTIC,     1, -3.097539914412e-01, 1.797693134862e+308, 7.2236e+01, 9.6779e+00, 
  Elapsed time (stage 0): 7.4162e+01


Stage 1
  iterations = 1000x500x250x0
  convergence threshold = 1.0000e-06
  convergence window size = 10
  number of levels = 4
  using the Mattes MI metric (number of bins = 32, weight = 1.0000e+00)
  preprocessing:  winsorizing the image intensities
  Shrink factors (level 1 out of 4): [12, 12, 12]
  Shrink factors (level 2 out of 4): [8, 8, 8]
  Shrink factors (level 3 out of 4): [4, 4, 4]
  Shrink factors (level 4 out of 4): [2, 2, 2]
  smoothing sigmas per level: [4, 3, 2, 1]
  regular sampling (percentage = 2.5000e-01)

*** Running AffineTransform registration ***

DIAGNOSTIC,Iteration,metricValue,convergenceValue,ITERATION_TIME_INDEX,SINCE_LAST
 2DIAGNOSTIC,     1, -5.015482369276e-01, 1.797693134862e+308, 2.2426e+01, 2.2426e+01, 
 2DIAGNOSTIC,     2, -5.031683865795e-01, 1.797693134862e+308, 2.2440e+01, 1.3655e-02, 
 2DIAGNOSTIC,     3, -5.055843394470e-01, 1.797693134862e+308, 2.2453e+01, 1.3797e-02, 
 2DIAGNOSTIC,     4, -5.064394707340e-01, 1.797693134862e+308, 2.2467e+01, 1.3683e-02, 
 2DIAGNOSTIC,     5, -5.075477331178e-01, 1.797693134862e+308, 2.2481e+01, 1.3782e-02, 
 2DIAGNOSTIC,     6, -5.092248326113e-01, 1.797693134862e+308, 2.2495e+01, 1.4001e-02, 
 2DIAGNOSTIC,     7, -5.107693172199e-01, 1.797693134862e+308, 2.2511e+01, 1.5825e-02, 
 2DIAGNOSTIC,     8, -5.114484666722e-01, 1.797693134862e+308, 2.2528e+01, 1.7435e-02, 
 2DIAGNOSTIC,     9, -5.139553265649e-01, 1.797693134862e+308, 2.2544e+01, 1.5701e-02, 
 2DIAGNOSTIC,    10, -5.162190528911e-01, 1.708119283837e-03, 2.2560e+01, 1.6213e-02, 
 2DIAGNOSTIC,    11, -5.170246872185e-01, 1.550021919167e-03, 2.2575e+01, 1.4721e-02, 
 2DIAGNOSTIC,    12, -5.244007688896e-01, 1.694392962078e-03, 2.2592e+01, 1.7448e-02, 
 2DIAGNOSTIC,    13, -5.253967215990e-01, 1.801611504008e-03, 2.2606e+01, 1.4029e-02, 
 2DIAGNOSTIC,    14, -5.261363215992e-01, 1.794326539881e-03, 2.2620e+01, 1.4191e-02, 
 2DIAGNOSTIC,    15, -5.278121402902e-01, 1.728587300469e-03, 2.2635e+01, 1.4111e-02, 
 2DIAGNOSTIC,    16, -5.295350105565e-01, 1.627892217687e-03, 2.2658e+01, 2.3312e-02, 
 2DIAGNOSTIC,    17, -5.290907556354e-01, 1.422422817819e-03, 2.2700e+01, 4.2594e-02, 
 2DIAGNOSTIC,    18, -5.290907490913e-01, 1.129525514260e-03, 2.2714e+01, 1.3586e-02, 
 2DIAGNOSTIC,    19, -5.290908007806e-01, 8.382309146411e-04, 2.2728e+01, 1.3734e-02, 
 2DIAGNOSTIC,    20, -5.290908881842e-01, 5.622413365703e-04, 2.2741e+01, 1.3670e-02, 
 2DIAGNOSTIC,    21, -5.290910359764e-01, 2.761890531083e-04, 2.2755e+01, 1.3987e-02, 
 2DIAGNOSTIC,    22, -5.290912858736e-01, 1.749861551151e-04, 2.2769e+01, 1.3975e-02, 
 2DIAGNOSTIC,    23, -5.290917083969e-01, 9.093444580448e-05, 2.2783e+01, 1.3613e-02, 
 2DIAGNOSTIC,    24, -5.290924227381e-01, 2.171750667145e-05, 2.2797e+01, 1.3624e-02, 
DIAGNOSTIC,Iteration,metricValue,convergenceValue,ITERATION_TIME_INDEX,SINCE_LAST
 2DIAGNOSTIC,     1, -4.471180493541e-01, 1.797693134862e+308, 3.8897e+01, 1.6100e+01, 
 2DIAGNOSTIC,     2, -4.481202586955e-01, 1.797693134862e+308, 3.8966e+01, 6.9109e-02, 
 2DIAGNOSTIC,     3, -4.493203637874e-01, 1.797693134862e+308, 3.9035e+01, 6.8926e-02, 
 2DIAGNOSTIC,     4, -4.502051843593e-01, 1.797693134862e+308, 3.9103e+01, 6.7853e-02, 
 2DIAGNOSTIC,     5, -4.512995595489e-01, 1.797693134862e+308, 3.9172e+01, 6.8892e-02, 
 2DIAGNOSTIC,     6, -4.527324557812e-01, 1.797693134862e+308, 3.9242e+01, 7.0247e-02, 
 2DIAGNOSTIC,     7, -4.550861709193e-01, 1.797693134862e+308, 3.9313e+01, 7.0615e-02, 
 2DIAGNOSTIC,     8, -4.580138344344e-01, 1.797693134862e+308, 3.9407e+01, 9.4172e-02, 
 2DIAGNOSTIC,     9, -4.589953417027e-01, 1.797693134862e+308, 3.9475e+01, 6.8561e-02, 
 2DIAGNOSTIC,    10, -4.603691876776e-01, 1.970833101474e-03, 3.9591e+01, 1.1552e-01, 
 2DIAGNOSTIC,    11, -4.608642136252e-01, 1.829907507732e-03, 3.9659e+01, 6.8183e-02, 
 2DIAGNOSTIC,    12, -4.618957331527e-01, 1.652609619995e-03, 3.9728e+01, 6.8777e-02, 
 2DIAGNOSTIC,    13, -4.627347181598e-01, 1.449472460420e-03, 3.9797e+01, 6.9207e-02, 
 2DIAGNOSTIC,    14, -4.634968720608e-01, 1.217227276178e-03, 3.9866e+01, 6.9213e-02, 
 2DIAGNOSTIC,    15, -4.646393742081e-01, 9.988508029969e-04, 3.9969e+01, 1.0255e-01, 
 2DIAGNOSTIC,    16, -4.650411141484e-01, 7.865449146218e-04, 4.0037e+01, 6.8774e-02, 
 2DIAGNOSTIC,    17, -4.652524080237e-01, 6.191331886981e-04, 4.0106e+01, 6.8040e-02, 
 2DIAGNOSTIC,    18, -4.656351387334e-01, 5.275679805110e-04, 4.0185e+01, 7.9432e-02, 
 2DIAGNOSTIC,    19, -4.660821006216e-01, 4.424602263702e-04, 4.0252e+01, 6.7492e-02, 
 2DIAGNOSTIC,    20, -4.665724414997e-01, 3.823069519183e-04, 4.0343e+01, 9.0825e-02, 
 2DIAGNOSTIC,    21, -4.667730396862e-01, 3.124150542999e-04, 4.0433e+01, 8.9620e-02, 
 2DIAGNOSTIC,    22, -4.667298244808e-01, 2.478992631299e-04, 4.0513e+01, 7.9722e-02, 
 2DIAGNOSTIC,    23, -4.666823655816e-01, 1.873463754034e-04, 4.0581e+01, 6.8244e-02, 
 2DIAGNOSTIC,    24, -4.666188911807e-01, 1.316773369223e-04, 4.0649e+01, 6.7799e-02, 
 2DIAGNOSTIC,    25, -4.667903684757e-01, 1.004255513679e-04, 4.0717e+01, 6.8142e-02, 
 2DIAGNOSTIC,    26, -4.668273699556e-01, 7.257080823993e-05, 4.0807e+01, 9.0639e-02, 
 2DIAGNOSTIC,    27, -4.669778153476e-01, 4.841229652659e-05, 4.0887e+01, 7.9415e-02, 
 2DIAGNOSTIC,    28, -4.668502231349e-01, 2.709138530110e-05, 4.0955e+01, 6.8470e-02, 
 2DIAGNOSTIC,    29, -4.672380414967e-01, 2.242744473311e-05, 4.1047e+01, 9.1278e-02, 
 2DIAGNOSTIC,    30, -4.673934982312e-01, 2.891185034941e-05, 4.1115e+01, 6.8473e-02, 
 2DIAGNOSTIC,    31, -4.676941298417e-01, 4.221193431628e-05, 4.1205e+01, 9.0126e-02, 
 2DIAGNOSTIC,    32, -4.677716537181e-01, 5.144504680221e-05, 4.1296e+01, 9.0444e-02, 
 2DIAGNOSTIC,    33, -4.677161590742e-01, 5.356971444142e-05, 4.1373e+01, 7.7729e-02, 
 2DIAGNOSTIC,    34, -4.677886857376e-01, 5.071749058141e-05, 4.1452e+01, 7.8882e-02, 
 2DIAGNOSTIC,    35, -4.678492814319e-01, 4.723771655232e-05, 4.1533e+01, 8.1012e-02, 
 2DIAGNOSTIC,    36, -4.678513050973e-01, 4.009282985063e-05, 4.1603e+01, 7.0076e-02, 
 2DIAGNOSTIC,    37, -4.678548949943e-01, 3.234096079588e-05, 4.1671e+01, 6.7369e-02, 
 2DIAGNOSTIC,    38, -4.679666517647e-01, 2.169940673201e-05, 4.1749e+01, 7.8507e-02, 
 2DIAGNOSTIC,    39, -4.681187124445e-01, 1.806000730771e-05, 4.1829e+01, 7.9695e-02, 
 2DIAGNOSTIC,    40, -4.681569734578e-01, 1.573687864797e-05, 4.1929e+01, 1.0051e-01, 
 2DIAGNOSTIC,    41, -4.680783566887e-01, 1.543520776409e-05, 4.1997e+01, 6.7741e-02, 
 2DIAGNOSTIC,    42, -4.680808394403e-01, 1.503715658733e-05, 4.2066e+01, 6.8930e-02, 
 2DIAGNOSTIC,    43, -4.681824282465e-01, 1.389228820322e-05, 4.2135e+01, 6.8774e-02, 
 2DIAGNOSTIC,    44, -4.681900198475e-01, 1.253567199402e-05, 4.2204e+01, 6.9028e-02, 
 2DIAGNOSTIC,    45, -4.687324850206e-01, 1.835243942256e-05, 4.2305e+01, 1.0073e-01, 
 2DIAGNOSTIC,    46, -4.687220985408e-01, 2.199663137769e-05, 4.2398e+01, 9.2962e-02, 
 2DIAGNOSTIC,    47, -4.687502052382e-01, 2.393806912907e-05, 4.2479e+01, 8.1470e-02, 
 2DIAGNOSTIC,    48, -4.687029883323e-01, 2.440732661381e-05, 4.2547e+01, 6.7851e-02, 
 2DIAGNOSTIC,    49, -4.687385230097e-01, 2.489002790761e-05, 4.2625e+01, 7.8273e-02, 
 2DIAGNOSTIC,    50, -4.687403063407e-01, 2.344362922094e-05, 4.2715e+01, 9.0279e-02, 
 2DIAGNOSTIC,    51, -4.687413191798e-01, 1.892371284708e-05, 4.2827e+01, 1.1143e-01, 
 2DIAGNOSTIC,    52, -4.687413418536e-01, 1.292875555604e-05, 4.2949e+01, 1.2217e-01, 
 2DIAGNOSTIC,    53, -4.687413419855e-01, 7.231921099703e-06, 4.3082e+01, 1.3289e-01, 
 2DIAGNOSTIC,    54, -4.687413419860e-01, 1.020839601105e-06, 4.3194e+01, 1.1235e-01, 
 2DIAGNOSTIC,    55, -4.687413419860e-01, 1.027656556536e-06, 4.3316e+01, 1.2140e-01, 
DIAGNOSTIC,Iteration,metricValue,convergenceValue,ITERATION_TIME_INDEX,SINCE_LAST
 2DIAGNOSTIC,     1, -3.904721822786e-01, 1.797693134862e+308, 5.2609e+01, 9.2934e+00, 
 2DIAGNOSTIC,     2, -3.908769327435e-01, 1.797693134862e+308, 5.3168e+01, 5.5855e-01, 
 2DIAGNOSTIC,     3, -3.911044297459e-01, 1.797693134862e+308, 5.3716e+01, 5.4850e-01, 
 2DIAGNOSTIC,     4, -3.912619954597e-01, 1.797693134862e+308, 5.4269e+01, 5.5252e-01, 
 2DIAGNOSTIC,     5, -3.913724335761e-01, 1.797693134862e+308, 5.4817e+01, 5.4871e-01, 
 2DIAGNOSTIC,     6, -3.914676675886e-01, 1.797693134862e+308, 5.5373e+01, 5.5536e-01, 
 2DIAGNOSTIC,     7, -3.918122598545e-01, 1.797693134862e+308, 5.6588e+01, 1.2156e+00, 
 2DIAGNOSTIC,     8, -3.918205546172e-01, 1.797693134862e+308, 5.7610e+01, 1.0221e+00, 
 2DIAGNOSTIC,     9, -3.918273259377e-01, 1.797693134862e+308, 5.8254e+01, 6.4370e-01, 
 2DIAGNOSTIC,    10, -3.918161282496e-01, 2.173738190584e-04, 5.8903e+01, 6.4928e-01, 
 2DIAGNOSTIC,    11, -3.918093435555e-01, 1.492496599400e-04, 5.9553e+01, 6.4934e-01, 
 2DIAGNOSTIC,    12, -3.918093998272e-01, 1.033245053692e-04, 6.0099e+01, 5.4645e-01, 
 2DIAGNOSTIC,    13, -3.918050797187e-01, 6.765731525676e-05, 6.0852e+01, 7.5298e-01, 
 2DIAGNOSTIC,    14, -3.918029775658e-01, 3.941034111722e-05, 6.1499e+01, 6.4655e-01, 
 2DIAGNOSTIC,    15, -3.918000159904e-01, 1.682839333611e-05, 6.2153e+01, 6.5450e-01, 
DIAGNOSTIC,Iteration,metricValue,convergenceValue,ITERATION_TIME_INDEX,SINCE_LAST
 2DIAGNOSTIC,     1, -3.384275600367e-01, 1.797693134862e+308, 7.1838e+01, 9.6843e+00, 
  Elapsed time (stage 1): 7.3754e+01


Stage 2
  iterations = 100x100x70x50x0
  convergence threshold = 1.0000e-06
  convergence window size = 10
  number of levels = 5
  using the Mattes MI metric (number of bins = 32, weight = 1.0000e+00)
  preprocessing:  winsorizing the image intensities
  Shrink factors (level 1 out of 5): [10, 10, 10]
  Shrink factors (level 2 out of 5): [6, 6, 6]
  Shrink factors (level 3 out of 5): [4, 4, 4]
  Shrink factors (level 4 out of 5): [2, 2, 2]
  Shrink factors (level 5 out of 5): [1, 1, 1]
  smoothing sigmas per level: [5, 3, 2, 1, 0]
  Using default NONE metricSamplingStrategy 

*** Running SyN registration (varianceForUpdateField = 3.0000e+00, varianceForTotalField = 0.0000e+00) ***

XXDIAGNOSTIC,Iteration,metricValue,convergenceValue,ITERATION_TIME_INDEX,SINCE_LAST
 1DIAGNOSTIC,     1, -5.240512724771e-01, 1.797693134862e+308, 3.5952e+01, 3.5952e+01, 
 1DIAGNOSTIC,     2, -5.412834658445e-01, 1.797693134862e+308, 3.6094e+01, 1.4111e-01, 
 1DIAGNOSTIC,     3, -5.523931383426e-01, 1.797693134862e+308, 3.6231e+01, 1.3723e-01, 
 1DIAGNOSTIC,     4, -5.560356526304e-01, 1.797693134862e+308, 3.6368e+01, 1.3687e-01, 
 1DIAGNOSTIC,     5, -5.548015345015e-01, 1.797693134862e+308, 3.6502e+01, 1.3390e-01, 
 1DIAGNOSTIC,     6, -5.555746829639e-01, 1.797693134862e+308, 3.6636e+01, 1.3416e-01, 
 1DIAGNOSTIC,     7, -5.528368391053e-01, 1.797693134862e+308, 3.6770e+01, 1.3421e-01, 
 1DIAGNOSTIC,     8, -5.517040547152e-01, 1.797693134862e+308, 3.6904e+01, 1.3388e-01, 
 1DIAGNOSTIC,     9, -5.506751598892e-01, 1.797693134862e+308, 3.7039e+01, 1.3485e-01, 
 1DIAGNOSTIC,    10, -5.470890606716e-01, 1.525816876383e-03, 3.7173e+01, 1.3482e-01, 
 1DIAGNOSTIC,    11, -5.456456315229e-01, -2.766652510608e-04, 3.7308e+01, 1.3473e-01, 
XXDIAGNOSTIC,Iteration,metricValue,convergenceValue,ITERATION_TIME_INDEX,SINCE_LAST
 1DIAGNOSTIC,     1, -4.312829993746e-01, 1.797693134862e+308, 5.3831e+01, 1.6523e+01, 
 1DIAGNOSTIC,     2, -4.331439056744e-01, 1.797693134862e+308, 5.4383e+01, 5.5236e-01, 
 1DIAGNOSTIC,     3, -4.342721208430e-01, 1.797693134862e+308, 5.4922e+01, 5.3850e-01, 
 1DIAGNOSTIC,     4, -4.343942634471e-01, 1.797693134862e+308, 5.5462e+01, 5.4018e-01, 
 1DIAGNOSTIC,     5, -4.338292682672e-01, 1.797693134862e+308, 5.6004e+01, 5.4148e-01, 
 1DIAGNOSTIC,     6, -4.330040145546e-01, 1.797693134862e+308, 5.6543e+01, 5.3986e-01, 
 1DIAGNOSTIC,     7, -4.322735848031e-01, 1.797693134862e+308, 5.7083e+01, 5.3976e-01, 
 1DIAGNOSTIC,     8, -4.315847014621e-01, 1.797693134862e+308, 5.7623e+01, 5.3931e-01, 
 1DIAGNOSTIC,     9, -4.307027410431e-01, 1.797693134862e+308, 5.8168e+01, 5.4521e-01, 
 1DIAGNOSTIC,    10, -4.291474382536e-01, -4.754515362639e-04, 5.8709e+01, 5.4106e-01, 
XXDIAGNOSTIC,Iteration,metricValue,convergenceValue,ITERATION_TIME_INDEX,SINCE_LAST
 1DIAGNOSTIC,     1, -3.656126059335e-01, 1.797693134862e+308, 6.9116e+01, 1.0407e+01, 
 1DIAGNOSTIC,     2, -3.664399711264e-01, 1.797693134862e+308, 7.0881e+01, 1.7647e+00, 
 1DIAGNOSTIC,     3, -3.670916392089e-01, 1.797693134862e+308, 7.2631e+01, 1.7500e+00, 
 1DIAGNOSTIC,     4, -3.672319091519e-01, 1.797693134862e+308, 7.4389e+01, 1.7586e+00, 
 1DIAGNOSTIC,     5, -3.670609725799e-01, 1.797693134862e+308, 7.6149e+01, 1.7592e+00, 
 1DIAGNOSTIC,     6, -3.668819614186e-01, 1.797693134862e+308, 7.7840e+01, 1.6916e+00, 
 1DIAGNOSTIC,     7, -3.665937190114e-01, 1.797693134862e+308, 7.9548e+01, 1.7081e+00, 
 1DIAGNOSTIC,     8, -3.663756296747e-01, 1.797693134862e+308, 8.1255e+01, 1.7067e+00, 
 1DIAGNOSTIC,     9, -3.661268776676e-01, 1.797693134862e+308, 8.3015e+01, 1.7596e+00, 
 1DIAGNOSTIC,    10, -3.659678011060e-01, -5.486104075884e-05, 8.4718e+01, 1.7038e+00, 
XXDIAGNOSTIC,Iteration,metricValue,convergenceValue,ITERATION_TIME_INDEX,SINCE_LAST
 1DIAGNOSTIC,     1, -3.098728136483e-01, 1.797693134862e+308, 1.0412e+02, 1.9397e+01, 
 1DIAGNOSTIC,     2, -3.106997461670e-01, 1.797693134862e+308, 1.1687e+02, 1.2758e+01, 
 1DIAGNOSTIC,     3, -3.115573204478e-01, 1.797693134862e+308, 1.2969e+02, 1.2812e+01, 
 1DIAGNOSTIC,     4, -3.123448318882e-01, 1.797693134862e+308, 1.4296e+02, 1.3276e+01, 
 1DIAGNOSTIC,     5, -3.131667168738e-01, 1.797693134862e+308, 1.5609e+02, 1.3128e+01, 
 1DIAGNOSTIC,     6, -3.138746655866e-01, 1.797693134862e+308, 1.6881e+02, 1.2724e+01, 
 1DIAGNOSTIC,     7, -3.145258991765e-01, 1.797693134862e+308, 1.8196e+02, 1.3151e+01, 
 1DIAGNOSTIC,     8, -3.151344447025e-01, 1.797693134862e+308, 1.9511e+02, 1.3143e+01, 
 1DIAGNOSTIC,     9, -3.156568310431e-01, 1.797693134862e+308, 2.0826e+02, 1.3149e+01, 
 1DIAGNOSTIC,    10, -3.161181400996e-01, 1.293403772452e-03, 2.2149e+02, 1.3230e+01, 
 1DIAGNOSTIC,    11, -3.165653142162e-01, 1.090588279555e-03, 2.3463e+02, 1.3145e+01, 
 1DIAGNOSTIC,    12, -3.169367357399e-01, 9.135303982732e-04, 2.4819e+02, 1.3555e+01, 
 1DIAGNOSTIC,    13, -3.172942107601e-01, 7.653370407069e-04, 2.6174e+02, 1.3558e+01, 
 1DIAGNOSTIC,    14, -3.175171903744e-01, 6.334795710733e-04, 2.7530e+02, 1.3560e+01, 
 1DIAGNOSTIC,    15, -3.177097789452e-01, 5.222605115476e-04, 2.8906e+02, 1.3757e+01, 
 1DIAGNOSTIC,    16, -3.178853983530e-01, 4.266569697426e-04, 3.0266e+02, 1.3594e+01, 
 1DIAGNOSTIC,    17, -3.180663661320e-01, 3.468547129917e-04, 3.1644e+02, 1.3781e+01, 
 1DIAGNOSTIC,    18, -3.182419487807e-01, 2.829080112287e-04, 3.3001e+02, 1.3579e+01, 
 1DIAGNOSTIC,    19, -3.183994673250e-01, 2.316026260334e-04, 3.4363e+02, 1.3620e+01, 
 1DIAGNOSTIC,    20, -3.185466840133e-01, 1.912229489532e-04, 3.5721e+02, 1.3576e+01, 
 1DIAGNOSTIC,    21, -3.187081029610e-01, 1.628780914917e-04, 3.7079e+02, 1.3581e+01, 
 1DIAGNOSTIC,    22, -3.188587540432e-01, 1.430578777290e-04, 3.8432e+02, 1.3525e+01, 
 1DIAGNOSTIC,    23, -3.189524166487e-01, 1.291660033318e-04, 3.9782e+02, 1.3507e+01, 
 1DIAGNOSTIC,    24, -3.190667929565e-01, 1.170119300331e-04, 4.1152e+02, 1.3695e+01, 
 1DIAGNOSTIC,    25, -3.191867609114e-01, 1.060961118014e-04, 4.2501e+02, 1.3490e+01, 
 1DIAGNOSTIC,    26, -3.192889409016e-01, 9.560380200638e-05, 4.3855e+02, 1.3544e+01, 
 1DIAGNOSTIC,    27, -3.193724862970e-01, 8.568037370289e-05, 4.5235e+02, 1.3792e+01, 
 1DIAGNOSTIC,    28, -3.194658939194e-01, 7.706962538798e-05, 4.6586e+02, 1.3514e+01, 
 1DIAGNOSTIC,    29, -3.195321111213e-01, 6.873531814492e-05, 4.7944e+02, 1.3576e+01, 
 1DIAGNOSTIC,    30, -3.195779166890e-01, 6.023628596830e-05, 4.9293e+02, 1.3491e+01, 
 1DIAGNOSTIC,    31, -3.195539913278e-01, 5.058888473195e-05, 5.0642e+02, 1.3488e+01, 
 1DIAGNOSTIC,    32, -3.195833619341e-01, 4.192303611765e-05, 5.1987e+02, 1.3453e+01, 
 1DIAGNOSTIC,    33, -3.195832587001e-01, 3.237519397904e-05, 5.3335e+02, 1.3480e+01, 
 1DIAGNOSTIC,    34, -3.196194092931e-01, 2.431464063730e-05, 5.4686e+02, 1.3508e+01, 
 1DIAGNOSTIC,    35, -3.196560989923e-01, 1.846070645856e-05, 5.6041e+02, 1.3553e+01, 
 1DIAGNOSTIC,    36, -3.196672921344e-01, 1.407090114237e-05, 5.7392e+02, 1.3510e+01, 
 1DIAGNOSTIC,    37, -3.196800700483e-01, 1.097793499836e-05, 5.8741e+02, 1.3489e+01, 
 1DIAGNOSTIC,    38, -3.197190245200e-01, 1.016747979505e-05, 6.0088e+02, 1.3473e+01, 
 1DIAGNOSTIC,    39, -3.197605023005e-01, 1.092211294614e-05, 6.1442e+02, 1.3535e+01, 
 1DIAGNOSTIC,    40, -3.197818999504e-01, 1.217369881741e-05, 6.2796e+02, 1.3548e+01, 
 1DIAGNOSTIC,    41, -3.198110147760e-01, 1.238961296936e-05, 6.4146e+02, 1.3498e+01, 
 1DIAGNOSTIC,    42, -3.198195540648e-01, 1.231033587838e-05, 6.5493e+02, 1.3471e+01, 
 1DIAGNOSTIC,    43, -3.198225175414e-01, 1.117417712717e-05, 6.6849e+02, 1.3556e+01, 
 1DIAGNOSTIC,    44, -3.197840657925e-01, 9.023236224946e-06, 6.8208e+02, 1.3592e+01, 
 1DIAGNOSTIC,    45, -3.197821642957e-01, 6.888950568756e-06, 6.9556e+02, 1.3481e+01, 
 1DIAGNOSTIC,    46, -3.197645040640e-01, 4.127712369306e-06, 7.0902e+02, 1.3459e+01, 
 1DIAGNOSTIC,    47, -3.197652319474e-01, 1.400281906979e-06, 7.2264e+02, 1.3615e+01, 
 1DIAGNOSTIC,    48, -3.197379152704e-01, -1.077160967825e-06, 7.3635e+02, 1.3714e+01, 
  Elapsed time (stage 2): 756.8


Total elapsed time: 904.7

--- Writing output images ---

Using double precision for computations.
Input scalar image: data/Segmentations/1101_3_seg.nii.gz
Reference image: data/template/T_template0_BrainCerebellum.nii.gz
=============================================================================
The composite transform comprises the following transforms (in order): 
  1. /tmp/1971132.1.basic.q/1101_ToTemplate_025_0GenericAffine.mat (type = AffineTransform)
  2. /tmp/1971132.1.basic.q/1101_ToTemplate_025_1Warp.nii.gz (type = DisplacementFieldTransform)
=============================================================================
Default pixel value: 0
Interpolation type: LabelImageGenericInterpolateImageFunction
Output warped image: output/1101/1101_WarpedLabels_025.nii.gz

--- Done ---

