
--- Running on compute-1-0.local ---


--- registration call ---
/data/jet/pcook/bin/antsBuild/bin/antsRegistrationSyNQuick.sh -d 3 -f data/template/T_template0_BrainCerebellum.nii.gz -m data/Brains/1011_3.nii.gz -t s -p d -n 2 -o /tmp/1971295.1.basic.q/1011_ToTemplate_013_
---


--------------------------------------------------------------------------------------
 Mapping parameters
--------------------------------------------------------------------------------------
 ANTSPATH is /data/jet/pcook/bin/antsBuild/bin/

 Dimensionality:           3
 Output name prefix:       /tmp/1971295.1.basic.q/1011_ToTemplate_013_
 Fixed images:             data/template/T_template0_BrainCerebellum.nii.gz
 Moving images:            data/Brains/1011_3.nii.gz
 Mask images:              
 Initial transforms:       
 Number of threads:        2
 Spline distance:          26
 Transform type:           s
 MI histogram bins:        32
 Precision:                d
 Use histogram matching    0
======================================================================================
 antsRegistration call:
--------------------------------------------------------------------------------------
/data/jet/pcook/bin/antsBuild/bin//antsRegistration --verbose 1 --dimensionality 3 --float 0 --collapse-output-transforms 1 --output [/tmp/1971295.1.basic.q/1011_ToTemplate_013_,/tmp/1971295.1.basic.q/1011_ToTemplate_013_Warped.nii.gz,/tmp/1971295.1.basic.q/1011_ToTemplate_013_InverseWarped.nii.gz] --interpolation Linear --use-histogram-matching 0 --winsorize-image-intensities [0.005,0.995] --initial-moving-transform [data/template/T_template0_BrainCerebellum.nii.gz,data/Brains/1011_3.nii.gz,1] --transform Rigid[0.1] --metric MI[data/template/T_template0_BrainCerebellum.nii.gz,data/Brains/1011_3.nii.gz,1,32,Regular,0.25] --convergence [1000x500x250x0,1e-6,10] --shrink-factors 12x8x4x2 --smoothing-sigmas 4x3x2x1vox --transform Affine[0.1] --metric MI[data/template/T_template0_BrainCerebellum.nii.gz,data/Brains/1011_3.nii.gz,1,32,Regular,0.25] --convergence [1000x500x250x0,1e-6,10] --shrink-factors 12x8x4x2 --smoothing-sigmas 4x3x2x1vox --transform SyN[0.1,3,0] --metric MI[data/template/T_template0_BrainCerebellum.nii.gz,data/Brains/1011_3.nii.gz,1,32] --convergence [100x100x70x50x0,1e-6,10] --shrink-factors 10x6x4x2x1 --smoothing-sigmas 5x3x2x1x0vox
--------------------------------------------------------------------------------------
All_Command_lines_OK
Using double precision for computations.
=============================================================================
The composite transform comprises the following transforms (in order): 
  1. Center of mass alignment using fixed image: data/template/T_template0_BrainCerebellum.nii.gz and moving image: data/Brains/1011_3.nii.gz (type = Euler3DTransform)
=============================================================================
  number of levels = 4
  number of levels = 4
  number of levels = 5
  fixed image: data/template/T_template0_BrainCerebellum.nii.gz
  moving image: data/Brains/1011_3.nii.gz
  fixed image: data/template/T_template0_BrainCerebellum.nii.gz
  moving image: data/Brains/1011_3.nii.gz
  fixed image: data/template/T_template0_BrainCerebellum.nii.gz
  moving image: data/Brains/1011_3.nii.gz
Dimension = 3
Number of stages = 3
Use Histogram Matching false
Winsorize image intensities true
Lower quantile = 0.005
Upper quantile = 0.995
Stage 1 State
   Image metric = Mattes
     Fixed image = Image (0x5398f40)
  RTTI typeinfo:   itk::Image<double, 3u>
  Reference Count: 2
  Modified Time: 1611
  Debug: Off
  Object Name: 
  Observers: 
    none
  Source: (none)
  Source output name: (none)
  Release Data: Off
  Data Released: False
  Global Release Data: Off
  PipelineMTime: 0
  UpdateMTime: 1422
  RealTimeStamp: 0 seconds 
  LargestPossibleRegion: 
    Dimension: 3
    Index: [0, 0, 0]
    Size: [216, 256, 291]
  BufferedRegion: 
    Dimension: 3
    Index: [0, 0, 0]
    Size: [216, 256, 291]
  RequestedRegion: 
    Dimension: 3
    Index: [0, 0, 0]
    Size: [216, 256, 291]
  Spacing: [1, 1, 1]
  Origin: [0, 293, 0]
  Direction: 
1 0 0
0 -0 -1
0 -1 -0

  IndexToPointMatrix: 
1 0 0
0 0 -1
0 -1 0

  PointToIndexMatrix: 
1 0 0
0 0 -1
0 -1 0

  Inverse Direction: 
1 0 0
0 0 -1
0 -1 0

  PixelContainer: 
    ImportImageContainer (0x539ca40)
      RTTI typeinfo:   itk::ImportImageContainer<unsigned long, double>
      Reference Count: 1
      Modified Time: 1419
      Debug: Off
      Object Name: 
      Observers: 
        none
      Pointer: 0x7f1932ff4010
      Container manages memory: true
      Size: 16091136
      Capacity: 16091136

     Moving image = Image (0x539afa0)
  RTTI typeinfo:   itk::Image<double, 3u>
  Reference Count: 2
  Modified Time: 1612
  Debug: Off
  Object Name: 
  Observers: 
    none
  Source: (none)
  Source output name: (none)
  Release Data: Off
  Data Released: False
  Global Release Data: Off
  PipelineMTime: 0
  UpdateMTime: 1609
  RealTimeStamp: 0 seconds 
  LargestPossibleRegion: 
    Dimension: 3
    Index: [0, 0, 0]
    Size: [256, 256, 287]
  BufferedRegion: 
    Dimension: 3
    Index: [0, 0, 0]
    Size: [256, 256, 287]
  RequestedRegion: 
    Dimension: 3
    Index: [0, 0, 0]
    Size: [256, 256, 287]
  Spacing: [1, 1, 1]
  Origin: [0, 286, 0]
  Direction: 
1 0 0
0 -0 -1
0 -1 -0

  IndexToPointMatrix: 
1 0 0
0 0 -1
0 -1 0

  PointToIndexMatrix: 
1 0 0
0 0 -1
0 -1 0

  Inverse Direction: 
1 0 0
0 0 -1
0 -1 0

  PixelContainer: 
    ImportImageContainer (0x538bf60)
      RTTI typeinfo:   itk::ImportImageContainer<unsigned long, double>
      Reference Count: 1
      Modified Time: 1606
      Debug: Off
      Object Name: 
      Observers: 
        none
      Pointer: 0x7f192a073010
      Container manages memory: true
      Size: 18808832
      Capacity: 18808832

     Weighting = 1
     Sampling strategy = regular
     Number of bins = 32
     Radius = 4
     Sampling percentage  = 0.25
   Transform = Rigid
     Gradient step = 0.1
     Update field sigma (voxel space) = 0
     Total field sigma (voxel space) = 0
     Update field time sigma = 0
     Total field time sigma  = 0
     Number of time indices = 0
     Number of time point samples = 0
Stage 2 State
   Image metric = Mattes
     Fixed image = Image (0x539f950)
  RTTI typeinfo:   itk::Image<double, 3u>
  Reference Count: 2
  Modified Time: 1987
  Debug: Off
  Object Name: 
  Observers: 
    none
  Source: (none)
  Source output name: (none)
  Release Data: Off
  Data Released: False
  Global Release Data: Off
  PipelineMTime: 0
  UpdateMTime: 1798
  RealTimeStamp: 0 seconds 
  LargestPossibleRegion: 
    Dimension: 3
    Index: [0, 0, 0]
    Size: [216, 256, 291]
  BufferedRegion: 
    Dimension: 3
    Index: [0, 0, 0]
    Size: [216, 256, 291]
  RequestedRegion: 
    Dimension: 3
    Index: [0, 0, 0]
    Size: [216, 256, 291]
  Spacing: [1, 1, 1]
  Origin: [0, 293, 0]
  Direction: 
1 0 0
0 -0 -1
0 -1 -0

  IndexToPointMatrix: 
1 0 0
0 0 -1
0 -1 0

  PointToIndexMatrix: 
1 0 0
0 0 -1
0 -1 0

  Inverse Direction: 
1 0 0
0 0 -1
0 -1 0

  PixelContainer: 
    ImportImageContainer (0x539bbc0)
      RTTI typeinfo:   itk::ImportImageContainer<unsigned long, double>
      Reference Count: 1
      Modified Time: 1795
      Debug: Off
      Object Name: 
      Observers: 
        none
      Pointer: 0x7f19225ae010
      Container manages memory: true
      Size: 16091136
      Capacity: 16091136

     Moving image = Image (0x53ac2d0)
  RTTI typeinfo:   itk::Image<double, 3u>
  Reference Count: 2
  Modified Time: 1988
  Debug: Off
  Object Name: 
  Observers: 
    none
  Source: (none)
  Source output name: (none)
  Release Data: Off
  Data Released: False
  Global Release Data: Off
  PipelineMTime: 0
  UpdateMTime: 1985
  RealTimeStamp: 0 seconds 
  LargestPossibleRegion: 
    Dimension: 3
    Index: [0, 0, 0]
    Size: [256, 256, 287]
  BufferedRegion: 
    Dimension: 3
    Index: [0, 0, 0]
    Size: [256, 256, 287]
  RequestedRegion: 
    Dimension: 3
    Index: [0, 0, 0]
    Size: [256, 256, 287]
  Spacing: [1, 1, 1]
  Origin: [0, 286, 0]
  Direction: 
1 0 0
0 -0 -1
0 -1 -0

  IndexToPointMatrix: 
1 0 0
0 0 -1
0 -1 0

  PointToIndexMatrix: 
1 0 0
0 0 -1
0 -1 0

  Inverse Direction: 
1 0 0
0 0 -1
0 -1 0

  PixelContainer: 
    ImportImageContainer (0x53abc50)
      RTTI typeinfo:   itk::ImportImageContainer<unsigned long, double>
      Reference Count: 1
      Modified Time: 1982
      Debug: Off
      Object Name: 
      Observers: 
        none
      Pointer: 0x7f191962d010
      Container manages memory: true
      Size: 18808832
      Capacity: 18808832

     Weighting = 1
     Sampling strategy = regular
     Number of bins = 32
     Radius = 4
     Sampling percentage  = 0.25
   Transform = Affine
     Gradient step = 0.1
     Update field sigma (voxel space) = 0
     Total field sigma (voxel space) = 0
     Update field time sigma = 0
     Total field time sigma  = 0
     Number of time indices = 0
     Number of time point samples = 0
Stage 3 State
   Image metric = Mattes
     Fixed image = Image (0x53b2170)
  RTTI typeinfo:   itk::Image<double, 3u>
  Reference Count: 2
  Modified Time: 2363
  Debug: Off
  Object Name: 
  Observers: 
    none
  Source: (none)
  Source output name: (none)
  Release Data: Off
  Data Released: False
  Global Release Data: Off
  PipelineMTime: 0
  UpdateMTime: 2174
  RealTimeStamp: 0 seconds 
  LargestPossibleRegion: 
    Dimension: 3
    Index: [0, 0, 0]
    Size: [216, 256, 291]
  BufferedRegion: 
    Dimension: 3
    Index: [0, 0, 0]
    Size: [216, 256, 291]
  RequestedRegion: 
    Dimension: 3
    Index: [0, 0, 0]
    Size: [216, 256, 291]
  Spacing: [1, 1, 1]
  Origin: [0, 293, 0]
  Direction: 
1 0 0
0 -0 -1
0 -1 -0

  IndexToPointMatrix: 
1 0 0
0 0 -1
0 -1 0

  PointToIndexMatrix: 
1 0 0
0 0 -1
0 -1 0

  Inverse Direction: 
1 0 0
0 0 -1
0 -1 0

  PixelContainer: 
    ImportImageContainer (0x53ad2d0)
      RTTI typeinfo:   itk::ImportImageContainer<unsigned long, double>
      Reference Count: 1
      Modified Time: 2171
      Debug: Off
      Object Name: 
      Observers: 
        none
      Pointer: 0x7f1911b68010
      Container manages memory: true
      Size: 16091136
      Capacity: 16091136

     Moving image = Image (0x53b1be0)
  RTTI typeinfo:   itk::Image<double, 3u>
  Reference Count: 2
  Modified Time: 2364
  Debug: Off
  Object Name: 
  Observers: 
    none
  Source: (none)
  Source output name: (none)
  Release Data: Off
  Data Released: False
  Global Release Data: Off
  PipelineMTime: 0
  UpdateMTime: 2361
  RealTimeStamp: 0 seconds 
  LargestPossibleRegion: 
    Dimension: 3
    Index: [0, 0, 0]
    Size: [256, 256, 287]
  BufferedRegion: 
    Dimension: 3
    Index: [0, 0, 0]
    Size: [256, 256, 287]
  RequestedRegion: 
    Dimension: 3
    Index: [0, 0, 0]
    Size: [256, 256, 287]
  Spacing: [1, 1, 1]
  Origin: [0, 286, 0]
  Direction: 
1 0 0
0 -0 -1
0 -1 -0

  IndexToPointMatrix: 
1 0 0
0 0 -1
0 -1 0

  PointToIndexMatrix: 
1 0 0
0 0 -1
0 -1 0

  Inverse Direction: 
1 0 0
0 0 -1
0 -1 0

  PixelContainer: 
    ImportImageContainer (0x53b3ef0)
      RTTI typeinfo:   itk::ImportImageContainer<unsigned long, double>
      Reference Count: 1
      Modified Time: 2358
      Debug: Off
      Object Name: 
      Observers: 
        none
      Pointer: 0x7f1908be7010
      Container manages memory: true
      Size: 18808832
      Capacity: 18808832

     Weighting = 1
     Sampling strategy = none
     Number of bins = 32
     Radius = 4
     Sampling percentage  = 1
   Transform = SyN
     Gradient step = 0.1
     Update field sigma (voxel space) = 3
     Total field sigma (voxel space) = 0
     Update field time sigma = 0
     Total field time sigma  = 0
     Number of time indices = 0
     Number of time point samples = 0
Registration using 3 total stages.

Stage 0
  iterations = 1000x500x250x0
  convergence threshold = 1e-06
  convergence window size = 10
  number of levels = 4
  using the Mattes MI metric (number of bins = 32, weight = 1)
  preprocessing:  winsorizing the image intensities
  Shrink factors (level 1 out of 4): [12, 12, 12]
  Shrink factors (level 2 out of 4): [8, 8, 8]
  Shrink factors (level 3 out of 4): [4, 4, 4]
  Shrink factors (level 4 out of 4): [2, 2, 2]
  smoothing sigmas per level: [4, 3, 2, 1]
  regular sampling (percentage = 0.25)

*** Running Euler3DTransform registration ***

DIAGNOSTIC,Iteration,metricValue,convergenceValue,ITERATION_TIME_INDEX,SINCE_LAST
 2DIAGNOSTIC,     1, -4.975247673322e-01, 1.797693134862e+308, 2.1407e+01, 2.1407e+01, 
 2DIAGNOSTIC,     2, -4.991257874864e-01, 1.797693134862e+308, 2.1418e+01, 1.0625e-02, 
 2DIAGNOSTIC,     3, -5.018982619591e-01, 1.797693134862e+308, 2.1428e+01, 1.0338e-02, 
 2DIAGNOSTIC,     4, -5.050299230938e-01, 1.797693134862e+308, 2.1439e+01, 1.0495e-02, 
 2DIAGNOSTIC,     5, -5.065206073628e-01, 1.797693134862e+308, 2.1449e+01, 1.0473e-02, 
 2DIAGNOSTIC,     6, -5.075383757760e-01, 1.797693134862e+308, 2.1460e+01, 1.0434e-02, 
 2DIAGNOSTIC,     7, -5.083885096634e-01, 1.797693134862e+308, 2.1473e+01, 1.3373e-02, 
 2DIAGNOSTIC,     8, -5.086769120198e-01, 1.797693134862e+308, 2.1485e+01, 1.1749e-02, 
 2DIAGNOSTIC,     9, -5.090698222764e-01, 1.797693134862e+308, 2.1495e+01, 1.0344e-02, 
 2DIAGNOSTIC,    10, -5.128617052529e-01, 1.718542429479e-03, 2.1509e+01, 1.4278e-02, 
 2DIAGNOSTIC,    11, -5.179995276269e-01, 1.656489661367e-03, 2.1528e+01, 1.8987e-02, 
 2DIAGNOSTIC,    12, -5.210597266756e-01, 1.667454458622e-03, 2.1539e+01, 1.1059e-02, 
 2DIAGNOSTIC,    13, -5.316011997590e-01, 2.093968745615e-03, 2.1552e+01, 1.2572e-02, 
 2DIAGNOSTIC,    14, -5.341664197126e-01, 2.484314980675e-03, 2.1564e+01, 1.2335e-02, 
 2DIAGNOSTIC,    15, -5.346639810126e-01, 2.667969364051e-03, 2.1576e+01, 1.2258e-02, 
 2DIAGNOSTIC,    16, -5.350835164770e-01, 2.635569627229e-03, 2.1589e+01, 1.2104e-02, 
 2DIAGNOSTIC,    17, -5.349773573480e-01, 2.388864918061e-03, 2.1601e+01, 1.2145e-02, 
 2DIAGNOSTIC,    18, -5.351364769132e-01, 1.962161550538e-03, 2.1611e+01, 1.0386e-02, 
 2DIAGNOSTIC,    19, -5.351432035210e-01, 1.409783494731e-03, 2.1623e+01, 1.2122e-02, 
 2DIAGNOSTIC,    20, -5.355971248433e-01, 9.012386295282e-04, 2.1635e+01, 1.1942e-02, 
 2DIAGNOSTIC,    21, -5.352347819798e-01, 4.850330428162e-04, 2.1646e+01, 1.0665e-02, 
 2DIAGNOSTIC,    22, -5.353933585333e-01, 1.364782297043e-04, 2.1658e+01, 1.2053e-02, 
 2DIAGNOSTIC,    23, -5.355993304865e-01, 5.994664243757e-05, 2.1675e+01, 1.6713e-02, 
 2DIAGNOSTIC,    24, -5.357537191153e-01, 4.572451623200e-05, 2.1687e+01, 1.2161e-02, 
 2DIAGNOSTIC,    25, -5.358358820750e-01, 4.077758417954e-05, 2.1697e+01, 1.0596e-02, 
 2DIAGNOSTIC,    26, -5.357915966478e-01, 4.060826602693e-05, 2.1709e+01, 1.2113e-02, 
 2DIAGNOSTIC,    27, -5.358326245024e-01, 3.555029234608e-05, 2.1722e+01, 1.2182e-02, 
 2DIAGNOSTIC,    28, -5.357788799717e-01, 2.955951605071e-05, 2.1734e+01, 1.2171e-02, 
 2DIAGNOSTIC,    29, -5.357080295449e-01, 1.979081994445e-05, 2.1749e+01, 1.5091e-02, 
 2DIAGNOSTIC,    30, -5.355609812099e-01, 1.475646398626e-05, 2.1759e+01, 1.0432e-02, 
DIAGNOSTIC,Iteration,metricValue,convergenceValue,ITERATION_TIME_INDEX,SINCE_LAST
 2DIAGNOSTIC,     1, -4.543084510857e-01, 1.797693134862e+308, 3.7238e+01, 1.5478e+01, 
 2DIAGNOSTIC,     2, -4.548779859886e-01, 1.797693134862e+308, 3.7294e+01, 5.5813e-02, 
 2DIAGNOSTIC,     3, -4.554445119656e-01, 1.797693134862e+308, 3.7350e+01, 5.6118e-02, 
 2DIAGNOSTIC,     4, -4.555921303780e-01, 1.797693134862e+308, 3.7416e+01, 6.6427e-02, 
 2DIAGNOSTIC,     5, -4.556748587959e-01, 1.797693134862e+308, 3.7472e+01, 5.5791e-02, 
 2DIAGNOSTIC,     6, -4.557699585215e-01, 1.797693134862e+308, 3.7528e+01, 5.5673e-02, 
 2DIAGNOSTIC,     7, -4.558824833877e-01, 1.797693134862e+308, 3.7604e+01, 7.6171e-02, 
 2DIAGNOSTIC,     8, -4.559095573777e-01, 1.797693134862e+308, 3.7670e+01, 6.5862e-02, 
 2DIAGNOSTIC,     9, -4.559944435122e-01, 1.797693134862e+308, 3.7736e+01, 6.6113e-02, 
 2DIAGNOSTIC,    10, -4.560940849344e-01, 2.052372802660e-04, 3.7823e+01, 8.7475e-02, 
 2DIAGNOSTIC,    11, -4.560855781491e-01, 1.268436342277e-04, 3.7880e+01, 5.7000e-02, 
 2DIAGNOSTIC,    12, -4.560550045201e-01, 7.777354999504e-05, 3.7957e+01, 7.6939e-02, 
 2DIAGNOSTIC,    13, -4.560137598151e-01, 5.465589320192e-05, 3.8034e+01, 7.7251e-02, 
 2DIAGNOSTIC,    14, -4.559690539875e-01, 3.465852318772e-05, 3.8101e+01, 6.6967e-02, 
 2DIAGNOSTIC,    15, -4.559230370573e-01, 1.579048535967e-05, 3.8158e+01, 5.6532e-02, 
DIAGNOSTIC,Iteration,metricValue,convergenceValue,ITERATION_TIME_INDEX,SINCE_LAST
 2DIAGNOSTIC,     1, -3.897737423020e-01, 1.797693134862e+308, 4.7183e+01, 9.0249e+00, 
 2DIAGNOSTIC,     2, -3.899621711696e-01, 1.797693134862e+308, 4.7639e+01, 4.5657e-01, 
 2DIAGNOSTIC,     3, -3.901283749683e-01, 1.797693134862e+308, 4.8185e+01, 5.4593e-01, 
 2DIAGNOSTIC,     4, -3.901969016775e-01, 1.797693134862e+308, 4.8642e+01, 4.5665e-01, 
 2DIAGNOSTIC,     5, -3.903260749981e-01, 1.797693134862e+308, 4.9099e+01, 4.5676e-01, 
 2DIAGNOSTIC,     6, -3.905614571404e-01, 1.797693134862e+308, 4.9556e+01, 4.5694e-01, 
 2DIAGNOSTIC,     7, -3.909060986172e-01, 1.797693134862e+308, 5.0014e+01, 4.5786e-01, 
 2DIAGNOSTIC,     8, -3.912650223802e-01, 1.797693134862e+308, 5.1009e+01, 9.9518e-01, 
 2DIAGNOSTIC,     9, -3.912625291714e-01, 1.797693134862e+308, 5.1556e+01, 5.4752e-01, 
 2DIAGNOSTIC,    10, -3.912621924553e-01, 2.791582498873e-04, 5.2103e+01, 5.4643e-01, 
 2DIAGNOSTIC,    11, -3.912572445439e-01, 2.363152855460e-04, 5.2650e+01, 5.4748e-01, 
 2DIAGNOSTIC,    12, -3.912436262330e-01, 1.897017674490e-04, 5.3197e+01, 5.4705e-01, 
 2DIAGNOSTIC,    13, -3.912540074850e-01, 1.430620960192e-04, 5.3746e+01, 5.4893e-01, 
 2DIAGNOSTIC,    14, -3.912417322068e-01, 9.339694945168e-05, 5.4293e+01, 5.4698e-01, 
 2DIAGNOSTIC,    15, -3.912360143250e-01, 4.820092718630e-05, 5.4837e+01, 5.4421e-01, 
 2DIAGNOSTIC,    16, -3.912403048331e-01, 1.508885054606e-05, 5.5473e+01, 6.3591e-01, 
DIAGNOSTIC,Iteration,metricValue,convergenceValue,ITERATION_TIME_INDEX,SINCE_LAST
 2DIAGNOSTIC,     1, -3.402229624012e-01, 1.797693134862e+308, 6.4765e+01, 9.2914e+00, 
  Elapsed time (stage 0): 6.6599e+01


Stage 1
  iterations = 1000x500x250x0
  convergence threshold = 1.0000e-06
  convergence window size = 10
  number of levels = 4
  using the Mattes MI metric (number of bins = 32, weight = 1.0000e+00)
  preprocessing:  winsorizing the image intensities
  Shrink factors (level 1 out of 4): [12, 12, 12]
  Shrink factors (level 2 out of 4): [8, 8, 8]
  Shrink factors (level 3 out of 4): [4, 4, 4]
  Shrink factors (level 4 out of 4): [2, 2, 2]
  smoothing sigmas per level: [4, 3, 2, 1]
  regular sampling (percentage = 2.5000e-01)

*** Running AffineTransform registration ***

DIAGNOSTIC,Iteration,metricValue,convergenceValue,ITERATION_TIME_INDEX,SINCE_LAST
 2DIAGNOSTIC,     1, -5.322828228286e-01, 1.797693134862e+308, 2.1312e+01, 2.1312e+01, 
 2DIAGNOSTIC,     2, -5.332331668386e-01, 1.797693134862e+308, 2.1325e+01, 1.3561e-02, 
 2DIAGNOSTIC,     3, -5.340736015452e-01, 1.797693134862e+308, 2.1339e+01, 1.4078e-02, 
 2DIAGNOSTIC,     4, -5.354497041988e-01, 1.797693134862e+308, 2.1353e+01, 1.3414e-02, 
 2DIAGNOSTIC,     5, -5.368652856462e-01, 1.797693134862e+308, 2.1366e+01, 1.3669e-02, 
 2DIAGNOSTIC,     6, -5.388451816534e-01, 1.797693134862e+308, 2.1381e+01, 1.4982e-02, 
 2DIAGNOSTIC,     7, -5.405538652312e-01, 1.797693134862e+308, 2.1400e+01, 1.8309e-02, 
 2DIAGNOSTIC,     8, -5.409070614736e-01, 1.797693134862e+308, 2.1413e+01, 1.3094e-02, 
 2DIAGNOSTIC,     9, -5.412374087754e-01, 1.797693134862e+308, 2.1426e+01, 1.3611e-02, 
 2DIAGNOSTIC,    10, -5.417612454727e-01, 1.271045015256e-03, 2.1445e+01, 1.8664e-02, 
 2DIAGNOSTIC,    11, -5.419261622221e-01, 1.042388354686e-03, 2.1459e+01, 1.4127e-02, 
 2DIAGNOSTIC,    12, -5.420360324138e-01, 8.049310943535e-04, 2.1475e+01, 1.5406e-02, 
 2DIAGNOSTIC,    13, -5.419623754470e-01, 5.631250542504e-04, 2.1492e+01, 1.7365e-02, 
 2DIAGNOSTIC,    14, -5.421684918599e-01, 3.650858710006e-04, 2.1506e+01, 1.3859e-02, 
 2DIAGNOSTIC,    15, -5.423189083539e-01, 2.139189036446e-04, 2.1520e+01, 1.4187e-02, 
 2DIAGNOSTIC,    16, -5.430784241764e-01, 1.509994055429e-04, 2.1535e+01, 1.5530e-02, 
 2DIAGNOSTIC,    17, -5.429347454499e-01, 1.298109556691e-04, 2.1553e+01, 1.7356e-02, 
 2DIAGNOSTIC,    18, -5.427425947429e-01, 1.043381376970e-04, 2.1567e+01, 1.3992e-02, 
 2DIAGNOSTIC,    19, -5.429206986571e-01, 8.617807546513e-05, 2.1581e+01, 1.4092e-02, 
 2DIAGNOSTIC,    20, -5.431091638989e-01, 8.019698104071e-05, 2.1595e+01, 1.4001e-02, 
 2DIAGNOSTIC,    21, -5.446728590817e-01, 1.102636928386e-04, 2.1610e+01, 1.4630e-02, 
 2DIAGNOSTIC,    22, -5.467620148218e-01, 1.791883217110e-04, 2.1630e+01, 2.0781e-02, 
 2DIAGNOSTIC,    23, -5.477394417012e-01, 2.454589294370e-04, 2.1645e+01, 1.4313e-02, 
 2DIAGNOSTIC,    24, -5.483506955356e-01, 3.016317297171e-04, 2.1660e+01, 1.5443e-02, 
 2DIAGNOSTIC,    25, -5.487854856188e-01, 3.371771943812e-04, 2.1677e+01, 1.7222e-02, 
 2DIAGNOSTIC,    26, -5.485360282186e-01, 3.482848675153e-04, 2.1694e+01, 1.6987e-02, 
 2DIAGNOSTIC,    27, -5.484211099686e-01, 3.206383129868e-04, 2.1709e+01, 1.4218e-02, 
 2DIAGNOSTIC,    28, -5.482765090068e-01, 2.586332410308e-04, 2.1722e+01, 1.3695e-02, 
 2DIAGNOSTIC,    29, -5.481627360422e-01, 1.783588923357e-04, 2.1736e+01, 1.3963e-02, 
 2DIAGNOSTIC,    30, -5.483075923230e-01, 9.233284085695e-05, 2.1750e+01, 1.3606e-02, 
 2DIAGNOSTIC,    31, -5.494333065137e-01, 4.797180673806e-05, 2.1765e+01, 1.5571e-02, 
 2DIAGNOSTIC,    32, -5.516147012691e-01, 7.111154194833e-05, 2.1784e+01, 1.8444e-02, 
 2DIAGNOSTIC,    33, -5.516446213166e-01, 1.012042327044e-04, 2.1799e+01, 1.5505e-02, 
 2DIAGNOSTIC,    34, -5.512557635455e-01, 1.238477258356e-04, 2.1813e+01, 1.3566e-02, 
 2DIAGNOSTIC,    35, -5.515182641841e-01, 1.445759678034e-04, 2.1828e+01, 1.5512e-02, 
 2DIAGNOSTIC,    36, -5.515944802449e-01, 1.473894301765e-04, 2.1842e+01, 1.3623e-02, 
 2DIAGNOSTIC,    37, -5.518923432586e-01, 1.381081622899e-04, 2.1858e+01, 1.5546e-02, 
 2DIAGNOSTIC,    38, -5.524354440832e-01, 1.219029386516e-04, 2.1875e+01, 1.7165e-02, 
 2DIAGNOSTIC,    39, -5.527147212103e-01, 9.775240324425e-05, 2.1890e+01, 1.5523e-02, 
 2DIAGNOSTIC,    40, -5.527343588960e-01, 6.766175663544e-05, 2.1905e+01, 1.5036e-02, 
 2DIAGNOSTIC,    41, -5.527797633558e-01, 4.680873103064e-05, 2.1921e+01, 1.5482e-02, 
 2DIAGNOSTIC,    42, -5.528408847322e-01, 5.033629329123e-05, 2.1934e+01, 1.3525e-02, 
 2DIAGNOSTIC,    43, -5.528594241327e-01, 4.959105241217e-05, 2.1950e+01, 1.5356e-02, 
 2DIAGNOSTIC,    44, -5.528738018883e-01, 3.968894760983e-05, 2.1966e+01, 1.6633e-02, 
 2DIAGNOSTIC,    45, -5.528830886164e-01, 2.976328667843e-05, 2.1980e+01, 1.3947e-02, 
 2DIAGNOSTIC,    46, -5.531046347662e-01, 2.088487293123e-05, 2.1995e+01, 1.5252e-02, 
 2DIAGNOSTIC,    47, -5.531779500484e-01, 1.435546527004e-05, 2.2009e+01, 1.3917e-02, 
 2DIAGNOSTIC,    48, -5.526568675812e-01, 6.956851218428e-06, 2.2025e+01, 1.5277e-02, 
DIAGNOSTIC,Iteration,metricValue,convergenceValue,ITERATION_TIME_INDEX,SINCE_LAST
 2DIAGNOSTIC,     1, -4.725327094375e-01, 1.797693134862e+308, 3.7515e+01, 1.5490e+01, 
 2DIAGNOSTIC,     2, -4.734763408012e-01, 1.797693134862e+308, 3.7582e+01, 6.7456e-02, 
 2DIAGNOSTIC,     3, -4.749566018983e-01, 1.797693134862e+308, 3.7651e+01, 6.8680e-02, 
 2DIAGNOSTIC,     4, -4.760133718213e-01, 1.797693134862e+308, 3.7718e+01, 6.7477e-02, 
 2DIAGNOSTIC,     5, -4.768115957080e-01, 1.797693134862e+308, 3.7787e+01, 6.8702e-02, 
 2DIAGNOSTIC,     6, -4.775314357263e-01, 1.797693134862e+308, 3.7855e+01, 6.7715e-02, 
 2DIAGNOSTIC,     7, -4.788675107795e-01, 1.797693134862e+308, 3.7945e+01, 9.0589e-02, 
 2DIAGNOSTIC,     8, -4.798757576716e-01, 1.797693134862e+308, 3.8034e+01, 8.8811e-02, 
 2DIAGNOSTIC,     9, -4.799654604172e-01, 1.797693134862e+308, 3.8113e+01, 7.9404e-02, 
 2DIAGNOSTIC,    10, -4.799671444672e-01, 1.076185713659e-03, 3.8181e+01, 6.8068e-02, 
 2DIAGNOSTIC,    11, -4.800705079029e-01, 8.364307308296e-04, 3.8250e+01, 6.8402e-02, 
 2DIAGNOSTIC,    12, -4.801888649523e-01, 6.124681719958e-04, 3.8340e+01, 9.0569e-02, 
 2DIAGNOSTIC,    13, -4.803223697929e-01, 4.404150202277e-04, 3.8494e+01, 1.5358e-01, 
 2DIAGNOSTIC,    14, -4.803337835670e-01, 2.987400929377e-04, 3.8561e+01, 6.7500e-02, 
 2DIAGNOSTIC,    15, -4.802843386805e-01, 1.792346393554e-04, 3.8631e+01, 6.9206e-02, 
 2DIAGNOSTIC,    16, -4.802867258172e-01, 8.446206343252e-05, 3.8698e+01, 6.7632e-02, 
 2DIAGNOSTIC,    17, -4.802907329640e-01, 3.904181153517e-05, 3.8778e+01, 7.9804e-02, 
 2DIAGNOSTIC,    18, -4.802947146029e-01, 2.851185570643e-05, 3.8846e+01, 6.7961e-02, 
 2DIAGNOSTIC,    19, -4.802496628086e-01, 1.809408541076e-05, 3.8915e+01, 6.8619e-02, 
 2DIAGNOSTIC,    20, -4.802606804124e-01, 7.657574173800e-06, 3.8982e+01, 6.7294e-02, 
DIAGNOSTIC,Iteration,metricValue,convergenceValue,ITERATION_TIME_INDEX,SINCE_LAST
 2DIAGNOSTIC,     1, -4.049073033400e-01, 1.797693134862e+308, 4.8048e+01, 9.0659e+00, 
 2DIAGNOSTIC,     2, -4.053994425779e-01, 1.797693134862e+308, 4.8597e+01, 5.4885e-01, 
 2DIAGNOSTIC,     3, -4.058153598758e-01, 1.797693134862e+308, 4.9144e+01, 5.4736e-01, 
 2DIAGNOSTIC,     4, -4.060563283321e-01, 1.797693134862e+308, 4.9784e+01, 6.3948e-01, 
 2DIAGNOSTIC,     5, -4.061615814153e-01, 1.797693134862e+308, 5.0324e+01, 5.4019e-01, 
 2DIAGNOSTIC,     6, -4.061711832003e-01, 1.797693134862e+308, 5.1236e+01, 9.1202e-01, 
 2DIAGNOSTIC,     7, -4.061814101804e-01, 1.797693134862e+308, 5.2048e+01, 8.1203e-01, 
 2DIAGNOSTIC,     8, -4.061698248344e-01, 1.797693134862e+308, 5.2866e+01, 8.1782e-01, 
 2DIAGNOSTIC,     9, -4.061602404851e-01, 1.797693134862e+308, 5.3492e+01, 6.2651e-01, 
 2DIAGNOSTIC,    10, -4.061556981207e-01, 1.587501557460e-04, 5.4035e+01, 5.4242e-01, 
 2DIAGNOSTIC,    11, -4.061459772033e-01, 7.432837385676e-05, 5.4662e+01, 6.2695e-01, 
 2DIAGNOSTIC,    12, -4.061415835312e-01, 2.560263826448e-05, 5.5204e+01, 5.4278e-01, 
 2DIAGNOSTIC,    13, -4.061325096915e-01, 3.925083548642e-06, 5.5832e+01, 6.2733e-01, 
DIAGNOSTIC,Iteration,metricValue,convergenceValue,ITERATION_TIME_INDEX,SINCE_LAST
 2DIAGNOSTIC,     1, -3.536237028569e-01, 1.797693134862e+308, 6.5350e+01, 9.5188e+00, 
  Elapsed time (stage 1): 6.7183e+01


Stage 2
  iterations = 100x100x70x50x0
  convergence threshold = 1.0000e-06
  convergence window size = 10
  number of levels = 5
  using the Mattes MI metric (number of bins = 32, weight = 1.0000e+00)
  preprocessing:  winsorizing the image intensities
  Shrink factors (level 1 out of 5): [10, 10, 10]
  Shrink factors (level 2 out of 5): [6, 6, 6]
  Shrink factors (level 3 out of 5): [4, 4, 4]
  Shrink factors (level 4 out of 5): [2, 2, 2]
  Shrink factors (level 5 out of 5): [1, 1, 1]
  smoothing sigmas per level: [5, 3, 2, 1, 0]
  Using default NONE metricSamplingStrategy 

*** Running SyN registration (varianceForUpdateField = 3.0000e+00, varianceForTotalField = 0.0000e+00) ***

XXDIAGNOSTIC,Iteration,metricValue,convergenceValue,ITERATION_TIME_INDEX,SINCE_LAST
 1DIAGNOSTIC,     1, -5.238786040453e-01, 1.797693134862e+308, 3.4111e+01, 3.4111e+01, 
 1DIAGNOSTIC,     2, -5.453400201811e-01, 1.797693134862e+308, 3.4251e+01, 1.4006e-01, 
 1DIAGNOSTIC,     3, -5.591495755064e-01, 1.797693134862e+308, 3.4388e+01, 1.3693e-01, 
 1DIAGNOSTIC,     4, -5.632244736294e-01, 1.797693134862e+308, 3.4523e+01, 1.3421e-01, 
 1DIAGNOSTIC,     5, -5.632590470202e-01, 1.797693134862e+308, 3.4657e+01, 1.3402e-01, 
 1DIAGNOSTIC,     6, -5.618602633459e-01, 1.797693134862e+308, 3.4791e+01, 1.3417e-01, 
 1DIAGNOSTIC,     7, -5.582498228490e-01, 1.797693134862e+308, 3.4925e+01, 1.3442e-01, 
 1DIAGNOSTIC,     8, -5.554580129806e-01, 1.797693134862e+308, 3.5059e+01, 1.3432e-01, 
 1DIAGNOSTIC,     9, -5.551440596589e-01, 1.797693134862e+308, 3.5194e+01, 1.3440e-01, 
 1DIAGNOSTIC,    10, -5.526304748272e-01, 1.654141078798e-03, 3.5329e+01, 1.3465e-01, 
 1DIAGNOSTIC,    11, -5.510909067967e-01, -4.570992691044e-04, 3.5464e+01, 1.3505e-01, 
XXDIAGNOSTIC,Iteration,metricValue,convergenceValue,ITERATION_TIME_INDEX,SINCE_LAST
 1DIAGNOSTIC,     1, -4.373862149675e-01, 1.797693134862e+308, 5.1545e+01, 1.6082e+01, 
 1DIAGNOSTIC,     2, -4.405392250170e-01, 1.797693134862e+308, 5.2111e+01, 5.6576e-01, 
 1DIAGNOSTIC,     3, -4.424159325322e-01, 1.797693134862e+308, 5.2646e+01, 5.3499e-01, 
 1DIAGNOSTIC,     4, -4.425527545519e-01, 1.797693134862e+308, 5.3182e+01, 5.3558e-01, 
 1DIAGNOSTIC,     5, -4.417939306854e-01, 1.797693134862e+308, 5.3716e+01, 5.3485e-01, 
 1DIAGNOSTIC,     6, -4.411235150617e-01, 1.797693134862e+308, 5.4253e+01, 5.3614e-01, 
 1DIAGNOSTIC,     7, -4.403008870486e-01, 1.797693134862e+308, 5.4787e+01, 5.3470e-01, 
 1DIAGNOSTIC,     8, -4.393234431593e-01, 1.797693134862e+308, 5.5323e+01, 5.3561e-01, 
 1DIAGNOSTIC,     9, -4.383449732492e-01, 1.797693134862e+308, 5.5859e+01, 5.3609e-01, 
 1DIAGNOSTIC,    10, -4.372288382141e-01, -3.460322808777e-04, 5.6396e+01, 5.3701e-01, 
XXDIAGNOSTIC,Iteration,metricValue,convergenceValue,ITERATION_TIME_INDEX,SINCE_LAST
 1DIAGNOSTIC,     1, -3.728047926007e-01, 1.797693134862e+308, 6.6531e+01, 1.0134e+01, 
 1DIAGNOSTIC,     2, -3.738195142965e-01, 1.797693134862e+308, 6.8225e+01, 1.6944e+00, 
 1DIAGNOSTIC,     3, -3.744062288780e-01, 1.797693134862e+308, 6.9911e+01, 1.6861e+00, 
 1DIAGNOSTIC,     4, -3.747070824657e-01, 1.797693134862e+308, 7.1599e+01, 1.6883e+00, 
 1DIAGNOSTIC,     5, -3.749280231489e-01, 1.797693134862e+308, 7.3283e+01, 1.6835e+00, 
 1DIAGNOSTIC,     6, -3.749271367341e-01, 1.797693134862e+308, 7.4976e+01, 1.6931e+00, 
 1DIAGNOSTIC,     7, -3.747210537525e-01, 1.797693134862e+308, 7.6664e+01, 1.6877e+00, 
 1DIAGNOSTIC,     8, -3.744141943589e-01, 1.797693134862e+308, 7.8357e+01, 1.6935e+00, 
 1DIAGNOSTIC,     9, -3.740589913035e-01, 1.797693134862e+308, 8.0044e+01, 1.6869e+00, 
 1DIAGNOSTIC,    10, -3.737007112247e-01, 8.801744245157e-05, 8.1729e+01, 1.6845e+00, 
 1DIAGNOSTIC,    11, -3.733559688099e-01, -1.220105335243e-04, 8.3420e+01, 1.6918e+00, 
XXDIAGNOSTIC,Iteration,metricValue,convergenceValue,ITERATION_TIME_INDEX,SINCE_LAST
 1DIAGNOSTIC,     1, -3.161223694978e-01, 1.797693134862e+308, 1.0257e+02, 1.9148e+01, 
 1DIAGNOSTIC,     2, -3.169555431076e-01, 1.797693134862e+308, 1.1571e+02, 1.3145e+01, 
 1DIAGNOSTIC,     3, -3.179484312663e-01, 1.797693134862e+308, 1.2930e+02, 1.3590e+01, 
 1DIAGNOSTIC,     4, -3.189091851937e-01, 1.797693134862e+308, 1.4195e+02, 1.2647e+01, 
 1DIAGNOSTIC,     5, -3.196153704587e-01, 1.797693134862e+308, 1.5460e+02, 1.2653e+01, 
 1DIAGNOSTIC,     6, -3.202165426608e-01, 1.797693134862e+308, 1.6729e+02, 1.2683e+01, 
 1DIAGNOSTIC,     7, -3.207174069817e-01, 1.797693134862e+308, 1.7996e+02, 1.2675e+01, 
 1DIAGNOSTIC,     8, -3.211120354263e-01, 1.797693134862e+308, 1.9267e+02, 1.2705e+01, 
 1DIAGNOSTIC,     9, -3.214824745668e-01, 1.797693134862e+308, 2.0539e+02, 1.2725e+01, 
 1DIAGNOSTIC,    10, -3.218515872627e-01, 1.146155441356e-03, 2.1809e+02, 1.2698e+01, 
 1DIAGNOSTIC,    11, -3.222027331336e-01, 9.115896736985e-04, 2.3074e+02, 1.2649e+01, 
 1DIAGNOSTIC,    12, -3.225414200977e-01, 7.203863226000e-04, 2.4385e+02, 1.3112e+01, 
 1DIAGNOSTIC,    13, -3.228291233920e-01, 5.801848920447e-04, 2.5698e+02, 1.3127e+01, 
 1DIAGNOSTIC,    14, -3.230817707083e-01, 4.837966178833e-04, 2.7012e+02, 1.3142e+01, 
 1DIAGNOSTIC,    15, -3.232626423901e-01, 4.081327109331e-04, 2.8323e+02, 1.3110e+01, 
 1DIAGNOSTIC,    16, -3.234489718849e-01, 3.478562709951e-04, 2.9676e+02, 1.3535e+01, 
 1DIAGNOSTIC,    17, -3.236021217933e-01, 2.965486120477e-04, 3.1027e+02, 1.3506e+01, 
 1DIAGNOSTIC,    18, -3.236922342822e-01, 2.472811735308e-04, 3.2380e+02, 1.3526e+01, 
 1DIAGNOSTIC,    19, -3.237837170316e-01, 2.017947758686e-04, 3.3730e+02, 1.3509e+01, 
 1DIAGNOSTIC,    20, -3.238749058831e-01, 1.624334974345e-04, 3.5082e+02, 1.3514e+01, 
 1DIAGNOSTIC,    21, -3.239593095463e-01, 1.299297045648e-04, 3.6432e+02, 1.3501e+01, 
 1DIAGNOSTIC,    22, -3.240439828857e-01, 1.051937231583e-04, 3.7787e+02, 1.3552e+01, 
 1DIAGNOSTIC,    23, -3.241463615231e-01, 8.773503425369e-05, 3.9146e+02, 1.3589e+01, 
 1DIAGNOSTIC,    24, -3.242306297630e-01, 7.592974035659e-05, 4.0512e+02, 1.3654e+01, 
 1DIAGNOSTIC,    25, -3.243322564702e-01, 6.790643654509e-05, 4.1867e+02, 1.3550e+01, 
 1DIAGNOSTIC,    26, -3.244477285491e-01, 6.434443379526e-05, 4.3221e+02, 1.3542e+01, 
 1DIAGNOSTIC,    27, -3.245278526230e-01, 6.263532560070e-05, 4.4578e+02, 1.3572e+01, 
 1DIAGNOSTIC,    28, -3.246073354508e-01, 6.054177429366e-05, 4.5942e+02, 1.3640e+01, 
 1DIAGNOSTIC,    29, -3.246532855429e-01, 5.710866494377e-05, 4.7294e+02, 1.3521e+01, 
 1DIAGNOSTIC,    30, -3.246942770308e-01, 5.245957397343e-05, 4.8646e+02, 1.3519e+01, 
 1DIAGNOSTIC,    31, -3.247131480541e-01, 4.613483235490e-05, 5.0008e+02, 1.3617e+01, 
 1DIAGNOSTIC,    32, -3.246954815907e-01, 3.773536579707e-05, 5.1363e+02, 1.3559e+01, 
 1DIAGNOSTIC,    33, -3.246673298106e-01, 2.835400654908e-05, 5.2716e+02, 1.3529e+01, 
 1DIAGNOSTIC,    34, -3.246566127589e-01, 1.882025894475e-05, 5.4078e+02, 1.3616e+01, 
 1DIAGNOSTIC,    35, -3.246282132669e-01, 9.920817330381e-06, 5.5429e+02, 1.3506e+01, 
 1DIAGNOSTIC,    36, -3.246888268724e-01, 4.950599404509e-06, 5.6785e+02, 1.3567e+01, 
 1DIAGNOSTIC,    37, -3.247615216086e-01, 3.429725356816e-06, 5.8152e+02, 1.3670e+01, 
 1DIAGNOSTIC,    38, -3.247753743921e-01, 3.866865321653e-06, 5.9513e+02, 1.3608e+01, 
 1DIAGNOSTIC,    39, -3.247846318165e-01, 5.253242474103e-06, 6.0865e+02, 1.3520e+01, 
 1DIAGNOSTIC,    40, -3.247869166657e-01, 7.102938781194e-06, 6.2218e+02, 1.3525e+01, 
 1DIAGNOSTIC,    41, -3.248068235455e-01, 9.072825781619e-06, 6.3571e+02, 1.3532e+01, 
 1DIAGNOSTIC,    42, -3.247874000482e-01, 9.344516526399e-06, 6.4922e+02, 1.3517e+01, 
 1DIAGNOSTIC,    43, -3.247416354277e-01, 7.296920156819e-06, 6.6276e+02, 1.3537e+01, 
 1DIAGNOSTIC,    44, -3.247299287458e-01, 4.346477409760e-06, 6.7635e+02, 1.3584e+01, 
 1DIAGNOSTIC,    45, -3.247308956997e-01, 6.197390218926e-07, 6.8987e+02, 1.3524e+01, 
  Elapsed time (stage 2): 710.2


Total elapsed time: 844

--- Writing output images ---

Using double precision for computations.
Input scalar image: data/Segmentations/1011_3_seg.nii.gz
Reference image: data/template/T_template0_BrainCerebellum.nii.gz
=============================================================================
The composite transform comprises the following transforms (in order): 
  1. /tmp/1971295.1.basic.q/1011_ToTemplate_013_0GenericAffine.mat (type = AffineTransform)
  2. /tmp/1971295.1.basic.q/1011_ToTemplate_013_1Warp.nii.gz (type = DisplacementFieldTransform)
=============================================================================
Default pixel value: 0
Interpolation type: LabelImageGenericInterpolateImageFunction
Output warped image: output/1011/1011_WarpedLabels_013.nii.gz

--- Done ---

