
--- Running on compute-1-0.local ---


--- registration call ---
/data/jet/pcook/bin/antsBuild/bin/antsRegistrationSyNQuick.sh -d 3 -f data/template/T_template0_BrainCerebellum.nii.gz -m data/Brains/1018_3.nii.gz -t s -p f -n 2 -o /tmp/1971962.1.basic.q/1018_ToTemplate_010_
---


--------------------------------------------------------------------------------------
 Mapping parameters
--------------------------------------------------------------------------------------
 ANTSPATH is /data/jet/pcook/bin/antsBuild/bin/

 Dimensionality:           3
 Output name prefix:       /tmp/1971962.1.basic.q/1018_ToTemplate_010_
 Fixed images:             data/template/T_template0_BrainCerebellum.nii.gz
 Moving images:            data/Brains/1018_3.nii.gz
 Mask images:              
 Initial transforms:       
 Number of threads:        2
 Spline distance:          26
 Transform type:           s
 MI histogram bins:        32
 Precision:                f
 Use histogram matching    0
======================================================================================
 antsRegistration call:
--------------------------------------------------------------------------------------
/data/jet/pcook/bin/antsBuild/bin//antsRegistration --verbose 1 --dimensionality 3 --float 1 --collapse-output-transforms 1 --output [/tmp/1971962.1.basic.q/1018_ToTemplate_010_,/tmp/1971962.1.basic.q/1018_ToTemplate_010_Warped.nii.gz,/tmp/1971962.1.basic.q/1018_ToTemplate_010_InverseWarped.nii.gz] --interpolation Linear --use-histogram-matching 0 --winsorize-image-intensities [0.005,0.995] --initial-moving-transform [data/template/T_template0_BrainCerebellum.nii.gz,data/Brains/1018_3.nii.gz,1] --transform Rigid[0.1] --metric MI[data/template/T_template0_BrainCerebellum.nii.gz,data/Brains/1018_3.nii.gz,1,32,Regular,0.25] --convergence [1000x500x250x0,1e-6,10] --shrink-factors 12x8x4x2 --smoothing-sigmas 4x3x2x1vox --transform Affine[0.1] --metric MI[data/template/T_template0_BrainCerebellum.nii.gz,data/Brains/1018_3.nii.gz,1,32,Regular,0.25] --convergence [1000x500x250x0,1e-6,10] --shrink-factors 12x8x4x2 --smoothing-sigmas 4x3x2x1vox --transform SyN[0.1,3,0] --metric MI[data/template/T_template0_BrainCerebellum.nii.gz,data/Brains/1018_3.nii.gz,1,32] --convergence [100x100x70x50x0,1e-6,10] --shrink-factors 10x6x4x2x1 --smoothing-sigmas 5x3x2x1x0vox
--------------------------------------------------------------------------------------
All_Command_lines_OK
Using single precision for computations.
=============================================================================
The composite transform comprises the following transforms (in order): 
  1. Center of mass alignment using fixed image: data/template/T_template0_BrainCerebellum.nii.gz and moving image: data/Brains/1018_3.nii.gz (type = Euler3DTransform)
=============================================================================
  number of levels = 4
  number of levels = 4
  number of levels = 5
  fixed image: data/template/T_template0_BrainCerebellum.nii.gz
  moving image: data/Brains/1018_3.nii.gz
  fixed image: data/template/T_template0_BrainCerebellum.nii.gz
  moving image: data/Brains/1018_3.nii.gz
  fixed image: data/template/T_template0_BrainCerebellum.nii.gz
  moving image: data/Brains/1018_3.nii.gz
Dimension = 3
Number of stages = 3
Use Histogram Matching false
Winsorize image intensities true
Lower quantile = 0.005
Upper quantile = 0.995
Stage 1 State
   Image metric = Mattes
     Fixed image = Image (0x52c9670)
  RTTI typeinfo:   itk::Image<float, 3u>
  Reference Count: 2
  Modified Time: 1611
  Debug: Off
  Object Name: 
  Observers: 
    none
  Source: (none)
  Source output name: (none)
  Release Data: Off
  Data Released: False
  Global Release Data: Off
  PipelineMTime: 0
  UpdateMTime: 1422
  RealTimeStamp: 0 seconds 
  LargestPossibleRegion: 
    Dimension: 3
    Index: [0, 0, 0]
    Size: [216, 256, 291]
  BufferedRegion: 
    Dimension: 3
    Index: [0, 0, 0]
    Size: [216, 256, 291]
  RequestedRegion: 
    Dimension: 3
    Index: [0, 0, 0]
    Size: [216, 256, 291]
  Spacing: [1, 1, 1]
  Origin: [0, 293, 0]
  Direction: 
1 0 0
0 -0 -1
0 -1 -0

  IndexToPointMatrix: 
1 0 0
0 0 -1
0 -1 0

  PointToIndexMatrix: 
1 0 0
0 0 -1
0 -1 0

  Inverse Direction: 
1 0 0
0 0 -1
0 -1 0

  PixelContainer: 
    ImportImageContainer (0x52ae7f0)
      RTTI typeinfo:   itk::ImportImageContainer<unsigned long, float>
      Reference Count: 1
      Modified Time: 1419
      Debug: Off
      Object Name: 
      Observers: 
        none
      Pointer: 0x7f957c839010
      Container manages memory: true
      Size: 16091136
      Capacity: 16091136

     Moving image = Image (0x52ca0b0)
  RTTI typeinfo:   itk::Image<float, 3u>
  Reference Count: 2
  Modified Time: 1612
  Debug: Off
  Object Name: 
  Observers: 
    none
  Source: (none)
  Source output name: (none)
  Release Data: Off
  Data Released: False
  Global Release Data: Off
  PipelineMTime: 0
  UpdateMTime: 1609
  RealTimeStamp: 0 seconds 
  LargestPossibleRegion: 
    Dimension: 3
    Index: [0, 0, 0]
    Size: [256, 256, 291]
  BufferedRegion: 
    Dimension: 3
    Index: [0, 0, 0]
    Size: [256, 256, 291]
  RequestedRegion: 
    Dimension: 3
    Index: [0, 0, 0]
    Size: [256, 256, 291]
  Spacing: [1, 1, 1]
  Origin: [0, 290, 0]
  Direction: 
1 0 0
0 -0 -1
0 -1 -0

  IndexToPointMatrix: 
1 0 0
0 0 -1
0 -1 0

  PointToIndexMatrix: 
1 0 0
0 0 -1
0 -1 0

  Inverse Direction: 
1 0 0
0 0 -1
0 -1 0

  PixelContainer: 
    ImportImageContainer (0x52cc500)
      RTTI typeinfo:   itk::ImportImageContainer<unsigned long, float>
      Reference Count: 1
      Modified Time: 1606
      Debug: Off
      Object Name: 
      Observers: 
        none
      Pointer: 0x7f9577f78010
      Container manages memory: true
      Size: 19070976
      Capacity: 19070976

     Weighting = 1
     Sampling strategy = regular
     Number of bins = 32
     Radius = 4
     Sampling percentage  = 0.25
   Transform = Rigid
     Gradient step = 0.1
     Update field sigma (voxel space) = 0
     Total field sigma (voxel space) = 0
     Update field time sigma = 0
     Total field time sigma  = 0
     Number of time indices = 0
     Number of time point samples = 0
Stage 2 State
   Image metric = Mattes
     Fixed image = Image (0x52d4910)
  RTTI typeinfo:   itk::Image<float, 3u>
  Reference Count: 2
  Modified Time: 1987
  Debug: Off
  Object Name: 
  Observers: 
    none
  Source: (none)
  Source output name: (none)
  Release Data: Off
  Data Released: False
  Global Release Data: Off
  PipelineMTime: 0
  UpdateMTime: 1798
  RealTimeStamp: 0 seconds 
  LargestPossibleRegion: 
    Dimension: 3
    Index: [0, 0, 0]
    Size: [216, 256, 291]
  BufferedRegion: 
    Dimension: 3
    Index: [0, 0, 0]
    Size: [216, 256, 291]
  RequestedRegion: 
    Dimension: 3
    Index: [0, 0, 0]
    Size: [216, 256, 291]
  Spacing: [1, 1, 1]
  Origin: [0, 293, 0]
  Direction: 
1 0 0
0 -0 -1
0 -1 -0

  IndexToPointMatrix: 
1 0 0
0 0 -1
0 -1 0

  PointToIndexMatrix: 
1 0 0
0 0 -1
0 -1 0

  Inverse Direction: 
1 0 0
0 0 -1
0 -1 0

  PixelContainer: 
    ImportImageContainer (0x52d51b0)
      RTTI typeinfo:   itk::ImportImageContainer<unsigned long, float>
      Reference Count: 1
      Modified Time: 1795
      Debug: Off
      Object Name: 
      Observers: 
        none
      Pointer: 0x7f9574215010
      Container manages memory: true
      Size: 16091136
      Capacity: 16091136

     Moving image = Image (0x52d4ca0)
  RTTI typeinfo:   itk::Image<float, 3u>
  Reference Count: 2
  Modified Time: 1988
  Debug: Off
  Object Name: 
  Observers: 
    none
  Source: (none)
  Source output name: (none)
  Release Data: Off
  Data Released: False
  Global Release Data: Off
  PipelineMTime: 0
  UpdateMTime: 1985
  RealTimeStamp: 0 seconds 
  LargestPossibleRegion: 
    Dimension: 3
    Index: [0, 0, 0]
    Size: [256, 256, 291]
  BufferedRegion: 
    Dimension: 3
    Index: [0, 0, 0]
    Size: [256, 256, 291]
  RequestedRegion: 
    Dimension: 3
    Index: [0, 0, 0]
    Size: [256, 256, 291]
  Spacing: [1, 1, 1]
  Origin: [0, 290, 0]
  Direction: 
1 0 0
0 -0 -1
0 -1 -0

  IndexToPointMatrix: 
1 0 0
0 0 -1
0 -1 0

  PointToIndexMatrix: 
1 0 0
0 0 -1
0 -1 0

  Inverse Direction: 
1 0 0
0 0 -1
0 -1 0

  PixelContainer: 
    ImportImageContainer (0x52d57b0)
      RTTI typeinfo:   itk::ImportImageContainer<unsigned long, float>
      Reference Count: 1
      Modified Time: 1982
      Debug: Off
      Object Name: 
      Observers: 
        none
      Pointer: 0x7f956f954010
      Container manages memory: true
      Size: 19070976
      Capacity: 19070976

     Weighting = 1
     Sampling strategy = regular
     Number of bins = 32
     Radius = 4
     Sampling percentage  = 0.25
   Transform = Affine
     Gradient step = 0.1
     Update field sigma (voxel space) = 0
     Total field sigma (voxel space) = 0
     Update field time sigma = 0
     Total field time sigma  = 0
     Number of time indices = 0
     Number of time point samples = 0
Stage 3 State
   Image metric = Mattes
     Fixed image = Image (0x52db9a0)
  RTTI typeinfo:   itk::Image<float, 3u>
  Reference Count: 2
  Modified Time: 2363
  Debug: Off
  Object Name: 
  Observers: 
    none
  Source: (none)
  Source output name: (none)
  Release Data: Off
  Data Released: False
  Global Release Data: Off
  PipelineMTime: 0
  UpdateMTime: 2174
  RealTimeStamp: 0 seconds 
  LargestPossibleRegion: 
    Dimension: 3
    Index: [0, 0, 0]
    Size: [216, 256, 291]
  BufferedRegion: 
    Dimension: 3
    Index: [0, 0, 0]
    Size: [216, 256, 291]
  RequestedRegion: 
    Dimension: 3
    Index: [0, 0, 0]
    Size: [216, 256, 291]
  Spacing: [1, 1, 1]
  Origin: [0, 293, 0]
  Direction: 
1 0 0
0 -0 -1
0 -1 -0

  IndexToPointMatrix: 
1 0 0
0 0 -1
0 -1 0

  PointToIndexMatrix: 
1 0 0
0 0 -1
0 -1 0

  Inverse Direction: 
1 0 0
0 0 -1
0 -1 0

  PixelContainer: 
    ImportImageContainer (0x52dbc30)
      RTTI typeinfo:   itk::ImportImageContainer<unsigned long, float>
      Reference Count: 1
      Modified Time: 2171
      Debug: Off
      Object Name: 
      Observers: 
        none
      Pointer: 0x7f956bbf1010
      Container manages memory: true
      Size: 16091136
      Capacity: 16091136

     Moving image = Image (0x52de360)
  RTTI typeinfo:   itk::Image<float, 3u>
  Reference Count: 2
  Modified Time: 2364
  Debug: Off
  Object Name: 
  Observers: 
    none
  Source: (none)
  Source output name: (none)
  Release Data: Off
  Data Released: False
  Global Release Data: Off
  PipelineMTime: 0
  UpdateMTime: 2361
  RealTimeStamp: 0 seconds 
  LargestPossibleRegion: 
    Dimension: 3
    Index: [0, 0, 0]
    Size: [256, 256, 291]
  BufferedRegion: 
    Dimension: 3
    Index: [0, 0, 0]
    Size: [256, 256, 291]
  RequestedRegion: 
    Dimension: 3
    Index: [0, 0, 0]
    Size: [256, 256, 291]
  Spacing: [1, 1, 1]
  Origin: [0, 290, 0]
  Direction: 
1 0 0
0 -0 -1
0 -1 -0

  IndexToPointMatrix: 
1 0 0
0 0 -1
0 -1 0

  PointToIndexMatrix: 
1 0 0
0 0 -1
0 -1 0

  Inverse Direction: 
1 0 0
0 0 -1
0 -1 0

  PixelContainer: 
    ImportImageContainer (0x52de5f0)
      RTTI typeinfo:   itk::ImportImageContainer<unsigned long, float>
      Reference Count: 1
      Modified Time: 2358
      Debug: Off
      Object Name: 
      Observers: 
        none
      Pointer: 0x7f9567330010
      Container manages memory: true
      Size: 19070976
      Capacity: 19070976

     Weighting = 1
     Sampling strategy = none
     Number of bins = 32
     Radius = 4
     Sampling percentage  = 1
   Transform = SyN
     Gradient step = 0.1
     Update field sigma (voxel space) = 3
     Total field sigma (voxel space) = 0
     Update field time sigma = 0
     Total field time sigma  = 0
     Number of time indices = 0
     Number of time point samples = 0
Registration using 3 total stages.

Stage 0
  iterations = 1000x500x250x0
  convergence threshold = 1e-06
  convergence window size = 10
  number of levels = 4
  using the Mattes MI metric (number of bins = 32, weight = 1)
  preprocessing:  winsorizing the image intensities
  Shrink factors (level 1 out of 4): [12, 12, 12]
  Shrink factors (level 2 out of 4): [8, 8, 8]
  Shrink factors (level 3 out of 4): [4, 4, 4]
  Shrink factors (level 4 out of 4): [2, 2, 2]
  smoothing sigmas per level: [4, 3, 2, 1]
  regular sampling (percentage = 0.25)

*** Running Euler3DTransform registration ***

DIAGNOSTIC,Iteration,metricValue,convergenceValue,ITERATION_TIME_INDEX,SINCE_LAST
 2DIAGNOSTIC,     1, -4.221766293049e-01, inf, 1.8611e+01, 1.8611e+01, 
 2DIAGNOSTIC,     2, -4.231909513474e-01, inf, 1.8622e+01, 1.0841e-02, 
 2DIAGNOSTIC,     3, -4.244190156460e-01, inf, 1.8632e+01, 1.0708e-02, 
 2DIAGNOSTIC,     4, -4.253265261650e-01, inf, 1.8643e+01, 1.0706e-02, 
 2DIAGNOSTIC,     5, -4.257346987724e-01, inf, 1.8654e+01, 1.0618e-02, 
 2DIAGNOSTIC,     6, -4.259435832500e-01, inf, 1.8664e+01, 1.0539e-02, 
 2DIAGNOSTIC,     7, -4.262887835503e-01, inf, 1.8675e+01, 1.0599e-02, 
 2DIAGNOSTIC,     8, -4.270775318146e-01, inf, 1.8690e+01, 1.5644e-02, 
 2DIAGNOSTIC,     9, -4.271742403507e-01, inf, 1.8703e+01, 1.2229e-02, 
 2DIAGNOSTIC,    10, -4.275484085083e-01, 7.514317985624e-04, 1.8717e+01, 1.4772e-02, 
 2DIAGNOSTIC,    11, -4.280688464642e-01, 5.850908346474e-04, 1.8730e+01, 1.2897e-02, 
 2DIAGNOSTIC,    12, -4.285746216774e-01, 4.769145161845e-04, 1.8742e+01, 1.1264e-02, 
 2DIAGNOSTIC,    13, -4.292067587376e-01, 4.362697654869e-04, 1.8755e+01, 1.2931e-02, 
 2DIAGNOSTIC,    14, -4.297887384892e-01, 4.323314933572e-04, 1.8767e+01, 1.2908e-02, 
 2DIAGNOSTIC,    15, -4.298337101936e-01, 4.098729405086e-04, 1.8780e+01, 1.2883e-02, 
 2DIAGNOSTIC,    16, -4.301930367947e-01, 3.767045272980e-04, 1.8791e+01, 1.1174e-02, 
 2DIAGNOSTIC,    17, -4.301008582115e-01, 3.217804478481e-04, 1.8803e+01, 1.1113e-02, 
 2DIAGNOSTIC,    18, -4.301516115665e-01, 2.745976089500e-04, 1.8814e+01, 1.1116e-02, 
 2DIAGNOSTIC,    19, -4.303659200668e-01, 2.178349532187e-04, 1.8828e+01, 1.4562e-02, 
 2DIAGNOSTIC,    20, -4.307471513748e-01, 1.714774698485e-04, 1.8841e+01, 1.2936e-02, 
 2DIAGNOSTIC,    21, -4.310934841633e-01, 1.408243115293e-04, 1.8883e+01, 4.1700e-02, 
 2DIAGNOSTIC,    22, -4.310931861401e-01, 1.148692826973e-04, 1.8896e+01, 1.2968e-02, 
 2DIAGNOSTIC,    23, -4.310939908028e-01, 9.881620644592e-05, 1.8909e+01, 1.2785e-02, 
 2DIAGNOSTIC,    24, -4.310950636864e-01, 9.115867578657e-05, 1.8920e+01, 1.1068e-02, 
 2DIAGNOSTIC,    25, -4.310963153839e-01, 7.640379044460e-05, 1.8931e+01, 1.1103e-02, 
 2DIAGNOSTIC,    26, -4.310985803604e-01, 6.494007539004e-05, 1.8942e+01, 1.1048e-02, 
 2DIAGNOSTIC,    27, -4.311024546623e-01, 4.630966577679e-05, 1.8953e+01, 1.1086e-02, 
 2DIAGNOSTIC,    28, -4.311092495918e-01, 2.622057400004e-05, 1.8964e+01, 1.1056e-02, 
 2DIAGNOSTIC,    29, -4.311203360558e-01, 1.015198540699e-05, 1.8975e+01, 1.1113e-02, 
 2DIAGNOSTIC,    30, -4.311390519142e-01, 2.918195150414e-06, 1.8988e+01, 1.2701e-02, 
 2DIAGNOSTIC,    31, -4.311567246914e-01, 3.753582632271e-06, 1.8999e+01, 1.1112e-02, 
 2DIAGNOSTIC,    32, -4.310377538204e-01, 1.805105739550e-06, 1.9010e+01, 1.1073e-02, 
DIAGNOSTIC,Iteration,metricValue,convergenceValue,ITERATION_TIME_INDEX,SINCE_LAST
 2DIAGNOSTIC,     1, -3.723994195461e-01, inf, 3.2924e+01, 1.3914e+01, 
 2DIAGNOSTIC,     2, -3.734342753887e-01, inf, 3.2979e+01, 5.4452e-02, 
 2DIAGNOSTIC,     3, -3.745886683464e-01, inf, 3.3033e+01, 5.4526e-02, 
 2DIAGNOSTIC,     4, -3.762622177601e-01, inf, 3.3088e+01, 5.4411e-02, 
 2DIAGNOSTIC,     5, -3.778072595596e-01, inf, 3.3142e+01, 5.4558e-02, 
 2DIAGNOSTIC,     6, -3.780490458012e-01, inf, 3.3207e+01, 6.4384e-02, 
 2DIAGNOSTIC,     7, -3.780416548252e-01, inf, 3.3271e+01, 6.4606e-02, 
 2DIAGNOSTIC,     8, -3.780939579010e-01, inf, 3.3336e+01, 6.4358e-02, 
 2DIAGNOSTIC,     9, -3.781018853188e-01, inf, 3.3390e+01, 5.4404e-02, 
 2DIAGNOSTIC,    10, -3.780942261219e-01, 9.924262994900e-04, 3.3445e+01, 5.5087e-02, 
 2DIAGNOSTIC,    11, -3.782738447189e-01, 6.426632171497e-04, 3.3531e+01, 8.5568e-02, 
 2DIAGNOSTIC,    12, -3.781916797161e-01, 3.543622733559e-04, 3.3586e+01, 5.5113e-02, 
 2DIAGNOSTIC,    13, -3.782436549664e-01, 1.475279859733e-04, 3.3641e+01, 5.5214e-02, 
 2DIAGNOSTIC,    14, -3.783832490444e-01, 5.257488373900e-05, 3.3706e+01, 6.5156e-02, 
 2DIAGNOSTIC,    15, -3.783004581928e-01, 3.863305391860e-05, 3.3771e+01, 6.5200e-02, 
 2DIAGNOSTIC,    16, -3.784198164940e-01, 4.024973168271e-05, 3.3837e+01, 6.5224e-02, 
 2DIAGNOSTIC,    17, -3.784483373165e-01, 3.895103509421e-05, 3.3902e+01, 6.5525e-02, 
 2DIAGNOSTIC,    18, -3.785498738289e-01, 4.084276224603e-05, 3.3967e+01, 6.5241e-02, 
 2DIAGNOSTIC,    19, -3.785023391247e-01, 3.727361763595e-05, 3.4033e+01, 6.5393e-02, 
 2DIAGNOSTIC,    20, -3.785267770290e-01, 3.131812263746e-05, 3.4098e+01, 6.5147e-02, 
 2DIAGNOSTIC,    21, -3.785484731197e-01, 3.051781823160e-05, 3.4163e+01, 6.5298e-02, 
 2DIAGNOSTIC,    22, -3.785257339478e-01, 2.337146906939e-05, 3.4218e+01, 5.5075e-02, 
 2DIAGNOSTIC,    23, -3.785111308098e-01, 1.590960164322e-05, 3.4284e+01, 6.5234e-02, 
 2DIAGNOSTIC,    24, -3.785745501518e-01, 1.423617322871e-05, 3.4339e+01, 5.5119e-02, 
 2DIAGNOSTIC,    25, -3.785756528378e-01, 8.902631634555e-06, 3.4394e+01, 5.5323e-02, 
 2DIAGNOSTIC,    26, -3.786082565784e-01, 7.653892680537e-06, 3.4489e+01, 9.5392e-02, 
 2DIAGNOSTIC,    27, -3.786469995975e-01, 7.694009582337e-06, 3.4545e+01, 5.5710e-02, 
 2DIAGNOSTIC,    28, -3.786651790142e-01, 1.037149104377e-05, 3.4610e+01, 6.5201e-02, 
 2DIAGNOSTIC,    29, -3.786756396294e-01, 1.099519704439e-05, 3.4666e+01, 5.5313e-02, 
 2DIAGNOSTIC,    30, -3.786951303482e-01, 1.171889107354e-05, 3.4731e+01, 6.5213e-02, 
 2DIAGNOSTIC,    31, -3.787077963352e-01, 1.223726667376e-05, 3.4796e+01, 6.5288e-02, 
 2DIAGNOSTIC,    32, -3.787164986134e-01, 1.134058038588e-05, 3.4871e+01, 7.5226e-02, 
 2DIAGNOSTIC,    33, -3.787390291691e-01, 9.662681804912e-06, 3.4927e+01, 5.5362e-02, 
 2DIAGNOSTIC,    34, -3.787452578545e-01, 8.806146979623e-06, 3.4982e+01, 5.5132e-02, 
 2DIAGNOSTIC,    35, -3.787565827370e-01, 7.510451723647e-06, 3.5037e+01, 5.5199e-02, 
 2DIAGNOSTIC,    36, -3.787364065647e-01, 5.899635198148e-06, 3.5092e+01, 5.5121e-02, 
 2DIAGNOSTIC,    37, -3.788244724274e-01, 6.484982350230e-06, 3.5198e+01, 1.0537e-01, 
 2DIAGNOSTIC,    38, -3.788347542286e-01, 7.010188255663e-06, 3.5253e+01, 5.5078e-02, 
 2DIAGNOSTIC,    39, -3.788408637047e-01, 7.238535545184e-06, 3.5308e+01, 5.5156e-02, 
 2DIAGNOSTIC,    40, -3.788465559483e-01, 7.341833224928e-06, 3.5363e+01, 5.5072e-02, 
 2DIAGNOSTIC,    41, -3.788561522961e-01, 7.226768047985e-06, 3.5428e+01, 6.5155e-02, 
 2DIAGNOSTIC,    42, -3.788613975048e-01, 6.716281404806e-06, 3.5493e+01, 6.5231e-02, 
 2DIAGNOSTIC,    43, -3.788826763630e-01, 6.411518825189e-06, 3.5578e+01, 8.5243e-02, 
 2DIAGNOSTIC,    44, -3.788695335388e-01, 5.465934918902e-06, 3.5633e+01, 5.5022e-02, 
 2DIAGNOSTIC,    45, -3.788723051548e-01, 4.384013664094e-06, 3.5689e+01, 5.5108e-02, 
 2DIAGNOSTIC,    46, -3.789125978947e-01, 3.286987521278e-06, 3.5743e+01, 5.4934e-02, 
 2DIAGNOSTIC,    47, -3.789166808128e-01, 3.435177404754e-06, 3.5819e+01, 7.5136e-02, 
 2DIAGNOSTIC,    48, -3.789173066616e-01, 3.486000423436e-06, 3.5874e+01, 5.4997e-02, 
 2DIAGNOSTIC,    49, -3.789186477661e-01, 3.391754717086e-06, 3.5959e+01, 8.5096e-02, 
 2DIAGNOSTIC,    50, -3.789212107658e-01, 3.162898565279e-06, 3.6024e+01, 6.4910e-02, 
 2DIAGNOSTIC,    51, -3.789207041264e-01, 2.822094302246e-06, 3.6079e+01, 5.5087e-02, 
 2DIAGNOSTIC,    52, -3.789232969284e-01, 2.384187610005e-06, 3.6184e+01, 1.0481e-01, 
 2DIAGNOSTIC,    53, -3.789235651493e-01, 2.112450374625e-06, 3.6249e+01, 6.5154e-02, 
 2DIAGNOSTIC,    54, -3.789232373238e-01, 1.524605295344e-06, 3.6314e+01, 6.4891e-02, 
DIAGNOSTIC,Iteration,metricValue,convergenceValue,ITERATION_TIME_INDEX,SINCE_LAST
 2DIAGNOSTIC,     1, -3.200404942036e-01, inf, 4.5103e+01, 8.7891e+00, 
 2DIAGNOSTIC,     2, -3.204671144485e-01, inf, 4.5536e+01, 4.3374e-01, 
 2DIAGNOSTIC,     3, -3.209924399853e-01, inf, 4.5970e+01, 4.3372e-01, 
 2DIAGNOSTIC,     4, -3.214504122734e-01, inf, 4.6404e+01, 4.3334e-01, 
 2DIAGNOSTIC,     5, -3.215970993042e-01, inf, 4.6838e+01, 4.3445e-01, 
 2DIAGNOSTIC,     6, -3.216669559479e-01, inf, 4.7271e+01, 4.3297e-01, 
 2DIAGNOSTIC,     7, -3.217512667179e-01, inf, 4.7873e+01, 6.0171e-01, 
 2DIAGNOSTIC,     8, -3.218314647675e-01, inf, 4.8895e+01, 1.0221e+00, 
 2DIAGNOSTIC,     9, -3.218313157558e-01, inf, 4.9412e+01, 5.1722e-01, 
 2DIAGNOSTIC,    10, -3.218330740929e-01, 3.326744481456e-04, 4.9930e+01, 5.1764e-01, 
 2DIAGNOSTIC,    11, -3.218327760696e-01, 2.031348558376e-04, 5.0532e+01, 6.0283e-01, 
 2DIAGNOSTIC,    12, -3.218308091164e-01, 1.078793429770e-04, 5.1051e+01, 5.1878e-01, 
 2DIAGNOSTIC,    13, -3.218274712563e-01, 5.249245441519e-05, 5.1486e+01, 4.3468e-01, 
 2DIAGNOSTIC,    14, -3.218254148960e-01, 2.913050593634e-05, 5.1919e+01, 4.3347e-01, 
 2DIAGNOSTIC,    15, -3.218275606632e-01, 1.522259026387e-05, 5.2354e+01, 4.3455e-01, 
 2DIAGNOSTIC,    16, -3.218314051628e-01, 5.837544904352e-06, 5.2788e+01, 4.3398e-01, 
 2DIAGNOSTIC,    17, -3.218366801739e-01, 1.739407139212e-06, 5.3307e+01, 5.1861e-01, 
 2DIAGNOSTIC,    18, -3.218398392200e-01, 2.203468739026e-06, 5.3824e+01, 5.1794e-01, 
 2DIAGNOSTIC,    19, -3.218391239643e-01, 2.537639829825e-06, 5.4343e+01, 5.1897e-01, 
 2DIAGNOSTIC,    20, -3.218458294868e-01, 3.133662175969e-06, 5.4777e+01, 4.3358e-01, 
 2DIAGNOSTIC,    21, -3.218503594398e-01, 3.696420435517e-06, 5.5296e+01, 5.1852e-01, 
 2DIAGNOSTIC,    22, -3.218532204628e-01, 4.037497092213e-06, 5.5813e+01, 5.1791e-01, 
 2DIAGNOSTIC,    23, -3.218489885330e-01, 3.821814971161e-06, 5.6248e+01, 4.3492e-01, 
 2DIAGNOSTIC,    24, -3.218479752541e-01, 3.292715746284e-06, 5.6766e+01, 5.1791e-01, 
 2DIAGNOSTIC,    25, -3.218639791012e-01, 3.259330242145e-06, 5.7285e+01, 5.1840e-01, 
 2DIAGNOSTIC,    26, -3.218669295311e-01, 3.246263759138e-06, 5.7803e+01, 5.1813e-01, 
 2DIAGNOSTIC,    27, -3.218740224838e-01, 3.450165422691e-06, 5.8322e+01, 5.1870e-01, 
 2DIAGNOSTIC,    28, -3.218734264374e-01, 3.516661990943e-06, 5.8755e+01, 4.3355e-01, 
 2DIAGNOSTIC,    29, -3.219121098518e-01, 4.511492079473e-06, 5.9778e+01, 1.0225e+00, 
 2DIAGNOSTIC,    30, -3.219139277935e-01, 5.325787697075e-06, 6.0295e+01, 5.1781e-01, 
 2DIAGNOSTIC,    31, -3.219112157822e-01, 5.738996151194e-06, 6.0730e+01, 4.3425e-01, 
 2DIAGNOSTIC,    32, -3.219012916088e-01, 5.511693416338e-06, 6.1248e+01, 5.1803e-01, 
 2DIAGNOSTIC,    33, -3.219020068645e-01, 4.785995770362e-06, 6.1682e+01, 4.3476e-01, 
 2DIAGNOSTIC,    34, -3.219006061554e-01, 3.647642870419e-06, 6.2200e+01, 5.1757e-01, 
 2DIAGNOSTIC,    35, -3.218990266323e-01, 2.673550170584e-06, 6.2718e+01, 5.1827e-01, 
 2DIAGNOSTIC,    36, -3.218977153301e-01, 1.639229253669e-06, 6.3237e+01, 5.1834e-01, 
DIAGNOSTIC,Iteration,metricValue,convergenceValue,ITERATION_TIME_INDEX,SINCE_LAST
 2DIAGNOSTIC,     1, -2.792771756649e-01, inf, 7.1857e+01, 8.6208e+00, 
  Elapsed time (stage 0): 7.3618e+01


Stage 1
  iterations = 1000x500x250x0
  convergence threshold = 1.0000e-06
  convergence window size = 10
  number of levels = 4
  using the Mattes MI metric (number of bins = 32, weight = 1.0000e+00)
  preprocessing:  winsorizing the image intensities
  Shrink factors (level 1 out of 4): [12, 12, 12]
  Shrink factors (level 2 out of 4): [8, 8, 8]
  Shrink factors (level 3 out of 4): [4, 4, 4]
  Shrink factors (level 4 out of 4): [2, 2, 2]
  smoothing sigmas per level: [4, 3, 2, 1]
  regular sampling (percentage = 2.5000e-01)

*** Running AffineTransform registration ***

DIAGNOSTIC,Iteration,metricValue,convergenceValue,ITERATION_TIME_INDEX,SINCE_LAST
 2DIAGNOSTIC,     1, -4.397444128990e-01, inf, 1.8498e+01, 1.8498e+01, 
 2DIAGNOSTIC,     2, -4.407542049885e-01, inf, 1.8513e+01, 1.4895e-02, 
 2DIAGNOSTIC,     3, -4.426622986794e-01, inf, 1.8528e+01, 1.4730e-02, 
 2DIAGNOSTIC,     4, -4.451361298561e-01, inf, 1.8543e+01, 1.4904e-02, 
 2DIAGNOSTIC,     5, -4.498422741890e-01, inf, 1.8558e+01, 1.5070e-02, 
 2DIAGNOSTIC,     6, -4.567670822144e-01, inf, 1.8573e+01, 1.5412e-02, 
 2DIAGNOSTIC,     7, -4.704856872559e-01, inf, 1.8589e+01, 1.5710e-02, 
 2DIAGNOSTIC,     8, -4.802166819572e-01, inf, 1.8608e+01, 1.9402e-02, 
 2DIAGNOSTIC,     9, -4.869941174984e-01, inf, 1.8625e+01, 1.7002e-02, 
 2DIAGNOSTIC,    10, -4.883977472782e-01, 7.934286259115e-03, 1.8643e+01, 1.8082e-02, 
 2DIAGNOSTIC,    11, -5.040526986122e-01, 8.303043432534e-03, 1.8663e+01, 1.9665e-02, 
 2DIAGNOSTIC,    12, -5.084605216980e-01, 8.106244727969e-03, 1.8680e+01, 1.6819e-02, 
 2DIAGNOSTIC,    13, -5.098794698715e-01, 7.365426514298e-03, 1.8697e+01, 1.7004e-02, 
 2DIAGNOSTIC,    14, -5.104080438614e-01, 6.213966757059e-03, 1.8715e+01, 1.8408e-02, 
 2DIAGNOSTIC,    15, -5.108923316002e-01, 4.872644320130e-03, 1.8731e+01, 1.5301e-02, 
 2DIAGNOSTIC,    16, -5.112963318825e-01, 3.521455219015e-03, 1.8747e+01, 1.6563e-02, 
 2DIAGNOSTIC,    17, -5.115628838539e-01, 2.492540050298e-03, 1.8762e+01, 1.5199e-02, 
 2DIAGNOSTIC,    18, -5.118870735168e-01, 1.686198404059e-03, 1.8780e+01, 1.7363e-02, 
 2DIAGNOSTIC,    19, -5.124952793121e-01, 1.048734062351e-03, 1.8797e+01, 1.7254e-02, 
 2DIAGNOSTIC,    20, -5.134221315384e-01, 4.382828192320e-04, 1.8814e+01, 1.7129e-02, 
 2DIAGNOSTIC,    21, -5.136196017265e-01, 2.860486274585e-04, 1.8829e+01, 1.5216e-02, 
 2DIAGNOSTIC,    22, -5.137239098549e-01, 2.408936998108e-04, 1.8846e+01, 1.7043e-02, 
 2DIAGNOSTIC,    23, -5.138913989067e-01, 2.176831476390e-04, 1.8869e+01, 2.2377e-02, 
 2DIAGNOSTIC,    24, -5.139298439026e-01, 1.894946617540e-04, 1.8884e+01, 1.5435e-02, 
 2DIAGNOSTIC,    25, -5.140351653099e-01, 1.592453336343e-04, 1.8900e+01, 1.5515e-02, 
 2DIAGNOSTIC,    26, -5.140656232834e-01, 1.262384903384e-04, 1.8915e+01, 1.5345e-02, 
 2DIAGNOSTIC,    27, -5.140876173973e-01, 9.043257159647e-05, 1.8934e+01, 1.8621e-02, 
 2DIAGNOSTIC,    28, -5.140962004662e-01, 5.563352169702e-05, 1.8950e+01, 1.6686e-02, 
 2DIAGNOSTIC,    29, -5.141013264656e-01, 2.989058157254e-05, 1.8969e+01, 1.8599e-02, 
 2DIAGNOSTIC,    30, -5.141115784645e-01, 2.109194974764e-05, 1.8984e+01, 1.4953e-02, 
 2DIAGNOSTIC,    31, -5.141171216965e-01, 1.472261192248e-05, 1.8999e+01, 1.5134e-02, 
 2DIAGNOSTIC,    32, -5.141251087189e-01, 9.428469638806e-06, 1.9014e+01, 1.5075e-02, 
 2DIAGNOSTIC,    33, -5.141373276711e-01, 6.794858109060e-06, 1.9029e+01, 1.5366e-02, 
 2DIAGNOSTIC,    34, -5.141571760178e-01, 4.707948846772e-06, 1.9050e+01, 2.0434e-02, 
 2DIAGNOSTIC,    35, -5.141612291336e-01, 4.158248884778e-06, 1.9067e+01, 1.6933e-02, 
 2DIAGNOSTIC,    36, -5.141677856445e-01, 3.916447894881e-06, 1.9084e+01, 1.6975e-02, 
 2DIAGNOSTIC,    37, -5.141719579697e-01, 3.805139158430e-06, 1.9099e+01, 1.5136e-02, 
 2DIAGNOSTIC,    38, -5.141790509224e-01, 3.653877911347e-06, 1.9118e+01, 1.8686e-02, 
 2DIAGNOSTIC,    39, -5.141837000847e-01, 3.379606368981e-06, 1.9133e+01, 1.5164e-02, 
 2DIAGNOSTIC,    40, -5.141909122467e-01, 3.125606326648e-06, 1.9148e+01, 1.5211e-02, 
 2DIAGNOSTIC,    41, -5.141994357109e-01, 2.860242148017e-06, 1.9168e+01, 2.0352e-02, 
 2DIAGNOSTIC,    42, -5.142034888268e-01, 2.570543983893e-06, 1.9183e+01, 1.5041e-02, 
 2DIAGNOSTIC,    43, -5.142099857330e-01, 2.364532974752e-06, 1.9198e+01, 1.5086e-02, 
 2DIAGNOSTIC,    44, -5.142197012901e-01, 2.394707280473e-06, 1.9215e+01, 1.6857e-02, 
 2DIAGNOSTIC,    45, -5.142235755920e-01, 2.361294718867e-06, 1.9231e+01, 1.5248e-02, 
 2DIAGNOSTIC,    46, -5.142332315445e-01, 2.372204789935e-06, 1.9251e+01, 2.0458e-02, 
 2DIAGNOSTIC,    47, -5.142379403114e-01, 2.327790525669e-06, 1.9266e+01, 1.5143e-02, 
 2DIAGNOSTIC,    48, -5.142418146133e-01, 2.257876076328e-06, 1.9281e+01, 1.5121e-02, 
 2DIAGNOSTIC,    49, -5.142493247986e-01, 2.178450586143e-06, 1.9296e+01, 1.5099e-02, 
 2DIAGNOSTIC,    50, -5.142595171928e-01, 2.150456339223e-06, 1.9313e+01, 1.6965e-02, 
 2DIAGNOSTIC,    51, -5.142736434937e-01, 2.228525318060e-06, 1.9336e+01, 2.2215e-02, 
 2DIAGNOSTIC,    52, -5.142777562141e-01, 2.236515456389e-06, 1.9351e+01, 1.5237e-02, 
 2DIAGNOSTIC,    53, -5.142800211906e-01, 2.183358901675e-06, 1.9366e+01, 1.5141e-02, 
 2DIAGNOSTIC,    54, -5.142856836319e-01, 2.143539177268e-06, 1.9381e+01, 1.5109e-02, 
 2DIAGNOSTIC,    55, -5.142961740494e-01, 2.099663561239e-06, 1.9396e+01, 1.5125e-02, 
 2DIAGNOSTIC,    56, -5.143142938614e-01, 2.187687414335e-06, 1.9413e+01, 1.6836e-02, 
 2DIAGNOSTIC,    57, -5.143232941628e-01, 2.250901616208e-06, 1.9433e+01, 2.0454e-02, 
 2DIAGNOSTIC,    58, -5.143310427666e-01, 2.265164994242e-06, 1.9449e+01, 1.5094e-02, 
 2DIAGNOSTIC,    59, -5.143375396729e-01, 2.248596274512e-06, 1.9464e+01, 1.5076e-02, 
 2DIAGNOSTIC,    60, -5.143435001373e-01, 2.215911081294e-06, 1.9482e+01, 1.8714e-02, 
 2DIAGNOSTIC,    61, -5.143479704857e-01, 2.191681460317e-06, 1.9498e+01, 1.5214e-02, 
 2DIAGNOSTIC,    62, -5.143532752991e-01, 2.093803686876e-06, 1.9514e+01, 1.6923e-02, 
 2DIAGNOSTIC,    63, -5.143577456474e-01, 1.908689455377e-06, 1.9533e+01, 1.8818e-02, 
 2DIAGNOSTIC,    64, -5.143612027168e-01, 1.674637246651e-06, 1.9548e+01, 1.5110e-02, 
 2DIAGNOSTIC,    65, -5.143641233444e-01, 1.448122020520e-06, 1.9563e+01, 1.5086e-02, 
 2DIAGNOSTIC,    66, -5.143686532974e-01, 1.328839061898e-06, 1.9579e+01, 1.5110e-02, 
 2DIAGNOSTIC,    67, -5.143749117851e-01, 1.258705310647e-06, 1.9597e+01, 1.8688e-02, 
 2DIAGNOSTIC,    68, -5.143766403198e-01, 1.192388481286e-06, 1.9614e+01, 1.6872e-02, 
 2DIAGNOSTIC,    69, -5.143796205521e-01, 1.136005266744e-06, 1.9633e+01, 1.8641e-02, 
 2DIAGNOSTIC,    70, -5.143823027611e-01, 1.086037741516e-06, 1.9650e+01, 1.6910e-02, 
 2DIAGNOSTIC,    71, -5.143830180168e-01, 1.017045065055e-06, 1.9667e+01, 1.6945e-02, 
DIAGNOSTIC,Iteration,metricValue,convergenceValue,ITERATION_TIME_INDEX,SINCE_LAST
 2DIAGNOSTIC,     1, -4.465618133545e-01, inf, 3.3912e+01, 1.4246e+01, 
 2DIAGNOSTIC,     2, -4.468838274479e-01, inf, 3.3981e+01, 6.9034e-02, 
 2DIAGNOSTIC,     3, -4.471670091152e-01, inf, 3.4050e+01, 6.8461e-02, 
 2DIAGNOSTIC,     4, -4.475024342537e-01, inf, 3.4118e+01, 6.8526e-02, 
 2DIAGNOSTIC,     5, -4.479053020477e-01, inf, 3.4187e+01, 6.8609e-02, 
 2DIAGNOSTIC,     6, -4.482327103615e-01, inf, 3.4288e+01, 1.0118e-01, 
 2DIAGNOSTIC,     7, -4.483219981194e-01, inf, 3.4357e+01, 6.9068e-02, 
 2DIAGNOSTIC,     8, -4.483665823936e-01, inf, 3.4437e+01, 8.0104e-02, 
 2DIAGNOSTIC,     9, -4.485594034195e-01, inf, 3.4528e+01, 9.0141e-02, 
 2DIAGNOSTIC,    10, -4.486245214939e-01, 3.081645700149e-04, 3.4598e+01, 7.0139e-02, 
 2DIAGNOSTIC,    11, -4.486468732357e-01, 2.341350045754e-04, 3.4688e+01, 9.0732e-02, 
 2DIAGNOSTIC,    12, -4.486595988274e-01, 1.695820828900e-04, 3.4769e+01, 8.0593e-02, 
 2DIAGNOSTIC,    13, -4.486846327782e-01, 1.149316085503e-04, 3.4847e+01, 7.8526e-02, 
 2DIAGNOSTIC,    14, -4.487272202969e-01, 7.455676677637e-05, 3.4917e+01, 6.9673e-02, 
 2DIAGNOSTIC,    15, -4.487379491329e-01, 5.003123078495e-05, 3.4996e+01, 7.8359e-02, 
 2DIAGNOSTIC,    16, -4.487456083298e-01, 3.750591713469e-05, 3.5075e+01, 7.9702e-02, 
 2DIAGNOSTIC,    17, -4.487625360489e-01, 2.723525540205e-05, 3.5155e+01, 7.9580e-02, 
 2DIAGNOSTIC,    18, -4.487776160240e-01, 1.768200490915e-05, 3.5235e+01, 8.0141e-02, 
 2DIAGNOSTIC,    19, -4.487839043140e-01, 1.422728655598e-05, 3.5314e+01, 7.8753e-02, 
 2DIAGNOSTIC,    20, -4.487920403481e-01, 1.226894528372e-05, 3.5394e+01, 7.9918e-02, 
 2DIAGNOSTIC,    21, -4.487933814526e-01, 1.023274307954e-05, 3.5461e+01, 6.7609e-02, 
 2DIAGNOSTIC,    22, -4.487945139408e-01, 7.960508810356e-06, 3.5541e+01, 7.9827e-02, 
 2DIAGNOSTIC,    23, -4.487949013710e-01, 5.944497388555e-06, 3.5621e+01, 7.9918e-02, 
 2DIAGNOSTIC,    24, -4.487960040569e-01, 4.820299182029e-06, 3.5733e+01, 1.1152e-01, 
 2DIAGNOSTIC,    25, -4.487957060337e-01, 3.723968347913e-06, 3.5811e+01, 7.8608e-02, 
 2DIAGNOSTIC,    26, -4.487957358360e-01, 2.663416807991e-06, 3.5891e+01, 8.0018e-02, 
 2DIAGNOSTIC,    27, -4.487957954407e-01, 1.939201865753e-06, 3.5991e+01, 9.9504e-02, 
 2DIAGNOSTIC,    28, -4.487956762314e-01, 1.531877387606e-06, 3.6071e+01, 7.9925e-02, 
 2DIAGNOSTIC,    29, -4.487956762314e-01, 1.248148919331e-06, 3.6150e+01, 7.9733e-02, 
 2DIAGNOSTIC,    30, -4.487957060337e-01, 1.141256234405e-06, 3.6230e+01, 8.0043e-02, 
 2DIAGNOSTIC,    31, -4.487956762314e-01, 1.060240720108e-06, 3.6309e+01, 7.8517e-02, 
 2DIAGNOSTIC,    32, -4.487958252430e-01, 1.006469801723e-06, 3.6389e+01, 7.9813e-02, 
DIAGNOSTIC,Iteration,metricValue,convergenceValue,ITERATION_TIME_INDEX,SINCE_LAST
 2DIAGNOSTIC,     1, -3.856073319912e-01, inf, 4.5367e+01, 8.9788e+00, 
 2DIAGNOSTIC,     2, -3.859560787678e-01, inf, 4.5916e+01, 5.4807e-01, 
 2DIAGNOSTIC,     3, -3.861989974976e-01, inf, 4.6456e+01, 5.4017e-01, 
 2DIAGNOSTIC,     4, -3.863523006439e-01, inf, 4.7004e+01, 5.4832e-01, 
 2DIAGNOSTIC,     5, -3.865112066269e-01, inf, 4.7543e+01, 5.3874e-01, 
 2DIAGNOSTIC,     6, -3.867333531380e-01, inf, 4.8091e+01, 5.4853e-01, 
 2DIAGNOSTIC,     7, -3.869322836399e-01, inf, 4.8978e+01, 8.8628e-01, 
 2DIAGNOSTIC,     8, -3.870176076889e-01, inf, 4.9527e+01, 5.4892e-01, 
 2DIAGNOSTIC,     9, -3.870621621609e-01, inf, 5.0152e+01, 6.2574e-01, 
 2DIAGNOSTIC,    10, -3.871360719204e-01, 2.514916704968e-04, 5.0789e+01, 6.3631e-01, 
 2DIAGNOSTIC,    11, -3.871823847294e-01, 1.908620324684e-04, 5.1419e+01, 6.3009e-01, 
 2DIAGNOSTIC,    12, -3.872008025646e-01, 1.455757883377e-04, 5.1967e+01, 5.4852e-01, 
 2DIAGNOSTIC,    13, -3.872061371803e-01, 1.083989773178e-04, 5.2684e+01, 7.1700e-01, 
 2DIAGNOSTIC,    14, -3.872109353542e-01, 7.526042463724e-05, 5.3232e+01, 5.4766e-01, 
 2DIAGNOSTIC,    15, -3.872131705284e-01, 4.758380237035e-05, 5.3776e+01, 5.4378e-01, 
 2DIAGNOSTIC,    16, -3.872163295746e-01, 2.931933522632e-05, 5.4321e+01, 5.4532e-01, 
 2DIAGNOSTIC,    17, -3.872194886208e-01, 1.937263914442e-05, 5.4954e+01, 6.3332e-01, 
 2DIAGNOSTIC,    18, -3.872217833996e-01, 1.249910292245e-05, 5.5850e+01, 8.9573e-01, 
 2DIAGNOSTIC,    19, -3.872230052948e-01, 7.073409960867e-06, 5.6483e+01, 6.3329e-01, 
 2DIAGNOSTIC,    20, -3.872227072716e-01, 4.354749762570e-06, 5.7118e+01, 6.3492e-01, 
 2DIAGNOSTIC,    21, -3.872231245041e-01, 3.258550805185e-06, 5.7925e+01, 8.0668e-01, 
 2DIAGNOSTIC,    22, -3.872229456902e-01, 2.704103280848e-06, 5.8558e+01, 6.3358e-01, 
 2DIAGNOSTIC,    23, -3.872230350971e-01, 2.250039415230e-06, 5.9190e+01, 6.3180e-01, 
 2DIAGNOSTIC,    24, -3.872229754925e-01, 1.897678657770e-06, 5.9824e+01, 6.3355e-01, 
 2DIAGNOSTIC,    25, -3.872226178646e-01, 1.574564294060e-06, 6.0455e+01, 6.3145e-01, 
 2DIAGNOSTIC,    26, -3.872228860855e-01, 1.343750113847e-06, 6.1175e+01, 7.1974e-01, 
 2DIAGNOSTIC,    27, -3.872230648994e-01, 1.207744617204e-06, 6.1719e+01, 5.4393e-01, 
 2DIAGNOSTIC,    28, -3.872229158878e-01, 1.133970727096e-06, 6.2352e+01, 6.3352e-01, 
 2DIAGNOSTIC,    29, -3.872228860855e-01, 1.096337427953e-06, 6.2983e+01, 6.3025e-01, 
 2DIAGNOSTIC,    30, -3.872230350971e-01, 1.057548843164e-06, 6.3615e+01, 6.3225e-01, 
 2DIAGNOSTIC,    31, -3.872231543064e-01, 1.034160504787e-06, 6.4246e+01, 6.3153e-01, 
 2DIAGNOSTIC,    32, -3.872232735157e-01, 1.009824131870e-06, 6.4880e+01, 6.3394e-01, 
DIAGNOSTIC,Iteration,metricValue,convergenceValue,ITERATION_TIME_INDEX,SINCE_LAST
 2DIAGNOSTIC,     1, -3.304258584976e-01, inf, 7.4455e+01, 9.5747e+00, 
  Elapsed time (stage 1): 7.6240e+01


Stage 2
  iterations = 100x100x70x50x0
  convergence threshold = 1.0000e-06
  convergence window size = 10
  number of levels = 5
  using the Mattes MI metric (number of bins = 32, weight = 1.0000e+00)
  preprocessing:  winsorizing the image intensities
  Shrink factors (level 1 out of 5): [10, 10, 10]
  Shrink factors (level 2 out of 5): [6, 6, 6]
  Shrink factors (level 3 out of 5): [4, 4, 4]
  Shrink factors (level 4 out of 5): [2, 2, 2]
  Shrink factors (level 5 out of 5): [1, 1, 1]
  smoothing sigmas per level: [5, 3, 2, 1, 0]
  Using default NONE metricSamplingStrategy 

*** Running SyN registration (varianceForUpdateField = 3.0000e+00, varianceForTotalField = 0.0000e+00) ***

XXDIAGNOSTIC,Iteration,metricValue,convergenceValue,ITERATION_TIME_INDEX,SINCE_LAST
 1DIAGNOSTIC,     1, -5.472112894058e-01, inf, 3.1836e+01, 3.1836e+01, 
 1DIAGNOSTIC,     2, -5.635982155800e-01, inf, 3.1989e+01, 1.5300e-01, 
 1DIAGNOSTIC,     3, -5.744019746780e-01, inf, 3.2142e+01, 1.5337e-01, 
 1DIAGNOSTIC,     4, -5.774338245392e-01, inf, 3.2292e+01, 1.4972e-01, 
 1DIAGNOSTIC,     5, -5.761746168137e-01, inf, 3.2438e+01, 1.4636e-01, 
 1DIAGNOSTIC,     6, -5.763823390007e-01, inf, 3.2585e+01, 1.4690e-01, 
 1DIAGNOSTIC,     7, -5.732775330544e-01, inf, 3.2732e+01, 1.4683e-01, 
 1DIAGNOSTIC,     8, -5.713273286819e-01, inf, 3.2879e+01, 1.4652e-01, 
 1DIAGNOSTIC,     9, -5.695428252220e-01, inf, 3.3026e+01, 1.4681e-01, 
 1DIAGNOSTIC,    10, -5.675026178360e-01, 1.071797101758e-03, 3.3173e+01, 1.4776e-01, 
 1DIAGNOSTIC,    11, -5.661987662315e-01, -5.299930344336e-04, 3.3321e+01, 1.4722e-01, 
XXDIAGNOSTIC,Iteration,metricValue,convergenceValue,ITERATION_TIME_INDEX,SINCE_LAST
 1DIAGNOSTIC,     1, -4.512367248535e-01, inf, 4.7678e+01, 1.4357e+01, 
 1DIAGNOSTIC,     2, -4.548444747925e-01, inf, 4.8275e+01, 5.9706e-01, 
 1DIAGNOSTIC,     3, -4.562054872513e-01, inf, 4.8854e+01, 5.7973e-01, 
 1DIAGNOSTIC,     4, -4.564574360847e-01, inf, 4.9436e+01, 5.8150e-01, 
 1DIAGNOSTIC,     5, -4.563551545143e-01, inf, 5.0019e+01, 5.8343e-01, 
 1DIAGNOSTIC,     6, -4.555876851082e-01, inf, 5.0597e+01, 5.7741e-01, 
 1DIAGNOSTIC,     7, -4.546577930450e-01, inf, 5.1174e+01, 5.7719e-01, 
 1DIAGNOSTIC,     8, -4.535772204399e-01, inf, 5.1753e+01, 5.7904e-01, 
 1DIAGNOSTIC,     9, -4.524598717690e-01, inf, 5.2330e+01, 5.7716e-01, 
 1DIAGNOSTIC,    10, -4.511306881905e-01, -3.097446169704e-04, 5.2910e+01, 5.7964e-01, 
XXDIAGNOSTIC,Iteration,metricValue,convergenceValue,ITERATION_TIME_INDEX,SINCE_LAST
 1DIAGNOSTIC,     1, -3.839349746704e-01, inf, 6.3046e+01, 1.0136e+01, 
 1DIAGNOSTIC,     2, -3.848943710327e-01, inf, 6.4843e+01, 1.7968e+00, 
 1DIAGNOSTIC,     3, -3.855385780334e-01, inf, 6.6636e+01, 1.7932e+00, 
 1DIAGNOSTIC,     4, -3.859379887581e-01, inf, 6.8427e+01, 1.7914e+00, 
 1DIAGNOSTIC,     5, -3.862912356853e-01, inf, 7.0225e+01, 1.7978e+00, 
 1DIAGNOSTIC,     6, -3.864731192589e-01, inf, 7.2074e+01, 1.8493e+00, 
 1DIAGNOSTIC,     7, -3.860892951488e-01, inf, 7.3925e+01, 1.8504e+00, 
 1DIAGNOSTIC,     8, -3.858174681664e-01, inf, 7.5834e+01, 1.9091e+00, 
 1DIAGNOSTIC,     9, -3.854064643383e-01, inf, 7.7628e+01, 1.7939e+00, 
 1DIAGNOSTIC,    10, -3.851234316826e-01, 1.456273894291e-04, 7.9426e+01, 1.7983e+00, 
 1DIAGNOSTIC,    11, -3.848953843117e-01, -6.543390918523e-05, 8.1286e+01, 1.8602e+00, 
XXDIAGNOSTIC,Iteration,metricValue,convergenceValue,ITERATION_TIME_INDEX,SINCE_LAST
 1DIAGNOSTIC,     1, -3.268354535103e-01, inf, 1.0131e+02, 2.0023e+01, 
 1DIAGNOSTIC,     2, -3.278393745422e-01, inf, 1.1422e+02, 1.2907e+01, 
 1DIAGNOSTIC,     3, -3.289370536804e-01, inf, 1.2712e+02, 1.2899e+01, 
 1DIAGNOSTIC,     4, -3.299445509911e-01, inf, 1.4002e+02, 1.2906e+01, 
 1DIAGNOSTIC,     5, -3.308733105659e-01, inf, 1.5300e+02, 1.2979e+01, 
 1DIAGNOSTIC,     6, -3.316721320152e-01, inf, 1.6639e+02, 1.3385e+01, 
 1DIAGNOSTIC,     7, -3.324088156223e-01, inf, 1.7976e+02, 1.3373e+01, 
 1DIAGNOSTIC,     8, -3.329401016235e-01, inf, 1.9316e+02, 1.3401e+01, 
 1DIAGNOSTIC,     9, -3.335205912590e-01, inf, 2.0652e+02, 1.3356e+01, 
 1DIAGNOSTIC,    10, -3.339929282665e-01, 1.395783503540e-03, 2.1986e+02, 1.3348e+01, 
 1DIAGNOSTIC,    11, -3.344224393368e-01, 1.141588669270e-03, 2.3328e+02, 1.3418e+01, 
 1DIAGNOSTIC,    12, -3.348860442638e-01, 9.315233910456e-04, 2.4715e+02, 1.3870e+01, 
 1DIAGNOSTIC,    13, -3.352185189724e-01, 7.632053457201e-04, 2.6097e+02, 1.3818e+01, 
 1DIAGNOSTIC,    14, -3.355450928211e-01, 6.306865834631e-04, 2.7432e+02, 1.3349e+01, 
 1DIAGNOSTIC,    15, -3.358578681946e-01, 5.285863298923e-04, 2.8810e+02, 1.3784e+01, 
 1DIAGNOSTIC,    16, -3.361467421055e-01, 4.483725933824e-04, 3.0202e+02, 1.3917e+01, 
 1DIAGNOSTIC,    17, -3.364065289497e-01, 3.861455479637e-04, 3.1589e+02, 1.3870e+01, 
 1DIAGNOSTIC,    18, -3.365745544434e-01, 3.280370729044e-04, 3.2971e+02, 1.3821e+01, 
 1DIAGNOSTIC,    19, -3.368165493011e-01, 2.825492992997e-04, 3.4348e+02, 1.3768e+01, 
 1DIAGNOSTIC,    20, -3.370616436005e-01, 2.457364171278e-04, 3.5730e+02, 1.3824e+01, 
 1DIAGNOSTIC,    21, -3.372449278831e-01, 2.140917640645e-04, 3.7113e+02, 1.3833e+01, 
 1DIAGNOSTIC,    22, -3.374232649803e-01, 1.901695068227e-04, 3.8510e+02, 1.3967e+01, 
 1DIAGNOSTIC,    23, -3.375942111015e-01, 1.691609359113e-04, 3.9893e+02, 1.3828e+01, 
 1DIAGNOSTIC,    24, -3.377582430840e-01, 1.513547758805e-04, 4.1279e+02, 1.3858e+01, 
 1DIAGNOSTIC,    25, -3.378961086273e-01, 1.359654561384e-04, 4.2668e+02, 1.3894e+01, 
 1DIAGNOSTIC,    26, -3.380696773529e-01, 1.240512501681e-04, 4.4051e+02, 1.3830e+01, 
 1DIAGNOSTIC,    27, -3.381281495094e-01, 1.113889229600e-04, 4.5433e+02, 1.3818e+01, 
 1DIAGNOSTIC,    28, -3.382657170296e-01, 9.844193118624e-05, 4.6818e+02, 1.3849e+01, 
 1DIAGNOSTIC,    29, -3.383589088917e-01, 8.684060594533e-05, 4.8200e+02, 1.3817e+01, 
 1DIAGNOSTIC,    30, -3.384014964104e-01, 7.594250200782e-05, 4.9580e+02, 1.3807e+01, 
 1DIAGNOSTIC,    31, -3.385109901428e-01, 6.662917439826e-05, 5.0964e+02, 1.3839e+01, 
 1DIAGNOSTIC,    32, -3.385260999203e-01, 5.671280086972e-05, 5.2349e+02, 1.3852e+01, 
 1DIAGNOSTIC,    33, -3.385353386402e-01, 4.671092392527e-05, 5.3741e+02, 1.3915e+01, 
 1DIAGNOSTIC,    34, -3.384837508202e-01, 3.572902642190e-05, 5.5122e+02, 1.3813e+01, 
 1DIAGNOSTIC,    35, -3.384606838226e-01, 2.481472984073e-05, 5.6507e+02, 1.3851e+01, 
 1DIAGNOSTIC,    36, -3.384651541710e-01, 1.642078677833e-05, 5.7894e+02, 1.3866e+01, 
 1DIAGNOSTIC,    37, -3.385669589043e-01, 1.058210909832e-05, 5.9276e+02, 1.3815e+01, 
 1DIAGNOSTIC,    38, -3.386291861534e-01, 8.499308023602e-06, 6.0662e+02, 1.3869e+01, 
 1DIAGNOSTIC,    39, -3.386770486832e-01, 8.873508704710e-06, 6.2045e+02, 1.3825e+01, 
 1DIAGNOSTIC,    40, -3.387342095375e-01, 1.054618860508e-05, 6.3428e+02, 1.3828e+01, 
 1DIAGNOSTIC,    41, -3.386988043785e-01, 1.270338634640e-05, 6.4818e+02, 1.3905e+01, 
 1DIAGNOSTIC,    42, -3.386746048927e-01, 1.342079121969e-05, 6.6206e+02, 1.3879e+01, 
 1DIAGNOSTIC,    43, -3.387155532837e-01, 1.389953376929e-05, 6.7593e+02, 1.3864e+01, 
 1DIAGNOSTIC,    44, -3.387167453766e-01, 1.211289145431e-05, 6.8973e+02, 1.3805e+01, 
 1DIAGNOSTIC,    45, -3.386581838131e-01, 7.805930181348e-06, 7.0356e+02, 1.3827e+01, 
 1DIAGNOSTIC,    46, -3.386197686195e-01, 2.411608193142e-06, 7.1740e+02, 1.3847e+01, 
 1DIAGNOSTIC,    47, -3.386318981647e-01, -8.572632168580e-07, 7.3123e+02, 1.3821e+01, 
  Elapsed time (stage 2): 755.2


Total elapsed time: 905.1

--- Writing output images ---

Using double precision for computations.
Input scalar image: data/Segmentations/1018_3_seg.nii.gz
Reference image: data/template/T_template0_BrainCerebellum.nii.gz
=============================================================================
The composite transform comprises the following transforms (in order): 
  1. /tmp/1971962.1.basic.q/1018_ToTemplate_010_0GenericAffine.mat (type = AffineTransform)
  2. /tmp/1971962.1.basic.q/1018_ToTemplate_010_1Warp.nii.gz (type = DisplacementFieldTransform)
=============================================================================
Default pixel value: 0
Interpolation type: LabelImageGenericInterpolateImageFunction
Output warped image: output/1018/1018_WarpedLabels_010.nii.gz

--- Done ---

