
--- Running on compute-1-8.local ---


--- registration call ---
/data/jet/pcook/bin/antsBuild/bin/antsRegistrationSyNQuick.sh -d 3 -f data/template/T_template0_BrainCerebellum.nii.gz -m data/Brains/1018_3.nii.gz -t s -p f -n 2 -o /tmp/1971958.1.basic.q/1018_ToTemplate_006_
---


--------------------------------------------------------------------------------------
 Mapping parameters
--------------------------------------------------------------------------------------
 ANTSPATH is /data/jet/pcook/bin/antsBuild/bin/

 Dimensionality:           3
 Output name prefix:       /tmp/1971958.1.basic.q/1018_ToTemplate_006_
 Fixed images:             data/template/T_template0_BrainCerebellum.nii.gz
 Moving images:            data/Brains/1018_3.nii.gz
 Mask images:              
 Initial transforms:       
 Number of threads:        2
 Spline distance:          26
 Transform type:           s
 MI histogram bins:        32
 Precision:                f
 Use histogram matching    0
======================================================================================
 antsRegistration call:
--------------------------------------------------------------------------------------
/data/jet/pcook/bin/antsBuild/bin//antsRegistration --verbose 1 --dimensionality 3 --float 1 --collapse-output-transforms 1 --output [/tmp/1971958.1.basic.q/1018_ToTemplate_006_,/tmp/1971958.1.basic.q/1018_ToTemplate_006_Warped.nii.gz,/tmp/1971958.1.basic.q/1018_ToTemplate_006_InverseWarped.nii.gz] --interpolation Linear --use-histogram-matching 0 --winsorize-image-intensities [0.005,0.995] --initial-moving-transform [data/template/T_template0_BrainCerebellum.nii.gz,data/Brains/1018_3.nii.gz,1] --transform Rigid[0.1] --metric MI[data/template/T_template0_BrainCerebellum.nii.gz,data/Brains/1018_3.nii.gz,1,32,Regular,0.25] --convergence [1000x500x250x0,1e-6,10] --shrink-factors 12x8x4x2 --smoothing-sigmas 4x3x2x1vox --transform Affine[0.1] --metric MI[data/template/T_template0_BrainCerebellum.nii.gz,data/Brains/1018_3.nii.gz,1,32,Regular,0.25] --convergence [1000x500x250x0,1e-6,10] --shrink-factors 12x8x4x2 --smoothing-sigmas 4x3x2x1vox --transform SyN[0.1,3,0] --metric MI[data/template/T_template0_BrainCerebellum.nii.gz,data/Brains/1018_3.nii.gz,1,32] --convergence [100x100x70x50x0,1e-6,10] --shrink-factors 10x6x4x2x1 --smoothing-sigmas 5x3x2x1x0vox
--------------------------------------------------------------------------------------
All_Command_lines_OK
Using single precision for computations.
=============================================================================
The composite transform comprises the following transforms (in order): 
  1. Center of mass alignment using fixed image: data/template/T_template0_BrainCerebellum.nii.gz and moving image: data/Brains/1018_3.nii.gz (type = Euler3DTransform)
=============================================================================
  number of levels = 4
  number of levels = 4
  number of levels = 5
  fixed image: data/template/T_template0_BrainCerebellum.nii.gz
  moving image: data/Brains/1018_3.nii.gz
  fixed image: data/template/T_template0_BrainCerebellum.nii.gz
  moving image: data/Brains/1018_3.nii.gz
  fixed image: data/template/T_template0_BrainCerebellum.nii.gz
  moving image: data/Brains/1018_3.nii.gz
Dimension = 3
Number of stages = 3
Use Histogram Matching false
Winsorize image intensities true
Lower quantile = 0.005
Upper quantile = 0.995
Stage 1 State
   Image metric = Mattes
     Fixed image = Image (0x4995670)
  RTTI typeinfo:   itk::Image<float, 3u>
  Reference Count: 2
  Modified Time: 1611
  Debug: Off
  Object Name: 
  Observers: 
    none
  Source: (none)
  Source output name: (none)
  Release Data: Off
  Data Released: False
  Global Release Data: Off
  PipelineMTime: 0
  UpdateMTime: 1422
  RealTimeStamp: 0 seconds 
  LargestPossibleRegion: 
    Dimension: 3
    Index: [0, 0, 0]
    Size: [216, 256, 291]
  BufferedRegion: 
    Dimension: 3
    Index: [0, 0, 0]
    Size: [216, 256, 291]
  RequestedRegion: 
    Dimension: 3
    Index: [0, 0, 0]
    Size: [216, 256, 291]
  Spacing: [1, 1, 1]
  Origin: [0, 293, 0]
  Direction: 
1 0 0
0 -0 -1
0 -1 -0

  IndexToPointMatrix: 
1 0 0
0 0 -1
0 -1 0

  PointToIndexMatrix: 
1 0 0
0 0 -1
0 -1 0

  Inverse Direction: 
1 0 0
0 0 -1
0 -1 0

  PixelContainer: 
    ImportImageContainer (0x497a7f0)
      RTTI typeinfo:   itk::ImportImageContainer<unsigned long, float>
      Reference Count: 1
      Modified Time: 1419
      Debug: Off
      Object Name: 
      Observers: 
        none
      Pointer: 0x7efc14158010
      Container manages memory: true
      Size: 16091136
      Capacity: 16091136

     Moving image = Image (0x49960b0)
  RTTI typeinfo:   itk::Image<float, 3u>
  Reference Count: 2
  Modified Time: 1612
  Debug: Off
  Object Name: 
  Observers: 
    none
  Source: (none)
  Source output name: (none)
  Release Data: Off
  Data Released: False
  Global Release Data: Off
  PipelineMTime: 0
  UpdateMTime: 1609
  RealTimeStamp: 0 seconds 
  LargestPossibleRegion: 
    Dimension: 3
    Index: [0, 0, 0]
    Size: [256, 256, 291]
  BufferedRegion: 
    Dimension: 3
    Index: [0, 0, 0]
    Size: [256, 256, 291]
  RequestedRegion: 
    Dimension: 3
    Index: [0, 0, 0]
    Size: [256, 256, 291]
  Spacing: [1, 1, 1]
  Origin: [0, 290, 0]
  Direction: 
1 0 0
0 -0 -1
0 -1 -0

  IndexToPointMatrix: 
1 0 0
0 0 -1
0 -1 0

  PointToIndexMatrix: 
1 0 0
0 0 -1
0 -1 0

  Inverse Direction: 
1 0 0
0 0 -1
0 -1 0

  PixelContainer: 
    ImportImageContainer (0x4998500)
      RTTI typeinfo:   itk::ImportImageContainer<unsigned long, float>
      Reference Count: 1
      Modified Time: 1606
      Debug: Off
      Object Name: 
      Observers: 
        none
      Pointer: 0x7efc0f897010
      Container manages memory: true
      Size: 19070976
      Capacity: 19070976

     Weighting = 1
     Sampling strategy = regular
     Number of bins = 32
     Radius = 4
     Sampling percentage  = 0.25
   Transform = Rigid
     Gradient step = 0.1
     Update field sigma (voxel space) = 0
     Total field sigma (voxel space) = 0
     Update field time sigma = 0
     Total field time sigma  = 0
     Number of time indices = 0
     Number of time point samples = 0
Stage 2 State
   Image metric = Mattes
     Fixed image = Image (0x49a0910)
  RTTI typeinfo:   itk::Image<float, 3u>
  Reference Count: 2
  Modified Time: 1987
  Debug: Off
  Object Name: 
  Observers: 
    none
  Source: (none)
  Source output name: (none)
  Release Data: Off
  Data Released: False
  Global Release Data: Off
  PipelineMTime: 0
  UpdateMTime: 1798
  RealTimeStamp: 0 seconds 
  LargestPossibleRegion: 
    Dimension: 3
    Index: [0, 0, 0]
    Size: [216, 256, 291]
  BufferedRegion: 
    Dimension: 3
    Index: [0, 0, 0]
    Size: [216, 256, 291]
  RequestedRegion: 
    Dimension: 3
    Index: [0, 0, 0]
    Size: [216, 256, 291]
  Spacing: [1, 1, 1]
  Origin: [0, 293, 0]
  Direction: 
1 0 0
0 -0 -1
0 -1 -0

  IndexToPointMatrix: 
1 0 0
0 0 -1
0 -1 0

  PointToIndexMatrix: 
1 0 0
0 0 -1
0 -1 0

  Inverse Direction: 
1 0 0
0 0 -1
0 -1 0

  PixelContainer: 
    ImportImageContainer (0x49a11b0)
      RTTI typeinfo:   itk::ImportImageContainer<unsigned long, float>
      Reference Count: 1
      Modified Time: 1795
      Debug: Off
      Object Name: 
      Observers: 
        none
      Pointer: 0x7efc0bb34010
      Container manages memory: true
      Size: 16091136
      Capacity: 16091136

     Moving image = Image (0x49a0ca0)
  RTTI typeinfo:   itk::Image<float, 3u>
  Reference Count: 2
  Modified Time: 1988
  Debug: Off
  Object Name: 
  Observers: 
    none
  Source: (none)
  Source output name: (none)
  Release Data: Off
  Data Released: False
  Global Release Data: Off
  PipelineMTime: 0
  UpdateMTime: 1985
  RealTimeStamp: 0 seconds 
  LargestPossibleRegion: 
    Dimension: 3
    Index: [0, 0, 0]
    Size: [256, 256, 291]
  BufferedRegion: 
    Dimension: 3
    Index: [0, 0, 0]
    Size: [256, 256, 291]
  RequestedRegion: 
    Dimension: 3
    Index: [0, 0, 0]
    Size: [256, 256, 291]
  Spacing: [1, 1, 1]
  Origin: [0, 290, 0]
  Direction: 
1 0 0
0 -0 -1
0 -1 -0

  IndexToPointMatrix: 
1 0 0
0 0 -1
0 -1 0

  PointToIndexMatrix: 
1 0 0
0 0 -1
0 -1 0

  Inverse Direction: 
1 0 0
0 0 -1
0 -1 0

  PixelContainer: 
    ImportImageContainer (0x49a17b0)
      RTTI typeinfo:   itk::ImportImageContainer<unsigned long, float>
      Reference Count: 1
      Modified Time: 1982
      Debug: Off
      Object Name: 
      Observers: 
        none
      Pointer: 0x7efc07273010
      Container manages memory: true
      Size: 19070976
      Capacity: 19070976

     Weighting = 1
     Sampling strategy = regular
     Number of bins = 32
     Radius = 4
     Sampling percentage  = 0.25
   Transform = Affine
     Gradient step = 0.1
     Update field sigma (voxel space) = 0
     Total field sigma (voxel space) = 0
     Update field time sigma = 0
     Total field time sigma  = 0
     Number of time indices = 0
     Number of time point samples = 0
Stage 3 State
   Image metric = Mattes
     Fixed image = Image (0x49a79a0)
  RTTI typeinfo:   itk::Image<float, 3u>
  Reference Count: 2
  Modified Time: 2363
  Debug: Off
  Object Name: 
  Observers: 
    none
  Source: (none)
  Source output name: (none)
  Release Data: Off
  Data Released: False
  Global Release Data: Off
  PipelineMTime: 0
  UpdateMTime: 2174
  RealTimeStamp: 0 seconds 
  LargestPossibleRegion: 
    Dimension: 3
    Index: [0, 0, 0]
    Size: [216, 256, 291]
  BufferedRegion: 
    Dimension: 3
    Index: [0, 0, 0]
    Size: [216, 256, 291]
  RequestedRegion: 
    Dimension: 3
    Index: [0, 0, 0]
    Size: [216, 256, 291]
  Spacing: [1, 1, 1]
  Origin: [0, 293, 0]
  Direction: 
1 0 0
0 -0 -1
0 -1 -0

  IndexToPointMatrix: 
1 0 0
0 0 -1
0 -1 0

  PointToIndexMatrix: 
1 0 0
0 0 -1
0 -1 0

  Inverse Direction: 
1 0 0
0 0 -1
0 -1 0

  PixelContainer: 
    ImportImageContainer (0x49a7c30)
      RTTI typeinfo:   itk::ImportImageContainer<unsigned long, float>
      Reference Count: 1
      Modified Time: 2171
      Debug: Off
      Object Name: 
      Observers: 
        none
      Pointer: 0x7efc03510010
      Container manages memory: true
      Size: 16091136
      Capacity: 16091136

     Moving image = Image (0x49aa360)
  RTTI typeinfo:   itk::Image<float, 3u>
  Reference Count: 2
  Modified Time: 2364
  Debug: Off
  Object Name: 
  Observers: 
    none
  Source: (none)
  Source output name: (none)
  Release Data: Off
  Data Released: False
  Global Release Data: Off
  PipelineMTime: 0
  UpdateMTime: 2361
  RealTimeStamp: 0 seconds 
  LargestPossibleRegion: 
    Dimension: 3
    Index: [0, 0, 0]
    Size: [256, 256, 291]
  BufferedRegion: 
    Dimension: 3
    Index: [0, 0, 0]
    Size: [256, 256, 291]
  RequestedRegion: 
    Dimension: 3
    Index: [0, 0, 0]
    Size: [256, 256, 291]
  Spacing: [1, 1, 1]
  Origin: [0, 290, 0]
  Direction: 
1 0 0
0 -0 -1
0 -1 -0

  IndexToPointMatrix: 
1 0 0
0 0 -1
0 -1 0

  PointToIndexMatrix: 
1 0 0
0 0 -1
0 -1 0

  Inverse Direction: 
1 0 0
0 0 -1
0 -1 0

  PixelContainer: 
    ImportImageContainer (0x49aa5f0)
      RTTI typeinfo:   itk::ImportImageContainer<unsigned long, float>
      Reference Count: 1
      Modified Time: 2358
      Debug: Off
      Object Name: 
      Observers: 
        none
      Pointer: 0x7efbfec4f010
      Container manages memory: true
      Size: 19070976
      Capacity: 19070976

     Weighting = 1
     Sampling strategy = none
     Number of bins = 32
     Radius = 4
     Sampling percentage  = 1
   Transform = SyN
     Gradient step = 0.1
     Update field sigma (voxel space) = 3
     Total field sigma (voxel space) = 0
     Update field time sigma = 0
     Total field time sigma  = 0
     Number of time indices = 0
     Number of time point samples = 0
Registration using 3 total stages.

Stage 0
  iterations = 1000x500x250x0
  convergence threshold = 1e-06
  convergence window size = 10
  number of levels = 4
  using the Mattes MI metric (number of bins = 32, weight = 1)
  preprocessing:  winsorizing the image intensities
  Shrink factors (level 1 out of 4): [12, 12, 12]
  Shrink factors (level 2 out of 4): [8, 8, 8]
  Shrink factors (level 3 out of 4): [4, 4, 4]
  Shrink factors (level 4 out of 4): [2, 2, 2]
  smoothing sigmas per level: [4, 3, 2, 1]
  regular sampling (percentage = 0.25)

*** Running Euler3DTransform registration ***

DIAGNOSTIC,Iteration,metricValue,convergenceValue,ITERATION_TIME_INDEX,SINCE_LAST
 2DIAGNOSTIC,     1, -4.268062114716e-01, inf, 1.8763e+01, 1.8763e+01, 
 2DIAGNOSTIC,     2, -4.274706840515e-01, inf, 1.8774e+01, 1.0837e-02, 
 2DIAGNOSTIC,     3, -4.282803535461e-01, inf, 1.8785e+01, 1.0691e-02, 
 2DIAGNOSTIC,     4, -4.298957586288e-01, inf, 1.8796e+01, 1.0738e-02, 
 2DIAGNOSTIC,     5, -4.311706125736e-01, inf, 1.8808e+01, 1.2407e-02, 
 2DIAGNOSTIC,     6, -4.315414130688e-01, inf, 1.8820e+01, 1.2123e-02, 
 2DIAGNOSTIC,     7, -4.318511784077e-01, inf, 1.8831e+01, 1.0504e-02, 
 2DIAGNOSTIC,     8, -4.326258003712e-01, inf, 1.8841e+01, 1.0702e-02, 
 2DIAGNOSTIC,     9, -4.333170056343e-01, inf, 1.8857e+01, 1.5765e-02, 
 2DIAGNOSTIC,    10, -4.339271485806e-01, 1.075746491551e-03, 1.8869e+01, 1.1315e-02, 
 2DIAGNOSTIC,    11, -4.341803789139e-01, 8.886274299584e-04, 1.8880e+01, 1.1139e-02, 
 2DIAGNOSTIC,    12, -4.342652261257e-01, 6.957132718526e-04, 1.8891e+01, 1.1074e-02, 
 2DIAGNOSTIC,    13, -4.344988167286e-01, 5.213805707172e-04, 1.8907e+01, 1.6075e-02, 
 2DIAGNOSTIC,    14, -4.345785379410e-01, 4.025670350529e-04, 1.8920e+01, 1.2700e-02, 
 2DIAGNOSTIC,    15, -4.346336424351e-01, 3.212311712559e-04, 1.8931e+01, 1.1087e-02, 
 2DIAGNOSTIC,    16, -4.346855282784e-01, 2.385758998571e-04, 1.8943e+01, 1.2698e-02, 
 2DIAGNOSTIC,    17, -4.348296523094e-01, 1.612191990716e-04, 1.8956e+01, 1.2983e-02, 
 2DIAGNOSTIC,    18, -4.348362386227e-01, 1.057508488884e-04, 1.8968e+01, 1.1281e-02, 
 2DIAGNOSTIC,    19, -4.356771707535e-01, 9.904157923302e-05, 1.8982e+01, 1.4737e-02, 
 2DIAGNOSTIC,    20, -4.365202784538e-01, 1.308365317527e-04, 1.8997e+01, 1.4479e-02, 
 2DIAGNOSTIC,    21, -4.365465641022e-01, 1.558492367622e-04, 1.9010e+01, 1.2761e-02, 
 2DIAGNOSTIC,    22, -4.365748465061e-01, 1.680060959188e-04, 1.9021e+01, 1.1045e-02, 
 2DIAGNOSTIC,    23, -4.365867078304e-01, 1.707672636257e-04, 1.9033e+01, 1.2701e-02, 
 2DIAGNOSTIC,    24, -4.365875720978e-01, 1.592014305061e-04, 1.9046e+01, 1.2666e-02, 
 2DIAGNOSTIC,    25, -4.365948140621e-01, 1.349486119580e-04, 1.9062e+01, 1.5936e-02, 
 2DIAGNOSTIC,    26, -4.365970492363e-01, 1.015195157379e-04, 1.9073e+01, 1.1022e-02, 
 2DIAGNOSTIC,    27, -4.365976750851e-01, 6.521256727865e-05, 1.9084e+01, 1.1037e-02, 
 2DIAGNOSTIC,    28, -4.366017282009e-01, 2.540583955124e-05, 1.9095e+01, 1.0986e-02, 
 2DIAGNOSTIC,    29, -4.366067945957e-01, 4.643689408113e-06, 1.9108e+01, 1.2697e-02, 
 2DIAGNOSTIC,    30, -4.366136193275e-01, 3.480428631519e-06, 1.9125e+01, 1.7607e-02, 
 2DIAGNOSTIC,    31, -4.366144537926e-01, 2.720249540289e-06, 1.9141e+01, 1.5966e-02, 
 2DIAGNOSTIC,    32, -4.366146028042e-01, 2.427300387353e-06, 1.9155e+01, 1.4268e-02, 
 2DIAGNOSTIC,    33, -4.366143941879e-01, 2.250393890790e-06, 1.9168e+01, 1.2672e-02, 
 2DIAGNOSTIC,    34, -4.366146028042e-01, 1.977668262043e-06, 1.9181e+01, 1.2658e-02, 
 2DIAGNOSTIC,    35, -4.366146028042e-01, 1.754933691700e-06, 1.9195e+01, 1.4330e-02, 
 2DIAGNOSTIC,    36, -4.366140067577e-01, 1.495721789979e-06, 1.9208e+01, 1.2649e-02, 
 2DIAGNOSTIC,    37, -4.366144239902e-01, 1.212460460920e-06, 1.9220e+01, 1.2674e-02, 
DIAGNOSTIC,Iteration,metricValue,convergenceValue,ITERATION_TIME_INDEX,SINCE_LAST
 2DIAGNOSTIC,     1, -3.709278404713e-01, inf, 3.3268e+01, 1.4048e+01, 
 2DIAGNOSTIC,     2, -3.716872632504e-01, inf, 3.3323e+01, 5.4625e-02, 
 2DIAGNOSTIC,     3, -3.727044463158e-01, inf, 3.3379e+01, 5.6083e-02, 
 2DIAGNOSTIC,     4, -3.737113177776e-01, inf, 3.3434e+01, 5.4625e-02, 
 2DIAGNOSTIC,     5, -3.749924600124e-01, inf, 3.3499e+01, 6.4984e-02, 
 2DIAGNOSTIC,     6, -3.752760887146e-01, inf, 3.3573e+01, 7.4733e-02, 
 2DIAGNOSTIC,     7, -3.752286136150e-01, inf, 3.3638e+01, 6.4600e-02, 
 2DIAGNOSTIC,     8, -3.752754032612e-01, inf, 3.3703e+01, 6.4569e-02, 
 2DIAGNOSTIC,     9, -3.752220571041e-01, inf, 3.3767e+01, 6.4561e-02, 
 2DIAGNOSTIC,    10, -3.752174973488e-01, 7.583415135741e-04, 3.3833e+01, 6.5579e-02, 
 2DIAGNOSTIC,    11, -3.751915693283e-01, 4.783526528627e-04, 3.3891e+01, 5.7856e-02, 
 2DIAGNOSTIC,    12, -3.752979934216e-01, 2.575268154033e-04, 3.3947e+01, 5.6633e-02, 
 2DIAGNOSTIC,    13, -3.754428923130e-01, 1.148881783593e-04, 3.4002e+01, 5.5294e-02, 
 2DIAGNOSTIC,    14, -3.755563497543e-01, 4.123151302338e-05, 3.4068e+01, 6.5459e-02, 
 2DIAGNOSTIC,    15, -3.756758868694e-01, 4.436441304279e-05, 3.4133e+01, 6.5347e-02, 
 2DIAGNOSTIC,    16, -3.756885528564e-01, 5.735036756960e-05, 3.4189e+01, 5.5354e-02, 
 2DIAGNOSTIC,    17, -3.756353557110e-01, 5.915558358538e-05, 3.4254e+01, 6.5305e-02, 
 2DIAGNOSTIC,    18, -3.756775557995e-01, 5.927770689595e-05, 3.4319e+01, 6.5441e-02, 
 2DIAGNOSTIC,    19, -3.756858110428e-01, 5.213924305281e-05, 3.4375e+01, 5.5248e-02, 
 2DIAGNOSTIC,    20, -3.758298456669e-01, 4.636457742890e-05, 3.4430e+01, 5.5401e-02, 
 2DIAGNOSTIC,    21, -3.760924935341e-01, 4.539878136711e-05, 3.4506e+01, 7.5907e-02, 
 2DIAGNOSTIC,    22, -3.762108385563e-01, 4.796932989848e-05, 3.4571e+01, 6.5516e-02, 
 2DIAGNOSTIC,    23, -3.762260973454e-01, 5.124083691044e-05, 3.4637e+01, 6.5313e-02, 
 2DIAGNOSTIC,    24, -3.763693273067e-01, 5.767945913249e-05, 3.4703e+01, 6.5780e-02, 
 2DIAGNOSTIC,    25, -3.766296207905e-01, 6.964623753447e-05, 3.4768e+01, 6.5271e-02, 
 2DIAGNOSTIC,    26, -3.769630789757e-01, 8.408747817157e-05, 3.4833e+01, 6.5414e-02, 
 2DIAGNOSTIC,    27, -3.772237300873e-01, 9.530294482829e-05, 3.4909e+01, 7.5298e-02, 
 2DIAGNOSTIC,    28, -3.772849440575e-01, 9.977814625017e-05, 3.4974e+01, 6.5215e-02, 
 2DIAGNOSTIC,    29, -3.773187696934e-01, 9.584085637471e-05, 3.5039e+01, 6.5228e-02, 
 2DIAGNOSTIC,    30, -3.773920238018e-01, 8.849059668137e-05, 3.5114e+01, 7.5456e-02, 
 2DIAGNOSTIC,    31, -3.774179816246e-01, 8.016527135624e-05, 3.5180e+01, 6.5269e-02, 
 2DIAGNOSTIC,    32, -3.773950040340e-01, 6.712895992678e-05, 3.5235e+01, 5.5302e-02, 
 2DIAGNOSTIC,    33, -3.774078190327e-01, 4.936147161061e-05, 3.5310e+01, 7.5202e-02, 
 2DIAGNOSTIC,    34, -3.774150013924e-01, 3.138603278785e-05, 3.5375e+01, 6.5246e-02, 
 2DIAGNOSTIC,    35, -3.774187266827e-01, 1.709770549496e-05, 3.5431e+01, 5.5135e-02, 
 2DIAGNOSTIC,    36, -3.774233162403e-01, 9.030528417497e-06, 3.5486e+01, 5.5548e-02, 
 2DIAGNOSTIC,    37, -3.774318993092e-01, 6.131585905678e-06, 3.5562e+01, 7.5611e-02, 
 2DIAGNOSTIC,    38, -3.774686157703e-01, 4.833792900172e-06, 3.5637e+01, 7.5509e-02, 
 2DIAGNOSTIC,    39, -3.774390816689e-01, 3.243136916353e-06, 3.5703e+01, 6.5262e-02, 
 2DIAGNOSTIC,    40, -3.774402439594e-01, 2.917183110185e-06, 3.5758e+01, 5.5327e-02, 
 2DIAGNOSTIC,    41, -3.774419128895e-01, 2.933106998171e-06, 3.5813e+01, 5.5281e-02, 
 2DIAGNOSTIC,    42, -3.774826526642e-01, 3.043563310712e-06, 3.5879e+01, 6.5640e-02, 
 2DIAGNOSTIC,    43, -3.774484992027e-01, 2.524921683289e-06, 3.5944e+01, 6.5319e-02, 
 2DIAGNOSTIC,    44, -3.774875402451e-01, 2.686728976187e-06, 3.6010e+01, 6.5421e-02, 
 2DIAGNOSTIC,    45, -3.774523437023e-01, 2.121841362168e-06, 3.6075e+01, 6.5228e-02, 
 2DIAGNOSTIC,    46, -3.774555623531e-01, 1.582082973073e-06, 3.6140e+01, 6.5339e-02, 
DIAGNOSTIC,Iteration,metricValue,convergenceValue,ITERATION_TIME_INDEX,SINCE_LAST
 2DIAGNOSTIC,     1, -3.165905773640e-01, inf, 4.4947e+01, 8.8069e+00, 
 2DIAGNOSTIC,     2, -3.173955678940e-01, inf, 4.5384e+01, 4.3746e-01, 
 2DIAGNOSTIC,     3, -3.183784484863e-01, inf, 4.5821e+01, 4.3670e-01, 
 2DIAGNOSTIC,     4, -3.194544017315e-01, inf, 4.6259e+01, 4.3808e-01, 
 2DIAGNOSTIC,     5, -3.202205896378e-01, inf, 4.6695e+01, 4.3554e-01, 
 2DIAGNOSTIC,     6, -3.203999400139e-01, inf, 4.7386e+01, 6.9088e-01, 
 2DIAGNOSTIC,     7, -3.204096853733e-01, inf, 4.8082e+01, 6.9625e-01, 
 2DIAGNOSTIC,     8, -3.204089999199e-01, inf, 4.8517e+01, 4.3537e-01, 
 2DIAGNOSTIC,     9, -3.203999400139e-01, inf, 4.9038e+01, 5.2027e-01, 
 2DIAGNOSTIC,    10, -3.203953206539e-01, 7.444559014402e-04, 4.9559e+01, 5.2193e-01, 
 2DIAGNOSTIC,    11, -3.203901648521e-01, 4.484845267143e-04, 4.9995e+01, 4.3591e-01, 
 2DIAGNOSTIC,    12, -3.203826546669e-01, 2.208613004768e-04, 5.0519e+01, 5.2327e-01, 
 2DIAGNOSTIC,    13, -3.203825056553e-01, 7.458608160960e-05, 5.1215e+01, 6.9665e-01, 
 2DIAGNOSTIC,    14, -3.203838169575e-01, 9.863201739790e-06, 5.1652e+01, 4.3670e-01, 
DIAGNOSTIC,Iteration,metricValue,convergenceValue,ITERATION_TIME_INDEX,SINCE_LAST
 2DIAGNOSTIC,     1, -2.788847088814e-01, inf, 6.0194e+01, 8.5423e+00, 
  Elapsed time (stage 0): 6.1979e+01


Stage 1
  iterations = 1000x500x250x0
  convergence threshold = 1.0000e-06
  convergence window size = 10
  number of levels = 4
  using the Mattes MI metric (number of bins = 32, weight = 1.0000e+00)
  preprocessing:  winsorizing the image intensities
  Shrink factors (level 1 out of 4): [12, 12, 12]
  Shrink factors (level 2 out of 4): [8, 8, 8]
  Shrink factors (level 3 out of 4): [4, 4, 4]
  Shrink factors (level 4 out of 4): [2, 2, 2]
  smoothing sigmas per level: [4, 3, 2, 1]
  regular sampling (percentage = 2.5000e-01)

*** Running AffineTransform registration ***

DIAGNOSTIC,Iteration,metricValue,convergenceValue,ITERATION_TIME_INDEX,SINCE_LAST
 2DIAGNOSTIC,     1, -4.409688711166e-01, inf, 1.8549e+01, 1.8549e+01, 
 2DIAGNOSTIC,     2, -4.418449401855e-01, inf, 1.8564e+01, 1.5051e-02, 
 2DIAGNOSTIC,     3, -4.435992836952e-01, inf, 1.8579e+01, 1.4554e-02, 
 2DIAGNOSTIC,     4, -4.461090266705e-01, inf, 1.8593e+01, 1.4537e-02, 
 2DIAGNOSTIC,     5, -4.497862458229e-01, inf, 1.8608e+01, 1.5004e-02, 
 2DIAGNOSTIC,     6, -4.791949689388e-01, inf, 1.8623e+01, 1.5168e-02, 
 2DIAGNOSTIC,     7, -4.883771240711e-01, inf, 1.8645e+01, 2.1282e-02, 
 2DIAGNOSTIC,     8, -4.918840229511e-01, inf, 1.8662e+01, 1.6930e-02, 
 2DIAGNOSTIC,     9, -4.954845607281e-01, inf, 1.8677e+01, 1.5182e-02, 
 2DIAGNOSTIC,    10, -5.095481276512e-01, 1.055054087192e-02, 1.8694e+01, 1.7529e-02, 
 2DIAGNOSTIC,    11, -5.144166350365e-01, 1.016762387007e-02, 1.8711e+01, 1.7219e-02, 
 2DIAGNOSTIC,    12, -5.160132646561e-01, 9.061839431524e-03, 1.8727e+01, 1.5344e-02, 
 2DIAGNOSTIC,    13, -5.179839134216e-01, 7.520612794906e-03, 1.8746e+01, 1.9226e-02, 
 2DIAGNOSTIC,    14, -5.200997591019e-01, 5.742939654738e-03, 1.8763e+01, 1.7148e-02, 
 2DIAGNOSTIC,    15, -5.217754840851e-01, 3.868957282975e-03, 1.8780e+01, 1.7025e-02, 
 2DIAGNOSTIC,    16, -5.225350856781e-01, 2.981230849400e-03, 1.8795e+01, 1.5194e-02, 
 2DIAGNOSTIC,    17, -5.231195688248e-01, 2.270466415212e-03, 1.8811e+01, 1.5083e-02, 
 2DIAGNOSTIC,    18, -5.241066217422e-01, 1.583006931469e-03, 1.8833e+01, 2.2521e-02, 
 2DIAGNOSTIC,    19, -5.242975950241e-01, 9.299814701080e-04, 1.8848e+01, 1.5209e-02, 
 2DIAGNOSTIC,    20, -5.246317386627e-01, 6.704737897962e-04, 1.8863e+01, 1.5158e-02, 
 2DIAGNOSTIC,    21, -5.249999165535e-01, 5.177814164199e-04, 1.8878e+01, 1.5070e-02, 
 2DIAGNOSTIC,    22, -5.254078507423e-01, 3.830920904875e-04, 1.8901e+01, 2.2201e-02, 
 2DIAGNOSTIC,    23, -5.255268812180e-01, 2.756713074632e-04, 1.8916e+01, 1.5040e-02, 
 2DIAGNOSTIC,    24, -5.256856083870e-01, 2.051831106655e-04, 1.8931e+01, 1.5184e-02, 
 2DIAGNOSTIC,    25, -5.257700681686e-01, 1.613974891370e-04, 1.8946e+01, 1.5049e-02, 
 2DIAGNOSTIC,    26, -5.259163975716e-01, 1.256417453988e-04, 1.8964e+01, 1.8549e-02, 
 2DIAGNOSTIC,    27, -5.260186195374e-01, 9.471475641476e-05, 1.8980e+01, 1.5022e-02, 
 2DIAGNOSTIC,    28, -5.260474681854e-01, 7.778047438478e-05, 1.8995e+01, 1.5115e-02, 
 2DIAGNOSTIC,    29, -5.261537432671e-01, 6.063338878448e-05, 1.9015e+01, 2.0294e-02, 
 2DIAGNOSTIC,    30, -5.262635946274e-01, 4.725018152385e-05, 1.9030e+01, 1.5032e-02, 
 2DIAGNOSTIC,    31, -5.262776017189e-01, 3.710866076290e-05, 1.9045e+01, 1.5016e-02, 
 2DIAGNOSTIC,    32, -5.262991189957e-01, 3.174887751811e-05, 1.9064e+01, 1.8665e-02, 
 2DIAGNOSTIC,    33, -5.263171195984e-01, 2.612554271764e-05, 1.9079e+01, 1.5065e-02, 
 2DIAGNOSTIC,    34, -5.263332724571e-01, 2.132039662683e-05, 1.9099e+01, 2.0153e-02, 
 2DIAGNOSTIC,    35, -5.263556241989e-01, 1.649983641983e-05, 1.9114e+01, 1.4807e-02, 
 2DIAGNOSTIC,    36, -5.263625979424e-01, 1.283080109715e-05, 1.9129e+01, 1.5009e-02, 
 2DIAGNOSTIC,    37, -5.263734459877e-01, 9.971274266718e-06, 1.9144e+01, 1.4954e-02, 
 2DIAGNOSTIC,    38, -5.263895392418e-01, 7.036101578706e-06, 1.9162e+01, 1.8483e-02, 
 2DIAGNOSTIC,    39, -5.263952016830e-01, 5.221291758062e-06, 1.9179e+01, 1.6715e-02, 
 2DIAGNOSTIC,    40, -5.264033079147e-01, 4.723271104012e-06, 1.9195e+01, 1.6652e-02, 
 2DIAGNOSTIC,    41, -5.264076590538e-01, 4.123412963963e-06, 1.9212e+01, 1.6625e-02, 
 2DIAGNOSTIC,    42, -5.264304876328e-01, 3.820697202173e-06, 1.9229e+01, 1.6905e-02, 
 2DIAGNOSTIC,    43, -5.265277624130e-01, 4.720138804259e-06, 1.9246e+01, 1.6745e-02, 
 2DIAGNOSTIC,    44, -5.265293717384e-01, 5.385596523411e-06, 1.9262e+01, 1.6718e-02, 
 2DIAGNOSTIC,    45, -5.265300869942e-01, 5.880088792765e-06, 1.9279e+01, 1.6687e-02, 
 2DIAGNOSTIC,    46, -5.265303254128e-01, 5.963120656816e-06, 1.9296e+01, 1.6760e-02, 
 2DIAGNOSTIC,    47, -5.265306830406e-01, 5.660284841724e-06, 1.9313e+01, 1.6713e-02, 
 2DIAGNOSTIC,    48, -5.265306234360e-01, 5.060245257482e-06, 1.9329e+01, 1.6784e-02, 
 2DIAGNOSTIC,    49, -5.265311598778e-01, 4.133691163588e-06, 1.9346e+01, 1.6657e-02, 
 2DIAGNOSTIC,    50, -5.265311598778e-01, 3.021480324605e-06, 1.9363e+01, 1.6800e-02, 
 2DIAGNOSTIC,    51, -5.265314579010e-01, 1.783150764822e-06, 1.9380e+01, 1.6689e-02, 
DIAGNOSTIC,Iteration,metricValue,convergenceValue,ITERATION_TIME_INDEX,SINCE_LAST
 2DIAGNOSTIC,     1, -4.550998210907e-01, inf, 3.3524e+01, 1.4145e+01, 
 2DIAGNOSTIC,     2, -4.557963609695e-01, inf, 3.3594e+01, 6.9366e-02, 
 2DIAGNOSTIC,     3, -4.565203189850e-01, inf, 3.3663e+01, 6.9051e-02, 
 2DIAGNOSTIC,     4, -4.571211040020e-01, inf, 3.3731e+01, 6.8754e-02, 
 2DIAGNOSTIC,     5, -4.575970768929e-01, inf, 3.3801e+01, 6.9259e-02, 
 2DIAGNOSTIC,     6, -4.584515690804e-01, inf, 3.3891e+01, 9.0545e-02, 
 2DIAGNOSTIC,     7, -4.588646888733e-01, inf, 3.4014e+01, 1.2260e-01, 
 2DIAGNOSTIC,     8, -4.588897824287e-01, inf, 3.4082e+01, 6.8577e-02, 
 2DIAGNOSTIC,     9, -4.589785933495e-01, inf, 3.4152e+01, 6.9386e-02, 
 2DIAGNOSTIC,    10, -4.590761661530e-01, 5.854121409357e-04, 3.4222e+01, 7.0540e-02, 
 2DIAGNOSTIC,    11, -4.591597914696e-01, 4.302707966417e-04, 3.4293e+01, 7.0567e-02, 
 2DIAGNOSTIC,    12, -4.592449367046e-01, 3.023578319699e-04, 3.4362e+01, 6.8794e-02, 
 2DIAGNOSTIC,    13, -4.593509137630e-01, 2.067494788207e-04, 3.4432e+01, 7.0194e-02, 
 2DIAGNOSTIC,    14, -4.595041275024e-01, 1.397288870066e-04, 3.4502e+01, 6.9745e-02, 
 2DIAGNOSTIC,    15, -4.596790075302e-01, 9.507784852758e-05, 3.4606e+01, 1.0406e-01, 
 2DIAGNOSTIC,    16, -4.597401618958e-01, 8.246223296737e-05, 3.4676e+01, 7.0683e-02, 
 2DIAGNOSTIC,    17, -4.598138332367e-01, 8.177782001439e-05, 3.4747e+01, 7.0431e-02, 
 2DIAGNOSTIC,    18, -4.600552320480e-01, 8.292266284116e-05, 3.4849e+01, 1.0221e-01, 
 2DIAGNOSTIC,    19, -4.600926339626e-01, 8.024897397263e-05, 3.4920e+01, 7.1147e-02, 
 2DIAGNOSTIC,    20, -4.601201117039e-01, 7.440666377079e-05, 3.4990e+01, 7.0273e-02, 
 2DIAGNOSTIC,    21, -4.601606726646e-01, 6.609166302951e-05, 3.5060e+01, 6.9782e-02, 
 2DIAGNOSTIC,    22, -4.602052867413e-01, 5.613355824607e-05, 3.5162e+01, 1.0195e-01, 
 2DIAGNOSTIC,    23, -4.602397978306e-01, 4.554672341328e-05, 3.5232e+01, 6.9667e-02, 
 2DIAGNOSTIC,    24, -4.602729380131e-01, 3.639799251687e-05, 3.5302e+01, 7.0183e-02, 
 2DIAGNOSTIC,    25, -4.604189991951e-01, 3.270166052971e-05, 3.5395e+01, 9.2543e-02, 
 2DIAGNOSTIC,    26, -4.605298936367e-01, 3.036609450646e-05, 3.5487e+01, 9.2205e-02, 
 2DIAGNOSTIC,    27, -4.606306552887e-01, 2.927703644673e-05, 3.5568e+01, 8.1031e-02, 
 2DIAGNOSTIC,    28, -4.606736302376e-01, 3.190014103893e-05, 3.5637e+01, 6.9688e-02, 
 2DIAGNOSTIC,    29, -4.606893062592e-01, 3.259068762418e-05, 3.5707e+01, 6.9747e-02, 
 2DIAGNOSTIC,    30, -4.607029557228e-01, 3.107817610726e-05, 3.5788e+01, 8.0970e-02, 
 2DIAGNOSTIC,    31, -4.607123136520e-01, 2.776669680316e-05, 3.5901e+01, 1.1316e-01, 
 2DIAGNOSTIC,    32, -4.607135355473e-01, 2.300923551957e-05, 3.5982e+01, 8.0252e-02, 
 2DIAGNOSTIC,    33, -4.607133865356e-01, 1.713038727758e-05, 3.6073e+01, 9.1347e-02, 
 2DIAGNOSTIC,    34, -4.607135951519e-01, 1.064311800292e-05, 3.6153e+01, 8.0154e-02, 
 2DIAGNOSTIC,    35, -4.607135951519e-01, 6.158998075989e-06, 3.6234e+01, 8.1071e-02, 
 2DIAGNOSTIC,    36, -4.607135653496e-01, 3.290408130852e-06, 3.6315e+01, 8.0753e-02, 
 2DIAGNOSTIC,    37, -4.607137739658e-01, 2.021663931373e-06, 3.6396e+01, 8.0950e-02, 
 2DIAGNOSTIC,    38, -4.607138931751e-01, 1.408455091223e-06, 3.6476e+01, 8.0258e-02, 
 2DIAGNOSTIC,    39, -4.607140123844e-01, 1.018802549879e-06, 3.6546e+01, 6.9647e-02, 
DIAGNOSTIC,Iteration,metricValue,convergenceValue,ITERATION_TIME_INDEX,SINCE_LAST
 2DIAGNOSTIC,     1, -3.851302564144e-01, inf, 4.5534e+01, 8.9882e+00, 
 2DIAGNOSTIC,     2, -3.854962289333e-01, inf, 4.6084e+01, 5.5018e-01, 
 2DIAGNOSTIC,     3, -3.857493996620e-01, inf, 4.6623e+01, 5.3862e-01, 
 2DIAGNOSTIC,     4, -3.859702348709e-01, inf, 4.7170e+01, 5.4744e-01, 
 2DIAGNOSTIC,     5, -3.862558007240e-01, inf, 4.7711e+01, 5.4047e-01, 
 2DIAGNOSTIC,     6, -3.865802884102e-01, inf, 4.8349e+01, 6.3813e-01, 
 2DIAGNOSTIC,     7, -3.867166936398e-01, inf, 4.9245e+01, 8.9615e-01, 
 2DIAGNOSTIC,     8, -3.868246972561e-01, inf, 4.9787e+01, 5.4229e-01, 
 2DIAGNOSTIC,     9, -3.868819773197e-01, inf, 5.0330e+01, 5.4254e-01, 
 2DIAGNOSTIC,    10, -3.869431614876e-01, 3.107928205281e-04, 5.1052e+01, 7.2191e-01, 
 2DIAGNOSTIC,    11, -3.869833350182e-01, 2.341823274037e-04, 5.1602e+01, 5.5057e-01, 
 2DIAGNOSTIC,    12, -3.870390355587e-01, 1.752657262841e-04, 5.2238e+01, 6.3574e-01, 
 2DIAGNOSTIC,    13, -3.872569799423e-01, 1.364765048493e-04, 5.3043e+01, 8.0469e-01, 
 2DIAGNOSTIC,    14, -3.872895538807e-01, 1.039274502546e-04, 5.3680e+01, 6.3738e-01, 
 2DIAGNOSTIC,    15, -3.873029053211e-01, 8.086857997114e-05, 5.4219e+01, 5.3924e-01, 
 2DIAGNOSTIC,    16, -3.873077929020e-01, 6.864598253742e-05, 5.4767e+01, 5.4735e-01, 
 2DIAGNOSTIC,    17, -3.873153924942e-01, 5.783495726064e-05, 5.5475e+01, 7.0839e-01, 
 2DIAGNOSTIC,    18, -3.873173892498e-01, 4.737807830679e-05, 5.6026e+01, 5.5143e-01, 
 2DIAGNOSTIC,    19, -3.873203992844e-01, 3.606516838772e-05, 5.6574e+01, 5.4744e-01, 
 2DIAGNOSTIC,    20, -3.873239457607e-01, 2.517013308534e-05, 5.7296e+01, 7.2172e-01, 
 2DIAGNOSTIC,    21, -3.873267173767e-01, 1.466850517318e-05, 5.7922e+01, 6.2634e-01, 
 2DIAGNOSTIC,    22, -3.873279392719e-01, 5.603013050859e-06, 5.8556e+01, 6.3394e-01, 
 2DIAGNOSTIC,    23, -3.873296380043e-01, 3.931799710699e-06, 5.9267e+01, 7.1101e-01, 
 2DIAGNOSTIC,    24, -3.873308300972e-01, 3.186959474988e-06, 5.9904e+01, 6.3658e-01, 
 2DIAGNOSTIC,    25, -3.873322010040e-01, 2.757084303084e-06, 6.0525e+01, 6.2187e-01, 
 2DIAGNOSTIC,    26, -3.873330652714e-01, 2.377501004958e-06, 6.1159e+01, 6.3385e-01, 
 2DIAGNOSTIC,    27, -3.873342871666e-01, 2.157795051971e-06, 6.1793e+01, 6.3374e-01, 
 2DIAGNOSTIC,    28, -3.873345255852e-01, 1.919157966768e-06, 6.2342e+01, 5.4910e-01, 
 2DIAGNOSTIC,    29, -3.873354494572e-01, 1.721326384541e-06, 6.2970e+01, 6.2776e-01, 
 2DIAGNOSTIC,    30, -3.873356878757e-01, 1.568679067532e-06, 6.3608e+01, 6.3839e-01, 
 2DIAGNOSTIC,    31, -3.873357176781e-01, 1.443979044780e-06, 6.4234e+01, 6.2537e-01, 
 2DIAGNOSTIC,    32, -3.873365521431e-01, 1.334326157121e-06, 6.4959e+01, 7.2501e-01, 
 2DIAGNOSTIC,    33, -3.873366415501e-01, 1.238151639882e-06, 6.5584e+01, 6.2533e-01, 
 2DIAGNOSTIC,    34, -3.873366415501e-01, 1.147044031313e-06, 6.6219e+01, 6.3551e-01, 
 2DIAGNOSTIC,    35, -3.873362839222e-01, 1.062414867192e-06, 6.6854e+01, 6.3437e-01, 
DIAGNOSTIC,Iteration,metricValue,convergenceValue,ITERATION_TIME_INDEX,SINCE_LAST
 2DIAGNOSTIC,     1, -3.301037549973e-01, inf, 7.6405e+01, 9.5512e+00, 
  Elapsed time (stage 1): 7.8205e+01


Stage 2
  iterations = 100x100x70x50x0
  convergence threshold = 1.0000e-06
  convergence window size = 10
  number of levels = 5
  using the Mattes MI metric (number of bins = 32, weight = 1.0000e+00)
  preprocessing:  winsorizing the image intensities
  Shrink factors (level 1 out of 5): [10, 10, 10]
  Shrink factors (level 2 out of 5): [6, 6, 6]
  Shrink factors (level 3 out of 5): [4, 4, 4]
  Shrink factors (level 4 out of 5): [2, 2, 2]
  Shrink factors (level 5 out of 5): [1, 1, 1]
  smoothing sigmas per level: [5, 3, 2, 1, 0]
  Using default NONE metricSamplingStrategy 

*** Running SyN registration (varianceForUpdateField = 3.0000e+00, varianceForTotalField = 0.0000e+00) ***

XXDIAGNOSTIC,Iteration,metricValue,convergenceValue,ITERATION_TIME_INDEX,SINCE_LAST
 1DIAGNOSTIC,     1, -5.479270219803e-01, inf, 3.2044e+01, 3.2044e+01, 
 1DIAGNOSTIC,     2, -5.639442205429e-01, inf, 3.2198e+01, 1.5401e-01, 
 1DIAGNOSTIC,     3, -5.749245285988e-01, inf, 3.2352e+01, 1.5398e-01, 
 1DIAGNOSTIC,     4, -5.773724913597e-01, inf, 3.2503e+01, 1.5104e-01, 
 1DIAGNOSTIC,     5, -5.760213732719e-01, inf, 3.2649e+01, 1.4667e-01, 
 1DIAGNOSTIC,     6, -5.760862827301e-01, inf, 3.2797e+01, 1.4717e-01, 
 1DIAGNOSTIC,     7, -5.721620321274e-01, inf, 3.2943e+01, 1.4649e-01, 
 1DIAGNOSTIC,     8, -5.719617605209e-01, inf, 3.3090e+01, 1.4689e-01, 
 1DIAGNOSTIC,     9, -5.701618790627e-01, inf, 3.3237e+01, 1.4756e-01, 
 1DIAGNOSTIC,    10, -5.673151016235e-01, 1.016651745886e-03, 3.3385e+01, 1.4791e-01, 
 1DIAGNOSTIC,    11, -5.674101114273e-01, -4.864822258241e-04, 3.3533e+01, 1.4779e-01, 
XXDIAGNOSTIC,Iteration,metricValue,convergenceValue,ITERATION_TIME_INDEX,SINCE_LAST
 1DIAGNOSTIC,     1, -4.505447149277e-01, inf, 4.7963e+01, 1.4429e+01, 
 1DIAGNOSTIC,     2, -4.546362757683e-01, inf, 4.8542e+01, 5.7976e-01, 
 1DIAGNOSTIC,     3, -4.562724232674e-01, inf, 4.9120e+01, 5.7795e-01, 
 1DIAGNOSTIC,     4, -4.564397335052e-01, inf, 4.9699e+01, 5.7915e-01, 
 1DIAGNOSTIC,     5, -4.562321901321e-01, inf, 5.0278e+01, 5.7836e-01, 
 1DIAGNOSTIC,     6, -4.561862945557e-01, inf, 5.0856e+01, 5.7806e-01, 
 1DIAGNOSTIC,     7, -4.550061225891e-01, inf, 5.1435e+01, 5.7914e-01, 
 1DIAGNOSTIC,     8, -4.539174437523e-01, inf, 5.2013e+01, 5.7855e-01, 
 1DIAGNOSTIC,     9, -4.529179930687e-01, inf, 5.2595e+01, 5.8120e-01, 
 1DIAGNOSTIC,    10, -4.515486359596e-01, -1.736750418786e-04, 5.3177e+01, 5.8280e-01, 
XXDIAGNOSTIC,Iteration,metricValue,convergenceValue,ITERATION_TIME_INDEX,SINCE_LAST
 1DIAGNOSTIC,     1, -3.849316239357e-01, inf, 6.3330e+01, 1.0153e+01, 
 1DIAGNOSTIC,     2, -3.857432603836e-01, inf, 6.5137e+01, 1.8067e+00, 
 1DIAGNOSTIC,     3, -3.862369358540e-01, inf, 6.6942e+01, 1.8048e+00, 
 1DIAGNOSTIC,     4, -3.865836560726e-01, inf, 6.8805e+01, 1.8635e+00, 
 1DIAGNOSTIC,     5, -3.868845105171e-01, inf, 7.0660e+01, 1.8546e+00, 
 1DIAGNOSTIC,     6, -3.868780732155e-01, inf, 7.2457e+01, 1.7975e+00, 
 1DIAGNOSTIC,     7, -3.867088556290e-01, inf, 7.4369e+01, 1.9123e+00, 
 1DIAGNOSTIC,     8, -3.864566087723e-01, inf, 7.6219e+01, 1.8498e+00, 
 1DIAGNOSTIC,     9, -3.860123753548e-01, inf, 7.8020e+01, 1.8007e+00, 
 1DIAGNOSTIC,    10, -3.855944871902e-01, 8.484046702506e-05, 7.9873e+01, 1.8529e+00, 
 1DIAGNOSTIC,    11, -3.854310810566e-01, -9.762534318725e-05, 8.1672e+01, 1.7990e+00, 
XXDIAGNOSTIC,Iteration,metricValue,convergenceValue,ITERATION_TIME_INDEX,SINCE_LAST
 1DIAGNOSTIC,     1, -3.275340199471e-01, inf, 1.0153e+02, 1.9859e+01, 
 1DIAGNOSTIC,     2, -3.285362720490e-01, inf, 1.1453e+02, 1.3001e+01, 
 1DIAGNOSTIC,     3, -3.295722603798e-01, inf, 1.2742e+02, 1.2892e+01, 
 1DIAGNOSTIC,     4, -3.305074572563e-01, inf, 1.4031e+02, 1.2882e+01, 
 1DIAGNOSTIC,     5, -3.313325643539e-01, inf, 1.5314e+02, 1.2831e+01, 
 1DIAGNOSTIC,     6, -3.321394920349e-01, inf, 1.6607e+02, 1.2930e+01, 
 1DIAGNOSTIC,     7, -3.329074978828e-01, inf, 1.7900e+02, 1.2936e+01, 
 1DIAGNOSTIC,     8, -3.335573077202e-01, inf, 1.9278e+02, 1.3779e+01, 
 1DIAGNOSTIC,     9, -3.341346383095e-01, inf, 2.0616e+02, 1.3383e+01, 
 1DIAGNOSTIC,    10, -3.346353173256e-01, 1.378747401759e-03, 2.1998e+02, 1.3820e+01, 
 1DIAGNOSTIC,    11, -3.350469172001e-01, 1.143344445154e-03, 2.3330e+02, 1.3318e+01, 
 1DIAGNOSTIC,    12, -3.353901803493e-01, 9.398271213286e-04, 2.4712e+02, 1.3814e+01, 
 1DIAGNOSTIC,    13, -3.358201980591e-01, 7.786262431182e-04, 2.6051e+02, 1.3393e+01, 
 1DIAGNOSTIC,    14, -3.361123502254e-01, 6.440593278967e-04, 2.7431e+02, 1.3797e+01, 
 1DIAGNOSTIC,    15, -3.363932967186e-01, 5.312414141372e-04, 2.8762e+02, 1.3318e+01, 
 1DIAGNOSTIC,    16, -3.366003930569e-01, 4.375682037789e-04, 3.0142e+02, 1.3800e+01, 
 1DIAGNOSTIC,    17, -3.368171453476e-01, 3.638101334218e-04, 3.1472e+02, 1.3298e+01, 
 1DIAGNOSTIC,    18, -3.369848132133e-01, 3.030060324818e-04, 3.2856e+02, 1.3839e+01, 
 1DIAGNOSTIC,    19, -3.372259140015e-01, 2.569815260358e-04, 3.4230e+02, 1.3743e+01, 
 1DIAGNOSTIC,    20, -3.375042676926e-01, 2.246708754683e-04, 3.5610e+02, 1.3798e+01, 
 1DIAGNOSTIC,    21, -3.377260863781e-01, 2.000434178626e-04, 3.6989e+02, 1.3786e+01, 
 1DIAGNOSTIC,    22, -3.379312753677e-01, 1.800191821530e-04, 3.8367e+02, 1.3780e+01, 
 1DIAGNOSTIC,    23, -3.380980789661e-01, 1.669246266829e-04, 3.9751e+02, 1.3837e+01, 
 1DIAGNOSTIC,    24, -3.383500576019e-01, 1.584467390785e-04, 4.1137e+02, 1.3868e+01, 
 1DIAGNOSTIC,    25, -3.385044634342e-01, 1.503877138020e-04, 4.2531e+02, 1.3936e+01, 
 1DIAGNOSTIC,    26, -3.386975228786e-01, 1.418483880116e-04, 4.3925e+02, 1.3942e+01, 
 1DIAGNOSTIC,    27, -3.388687968254e-01, 1.328390208073e-04, 4.5319e+02, 1.3935e+01, 
 1DIAGNOSTIC,    28, -3.390173614025e-01, 1.215044467244e-04, 4.6696e+02, 1.3770e+01, 
 1DIAGNOSTIC,    29, -3.391766250134e-01, 1.111076635425e-04, 4.8077e+02, 1.3817e+01, 
 1DIAGNOSTIC,    30, -3.392245173454e-01, 1.000741249300e-04, 4.9455e+02, 1.3774e+01, 
 1DIAGNOSTIC,    31, -3.392913341522e-01, 8.824156248011e-05, 5.0835e+02, 1.3798e+01, 
 1DIAGNOSTIC,    32, -3.393280804157e-01, 7.523953536293e-05, 5.2209e+02, 1.3747e+01, 
 1DIAGNOSTIC,    33, -3.392763137817e-01, 5.880596654606e-05, 5.3594e+02, 1.3842e+01, 
 1DIAGNOSTIC,    34, -3.393119871616e-01, 4.502455340116e-05, 5.4975e+02, 1.3818e+01, 
 1DIAGNOSTIC,    35, -3.393492996693e-01, 3.239331635996e-05, 5.6351e+02, 1.3759e+01, 
 1DIAGNOSTIC,    36, -3.393611311913e-01, 2.220953683718e-05, 5.7726e+02, 1.3747e+01, 
 1DIAGNOSTIC,    37, -3.394169807434e-01, 1.570686981722e-05, 5.9107e+02, 1.3809e+01, 
 1DIAGNOSTIC,    38, -3.394514024258e-01, 1.213631367136e-05, 6.0483e+02, 1.3764e+01, 
 1DIAGNOSTIC,    39, -3.394582271576e-01, 1.125913240685e-05, 6.1866e+02, 1.3832e+01, 
 1DIAGNOSTIC,    40, -3.394775688648e-01, 1.080882611859e-05, 6.3241e+02, 1.3747e+01, 
 1DIAGNOSTIC,    41, -3.395532369614e-01, 1.232877275470e-05, 6.4626e+02, 1.3851e+01, 
 1DIAGNOSTIC,    42, -3.395175933838e-01, 1.268739470106e-05, 6.6004e+02, 1.3782e+01, 
 1DIAGNOSTIC,    43, -3.396013975143e-01, 1.253968093806e-05, 6.7397e+02, 1.3928e+01, 
 1DIAGNOSTIC,    44, -3.396794199944e-01, 1.341543975286e-05, 6.8771e+02, 1.3738e+01, 
 1DIAGNOSTIC,    45, -3.397122621536e-01, 1.432538010704e-05, 7.0161e+02, 1.3896e+01, 
 1DIAGNOSTIC,    46, -3.397665619850e-01, 1.508899094915e-05, 7.1538e+02, 1.3776e+01, 
 1DIAGNOSTIC,    47, -3.398146927357e-01, 1.629990219953e-05, 7.2922e+02, 1.3837e+01, 
 1DIAGNOSTIC,    48, -3.398561477661e-01, 1.728893221298e-05, 7.4296e+02, 1.3743e+01, 
 1DIAGNOSTIC,    49, -3.399032950401e-01, 1.754442200763e-05, 7.5670e+02, 1.3744e+01, 
 1DIAGNOSTIC,    50, -3.399130105972e-01, 1.662116301304e-05, 7.7051e+02, 1.3806e+01, 
  Elapsed time (stage 2): 794.4


Total elapsed time: 934.6

--- Writing output images ---

Using double precision for computations.
Input scalar image: data/Segmentations/1018_3_seg.nii.gz
Reference image: data/template/T_template0_BrainCerebellum.nii.gz
=============================================================================
The composite transform comprises the following transforms (in order): 
  1. /tmp/1971958.1.basic.q/1018_ToTemplate_006_0GenericAffine.mat (type = AffineTransform)
  2. /tmp/1971958.1.basic.q/1018_ToTemplate_006_1Warp.nii.gz (type = DisplacementFieldTransform)
=============================================================================
Default pixel value: 0
Interpolation type: LabelImageGenericInterpolateImageFunction
Output warped image: output/1018/1018_WarpedLabels_006.nii.gz

--- Done ---

