
--- Running on compute-1-9.local ---


--- registration call ---
/data/jet/pcook/bin/antsBuild/bin/antsRegistrationSyNQuick.sh -d 3 -f data/template/T_template0_BrainCerebellum.nii.gz -m data/Brains/1018_3.nii.gz -t s -p f -n 2 -o /tmp/1971956.1.basic.q/1018_ToTemplate_004_
---


--------------------------------------------------------------------------------------
 Mapping parameters
--------------------------------------------------------------------------------------
 ANTSPATH is /data/jet/pcook/bin/antsBuild/bin/

 Dimensionality:           3
 Output name prefix:       /tmp/1971956.1.basic.q/1018_ToTemplate_004_
 Fixed images:             data/template/T_template0_BrainCerebellum.nii.gz
 Moving images:            data/Brains/1018_3.nii.gz
 Mask images:              
 Initial transforms:       
 Number of threads:        2
 Spline distance:          26
 Transform type:           s
 MI histogram bins:        32
 Precision:                f
 Use histogram matching    0
======================================================================================
 antsRegistration call:
--------------------------------------------------------------------------------------
/data/jet/pcook/bin/antsBuild/bin//antsRegistration --verbose 1 --dimensionality 3 --float 1 --collapse-output-transforms 1 --output [/tmp/1971956.1.basic.q/1018_ToTemplate_004_,/tmp/1971956.1.basic.q/1018_ToTemplate_004_Warped.nii.gz,/tmp/1971956.1.basic.q/1018_ToTemplate_004_InverseWarped.nii.gz] --interpolation Linear --use-histogram-matching 0 --winsorize-image-intensities [0.005,0.995] --initial-moving-transform [data/template/T_template0_BrainCerebellum.nii.gz,data/Brains/1018_3.nii.gz,1] --transform Rigid[0.1] --metric MI[data/template/T_template0_BrainCerebellum.nii.gz,data/Brains/1018_3.nii.gz,1,32,Regular,0.25] --convergence [1000x500x250x0,1e-6,10] --shrink-factors 12x8x4x2 --smoothing-sigmas 4x3x2x1vox --transform Affine[0.1] --metric MI[data/template/T_template0_BrainCerebellum.nii.gz,data/Brains/1018_3.nii.gz,1,32,Regular,0.25] --convergence [1000x500x250x0,1e-6,10] --shrink-factors 12x8x4x2 --smoothing-sigmas 4x3x2x1vox --transform SyN[0.1,3,0] --metric MI[data/template/T_template0_BrainCerebellum.nii.gz,data/Brains/1018_3.nii.gz,1,32] --convergence [100x100x70x50x0,1e-6,10] --shrink-factors 10x6x4x2x1 --smoothing-sigmas 5x3x2x1x0vox
--------------------------------------------------------------------------------------
All_Command_lines_OK
Using single precision for computations.
=============================================================================
The composite transform comprises the following transforms (in order): 
  1. Center of mass alignment using fixed image: data/template/T_template0_BrainCerebellum.nii.gz and moving image: data/Brains/1018_3.nii.gz (type = Euler3DTransform)
=============================================================================
  number of levels = 4
  number of levels = 4
  number of levels = 5
  fixed image: data/template/T_template0_BrainCerebellum.nii.gz
  moving image: data/Brains/1018_3.nii.gz
  fixed image: data/template/T_template0_BrainCerebellum.nii.gz
  moving image: data/Brains/1018_3.nii.gz
  fixed image: data/template/T_template0_BrainCerebellum.nii.gz
  moving image: data/Brains/1018_3.nii.gz
Dimension = 3
Number of stages = 3
Use Histogram Matching false
Winsorize image intensities true
Lower quantile = 0.005
Upper quantile = 0.995
Stage 1 State
   Image metric = Mattes
     Fixed image = Image (0x3a9f670)
  RTTI typeinfo:   itk::Image<float, 3u>
  Reference Count: 2
  Modified Time: 1611
  Debug: Off
  Object Name: 
  Observers: 
    none
  Source: (none)
  Source output name: (none)
  Release Data: Off
  Data Released: False
  Global Release Data: Off
  PipelineMTime: 0
  UpdateMTime: 1422
  RealTimeStamp: 0 seconds 
  LargestPossibleRegion: 
    Dimension: 3
    Index: [0, 0, 0]
    Size: [216, 256, 291]
  BufferedRegion: 
    Dimension: 3
    Index: [0, 0, 0]
    Size: [216, 256, 291]
  RequestedRegion: 
    Dimension: 3
    Index: [0, 0, 0]
    Size: [216, 256, 291]
  Spacing: [1, 1, 1]
  Origin: [0, 293, 0]
  Direction: 
1 0 0
0 -0 -1
0 -1 -0

  IndexToPointMatrix: 
1 0 0
0 0 -1
0 -1 0

  PointToIndexMatrix: 
1 0 0
0 0 -1
0 -1 0

  Inverse Direction: 
1 0 0
0 0 -1
0 -1 0

  PixelContainer: 
    ImportImageContainer (0x3a847f0)
      RTTI typeinfo:   itk::ImportImageContainer<unsigned long, float>
      Reference Count: 1
      Modified Time: 1419
      Debug: Off
      Object Name: 
      Observers: 
        none
      Pointer: 0x7fed548cf010
      Container manages memory: true
      Size: 16091136
      Capacity: 16091136

     Moving image = Image (0x3aa00b0)
  RTTI typeinfo:   itk::Image<float, 3u>
  Reference Count: 2
  Modified Time: 1612
  Debug: Off
  Object Name: 
  Observers: 
    none
  Source: (none)
  Source output name: (none)
  Release Data: Off
  Data Released: False
  Global Release Data: Off
  PipelineMTime: 0
  UpdateMTime: 1609
  RealTimeStamp: 0 seconds 
  LargestPossibleRegion: 
    Dimension: 3
    Index: [0, 0, 0]
    Size: [256, 256, 291]
  BufferedRegion: 
    Dimension: 3
    Index: [0, 0, 0]
    Size: [256, 256, 291]
  RequestedRegion: 
    Dimension: 3
    Index: [0, 0, 0]
    Size: [256, 256, 291]
  Spacing: [1, 1, 1]
  Origin: [0, 290, 0]
  Direction: 
1 0 0
0 -0 -1
0 -1 -0

  IndexToPointMatrix: 
1 0 0
0 0 -1
0 -1 0

  PointToIndexMatrix: 
1 0 0
0 0 -1
0 -1 0

  Inverse Direction: 
1 0 0
0 0 -1
0 -1 0

  PixelContainer: 
    ImportImageContainer (0x3aa2500)
      RTTI typeinfo:   itk::ImportImageContainer<unsigned long, float>
      Reference Count: 1
      Modified Time: 1606
      Debug: Off
      Object Name: 
      Observers: 
        none
      Pointer: 0x7fed5000e010
      Container manages memory: true
      Size: 19070976
      Capacity: 19070976

     Weighting = 1
     Sampling strategy = regular
     Number of bins = 32
     Radius = 4
     Sampling percentage  = 0.25
   Transform = Rigid
     Gradient step = 0.1
     Update field sigma (voxel space) = 0
     Total field sigma (voxel space) = 0
     Update field time sigma = 0
     Total field time sigma  = 0
     Number of time indices = 0
     Number of time point samples = 0
Stage 2 State
   Image metric = Mattes
     Fixed image = Image (0x3aaa910)
  RTTI typeinfo:   itk::Image<float, 3u>
  Reference Count: 2
  Modified Time: 1987
  Debug: Off
  Object Name: 
  Observers: 
    none
  Source: (none)
  Source output name: (none)
  Release Data: Off
  Data Released: False
  Global Release Data: Off
  PipelineMTime: 0
  UpdateMTime: 1798
  RealTimeStamp: 0 seconds 
  LargestPossibleRegion: 
    Dimension: 3
    Index: [0, 0, 0]
    Size: [216, 256, 291]
  BufferedRegion: 
    Dimension: 3
    Index: [0, 0, 0]
    Size: [216, 256, 291]
  RequestedRegion: 
    Dimension: 3
    Index: [0, 0, 0]
    Size: [216, 256, 291]
  Spacing: [1, 1, 1]
  Origin: [0, 293, 0]
  Direction: 
1 0 0
0 -0 -1
0 -1 -0

  IndexToPointMatrix: 
1 0 0
0 0 -1
0 -1 0

  PointToIndexMatrix: 
1 0 0
0 0 -1
0 -1 0

  Inverse Direction: 
1 0 0
0 0 -1
0 -1 0

  PixelContainer: 
    ImportImageContainer (0x3aab1b0)
      RTTI typeinfo:   itk::ImportImageContainer<unsigned long, float>
      Reference Count: 1
      Modified Time: 1795
      Debug: Off
      Object Name: 
      Observers: 
        none
      Pointer: 0x7fed4c2ab010
      Container manages memory: true
      Size: 16091136
      Capacity: 16091136

     Moving image = Image (0x3aaaca0)
  RTTI typeinfo:   itk::Image<float, 3u>
  Reference Count: 2
  Modified Time: 1988
  Debug: Off
  Object Name: 
  Observers: 
    none
  Source: (none)
  Source output name: (none)
  Release Data: Off
  Data Released: False
  Global Release Data: Off
  PipelineMTime: 0
  UpdateMTime: 1985
  RealTimeStamp: 0 seconds 
  LargestPossibleRegion: 
    Dimension: 3
    Index: [0, 0, 0]
    Size: [256, 256, 291]
  BufferedRegion: 
    Dimension: 3
    Index: [0, 0, 0]
    Size: [256, 256, 291]
  RequestedRegion: 
    Dimension: 3
    Index: [0, 0, 0]
    Size: [256, 256, 291]
  Spacing: [1, 1, 1]
  Origin: [0, 290, 0]
  Direction: 
1 0 0
0 -0 -1
0 -1 -0

  IndexToPointMatrix: 
1 0 0
0 0 -1
0 -1 0

  PointToIndexMatrix: 
1 0 0
0 0 -1
0 -1 0

  Inverse Direction: 
1 0 0
0 0 -1
0 -1 0

  PixelContainer: 
    ImportImageContainer (0x3aab7b0)
      RTTI typeinfo:   itk::ImportImageContainer<unsigned long, float>
      Reference Count: 1
      Modified Time: 1982
      Debug: Off
      Object Name: 
      Observers: 
        none
      Pointer: 0x7fed479ea010
      Container manages memory: true
      Size: 19070976
      Capacity: 19070976

     Weighting = 1
     Sampling strategy = regular
     Number of bins = 32
     Radius = 4
     Sampling percentage  = 0.25
   Transform = Affine
     Gradient step = 0.1
     Update field sigma (voxel space) = 0
     Total field sigma (voxel space) = 0
     Update field time sigma = 0
     Total field time sigma  = 0
     Number of time indices = 0
     Number of time point samples = 0
Stage 3 State
   Image metric = Mattes
     Fixed image = Image (0x3ab19a0)
  RTTI typeinfo:   itk::Image<float, 3u>
  Reference Count: 2
  Modified Time: 2363
  Debug: Off
  Object Name: 
  Observers: 
    none
  Source: (none)
  Source output name: (none)
  Release Data: Off
  Data Released: False
  Global Release Data: Off
  PipelineMTime: 0
  UpdateMTime: 2174
  RealTimeStamp: 0 seconds 
  LargestPossibleRegion: 
    Dimension: 3
    Index: [0, 0, 0]
    Size: [216, 256, 291]
  BufferedRegion: 
    Dimension: 3
    Index: [0, 0, 0]
    Size: [216, 256, 291]
  RequestedRegion: 
    Dimension: 3
    Index: [0, 0, 0]
    Size: [216, 256, 291]
  Spacing: [1, 1, 1]
  Origin: [0, 293, 0]
  Direction: 
1 0 0
0 -0 -1
0 -1 -0

  IndexToPointMatrix: 
1 0 0
0 0 -1
0 -1 0

  PointToIndexMatrix: 
1 0 0
0 0 -1
0 -1 0

  Inverse Direction: 
1 0 0
0 0 -1
0 -1 0

  PixelContainer: 
    ImportImageContainer (0x3ab1c30)
      RTTI typeinfo:   itk::ImportImageContainer<unsigned long, float>
      Reference Count: 1
      Modified Time: 2171
      Debug: Off
      Object Name: 
      Observers: 
        none
      Pointer: 0x7fed43c87010
      Container manages memory: true
      Size: 16091136
      Capacity: 16091136

     Moving image = Image (0x3ab4360)
  RTTI typeinfo:   itk::Image<float, 3u>
  Reference Count: 2
  Modified Time: 2364
  Debug: Off
  Object Name: 
  Observers: 
    none
  Source: (none)
  Source output name: (none)
  Release Data: Off
  Data Released: False
  Global Release Data: Off
  PipelineMTime: 0
  UpdateMTime: 2361
  RealTimeStamp: 0 seconds 
  LargestPossibleRegion: 
    Dimension: 3
    Index: [0, 0, 0]
    Size: [256, 256, 291]
  BufferedRegion: 
    Dimension: 3
    Index: [0, 0, 0]
    Size: [256, 256, 291]
  RequestedRegion: 
    Dimension: 3
    Index: [0, 0, 0]
    Size: [256, 256, 291]
  Spacing: [1, 1, 1]
  Origin: [0, 290, 0]
  Direction: 
1 0 0
0 -0 -1
0 -1 -0

  IndexToPointMatrix: 
1 0 0
0 0 -1
0 -1 0

  PointToIndexMatrix: 
1 0 0
0 0 -1
0 -1 0

  Inverse Direction: 
1 0 0
0 0 -1
0 -1 0

  PixelContainer: 
    ImportImageContainer (0x3ab45f0)
      RTTI typeinfo:   itk::ImportImageContainer<unsigned long, float>
      Reference Count: 1
      Modified Time: 2358
      Debug: Off
      Object Name: 
      Observers: 
        none
      Pointer: 0x7fed3f3c6010
      Container manages memory: true
      Size: 19070976
      Capacity: 19070976

     Weighting = 1
     Sampling strategy = none
     Number of bins = 32
     Radius = 4
     Sampling percentage  = 1
   Transform = SyN
     Gradient step = 0.1
     Update field sigma (voxel space) = 3
     Total field sigma (voxel space) = 0
     Update field time sigma = 0
     Total field time sigma  = 0
     Number of time indices = 0
     Number of time point samples = 0
Registration using 3 total stages.

Stage 0
  iterations = 1000x500x250x0
  convergence threshold = 1e-06
  convergence window size = 10
  number of levels = 4
  using the Mattes MI metric (number of bins = 32, weight = 1)
  preprocessing:  winsorizing the image intensities
  Shrink factors (level 1 out of 4): [12, 12, 12]
  Shrink factors (level 2 out of 4): [8, 8, 8]
  Shrink factors (level 3 out of 4): [4, 4, 4]
  Shrink factors (level 4 out of 4): [2, 2, 2]
  smoothing sigmas per level: [4, 3, 2, 1]
  regular sampling (percentage = 0.25)

*** Running Euler3DTransform registration ***

DIAGNOSTIC,Iteration,metricValue,convergenceValue,ITERATION_TIME_INDEX,SINCE_LAST
 2DIAGNOSTIC,     1, -4.355220496655e-01, inf, 1.8604e+01, 1.8604e+01, 
 2DIAGNOSTIC,     2, -4.359545409679e-01, inf, 1.8615e+01, 1.0848e-02, 
 2DIAGNOSTIC,     3, -4.360616207123e-01, inf, 1.8626e+01, 1.0711e-02, 
 2DIAGNOSTIC,     4, -4.364474713802e-01, inf, 1.8637e+01, 1.0716e-02, 
 2DIAGNOSTIC,     5, -4.368609786034e-01, inf, 1.8647e+01, 1.0810e-02, 
 2DIAGNOSTIC,     6, -4.385451972485e-01, inf, 1.8664e+01, 1.6100e-02, 
 2DIAGNOSTIC,     7, -4.392176270485e-01, inf, 1.8676e+01, 1.2370e-02, 
 2DIAGNOSTIC,     8, -4.392750859261e-01, inf, 1.8686e+01, 1.0585e-02, 
 2DIAGNOSTIC,     9, -4.392495453358e-01, inf, 1.8697e+01, 1.0598e-02, 
 2DIAGNOSTIC,    10, -4.394088983536e-01, 6.910959491506e-04, 1.8708e+01, 1.1392e-02, 
 2DIAGNOSTIC,    11, -4.396817982197e-01, 5.845581763424e-04, 1.8720e+01, 1.1302e-02, 
 2DIAGNOSTIC,    12, -4.404903054237e-01, 5.098781548440e-04, 1.8738e+01, 1.8353e-02, 
 2DIAGNOSTIC,    13, -4.411426484585e-01, 4.388390807435e-04, 1.8751e+01, 1.3018e-02, 
 2DIAGNOSTIC,    14, -4.416007995605e-01, 3.781110863201e-04, 1.8762e+01, 1.1228e-02, 
 2DIAGNOSTIC,    15, -4.417850971222e-01, 3.155368031003e-04, 1.8775e+01, 1.2910e-02, 
 2DIAGNOSTIC,    16, -4.418740570545e-01, 3.031986707356e-04, 1.8791e+01, 1.6114e-02, 
 2DIAGNOSTIC,    17, -4.420447647572e-01, 2.963412553072e-04, 1.8803e+01, 1.1276e-02, 
 2DIAGNOSTIC,    18, -4.422334730625e-01, 2.715591690503e-04, 1.8816e+01, 1.2913e-02, 
 2DIAGNOSTIC,    19, -4.424474239349e-01, 2.307890244992e-04, 1.8827e+01, 1.1227e-02, 
 2DIAGNOSTIC,    20, -4.425144493580e-01, 1.803609484341e-04, 1.8838e+01, 1.1175e-02, 
 2DIAGNOSTIC,    21, -4.425717890263e-01, 1.280666474486e-04, 1.8854e+01, 1.6153e-02, 
 2DIAGNOSTIC,    22, -4.427437186241e-01, 9.719913214212e-05, 1.8865e+01, 1.1161e-02, 
 2DIAGNOSTIC,    23, -4.427829682827e-01, 7.901450589998e-05, 1.8877e+01, 1.1239e-02, 
 2DIAGNOSTIC,    24, -4.428219795227e-01, 6.834534724476e-05, 1.8893e+01, 1.6122e-02, 
 2DIAGNOSTIC,    25, -4.428497850895e-01, 5.778757986263e-05, 1.8904e+01, 1.1193e-02, 
 2DIAGNOSTIC,    26, -4.428803026676e-01, 4.568185249809e-05, 1.8915e+01, 1.1154e-02, 
 2DIAGNOSTIC,    27, -4.429183602333e-01, 3.516374999890e-05, 1.8929e+01, 1.4471e-02, 
 2DIAGNOSTIC,    28, -4.429354071617e-01, 2.679657882254e-05, 1.8941e+01, 1.1136e-02, 
 2DIAGNOSTIC,    29, -4.429662227631e-01, 2.205640157626e-05, 1.8952e+01, 1.1179e-02, 
 2DIAGNOSTIC,    30, -4.431041777134e-01, 2.006519389397e-05, 1.8963e+01, 1.1243e-02, 
 2DIAGNOSTIC,    31, -4.434280097485e-01, 2.416853567411e-05, 1.8975e+01, 1.2401e-02, 
 2DIAGNOSTIC,    32, -4.463981688023e-01, 8.893646736396e-05, 1.8996e+01, 2.0076e-02, 
 2DIAGNOSTIC,    33, -4.470684528351e-01, 1.536852505524e-04, 1.9008e+01, 1.2890e-02, 
 2DIAGNOSTIC,    34, -4.470094740391e-01, 2.001030370593e-04, 1.9019e+01, 1.1080e-02, 
 2DIAGNOSTIC,    35, -4.472095370293e-01, 2.301062922925e-04, 1.9031e+01, 1.1105e-02, 
 2DIAGNOSTIC,    36, -4.474048018456e-01, 2.404337719781e-04, 1.9043e+01, 1.2698e-02, 
 2DIAGNOSTIC,    37, -4.474748671055e-01, 2.283147186972e-04, 1.9058e+01, 1.4459e-02, 
 2DIAGNOSTIC,    38, -4.474965035915e-01, 1.956281921593e-04, 1.9070e+01, 1.2724e-02, 
 2DIAGNOSTIC,    39, -4.475395083427e-01, 1.481130748289e-04, 1.9082e+01, 1.1116e-02, 
 2DIAGNOSTIC,    40, -4.474196732044e-01, 8.979370613815e-05, 1.9094e+01, 1.2706e-02, 
 2DIAGNOSTIC,    41, -4.474554657936e-01, 3.027383354492e-05, 1.9107e+01, 1.2747e-02, 
 2DIAGNOSTIC,    42, -4.474589526653e-01, 1.596865877218e-05, 1.9120e+01, 1.2684e-02, 
 2DIAGNOSTIC,    43, -4.474646747112e-01, 1.105199771700e-05, 1.9134e+01, 1.4357e-02, 
 2DIAGNOSTIC,    44, -4.474687576294e-01, 4.544383955363e-06, 1.9145e+01, 1.1043e-02, 
DIAGNOSTIC,Iteration,metricValue,convergenceValue,ITERATION_TIME_INDEX,SINCE_LAST
 2DIAGNOSTIC,     1, -3.660984039307e-01, inf, 3.3118e+01, 1.3973e+01, 
 2DIAGNOSTIC,     2, -3.664233982563e-01, inf, 3.3182e+01, 6.4023e-02, 
 2DIAGNOSTIC,     3, -3.666828870773e-01, inf, 3.3236e+01, 5.4047e-02, 
 2DIAGNOSTIC,     4, -3.671592175961e-01, inf, 3.3290e+01, 5.4088e-02, 
 2DIAGNOSTIC,     5, -3.675703108311e-01, inf, 3.3345e+01, 5.4289e-02, 
 2DIAGNOSTIC,     6, -3.683437407017e-01, inf, 3.3439e+01, 9.4310e-02, 
 2DIAGNOSTIC,     7, -3.685931265354e-01, inf, 3.3493e+01, 5.4550e-02, 
 2DIAGNOSTIC,     8, -3.688108026981e-01, inf, 3.3548e+01, 5.4240e-02, 
 2DIAGNOSTIC,     9, -3.689386844635e-01, inf, 3.3622e+01, 7.4143e-02, 
 2DIAGNOSTIC,    10, -3.690257370472e-01, 5.762925138697e-04, 3.3677e+01, 5.4902e-02, 
 2DIAGNOSTIC,    11, -3.690259456635e-01, 4.607406735886e-04, 3.3732e+01, 5.4957e-02, 
 2DIAGNOSTIC,    12, -3.692327737808e-01, 3.576868912205e-04, 3.3787e+01, 5.4940e-02, 
 2DIAGNOSTIC,    13, -3.695653676987e-01, 2.732989669312e-04, 3.3842e+01, 5.5003e-02, 
 2DIAGNOSTIC,    14, -3.701247572899e-01, 2.330119750695e-04, 3.3907e+01, 6.5099e-02, 
 2DIAGNOSTIC,    15, -3.705441653728e-01, 2.184160111938e-04, 3.3962e+01, 5.5445e-02, 
 2DIAGNOSTIC,    16, -3.717056512833e-01, 2.788669662550e-04, 3.4059e+01, 9.6490e-02, 
 2DIAGNOSTIC,    17, -3.726623952389e-01, 3.600660129450e-04, 3.4184e+01, 1.2485e-01, 
 2DIAGNOSTIC,    18, -3.726670742035e-01, 4.078425699845e-04, 3.4238e+01, 5.4768e-02, 
 2DIAGNOSTIC,    19, -3.726907372475e-01, 4.198390524834e-04, 3.4303e+01, 6.5006e-02, 
 2DIAGNOSTIC,    20, -3.727088570595e-01, 3.961905604228e-04, 3.4368e+01, 6.4894e-02, 
 2DIAGNOSTIC,    21, -3.727803528309e-01, 3.400437417440e-04, 3.4443e+01, 7.5051e-02, 
 2DIAGNOSTIC,    22, -3.727788627148e-01, 2.639974700287e-04, 3.4498e+01, 5.5150e-02, 
 2DIAGNOSTIC,    23, -3.727599978447e-01, 1.807229709812e-04, 3.4564e+01, 6.5151e-02, 
 2DIAGNOSTIC,    24, -3.728097677231e-01, 1.077331835404e-04, 3.4618e+01, 5.4858e-02, 
 2DIAGNOSTIC,    25, -3.728459775448e-01, 4.389402238303e-05, 3.4673e+01, 5.5013e-02, 
 2DIAGNOSTIC,    26, -3.729256689548e-01, 1.678551416262e-05, 3.4728e+01, 5.4828e-02, 
 2DIAGNOSTIC,    27, -3.730469048023e-01, 2.085490450554e-05, 3.4783e+01, 5.5060e-02, 
 2DIAGNOSTIC,    28, -3.731961846352e-01, 2.696577939787e-05, 3.4848e+01, 6.5016e-02, 
 2DIAGNOSTIC,    29, -3.733018636703e-01, 3.357942478033e-05, 3.4903e+01, 5.5138e-02, 
 2DIAGNOSTIC,    30, -3.734179437160e-01, 4.003941648989e-05, 3.4969e+01, 6.5065e-02, 
 2DIAGNOSTIC,    31, -3.735552132130e-01, 4.753097164212e-05, 3.5034e+01, 6.5192e-02, 
 2DIAGNOSTIC,    32, -3.737116158009e-01, 5.380812217481e-05, 3.5089e+01, 5.5184e-02, 
 2DIAGNOSTIC,    33, -3.739182651043e-01, 5.896103539271e-05, 3.5154e+01, 6.5417e-02, 
 2DIAGNOSTIC,    34, -3.740329742432e-01, 6.194955494720e-05, 3.5209e+01, 5.5154e-02, 
 2DIAGNOSTIC,    35, -3.743475675583e-01, 6.665602268185e-05, 3.5285e+01, 7.5463e-02, 
 2DIAGNOSTIC,    36, -3.744848072529e-01, 6.930136441952e-05, 3.5370e+01, 8.5373e-02, 
 2DIAGNOSTIC,    37, -3.744814693928e-01, 6.766405567760e-05, 3.5436e+01, 6.5254e-02, 
 2DIAGNOSTIC,    38, -3.746311366558e-01, 6.583333743038e-05, 3.5491e+01, 5.5484e-02, 
 2DIAGNOSTIC,    39, -3.746684491634e-01, 6.060986561351e-05, 3.5556e+01, 6.5340e-02, 
 2DIAGNOSTIC,    40, -3.747309148312e-01, 5.328212500899e-05, 3.5611e+01, 5.5085e-02, 
 2DIAGNOSTIC,    41, -3.747855424881e-01, 4.484049350140e-05, 3.5677e+01, 6.5309e-02, 
 2DIAGNOSTIC,    42, -3.748874366283e-01, 3.728880255949e-05, 3.5742e+01, 6.5163e-02, 
 2DIAGNOSTIC,    43, -3.750303983688e-01, 3.279738302808e-05, 3.5807e+01, 6.5377e-02, 
 2DIAGNOSTIC,    44, -3.750098347664e-01, 2.689615757845e-05, 3.5903e+01, 9.5433e-02, 
 2DIAGNOSTIC,    45, -3.749874532223e-01, 2.373726601945e-05, 3.5958e+01, 5.5220e-02, 
 2DIAGNOSTIC,    46, -3.750613331795e-01, 2.208192745456e-05, 3.6013e+01, 5.5150e-02, 
 2DIAGNOSTIC,    47, -3.751154839993e-01, 1.914643144119e-05, 3.6068e+01, 5.5316e-02, 
 2DIAGNOSTIC,    48, -3.751922547817e-01, 1.811874790292e-05, 3.6134e+01, 6.5208e-02, 
 2DIAGNOSTIC,    49, -3.752556145191e-01, 1.703169982648e-05, 3.6199e+01, 6.5293e-02, 
 2DIAGNOSTIC,    50, -3.752388656139e-01, 1.515005533292e-05, 3.6264e+01, 6.5130e-02, 
 2DIAGNOSTIC,    51, -3.752251267433e-01, 1.255764800590e-05, 3.6319e+01, 5.5226e-02, 
 2DIAGNOSTIC,    52, -3.752612471581e-01, 1.087438431568e-05, 3.6384e+01, 6.5167e-02, 
 2DIAGNOSTIC,    53, -3.752914965153e-01, 1.074073134077e-05, 3.6440e+01, 5.5183e-02, 
 2DIAGNOSTIC,    54, -3.753058016300e-01, 9.557275916450e-06, 3.6495e+01, 5.5530e-02, 
 2DIAGNOSTIC,    55, -3.753930032253e-01, 8.461463949061e-06, 3.6580e+01, 8.5198e-02, 
 2DIAGNOSTIC,    56, -3.753875195980e-01, 7.562806786154e-06, 3.6635e+01, 5.5018e-02, 
 2DIAGNOSTIC,    57, -3.753597438335e-01, 6.364581167873e-06, 3.6691e+01, 5.5144e-02, 
 2DIAGNOSTIC,    58, -3.753620088100e-01, 5.679094101652e-06, 3.6756e+01, 6.5097e-02, 
 2DIAGNOSTIC,    59, -3.754405677319e-01, 6.354842298606e-06, 3.6831e+01, 7.5340e-02, 
 2DIAGNOSTIC,    60, -3.754083812237e-01, 5.790877821710e-06, 3.6886e+01, 5.5067e-02, 
 2DIAGNOSTIC,    61, -3.753829896450e-01, 4.267460099072e-06, 3.6951e+01, 6.5266e-02, 
 2DIAGNOSTIC,    62, -3.753957152367e-01, 3.068718569921e-06, 3.7016e+01, 6.5019e-02, 
 2DIAGNOSTIC,    63, -3.754617273808e-01, 2.816676214934e-06, 3.7082e+01, 6.5307e-02, 
 2DIAGNOSTIC,    64, -3.754821419716e-01, 2.687785809030e-06, 3.7137e+01, 5.5168e-02, 
 2DIAGNOSTIC,    65, -3.757331371307e-01, 6.324278274406e-06, 3.7192e+01, 5.5169e-02, 
 2DIAGNOSTIC,    66, -3.760538995266e-01, 1.289003830607e-05, 3.7247e+01, 5.5158e-02, 
 2DIAGNOSTIC,    67, -3.766079545021e-01, 2.398033393547e-05, 3.7343e+01, 9.5371e-02, 
 2DIAGNOSTIC,    68, -3.767957687378e-01, 3.446911432547e-05, 3.7417e+01, 7.4541e-02, 
 2DIAGNOSTIC,    69, -3.767347633839e-01, 4.163222183706e-05, 3.7482e+01, 6.5209e-02, 
 2DIAGNOSTIC,    70, -3.767512738705e-01, 4.455258022062e-05, 3.7537e+01, 5.4921e-02, 
 2DIAGNOSTIC,    71, -3.766986727715e-01, 4.223943324178e-05, 3.7602e+01, 6.4930e-02, 
 2DIAGNOSTIC,    72, -3.767131268978e-01, 3.616267713369e-05, 3.7657e+01, 5.4824e-02, 
 2DIAGNOSTIC,    73, -3.766955137253e-01, 2.733279143285e-05, 3.7712e+01, 5.4940e-02, 
 2DIAGNOSTIC,    74, -3.767171800137e-01, 1.664127739787e-05, 3.7777e+01, 6.4699e-02, 
 2DIAGNOSTIC,    75, -3.767445087433e-01, 7.498496870539e-06, 3.7841e+01, 6.4925e-02, 
DIAGNOSTIC,Iteration,metricValue,convergenceValue,ITERATION_TIME_INDEX,SINCE_LAST
 2DIAGNOSTIC,     1, -3.190543055534e-01, inf, 4.6779e+01, 8.9375e+00, 
 2DIAGNOSTIC,     2, -3.193096816540e-01, inf, 4.7213e+01, 4.3395e-01, 
 2DIAGNOSTIC,     3, -3.195723593235e-01, inf, 4.7731e+01, 5.1767e-01, 
 2DIAGNOSTIC,     4, -3.196876347065e-01, inf, 4.8248e+01, 5.1751e-01, 
 2DIAGNOSTIC,     5, -3.197087645531e-01, inf, 4.8682e+01, 4.3402e-01, 
 2DIAGNOSTIC,     6, -3.197060227394e-01, inf, 4.9367e+01, 6.8506e-01, 
 2DIAGNOSTIC,     7, -3.197023272514e-01, inf, 4.9801e+01, 4.3425e-01, 
 2DIAGNOSTIC,     8, -3.196958601475e-01, inf, 5.0235e+01, 4.3384e-01, 
 2DIAGNOSTIC,     9, -3.196833431721e-01, inf, 5.0753e+01, 5.1749e-01, 
 2DIAGNOSTIC,    10, -3.196840584278e-01, 9.649771527620e-05, 5.1355e+01, 6.0255e-01, 
 2DIAGNOSTIC,    11, -3.196822404861e-01, 4.012051431346e-05, 5.1790e+01, 4.3472e-01, 
 2DIAGNOSTIC,    12, -3.196783959866e-01, 8.011023055587e-06, 5.2309e+01, 5.1883e-01, 
DIAGNOSTIC,Iteration,metricValue,convergenceValue,ITERATION_TIME_INDEX,SINCE_LAST
 2DIAGNOSTIC,     1, -2.791341245174e-01, inf, 6.3109e+01, 1.0800e+01, 
  Elapsed time (stage 0): 6.4891e+01


Stage 1
  iterations = 1000x500x250x0
  convergence threshold = 1.0000e-06
  convergence window size = 10
  number of levels = 4
  using the Mattes MI metric (number of bins = 32, weight = 1.0000e+00)
  preprocessing:  winsorizing the image intensities
  Shrink factors (level 1 out of 4): [12, 12, 12]
  Shrink factors (level 2 out of 4): [8, 8, 8]
  Shrink factors (level 3 out of 4): [4, 4, 4]
  Shrink factors (level 4 out of 4): [2, 2, 2]
  smoothing sigmas per level: [4, 3, 2, 1]
  regular sampling (percentage = 2.5000e-01)

*** Running AffineTransform registration ***

DIAGNOSTIC,Iteration,metricValue,convergenceValue,ITERATION_TIME_INDEX,SINCE_LAST
 2DIAGNOSTIC,     1, -4.354083836079e-01, inf, 1.8803e+01, 1.8803e+01, 
 2DIAGNOSTIC,     2, -4.361960291862e-01, inf, 1.8818e+01, 1.4716e-02, 
 2DIAGNOSTIC,     3, -4.376713335514e-01, inf, 1.8833e+01, 1.4669e-02, 
 2DIAGNOSTIC,     4, -4.399847090244e-01, inf, 1.8848e+01, 1.4702e-02, 
 2DIAGNOSTIC,     5, -4.435147047043e-01, inf, 1.8862e+01, 1.4740e-02, 
 2DIAGNOSTIC,     6, -4.487196505070e-01, inf, 1.8877e+01, 1.5160e-02, 
 2DIAGNOSTIC,     7, -4.662842750549e-01, inf, 1.8895e+01, 1.7172e-02, 
 2DIAGNOSTIC,     8, -4.769742488861e-01, inf, 1.8916e+01, 2.0947e-02, 
 2DIAGNOSTIC,     9, -4.839389026165e-01, inf, 1.8930e+01, 1.4847e-02, 
 2DIAGNOSTIC,    10, -4.915366172791e-01, 8.639304898679e-03, 1.8946e+01, 1.5817e-02, 
 2DIAGNOSTIC,    11, -5.003025531769e-01, 9.019547142088e-03, 1.8968e+01, 2.1389e-02, 
 2DIAGNOSTIC,    12, -5.055428147316e-01, 8.810212835670e-03, 1.8983e+01, 1.5373e-02, 
 2DIAGNOSTIC,    13, -5.103237032890e-01, 8.126242086291e-03, 1.9000e+01, 1.7387e-02, 
 2DIAGNOSTIC,    14, -5.203114151955e-01, 7.340492215008e-03, 1.9022e+01, 2.1144e-02, 
 2DIAGNOSTIC,    15, -5.211617946625e-01, 6.174804642797e-03, 1.9036e+01, 1.4866e-02, 
 2DIAGNOSTIC,    16, -5.220180749893e-01, 4.820016212761e-03, 1.9053e+01, 1.6910e-02, 
 2DIAGNOSTIC,    17, -5.227246284485e-01, 3.830190747976e-03, 1.9081e+01, 2.7388e-02, 
 2DIAGNOSTIC,    18, -5.227317214012e-01, 2.954387106001e-03, 1.9096e+01, 1.5120e-02, 
 2DIAGNOSTIC,    19, -5.228038430214e-01, 2.116803312674e-03, 1.9111e+01, 1.4841e-02, 
 2DIAGNOSTIC,    20, -5.229060053825e-01, 1.393778249621e-03, 1.9126e+01, 1.5066e-02, 
 2DIAGNOSTIC,    21, -5.230215191841e-01, 8.627631468698e-04, 1.9140e+01, 1.4571e-02, 
 2DIAGNOSTIC,    22, -5.231364965439e-01, 4.438686883077e-04, 1.9155e+01, 1.5068e-02, 
 2DIAGNOSTIC,    23, -5.232216715813e-01, 1.382009795634e-04, 1.9170e+01, 1.5010e-02, 
 2DIAGNOSTIC,    24, -5.233090519905e-01, 8.890242315829e-05, 1.9185e+01, 1.5099e-02, 
 2DIAGNOSTIC,    25, -5.234206914902e-01, 5.731752753491e-05, 1.9202e+01, 1.6469e-02, 
 2DIAGNOSTIC,    26, -5.234680175781e-01, 4.250572237652e-05, 1.9221e+01, 1.8588e-02, 
 2DIAGNOSTIC,    27, -5.235155820847e-01, 4.100189107703e-05, 1.9235e+01, 1.4627e-02, 
 2DIAGNOSTIC,    28, -5.235756635666e-01, 3.723754343810e-05, 1.9250e+01, 1.5076e-02, 
 2DIAGNOSTIC,    29, -5.238809585571e-01, 3.773096977966e-05, 1.9267e+01, 1.7015e-02, 
 2DIAGNOSTIC,    30, -5.242885947227e-01, 4.422441998031e-05, 1.9288e+01, 2.0646e-02, 
 2DIAGNOSTIC,    31, -5.243535637856e-01, 4.934575190418e-05, 1.9303e+01, 1.4900e-02, 
 2DIAGNOSTIC,    32, -5.243991613388e-01, 5.254307325231e-05, 1.9318e+01, 1.5166e-02, 
 2DIAGNOSTIC,    33, -5.244154334068e-01, 5.246122964309e-05, 1.9333e+01, 1.4709e-02, 
 2DIAGNOSTIC,    34, -5.244262218475e-01, 4.901433203486e-05, 1.9350e+01, 1.7010e-02, 
 2DIAGNOSTIC,    35, -5.244382023811e-01, 4.309172800276e-05, 1.9370e+01, 2.0466e-02, 
 2DIAGNOSTIC,    36, -5.244427323341e-01, 3.434787504375e-05, 1.9385e+01, 1.5208e-02, 
 2DIAGNOSTIC,    37, -5.244446992874e-01, 2.379160832788e-05, 1.9400e+01, 1.4853e-02, 
 2DIAGNOSTIC,    38, -5.244491100311e-01, 1.254585458810e-05, 1.9415e+01, 1.5173e-02, 
 2DIAGNOSTIC,    39, -5.244544744492e-01, 5.121500635141e-06, 1.9432e+01, 1.6470e-02, 
 2DIAGNOSTIC,    40, -5.244579315186e-01, 3.437000486883e-06, 1.9451e+01, 1.8708e-02, 
 2DIAGNOSTIC,    41, -5.244598388672e-01, 2.491330405974e-06, 1.9466e+01, 1.5164e-02, 
 2DIAGNOSTIC,    42, -5.244616866112e-01, 2.063906322292e-06, 1.9483e+01, 1.6955e-02, 
 2DIAGNOSTIC,    43, -5.244637727737e-01, 1.772300379344e-06, 1.9501e+01, 1.8328e-02, 
 2DIAGNOSTIC,    44, -5.244655013084e-01, 1.552859998810e-06, 1.9516e+01, 1.5032e-02, 
 2DIAGNOSTIC,    45, -5.244663953781e-01, 1.425405002919e-06, 1.9531e+01, 1.4742e-02, 
 2DIAGNOSTIC,    46, -5.244684815407e-01, 1.318496515523e-06, 1.9548e+01, 1.6944e-02, 
 2DIAGNOSTIC,    47, -5.244701504707e-01, 1.200887822961e-06, 1.9566e+01, 1.8624e-02, 
 2DIAGNOSTIC,    48, -5.244714021683e-01, 1.104592570300e-06, 1.9583e+01, 1.6907e-02, 
 2DIAGNOSTIC,    49, -5.244724750519e-01, 1.044643568093e-06, 1.9600e+01, 1.6569e-02, 
DIAGNOSTIC,Iteration,metricValue,convergenceValue,ITERATION_TIME_INDEX,SINCE_LAST
 2DIAGNOSTIC,     1, -4.555858671665e-01, inf, 3.3606e+01, 1.4006e+01, 
 2DIAGNOSTIC,     2, -4.562312066555e-01, inf, 3.3674e+01, 6.8277e-02, 
 2DIAGNOSTIC,     3, -4.567555189133e-01, inf, 3.3743e+01, 6.8561e-02, 
 2DIAGNOSTIC,     4, -4.570501148701e-01, inf, 3.3810e+01, 6.7800e-02, 
 2DIAGNOSTIC,     5, -4.573523402214e-01, inf, 3.3879e+01, 6.8423e-02, 
 2DIAGNOSTIC,     6, -4.577653408051e-01, inf, 3.3958e+01, 7.9080e-02, 
 2DIAGNOSTIC,     7, -4.589307308197e-01, inf, 3.4058e+01, 9.9958e-02, 
 2DIAGNOSTIC,     8, -4.590807259083e-01, inf, 3.4126e+01, 6.8339e-02, 
 2DIAGNOSTIC,     9, -4.591393768787e-01, inf, 3.4195e+01, 6.8241e-02, 
 2DIAGNOSTIC,    10, -4.592430293560e-01, 5.481422413141e-04, 3.4285e+01, 9.0112e-02, 
 2DIAGNOSTIC,    11, -4.592598974705e-01, 4.356182180345e-04, 3.4354e+01, 6.9393e-02, 
 2DIAGNOSTIC,    12, -4.592778086662e-01, 3.360350092407e-04, 3.4444e+01, 9.0132e-02, 
 2DIAGNOSTIC,    13, -4.593177735806e-01, 2.484652504791e-04, 3.4514e+01, 6.9444e-02, 
 2DIAGNOSTIC,    14, -4.593275785446e-01, 1.651475904509e-04, 3.4592e+01, 7.8453e-02, 
 2DIAGNOSTIC,    15, -4.593328833580e-01, 9.094311826630e-05, 3.4661e+01, 6.9270e-02, 
 2DIAGNOSTIC,    16, -4.593384861946e-01, 3.292242035968e-05, 3.4739e+01, 7.8185e-02, 
 2DIAGNOSTIC,    17, -4.593445658684e-01, 2.153618515877e-05, 3.4819e+01, 7.9645e-02, 
 2DIAGNOSTIC,    18, -4.593484401703e-01, 1.486829387431e-05, 3.4898e+01, 7.9249e-02, 
 2DIAGNOSTIC,    19, -4.593528509140e-01, 9.657491318649e-06, 3.4979e+01, 8.0336e-02, 
 2DIAGNOSTIC,    20, -4.593561589718e-01, 7.550117516075e-06, 3.5057e+01, 7.7790e-02, 
 2DIAGNOSTIC,    21, -4.593597054482e-01, 5.691802925867e-06, 3.5136e+01, 7.9299e-02, 
 2DIAGNOSTIC,    22, -4.593611657619e-01, 4.128547516302e-06, 3.5214e+01, 7.7969e-02, 
 2DIAGNOSTIC,    23, -4.593643248081e-01, 3.607852249843e-06, 3.5294e+01, 7.9879e-02, 
 2DIAGNOSTIC,    24, -4.593655467033e-01, 3.204354925401e-06, 3.5374e+01, 7.9858e-02, 
 2DIAGNOSTIC,    25, -4.593675732613e-01, 2.836594148903e-06, 3.5443e+01, 6.9461e-02, 
 2DIAGNOSTIC,    26, -4.593693017960e-01, 2.521951273593e-06, 3.5512e+01, 6.9222e-02, 
 2DIAGNOSTIC,    27, -4.593712687492e-01, 2.291794089615e-06, 3.5602e+01, 9.0177e-02, 
 2DIAGNOSTIC,    28, -4.593733251095e-01, 2.102340658894e-06, 3.5682e+01, 7.9409e-02, 
 2DIAGNOSTIC,    29, -4.593741595745e-01, 1.945295252881e-06, 3.5751e+01, 6.9314e-02, 
 2DIAGNOSTIC,    30, -4.593756794930e-01, 1.817411998672e-06, 3.5830e+01, 7.9230e-02, 
 2DIAGNOSTIC,    31, -4.593763947487e-01, 1.710850142445e-06, 3.5899e+01, 6.9136e-02, 
 2DIAGNOSTIC,    32, -4.593778848648e-01, 1.601776943971e-06, 3.6010e+01, 1.1053e-01, 
 2DIAGNOSTIC,    33, -4.593780636787e-01, 1.503749444964e-06, 3.6090e+01, 7.9851e-02, 
 2DIAGNOSTIC,    34, -4.593780040741e-01, 1.381374886478e-06, 3.6158e+01, 6.8447e-02, 
 2DIAGNOSTIC,    35, -4.593790471554e-01, 1.278137119698e-06, 3.6238e+01, 7.9516e-02, 
 2DIAGNOSTIC,    36, -4.593785703182e-01, 1.165963453786e-06, 3.6317e+01, 7.9514e-02, 
 2DIAGNOSTIC,    37, -4.593789875507e-01, 1.072524241863e-06, 3.6397e+01, 7.9339e-02, 
DIAGNOSTIC,Iteration,metricValue,convergenceValue,ITERATION_TIME_INDEX,SINCE_LAST
 2DIAGNOSTIC,     1, -3.809153139591e-01, inf, 4.5298e+01, 8.9017e+00, 
 2DIAGNOSTIC,     2, -3.811002671719e-01, inf, 4.5846e+01, 5.4724e-01, 
 2DIAGNOSTIC,     3, -3.812718987465e-01, inf, 4.6384e+01, 5.3867e-01, 
 2DIAGNOSTIC,     4, -3.814824223518e-01, inf, 4.6929e+01, 5.4504e-01, 
 2DIAGNOSTIC,     5, -3.817572295666e-01, inf, 4.7471e+01, 5.4149e-01, 
 2DIAGNOSTIC,     6, -3.820334970951e-01, inf, 4.8192e+01, 7.2088e-01, 
 2DIAGNOSTIC,     7, -3.821234405041e-01, inf, 4.9166e+01, 9.7460e-01, 
 2DIAGNOSTIC,     8, -3.821403086185e-01, inf, 4.9711e+01, 5.4511e-01, 
 2DIAGNOSTIC,     9, -3.822145164013e-01, inf, 5.0252e+01, 5.4055e-01, 
 2DIAGNOSTIC,    10, -3.823821842670e-01, 2.559345448390e-04, 5.0798e+01, 5.4625e-01, 
 2DIAGNOSTIC,    11, -3.824104070663e-01, 2.050825423794e-04, 5.1339e+01, 5.4038e-01, 
 2DIAGNOSTIC,    12, -3.824455142021e-01, 1.583574630786e-04, 5.2054e+01, 7.1546e-01, 
 2DIAGNOSTIC,    13, -3.824804127216e-01, 1.167650771094e-04, 5.2586e+01, 5.3243e-01, 
 2DIAGNOSTIC,    14, -3.824921250343e-01, 8.227924263338e-05, 5.3223e+01, 6.3605e-01, 
 2DIAGNOSTIC,    15, -3.824980556965e-01, 5.856738789589e-05, 5.3843e+01, 6.2029e-01, 
 2DIAGNOSTIC,    16, -3.825073242188e-01, 4.583791451296e-05, 5.4547e+01, 7.0468e-01, 
 2DIAGNOSTIC,    17, -3.825100660324e-01, 3.472862226772e-05, 5.5094e+01, 5.4617e-01, 
 2DIAGNOSTIC,    18, -3.825162649155e-01, 2.276174564031e-05, 5.5716e+01, 6.2200e-01, 
 2DIAGNOSTIC,    19, -3.825192153454e-01, 1.296536083828e-05, 5.6348e+01, 6.3204e-01, 
 2DIAGNOSTIC,    20, -3.825257122517e-01, 9.579110155755e-06, 5.7056e+01, 7.0845e-01, 
 2DIAGNOSTIC,    21, -3.825280666351e-01, 6.832183771621e-06, 5.7599e+01, 5.4309e-01, 
 2DIAGNOSTIC,    22, -3.825300931931e-01, 5.066875019111e-06, 5.8130e+01, 5.3087e-01, 
 2DIAGNOSTIC,    23, -3.825362622738e-01, 4.439164513315e-06, 5.8755e+01, 6.2469e-01, 
 2DIAGNOSTIC,    24, -3.825385570526e-01, 4.004508809885e-06, 5.9474e+01, 7.1921e-01, 
 2DIAGNOSTIC,    25, -3.825439512730e-01, 3.683523345899e-06, 6.0105e+01, 6.3054e-01, 
 2DIAGNOSTIC,    26, -3.825450539589e-01, 3.455668320385e-06, 6.0653e+01, 5.4813e-01, 
 2DIAGNOSTIC,    27, -3.825491070747e-01, 3.220804728699e-06, 6.1275e+01, 6.2185e-01, 
 2DIAGNOSTIC,    28, -3.825497925282e-01, 2.990243956447e-06, 6.1821e+01, 5.4694e-01, 
 2DIAGNOSTIC,    29, -3.825531899929e-01, 2.759222752502e-06, 6.2537e+01, 7.1526e-01, 
 2DIAGNOSTIC,    30, -3.825548589230e-01, 2.587184098957e-06, 6.3084e+01, 5.4690e-01, 
 2DIAGNOSTIC,    31, -3.825565874577e-01, 2.379815668974e-06, 6.3611e+01, 5.2762e-01, 
 2DIAGNOSTIC,    32, -3.825590610504e-01, 2.159207269870e-06, 6.4244e+01, 6.3292e-01, 
 2DIAGNOSTIC,    33, -3.825607299805e-01, 2.017097358475e-06, 6.4871e+01, 6.2676e-01, 
 2DIAGNOSTIC,    34, -3.825625181198e-01, 1.869839707069e-06, 6.5502e+01, 6.3143e-01, 
 2DIAGNOSTIC,    35, -3.825634717941e-01, 1.776918225005e-06, 6.6032e+01, 5.2993e-01, 
 2DIAGNOSTIC,    36, -3.825653493404e-01, 1.666645857767e-06, 6.6752e+01, 7.1948e-01, 
 2DIAGNOSTIC,    37, -3.825661242008e-01, 1.584491428730e-06, 6.7294e+01, 5.4204e-01, 
 2DIAGNOSTIC,    38, -3.825672864914e-01, 1.472324129281e-06, 6.7841e+01, 5.4726e-01, 
 2DIAGNOSTIC,    39, -3.825683295727e-01, 1.389680846842e-06, 6.8459e+01, 6.1821e-01, 
 2DIAGNOSTIC,    40, -3.825698494911e-01, 1.315259169132e-06, 6.9266e+01, 8.0626e-01, 
 2DIAGNOSTIC,    41, -3.825699985027e-01, 1.227631742040e-06, 6.9979e+01, 7.1356e-01, 
 2DIAGNOSTIC,    42, -3.825702071190e-01, 1.148481715063e-06, 7.0610e+01, 6.3133e-01, 
 2DIAGNOSTIC,    43, -3.825701773167e-01, 1.063767513187e-06, 7.1231e+01, 6.2015e-01, 
DIAGNOSTIC,Iteration,metricValue,convergenceValue,ITERATION_TIME_INDEX,SINCE_LAST
 2DIAGNOSTIC,     1, -3.306099474430e-01, inf, 8.0705e+01, 9.4741e+00, 
  Elapsed time (stage 1): 8.2475e+01


Stage 2
  iterations = 100x100x70x50x0
  convergence threshold = 1.0000e-06
  convergence window size = 10
  number of levels = 5
  using the Mattes MI metric (number of bins = 32, weight = 1.0000e+00)
  preprocessing:  winsorizing the image intensities
  Shrink factors (level 1 out of 5): [10, 10, 10]
  Shrink factors (level 2 out of 5): [6, 6, 6]
  Shrink factors (level 3 out of 5): [4, 4, 4]
  Shrink factors (level 4 out of 5): [2, 2, 2]
  Shrink factors (level 5 out of 5): [1, 1, 1]
  smoothing sigmas per level: [5, 3, 2, 1, 0]
  Using default NONE metricSamplingStrategy 

*** Running SyN registration (varianceForUpdateField = 3.0000e+00, varianceForTotalField = 0.0000e+00) ***

XXDIAGNOSTIC,Iteration,metricValue,convergenceValue,ITERATION_TIME_INDEX,SINCE_LAST
 1DIAGNOSTIC,     1, -5.477638244629e-01, inf, 3.1812e+01, 3.1812e+01, 
 1DIAGNOSTIC,     2, -5.651698112488e-01, inf, 3.1962e+01, 1.4953e-01, 
 1DIAGNOSTIC,     3, -5.743062496185e-01, inf, 3.2115e+01, 1.5365e-01, 
 1DIAGNOSTIC,     4, -5.778933167458e-01, inf, 3.2266e+01, 1.5046e-01, 
 1DIAGNOSTIC,     5, -5.767851471901e-01, inf, 3.2412e+01, 1.4630e-01, 
 1DIAGNOSTIC,     6, -5.763471126556e-01, inf, 3.2558e+01, 1.4639e-01, 
 1DIAGNOSTIC,     7, -5.732762813568e-01, inf, 3.2705e+01, 1.4640e-01, 
 1DIAGNOSTIC,     8, -5.719939470291e-01, inf, 3.2851e+01, 1.4640e-01, 
 1DIAGNOSTIC,     9, -5.700378417969e-01, inf, 3.2998e+01, 1.4639e-01, 
 1DIAGNOSTIC,    10, -5.668362975121e-01, 9.741281392053e-04, 3.3145e+01, 1.4730e-01, 
 1DIAGNOSTIC,    11, -5.651547908783e-01, -6.684569525532e-04, 3.3292e+01, 1.4758e-01, 
XXDIAGNOSTIC,Iteration,metricValue,convergenceValue,ITERATION_TIME_INDEX,SINCE_LAST
 1DIAGNOSTIC,     1, -4.507842063904e-01, inf, 4.7808e+01, 1.4516e+01, 
 1DIAGNOSTIC,     2, -4.539160728455e-01, inf, 4.8384e+01, 5.7562e-01, 
 1DIAGNOSTIC,     3, -4.551778435707e-01, inf, 4.8961e+01, 5.7723e-01, 
 1DIAGNOSTIC,     4, -4.555130898952e-01, inf, 4.9536e+01, 5.7525e-01, 
 1DIAGNOSTIC,     5, -4.550045728683e-01, inf, 5.0112e+01, 5.7569e-01, 
 1DIAGNOSTIC,     6, -4.544271230698e-01, inf, 5.0691e+01, 5.7939e-01, 
 1DIAGNOSTIC,     7, -4.533461630344e-01, inf, 5.1268e+01, 5.7627e-01, 
 1DIAGNOSTIC,     8, -4.522434473038e-01, inf, 5.1844e+01, 5.7651e-01, 
 1DIAGNOSTIC,     9, -4.510872662067e-01, inf, 5.2420e+01, 5.7644e-01, 
 1DIAGNOSTIC,    10, -4.501138329506e-01, -3.924920165446e-04, 5.2997e+01, 5.7692e-01, 
XXDIAGNOSTIC,Iteration,metricValue,convergenceValue,ITERATION_TIME_INDEX,SINCE_LAST
 1DIAGNOSTIC,     1, -3.839313983917e-01, inf, 6.3114e+01, 1.0117e+01, 
 1DIAGNOSTIC,     2, -3.846747875214e-01, inf, 6.4909e+01, 1.7951e+00, 
 1DIAGNOSTIC,     3, -3.854902088642e-01, inf, 6.6704e+01, 1.7944e+00, 
 1DIAGNOSTIC,     4, -3.859038054943e-01, inf, 6.8498e+01, 1.7940e+00, 
 1DIAGNOSTIC,     5, -3.861621618271e-01, inf, 7.0352e+01, 1.8540e+00, 
 1DIAGNOSTIC,     6, -3.863616287708e-01, inf, 7.2153e+01, 1.8009e+00, 
 1DIAGNOSTIC,     7, -3.862326145172e-01, inf, 7.4059e+01, 1.9058e+00, 
 1DIAGNOSTIC,     8, -3.859329521656e-01, inf, 7.5913e+01, 1.8540e+00, 
 1DIAGNOSTIC,     9, -3.855184912682e-01, inf, 7.7762e+01, 1.8499e+00, 
 1DIAGNOSTIC,    10, -3.851763606071e-01, 1.859551848611e-04, 7.9566e+01, 1.8036e+00, 
 1DIAGNOSTIC,    11, -3.848245143890e-01, -3.218139681849e-05, 8.1420e+01, 1.8542e+00, 
XXDIAGNOSTIC,Iteration,metricValue,convergenceValue,ITERATION_TIME_INDEX,SINCE_LAST
 1DIAGNOSTIC,     1, -3.269234299660e-01, inf, 1.0130e+02, 1.9884e+01, 
 1DIAGNOSTIC,     2, -3.279444873333e-01, inf, 1.1415e+02, 1.2846e+01, 
 1DIAGNOSTIC,     3, -3.289533257484e-01, inf, 1.2700e+02, 1.2850e+01, 
 1DIAGNOSTIC,     4, -3.299148082733e-01, inf, 1.3990e+02, 1.2899e+01, 
 1DIAGNOSTIC,     5, -3.308369219303e-01, inf, 1.5288e+02, 1.2979e+01, 
 1DIAGNOSTIC,     6, -3.316826224327e-01, inf, 1.6617e+02, 1.3288e+01, 
 1DIAGNOSTIC,     7, -3.324570655823e-01, inf, 1.7944e+02, 1.3271e+01, 
 1DIAGNOSTIC,     8, -3.330938816071e-01, inf, 1.9276e+02, 1.3324e+01, 
 1DIAGNOSTIC,     9, -3.336731195450e-01, inf, 2.0612e+02, 1.3360e+01, 
 1DIAGNOSTIC,    10, -3.341092467308e-01, 1.413595862687e-03, 2.1942e+02, 1.3300e+01, 
 1DIAGNOSTIC,    11, -3.344715237617e-01, 1.161217107438e-03, 2.3273e+02, 1.3310e+01, 
 1DIAGNOSTIC,    12, -3.348350524902e-01, 9.451339137740e-04, 2.4606e+02, 1.3332e+01, 
 1DIAGNOSTIC,    13, -3.351859152317e-01, 7.659374387003e-04, 2.5940e+02, 1.3332e+01, 
 1DIAGNOSTIC,    14, -3.354479074478e-01, 6.169899716042e-04, 2.7276e+02, 1.3365e+01, 
 1DIAGNOSTIC,    15, -3.356793224812e-01, 4.970225854777e-04, 2.8658e+02, 1.3817e+01, 
 1DIAGNOSTIC,    16, -3.360801637173e-01, 4.127515712753e-04, 3.0040e+02, 1.3820e+01, 
 1DIAGNOSTIC,    17, -3.363730311394e-01, 3.534289135132e-04, 3.1425e+02, 1.3852e+01, 
 1DIAGNOSTIC,    18, -3.366489410400e-01, 3.109309473075e-04, 3.2811e+02, 1.3859e+01, 
 1DIAGNOSTIC,    19, -3.368626534939e-01, 2.796102780849e-04, 3.4191e+02, 1.3804e+01, 
 1DIAGNOSTIC,    20, -3.370436728001e-01, 2.517399843782e-04, 3.5570e+02, 1.3789e+01, 
 1DIAGNOSTIC,    21, -3.371813893318e-01, 2.231870021205e-04, 3.6955e+02, 1.3847e+01, 
 1DIAGNOSTIC,    22, -3.373504281044e-01, 1.968359138118e-04, 3.8347e+02, 1.3920e+01, 
 1DIAGNOSTIC,    23, -3.375335931778e-01, 1.741024607327e-04, 3.9736e+02, 1.3895e+01, 
 1DIAGNOSTIC,    24, -3.377097845078e-01, 1.525126281194e-04, 4.1121e+02, 1.3844e+01, 
 1DIAGNOSTIC,    25, -3.378612399101e-01, 1.312295644311e-04, 4.2502e+02, 1.3816e+01, 
 1DIAGNOSTIC,    26, -3.379890918732e-01, 1.165205903817e-04, 4.3882e+02, 1.3800e+01, 
 1DIAGNOSTIC,    27, -3.381769061089e-01, 1.070113285095e-04, 4.5266e+02, 1.3838e+01, 
 1DIAGNOSTIC,    28, -3.382900357246e-01, 9.978385060094e-05, 4.6648e+02, 1.3823e+01, 
 1DIAGNOSTIC,    29, -3.383669555187e-01, 9.214131569024e-05, 4.8032e+02, 1.3834e+01, 
 1DIAGNOSTIC,    30, -3.384389877319e-01, 8.355537283933e-05, 4.9419e+02, 1.3872e+01, 
 1DIAGNOSTIC,    31, -3.384926617146e-01, 7.289277709788e-05, 5.0797e+02, 1.3777e+01, 
 1DIAGNOSTIC,    32, -3.384999036789e-01, 6.065836350899e-05, 5.2178e+02, 1.3810e+01, 
 1DIAGNOSTIC,    33, -3.385435342789e-01, 4.927999907522e-05, 5.3558e+02, 1.3800e+01, 
 1DIAGNOSTIC,    34, -3.385015726089e-01, 3.728850424523e-05, 5.4939e+02, 1.3814e+01, 
 1DIAGNOSTIC,    35, -3.385154604912e-01, 2.655291609699e-05, 5.6321e+02, 1.3820e+01, 
 1DIAGNOSTIC,    36, -3.385375738144e-01, 1.741263258737e-05, 5.7705e+02, 1.3834e+01, 
 1DIAGNOSTIC,    37, -3.385940790176e-01, 1.272737245017e-05, 5.9089e+02, 1.3841e+01, 
 1DIAGNOSTIC,    38, -3.386256694794e-01, 1.033729586197e-05, 6.0468e+02, 1.3792e+01, 
 1DIAGNOSTIC,    39, -3.386626243591e-01, 9.623341611587e-06, 6.1851e+02, 1.3831e+01, 
 1DIAGNOSTIC,    40, -3.386763036251e-01, 9.905840670399e-06, 6.3240e+02, 1.3887e+01, 
 1DIAGNOSTIC,    41, -3.387258648872e-01, 1.142731252912e-05, 6.4620e+02, 1.3807e+01, 
 1DIAGNOSTIC,    42, -3.387247323990e-01, 1.191535193357e-05, 6.6000e+02, 1.3799e+01, 
 1DIAGNOSTIC,    43, -3.386814594269e-01, 1.135579896072e-05, 6.7380e+02, 1.3796e+01, 
 1DIAGNOSTIC,    44, -3.386574983597e-01, 8.579821042076e-06, 6.8768e+02, 1.3883e+01, 
 1DIAGNOSTIC,    45, -3.386556208134e-01, 5.405879619502e-06, 7.0160e+02, 1.3921e+01, 
 1DIAGNOSTIC,    46, -3.386375904083e-01, 1.951730382643e-06, 7.1545e+02, 1.3848e+01, 
 1DIAGNOSTIC,    47, -3.386688232422e-01, 1.008293537552e-07, 7.2923e+02, 1.3783e+01, 
  Elapsed time (stage 2): 753.4


Total elapsed time: 900.8

--- Writing output images ---

Using double precision for computations.
Input scalar image: data/Segmentations/1018_3_seg.nii.gz
Reference image: data/template/T_template0_BrainCerebellum.nii.gz
=============================================================================
The composite transform comprises the following transforms (in order): 
  1. /tmp/1971956.1.basic.q/1018_ToTemplate_004_0GenericAffine.mat (type = AffineTransform)
  2. /tmp/1971956.1.basic.q/1018_ToTemplate_004_1Warp.nii.gz (type = DisplacementFieldTransform)
=============================================================================
Default pixel value: 0
Interpolation type: LabelImageGenericInterpolateImageFunction
Output warped image: output/1018/1018_WarpedLabels_004.nii.gz

--- Done ---

