
--- Running on compute-1-12.local ---


--- registration call ---
/data/jet/pcook/bin/antsBuild/bin/antsRegistrationSyNQuick.sh -d 3 -f data/template/T_template0_BrainCerebellum.nii.gz -m data/Brains/1101_3.nii.gz -t s -p d -n 1 -o /tmp/1993631.1.basic.q/1101_ToTemplate_003_
---


--------------------------------------------------------------------------------------
 Mapping parameters
--------------------------------------------------------------------------------------
 ANTSPATH is /data/jet/pcook/bin/antsBuild/bin/

 Dimensionality:           3
 Output name prefix:       /tmp/1993631.1.basic.q/1101_ToTemplate_003_
 Fixed images:             data/template/T_template0_BrainCerebellum.nii.gz
 Moving images:            data/Brains/1101_3.nii.gz
 Mask images:              
 Initial transforms:       
 Number of threads:        1
 Spline distance:          26
 Transform type:           s
 MI histogram bins:        32
 Precision:                d
 Use histogram matching    0
======================================================================================
 antsRegistration call:
--------------------------------------------------------------------------------------
/data/jet/pcook/bin/antsBuild/bin//antsRegistration --verbose 1 --dimensionality 3 --float 0 --collapse-output-transforms 1 --output [/tmp/1993631.1.basic.q/1101_ToTemplate_003_,/tmp/1993631.1.basic.q/1101_ToTemplate_003_Warped.nii.gz,/tmp/1993631.1.basic.q/1101_ToTemplate_003_InverseWarped.nii.gz] --interpolation Linear --use-histogram-matching 0 --winsorize-image-intensities [0.005,0.995] --initial-moving-transform [data/template/T_template0_BrainCerebellum.nii.gz,data/Brains/1101_3.nii.gz,1] --transform Rigid[0.1] --metric MI[data/template/T_template0_BrainCerebellum.nii.gz,data/Brains/1101_3.nii.gz,1,32,Regular,0.25] --convergence [1000x500x250x0,1e-6,10] --shrink-factors 12x8x4x2 --smoothing-sigmas 4x3x2x1vox --transform Affine[0.1] --metric MI[data/template/T_template0_BrainCerebellum.nii.gz,data/Brains/1101_3.nii.gz,1,32,Regular,0.25] --convergence [1000x500x250x0,1e-6,10] --shrink-factors 12x8x4x2 --smoothing-sigmas 4x3x2x1vox --transform SyN[0.1,3,0] --metric MI[data/template/T_template0_BrainCerebellum.nii.gz,data/Brains/1101_3.nii.gz,1,32] --convergence [100x100x70x50x0,1e-6,10] --shrink-factors 10x6x4x2x1 --smoothing-sigmas 5x3x2x1x0vox
--------------------------------------------------------------------------------------
All_Command_lines_OK
Using double precision for computations.
=============================================================================
The composite transform comprises the following transforms (in order): 
  1. Center of mass alignment using fixed image: data/template/T_template0_BrainCerebellum.nii.gz and moving image: data/Brains/1101_3.nii.gz (type = Euler3DTransform)
=============================================================================
  number of levels = 4
  number of levels = 4
  number of levels = 5
  fixed image: data/template/T_template0_BrainCerebellum.nii.gz
  moving image: data/Brains/1101_3.nii.gz
  fixed image: data/template/T_template0_BrainCerebellum.nii.gz
  moving image: data/Brains/1101_3.nii.gz
  fixed image: data/template/T_template0_BrainCerebellum.nii.gz
  moving image: data/Brains/1101_3.nii.gz
Dimension = 3
Number of stages = 3
Use Histogram Matching false
Winsorize image intensities true
Lower quantile = 0.005
Upper quantile = 0.995
Stage 1 State
   Image metric = Mattes
     Fixed image = Image (0x50b5cf0)
  RTTI typeinfo:   itk::Image<double, 3u>
  Reference Count: 2
  Modified Time: 1611
  Debug: Off
  Object Name: 
  Observers: 
    none
  Source: (none)
  Source output name: (none)
  Release Data: Off
  Data Released: False
  Global Release Data: Off
  PipelineMTime: 0
  UpdateMTime: 1422
  RealTimeStamp: 0 seconds 
  LargestPossibleRegion: 
    Dimension: 3
    Index: [0, 0, 0]
    Size: [216, 256, 291]
  BufferedRegion: 
    Dimension: 3
    Index: [0, 0, 0]
    Size: [216, 256, 291]
  RequestedRegion: 
    Dimension: 3
    Index: [0, 0, 0]
    Size: [216, 256, 291]
  Spacing: [1, 1, 1]
  Origin: [0, 293, 0]
  Direction: 
1 0 0
0 -0 -1
0 -1 -0

  IndexToPointMatrix: 
1 0 0
0 0 -1
0 -1 0

  PointToIndexMatrix: 
1 0 0
0 0 -1
0 -1 0

  Inverse Direction: 
1 0 0
0 0 -1
0 -1 0

  PixelContainer: 
    ImportImageContainer (0x50b97f0)
      RTTI typeinfo:   itk::ImportImageContainer<unsigned long, double>
      Reference Count: 1
      Modified Time: 1419
      Debug: Off
      Object Name: 
      Observers: 
        none
      Pointer: 0x7fe3fd3d0010
      Container manages memory: true
      Size: 16091136
      Capacity: 16091136

     Moving image = Image (0x50b7d50)
  RTTI typeinfo:   itk::Image<double, 3u>
  Reference Count: 2
  Modified Time: 1612
  Debug: Off
  Object Name: 
  Observers: 
    none
  Source: (none)
  Source output name: (none)
  Release Data: Off
  Data Released: False
  Global Release Data: Off
  PipelineMTime: 0
  UpdateMTime: 1609
  RealTimeStamp: 0 seconds 
  LargestPossibleRegion: 
    Dimension: 3
    Index: [0, 0, 0]
    Size: [256, 256, 307]
  BufferedRegion: 
    Dimension: 3
    Index: [0, 0, 0]
    Size: [256, 256, 307]
  RequestedRegion: 
    Dimension: 3
    Index: [0, 0, 0]
    Size: [256, 256, 307]
  Spacing: [1, 1, 1]
  Origin: [0, 306, 0]
  Direction: 
1 0 0
0 -0 -1
0 -1 -0

  IndexToPointMatrix: 
1 0 0
0 0 -1
0 -1 0

  PointToIndexMatrix: 
1 0 0
0 0 -1
0 -1 0

  Inverse Direction: 
1 0 0
0 0 -1
0 -1 0

  PixelContainer: 
    ImportImageContainer (0x50a8f60)
      RTTI typeinfo:   itk::ImportImageContainer<unsigned long, double>
      Reference Count: 1
      Modified Time: 1606
      Debug: Off
      Object Name: 
      Observers: 
        none
      Pointer: 0x7fe3f3a4f010
      Container manages memory: true
      Size: 20119552
      Capacity: 20119552

     Weighting = 1
     Sampling strategy = regular
     Number of bins = 32
     Radius = 4
     Sampling percentage  = 0.25
   Transform = Rigid
     Gradient step = 0.1
     Update field sigma (voxel space) = 0
     Total field sigma (voxel space) = 0
     Update field time sigma = 0
     Total field time sigma  = 0
     Number of time indices = 0
     Number of time point samples = 0
Stage 2 State
   Image metric = Mattes
     Fixed image = Image (0x50bc700)
  RTTI typeinfo:   itk::Image<double, 3u>
  Reference Count: 2
  Modified Time: 1987
  Debug: Off
  Object Name: 
  Observers: 
    none
  Source: (none)
  Source output name: (none)
  Release Data: Off
  Data Released: False
  Global Release Data: Off
  PipelineMTime: 0
  UpdateMTime: 1798
  RealTimeStamp: 0 seconds 
  LargestPossibleRegion: 
    Dimension: 3
    Index: [0, 0, 0]
    Size: [216, 256, 291]
  BufferedRegion: 
    Dimension: 3
    Index: [0, 0, 0]
    Size: [216, 256, 291]
  RequestedRegion: 
    Dimension: 3
    Index: [0, 0, 0]
    Size: [216, 256, 291]
  Spacing: [1, 1, 1]
  Origin: [0, 293, 0]
  Direction: 
1 0 0
0 -0 -1
0 -1 -0

  IndexToPointMatrix: 
1 0 0
0 0 -1
0 -1 0

  PointToIndexMatrix: 
1 0 0
0 0 -1
0 -1 0

  Inverse Direction: 
1 0 0
0 0 -1
0 -1 0

  PixelContainer: 
    ImportImageContainer (0x50b8970)
      RTTI typeinfo:   itk::ImportImageContainer<unsigned long, double>
      Reference Count: 1
      Modified Time: 1795
      Debug: Off
      Object Name: 
      Observers: 
        none
      Pointer: 0x7fe3ebf8a010
      Container manages memory: true
      Size: 16091136
      Capacity: 16091136

     Moving image = Image (0x50c9080)
  RTTI typeinfo:   itk::Image<double, 3u>
  Reference Count: 2
  Modified Time: 1988
  Debug: Off
  Object Name: 
  Observers: 
    none
  Source: (none)
  Source output name: (none)
  Release Data: Off
  Data Released: False
  Global Release Data: Off
  PipelineMTime: 0
  UpdateMTime: 1985
  RealTimeStamp: 0 seconds 
  LargestPossibleRegion: 
    Dimension: 3
    Index: [0, 0, 0]
    Size: [256, 256, 307]
  BufferedRegion: 
    Dimension: 3
    Index: [0, 0, 0]
    Size: [256, 256, 307]
  RequestedRegion: 
    Dimension: 3
    Index: [0, 0, 0]
    Size: [256, 256, 307]
  Spacing: [1, 1, 1]
  Origin: [0, 306, 0]
  Direction: 
1 0 0
0 -0 -1
0 -1 -0

  IndexToPointMatrix: 
1 0 0
0 0 -1
0 -1 0

  PointToIndexMatrix: 
1 0 0
0 0 -1
0 -1 0

  Inverse Direction: 
1 0 0
0 0 -1
0 -1 0

  PixelContainer: 
    ImportImageContainer (0x50c8a00)
      RTTI typeinfo:   itk::ImportImageContainer<unsigned long, double>
      Reference Count: 1
      Modified Time: 1982
      Debug: Off
      Object Name: 
      Observers: 
        none
      Pointer: 0x7fe3e2609010
      Container manages memory: true
      Size: 20119552
      Capacity: 20119552

     Weighting = 1
     Sampling strategy = regular
     Number of bins = 32
     Radius = 4
     Sampling percentage  = 0.25
   Transform = Affine
     Gradient step = 0.1
     Update field sigma (voxel space) = 0
     Total field sigma (voxel space) = 0
     Update field time sigma = 0
     Total field time sigma  = 0
     Number of time indices = 0
     Number of time point samples = 0
Stage 3 State
   Image metric = Mattes
     Fixed image = Image (0x50ce9a0)
  RTTI typeinfo:   itk::Image<double, 3u>
  Reference Count: 2
  Modified Time: 2363
  Debug: Off
  Object Name: 
  Observers: 
    none
  Source: (none)
  Source output name: (none)
  Release Data: Off
  Data Released: False
  Global Release Data: Off
  PipelineMTime: 0
  UpdateMTime: 2174
  RealTimeStamp: 0 seconds 
  LargestPossibleRegion: 
    Dimension: 3
    Index: [0, 0, 0]
    Size: [216, 256, 291]
  BufferedRegion: 
    Dimension: 3
    Index: [0, 0, 0]
    Size: [216, 256, 291]
  RequestedRegion: 
    Dimension: 3
    Index: [0, 0, 0]
    Size: [216, 256, 291]
  Spacing: [1, 1, 1]
  Origin: [0, 293, 0]
  Direction: 
1 0 0
0 -0 -1
0 -1 -0

  IndexToPointMatrix: 
1 0 0
0 0 -1
0 -1 0

  PointToIndexMatrix: 
1 0 0
0 0 -1
0 -1 0

  Inverse Direction: 
1 0 0
0 0 -1
0 -1 0

  PixelContainer: 
    ImportImageContainer (0x50c7740)
      RTTI typeinfo:   itk::ImportImageContainer<unsigned long, double>
      Reference Count: 1
      Modified Time: 2171
      Debug: Off
      Object Name: 
      Observers: 
        none
      Pointer: 0x7fe3dab44010
      Container manages memory: true
      Size: 16091136
      Capacity: 16091136

     Moving image = Image (0x50d1110)
  RTTI typeinfo:   itk::Image<double, 3u>
  Reference Count: 2
  Modified Time: 2364
  Debug: Off
  Object Name: 
  Observers: 
    none
  Source: (none)
  Source output name: (none)
  Release Data: Off
  Data Released: False
  Global Release Data: Off
  PipelineMTime: 0
  UpdateMTime: 2361
  RealTimeStamp: 0 seconds 
  LargestPossibleRegion: 
    Dimension: 3
    Index: [0, 0, 0]
    Size: [256, 256, 307]
  BufferedRegion: 
    Dimension: 3
    Index: [0, 0, 0]
    Size: [256, 256, 307]
  RequestedRegion: 
    Dimension: 3
    Index: [0, 0, 0]
    Size: [256, 256, 307]
  Spacing: [1, 1, 1]
  Origin: [0, 306, 0]
  Direction: 
1 0 0
0 -0 -1
0 -1 -0

  IndexToPointMatrix: 
1 0 0
0 0 -1
0 -1 0

  PointToIndexMatrix: 
1 0 0
0 0 -1
0 -1 0

  Inverse Direction: 
1 0 0
0 0 -1
0 -1 0

  PixelContainer: 
    ImportImageContainer (0x50cec30)
      RTTI typeinfo:   itk::ImportImageContainer<unsigned long, double>
      Reference Count: 1
      Modified Time: 2358
      Debug: Off
      Object Name: 
      Observers: 
        none
      Pointer: 0x7fe3d11c3010
      Container manages memory: true
      Size: 20119552
      Capacity: 20119552

     Weighting = 1
     Sampling strategy = none
     Number of bins = 32
     Radius = 4
     Sampling percentage  = 1
   Transform = SyN
     Gradient step = 0.1
     Update field sigma (voxel space) = 3
     Total field sigma (voxel space) = 0
     Update field time sigma = 0
     Total field time sigma  = 0
     Number of time indices = 0
     Number of time point samples = 0
Registration using 3 total stages.

Stage 0
  iterations = 1000x500x250x0
  convergence threshold = 1e-06
  convergence window size = 10
  number of levels = 4
  using the Mattes MI metric (number of bins = 32, weight = 1)
  preprocessing:  winsorizing the image intensities
  Shrink factors (level 1 out of 4): [12, 12, 12]
  Shrink factors (level 2 out of 4): [8, 8, 8]
  Shrink factors (level 3 out of 4): [4, 4, 4]
  Shrink factors (level 4 out of 4): [2, 2, 2]
  smoothing sigmas per level: [4, 3, 2, 1]
  regular sampling (percentage = 0.25)

*** Running Euler3DTransform registration ***

DIAGNOSTIC,Iteration,metricValue,convergenceValue,ITERATION_TIME_INDEX,SINCE_LAST
 2DIAGNOSTIC,     1, -4.835748272821e-01, 1.797693134862e+308, 2.2483e+01, 2.2483e+01, 
 2DIAGNOSTIC,     2, -4.843944689394e-01, 1.797693134862e+308, 2.2493e+01, 1.0759e-02, 
 2DIAGNOSTIC,     3, -4.848121209753e-01, 1.797693134862e+308, 2.2505e+01, 1.1877e-02, 
 2DIAGNOSTIC,     4, -4.850846335413e-01, 1.797693134862e+308, 2.2516e+01, 1.0403e-02, 
 2DIAGNOSTIC,     5, -4.852807411144e-01, 1.797693134862e+308, 2.2528e+01, 1.1843e-02, 
 2DIAGNOSTIC,     6, -4.854996996144e-01, 1.797693134862e+308, 2.2538e+01, 1.0331e-02, 
 2DIAGNOSTIC,     7, -4.853009084904e-01, 1.797693134862e+308, 2.2550e+01, 1.1853e-02, 
 2DIAGNOSTIC,     8, -4.855996245931e-01, 1.797693134862e+308, 2.2560e+01, 1.0376e-02, 
 2DIAGNOSTIC,     9, -4.861630459888e-01, 1.797693134862e+308, 2.2571e+01, 1.0524e-02, 
 2DIAGNOSTIC,    10, -4.870073191096e-01, 3.351129979291e-04, 2.2583e+01, 1.2244e-02, 
 2DIAGNOSTIC,    11, -4.915451435788e-01, 5.315759181413e-04, 2.2602e+01, 1.8629e-02, 
 2DIAGNOSTIC,    12, -4.936293763765e-01, 7.831483063282e-04, 2.2614e+01, 1.2555e-02, 
 2DIAGNOSTIC,    13, -4.941027734629e-01, 9.650510591709e-04, 2.2627e+01, 1.2495e-02, 
 2DIAGNOSTIC,    14, -4.950065384138e-01, 1.084837510885e-03, 2.2639e+01, 1.2457e-02, 
 2DIAGNOSTIC,    15, -4.957511869200e-01, 1.125188674607e-03, 2.2653e+01, 1.4233e-02, 
 2DIAGNOSTIC,    16, -4.961307058592e-01, 1.076631786883e-03, 2.2664e+01, 1.1057e-02, 
 2DIAGNOSTIC,    17, -4.972630810418e-01, 9.658079521876e-04, 2.2675e+01, 1.1122e-02, 
 2DIAGNOSTIC,    18, -4.975588360710e-01, 7.987359463685e-04, 2.2688e+01, 1.2508e-02, 
 2DIAGNOSTIC,    19, -4.976299951213e-01, 5.968070666702e-04, 2.2700e+01, 1.2305e-02, 
 2DIAGNOSTIC,    20, -4.978582388336e-01, 3.884318659773e-04, 2.2712e+01, 1.2175e-02, 
 2DIAGNOSTIC,    21, -4.978731972924e-01, 2.882382366629e-04, 2.2728e+01, 1.5236e-02, 
 2DIAGNOSTIC,    22, -4.978936753187e-01, 2.256592627171e-04, 2.2738e+01, 1.0680e-02, 
 2DIAGNOSTIC,    23, -4.977258689733e-01, 1.548903249377e-04, 2.2749e+01, 1.0790e-02, 
 2DIAGNOSTIC,    24, -4.977450109643e-01, 9.803044901560e-05, 2.2760e+01, 1.0803e-02, 
 2DIAGNOSTIC,    25, -4.978066283329e-01, 5.535817839081e-05, 2.2772e+01, 1.2359e-02, 
 2DIAGNOSTIC,    26, -4.978171361766e-01, 1.884819173711e-05, 2.2788e+01, 1.5446e-02, 
 2DIAGNOSTIC,    27, -4.978231025304e-01, 7.688803621037e-06, 2.2800e+01, 1.2342e-02, 
DIAGNOSTIC,Iteration,metricValue,convergenceValue,ITERATION_TIME_INDEX,SINCE_LAST
 2DIAGNOSTIC,     1, -4.205428065903e-01, 1.797693134862e+308, 3.8865e+01, 1.6064e+01, 
 2DIAGNOSTIC,     2, -4.213090282064e-01, 1.797693134862e+308, 3.8923e+01, 5.8818e-02, 
 2DIAGNOSTIC,     3, -4.220784015190e-01, 1.797693134862e+308, 3.8983e+01, 5.9356e-02, 
 2DIAGNOSTIC,     4, -4.229111244106e-01, 1.797693134862e+308, 3.9041e+01, 5.8759e-02, 
 2DIAGNOSTIC,     5, -4.233691185680e-01, 1.797693134862e+308, 3.9101e+01, 5.9076e-02, 
 2DIAGNOSTIC,     6, -4.236217595071e-01, 1.797693134862e+308, 3.9160e+01, 5.9575e-02, 
 2DIAGNOSTIC,     7, -4.254080858571e-01, 1.797693134862e+308, 3.9243e+01, 8.3060e-02, 
 2DIAGNOSTIC,     8, -4.257811073716e-01, 1.797693134862e+308, 3.9326e+01, 8.2654e-02, 
 2DIAGNOSTIC,     9, -4.259646122508e-01, 1.797693134862e+308, 3.9397e+01, 7.1399e-02, 
 2DIAGNOSTIC,    10, -4.262806941540e-01, 9.162014709103e-04, 3.9457e+01, 6.0090e-02, 
 2DIAGNOSTIC,    11, -4.264977626364e-01, 7.600729941065e-04, 3.9527e+01, 6.9951e-02, 
 2DIAGNOSTIC,    12, -4.265913662555e-01, 6.082120814073e-04, 3.9630e+01, 1.0323e-01, 
 2DIAGNOSTIC,    13, -4.267044090888e-01, 4.694558066104e-04, 3.9690e+01, 5.9382e-02, 
 2DIAGNOSTIC,    14, -4.269677342428e-01, 3.613222174552e-04, 3.9760e+01, 7.0384e-02, 
 2DIAGNOSTIC,    15, -4.271921485515e-01, 2.657458730110e-04, 3.9832e+01, 7.1692e-02, 
 2DIAGNOSTIC,    16, -4.272555554976e-01, 1.691218307946e-04, 3.9904e+01, 7.1581e-02, 
 2DIAGNOSTIC,    17, -4.272867882437e-01, 1.399953564457e-04, 3.9963e+01, 5.9926e-02, 
 2DIAGNOSTIC,    18, -4.273620858421e-01, 1.181016169354e-04, 4.0024e+01, 6.0351e-02, 
 2DIAGNOSTIC,    19, -4.274983848135e-01, 9.859336977244e-05, 4.0117e+01, 9.3199e-02, 
 2DIAGNOSTIC,    20, -4.275158188041e-01, 8.282420053222e-05, 4.0188e+01, 7.1360e-02, 
 2DIAGNOSTIC,    21, -4.275196034004e-01, 6.812879080958e-05, 4.0249e+01, 6.0232e-02, 
 2DIAGNOSTIC,    22, -4.275249624287e-01, 5.170930148645e-05, 4.0309e+01, 6.0242e-02, 
 2DIAGNOSTIC,    23, -4.275306099152e-01, 3.530721249746e-05, 4.0369e+01, 6.0339e-02, 
 2DIAGNOSTIC,    24, -4.274969757204e-01, 2.326929258332e-05, 4.0430e+01, 6.0423e-02, 
 2DIAGNOSTIC,    25, -4.275937239118e-01, 1.871450188679e-05, 4.0489e+01, 5.9325e-02, 
 2DIAGNOSTIC,    26, -4.276148450344e-01, 1.501567283479e-05, 4.0558e+01, 6.9566e-02, 
 2DIAGNOSTIC,    27, -4.277129186424e-01, 1.348006734838e-05, 4.0628e+01, 6.9583e-02, 
 2DIAGNOSTIC,    28, -4.277567547355e-01, 1.362359283062e-05, 4.0698e+01, 6.9556e-02, 
 2DIAGNOSTIC,    29, -4.277168644722e-01, 1.479794513278e-05, 4.0779e+01, 8.1499e-02, 
 2DIAGNOSTIC,    30, -4.277173799602e-01, 1.503629091253e-05, 4.0839e+01, 6.0314e-02, 
 2DIAGNOSTIC,    31, -4.277218023357e-01, 1.408094155672e-05, 4.0911e+01, 7.1224e-02, 
 2DIAGNOSTIC,    32, -4.277660538007e-01, 1.294803220565e-05, 4.0971e+01, 6.0317e-02, 
 2DIAGNOSTIC,    33, -4.277664007621e-01, 1.087808307615e-05, 4.1031e+01, 6.0177e-02, 
 2DIAGNOSTIC,    34, -4.277674420086e-01, 7.353970175556e-06, 4.1090e+01, 5.9092e-02, 
 2DIAGNOSTIC,    35, -4.277682966316e-01, 5.321440305704e-06, 4.1171e+01, 8.0689e-02, 
 2DIAGNOSTIC,    36, -4.278107972128e-01, 4.101787102452e-06, 4.1252e+01, 8.0603e-02, 
 2DIAGNOSTIC,    37, -4.278111480549e-01, 4.348811658898e-06, 4.1321e+01, 6.9751e-02, 
 2DIAGNOSTIC,    38, -4.278117081889e-01, 5.056734366630e-06, 4.1393e+01, 7.1851e-02, 
 2DIAGNOSTIC,    39, -4.278120474252e-01, 4.674848847270e-06, 4.1652e+01, 2.5924e-01, 
 2DIAGNOSTIC,    40, -4.278120474196e-01, 3.956853657307e-06, 4.1907e+01, 2.5495e-01, 
 2DIAGNOSTIC,    41, -4.278120474196e-01, 3.012596278600e-06, 4.1999e+01, 9.1812e-02, 
 2DIAGNOSTIC,    42, -4.278120474196e-01, 2.599679491580e-06, 4.2071e+01, 7.1499e-02, 
 2DIAGNOSTIC,    43, -4.278120474196e-01, 2.045846240570e-06, 4.2142e+01, 7.1556e-02, 
 2DIAGNOSTIC,    44, -4.278120474196e-01, 1.415724287294e-06, 4.2214e+01, 7.1527e-02, 
DIAGNOSTIC,Iteration,metricValue,convergenceValue,ITERATION_TIME_INDEX,SINCE_LAST
 2DIAGNOSTIC,     1, -3.581448260969e-01, 1.797693134862e+308, 5.1635e+01, 9.4211e+00, 
 2DIAGNOSTIC,     2, -3.582781493341e-01, 1.797693134862e+308, 5.2127e+01, 4.9212e-01, 
 2DIAGNOSTIC,     3, -3.583707822689e-01, 1.797693134862e+308, 5.2712e+01, 5.8465e-01, 
 2DIAGNOSTIC,     4, -3.583583987213e-01, 1.797693134862e+308, 5.3299e+01, 5.8730e-01, 
 2DIAGNOSTIC,     5, -3.583795619347e-01, 1.797693134862e+308, 5.3784e+01, 4.8557e-01, 
 2DIAGNOSTIC,     6, -3.583897406092e-01, 1.797693134862e+308, 5.4275e+01, 4.9040e-01, 
 2DIAGNOSTIC,     7, -3.584026076947e-01, 1.797693134862e+308, 5.4766e+01, 4.9155e-01, 
 2DIAGNOSTIC,     8, -3.584163155532e-01, 1.797693134862e+308, 5.5258e+01, 4.9182e-01, 
 2DIAGNOSTIC,     9, -3.584884689533e-01, 1.797693134862e+308, 5.5846e+01, 5.8791e-01, 
 2DIAGNOSTIC,    10, -3.585921847261e-01, 5.753292676723e-05, 5.6428e+01, 5.8146e-01, 
 2DIAGNOSTIC,    11, -3.586503773274e-01, 5.164256825642e-05, 5.7008e+01, 5.8023e-01, 
 2DIAGNOSTIC,    12, -3.586980020402e-01, 5.418710899499e-05, 5.7782e+01, 7.7436e-01, 
 2DIAGNOSTIC,    13, -3.587382000650e-01, 5.986444212960e-05, 5.8359e+01, 5.7729e-01, 
 2DIAGNOSTIC,    14, -3.587356199512e-01, 5.857965623350e-05, 5.9037e+01, 6.7711e-01, 
 2DIAGNOSTIC,    15, -3.587145573027e-01, 5.228842516516e-05, 5.9617e+01, 5.8019e-01, 
 2DIAGNOSTIC,    16, -3.587673265182e-01, 4.533443967517e-05, 6.0195e+01, 5.7827e-01, 
 2DIAGNOSTIC,    17, -3.587778568257e-01, 3.626210101775e-05, 6.0872e+01, 6.7655e-01, 
 2DIAGNOSTIC,    18, -3.587763651981e-01, 2.552767462165e-05, 6.1450e+01, 5.7861e-01, 
 2DIAGNOSTIC,    19, -3.587739090609e-01, 1.660935276378e-05, 6.2024e+01, 5.7365e-01, 
 2DIAGNOSTIC,    20, -3.587753002795e-01, 1.135934688086e-05, 6.2504e+01, 4.8029e-01, 
 2DIAGNOSTIC,    21, -3.587811696140e-01, 8.047141884210e-06, 6.3078e+01, 5.7419e-01, 
 2DIAGNOSTIC,    22, -3.587949882792e-01, 6.564720552778e-06, 6.3559e+01, 4.8016e-01, 
 2DIAGNOSTIC,    23, -3.588051232404e-01, 6.479759022925e-06, 6.4038e+01, 4.7974e-01, 
 2DIAGNOSTIC,    24, -3.588156460843e-01, 6.233570905165e-06, 6.4520e+01, 4.8152e-01, 
 2DIAGNOSTIC,    25, -3.588238979074e-01, 5.095738447994e-06, 6.4997e+01, 4.7745e-01, 
 2DIAGNOSTIC,    26, -3.588405164595e-01, 5.786929264853e-06, 6.5478e+01, 4.8061e-01, 
 2DIAGNOSTIC,    27, -3.589013104156e-01, 8.076929314371e-06, 6.5959e+01, 4.8111e-01, 
 2DIAGNOSTIC,    28, -3.589686734539e-01, 1.137480258890e-05, 6.6533e+01, 5.7417e-01, 
 2DIAGNOSTIC,    29, -3.590696053791e-01, 1.614383307007e-05, 6.7860e+01, 1.3270e+00, 
 2DIAGNOSTIC,    30, -3.590675483909e-01, 1.912369447126e-05, 6.8524e+01, 6.6367e-01, 
 2DIAGNOSTIC,    31, -3.590638735034e-01, 2.030169232358e-05, 6.9095e+01, 5.7120e-01, 
 2DIAGNOSTIC,    32, -3.590684199096e-01, 2.004312860038e-05, 6.9576e+01, 4.8060e-01, 
 2DIAGNOSTIC,    33, -3.590581616049e-01, 1.794540984495e-05, 7.0059e+01, 4.8293e-01, 
 2DIAGNOSTIC,    34, -3.590684293416e-01, 1.482719965466e-05, 7.0636e+01, 5.7740e-01, 
 2DIAGNOSTIC,    35, -3.590567880890e-01, 1.050619176870e-05, 7.1306e+01, 6.6958e-01, 
 2DIAGNOSTIC,    36, -3.590565113008e-01, 5.895765656818e-06, 7.1880e+01, 5.7481e-01, 
 2DIAGNOSTIC,    37, -3.590470688235e-01, 2.141587263887e-06, 7.2452e+01, 5.7195e-01, 
DIAGNOSTIC,Iteration,metricValue,convergenceValue,ITERATION_TIME_INDEX,SINCE_LAST
 2DIAGNOSTIC,     1, -3.103965743021e-01, 1.797693134862e+308, 8.1418e+01, 8.9655e+00, 
  Elapsed time (stage 0): 8.3320e+01


Stage 1
  iterations = 1000x500x250x0
  convergence threshold = 1.0000e-06
  convergence window size = 10
  number of levels = 4
  using the Mattes MI metric (number of bins = 32, weight = 1.0000e+00)
  preprocessing:  winsorizing the image intensities
  Shrink factors (level 1 out of 4): [12, 12, 12]
  Shrink factors (level 2 out of 4): [8, 8, 8]
  Shrink factors (level 3 out of 4): [4, 4, 4]
  Shrink factors (level 4 out of 4): [2, 2, 2]
  smoothing sigmas per level: [4, 3, 2, 1]
  regular sampling (percentage = 2.5000e-01)

*** Running AffineTransform registration ***

DIAGNOSTIC,Iteration,metricValue,convergenceValue,ITERATION_TIME_INDEX,SINCE_LAST
 2DIAGNOSTIC,     1, -4.919173127883e-01, 1.797693134862e+308, 2.2143e+01, 2.2143e+01, 
 2DIAGNOSTIC,     2, -4.925836665008e-01, 1.797693134862e+308, 2.2157e+01, 1.3762e-02, 
 2DIAGNOSTIC,     3, -4.927431620694e-01, 1.797693134862e+308, 2.2171e+01, 1.3570e-02, 
 2DIAGNOSTIC,     4, -4.933219442784e-01, 1.797693134862e+308, 2.2186e+01, 1.5163e-02, 
 2DIAGNOSTIC,     5, -4.934979434479e-01, 1.797693134862e+308, 2.2199e+01, 1.3548e-02, 
 2DIAGNOSTIC,     6, -4.942464567733e-01, 1.797693134862e+308, 2.2215e+01, 1.5155e-02, 
 2DIAGNOSTIC,     7, -4.951520343256e-01, 1.797693134862e+308, 2.2228e+01, 1.3576e-02, 
 2DIAGNOSTIC,     8, -4.959907619145e-01, 1.797693134862e+308, 2.2242e+01, 1.3672e-02, 
 2DIAGNOSTIC,     9, -4.979858374651e-01, 1.797693134862e+308, 2.2256e+01, 1.4022e-02, 
 2DIAGNOSTIC,    10, -5.009994805715e-01, 9.829823581997e-04, 2.2270e+01, 1.4267e-02, 
 2DIAGNOSTIC,    11, -5.038292034450e-01, 1.204208690656e-03, 2.2293e+01, 2.2894e-02, 
 2DIAGNOSTIC,    12, -5.047731850227e-01, 1.355727968840e-03, 2.2307e+01, 1.4292e-02, 
 2DIAGNOSTIC,    13, -5.049868013097e-01, 1.379199614545e-03, 2.2325e+01, 1.7323e-02, 
 2DIAGNOSTIC,    14, -5.053184996443e-01, 1.312340719998e-03, 2.2341e+01, 1.5920e-02, 
 2DIAGNOSTIC,    15, -5.053988223061e-01, 1.142601798000e-03, 2.2355e+01, 1.4166e-02, 
 2DIAGNOSTIC,    16, -5.054462605343e-01, 9.167788273630e-04, 2.2371e+01, 1.5755e-02, 
 2DIAGNOSTIC,    17, -5.056863041316e-01, 6.729757954897e-04, 2.2385e+01, 1.4134e-02, 
 2DIAGNOSTIC,    18, -5.058760562097e-01, 4.275350996000e-04, 2.2400e+01, 1.5747e-02, 
 2DIAGNOSTIC,    19, -5.061615752108e-01, 2.357142161665e-04, 2.2414e+01, 1.3958e-02, 
 2DIAGNOSTIC,    20, -5.065804982018e-01, 1.370875450857e-04, 2.2428e+01, 1.4044e-02, 
 2DIAGNOSTIC,    21, -5.073290840321e-01, 1.314010635417e-04, 2.2442e+01, 1.3873e-02, 
 2DIAGNOSTIC,    22, -5.087169970099e-01, 1.738023256594e-04, 2.2456e+01, 1.4187e-02, 
 2DIAGNOSTIC,    23, -5.117127968223e-01, 2.744959506341e-04, 2.2472e+01, 1.5948e-02, 
 2DIAGNOSTIC,    24, -5.132066383082e-01, 3.826356389038e-04, 2.2491e+01, 1.8960e-02, 
 2DIAGNOSTIC,    25, -5.142237615839e-01, 4.711836570497e-04, 2.2507e+01, 1.5486e-02, 
 2DIAGNOSTIC,    26, -5.142169787792e-01, 5.098946721285e-04, 2.2521e+01, 1.3784e-02, 
 2DIAGNOSTIC,    27, -5.143164586392e-01, 5.049900908260e-04, 2.2535e+01, 1.3944e-02, 
 2DIAGNOSTIC,    28, -5.163048071263e-01, 4.960139313563e-04, 2.2550e+01, 1.5561e-02, 
 2DIAGNOSTIC,    29, -5.170875498556e-01, 4.602348865480e-04, 2.2574e+01, 2.3581e-02, 
 2DIAGNOSTIC,    30, -5.173378087907e-01, 3.965456022746e-04, 2.2589e+01, 1.5400e-02, 
 2DIAGNOSTIC,    31, -5.175537070027e-01, 3.180992603627e-04, 2.2605e+01, 1.5499e-02, 
 2DIAGNOSTIC,    32, -5.174862926003e-01, 2.369680688179e-04, 2.2618e+01, 1.3778e-02, 
 2DIAGNOSTIC,    33, -5.174577954969e-01, 1.880320243382e-04, 2.2634e+01, 1.5793e-02, 
 2DIAGNOSTIC,    34, -5.175833689770e-01, 1.502852868934e-04, 2.2648e+01, 1.4034e-02, 
 2DIAGNOSTIC,    35, -5.177113513504e-01, 1.192573439493e-04, 2.2662e+01, 1.3963e-02, 
 2DIAGNOSTIC,    36, -5.178282490842e-01, 8.087949314946e-05, 2.2676e+01, 1.4094e-02, 
 2DIAGNOSTIC,    37, -5.179520946450e-01, 3.974733893010e-05, 2.2690e+01, 1.3903e-02, 
 2DIAGNOSTIC,    38, -5.189848923109e-01, 4.143008981407e-05, 2.2704e+01, 1.4115e-02, 
 2DIAGNOSTIC,    39, -5.205678864981e-01, 7.262112170037e-05, 2.2718e+01, 1.4158e-02, 
 2DIAGNOSTIC,    40, -5.241823628031e-01, 1.488184294206e-04, 2.2735e+01, 1.6233e-02, 
 2DIAGNOSTIC,    41, -5.262825498851e-01, 2.377095888733e-04, 2.2753e+01, 1.8026e-02, 
 2DIAGNOSTIC,    42, -5.271538029900e-01, 3.103917022877e-04, 2.2768e+01, 1.5568e-02, 
 2DIAGNOSTIC,    43, -5.298558972540e-01, 3.851179884942e-04, 2.2782e+01, 1.3918e-02, 
 2DIAGNOSTIC,    44, -5.297744101549e-01, 4.191921233812e-04, 2.2807e+01, 2.4895e-02, 
 2DIAGNOSTIC,    45, -5.298570386383e-01, 4.141799156728e-04, 2.2822e+01, 1.5188e-02, 
 2DIAGNOSTIC,    46, -5.297898497928e-01, 3.707463926623e-04, 2.2836e+01, 1.3750e-02, 
 2DIAGNOSTIC,    47, -5.295327045927e-01, 2.924622477124e-04, 2.2851e+01, 1.5251e-02, 
 2DIAGNOSTIC,    48, -5.294010915034e-01, 1.999675581299e-04, 2.2867e+01, 1.5329e-02, 
 2DIAGNOSTIC,    49, -5.292715557553e-01, 1.079289347176e-04, 2.2880e+01, 1.3327e-02, 
 2DIAGNOSTIC,    50, -5.289755372102e-01, 4.614559928344e-05, 2.2895e+01, 1.5243e-02, 
 2DIAGNOSTIC,    51, -5.290527361137e-01, 6.313422706801e-06, 2.2909e+01, 1.3649e-02, 
DIAGNOSTIC,Iteration,metricValue,convergenceValue,ITERATION_TIME_INDEX,SINCE_LAST
 2DIAGNOSTIC,     1, -4.566954928574e-01, 1.797693134862e+308, 3.9061e+01, 1.6152e+01, 
 2DIAGNOSTIC,     2, -4.574641691127e-01, 1.797693134862e+308, 3.9129e+01, 6.7996e-02, 
 2DIAGNOSTIC,     3, -4.586927283472e-01, 1.797693134862e+308, 3.9197e+01, 6.7463e-02, 
 2DIAGNOSTIC,     4, -4.600833580643e-01, 1.797693134862e+308, 3.9265e+01, 6.7950e-02, 
 2DIAGNOSTIC,     5, -4.608348953761e-01, 1.797693134862e+308, 3.9332e+01, 6.7546e-02, 
 2DIAGNOSTIC,     6, -4.616839381292e-01, 1.797693134862e+308, 3.9399e+01, 6.6839e-02, 
 2DIAGNOSTIC,     7, -4.630437060399e-01, 1.797693134862e+308, 3.9477e+01, 7.7620e-02, 
 2DIAGNOSTIC,     8, -4.639010897720e-01, 1.797693134862e+308, 3.9598e+01, 1.2178e-01, 
 2DIAGNOSTIC,     9, -4.644146009299e-01, 1.797693134862e+308, 3.9676e+01, 7.8107e-02, 
 2DIAGNOSTIC,    10, -4.644967631418e-01, 1.177444820589e-03, 3.9755e+01, 7.9023e-02, 
 2DIAGNOSTIC,    11, -4.645097561429e-01, 9.443146301580e-04, 3.9834e+01, 7.8698e-02, 
 2DIAGNOSTIC,    12, -4.645111152151e-01, 7.040513218478e-04, 3.9903e+01, 6.8740e-02, 
 2DIAGNOSTIC,    13, -4.645854068020e-01, 4.975662376608e-04, 3.9982e+01, 7.9129e-02, 
 2DIAGNOSTIC,    14, -4.646269754262e-01, 3.385597109331e-04, 4.0049e+01, 6.7342e-02, 
 2DIAGNOSTIC,    15, -4.646114954857e-01, 2.004402070576e-04, 4.0128e+01, 7.8609e-02, 
 2DIAGNOSTIC,    16, -4.646941567524e-01, 9.655942661747e-05, 4.0205e+01, 7.7355e-02, 
 2DIAGNOSTIC,    17, -4.647730459197e-01, 4.755285989577e-05, 4.0283e+01, 7.7328e-02, 
 2DIAGNOSTIC,    18, -4.648131000748e-01, 2.986164286028e-05, 4.0350e+01, 6.6888e-02, 
 2DIAGNOSTIC,    19, -4.648853932919e-01, 3.030942200051e-05, 4.0427e+01, 7.7442e-02, 
 2DIAGNOSTIC,    20, -4.649539068935e-01, 3.268847240780e-05, 4.0505e+01, 7.8153e-02, 
 2DIAGNOSTIC,    21, -4.649129299689e-01, 3.111083285360e-05, 4.0585e+01, 7.9617e-02, 
 2DIAGNOSTIC,    22, -4.649097497768e-01, 2.685020592981e-05, 4.0664e+01, 7.9141e-02, 
 2DIAGNOSTIC,    23, -4.648437586759e-01, 2.079218953693e-05, 4.0732e+01, 6.8210e-02, 
 2DIAGNOSTIC,    24, -4.647797086443e-01, 1.290583865353e-05, 4.0810e+01, 7.7976e-02, 
 2DIAGNOSTIC,    25, -4.647632073077e-01, 3.754958306089e-06, 4.0899e+01, 8.9288e-02, 
DIAGNOSTIC,Iteration,metricValue,convergenceValue,ITERATION_TIME_INDEX,SINCE_LAST
 2DIAGNOSTIC,     1, -3.895710697099e-01, 1.797693134862e+308, 5.0228e+01, 9.3286e+00, 
 2DIAGNOSTIC,     2, -3.899212143936e-01, 1.797693134862e+308, 5.0780e+01, 5.5187e-01, 
 2DIAGNOSTIC,     3, -3.901631721032e-01, 1.797693134862e+308, 5.1429e+01, 6.4928e-01, 
 2DIAGNOSTIC,     4, -3.902438384691e-01, 1.797693134862e+308, 5.2073e+01, 6.4408e-01, 
 2DIAGNOSTIC,     5, -3.902148205249e-01, 1.797693134862e+308, 5.2721e+01, 6.4778e-01, 
 2DIAGNOSTIC,     6, -3.902501243021e-01, 1.797693134862e+308, 5.3365e+01, 6.4357e-01, 
 2DIAGNOSTIC,     7, -3.902685657321e-01, 1.797693134862e+308, 5.4012e+01, 6.4775e-01, 
 2DIAGNOSTIC,     8, -3.902494016956e-01, 1.797693134862e+308, 5.4665e+01, 6.5298e-01, 
 2DIAGNOSTIC,     9, -3.902851708517e-01, 1.797693134862e+308, 5.5789e+01, 1.1239e+00, 
 2DIAGNOSTIC,    10, -3.902813497613e-01, 8.376080984968e-05, 5.6529e+01, 7.4026e-01, 
 2DIAGNOSTIC,    11, -3.902788035628e-01, 3.660221144559e-05, 5.7173e+01, 6.4369e-01, 
 2DIAGNOSTIC,    12, -3.902703774902e-01, 1.465000686213e-05, 5.7820e+01, 6.4714e-01, 
 2DIAGNOSTIC,    13, -3.902622504185e-01, 7.992640167861e-06, 5.8367e+01, 5.4667e-01, 
 2DIAGNOSTIC,    14, -3.902604328384e-01, 5.944191232496e-06, 5.9013e+01, 6.4657e-01, 
 2DIAGNOSTIC,    15, -3.902599653202e-01, 2.336539369902e-06, 5.9658e+01, 6.4442e-01, 
DIAGNOSTIC,Iteration,metricValue,convergenceValue,ITERATION_TIME_INDEX,SINCE_LAST
 2DIAGNOSTIC,     1, -3.365934856723e-01, 1.797693134862e+308, 6.9421e+01, 9.7629e+00, 
  Elapsed time (stage 1): 7.1464e+01


Stage 2
  iterations = 100x100x70x50x0
  convergence threshold = 1.0000e-06
  convergence window size = 10
  number of levels = 5
  using the Mattes MI metric (number of bins = 32, weight = 1.0000e+00)
  preprocessing:  winsorizing the image intensities
  Shrink factors (level 1 out of 5): [10, 10, 10]
  Shrink factors (level 2 out of 5): [6, 6, 6]
  Shrink factors (level 3 out of 5): [4, 4, 4]
  Shrink factors (level 4 out of 5): [2, 2, 2]
  Shrink factors (level 5 out of 5): [1, 1, 1]
  smoothing sigmas per level: [5, 3, 2, 1, 0]
  Using default NONE metricSamplingStrategy 

*** Running SyN registration (varianceForUpdateField = 3.0000e+00, varianceForTotalField = 0.0000e+00) ***

XXDIAGNOSTIC,Iteration,metricValue,convergenceValue,ITERATION_TIME_INDEX,SINCE_LAST
 1DIAGNOSTIC,     1, -5.194201851170e-01, 1.797693134862e+308, 3.6157e+01, 3.6157e+01, 
 1DIAGNOSTIC,     2, -5.390362184524e-01, 1.797693134862e+308, 3.6297e+01, 1.4085e-01, 
 1DIAGNOSTIC,     3, -5.513617986022e-01, 1.797693134862e+308, 3.6435e+01, 1.3731e-01, 
 1DIAGNOSTIC,     4, -5.568306699603e-01, 1.797693134862e+308, 3.6570e+01, 1.3517e-01, 
 1DIAGNOSTIC,     5, -5.564644136138e-01, 1.797693134862e+308, 3.6704e+01, 1.3435e-01, 
 1DIAGNOSTIC,     6, -5.551695509530e-01, 1.797693134862e+308, 3.6839e+01, 1.3452e-01, 
 1DIAGNOSTIC,     7, -5.531073601096e-01, 1.797693134862e+308, 3.6973e+01, 1.3433e-01, 
 1DIAGNOSTIC,     8, -5.527294335330e-01, 1.797693134862e+308, 3.7108e+01, 1.3438e-01, 
 1DIAGNOSTIC,     9, -5.504679217411e-01, 1.797693134862e+308, 3.7242e+01, 1.3467e-01, 
 1DIAGNOSTIC,    10, -5.494783103713e-01, 2.027109086271e-03, 3.7378e+01, 1.3539e-01, 
 1DIAGNOSTIC,    11, -5.476191708870e-01, 2.106739324824e-05, 3.7513e+01, 1.3570e-01, 
 1DIAGNOSTIC,    12, -5.452600871338e-01, -9.182449475037e-04, 3.7650e+01, 1.3686e-01, 
XXDIAGNOSTIC,Iteration,metricValue,convergenceValue,ITERATION_TIME_INDEX,SINCE_LAST
 1DIAGNOSTIC,     1, -4.303095946971e-01, 1.797693134862e+308, 5.4037e+01, 1.6387e+01, 
 1DIAGNOSTIC,     2, -4.331435657827e-01, 1.797693134862e+308, 5.4591e+01, 5.5401e-01, 
 1DIAGNOSTIC,     3, -4.341979695482e-01, 1.797693134862e+308, 5.5148e+01, 5.5694e-01, 
 1DIAGNOSTIC,     4, -4.346837419845e-01, 1.797693134862e+308, 5.5691e+01, 5.4267e-01, 
 1DIAGNOSTIC,     5, -4.340013489808e-01, 1.797693134862e+308, 5.6233e+01, 5.4195e-01, 
 1DIAGNOSTIC,     6, -4.330598731435e-01, 1.797693134862e+308, 5.6772e+01, 5.3949e-01, 
 1DIAGNOSTIC,     7, -4.324181325162e-01, 1.797693134862e+308, 5.7311e+01, 5.3869e-01, 
 1DIAGNOSTIC,     8, -4.315371341468e-01, 1.797693134862e+308, 5.7851e+01, 5.3993e-01, 
 1DIAGNOSTIC,     9, -4.308566763778e-01, 1.797693134862e+308, 5.8390e+01, 5.3920e-01, 
 1DIAGNOSTIC,    10, -4.297272383801e-01, -3.689512553887e-04, 5.8930e+01, 5.4024e-01, 
XXDIAGNOSTIC,Iteration,metricValue,convergenceValue,ITERATION_TIME_INDEX,SINCE_LAST
 1DIAGNOSTIC,     1, -3.656528286607e-01, 1.797693134862e+308, 6.9610e+01, 1.0679e+01, 
 1DIAGNOSTIC,     2, -3.663288484359e-01, 1.797693134862e+308, 7.1380e+01, 1.7706e+00, 
 1DIAGNOSTIC,     3, -3.667225410980e-01, 1.797693134862e+308, 7.3079e+01, 1.6984e+00, 
 1DIAGNOSTIC,     4, -3.669974621873e-01, 1.797693134862e+308, 7.4884e+01, 1.8051e+00, 
 1DIAGNOSTIC,     5, -3.670173841165e-01, 1.797693134862e+308, 7.6630e+01, 1.7466e+00, 
 1DIAGNOSTIC,     6, -3.670279817087e-01, 1.797693134862e+308, 7.8390e+01, 1.7600e+00, 
 1DIAGNOSTIC,     7, -3.668292635282e-01, 1.797693134862e+308, 8.0094e+01, 1.7036e+00, 
 1DIAGNOSTIC,     8, -3.667148060309e-01, 1.797693134862e+308, 8.1848e+01, 1.7537e+00, 
 1DIAGNOSTIC,     9, -3.665694274373e-01, 1.797693134862e+308, 8.3540e+01, 1.6928e+00, 
 1DIAGNOSTIC,    10, -3.662153547957e-01, 5.671469985426e-05, 8.5296e+01, 1.7558e+00, 
 1DIAGNOSTIC,    11, -3.659456028351e-01, -8.880733359801e-05, 8.7009e+01, 1.7127e+00, 
XXDIAGNOSTIC,Iteration,metricValue,convergenceValue,ITERATION_TIME_INDEX,SINCE_LAST
 1DIAGNOSTIC,     1, -3.098460654714e-01, 1.797693134862e+308, 1.0629e+02, 1.9283e+01, 
 1DIAGNOSTIC,     2, -3.107409429463e-01, 1.797693134862e+308, 1.1893e+02, 1.2634e+01, 
 1DIAGNOSTIC,     3, -3.116437680153e-01, 1.797693134862e+308, 1.3201e+02, 1.3080e+01, 
 1DIAGNOSTIC,     4, -3.125640790154e-01, 1.797693134862e+308, 1.4468e+02, 1.2673e+01, 
 1DIAGNOSTIC,     5, -3.132291111888e-01, 1.797693134862e+308, 1.5735e+02, 1.2672e+01, 
 1DIAGNOSTIC,     6, -3.138071183319e-01, 1.797693134862e+308, 1.6999e+02, 1.2639e+01, 
 1DIAGNOSTIC,     7, -3.144509147097e-01, 1.797693134862e+308, 1.8310e+02, 1.3105e+01, 
 1DIAGNOSTIC,     8, -3.151286605877e-01, 1.797693134862e+308, 1.9619e+02, 1.3098e+01, 
 1DIAGNOSTIC,     9, -3.157044648642e-01, 1.797693134862e+308, 2.0926e+02, 1.3070e+01, 
 1DIAGNOSTIC,    10, -3.161828225319e-01, 1.281785161184e-03, 2.2277e+02, 1.3505e+01, 
 1DIAGNOSTIC,    11, -3.166385796788e-01, 1.078879816776e-03, 2.3583e+02, 1.3060e+01, 
 1DIAGNOSTIC,    12, -3.169707171024e-01, 9.048810854189e-04, 2.4933e+02, 1.3503e+01, 
 1DIAGNOSTIC,    13, -3.172607777836e-01, 7.579801497101e-04, 2.6241e+02, 1.3080e+01, 
 1DIAGNOSTIC,    14, -3.174549860665e-01, 6.348125324587e-04, 2.7598e+02, 1.3566e+01, 
 1DIAGNOSTIC,    15, -3.177327223631e-01, 5.268724252583e-04, 2.8950e+02, 1.3521e+01, 
 1DIAGNOSTIC,    16, -3.179814254694e-01, 4.303786407027e-04, 3.0308e+02, 1.3581e+01, 
 1DIAGNOSTIC,    17, -3.182105657721e-01, 3.515150615145e-04, 3.1667e+02, 1.3595e+01, 
 1DIAGNOSTIC,    18, -3.183759018810e-01, 2.909780739841e-04, 3.3022e+02, 1.3548e+01, 
 1DIAGNOSTIC,    19, -3.185541931580e-01, 2.455568051672e-04, 3.4380e+02, 1.3576e+01, 
 1DIAGNOSTIC,    20, -3.187334357775e-01, 2.112260083918e-04, 3.5735e+02, 1.3551e+01, 
 1DIAGNOSTIC,    21, -3.188559277459e-01, 1.850659607054e-04, 3.7091e+02, 1.3563e+01, 
 1DIAGNOSTIC,    22, -3.189824862178e-01, 1.627180769342e-04, 3.8450e+02, 1.3588e+01, 
 1DIAGNOSTIC,    23, -3.190550174782e-01, 1.413610684592e-04, 3.9804e+02, 1.3543e+01, 
 1DIAGNOSTIC,    24, -3.191226974301e-01, 1.183412006347e-04, 4.1160e+02, 1.3555e+01, 
 1DIAGNOSTIC,    25, -3.191662220197e-01, 9.757111402754e-05, 4.2525e+02, 1.3649e+01, 
 1DIAGNOSTIC,    26, -3.192254379607e-01, 7.985569658855e-05, 4.3879e+02, 1.3540e+01, 
 1DIAGNOSTIC,    27, -3.192866009605e-01, 6.562953002721e-05, 4.5233e+02, 1.3543e+01, 
 1DIAGNOSTIC,    28, -3.193185053644e-01, 5.257205501079e-05, 4.6584e+02, 1.3514e+01, 
 1DIAGNOSTIC,    29, -3.193899718721e-01, 4.322236003770e-05, 4.7934e+02, 1.3496e+01, 
 1DIAGNOSTIC,    30, -3.194471052351e-01, 3.750898554271e-05, 4.9287e+02, 1.3526e+01, 
 1DIAGNOSTIC,    31, -3.194930511781e-01, 3.349684624838e-05, 5.0634e+02, 1.3479e+01, 
 1DIAGNOSTIC,    32, -3.195700836457e-01, 3.232815032786e-05, 5.1992e+02, 1.3576e+01, 
 1DIAGNOSTIC,    33, -3.196460346926e-01, 3.223381900429e-05, 5.3354e+02, 1.3617e+01, 
 1DIAGNOSTIC,    34, -3.197115766620e-01, 3.264798655688e-05, 5.4700e+02, 1.3463e+01, 
 1DIAGNOSTIC,    35, -3.197620067713e-01, 3.239191595989e-05, 5.6053e+02, 1.3525e+01, 
 1DIAGNOSTIC,    36, -3.197933626448e-01, 3.138895533956e-05, 5.7399e+02, 1.3468e+01, 
 1DIAGNOSTIC,    37, -3.198307004072e-01, 2.992052282849e-05, 5.8753e+02, 1.3535e+01, 
 1DIAGNOSTIC,    38, -3.198820856304e-01, 2.767182301827e-05, 6.0105e+02, 1.3521e+01, 
 1DIAGNOSTIC,    39, -3.198939813365e-01, 2.485252104673e-05, 6.1452e+02, 1.3468e+01, 
 1DIAGNOSTIC,    40, -3.199312930865e-01, 2.200893873975e-05, 6.2802e+02, 1.3499e+01, 
 1DIAGNOSTIC,    41, -3.199626211752e-01, 1.894275318916e-05, 6.4150e+02, 1.3488e+01, 
 1DIAGNOSTIC,    42, -3.199639554155e-01, 1.592188584316e-05, 6.5500e+02, 1.3498e+01, 
 1DIAGNOSTIC,    43, -3.199839969546e-01, 1.357361119911e-05, 6.6850e+02, 1.3496e+01, 
 1DIAGNOSTIC,    44, -3.200362176485e-01, 1.247949758372e-05, 6.8196e+02, 1.3461e+01, 
 1DIAGNOSTIC,    45, -3.200534835574e-01, 1.162352309905e-05, 6.9550e+02, 1.3537e+01, 
 1DIAGNOSTIC,    46, -3.200839059294e-01, 1.095280274594e-05, 7.0896e+02, 1.3468e+01, 
 1DIAGNOSTIC,    47, -3.201027305764e-01, 1.038315889617e-05, 7.2251e+02, 1.3544e+01, 
 1DIAGNOSTIC,    48, -3.201223171380e-01, 1.023358523490e-05, 7.3593e+02, 1.3426e+01, 
 1DIAGNOSTIC,    49, -3.201213816017e-01, 9.345676601380e-06, 7.4937e+02, 1.3434e+01, 
 1DIAGNOSTIC,    50, -3.201434473848e-01, 8.711158887786e-06, 7.6279e+02, 1.3424e+01, 
  Elapsed time (stage 2): 783.1


Total elapsed time: 937.9

--- Writing output images ---

Using double precision for computations.
Input scalar image: data/Segmentations/1101_3_seg.nii.gz
Reference image: data/template/T_template0_BrainCerebellum.nii.gz
=============================================================================
The composite transform comprises the following transforms (in order): 
  1. /tmp/1993631.1.basic.q/1101_ToTemplate_003_0GenericAffine.mat (type = AffineTransform)
  2. /tmp/1993631.1.basic.q/1101_ToTemplate_003_1Warp.nii.gz (type = DisplacementFieldTransform)
=============================================================================
Default pixel value: 0
Interpolation type: LabelImageGenericInterpolateImageFunction
Output warped image: output/1101/1101_WarpedLabels_003.nii.gz

--- Done ---

