
--- Running on compute-1-7.local ---


--- registration call ---
/data/jet/pcook/bin/antsBuild/bin/antsRegistrationSyNQuick.sh -d 3 -f data/template/T_template0_BrainCerebellum.nii.gz -m data/Brains/1101_3.nii.gz -t s -p d -n 1 -o /tmp/1993642.1.basic.q/1101_ToTemplate_014_
---


--------------------------------------------------------------------------------------
 Mapping parameters
--------------------------------------------------------------------------------------
 ANTSPATH is /data/jet/pcook/bin/antsBuild/bin/

 Dimensionality:           3
 Output name prefix:       /tmp/1993642.1.basic.q/1101_ToTemplate_014_
 Fixed images:             data/template/T_template0_BrainCerebellum.nii.gz
 Moving images:            data/Brains/1101_3.nii.gz
 Mask images:              
 Initial transforms:       
 Number of threads:        1
 Spline distance:          26
 Transform type:           s
 MI histogram bins:        32
 Precision:                d
 Use histogram matching    0
======================================================================================
 antsRegistration call:
--------------------------------------------------------------------------------------
/data/jet/pcook/bin/antsBuild/bin//antsRegistration --verbose 1 --dimensionality 3 --float 0 --collapse-output-transforms 1 --output [/tmp/1993642.1.basic.q/1101_ToTemplate_014_,/tmp/1993642.1.basic.q/1101_ToTemplate_014_Warped.nii.gz,/tmp/1993642.1.basic.q/1101_ToTemplate_014_InverseWarped.nii.gz] --interpolation Linear --use-histogram-matching 0 --winsorize-image-intensities [0.005,0.995] --initial-moving-transform [data/template/T_template0_BrainCerebellum.nii.gz,data/Brains/1101_3.nii.gz,1] --transform Rigid[0.1] --metric MI[data/template/T_template0_BrainCerebellum.nii.gz,data/Brains/1101_3.nii.gz,1,32,Regular,0.25] --convergence [1000x500x250x0,1e-6,10] --shrink-factors 12x8x4x2 --smoothing-sigmas 4x3x2x1vox --transform Affine[0.1] --metric MI[data/template/T_template0_BrainCerebellum.nii.gz,data/Brains/1101_3.nii.gz,1,32,Regular,0.25] --convergence [1000x500x250x0,1e-6,10] --shrink-factors 12x8x4x2 --smoothing-sigmas 4x3x2x1vox --transform SyN[0.1,3,0] --metric MI[data/template/T_template0_BrainCerebellum.nii.gz,data/Brains/1101_3.nii.gz,1,32] --convergence [100x100x70x50x0,1e-6,10] --shrink-factors 10x6x4x2x1 --smoothing-sigmas 5x3x2x1x0vox
--------------------------------------------------------------------------------------
All_Command_lines_OK
Using double precision for computations.
=============================================================================
The composite transform comprises the following transforms (in order): 
  1. Center of mass alignment using fixed image: data/template/T_template0_BrainCerebellum.nii.gz and moving image: data/Brains/1101_3.nii.gz (type = Euler3DTransform)
=============================================================================
  number of levels = 4
  number of levels = 4
  number of levels = 5
  fixed image: data/template/T_template0_BrainCerebellum.nii.gz
  moving image: data/Brains/1101_3.nii.gz
  fixed image: data/template/T_template0_BrainCerebellum.nii.gz
  moving image: data/Brains/1101_3.nii.gz
  fixed image: data/template/T_template0_BrainCerebellum.nii.gz
  moving image: data/Brains/1101_3.nii.gz
Dimension = 3
Number of stages = 3
Use Histogram Matching false
Winsorize image intensities true
Lower quantile = 0.005
Upper quantile = 0.995
Stage 1 State
   Image metric = Mattes
     Fixed image = Image (0x5149cf0)
  RTTI typeinfo:   itk::Image<double, 3u>
  Reference Count: 2
  Modified Time: 1611
  Debug: Off
  Object Name: 
  Observers: 
    none
  Source: (none)
  Source output name: (none)
  Release Data: Off
  Data Released: False
  Global Release Data: Off
  PipelineMTime: 0
  UpdateMTime: 1422
  RealTimeStamp: 0 seconds 
  LargestPossibleRegion: 
    Dimension: 3
    Index: [0, 0, 0]
    Size: [216, 256, 291]
  BufferedRegion: 
    Dimension: 3
    Index: [0, 0, 0]
    Size: [216, 256, 291]
  RequestedRegion: 
    Dimension: 3
    Index: [0, 0, 0]
    Size: [216, 256, 291]
  Spacing: [1, 1, 1]
  Origin: [0, 293, 0]
  Direction: 
1 0 0
0 -0 -1
0 -1 -0

  IndexToPointMatrix: 
1 0 0
0 0 -1
0 -1 0

  PointToIndexMatrix: 
1 0 0
0 0 -1
0 -1 0

  Inverse Direction: 
1 0 0
0 0 -1
0 -1 0

  PixelContainer: 
    ImportImageContainer (0x514d7f0)
      RTTI typeinfo:   itk::ImportImageContainer<unsigned long, double>
      Reference Count: 1
      Modified Time: 1419
      Debug: Off
      Object Name: 
      Observers: 
        none
      Pointer: 0x7f0073bb0010
      Container manages memory: true
      Size: 16091136
      Capacity: 16091136

     Moving image = Image (0x514bd50)
  RTTI typeinfo:   itk::Image<double, 3u>
  Reference Count: 2
  Modified Time: 1612
  Debug: Off
  Object Name: 
  Observers: 
    none
  Source: (none)
  Source output name: (none)
  Release Data: Off
  Data Released: False
  Global Release Data: Off
  PipelineMTime: 0
  UpdateMTime: 1609
  RealTimeStamp: 0 seconds 
  LargestPossibleRegion: 
    Dimension: 3
    Index: [0, 0, 0]
    Size: [256, 256, 307]
  BufferedRegion: 
    Dimension: 3
    Index: [0, 0, 0]
    Size: [256, 256, 307]
  RequestedRegion: 
    Dimension: 3
    Index: [0, 0, 0]
    Size: [256, 256, 307]
  Spacing: [1, 1, 1]
  Origin: [0, 306, 0]
  Direction: 
1 0 0
0 -0 -1
0 -1 -0

  IndexToPointMatrix: 
1 0 0
0 0 -1
0 -1 0

  PointToIndexMatrix: 
1 0 0
0 0 -1
0 -1 0

  Inverse Direction: 
1 0 0
0 0 -1
0 -1 0

  PixelContainer: 
    ImportImageContainer (0x513cf60)
      RTTI typeinfo:   itk::ImportImageContainer<unsigned long, double>
      Reference Count: 1
      Modified Time: 1606
      Debug: Off
      Object Name: 
      Observers: 
        none
      Pointer: 0x7f006a22f010
      Container manages memory: true
      Size: 20119552
      Capacity: 20119552

     Weighting = 1
     Sampling strategy = regular
     Number of bins = 32
     Radius = 4
     Sampling percentage  = 0.25
   Transform = Rigid
     Gradient step = 0.1
     Update field sigma (voxel space) = 0
     Total field sigma (voxel space) = 0
     Update field time sigma = 0
     Total field time sigma  = 0
     Number of time indices = 0
     Number of time point samples = 0
Stage 2 State
   Image metric = Mattes
     Fixed image = Image (0x5150700)
  RTTI typeinfo:   itk::Image<double, 3u>
  Reference Count: 2
  Modified Time: 1987
  Debug: Off
  Object Name: 
  Observers: 
    none
  Source: (none)
  Source output name: (none)
  Release Data: Off
  Data Released: False
  Global Release Data: Off
  PipelineMTime: 0
  UpdateMTime: 1798
  RealTimeStamp: 0 seconds 
  LargestPossibleRegion: 
    Dimension: 3
    Index: [0, 0, 0]
    Size: [216, 256, 291]
  BufferedRegion: 
    Dimension: 3
    Index: [0, 0, 0]
    Size: [216, 256, 291]
  RequestedRegion: 
    Dimension: 3
    Index: [0, 0, 0]
    Size: [216, 256, 291]
  Spacing: [1, 1, 1]
  Origin: [0, 293, 0]
  Direction: 
1 0 0
0 -0 -1
0 -1 -0

  IndexToPointMatrix: 
1 0 0
0 0 -1
0 -1 0

  PointToIndexMatrix: 
1 0 0
0 0 -1
0 -1 0

  Inverse Direction: 
1 0 0
0 0 -1
0 -1 0

  PixelContainer: 
    ImportImageContainer (0x514c970)
      RTTI typeinfo:   itk::ImportImageContainer<unsigned long, double>
      Reference Count: 1
      Modified Time: 1795
      Debug: Off
      Object Name: 
      Observers: 
        none
      Pointer: 0x7f006276a010
      Container manages memory: true
      Size: 16091136
      Capacity: 16091136

     Moving image = Image (0x515d080)
  RTTI typeinfo:   itk::Image<double, 3u>
  Reference Count: 2
  Modified Time: 1988
  Debug: Off
  Object Name: 
  Observers: 
    none
  Source: (none)
  Source output name: (none)
  Release Data: Off
  Data Released: False
  Global Release Data: Off
  PipelineMTime: 0
  UpdateMTime: 1985
  RealTimeStamp: 0 seconds 
  LargestPossibleRegion: 
    Dimension: 3
    Index: [0, 0, 0]
    Size: [256, 256, 307]
  BufferedRegion: 
    Dimension: 3
    Index: [0, 0, 0]
    Size: [256, 256, 307]
  RequestedRegion: 
    Dimension: 3
    Index: [0, 0, 0]
    Size: [256, 256, 307]
  Spacing: [1, 1, 1]
  Origin: [0, 306, 0]
  Direction: 
1 0 0
0 -0 -1
0 -1 -0

  IndexToPointMatrix: 
1 0 0
0 0 -1
0 -1 0

  PointToIndexMatrix: 
1 0 0
0 0 -1
0 -1 0

  Inverse Direction: 
1 0 0
0 0 -1
0 -1 0

  PixelContainer: 
    ImportImageContainer (0x515ca00)
      RTTI typeinfo:   itk::ImportImageContainer<unsigned long, double>
      Reference Count: 1
      Modified Time: 1982
      Debug: Off
      Object Name: 
      Observers: 
        none
      Pointer: 0x7f0058de9010
      Container manages memory: true
      Size: 20119552
      Capacity: 20119552

     Weighting = 1
     Sampling strategy = regular
     Number of bins = 32
     Radius = 4
     Sampling percentage  = 0.25
   Transform = Affine
     Gradient step = 0.1
     Update field sigma (voxel space) = 0
     Total field sigma (voxel space) = 0
     Update field time sigma = 0
     Total field time sigma  = 0
     Number of time indices = 0
     Number of time point samples = 0
Stage 3 State
   Image metric = Mattes
     Fixed image = Image (0x51629a0)
  RTTI typeinfo:   itk::Image<double, 3u>
  Reference Count: 2
  Modified Time: 2363
  Debug: Off
  Object Name: 
  Observers: 
    none
  Source: (none)
  Source output name: (none)
  Release Data: Off
  Data Released: False
  Global Release Data: Off
  PipelineMTime: 0
  UpdateMTime: 2174
  RealTimeStamp: 0 seconds 
  LargestPossibleRegion: 
    Dimension: 3
    Index: [0, 0, 0]
    Size: [216, 256, 291]
  BufferedRegion: 
    Dimension: 3
    Index: [0, 0, 0]
    Size: [216, 256, 291]
  RequestedRegion: 
    Dimension: 3
    Index: [0, 0, 0]
    Size: [216, 256, 291]
  Spacing: [1, 1, 1]
  Origin: [0, 293, 0]
  Direction: 
1 0 0
0 -0 -1
0 -1 -0

  IndexToPointMatrix: 
1 0 0
0 0 -1
0 -1 0

  PointToIndexMatrix: 
1 0 0
0 0 -1
0 -1 0

  Inverse Direction: 
1 0 0
0 0 -1
0 -1 0

  PixelContainer: 
    ImportImageContainer (0x515b740)
      RTTI typeinfo:   itk::ImportImageContainer<unsigned long, double>
      Reference Count: 1
      Modified Time: 2171
      Debug: Off
      Object Name: 
      Observers: 
        none
      Pointer: 0x7f0051324010
      Container manages memory: true
      Size: 16091136
      Capacity: 16091136

     Moving image = Image (0x5165110)
  RTTI typeinfo:   itk::Image<double, 3u>
  Reference Count: 2
  Modified Time: 2364
  Debug: Off
  Object Name: 
  Observers: 
    none
  Source: (none)
  Source output name: (none)
  Release Data: Off
  Data Released: False
  Global Release Data: Off
  PipelineMTime: 0
  UpdateMTime: 2361
  RealTimeStamp: 0 seconds 
  LargestPossibleRegion: 
    Dimension: 3
    Index: [0, 0, 0]
    Size: [256, 256, 307]
  BufferedRegion: 
    Dimension: 3
    Index: [0, 0, 0]
    Size: [256, 256, 307]
  RequestedRegion: 
    Dimension: 3
    Index: [0, 0, 0]
    Size: [256, 256, 307]
  Spacing: [1, 1, 1]
  Origin: [0, 306, 0]
  Direction: 
1 0 0
0 -0 -1
0 -1 -0

  IndexToPointMatrix: 
1 0 0
0 0 -1
0 -1 0

  PointToIndexMatrix: 
1 0 0
0 0 -1
0 -1 0

  Inverse Direction: 
1 0 0
0 0 -1
0 -1 0

  PixelContainer: 
    ImportImageContainer (0x5162c30)
      RTTI typeinfo:   itk::ImportImageContainer<unsigned long, double>
      Reference Count: 1
      Modified Time: 2358
      Debug: Off
      Object Name: 
      Observers: 
        none
      Pointer: 0x7f00479a3010
      Container manages memory: true
      Size: 20119552
      Capacity: 20119552

     Weighting = 1
     Sampling strategy = none
     Number of bins = 32
     Radius = 4
     Sampling percentage  = 1
   Transform = SyN
     Gradient step = 0.1
     Update field sigma (voxel space) = 3
     Total field sigma (voxel space) = 0
     Update field time sigma = 0
     Total field time sigma  = 0
     Number of time indices = 0
     Number of time point samples = 0
Registration using 3 total stages.

Stage 0
  iterations = 1000x500x250x0
  convergence threshold = 1e-06
  convergence window size = 10
  number of levels = 4
  using the Mattes MI metric (number of bins = 32, weight = 1)
  preprocessing:  winsorizing the image intensities
  Shrink factors (level 1 out of 4): [12, 12, 12]
  Shrink factors (level 2 out of 4): [8, 8, 8]
  Shrink factors (level 3 out of 4): [4, 4, 4]
  Shrink factors (level 4 out of 4): [2, 2, 2]
  smoothing sigmas per level: [4, 3, 2, 1]
  regular sampling (percentage = 0.25)

*** Running Euler3DTransform registration ***

DIAGNOSTIC,Iteration,metricValue,convergenceValue,ITERATION_TIME_INDEX,SINCE_LAST
 2DIAGNOSTIC,     1, -4.835748272821e-01, 1.797693134862e+308, 2.2197e+01, 2.2197e+01, 
 2DIAGNOSTIC,     2, -4.843944689394e-01, 1.797693134862e+308, 2.2208e+01, 1.0683e-02, 
 2DIAGNOSTIC,     3, -4.848121209753e-01, 1.797693134862e+308, 2.2220e+01, 1.1786e-02, 
 2DIAGNOSTIC,     4, -4.850846335413e-01, 1.797693134862e+308, 2.2230e+01, 1.0326e-02, 
 2DIAGNOSTIC,     5, -4.852807411144e-01, 1.797693134862e+308, 2.2242e+01, 1.1757e-02, 
 2DIAGNOSTIC,     6, -4.854996996144e-01, 1.797693134862e+308, 2.2252e+01, 1.0322e-02, 
 2DIAGNOSTIC,     7, -4.853009084904e-01, 1.797693134862e+308, 2.2264e+01, 1.1741e-02, 
 2DIAGNOSTIC,     8, -4.855996245931e-01, 1.797693134862e+308, 2.2274e+01, 1.0335e-02, 
 2DIAGNOSTIC,     9, -4.861630459888e-01, 1.797693134862e+308, 2.2285e+01, 1.0414e-02, 
 2DIAGNOSTIC,    10, -4.870073191096e-01, 3.351129979291e-04, 2.2297e+01, 1.2109e-02, 
 2DIAGNOSTIC,    11, -4.915451435788e-01, 5.315759181413e-04, 2.2315e+01, 1.8430e-02, 
 2DIAGNOSTIC,    12, -4.936293763765e-01, 7.831483063282e-04, 2.2328e+01, 1.2484e-02, 
 2DIAGNOSTIC,    13, -4.941027734629e-01, 9.650510591709e-04, 2.2340e+01, 1.2402e-02, 
 2DIAGNOSTIC,    14, -4.950065384138e-01, 1.084837510885e-03, 2.2352e+01, 1.2389e-02, 
 2DIAGNOSTIC,    15, -4.957511869200e-01, 1.125188674607e-03, 2.2367e+01, 1.4167e-02, 
 2DIAGNOSTIC,    16, -4.961307058592e-01, 1.076631786883e-03, 2.2377e+01, 1.0944e-02, 
 2DIAGNOSTIC,    17, -4.972630810418e-01, 9.658079521876e-04, 2.2389e+01, 1.1060e-02, 
 2DIAGNOSTIC,    18, -4.975588360710e-01, 7.987359463685e-04, 2.2401e+01, 1.2396e-02, 
 2DIAGNOSTIC,    19, -4.976299951213e-01, 5.968070666702e-04, 2.2413e+01, 1.2223e-02, 
 2DIAGNOSTIC,    20, -4.978582388336e-01, 3.884318659773e-04, 2.2425e+01, 1.2077e-02, 
 2DIAGNOSTIC,    21, -4.978731972924e-01, 2.882382366629e-04, 2.2440e+01, 1.5136e-02, 
 2DIAGNOSTIC,    22, -4.978936753187e-01, 2.256592627171e-04, 2.2451e+01, 1.0587e-02, 
 2DIAGNOSTIC,    23, -4.977258689733e-01, 1.548903249377e-04, 2.2462e+01, 1.0750e-02, 
 2DIAGNOSTIC,    24, -4.977450109643e-01, 9.803044901560e-05, 2.2472e+01, 1.0716e-02, 
 2DIAGNOSTIC,    25, -4.978066283329e-01, 5.535817839081e-05, 2.2485e+01, 1.2241e-02, 
 2DIAGNOSTIC,    26, -4.978171361766e-01, 1.884819173711e-05, 2.2500e+01, 1.5315e-02, 
 2DIAGNOSTIC,    27, -4.978231025304e-01, 7.688803621037e-06, 2.2512e+01, 1.2282e-02, 
DIAGNOSTIC,Iteration,metricValue,convergenceValue,ITERATION_TIME_INDEX,SINCE_LAST
 2DIAGNOSTIC,     1, -4.205428065903e-01, 1.797693134862e+308, 3.8703e+01, 1.6191e+01, 
 2DIAGNOSTIC,     2, -4.213090282064e-01, 1.797693134862e+308, 3.8762e+01, 5.8805e-02, 
 2DIAGNOSTIC,     3, -4.220784015190e-01, 1.797693134862e+308, 3.8821e+01, 5.9120e-02, 
 2DIAGNOSTIC,     4, -4.229111244106e-01, 1.797693134862e+308, 3.8880e+01, 5.8597e-02, 
 2DIAGNOSTIC,     5, -4.233691185680e-01, 1.797693134862e+308, 3.8939e+01, 5.8903e-02, 
 2DIAGNOSTIC,     6, -4.236217595071e-01, 1.797693134862e+308, 3.8998e+01, 5.8926e-02, 
 2DIAGNOSTIC,     7, -4.254080858571e-01, 1.797693134862e+308, 3.9079e+01, 8.0974e-02, 
 2DIAGNOSTIC,     8, -4.257811073716e-01, 1.797693134862e+308, 3.9159e+01, 8.0709e-02, 
 2DIAGNOSTIC,     9, -4.259646122508e-01, 1.797693134862e+308, 3.9229e+01, 6.9518e-02, 
 2DIAGNOSTIC,    10, -4.262806941540e-01, 9.162014709103e-04, 3.9288e+01, 5.9198e-02, 
 2DIAGNOSTIC,    11, -4.264977626364e-01, 7.600729941065e-04, 3.9358e+01, 6.9952e-02, 
 2DIAGNOSTIC,    12, -4.265913662555e-01, 6.082120814073e-04, 3.9461e+01, 1.0286e-01, 
 2DIAGNOSTIC,    13, -4.267044090888e-01, 4.694558066104e-04, 3.9520e+01, 5.9313e-02, 
 2DIAGNOSTIC,    14, -4.269677342428e-01, 3.613222174552e-04, 3.9590e+01, 6.9862e-02, 
 2DIAGNOSTIC,    15, -4.271921485515e-01, 2.657458730110e-04, 3.9660e+01, 7.0061e-02, 
 2DIAGNOSTIC,    16, -4.272555554976e-01, 1.691218307946e-04, 3.9730e+01, 6.9903e-02, 
 2DIAGNOSTIC,    17, -4.272867882437e-01, 1.399953564457e-04, 3.9789e+01, 5.8781e-02, 
 2DIAGNOSTIC,    18, -4.273620858421e-01, 1.181016169354e-04, 3.9848e+01, 5.8982e-02, 
 2DIAGNOSTIC,    19, -4.274983848135e-01, 9.859336977244e-05, 3.9939e+01, 9.1236e-02, 
 2DIAGNOSTIC,    20, -4.275158188041e-01, 8.282420053222e-05, 4.0009e+01, 6.9849e-02, 
 2DIAGNOSTIC,    21, -4.275196034004e-01, 6.812879080958e-05, 4.0068e+01, 5.8976e-02, 
 2DIAGNOSTIC,    22, -4.275249624287e-01, 5.170930148645e-05, 4.0127e+01, 5.8927e-02, 
 2DIAGNOSTIC,    23, -4.275306099152e-01, 3.530721249746e-05, 4.0186e+01, 5.8968e-02, 
 2DIAGNOSTIC,    24, -4.274969757204e-01, 2.326929258332e-05, 4.0245e+01, 5.8927e-02, 
 2DIAGNOSTIC,    25, -4.275937239118e-01, 1.871450188679e-05, 4.0304e+01, 5.9165e-02, 
 2DIAGNOSTIC,    26, -4.276148450344e-01, 1.501567283479e-05, 4.0373e+01, 6.9528e-02, 
 2DIAGNOSTIC,    27, -4.277129186424e-01, 1.348006734838e-05, 4.0443e+01, 6.9534e-02, 
 2DIAGNOSTIC,    28, -4.277567547355e-01, 1.362359283062e-05, 4.0512e+01, 6.9473e-02, 
 2DIAGNOSTIC,    29, -4.277168644722e-01, 1.479794513278e-05, 4.0593e+01, 8.0285e-02, 
 2DIAGNOSTIC,    30, -4.277173799602e-01, 1.503629091253e-05, 4.0652e+01, 5.9073e-02, 
 2DIAGNOSTIC,    31, -4.277218023357e-01, 1.408094155672e-05, 4.0722e+01, 6.9766e-02, 
 2DIAGNOSTIC,    32, -4.277660538007e-01, 1.294803220565e-05, 4.0780e+01, 5.8950e-02, 
 2DIAGNOSTIC,    33, -4.277664007621e-01, 1.087808307615e-05, 4.0839e+01, 5.8998e-02, 
 2DIAGNOSTIC,    34, -4.277674420086e-01, 7.353970175556e-06, 4.0898e+01, 5.8900e-02, 
 2DIAGNOSTIC,    35, -4.277682966316e-01, 5.321440305704e-06, 4.0979e+01, 8.0682e-02, 
 2DIAGNOSTIC,    36, -4.278107972128e-01, 4.101787102452e-06, 4.1060e+01, 8.0603e-02, 
 2DIAGNOSTIC,    37, -4.278111480549e-01, 4.348811658898e-06, 4.1129e+01, 6.9691e-02, 
 2DIAGNOSTIC,    38, -4.278117081889e-01, 5.056734366630e-06, 4.1200e+01, 7.0389e-02, 
 2DIAGNOSTIC,    39, -4.278120474252e-01, 4.674848847270e-06, 4.1453e+01, 2.5310e-01, 
 2DIAGNOSTIC,    40, -4.278120474196e-01, 3.956853657307e-06, 4.1707e+01, 2.5403e-01, 
 2DIAGNOSTIC,    41, -4.278120474196e-01, 3.012596278600e-06, 4.1798e+01, 9.1593e-02, 
 2DIAGNOSTIC,    42, -4.278120474196e-01, 2.599679491580e-06, 4.1869e+01, 7.0091e-02, 
 2DIAGNOSTIC,    43, -4.278120474196e-01, 2.045846240570e-06, 4.1939e+01, 7.0022e-02, 
 2DIAGNOSTIC,    44, -4.278120474196e-01, 1.415724287294e-06, 4.2009e+01, 7.0110e-02, 
DIAGNOSTIC,Iteration,metricValue,convergenceValue,ITERATION_TIME_INDEX,SINCE_LAST
 2DIAGNOSTIC,     1, -3.581448260969e-01, 1.797693134862e+308, 5.1578e+01, 9.5695e+00, 
 2DIAGNOSTIC,     2, -3.582781493341e-01, 1.797693134862e+308, 5.2050e+01, 4.7186e-01, 
 2DIAGNOSTIC,     3, -3.583707822689e-01, 1.797693134862e+308, 5.2611e+01, 5.6093e-01, 
 2DIAGNOSTIC,     4, -3.583583987213e-01, 1.797693134862e+308, 5.3175e+01, 5.6404e-01, 
 2DIAGNOSTIC,     5, -3.583795619347e-01, 1.797693134862e+308, 5.3647e+01, 4.7203e-01, 
 2DIAGNOSTIC,     6, -3.583897406092e-01, 1.797693134862e+308, 5.4118e+01, 4.7107e-01, 
 2DIAGNOSTIC,     7, -3.584026076947e-01, 1.797693134862e+308, 5.4589e+01, 4.7128e-01, 
 2DIAGNOSTIC,     8, -3.584163155532e-01, 1.797693134862e+308, 5.5060e+01, 4.7108e-01, 
 2DIAGNOSTIC,     9, -3.584884689533e-01, 1.797693134862e+308, 5.5624e+01, 5.6334e-01, 
 2DIAGNOSTIC,    10, -3.585921847261e-01, 5.753292676723e-05, 5.6187e+01, 5.6366e-01, 
 2DIAGNOSTIC,    11, -3.586503773274e-01, 5.164256825642e-05, 5.6751e+01, 5.6344e-01, 
 2DIAGNOSTIC,    12, -3.586980020402e-01, 5.418710899499e-05, 5.7493e+01, 7.4212e-01, 
 2DIAGNOSTIC,    13, -3.587382000650e-01, 5.986444212960e-05, 5.8051e+01, 5.5755e-01, 
 2DIAGNOSTIC,    14, -3.587356199512e-01, 5.857965623350e-05, 5.8705e+01, 6.5482e-01, 
 2DIAGNOSTIC,    15, -3.587145573027e-01, 5.228842516516e-05, 5.9270e+01, 5.6422e-01, 
 2DIAGNOSTIC,    16, -3.587673265182e-01, 4.533443967517e-05, 5.9831e+01, 5.6181e-01, 
 2DIAGNOSTIC,    17, -3.587778568257e-01, 3.626210101775e-05, 6.0487e+01, 6.5609e-01, 
 2DIAGNOSTIC,    18, -3.587763651981e-01, 2.552767462165e-05, 6.1050e+01, 5.6295e-01, 
 2DIAGNOSTIC,    19, -3.587739090609e-01, 1.660935276378e-05, 6.1613e+01, 5.6237e-01, 
 2DIAGNOSTIC,    20, -3.587753002795e-01, 1.135934688086e-05, 6.2083e+01, 4.7020e-01, 
 2DIAGNOSTIC,    21, -3.587811696140e-01, 8.047141884210e-06, 6.2653e+01, 5.6957e-01, 
 2DIAGNOSTIC,    22, -3.587949882792e-01, 6.564720552778e-06, 6.3132e+01, 4.7915e-01, 
 2DIAGNOSTIC,    23, -3.588051232404e-01, 6.479759022925e-06, 6.3609e+01, 4.7704e-01, 
 2DIAGNOSTIC,    24, -3.588156460843e-01, 6.233570905165e-06, 6.4087e+01, 4.7850e-01, 
 2DIAGNOSTIC,    25, -3.588238979074e-01, 5.095738447994e-06, 6.4562e+01, 4.7521e-01, 
 2DIAGNOSTIC,    26, -3.588405164595e-01, 5.786929264853e-06, 6.5035e+01, 4.7235e-01, 
 2DIAGNOSTIC,    27, -3.589013104156e-01, 8.076929314371e-06, 6.5509e+01, 4.7381e-01, 
 2DIAGNOSTIC,    28, -3.589686734539e-01, 1.137480258890e-05, 6.6079e+01, 5.7033e-01, 
 2DIAGNOSTIC,    29, -3.590696053791e-01, 1.614383307007e-05, 6.7412e+01, 1.3327e+00, 
 2DIAGNOSTIC,    30, -3.590675483909e-01, 1.912369447126e-05, 6.8077e+01, 6.6571e-01, 
 2DIAGNOSTIC,    31, -3.590638735034e-01, 2.030169232358e-05, 6.8645e+01, 5.6713e-01, 
 2DIAGNOSTIC,    32, -3.590684199096e-01, 2.004312860038e-05, 6.9122e+01, 4.7767e-01, 
 2DIAGNOSTIC,    33, -3.590581616049e-01, 1.794540984495e-05, 6.9593e+01, 4.7058e-01, 
 2DIAGNOSTIC,    34, -3.590684293416e-01, 1.482719965466e-05, 7.0164e+01, 5.7119e-01, 
 2DIAGNOSTIC,    35, -3.590567880890e-01, 1.050619176870e-05, 7.0824e+01, 6.6044e-01, 
 2DIAGNOSTIC,    36, -3.590565113008e-01, 5.895765656818e-06, 7.1387e+01, 5.6290e-01, 
 2DIAGNOSTIC,    37, -3.590470688235e-01, 2.141587263887e-06, 7.1962e+01, 5.7431e-01, 
DIAGNOSTIC,Iteration,metricValue,convergenceValue,ITERATION_TIME_INDEX,SINCE_LAST
 2DIAGNOSTIC,     1, -3.103965743021e-01, 1.797693134862e+308, 8.0924e+01, 8.9624e+00, 
  Elapsed time (stage 0): 8.2813e+01


Stage 1
  iterations = 1000x500x250x0
  convergence threshold = 1.0000e-06
  convergence window size = 10
  number of levels = 4
  using the Mattes MI metric (number of bins = 32, weight = 1.0000e+00)
  preprocessing:  winsorizing the image intensities
  Shrink factors (level 1 out of 4): [12, 12, 12]
  Shrink factors (level 2 out of 4): [8, 8, 8]
  Shrink factors (level 3 out of 4): [4, 4, 4]
  Shrink factors (level 4 out of 4): [2, 2, 2]
  smoothing sigmas per level: [4, 3, 2, 1]
  regular sampling (percentage = 2.5000e-01)

*** Running AffineTransform registration ***

DIAGNOSTIC,Iteration,metricValue,convergenceValue,ITERATION_TIME_INDEX,SINCE_LAST
 2DIAGNOSTIC,     1, -4.919173127883e-01, 1.797693134862e+308, 2.2066e+01, 2.2066e+01, 
 2DIAGNOSTIC,     2, -4.925836665008e-01, 1.797693134862e+308, 2.2080e+01, 1.3780e-02, 
 2DIAGNOSTIC,     3, -4.927431620694e-01, 1.797693134862e+308, 2.2093e+01, 1.3558e-02, 
 2DIAGNOSTIC,     4, -4.933219442784e-01, 1.797693134862e+308, 2.2108e+01, 1.5127e-02, 
 2DIAGNOSTIC,     5, -4.934979434479e-01, 1.797693134862e+308, 2.2122e+01, 1.3490e-02, 
 2DIAGNOSTIC,     6, -4.942464567733e-01, 1.797693134862e+308, 2.2137e+01, 1.5113e-02, 
 2DIAGNOSTIC,     7, -4.951520343256e-01, 1.797693134862e+308, 2.2151e+01, 1.3536e-02, 
 2DIAGNOSTIC,     8, -4.959907619145e-01, 1.797693134862e+308, 2.2164e+01, 1.3697e-02, 
 2DIAGNOSTIC,     9, -4.979858374651e-01, 1.797693134862e+308, 2.2178e+01, 1.3979e-02, 
 2DIAGNOSTIC,    10, -5.009994805715e-01, 9.829823581997e-04, 2.2192e+01, 1.4127e-02, 
 2DIAGNOSTIC,    11, -5.038292034450e-01, 1.204208690656e-03, 2.2215e+01, 2.2717e-02, 
 2DIAGNOSTIC,    12, -5.047731850227e-01, 1.355727968840e-03, 2.2229e+01, 1.4113e-02, 
 2DIAGNOSTIC,    13, -5.049868013097e-01, 1.379199614545e-03, 2.2246e+01, 1.7300e-02, 
 2DIAGNOSTIC,    14, -5.053184996443e-01, 1.312340719998e-03, 2.2262e+01, 1.5903e-02, 
 2DIAGNOSTIC,    15, -5.053988223061e-01, 1.142601798000e-03, 2.2276e+01, 1.4106e-02, 
 2DIAGNOSTIC,    16, -5.054462605343e-01, 9.167788273630e-04, 2.2292e+01, 1.5692e-02, 
 2DIAGNOSTIC,    17, -5.056863041316e-01, 6.729757954897e-04, 2.2306e+01, 1.4014e-02, 
 2DIAGNOSTIC,    18, -5.058760562097e-01, 4.275350996000e-04, 2.2322e+01, 1.5620e-02, 
 2DIAGNOSTIC,    19, -5.061615752108e-01, 2.357142161665e-04, 2.2336e+01, 1.3875e-02, 
 2DIAGNOSTIC,    20, -5.065804982018e-01, 1.370875450857e-04, 2.2350e+01, 1.3952e-02, 
 2DIAGNOSTIC,    21, -5.073290840321e-01, 1.314010635417e-04, 2.2363e+01, 1.3801e-02, 
 2DIAGNOSTIC,    22, -5.087169970099e-01, 1.738023256594e-04, 2.2377e+01, 1.4060e-02, 
 2DIAGNOSTIC,    23, -5.117127968223e-01, 2.744959506341e-04, 2.2393e+01, 1.5846e-02, 
 2DIAGNOSTIC,    24, -5.132066383082e-01, 3.826356389038e-04, 2.2412e+01, 1.8848e-02, 
 2DIAGNOSTIC,    25, -5.142237615839e-01, 4.711836570497e-04, 2.2428e+01, 1.5435e-02, 
 2DIAGNOSTIC,    26, -5.142169787792e-01, 5.098946721285e-04, 2.2441e+01, 1.3743e-02, 
 2DIAGNOSTIC,    27, -5.143164586392e-01, 5.049900908260e-04, 2.2455e+01, 1.3943e-02, 
 2DIAGNOSTIC,    28, -5.163048071263e-01, 4.960139313563e-04, 2.2471e+01, 1.5541e-02, 
 2DIAGNOSTIC,    29, -5.170875498556e-01, 4.602348865480e-04, 2.2494e+01, 2.3525e-02, 
 2DIAGNOSTIC,    30, -5.173378087907e-01, 3.965456022746e-04, 2.2510e+01, 1.5359e-02, 
 2DIAGNOSTIC,    31, -5.175537070027e-01, 3.180992603627e-04, 2.2525e+01, 1.5473e-02, 
 2DIAGNOSTIC,    32, -5.174862926003e-01, 2.369680688179e-04, 2.2539e+01, 1.3703e-02, 
 2DIAGNOSTIC,    33, -5.174577954969e-01, 1.880320243382e-04, 2.2555e+01, 1.5671e-02, 
 2DIAGNOSTIC,    34, -5.175833689770e-01, 1.502852868934e-04, 2.2568e+01, 1.3856e-02, 
 2DIAGNOSTIC,    35, -5.177113513504e-01, 1.192573439493e-04, 2.2582e+01, 1.3809e-02, 
 2DIAGNOSTIC,    36, -5.178282490842e-01, 8.087949314946e-05, 2.2596e+01, 1.3935e-02, 
 2DIAGNOSTIC,    37, -5.179520946450e-01, 3.974733893010e-05, 2.2610e+01, 1.3899e-02, 
 2DIAGNOSTIC,    38, -5.189848923109e-01, 4.143008981407e-05, 2.2624e+01, 1.4035e-02, 
 2DIAGNOSTIC,    39, -5.205678864981e-01, 7.262112170037e-05, 2.2638e+01, 1.4174e-02, 
 2DIAGNOSTIC,    40, -5.241823628031e-01, 1.488184294206e-04, 2.2654e+01, 1.6175e-02, 
 2DIAGNOSTIC,    41, -5.262825498851e-01, 2.377095888733e-04, 2.2673e+01, 1.8150e-02, 
 2DIAGNOSTIC,    42, -5.271538029900e-01, 3.103917022877e-04, 2.2688e+01, 1.5545e-02, 
 2DIAGNOSTIC,    43, -5.298558972540e-01, 3.851179884942e-04, 2.2702e+01, 1.3917e-02, 
 2DIAGNOSTIC,    44, -5.297744101549e-01, 4.191921233812e-04, 2.2727e+01, 2.4889e-02, 
 2DIAGNOSTIC,    45, -5.298570386383e-01, 4.141799156728e-04, 2.2742e+01, 1.5288e-02, 
 2DIAGNOSTIC,    46, -5.297898497928e-01, 3.707463926623e-04, 2.2756e+01, 1.3682e-02, 
 2DIAGNOSTIC,    47, -5.295327045927e-01, 2.924622477124e-04, 2.2771e+01, 1.5263e-02, 
 2DIAGNOSTIC,    48, -5.294010915034e-01, 1.999675581299e-04, 2.2787e+01, 1.5481e-02, 
 2DIAGNOSTIC,    49, -5.292715557553e-01, 1.079289347176e-04, 2.2800e+01, 1.3338e-02, 
 2DIAGNOSTIC,    50, -5.289755372102e-01, 4.614559928344e-05, 2.2815e+01, 1.5240e-02, 
 2DIAGNOSTIC,    51, -5.290527361137e-01, 6.313422706801e-06, 2.2829e+01, 1.3634e-02, 
DIAGNOSTIC,Iteration,metricValue,convergenceValue,ITERATION_TIME_INDEX,SINCE_LAST
 2DIAGNOSTIC,     1, -4.566954928574e-01, 1.797693134862e+308, 3.8991e+01, 1.6162e+01, 
 2DIAGNOSTIC,     2, -4.574641691127e-01, 1.797693134862e+308, 3.9059e+01, 6.8761e-02, 
 2DIAGNOSTIC,     3, -4.586927283472e-01, 1.797693134862e+308, 3.9127e+01, 6.7998e-02, 
 2DIAGNOSTIC,     4, -4.600833580643e-01, 1.797693134862e+308, 3.9196e+01, 6.8641e-02, 
 2DIAGNOSTIC,     5, -4.608348953761e-01, 1.797693134862e+308, 3.9263e+01, 6.7431e-02, 
 2DIAGNOSTIC,     6, -4.616839381292e-01, 1.797693134862e+308, 3.9330e+01, 6.6432e-02, 
 2DIAGNOSTIC,     7, -4.630437060399e-01, 1.797693134862e+308, 3.9407e+01, 7.7191e-02, 
 2DIAGNOSTIC,     8, -4.639010897720e-01, 1.797693134862e+308, 3.9531e+01, 1.2348e-01, 
 2DIAGNOSTIC,     9, -4.644146009299e-01, 1.797693134862e+308, 3.9608e+01, 7.7876e-02, 
 2DIAGNOSTIC,    10, -4.644967631418e-01, 1.177444820589e-03, 3.9688e+01, 7.9269e-02, 
 2DIAGNOSTIC,    11, -4.645097561429e-01, 9.443146301580e-04, 3.9765e+01, 7.7603e-02, 
 2DIAGNOSTIC,    12, -4.645111152151e-01, 7.040513218478e-04, 3.9833e+01, 6.7538e-02, 
 2DIAGNOSTIC,    13, -4.645854068020e-01, 4.975662376608e-04, 3.9911e+01, 7.8525e-02, 
 2DIAGNOSTIC,    14, -4.646269754262e-01, 3.385597109331e-04, 3.9979e+01, 6.8113e-02, 
 2DIAGNOSTIC,    15, -4.646114954857e-01, 2.004402070576e-04, 4.0059e+01, 7.9450e-02, 
 2DIAGNOSTIC,    16, -4.646941567524e-01, 9.655942661747e-05, 4.0138e+01, 7.9015e-02, 
 2DIAGNOSTIC,    17, -4.647730459197e-01, 4.755285989577e-05, 4.0217e+01, 7.9081e-02, 
 2DIAGNOSTIC,    18, -4.648131000748e-01, 2.986164286028e-05, 4.0285e+01, 6.7651e-02, 
 2DIAGNOSTIC,    19, -4.648853932919e-01, 3.030942200051e-05, 4.0363e+01, 7.8145e-02, 
 2DIAGNOSTIC,    20, -4.649539068935e-01, 3.268847240780e-05, 4.0441e+01, 7.7703e-02, 
 2DIAGNOSTIC,    21, -4.649129299689e-01, 3.111083285360e-05, 4.0520e+01, 7.9151e-02, 
 2DIAGNOSTIC,    22, -4.649097497768e-01, 2.685020592981e-05, 4.0599e+01, 7.9529e-02, 
 2DIAGNOSTIC,    23, -4.648437586759e-01, 2.079218953693e-05, 4.0667e+01, 6.8097e-02, 
 2DIAGNOSTIC,    24, -4.647797086443e-01, 1.290583865353e-05, 4.0746e+01, 7.9150e-02, 
 2DIAGNOSTIC,    25, -4.647632073077e-01, 3.754958306089e-06, 4.0838e+01, 9.1045e-02, 
DIAGNOSTIC,Iteration,metricValue,convergenceValue,ITERATION_TIME_INDEX,SINCE_LAST
 2DIAGNOSTIC,     1, -3.895710697099e-01, 1.797693134862e+308, 5.0198e+01, 9.3605e+00, 
 2DIAGNOSTIC,     2, -3.899212143936e-01, 1.797693134862e+308, 5.0756e+01, 5.5810e-01, 
 2DIAGNOSTIC,     3, -3.901631721032e-01, 1.797693134862e+308, 5.1413e+01, 6.5658e-01, 
 2DIAGNOSTIC,     4, -3.902438384691e-01, 1.797693134862e+308, 5.2062e+01, 6.4917e-01, 
 2DIAGNOSTIC,     5, -3.902148205249e-01, 1.797693134862e+308, 5.2713e+01, 6.5139e-01, 
 2DIAGNOSTIC,     6, -3.902501243021e-01, 1.797693134862e+308, 5.3364e+01, 6.5052e-01, 
 2DIAGNOSTIC,     7, -3.902685657321e-01, 1.797693134862e+308, 5.4017e+01, 6.5289e-01, 
 2DIAGNOSTIC,     8, -3.902494016956e-01, 1.797693134862e+308, 5.4678e+01, 6.6176e-01, 
 2DIAGNOSTIC,     9, -3.902851708517e-01, 1.797693134862e+308, 5.5822e+01, 1.1439e+00, 
 2DIAGNOSTIC,    10, -3.902813497613e-01, 8.376080984968e-05, 5.6573e+01, 7.5032e-01, 
 2DIAGNOSTIC,    11, -3.902788035628e-01, 3.660221144559e-05, 5.7224e+01, 6.5159e-01, 
 2DIAGNOSTIC,    12, -3.902703774902e-01, 1.465000686213e-05, 5.7878e+01, 6.5327e-01, 
 2DIAGNOSTIC,    13, -3.902622504185e-01, 7.992640167861e-06, 5.8430e+01, 5.5242e-01, 
 2DIAGNOSTIC,    14, -3.902604328384e-01, 5.944191232496e-06, 5.9083e+01, 6.5315e-01, 
 2DIAGNOSTIC,    15, -3.902599653202e-01, 2.336539369902e-06, 5.9733e+01, 6.4947e-01, 
DIAGNOSTIC,Iteration,metricValue,convergenceValue,ITERATION_TIME_INDEX,SINCE_LAST
 2DIAGNOSTIC,     1, -3.365934856723e-01, 1.797693134862e+308, 6.9470e+01, 9.7375e+00, 
  Elapsed time (stage 1): 7.1381e+01


Stage 2
  iterations = 100x100x70x50x0
  convergence threshold = 1.0000e-06
  convergence window size = 10
  number of levels = 5
  using the Mattes MI metric (number of bins = 32, weight = 1.0000e+00)
  preprocessing:  winsorizing the image intensities
  Shrink factors (level 1 out of 5): [10, 10, 10]
  Shrink factors (level 2 out of 5): [6, 6, 6]
  Shrink factors (level 3 out of 5): [4, 4, 4]
  Shrink factors (level 4 out of 5): [2, 2, 2]
  Shrink factors (level 5 out of 5): [1, 1, 1]
  smoothing sigmas per level: [5, 3, 2, 1, 0]
  Using default NONE metricSamplingStrategy 

*** Running SyN registration (varianceForUpdateField = 3.0000e+00, varianceForTotalField = 0.0000e+00) ***

XXDIAGNOSTIC,Iteration,metricValue,convergenceValue,ITERATION_TIME_INDEX,SINCE_LAST
 1DIAGNOSTIC,     1, -5.194201851170e-01, 1.797693134862e+308, 3.5852e+01, 3.5852e+01, 
 1DIAGNOSTIC,     2, -5.390362184524e-01, 1.797693134862e+308, 3.5992e+01, 1.4047e-01, 
 1DIAGNOSTIC,     3, -5.513617986022e-01, 1.797693134862e+308, 3.6130e+01, 1.3790e-01, 
 1DIAGNOSTIC,     4, -5.568306699603e-01, 1.797693134862e+308, 3.6265e+01, 1.3480e-01, 
 1DIAGNOSTIC,     5, -5.564644136138e-01, 1.797693134862e+308, 3.6400e+01, 1.3492e-01, 
 1DIAGNOSTIC,     6, -5.551695509530e-01, 1.797693134862e+308, 3.6535e+01, 1.3475e-01, 
 1DIAGNOSTIC,     7, -5.531073601096e-01, 1.797693134862e+308, 3.6669e+01, 1.3473e-01, 
 1DIAGNOSTIC,     8, -5.527294335330e-01, 1.797693134862e+308, 3.6804e+01, 1.3451e-01, 
 1DIAGNOSTIC,     9, -5.504679217411e-01, 1.797693134862e+308, 3.6938e+01, 1.3446e-01, 
 1DIAGNOSTIC,    10, -5.494783103713e-01, 2.027109086271e-03, 3.7074e+01, 1.3545e-01, 
 1DIAGNOSTIC,    11, -5.476191708870e-01, 2.106739324824e-05, 3.7210e+01, 1.3644e-01, 
 1DIAGNOSTIC,    12, -5.452600871338e-01, -9.182449475037e-04, 3.7346e+01, 1.3564e-01, 
XXDIAGNOSTIC,Iteration,metricValue,convergenceValue,ITERATION_TIME_INDEX,SINCE_LAST
 1DIAGNOSTIC,     1, -4.303095946971e-01, 1.797693134862e+308, 5.3732e+01, 1.6386e+01, 
 1DIAGNOSTIC,     2, -4.331435657827e-01, 1.797693134862e+308, 5.4285e+01, 5.5243e-01, 
 1DIAGNOSTIC,     3, -4.341979695482e-01, 1.797693134862e+308, 5.4840e+01, 5.5495e-01, 
 1DIAGNOSTIC,     4, -4.346837419845e-01, 1.797693134862e+308, 5.5378e+01, 5.3814e-01, 
 1DIAGNOSTIC,     5, -4.340013489808e-01, 1.797693134862e+308, 5.5918e+01, 5.4018e-01, 
 1DIAGNOSTIC,     6, -4.330598731435e-01, 1.797693134862e+308, 5.6461e+01, 5.4337e-01, 
 1DIAGNOSTIC,     7, -4.324181325162e-01, 1.797693134862e+308, 5.7002e+01, 5.4067e-01, 
 1DIAGNOSTIC,     8, -4.315371341468e-01, 1.797693134862e+308, 5.7541e+01, 5.3916e-01, 
 1DIAGNOSTIC,     9, -4.308566763778e-01, 1.797693134862e+308, 5.8081e+01, 5.3976e-01, 
 1DIAGNOSTIC,    10, -4.297272383801e-01, -3.689512553887e-04, 5.8623e+01, 5.4264e-01, 
XXDIAGNOSTIC,Iteration,metricValue,convergenceValue,ITERATION_TIME_INDEX,SINCE_LAST
 1DIAGNOSTIC,     1, -3.656528286607e-01, 1.797693134862e+308, 6.9025e+01, 1.0402e+01, 
 1DIAGNOSTIC,     2, -3.663288484359e-01, 1.797693134862e+308, 7.0800e+01, 1.7751e+00, 
 1DIAGNOSTIC,     3, -3.667225410980e-01, 1.797693134862e+308, 7.2501e+01, 1.7003e+00, 
 1DIAGNOSTIC,     4, -3.669974621873e-01, 1.797693134862e+308, 7.4324e+01, 1.8235e+00, 
 1DIAGNOSTIC,     5, -3.670173841165e-01, 1.797693134862e+308, 7.6072e+01, 1.7476e+00, 
 1DIAGNOSTIC,     6, -3.670279817087e-01, 1.797693134862e+308, 7.7822e+01, 1.7501e+00, 
 1DIAGNOSTIC,     7, -3.668292635282e-01, 1.797693134862e+308, 7.9520e+01, 1.6976e+00, 
 1DIAGNOSTIC,     8, -3.667148060309e-01, 1.797693134862e+308, 8.1280e+01, 1.7608e+00, 
 1DIAGNOSTIC,     9, -3.665694274373e-01, 1.797693134862e+308, 8.2974e+01, 1.6937e+00, 
 1DIAGNOSTIC,    10, -3.662153547957e-01, 5.671469985426e-05, 8.4728e+01, 1.7541e+00, 
 1DIAGNOSTIC,    11, -3.659456028351e-01, -8.880733359801e-05, 8.6428e+01, 1.7000e+00, 
XXDIAGNOSTIC,Iteration,metricValue,convergenceValue,ITERATION_TIME_INDEX,SINCE_LAST
 1DIAGNOSTIC,     1, -3.098460654714e-01, 1.797693134862e+308, 1.0574e+02, 1.9312e+01, 
 1DIAGNOSTIC,     2, -3.107409429463e-01, 1.797693134862e+308, 1.1841e+02, 1.2673e+01, 
 1DIAGNOSTIC,     3, -3.116437680153e-01, 1.797693134862e+308, 1.3155e+02, 1.3135e+01, 
 1DIAGNOSTIC,     4, -3.125640790154e-01, 1.797693134862e+308, 1.4437e+02, 1.2822e+01, 
 1DIAGNOSTIC,     5, -3.132291111888e-01, 1.797693134862e+308, 1.5707e+02, 1.2704e+01, 
 1DIAGNOSTIC,     6, -3.138071183319e-01, 1.797693134862e+308, 1.6972e+02, 1.2641e+01, 
 1DIAGNOSTIC,     7, -3.144509147097e-01, 1.797693134862e+308, 1.8280e+02, 1.3082e+01, 
 1DIAGNOSTIC,     8, -3.151286605877e-01, 1.797693134862e+308, 1.9592e+02, 1.3120e+01, 
 1DIAGNOSTIC,     9, -3.157044648642e-01, 1.797693134862e+308, 2.0920e+02, 1.3283e+01, 
 1DIAGNOSTIC,    10, -3.161828225319e-01, 1.281785161184e-03, 2.2275e+02, 1.3545e+01, 
 1DIAGNOSTIC,    11, -3.166385796788e-01, 1.078879816776e-03, 2.3586e+02, 1.3116e+01, 
 1DIAGNOSTIC,    12, -3.169707171024e-01, 9.048810854189e-04, 2.4939e+02, 1.3532e+01, 
 1DIAGNOSTIC,    13, -3.172607777836e-01, 7.579801497101e-04, 2.6248e+02, 1.3082e+01, 
 1DIAGNOSTIC,    14, -3.174549860665e-01, 6.348125324587e-04, 2.7608e+02, 1.3601e+01, 
 1DIAGNOSTIC,    15, -3.177327223631e-01, 5.268724252583e-04, 2.8956e+02, 1.3481e+01, 
 1DIAGNOSTIC,    16, -3.179814254694e-01, 4.303786407027e-04, 3.0314e+02, 1.3578e+01, 
 1DIAGNOSTIC,    17, -3.182105657721e-01, 3.515150615145e-04, 3.1666e+02, 1.3527e+01, 
 1DIAGNOSTIC,    18, -3.183759018810e-01, 2.909780739841e-04, 3.3043e+02, 1.3766e+01, 
 1DIAGNOSTIC,    19, -3.185541931580e-01, 2.455568051672e-04, 3.4411e+02, 1.3679e+01, 
 1DIAGNOSTIC,    20, -3.187334357775e-01, 2.112260083918e-04, 3.5765e+02, 1.3545e+01, 
 1DIAGNOSTIC,    21, -3.188559277459e-01, 1.850659607054e-04, 3.7118e+02, 1.3528e+01, 
 1DIAGNOSTIC,    22, -3.189824862178e-01, 1.627180769342e-04, 3.8492e+02, 1.3737e+01, 
 1DIAGNOSTIC,    23, -3.190550174782e-01, 1.413610684592e-04, 3.9848e+02, 1.3565e+01, 
 1DIAGNOSTIC,    24, -3.191226974301e-01, 1.183412006347e-04, 4.1203e+02, 1.3551e+01, 
 1DIAGNOSTIC,    25, -3.191662220197e-01, 9.757111402754e-05, 4.2553e+02, 1.3494e+01, 
 1DIAGNOSTIC,    26, -3.192254379607e-01, 7.985569658855e-05, 4.3925e+02, 1.3724e+01, 
 1DIAGNOSTIC,    27, -3.192866009605e-01, 6.562953002721e-05, 4.5305e+02, 1.3796e+01, 
 1DIAGNOSTIC,    28, -3.193185053644e-01, 5.257205501079e-05, 4.6657e+02, 1.3525e+01, 
 1DIAGNOSTIC,    29, -3.193899718721e-01, 4.322236003770e-05, 4.8013e+02, 1.3563e+01, 
 1DIAGNOSTIC,    30, -3.194471052351e-01, 3.750898554271e-05, 4.9373e+02, 1.3591e+01, 
 1DIAGNOSTIC,    31, -3.194930511781e-01, 3.349684624838e-05, 5.0731e+02, 1.3587e+01, 
 1DIAGNOSTIC,    32, -3.195700836457e-01, 3.232815032786e-05, 5.2091e+02, 1.3596e+01, 
 1DIAGNOSTIC,    33, -3.196460346926e-01, 3.223381900429e-05, 5.3447e+02, 1.3565e+01, 
 1DIAGNOSTIC,    34, -3.197115766620e-01, 3.264798655688e-05, 5.4798e+02, 1.3509e+01, 
 1DIAGNOSTIC,    35, -3.197620067713e-01, 3.239191595989e-05, 5.6163e+02, 1.3647e+01, 
 1DIAGNOSTIC,    36, -3.197933626448e-01, 3.138895533956e-05, 5.7517e+02, 1.3536e+01, 
 1DIAGNOSTIC,    37, -3.198307004072e-01, 2.992052282849e-05, 5.8876e+02, 1.3594e+01, 
 1DIAGNOSTIC,    38, -3.198820856304e-01, 2.767182301827e-05, 6.0229e+02, 1.3527e+01, 
 1DIAGNOSTIC,    39, -3.198939813365e-01, 2.485252104673e-05, 6.1582e+02, 1.3537e+01, 
 1DIAGNOSTIC,    40, -3.199312930865e-01, 2.200893873975e-05, 6.2941e+02, 1.3587e+01, 
 1DIAGNOSTIC,    41, -3.199626211752e-01, 1.894275318916e-05, 6.4294e+02, 1.3530e+01, 
 1DIAGNOSTIC,    42, -3.199639554155e-01, 1.592188584316e-05, 6.5648e+02, 1.3539e+01, 
 1DIAGNOSTIC,    43, -3.199839969546e-01, 1.357361119911e-05, 6.7015e+02, 1.3670e+01, 
 1DIAGNOSTIC,    44, -3.200362176485e-01, 1.247949758372e-05, 6.8374e+02, 1.3593e+01, 
 1DIAGNOSTIC,    45, -3.200534835574e-01, 1.162352309905e-05, 6.9727e+02, 1.3522e+01, 
 1DIAGNOSTIC,    46, -3.200839059294e-01, 1.095280274594e-05, 7.1086e+02, 1.3591e+01, 
 1DIAGNOSTIC,    47, -3.201027305764e-01, 1.038315889617e-05, 7.2439e+02, 1.3529e+01, 
 1DIAGNOSTIC,    48, -3.201223171380e-01, 1.023358523490e-05, 7.3798e+02, 1.3591e+01, 
 1DIAGNOSTIC,    49, -3.201213816017e-01, 9.345676601380e-06, 7.5148e+02, 1.3508e+01, 
 1DIAGNOSTIC,    50, -3.201434473848e-01, 8.711158887786e-06, 7.6523e+02, 1.3750e+01, 
  Elapsed time (stage 2): 786.2


Total elapsed time: 940.5

--- Writing output images ---

Using double precision for computations.
Input scalar image: data/Segmentations/1101_3_seg.nii.gz
Reference image: data/template/T_template0_BrainCerebellum.nii.gz
=============================================================================
The composite transform comprises the following transforms (in order): 
  1. /tmp/1993642.1.basic.q/1101_ToTemplate_014_0GenericAffine.mat (type = AffineTransform)
  2. /tmp/1993642.1.basic.q/1101_ToTemplate_014_1Warp.nii.gz (type = DisplacementFieldTransform)
=============================================================================
Default pixel value: 0
Interpolation type: LabelImageGenericInterpolateImageFunction
Output warped image: output/1101/1101_WarpedLabels_014.nii.gz

--- Done ---

