
--- Running on compute-1-6.local ---


--- registration call ---
/data/jet/pcook/bin/antsBuild/bin/antsRegistrationSyNQuick.sh -d 3 -f data/template/T_template0_BrainCerebellum.nii.gz -m data/Brains/1002_3.nii.gz -t s -p f -n 1 -o /tmp/1978805.1.basic.q/1002_ToTemplate_003_
---


--------------------------------------------------------------------------------------
 Mapping parameters
--------------------------------------------------------------------------------------
 ANTSPATH is /data/jet/pcook/bin/antsBuild/bin/

 Dimensionality:           3
 Output name prefix:       /tmp/1978805.1.basic.q/1002_ToTemplate_003_
 Fixed images:             data/template/T_template0_BrainCerebellum.nii.gz
 Moving images:            data/Brains/1002_3.nii.gz
 Mask images:              
 Initial transforms:       
 Number of threads:        1
 Spline distance:          26
 Transform type:           s
 MI histogram bins:        32
 Precision:                f
 Use histogram matching    0
======================================================================================
 antsRegistration call:
--------------------------------------------------------------------------------------
/data/jet/pcook/bin/antsBuild/bin//antsRegistration --verbose 1 --dimensionality 3 --float 1 --collapse-output-transforms 1 --output [/tmp/1978805.1.basic.q/1002_ToTemplate_003_,/tmp/1978805.1.basic.q/1002_ToTemplate_003_Warped.nii.gz,/tmp/1978805.1.basic.q/1002_ToTemplate_003_InverseWarped.nii.gz] --interpolation Linear --use-histogram-matching 0 --winsorize-image-intensities [0.005,0.995] --initial-moving-transform [data/template/T_template0_BrainCerebellum.nii.gz,data/Brains/1002_3.nii.gz,1] --transform Rigid[0.1] --metric MI[data/template/T_template0_BrainCerebellum.nii.gz,data/Brains/1002_3.nii.gz,1,32,Regular,0.25] --convergence [1000x500x250x0,1e-6,10] --shrink-factors 12x8x4x2 --smoothing-sigmas 4x3x2x1vox --transform Affine[0.1] --metric MI[data/template/T_template0_BrainCerebellum.nii.gz,data/Brains/1002_3.nii.gz,1,32,Regular,0.25] --convergence [1000x500x250x0,1e-6,10] --shrink-factors 12x8x4x2 --smoothing-sigmas 4x3x2x1vox --transform SyN[0.1,3,0] --metric MI[data/template/T_template0_BrainCerebellum.nii.gz,data/Brains/1002_3.nii.gz,1,32] --convergence [100x100x70x50x0,1e-6,10] --shrink-factors 10x6x4x2x1 --smoothing-sigmas 5x3x2x1x0vox
--------------------------------------------------------------------------------------
All_Command_lines_OK
Using single precision for computations.
=============================================================================
The composite transform comprises the following transforms (in order): 
  1. Center of mass alignment using fixed image: data/template/T_template0_BrainCerebellum.nii.gz and moving image: data/Brains/1002_3.nii.gz (type = Euler3DTransform)
=============================================================================
  number of levels = 4
  number of levels = 4
  number of levels = 5
  fixed image: data/template/T_template0_BrainCerebellum.nii.gz
  moving image: data/Brains/1002_3.nii.gz
  fixed image: data/template/T_template0_BrainCerebellum.nii.gz
  moving image: data/Brains/1002_3.nii.gz
  fixed image: data/template/T_template0_BrainCerebellum.nii.gz
  moving image: data/Brains/1002_3.nii.gz
Dimension = 3
Number of stages = 3
Use Histogram Matching false
Winsorize image intensities true
Lower quantile = 0.005
Upper quantile = 0.995
Stage 1 State
   Image metric = Mattes
     Fixed image = Image (0x3a9d440)
  RTTI typeinfo:   itk::Image<float, 3u>
  Reference Count: 2
  Modified Time: 1611
  Debug: Off
  Object Name: 
  Observers: 
    none
  Source: (none)
  Source output name: (none)
  Release Data: Off
  Data Released: False
  Global Release Data: Off
  PipelineMTime: 0
  UpdateMTime: 1422
  RealTimeStamp: 0 seconds 
  LargestPossibleRegion: 
    Dimension: 3
    Index: [0, 0, 0]
    Size: [216, 256, 291]
  BufferedRegion: 
    Dimension: 3
    Index: [0, 0, 0]
    Size: [216, 256, 291]
  RequestedRegion: 
    Dimension: 3
    Index: [0, 0, 0]
    Size: [216, 256, 291]
  Spacing: [1, 1, 1]
  Origin: [0, 293, 0]
  Direction: 
1 0 0
0 -0 -1
0 -1 -0

  IndexToPointMatrix: 
1 0 0
0 0 -1
0 -1 0

  PointToIndexMatrix: 
1 0 0
0 0 -1
0 -1 0

  Inverse Direction: 
1 0 0
0 0 -1
0 -1 0

  PixelContainer: 
    ImportImageContainer (0x3a83120)
      RTTI typeinfo:   itk::ImportImageContainer<unsigned long, float>
      Reference Count: 1
      Modified Time: 1419
      Debug: Off
      Object Name: 
      Observers: 
        none
      Pointer: 0x7f0b6b605010
      Container manages memory: true
      Size: 16091136
      Capacity: 16091136

     Moving image = Image (0x3a9de80)
  RTTI typeinfo:   itk::Image<float, 3u>
  Reference Count: 2
  Modified Time: 1612
  Debug: Off
  Object Name: 
  Observers: 
    none
  Source: (none)
  Source output name: (none)
  Release Data: Off
  Data Released: False
  Global Release Data: Off
  PipelineMTime: 0
  UpdateMTime: 1609
  RealTimeStamp: 0 seconds 
  LargestPossibleRegion: 
    Dimension: 3
    Index: [0, 0, 0]
    Size: [256, 256, 277]
  BufferedRegion: 
    Dimension: 3
    Index: [0, 0, 0]
    Size: [256, 256, 277]
  RequestedRegion: 
    Dimension: 3
    Index: [0, 0, 0]
    Size: [256, 256, 277]
  Spacing: [1, 1, 1]
  Origin: [0, 276, 0]
  Direction: 
1 0 0
0 -0 -1
0 -1 -0

  IndexToPointMatrix: 
1 0 0
0 0 -1
0 -1 0

  PointToIndexMatrix: 
1 0 0
0 0 -1
0 -1 0

  Inverse Direction: 
1 0 0
0 0 -1
0 -1 0

  PixelContainer: 
    ImportImageContainer (0x3aa02d0)
      RTTI typeinfo:   itk::ImportImageContainer<unsigned long, float>
      Reference Count: 1
      Modified Time: 1606
      Debug: Off
      Object Name: 
      Observers: 
        none
      Pointer: 0x7f0b670c4010
      Container manages memory: true
      Size: 18153472
      Capacity: 18153472

     Weighting = 1
     Sampling strategy = regular
     Number of bins = 32
     Radius = 4
     Sampling percentage  = 0.25
   Transform = Rigid
     Gradient step = 0.1
     Update field sigma (voxel space) = 0
     Total field sigma (voxel space) = 0
     Update field time sigma = 0
     Total field time sigma  = 0
     Number of time indices = 0
     Number of time point samples = 0
Stage 2 State
   Image metric = Mattes
     Fixed image = Image (0x3aa86e0)
  RTTI typeinfo:   itk::Image<float, 3u>
  Reference Count: 2
  Modified Time: 1987
  Debug: Off
  Object Name: 
  Observers: 
    none
  Source: (none)
  Source output name: (none)
  Release Data: Off
  Data Released: False
  Global Release Data: Off
  PipelineMTime: 0
  UpdateMTime: 1798
  RealTimeStamp: 0 seconds 
  LargestPossibleRegion: 
    Dimension: 3
    Index: [0, 0, 0]
    Size: [216, 256, 291]
  BufferedRegion: 
    Dimension: 3
    Index: [0, 0, 0]
    Size: [216, 256, 291]
  RequestedRegion: 
    Dimension: 3
    Index: [0, 0, 0]
    Size: [216, 256, 291]
  Spacing: [1, 1, 1]
  Origin: [0, 293, 0]
  Direction: 
1 0 0
0 -0 -1
0 -1 -0

  IndexToPointMatrix: 
1 0 0
0 0 -1
0 -1 0

  PointToIndexMatrix: 
1 0 0
0 0 -1
0 -1 0

  Inverse Direction: 
1 0 0
0 0 -1
0 -1 0

  PixelContainer: 
    ImportImageContainer (0x3aa8f80)
      RTTI typeinfo:   itk::ImportImageContainer<unsigned long, float>
      Reference Count: 1
      Modified Time: 1795
      Debug: Off
      Object Name: 
      Observers: 
        none
      Pointer: 0x7f0b63361010
      Container manages memory: true
      Size: 16091136
      Capacity: 16091136

     Moving image = Image (0x3aa8a70)
  RTTI typeinfo:   itk::Image<float, 3u>
  Reference Count: 2
  Modified Time: 1988
  Debug: Off
  Object Name: 
  Observers: 
    none
  Source: (none)
  Source output name: (none)
  Release Data: Off
  Data Released: False
  Global Release Data: Off
  PipelineMTime: 0
  UpdateMTime: 1985
  RealTimeStamp: 0 seconds 
  LargestPossibleRegion: 
    Dimension: 3
    Index: [0, 0, 0]
    Size: [256, 256, 277]
  BufferedRegion: 
    Dimension: 3
    Index: [0, 0, 0]
    Size: [256, 256, 277]
  RequestedRegion: 
    Dimension: 3
    Index: [0, 0, 0]
    Size: [256, 256, 277]
  Spacing: [1, 1, 1]
  Origin: [0, 276, 0]
  Direction: 
1 0 0
0 -0 -1
0 -1 -0

  IndexToPointMatrix: 
1 0 0
0 0 -1
0 -1 0

  PointToIndexMatrix: 
1 0 0
0 0 -1
0 -1 0

  Inverse Direction: 
1 0 0
0 0 -1
0 -1 0

  PixelContainer: 
    ImportImageContainer (0x3aa9970)
      RTTI typeinfo:   itk::ImportImageContainer<unsigned long, float>
      Reference Count: 1
      Modified Time: 1982
      Debug: Off
      Object Name: 
      Observers: 
        none
      Pointer: 0x7f0b5ee20010
      Container manages memory: true
      Size: 18153472
      Capacity: 18153472

     Weighting = 1
     Sampling strategy = regular
     Number of bins = 32
     Radius = 4
     Sampling percentage  = 0.25
   Transform = Affine
     Gradient step = 0.1
     Update field sigma (voxel space) = 0
     Total field sigma (voxel space) = 0
     Update field time sigma = 0
     Total field time sigma  = 0
     Number of time indices = 0
     Number of time point samples = 0
Stage 3 State
   Image metric = Mattes
     Fixed image = Image (0x3aaf7d0)
  RTTI typeinfo:   itk::Image<float, 3u>
  Reference Count: 2
  Modified Time: 2363
  Debug: Off
  Object Name: 
  Observers: 
    none
  Source: (none)
  Source output name: (none)
  Release Data: Off
  Data Released: False
  Global Release Data: Off
  PipelineMTime: 0
  UpdateMTime: 2174
  RealTimeStamp: 0 seconds 
  LargestPossibleRegion: 
    Dimension: 3
    Index: [0, 0, 0]
    Size: [216, 256, 291]
  BufferedRegion: 
    Dimension: 3
    Index: [0, 0, 0]
    Size: [216, 256, 291]
  RequestedRegion: 
    Dimension: 3
    Index: [0, 0, 0]
    Size: [216, 256, 291]
  Spacing: [1, 1, 1]
  Origin: [0, 293, 0]
  Direction: 
1 0 0
0 -0 -1
0 -1 -0

  IndexToPointMatrix: 
1 0 0
0 0 -1
0 -1 0

  PointToIndexMatrix: 
1 0 0
0 0 -1
0 -1 0

  Inverse Direction: 
1 0 0
0 0 -1
0 -1 0

  PixelContainer: 
    ImportImageContainer (0x3aafa60)
      RTTI typeinfo:   itk::ImportImageContainer<unsigned long, float>
      Reference Count: 1
      Modified Time: 2171
      Debug: Off
      Object Name: 
      Observers: 
        none
      Pointer: 0x7f0b5b0bd010
      Container manages memory: true
      Size: 16091136
      Capacity: 16091136

     Moving image = Image (0x3ab21d0)
  RTTI typeinfo:   itk::Image<float, 3u>
  Reference Count: 2
  Modified Time: 2364
  Debug: Off
  Object Name: 
  Observers: 
    none
  Source: (none)
  Source output name: (none)
  Release Data: Off
  Data Released: False
  Global Release Data: Off
  PipelineMTime: 0
  UpdateMTime: 2361
  RealTimeStamp: 0 seconds 
  LargestPossibleRegion: 
    Dimension: 3
    Index: [0, 0, 0]
    Size: [256, 256, 277]
  BufferedRegion: 
    Dimension: 3
    Index: [0, 0, 0]
    Size: [256, 256, 277]
  RequestedRegion: 
    Dimension: 3
    Index: [0, 0, 0]
    Size: [256, 256, 277]
  Spacing: [1, 1, 1]
  Origin: [0, 276, 0]
  Direction: 
1 0 0
0 -0 -1
0 -1 -0

  IndexToPointMatrix: 
1 0 0
0 0 -1
0 -1 0

  PointToIndexMatrix: 
1 0 0
0 0 -1
0 -1 0

  Inverse Direction: 
1 0 0
0 0 -1
0 -1 0

  PixelContainer: 
    ImportImageContainer (0x3aafac0)
      RTTI typeinfo:   itk::ImportImageContainer<unsigned long, float>
      Reference Count: 1
      Modified Time: 2358
      Debug: Off
      Object Name: 
      Observers: 
        none
      Pointer: 0x7f0b56b7c010
      Container manages memory: true
      Size: 18153472
      Capacity: 18153472

     Weighting = 1
     Sampling strategy = none
     Number of bins = 32
     Radius = 4
     Sampling percentage  = 1
   Transform = SyN
     Gradient step = 0.1
     Update field sigma (voxel space) = 3
     Total field sigma (voxel space) = 0
     Update field time sigma = 0
     Total field time sigma  = 0
     Number of time indices = 0
     Number of time point samples = 0
Registration using 3 total stages.

Stage 0
  iterations = 1000x500x250x0
  convergence threshold = 1e-06
  convergence window size = 10
  number of levels = 4
  using the Mattes MI metric (number of bins = 32, weight = 1)
  preprocessing:  winsorizing the image intensities
  Shrink factors (level 1 out of 4): [12, 12, 12]
  Shrink factors (level 2 out of 4): [8, 8, 8]
  Shrink factors (level 3 out of 4): [4, 4, 4]
  Shrink factors (level 4 out of 4): [2, 2, 2]
  smoothing sigmas per level: [4, 3, 2, 1]
  regular sampling (percentage = 0.25)

*** Running Euler3DTransform registration ***

DIAGNOSTIC,Iteration,metricValue,convergenceValue,ITERATION_TIME_INDEX,SINCE_LAST
 2DIAGNOSTIC,     1, -5.884494185448e-01, inf, 1.7990e+01, 1.7990e+01, 
 2DIAGNOSTIC,     2, -5.897181034088e-01, inf, 1.7999e+01, 8.8449e-03, 
 2DIAGNOSTIC,     3, -5.900914072990e-01, inf, 1.8008e+01, 8.6868e-03, 
 2DIAGNOSTIC,     4, -5.904437899590e-01, inf, 1.8022e+01, 1.3621e-02, 
 2DIAGNOSTIC,     5, -5.909631848335e-01, inf, 1.8033e+01, 1.1746e-02, 
 2DIAGNOSTIC,     6, -5.912266373634e-01, inf, 1.8043e+01, 9.9740e-03, 
 2DIAGNOSTIC,     7, -5.918426513672e-01, inf, 1.8055e+01, 1.1574e-02, 
 2DIAGNOSTIC,     8, -5.928431749344e-01, inf, 1.8065e+01, 1.0027e-02, 
 2DIAGNOSTIC,     9, -5.954334139824e-01, inf, 1.8079e+01, 1.3897e-02, 
 2DIAGNOSTIC,    10, -5.983113050461e-01, 8.426137501374e-04, 1.8093e+01, 1.4119e-02, 
 2DIAGNOSTIC,    11, -5.988177657127e-01, 9.082337492146e-04, 1.8105e+01, 1.2373e-02, 
 2DIAGNOSTIC,    12, -5.993112325668e-01, 9.539785096422e-04, 1.8116e+01, 1.0732e-02, 
 2DIAGNOSTIC,    13, -6.025351285934e-01, 1.039222115651e-03, 1.8127e+01, 1.0642e-02, 
 2DIAGNOSTIC,    14, -6.052511334419e-01, 1.117759034969e-03, 1.8137e+01, 1.0611e-02, 
 2DIAGNOSTIC,    15, -6.058157682419e-01, 1.115984050557e-03, 1.8148e+01, 1.0644e-02, 
 2DIAGNOSTIC,    16, -6.065785288811e-01, 1.045422744937e-03, 1.8159e+01, 1.0780e-02, 
 2DIAGNOSTIC,    17, -6.074787378311e-01, 9.313172195107e-04, 1.8173e+01, 1.4265e-02, 
 2DIAGNOSTIC,    18, -6.087960004807e-01, 8.027143194340e-04, 1.8213e+01, 3.9558e-02, 
 2DIAGNOSTIC,    19, -6.087952256203e-01, 6.749443127774e-04, 1.8225e+01, 1.2277e-02, 
 2DIAGNOSTIC,    20, -6.087960600853e-01, 5.672412225977e-04, 1.8237e+01, 1.1982e-02, 
 2DIAGNOSTIC,    21, -6.087961792946e-01, 4.303859022912e-04, 1.8247e+01, 9.7449e-03, 
 2DIAGNOSTIC,    22, -6.087962985039e-01, 2.752052387223e-04, 1.8258e+01, 1.0995e-02, 
 2DIAGNOSTIC,    23, -6.087965369225e-01, 1.728003553580e-04, 1.8267e+01, 9.4259e-03, 
 2DIAGNOSTIC,    24, -6.087966561317e-01, 1.166304136859e-04, 1.8278e+01, 1.0940e-02, 
 2DIAGNOSTIC,    25, -6.087978482246e-01, 6.510345701827e-05, 1.8287e+01, 9.4759e-03, 
 2DIAGNOSTIC,    26, -6.087985634804e-01, 2.529954690544e-05, 1.8297e+01, 9.4092e-03, 
 2DIAGNOSTIC,    27, -6.088005304337e-01, 1.349912736259e-06, 1.8306e+01, 9.4080e-03, 
 2DIAGNOSTIC,    28, -6.088034510612e-01, 1.395352910549e-06, 1.8316e+01, 9.3791e-03, 
 2DIAGNOSTIC,    29, -6.088087558746e-01, 1.486980977461e-06, 1.8325e+01, 9.5150e-03, 
 2DIAGNOSTIC,    30, -6.088172793388e-01, 1.682375113887e-06, 1.8335e+01, 9.7780e-03, 
 2DIAGNOSTIC,    31, -6.088320612907e-01, 2.031791609625e-06, 1.8344e+01, 9.4450e-03, 
 2DIAGNOSTIC,    32, -6.088547706604e-01, 2.597566890472e-06, 1.8354e+01, 9.3901e-03, 
 2DIAGNOSTIC,    33, -6.088928580284e-01, 3.519853862599e-06, 1.8363e+01, 9.3858e-03, 
 2DIAGNOSTIC,    34, -6.089544892311e-01, 4.992251888325e-06, 1.8372e+01, 9.3760e-03, 
 2DIAGNOSTIC,    35, -6.090382933617e-01, 7.124960575311e-06, 1.8383e+01, 1.0943e-02, 
 2DIAGNOSTIC,    36, -6.090828776360e-01, 9.123333256866e-06, 1.8393e+01, 9.3858e-03, 
 2DIAGNOSTIC,    37, -6.088736653328e-01, 7.594509497721e-06, 1.8402e+01, 9.3911e-03, 
 2DIAGNOSTIC,    38, -6.086816787720e-01, 3.251392399761e-06, 1.8412e+01, 9.3811e-03, 
DIAGNOSTIC,Iteration,metricValue,convergenceValue,ITERATION_TIME_INDEX,SINCE_LAST
 2DIAGNOSTIC,     1, -5.155753493309e-01, inf, 3.2371e+01, 1.3960e+01, 
 2DIAGNOSTIC,     2, -5.165273547173e-01, inf, 3.2418e+01, 4.6356e-02, 
 2DIAGNOSTIC,     3, -5.178197026253e-01, inf, 3.2464e+01, 4.6286e-02, 
 2DIAGNOSTIC,     4, -5.187310576439e-01, inf, 3.2518e+01, 5.4331e-02, 
 2DIAGNOSTIC,     5, -5.190758109093e-01, inf, 3.2572e+01, 5.3629e-02, 
 2DIAGNOSTIC,     6, -5.191378593445e-01, inf, 3.2618e+01, 4.5865e-02, 
 2DIAGNOSTIC,     7, -5.191378593445e-01, inf, 3.2673e+01, 5.5233e-02, 
 2DIAGNOSTIC,     8, -5.196413993835e-01, inf, 3.2719e+01, 4.5998e-02, 
 2DIAGNOSTIC,     9, -5.197886824608e-01, inf, 3.2774e+01, 5.4603e-02, 
 2DIAGNOSTIC,    10, -5.203553438187e-01, 5.023684934713e-04, 3.2820e+01, 4.6436e-02, 
 2DIAGNOSTIC,    11, -5.208633542061e-01, 3.792895295192e-04, 3.2919e+01, 9.9192e-02, 
 2DIAGNOSTIC,    12, -5.208185911179e-01, 2.831957535818e-04, 3.2978e+01, 5.9044e-02, 
 2DIAGNOSTIC,    13, -5.207964181900e-01, 2.295435115229e-04, 3.3038e+01, 5.9563e-02, 
 2DIAGNOSTIC,    14, -5.208538174629e-01, 2.005486021517e-04, 3.3084e+01, 4.6304e-02, 
 2DIAGNOSTIC,    15, -5.208842754364e-01, 1.707222691039e-04, 3.3139e+01, 5.5057e-02, 
 2DIAGNOSTIC,    16, -5.210327506065e-01, 1.362849434372e-04, 3.3186e+01, 4.6180e-02, 
 2DIAGNOSTIC,    17, -5.211709141731e-01, 9.775489888852e-05, 3.3232e+01, 4.6115e-02, 
 2DIAGNOSTIC,    18, -5.215132832527e-01, 8.065343718044e-05, 3.3287e+01, 5.4864e-02, 
 2DIAGNOSTIC,    19, -5.216771364212e-01, 6.649774149992e-05, 3.3341e+01, 5.4747e-02, 
 2DIAGNOSTIC,    20, -5.219237804413e-01, 6.955880235182e-05, 3.3406e+01, 6.4745e-02, 
 2DIAGNOSTIC,    21, -5.220898985863e-01, 8.352436998393e-05, 3.3479e+01, 7.3338e-02, 
 2DIAGNOSTIC,    22, -5.218930840492e-01, 8.252460247604e-05, 3.3534e+01, 5.4551e-02, 
 2DIAGNOSTIC,    23, -5.219067931175e-01, 7.396633009193e-05, 3.3579e+01, 4.5217e-02, 
 2DIAGNOSTIC,    24, -5.219300389290e-01, 6.111426773714e-05, 3.3634e+01, 5.4981e-02, 
 2DIAGNOSTIC,    25, -5.220137834549e-01, 4.604178684531e-05, 3.3680e+01, 4.6104e-02, 
 2DIAGNOSTIC,    26, -5.220413804054e-01, 3.157849278068e-05, 3.3726e+01, 4.6085e-02, 
 2DIAGNOSTIC,    27, -5.220576524734e-01, 1.844335565693e-05, 3.3781e+01, 5.4801e-02, 
 2DIAGNOSTIC,    28, -5.221751332283e-01, 1.364061245113e-05, 3.3852e+01, 7.0606e-02, 
 2DIAGNOSTIC,    29, -5.220218896866e-01, 7.968303179950e-06, 3.3902e+01, 5.0128e-02, 
 2DIAGNOSTIC,    30, -5.220278501511e-01, 6.578103693755e-06, 3.3962e+01, 6.0281e-02, 
 2DIAGNOSTIC,    31, -5.221613645554e-01, 1.012446773530e-05, 3.4022e+01, 5.9681e-02, 
 2DIAGNOSTIC,    32, -5.222678184509e-01, 1.094614253816e-05, 3.4102e+01, 8.0519e-02, 
 2DIAGNOSTIC,    33, -5.223189592361e-01, 1.181349125545e-05, 3.4163e+01, 6.0462e-02, 
 2DIAGNOSTIC,    34, -5.223290920258e-01, 1.217284898303e-05, 3.4214e+01, 5.1162e-02, 
 2DIAGNOSTIC,    35, -5.222672820091e-01, 1.183856329590e-05, 3.4264e+01, 5.0275e-02, 
 2DIAGNOSTIC,    36, -5.223343968391e-01, 1.189652721223e-05, 3.4314e+01, 4.9632e-02, 
 2DIAGNOSTIC,    37, -5.223383307457e-01, 1.105243973143e-05, 3.4374e+01, 6.0175e-02, 
 2DIAGNOSTIC,    38, -5.224061608315e-01, 1.201511167892e-05, 3.4425e+01, 5.0733e-02, 
 2DIAGNOSTIC,    39, -5.223452448845e-01, 8.899077329261e-06, 3.4485e+01, 6.0600e-02, 
 2DIAGNOSTIC,    40, -5.222856998444e-01, 4.460554919206e-06, 3.4546e+01, 6.0731e-02, 
 2DIAGNOSTIC,    41, -5.225117802620e-01, 4.658581929107e-06, 3.4637e+01, 9.1123e-02, 
 2DIAGNOSTIC,    42, -5.222853422165e-01, 2.774464292088e-06, 3.4708e+01, 7.0401e-02, 
 2DIAGNOSTIC,    43, -5.222880840302e-01, 1.562395937071e-06, 3.4768e+01, 5.9939e-02, 
DIAGNOSTIC,Iteration,metricValue,convergenceValue,ITERATION_TIME_INDEX,SINCE_LAST
 2DIAGNOSTIC,     1, -4.426746964455e-01, inf, 4.3417e+01, 8.6499e+00, 
 2DIAGNOSTIC,     2, -4.432499706745e-01, inf, 4.3802e+01, 3.8481e-01, 
 2DIAGNOSTIC,     3, -4.435503482819e-01, inf, 4.4186e+01, 3.8409e-01, 
 2DIAGNOSTIC,     4, -4.436008334160e-01, inf, 4.4649e+01, 4.6273e-01, 
 2DIAGNOSTIC,     5, -4.436306953430e-01, inf, 4.5035e+01, 3.8631e-01, 
 2DIAGNOSTIC,     6, -4.436875581741e-01, inf, 4.5423e+01, 3.8810e-01, 
 2DIAGNOSTIC,     7, -4.437447190285e-01, inf, 4.5975e+01, 5.5140e-01, 
 2DIAGNOSTIC,     8, -4.437592029572e-01, inf, 4.6362e+01, 3.8738e-01, 
 2DIAGNOSTIC,     9, -4.437948763371e-01, inf, 4.7073e+01, 7.1069e-01, 
 2DIAGNOSTIC,    10, -4.437918365002e-01, 1.195673248731e-04, 4.7543e+01, 4.6990e-01, 
 2DIAGNOSTIC,    11, -4.438014626503e-01, 5.928502287134e-05, 4.7936e+01, 3.9368e-01, 
 2DIAGNOSTIC,    12, -4.437985420227e-01, 3.410473800614e-05, 4.8325e+01, 3.8816e-01, 
 2DIAGNOSTIC,    13, -4.438504278660e-01, 2.729077459662e-05, 4.8795e+01, 4.7082e-01, 
 2DIAGNOSTIC,    14, -4.438554346561e-01, 2.167673846998e-05, 4.9185e+01, 3.8997e-01, 
 2DIAGNOSTIC,    15, -4.438680112362e-01, 1.683598929958e-05, 4.9655e+01, 4.6995e-01, 
 2DIAGNOSTIC,    16, -4.438666105270e-01, 1.345285090792e-05, 5.0046e+01, 3.9100e-01, 
 2DIAGNOSTIC,    17, -4.438986182213e-01, 1.277458341065e-05, 5.0508e+01, 4.6177e-01, 
 2DIAGNOSTIC,    18, -4.438487291336e-01, 9.815299563343e-06, 5.0968e+01, 4.6010e-01, 
 2DIAGNOSTIC,    19, -4.439134299755e-01, 9.860284990282e-06, 5.1740e+01, 7.7123e-01, 
 2DIAGNOSTIC,    20, -4.439220726490e-01, 9.267707355320e-06, 5.2199e+01, 4.5999e-01, 
 2DIAGNOSTIC,    21, -4.439185857773e-01, 8.214902663894e-06, 5.2573e+01, 3.7375e-01, 
 2DIAGNOSTIC,    22, -4.439020156860e-01, 6.055866833776e-06, 5.3028e+01, 4.5508e-01, 
 2DIAGNOSTIC,    23, -4.438975453377e-01, 5.002641046303e-06, 5.3482e+01, 4.5357e-01, 
 2DIAGNOSTIC,    24, -4.438844323158e-01, 3.457104185145e-06, 5.3859e+01, 3.7700e-01, 
 2DIAGNOSTIC,    25, -4.438854753971e-01, 2.165797468479e-06, 5.4313e+01, 4.5402e-01, 
DIAGNOSTIC,Iteration,metricValue,convergenceValue,ITERATION_TIME_INDEX,SINCE_LAST
 2DIAGNOSTIC,     1, -3.793642818928e-01, inf, 6.2748e+01, 8.4346e+00, 
  Elapsed time (stage 0): 6.4505e+01


Stage 1
  iterations = 1000x500x250x0
  convergence threshold = 1.0000e-06
  convergence window size = 10
  number of levels = 4
  using the Mattes MI metric (number of bins = 32, weight = 1.0000e+00)
  preprocessing:  winsorizing the image intensities
  Shrink factors (level 1 out of 4): [12, 12, 12]
  Shrink factors (level 2 out of 4): [8, 8, 8]
  Shrink factors (level 3 out of 4): [4, 4, 4]
  Shrink factors (level 4 out of 4): [2, 2, 2]
  smoothing sigmas per level: [4, 3, 2, 1]
  regular sampling (percentage = 2.5000e-01)

*** Running AffineTransform registration ***

DIAGNOSTIC,Iteration,metricValue,convergenceValue,ITERATION_TIME_INDEX,SINCE_LAST
 2DIAGNOSTIC,     1, -6.082133650780e-01, inf, 1.7988e+01, 1.7988e+01, 
 2DIAGNOSTIC,     2, -6.092538833618e-01, inf, 1.8002e+01, 1.3225e-02, 
 2DIAGNOSTIC,     3, -6.111082434654e-01, inf, 1.8015e+01, 1.3081e-02, 
 2DIAGNOSTIC,     4, -6.131971478462e-01, inf, 1.8028e+01, 1.2906e-02, 
 2DIAGNOSTIC,     5, -6.169173717499e-01, inf, 1.8041e+01, 1.2872e-02, 
 2DIAGNOSTIC,     6, -6.232705712318e-01, inf, 1.8055e+01, 1.4739e-02, 
 2DIAGNOSTIC,     7, -6.285401582718e-01, inf, 1.8072e+01, 1.6276e-02, 
 2DIAGNOSTIC,     8, -6.317582130432e-01, inf, 1.8085e+01, 1.3064e-02, 
 2DIAGNOSTIC,     9, -6.329774856567e-01, inf, 1.8101e+01, 1.6186e-02, 
 2DIAGNOSTIC,    10, -6.334606409073e-01, 3.147253999487e-03, 1.8115e+01, 1.3737e-02, 
 2DIAGNOSTIC,    11, -6.347341537476e-01, 2.772752428427e-03, 1.8130e+01, 1.5406e-02, 
 2DIAGNOSTIC,    12, -6.366292238235e-01, 2.320956671610e-03, 1.8149e+01, 1.8770e-02, 
 2DIAGNOSTIC,    13, -6.366565823555e-01, 1.796204014681e-03, 1.8164e+01, 1.5532e-02, 
 2DIAGNOSTIC,    14, -6.370771527290e-01, 1.268594991416e-03, 1.8178e+01, 1.3791e-02, 
 2DIAGNOSTIC,    15, -6.369296312332e-01, 8.032993646339e-04, 1.8192e+01, 1.3764e-02, 
 2DIAGNOSTIC,    16, -6.372128129005e-01, 5.085971206427e-04, 1.8206e+01, 1.3771e-02, 
 2DIAGNOSTIC,    17, -6.369931101799e-01, 3.341786796227e-04, 1.8219e+01, 1.3126e-02, 
 2DIAGNOSTIC,    18, -6.378039121628e-01, 2.497884852346e-04, 1.8233e+01, 1.4279e-02, 
 2DIAGNOSTIC,    19, -6.384684443474e-01, 1.963871618500e-04, 1.8247e+01, 1.4176e-02, 
 2DIAGNOSTIC,    20, -6.382054090500e-01, 1.347136712866e-04, 1.8264e+01, 1.7156e-02, 
 2DIAGNOSTIC,    21, -6.384158730507e-01, 9.804356523091e-05, 1.8277e+01, 1.2655e-02, 
 2DIAGNOSTIC,    22, -6.386224627495e-01, 9.891765512293e-05, 1.8293e+01, 1.5666e-02, 
 2DIAGNOSTIC,    23, -6.389486789703e-01, 9.690062142909e-05, 1.8305e+01, 1.2609e-02, 
 2DIAGNOSTIC,    24, -6.387705802917e-01, 9.042477904586e-05, 1.8318e+01, 1.2561e-02, 
 2DIAGNOSTIC,    25, -6.387701630592e-01, 7.373510015896e-05, 1.8334e+01, 1.5726e-02, 
 2DIAGNOSTIC,    26, -6.385556459427e-01, 5.318743569660e-05, 1.8346e+01, 1.2533e-02, 
 2DIAGNOSTIC,    27, -6.386660337448e-01, 2.710172702791e-05, 1.8359e+01, 1.2553e-02, 
 2DIAGNOSTIC,    28, -6.393518447876e-01, 2.401736855973e-05, 1.8374e+01, 1.5675e-02, 
 2DIAGNOSTIC,    29, -6.404835581779e-01, 4.673704825109e-05, 1.8392e+01, 1.7255e-02, 
 2DIAGNOSTIC,    30, -6.405497193336e-01, 6.037518323865e-05, 1.8406e+01, 1.3992e-02, 
 2DIAGNOSTIC,    31, -6.405702233315e-01, 7.116597407730e-05, 1.8418e+01, 1.2345e-02, 
 2DIAGNOSTIC,    32, -6.403039097786e-01, 7.384376658592e-05, 1.8430e+01, 1.2385e-02, 
 2DIAGNOSTIC,    33, -6.403218507767e-01, 7.405540964101e-05, 1.8444e+01, 1.4088e-02, 
 2DIAGNOSTIC,    34, -6.403324604034e-01, 6.476372072939e-05, 1.8457e+01, 1.2607e-02, 
 2DIAGNOSTIC,    35, -6.400626301765e-01, 4.659597834689e-05, 1.8469e+01, 1.2507e-02, 
 2DIAGNOSTIC,    36, -6.400862932205e-01, 2.312734432053e-05, 1.8482e+01, 1.2494e-02, 
DIAGNOSTIC,Iteration,metricValue,convergenceValue,ITERATION_TIME_INDEX,SINCE_LAST
 2DIAGNOSTIC,     1, -5.184202194214e-01, inf, 3.2323e+01, 1.3841e+01, 
 2DIAGNOSTIC,     2, -5.200164318085e-01, inf, 3.2381e+01, 5.7794e-02, 
 2DIAGNOSTIC,     3, -5.222840905190e-01, inf, 3.2438e+01, 5.7354e-02, 
 2DIAGNOSTIC,     4, -5.245149135590e-01, inf, 3.2496e+01, 5.7394e-02, 
 2DIAGNOSTIC,     5, -5.271682739258e-01, inf, 3.2554e+01, 5.8596e-02, 
 2DIAGNOSTIC,     6, -5.292634963989e-01, inf, 3.2637e+01, 8.2101e-02, 
 2DIAGNOSTIC,     7, -5.301346778870e-01, inf, 3.2707e+01, 7.0312e-02, 
 2DIAGNOSTIC,     8, -5.308157801628e-01, inf, 3.2764e+01, 5.7267e-02, 
 2DIAGNOSTIC,     9, -5.347644686699e-01, inf, 3.2820e+01, 5.6304e-02, 
 2DIAGNOSTIC,    10, -5.364262461662e-01, 2.150708111003e-03, 3.2906e+01, 8.5263e-02, 
 2DIAGNOSTIC,    11, -5.367322564125e-01, 1.867158687674e-03, 3.2984e+01, 7.7967e-02, 
 2DIAGNOSTIC,    12, -5.371212959290e-01, 1.555921393447e-03, 3.3045e+01, 6.1149e-02, 
 2DIAGNOSTIC,    13, -5.374785065651e-01, 1.261138590053e-03, 3.3117e+01, 7.2035e-02, 
 2DIAGNOSTIC,    14, -5.375722050667e-01, 9.795281803235e-04, 3.3184e+01, 6.6702e-02, 
 2DIAGNOSTIC,    15, -5.375555753708e-01, 7.383015472442e-04, 3.3240e+01, 5.6420e-02, 
 2DIAGNOSTIC,    16, -5.374826192856e-01, 5.291923298500e-04, 3.3306e+01, 6.6300e-02, 
 2DIAGNOSTIC,    17, -5.375435352325e-01, 3.273390175309e-04, 3.3363e+01, 5.7121e-02, 
 2DIAGNOSTIC,    18, -5.376855134964e-01, 1.396055304212e-04, 3.3435e+01, 7.1588e-02, 
 2DIAGNOSTIC,    19, -5.376631021500e-01, 6.817822577432e-05, 3.3495e+01, 6.0253e-02, 
 2DIAGNOSTIC,    20, -5.377963185310e-01, 4.583902409649e-05, 3.3564e+01, 6.8514e-02, 
 2DIAGNOSTIC,    21, -5.379322171211e-01, 3.260322409915e-05, 3.3639e+01, 7.5366e-02, 
 2DIAGNOSTIC,    22, -5.378947257996e-01, 2.588107417978e-05, 3.3696e+01, 5.6673e-02, 
 2DIAGNOSTIC,    23, -5.379306674004e-01, 2.653669616848e-05, 3.3762e+01, 6.6393e-02, 
 2DIAGNOSTIC,    24, -5.378892421722e-01, 2.595698606456e-05, 3.3821e+01, 5.8394e-02, 
 2DIAGNOSTIC,    25, -5.379719734192e-01, 2.459524876031e-05, 3.3892e+01, 7.1539e-02, 
 2DIAGNOSTIC,    26, -5.378607511520e-01, 1.726588925521e-05, 3.3959e+01, 6.7028e-02, 
 2DIAGNOSTIC,    27, -5.377941131592e-01, 8.887061994756e-06, 3.4025e+01, 6.5419e-02, 
 2DIAGNOSTIC,    28, -5.378676652908e-01, 4.597207407642e-06, 3.4081e+01, 5.6870e-02, 
 2DIAGNOSTIC,    29, -5.381046533585e-01, 4.082985469722e-06, 3.4166e+01, 8.4600e-02, 
 2DIAGNOSTIC,    30, -5.383659601212e-01, 1.011221411318e-05, 3.4233e+01, 6.7261e-02, 
 2DIAGNOSTIC,    31, -5.383885502815e-01, 1.759939914336e-05, 3.4304e+01, 7.1139e-02, 
 2DIAGNOSTIC,    32, -5.383681654930e-01, 2.220799433417e-05, 3.4377e+01, 7.2822e-02, 
 2DIAGNOSTIC,    33, -5.382005572319e-01, 2.246164876851e-05, 3.4443e+01, 6.6255e-02, 
 2DIAGNOSTIC,    34, -5.380561351776e-01, 1.767501271388e-05, 3.4500e+01, 5.6752e-02, 
 2DIAGNOSTIC,    35, -5.380445122719e-01, 1.265319133381e-05, 3.4558e+01, 5.7565e-02, 
 2DIAGNOSTIC,    36, -5.380835533142e-01, 5.748777766712e-06, 3.4615e+01, 5.7614e-02, 
DIAGNOSTIC,Iteration,metricValue,convergenceValue,ITERATION_TIME_INDEX,SINCE_LAST
 2DIAGNOSTIC,     1, -4.555103182793e-01, inf, 4.3484e+01, 8.8687e+00, 
 2DIAGNOSTIC,     2, -4.556975662708e-01, inf, 4.3953e+01, 4.6842e-01, 
 2DIAGNOSTIC,     3, -4.560627043247e-01, inf, 4.4422e+01, 4.6903e-01, 
 2DIAGNOSTIC,     4, -4.565143585205e-01, inf, 4.4886e+01, 4.6443e-01, 
 2DIAGNOSTIC,     5, -4.570982158184e-01, inf, 4.5353e+01, 4.6732e-01, 
 2DIAGNOSTIC,     6, -4.579911231995e-01, inf, 4.6236e+01, 8.8308e-01, 
 2DIAGNOSTIC,     7, -4.581191837788e-01, inf, 4.6869e+01, 6.3233e-01, 
 2DIAGNOSTIC,     8, -4.581200778484e-01, inf, 4.7420e+01, 5.5094e-01, 
 2DIAGNOSTIC,     9, -4.581156373024e-01, inf, 4.7972e+01, 5.5248e-01, 
 2DIAGNOSTIC,    10, -4.581144452095e-01, 4.419827600941e-04, 4.8527e+01, 5.5496e-01, 
 2DIAGNOSTIC,    11, -4.581194221973e-01, 3.327231097501e-04, 4.8997e+01, 4.6984e-01, 
 2DIAGNOSTIC,    12, -4.581392705441e-01, 2.227975492133e-04, 4.9547e+01, 5.4954e-01, 
 2DIAGNOSTIC,    13, -4.581616520882e-01, 1.288267812924e-04, 5.0012e+01, 4.6580e-01, 
 2DIAGNOSTIC,    14, -4.582113623619e-01, 5.889187741559e-05, 5.0468e+01, 4.5585e-01, 
 2DIAGNOSTIC,    15, -4.582897722721e-01, 1.952746970346e-05, 5.0930e+01, 4.6152e-01, 
 2DIAGNOSTIC,    16, -4.584201276302e-01, 2.302151369804e-05, 5.1388e+01, 4.5822e-01, 
 2DIAGNOSTIC,    17, -4.586246609688e-01, 3.622630902100e-05, 5.1850e+01, 4.6225e-01, 
 2DIAGNOSTIC,    18, -4.588019549847e-01, 5.081504787086e-05, 5.2307e+01, 4.5720e-01, 
 2DIAGNOSTIC,    19, -4.590925574303e-01, 6.862736336188e-05, 5.3256e+01, 9.4861e-01, 
 2DIAGNOSTIC,    20, -4.591200053692e-01, 7.911192369647e-05, 5.3716e+01, 4.6010e-01, 
 2DIAGNOSTIC,    21, -4.591156542301e-01, 8.147775224643e-05, 5.4178e+01, 4.6212e-01, 
 2DIAGNOSTIC,    22, -4.591369926929e-01, 7.737623673165e-05, 5.4640e+01, 4.6177e-01, 
 2DIAGNOSTIC,    23, -4.591969251633e-01, 6.865728937555e-05, 5.5099e+01, 4.5912e-01, 
 2DIAGNOSTIC,    24, -4.592137634754e-01, 5.596459232038e-05, 5.5637e+01, 5.3796e-01, 
 2DIAGNOSTIC,    25, -4.593552052975e-01, 4.463184086489e-05, 5.6578e+01, 9.4056e-01, 
 2DIAGNOSTIC,    26, -4.593650996685e-01, 3.339523027535e-05, 5.7111e+01, 5.3338e-01, 
 2DIAGNOSTIC,    27, -4.593667387962e-01, 2.469974606356e-05, 5.7644e+01, 5.3312e-01, 
 2DIAGNOSTIC,    28, -4.593655467033e-01, 1.815790710680e-05, 5.8101e+01, 4.5711e-01, 
 2DIAGNOSTIC,    29, -4.593575894833e-01, 1.647747922107e-05, 5.8642e+01, 5.4070e-01, 
 2DIAGNOSTIC,    30, -4.593470990658e-01, 1.378762408422e-05, 5.9261e+01, 6.1944e-01, 
 2DIAGNOSTIC,    31, -4.593485593796e-01, 1.000671818474e-05, 5.9798e+01, 5.3665e-01, 
 2DIAGNOSTIC,    32, -4.593423008919e-01, 5.912504093430e-06, 6.0339e+01, 5.4075e-01, 
 2DIAGNOSTIC,    33, -4.593363106251e-01, 2.641430455697e-06, 6.0869e+01, 5.2991e-01, 
DIAGNOSTIC,Iteration,metricValue,convergenceValue,ITERATION_TIME_INDEX,SINCE_LAST
 2DIAGNOSTIC,     1, -3.916248679161e-01, inf, 6.9796e+01, 8.9278e+00, 
  Elapsed time (stage 1): 7.1535e+01


Stage 2
  iterations = 100x100x70x50x0
  convergence threshold = 1.0000e-06
  convergence window size = 10
  number of levels = 5
  using the Mattes MI metric (number of bins = 32, weight = 1.0000e+00)
  preprocessing:  winsorizing the image intensities
  Shrink factors (level 1 out of 5): [10, 10, 10]
  Shrink factors (level 2 out of 5): [6, 6, 6]
  Shrink factors (level 3 out of 5): [4, 4, 4]
  Shrink factors (level 4 out of 5): [2, 2, 2]
  Shrink factors (level 5 out of 5): [1, 1, 1]
  smoothing sigmas per level: [5, 3, 2, 1, 0]
  Using default NONE metricSamplingStrategy 

*** Running SyN registration (varianceForUpdateField = 3.0000e+00, varianceForTotalField = 0.0000e+00) ***

XXDIAGNOSTIC,Iteration,metricValue,convergenceValue,ITERATION_TIME_INDEX,SINCE_LAST
 1DIAGNOSTIC,     1, -5.238769054413e-01, inf, 3.1851e+01, 3.1851e+01, 
 1DIAGNOSTIC,     2, -5.401030182838e-01, inf, 3.2008e+01, 1.5631e-01, 
 1DIAGNOSTIC,     3, -5.536151528358e-01, inf, 3.2165e+01, 1.5763e-01, 
 1DIAGNOSTIC,     4, -5.577118396759e-01, inf, 3.2310e+01, 1.4493e-01, 
 1DIAGNOSTIC,     5, -5.581589937210e-01, inf, 3.2456e+01, 1.4557e-01, 
 1DIAGNOSTIC,     6, -5.584766268730e-01, inf, 3.2601e+01, 1.4534e-01, 
 1DIAGNOSTIC,     7, -5.553600788116e-01, inf, 3.2751e+01, 1.4946e-01, 
 1DIAGNOSTIC,     8, -5.545457601547e-01, inf, 3.2902e+01, 1.5113e-01, 
 1DIAGNOSTIC,     9, -5.499312281609e-01, inf, 3.3047e+01, 1.4534e-01, 
 1DIAGNOSTIC,    10, -5.484074354172e-01, 1.694165403023e-03, 3.3193e+01, 1.4567e-01, 
 1DIAGNOSTIC,    11, -5.456320047379e-01, -3.113762359135e-04, 3.3339e+01, 1.4625e-01, 
XXDIAGNOSTIC,Iteration,metricValue,convergenceValue,ITERATION_TIME_INDEX,SINCE_LAST
 1DIAGNOSTIC,     1, -4.330232739449e-01, inf, 4.8114e+01, 1.4775e+01, 
 1DIAGNOSTIC,     2, -4.356102645397e-01, inf, 4.8696e+01, 5.8182e-01, 
 1DIAGNOSTIC,     3, -4.367265701294e-01, inf, 4.9294e+01, 5.9838e-01, 
 1DIAGNOSTIC,     4, -4.367730617523e-01, inf, 4.9879e+01, 5.8464e-01, 
 1DIAGNOSTIC,     5, -4.364303350449e-01, inf, 5.0459e+01, 5.8067e-01, 
 1DIAGNOSTIC,     6, -4.361143708229e-01, inf, 5.1038e+01, 5.7896e-01, 
 1DIAGNOSTIC,     7, -4.351632893085e-01, inf, 5.1618e+01, 5.7934e-01, 
 1DIAGNOSTIC,     8, -4.340832233429e-01, inf, 5.2203e+01, 5.8589e-01, 
 1DIAGNOSTIC,     9, -4.326660335064e-01, inf, 5.2781e+01, 5.7745e-01, 
 1DIAGNOSTIC,    10, -4.318200349808e-01, -4.174007626716e-04, 5.3366e+01, 5.8483e-01, 
XXDIAGNOSTIC,Iteration,metricValue,convergenceValue,ITERATION_TIME_INDEX,SINCE_LAST
 1DIAGNOSTIC,     1, -3.673551082611e-01, inf, 6.3303e+01, 9.9373e+00, 
 1DIAGNOSTIC,     2, -3.682288527489e-01, inf, 6.5097e+01, 1.7941e+00, 
 1DIAGNOSTIC,     3, -3.688600063324e-01, inf, 6.6903e+01, 1.8053e+00, 
 1DIAGNOSTIC,     4, -3.691168129444e-01, inf, 6.8698e+01, 1.7952e+00, 
 1DIAGNOSTIC,     5, -3.694035410881e-01, inf, 7.0566e+01, 1.8678e+00, 
 1DIAGNOSTIC,     6, -3.694203794003e-01, inf, 7.2387e+01, 1.8215e+00, 
 1DIAGNOSTIC,     7, -3.692370057106e-01, inf, 7.4251e+01, 1.8642e+00, 
 1DIAGNOSTIC,     8, -3.686308860779e-01, inf, 7.6049e+01, 1.7975e+00, 
 1DIAGNOSTIC,     9, -3.682984113693e-01, inf, 7.7906e+01, 1.8573e+00, 
 1DIAGNOSTIC,    10, -3.681313395500e-01, 5.984268136672e-05, 7.9704e+01, 1.7985e+00, 
 1DIAGNOSTIC,    11, -3.679513931274e-01, -1.288585626753e-04, 8.1514e+01, 1.8100e+00, 
XXDIAGNOSTIC,Iteration,metricValue,convergenceValue,ITERATION_TIME_INDEX,SINCE_LAST
 1DIAGNOSTIC,     1, -3.117225468159e-01, inf, 1.0125e+02, 1.9732e+01, 
 1DIAGNOSTIC,     2, -3.127404749393e-01, inf, 1.1430e+02, 1.3051e+01, 
 1DIAGNOSTIC,     3, -3.137192130089e-01, inf, 1.2730e+02, 1.3005e+01, 
 1DIAGNOSTIC,     4, -3.146214485168e-01, inf, 1.4022e+02, 1.2920e+01, 
 1DIAGNOSTIC,     5, -3.154467046261e-01, inf, 1.5316e+02, 1.2942e+01, 
 1DIAGNOSTIC,     6, -3.161058723927e-01, inf, 1.6622e+02, 1.3058e+01, 
 1DIAGNOSTIC,     7, -3.167703747749e-01, inf, 1.7940e+02, 1.3173e+01, 
 1DIAGNOSTIC,     8, -3.173251748085e-01, inf, 1.9283e+02, 1.3431e+01, 
 1DIAGNOSTIC,     9, -3.178289532661e-01, inf, 2.0622e+02, 1.3397e+01, 
 1DIAGNOSTIC,    10, -3.182673454285e-01, 1.321639749222e-03, 2.1955e+02, 1.3326e+01, 
 1DIAGNOSTIC,    11, -3.186397552490e-01, 1.075793406926e-03, 2.3372e+02, 1.4174e+01, 
 1DIAGNOSTIC,    12, -3.189644217491e-01, 8.744475780986e-04, 2.4776e+02, 1.4038e+01, 
 1DIAGNOSTIC,    13, -3.192275464535e-01, 7.103481329978e-04, 2.6171e+02, 1.3952e+01, 
 1DIAGNOSTIC,    14, -3.194737434387e-01, 5.783382803202e-04, 2.7570e+02, 1.3991e+01, 
 1DIAGNOSTIC,    15, -3.196772336960e-01, 4.723917227238e-04, 2.8972e+02, 1.4013e+01, 
 1DIAGNOSTIC,    16, -3.198703229427e-01, 3.838001866825e-04, 3.0369e+02, 1.3974e+01, 
 1DIAGNOSTIC,    17, -3.200511336327e-01, 3.146465751342e-04, 3.1756e+02, 1.3869e+01, 
 1DIAGNOSTIC,    18, -3.202322125435e-01, 2.605244226288e-04, 3.3145e+02, 1.3895e+01, 
 1DIAGNOSTIC,    19, -3.203882277012e-01, 2.188691432821e-04, 3.4570e+02, 1.4249e+01, 
 1DIAGNOSTIC,    20, -3.205380439758e-01, 1.872519642347e-04, 3.5957e+02, 1.3869e+01, 
 1DIAGNOSTIC,    21, -3.206587135792e-01, 1.621186966076e-04, 3.7347e+02, 1.3898e+01, 
 1DIAGNOSTIC,    22, -3.207208514214e-01, 1.398259337293e-04, 3.8746e+02, 1.3993e+01, 
 1DIAGNOSTIC,    23, -3.207909464836e-01, 1.193527787109e-04, 4.0137e+02, 1.3905e+01, 
 1DIAGNOSTIC,    24, -3.208404779434e-01, 1.004164732876e-04, 4.1543e+02, 1.4057e+01, 
 1DIAGNOSTIC,    25, -3.208396434784e-01, 8.082064596238e-05, 4.2938e+02, 1.3959e+01, 
 1DIAGNOSTIC,    26, -3.208827376366e-01, 6.332348129945e-05, 4.4334e+02, 1.3956e+01, 
 1DIAGNOSTIC,    27, -3.209377825260e-01, 4.898089173366e-05, 4.5717e+02, 1.3833e+01, 
 1DIAGNOSTIC,    28, -3.209664225578e-01, 3.773972639465e-05, 4.7098e+02, 1.3812e+01, 
 1DIAGNOSTIC,    29, -3.210223317146e-01, 3.027006823686e-05, 4.8482e+02, 1.3839e+01, 
 1DIAGNOSTIC,    30, -3.210921287537e-01, 2.700631739572e-05, 4.9874e+02, 1.3914e+01, 
 1DIAGNOSTIC,    31, -3.211265206337e-01, 2.590461190266e-05, 5.1271e+02, 1.3974e+01, 
 1DIAGNOSTIC,    32, -3.211823105812e-01, 2.574920836196e-05, 5.2664e+02, 1.3933e+01, 
 1DIAGNOSTIC,    33, -3.212525248528e-01, 2.700026197999e-05, 5.4046e+02, 1.3813e+01, 
 1DIAGNOSTIC,    34, -3.213433027267e-01, 2.936619239335e-05, 5.5430e+02, 1.3840e+01, 
 1DIAGNOSTIC,    35, -3.213884532452e-01, 2.996073817485e-05, 5.6817e+02, 1.3870e+01, 
 1DIAGNOSTIC,    36, -3.214590847492e-01, 3.056311106775e-05, 5.8199e+02, 1.3825e+01, 
 1DIAGNOSTIC,    37, -3.214593529701e-01, 2.963219230878e-05, 5.9599e+02, 1.3993e+01, 
 1DIAGNOSTIC,    38, -3.214537501335e-01, 2.654273339431e-05, 6.0983e+02, 1.3848e+01, 
 1DIAGNOSTIC,    39, -3.215071558952e-01, 2.362834675296e-05, 6.2370e+02, 1.3871e+01, 
 1DIAGNOSTIC,    40, -3.215144872665e-01, 2.035460238403e-05, 6.3770e+02, 1.3998e+01, 
 1DIAGNOSTIC,    41, -3.215301632881e-01, 1.645612064749e-05, 6.5156e+02, 1.3860e+01, 
 1DIAGNOSTIC,    42, -3.215411603451e-01, 1.266433628189e-05, 6.6554e+02, 1.3982e+01, 
 1DIAGNOSTIC,    43, -3.215125203133e-01, 8.752049325267e-06, 6.7947e+02, 1.3930e+01, 
 1DIAGNOSTIC,    44, -3.215031325817e-01, 5.895744834561e-06, 6.9340e+02, 1.3924e+01, 
 1DIAGNOSTIC,    45, -3.214528262615e-01, 2.523743432903e-06, 7.0726e+02, 1.3862e+01, 
 1DIAGNOSTIC,    46, -3.213603496552e-01, -1.270901634598e-06, 7.2112e+02, 1.3862e+01, 
  Elapsed time (stage 2): 745


Total elapsed time: 881.1

--- Writing output images ---

Using double precision for computations.
Input scalar image: data/Segmentations/1002_3_seg.nii.gz
Reference image: data/template/T_template0_BrainCerebellum.nii.gz
=============================================================================
The composite transform comprises the following transforms (in order): 
  1. /tmp/1978805.1.basic.q/1002_ToTemplate_003_0GenericAffine.mat (type = AffineTransform)
  2. /tmp/1978805.1.basic.q/1002_ToTemplate_003_1Warp.nii.gz (type = DisplacementFieldTransform)
=============================================================================
Default pixel value: 0
Interpolation type: LabelImageGenericInterpolateImageFunction
Output warped image: output/1002/1002_WarpedLabels_003.nii.gz

--- Done ---

