
--- Running on compute-2-7.local ---


--- registration call ---
/data/jet/pcook/bin/antsBuild/bin/antsRegistrationSyNQuick.sh -d 3 -f data/template/T_template0_BrainCerebellum.nii.gz -m data/Brains/1002_3.nii.gz -t s -p f -n 1 -o /tmp/1978809.1.basic.q/1002_ToTemplate_007_
---


--------------------------------------------------------------------------------------
 Mapping parameters
--------------------------------------------------------------------------------------
 ANTSPATH is /data/jet/pcook/bin/antsBuild/bin/

 Dimensionality:           3
 Output name prefix:       /tmp/1978809.1.basic.q/1002_ToTemplate_007_
 Fixed images:             data/template/T_template0_BrainCerebellum.nii.gz
 Moving images:            data/Brains/1002_3.nii.gz
 Mask images:              
 Initial transforms:       
 Number of threads:        1
 Spline distance:          26
 Transform type:           s
 MI histogram bins:        32
 Precision:                f
 Use histogram matching    0
======================================================================================
 antsRegistration call:
--------------------------------------------------------------------------------------
/data/jet/pcook/bin/antsBuild/bin//antsRegistration --verbose 1 --dimensionality 3 --float 1 --collapse-output-transforms 1 --output [/tmp/1978809.1.basic.q/1002_ToTemplate_007_,/tmp/1978809.1.basic.q/1002_ToTemplate_007_Warped.nii.gz,/tmp/1978809.1.basic.q/1002_ToTemplate_007_InverseWarped.nii.gz] --interpolation Linear --use-histogram-matching 0 --winsorize-image-intensities [0.005,0.995] --initial-moving-transform [data/template/T_template0_BrainCerebellum.nii.gz,data/Brains/1002_3.nii.gz,1] --transform Rigid[0.1] --metric MI[data/template/T_template0_BrainCerebellum.nii.gz,data/Brains/1002_3.nii.gz,1,32,Regular,0.25] --convergence [1000x500x250x0,1e-6,10] --shrink-factors 12x8x4x2 --smoothing-sigmas 4x3x2x1vox --transform Affine[0.1] --metric MI[data/template/T_template0_BrainCerebellum.nii.gz,data/Brains/1002_3.nii.gz,1,32,Regular,0.25] --convergence [1000x500x250x0,1e-6,10] --shrink-factors 12x8x4x2 --smoothing-sigmas 4x3x2x1vox --transform SyN[0.1,3,0] --metric MI[data/template/T_template0_BrainCerebellum.nii.gz,data/Brains/1002_3.nii.gz,1,32] --convergence [100x100x70x50x0,1e-6,10] --shrink-factors 10x6x4x2x1 --smoothing-sigmas 5x3x2x1x0vox
--------------------------------------------------------------------------------------
All_Command_lines_OK
Using single precision for computations.
=============================================================================
The composite transform comprises the following transforms (in order): 
  1. Center of mass alignment using fixed image: data/template/T_template0_BrainCerebellum.nii.gz and moving image: data/Brains/1002_3.nii.gz (type = Euler3DTransform)
=============================================================================
  number of levels = 4
  number of levels = 4
  number of levels = 5
  fixed image: data/template/T_template0_BrainCerebellum.nii.gz
  moving image: data/Brains/1002_3.nii.gz
  fixed image: data/template/T_template0_BrainCerebellum.nii.gz
  moving image: data/Brains/1002_3.nii.gz
  fixed image: data/template/T_template0_BrainCerebellum.nii.gz
  moving image: data/Brains/1002_3.nii.gz
Dimension = 3
Number of stages = 3
Use Histogram Matching false
Winsorize image intensities true
Lower quantile = 0.005
Upper quantile = 0.995
Stage 1 State
   Image metric = Mattes
     Fixed image = Image (0x5474440)
  RTTI typeinfo:   itk::Image<float, 3u>
  Reference Count: 2
  Modified Time: 1611
  Debug: Off
  Object Name: 
  Observers: 
    none
  Source: (none)
  Source output name: (none)
  Release Data: Off
  Data Released: False
  Global Release Data: Off
  PipelineMTime: 0
  UpdateMTime: 1422
  RealTimeStamp: 0 seconds 
  LargestPossibleRegion: 
    Dimension: 3
    Index: [0, 0, 0]
    Size: [216, 256, 291]
  BufferedRegion: 
    Dimension: 3
    Index: [0, 0, 0]
    Size: [216, 256, 291]
  RequestedRegion: 
    Dimension: 3
    Index: [0, 0, 0]
    Size: [216, 256, 291]
  Spacing: [1, 1, 1]
  Origin: [0, 293, 0]
  Direction: 
1 0 0
0 -0 -1
0 -1 -0

  IndexToPointMatrix: 
1 0 0
0 0 -1
0 -1 0

  PointToIndexMatrix: 
1 0 0
0 0 -1
0 -1 0

  Inverse Direction: 
1 0 0
0 0 -1
0 -1 0

  PixelContainer: 
    ImportImageContainer (0x545a120)
      RTTI typeinfo:   itk::ImportImageContainer<unsigned long, float>
      Reference Count: 1
      Modified Time: 1419
      Debug: Off
      Object Name: 
      Observers: 
        none
      Pointer: 0x7fb99288f010
      Container manages memory: true
      Size: 16091136
      Capacity: 16091136

     Moving image = Image (0x5474e80)
  RTTI typeinfo:   itk::Image<float, 3u>
  Reference Count: 2
  Modified Time: 1612
  Debug: Off
  Object Name: 
  Observers: 
    none
  Source: (none)
  Source output name: (none)
  Release Data: Off
  Data Released: False
  Global Release Data: Off
  PipelineMTime: 0
  UpdateMTime: 1609
  RealTimeStamp: 0 seconds 
  LargestPossibleRegion: 
    Dimension: 3
    Index: [0, 0, 0]
    Size: [256, 256, 277]
  BufferedRegion: 
    Dimension: 3
    Index: [0, 0, 0]
    Size: [256, 256, 277]
  RequestedRegion: 
    Dimension: 3
    Index: [0, 0, 0]
    Size: [256, 256, 277]
  Spacing: [1, 1, 1]
  Origin: [0, 276, 0]
  Direction: 
1 0 0
0 -0 -1
0 -1 -0

  IndexToPointMatrix: 
1 0 0
0 0 -1
0 -1 0

  PointToIndexMatrix: 
1 0 0
0 0 -1
0 -1 0

  Inverse Direction: 
1 0 0
0 0 -1
0 -1 0

  PixelContainer: 
    ImportImageContainer (0x54772d0)
      RTTI typeinfo:   itk::ImportImageContainer<unsigned long, float>
      Reference Count: 1
      Modified Time: 1606
      Debug: Off
      Object Name: 
      Observers: 
        none
      Pointer: 0x7fb98e34e010
      Container manages memory: true
      Size: 18153472
      Capacity: 18153472

     Weighting = 1
     Sampling strategy = regular
     Number of bins = 32
     Radius = 4
     Sampling percentage  = 0.25
   Transform = Rigid
     Gradient step = 0.1
     Update field sigma (voxel space) = 0
     Total field sigma (voxel space) = 0
     Update field time sigma = 0
     Total field time sigma  = 0
     Number of time indices = 0
     Number of time point samples = 0
Stage 2 State
   Image metric = Mattes
     Fixed image = Image (0x547f6e0)
  RTTI typeinfo:   itk::Image<float, 3u>
  Reference Count: 2
  Modified Time: 1987
  Debug: Off
  Object Name: 
  Observers: 
    none
  Source: (none)
  Source output name: (none)
  Release Data: Off
  Data Released: False
  Global Release Data: Off
  PipelineMTime: 0
  UpdateMTime: 1798
  RealTimeStamp: 0 seconds 
  LargestPossibleRegion: 
    Dimension: 3
    Index: [0, 0, 0]
    Size: [216, 256, 291]
  BufferedRegion: 
    Dimension: 3
    Index: [0, 0, 0]
    Size: [216, 256, 291]
  RequestedRegion: 
    Dimension: 3
    Index: [0, 0, 0]
    Size: [216, 256, 291]
  Spacing: [1, 1, 1]
  Origin: [0, 293, 0]
  Direction: 
1 0 0
0 -0 -1
0 -1 -0

  IndexToPointMatrix: 
1 0 0
0 0 -1
0 -1 0

  PointToIndexMatrix: 
1 0 0
0 0 -1
0 -1 0

  Inverse Direction: 
1 0 0
0 0 -1
0 -1 0

  PixelContainer: 
    ImportImageContainer (0x547ff80)
      RTTI typeinfo:   itk::ImportImageContainer<unsigned long, float>
      Reference Count: 1
      Modified Time: 1795
      Debug: Off
      Object Name: 
      Observers: 
        none
      Pointer: 0x7fb98a5eb010
      Container manages memory: true
      Size: 16091136
      Capacity: 16091136

     Moving image = Image (0x547fa70)
  RTTI typeinfo:   itk::Image<float, 3u>
  Reference Count: 2
  Modified Time: 1988
  Debug: Off
  Object Name: 
  Observers: 
    none
  Source: (none)
  Source output name: (none)
  Release Data: Off
  Data Released: False
  Global Release Data: Off
  PipelineMTime: 0
  UpdateMTime: 1985
  RealTimeStamp: 0 seconds 
  LargestPossibleRegion: 
    Dimension: 3
    Index: [0, 0, 0]
    Size: [256, 256, 277]
  BufferedRegion: 
    Dimension: 3
    Index: [0, 0, 0]
    Size: [256, 256, 277]
  RequestedRegion: 
    Dimension: 3
    Index: [0, 0, 0]
    Size: [256, 256, 277]
  Spacing: [1, 1, 1]
  Origin: [0, 276, 0]
  Direction: 
1 0 0
0 -0 -1
0 -1 -0

  IndexToPointMatrix: 
1 0 0
0 0 -1
0 -1 0

  PointToIndexMatrix: 
1 0 0
0 0 -1
0 -1 0

  Inverse Direction: 
1 0 0
0 0 -1
0 -1 0

  PixelContainer: 
    ImportImageContainer (0x5480970)
      RTTI typeinfo:   itk::ImportImageContainer<unsigned long, float>
      Reference Count: 1
      Modified Time: 1982
      Debug: Off
      Object Name: 
      Observers: 
        none
      Pointer: 0x7fb9860aa010
      Container manages memory: true
      Size: 18153472
      Capacity: 18153472

     Weighting = 1
     Sampling strategy = regular
     Number of bins = 32
     Radius = 4
     Sampling percentage  = 0.25
   Transform = Affine
     Gradient step = 0.1
     Update field sigma (voxel space) = 0
     Total field sigma (voxel space) = 0
     Update field time sigma = 0
     Total field time sigma  = 0
     Number of time indices = 0
     Number of time point samples = 0
Stage 3 State
   Image metric = Mattes
     Fixed image = Image (0x54867d0)
  RTTI typeinfo:   itk::Image<float, 3u>
  Reference Count: 2
  Modified Time: 2363
  Debug: Off
  Object Name: 
  Observers: 
    none
  Source: (none)
  Source output name: (none)
  Release Data: Off
  Data Released: False
  Global Release Data: Off
  PipelineMTime: 0
  UpdateMTime: 2174
  RealTimeStamp: 0 seconds 
  LargestPossibleRegion: 
    Dimension: 3
    Index: [0, 0, 0]
    Size: [216, 256, 291]
  BufferedRegion: 
    Dimension: 3
    Index: [0, 0, 0]
    Size: [216, 256, 291]
  RequestedRegion: 
    Dimension: 3
    Index: [0, 0, 0]
    Size: [216, 256, 291]
  Spacing: [1, 1, 1]
  Origin: [0, 293, 0]
  Direction: 
1 0 0
0 -0 -1
0 -1 -0

  IndexToPointMatrix: 
1 0 0
0 0 -1
0 -1 0

  PointToIndexMatrix: 
1 0 0
0 0 -1
0 -1 0

  Inverse Direction: 
1 0 0
0 0 -1
0 -1 0

  PixelContainer: 
    ImportImageContainer (0x5486a60)
      RTTI typeinfo:   itk::ImportImageContainer<unsigned long, float>
      Reference Count: 1
      Modified Time: 2171
      Debug: Off
      Object Name: 
      Observers: 
        none
      Pointer: 0x7fb982347010
      Container manages memory: true
      Size: 16091136
      Capacity: 16091136

     Moving image = Image (0x54891d0)
  RTTI typeinfo:   itk::Image<float, 3u>
  Reference Count: 2
  Modified Time: 2364
  Debug: Off
  Object Name: 
  Observers: 
    none
  Source: (none)
  Source output name: (none)
  Release Data: Off
  Data Released: False
  Global Release Data: Off
  PipelineMTime: 0
  UpdateMTime: 2361
  RealTimeStamp: 0 seconds 
  LargestPossibleRegion: 
    Dimension: 3
    Index: [0, 0, 0]
    Size: [256, 256, 277]
  BufferedRegion: 
    Dimension: 3
    Index: [0, 0, 0]
    Size: [256, 256, 277]
  RequestedRegion: 
    Dimension: 3
    Index: [0, 0, 0]
    Size: [256, 256, 277]
  Spacing: [1, 1, 1]
  Origin: [0, 276, 0]
  Direction: 
1 0 0
0 -0 -1
0 -1 -0

  IndexToPointMatrix: 
1 0 0
0 0 -1
0 -1 0

  PointToIndexMatrix: 
1 0 0
0 0 -1
0 -1 0

  Inverse Direction: 
1 0 0
0 0 -1
0 -1 0

  PixelContainer: 
    ImportImageContainer (0x5486ac0)
      RTTI typeinfo:   itk::ImportImageContainer<unsigned long, float>
      Reference Count: 1
      Modified Time: 2358
      Debug: Off
      Object Name: 
      Observers: 
        none
      Pointer: 0x7fb97de06010
      Container manages memory: true
      Size: 18153472
      Capacity: 18153472

     Weighting = 1
     Sampling strategy = none
     Number of bins = 32
     Radius = 4
     Sampling percentage  = 1
   Transform = SyN
     Gradient step = 0.1
     Update field sigma (voxel space) = 3
     Total field sigma (voxel space) = 0
     Update field time sigma = 0
     Total field time sigma  = 0
     Number of time indices = 0
     Number of time point samples = 0
Registration using 3 total stages.

Stage 0
  iterations = 1000x500x250x0
  convergence threshold = 1e-06
  convergence window size = 10
  number of levels = 4
  using the Mattes MI metric (number of bins = 32, weight = 1)
  preprocessing:  winsorizing the image intensities
  Shrink factors (level 1 out of 4): [12, 12, 12]
  Shrink factors (level 2 out of 4): [8, 8, 8]
  Shrink factors (level 3 out of 4): [4, 4, 4]
  Shrink factors (level 4 out of 4): [2, 2, 2]
  smoothing sigmas per level: [4, 3, 2, 1]
  regular sampling (percentage = 0.25)

*** Running Euler3DTransform registration ***

DIAGNOSTIC,Iteration,metricValue,convergenceValue,ITERATION_TIME_INDEX,SINCE_LAST
 2DIAGNOSTIC,     1, -5.884494185448e-01, inf, 1.7268e+01, 1.7268e+01, 
 2DIAGNOSTIC,     2, -5.897181034088e-01, inf, 1.7277e+01, 8.7841e-03, 
 2DIAGNOSTIC,     3, -5.900914072990e-01, inf, 1.7286e+01, 8.6670e-03, 
 2DIAGNOSTIC,     4, -5.904437899590e-01, inf, 1.7296e+01, 1.0159e-02, 
 2DIAGNOSTIC,     5, -5.909631848335e-01, inf, 1.7306e+01, 1.0140e-02, 
 2DIAGNOSTIC,     6, -5.912266373634e-01, inf, 1.7314e+01, 8.6360e-03, 
 2DIAGNOSTIC,     7, -5.918426513672e-01, inf, 1.7325e+01, 1.0162e-02, 
 2DIAGNOSTIC,     8, -5.928431749344e-01, inf, 1.7333e+01, 8.7402e-03, 
 2DIAGNOSTIC,     9, -5.954334139824e-01, inf, 1.7346e+01, 1.2217e-02, 
 2DIAGNOSTIC,    10, -5.983113050461e-01, 8.426137501374e-04, 1.7358e+01, 1.2502e-02, 
 2DIAGNOSTIC,    11, -5.988177657127e-01, 9.082337492146e-04, 1.7369e+01, 1.0758e-02, 
 2DIAGNOSTIC,    12, -5.993112325668e-01, 9.539785096422e-04, 1.7378e+01, 9.2769e-03, 
 2DIAGNOSTIC,    13, -6.025351285934e-01, 1.039222115651e-03, 1.7387e+01, 9.2969e-03, 
 2DIAGNOSTIC,    14, -6.052511334419e-01, 1.117759034969e-03, 1.7397e+01, 9.2771e-03, 
 2DIAGNOSTIC,    15, -6.058157682419e-01, 1.115984050557e-03, 1.7406e+01, 9.2010e-03, 
 2DIAGNOSTIC,    16, -6.065785288811e-01, 1.045422744937e-03, 1.7415e+01, 9.3379e-03, 
 2DIAGNOSTIC,    17, -6.074787378311e-01, 9.313172195107e-04, 1.7428e+01, 1.2497e-02, 
 2DIAGNOSTIC,    18, -6.087960004807e-01, 8.027143194340e-04, 1.7464e+01, 3.5877e-02, 
 2DIAGNOSTIC,    19, -6.087952256203e-01, 6.749443127774e-04, 1.7474e+01, 1.0665e-02, 
 2DIAGNOSTIC,    20, -6.087960600853e-01, 5.672412225977e-04, 1.7485e+01, 1.0638e-02, 
 2DIAGNOSTIC,    21, -6.087961792946e-01, 4.303859022912e-04, 1.7494e+01, 9.1350e-03, 
 2DIAGNOSTIC,    22, -6.087962985039e-01, 2.752052387223e-04, 1.7505e+01, 1.0642e-02, 
 2DIAGNOSTIC,    23, -6.087965369225e-01, 1.728003553580e-04, 1.7514e+01, 9.1259e-03, 
 2DIAGNOSTIC,    24, -6.087966561317e-01, 1.166304136859e-04, 1.7524e+01, 1.0635e-02, 
 2DIAGNOSTIC,    25, -6.087978482246e-01, 6.510345701827e-05, 1.7534e+01, 9.1419e-03, 
 2DIAGNOSTIC,    26, -6.087985634804e-01, 2.529954690544e-05, 1.7543e+01, 9.1271e-03, 
 2DIAGNOSTIC,    27, -6.088005304337e-01, 1.349912736259e-06, 1.7552e+01, 9.1250e-03, 
 2DIAGNOSTIC,    28, -6.088034510612e-01, 1.395352910549e-06, 1.7561e+01, 9.1350e-03, 
 2DIAGNOSTIC,    29, -6.088087558746e-01, 1.486980977461e-06, 1.7570e+01, 9.1121e-03, 
 2DIAGNOSTIC,    30, -6.088172793388e-01, 1.682375113887e-06, 1.7579e+01, 9.1341e-03, 
 2DIAGNOSTIC,    31, -6.088320612907e-01, 2.031791609625e-06, 1.7588e+01, 9.1200e-03, 
 2DIAGNOSTIC,    32, -6.088547706604e-01, 2.597566890472e-06, 1.7597e+01, 9.1200e-03, 
 2DIAGNOSTIC,    33, -6.088928580284e-01, 3.519853862599e-06, 1.7607e+01, 9.1341e-03, 
 2DIAGNOSTIC,    34, -6.089544892311e-01, 4.992251888325e-06, 1.7616e+01, 9.1300e-03, 
 2DIAGNOSTIC,    35, -6.090382933617e-01, 7.124960575311e-06, 1.7626e+01, 1.0693e-02, 
 2DIAGNOSTIC,    36, -6.090828776360e-01, 9.123333256866e-06, 1.7636e+01, 9.1441e-03, 
 2DIAGNOSTIC,    37, -6.088736653328e-01, 7.594509497721e-06, 1.7645e+01, 9.1431e-03, 
 2DIAGNOSTIC,    38, -6.086816787720e-01, 3.251392399761e-06, 1.7654e+01, 9.1760e-03, 
DIAGNOSTIC,Iteration,metricValue,convergenceValue,ITERATION_TIME_INDEX,SINCE_LAST
 2DIAGNOSTIC,     1, -5.155753493309e-01, inf, 3.0833e+01, 1.3179e+01, 
 2DIAGNOSTIC,     2, -5.165273547173e-01, inf, 3.0878e+01, 4.5083e-02, 
 2DIAGNOSTIC,     3, -5.178197026253e-01, inf, 3.0923e+01, 4.5009e-02, 
 2DIAGNOSTIC,     4, -5.187310576439e-01, inf, 3.0977e+01, 5.3494e-02, 
 2DIAGNOSTIC,     5, -5.190758109093e-01, inf, 3.1030e+01, 5.3505e-02, 
 2DIAGNOSTIC,     6, -5.191378593445e-01, inf, 3.1075e+01, 4.4939e-02, 
 2DIAGNOSTIC,     7, -5.191378593445e-01, inf, 3.1129e+01, 5.3530e-02, 
 2DIAGNOSTIC,     8, -5.196413993835e-01, inf, 3.1174e+01, 4.5033e-02, 
 2DIAGNOSTIC,     9, -5.197886824608e-01, inf, 3.1227e+01, 5.3585e-02, 
 2DIAGNOSTIC,    10, -5.203553438187e-01, 5.023684934713e-04, 3.1273e+01, 4.5665e-02, 
 2DIAGNOSTIC,    11, -5.208633542061e-01, 3.792895295192e-04, 3.1361e+01, 8.7776e-02, 
 2DIAGNOSTIC,    12, -5.208185911179e-01, 2.831957535818e-04, 3.1415e+01, 5.4061e-02, 
 2DIAGNOSTIC,    13, -5.207964181900e-01, 2.295435115229e-04, 3.1469e+01, 5.4107e-02, 
 2DIAGNOSTIC,    14, -5.208538174629e-01, 2.005486021517e-04, 3.1514e+01, 4.5487e-02, 
 2DIAGNOSTIC,    15, -5.208842754364e-01, 1.707222691039e-04, 3.1569e+01, 5.4067e-02, 
 2DIAGNOSTIC,    16, -5.210327506065e-01, 1.362849434372e-04, 3.1614e+01, 4.5594e-02, 
 2DIAGNOSTIC,    17, -5.211709141731e-01, 9.775489888852e-05, 3.1660e+01, 4.5579e-02, 
 2DIAGNOSTIC,    18, -5.215132832527e-01, 8.065343718044e-05, 3.1714e+01, 5.4070e-02, 
 2DIAGNOSTIC,    19, -5.216771364212e-01, 6.649774149992e-05, 3.1768e+01, 5.4173e-02, 
 2DIAGNOSTIC,    20, -5.219237804413e-01, 6.955880235182e-05, 3.1831e+01, 6.2791e-02, 
 2DIAGNOSTIC,    21, -5.220898985863e-01, 8.352436998393e-05, 3.1902e+01, 7.1287e-02, 
 2DIAGNOSTIC,    22, -5.218930840492e-01, 8.252460247604e-05, 3.1956e+01, 5.4035e-02, 
 2DIAGNOSTIC,    23, -5.219067931175e-01, 7.396633009193e-05, 3.2002e+01, 4.5480e-02, 
 2DIAGNOSTIC,    24, -5.219300389290e-01, 6.111426773714e-05, 3.2056e+01, 5.4067e-02, 
 2DIAGNOSTIC,    25, -5.220137834549e-01, 4.604178684531e-05, 3.2101e+01, 4.5485e-02, 
 2DIAGNOSTIC,    26, -5.220413804054e-01, 3.157849278068e-05, 3.2147e+01, 4.5443e-02, 
 2DIAGNOSTIC,    27, -5.220576524734e-01, 1.844335565693e-05, 3.2201e+01, 5.4065e-02, 
 2DIAGNOSTIC,    28, -5.221751332283e-01, 1.364061245113e-05, 3.2263e+01, 6.2570e-02, 
 2DIAGNOSTIC,    29, -5.220218896866e-01, 7.968303179950e-06, 3.2309e+01, 4.5547e-02, 
 2DIAGNOSTIC,    30, -5.220278501511e-01, 6.578103693755e-06, 3.2363e+01, 5.3979e-02, 
 2DIAGNOSTIC,    31, -5.221613645554e-01, 1.012446773530e-05, 3.2417e+01, 5.4022e-02, 
 2DIAGNOSTIC,    32, -5.222678184509e-01, 1.094614253816e-05, 3.2488e+01, 7.1016e-02, 
 2DIAGNOSTIC,    33, -5.223189592361e-01, 1.181349125545e-05, 3.2542e+01, 5.3942e-02, 
 2DIAGNOSTIC,    34, -5.223290920258e-01, 1.217284898303e-05, 3.2587e+01, 4.5389e-02, 
 2DIAGNOSTIC,    35, -5.222672820091e-01, 1.183856329590e-05, 3.2633e+01, 4.5420e-02, 
 2DIAGNOSTIC,    36, -5.223343968391e-01, 1.189652721223e-05, 3.2678e+01, 4.5685e-02, 
 2DIAGNOSTIC,    37, -5.223383307457e-01, 1.105243973143e-05, 3.2732e+01, 5.4025e-02, 
 2DIAGNOSTIC,    38, -5.224061608315e-01, 1.201511167892e-05, 3.2778e+01, 4.5558e-02, 
 2DIAGNOSTIC,    39, -5.223452448845e-01, 8.899077329261e-06, 3.2832e+01, 5.3937e-02, 
 2DIAGNOSTIC,    40, -5.222856998444e-01, 4.460554919206e-06, 3.2886e+01, 5.3968e-02, 
 2DIAGNOSTIC,    41, -5.225117802620e-01, 4.658581929107e-06, 3.2965e+01, 7.9528e-02, 
 2DIAGNOSTIC,    42, -5.222853422165e-01, 2.774464292088e-06, 3.3027e+01, 6.1974e-02, 
 2DIAGNOSTIC,    43, -5.222880840302e-01, 1.562395937071e-06, 3.3081e+01, 5.3395e-02, 
DIAGNOSTIC,Iteration,metricValue,convergenceValue,ITERATION_TIME_INDEX,SINCE_LAST
 2DIAGNOSTIC,     1, -4.426746964455e-01, inf, 4.1721e+01, 8.6409e+00, 
 2DIAGNOSTIC,     2, -4.432499706745e-01, inf, 4.2098e+01, 3.7628e-01, 
 2DIAGNOSTIC,     3, -4.435503482819e-01, inf, 4.2474e+01, 3.7601e-01, 
 2DIAGNOSTIC,     4, -4.436008334160e-01, inf, 4.2928e+01, 4.5383e-01, 
 2DIAGNOSTIC,     5, -4.436306953430e-01, inf, 4.3304e+01, 3.7606e-01, 
 2DIAGNOSTIC,     6, -4.436875581741e-01, inf, 4.3680e+01, 3.7595e-01, 
 2DIAGNOSTIC,     7, -4.437447190285e-01, inf, 4.4211e+01, 5.3124e-01, 
 2DIAGNOSTIC,     8, -4.437592029572e-01, inf, 4.4587e+01, 3.7592e-01, 
 2DIAGNOSTIC,     9, -4.437948763371e-01, inf, 4.5273e+01, 6.8669e-01, 
 2DIAGNOSTIC,    10, -4.437918365002e-01, 1.195673248731e-04, 4.5727e+01, 4.5401e-01, 
 2DIAGNOSTIC,    11, -4.438014626503e-01, 5.928502287134e-05, 4.6104e+01, 3.7666e-01, 
 2DIAGNOSTIC,    12, -4.437985420227e-01, 3.410473800614e-05, 4.6481e+01, 3.7672e-01, 
 2DIAGNOSTIC,    13, -4.438504278660e-01, 2.729077459662e-05, 4.6935e+01, 4.5386e-01, 
 2DIAGNOSTIC,    14, -4.438554346561e-01, 2.167673846998e-05, 4.7312e+01, 3.7737e-01, 
 2DIAGNOSTIC,    15, -4.438680112362e-01, 1.683598929958e-05, 4.7766e+01, 4.5406e-01, 
 2DIAGNOSTIC,    16, -4.438666105270e-01, 1.345285090792e-05, 4.8143e+01, 3.7646e-01, 
 2DIAGNOSTIC,    17, -4.438986182213e-01, 1.277458341065e-05, 4.8597e+01, 4.5405e-01, 
 2DIAGNOSTIC,    18, -4.438487291336e-01, 9.815299563343e-06, 4.9052e+01, 4.5518e-01, 
 2DIAGNOSTIC,    19, -4.439134299755e-01, 9.860284990282e-06, 4.9817e+01, 7.6523e-01, 
 2DIAGNOSTIC,    20, -4.439220726490e-01, 9.267707355320e-06, 5.0271e+01, 4.5415e-01, 
 2DIAGNOSTIC,    21, -4.439185857773e-01, 8.214902663894e-06, 5.0647e+01, 3.7625e-01, 
 2DIAGNOSTIC,    22, -4.439020156860e-01, 6.055866833776e-06, 5.1102e+01, 4.5421e-01, 
 2DIAGNOSTIC,    23, -4.438975453377e-01, 5.002641046303e-06, 5.1556e+01, 4.5405e-01, 
 2DIAGNOSTIC,    24, -4.438844323158e-01, 3.457104185145e-06, 5.1932e+01, 3.7671e-01, 
 2DIAGNOSTIC,    25, -4.438854753971e-01, 2.165797468479e-06, 5.2382e+01, 4.4956e-01, 
DIAGNOSTIC,Iteration,metricValue,convergenceValue,ITERATION_TIME_INDEX,SINCE_LAST
 2DIAGNOSTIC,     1, -3.793642818928e-01, inf, 6.0668e+01, 8.2862e+00, 
  Elapsed time (stage 0): 6.2485e+01


Stage 1
  iterations = 1000x500x250x0
  convergence threshold = 1.0000e-06
  convergence window size = 10
  number of levels = 4
  using the Mattes MI metric (number of bins = 32, weight = 1.0000e+00)
  preprocessing:  winsorizing the image intensities
  Shrink factors (level 1 out of 4): [12, 12, 12]
  Shrink factors (level 2 out of 4): [8, 8, 8]
  Shrink factors (level 3 out of 4): [4, 4, 4]
  Shrink factors (level 4 out of 4): [2, 2, 2]
  smoothing sigmas per level: [4, 3, 2, 1]
  regular sampling (percentage = 2.5000e-01)

*** Running AffineTransform registration ***

DIAGNOSTIC,Iteration,metricValue,convergenceValue,ITERATION_TIME_INDEX,SINCE_LAST
 2DIAGNOSTIC,     1, -6.082133650780e-01, inf, 1.7198e+01, 1.7198e+01, 
 2DIAGNOSTIC,     2, -6.092538833618e-01, inf, 1.7210e+01, 1.1900e-02, 
 2DIAGNOSTIC,     3, -6.111082434654e-01, inf, 1.7221e+01, 1.1762e-02, 
 2DIAGNOSTIC,     4, -6.131971478462e-01, inf, 1.7233e+01, 1.1679e-02, 
 2DIAGNOSTIC,     5, -6.169173717499e-01, inf, 1.7245e+01, 1.1614e-02, 
 2DIAGNOSTIC,     6, -6.232705712318e-01, inf, 1.7258e+01, 1.3501e-02, 
 2DIAGNOSTIC,     7, -6.285401582718e-01, inf, 1.7273e+01, 1.5140e-02, 
 2DIAGNOSTIC,     8, -6.317582130432e-01, inf, 1.7285e+01, 1.1843e-02, 
 2DIAGNOSTIC,     9, -6.329774856567e-01, inf, 1.7300e+01, 1.4880e-02, 
 2DIAGNOSTIC,    10, -6.334606409073e-01, 3.147253999487e-03, 1.7312e+01, 1.2320e-02, 
 2DIAGNOSTIC,    11, -6.347341537476e-01, 2.772752428427e-03, 1.7327e+01, 1.4163e-02, 
 2DIAGNOSTIC,    12, -6.366292238235e-01, 2.320956671610e-03, 1.7344e+01, 1.7222e-02, 
 2DIAGNOSTIC,    13, -6.366565823555e-01, 1.796204014681e-03, 1.7358e+01, 1.4034e-02, 
 2DIAGNOSTIC,    14, -6.370771527290e-01, 1.268594991416e-03, 1.7370e+01, 1.2358e-02, 
 2DIAGNOSTIC,    15, -6.369296312332e-01, 8.032993646339e-04, 1.7382e+01, 1.2309e-02, 
 2DIAGNOSTIC,    16, -6.372128129005e-01, 5.085971206427e-04, 1.7395e+01, 1.2328e-02, 
 2DIAGNOSTIC,    17, -6.369931101799e-01, 3.341786796227e-04, 1.7407e+01, 1.2549e-02, 
 2DIAGNOSTIC,    18, -6.378039121628e-01, 2.497884852346e-04, 1.7421e+01, 1.4035e-02, 
 2DIAGNOSTIC,    19, -6.384684443474e-01, 1.963871618500e-04, 1.7435e+01, 1.3957e-02, 
 2DIAGNOSTIC,    20, -6.382054090500e-01, 1.347136712866e-04, 1.7452e+01, 1.7008e-02, 
 2DIAGNOSTIC,    21, -6.384158730507e-01, 9.804356523091e-05, 1.7465e+01, 1.2424e-02, 
 2DIAGNOSTIC,    22, -6.386224627495e-01, 9.891765512293e-05, 1.7480e+01, 1.5544e-02, 
 2DIAGNOSTIC,    23, -6.389486789703e-01, 9.690062142909e-05, 1.7493e+01, 1.2462e-02, 
 2DIAGNOSTIC,    24, -6.387705802917e-01, 9.042477904586e-05, 1.7505e+01, 1.2410e-02, 
 2DIAGNOSTIC,    25, -6.387701630592e-01, 7.373510015896e-05, 1.7521e+01, 1.5586e-02, 
 2DIAGNOSTIC,    26, -6.385556459427e-01, 5.318743569660e-05, 1.7533e+01, 1.2352e-02, 
 2DIAGNOSTIC,    27, -6.386660337448e-01, 2.710172702791e-05, 1.7546e+01, 1.2400e-02, 
 2DIAGNOSTIC,    28, -6.393518447876e-01, 2.401736855973e-05, 1.7561e+01, 1.5654e-02, 
 2DIAGNOSTIC,    29, -6.404835581779e-01, 4.673704825109e-05, 1.7578e+01, 1.7307e-02, 
 2DIAGNOSTIC,    30, -6.405497193336e-01, 6.037518323865e-05, 1.7592e+01, 1.3956e-02, 
 2DIAGNOSTIC,    31, -6.405702233315e-01, 7.116597407730e-05, 1.7605e+01, 1.2357e-02, 
 2DIAGNOSTIC,    32, -6.403039097786e-01, 7.384376658592e-05, 1.7617e+01, 1.2303e-02, 
 2DIAGNOSTIC,    33, -6.403218507767e-01, 7.405540964101e-05, 1.7631e+01, 1.3936e-02, 
 2DIAGNOSTIC,    34, -6.403324604034e-01, 6.476372072939e-05, 1.7643e+01, 1.2345e-02, 
 2DIAGNOSTIC,    35, -6.400626301765e-01, 4.659597834689e-05, 1.7656e+01, 1.2335e-02, 
 2DIAGNOSTIC,    36, -6.400862932205e-01, 2.312734432053e-05, 1.7668e+01, 1.2335e-02, 
DIAGNOSTIC,Iteration,metricValue,convergenceValue,ITERATION_TIME_INDEX,SINCE_LAST
 2DIAGNOSTIC,     1, -5.184202194214e-01, inf, 3.0901e+01, 1.3233e+01, 
 2DIAGNOSTIC,     2, -5.200164318085e-01, inf, 3.0958e+01, 5.6648e-02, 
 2DIAGNOSTIC,     3, -5.222840905190e-01, inf, 3.1015e+01, 5.6913e-02, 
 2DIAGNOSTIC,     4, -5.245149135590e-01, inf, 3.1071e+01, 5.6184e-02, 
 2DIAGNOSTIC,     5, -5.271682739258e-01, inf, 3.1127e+01, 5.6218e-02, 
 2DIAGNOSTIC,     6, -5.292634963989e-01, inf, 3.1201e+01, 7.3997e-02, 
 2DIAGNOSTIC,     7, -5.301346778870e-01, inf, 3.1266e+01, 6.5235e-02, 
 2DIAGNOSTIC,     8, -5.308157801628e-01, inf, 3.1322e+01, 5.6083e-02, 
 2DIAGNOSTIC,     9, -5.347644686699e-01, inf, 3.1378e+01, 5.5774e-02, 
 2DIAGNOSTIC,    10, -5.364262461662e-01, 2.150708111003e-03, 3.1461e+01, 8.3086e-02, 
 2DIAGNOSTIC,    11, -5.367322564125e-01, 1.867158687674e-03, 3.1535e+01, 7.3826e-02, 
 2DIAGNOSTIC,    12, -5.371212959290e-01, 1.555921393447e-03, 3.1591e+01, 5.6451e-02, 
 2DIAGNOSTIC,    13, -5.374785065651e-01, 1.261138590053e-03, 3.1657e+01, 6.5267e-02, 
 2DIAGNOSTIC,    14, -5.375722050667e-01, 9.795281803235e-04, 3.1721e+01, 6.4422e-02, 
 2DIAGNOSTIC,    15, -5.375555753708e-01, 7.383015472442e-04, 3.1777e+01, 5.5562e-02, 
 2DIAGNOSTIC,    16, -5.374826192856e-01, 5.291923298500e-04, 3.1841e+01, 6.4497e-02, 
 2DIAGNOSTIC,    17, -5.375435352325e-01, 3.273390175309e-04, 3.1897e+01, 5.5638e-02, 
 2DIAGNOSTIC,    18, -5.376855134964e-01, 1.396055304212e-04, 3.1961e+01, 6.4536e-02, 
 2DIAGNOSTIC,    19, -5.376631021500e-01, 6.817822577432e-05, 3.2017e+01, 5.5458e-02, 
 2DIAGNOSTIC,    20, -5.377963185310e-01, 4.583902409649e-05, 3.2081e+01, 6.4686e-02, 
 2DIAGNOSTIC,    21, -5.379322171211e-01, 3.260322409915e-05, 3.2155e+01, 7.3294e-02, 
 2DIAGNOSTIC,    22, -5.378947257996e-01, 2.588107417978e-05, 3.2211e+01, 5.5834e-02, 
 2DIAGNOSTIC,    23, -5.379306674004e-01, 2.653669616848e-05, 3.2275e+01, 6.4647e-02, 
 2DIAGNOSTIC,    24, -5.378892421722e-01, 2.595698606456e-05, 3.2331e+01, 5.5536e-02, 
 2DIAGNOSTIC,    25, -5.379719734192e-01, 2.459524876031e-05, 3.2395e+01, 6.4511e-02, 
 2DIAGNOSTIC,    26, -5.378607511520e-01, 1.726588925521e-05, 3.2460e+01, 6.4575e-02, 
 2DIAGNOSTIC,    27, -5.377941131592e-01, 8.887061994756e-06, 3.2524e+01, 6.4606e-02, 
 2DIAGNOSTIC,    28, -5.378676652908e-01, 4.597207407642e-06, 3.2580e+01, 5.5700e-02, 
 2DIAGNOSTIC,    29, -5.381046533585e-01, 4.082985469722e-06, 3.2663e+01, 8.2694e-02, 
 2DIAGNOSTIC,    30, -5.383659601212e-01, 1.011221411318e-05, 3.2728e+01, 6.4842e-02, 
 2DIAGNOSTIC,    31, -5.383885502815e-01, 1.759939914336e-05, 3.2792e+01, 6.4063e-02, 
 2DIAGNOSTIC,    32, -5.383681654930e-01, 2.220799433417e-05, 3.2857e+01, 6.4974e-02, 
 2DIAGNOSTIC,    33, -5.382005572319e-01, 2.246164876851e-05, 3.2921e+01, 6.4183e-02, 
 2DIAGNOSTIC,    34, -5.380561351776e-01, 1.767501271388e-05, 3.2976e+01, 5.5389e-02, 
 2DIAGNOSTIC,    35, -5.380445122719e-01, 1.265319133381e-05, 3.3032e+01, 5.5227e-02, 
 2DIAGNOSTIC,    36, -5.380835533142e-01, 5.748777766712e-06, 3.3087e+01, 5.5210e-02, 
DIAGNOSTIC,Iteration,metricValue,convergenceValue,ITERATION_TIME_INDEX,SINCE_LAST
 2DIAGNOSTIC,     1, -4.555103182793e-01, inf, 4.1704e+01, 8.6169e+00, 
 2DIAGNOSTIC,     2, -4.556975662708e-01, inf, 4.2160e+01, 4.5596e-01, 
 2DIAGNOSTIC,     3, -4.560627043247e-01, inf, 4.2617e+01, 4.5770e-01, 
 2DIAGNOSTIC,     4, -4.565143585205e-01, inf, 4.3076e+01, 4.5876e-01, 
 2DIAGNOSTIC,     5, -4.570982158184e-01, inf, 4.3537e+01, 4.6064e-01, 
 2DIAGNOSTIC,     6, -4.579911231995e-01, inf, 4.4397e+01, 8.6026e-01, 
 2DIAGNOSTIC,     7, -4.581191837788e-01, inf, 4.5015e+01, 6.1831e-01, 
 2DIAGNOSTIC,     8, -4.581200778484e-01, inf, 4.5553e+01, 5.3791e-01, 
 2DIAGNOSTIC,     9, -4.581156373024e-01, inf, 4.6094e+01, 5.4067e-01, 
 2DIAGNOSTIC,    10, -4.581144452095e-01, 4.419827600941e-04, 4.6636e+01, 5.4162e-01, 
 2DIAGNOSTIC,    11, -4.581194221973e-01, 3.327231097501e-04, 4.7096e+01, 4.6055e-01, 
 2DIAGNOSTIC,    12, -4.581392705441e-01, 2.227975492133e-04, 4.7632e+01, 5.3566e-01, 
 2DIAGNOSTIC,    13, -4.581616520882e-01, 1.288267812924e-04, 4.8087e+01, 4.5485e-01, 
 2DIAGNOSTIC,    14, -4.582113623619e-01, 5.889187741559e-05, 4.8540e+01, 4.5336e-01, 
 2DIAGNOSTIC,    15, -4.582897722721e-01, 1.952746970346e-05, 4.8997e+01, 4.5703e-01, 
 2DIAGNOSTIC,    16, -4.584201276302e-01, 2.302151369804e-05, 4.9451e+01, 4.5442e-01, 
 2DIAGNOSTIC,    17, -4.586246609688e-01, 3.622630902100e-05, 4.9907e+01, 4.5552e-01, 
 2DIAGNOSTIC,    18, -4.588019549847e-01, 5.081504787086e-05, 5.0360e+01, 4.5350e-01, 
 2DIAGNOSTIC,    19, -4.590925574303e-01, 6.862736336188e-05, 5.1293e+01, 9.3260e-01, 
 2DIAGNOSTIC,    20, -4.591200053692e-01, 7.911192369647e-05, 5.1745e+01, 4.5237e-01, 
 2DIAGNOSTIC,    21, -4.591156542301e-01, 8.147775224643e-05, 5.2200e+01, 4.5462e-01, 
 2DIAGNOSTIC,    22, -4.591369926929e-01, 7.737623673165e-05, 5.2653e+01, 4.5270e-01, 
 2DIAGNOSTIC,    23, -4.591969251633e-01, 6.865728937555e-05, 5.3108e+01, 4.5577e-01, 
 2DIAGNOSTIC,    24, -4.592137634754e-01, 5.596459232038e-05, 5.3645e+01, 5.3629e-01, 
 2DIAGNOSTIC,    25, -4.593552052975e-01, 4.463184086489e-05, 5.4579e+01, 9.3390e-01, 
 2DIAGNOSTIC,    26, -4.593650996685e-01, 3.339523027535e-05, 5.5115e+01, 5.3586e-01, 
 2DIAGNOSTIC,    27, -4.593667387962e-01, 2.469974606356e-05, 5.5649e+01, 5.3406e-01, 
 2DIAGNOSTIC,    28, -4.593655467033e-01, 1.815790710680e-05, 5.6104e+01, 4.5530e-01, 
 2DIAGNOSTIC,    29, -4.593575894833e-01, 1.647747922107e-05, 5.6640e+01, 5.3624e-01, 
 2DIAGNOSTIC,    30, -4.593470990658e-01, 1.378762408422e-05, 5.7255e+01, 6.1530e-01, 
 2DIAGNOSTIC,    31, -4.593485593796e-01, 1.000671818474e-05, 5.7791e+01, 5.3594e-01, 
 2DIAGNOSTIC,    32, -4.593423008919e-01, 5.912504093430e-06, 5.8326e+01, 5.3446e-01, 
 2DIAGNOSTIC,    33, -4.593363106251e-01, 2.641430455697e-06, 5.8856e+01, 5.2973e-01, 
DIAGNOSTIC,Iteration,metricValue,convergenceValue,ITERATION_TIME_INDEX,SINCE_LAST
 2DIAGNOSTIC,     1, -3.916248679161e-01, inf, 6.7583e+01, 8.7274e+00, 
  Elapsed time (stage 1): 6.9305e+01


Stage 2
  iterations = 100x100x70x50x0
  convergence threshold = 1.0000e-06
  convergence window size = 10
  number of levels = 5
  using the Mattes MI metric (number of bins = 32, weight = 1.0000e+00)
  preprocessing:  winsorizing the image intensities
  Shrink factors (level 1 out of 5): [10, 10, 10]
  Shrink factors (level 2 out of 5): [6, 6, 6]
  Shrink factors (level 3 out of 5): [4, 4, 4]
  Shrink factors (level 4 out of 5): [2, 2, 2]
  Shrink factors (level 5 out of 5): [1, 1, 1]
  smoothing sigmas per level: [5, 3, 2, 1, 0]
  Using default NONE metricSamplingStrategy 

*** Running SyN registration (varianceForUpdateField = 3.0000e+00, varianceForTotalField = 0.0000e+00) ***

XXDIAGNOSTIC,Iteration,metricValue,convergenceValue,ITERATION_TIME_INDEX,SINCE_LAST
 1DIAGNOSTIC,     1, -5.238769054413e-01, inf, 3.0493e+01, 3.0493e+01, 
 1DIAGNOSTIC,     2, -5.401030182838e-01, inf, 3.0645e+01, 1.5194e-01, 
 1DIAGNOSTIC,     3, -5.536151528358e-01, inf, 3.0797e+01, 1.5178e-01, 
 1DIAGNOSTIC,     4, -5.577118396759e-01, inf, 3.0942e+01, 1.4546e-01, 
 1DIAGNOSTIC,     5, -5.581589937210e-01, inf, 3.1088e+01, 1.4575e-01, 
 1DIAGNOSTIC,     6, -5.584766268730e-01, inf, 3.1233e+01, 1.4539e-01, 
 1DIAGNOSTIC,     7, -5.553600788116e-01, inf, 3.1379e+01, 1.4551e-01, 
 1DIAGNOSTIC,     8, -5.545457601547e-01, inf, 3.1524e+01, 1.4545e-01, 
 1DIAGNOSTIC,     9, -5.499312281609e-01, inf, 3.1670e+01, 1.4566e-01, 
 1DIAGNOSTIC,    10, -5.484074354172e-01, 1.694165403023e-03, 3.1816e+01, 1.4641e-01, 
 1DIAGNOSTIC,    11, -5.456320047379e-01, -3.113762359135e-04, 3.1963e+01, 1.4633e-01, 
XXDIAGNOSTIC,Iteration,metricValue,convergenceValue,ITERATION_TIME_INDEX,SINCE_LAST
 1DIAGNOSTIC,     1, -4.330232739449e-01, inf, 4.5521e+01, 1.3558e+01, 
 1DIAGNOSTIC,     2, -4.356102645397e-01, inf, 4.6091e+01, 5.7077e-01, 
 1DIAGNOSTIC,     3, -4.367265701294e-01, inf, 4.6679e+01, 5.8752e-01, 
 1DIAGNOSTIC,     4, -4.367730617523e-01, inf, 4.7251e+01, 5.7213e-01, 
 1DIAGNOSTIC,     5, -4.364303350449e-01, inf, 4.7827e+01, 5.7595e-01, 
 1DIAGNOSTIC,     6, -4.361143708229e-01, inf, 4.8402e+01, 5.7468e-01, 
 1DIAGNOSTIC,     7, -4.351632893085e-01, inf, 4.8978e+01, 5.7597e-01, 
 1DIAGNOSTIC,     8, -4.340832233429e-01, inf, 4.9557e+01, 5.7953e-01, 
 1DIAGNOSTIC,     9, -4.326660335064e-01, inf, 5.0129e+01, 5.7201e-01, 
 1DIAGNOSTIC,    10, -4.318200349808e-01, -4.174007626716e-04, 5.0705e+01, 5.7560e-01, 
XXDIAGNOSTIC,Iteration,metricValue,convergenceValue,ITERATION_TIME_INDEX,SINCE_LAST
 1DIAGNOSTIC,     1, -3.673551082611e-01, inf, 6.0587e+01, 9.8817e+00, 
 1DIAGNOSTIC,     2, -3.682288527489e-01, inf, 6.2394e+01, 1.8071e+00, 
 1DIAGNOSTIC,     3, -3.688600063324e-01, inf, 6.4180e+01, 1.7864e+00, 
 1DIAGNOSTIC,     4, -3.691168129444e-01, inf, 6.5971e+01, 1.7914e+00, 
 1DIAGNOSTIC,     5, -3.694035410881e-01, inf, 6.7807e+01, 1.8355e+00, 
 1DIAGNOSTIC,     6, -3.694203794003e-01, inf, 6.9589e+01, 1.7818e+00, 
 1DIAGNOSTIC,     7, -3.692370057106e-01, inf, 7.1428e+01, 1.8389e+00, 
 1DIAGNOSTIC,     8, -3.686308860779e-01, inf, 7.3212e+01, 1.7845e+00, 
 1DIAGNOSTIC,     9, -3.682984113693e-01, inf, 7.5050e+01, 1.8381e+00, 
 1DIAGNOSTIC,    10, -3.681313395500e-01, 5.984268136672e-05, 7.6842e+01, 1.7921e+00, 
 1DIAGNOSTIC,    11, -3.679513931274e-01, -1.288585626753e-04, 7.8630e+01, 1.7875e+00, 
XXDIAGNOSTIC,Iteration,metricValue,convergenceValue,ITERATION_TIME_INDEX,SINCE_LAST
 1DIAGNOSTIC,     1, -3.117225468159e-01, inf, 9.8256e+01, 1.9626e+01, 
 1DIAGNOSTIC,     2, -3.127404749393e-01, inf, 1.1104e+02, 1.2784e+01, 
 1DIAGNOSTIC,     3, -3.137192130089e-01, inf, 1.2388e+02, 1.2835e+01, 
 1DIAGNOSTIC,     4, -3.146214485168e-01, inf, 1.3675e+02, 1.2872e+01, 
 1DIAGNOSTIC,     5, -3.154467046261e-01, inf, 1.4963e+02, 1.2886e+01, 
 1DIAGNOSTIC,     6, -3.161058723927e-01, inf, 1.6247e+02, 1.2834e+01, 
 1DIAGNOSTIC,     7, -3.167703747749e-01, inf, 1.7538e+02, 1.2912e+01, 
 1DIAGNOSTIC,     8, -3.173251748085e-01, inf, 1.8866e+02, 1.3281e+01, 
 1DIAGNOSTIC,     9, -3.178289532661e-01, inf, 2.0195e+02, 1.3286e+01, 
 1DIAGNOSTIC,    10, -3.182673454285e-01, 1.321639749222e-03, 2.1521e+02, 1.3264e+01, 
 1DIAGNOSTIC,    11, -3.186397552490e-01, 1.075793406926e-03, 2.2894e+02, 1.3732e+01, 
 1DIAGNOSTIC,    12, -3.189644217491e-01, 8.744475780986e-04, 2.4282e+02, 1.3876e+01, 
 1DIAGNOSTIC,    13, -3.192275464535e-01, 7.103481329978e-04, 2.5656e+02, 1.3736e+01, 
 1DIAGNOSTIC,    14, -3.194737434387e-01, 5.783382803202e-04, 2.7037e+02, 1.3810e+01, 
 1DIAGNOSTIC,    15, -3.196772336960e-01, 4.723917227238e-04, 2.8406e+02, 1.3696e+01, 
 1DIAGNOSTIC,    16, -3.198703229427e-01, 3.838001866825e-04, 2.9797e+02, 1.3914e+01, 
 1DIAGNOSTIC,    17, -3.200511336327e-01, 3.146465751342e-04, 3.1168e+02, 1.3701e+01, 
 1DIAGNOSTIC,    18, -3.202322125435e-01, 2.605244226288e-04, 3.2540e+02, 1.3723e+01, 
 1DIAGNOSTIC,    19, -3.203882277012e-01, 2.188691432821e-04, 3.3925e+02, 1.3852e+01, 
 1DIAGNOSTIC,    20, -3.205380439758e-01, 1.872519642347e-04, 3.5303e+02, 1.3782e+01, 
 1DIAGNOSTIC,    21, -3.206587135792e-01, 1.621186966076e-04, 3.6679e+02, 1.3761e+01, 
 1DIAGNOSTIC,    22, -3.207208514214e-01, 1.398259337293e-04, 3.8053e+02, 1.3740e+01, 
 1DIAGNOSTIC,    23, -3.207909464836e-01, 1.193527787109e-04, 3.9429e+02, 1.3758e+01, 
 1DIAGNOSTIC,    24, -3.208404779434e-01, 1.004164732876e-04, 4.0812e+02, 1.3825e+01, 
 1DIAGNOSTIC,    25, -3.208396434784e-01, 8.082064596238e-05, 4.2182e+02, 1.3700e+01, 
 1DIAGNOSTIC,    26, -3.208827376366e-01, 6.332348129945e-05, 4.3567e+02, 1.3856e+01, 
 1DIAGNOSTIC,    27, -3.209377825260e-01, 4.898089173366e-05, 4.4944e+02, 1.3770e+01, 
 1DIAGNOSTIC,    28, -3.209664225578e-01, 3.773972639465e-05, 4.6325e+02, 1.3806e+01, 
 1DIAGNOSTIC,    29, -3.210223317146e-01, 3.027006823686e-05, 4.7703e+02, 1.3784e+01, 
 1DIAGNOSTIC,    30, -3.210921287537e-01, 2.700631739572e-05, 4.9089e+02, 1.3856e+01, 
 1DIAGNOSTIC,    31, -3.211265206337e-01, 2.590461190266e-05, 5.0466e+02, 1.3769e+01, 
 1DIAGNOSTIC,    32, -3.211823105812e-01, 2.574920836196e-05, 5.1865e+02, 1.3992e+01, 
 1DIAGNOSTIC,    33, -3.212525248528e-01, 2.700026197999e-05, 5.3250e+02, 1.3847e+01, 
 1DIAGNOSTIC,    34, -3.213433027267e-01, 2.936619239335e-05, 5.4651e+02, 1.4015e+01, 
 1DIAGNOSTIC,    35, -3.213884532452e-01, 2.996073817485e-05, 5.6024e+02, 1.3726e+01, 
 1DIAGNOSTIC,    36, -3.214590847492e-01, 3.056311106775e-05, 5.7412e+02, 1.3879e+01, 
 1DIAGNOSTIC,    37, -3.214593529701e-01, 2.963219230878e-05, 5.8793e+02, 1.3816e+01, 
 1DIAGNOSTIC,    38, -3.214537501335e-01, 2.654273339431e-05, 6.0185e+02, 1.3915e+01, 
 1DIAGNOSTIC,    39, -3.215071558952e-01, 2.362834675296e-05, 6.1555e+02, 1.3705e+01, 
 1DIAGNOSTIC,    40, -3.215144872665e-01, 2.035460238403e-05, 6.2936e+02, 1.3810e+01, 
 1DIAGNOSTIC,    41, -3.215301632881e-01, 1.645612064749e-05, 6.4311e+02, 1.3745e+01, 
 1DIAGNOSTIC,    42, -3.215411603451e-01, 1.266433628189e-05, 6.5696e+02, 1.3850e+01, 
 1DIAGNOSTIC,    43, -3.215125203133e-01, 8.752049325267e-06, 6.7082e+02, 1.3858e+01, 
 1DIAGNOSTIC,    44, -3.215031325817e-01, 5.895744834561e-06, 6.8459e+02, 1.3775e+01, 
 1DIAGNOSTIC,    45, -3.214528262615e-01, 2.523743432903e-06, 6.9852e+02, 1.3929e+01, 
 1DIAGNOSTIC,    46, -3.213603496552e-01, -1.270901634598e-06, 7.1235e+02, 1.3828e+01, 
  Elapsed time (stage 2): 736.2


Total elapsed time: 868

--- Writing output images ---

Using double precision for computations.
Input scalar image: data/Segmentations/1002_3_seg.nii.gz
Reference image: data/template/T_template0_BrainCerebellum.nii.gz
=============================================================================
The composite transform comprises the following transforms (in order): 
  1. /tmp/1978809.1.basic.q/1002_ToTemplate_007_0GenericAffine.mat (type = AffineTransform)
  2. /tmp/1978809.1.basic.q/1002_ToTemplate_007_1Warp.nii.gz (type = DisplacementFieldTransform)
=============================================================================
Default pixel value: 0
Interpolation type: LabelImageGenericInterpolateImageFunction
Output warped image: output/1002/1002_WarpedLabels_007.nii.gz

--- Done ---

