
--- Running on compute-1-14.local ---


--- registration call ---
/data/jet/pcook/bin/antsBuild/bin/antsRegistrationSyNQuick.sh -d 3 -f data/template/T_template0_BrainCerebellum.nii.gz -m data/Brains/1101_3.nii.gz -t s -p f -n 1 -o /tmp/1978966.1.basic.q/1101_ToTemplate_014_
---


--------------------------------------------------------------------------------------
 Mapping parameters
--------------------------------------------------------------------------------------
 ANTSPATH is /data/jet/pcook/bin/antsBuild/bin/

 Dimensionality:           3
 Output name prefix:       /tmp/1978966.1.basic.q/1101_ToTemplate_014_
 Fixed images:             data/template/T_template0_BrainCerebellum.nii.gz
 Moving images:            data/Brains/1101_3.nii.gz
 Mask images:              
 Initial transforms:       
 Number of threads:        1
 Spline distance:          26
 Transform type:           s
 MI histogram bins:        32
 Precision:                f
 Use histogram matching    0
======================================================================================
 antsRegistration call:
--------------------------------------------------------------------------------------
/data/jet/pcook/bin/antsBuild/bin//antsRegistration --verbose 1 --dimensionality 3 --float 1 --collapse-output-transforms 1 --output [/tmp/1978966.1.basic.q/1101_ToTemplate_014_,/tmp/1978966.1.basic.q/1101_ToTemplate_014_Warped.nii.gz,/tmp/1978966.1.basic.q/1101_ToTemplate_014_InverseWarped.nii.gz] --interpolation Linear --use-histogram-matching 0 --winsorize-image-intensities [0.005,0.995] --initial-moving-transform [data/template/T_template0_BrainCerebellum.nii.gz,data/Brains/1101_3.nii.gz,1] --transform Rigid[0.1] --metric MI[data/template/T_template0_BrainCerebellum.nii.gz,data/Brains/1101_3.nii.gz,1,32,Regular,0.25] --convergence [1000x500x250x0,1e-6,10] --shrink-factors 12x8x4x2 --smoothing-sigmas 4x3x2x1vox --transform Affine[0.1] --metric MI[data/template/T_template0_BrainCerebellum.nii.gz,data/Brains/1101_3.nii.gz,1,32,Regular,0.25] --convergence [1000x500x250x0,1e-6,10] --shrink-factors 12x8x4x2 --smoothing-sigmas 4x3x2x1vox --transform SyN[0.1,3,0] --metric MI[data/template/T_template0_BrainCerebellum.nii.gz,data/Brains/1101_3.nii.gz,1,32] --convergence [100x100x70x50x0,1e-6,10] --shrink-factors 10x6x4x2x1 --smoothing-sigmas 5x3x2x1x0vox
--------------------------------------------------------------------------------------
All_Command_lines_OK
Using single precision for computations.
=============================================================================
The composite transform comprises the following transforms (in order): 
  1. Center of mass alignment using fixed image: data/template/T_template0_BrainCerebellum.nii.gz and moving image: data/Brains/1101_3.nii.gz (type = Euler3DTransform)
=============================================================================
  number of levels = 4
  number of levels = 4
  number of levels = 5
  fixed image: data/template/T_template0_BrainCerebellum.nii.gz
  moving image: data/Brains/1101_3.nii.gz
  fixed image: data/template/T_template0_BrainCerebellum.nii.gz
  moving image: data/Brains/1101_3.nii.gz
  fixed image: data/template/T_template0_BrainCerebellum.nii.gz
  moving image: data/Brains/1101_3.nii.gz
Dimension = 3
Number of stages = 3
Use Histogram Matching false
Winsorize image intensities true
Lower quantile = 0.005
Upper quantile = 0.995
Stage 1 State
   Image metric = Mattes
     Fixed image = Image (0x378f440)
  RTTI typeinfo:   itk::Image<float, 3u>
  Reference Count: 2
  Modified Time: 1611
  Debug: Off
  Object Name: 
  Observers: 
    none
  Source: (none)
  Source output name: (none)
  Release Data: Off
  Data Released: False
  Global Release Data: Off
  PipelineMTime: 0
  UpdateMTime: 1422
  RealTimeStamp: 0 seconds 
  LargestPossibleRegion: 
    Dimension: 3
    Index: [0, 0, 0]
    Size: [216, 256, 291]
  BufferedRegion: 
    Dimension: 3
    Index: [0, 0, 0]
    Size: [216, 256, 291]
  RequestedRegion: 
    Dimension: 3
    Index: [0, 0, 0]
    Size: [216, 256, 291]
  Spacing: [1, 1, 1]
  Origin: [0, 293, 0]
  Direction: 
1 0 0
0 -0 -1
0 -1 -0

  IndexToPointMatrix: 
1 0 0
0 0 -1
0 -1 0

  PointToIndexMatrix: 
1 0 0
0 0 -1
0 -1 0

  Inverse Direction: 
1 0 0
0 0 -1
0 -1 0

  PixelContainer: 
    ImportImageContainer (0x3775120)
      RTTI typeinfo:   itk::ImportImageContainer<unsigned long, float>
      Reference Count: 1
      Modified Time: 1419
      Debug: Off
      Object Name: 
      Observers: 
        none
      Pointer: 0x7faa057a6010
      Container manages memory: true
      Size: 16091136
      Capacity: 16091136

     Moving image = Image (0x378fe80)
  RTTI typeinfo:   itk::Image<float, 3u>
  Reference Count: 2
  Modified Time: 1612
  Debug: Off
  Object Name: 
  Observers: 
    none
  Source: (none)
  Source output name: (none)
  Release Data: Off
  Data Released: False
  Global Release Data: Off
  PipelineMTime: 0
  UpdateMTime: 1609
  RealTimeStamp: 0 seconds 
  LargestPossibleRegion: 
    Dimension: 3
    Index: [0, 0, 0]
    Size: [256, 256, 307]
  BufferedRegion: 
    Dimension: 3
    Index: [0, 0, 0]
    Size: [256, 256, 307]
  RequestedRegion: 
    Dimension: 3
    Index: [0, 0, 0]
    Size: [256, 256, 307]
  Spacing: [1, 1, 1]
  Origin: [0, 306, 0]
  Direction: 
1 0 0
0 -0 -1
0 -1 -0

  IndexToPointMatrix: 
1 0 0
0 0 -1
0 -1 0

  PointToIndexMatrix: 
1 0 0
0 0 -1
0 -1 0

  Inverse Direction: 
1 0 0
0 0 -1
0 -1 0

  PixelContainer: 
    ImportImageContainer (0x37922d0)
      RTTI typeinfo:   itk::ImportImageContainer<unsigned long, float>
      Reference Count: 1
      Modified Time: 1606
      Debug: Off
      Object Name: 
      Observers: 
        none
      Pointer: 0x7faa00ae5010
      Container manages memory: true
      Size: 20119552
      Capacity: 20119552

     Weighting = 1
     Sampling strategy = regular
     Number of bins = 32
     Radius = 4
     Sampling percentage  = 0.25
   Transform = Rigid
     Gradient step = 0.1
     Update field sigma (voxel space) = 0
     Total field sigma (voxel space) = 0
     Update field time sigma = 0
     Total field time sigma  = 0
     Number of time indices = 0
     Number of time point samples = 0
Stage 2 State
   Image metric = Mattes
     Fixed image = Image (0x379a6e0)
  RTTI typeinfo:   itk::Image<float, 3u>
  Reference Count: 2
  Modified Time: 1987
  Debug: Off
  Object Name: 
  Observers: 
    none
  Source: (none)
  Source output name: (none)
  Release Data: Off
  Data Released: False
  Global Release Data: Off
  PipelineMTime: 0
  UpdateMTime: 1798
  RealTimeStamp: 0 seconds 
  LargestPossibleRegion: 
    Dimension: 3
    Index: [0, 0, 0]
    Size: [216, 256, 291]
  BufferedRegion: 
    Dimension: 3
    Index: [0, 0, 0]
    Size: [216, 256, 291]
  RequestedRegion: 
    Dimension: 3
    Index: [0, 0, 0]
    Size: [216, 256, 291]
  Spacing: [1, 1, 1]
  Origin: [0, 293, 0]
  Direction: 
1 0 0
0 -0 -1
0 -1 -0

  IndexToPointMatrix: 
1 0 0
0 0 -1
0 -1 0

  PointToIndexMatrix: 
1 0 0
0 0 -1
0 -1 0

  Inverse Direction: 
1 0 0
0 0 -1
0 -1 0

  PixelContainer: 
    ImportImageContainer (0x379af80)
      RTTI typeinfo:   itk::ImportImageContainer<unsigned long, float>
      Reference Count: 1
      Modified Time: 1795
      Debug: Off
      Object Name: 
      Observers: 
        none
      Pointer: 0x7fa9fcd82010
      Container manages memory: true
      Size: 16091136
      Capacity: 16091136

     Moving image = Image (0x379aa70)
  RTTI typeinfo:   itk::Image<float, 3u>
  Reference Count: 2
  Modified Time: 1988
  Debug: Off
  Object Name: 
  Observers: 
    none
  Source: (none)
  Source output name: (none)
  Release Data: Off
  Data Released: False
  Global Release Data: Off
  PipelineMTime: 0
  UpdateMTime: 1985
  RealTimeStamp: 0 seconds 
  LargestPossibleRegion: 
    Dimension: 3
    Index: [0, 0, 0]
    Size: [256, 256, 307]
  BufferedRegion: 
    Dimension: 3
    Index: [0, 0, 0]
    Size: [256, 256, 307]
  RequestedRegion: 
    Dimension: 3
    Index: [0, 0, 0]
    Size: [256, 256, 307]
  Spacing: [1, 1, 1]
  Origin: [0, 306, 0]
  Direction: 
1 0 0
0 -0 -1
0 -1 -0

  IndexToPointMatrix: 
1 0 0
0 0 -1
0 -1 0

  PointToIndexMatrix: 
1 0 0
0 0 -1
0 -1 0

  Inverse Direction: 
1 0 0
0 0 -1
0 -1 0

  PixelContainer: 
    ImportImageContainer (0x379b970)
      RTTI typeinfo:   itk::ImportImageContainer<unsigned long, float>
      Reference Count: 1
      Modified Time: 1982
      Debug: Off
      Object Name: 
      Observers: 
        none
      Pointer: 0x7fa9f80c1010
      Container manages memory: true
      Size: 20119552
      Capacity: 20119552

     Weighting = 1
     Sampling strategy = regular
     Number of bins = 32
     Radius = 4
     Sampling percentage  = 0.25
   Transform = Affine
     Gradient step = 0.1
     Update field sigma (voxel space) = 0
     Total field sigma (voxel space) = 0
     Update field time sigma = 0
     Total field time sigma  = 0
     Number of time indices = 0
     Number of time point samples = 0
Stage 3 State
   Image metric = Mattes
     Fixed image = Image (0x37a17d0)
  RTTI typeinfo:   itk::Image<float, 3u>
  Reference Count: 2
  Modified Time: 2363
  Debug: Off
  Object Name: 
  Observers: 
    none
  Source: (none)
  Source output name: (none)
  Release Data: Off
  Data Released: False
  Global Release Data: Off
  PipelineMTime: 0
  UpdateMTime: 2174
  RealTimeStamp: 0 seconds 
  LargestPossibleRegion: 
    Dimension: 3
    Index: [0, 0, 0]
    Size: [216, 256, 291]
  BufferedRegion: 
    Dimension: 3
    Index: [0, 0, 0]
    Size: [216, 256, 291]
  RequestedRegion: 
    Dimension: 3
    Index: [0, 0, 0]
    Size: [216, 256, 291]
  Spacing: [1, 1, 1]
  Origin: [0, 293, 0]
  Direction: 
1 0 0
0 -0 -1
0 -1 -0

  IndexToPointMatrix: 
1 0 0
0 0 -1
0 -1 0

  PointToIndexMatrix: 
1 0 0
0 0 -1
0 -1 0

  Inverse Direction: 
1 0 0
0 0 -1
0 -1 0

  PixelContainer: 
    ImportImageContainer (0x37a1a60)
      RTTI typeinfo:   itk::ImportImageContainer<unsigned long, float>
      Reference Count: 1
      Modified Time: 2171
      Debug: Off
      Object Name: 
      Observers: 
        none
      Pointer: 0x7fa9f435e010
      Container manages memory: true
      Size: 16091136
      Capacity: 16091136

     Moving image = Image (0x37a41d0)
  RTTI typeinfo:   itk::Image<float, 3u>
  Reference Count: 2
  Modified Time: 2364
  Debug: Off
  Object Name: 
  Observers: 
    none
  Source: (none)
  Source output name: (none)
  Release Data: Off
  Data Released: False
  Global Release Data: Off
  PipelineMTime: 0
  UpdateMTime: 2361
  RealTimeStamp: 0 seconds 
  LargestPossibleRegion: 
    Dimension: 3
    Index: [0, 0, 0]
    Size: [256, 256, 307]
  BufferedRegion: 
    Dimension: 3
    Index: [0, 0, 0]
    Size: [256, 256, 307]
  RequestedRegion: 
    Dimension: 3
    Index: [0, 0, 0]
    Size: [256, 256, 307]
  Spacing: [1, 1, 1]
  Origin: [0, 306, 0]
  Direction: 
1 0 0
0 -0 -1
0 -1 -0

  IndexToPointMatrix: 
1 0 0
0 0 -1
0 -1 0

  PointToIndexMatrix: 
1 0 0
0 0 -1
0 -1 0

  Inverse Direction: 
1 0 0
0 0 -1
0 -1 0

  PixelContainer: 
    ImportImageContainer (0x37a1ac0)
      RTTI typeinfo:   itk::ImportImageContainer<unsigned long, float>
      Reference Count: 1
      Modified Time: 2358
      Debug: Off
      Object Name: 
      Observers: 
        none
      Pointer: 0x7fa9ef69d010
      Container manages memory: true
      Size: 20119552
      Capacity: 20119552

     Weighting = 1
     Sampling strategy = none
     Number of bins = 32
     Radius = 4
     Sampling percentage  = 1
   Transform = SyN
     Gradient step = 0.1
     Update field sigma (voxel space) = 3
     Total field sigma (voxel space) = 0
     Update field time sigma = 0
     Total field time sigma  = 0
     Number of time indices = 0
     Number of time point samples = 0
Registration using 3 total stages.

Stage 0
  iterations = 1000x500x250x0
  convergence threshold = 1e-06
  convergence window size = 10
  number of levels = 4
  using the Mattes MI metric (number of bins = 32, weight = 1)
  preprocessing:  winsorizing the image intensities
  Shrink factors (level 1 out of 4): [12, 12, 12]
  Shrink factors (level 2 out of 4): [8, 8, 8]
  Shrink factors (level 3 out of 4): [4, 4, 4]
  Shrink factors (level 4 out of 4): [2, 2, 2]
  smoothing sigmas per level: [4, 3, 2, 1]
  regular sampling (percentage = 0.25)

*** Running Euler3DTransform registration ***

DIAGNOSTIC,Iteration,metricValue,convergenceValue,ITERATION_TIME_INDEX,SINCE_LAST
 2DIAGNOSTIC,     1, -4.835757017136e-01, inf, 1.9433e+01, 1.9433e+01, 
 2DIAGNOSTIC,     2, -4.843964874744e-01, inf, 1.9444e+01, 1.0764e-02, 
 2DIAGNOSTIC,     3, -4.848171770573e-01, inf, 1.9456e+01, 1.2130e-02, 
 2DIAGNOSTIC,     4, -4.850904941559e-01, inf, 1.9467e+01, 1.0546e-02, 
 2DIAGNOSTIC,     5, -4.854559004307e-01, inf, 1.9479e+01, 1.2126e-02, 
 2DIAGNOSTIC,     6, -4.854787588120e-01, inf, 1.9489e+01, 1.0500e-02, 
 2DIAGNOSTIC,     7, -4.852470457554e-01, inf, 1.9500e+01, 1.0449e-02, 
 2DIAGNOSTIC,     8, -4.855257570744e-01, inf, 1.9510e+01, 1.0420e-02, 
 2DIAGNOSTIC,     9, -4.860551059246e-01, inf, 1.9524e+01, 1.3891e-02, 
 2DIAGNOSTIC,    10, -4.863021373749e-01, 2.814047038555e-04, 1.9537e+01, 1.2528e-02, 
 2DIAGNOSTIC,    11, -4.868998229504e-01, 2.409678709228e-04, 1.9548e+01, 1.1464e-02, 
 2DIAGNOSTIC,    12, -4.896588325500e-01, 3.601449134294e-04, 1.9565e+01, 1.7143e-02, 
 2DIAGNOSTIC,    13, -4.902659356594e-01, 4.713352536783e-04, 1.9586e+01, 2.0166e-02, 
 2DIAGNOSTIC,    14, -4.903567433357e-01, 5.391742452048e-04, 1.9597e+01, 1.1236e-02, 
 2DIAGNOSTIC,    15, -4.909013211727e-01, 5.859468947165e-04, 1.9608e+01, 1.1092e-02, 
 2DIAGNOSTIC,    16, -4.918856024742e-01, 6.097115110606e-04, 1.9619e+01, 1.1114e-02, 
 2DIAGNOSTIC,    17, -4.928500354290e-01, 5.974497762509e-04, 1.9630e+01, 1.1124e-02, 
 2DIAGNOSTIC,    18, -4.937776327133e-01, 5.695988074876e-04, 1.9641e+01, 1.1133e-02, 
 2DIAGNOSTIC,    19, -4.944249987602e-01, 5.293992580846e-04, 1.9654e+01, 1.2715e-02, 
 2DIAGNOSTIC,    20, -4.953199625015e-01, 4.780656017829e-04, 1.9667e+01, 1.2909e-02, 
 2DIAGNOSTIC,    21, -4.969940483570e-01, 4.475254099816e-04, 1.9681e+01, 1.4405e-02, 
 2DIAGNOSTIC,    22, -4.974275231361e-01, 4.609671887010e-04, 1.9700e+01, 1.9077e-02, 
 2DIAGNOSTIC,    23, -4.975395500660e-01, 4.489288548939e-04, 1.9712e+01, 1.1200e-02, 
 2DIAGNOSTIC,    24, -4.975447356701e-01, 3.988753014710e-04, 1.9723e+01, 1.1050e-02, 
 2DIAGNOSTIC,    25, -4.974623024464e-01, 3.259047225583e-04, 1.9734e+01, 1.1034e-02, 
 2DIAGNOSTIC,    26, -4.974792897701e-01, 2.496498927940e-04, 1.9745e+01, 1.0978e-02, 
 2DIAGNOSTIC,    27, -4.975114762783e-01, 1.766907807905e-04, 1.9756e+01, 1.1073e-02, 
 2DIAGNOSTIC,    28, -4.977278709412e-01, 1.164032510133e-04, 1.9772e+01, 1.6452e-02, 
 2DIAGNOSTIC,    29, -4.977378547192e-01, 6.248099089134e-05, 1.9784e+01, 1.1474e-02, 
 2DIAGNOSTIC,    30, -4.979414045811e-01, 2.686535844987e-05, 1.9796e+01, 1.2599e-02, 
 2DIAGNOSTIC,    31, -4.979697465897e-01, 2.263423266413e-05, 1.9815e+01, 1.8918e-02, 
 2DIAGNOSTIC,    32, -4.979707598686e-01, 2.439662239340e-05, 1.9826e+01, 1.1137e-02, 
 2DIAGNOSTIC,    33, -4.979846775532e-01, 2.601929918455e-05, 1.9837e+01, 1.1006e-02, 
 2DIAGNOSTIC,    34, -4.979943335056e-01, 2.544479320932e-05, 1.9848e+01, 1.0993e-02, 
 2DIAGNOSTIC,    35, -4.979982972145e-01, 2.127839798050e-05, 1.9859e+01, 1.1029e-02, 
 2DIAGNOSTIC,    36, -4.980112612247e-01, 1.590390638739e-05, 1.9870e+01, 1.1047e-02, 
 2DIAGNOSTIC,    37, -4.980276823044e-01, 1.010427149595e-05, 1.9883e+01, 1.2653e-02, 
 2DIAGNOSTIC,    38, -4.978716969490e-01, 4.682655344368e-06, 1.9896e+01, 1.2669e-02, 
DIAGNOSTIC,Iteration,metricValue,convergenceValue,ITERATION_TIME_INDEX,SINCE_LAST
 2DIAGNOSTIC,     1, -4.208375811577e-01, inf, 3.4299e+01, 1.4403e+01, 
 2DIAGNOSTIC,     2, -4.216165840626e-01, inf, 3.4354e+01, 5.5230e-02, 
 2DIAGNOSTIC,     3, -4.222177863121e-01, inf, 3.4409e+01, 5.5197e-02, 
 2DIAGNOSTIC,     4, -4.231016635895e-01, inf, 3.4465e+01, 5.5779e-02, 
 2DIAGNOSTIC,     5, -4.234852194786e-01, inf, 3.4520e+01, 5.5147e-02, 
 2DIAGNOSTIC,     6, -4.238125383854e-01, inf, 3.4576e+01, 5.5530e-02, 
 2DIAGNOSTIC,     7, -4.253983199596e-01, inf, 3.4652e+01, 7.6464e-02, 
 2DIAGNOSTIC,     8, -4.257124662399e-01, inf, 3.4708e+01, 5.5621e-02, 
 2DIAGNOSTIC,     9, -4.260406792164e-01, inf, 3.4807e+01, 9.9065e-02, 
 2DIAGNOSTIC,    10, -4.263349473476e-01, 8.709997055121e-04, 3.4873e+01, 6.6058e-02, 
 2DIAGNOSTIC,    11, -4.264800846577e-01, 7.233510259539e-04, 3.4929e+01, 5.6287e-02, 
 2DIAGNOSTIC,    12, -4.264672398567e-01, 5.772572476417e-04, 3.4986e+01, 5.6486e-02, 
 2DIAGNOSTIC,    13, -4.265680015087e-01, 4.369527741801e-04, 3.5044e+01, 5.8745e-02, 
 2DIAGNOSTIC,    14, -4.267724156380e-01, 3.298455267213e-04, 3.5111e+01, 6.6539e-02, 
 2DIAGNOSTIC,    15, -4.268846511841e-01, 2.294487494510e-04, 3.5210e+01, 9.8959e-02, 
 2DIAGNOSTIC,    16, -4.270007312298e-01, 1.377258013235e-04, 3.5278e+01, 6.7747e-02, 
 2DIAGNOSTIC,    17, -4.269791245461e-01, 1.058917841874e-04, 3.5333e+01, 5.5900e-02, 
 2DIAGNOSTIC,    18, -4.270070493221e-01, 8.063047425821e-05, 3.5391e+01, 5.7159e-02, 
 2DIAGNOSTIC,    19, -4.270503818989e-01, 6.343975110212e-05, 3.5447e+01, 5.6252e-02, 
 2DIAGNOSTIC,    20, -4.271143972874e-01, 5.397220229497e-05, 3.5503e+01, 5.5786e-02, 
 2DIAGNOSTIC,    21, -4.272737801075e-01, 5.027424776927e-05, 3.5591e+01, 8.7871e-02, 
 2DIAGNOSTIC,    22, -4.272530972958e-01, 4.128868386033e-05, 3.5657e+01, 6.6711e-02, 
 2DIAGNOSTIC,    23, -4.273017942905e-01, 3.371137790964e-05, 3.5715e+01, 5.7653e-02, 
 2DIAGNOSTIC,    24, -4.274207949638e-01, 3.267163265264e-05, 3.5784e+01, 6.8662e-02, 
 2DIAGNOSTIC,    25, -4.277755916119e-01, 4.102494858671e-05, 3.5850e+01, 6.6180e-02, 
 2DIAGNOSTIC,    26, -4.278586804867e-01, 4.987354986952e-05, 3.5906e+01, 5.5885e-02, 
 2DIAGNOSTIC,    27, -4.281891286373e-01, 6.121637852630e-05, 3.5993e+01, 8.7477e-02, 
 2DIAGNOSTIC,    28, -4.282389879227e-01, 6.789535109419e-05, 3.6060e+01, 6.6594e-02, 
 2DIAGNOSTIC,    29, -4.282263219357e-01, 6.851656507934e-05, 3.6116e+01, 5.6263e-02, 
 2DIAGNOSTIC,    30, -4.282145798206e-01, 6.378672696883e-05, 3.6173e+01, 5.6626e-02, 
 2DIAGNOSTIC,    31, -4.282414019108e-01, 5.743530346081e-05, 3.6230e+01, 5.7433e-02, 
 2DIAGNOSTIC,    32, -4.282543361187e-01, 4.594877827913e-05, 3.6286e+01, 5.5877e-02, 
 2DIAGNOSTIC,    33, -4.281803071499e-01, 3.038596878469e-05, 3.6342e+01, 5.5669e-02, 
 2DIAGNOSTIC,    34, -4.281527101994e-01, 1.472218900744e-05, 3.6408e+01, 6.6905e-02, 
 2DIAGNOSTIC,    35, -4.280896782875e-01, 4.254177383700e-06, 3.6485e+01, 7.7012e-02, 
DIAGNOSTIC,Iteration,metricValue,convergenceValue,ITERATION_TIME_INDEX,SINCE_LAST
 2DIAGNOSTIC,     1, -3.583060204983e-01, inf, 4.5553e+01, 9.0671e+00, 
 2DIAGNOSTIC,     2, -3.585350215435e-01, inf, 4.5981e+01, 4.2830e-01, 
 2DIAGNOSTIC,     3, -3.586468398571e-01, inf, 4.6584e+01, 6.0326e-01, 
 2DIAGNOSTIC,     4, -3.586534857750e-01, inf, 4.7096e+01, 5.1191e-01, 
 2DIAGNOSTIC,     5, -3.586543202400e-01, inf, 4.7608e+01, 5.1184e-01, 
 2DIAGNOSTIC,     6, -3.586465716362e-01, inf, 4.8035e+01, 4.2736e-01, 
 2DIAGNOSTIC,     7, -3.586578965187e-01, inf, 4.8548e+01, 5.1240e-01, 
 2DIAGNOSTIC,     8, -3.586658239365e-01, inf, 4.9063e+01, 5.1556e-01, 
 2DIAGNOSTIC,     9, -3.586700260639e-01, inf, 4.9578e+01, 5.1446e-01, 
 2DIAGNOSTIC,    10, -3.586695194244e-01, 4.245426316629e-05, 5.0097e+01, 5.1959e-01, 
 2DIAGNOSTIC,    11, -3.586728572845e-01, 1.560876808071e-05, 5.0613e+01, 5.1604e-01, 
 2DIAGNOSTIC,    12, -3.586763143539e-01, 7.229611583170e-06, 5.1130e+01, 5.1701e-01, 
 2DIAGNOSTIC,    13, -3.586762547493e-01, 6.504832526844e-06, 5.1648e+01, 5.1749e-01, 
 2DIAGNOSTIC,    14, -3.586999177933e-01, 7.234415079438e-06, 5.2164e+01, 5.1568e-01, 
 2DIAGNOSTIC,    15, -3.587116599083e-01, 8.070040166785e-06, 5.2680e+01, 5.1623e-01, 
 2DIAGNOSTIC,    16, -3.587162494659e-01, 8.085321496765e-06, 5.3109e+01, 4.2900e-01, 
 2DIAGNOSTIC,    17, -3.587147295475e-01, 8.001129572222e-06, 5.3543e+01, 4.3461e-01, 
 2DIAGNOSTIC,    18, -3.587372899055e-01, 8.707326742297e-06, 5.4140e+01, 5.9667e-01, 
 2DIAGNOSTIC,    19, -3.587405383587e-01, 8.968429938250e-06, 5.4653e+01, 5.1264e-01, 
 2DIAGNOSTIC,    20, -3.587512373924e-01, 8.921317203203e-06, 5.5167e+01, 5.1395e-01, 
 2DIAGNOSTIC,    21, -3.587510287762e-01, 8.324123882630e-06, 5.5597e+01, 4.3035e-01, 
 2DIAGNOSTIC,    22, -3.587680160999e-01, 7.903058758529e-06, 5.6109e+01, 5.1182e-01, 
 2DIAGNOSTIC,    23, -3.587940633297e-01, 7.769700459903e-06, 5.6536e+01, 4.2754e-01, 
 2DIAGNOSTIC,    24, -3.588407635689e-01, 9.337803930975e-06, 5.7049e+01, 5.1276e-01, 
 2DIAGNOSTIC,    25, -3.588596880436e-01, 1.097720905818e-05, 5.7477e+01, 4.2842e-01, 
 2DIAGNOSTIC,    26, -3.589462339878e-01, 1.437658556824e-05, 5.8672e+01, 1.1945e+00, 
 2DIAGNOSTIC,    27, -3.589488565922e-01, 1.624992182769e-05, 5.9100e+01, 4.2765e-01, 
 2DIAGNOSTIC,    28, -3.589484393597e-01, 1.721223452478e-05, 5.9612e+01, 5.1269e-01, 
 2DIAGNOSTIC,    29, -3.589450120926e-01, 1.659779809415e-05, 6.0125e+01, 5.1245e-01, 
 2DIAGNOSTIC,    30, -3.589414954185e-01, 1.474713644711e-05, 6.0645e+01, 5.2008e-01, 
 2DIAGNOSTIC,    31, -3.589325845242e-01, 1.146440172306e-05, 6.1157e+01, 5.1219e-01, 
 2DIAGNOSTIC,    32, -3.589340150356e-01, 7.851730515540e-06, 6.1753e+01, 5.9607e-01, 
 2DIAGNOSTIC,    33, -3.589306771755e-01, 4.355428245617e-06, 6.2433e+01, 6.8031e-01, 
 2DIAGNOSTIC,    34, -3.589268326759e-01, 1.755120592861e-06, 6.2949e+01, 5.1505e-01, 
DIAGNOSTIC,Iteration,metricValue,convergenceValue,ITERATION_TIME_INDEX,SINCE_LAST
 2DIAGNOSTIC,     1, -3.097168207169e-01, inf, 7.1876e+01, 8.9271e+00, 
  Elapsed time (stage 0): 7.3725e+01


Stage 1
  iterations = 1000x500x250x0
  convergence threshold = 1.0000e-06
  convergence window size = 10
  number of levels = 4
  using the Mattes MI metric (number of bins = 32, weight = 1.0000e+00)
  preprocessing:  winsorizing the image intensities
  Shrink factors (level 1 out of 4): [12, 12, 12]
  Shrink factors (level 2 out of 4): [8, 8, 8]
  Shrink factors (level 3 out of 4): [4, 4, 4]
  Shrink factors (level 4 out of 4): [2, 2, 2]
  smoothing sigmas per level: [4, 3, 2, 1]
  regular sampling (percentage = 2.5000e-01)

*** Running AffineTransform registration ***

DIAGNOSTIC,Iteration,metricValue,convergenceValue,ITERATION_TIME_INDEX,SINCE_LAST
 2DIAGNOSTIC,     1, -4.921553730965e-01, inf, 2.1018e+01, 2.1018e+01, 
 2DIAGNOSTIC,     2, -4.926031231880e-01, inf, 2.1041e+01, 2.3689e-02, 
 2DIAGNOSTIC,     3, -4.933106899261e-01, inf, 2.1061e+01, 1.9346e-02, 
 2DIAGNOSTIC,     4, -4.950114786625e-01, inf, 2.1077e+01, 1.6091e-02, 
 2DIAGNOSTIC,     5, -4.966036975384e-01, inf, 2.1093e+01, 1.6094e-02, 
 2DIAGNOSTIC,     6, -4.982541501522e-01, inf, 2.1111e+01, 1.8081e-02, 
 2DIAGNOSTIC,     7, -5.014502406120e-01, inf, 2.1131e+01, 2.0013e-02, 
 2DIAGNOSTIC,     8, -5.046606659889e-01, inf, 2.1154e+01, 2.2814e-02, 
 2DIAGNOSTIC,     9, -5.059031248093e-01, inf, 2.1171e+01, 1.6919e-02, 
 2DIAGNOSTIC,    10, -5.066761374474e-01, 2.134059322998e-03, 2.1190e+01, 1.8895e-02, 
 2DIAGNOSTIC,    11, -5.078987479210e-01, 2.015470061451e-03, 2.1209e+01, 1.9456e-02, 
 2DIAGNOSTIC,    12, -5.103213191032e-01, 1.869463711046e-03, 2.1244e+01, 3.4904e-02, 
 2DIAGNOSTIC,    13, -5.108224153519e-01, 1.625597011298e-03, 2.1261e+01, 1.6939e-02, 
 2DIAGNOSTIC,    14, -5.111370086670e-01, 1.352443010546e-03, 2.1278e+01, 1.7484e-02, 
 2DIAGNOSTIC,    15, -5.122685432434e-01, 1.097932807170e-03, 2.1301e+01, 2.2544e-02, 
 2DIAGNOSTIC,    16, -5.122610330582e-01, 8.304148213938e-04, 2.1319e+01, 1.7664e-02, 
 2DIAGNOSTIC,    17, -5.127117633820e-01, 6.366350571625e-04, 2.1336e+01, 1.7675e-02, 
 2DIAGNOSTIC,    18, -5.137167572975e-01, 5.374840111472e-04, 2.1354e+01, 1.7889e-02, 
 2DIAGNOSTIC,    19, -5.146619081497e-01, 4.640544357244e-04, 2.1373e+01, 1.9096e-02, 
 2DIAGNOSTIC,    20, -5.155131816864e-01, 4.001041525044e-04, 2.1411e+01, 3.7768e-02, 
 2DIAGNOSTIC,    21, -5.159800052643e-01, 3.488313814159e-04, 2.1429e+01, 1.7994e-02, 
 2DIAGNOSTIC,    22, -5.161249637604e-01, 3.356372762937e-04, 2.1446e+01, 1.7104e-02, 
 2DIAGNOSTIC,    23, -5.167215466499e-01, 3.190627321601e-04, 2.1463e+01, 1.6787e-02, 
 2DIAGNOSTIC,    24, -5.172293186188e-01, 2.920262049884e-04, 2.1480e+01, 1.7433e-02, 
 2DIAGNOSTIC,    25, -5.194731950760e-01, 3.153933212161e-04, 2.1500e+01, 1.9637e-02, 
 2DIAGNOSTIC,    26, -5.197434425354e-01, 3.120772307739e-04, 2.1551e+01, 5.1062e-02, 
 2DIAGNOSTIC,    27, -5.197429656982e-01, 2.894411445595e-04, 2.1569e+01, 1.8159e-02, 
 2DIAGNOSTIC,    28, -5.197439789772e-01, 2.617114223540e-04, 2.1595e+01, 2.5272e-02, 
 2DIAGNOSTIC,    29, -5.197458863258e-01, 2.289618714713e-04, 2.1613e+01, 1.8098e-02, 
 2DIAGNOSTIC,    30, -5.197488069534e-01, 1.919907954289e-04, 2.1629e+01, 1.6829e-02, 
 2DIAGNOSTIC,    31, -5.197542905807e-01, 1.478486810811e-04, 2.1646e+01, 1.6416e-02, 
 2DIAGNOSTIC,    32, -5.197628736496e-01, 9.571206464898e-05, 2.1664e+01, 1.7675e-02, 
 2DIAGNOSTIC,    33, -5.197769403458e-01, 4.839566099690e-05, 2.1681e+01, 1.7506e-02, 
 2DIAGNOSTIC,    34, -5.198006629944e-01, 7.103539246600e-06, 2.1699e+01, 1.7695e-02, 
 2DIAGNOSTIC,    35, -5.198377966881e-01, 3.731653123396e-06, 2.1716e+01, 1.7341e-02, 
 2DIAGNOSTIC,    36, -5.200826525688e-01, 8.225052624766e-06, 2.1735e+01, 1.8456e-02, 
 2DIAGNOSTIC,    37, -5.201591849327e-01, 1.282103130507e-05, 2.1757e+01, 2.2777e-02, 
 2DIAGNOSTIC,    38, -5.202569961548e-01, 1.749336115608e-05, 2.1780e+01, 2.2876e-02, 
 2DIAGNOSTIC,    39, -5.203524827957e-01, 2.174597466365e-05, 2.1797e+01, 1.6767e-02, 
 2DIAGNOSTIC,    40, -5.204311013222e-01, 2.489475264156e-05, 2.1814e+01, 1.6948e-02, 
 2DIAGNOSTIC,    41, -5.207053422928e-01, 2.932198913186e-05, 2.1830e+01, 1.6378e-02, 
 2DIAGNOSTIC,    42, -5.214120149612e-01, 4.015192826046e-05, 2.1848e+01, 1.7607e-02, 
 2DIAGNOSTIC,    43, -5.222179889679e-01, 5.709064498660e-05, 2.1869e+01, 2.1375e-02, 
 2DIAGNOSTIC,    44, -5.225163698196e-01, 7.179996464401e-05, 2.1891e+01, 2.1229e-02, 
 2DIAGNOSTIC,    45, -5.224561691284e-01, 7.883366197348e-05, 2.1910e+01, 1.9256e-02, 
 2DIAGNOSTIC,    46, -5.225474238396e-01, 8.226491627283e-05, 2.1928e+01, 1.8271e-02, 
 2DIAGNOSTIC,    47, -5.229084491730e-01, 8.271649858216e-05, 2.1957e+01, 2.9397e-02, 
 2DIAGNOSTIC,    48, -5.230586528778e-01, 7.786529749865e-05, 2.1974e+01, 1.6506e-02, 
 2DIAGNOSTIC,    49, -5.227315425873e-01, 6.328068411676e-05, 2.1991e+01, 1.7132e-02, 
 2DIAGNOSTIC,    50, -5.229544043541e-01, 4.695569077739e-05, 2.2010e+01, 1.8861e-02, 
 2DIAGNOSTIC,    51, -5.245944857597e-01, 4.739786891150e-05, 2.2034e+01, 2.3999e-02, 
 2DIAGNOSTIC,    52, -5.247913599014e-01, 5.211411917116e-05, 2.2052e+01, 1.7577e-02, 
 2DIAGNOSTIC,    53, -5.256324410439e-01, 6.893587124068e-05, 2.2069e+01, 1.7401e-02, 
 2DIAGNOSTIC,    54, -5.262764096260e-01, 8.837364293868e-05, 2.2094e+01, 2.5297e-02, 
 2DIAGNOSTIC,    55, -5.257971882820e-01, 9.316002979176e-05, 2.2117e+01, 2.2468e-02, 
 2DIAGNOSTIC,    56, -5.260555744171e-01, 9.224523091689e-05, 2.2138e+01, 2.0961e-02, 
 2DIAGNOSTIC,    57, -5.263380408287e-01, 8.858524961397e-05, 2.2156e+01, 1.8572e-02, 
 2DIAGNOSTIC,    58, -5.261875391006e-01, 7.667636964470e-05, 2.2175e+01, 1.8754e-02, 
 2DIAGNOSTIC,    59, -5.266282558441e-01, 5.907389277127e-05, 2.2194e+01, 1.9034e-02, 
 2DIAGNOSTIC,    60, -5.266737341881e-01, 3.857386400341e-05, 2.2215e+01, 2.1269e-02, 
 2DIAGNOSTIC,    61, -5.268519520760e-01, 3.162262510159e-05, 2.2233e+01, 1.7843e-02, 
 2DIAGNOSTIC,    62, -5.266882181168e-01, 2.196620334871e-05, 2.2251e+01, 1.7714e-02, 
 2DIAGNOSTIC,    63, -5.267561078072e-01, 1.838364914875e-05, 2.2269e+01, 1.8475e-02, 
 2DIAGNOSTIC,    64, -5.284399986267e-01, 3.330703111715e-05, 2.2289e+01, 1.9926e-02, 
 2DIAGNOSTIC,    65, -5.311163663864e-01, 6.267191201914e-05, 2.2326e+01, 3.6718e-02, 
 2DIAGNOSTIC,    66, -5.309860706329e-01, 8.570007776143e-05, 2.2344e+01, 1.8115e-02, 
 2DIAGNOSTIC,    67, -5.309135317802e-01, 1.021566713462e-04, 2.2361e+01, 1.6623e-02, 
 2DIAGNOSTIC,    68, -5.306752920151e-01, 1.054113236023e-04, 2.2379e+01, 1.8350e-02, 
 2DIAGNOSTIC,    69, -5.312713980675e-01, 1.064090247382e-04, 2.2397e+01, 1.7567e-02, 
 2DIAGNOSTIC,    70, -5.315195322037e-01, 9.885546751320e-05, 2.2414e+01, 1.7313e-02, 
 2DIAGNOSTIC,    71, -5.312963724136e-01, 8.185529441107e-05, 2.2433e+01, 1.9115e-02, 
 2DIAGNOSTIC,    72, -5.312117338181e-01, 5.623711331282e-05, 2.2451e+01, 1.7928e-02, 
 2DIAGNOSTIC,    73, -5.307093858719e-01, 2.260457767989e-05, 2.2472e+01, 2.0859e-02, 
 2DIAGNOSTIC,    74, -5.311118364334e-01, 2.616833398861e-06, 2.2507e+01, 3.5547e-02, 
 2DIAGNOSTIC,    75, -5.309687852859e-01, 1.274748569813e-06, 2.2524e+01, 1.7023e-02, 
DIAGNOSTIC,Iteration,metricValue,convergenceValue,ITERATION_TIME_INDEX,SINCE_LAST
 2DIAGNOSTIC,     1, -4.559927880764e-01, inf, 3.8840e+01, 1.6316e+01, 
 2DIAGNOSTIC,     2, -4.568526148796e-01, inf, 3.8912e+01, 7.1558e-02, 
 2DIAGNOSTIC,     3, -4.581187069416e-01, inf, 3.8984e+01, 7.2579e-02, 
 2DIAGNOSTIC,     4, -4.594685435295e-01, inf, 3.9058e+01, 7.3766e-02, 
 2DIAGNOSTIC,     5, -4.605167210102e-01, inf, 3.9130e+01, 7.1425e-02, 
 2DIAGNOSTIC,     6, -4.616521894932e-01, inf, 3.9219e+01, 8.9007e-02, 
 2DIAGNOSTIC,     7, -4.631413519382e-01, inf, 3.9326e+01, 1.0742e-01, 
 2DIAGNOSTIC,     8, -4.636475145817e-01, inf, 3.9413e+01, 8.6735e-02, 
 2DIAGNOSTIC,     9, -4.639226198196e-01, inf, 3.9509e+01, 9.6616e-02, 
 2DIAGNOSTIC,    10, -4.637899398804e-01, 1.222023973241e-03, 3.9594e+01, 8.5103e-02, 
 2DIAGNOSTIC,    11, -4.638919830322e-01, 9.460844448768e-04, 3.9681e+01, 8.6784e-02, 
 2DIAGNOSTIC,    12, -4.638491272926e-01, 6.720712408423e-04, 3.9766e+01, 8.5021e-02, 
 2DIAGNOSTIC,    13, -4.637742340565e-01, 4.353993863333e-04, 3.9853e+01, 8.6672e-02, 
 2DIAGNOSTIC,    14, -4.637427926064e-01, 2.515984233469e-04, 3.9925e+01, 7.2358e-02, 
 2DIAGNOSTIC,    15, -4.637613296509e-01, 1.131725875894e-04, 4.0005e+01, 7.9979e-02, 
 2DIAGNOSTIC,    16, -4.638835489750e-01, 2.895217767218e-05, 4.0077e+01, 7.1338e-02, 
 2DIAGNOSTIC,    17, -4.639129638672e-01, 6.554613719345e-06, 4.0191e+01, 1.1454e-01, 
 2DIAGNOSTIC,    18, -4.639253020287e-01, 3.757289050554e-06, 4.0275e+01, 8.3962e-02, 
 2DIAGNOSTIC,    19, -4.639302790165e-01, 1.036514549924e-05, 4.0363e+01, 8.8251e-02, 
 2DIAGNOSTIC,    20, -4.640027880669e-01, 1.350455022475e-05, 4.0449e+01, 8.5367e-02, 
 2DIAGNOSTIC,    21, -4.640050232410e-01, 1.816290023271e-05, 4.0534e+01, 8.5587e-02, 
 2DIAGNOSTIC,    22, -4.641033411026e-01, 2.244642564619e-05, 4.0620e+01, 8.5995e-02, 
 2DIAGNOSTIC,    23, -4.640566408634e-01, 2.117517942679e-05, 4.0705e+01, 8.4756e-02, 
 2DIAGNOSTIC,    24, -4.640578031540e-01, 1.747194073687e-05, 4.0796e+01, 9.0417e-02, 
 2DIAGNOSTIC,    25, -4.639616012573e-01, 1.056355267792e-05, 4.0880e+01, 8.4377e-02, 
 2DIAGNOSTIC,    26, -4.639635384083e-01, 6.264620878937e-06, 4.0957e+01, 7.7443e-02, 
 2DIAGNOSTIC,    27, -4.639171063900e-01, 1.382582695442e-06, 4.1030e+01, 7.2948e-02, 
DIAGNOSTIC,Iteration,metricValue,convergenceValue,ITERATION_TIME_INDEX,SINCE_LAST
 2DIAGNOSTIC,     1, -3.892747759819e-01, inf, 5.1259e+01, 1.0229e+01, 
 2DIAGNOSTIC,     2, -3.896023035049e-01, inf, 5.1820e+01, 5.6084e-01, 
 2DIAGNOSTIC,     3, -3.898008465767e-01, inf, 5.2384e+01, 5.6415e-01, 
 2DIAGNOSTIC,     4, -3.899994492531e-01, inf, 5.2940e+01, 5.5615e-01, 
 2DIAGNOSTIC,     5, -3.902240097523e-01, inf, 5.3786e+01, 8.4547e-01, 
 2DIAGNOSTIC,     6, -3.902487456799e-01, inf, 5.4346e+01, 5.6003e-01, 
 2DIAGNOSTIC,     7, -3.902989625931e-01, inf, 5.4902e+01, 5.5624e-01, 
 2DIAGNOSTIC,     8, -3.903962075710e-01, inf, 5.5462e+01, 5.5965e-01, 
 2DIAGNOSTIC,     9, -3.907149136066e-01, inf, 5.6224e+01, 7.6260e-01, 
 2DIAGNOSTIC,    10, -3.906919956207e-01, 2.181719464716e-04, 5.6975e+01, 7.5058e-01, 
 2DIAGNOSTIC,    11, -3.907773196697e-01, 1.713909878163e-04, 5.7535e+01, 5.5987e-01, 
 2DIAGNOSTIC,    12, -3.912445306778e-01, 1.656216481933e-04, 5.8089e+01, 5.5433e-01, 
 2DIAGNOSTIC,    13, -3.915619850159e-01, 1.738922728691e-04, 5.8835e+01, 7.4638e-01, 
 2DIAGNOSTIC,    14, -3.916108310223e-01, 1.775956770871e-04, 5.9957e+01, 1.1220e+00, 
 2DIAGNOSTIC,    15, -3.916453719139e-01, 1.778751175152e-04, 6.0515e+01, 5.5756e-01, 
 2DIAGNOSTIC,    16, -3.916774392128e-01, 1.648879260756e-04, 6.1071e+01, 5.5649e-01, 
 2DIAGNOSTIC,    17, -3.917243182659e-01, 1.422322966391e-04, 6.1626e+01, 5.5471e-01, 
 2DIAGNOSTIC,    18, -3.917717337608e-01, 1.143459521700e-04, 6.2184e+01, 5.5752e-01, 
 2DIAGNOSTIC,    19, -3.918425142765e-01, 9.414314263267e-05, 6.2927e+01, 7.4322e-01, 
 2DIAGNOSTIC,    20, -3.918460309505e-01, 6.691605085507e-05, 6.3765e+01, 8.3856e-01, 
 2DIAGNOSTIC,    21, -3.918440937996e-01, 3.881059819832e-05, 6.4416e+01, 6.5077e-01, 
 2DIAGNOSTIC,    22, -3.918410837650e-01, 2.486675839464e-05, 6.4971e+01, 5.5488e-01, 
 2DIAGNOSTIC,    23, -3.918389678001e-01, 1.986365350604e-05, 6.5624e+01, 6.5322e-01, 
 2DIAGNOSTIC,    24, -3.918360471725e-01, 1.490001704951e-05, 6.6369e+01, 7.4466e-01, 
 2DIAGNOSTIC,    25, -3.918277025223e-01, 9.824734661379e-06, 6.6929e+01, 5.6016e-01, 
 2DIAGNOSTIC,    26, -3.918193280697e-01, 5.015058377467e-06, 6.7487e+01, 5.5794e-01, 
 2DIAGNOSTIC,    27, -3.918168544769e-01, 1.392714466419e-06, 6.8048e+01, 5.6124e-01, 
DIAGNOSTIC,Iteration,metricValue,convergenceValue,ITERATION_TIME_INDEX,SINCE_LAST
 2DIAGNOSTIC,     1, -3.371820747852e-01, inf, 7.8602e+01, 1.0554e+01, 
  Elapsed time (stage 1): 8.0443e+01


Stage 2
  iterations = 100x100x70x50x0
  convergence threshold = 1.0000e-06
  convergence window size = 10
  number of levels = 5
  using the Mattes MI metric (number of bins = 32, weight = 1.0000e+00)
  preprocessing:  winsorizing the image intensities
  Shrink factors (level 1 out of 5): [10, 10, 10]
  Shrink factors (level 2 out of 5): [6, 6, 6]
  Shrink factors (level 3 out of 5): [4, 4, 4]
  Shrink factors (level 4 out of 5): [2, 2, 2]
  Shrink factors (level 5 out of 5): [1, 1, 1]
  smoothing sigmas per level: [5, 3, 2, 1, 0]
  Using default NONE metricSamplingStrategy 

*** Running SyN registration (varianceForUpdateField = 3.0000e+00, varianceForTotalField = 0.0000e+00) ***

XXDIAGNOSTIC,Iteration,metricValue,convergenceValue,ITERATION_TIME_INDEX,SINCE_LAST
 1DIAGNOSTIC,     1, -5.247713327408e-01, inf, 3.6444e+01, 3.6444e+01, 
 1DIAGNOSTIC,     2, -5.411306619644e-01, inf, 3.6608e+01, 1.6387e-01, 
 1DIAGNOSTIC,     3, -5.521459579468e-01, inf, 3.6766e+01, 1.5830e-01, 
 1DIAGNOSTIC,     4, -5.566397905350e-01, inf, 3.6923e+01, 1.5697e-01, 
 1DIAGNOSTIC,     5, -5.552130341530e-01, inf, 3.7077e+01, 1.5394e-01, 
 1DIAGNOSTIC,     6, -5.547347068787e-01, inf, 3.7234e+01, 1.5654e-01, 
 1DIAGNOSTIC,     7, -5.542773008347e-01, inf, 3.7389e+01, 1.5517e-01, 
 1DIAGNOSTIC,     8, -5.521991252899e-01, inf, 3.7543e+01, 1.5420e-01, 
 1DIAGNOSTIC,     9, -5.506923198700e-01, inf, 3.7700e+01, 1.5646e-01, 
 1DIAGNOSTIC,    10, -5.481982827187e-01, 1.589141553268e-03, 3.7855e+01, 1.5572e-01, 
 1DIAGNOSTIC,    11, -5.467428565025e-01, -1.616404188098e-04, 3.8013e+01, 1.5758e-01, 
XXDIAGNOSTIC,Iteration,metricValue,convergenceValue,ITERATION_TIME_INDEX,SINCE_LAST
 1DIAGNOSTIC,     1, -4.319939911366e-01, inf, 5.4572e+01, 1.6559e+01, 
 1DIAGNOSTIC,     2, -4.338144063950e-01, inf, 5.5209e+01, 6.3662e-01, 
 1DIAGNOSTIC,     3, -4.350590705872e-01, inf, 5.5832e+01, 6.2348e-01, 
 1DIAGNOSTIC,     4, -4.351074397564e-01, inf, 5.6450e+01, 6.1814e-01, 
 1DIAGNOSTIC,     5, -4.346905946732e-01, inf, 5.7074e+01, 6.2424e-01, 
 1DIAGNOSTIC,     6, -4.338404834270e-01, inf, 5.7688e+01, 6.1368e-01, 
 1DIAGNOSTIC,     7, -4.330760240555e-01, inf, 5.8305e+01, 6.1701e-01, 
 1DIAGNOSTIC,     8, -4.318907856941e-01, inf, 5.8921e+01, 6.1591e-01, 
 1DIAGNOSTIC,     9, -4.310913681984e-01, inf, 5.9540e+01, 6.1858e-01, 
 1DIAGNOSTIC,    10, -4.298059940338e-01, -5.140102002770e-04, 6.0160e+01, 6.2016e-01, 
XXDIAGNOSTIC,Iteration,metricValue,convergenceValue,ITERATION_TIME_INDEX,SINCE_LAST
 1DIAGNOSTIC,     1, -3.663696646690e-01, inf, 7.1679e+01, 1.1520e+01, 
 1DIAGNOSTIC,     2, -3.670817017555e-01, inf, 7.3674e+01, 1.9950e+00, 
 1DIAGNOSTIC,     3, -3.676305115223e-01, inf, 7.5719e+01, 2.0442e+00, 
 1DIAGNOSTIC,     4, -3.678554892540e-01, inf, 7.7645e+01, 1.9259e+00, 
 1DIAGNOSTIC,     5, -3.678045868874e-01, inf, 7.9677e+01, 2.0328e+00, 
 1DIAGNOSTIC,     6, -3.676713109016e-01, inf, 8.1610e+01, 1.9326e+00, 
 1DIAGNOSTIC,     7, -3.675169944763e-01, inf, 8.3538e+01, 1.9284e+00, 
 1DIAGNOSTIC,     8, -3.672640323639e-01, inf, 8.5452e+01, 1.9137e+00, 
 1DIAGNOSTIC,     9, -3.669517636299e-01, inf, 8.7367e+01, 1.9150e+00, 
 1DIAGNOSTIC,    10, -3.666303157806e-01, -1.927505581989e-05, 8.9360e+01, 1.9929e+00, 
XXDIAGNOSTIC,Iteration,metricValue,convergenceValue,ITERATION_TIME_INDEX,SINCE_LAST
 1DIAGNOSTIC,     1, -3.103438913822e-01, inf, 1.1031e+02, 2.0954e+01, 
 1DIAGNOSTIC,     2, -3.113320171833e-01, inf, 1.2364e+02, 1.3324e+01, 
 1DIAGNOSTIC,     3, -3.123865425587e-01, inf, 1.3701e+02, 1.3367e+01, 
 1DIAGNOSTIC,     4, -3.132938146591e-01, inf, 1.5064e+02, 1.3640e+01, 
 1DIAGNOSTIC,     5, -3.142083883286e-01, inf, 1.6355e+02, 1.2901e+01, 
 1DIAGNOSTIC,     6, -3.149663209915e-01, inf, 1.7644e+02, 1.2892e+01, 
 1DIAGNOSTIC,     7, -3.156220614910e-01, inf, 1.8979e+02, 1.3357e+01, 
 1DIAGNOSTIC,     8, -3.161907494068e-01, inf, 2.0386e+02, 1.4070e+01, 
 1DIAGNOSTIC,     9, -3.166377842426e-01, inf, 2.1822e+02, 1.4354e+01, 
 1DIAGNOSTIC,    10, -3.169824182987e-01, 1.374209532514e-03, 2.3310e+02, 1.4885e+01, 
 1DIAGNOSTIC,    11, -3.173452615738e-01, 1.104626338929e-03, 2.4806e+02, 1.4954e+01, 
 1DIAGNOSTIC,    12, -3.176406025887e-01, 8.766983519308e-04, 2.6314e+02, 1.5087e+01, 
 1DIAGNOSTIC,    13, -3.179090023041e-01, 6.960228201933e-04, 2.7824e+02, 1.5093e+01, 
 1DIAGNOSTIC,    14, -3.181753158569e-01, 5.529763293453e-04, 2.9349e+02, 1.5248e+01, 
 1DIAGNOSTIC,    15, -3.183938264847e-01, 4.461916105356e-04, 3.0866e+02, 1.5178e+01, 
 1DIAGNOSTIC,    16, -3.185863494873e-01, 3.649874124676e-04, 3.2373e+02, 1.5066e+01, 
 1DIAGNOSTIC,    17, -3.187140226364e-01, 3.008964413311e-04, 3.3878e+02, 1.5052e+01, 
 1DIAGNOSTIC,    18, -3.188537359238e-01, 2.514156221878e-04, 3.5385e+02, 1.5068e+01, 
 1DIAGNOSTIC,    19, -3.190033137798e-01, 2.119915006915e-04, 3.6896e+02, 1.5114e+01, 
 1DIAGNOSTIC,    20, -3.191528618336e-01, 1.788324152585e-04, 3.8353e+02, 1.4565e+01, 
 1DIAGNOSTIC,    21, -3.193056583405e-01, 1.541651872685e-04, 3.9733e+02, 1.3804e+01, 
 1DIAGNOSTIC,    22, -3.194561004639e-01, 1.355212152703e-04, 4.1120e+02, 1.3865e+01, 
 1DIAGNOSTIC,    23, -3.195750713348e-01, 1.208805406350e-04, 4.2495e+02, 1.3757e+01, 
 1DIAGNOSTIC,    24, -3.196517825127e-01, 1.089236757252e-04, 4.3868e+02, 1.3725e+01, 
 1DIAGNOSTIC,    25, -3.197336792946e-01, 9.847517503658e-05, 4.5241e+02, 1.3728e+01, 
 1DIAGNOSTIC,    26, -3.197637796402e-01, 8.728054672247e-05, 4.6613e+02, 1.3719e+01, 
 1DIAGNOSTIC,    27, -3.198187649250e-01, 7.481691864086e-05, 4.7984e+02, 1.3715e+01, 
 1DIAGNOSTIC,    28, -3.198562562466e-01, 6.189007399371e-05, 4.9388e+02, 1.4036e+01, 
 1DIAGNOSTIC,    29, -3.199033737183e-01, 5.014024281991e-05, 5.0759e+02, 1.3711e+01, 
 1DIAGNOSTIC,    30, -3.199618160725e-01, 4.067996633239e-05, 5.2129e+02, 1.3703e+01, 
 1DIAGNOSTIC,    31, -3.200232684612e-01, 3.418149935897e-05, 5.3503e+02, 1.3739e+01, 
 1DIAGNOSTIC,    32, -3.200476765633e-01, 2.976855648740e-05, 5.4886e+02, 1.3829e+01, 
 1DIAGNOSTIC,    33, -3.200784325600e-01, 2.693623900996e-05, 5.6261e+02, 1.3752e+01, 
 1DIAGNOSTIC,    34, -3.200904726982e-01, 2.409398803138e-05, 5.7631e+02, 1.3698e+01, 
 1DIAGNOSTIC,    35, -3.201062083244e-01, 2.169622166548e-05, 5.9008e+02, 1.3774e+01, 
 1DIAGNOSTIC,    36, -3.201218247414e-01, 1.855473237811e-05, 6.0390e+02, 1.3814e+01, 
 1DIAGNOSTIC,    37, -3.201494514942e-01, 1.589022758708e-05, 6.1772e+02, 1.3823e+01, 
 1DIAGNOSTIC,    38, -3.201330900192e-01, 1.241805148311e-05, 6.3148e+02, 1.3758e+01, 
 1DIAGNOSTIC,    39, -3.201119303703e-01, 8.620118023828e-06, 6.4522e+02, 1.3743e+01, 
 1DIAGNOSTIC,    40, -3.201000690460e-01, 5.299431904859e-06, 6.5907e+02, 1.3846e+01, 
 1DIAGNOSTIC,    41, -3.200808167458e-01, 2.615797939143e-06, 6.7281e+02, 1.3738e+01, 
 1DIAGNOSTIC,    42, -3.200752139091e-01, 2.667223100161e-07, 6.8652e+02, 1.3716e+01, 
  Elapsed time (stage 2): 710.7


Total elapsed time: 864.9

--- Writing output images ---

Using double precision for computations.
Input scalar image: data/Segmentations/1101_3_seg.nii.gz
Reference image: data/template/T_template0_BrainCerebellum.nii.gz
=============================================================================
The composite transform comprises the following transforms (in order): 
  1. /tmp/1978966.1.basic.q/1101_ToTemplate_014_0GenericAffine.mat (type = AffineTransform)
  2. /tmp/1978966.1.basic.q/1101_ToTemplate_014_1Warp.nii.gz (type = DisplacementFieldTransform)
=============================================================================
Default pixel value: 0
Interpolation type: LabelImageGenericInterpolateImageFunction
Output warped image: output/1101/1101_WarpedLabels_014.nii.gz

--- Done ---

