
--- Running on compute-1-6.local ---


--- registration call ---
/data/jet/pcook/bin/antsBuild/bin/antsRegistrationSyNQuick.sh -d 3 -f data/template/T_template0_BrainCerebellum.nii.gz -m data/Brains/1101_3.nii.gz -t s -p f -n 2 -o /tmp/1971994.1.basic.q/1101_ToTemplate_017_
---


--------------------------------------------------------------------------------------
 Mapping parameters
--------------------------------------------------------------------------------------
 ANTSPATH is /data/jet/pcook/bin/antsBuild/bin/

 Dimensionality:           3
 Output name prefix:       /tmp/1971994.1.basic.q/1101_ToTemplate_017_
 Fixed images:             data/template/T_template0_BrainCerebellum.nii.gz
 Moving images:            data/Brains/1101_3.nii.gz
 Mask images:              
 Initial transforms:       
 Number of threads:        2
 Spline distance:          26
 Transform type:           s
 MI histogram bins:        32
 Precision:                f
 Use histogram matching    0
======================================================================================
 antsRegistration call:
--------------------------------------------------------------------------------------
/data/jet/pcook/bin/antsBuild/bin//antsRegistration --verbose 1 --dimensionality 3 --float 1 --collapse-output-transforms 1 --output [/tmp/1971994.1.basic.q/1101_ToTemplate_017_,/tmp/1971994.1.basic.q/1101_ToTemplate_017_Warped.nii.gz,/tmp/1971994.1.basic.q/1101_ToTemplate_017_InverseWarped.nii.gz] --interpolation Linear --use-histogram-matching 0 --winsorize-image-intensities [0.005,0.995] --initial-moving-transform [data/template/T_template0_BrainCerebellum.nii.gz,data/Brains/1101_3.nii.gz,1] --transform Rigid[0.1] --metric MI[data/template/T_template0_BrainCerebellum.nii.gz,data/Brains/1101_3.nii.gz,1,32,Regular,0.25] --convergence [1000x500x250x0,1e-6,10] --shrink-factors 12x8x4x2 --smoothing-sigmas 4x3x2x1vox --transform Affine[0.1] --metric MI[data/template/T_template0_BrainCerebellum.nii.gz,data/Brains/1101_3.nii.gz,1,32,Regular,0.25] --convergence [1000x500x250x0,1e-6,10] --shrink-factors 12x8x4x2 --smoothing-sigmas 4x3x2x1vox --transform SyN[0.1,3,0] --metric MI[data/template/T_template0_BrainCerebellum.nii.gz,data/Brains/1101_3.nii.gz,1,32] --convergence [100x100x70x50x0,1e-6,10] --shrink-factors 10x6x4x2x1 --smoothing-sigmas 5x3x2x1x0vox
--------------------------------------------------------------------------------------
All_Command_lines_OK
Using single precision for computations.
=============================================================================
The composite transform comprises the following transforms (in order): 
  1. Center of mass alignment using fixed image: data/template/T_template0_BrainCerebellum.nii.gz and moving image: data/Brains/1101_3.nii.gz (type = Euler3DTransform)
=============================================================================
  number of levels = 4
  number of levels = 4
  number of levels = 5
  fixed image: data/template/T_template0_BrainCerebellum.nii.gz
  moving image: data/Brains/1101_3.nii.gz
  fixed image: data/template/T_template0_BrainCerebellum.nii.gz
  moving image: data/Brains/1101_3.nii.gz
  fixed image: data/template/T_template0_BrainCerebellum.nii.gz
  moving image: data/Brains/1101_3.nii.gz
Dimension = 3
Number of stages = 3
Use Histogram Matching false
Winsorize image intensities true
Lower quantile = 0.005
Upper quantile = 0.995
Stage 1 State
   Image metric = Mattes
     Fixed image = Image (0x52bc670)
  RTTI typeinfo:   itk::Image<float, 3u>
  Reference Count: 2
  Modified Time: 1611
  Debug: Off
  Object Name: 
  Observers: 
    none
  Source: (none)
  Source output name: (none)
  Release Data: Off
  Data Released: False
  Global Release Data: Off
  PipelineMTime: 0
  UpdateMTime: 1422
  RealTimeStamp: 0 seconds 
  LargestPossibleRegion: 
    Dimension: 3
    Index: [0, 0, 0]
    Size: [216, 256, 291]
  BufferedRegion: 
    Dimension: 3
    Index: [0, 0, 0]
    Size: [216, 256, 291]
  RequestedRegion: 
    Dimension: 3
    Index: [0, 0, 0]
    Size: [216, 256, 291]
  Spacing: [1, 1, 1]
  Origin: [0, 293, 0]
  Direction: 
1 0 0
0 -0 -1
0 -1 -0

  IndexToPointMatrix: 
1 0 0
0 0 -1
0 -1 0

  PointToIndexMatrix: 
1 0 0
0 0 -1
0 -1 0

  Inverse Direction: 
1 0 0
0 0 -1
0 -1 0

  PixelContainer: 
    ImportImageContainer (0x52a17f0)
      RTTI typeinfo:   itk::ImportImageContainer<unsigned long, float>
      Reference Count: 1
      Modified Time: 1419
      Debug: Off
      Object Name: 
      Observers: 
        none
      Pointer: 0x7f32d8758010
      Container manages memory: true
      Size: 16091136
      Capacity: 16091136

     Moving image = Image (0x52bd0b0)
  RTTI typeinfo:   itk::Image<float, 3u>
  Reference Count: 2
  Modified Time: 1612
  Debug: Off
  Object Name: 
  Observers: 
    none
  Source: (none)
  Source output name: (none)
  Release Data: Off
  Data Released: False
  Global Release Data: Off
  PipelineMTime: 0
  UpdateMTime: 1609
  RealTimeStamp: 0 seconds 
  LargestPossibleRegion: 
    Dimension: 3
    Index: [0, 0, 0]
    Size: [256, 256, 307]
  BufferedRegion: 
    Dimension: 3
    Index: [0, 0, 0]
    Size: [256, 256, 307]
  RequestedRegion: 
    Dimension: 3
    Index: [0, 0, 0]
    Size: [256, 256, 307]
  Spacing: [1, 1, 1]
  Origin: [0, 306, 0]
  Direction: 
1 0 0
0 -0 -1
0 -1 -0

  IndexToPointMatrix: 
1 0 0
0 0 -1
0 -1 0

  PointToIndexMatrix: 
1 0 0
0 0 -1
0 -1 0

  Inverse Direction: 
1 0 0
0 0 -1
0 -1 0

  PixelContainer: 
    ImportImageContainer (0x52bf500)
      RTTI typeinfo:   itk::ImportImageContainer<unsigned long, float>
      Reference Count: 1
      Modified Time: 1606
      Debug: Off
      Object Name: 
      Observers: 
        none
      Pointer: 0x7f32d3a97010
      Container manages memory: true
      Size: 20119552
      Capacity: 20119552

     Weighting = 1
     Sampling strategy = regular
     Number of bins = 32
     Radius = 4
     Sampling percentage  = 0.25
   Transform = Rigid
     Gradient step = 0.1
     Update field sigma (voxel space) = 0
     Total field sigma (voxel space) = 0
     Update field time sigma = 0
     Total field time sigma  = 0
     Number of time indices = 0
     Number of time point samples = 0
Stage 2 State
   Image metric = Mattes
     Fixed image = Image (0x52c7910)
  RTTI typeinfo:   itk::Image<float, 3u>
  Reference Count: 2
  Modified Time: 1987
  Debug: Off
  Object Name: 
  Observers: 
    none
  Source: (none)
  Source output name: (none)
  Release Data: Off
  Data Released: False
  Global Release Data: Off
  PipelineMTime: 0
  UpdateMTime: 1798
  RealTimeStamp: 0 seconds 
  LargestPossibleRegion: 
    Dimension: 3
    Index: [0, 0, 0]
    Size: [216, 256, 291]
  BufferedRegion: 
    Dimension: 3
    Index: [0, 0, 0]
    Size: [216, 256, 291]
  RequestedRegion: 
    Dimension: 3
    Index: [0, 0, 0]
    Size: [216, 256, 291]
  Spacing: [1, 1, 1]
  Origin: [0, 293, 0]
  Direction: 
1 0 0
0 -0 -1
0 -1 -0

  IndexToPointMatrix: 
1 0 0
0 0 -1
0 -1 0

  PointToIndexMatrix: 
1 0 0
0 0 -1
0 -1 0

  Inverse Direction: 
1 0 0
0 0 -1
0 -1 0

  PixelContainer: 
    ImportImageContainer (0x52c81b0)
      RTTI typeinfo:   itk::ImportImageContainer<unsigned long, float>
      Reference Count: 1
      Modified Time: 1795
      Debug: Off
      Object Name: 
      Observers: 
        none
      Pointer: 0x7f32cfd34010
      Container manages memory: true
      Size: 16091136
      Capacity: 16091136

     Moving image = Image (0x52c7ca0)
  RTTI typeinfo:   itk::Image<float, 3u>
  Reference Count: 2
  Modified Time: 1988
  Debug: Off
  Object Name: 
  Observers: 
    none
  Source: (none)
  Source output name: (none)
  Release Data: Off
  Data Released: False
  Global Release Data: Off
  PipelineMTime: 0
  UpdateMTime: 1985
  RealTimeStamp: 0 seconds 
  LargestPossibleRegion: 
    Dimension: 3
    Index: [0, 0, 0]
    Size: [256, 256, 307]
  BufferedRegion: 
    Dimension: 3
    Index: [0, 0, 0]
    Size: [256, 256, 307]
  RequestedRegion: 
    Dimension: 3
    Index: [0, 0, 0]
    Size: [256, 256, 307]
  Spacing: [1, 1, 1]
  Origin: [0, 306, 0]
  Direction: 
1 0 0
0 -0 -1
0 -1 -0

  IndexToPointMatrix: 
1 0 0
0 0 -1
0 -1 0

  PointToIndexMatrix: 
1 0 0
0 0 -1
0 -1 0

  Inverse Direction: 
1 0 0
0 0 -1
0 -1 0

  PixelContainer: 
    ImportImageContainer (0x52c87b0)
      RTTI typeinfo:   itk::ImportImageContainer<unsigned long, float>
      Reference Count: 1
      Modified Time: 1982
      Debug: Off
      Object Name: 
      Observers: 
        none
      Pointer: 0x7f32cb073010
      Container manages memory: true
      Size: 20119552
      Capacity: 20119552

     Weighting = 1
     Sampling strategy = regular
     Number of bins = 32
     Radius = 4
     Sampling percentage  = 0.25
   Transform = Affine
     Gradient step = 0.1
     Update field sigma (voxel space) = 0
     Total field sigma (voxel space) = 0
     Update field time sigma = 0
     Total field time sigma  = 0
     Number of time indices = 0
     Number of time point samples = 0
Stage 3 State
   Image metric = Mattes
     Fixed image = Image (0x52ce9a0)
  RTTI typeinfo:   itk::Image<float, 3u>
  Reference Count: 2
  Modified Time: 2363
  Debug: Off
  Object Name: 
  Observers: 
    none
  Source: (none)
  Source output name: (none)
  Release Data: Off
  Data Released: False
  Global Release Data: Off
  PipelineMTime: 0
  UpdateMTime: 2174
  RealTimeStamp: 0 seconds 
  LargestPossibleRegion: 
    Dimension: 3
    Index: [0, 0, 0]
    Size: [216, 256, 291]
  BufferedRegion: 
    Dimension: 3
    Index: [0, 0, 0]
    Size: [216, 256, 291]
  RequestedRegion: 
    Dimension: 3
    Index: [0, 0, 0]
    Size: [216, 256, 291]
  Spacing: [1, 1, 1]
  Origin: [0, 293, 0]
  Direction: 
1 0 0
0 -0 -1
0 -1 -0

  IndexToPointMatrix: 
1 0 0
0 0 -1
0 -1 0

  PointToIndexMatrix: 
1 0 0
0 0 -1
0 -1 0

  Inverse Direction: 
1 0 0
0 0 -1
0 -1 0

  PixelContainer: 
    ImportImageContainer (0x52cec30)
      RTTI typeinfo:   itk::ImportImageContainer<unsigned long, float>
      Reference Count: 1
      Modified Time: 2171
      Debug: Off
      Object Name: 
      Observers: 
        none
      Pointer: 0x7f32c7310010
      Container manages memory: true
      Size: 16091136
      Capacity: 16091136

     Moving image = Image (0x52d1360)
  RTTI typeinfo:   itk::Image<float, 3u>
  Reference Count: 2
  Modified Time: 2364
  Debug: Off
  Object Name: 
  Observers: 
    none
  Source: (none)
  Source output name: (none)
  Release Data: Off
  Data Released: False
  Global Release Data: Off
  PipelineMTime: 0
  UpdateMTime: 2361
  RealTimeStamp: 0 seconds 
  LargestPossibleRegion: 
    Dimension: 3
    Index: [0, 0, 0]
    Size: [256, 256, 307]
  BufferedRegion: 
    Dimension: 3
    Index: [0, 0, 0]
    Size: [256, 256, 307]
  RequestedRegion: 
    Dimension: 3
    Index: [0, 0, 0]
    Size: [256, 256, 307]
  Spacing: [1, 1, 1]
  Origin: [0, 306, 0]
  Direction: 
1 0 0
0 -0 -1
0 -1 -0

  IndexToPointMatrix: 
1 0 0
0 0 -1
0 -1 0

  PointToIndexMatrix: 
1 0 0
0 0 -1
0 -1 0

  Inverse Direction: 
1 0 0
0 0 -1
0 -1 0

  PixelContainer: 
    ImportImageContainer (0x52d15f0)
      RTTI typeinfo:   itk::ImportImageContainer<unsigned long, float>
      Reference Count: 1
      Modified Time: 2358
      Debug: Off
      Object Name: 
      Observers: 
        none
      Pointer: 0x7f32c264f010
      Container manages memory: true
      Size: 20119552
      Capacity: 20119552

     Weighting = 1
     Sampling strategy = none
     Number of bins = 32
     Radius = 4
     Sampling percentage  = 1
   Transform = SyN
     Gradient step = 0.1
     Update field sigma (voxel space) = 3
     Total field sigma (voxel space) = 0
     Update field time sigma = 0
     Total field time sigma  = 0
     Number of time indices = 0
     Number of time point samples = 0
Registration using 3 total stages.

Stage 0
  iterations = 1000x500x250x0
  convergence threshold = 1e-06
  convergence window size = 10
  number of levels = 4
  using the Mattes MI metric (number of bins = 32, weight = 1)
  preprocessing:  winsorizing the image intensities
  Shrink factors (level 1 out of 4): [12, 12, 12]
  Shrink factors (level 2 out of 4): [8, 8, 8]
  Shrink factors (level 3 out of 4): [4, 4, 4]
  Shrink factors (level 4 out of 4): [2, 2, 2]
  smoothing sigmas per level: [4, 3, 2, 1]
  regular sampling (percentage = 0.25)

*** Running Euler3DTransform registration ***

DIAGNOSTIC,Iteration,metricValue,convergenceValue,ITERATION_TIME_INDEX,SINCE_LAST
 2DIAGNOSTIC,     1, -4.810536205769e-01, inf, 1.9188e+01, 1.9188e+01, 
 2DIAGNOSTIC,     2, -4.827747941017e-01, inf, 1.9199e+01, 1.0231e-02, 
 2DIAGNOSTIC,     3, -4.861361980438e-01, inf, 1.9209e+01, 1.0067e-02, 
 2DIAGNOSTIC,     4, -4.902386665344e-01, inf, 1.9219e+01, 1.0037e-02, 
 2DIAGNOSTIC,     5, -4.927343428135e-01, inf, 1.9230e+01, 1.1662e-02, 
 2DIAGNOSTIC,     6, -4.932357370853e-01, inf, 1.9242e+01, 1.1571e-02, 
 2DIAGNOSTIC,     7, -4.932674467564e-01, inf, 1.9254e+01, 1.1631e-02, 
 2DIAGNOSTIC,     8, -4.933475255966e-01, inf, 1.9264e+01, 9.9680e-03, 
 2DIAGNOSTIC,     9, -4.935136735439e-01, inf, 1.9274e+01, 9.9661e-03, 
 2DIAGNOSTIC,    10, -4.940887689590e-01, 1.683763577603e-03, 1.9286e+01, 1.2310e-02, 
 2DIAGNOSTIC,    11, -4.945263564587e-01, 1.124470029026e-03, 1.9296e+01, 1.0646e-02, 
 2DIAGNOSTIC,    12, -4.965525269508e-01, 7.386173238046e-04, 1.9311e+01, 1.4035e-02, 
 2DIAGNOSTIC,    13, -4.978159964085e-01, 5.464634741656e-04, 1.9350e+01, 3.9972e-02, 
 2DIAGNOSTIC,    14, -4.978159070015e-01, 4.989269073121e-04, 1.9363e+01, 1.2260e-02, 
 2DIAGNOSTIC,    15, -4.978164732456e-01, 5.094716907479e-04, 1.9375e+01, 1.2122e-02, 
 2DIAGNOSTIC,    16, -4.978165030479e-01, 4.904951201752e-04, 1.9387e+01, 1.2100e-02, 
 2DIAGNOSTIC,    17, -4.978168904781e-01, 4.288506461307e-04, 1.9399e+01, 1.2097e-02, 
 2DIAGNOSTIC,    18, -4.978170990944e-01, 3.366394957993e-04, 1.9411e+01, 1.2090e-02, 
 2DIAGNOSTIC,    19, -4.978174567223e-01, 2.287698443979e-04, 1.9423e+01, 1.2085e-02, 
 2DIAGNOSTIC,    20, -4.978179037571e-01, 1.281861186726e-04, 1.9435e+01, 1.2082e-02, 
 2DIAGNOSTIC,    21, -4.978181123734e-01, 3.629181810538e-05, 1.9446e+01, 1.0497e-02, 
 2DIAGNOSTIC,    22, -4.978182911873e-01, 1.606038495083e-06, 1.9456e+01, 1.0498e-02, 
 2DIAGNOSTIC,    23, -4.978190958500e-01, 1.554048367325e-06, 1.9467e+01, 1.0498e-02, 
 2DIAGNOSTIC,    24, -4.978202879429e-01, 1.516895167697e-06, 1.9477e+01, 1.0501e-02, 
 2DIAGNOSTIC,    25, -4.978224337101e-01, 1.527415065539e-06, 1.9488e+01, 1.0499e-02, 
 2DIAGNOSTIC,    26, -4.978255331516e-01, 1.582148343005e-06, 1.9498e+01, 1.0502e-02, 
 2DIAGNOSTIC,    27, -4.978311359882e-01, 1.726253344714e-06, 1.9509e+01, 1.0494e-02, 
 2DIAGNOSTIC,    28, -4.978408813477e-01, 2.010940079344e-06, 1.9519e+01, 1.0499e-02, 
 2DIAGNOSTIC,    29, -4.978569746017e-01, 2.515668938941e-06, 1.9530e+01, 1.0488e-02, 
 2DIAGNOSTIC,    30, -4.978842139244e-01, 3.377168468433e-06, 1.9540e+01, 1.0517e-02, 
 2DIAGNOSTIC,    31, -4.979275763035e-01, 4.761790933117e-06, 1.9551e+01, 1.0497e-02, 
 2DIAGNOSTIC,    32, -4.979976415634e-01, 6.951900104468e-06, 1.9561e+01, 1.0502e-02, 
 2DIAGNOSTIC,    33, -4.978987276554e-01, 6.716780717397e-06, 1.9572e+01, 1.0510e-02, 
 2DIAGNOSTIC,    34, -4.978472888470e-01, 5.170290023671e-06, 1.9584e+01, 1.2091e-02, 
 2DIAGNOSTIC,    35, -4.979213476181e-01, 4.573888872983e-06, 1.9594e+01, 1.0524e-02, 
DIAGNOSTIC,Iteration,metricValue,convergenceValue,ITERATION_TIME_INDEX,SINCE_LAST
 2DIAGNOSTIC,     1, -4.077407419682e-01, inf, 3.3968e+01, 1.4373e+01, 
 2DIAGNOSTIC,     2, -4.085389971733e-01, inf, 3.4021e+01, 5.3489e-02, 
 2DIAGNOSTIC,     3, -4.098635017872e-01, inf, 3.4074e+01, 5.3438e-02, 
 2DIAGNOSTIC,     4, -4.114594161510e-01, inf, 3.4128e+01, 5.3356e-02, 
 2DIAGNOSTIC,     5, -4.121214747429e-01, inf, 3.4181e+01, 5.3513e-02, 
 2DIAGNOSTIC,     6, -4.128577411175e-01, inf, 3.4235e+01, 5.4085e-02, 
 2DIAGNOSTIC,     7, -4.135800302029e-01, inf, 3.4310e+01, 7.4413e-02, 
 2DIAGNOSTIC,     8, -4.139793217182e-01, inf, 3.4394e+01, 8.4397e-02, 
 2DIAGNOSTIC,     9, -4.143439233303e-01, inf, 3.4448e+01, 5.3550e-02, 
 2DIAGNOSTIC,    10, -4.148489534855e-01, 1.119569409639e-03, 3.4502e+01, 5.4041e-02, 
 2DIAGNOSTIC,    11, -4.152027368546e-01, 8.823064854369e-04, 3.4556e+01, 5.4076e-02, 
 2DIAGNOSTIC,    12, -4.154926240444e-01, 6.671948358417e-04, 3.4610e+01, 5.4163e-02, 
 2DIAGNOSTIC,    13, -4.156638681889e-01, 5.029280437157e-04, 3.4674e+01, 6.3986e-02, 
 2DIAGNOSTIC,    14, -4.161447584629e-01, 4.187347367406e-04, 3.4738e+01, 6.4083e-02, 
 2DIAGNOSTIC,    15, -4.160895347595e-01, 3.345728910062e-04, 3.4929e+01, 1.9088e-01, 
 2DIAGNOSTIC,    16, -4.160891473293e-01, 2.617739373818e-04, 3.4993e+01, 6.4053e-02, 
 2DIAGNOSTIC,    17, -4.160902798176e-01, 2.029935130849e-04, 3.5047e+01, 5.4017e-02, 
 2DIAGNOSTIC,    18, -4.160913228989e-01, 1.472868316341e-04, 3.5101e+01, 5.4062e-02, 
 2DIAGNOSTIC,    19, -4.160936772823e-01, 9.675334877102e-05, 3.5155e+01, 5.3954e-02, 
 2DIAGNOSTIC,    20, -4.160973727703e-01, 5.976947068120e-05, 3.5209e+01, 5.4110e-02, 
 2DIAGNOSTIC,    21, -4.161036610603e-01, 3.273506808910e-05, 3.5263e+01, 5.4087e-02, 
 2DIAGNOSTIC,    22, -4.161137342453e-01, 1.460978364776e-05, 3.5317e+01, 5.4125e-02, 
 2DIAGNOSTIC,    23, -4.161287248135e-01, 1.956080041055e-06, 3.5372e+01, 5.4408e-02, 
 2DIAGNOSTIC,    24, -4.161513745785e-01, 4.739936684928e-06, 3.5426e+01, 5.4157e-02, 
 2DIAGNOSTIC,    25, -4.161824882030e-01, 6.308793217613e-06, 3.5480e+01, 5.4064e-02, 
 2DIAGNOSTIC,    26, -4.162206053734e-01, 8.264957614301e-06, 3.5534e+01, 5.4191e-02, 
 2DIAGNOSTIC,    27, -4.162619411945e-01, 1.047771638696e-05, 3.5588e+01, 5.4034e-02, 
 2DIAGNOSTIC,    28, -4.163922667503e-01, 1.485885059083e-05, 3.5643e+01, 5.4878e-02, 
 2DIAGNOSTIC,    29, -4.165803194046e-01, 2.206956560258e-05, 3.5697e+01, 5.4306e-02, 
 2DIAGNOSTIC,    30, -4.167215526104e-01, 3.004084464919e-05, 3.5752e+01, 5.4388e-02, 
 2DIAGNOSTIC,    31, -4.168718457222e-01, 3.820675556199e-05, 3.5816e+01, 6.4125e-02, 
 2DIAGNOSTIC,    32, -4.170504212379e-01, 4.636473386199e-05, 3.5890e+01, 7.3996e-02, 
 2DIAGNOSTIC,    33, -4.171349704266e-01, 5.171220254852e-05, 3.5964e+01, 7.3776e-02, 
 2DIAGNOSTIC,    34, -4.172446131706e-01, 5.455538848764e-05, 3.6028e+01, 6.4127e-02, 
 2DIAGNOSTIC,    35, -4.175468087196e-01, 5.863505066372e-05, 3.6122e+01, 9.4594e-02, 
 2DIAGNOSTIC,    36, -4.175202846527e-01, 5.710062396247e-05, 3.6176e+01, 5.3988e-02, 
 2DIAGNOSTIC,    37, -4.182416796684e-01, 6.446588668041e-05, 3.6230e+01, 5.3873e-02, 
 2DIAGNOSTIC,    38, -4.189769923687e-01, 8.061381959124e-05, 3.6294e+01, 6.3829e-02, 
 2DIAGNOSTIC,    39, -4.190402626991e-01, 9.246387344319e-05, 3.6358e+01, 6.4211e-02, 
 2DIAGNOSTIC,    40, -4.189890921116e-01, 9.673464955995e-05, 3.6412e+01, 5.4061e-02, 
 2DIAGNOSTIC,    41, -4.189702868462e-01, 9.397737449035e-05, 3.6466e+01, 5.3954e-02, 
 2DIAGNOSTIC,    42, -4.190442860126e-01, 8.640302257845e-05, 3.6520e+01, 5.4061e-02, 
 2DIAGNOSTIC,    43, -4.190872907639e-01, 7.273744267877e-05, 3.6574e+01, 5.3917e-02, 
 2DIAGNOSTIC,    44, -4.191316068172e-01, 5.518537000171e-05, 3.6638e+01, 6.4126e-02, 
 2DIAGNOSTIC,    45, -4.191908836365e-01, 3.904452023562e-05, 3.6723e+01, 8.4255e-02, 
 2DIAGNOSTIC,    46, -4.192745387554e-01, 2.062830208160e-05, 3.6777e+01, 5.4459e-02, 
 2DIAGNOSTIC,    47, -4.192893207073e-01, 1.145327132690e-05, 3.6832e+01, 5.4377e-02, 
 2DIAGNOSTIC,    48, -4.193526208401e-01, 1.296231948800e-05, 3.6906e+01, 7.4468e-02, 
 2DIAGNOSTIC,    49, -4.193625152111e-01, 1.426571088814e-05, 3.6960e+01, 5.4390e-02, 
 2DIAGNOSTIC,    50, -4.193758070469e-01, 1.371342204948e-05, 3.7025e+01, 6.4267e-02, 
 2DIAGNOSTIC,    51, -4.193863272667e-01, 1.179451646749e-05, 3.7079e+01, 5.3937e-02, 
 2DIAGNOSTIC,    52, -4.194020628929e-01, 1.005007470667e-05, 3.7162e+01, 8.3488e-02, 
 2DIAGNOSTIC,    53, -4.194130301476e-01, 8.155801879184e-06, 3.7216e+01, 5.3858e-02, 
 2DIAGNOSTIC,    54, -4.194661676884e-01, 6.828001914982e-06, 3.7270e+01, 5.4054e-02, 
 2DIAGNOSTIC,    55, -4.194785058498e-01, 5.806075932924e-06, 3.7344e+01, 7.3577e-02, 
 2DIAGNOSTIC,    56, -4.194843471050e-01, 5.417743523140e-06, 3.7408e+01, 6.4038e-02, 
 2DIAGNOSTIC,    57, -4.194856286049e-01, 4.758050181408e-06, 3.7471e+01, 6.3747e-02, 
 2DIAGNOSTIC,    58, -4.194610118866e-01, 4.170968168182e-06, 3.7525e+01, 5.4065e-02, 
 2DIAGNOSTIC,    59, -4.194716215134e-01, 3.491055849736e-06, 3.7599e+01, 7.3660e-02, 
 2DIAGNOSTIC,    60, -4.194755852222e-01, 2.735806447163e-06, 3.7654e+01, 5.4614e-02, 
 2DIAGNOSTIC,    61, -4.194818139076e-01, 1.980961314985e-06, 3.7708e+01, 5.4407e-02, 
 2DIAGNOSTIC,    62, -4.194901585579e-01, 1.382100208502e-06, 3.7763e+01, 5.4509e-02, 
DIAGNOSTIC,Iteration,metricValue,convergenceValue,ITERATION_TIME_INDEX,SINCE_LAST
 2DIAGNOSTIC,     1, -3.577026724815e-01, inf, 4.6763e+01, 9.0008e+00, 
 2DIAGNOSTIC,     2, -3.579716682434e-01, inf, 4.7188e+01, 4.2404e-01, 
 2DIAGNOSTIC,     3, -3.582041859627e-01, inf, 4.7694e+01, 5.0617e-01, 
 2DIAGNOSTIC,     4, -3.582791984081e-01, inf, 4.8117e+01, 4.2361e-01, 
 2DIAGNOSTIC,     5, -3.583368360996e-01, inf, 4.8540e+01, 4.2302e-01, 
 2DIAGNOSTIC,     6, -3.584171533585e-01, inf, 4.9461e+01, 9.2090e-01, 
 2DIAGNOSTIC,     7, -3.584346473217e-01, inf, 4.9968e+01, 5.0642e-01, 
 2DIAGNOSTIC,     8, -3.584321141243e-01, inf, 5.0474e+01, 5.0662e-01, 
 2DIAGNOSTIC,     9, -3.584330081940e-01, inf, 5.0980e+01, 5.0612e-01, 
 2DIAGNOSTIC,    10, -3.584301173687e-01, 1.123658657889e-04, 5.1488e+01, 5.0714e-01, 
 2DIAGNOSTIC,    11, -3.584331572056e-01, 6.161027704366e-05, 5.1995e+01, 5.0719e-01, 
 2DIAGNOSTIC,    12, -3.584384620190e-01, 3.181988358847e-05, 5.2502e+01, 5.0735e-01, 
 2DIAGNOSTIC,    13, -3.584488034248e-01, 1.877865724964e-05, 5.3009e+01, 5.0682e-01, 
 2DIAGNOSTIC,    14, -3.584646582603e-01, 1.123337096942e-05, 5.3432e+01, 4.2339e-01, 
 2DIAGNOSTIC,    15, -3.584942519665e-01, 8.365103894903e-06, 5.3858e+01, 4.2584e-01, 
 2DIAGNOSTIC,    16, -3.585454821587e-01, 1.175091892947e-05, 5.4287e+01, 4.2864e-01, 
 2DIAGNOSTIC,    17, -3.585785031319e-01, 1.615154906176e-05, 5.4716e+01, 4.2890e-01, 
 2DIAGNOSTIC,    18, -3.587124943733e-01, 2.453018169035e-05, 5.5398e+01, 6.8192e-01, 
 2DIAGNOSTIC,    19, -3.586755096912e-01, 2.829347977240e-05, 5.5828e+01, 4.3065e-01, 
 2DIAGNOSTIC,    20, -3.586958050728e-01, 2.999997013831e-05, 5.6341e+01, 5.1246e-01, 
 2DIAGNOSTIC,    21, -3.587337136269e-01, 3.045439007110e-05, 5.6856e+01, 5.1494e-01, 
 2DIAGNOSTIC,    22, -3.587694764137e-01, 2.956197386084e-05, 5.7286e+01, 4.3087e-01, 
 2DIAGNOSTIC,    23, -3.587886393070e-01, 2.707380008360e-05, 5.7718e+01, 4.3180e-01, 
 2DIAGNOSTIC,    24, -3.589877188206e-01, 2.951273017970e-05, 5.8654e+01, 9.3533e-01, 
 2DIAGNOSTIC,    25, -3.589695394039e-01, 2.934138501587e-05, 5.9081e+01, 4.2747e-01, 
 2DIAGNOSTIC,    26, -3.589750826359e-01, 2.834909355443e-05, 5.9593e+01, 5.1239e-01, 
 2DIAGNOSTIC,    27, -3.589733541012e-01, 2.573833444330e-05, 6.0107e+01, 5.1323e-01, 
 2DIAGNOSTIC,    28, -3.589676618576e-01, 2.464526369295e-05, 6.0536e+01, 4.2957e-01, 
 2DIAGNOSTIC,    29, -3.589913547039e-01, 2.097126343870e-05, 6.0965e+01, 4.2864e-01, 
 2DIAGNOSTIC,    30, -3.590131998062e-01, 1.673500264587e-05, 6.1396e+01, 4.3088e-01, 
 2DIAGNOSTIC,    31, -3.590402305126e-01, 1.300020448980e-05, 6.1824e+01, 4.2847e-01, 
 2DIAGNOSTIC,    32, -3.590671420097e-01, 9.952997970686e-06, 6.2251e+01, 4.2649e-01, 
 2DIAGNOSTIC,    33, -3.591924905777e-01, 9.569353096595e-06, 6.3339e+01, 1.0879e+00, 
 2DIAGNOSTIC,    34, -3.591953217983e-01, 1.303417502641e-05, 6.3928e+01, 5.8974e-01, 
 2DIAGNOSTIC,    35, -3.591890037060e-01, 1.462008003728e-05, 6.4435e+01, 5.0634e-01, 
 2DIAGNOSTIC,    36, -3.591901361942e-01, 1.500466532889e-05, 6.4858e+01, 4.2332e-01, 
 2DIAGNOSTIC,    37, -3.591877818108e-01, 1.393114871462e-05, 6.5366e+01, 5.0771e-01, 
 2DIAGNOSTIC,    38, -3.591883182526e-01, 1.151557898993e-05, 6.5872e+01, 5.0641e-01, 
 2DIAGNOSTIC,    39, -3.591844737530e-01, 8.601930858276e-06, 6.6379e+01, 5.0704e-01, 
 2DIAGNOSTIC,    40, -3.591808080673e-01, 5.486719146575e-06, 6.6803e+01, 4.2378e-01, 
 2DIAGNOSTIC,    41, -3.591814041138e-01, 2.626653213156e-06, 6.7310e+01, 5.0670e-01, 
DIAGNOSTIC,Iteration,metricValue,convergenceValue,ITERATION_TIME_INDEX,SINCE_LAST
 2DIAGNOSTIC,     1, -3.106168210506e-01, inf, 7.5878e+01, 8.5682e+00, 
  Elapsed time (stage 0): 7.7717e+01


Stage 1
  iterations = 1000x500x250x0
  convergence threshold = 1.0000e-06
  convergence window size = 10
  number of levels = 4
  using the Mattes MI metric (number of bins = 32, weight = 1.0000e+00)
  preprocessing:  winsorizing the image intensities
  Shrink factors (level 1 out of 4): [12, 12, 12]
  Shrink factors (level 2 out of 4): [8, 8, 8]
  Shrink factors (level 3 out of 4): [4, 4, 4]
  Shrink factors (level 4 out of 4): [2, 2, 2]
  smoothing sigmas per level: [4, 3, 2, 1]
  regular sampling (percentage = 2.5000e-01)

*** Running AffineTransform registration ***

DIAGNOSTIC,Iteration,metricValue,convergenceValue,ITERATION_TIME_INDEX,SINCE_LAST
 2DIAGNOSTIC,     1, -4.979218840599e-01, inf, 1.9050e+01, 1.9050e+01, 
 2DIAGNOSTIC,     2, -4.988318681717e-01, inf, 1.9064e+01, 1.4092e-02, 
 2DIAGNOSTIC,     3, -4.997444152832e-01, inf, 1.9078e+01, 1.3818e-02, 
 2DIAGNOSTIC,     4, -5.006948709488e-01, inf, 1.9092e+01, 1.3923e-02, 
 2DIAGNOSTIC,     5, -5.019500255585e-01, inf, 1.9106e+01, 1.3851e-02, 
 2DIAGNOSTIC,     6, -5.029470920563e-01, inf, 1.9120e+01, 1.4198e-02, 
 2DIAGNOSTIC,     7, -5.054159164429e-01, inf, 1.9134e+01, 1.4268e-02, 
 2DIAGNOSTIC,     8, -5.092940330505e-01, inf, 1.9149e+01, 1.4476e-02, 
 2DIAGNOSTIC,     9, -5.148040652275e-01, inf, 1.9173e+01, 2.4173e-02, 
 2DIAGNOSTIC,    10, -5.175606012344e-01, 2.404751256108e-03, 1.9191e+01, 1.8240e-02, 
 2DIAGNOSTIC,    11, -5.181445479393e-01, 2.484933938831e-03, 1.9206e+01, 1.4530e-02, 
 2DIAGNOSTIC,    12, -5.185431838036e-01, 2.392748836428e-03, 1.9222e+01, 1.5848e-02, 
 2DIAGNOSTIC,    13, -5.200004577637e-01, 2.198921982199e-03, 1.9236e+01, 1.4357e-02, 
 2DIAGNOSTIC,    14, -5.212628841400e-01, 1.916992594488e-03, 1.9250e+01, 1.4476e-02, 
 2DIAGNOSTIC,    15, -5.235044956207e-01, 1.627796795219e-03, 1.9265e+01, 1.4683e-02, 
 2DIAGNOSTIC,    16, -5.280065536499e-01, 1.417889958248e-03, 1.9285e+01, 1.9661e-02, 
 2DIAGNOSTIC,    17, -5.279199481010e-01, 1.178009668365e-03, 1.9301e+01, 1.6273e-02, 
 2DIAGNOSTIC,    18, -5.291657447815e-01, 1.013027969748e-03, 1.9318e+01, 1.6419e-02, 
 2DIAGNOSTIC,    19, -5.307229757309e-01, 9.760499233380e-04, 1.9336e+01, 1.8200e-02, 
 2DIAGNOSTIC,    20, -5.364058613777e-01, 1.082652714103e-03, 1.9350e+01, 1.4380e-02, 
 2DIAGNOSTIC,    21, -5.369868278503e-01, 1.103943679482e-03, 1.9366e+01, 1.6059e-02, 
 2DIAGNOSTIC,    22, -5.386008024216e-01, 1.072284067050e-03, 1.9382e+01, 1.6015e-02, 
 2DIAGNOSTIC,    23, -5.395254492760e-01, 1.002383418381e-03, 1.9403e+01, 2.1069e-02, 
 2DIAGNOSTIC,    24, -5.394464731216e-01, 8.704764768481e-04, 1.9417e+01, 1.3843e-02, 
 2DIAGNOSTIC,    25, -5.393999814987e-01, 7.122358074412e-04, 1.9435e+01, 1.7442e-02, 
 2DIAGNOSTIC,    26, -5.392616391182e-01, 5.919103277847e-04, 1.9450e+01, 1.5876e-02, 
 2DIAGNOSTIC,    27, -5.390958189964e-01, 4.210604238324e-04, 1.9465e+01, 1.4201e-02, 
 2DIAGNOSTIC,    28, -5.389465689659e-01, 2.448688901495e-04, 1.9478e+01, 1.3815e-02, 
 2DIAGNOSTIC,    29, -5.390159487724e-01, 8.626094495412e-05, 1.9494e+01, 1.5764e-02, 
 2DIAGNOSTIC,    30, -5.390497446060e-01, 3.428215131862e-05, 1.9508e+01, 1.3749e-02, 
DIAGNOSTIC,Iteration,metricValue,convergenceValue,ITERATION_TIME_INDEX,SINCE_LAST
 2DIAGNOSTIC,     1, -4.563814103603e-01, inf, 3.3937e+01, 1.4429e+01, 
 2DIAGNOSTIC,     2, -4.573740661144e-01, inf, 3.4003e+01, 6.6001e-02, 
 2DIAGNOSTIC,     3, -4.584872424603e-01, inf, 3.4068e+01, 6.5278e-02, 
 2DIAGNOSTIC,     4, -4.592891633511e-01, inf, 3.4132e+01, 6.4557e-02, 
 2DIAGNOSTIC,     5, -4.600190520287e-01, inf, 3.4198e+01, 6.5262e-02, 
 2DIAGNOSTIC,     6, -4.611798524857e-01, inf, 3.4262e+01, 6.4864e-02, 
 2DIAGNOSTIC,     7, -4.631033539772e-01, inf, 3.4338e+01, 7.5246e-02, 
 2DIAGNOSTIC,     8, -4.639723896980e-01, inf, 3.4433e+01, 9.5530e-02, 
 2DIAGNOSTIC,     9, -4.643394649029e-01, inf, 3.4498e+01, 6.4458e-02, 
 2DIAGNOSTIC,    10, -4.645910263062e-01, 1.243826700374e-03, 3.4563e+01, 6.5578e-02, 
 2DIAGNOSTIC,    11, -4.647504389286e-01, 1.034647459164e-03, 3.4629e+01, 6.5300e-02, 
 2DIAGNOSTIC,    12, -4.654612839222e-01, 8.530745399185e-04, 3.4734e+01, 1.0504e-01, 
 2DIAGNOSTIC,    13, -4.656026661396e-01, 6.807302706875e-04, 3.4799e+01, 6.5725e-02, 
 2DIAGNOSTIC,    14, -4.656229019165e-01, 5.086616147310e-04, 3.4865e+01, 6.5610e-02, 
 2DIAGNOSTIC,    15, -4.657694995403e-01, 3.498314472381e-04, 3.4930e+01, 6.5380e-02, 
 2DIAGNOSTIC,    16, -4.660471677780e-01, 2.325544483028e-04, 3.5014e+01, 8.3677e-02, 
 2DIAGNOSTIC,    17, -4.660750031471e-01, 1.771635870682e-04, 3.5109e+01, 9.4836e-02, 
 2DIAGNOSTIC,    18, -4.660511016846e-01, 1.404293725500e-04, 3.5174e+01, 6.5104e-02, 
 2DIAGNOSTIC,    19, -4.663105010986e-01, 1.153075354523e-04, 3.5260e+01, 8.6198e-02, 
 2DIAGNOSTIC,    20, -4.664091467857e-01, 9.275969205191e-05, 3.5335e+01, 7.4704e-02, 
 2DIAGNOSTIC,    21, -4.664349555969e-01, 6.859727000119e-05, 3.5400e+01, 6.5204e-02, 
 2DIAGNOSTIC,    22, -4.664414227009e-01, 6.042267705197e-05, 3.5464e+01, 6.3472e-02, 
 2DIAGNOSTIC,    23, -4.664973318577e-01, 5.288441752782e-05, 3.5529e+01, 6.5801e-02, 
 2DIAGNOSTIC,    24, -4.665068984032e-01, 4.175569847575e-05, 3.5623e+01, 9.3416e-02, 
 2DIAGNOSTIC,    25, -4.665111601353e-01, 3.117250162177e-05, 3.5698e+01, 7.5315e-02, 
 2DIAGNOSTIC,    26, -4.665141999722e-01, 2.528466029617e-05, 3.5772e+01, 7.3984e-02, 
 2DIAGNOSTIC,    27, -4.665182530880e-01, 1.840924778662e-05, 3.5848e+01, 7.6100e-02, 
 2DIAGNOSTIC,    28, -4.665199220181e-01, 9.767229130375e-06, 3.5923e+01, 7.5090e-02, 
 2DIAGNOSTIC,    29, -4.665231704712e-01, 6.395190212061e-06, 3.5998e+01, 7.5180e-02, 
 2DIAGNOSTIC,    30, -4.665246605873e-01, 4.793876087206e-06, 3.6072e+01, 7.3779e-02, 
 2DIAGNOSTIC,    31, -4.665264189243e-01, 3.499139893393e-06, 3.6137e+01, 6.4715e-02, 
 2DIAGNOSTIC,    32, -4.664795994759e-01, 1.251944468095e-06, 3.6202e+01, 6.4780e-02, 
DIAGNOSTIC,Iteration,metricValue,convergenceValue,ITERATION_TIME_INDEX,SINCE_LAST
 2DIAGNOSTIC,     1, -3.925774991512e-01, inf, 4.5310e+01, 9.1087e+00, 
 2DIAGNOSTIC,     2, -3.928028345108e-01, inf, 4.5831e+01, 5.2020e-01, 
 2DIAGNOSTIC,     3, -3.929620087147e-01, inf, 4.6343e+01, 5.1204e-01, 
 2DIAGNOSTIC,     4, -3.932428956032e-01, inf, 4.6863e+01, 5.2025e-01, 
 2DIAGNOSTIC,     5, -3.935964703560e-01, inf, 4.7459e+01, 5.9636e-01, 
 2DIAGNOSTIC,     6, -3.936883807182e-01, inf, 4.8148e+01, 6.8915e-01, 
 2DIAGNOSTIC,     7, -3.940945863724e-01, inf, 4.8746e+01, 5.9806e-01, 
 2DIAGNOSTIC,     8, -3.942928314209e-01, inf, 4.9436e+01, 6.8915e-01, 
 2DIAGNOSTIC,     9, -3.944449424744e-01, inf, 4.9945e+01, 5.0958e-01, 
 2DIAGNOSTIC,    10, -3.944822847843e-01, 3.415686660446e-04, 5.0464e+01, 5.1898e-01, 
 2DIAGNOSTIC,    11, -3.946381807327e-01, 2.916217490565e-04, 5.0976e+01, 5.1219e-01, 
 2DIAGNOSTIC,    12, -3.948901891708e-01, 2.525360032450e-04, 5.1821e+01, 8.4434e-01, 
 2DIAGNOSTIC,    13, -3.949110805988e-01, 2.062235143967e-04, 5.2417e+01, 5.9634e-01, 
 2DIAGNOSTIC,    14, -3.949231207371e-01, 1.630867045606e-04, 5.3011e+01, 5.9419e-01, 
 2DIAGNOSTIC,    15, -3.949247598648e-01, 1.284879253944e-04, 5.3609e+01, 5.9766e-01, 
 2DIAGNOSTIC,    16, -3.949512541294e-01, 9.152029815596e-05, 5.4121e+01, 5.1223e-01, 
 2DIAGNOSTIC,    17, -3.949864506721e-01, 6.902335007908e-05, 5.4633e+01, 5.1164e-01, 
 2DIAGNOSTIC,    18, -3.950780332088e-01, 5.430178498500e-05, 5.5144e+01, 5.1125e-01, 
 2DIAGNOSTIC,    19, -3.951756656170e-01, 4.584979615174e-05, 5.5660e+01, 5.1626e-01, 
 2DIAGNOSTIC,    20, -3.952726423740e-01, 3.889527215506e-05, 5.6174e+01, 5.1357e-01, 
 2DIAGNOSTIC,    21, -3.953531980515e-01, 3.698832733789e-05, 5.6854e+01, 6.8017e-01, 
 2DIAGNOSTIC,    22, -3.955064117908e-01, 4.518303103396e-05, 5.7783e+01, 9.2903e-01, 
 2DIAGNOSTIC,    23, -3.955001533031e-01, 4.891231219517e-05, 5.8633e+01, 8.4978e-01, 
 2DIAGNOSTIC,    24, -3.955097198486e-01, 4.857886960963e-05, 5.9232e+01, 5.9935e-01, 
 2DIAGNOSTIC,    25, -3.955129086971e-01, 4.400364196044e-05, 5.9833e+01, 6.0097e-01, 
 2DIAGNOSTIC,    26, -3.955068588257e-01, 3.631013896666e-05, 6.0429e+01, 5.9619e-01, 
 2DIAGNOSTIC,    27, -3.955040276051e-01, 2.668382330739e-05, 6.1029e+01, 5.9986e-01, 
 2DIAGNOSTIC,    28, -3.955063819885e-01, 1.773780786607e-05, 6.1625e+01, 5.9585e-01, 
 2DIAGNOSTIC,    29, -3.954926729202e-01, 9.934953595803e-06, 6.2147e+01, 5.2222e-01, 
 2DIAGNOSTIC,    30, -3.954895138741e-01, 4.063628239237e-06, 6.2743e+01, 5.9584e-01, 
DIAGNOSTIC,Iteration,metricValue,convergenceValue,ITERATION_TIME_INDEX,SINCE_LAST
 2DIAGNOSTIC,     1, -3.387916684151e-01, inf, 7.2153e+01, 9.4101e+00, 
  Elapsed time (stage 1): 7.4002e+01


Stage 2
  iterations = 100x100x70x50x0
  convergence threshold = 1.0000e-06
  convergence window size = 10
  number of levels = 5
  using the Mattes MI metric (number of bins = 32, weight = 1.0000e+00)
  preprocessing:  winsorizing the image intensities
  Shrink factors (level 1 out of 5): [10, 10, 10]
  Shrink factors (level 2 out of 5): [6, 6, 6]
  Shrink factors (level 3 out of 5): [4, 4, 4]
  Shrink factors (level 4 out of 5): [2, 2, 2]
  Shrink factors (level 5 out of 5): [1, 1, 1]
  smoothing sigmas per level: [5, 3, 2, 1, 0]
  Using default NONE metricSamplingStrategy 

*** Running SyN registration (varianceForUpdateField = 3.0000e+00, varianceForTotalField = 0.0000e+00) ***

XXDIAGNOSTIC,Iteration,metricValue,convergenceValue,ITERATION_TIME_INDEX,SINCE_LAST
 1DIAGNOSTIC,     1, -5.223134756088e-01, inf, 3.3206e+01, 3.3206e+01, 
 1DIAGNOSTIC,     2, -5.407770872116e-01, inf, 3.3358e+01, 1.5150e-01, 
 1DIAGNOSTIC,     3, -5.523083209991e-01, inf, 3.3506e+01, 1.4814e-01, 
 1DIAGNOSTIC,     4, -5.555649995804e-01, inf, 3.3654e+01, 1.4860e-01, 
 1DIAGNOSTIC,     5, -5.535893440247e-01, inf, 3.3799e+01, 1.4482e-01, 
 1DIAGNOSTIC,     6, -5.538359284401e-01, inf, 3.3944e+01, 1.4489e-01, 
 1DIAGNOSTIC,     7, -5.531716346741e-01, inf, 3.4090e+01, 1.4587e-01, 
 1DIAGNOSTIC,     8, -5.511425733566e-01, inf, 3.4235e+01, 1.4531e-01, 
 1DIAGNOSTIC,     9, -5.498535633087e-01, inf, 3.4381e+01, 1.4536e-01, 
 1DIAGNOSTIC,    10, -5.476477146149e-01, 1.629982725717e-03, 3.4527e+01, 1.4597e-01, 
 1DIAGNOSTIC,    11, -5.456998348236e-01, -2.051365154330e-04, 3.4673e+01, 1.4673e-01, 
XXDIAGNOSTIC,Iteration,metricValue,convergenceValue,ITERATION_TIME_INDEX,SINCE_LAST
 1DIAGNOSTIC,     1, -4.315730035305e-01, inf, 4.9507e+01, 1.4833e+01, 
 1DIAGNOSTIC,     2, -4.336265921593e-01, inf, 5.0094e+01, 5.8758e-01, 
 1DIAGNOSTIC,     3, -4.348960518837e-01, inf, 5.0667e+01, 5.7219e-01, 
 1DIAGNOSTIC,     4, -4.349463582039e-01, inf, 5.1237e+01, 5.7034e-01, 
 1DIAGNOSTIC,     5, -4.342680573463e-01, inf, 5.1809e+01, 5.7200e-01, 
 1DIAGNOSTIC,     6, -4.335924088955e-01, inf, 5.2381e+01, 5.7226e-01, 
 1DIAGNOSTIC,     7, -4.326391220093e-01, inf, 5.2953e+01, 5.7152e-01, 
 1DIAGNOSTIC,     8, -4.316782057285e-01, inf, 5.3528e+01, 5.7549e-01, 
 1DIAGNOSTIC,     9, -4.306376874447e-01, inf, 5.4102e+01, 5.7383e-01, 
 1DIAGNOSTIC,    10, -4.294708967209e-01, -5.328314728104e-04, 5.4675e+01, 5.7332e-01, 
XXDIAGNOSTIC,Iteration,metricValue,convergenceValue,ITERATION_TIME_INDEX,SINCE_LAST
 1DIAGNOSTIC,     1, -3.654892444611e-01, inf, 6.4999e+01, 1.0323e+01, 
 1DIAGNOSTIC,     2, -3.662506937981e-01, inf, 6.6894e+01, 1.8951e+00, 
 1DIAGNOSTIC,     3, -3.670355975628e-01, inf, 6.8731e+01, 1.8372e+00, 
 1DIAGNOSTIC,     4, -3.670883774757e-01, inf, 7.0569e+01, 1.8378e+00, 
 1DIAGNOSTIC,     5, -3.671225905418e-01, inf, 7.2459e+01, 1.8906e+00, 
 1DIAGNOSTIC,     6, -3.671177625656e-01, inf, 7.4238e+01, 1.7788e+00, 
 1DIAGNOSTIC,     7, -3.668708205223e-01, inf, 7.6015e+01, 1.7768e+00, 
 1DIAGNOSTIC,     8, -3.665216267109e-01, inf, 7.7793e+01, 1.7779e+00, 
 1DIAGNOSTIC,     9, -3.661364614964e-01, inf, 7.9578e+01, 1.7851e+00, 
 1DIAGNOSTIC,    10, -3.659160137177e-01, -7.384689979517e-06, 8.1356e+01, 1.7782e+00, 
XXDIAGNOSTIC,Iteration,metricValue,convergenceValue,ITERATION_TIME_INDEX,SINCE_LAST
 1DIAGNOSTIC,     1, -3.102518022060e-01, inf, 1.0125e+02, 1.9898e+01, 
 1DIAGNOSTIC,     2, -3.111477494240e-01, inf, 1.1414e+02, 1.2881e+01, 
 1DIAGNOSTIC,     3, -3.120156824589e-01, inf, 1.2743e+02, 1.3299e+01, 
 1DIAGNOSTIC,     4, -3.128911256790e-01, inf, 1.4082e+02, 1.3390e+01, 
 1DIAGNOSTIC,     5, -3.136834204197e-01, inf, 1.5367e+02, 1.2843e+01, 
 1DIAGNOSTIC,     6, -3.143183290958e-01, inf, 1.6653e+02, 1.2859e+01, 
 1DIAGNOSTIC,     7, -3.149397969246e-01, inf, 1.7983e+02, 1.3310e+01, 
 1DIAGNOSTIC,     8, -3.155149817467e-01, inf, 1.9316e+02, 1.3326e+01, 
 1DIAGNOSTIC,     9, -3.160170912743e-01, inf, 2.0647e+02, 1.3314e+01, 
 1DIAGNOSTIC,    10, -3.164549469948e-01, 1.269234810024e-03, 2.1986e+02, 1.3383e+01, 
 1DIAGNOSTIC,    11, -3.168603777885e-01, 1.051441649906e-03, 2.3320e+02, 1.3344e+01, 
 1DIAGNOSTIC,    12, -3.172339200974e-01, 8.707978413440e-04, 2.4659e+02, 1.3387e+01, 
 1DIAGNOSTIC,    13, -3.176018893719e-01, 7.244682637975e-04, 2.5994e+02, 1.3348e+01, 
 1DIAGNOSTIC,    14, -3.179334402084e-01, 6.104285130277e-04, 2.7371e+02, 1.3774e+01, 
 1DIAGNOSTIC,    15, -3.182507753372e-01, 5.222982726991e-04, 2.8751e+02, 1.3803e+01, 
 1DIAGNOSTIC,    16, -3.185022473335e-01, 4.468915867619e-04, 3.0131e+02, 1.3796e+01, 
 1DIAGNOSTIC,    17, -3.187174797058e-01, 3.832881047856e-04, 3.1508e+02, 1.3768e+01, 
 1DIAGNOSTIC,    18, -3.189441263676e-01, 3.312412882224e-04, 3.2885e+02, 1.3770e+01, 
 1DIAGNOSTIC,    19, -3.191812932491e-01, 2.887680893764e-04, 3.4263e+02, 1.3788e+01, 
 1DIAGNOSTIC,    20, -3.193195462227e-01, 2.494119689800e-04, 3.5648e+02, 1.3845e+01, 
 1DIAGNOSTIC,    21, -3.194672465324e-01, 2.142486919183e-04, 3.7027e+02, 1.3791e+01, 
 1DIAGNOSTIC,    22, -3.196421265602e-01, 1.846313243732e-04, 3.8406e+02, 1.3785e+01, 
 1DIAGNOSTIC,    23, -3.197332620621e-01, 1.580948010087e-04, 3.9778e+02, 1.3723e+01, 
 1DIAGNOSTIC,    24, -3.198820352554e-01, 1.368469675072e-04, 4.1155e+02, 1.3772e+01, 
 1DIAGNOSTIC,    25, -3.199859857559e-01, 1.195360673591e-04, 4.2533e+02, 1.3778e+01, 
 1DIAGNOSTIC,    26, -3.200919926167e-01, 1.046818579198e-04, 4.3916e+02, 1.3830e+01, 
 1DIAGNOSTIC,    27, -3.201836347580e-01, 9.123553900281e-05, 4.5299e+02, 1.3835e+01, 
 1DIAGNOSTIC,    28, -3.202666342258e-01, 8.001527021406e-05, 4.6687e+02, 1.3875e+01, 
 1DIAGNOSTIC,    29, -3.203485608101e-01, 7.192248449428e-05, 4.8068e+02, 1.3808e+01, 
 1DIAGNOSTIC,    30, -3.204109072685e-01, 6.357342499541e-05, 4.9445e+02, 1.3768e+01, 
 1DIAGNOSTIC,    31, -3.204600214958e-01, 5.543772203964e-05, 5.0822e+02, 1.3776e+01, 
 1DIAGNOSTIC,    32, -3.205112516880e-01, 4.896645987174e-05, 5.2202e+02, 1.3795e+01, 
 1DIAGNOSTIC,    33, -3.205187916756e-01, 4.093192183063e-05, 5.3578e+02, 1.3767e+01, 
 1DIAGNOSTIC,    34, -3.205491602421e-01, 3.427029150771e-05, 5.4954e+02, 1.3761e+01, 
 1DIAGNOSTIC,    35, -3.205562531948e-01, 2.761136420304e-05, 5.6332e+02, 1.3774e+01, 
 1DIAGNOSTIC,    36, -3.205364942551e-01, 2.089841291308e-05, 5.7708e+02, 1.3762e+01, 
 1DIAGNOSTIC,    37, -3.204998970032e-01, 1.397016603732e-05, 5.9085e+02, 1.3766e+01, 
 1DIAGNOSTIC,    38, -3.204337656498e-01, 6.551331807714e-06, 6.0460e+02, 1.3758e+01, 
 1DIAGNOSTIC,    39, -3.203732073307e-01, -5.338296205082e-07, 6.1836e+02, 1.3753e+01, 
  Elapsed time (stage 2): 642.6


Total elapsed time: 794.4

--- Writing output images ---

Using double precision for computations.
Input scalar image: data/Segmentations/1101_3_seg.nii.gz
Reference image: data/template/T_template0_BrainCerebellum.nii.gz
=============================================================================
The composite transform comprises the following transforms (in order): 
  1. /tmp/1971994.1.basic.q/1101_ToTemplate_017_0GenericAffine.mat (type = AffineTransform)
  2. /tmp/1971994.1.basic.q/1101_ToTemplate_017_1Warp.nii.gz (type = DisplacementFieldTransform)
=============================================================================
Default pixel value: 0
Interpolation type: LabelImageGenericInterpolateImageFunction
Output warped image: output/1101/1101_WarpedLabels_017.nii.gz

--- Done ---

