
--- Running on compute-1-15.local ---


--- registration call ---
/data/jet/pcook/bin/antsBuild/bin/antsRegistrationSyNQuick.sh -d 3 -f data/template/T_template0_BrainCerebellum.nii.gz -m data/Brains/1002_3.nii.gz -t s -p d -n 1 -o /tmp/1970979.1.basic.q/1002_ToTemplate_022_
---


--------------------------------------------------------------------------------------
 Mapping parameters
--------------------------------------------------------------------------------------
 ANTSPATH is /data/jet/pcook/bin/antsBuild/bin/

 Dimensionality:           3
 Output name prefix:       /tmp/1970979.1.basic.q/1002_ToTemplate_022_
 Fixed images:             data/template/T_template0_BrainCerebellum.nii.gz
 Moving images:            data/Brains/1002_3.nii.gz
 Mask images:              
 Initial transforms:       
 Number of threads:        1
 Spline distance:          26
 Transform type:           s
 MI histogram bins:        32
 Precision:                d
 Use histogram matching    0
======================================================================================
 antsRegistration call:
--------------------------------------------------------------------------------------
/data/jet/pcook/bin/antsBuild/bin//antsRegistration --verbose 1 --dimensionality 3 --float 0 --collapse-output-transforms 1 --output [/tmp/1970979.1.basic.q/1002_ToTemplate_022_,/tmp/1970979.1.basic.q/1002_ToTemplate_022_Warped.nii.gz,/tmp/1970979.1.basic.q/1002_ToTemplate_022_InverseWarped.nii.gz] --interpolation Linear --use-histogram-matching 0 --winsorize-image-intensities [0.005,0.995] --initial-moving-transform [data/template/T_template0_BrainCerebellum.nii.gz,data/Brains/1002_3.nii.gz,1] --transform Rigid[0.1] --metric MI[data/template/T_template0_BrainCerebellum.nii.gz,data/Brains/1002_3.nii.gz,1,32,Regular,0.25] --convergence [1000x500x250x0,1e-6,10] --shrink-factors 12x8x4x2 --smoothing-sigmas 4x3x2x1vox --transform Affine[0.1] --metric MI[data/template/T_template0_BrainCerebellum.nii.gz,data/Brains/1002_3.nii.gz,1,32,Regular,0.25] --convergence [1000x500x250x0,1e-6,10] --shrink-factors 12x8x4x2 --smoothing-sigmas 4x3x2x1vox --transform SyN[0.1,3,0] --metric MI[data/template/T_template0_BrainCerebellum.nii.gz,data/Brains/1002_3.nii.gz,1,32] --convergence [100x100x70x50x0,1e-6,10] --shrink-factors 10x6x4x2x1 --smoothing-sigmas 5x3x2x1x0vox
--------------------------------------------------------------------------------------
All_Command_lines_OK
Using double precision for computations.
=============================================================================
The composite transform comprises the following transforms (in order): 
  1. Center of mass alignment using fixed image: data/template/T_template0_BrainCerebellum.nii.gz and moving image: data/Brains/1002_3.nii.gz (type = Euler3DTransform)
=============================================================================
  number of levels = 4
  number of levels = 4
  number of levels = 5
  fixed image: data/template/T_template0_BrainCerebellum.nii.gz
  moving image: data/Brains/1002_3.nii.gz
  fixed image: data/template/T_template0_BrainCerebellum.nii.gz
  moving image: data/Brains/1002_3.nii.gz
  fixed image: data/template/T_template0_BrainCerebellum.nii.gz
  moving image: data/Brains/1002_3.nii.gz
Dimension = 3
Number of stages = 3
Use Histogram Matching false
Winsorize image intensities true
Lower quantile = 0.005
Upper quantile = 0.995
Stage 1 State
   Image metric = Mattes
     Fixed image = Image (0x4cf4cd0)
  RTTI typeinfo:   itk::Image<double, 3u>
  Reference Count: 2
  Modified Time: 1611
  Debug: Off
  Object Name: 
  Observers: 
    none
  Source: (none)
  Source output name: (none)
  Release Data: Off
  Data Released: False
  Global Release Data: Off
  PipelineMTime: 0
  UpdateMTime: 1422
  RealTimeStamp: 0 seconds 
  LargestPossibleRegion: 
    Dimension: 3
    Index: [0, 0, 0]
    Size: [216, 256, 291]
  BufferedRegion: 
    Dimension: 3
    Index: [0, 0, 0]
    Size: [216, 256, 291]
  RequestedRegion: 
    Dimension: 3
    Index: [0, 0, 0]
    Size: [216, 256, 291]
  Spacing: [1, 1, 1]
  Origin: [0, 293, 0]
  Direction: 
1 0 0
0 -0 -1
0 -1 -0

  IndexToPointMatrix: 
1 0 0
0 0 -1
0 -1 0

  PointToIndexMatrix: 
1 0 0
0 0 -1
0 -1 0

  Inverse Direction: 
1 0 0
0 0 -1
0 -1 0

  PixelContainer: 
    ImportImageContainer (0x4cf87d0)
      RTTI typeinfo:   itk::ImportImageContainer<unsigned long, double>
      Reference Count: 1
      Modified Time: 1419
      Debug: Off
      Object Name: 
      Observers: 
        none
      Pointer: 0x7f76959b5010
      Container manages memory: true
      Size: 16091136
      Capacity: 16091136

     Moving image = Image (0x4cf6d30)
  RTTI typeinfo:   itk::Image<double, 3u>
  Reference Count: 2
  Modified Time: 1612
  Debug: Off
  Object Name: 
  Observers: 
    none
  Source: (none)
  Source output name: (none)
  Release Data: Off
  Data Released: False
  Global Release Data: Off
  PipelineMTime: 0
  UpdateMTime: 1609
  RealTimeStamp: 0 seconds 
  LargestPossibleRegion: 
    Dimension: 3
    Index: [0, 0, 0]
    Size: [256, 256, 277]
  BufferedRegion: 
    Dimension: 3
    Index: [0, 0, 0]
    Size: [256, 256, 277]
  RequestedRegion: 
    Dimension: 3
    Index: [0, 0, 0]
    Size: [256, 256, 277]
  Spacing: [1, 1, 1]
  Origin: [0, 276, 0]
  Direction: 
1 0 0
0 -0 -1
0 -1 -0

  IndexToPointMatrix: 
1 0 0
0 0 -1
0 -1 0

  PointToIndexMatrix: 
1 0 0
0 0 -1
0 -1 0

  Inverse Direction: 
1 0 0
0 0 -1
0 -1 0

  PixelContainer: 
    ImportImageContainer (0x4ce7f40)
      RTTI typeinfo:   itk::ImportImageContainer<unsigned long, double>
      Reference Count: 1
      Modified Time: 1606
      Debug: Off
      Object Name: 
      Observers: 
        none
      Pointer: 0x7f768cf34010
      Container manages memory: true
      Size: 18153472
      Capacity: 18153472

     Weighting = 1
     Sampling strategy = regular
     Number of bins = 32
     Radius = 4
     Sampling percentage  = 0.25
   Transform = Rigid
     Gradient step = 0.1
     Update field sigma (voxel space) = 0
     Total field sigma (voxel space) = 0
     Update field time sigma = 0
     Total field time sigma  = 0
     Number of time indices = 0
     Number of time point samples = 0
Stage 2 State
   Image metric = Mattes
     Fixed image = Image (0x4cfb6e0)
  RTTI typeinfo:   itk::Image<double, 3u>
  Reference Count: 2
  Modified Time: 1987
  Debug: Off
  Object Name: 
  Observers: 
    none
  Source: (none)
  Source output name: (none)
  Release Data: Off
  Data Released: False
  Global Release Data: Off
  PipelineMTime: 0
  UpdateMTime: 1798
  RealTimeStamp: 0 seconds 
  LargestPossibleRegion: 
    Dimension: 3
    Index: [0, 0, 0]
    Size: [216, 256, 291]
  BufferedRegion: 
    Dimension: 3
    Index: [0, 0, 0]
    Size: [216, 256, 291]
  RequestedRegion: 
    Dimension: 3
    Index: [0, 0, 0]
    Size: [216, 256, 291]
  Spacing: [1, 1, 1]
  Origin: [0, 293, 0]
  Direction: 
1 0 0
0 -0 -1
0 -1 -0

  IndexToPointMatrix: 
1 0 0
0 0 -1
0 -1 0

  PointToIndexMatrix: 
1 0 0
0 0 -1
0 -1 0

  Inverse Direction: 
1 0 0
0 0 -1
0 -1 0

  PixelContainer: 
    ImportImageContainer (0x4cf7950)
      RTTI typeinfo:   itk::ImportImageContainer<unsigned long, double>
      Reference Count: 1
      Modified Time: 1795
      Debug: Off
      Object Name: 
      Observers: 
        none
      Pointer: 0x7f768546f010
      Container manages memory: true
      Size: 16091136
      Capacity: 16091136

     Moving image = Image (0x4d08060)
  RTTI typeinfo:   itk::Image<double, 3u>
  Reference Count: 2
  Modified Time: 1988
  Debug: Off
  Object Name: 
  Observers: 
    none
  Source: (none)
  Source output name: (none)
  Release Data: Off
  Data Released: False
  Global Release Data: Off
  PipelineMTime: 0
  UpdateMTime: 1985
  RealTimeStamp: 0 seconds 
  LargestPossibleRegion: 
    Dimension: 3
    Index: [0, 0, 0]
    Size: [256, 256, 277]
  BufferedRegion: 
    Dimension: 3
    Index: [0, 0, 0]
    Size: [256, 256, 277]
  RequestedRegion: 
    Dimension: 3
    Index: [0, 0, 0]
    Size: [256, 256, 277]
  Spacing: [1, 1, 1]
  Origin: [0, 276, 0]
  Direction: 
1 0 0
0 -0 -1
0 -1 -0

  IndexToPointMatrix: 
1 0 0
0 0 -1
0 -1 0

  PointToIndexMatrix: 
1 0 0
0 0 -1
0 -1 0

  Inverse Direction: 
1 0 0
0 0 -1
0 -1 0

  PixelContainer: 
    ImportImageContainer (0x4d079e0)
      RTTI typeinfo:   itk::ImportImageContainer<unsigned long, double>
      Reference Count: 1
      Modified Time: 1982
      Debug: Off
      Object Name: 
      Observers: 
        none
      Pointer: 0x7f767c9ee010
      Container manages memory: true
      Size: 18153472
      Capacity: 18153472

     Weighting = 1
     Sampling strategy = regular
     Number of bins = 32
     Radius = 4
     Sampling percentage  = 0.25
   Transform = Affine
     Gradient step = 0.1
     Update field sigma (voxel space) = 0
     Total field sigma (voxel space) = 0
     Update field time sigma = 0
     Total field time sigma  = 0
     Number of time indices = 0
     Number of time point samples = 0
Stage 3 State
   Image metric = Mattes
     Fixed image = Image (0x4d0d980)
  RTTI typeinfo:   itk::Image<double, 3u>
  Reference Count: 2
  Modified Time: 2363
  Debug: Off
  Object Name: 
  Observers: 
    none
  Source: (none)
  Source output name: (none)
  Release Data: Off
  Data Released: False
  Global Release Data: Off
  PipelineMTime: 0
  UpdateMTime: 2174
  RealTimeStamp: 0 seconds 
  LargestPossibleRegion: 
    Dimension: 3
    Index: [0, 0, 0]
    Size: [216, 256, 291]
  BufferedRegion: 
    Dimension: 3
    Index: [0, 0, 0]
    Size: [216, 256, 291]
  RequestedRegion: 
    Dimension: 3
    Index: [0, 0, 0]
    Size: [216, 256, 291]
  Spacing: [1, 1, 1]
  Origin: [0, 293, 0]
  Direction: 
1 0 0
0 -0 -1
0 -1 -0

  IndexToPointMatrix: 
1 0 0
0 0 -1
0 -1 0

  PointToIndexMatrix: 
1 0 0
0 0 -1
0 -1 0

  Inverse Direction: 
1 0 0
0 0 -1
0 -1 0

  PixelContainer: 
    ImportImageContainer (0x4d06720)
      RTTI typeinfo:   itk::ImportImageContainer<unsigned long, double>
      Reference Count: 1
      Modified Time: 2171
      Debug: Off
      Object Name: 
      Observers: 
        none
      Pointer: 0x7f7674f29010
      Container manages memory: true
      Size: 16091136
      Capacity: 16091136

     Moving image = Image (0x4d100f0)
  RTTI typeinfo:   itk::Image<double, 3u>
  Reference Count: 2
  Modified Time: 2364
  Debug: Off
  Object Name: 
  Observers: 
    none
  Source: (none)
  Source output name: (none)
  Release Data: Off
  Data Released: False
  Global Release Data: Off
  PipelineMTime: 0
  UpdateMTime: 2361
  RealTimeStamp: 0 seconds 
  LargestPossibleRegion: 
    Dimension: 3
    Index: [0, 0, 0]
    Size: [256, 256, 277]
  BufferedRegion: 
    Dimension: 3
    Index: [0, 0, 0]
    Size: [256, 256, 277]
  RequestedRegion: 
    Dimension: 3
    Index: [0, 0, 0]
    Size: [256, 256, 277]
  Spacing: [1, 1, 1]
  Origin: [0, 276, 0]
  Direction: 
1 0 0
0 -0 -1
0 -1 -0

  IndexToPointMatrix: 
1 0 0
0 0 -1
0 -1 0

  PointToIndexMatrix: 
1 0 0
0 0 -1
0 -1 0

  Inverse Direction: 
1 0 0
0 0 -1
0 -1 0

  PixelContainer: 
    ImportImageContainer (0x4d0dc10)
      RTTI typeinfo:   itk::ImportImageContainer<unsigned long, double>
      Reference Count: 1
      Modified Time: 2358
      Debug: Off
      Object Name: 
      Observers: 
        none
      Pointer: 0x7f766c4a8010
      Container manages memory: true
      Size: 18153472
      Capacity: 18153472

     Weighting = 1
     Sampling strategy = none
     Number of bins = 32
     Radius = 4
     Sampling percentage  = 1
   Transform = SyN
     Gradient step = 0.1
     Update field sigma (voxel space) = 3
     Total field sigma (voxel space) = 0
     Update field time sigma = 0
     Total field time sigma  = 0
     Number of time indices = 0
     Number of time point samples = 0
Registration using 3 total stages.

Stage 0
  iterations = 1000x500x250x0
  convergence threshold = 1e-06
  convergence window size = 10
  number of levels = 4
  using the Mattes MI metric (number of bins = 32, weight = 1)
  preprocessing:  winsorizing the image intensities
  Shrink factors (level 1 out of 4): [12, 12, 12]
  Shrink factors (level 2 out of 4): [8, 8, 8]
  Shrink factors (level 3 out of 4): [4, 4, 4]
  Shrink factors (level 4 out of 4): [2, 2, 2]
  smoothing sigmas per level: [4, 3, 2, 1]
  regular sampling (percentage = 0.25)

*** Running Euler3DTransform registration ***

DIAGNOSTIC,Iteration,metricValue,convergenceValue,ITERATION_TIME_INDEX,SINCE_LAST
 2DIAGNOSTIC,     1, -5.935019245873e-01, 1.797693134862e+308, 2.1059e+01, 2.1059e+01, 
 2DIAGNOSTIC,     2, -5.948733296874e-01, 1.797693134862e+308, 2.1068e+01, 9.2371e-03, 
 2DIAGNOSTIC,     3, -5.966761099392e-01, 1.797693134862e+308, 2.1077e+01, 8.8880e-03, 
 2DIAGNOSTIC,     4, -5.989512058055e-01, 1.797693134862e+308, 2.1086e+01, 9.0449e-03, 
 2DIAGNOSTIC,     5, -6.006750019532e-01, 1.797693134862e+308, 2.1096e+01, 1.0348e-02, 
 2DIAGNOSTIC,     6, -6.005199130498e-01, 1.797693134862e+308, 2.1105e+01, 9.0230e-03, 
 2DIAGNOSTIC,     7, -6.020721675486e-01, 1.797693134862e+308, 2.1116e+01, 1.1015e-02, 
 2DIAGNOSTIC,     8, -6.069406330190e-01, 1.797693134862e+308, 2.1129e+01, 1.2510e-02, 
 2DIAGNOSTIC,     9, -6.074505474006e-01, 1.797693134862e+308, 2.1138e+01, 9.2521e-03, 
 2DIAGNOSTIC,    10, -6.076929538517e-01, 1.602556015417e-03, 2.1148e+01, 9.7940e-03, 
 2DIAGNOSTIC,    11, -6.078506557070e-01, 1.366593086814e-03, 2.1159e+01, 1.0857e-02, 
 2DIAGNOSTIC,    12, -6.078893225910e-01, 1.102316732359e-03, 2.1171e+01, 1.2149e-02, 
 2DIAGNOSTIC,    13, -6.079415211276e-01, 8.423518353144e-04, 2.1180e+01, 9.4450e-03, 
 2DIAGNOSTIC,    14, -6.074254931515e-01, 6.011031685574e-04, 2.1190e+01, 9.4099e-03, 
 2DIAGNOSTIC,    15, -6.078155057726e-01, 4.075042735459e-04, 2.1205e+01, 1.5110e-02, 
 2DIAGNOSTIC,    16, -6.078322494557e-01, 1.971172862466e-04, 2.1214e+01, 9.3479e-03, 
 2DIAGNOSTIC,    17, -6.078427153146e-01, 3.322292514903e-05, 2.1224e+01, 9.3551e-03, 
 2DIAGNOSTIC,    18, -6.078596870687e-01, 1.242527717461e-05, 2.1233e+01, 9.3532e-03, 
 2DIAGNOSTIC,    19, -6.078796565182e-01, 6.025178743645e-06, 2.1242e+01, 9.3489e-03, 
DIAGNOSTIC,Iteration,metricValue,convergenceValue,ITERATION_TIME_INDEX,SINCE_LAST
 2DIAGNOSTIC,     1, -5.132177075259e-01, 1.797693134862e+308, 3.6904e+01, 1.5662e+01, 
 2DIAGNOSTIC,     2, -5.149650281652e-01, 1.797693134862e+308, 3.6953e+01, 4.9123e-02, 
 2DIAGNOSTIC,     3, -5.167017931929e-01, 1.797693134862e+308, 3.7002e+01, 4.9244e-02, 
 2DIAGNOSTIC,     4, -5.187415596021e-01, 1.797693134862e+308, 3.7053e+01, 5.0233e-02, 
 2DIAGNOSTIC,     5, -5.208115293598e-01, 1.797693134862e+308, 3.7103e+01, 5.0041e-02, 
 2DIAGNOSTIC,     6, -5.215589333676e-01, 1.797693134862e+308, 3.7191e+01, 8.8407e-02, 
 2DIAGNOSTIC,     7, -5.215226117183e-01, 1.797693134862e+308, 3.7251e+01, 5.9724e-02, 
 2DIAGNOSTIC,     8, -5.216561447164e-01, 1.797693134862e+308, 3.7310e+01, 5.9723e-02, 
 2DIAGNOSTIC,     9, -5.218042191105e-01, 1.797693134862e+308, 3.7369e+01, 5.8332e-02, 
 2DIAGNOSTIC,    10, -5.217925264210e-01, 1.067715678169e-03, 3.7419e+01, 5.0167e-02, 
 2DIAGNOSTIC,    11, -5.218090982677e-01, 6.907246524949e-04, 3.7479e+01, 5.9780e-02, 
 2DIAGNOSTIC,    12, -5.218555459294e-01, 3.972632490217e-04, 3.7529e+01, 5.0317e-02, 
 2DIAGNOSTIC,    13, -5.220278256227e-01, 1.927158999507e-04, 3.7579e+01, 5.0113e-02, 
 2DIAGNOSTIC,    14, -5.223016838406e-01, 8.827532813413e-05, 3.7629e+01, 4.9976e-02, 
 2DIAGNOSTIC,    15, -5.226547797105e-01, 7.730400287324e-05, 3.7679e+01, 5.0336e-02, 
 2DIAGNOSTIC,    16, -5.229937451700e-01, 9.791988405788e-05, 3.7731e+01, 5.1589e-02, 
 2DIAGNOSTIC,    17, -5.252459699146e-01, 1.782377818399e-04, 3.7781e+01, 5.0353e-02, 
 2DIAGNOSTIC,    18, -5.280186521901e-01, 3.193585690587e-04, 3.7880e+01, 9.8767e-02, 
 2DIAGNOSTIC,    19, -5.290115029073e-01, 4.472216736168e-04, 3.7949e+01, 6.9284e-02, 
 2DIAGNOSTIC,    20, -5.288050027397e-01, 5.158118598054e-04, 3.8028e+01, 7.8787e-02, 
 2DIAGNOSTIC,    21, -5.288428574795e-01, 5.326910077514e-04, 3.8088e+01, 5.9277e-02, 
 2DIAGNOSTIC,    22, -5.288124727981e-01, 4.980353312197e-04, 3.8147e+01, 5.9430e-02, 
 2DIAGNOSTIC,    23, -5.287940458357e-01, 4.222327186041e-04, 3.8206e+01, 5.9497e-02, 
 2DIAGNOSTIC,    24, -5.287562011474e-01, 3.188464275550e-04, 3.8256e+01, 4.9973e-02, 
 2DIAGNOSTIC,    25, -5.287345110202e-01, 2.025776166577e-04, 3.8316e+01, 5.9211e-02, 
 2DIAGNOSTIC,    26, -5.287109195097e-01, 8.269380409371e-05, 3.8366e+01, 4.9921e-02, 
 2DIAGNOSTIC,    27, -5.287150031529e-01, 8.040111481360e-06, 3.8426e+01, 6.0248e-02, 
DIAGNOSTIC,Iteration,metricValue,convergenceValue,ITERATION_TIME_INDEX,SINCE_LAST
 2DIAGNOSTIC,     1, -4.437659972825e-01, 1.797693134862e+308, 4.7275e+01, 8.8495e+00, 
 2DIAGNOSTIC,     2, -4.439403773155e-01, 1.797693134862e+308, 4.7689e+01, 4.1374e-01, 
 2DIAGNOSTIC,     3, -4.440747181344e-01, 1.797693134862e+308, 4.8105e+01, 4.1582e-01, 
 2DIAGNOSTIC,     4, -4.442494715614e-01, 1.797693134862e+308, 4.8516e+01, 4.1079e-01, 
 2DIAGNOSTIC,     5, -4.445175214267e-01, 1.797693134862e+308, 4.8933e+01, 4.1738e-01, 
 2DIAGNOSTIC,     6, -4.447300207990e-01, 1.797693134862e+308, 4.9520e+01, 5.8700e-01, 
 2DIAGNOSTIC,     7, -4.448688806506e-01, 1.797693134862e+308, 5.0189e+01, 6.6950e-01, 
 2DIAGNOSTIC,     8, -4.449734539573e-01, 1.797693134862e+308, 5.0689e+01, 4.9950e-01, 
 2DIAGNOSTIC,     9, -4.450220338652e-01, 1.797693134862e+308, 5.1186e+01, 4.9680e-01, 
 2DIAGNOSTIC,    10, -4.450505833622e-01, 2.068079007849e-04, 5.1602e+01, 4.1623e-01, 
 2DIAGNOSTIC,    11, -4.451399020479e-01, 1.673787790815e-04, 5.2019e+01, 4.1688e-01, 
 2DIAGNOSTIC,    12, -4.453072051615e-01, 1.378542615477e-04, 5.2860e+01, 8.4145e-01, 
 2DIAGNOSTIC,    13, -4.453069771169e-01, 1.070678679554e-04, 5.3356e+01, 4.9544e-01, 
 2DIAGNOSTIC,    14, -4.452942838875e-01, 7.854953275531e-05, 5.3862e+01, 5.0666e-01, 
 2DIAGNOSTIC,    15, -4.452902059112e-01, 5.809389617485e-05, 5.4282e+01, 4.1984e-01, 
 2DIAGNOSTIC,    16, -4.452864969433e-01, 4.323560730807e-05, 5.4785e+01, 5.0287e-01, 
 2DIAGNOSTIC,    17, -4.452817153708e-01, 3.117198613133e-05, 5.5289e+01, 5.0419e-01, 
 2DIAGNOSTIC,    18, -4.452834376317e-01, 2.151123264785e-05, 5.5783e+01, 4.9371e-01, 
 2DIAGNOSTIC,    19, -4.452717571822e-01, 1.238224851863e-05, 5.6207e+01, 4.2404e-01, 
 2DIAGNOSTIC,    20, -4.452610344070e-01, 3.737009891272e-06, 5.6713e+01, 5.0585e-01, 
DIAGNOSTIC,Iteration,metricValue,convergenceValue,ITERATION_TIME_INDEX,SINCE_LAST
 2DIAGNOSTIC,     1, -3.790299414510e-01, 1.797693134862e+308, 6.5949e+01, 9.2364e+00, 
  Elapsed time (stage 0): 6.7739e+01


Stage 1
  iterations = 1000x500x250x0
  convergence threshold = 1.0000e-06
  convergence window size = 10
  number of levels = 4
  using the Mattes MI metric (number of bins = 32, weight = 1.0000e+00)
  preprocessing:  winsorizing the image intensities
  Shrink factors (level 1 out of 4): [12, 12, 12]
  Shrink factors (level 2 out of 4): [8, 8, 8]
  Shrink factors (level 3 out of 4): [4, 4, 4]
  Shrink factors (level 4 out of 4): [2, 2, 2]
  smoothing sigmas per level: [4, 3, 2, 1]
  regular sampling (percentage = 2.5000e-01)

*** Running AffineTransform registration ***

DIAGNOSTIC,Iteration,metricValue,convergenceValue,ITERATION_TIME_INDEX,SINCE_LAST
 2DIAGNOSTIC,     1, -6.216325003705e-01, 1.797693134862e+308, 2.1038e+01, 2.1038e+01, 
 2DIAGNOSTIC,     2, -6.222072609130e-01, 1.797693134862e+308, 2.1050e+01, 1.1673e-02, 
 2DIAGNOSTIC,     3, -6.236945465610e-01, 1.797693134862e+308, 2.1061e+01, 1.1510e-02, 
 2DIAGNOSTIC,     4, -6.257818195867e-01, 1.797693134862e+308, 2.1073e+01, 1.1487e-02, 
 2DIAGNOSTIC,     5, -6.289980612447e-01, 1.797693134862e+308, 2.1084e+01, 1.1550e-02, 
 2DIAGNOSTIC,     6, -6.352301847464e-01, 1.797693134862e+308, 2.1096e+01, 1.1673e-02, 
 2DIAGNOSTIC,     7, -6.437978098287e-01, 1.797693134862e+308, 2.1112e+01, 1.6278e-02, 
 2DIAGNOSTIC,     8, -6.449122896765e-01, 1.797693134862e+308, 2.1125e+01, 1.3060e-02, 
 2DIAGNOSTIC,     9, -6.459630601596e-01, 1.797693134862e+308, 2.1137e+01, 1.1868e-02, 
 2DIAGNOSTIC,    10, -6.482266721654e-01, 3.216447785570e-03, 2.1151e+01, 1.3475e-02, 
 2DIAGNOSTIC,    11, -6.486140940931e-01, 2.884135718582e-03, 2.1165e+01, 1.4917e-02, 
 2DIAGNOSTIC,    12, -6.487830612447e-01, 2.374133322185e-03, 2.1179e+01, 1.3527e-02, 
 2DIAGNOSTIC,    13, -6.487393144729e-01, 1.781845383816e-03, 2.1192e+01, 1.3426e-02, 
 2DIAGNOSTIC,    14, -6.486209945186e-01, 1.180032457458e-03, 2.1206e+01, 1.3616e-02, 
 2DIAGNOSTIC,    15, -6.482068408653e-01, 6.325771858488e-04, 2.1218e+01, 1.2000e-02, 
 2DIAGNOSTIC,    16, -6.476340754212e-01, 2.478057592701e-04, 2.1230e+01, 1.1972e-02, 
 2DIAGNOSTIC,    17, -6.478790440938e-01, 1.170660990225e-04, 2.1243e+01, 1.3482e-02, 
 2DIAGNOSTIC,    18, -6.485932676965e-01, 3.506741673571e-05, 2.1258e+01, 1.4905e-02, 
DIAGNOSTIC,Iteration,metricValue,convergenceValue,ITERATION_TIME_INDEX,SINCE_LAST
 2DIAGNOSTIC,     1, -5.283943474827e-01, 1.797693134862e+308, 3.6464e+01, 1.5206e+01, 
 2DIAGNOSTIC,     2, -5.291606268823e-01, 1.797693134862e+308, 3.6524e+01, 6.0342e-02, 
 2DIAGNOSTIC,     3, -5.296436998835e-01, 1.797693134862e+308, 3.6594e+01, 6.9472e-02, 
 2DIAGNOSTIC,     4, -5.296771091654e-01, 1.797693134862e+308, 3.6654e+01, 5.9738e-02, 
 2DIAGNOSTIC,     5, -5.298804166864e-01, 1.797693134862e+308, 3.6714e+01, 6.0581e-02, 
 2DIAGNOSTIC,     6, -5.301121769622e-01, 1.797693134862e+308, 3.6785e+01, 7.0427e-02, 
 2DIAGNOSTIC,     7, -5.304131553208e-01, 1.797693134862e+308, 3.6865e+01, 8.0061e-02, 
 2DIAGNOSTIC,     8, -5.304027808757e-01, 1.797693134862e+308, 3.6964e+01, 9.9340e-02, 
 2DIAGNOSTIC,     9, -5.303451901093e-01, 1.797693134862e+308, 3.7023e+01, 5.9412e-02, 
 2DIAGNOSTIC,    10, -5.303555244614e-01, 2.129630303795e-04, 3.7084e+01, 6.0322e-02, 
 2DIAGNOSTIC,    11, -5.303731100778e-01, 1.295234330970e-04, 3.7144e+01, 6.0077e-02, 
 2DIAGNOSTIC,    12, -5.304618150372e-01, 8.608371262475e-05, 3.7213e+01, 6.9303e-02, 
 2DIAGNOSTIC,    13, -5.304773279016e-01, 6.246607981904e-05, 3.7272e+01, 5.9245e-02, 
 2DIAGNOSTIC,    14, -5.304328689596e-01, 3.649537587377e-05, 3.7332e+01, 6.0073e-02, 
 2DIAGNOSTIC,    15, -5.305896278384e-01, 2.372565761755e-05, 3.7394e+01, 6.1168e-02, 
 2DIAGNOSTIC,    16, -5.306289965267e-01, 1.915113928921e-05, 3.7465e+01, 7.1222e-02, 
 2DIAGNOSTIC,    17, -5.305984802359e-01, 2.200807697491e-05, 3.7526e+01, 6.1218e-02, 
 2DIAGNOSTIC,    18, -5.305337432202e-01, 2.061534183938e-05, 3.7597e+01, 7.1391e-02, 
 2DIAGNOSTIC,    19, -5.306529837935e-01, 1.946324396470e-05, 3.7668e+01, 7.0223e-02, 
 2DIAGNOSTIC,    20, -5.307143485241e-01, 1.852114156909e-05, 3.7737e+01, 6.9292e-02, 
 2DIAGNOSTIC,    21, -5.306908800784e-01, 1.579893379415e-05, 3.7797e+01, 6.0048e-02, 
 2DIAGNOSTIC,    22, -5.307596064812e-01, 1.596133832630e-05, 3.7857e+01, 5.9855e-02, 
 2DIAGNOSTIC,    23, -5.309473436863e-01, 1.956492341200e-05, 3.7917e+01, 6.0305e-02, 
 2DIAGNOSTIC,    24, -5.312131938334e-01, 2.585129943117e-05, 3.7987e+01, 7.0259e-02, 
 2DIAGNOSTIC,    25, -5.311995910881e-01, 3.222481984348e-05, 3.8047e+01, 5.9732e-02, 
 2DIAGNOSTIC,    26, -5.312363016809e-01, 3.694152744729e-05, 3.8117e+01, 6.9962e-02, 
 2DIAGNOSTIC,    27, -5.317559824067e-01, 4.776172259073e-05, 3.8267e+01, 1.5002e-01, 
 2DIAGNOSTIC,    28, -5.317251621662e-01, 5.116220914606e-05, 3.8337e+01, 6.9664e-02, 
 2DIAGNOSTIC,    29, -5.316951610225e-01, 5.128332745521e-05, 3.8408e+01, 7.0744e-02, 
 2DIAGNOSTIC,    30, -5.316601672461e-01, 4.734777495222e-05, 3.8468e+01, 6.0060e-02, 
 2DIAGNOSTIC,    31, -5.316365368007e-01, 3.851053433850e-05, 3.8537e+01, 6.9621e-02, 
 2DIAGNOSTIC,    32, -5.316594703446e-01, 2.801810537087e-05, 3.8597e+01, 6.0084e-02, 
 2DIAGNOSTIC,    33, -5.316244362108e-01, 1.791559065018e-05, 3.8658e+01, 6.0813e-02, 
 2DIAGNOSTIC,    34, -5.315936078045e-01, 1.067387020949e-05, 3.8719e+01, 6.0850e-02, 
 2DIAGNOSTIC,    35, -5.316231330297e-01, 3.262070241317e-06, 3.8790e+01, 7.0718e-02, 
DIAGNOSTIC,Iteration,metricValue,convergenceValue,ITERATION_TIME_INDEX,SINCE_LAST
 2DIAGNOSTIC,     1, -4.556804325246e-01, 1.797693134862e+308, 4.7676e+01, 8.8860e+00, 
 2DIAGNOSTIC,     2, -4.561506718402e-01, 1.797693134862e+308, 4.8175e+01, 4.9949e-01, 
 2DIAGNOSTIC,     3, -4.567434418761e-01, 1.797693134862e+308, 4.8670e+01, 4.9433e-01, 
 2DIAGNOSTIC,     4, -4.574078630948e-01, 1.797693134862e+308, 4.9166e+01, 4.9654e-01, 
 2DIAGNOSTIC,     5, -4.580885919914e-01, 1.797693134862e+308, 4.9749e+01, 5.8341e-01, 
 2DIAGNOSTIC,     6, -4.586507413070e-01, 1.797693134862e+308, 5.0601e+01, 8.5104e-01, 
 2DIAGNOSTIC,     7, -4.588142720856e-01, 1.797693134862e+308, 5.1092e+01, 4.9174e-01, 
 2DIAGNOSTIC,     8, -4.588672989779e-01, 1.797693134862e+308, 5.1588e+01, 4.9591e-01, 
 2DIAGNOSTIC,     9, -4.591539497284e-01, 1.797693134862e+308, 5.2084e+01, 4.9537e-01, 
 2DIAGNOSTIC,    10, -4.601894542642e-01, 5.848695910244e-04, 5.2578e+01, 4.9407e-01, 
 2DIAGNOSTIC,    11, -4.624340316826e-01, 6.178599957808e-04, 5.3505e+01, 9.2697e-01, 
 2DIAGNOSTIC,    12, -4.625318910694e-01, 6.169477952109e-04, 5.4082e+01, 5.7743e-01, 
 2DIAGNOSTIC,    13, -4.625197858864e-01, 5.901605899077e-04, 5.4749e+01, 6.6689e-01, 
 2DIAGNOSTIC,    14, -4.625012742769e-01, 5.432731062589e-04, 5.5323e+01, 5.7367e-01, 
 2DIAGNOSTIC,    15, -4.625020551896e-01, 4.798360085486e-04, 5.5979e+01, 6.5673e-01, 
 2DIAGNOSTIC,    16, -4.624842748338e-01, 4.000060379223e-04, 5.6643e+01, 6.6391e-01, 
 2DIAGNOSTIC,    17, -4.624741451271e-01, 2.988988364535e-04, 5.7216e+01, 5.7253e-01, 
 2DIAGNOSTIC,    18, -4.624710874430e-01, 1.847749211706e-04, 5.7788e+01, 5.7222e-01, 
 2DIAGNOSTIC,    19, -4.624584970707e-01, 7.464978295186e-05, 5.8363e+01, 5.7473e-01, 
DIAGNOSTIC,Iteration,metricValue,convergenceValue,ITERATION_TIME_INDEX,SINCE_LAST
 2DIAGNOSTIC,     1, -3.933865710056e-01, 1.797693134862e+308, 6.7310e+01, 8.9476e+00, 
  Elapsed time (stage 1): 6.9123e+01


Stage 2
  iterations = 100x100x70x50x0
  convergence threshold = 1.0000e-06
  convergence window size = 10
  number of levels = 5
  using the Mattes MI metric (number of bins = 32, weight = 1.0000e+00)
  preprocessing:  winsorizing the image intensities
  Shrink factors (level 1 out of 5): [10, 10, 10]
  Shrink factors (level 2 out of 5): [6, 6, 6]
  Shrink factors (level 3 out of 5): [4, 4, 4]
  Shrink factors (level 4 out of 5): [2, 2, 2]
  Shrink factors (level 5 out of 5): [1, 1, 1]
  smoothing sigmas per level: [5, 3, 2, 1, 0]
  Using default NONE metricSamplingStrategy 

*** Running SyN registration (varianceForUpdateField = 3.0000e+00, varianceForTotalField = 0.0000e+00) ***

XXDIAGNOSTIC,Iteration,metricValue,convergenceValue,ITERATION_TIME_INDEX,SINCE_LAST
 1DIAGNOSTIC,     1, -5.184992874019e-01, 1.797693134862e+308, 3.4708e+01, 3.4708e+01, 
 1DIAGNOSTIC,     2, -5.376898190872e-01, 1.797693134862e+308, 3.4847e+01, 1.3957e-01, 
 1DIAGNOSTIC,     3, -5.496329294379e-01, 1.797693134862e+308, 3.4984e+01, 1.3627e-01, 
 1DIAGNOSTIC,     4, -5.538015508825e-01, 1.797693134862e+308, 3.5117e+01, 1.3382e-01, 
 1DIAGNOSTIC,     5, -5.522064312624e-01, 1.797693134862e+308, 3.5251e+01, 1.3359e-01, 
 1DIAGNOSTIC,     6, -5.519300722042e-01, 1.797693134862e+308, 3.5385e+01, 1.3391e-01, 
 1DIAGNOSTIC,     7, -5.505353159850e-01, 1.797693134862e+308, 3.5519e+01, 1.3399e-01, 
 1DIAGNOSTIC,     8, -5.476641040773e-01, 1.797693134862e+308, 3.5652e+01, 1.3339e-01, 
 1DIAGNOSTIC,     9, -5.450113390168e-01, 1.797693134862e+308, 3.5786e+01, 1.3388e-01, 
 1DIAGNOSTIC,    10, -5.441322543800e-01, 1.519163141759e-03, 3.5920e+01, 1.3397e-01, 
 1DIAGNOSTIC,    11, -5.428361651302e-01, -3.850640011916e-04, 3.6054e+01, 1.3427e-01, 
XXDIAGNOSTIC,Iteration,metricValue,convergenceValue,ITERATION_TIME_INDEX,SINCE_LAST
 1DIAGNOSTIC,     1, -4.290029323804e-01, 1.797693134862e+308, 5.1901e+01, 1.5847e+01, 
 1DIAGNOSTIC,     2, -4.317043506434e-01, 1.797693134862e+308, 5.2436e+01, 5.3415e-01, 
 1DIAGNOSTIC,     3, -4.329410972612e-01, 1.797693134862e+308, 5.2972e+01, 5.3605e-01, 
 1DIAGNOSTIC,     4, -4.330066030987e-01, 1.797693134862e+308, 5.3505e+01, 5.3359e-01, 
 1DIAGNOSTIC,     5, -4.327995732518e-01, 1.797693134862e+308, 5.4038e+01, 5.3291e-01, 
 1DIAGNOSTIC,     6, -4.317661026036e-01, 1.797693134862e+308, 5.4572e+01, 5.3343e-01, 
 1DIAGNOSTIC,     7, -4.313101446201e-01, 1.797693134862e+308, 5.5106e+01, 5.3443e-01, 
 1DIAGNOSTIC,     8, -4.303190065122e-01, 1.797693134862e+308, 5.5641e+01, 5.3521e-01, 
 1DIAGNOSTIC,     9, -4.290044133012e-01, 1.797693134862e+308, 5.6176e+01, 5.3477e-01, 
 1DIAGNOSTIC,    10, -4.278858495302e-01, -4.109251245214e-04, 5.6710e+01, 5.3411e-01, 
XXDIAGNOSTIC,Iteration,metricValue,convergenceValue,ITERATION_TIME_INDEX,SINCE_LAST
 1DIAGNOSTIC,     1, -3.641964371471e-01, 1.797693134862e+308, 6.6583e+01, 9.8728e+00, 
 1DIAGNOSTIC,     2, -3.651058486218e-01, 1.797693134862e+308, 6.8262e+01, 1.6788e+00, 
 1DIAGNOSTIC,     3, -3.657304719717e-01, 1.797693134862e+308, 6.9947e+01, 1.6851e+00, 
 1DIAGNOSTIC,     4, -3.660190856516e-01, 1.797693134862e+308, 7.1627e+01, 1.6799e+00, 
 1DIAGNOSTIC,     5, -3.662239163163e-01, 1.797693134862e+308, 7.3324e+01, 1.6970e+00, 
 1DIAGNOSTIC,     6, -3.662092535058e-01, 1.797693134862e+308, 7.5004e+01, 1.6803e+00, 
 1DIAGNOSTIC,     7, -3.659690075893e-01, 1.797693134862e+308, 7.6740e+01, 1.7358e+00, 
 1DIAGNOSTIC,     8, -3.657693898254e-01, 1.797693134862e+308, 7.8419e+01, 1.6797e+00, 
 1DIAGNOSTIC,     9, -3.653823855361e-01, 1.797693134862e+308, 8.0101e+01, 1.6816e+00, 
 1DIAGNOSTIC,    10, -3.651096663094e-01, 9.308240807447e-05, 8.1791e+01, 1.6898e+00, 
 1DIAGNOSTIC,    11, -3.648506242119e-01, -1.028914673777e-04, 8.3475e+01, 1.6842e+00, 
XXDIAGNOSTIC,Iteration,metricValue,convergenceValue,ITERATION_TIME_INDEX,SINCE_LAST
 1DIAGNOSTIC,     1, -3.092341950812e-01, 1.797693134862e+308, 1.0229e+02, 1.8815e+01, 
 1DIAGNOSTIC,     2, -3.100937693730e-01, 1.797693134862e+308, 1.1525e+02, 1.2963e+01, 
 1DIAGNOSTIC,     3, -3.111438206224e-01, 1.797693134862e+308, 1.2835e+02, 1.3095e+01, 
 1DIAGNOSTIC,     4, -3.120695332455e-01, 1.797693134862e+308, 1.4108e+02, 1.2731e+01, 
 1DIAGNOSTIC,     5, -3.128946490943e-01, 1.797693134862e+308, 1.5383e+02, 1.2748e+01, 
 1DIAGNOSTIC,     6, -3.135812000038e-01, 1.797693134862e+308, 1.6662e+02, 1.2789e+01, 
 1DIAGNOSTIC,     7, -3.141739785336e-01, 1.797693134862e+308, 1.7928e+02, 1.2661e+01, 
 1DIAGNOSTIC,     8, -3.147094097441e-01, 1.797693134862e+308, 1.9240e+02, 1.3119e+01, 
 1DIAGNOSTIC,     9, -3.151654189596e-01, 1.797693134862e+308, 2.0563e+02, 1.3238e+01, 
 1DIAGNOSTIC,    10, -3.155486900461e-01, 1.306261952636e-03, 2.1882e+02, 1.3184e+01, 
 1DIAGNOSTIC,    11, -3.159296351723e-01, 1.059257806426e-03, 2.3217e+02, 1.3348e+01, 
 1DIAGNOSTIC,    12, -3.162715754033e-01, 8.484102096294e-04, 2.4543e+02, 1.3266e+01, 
 1DIAGNOSTIC,    13, -3.165552208375e-01, 6.856807678584e-04, 2.5858e+02, 1.3145e+01, 
 1DIAGNOSTIC,    14, -3.168149170849e-01, 5.600784236527e-04, 2.7199e+02, 1.3414e+01, 
 1DIAGNOSTIC,    15, -3.170033267683e-01, 4.608893379884e-04, 2.8503e+02, 1.3041e+01, 
 1DIAGNOSTIC,    16, -3.171513193200e-01, 3.787635043925e-04, 2.9853e+02, 1.3499e+01, 
 1DIAGNOSTIC,    17, -3.173099377578e-01, 3.111468335469e-04, 3.1150e+02, 1.2972e+01, 
 1DIAGNOSTIC,    18, -3.174257499821e-01, 2.547808312116e-04, 3.2508e+02, 1.3574e+01, 
 1DIAGNOSTIC,    19, -3.175622547462e-01, 2.088339914603e-04, 3.3857e+02, 1.3491e+01, 
 1DIAGNOSTIC,    20, -3.176743096046e-01, 1.703214708946e-04, 3.5217e+02, 1.3600e+01, 
 1DIAGNOSTIC,    21, -3.177466597250e-01, 1.390260542350e-04, 3.6572e+02, 1.3551e+01, 
 1DIAGNOSTIC,    22, -3.178231310794e-01, 1.147469114120e-04, 3.7912e+02, 1.3400e+01, 
 1DIAGNOSTIC,    23, -3.179319422551e-01, 9.717148476514e-05, 3.9275e+02, 1.3633e+01, 
 1DIAGNOSTIC,    24, -3.180090057668e-01, 8.454490371658e-05, 4.0620e+02, 1.3447e+01, 
 1DIAGNOSTIC,    25, -3.180917096833e-01, 7.479355370010e-05, 4.1967e+02, 1.3474e+01, 
 1DIAGNOSTIC,    26, -3.181529020968e-01, 6.604357598132e-05, 4.3315e+02, 1.3479e+01, 
 1DIAGNOSTIC,    27, -3.182325829001e-01, 5.974456781196e-05, 4.4670e+02, 1.3550e+01, 
 1DIAGNOSTIC,    28, -3.183005861340e-01, 5.415658827002e-05, 4.6010e+02, 1.3396e+01, 
 1DIAGNOSTIC,    29, -3.183586025703e-01, 4.988997494165e-05, 4.7354e+02, 1.3444e+01, 
 1DIAGNOSTIC,    30, -3.184239900753e-01, 4.659299263407e-05, 4.8700e+02, 1.3463e+01, 
 1DIAGNOSTIC,    31, -3.184716487337e-01, 4.264433324230e-05, 5.0040e+02, 1.3392e+01, 
 1DIAGNOSTIC,    32, -3.185229497925e-01, 3.852700021206e-05, 5.1394e+02, 1.3547e+01, 
 1DIAGNOSTIC,    33, -3.185297794630e-01, 3.420562103473e-05, 5.2735e+02, 1.3403e+01, 
 1DIAGNOSTIC,    34, -3.185384860912e-01, 2.923626204335e-05, 5.4079e+02, 1.3439e+01, 
 1DIAGNOSTIC,    35, -3.184920699132e-01, 2.278325490027e-05, 5.5425e+02, 1.3465e+01, 
 1DIAGNOSTIC,    36, -3.184988028866e-01, 1.630127578964e-05, 5.6776e+02, 1.3510e+01, 
 1DIAGNOSTIC,    37, -3.185008013641e-01, 1.064278200936e-05, 5.8133e+02, 1.3569e+01, 
 1DIAGNOSTIC,    38, -3.185041754456e-01, 6.011881409435e-06, 5.9496e+02, 1.3627e+01, 
 1DIAGNOSTIC,    39, -3.185093349211e-01, 2.571880721895e-06, 6.0842e+02, 1.3465e+01, 
 1DIAGNOSTIC,    40, -3.184619989856e-01, -4.566275505838e-07, 6.2199e+02, 1.3571e+01, 
  Elapsed time (stage 2): 643.1


Total elapsed time: 780

--- Writing output images ---

Using double precision for computations.
Input scalar image: data/Segmentations/1002_3_seg.nii.gz
Reference image: data/template/T_template0_BrainCerebellum.nii.gz
=============================================================================
The composite transform comprises the following transforms (in order): 
  1. /tmp/1970979.1.basic.q/1002_ToTemplate_022_0GenericAffine.mat (type = AffineTransform)
  2. /tmp/1970979.1.basic.q/1002_ToTemplate_022_1Warp.nii.gz (type = DisplacementFieldTransform)
=============================================================================
Default pixel value: 0
Interpolation type: LabelImageGenericInterpolateImageFunction
Output warped image: output/1002/1002_WarpedLabels_022.nii.gz

--- Done ---

