
--- Running on compute-2-5.local ---


--- registration call ---
/data/jet/pcook/bin/antsBuild/bin/antsRegistrationSyNQuick.sh -d 3 -f data/template/T_template0_BrainCerebellum.nii.gz -m data/Brains/1128_3.nii.gz -t s -p d -n 1 -o /tmp/1993712.1.basic.q/1128_ToTemplate_009_
---


--------------------------------------------------------------------------------------
 Mapping parameters
--------------------------------------------------------------------------------------
 ANTSPATH is /data/jet/pcook/bin/antsBuild/bin/

 Dimensionality:           3
 Output name prefix:       /tmp/1993712.1.basic.q/1128_ToTemplate_009_
 Fixed images:             data/template/T_template0_BrainCerebellum.nii.gz
 Moving images:            data/Brains/1128_3.nii.gz
 Mask images:              
 Initial transforms:       
 Number of threads:        1
 Spline distance:          26
 Transform type:           s
 MI histogram bins:        32
 Precision:                d
 Use histogram matching    0
======================================================================================
 antsRegistration call:
--------------------------------------------------------------------------------------
/data/jet/pcook/bin/antsBuild/bin//antsRegistration --verbose 1 --dimensionality 3 --float 0 --collapse-output-transforms 1 --output [/tmp/1993712.1.basic.q/1128_ToTemplate_009_,/tmp/1993712.1.basic.q/1128_ToTemplate_009_Warped.nii.gz,/tmp/1993712.1.basic.q/1128_ToTemplate_009_InverseWarped.nii.gz] --interpolation Linear --use-histogram-matching 0 --winsorize-image-intensities [0.005,0.995] --initial-moving-transform [data/template/T_template0_BrainCerebellum.nii.gz,data/Brains/1128_3.nii.gz,1] --transform Rigid[0.1] --metric MI[data/template/T_template0_BrainCerebellum.nii.gz,data/Brains/1128_3.nii.gz,1,32,Regular,0.25] --convergence [1000x500x250x0,1e-6,10] --shrink-factors 12x8x4x2 --smoothing-sigmas 4x3x2x1vox --transform Affine[0.1] --metric MI[data/template/T_template0_BrainCerebellum.nii.gz,data/Brains/1128_3.nii.gz,1,32,Regular,0.25] --convergence [1000x500x250x0,1e-6,10] --shrink-factors 12x8x4x2 --smoothing-sigmas 4x3x2x1vox --transform SyN[0.1,3,0] --metric MI[data/template/T_template0_BrainCerebellum.nii.gz,data/Brains/1128_3.nii.gz,1,32] --convergence [100x100x70x50x0,1e-6,10] --shrink-factors 10x6x4x2x1 --smoothing-sigmas 5x3x2x1x0vox
--------------------------------------------------------------------------------------
All_Command_lines_OK
Using double precision for computations.
=============================================================================
The composite transform comprises the following transforms (in order): 
  1. Center of mass alignment using fixed image: data/template/T_template0_BrainCerebellum.nii.gz and moving image: data/Brains/1128_3.nii.gz (type = Euler3DTransform)
=============================================================================
  number of levels = 4
  number of levels = 4
  number of levels = 5
  fixed image: data/template/T_template0_BrainCerebellum.nii.gz
  moving image: data/Brains/1128_3.nii.gz
  fixed image: data/template/T_template0_BrainCerebellum.nii.gz
  moving image: data/Brains/1128_3.nii.gz
  fixed image: data/template/T_template0_BrainCerebellum.nii.gz
  moving image: data/Brains/1128_3.nii.gz
Dimension = 3
Number of stages = 3
Use Histogram Matching false
Winsorize image intensities true
Lower quantile = 0.005
Upper quantile = 0.995
Stage 1 State
   Image metric = Mattes
     Fixed image = Image (0x4127cf0)
  RTTI typeinfo:   itk::Image<double, 3u>
  Reference Count: 2
  Modified Time: 1611
  Debug: Off
  Object Name: 
  Observers: 
    none
  Source: (none)
  Source output name: (none)
  Release Data: Off
  Data Released: False
  Global Release Data: Off
  PipelineMTime: 0
  UpdateMTime: 1422
  RealTimeStamp: 0 seconds 
  LargestPossibleRegion: 
    Dimension: 3
    Index: [0, 0, 0]
    Size: [216, 256, 291]
  BufferedRegion: 
    Dimension: 3
    Index: [0, 0, 0]
    Size: [216, 256, 291]
  RequestedRegion: 
    Dimension: 3
    Index: [0, 0, 0]
    Size: [216, 256, 291]
  Spacing: [1, 1, 1]
  Origin: [0, 293, 0]
  Direction: 
1 0 0
0 -0 -1
0 -1 -0

  IndexToPointMatrix: 
1 0 0
0 0 -1
0 -1 0

  PointToIndexMatrix: 
1 0 0
0 0 -1
0 -1 0

  Inverse Direction: 
1 0 0
0 0 -1
0 -1 0

  PixelContainer: 
    ImportImageContainer (0x412b7f0)
      RTTI typeinfo:   itk::ImportImageContainer<unsigned long, double>
      Reference Count: 1
      Modified Time: 1419
      Debug: Off
      Object Name: 
      Observers: 
        none
      Pointer: 0x7f23fa925010
      Container manages memory: true
      Size: 16091136
      Capacity: 16091136

     Moving image = Image (0x4129d50)
  RTTI typeinfo:   itk::Image<double, 3u>
  Reference Count: 2
  Modified Time: 1612
  Debug: Off
  Object Name: 
  Observers: 
    none
  Source: (none)
  Source output name: (none)
  Release Data: Off
  Data Released: False
  Global Release Data: Off
  PipelineMTime: 0
  UpdateMTime: 1609
  RealTimeStamp: 0 seconds 
  LargestPossibleRegion: 
    Dimension: 3
    Index: [0, 0, 0]
    Size: [256, 256, 264]
  BufferedRegion: 
    Dimension: 3
    Index: [0, 0, 0]
    Size: [256, 256, 264]
  RequestedRegion: 
    Dimension: 3
    Index: [0, 0, 0]
    Size: [256, 256, 264]
  Spacing: [1, 1, 1]
  Origin: [0, 263, 0]
  Direction: 
1 0 0
0 -0 -1
0 -1 -0

  IndexToPointMatrix: 
1 0 0
0 0 -1
0 -1 0

  PointToIndexMatrix: 
1 0 0
0 0 -1
0 -1 0

  Inverse Direction: 
1 0 0
0 0 -1
0 -1 0

  PixelContainer: 
    ImportImageContainer (0x411af60)
      RTTI typeinfo:   itk::ImportImageContainer<unsigned long, double>
      Reference Count: 1
      Modified Time: 1606
      Debug: Off
      Object Name: 
      Observers: 
        none
      Pointer: 0x7f23f2524010
      Container manages memory: true
      Size: 17301504
      Capacity: 17301504

     Weighting = 1
     Sampling strategy = regular
     Number of bins = 32
     Radius = 4
     Sampling percentage  = 0.25
   Transform = Rigid
     Gradient step = 0.1
     Update field sigma (voxel space) = 0
     Total field sigma (voxel space) = 0
     Update field time sigma = 0
     Total field time sigma  = 0
     Number of time indices = 0
     Number of time point samples = 0
Stage 2 State
   Image metric = Mattes
     Fixed image = Image (0x412e700)
  RTTI typeinfo:   itk::Image<double, 3u>
  Reference Count: 2
  Modified Time: 1987
  Debug: Off
  Object Name: 
  Observers: 
    none
  Source: (none)
  Source output name: (none)
  Release Data: Off
  Data Released: False
  Global Release Data: Off
  PipelineMTime: 0
  UpdateMTime: 1798
  RealTimeStamp: 0 seconds 
  LargestPossibleRegion: 
    Dimension: 3
    Index: [0, 0, 0]
    Size: [216, 256, 291]
  BufferedRegion: 
    Dimension: 3
    Index: [0, 0, 0]
    Size: [216, 256, 291]
  RequestedRegion: 
    Dimension: 3
    Index: [0, 0, 0]
    Size: [216, 256, 291]
  Spacing: [1, 1, 1]
  Origin: [0, 293, 0]
  Direction: 
1 0 0
0 -0 -1
0 -1 -0

  IndexToPointMatrix: 
1 0 0
0 0 -1
0 -1 0

  PointToIndexMatrix: 
1 0 0
0 0 -1
0 -1 0

  Inverse Direction: 
1 0 0
0 0 -1
0 -1 0

  PixelContainer: 
    ImportImageContainer (0x412a970)
      RTTI typeinfo:   itk::ImportImageContainer<unsigned long, double>
      Reference Count: 1
      Modified Time: 1795
      Debug: Off
      Object Name: 
      Observers: 
        none
      Pointer: 0x7f23eaa5f010
      Container manages memory: true
      Size: 16091136
      Capacity: 16091136

     Moving image = Image (0x413b080)
  RTTI typeinfo:   itk::Image<double, 3u>
  Reference Count: 2
  Modified Time: 1988
  Debug: Off
  Object Name: 
  Observers: 
    none
  Source: (none)
  Source output name: (none)
  Release Data: Off
  Data Released: False
  Global Release Data: Off
  PipelineMTime: 0
  UpdateMTime: 1985
  RealTimeStamp: 0 seconds 
  LargestPossibleRegion: 
    Dimension: 3
    Index: [0, 0, 0]
    Size: [256, 256, 264]
  BufferedRegion: 
    Dimension: 3
    Index: [0, 0, 0]
    Size: [256, 256, 264]
  RequestedRegion: 
    Dimension: 3
    Index: [0, 0, 0]
    Size: [256, 256, 264]
  Spacing: [1, 1, 1]
  Origin: [0, 263, 0]
  Direction: 
1 0 0
0 -0 -1
0 -1 -0

  IndexToPointMatrix: 
1 0 0
0 0 -1
0 -1 0

  PointToIndexMatrix: 
1 0 0
0 0 -1
0 -1 0

  Inverse Direction: 
1 0 0
0 0 -1
0 -1 0

  PixelContainer: 
    ImportImageContainer (0x413aa00)
      RTTI typeinfo:   itk::ImportImageContainer<unsigned long, double>
      Reference Count: 1
      Modified Time: 1982
      Debug: Off
      Object Name: 
      Observers: 
        none
      Pointer: 0x7f23e265e010
      Container manages memory: true
      Size: 17301504
      Capacity: 17301504

     Weighting = 1
     Sampling strategy = regular
     Number of bins = 32
     Radius = 4
     Sampling percentage  = 0.25
   Transform = Affine
     Gradient step = 0.1
     Update field sigma (voxel space) = 0
     Total field sigma (voxel space) = 0
     Update field time sigma = 0
     Total field time sigma  = 0
     Number of time indices = 0
     Number of time point samples = 0
Stage 3 State
   Image metric = Mattes
     Fixed image = Image (0x41409a0)
  RTTI typeinfo:   itk::Image<double, 3u>
  Reference Count: 2
  Modified Time: 2363
  Debug: Off
  Object Name: 
  Observers: 
    none
  Source: (none)
  Source output name: (none)
  Release Data: Off
  Data Released: False
  Global Release Data: Off
  PipelineMTime: 0
  UpdateMTime: 2174
  RealTimeStamp: 0 seconds 
  LargestPossibleRegion: 
    Dimension: 3
    Index: [0, 0, 0]
    Size: [216, 256, 291]
  BufferedRegion: 
    Dimension: 3
    Index: [0, 0, 0]
    Size: [216, 256, 291]
  RequestedRegion: 
    Dimension: 3
    Index: [0, 0, 0]
    Size: [216, 256, 291]
  Spacing: [1, 1, 1]
  Origin: [0, 293, 0]
  Direction: 
1 0 0
0 -0 -1
0 -1 -0

  IndexToPointMatrix: 
1 0 0
0 0 -1
0 -1 0

  PointToIndexMatrix: 
1 0 0
0 0 -1
0 -1 0

  Inverse Direction: 
1 0 0
0 0 -1
0 -1 0

  PixelContainer: 
    ImportImageContainer (0x4139740)
      RTTI typeinfo:   itk::ImportImageContainer<unsigned long, double>
      Reference Count: 1
      Modified Time: 2171
      Debug: Off
      Object Name: 
      Observers: 
        none
      Pointer: 0x7f23dab99010
      Container manages memory: true
      Size: 16091136
      Capacity: 16091136

     Moving image = Image (0x4143110)
  RTTI typeinfo:   itk::Image<double, 3u>
  Reference Count: 2
  Modified Time: 2364
  Debug: Off
  Object Name: 
  Observers: 
    none
  Source: (none)
  Source output name: (none)
  Release Data: Off
  Data Released: False
  Global Release Data: Off
  PipelineMTime: 0
  UpdateMTime: 2361
  RealTimeStamp: 0 seconds 
  LargestPossibleRegion: 
    Dimension: 3
    Index: [0, 0, 0]
    Size: [256, 256, 264]
  BufferedRegion: 
    Dimension: 3
    Index: [0, 0, 0]
    Size: [256, 256, 264]
  RequestedRegion: 
    Dimension: 3
    Index: [0, 0, 0]
    Size: [256, 256, 264]
  Spacing: [1, 1, 1]
  Origin: [0, 263, 0]
  Direction: 
1 0 0
0 -0 -1
0 -1 -0

  IndexToPointMatrix: 
1 0 0
0 0 -1
0 -1 0

  PointToIndexMatrix: 
1 0 0
0 0 -1
0 -1 0

  Inverse Direction: 
1 0 0
0 0 -1
0 -1 0

  PixelContainer: 
    ImportImageContainer (0x4140c30)
      RTTI typeinfo:   itk::ImportImageContainer<unsigned long, double>
      Reference Count: 1
      Modified Time: 2358
      Debug: Off
      Object Name: 
      Observers: 
        none
      Pointer: 0x7f23d2798010
      Container manages memory: true
      Size: 17301504
      Capacity: 17301504

     Weighting = 1
     Sampling strategy = none
     Number of bins = 32
     Radius = 4
     Sampling percentage  = 1
   Transform = SyN
     Gradient step = 0.1
     Update field sigma (voxel space) = 3
     Total field sigma (voxel space) = 0
     Update field time sigma = 0
     Total field time sigma  = 0
     Number of time indices = 0
     Number of time point samples = 0
Registration using 3 total stages.

Stage 0
  iterations = 1000x500x250x0
  convergence threshold = 1e-06
  convergence window size = 10
  number of levels = 4
  using the Mattes MI metric (number of bins = 32, weight = 1)
  preprocessing:  winsorizing the image intensities
  Shrink factors (level 1 out of 4): [12, 12, 12]
  Shrink factors (level 2 out of 4): [8, 8, 8]
  Shrink factors (level 3 out of 4): [4, 4, 4]
  Shrink factors (level 4 out of 4): [2, 2, 2]
  smoothing sigmas per level: [4, 3, 2, 1]
  regular sampling (percentage = 0.25)

*** Running Euler3DTransform registration ***

DIAGNOSTIC,Iteration,metricValue,convergenceValue,ITERATION_TIME_INDEX,SINCE_LAST
 2DIAGNOSTIC,     1, -4.105660228288e-01, 1.797693134862e+308, 2.0486e+01, 2.0486e+01, 
 2DIAGNOSTIC,     2, -4.109526096004e-01, 1.797693134862e+308, 2.0498e+01, 1.1989e-02, 
 2DIAGNOSTIC,     3, -4.112838551453e-01, 1.797693134862e+308, 2.0508e+01, 1.0135e-02, 
 2DIAGNOSTIC,     4, -4.116036403004e-01, 1.797693134862e+308, 2.0519e+01, 1.0346e-02, 
 2DIAGNOSTIC,     5, -4.131192891978e-01, 1.797693134862e+308, 2.0531e+01, 1.2027e-02, 
 2DIAGNOSTIC,     6, -4.144792419746e-01, 1.797693134862e+308, 2.0549e+01, 1.8246e-02, 
 2DIAGNOSTIC,     7, -4.148023714900e-01, 1.797693134862e+308, 2.0559e+01, 1.0193e-02, 
 2DIAGNOSTIC,     8, -4.148044809164e-01, 1.797693134862e+308, 2.0569e+01, 1.0194e-02, 
 2DIAGNOSTIC,     9, -4.149826738501e-01, 1.797693134862e+308, 2.0579e+01, 1.0175e-02, 
 2DIAGNOSTIC,    10, -4.149230575954e-01, 8.333197378280e-04, 2.0590e+01, 1.0799e-02, 
 2DIAGNOSTIC,    11, -4.149967803895e-01, 6.552733713836e-04, 2.0602e+01, 1.2119e-02, 
 2DIAGNOSTIC,    12, -4.154296240685e-01, 4.959242968227e-04, 2.0613e+01, 1.0688e-02, 
 2DIAGNOSTIC,    13, -4.156914780056e-01, 3.488980081783e-04, 2.0631e+01, 1.8171e-02, 
 2DIAGNOSTIC,    14, -4.159475587047e-01, 2.184971832069e-04, 2.0642e+01, 1.0539e-02, 
 2DIAGNOSTIC,    15, -4.158856300254e-01, 1.509016659976e-04, 2.0654e+01, 1.2073e-02, 
 2DIAGNOSTIC,    16, -4.159127531246e-01, 1.376609009519e-04, 2.0664e+01, 1.0484e-02, 
 2DIAGNOSTIC,    17, -4.159694285419e-01, 1.286336721975e-04, 2.0675e+01, 1.0523e-02, 
 2DIAGNOSTIC,    18, -4.164417146781e-01, 1.264465279209e-04, 2.0686e+01, 1.0827e-02, 
 2DIAGNOSTIC,    19, -4.180168489632e-01, 1.759061394581e-04, 2.0704e+01, 1.8371e-02, 
 2DIAGNOSTIC,    20, -4.179767625058e-01, 1.997169841652e-04, 2.0715e+01, 1.0631e-02, 
 2DIAGNOSTIC,    21, -4.178524734540e-01, 2.018747953717e-04, 2.0725e+01, 1.0570e-02, 
 2DIAGNOSTIC,    22, -4.177068340374e-01, 1.947164503669e-04, 2.0740e+01, 1.4941e-02, 
 2DIAGNOSTIC,    23, -4.175519541054e-01, 1.727074195424e-04, 2.0751e+01, 1.0568e-02, 
 2DIAGNOSTIC,    24, -4.174260351395e-01, 1.395031925187e-04, 2.0763e+01, 1.1989e-02, 
 2DIAGNOSTIC,    25, -4.176139888051e-01, 9.950538852047e-05, 2.0773e+01, 1.0607e-02, 
 2DIAGNOSTIC,    26, -4.176228621346e-01, 5.492078801968e-05, 2.0785e+01, 1.2122e-02, 
 2DIAGNOSTIC,    27, -4.176353368747e-01, 1.056105083610e-05, 2.0797e+01, 1.1983e-02, 
DIAGNOSTIC,Iteration,metricValue,convergenceValue,ITERATION_TIME_INDEX,SINCE_LAST
 2DIAGNOSTIC,     1, -3.469376595259e-01, 1.797693134862e+308, 3.5521e+01, 1.4723e+01, 
 2DIAGNOSTIC,     2, -3.474981796001e-01, 1.797693134862e+308, 3.5577e+01, 5.5939e-02, 
 2DIAGNOSTIC,     3, -3.487819287970e-01, 1.797693134862e+308, 3.5632e+01, 5.5281e-02, 
 2DIAGNOSTIC,     4, -3.505761503730e-01, 1.797693134862e+308, 3.5687e+01, 5.5312e-02, 
 2DIAGNOSTIC,     5, -3.516720367530e-01, 1.797693134862e+308, 3.5743e+01, 5.5323e-02, 
 2DIAGNOSTIC,     6, -3.530353053709e-01, 1.797693134862e+308, 3.5819e+01, 7.5974e-02, 
 2DIAGNOSTIC,     7, -3.537669690701e-01, 1.797693134862e+308, 3.5884e+01, 6.5309e-02, 
 2DIAGNOSTIC,     8, -3.537750565770e-01, 1.797693134862e+308, 3.5949e+01, 6.5329e-02, 
 2DIAGNOSTIC,     9, -3.540004630525e-01, 1.797693134862e+308, 3.6014e+01, 6.5247e-02, 
 2DIAGNOSTIC,    10, -3.539567619982e-01, 1.452558119437e-03, 3.6080e+01, 6.6079e-02, 
 2DIAGNOSTIC,    11, -3.539789365421e-01, 1.068944395731e-03, 3.6146e+01, 6.5929e-02, 
 2DIAGNOSTIC,    12, -3.539958293831e-01, 6.921647294044e-04, 3.6213e+01, 6.6099e-02, 
 2DIAGNOSTIC,    13, -3.539733047751e-01, 3.885059456389e-04, 3.6278e+01, 6.5757e-02, 
 2DIAGNOSTIC,    14, -3.539682419882e-01, 1.962307744915e-04, 3.6334e+01, 5.5600e-02, 
 2DIAGNOSTIC,    15, -3.539458839796e-01, 6.813619610743e-05, 3.6400e+01, 6.6416e-02, 
 2DIAGNOSTIC,    16, -3.539899213593e-01, 2.014783884013e-05, 3.6476e+01, 7.5554e-02, 
 2DIAGNOSTIC,    17, -3.539750733484e-01, 1.015409403744e-05, 3.6541e+01, 6.5248e-02, 
DIAGNOSTIC,Iteration,metricValue,convergenceValue,ITERATION_TIME_INDEX,SINCE_LAST
 2DIAGNOSTIC,     1, -2.992949953728e-01, 1.797693134862e+308, 4.5044e+01, 8.5026e+00, 
 2DIAGNOSTIC,     2, -2.994330148374e-01, 1.797693134862e+308, 4.5491e+01, 4.4769e-01, 
 2DIAGNOSTIC,     3, -2.996112487592e-01, 1.797693134862e+308, 4.5943e+01, 4.5198e-01, 
 2DIAGNOSTIC,     4, -2.998727404082e-01, 1.797693134862e+308, 4.6396e+01, 4.5218e-01, 
 2DIAGNOSTIC,     5, -3.002827278716e-01, 1.797693134862e+308, 4.6847e+01, 4.5174e-01, 
 2DIAGNOSTIC,     6, -3.008170472483e-01, 1.797693134862e+308, 4.7299e+01, 4.5185e-01, 
 2DIAGNOSTIC,     7, -3.029624824355e-01, 1.797693134862e+308, 4.7928e+01, 6.2932e-01, 
 2DIAGNOSTIC,     8, -3.045762548506e-01, 1.797693134862e+308, 4.9088e+01, 1.1591e+00, 
 2DIAGNOSTIC,     9, -3.046073682204e-01, 1.797693134862e+308, 4.9540e+01, 4.5272e-01, 
 2DIAGNOSTIC,    10, -3.046586658499e-01, 1.407292235918e-03, 5.0082e+01, 5.4176e-01, 
 2DIAGNOSTIC,    11, -3.047224803516e-01, 1.319351460855e-03, 5.0626e+01, 5.4443e-01, 
 2DIAGNOSTIC,    12, -3.047803543849e-01, 1.140431883241e-03, 5.1076e+01, 4.4992e-01, 
 2DIAGNOSTIC,    13, -3.048653676990e-01, 9.034983008975e-04, 5.1528e+01, 4.5174e-01, 
 2DIAGNOSTIC,    14, -3.049730429867e-01, 6.451291793967e-04, 5.1980e+01, 4.5195e-01, 
 2DIAGNOSTIC,    15, -3.051750437202e-01, 4.032633524899e-04, 5.2430e+01, 4.4984e-01, 
 2DIAGNOSTIC,    16, -3.053439767945e-01, 1.936288509995e-04, 5.2970e+01, 5.4037e-01, 
 2DIAGNOSTIC,    17, -3.054821291749e-01, 1.145941445972e-04, 5.3421e+01, 4.5118e-01, 
 2DIAGNOSTIC,    18, -3.056616525953e-01, 1.273997925893e-04, 5.3875e+01, 4.5333e-01, 
 2DIAGNOSTIC,    19, -3.058757238454e-01, 1.391314815880e-04, 5.4327e+01, 4.5239e-01, 
 2DIAGNOSTIC,    20, -3.064301448788e-01, 1.649878067248e-04, 5.4960e+01, 6.3242e-01, 
 2DIAGNOSTIC,    21, -3.069103296218e-01, 1.967835642679e-04, 5.5936e+01, 9.7686e-01, 
 2DIAGNOSTIC,    22, -3.069160446648e-01, 2.099263612592e-04, 5.6385e+01, 4.4843e-01, 
 2DIAGNOSTIC,    23, -3.069739490861e-01, 2.087325263444e-04, 5.6921e+01, 5.3610e-01, 
 2DIAGNOSTIC,    24, -3.069931841800e-01, 1.930901997344e-04, 5.7726e+01, 8.0468e-01, 
 2DIAGNOSTIC,    25, -3.069904125606e-01, 1.677105892463e-04, 5.8268e+01, 5.4218e-01, 
 2DIAGNOSTIC,    26, -3.069857093756e-01, 1.342927330017e-04, 5.8809e+01, 5.4091e-01, 
 2DIAGNOSTIC,    27, -3.069807469410e-01, 9.561367096303e-05, 5.9344e+01, 5.3569e-01, 
 2DIAGNOSTIC,    28, -3.069720526566e-01, 5.675662418014e-05, 5.9886e+01, 5.4125e-01, 
 2DIAGNOSTIC,    29, -3.069685798872e-01, 2.179111550233e-05, 6.0425e+01, 5.3914e-01, 
 2DIAGNOSTIC,    30, -3.069673562523e-01, 4.022922696696e-06, 6.0965e+01, 5.4010e-01, 
 2DIAGNOSTIC,    31, -3.069692587879e-01, 1.659183731441e-06, 6.1508e+01, 5.4298e-01, 
DIAGNOSTIC,Iteration,metricValue,convergenceValue,ITERATION_TIME_INDEX,SINCE_LAST
 2DIAGNOSTIC,     1, -2.625166985300e-01, 1.797693134862e+308, 6.9906e+01, 8.3982e+00, 
  Elapsed time (stage 0): 7.1747e+01


Stage 1
  iterations = 1000x500x250x0
  convergence threshold = 1.0000e-06
  convergence window size = 10
  number of levels = 4
  using the Mattes MI metric (number of bins = 32, weight = 1.0000e+00)
  preprocessing:  winsorizing the image intensities
  Shrink factors (level 1 out of 4): [12, 12, 12]
  Shrink factors (level 2 out of 4): [8, 8, 8]
  Shrink factors (level 3 out of 4): [4, 4, 4]
  Shrink factors (level 4 out of 4): [2, 2, 2]
  smoothing sigmas per level: [4, 3, 2, 1]
  regular sampling (percentage = 2.5000e-01)

*** Running AffineTransform registration ***

DIAGNOSTIC,Iteration,metricValue,convergenceValue,ITERATION_TIME_INDEX,SINCE_LAST
 2DIAGNOSTIC,     1, -4.074855560816e-01, 1.797693134862e+308, 2.0230e+01, 2.0230e+01, 
 2DIAGNOSTIC,     2, -4.077874793326e-01, 1.797693134862e+308, 2.0243e+01, 1.3539e-02, 
 2DIAGNOSTIC,     3, -4.081020473336e-01, 1.797693134862e+308, 2.0257e+01, 1.3172e-02, 
 2DIAGNOSTIC,     4, -4.092370609000e-01, 1.797693134862e+308, 2.0271e+01, 1.4740e-02, 
 2DIAGNOSTIC,     5, -4.101497975468e-01, 1.797693134862e+308, 2.0285e+01, 1.3200e-02, 
 2DIAGNOSTIC,     6, -4.114592365599e-01, 1.797693134862e+308, 2.0298e+01, 1.3367e-02, 
 2DIAGNOSTIC,     7, -4.134002755347e-01, 1.797693134862e+308, 2.0311e+01, 1.3443e-02, 
 2DIAGNOSTIC,     8, -4.172411512172e-01, 1.797693134862e+308, 2.0325e+01, 1.3703e-02, 
 2DIAGNOSTIC,     9, -4.270961674971e-01, 1.797693134862e+308, 2.0340e+01, 1.4553e-02, 
 2DIAGNOSTIC,    10, -4.334652236943e-01, 3.528771920719e-03, 2.0358e+01, 1.8418e-02, 
 2DIAGNOSTIC,    11, -4.374851400013e-01, 4.221512874001e-03, 2.0375e+01, 1.6838e-02, 
 2DIAGNOSTIC,    12, -4.429910231124e-01, 4.745495603313e-03, 2.0390e+01, 1.4896e-02, 
 2DIAGNOSTIC,    13, -4.580766879899e-01, 5.537320881658e-03, 2.0407e+01, 1.6929e-02, 
 2DIAGNOSTIC,    14, -4.694317802910e-01, 6.269718794281e-03, 2.0424e+01, 1.7332e-02, 
 2DIAGNOSTIC,    15, -4.719460660102e-01, 6.468661690047e-03, 2.0444e+01, 1.9521e-02, 
 2DIAGNOSTIC,    16, -4.778883036888e-01, 6.358880781012e-03, 2.0459e+01, 1.5310e-02, 
 2DIAGNOSTIC,    17, -4.827242419091e-01, 5.938575349164e-03, 2.0477e+01, 1.8583e-02, 
 2DIAGNOSTIC,    18, -4.841204780486e-01, 5.195537720176e-03, 2.0492e+01, 1.4840e-02, 
 2DIAGNOSTIC,    19, -4.857874226759e-01, 4.444772676539e-03, 2.0509e+01, 1.6645e-02, 
 2DIAGNOSTIC,    20, -4.862266023975e-01, 3.588889493080e-03, 2.0524e+01, 1.4719e-02, 
 2DIAGNOSTIC,    21, -4.868380526808e-01, 2.633974010048e-03, 2.0540e+01, 1.6381e-02, 
 2DIAGNOSTIC,    22, -4.874923525205e-01, 1.697219118942e-03, 2.0556e+01, 1.6409e-02, 
 2DIAGNOSTIC,    23, -4.883855771029e-01, 1.124819874490e-03, 2.0575e+01, 1.8063e-02, 
 2DIAGNOSTIC,    24, -4.892841583102e-01, 8.228554869816e-04, 2.0589e+01, 1.4925e-02, 
 2DIAGNOSTIC,    25, -4.900926290888e-01, 5.511105787842e-04, 2.0606e+01, 1.6579e-02, 
 2DIAGNOSTIC,    26, -4.906626790525e-01, 4.050499876019e-04, 2.0624e+01, 1.8263e-02, 
 2DIAGNOSTIC,    27, -4.910031850231e-01, 3.522044223675e-04, 2.0639e+01, 1.4925e-02, 
 2DIAGNOSTIC,    28, -4.910756275027e-01, 3.021792339559e-04, 2.0654e+01, 1.4505e-02, 
 2DIAGNOSTIC,    29, -4.915722938192e-01, 2.738185095051e-04, 2.0668e+01, 1.4609e-02, 
 2DIAGNOSTIC,    30, -4.927600149892e-01, 2.549464336827e-04, 2.0688e+01, 2.0139e-02, 
 2DIAGNOSTIC,    31, -4.935522469874e-01, 2.407469762221e-04, 2.0705e+01, 1.6436e-02, 
 2DIAGNOSTIC,    32, -4.934791614851e-01, 2.158671914888e-04, 2.0719e+01, 1.4456e-02, 
 2DIAGNOSTIC,    33, -4.937486150195e-01, 1.943472540839e-04, 2.0734e+01, 1.4554e-02, 
 2DIAGNOSTIC,    34, -4.940414133547e-01, 1.770525079049e-04, 2.0754e+01, 2.0119e-02, 
 2DIAGNOSTIC,    35, -4.941262031491e-01, 1.590356678594e-04, 2.0770e+01, 1.6371e-02, 
 2DIAGNOSTIC,    36, -4.941576778849e-01, 1.370963305028e-04, 2.0785e+01, 1.4587e-02, 
 2DIAGNOSTIC,    37, -4.940265816031e-01, 1.073637778010e-04, 2.0800e+01, 1.4564e-02, 
 2DIAGNOSTIC,    38, -4.940783421456e-01, 7.137596730734e-05, 2.0818e+01, 1.7942e-02, 
 2DIAGNOSTIC,    39, -4.941895371327e-01, 3.959565586532e-05, 2.0832e+01, 1.4459e-02, 
 2DIAGNOSTIC,    40, -4.942173865865e-01, 2.389819451133e-05, 2.0847e+01, 1.4607e-02, 
 2DIAGNOSTIC,    41, -4.942603056090e-01, 1.935643673422e-05, 2.0864e+01, 1.7773e-02, 
 2DIAGNOSTIC,    42, -4.942895323721e-01, 1.264161396970e-05, 2.0879e+01, 1.4410e-02, 
 2DIAGNOSTIC,    43, -4.943180562798e-01, 9.219969415185e-06, 2.0893e+01, 1.4549e-02, 
 2DIAGNOSTIC,    44, -4.945711884576e-01, 1.258244374483e-05, 2.0913e+01, 1.9509e-02, 
 2DIAGNOSTIC,    45, -4.947895755361e-01, 1.860922960913e-05, 2.0929e+01, 1.6372e-02, 
 2DIAGNOSTIC,    46, -4.950338640151e-01, 2.630612310918e-05, 2.0946e+01, 1.6600e-02, 
 2DIAGNOSTIC,    47, -4.952241757614e-01, 3.196369952429e-05, 2.0990e+01, 4.3852e-02, 
 2DIAGNOSTIC,    48, -4.952241750856e-01, 3.500032246820e-05, 2.1004e+01, 1.4498e-02, 
 2DIAGNOSTIC,    49, -4.952241779810e-01, 3.600497877091e-05, 2.1019e+01, 1.4515e-02, 
 2DIAGNOSTIC,    50, -4.952241828769e-01, 3.388525621627e-05, 2.1033e+01, 1.4437e-02, 
 2DIAGNOSTIC,    51, -4.952241911549e-01, 2.915186917989e-05, 2.1047e+01, 1.4313e-02, 
 2DIAGNOSTIC,    52, -4.952242051505e-01, 2.223417332666e-05, 2.1062e+01, 1.4396e-02, 
 2DIAGNOSTIC,    53, -4.952242288101e-01, 1.382637901021e-05, 2.1076e+01, 1.4488e-02, 
 2DIAGNOSTIC,    54, -4.952242687985e-01, 7.284884411776e-06, 2.1091e+01, 1.4633e-02, 
 2DIAGNOSTIC,    55, -4.952243363628e-01, 2.678592579856e-06, 2.1106e+01, 1.4609e-02, 
DIAGNOSTIC,Iteration,metricValue,convergenceValue,ITERATION_TIME_INDEX,SINCE_LAST
 2DIAGNOSTIC,     1, -4.058654628245e-01, 1.797693134862e+308, 3.5916e+01, 1.4810e+01, 
 2DIAGNOSTIC,     2, -4.063276635616e-01, 1.797693134862e+308, 3.5986e+01, 6.9793e-02, 
 2DIAGNOSTIC,     3, -4.068331637529e-01, 1.797693134862e+308, 3.6056e+01, 6.9851e-02, 
 2DIAGNOSTIC,     4, -4.075220995526e-01, 1.797693134862e+308, 3.6126e+01, 7.0024e-02, 
 2DIAGNOSTIC,     5, -4.088456472727e-01, 1.797693134862e+308, 3.6197e+01, 7.1033e-02, 
 2DIAGNOSTIC,     6, -4.098688942119e-01, 1.797693134862e+308, 3.6302e+01, 1.0503e-01, 
 2DIAGNOSTIC,     7, -4.102372073996e-01, 1.797693134862e+308, 3.6373e+01, 7.0973e-02, 
 2DIAGNOSTIC,     8, -4.110184567830e-01, 1.797693134862e+308, 3.6443e+01, 7.0217e-02, 
 2DIAGNOSTIC,     9, -4.121925633020e-01, 1.797693134862e+308, 3.6547e+01, 1.0453e-01, 
 2DIAGNOSTIC,    10, -4.128731540021e-01, 1.149750069606e-03, 3.6618e+01, 7.0575e-02, 
 2DIAGNOSTIC,    11, -4.131699006294e-01, 1.042214657203e-03, 3.6691e+01, 7.2558e-02, 
 2DIAGNOSTIC,    12, -4.135586715159e-01, 9.099621896124e-04, 3.6775e+01, 8.4150e-02, 
 2DIAGNOSTIC,    13, -4.138139277177e-01, 7.567413243933e-04, 3.6879e+01, 1.0448e-01, 
 2DIAGNOSTIC,    14, -4.141195028704e-01, 6.041704912864e-04, 3.6962e+01, 8.2329e-02, 
 2DIAGNOSTIC,    15, -4.143610560965e-01, 4.880687638781e-04, 3.7043e+01, 8.1581e-02, 
 2DIAGNOSTIC,    16, -4.146202673904e-01, 3.979127925041e-04, 3.7125e+01, 8.1593e-02, 
 2DIAGNOSTIC,    17, -4.149959560182e-01, 3.120420743574e-04, 3.7217e+01, 9.2531e-02, 
 2DIAGNOSTIC,    18, -4.155560440866e-01, 2.574194040945e-04, 3.7288e+01, 7.0819e-02, 
 2DIAGNOSTIC,    19, -4.156366909846e-01, 2.296488682973e-04, 3.7359e+01, 7.0491e-02, 
 2DIAGNOSTIC,    20, -4.157021815639e-01, 2.094113624490e-04, 3.7430e+01, 7.0940e-02, 
 2DIAGNOSTIC,    21, -4.157429594898e-01, 1.828025567735e-04, 3.7512e+01, 8.2779e-02, 
 2DIAGNOSTIC,    22, -4.159142884066e-01, 1.590089037812e-04, 3.7628e+01, 1.1575e-01, 
 2DIAGNOSTIC,    23, -4.158783079990e-01, 1.286549055273e-04, 3.7698e+01, 7.0314e-02, 
 2DIAGNOSTIC,    24, -4.158933468321e-01, 9.819746303402e-05, 3.7770e+01, 7.1286e-02, 
 2DIAGNOSTIC,    25, -4.159175169170e-01, 6.860526040456e-05, 3.7852e+01, 8.2804e-02, 
 2DIAGNOSTIC,    26, -4.161070361644e-01, 4.671619189691e-05, 3.7957e+01, 1.0459e-01, 
 2DIAGNOSTIC,    27, -4.160761228412e-01, 3.041147720410e-05, 3.8038e+01, 8.1087e-02, 
 2DIAGNOSTIC,    28, -4.160783532495e-01, 2.640766129101e-05, 3.8108e+01, 7.0382e-02, 
 2DIAGNOSTIC,    29, -4.160865213175e-01, 2.249485148801e-05, 3.8179e+01, 7.0160e-02, 
 2DIAGNOSTIC,    30, -4.161101113755e-01, 1.882863202352e-05, 3.8272e+01, 9.2847e-02, 
 2DIAGNOSTIC,    31, -4.161188859066e-01, 1.462331140133e-05, 3.8342e+01, 7.0281e-02, 
 2DIAGNOSTIC,    32, -4.161378758585e-01, 1.351754249139e-05, 3.8424e+01, 8.1756e-02, 
 2DIAGNOSTIC,    33, -4.162444516521e-01, 1.282376956425e-05, 3.8506e+01, 8.2034e-02, 
 2DIAGNOSTIC,    34, -4.164513595875e-01, 1.549459826383e-05, 3.8600e+01, 9.4333e-02, 
 2DIAGNOSTIC,    35, -4.165211377815e-01, 1.826605616956e-05, 3.8681e+01, 8.1564e-02, 
 2DIAGNOSTIC,    36, -4.164456247640e-01, 2.146499872703e-05, 3.8763e+01, 8.1616e-02, 
 2DIAGNOSTIC,    37, -4.164612840855e-01, 2.236092491944e-05, 3.8833e+01, 7.0162e-02, 
 2DIAGNOSTIC,    38, -4.164488059289e-01, 2.092897551511e-05, 3.8904e+01, 7.0396e-02, 
 2DIAGNOSTIC,    39, -4.165302808633e-01, 1.914499184938e-05, 3.8975e+01, 7.1467e-02, 
 2DIAGNOSTIC,    40, -4.166458359711e-01, 1.805376933481e-05, 3.9091e+01, 1.1585e-01, 
 2DIAGNOSTIC,    41, -4.165794320656e-01, 1.444775389224e-05, 3.9162e+01, 7.1208e-02, 
 2DIAGNOSTIC,    42, -4.165900716232e-01, 1.027970941135e-05, 3.9234e+01, 7.1423e-02, 
 2DIAGNOSTIC,    43, -4.166222847811e-01, 7.521123826990e-06, 3.9318e+01, 8.3948e-02, 
 2DIAGNOSTIC,    44, -4.169753209404e-01, 1.287321486060e-05, 3.9444e+01, 1.2693e-01, 
 2DIAGNOSTIC,    45, -4.169919801700e-01, 1.799890741653e-05, 3.9515e+01, 7.0729e-02, 
 2DIAGNOSTIC,    46, -4.169609731624e-01, 1.974278085759e-05, 3.9597e+01, 8.1814e-02, 
 2DIAGNOSTIC,    47, -4.169655462263e-01, 2.003012293414e-05, 3.9668e+01, 7.0625e-02, 
 2DIAGNOSTIC,    48, -4.169313235137e-01, 1.772575591038e-05, 3.9739e+01, 7.0971e-02, 
 2DIAGNOSTIC,    49, -4.170231358686e-01, 1.617246084492e-05, 3.9809e+01, 7.0448e-02, 
 2DIAGNOSTIC,    50, -4.170843569689e-01, 1.559174336346e-05, 3.9891e+01, 8.1886e-02, 
 2DIAGNOSTIC,    51, -4.173174260618e-01, 1.590822087486e-05, 3.9973e+01, 8.2442e-02, 
 2DIAGNOSTIC,    52, -4.172580487119e-01, 1.409573969160e-05, 4.0055e+01, 8.1805e-02, 
 2DIAGNOSTIC,    53, -4.172671701274e-01, 1.153200287360e-05, 4.0160e+01, 1.0475e-01, 
 2DIAGNOSTIC,    54, -4.172322435554e-01, 1.205619795551e-05, 4.0231e+01, 7.0689e-02, 
 2DIAGNOSTIC,    55, -4.172360393779e-01, 1.169366979106e-05, 4.0313e+01, 8.2700e-02, 
 2DIAGNOSTIC,    56, -4.172435861878e-01, 9.948622125416e-06, 4.0396e+01, 8.2638e-02, 
 2DIAGNOSTIC,    57, -4.172557712456e-01, 7.594756758753e-06, 4.0489e+01, 9.2931e-02, 
 2DIAGNOSTIC,    58, -4.172953559928e-01, 4.732315668367e-06, 4.0582e+01, 9.3116e-02, 
 2DIAGNOSTIC,    59, -4.172995498506e-01, 2.677118263072e-06, 4.0652e+01, 7.0351e-02, 
 2DIAGNOSTIC,    60, -4.173097491954e-01, 1.224598499747e-06, 4.0723e+01, 7.0904e-02, 
 2DIAGNOSTIC,    61, -4.173652095379e-01, 3.008492863287e-06, 4.0794e+01, 7.0914e-02, 
 2DIAGNOSTIC,    62, -4.173993886801e-01, 4.190709398465e-06, 4.0876e+01, 8.2226e-02, 
 2DIAGNOSTIC,    63, -4.174056458690e-01, 5.151819198607e-06, 4.0981e+01, 1.0438e-01, 
 2DIAGNOSTIC,    64, -4.174475955103e-01, 5.722019384459e-06, 4.1051e+01, 7.0047e-02, 
 2DIAGNOSTIC,    65, -4.174521188740e-01, 5.855177111463e-06, 4.1133e+01, 8.1734e-02, 
 2DIAGNOSTIC,    66, -4.174551900332e-01, 5.573332685943e-06, 4.1204e+01, 7.0953e-02, 
 2DIAGNOSTIC,    67, -4.174590971661e-01, 4.963023363655e-06, 4.1286e+01, 8.1973e-02, 
 2DIAGNOSTIC,    68, -4.174702281406e-01, 4.454009169215e-06, 4.1379e+01, 9.3559e-02, 
 2DIAGNOSTIC,    69, -4.174773674163e-01, 3.687857259632e-06, 4.1450e+01, 7.0901e-02, 
 2DIAGNOSTIC,    70, -4.174812748209e-01, 2.757728718617e-06, 4.1520e+01, 7.0123e-02, 
 2DIAGNOSTIC,    71, -4.174871004686e-01, 2.221169688472e-06, 4.1590e+01, 7.0190e-02, 
 2DIAGNOSTIC,    72, -4.174994084671e-01, 1.973119681897e-06, 4.1683e+01, 9.2800e-02, 
 2DIAGNOSTIC,    73, -4.175879740230e-01, 2.458423439756e-06, 4.1787e+01, 1.0362e-01, 
 2DIAGNOSTIC,    74, -4.175920037187e-01, 3.137535712931e-06, 4.1857e+01, 7.0804e-02, 
 2DIAGNOSTIC,    75, -4.175563782202e-01, 3.264469742165e-06, 4.1928e+01, 7.0551e-02, 
 2DIAGNOSTIC,    76, -4.175814018210e-01, 3.389317001477e-06, 4.2010e+01, 8.1639e-02, 
 2DIAGNOSTIC,    77, -4.177028775763e-01, 4.321764901401e-06, 4.2114e+01, 1.0416e-01, 
 2DIAGNOSTIC,    78, -4.177042835486e-01, 4.915808159797e-06, 4.2196e+01, 8.1815e-02, 
 2DIAGNOSTIC,    79, -4.177350356105e-01, 5.402461709823e-06, 4.2278e+01, 8.1950e-02, 
 2DIAGNOSTIC,    80, -4.177393282728e-01, 5.490188151193e-06, 4.2349e+01, 7.1071e-02, 
 2DIAGNOSTIC,    81, -4.177163723991e-01, 4.941973464727e-06, 4.2430e+01, 8.1628e-02, 
 2DIAGNOSTIC,    82, -4.177216532278e-01, 4.081046878098e-06, 4.2501e+01, 7.0692e-02, 
 2DIAGNOSTIC,    83, -4.177304240098e-01, 3.676998981118e-06, 4.2571e+01, 7.0350e-02, 
 2DIAGNOSTIC,    84, -4.177430513835e-01, 3.117950703778e-06, 4.2653e+01, 8.1673e-02, 
 2DIAGNOSTIC,    85, -4.177596435332e-01, 2.158462134140e-06, 4.2723e+01, 7.0441e-02, 
 2DIAGNOSTIC,    86, -4.177475100257e-01, 1.129325173410e-06, 4.2805e+01, 8.1681e-02, 
 2DIAGNOSTIC,    87, -4.177626248044e-01, 1.132534161981e-06, 4.2909e+01, 1.0427e-01, 
 2DIAGNOSTIC,    88, -4.178179574923e-01, 1.488889401867e-06, 4.3014e+01, 1.0410e-01, 
 2DIAGNOSTIC,    89, -4.178185645185e-01, 1.952076465968e-06, 4.3084e+01, 7.0406e-02, 
 2DIAGNOSTIC,    90, -4.178321933129e-01, 2.398143743787e-06, 4.3153e+01, 6.9571e-02, 
 2DIAGNOSTIC,    91, -4.178403713737e-01, 2.531497009474e-06, 4.3225e+01, 7.1624e-02, 
 2DIAGNOSTIC,    92, -4.178523507942e-01, 2.576912880867e-06, 4.3295e+01, 7.0040e-02, 
 2DIAGNOSTIC,    93, -4.179385242058e-01, 3.093037068049e-06, 4.3365e+01, 7.0221e-02, 
 2DIAGNOSTIC,    94, -4.180608252601e-01, 4.292146609909e-06, 4.3470e+01, 1.0482e-01, 
 2DIAGNOSTIC,    95, -4.181214961653e-01, 5.631136105466e-06, 4.3540e+01, 6.9782e-02, 
 2DIAGNOSTIC,    96, -4.181099368826e-01, 6.269212141294e-06, 4.3622e+01, 8.1530e-02, 
 2DIAGNOSTIC,    97, -4.181951819591e-01, 7.034196346768e-06, 4.3692e+01, 7.0509e-02, 
 2DIAGNOSTIC,    98, -4.182883734702e-01, 8.146831697111e-06, 4.3774e+01, 8.1677e-02, 
 2DIAGNOSTIC,    99, -4.184015428259e-01, 9.233286288959e-06, 4.3844e+01, 6.9871e-02, 
 2DIAGNOSTIC,   100, -4.187600544510e-01, 1.197082556933e-05, 4.3937e+01, 9.3505e-02, 
 2DIAGNOSTIC,   101, -4.190924663067e-01, 1.579431675235e-05, 4.4019e+01, 8.1940e-02, 
 2DIAGNOSTIC,   102, -4.195255492104e-01, 2.098862527028e-05, 4.4134e+01, 1.1488e-01, 
 2DIAGNOSTIC,   103, -4.195410542267e-01, 2.470099093638e-05, 4.4204e+01, 7.0133e-02, 
 2DIAGNOSTIC,   104, -4.196672039620e-01, 2.764984880872e-05, 4.4274e+01, 7.0370e-02, 
 2DIAGNOSTIC,   105, -4.197722739503e-01, 2.896307688647e-05, 4.4344e+01, 7.0050e-02, 
 2DIAGNOSTIC,   106, -4.198656357186e-01, 2.794172581933e-05, 4.4414e+01, 6.9985e-02, 
 2DIAGNOSTIC,   107, -4.199907062383e-01, 2.558138802335e-05, 4.4496e+01, 8.1506e-02, 
 2DIAGNOSTIC,   108, -4.201262252452e-01, 2.228211899809e-05, 4.4600e+01, 1.0414e-01, 
 2DIAGNOSTIC,   109, -4.201235873193e-01, 1.758893331064e-05, 4.4681e+01, 8.0643e-02, 
 2DIAGNOSTIC,   110, -4.201223992024e-01, 1.350449205981e-05, 4.4795e+01, 1.1466e-01, 
 2DIAGNOSTIC,   111, -4.201232262337e-01, 1.019830819051e-05, 4.4865e+01, 6.9730e-02, 
 2DIAGNOSTIC,   112, -4.201254664349e-01, 8.641682400071e-06, 4.4935e+01, 6.9664e-02, 
 2DIAGNOSTIC,   113, -4.201284991207e-01, 6.392777419220e-06, 4.5005e+01, 7.0132e-02, 
 2DIAGNOSTIC,   114, -4.201317833403e-01, 4.363893088678e-06, 4.5074e+01, 6.8829e-02, 
 2DIAGNOSTIC,   115, -4.201351716926e-01, 2.624358423435e-06, 4.5144e+01, 7.0459e-02, 
 2DIAGNOSTIC,   116, -4.201381974242e-01, 1.242562996332e-06, 4.5214e+01, 7.0040e-02, 
DIAGNOSTIC,Iteration,metricValue,convergenceValue,ITERATION_TIME_INDEX,SINCE_LAST
 2DIAGNOSTIC,     1, -3.525559186837e-01, 1.797693134862e+308, 5.3922e+01, 8.7078e+00, 
 2DIAGNOSTIC,     2, -3.528286280711e-01, 1.797693134862e+308, 5.4494e+01, 5.7187e-01, 
 2DIAGNOSTIC,     3, -3.530769277073e-01, 1.797693134862e+308, 5.5065e+01, 5.7156e-01, 
 2DIAGNOSTIC,     4, -3.533146970087e-01, 1.797693134862e+308, 5.5637e+01, 5.7162e-01, 
 2DIAGNOSTIC,     5, -3.535231719411e-01, 1.797693134862e+308, 5.6305e+01, 6.6817e-01, 
 2DIAGNOSTIC,     6, -3.536709326587e-01, 1.797693134862e+308, 5.6965e+01, 6.6008e-01, 
 2DIAGNOSTIC,     7, -3.537008813296e-01, 1.797693134862e+308, 5.7818e+01, 8.5299e-01, 
 2DIAGNOSTIC,     8, -3.537212480256e-01, 1.797693134862e+308, 5.8479e+01, 6.6017e-01, 
 2DIAGNOSTIC,     9, -3.537376648112e-01, 1.797693134862e+308, 5.9140e+01, 6.6109e-01, 
 2DIAGNOSTIC,    10, -3.537509441861e-01, 2.160050714437e-04, 5.9802e+01, 6.6243e-01, 
 2DIAGNOSTIC,    11, -3.537493512511e-01, 1.420827633305e-04, 6.0368e+01, 5.6605e-01, 
 2DIAGNOSTIC,    12, -3.537528199497e-01, 8.641671510434e-05, 6.0931e+01, 5.6327e-01, 
 2DIAGNOSTIC,    13, -3.537709281276e-01, 4.809284111540e-05, 6.1497e+01, 5.6614e-01, 
 2DIAGNOSTIC,    14, -3.537845048632e-01, 2.527194765324e-05, 6.2062e+01, 5.6480e-01, 
 2DIAGNOSTIC,    15, -3.538133225550e-01, 1.590367137519e-05, 6.2730e+01, 6.6815e-01, 
 2DIAGNOSTIC,    16, -3.538115273236e-01, 1.374005086925e-05, 6.3391e+01, 6.6078e-01, 
 2DIAGNOSTIC,    17, -3.538214136201e-01, 1.264864550389e-05, 6.4060e+01, 6.6927e-01, 
 2DIAGNOSTIC,    18, -3.538216141848e-01, 1.157745813211e-05, 6.4722e+01, 6.6188e-01, 
 2DIAGNOSTIC,    19, -3.538220480997e-01, 1.039491064367e-05, 6.5386e+01, 6.6352e-01, 
 2DIAGNOSTIC,    20, -3.538202447599e-01, 8.981827450016e-06, 6.6053e+01, 6.6760e-01, 
 2DIAGNOSTIC,    21, -3.538191167641e-01, 6.921736901505e-06, 6.6720e+01, 6.6693e-01, 
 2DIAGNOSTIC,    22, -3.538170381802e-01, 4.594033738974e-06, 6.7387e+01, 6.6643e-01, 
 2DIAGNOSTIC,    23, -3.538147543473e-01, 2.723975421462e-06, 6.7960e+01, 5.7275e-01, 
 2DIAGNOSTIC,    24, -3.538131663393e-01, 1.263373043896e-06, 6.8525e+01, 5.6503e-01, 
DIAGNOSTIC,Iteration,metricValue,convergenceValue,ITERATION_TIME_INDEX,SINCE_LAST
 2DIAGNOSTIC,     1, -3.037072655007e-01, 1.797693134862e+308, 7.7786e+01, 9.2609e+00, 
  Elapsed time (stage 1): 7.9534e+01


Stage 2
  iterations = 100x100x70x50x0
  convergence threshold = 1.0000e-06
  convergence window size = 10
  number of levels = 5
  using the Mattes MI metric (number of bins = 32, weight = 1.0000e+00)
  preprocessing:  winsorizing the image intensities
  Shrink factors (level 1 out of 5): [10, 10, 10]
  Shrink factors (level 2 out of 5): [6, 6, 6]
  Shrink factors (level 3 out of 5): [4, 4, 4]
  Shrink factors (level 4 out of 5): [2, 2, 2]
  Shrink factors (level 5 out of 5): [1, 1, 1]
  smoothing sigmas per level: [5, 3, 2, 1, 0]
  Using default NONE metricSamplingStrategy 

*** Running SyN registration (varianceForUpdateField = 3.0000e+00, varianceForTotalField = 0.0000e+00) ***

XXDIAGNOSTIC,Iteration,metricValue,convergenceValue,ITERATION_TIME_INDEX,SINCE_LAST
 1DIAGNOSTIC,     1, -4.957757404755e-01, 1.797693134862e+308, 3.2349e+01, 3.2349e+01, 
 1DIAGNOSTIC,     2, -5.126393560270e-01, 1.797693134862e+308, 3.2492e+01, 1.4208e-01, 
 1DIAGNOSTIC,     3, -5.262587714364e-01, 1.797693134862e+308, 3.2630e+01, 1.3867e-01, 
 1DIAGNOSTIC,     4, -5.327585436601e-01, 1.797693134862e+308, 3.2769e+01, 1.3863e-01, 
 1DIAGNOSTIC,     5, -5.331193172112e-01, 1.797693134862e+308, 3.2905e+01, 1.3616e-01, 
 1DIAGNOSTIC,     6, -5.338865979324e-01, 1.797693134862e+308, 3.3042e+01, 1.3675e-01, 
 1DIAGNOSTIC,     7, -5.320318672516e-01, 1.797693134862e+308, 3.3177e+01, 1.3561e-01, 
 1DIAGNOSTIC,     8, -5.302198412141e-01, 1.797693134862e+308, 3.3313e+01, 1.3582e-01, 
 1DIAGNOSTIC,     9, -5.274885491047e-01, 1.797693134862e+308, 3.3449e+01, 1.3572e-01, 
 1DIAGNOSTIC,    10, -5.255171762792e-01, 2.454716933355e-03, 3.3585e+01, 1.3625e-01, 
 1DIAGNOSTIC,    11, -5.224564861393e-01, 1.904492449867e-04, 3.3722e+01, 1.3692e-01, 
 1DIAGNOSTIC,    12, -5.199050235419e-01, -1.080361113720e-03, 3.3859e+01, 1.3703e-01, 
XXDIAGNOSTIC,Iteration,metricValue,convergenceValue,ITERATION_TIME_INDEX,SINCE_LAST
 1DIAGNOSTIC,     1, -4.088423446057e-01, 1.797693134862e+308, 4.8880e+01, 1.5021e+01, 
 1DIAGNOSTIC,     2, -4.112804862368e-01, 1.797693134862e+308, 4.9421e+01, 5.4030e-01, 
 1DIAGNOSTIC,     3, -4.127224833983e-01, 1.797693134862e+308, 4.9965e+01, 5.4448e-01, 
 1DIAGNOSTIC,     4, -4.130833990529e-01, 1.797693134862e+308, 5.0506e+01, 5.4123e-01, 
 1DIAGNOSTIC,     5, -4.134471643835e-01, 1.797693134862e+308, 5.1048e+01, 5.4121e-01, 
 1DIAGNOSTIC,     6, -4.132872285835e-01, 1.797693134862e+308, 5.1591e+01, 5.4310e-01, 
 1DIAGNOSTIC,     7, -4.126672841719e-01, 1.797693134862e+308, 5.2134e+01, 5.4375e-01, 
 1DIAGNOSTIC,     8, -4.122272220605e-01, 1.797693134862e+308, 5.2678e+01, 5.4364e-01, 
 1DIAGNOSTIC,     9, -4.115696886111e-01, 1.797693134862e+308, 5.3220e+01, 5.4157e-01, 
 1DIAGNOSTIC,    10, -4.106845294957e-01, 1.084860836178e-04, 5.3763e+01, 5.4308e-01, 
 1DIAGNOSTIC,    11, -4.099261462482e-01, -3.026246660570e-04, 5.4305e+01, 5.4227e-01, 
XXDIAGNOSTIC,Iteration,metricValue,convergenceValue,ITERATION_TIME_INDEX,SINCE_LAST
 1DIAGNOSTIC,     1, -3.491788041367e-01, 1.797693134862e+308, 6.3981e+01, 9.6757e+00, 
 1DIAGNOSTIC,     2, -3.500234391142e-01, 1.797693134862e+308, 6.5779e+01, 1.7985e+00, 
 1DIAGNOSTIC,     3, -3.506029694446e-01, 1.797693134862e+308, 6.7479e+01, 1.7001e+00, 
 1DIAGNOSTIC,     4, -3.508493443623e-01, 1.797693134862e+308, 6.9177e+01, 1.6978e+00, 
 1DIAGNOSTIC,     5, -3.507525840275e-01, 1.797693134862e+308, 7.0882e+01, 1.7046e+00, 
 1DIAGNOSTIC,     6, -3.506675825821e-01, 1.797693134862e+308, 7.2590e+01, 1.7081e+00, 
 1DIAGNOSTIC,     7, -3.506697796068e-01, 1.797693134862e+308, 7.4294e+01, 1.7041e+00, 
 1DIAGNOSTIC,     8, -3.503904827404e-01, 1.797693134862e+308, 7.5996e+01, 1.7021e+00, 
 1DIAGNOSTIC,     9, -3.501115013763e-01, 1.797693134862e+308, 7.7703e+01, 1.7069e+00, 
 1DIAGNOSTIC,    10, -3.496517231579e-01, 2.774981755672e-05, 7.9405e+01, 1.7023e+00, 
 1DIAGNOSTIC,    11, -3.492988331089e-01, -1.625426094775e-04, 8.1104e+01, 1.6985e+00, 
XXDIAGNOSTIC,Iteration,metricValue,convergenceValue,ITERATION_TIME_INDEX,SINCE_LAST
 1DIAGNOSTIC,     1, -2.940449397217e-01, 1.797693134862e+308, 9.9855e+01, 1.8752e+01, 
 1DIAGNOSTIC,     2, -2.948465463498e-01, 1.797693134862e+308, 1.1246e+02, 1.2609e+01, 
 1DIAGNOSTIC,     3, -2.956927696815e-01, 1.797693134862e+308, 1.2506e+02, 1.2594e+01, 
 1DIAGNOSTIC,     4, -2.964026304817e-01, 1.797693134862e+308, 1.3767e+02, 1.2610e+01, 
 1DIAGNOSTIC,     5, -2.970683564882e-01, 1.797693134862e+308, 1.5031e+02, 1.2639e+01, 
 1DIAGNOSTIC,     6, -2.976993307034e-01, 1.797693134862e+308, 1.6292e+02, 1.2610e+01, 
 1DIAGNOSTIC,     7, -2.982900756621e-01, 1.797693134862e+308, 1.7635e+02, 1.3432e+01, 
 1DIAGNOSTIC,     8, -2.988599221763e-01, 1.797693134862e+308, 1.8895e+02, 1.2602e+01, 
 1DIAGNOSTIC,     9, -2.992974335254e-01, 1.797693134862e+308, 2.0201e+02, 1.3059e+01, 
 1DIAGNOSTIC,    10, -2.996843595235e-01, 1.221241598591e-03, 2.1502e+02, 1.3004e+01, 
 1DIAGNOSTIC,    11, -2.999811662176e-01, 1.009498806708e-03, 2.2810e+02, 1.3088e+01, 
 1DIAGNOSTIC,    12, -3.002959841081e-01, 8.306156028318e-04, 2.4160e+02, 1.3501e+01, 
 1DIAGNOSTIC,    13, -3.005519811617e-01, 6.845448734511e-04, 2.5461e+02, 1.3006e+01, 
 1DIAGNOSTIC,    14, -3.007958321493e-01, 5.617331178143e-04, 2.6811e+02, 1.3504e+01, 
 1DIAGNOSTIC,    15, -3.010101053350e-01, 4.596484026605e-04, 2.8154e+02, 1.3421e+01, 
 1DIAGNOSTIC,    16, -3.011803037051e-01, 3.755978709834e-04, 2.9460e+02, 1.3061e+01, 
 1DIAGNOSTIC,    17, -3.013036141408e-01, 3.065250460474e-04, 3.0807e+02, 1.3471e+01, 
 1DIAGNOSTIC,    18, -3.014284069400e-01, 2.533703264482e-04, 3.2110e+02, 1.3031e+01, 
 1DIAGNOSTIC,    19, -3.015249665441e-01, 2.088954130467e-04, 3.3469e+02, 1.3589e+01, 
 1DIAGNOSTIC,    20, -3.016339876678e-01, 1.729839438267e-04, 3.4812e+02, 1.3434e+01, 
 1DIAGNOSTIC,    21, -3.018199861456e-01, 1.461231125884e-04, 3.6158e+02, 1.3454e+01, 
 1DIAGNOSTIC,    22, -3.020133562336e-01, 1.298758822810e-04, 3.7502e+02, 1.3441e+01, 
 1DIAGNOSTIC,    23, -3.021749500069e-01, 1.200210684509e-04, 3.8844e+02, 1.3427e+01, 
 1DIAGNOSTIC,    24, -3.022529269683e-01, 1.124470490295e-04, 4.0189e+02, 1.3450e+01, 
 1DIAGNOSTIC,    25, -3.023109483896e-01, 1.053299433927e-04, 4.1536e+02, 1.3465e+01, 
 1DIAGNOSTIC,    26, -3.023429529944e-01, 9.625201291454e-05, 4.2885e+02, 1.3490e+01, 
 1DIAGNOSTIC,    27, -3.024494244247e-01, 8.682348275341e-05, 4.4236e+02, 1.3508e+01, 
 1DIAGNOSTIC,    28, -3.025470442343e-01, 7.739254096135e-05, 4.5588e+02, 1.3523e+01, 
 1DIAGNOSTIC,    29, -3.026424533248e-01, 6.765934778429e-05, 4.6932e+02, 1.3442e+01, 
 1DIAGNOSTIC,    30, -3.026822813381e-01, 5.693718225665e-05, 4.8282e+02, 1.3499e+01, 
 1DIAGNOSTIC,    31, -3.027196827721e-01, 4.838924060916e-05, 4.9642e+02, 1.3602e+01, 
 1DIAGNOSTIC,    32, -3.027623562382e-01, 4.275385510014e-05, 5.0986e+02, 1.3441e+01, 
 1DIAGNOSTIC,    33, -3.027824665955e-01, 3.861132454872e-05, 5.2333e+02, 1.3463e+01, 
 1DIAGNOSTIC,    34, -3.027847820904e-01, 3.334434863744e-05, 5.3685e+02, 1.3520e+01, 
 1DIAGNOSTIC,    35, -3.028154283625e-01, 2.774292041407e-05, 5.5028e+02, 1.3436e+01, 
 1DIAGNOSTIC,    36, -3.028166058780e-01, 2.072895989091e-05, 5.6374e+02, 1.3455e+01, 
 1DIAGNOSTIC,    37, -3.028464642763e-01, 1.565216926211e-05, 5.7718e+02, 1.3444e+01, 
 1DIAGNOSTIC,    38, -3.028377461874e-01, 1.158556615118e-05, 5.9070e+02, 1.3513e+01, 
 1DIAGNOSTIC,    39, -3.028248014387e-01, 8.713115339148e-06, 6.0413e+02, 1.3434e+01, 
 1DIAGNOSTIC,    40, -3.028185776100e-01, 6.026255394666e-06, 6.1756e+02, 1.3425e+01, 
 1DIAGNOSTIC,    41, -3.027703966917e-01, 2.694195284661e-06, 6.3112e+02, 1.3567e+01, 
 1DIAGNOSTIC,    42, -3.027792864196e-01, 5.114186522083e-07, 6.4468e+02, 1.3553e+01, 
  Elapsed time (stage 2): 664.9


Total elapsed time: 816.2

--- Writing output images ---

Using double precision for computations.
Input scalar image: data/Segmentations/1128_3_seg.nii.gz
Reference image: data/template/T_template0_BrainCerebellum.nii.gz
=============================================================================
The composite transform comprises the following transforms (in order): 
  1. /tmp/1993712.1.basic.q/1128_ToTemplate_009_0GenericAffine.mat (type = AffineTransform)
  2. /tmp/1993712.1.basic.q/1128_ToTemplate_009_1Warp.nii.gz (type = DisplacementFieldTransform)
=============================================================================
Default pixel value: 0
Interpolation type: LabelImageGenericInterpolateImageFunction
Output warped image: output/1128/1128_WarpedLabels_009.nii.gz

--- Done ---

