
--- Running on compute-1-11.local ---


--- registration call ---
/data/jet/pcook/bin/antsBuild/bin/antsRegistrationSyNQuick.sh -d 3 -f data/template/T_template0_BrainCerebellum.nii.gz -m data/Brains/1008_3.nii.gz -t s -p d -n 2 -o /tmp/1971278.1.basic.q/1008_ToTemplate_021_
---


--------------------------------------------------------------------------------------
 Mapping parameters
--------------------------------------------------------------------------------------
 ANTSPATH is /data/jet/pcook/bin/antsBuild/bin/

 Dimensionality:           3
 Output name prefix:       /tmp/1971278.1.basic.q/1008_ToTemplate_021_
 Fixed images:             data/template/T_template0_BrainCerebellum.nii.gz
 Moving images:            data/Brains/1008_3.nii.gz
 Mask images:              
 Initial transforms:       
 Number of threads:        2
 Spline distance:          26
 Transform type:           s
 MI histogram bins:        32
 Precision:                d
 Use histogram matching    0
======================================================================================
 antsRegistration call:
--------------------------------------------------------------------------------------
/data/jet/pcook/bin/antsBuild/bin//antsRegistration --verbose 1 --dimensionality 3 --float 0 --collapse-output-transforms 1 --output [/tmp/1971278.1.basic.q/1008_ToTemplate_021_,/tmp/1971278.1.basic.q/1008_ToTemplate_021_Warped.nii.gz,/tmp/1971278.1.basic.q/1008_ToTemplate_021_InverseWarped.nii.gz] --interpolation Linear --use-histogram-matching 0 --winsorize-image-intensities [0.005,0.995] --initial-moving-transform [data/template/T_template0_BrainCerebellum.nii.gz,data/Brains/1008_3.nii.gz,1] --transform Rigid[0.1] --metric MI[data/template/T_template0_BrainCerebellum.nii.gz,data/Brains/1008_3.nii.gz,1,32,Regular,0.25] --convergence [1000x500x250x0,1e-6,10] --shrink-factors 12x8x4x2 --smoothing-sigmas 4x3x2x1vox --transform Affine[0.1] --metric MI[data/template/T_template0_BrainCerebellum.nii.gz,data/Brains/1008_3.nii.gz,1,32,Regular,0.25] --convergence [1000x500x250x0,1e-6,10] --shrink-factors 12x8x4x2 --smoothing-sigmas 4x3x2x1vox --transform SyN[0.1,3,0] --metric MI[data/template/T_template0_BrainCerebellum.nii.gz,data/Brains/1008_3.nii.gz,1,32] --convergence [100x100x70x50x0,1e-6,10] --shrink-factors 10x6x4x2x1 --smoothing-sigmas 5x3x2x1x0vox
--------------------------------------------------------------------------------------
All_Command_lines_OK
Using double precision for computations.
=============================================================================
The composite transform comprises the following transforms (in order): 
  1. Center of mass alignment using fixed image: data/template/T_template0_BrainCerebellum.nii.gz and moving image: data/Brains/1008_3.nii.gz (type = Euler3DTransform)
=============================================================================
  number of levels = 4
  number of levels = 4
  number of levels = 5
  fixed image: data/template/T_template0_BrainCerebellum.nii.gz
  moving image: data/Brains/1008_3.nii.gz
  fixed image: data/template/T_template0_BrainCerebellum.nii.gz
  moving image: data/Brains/1008_3.nii.gz
  fixed image: data/template/T_template0_BrainCerebellum.nii.gz
  moving image: data/Brains/1008_3.nii.gz
Dimension = 3
Number of stages = 3
Use Histogram Matching false
Winsorize image intensities true
Lower quantile = 0.005
Upper quantile = 0.995
Stage 1 State
   Image metric = Mattes
     Fixed image = Image (0x470cf40)
  RTTI typeinfo:   itk::Image<double, 3u>
  Reference Count: 2
  Modified Time: 1611
  Debug: Off
  Object Name: 
  Observers: 
    none
  Source: (none)
  Source output name: (none)
  Release Data: Off
  Data Released: False
  Global Release Data: Off
  PipelineMTime: 0
  UpdateMTime: 1422
  RealTimeStamp: 0 seconds 
  LargestPossibleRegion: 
    Dimension: 3
    Index: [0, 0, 0]
    Size: [216, 256, 291]
  BufferedRegion: 
    Dimension: 3
    Index: [0, 0, 0]
    Size: [216, 256, 291]
  RequestedRegion: 
    Dimension: 3
    Index: [0, 0, 0]
    Size: [216, 256, 291]
  Spacing: [1, 1, 1]
  Origin: [0, 293, 0]
  Direction: 
1 0 0
0 -0 -1
0 -1 -0

  IndexToPointMatrix: 
1 0 0
0 0 -1
0 -1 0

  PointToIndexMatrix: 
1 0 0
0 0 -1
0 -1 0

  Inverse Direction: 
1 0 0
0 0 -1
0 -1 0

  PixelContainer: 
    ImportImageContainer (0x4710a40)
      RTTI typeinfo:   itk::ImportImageContainer<unsigned long, double>
      Reference Count: 1
      Modified Time: 1419
      Debug: Off
      Object Name: 
      Observers: 
        none
      Pointer: 0x7f95227e5010
      Container manages memory: true
      Size: 16091136
      Capacity: 16091136

     Moving image = Image (0x470efa0)
  RTTI typeinfo:   itk::Image<double, 3u>
  Reference Count: 2
  Modified Time: 1612
  Debug: Off
  Object Name: 
  Observers: 
    none
  Source: (none)
  Source output name: (none)
  Release Data: Off
  Data Released: False
  Global Release Data: Off
  PipelineMTime: 0
  UpdateMTime: 1609
  RealTimeStamp: 0 seconds 
  LargestPossibleRegion: 
    Dimension: 3
    Index: [0, 0, 0]
    Size: [256, 256, 274]
  BufferedRegion: 
    Dimension: 3
    Index: [0, 0, 0]
    Size: [256, 256, 274]
  RequestedRegion: 
    Dimension: 3
    Index: [0, 0, 0]
    Size: [256, 256, 274]
  Spacing: [1, 1, 1]
  Origin: [0, 273, 0]
  Direction: 
1 0 0
0 -0 -1
0 -1 -0

  IndexToPointMatrix: 
1 0 0
0 0 -1
0 -1 0

  PointToIndexMatrix: 
1 0 0
0 0 -1
0 -1 0

  Inverse Direction: 
1 0 0
0 0 -1
0 -1 0

  PixelContainer: 
    ImportImageContainer (0x46fff60)
      RTTI typeinfo:   itk::ImportImageContainer<unsigned long, double>
      Reference Count: 1
      Modified Time: 1606
      Debug: Off
      Object Name: 
      Observers: 
        none
      Pointer: 0x7f9519ee4010
      Container manages memory: true
      Size: 17956864
      Capacity: 17956864

     Weighting = 1
     Sampling strategy = regular
     Number of bins = 32
     Radius = 4
     Sampling percentage  = 0.25
   Transform = Rigid
     Gradient step = 0.1
     Update field sigma (voxel space) = 0
     Total field sigma (voxel space) = 0
     Update field time sigma = 0
     Total field time sigma  = 0
     Number of time indices = 0
     Number of time point samples = 0
Stage 2 State
   Image metric = Mattes
     Fixed image = Image (0x4713950)
  RTTI typeinfo:   itk::Image<double, 3u>
  Reference Count: 2
  Modified Time: 1987
  Debug: Off
  Object Name: 
  Observers: 
    none
  Source: (none)
  Source output name: (none)
  Release Data: Off
  Data Released: False
  Global Release Data: Off
  PipelineMTime: 0
  UpdateMTime: 1798
  RealTimeStamp: 0 seconds 
  LargestPossibleRegion: 
    Dimension: 3
    Index: [0, 0, 0]
    Size: [216, 256, 291]
  BufferedRegion: 
    Dimension: 3
    Index: [0, 0, 0]
    Size: [216, 256, 291]
  RequestedRegion: 
    Dimension: 3
    Index: [0, 0, 0]
    Size: [216, 256, 291]
  Spacing: [1, 1, 1]
  Origin: [0, 293, 0]
  Direction: 
1 0 0
0 -0 -1
0 -1 -0

  IndexToPointMatrix: 
1 0 0
0 0 -1
0 -1 0

  PointToIndexMatrix: 
1 0 0
0 0 -1
0 -1 0

  Inverse Direction: 
1 0 0
0 0 -1
0 -1 0

  PixelContainer: 
    ImportImageContainer (0x470fbc0)
      RTTI typeinfo:   itk::ImportImageContainer<unsigned long, double>
      Reference Count: 1
      Modified Time: 1795
      Debug: Off
      Object Name: 
      Observers: 
        none
      Pointer: 0x7f951241f010
      Container manages memory: true
      Size: 16091136
      Capacity: 16091136

     Moving image = Image (0x47202d0)
  RTTI typeinfo:   itk::Image<double, 3u>
  Reference Count: 2
  Modified Time: 1988
  Debug: Off
  Object Name: 
  Observers: 
    none
  Source: (none)
  Source output name: (none)
  Release Data: Off
  Data Released: False
  Global Release Data: Off
  PipelineMTime: 0
  UpdateMTime: 1985
  RealTimeStamp: 0 seconds 
  LargestPossibleRegion: 
    Dimension: 3
    Index: [0, 0, 0]
    Size: [256, 256, 274]
  BufferedRegion: 
    Dimension: 3
    Index: [0, 0, 0]
    Size: [256, 256, 274]
  RequestedRegion: 
    Dimension: 3
    Index: [0, 0, 0]
    Size: [256, 256, 274]
  Spacing: [1, 1, 1]
  Origin: [0, 273, 0]
  Direction: 
1 0 0
0 -0 -1
0 -1 -0

  IndexToPointMatrix: 
1 0 0
0 0 -1
0 -1 0

  PointToIndexMatrix: 
1 0 0
0 0 -1
0 -1 0

  Inverse Direction: 
1 0 0
0 0 -1
0 -1 0

  PixelContainer: 
    ImportImageContainer (0x471fc50)
      RTTI typeinfo:   itk::ImportImageContainer<unsigned long, double>
      Reference Count: 1
      Modified Time: 1982
      Debug: Off
      Object Name: 
      Observers: 
        none
      Pointer: 0x7f9509b1e010
      Container manages memory: true
      Size: 17956864
      Capacity: 17956864

     Weighting = 1
     Sampling strategy = regular
     Number of bins = 32
     Radius = 4
     Sampling percentage  = 0.25
   Transform = Affine
     Gradient step = 0.1
     Update field sigma (voxel space) = 0
     Total field sigma (voxel space) = 0
     Update field time sigma = 0
     Total field time sigma  = 0
     Number of time indices = 0
     Number of time point samples = 0
Stage 3 State
   Image metric = Mattes
     Fixed image = Image (0x4726170)
  RTTI typeinfo:   itk::Image<double, 3u>
  Reference Count: 2
  Modified Time: 2363
  Debug: Off
  Object Name: 
  Observers: 
    none
  Source: (none)
  Source output name: (none)
  Release Data: Off
  Data Released: False
  Global Release Data: Off
  PipelineMTime: 0
  UpdateMTime: 2174
  RealTimeStamp: 0 seconds 
  LargestPossibleRegion: 
    Dimension: 3
    Index: [0, 0, 0]
    Size: [216, 256, 291]
  BufferedRegion: 
    Dimension: 3
    Index: [0, 0, 0]
    Size: [216, 256, 291]
  RequestedRegion: 
    Dimension: 3
    Index: [0, 0, 0]
    Size: [216, 256, 291]
  Spacing: [1, 1, 1]
  Origin: [0, 293, 0]
  Direction: 
1 0 0
0 -0 -1
0 -1 -0

  IndexToPointMatrix: 
1 0 0
0 0 -1
0 -1 0

  PointToIndexMatrix: 
1 0 0
0 0 -1
0 -1 0

  Inverse Direction: 
1 0 0
0 0 -1
0 -1 0

  PixelContainer: 
    ImportImageContainer (0x47212d0)
      RTTI typeinfo:   itk::ImportImageContainer<unsigned long, double>
      Reference Count: 1
      Modified Time: 2171
      Debug: Off
      Object Name: 
      Observers: 
        none
      Pointer: 0x7f9502059010
      Container manages memory: true
      Size: 16091136
      Capacity: 16091136

     Moving image = Image (0x4725be0)
  RTTI typeinfo:   itk::Image<double, 3u>
  Reference Count: 2
  Modified Time: 2364
  Debug: Off
  Object Name: 
  Observers: 
    none
  Source: (none)
  Source output name: (none)
  Release Data: Off
  Data Released: False
  Global Release Data: Off
  PipelineMTime: 0
  UpdateMTime: 2361
  RealTimeStamp: 0 seconds 
  LargestPossibleRegion: 
    Dimension: 3
    Index: [0, 0, 0]
    Size: [256, 256, 274]
  BufferedRegion: 
    Dimension: 3
    Index: [0, 0, 0]
    Size: [256, 256, 274]
  RequestedRegion: 
    Dimension: 3
    Index: [0, 0, 0]
    Size: [256, 256, 274]
  Spacing: [1, 1, 1]
  Origin: [0, 273, 0]
  Direction: 
1 0 0
0 -0 -1
0 -1 -0

  IndexToPointMatrix: 
1 0 0
0 0 -1
0 -1 0

  PointToIndexMatrix: 
1 0 0
0 0 -1
0 -1 0

  Inverse Direction: 
1 0 0
0 0 -1
0 -1 0

  PixelContainer: 
    ImportImageContainer (0x4727ef0)
      RTTI typeinfo:   itk::ImportImageContainer<unsigned long, double>
      Reference Count: 1
      Modified Time: 2358
      Debug: Off
      Object Name: 
      Observers: 
        none
      Pointer: 0x7f94f9758010
      Container manages memory: true
      Size: 17956864
      Capacity: 17956864

     Weighting = 1
     Sampling strategy = none
     Number of bins = 32
     Radius = 4
     Sampling percentage  = 1
   Transform = SyN
     Gradient step = 0.1
     Update field sigma (voxel space) = 3
     Total field sigma (voxel space) = 0
     Update field time sigma = 0
     Total field time sigma  = 0
     Number of time indices = 0
     Number of time point samples = 0
Registration using 3 total stages.

Stage 0
  iterations = 1000x500x250x0
  convergence threshold = 1e-06
  convergence window size = 10
  number of levels = 4
  using the Mattes MI metric (number of bins = 32, weight = 1)
  preprocessing:  winsorizing the image intensities
  Shrink factors (level 1 out of 4): [12, 12, 12]
  Shrink factors (level 2 out of 4): [8, 8, 8]
  Shrink factors (level 3 out of 4): [4, 4, 4]
  Shrink factors (level 4 out of 4): [2, 2, 2]
  smoothing sigmas per level: [4, 3, 2, 1]
  regular sampling (percentage = 0.25)

*** Running Euler3DTransform registration ***

DIAGNOSTIC,Iteration,metricValue,convergenceValue,ITERATION_TIME_INDEX,SINCE_LAST
 2DIAGNOSTIC,     1, -5.626039617499e-01, 1.797693134862e+308, 2.0919e+01, 2.0919e+01, 
 2DIAGNOSTIC,     2, -5.633806666427e-01, 1.797693134862e+308, 2.0929e+01, 9.6121e-03, 
 2DIAGNOSTIC,     3, -5.642728827506e-01, 1.797693134862e+308, 2.0938e+01, 9.3529e-03, 
 2DIAGNOSTIC,     4, -5.649404079719e-01, 1.797693134862e+308, 2.0947e+01, 9.3310e-03, 
 2DIAGNOSTIC,     5, -5.654534479642e-01, 1.797693134862e+308, 2.0957e+01, 9.3231e-03, 
 2DIAGNOSTIC,     6, -5.661336514741e-01, 1.797693134862e+308, 2.0969e+01, 1.2261e-02, 
 2DIAGNOSTIC,     7, -5.665526510943e-01, 1.797693134862e+308, 2.0980e+01, 1.0720e-02, 
 2DIAGNOSTIC,     8, -5.663881697735e-01, 1.797693134862e+308, 2.0989e+01, 9.4361e-03, 
 2DIAGNOSTIC,     9, -5.667746315627e-01, 1.797693134862e+308, 2.0999e+01, 9.7299e-03, 
 2DIAGNOSTIC,    10, -5.678623521761e-01, 5.346458770866e-04, 2.1016e+01, 1.7637e-02, 
 2DIAGNOSTIC,    11, -5.680241308406e-01, 4.401263530722e-04, 2.1028e+01, 1.1396e-02, 
 2DIAGNOSTIC,    12, -5.676011521658e-01, 3.369147684689e-04, 2.1038e+01, 9.9230e-03, 
 2DIAGNOSTIC,    13, -5.676606236182e-01, 2.573598407008e-04, 2.1047e+01, 9.8691e-03, 
 2DIAGNOSTIC,    14, -5.677197578849e-01, 1.916148548180e-04, 2.1059e+01, 1.1348e-02, 
 2DIAGNOSTIC,    15, -5.677570367056e-01, 1.342726714530e-04, 2.1069e+01, 9.8870e-03, 
 2DIAGNOSTIC,    16, -5.673197489220e-01, 7.923853766591e-05, 2.1079e+01, 9.9070e-03, 
 2DIAGNOSTIC,    17, -5.671469082181e-01, 3.224439325135e-05, 2.1088e+01, 9.8500e-03, 
DIAGNOSTIC,Iteration,metricValue,convergenceValue,ITERATION_TIME_INDEX,SINCE_LAST
 2DIAGNOSTIC,     1, -4.921064916516e-01, 1.797693134862e+308, 3.6301e+01, 1.5213e+01, 
 2DIAGNOSTIC,     2, -4.921698901772e-01, 1.797693134862e+308, 3.6364e+01, 6.2324e-02, 
 2DIAGNOSTIC,     3, -4.921272849253e-01, 1.797693134862e+308, 3.6415e+01, 5.1763e-02, 
 2DIAGNOSTIC,     4, -4.921490566070e-01, 1.797693134862e+308, 3.6468e+01, 5.2277e-02, 
 2DIAGNOSTIC,     5, -4.924229167275e-01, 1.797693134862e+308, 3.6520e+01, 5.2020e-02, 
 2DIAGNOSTIC,     6, -4.928761795707e-01, 1.797693134862e+308, 3.6572e+01, 5.2510e-02, 
 2DIAGNOSTIC,     7, -4.934362944242e-01, 1.797693134862e+308, 3.6654e+01, 8.1769e-02, 
 2DIAGNOSTIC,     8, -4.934347162542e-01, 1.797693134862e+308, 3.6716e+01, 6.2155e-02, 
 2DIAGNOSTIC,     9, -4.934186384713e-01, 1.797693134862e+308, 3.6778e+01, 6.1885e-02, 
 2DIAGNOSTIC,    10, -4.937921213696e-01, 2.552310834585e-04, 3.6831e+01, 5.3430e-02, 
 2DIAGNOSTIC,    11, -4.944965587333e-01, 2.774003769731e-04, 3.6894e+01, 6.2571e-02, 
 2DIAGNOSTIC,    12, -4.948990095084e-01, 2.925996613708e-04, 3.6997e+01, 1.0337e-01, 
 2DIAGNOSTIC,    13, -4.949852427998e-01, 2.817033251940e-04, 3.7080e+01, 8.3078e-02, 
 2DIAGNOSTIC,    14, -4.949737537514e-01, 2.482362804825e-04, 3.7153e+01, 7.2991e-02, 
 2DIAGNOSTIC,    15, -4.948215410699e-01, 2.011925144934e-04, 3.7216e+01, 6.3060e-02, 
 2DIAGNOSTIC,    16, -4.947802546687e-01, 1.557019129162e-04, 3.7270e+01, 5.3129e-02, 
 2DIAGNOSTIC,    17, -4.946904203750e-01, 1.171982695654e-04, 3.7322e+01, 5.2536e-02, 
 2DIAGNOSTIC,    18, -4.947274451668e-01, 7.388218426566e-05, 3.7385e+01, 6.2942e-02, 
 2DIAGNOSTIC,    19, -4.947648018163e-01, 2.915761401397e-05, 3.7437e+01, 5.2407e-02, 
DIAGNOSTIC,Iteration,metricValue,convergenceValue,ITERATION_TIME_INDEX,SINCE_LAST
 2DIAGNOSTIC,     1, -4.202179807249e-01, 1.797693134862e+308, 4.6157e+01, 8.7195e+00, 
 2DIAGNOSTIC,     2, -4.204803462627e-01, 1.797693134862e+308, 4.6584e+01, 4.2730e-01, 
 2DIAGNOSTIC,     3, -4.206519901672e-01, 1.797693134862e+308, 4.7102e+01, 5.1775e-01, 
 2DIAGNOSTIC,     4, -4.206727770231e-01, 1.797693134862e+308, 4.7791e+01, 6.8930e-01, 
 2DIAGNOSTIC,     5, -4.206738459557e-01, 1.797693134862e+308, 4.8309e+01, 5.1756e-01, 
 2DIAGNOSTIC,     6, -4.206731287716e-01, 1.797693134862e+308, 4.8825e+01, 5.1570e-01, 
 2DIAGNOSTIC,     7, -4.206738072658e-01, 1.797693134862e+308, 4.9341e+01, 5.1693e-01, 
 2DIAGNOSTIC,     8, -4.206754335193e-01, 1.797693134862e+308, 4.9856e+01, 5.1476e-01, 
 2DIAGNOSTIC,     9, -4.206640924336e-01, 1.797693134862e+308, 5.0373e+01, 5.1711e-01, 
 2DIAGNOSTIC,    10, -4.206622409700e-01, 4.518353663546e-05, 5.0889e+01, 5.1559e-01, 
 2DIAGNOSTIC,    11, -4.206539024302e-01, 1.378129189816e-05, 5.1412e+01, 5.2315e-01, 
 2DIAGNOSTIC,    12, -4.206528551318e-01, 1.090259600420e-06, 5.1934e+01, 5.2226e-01, 
DIAGNOSTIC,Iteration,metricValue,convergenceValue,ITERATION_TIME_INDEX,SINCE_LAST
 2DIAGNOSTIC,     1, -3.654856902610e-01, 1.797693134862e+308, 6.0383e+01, 8.4491e+00, 
  Elapsed time (stage 0): 6.2167e+01


Stage 1
  iterations = 1000x500x250x0
  convergence threshold = 1.0000e-06
  convergence window size = 10
  number of levels = 4
  using the Mattes MI metric (number of bins = 32, weight = 1.0000e+00)
  preprocessing:  winsorizing the image intensities
  Shrink factors (level 1 out of 4): [12, 12, 12]
  Shrink factors (level 2 out of 4): [8, 8, 8]
  Shrink factors (level 3 out of 4): [4, 4, 4]
  Shrink factors (level 4 out of 4): [2, 2, 2]
  smoothing sigmas per level: [4, 3, 2, 1]
  regular sampling (percentage = 2.5000e-01)

*** Running AffineTransform registration ***

DIAGNOSTIC,Iteration,metricValue,convergenceValue,ITERATION_TIME_INDEX,SINCE_LAST
 2DIAGNOSTIC,     1, -5.642767631585e-01, 1.797693134862e+308, 2.0822e+01, 2.0822e+01, 
 2DIAGNOSTIC,     2, -5.648743224574e-01, 1.797693134862e+308, 2.0835e+01, 1.3063e-02, 
 2DIAGNOSTIC,     3, -5.655513263706e-01, 1.797693134862e+308, 2.0848e+01, 1.2298e-02, 
 2DIAGNOSTIC,     4, -5.670474595297e-01, 1.797693134862e+308, 2.0860e+01, 1.2705e-02, 
 2DIAGNOSTIC,     5, -5.682992809619e-01, 1.797693134862e+308, 2.0874e+01, 1.3863e-02, 
 2DIAGNOSTIC,     6, -5.689600807328e-01, 1.797693134862e+308, 2.0887e+01, 1.2805e-02, 
 2DIAGNOSTIC,     7, -5.695903211432e-01, 1.797693134862e+308, 2.0899e+01, 1.2424e-02, 
 2DIAGNOSTIC,     8, -5.702773355983e-01, 1.797693134862e+308, 2.0912e+01, 1.2721e-02, 
 2DIAGNOSTIC,     9, -5.715463740572e-01, 1.797693134862e+308, 2.0925e+01, 1.2699e-02, 
 2DIAGNOSTIC,    10, -5.727568727298e-01, 9.495165217358e-04, 2.0942e+01, 1.6773e-02, 
 2DIAGNOSTIC,    11, -5.731044328944e-01, 8.529073143445e-04, 2.0959e+01, 1.7905e-02, 
 2DIAGNOSTIC,    12, -5.729935553479e-01, 7.178052708461e-04, 2.0976e+01, 1.6521e-02, 
 2DIAGNOSTIC,    13, -5.733494070491e-01, 5.783770969563e-04, 2.0991e+01, 1.4724e-02, 
 2DIAGNOSTIC,    14, -5.751933080343e-01, 5.237486138094e-04, 2.1004e+01, 1.3461e-02, 
 2DIAGNOSTIC,    15, -5.758241839315e-01, 4.888598315980e-04, 2.1017e+01, 1.3115e-02, 
 2DIAGNOSTIC,    16, -5.757369230536e-01, 4.319639361865e-04, 2.1035e+01, 1.8060e-02, 
 2DIAGNOSTIC,    17, -5.760189880700e-01, 3.705644273246e-04, 2.1050e+01, 1.4580e-02, 
 2DIAGNOSTIC,    18, -5.762505479711e-01, 3.066278324638e-04, 2.1063e+01, 1.3331e-02, 
 2DIAGNOSTIC,    19, -5.764923661127e-01, 2.589038051412e-04, 2.1078e+01, 1.4518e-02, 
 2DIAGNOSTIC,    20, -5.766301331015e-01, 2.250557215418e-04, 2.1091e+01, 1.3311e-02, 
 2DIAGNOSTIC,    21, -5.765010765628e-01, 1.797289617551e-04, 2.1107e+01, 1.6092e-02, 
 2DIAGNOSTIC,    22, -5.763512899877e-01, 1.166315930261e-04, 2.1125e+01, 1.8039e-02, 
 2DIAGNOSTIC,    23, -5.763681381110e-01, 5.530549836212e-05, 2.1138e+01, 1.3093e-02, 
 2DIAGNOSTIC,    24, -5.767840976828e-01, 4.030945207783e-05, 2.1152e+01, 1.3304e-02, 
 2DIAGNOSTIC,    25, -5.772172507192e-01, 4.383978927153e-05, 2.1165e+01, 1.3021e-02, 
 2DIAGNOSTIC,    26, -5.774955939779e-01, 4.662093352756e-05, 2.1180e+01, 1.4923e-02, 
 2DIAGNOSTIC,    27, -5.776670940953e-01, 5.335207418418e-05, 2.1193e+01, 1.3045e-02, 
 2DIAGNOSTIC,    28, -5.776461494823e-01, 5.835330058834e-05, 2.1209e+01, 1.6347e-02, 
 2DIAGNOSTIC,    29, -5.782092641075e-01, 7.119882337083e-05, 2.1222e+01, 1.3023e-02, 
 2DIAGNOSTIC,    30, -5.782427952107e-01, 7.903244074065e-05, 2.1238e+01, 1.6452e-02, 
 2DIAGNOSTIC,    31, -5.780576729135e-01, 7.411546580852e-05, 2.1251e+01, 1.3028e-02, 
 2DIAGNOSTIC,    32, -5.781538869356e-01, 6.210504419330e-05, 2.1266e+01, 1.4908e-02, 
 2DIAGNOSTIC,    33, -5.778105181794e-01, 3.999976535850e-05, 2.1281e+01, 1.4704e-02, 
 2DIAGNOSTIC,    34, -5.780531581939e-01, 2.497342864476e-05, 2.1296e+01, 1.4942e-02, 
 2DIAGNOSTIC,    35, -5.775054500970e-01, 6.657981841976e-06, 2.1309e+01, 1.3090e-02, 
DIAGNOSTIC,Iteration,metricValue,convergenceValue,ITERATION_TIME_INDEX,SINCE_LAST
 2DIAGNOSTIC,     1, -4.958313353371e-01, 1.797693134862e+308, 3.6607e+01, 1.5297e+01, 
 2DIAGNOSTIC,     2, -4.969533005877e-01, 1.797693134862e+308, 3.6670e+01, 6.3400e-02, 
 2DIAGNOSTIC,     3, -4.981402400598e-01, 1.797693134862e+308, 3.6734e+01, 6.3617e-02, 
 2DIAGNOSTIC,     4, -4.988494428887e-01, 1.797693134862e+308, 3.6796e+01, 6.2844e-02, 
 2DIAGNOSTIC,     5, -4.995007287866e-01, 1.797693134862e+308, 3.6860e+01, 6.4003e-02, 
 2DIAGNOSTIC,     6, -5.008903073169e-01, 1.797693134862e+308, 3.6973e+01, 1.1258e-01, 
 2DIAGNOSTIC,     7, -5.008877249645e-01, 1.797693134862e+308, 3.7037e+01, 6.3969e-02, 
 2DIAGNOSTIC,     8, -5.008809321702e-01, 1.797693134862e+308, 3.7110e+01, 7.2946e-02, 
 2DIAGNOSTIC,     9, -5.009800869248e-01, 1.797693134862e+308, 3.7171e+01, 6.0968e-02, 
 2DIAGNOSTIC,    10, -5.011776629455e-01, 6.843627473402e-04, 3.7234e+01, 6.3301e-02, 
 2DIAGNOSTIC,    11, -5.013280253999e-01, 4.770447760357e-04, 3.7296e+01, 6.2328e-02, 
 2DIAGNOSTIC,    12, -5.016797197974e-01, 3.307483493512e-04, 3.7370e+01, 7.3977e-02, 
 2DIAGNOSTIC,    13, -5.022235413353e-01, 2.533076255799e-04, 3.7485e+01, 1.1471e-01, 
 2DIAGNOSTIC,    14, -5.021717581786e-01, 1.903506686232e-04, 3.7547e+01, 6.1901e-02, 
 2DIAGNOSTIC,    15, -5.021214612957e-01, 1.402641402631e-04, 3.7611e+01, 6.4311e-02, 
 2DIAGNOSTIC,    16, -5.021362082185e-01, 1.338879339335e-04, 3.7683e+01, 7.1726e-02, 
 2DIAGNOSTIC,    17, -5.022000016548e-01, 1.179746045497e-04, 3.7758e+01, 7.4469e-02, 
 2DIAGNOSTIC,    18, -5.022146675408e-01, 9.302042971315e-05, 3.7820e+01, 6.2195e-02, 
 2DIAGNOSTIC,    19, -5.022300569331e-01, 6.571377273778e-05, 3.7884e+01, 6.4142e-02, 
 2DIAGNOSTIC,    20, -5.022274806982e-01, 4.103030200109e-05, 3.7967e+01, 8.2705e-02, 
 2DIAGNOSTIC,    21, -5.022295052861e-01, 1.903648117930e-05, 3.8052e+01, 8.5021e-02, 
 2DIAGNOSTIC,    22, -5.021754950252e-01, 4.624302990232e-06, 3.8113e+01, 6.1571e-02, 
 2DIAGNOSTIC,    23, -5.022596934859e-01, 6.715492077695e-06, 3.8177e+01, 6.3879e-02, 
 2DIAGNOSTIC,    24, -5.024251547024e-01, 1.080346455615e-05, 3.8280e+01, 1.0276e-01, 
 2DIAGNOSTIC,    25, -5.023783180355e-01, 1.137856399583e-05, 3.8354e+01, 7.4557e-02, 
 2DIAGNOSTIC,    26, -5.023408927640e-01, 1.054050210680e-05, 3.8427e+01, 7.2146e-02, 
 2DIAGNOSTIC,    27, -5.022908504049e-01, 9.250124370704e-06, 3.8493e+01, 6.6007e-02, 
 2DIAGNOSTIC,    28, -5.022368126445e-01, 6.451980626800e-06, 3.8565e+01, 7.2182e-02, 
 2DIAGNOSTIC,    29, -5.022372462924e-01, 3.588726524499e-06, 3.8629e+01, 6.4113e-02, 
DIAGNOSTIC,Iteration,metricValue,convergenceValue,ITERATION_TIME_INDEX,SINCE_LAST
 2DIAGNOSTIC,     1, -4.246364428708e-01, 1.797693134862e+308, 4.7513e+01, 8.8845e+00, 
 2DIAGNOSTIC,     2, -4.252250328100e-01, 1.797693134862e+308, 4.8038e+01, 5.2478e-01, 
 2DIAGNOSTIC,     3, -4.257056380160e-01, 1.797693134862e+308, 4.8544e+01, 5.0619e-01, 
 2DIAGNOSTIC,     4, -4.259535479512e-01, 1.797693134862e+308, 4.9069e+01, 5.2425e-01, 
 2DIAGNOSTIC,     5, -4.262441622956e-01, 1.797693134862e+308, 4.9577e+01, 5.0810e-01, 
 2DIAGNOSTIC,     6, -4.269132518974e-01, 1.797693134862e+308, 5.0200e+01, 6.2316e-01, 
 2DIAGNOSTIC,     7, -4.275643545731e-01, 1.797693134862e+308, 5.0797e+01, 5.9682e-01, 
 2DIAGNOSTIC,     8, -4.279287520235e-01, 1.797693134862e+308, 5.1683e+01, 8.8629e-01, 
 2DIAGNOSTIC,     9, -4.279457316164e-01, 1.797693134862e+308, 5.2283e+01, 5.9964e-01, 
 2DIAGNOSTIC,    10, -4.279611539590e-01, 5.444747532685e-04, 5.2901e+01, 6.1844e-01, 
 2DIAGNOSTIC,    11, -4.279819127321e-01, 4.279361608518e-04, 5.3501e+01, 5.9980e-01, 
 2DIAGNOSTIC,    12, -4.280054323245e-01, 3.255663709817e-04, 5.4299e+01, 7.9822e-01, 
 2DIAGNOSTIC,    13, -4.280077542860e-01, 2.344878577221e-04, 5.4807e+01, 5.0777e-01, 
 2DIAGNOSTIC,    14, -4.280028141221e-01, 1.473680405947e-04, 5.5417e+01, 6.0999e-01, 
 2DIAGNOSTIC,    15, -4.279986966349e-01, 7.112366915270e-05, 5.6028e+01, 6.1102e-01, 
 2DIAGNOSTIC,    16, -4.280043755347e-01, 2.556556687651e-05, 5.6718e+01, 6.9009e-01, 
 2DIAGNOSTIC,    17, -4.280005258216e-01, 8.117150825417e-06, 5.7327e+01, 6.0955e-01, 
 2DIAGNOSTIC,    18, -4.279960766369e-01, 5.338823441552e-06, 5.7836e+01, 5.0901e-01, 
 2DIAGNOSTIC,    19, -4.279866613391e-01, 2.803582788674e-06, 5.8444e+01, 6.0759e-01, 
DIAGNOSTIC,Iteration,metricValue,convergenceValue,ITERATION_TIME_INDEX,SINCE_LAST
 2DIAGNOSTIC,     1, -3.705195963643e-01, 1.797693134862e+308, 6.7561e+01, 9.1172e+00, 
  Elapsed time (stage 1): 6.9344e+01


Stage 2
  iterations = 100x100x70x50x0
  convergence threshold = 1.0000e-06
  convergence window size = 10
  number of levels = 5
  using the Mattes MI metric (number of bins = 32, weight = 1.0000e+00)
  preprocessing:  winsorizing the image intensities
  Shrink factors (level 1 out of 5): [10, 10, 10]
  Shrink factors (level 2 out of 5): [6, 6, 6]
  Shrink factors (level 3 out of 5): [4, 4, 4]
  Shrink factors (level 4 out of 5): [2, 2, 2]
  Shrink factors (level 5 out of 5): [1, 1, 1]
  smoothing sigmas per level: [5, 3, 2, 1, 0]
  Using default NONE metricSamplingStrategy 

*** Running SyN registration (varianceForUpdateField = 3.0000e+00, varianceForTotalField = 0.0000e+00) ***

XXDIAGNOSTIC,Iteration,metricValue,convergenceValue,ITERATION_TIME_INDEX,SINCE_LAST
 1DIAGNOSTIC,     1, -5.226774018080e-01, 1.797693134862e+308, 3.3450e+01, 3.3450e+01, 
 1DIAGNOSTIC,     2, -5.441380679795e-01, 1.797693134862e+308, 3.3591e+01, 1.4099e-01, 
 1DIAGNOSTIC,     3, -5.568757768820e-01, 1.797693134862e+308, 3.3728e+01, 1.3747e-01, 
 1DIAGNOSTIC,     4, -5.618795554307e-01, 1.797693134862e+308, 3.3866e+01, 1.3750e-01, 
 1DIAGNOSTIC,     5, -5.621437303108e-01, 1.797693134862e+308, 3.4000e+01, 1.3469e-01, 
 1DIAGNOSTIC,     6, -5.604240205565e-01, 1.797693134862e+308, 3.4134e+01, 1.3418e-01, 
 1DIAGNOSTIC,     7, -5.582590960042e-01, 1.797693134862e+308, 3.4269e+01, 1.3496e-01, 
 1DIAGNOSTIC,     8, -5.552196858353e-01, 1.797693134862e+308, 3.4404e+01, 1.3471e-01, 
 1DIAGNOSTIC,     9, -5.505197574514e-01, 1.797693134862e+308, 3.4539e+01, 1.3512e-01, 
 1DIAGNOSTIC,    10, -5.517996540109e-01, 1.626980370913e-03, 3.4674e+01, 1.3499e-01, 
 1DIAGNOSTIC,    11, -5.490101322350e-01, -5.179258629182e-04, 3.4810e+01, 1.3538e-01, 
XXDIAGNOSTIC,Iteration,metricValue,convergenceValue,ITERATION_TIME_INDEX,SINCE_LAST
 1DIAGNOSTIC,     1, -4.348602830307e-01, 1.797693134862e+308, 5.0446e+01, 1.5636e+01, 
 1DIAGNOSTIC,     2, -4.373667524233e-01, 1.797693134862e+308, 5.0981e+01, 5.3541e-01, 
 1DIAGNOSTIC,     3, -4.388998023684e-01, 1.797693134862e+308, 5.1517e+01, 5.3583e-01, 
 1DIAGNOSTIC,     4, -4.395055870007e-01, 1.797693134862e+308, 5.2054e+01, 5.3646e-01, 
 1DIAGNOSTIC,     5, -4.395040312877e-01, 1.797693134862e+308, 5.2590e+01, 5.3655e-01, 
 1DIAGNOSTIC,     6, -4.393963907608e-01, 1.797693134862e+308, 5.3126e+01, 5.3559e-01, 
 1DIAGNOSTIC,     7, -4.388612501528e-01, 1.797693134862e+308, 5.3664e+01, 5.3833e-01, 
 1DIAGNOSTIC,     8, -4.382269626674e-01, 1.797693134862e+308, 5.4200e+01, 5.3569e-01, 
 1DIAGNOSTIC,     9, -4.375112628247e-01, 1.797693134862e+308, 5.4737e+01, 5.3705e-01, 
 1DIAGNOSTIC,    10, -4.367200610909e-01, 8.071316989534e-05, 5.5275e+01, 5.3776e-01, 
 1DIAGNOSTIC,    11, -4.356869452713e-01, -3.316083208218e-04, 5.5815e+01, 5.4032e-01, 
XXDIAGNOSTIC,Iteration,metricValue,convergenceValue,ITERATION_TIME_INDEX,SINCE_LAST
 1DIAGNOSTIC,     1, -3.702587733970e-01, 1.797693134862e+308, 6.5831e+01, 1.0016e+01, 
 1DIAGNOSTIC,     2, -3.713050290413e-01, 1.797693134862e+308, 6.7526e+01, 1.6943e+00, 
 1DIAGNOSTIC,     3, -3.720493153519e-01, 1.797693134862e+308, 6.9218e+01, 1.6927e+00, 
 1DIAGNOSTIC,     4, -3.725161584737e-01, 1.797693134862e+308, 7.0912e+01, 1.6934e+00, 
 1DIAGNOSTIC,     5, -3.728626688846e-01, 1.797693134862e+308, 7.2612e+01, 1.7006e+00, 
 1DIAGNOSTIC,     6, -3.728833253760e-01, 1.797693134862e+308, 7.4309e+01, 1.6970e+00, 
 1DIAGNOSTIC,     7, -3.727500238501e-01, 1.797693134862e+308, 7.6008e+01, 1.6981e+00, 
 1DIAGNOSTIC,     8, -3.724576305537e-01, 1.797693134862e+308, 7.7696e+01, 1.6886e+00, 
 1DIAGNOSTIC,     9, -3.724303807792e-01, 1.797693134862e+308, 7.9402e+01, 1.7057e+00, 
 1DIAGNOSTIC,    10, -3.720215342512e-01, 2.433732582425e-04, 8.1091e+01, 1.6891e+00, 
 1DIAGNOSTIC,    11, -3.717795736147e-01, 1.532286212647e-05, 8.2783e+01, 1.6922e+00, 
 1DIAGNOSTIC,    12, -3.715045598535e-01, -1.271156368516e-04, 8.4479e+01, 1.6957e+00, 
XXDIAGNOSTIC,Iteration,metricValue,convergenceValue,ITERATION_TIME_INDEX,SINCE_LAST
 1DIAGNOSTIC,     1, -3.148854907845e-01, 1.797693134862e+308, 1.0394e+02, 1.9464e+01, 
 1DIAGNOSTIC,     2, -3.159455440726e-01, 1.797693134862e+308, 1.1710e+02, 1.3161e+01, 
 1DIAGNOSTIC,     3, -3.170106646600e-01, 1.797693134862e+308, 1.3028e+02, 1.3179e+01, 
 1DIAGNOSTIC,     4, -3.179302938476e-01, 1.797693134862e+308, 1.4352e+02, 1.3237e+01, 
 1DIAGNOSTIC,     5, -3.187042275172e-01, 1.797693134862e+308, 1.5625e+02, 1.2736e+01, 
 1DIAGNOSTIC,     6, -3.193483535005e-01, 1.797693134862e+308, 1.6947e+02, 1.3213e+01, 
 1DIAGNOSTIC,     7, -3.199534971211e-01, 1.797693134862e+308, 1.8260e+02, 1.3137e+01, 
 1DIAGNOSTIC,     8, -3.205306557844e-01, 1.797693134862e+308, 1.9574e+02, 1.3134e+01, 
 1DIAGNOSTIC,     9, -3.210315153008e-01, 1.797693134862e+308, 2.0889e+02, 1.3154e+01, 
 1DIAGNOSTIC,    10, -3.214481223008e-01, 1.298857198336e-03, 2.2248e+02, 1.3586e+01, 
 1DIAGNOSTIC,    11, -3.218703771447e-01, 1.050377052189e-03, 2.3601e+02, 1.3537e+01, 
 1DIAGNOSTIC,    12, -3.221948034270e-01, 8.509333024562e-04, 2.4953e+02, 1.3517e+01, 
 1DIAGNOSTIC,    13, -3.225277093635e-01, 7.002947426293e-04, 2.6308e+02, 1.3546e+01, 
 1DIAGNOSTIC,    14, -3.227909301827e-01, 5.821169501004e-04, 2.7660e+02, 1.3525e+01, 
 1DIAGNOSTIC,    15, -3.230762724424e-01, 4.890187411177e-04, 2.9015e+02, 1.3547e+01, 
 1DIAGNOSTIC,    16, -3.233147998875e-01, 4.113486977681e-04, 3.0370e+02, 1.3549e+01, 
 1DIAGNOSTIC,    17, -3.235558935451e-01, 3.488051064882e-04, 3.1733e+02, 1.3632e+01, 
 1DIAGNOSTIC,    18, -3.237460474769e-01, 2.985571371353e-04, 3.3097e+02, 1.3642e+01, 
 1DIAGNOSTIC,    19, -3.239518021666e-01, 2.587841018224e-04, 3.4451e+02, 1.3542e+01, 
 1DIAGNOSTIC,    20, -3.241457278290e-01, 2.257737381961e-04, 3.5808e+02, 1.3563e+01, 
 1DIAGNOSTIC,    21, -3.243167732871e-01, 1.997757764859e-04, 3.7166e+02, 1.3586e+01, 
 1DIAGNOSTIC,    22, -3.244660561844e-01, 1.764451245532e-04, 3.8527e+02, 1.3602e+01, 
 1DIAGNOSTIC,    23, -3.245487093544e-01, 1.546156502084e-04, 3.9884e+02, 1.3579e+01, 
 1DIAGNOSTIC,    24, -3.245916995078e-01, 1.313943047336e-04, 4.1241e+02, 1.3569e+01, 
 1DIAGNOSTIC,    25, -3.246344739923e-01, 1.093199299390e-04, 4.2598e+02, 1.3562e+01, 
 1DIAGNOSTIC,    26, -3.246664495736e-01, 8.782843772945e-05, 4.3959e+02, 1.3612e+01, 
 1DIAGNOSTIC,    27, -3.247051163092e-01, 6.884111931975e-05, 4.5313e+02, 1.3543e+01, 
 1DIAGNOSTIC,    28, -3.247852215384e-01, 5.327078361045e-05, 4.6678e+02, 1.3652e+01, 
 1DIAGNOSTIC,    29, -3.248594850117e-01, 4.227441867547e-05, 4.8037e+02, 1.3585e+01, 
 1DIAGNOSTIC,    30, -3.249183757242e-01, 3.546358913661e-05, 4.9390e+02, 1.3536e+01, 
 1DIAGNOSTIC,    31, -3.249563023261e-01, 3.170342164208e-05, 5.0745e+02, 1.3544e+01, 
 1DIAGNOSTIC,    32, -3.249809572038e-01, 3.002914177713e-05, 5.2101e+02, 1.3565e+01, 
 1DIAGNOSTIC,    33, -3.250240606672e-01, 2.903010377284e-05, 5.3454e+02, 1.3526e+01, 
 1DIAGNOSTIC,    34, -3.250491632248e-01, 2.713234579426e-05, 5.4806e+02, 1.3526e+01, 
 1DIAGNOSTIC,    35, -3.250984857561e-01, 2.516528359766e-05, 5.6164e+02, 1.3581e+01, 
 1DIAGNOSTIC,    36, -3.250873046562e-01, 2.150451538700e-05, 5.7520e+02, 1.3554e+01, 
 1DIAGNOSTIC,    37, -3.250500952052e-01, 1.612021103948e-05, 5.8878e+02, 1.3583e+01, 
 1DIAGNOSTIC,    38, -3.249872044935e-01, 9.968200245871e-06, 6.0236e+02, 1.3579e+01, 
 1DIAGNOSTIC,    39, -3.249512498644e-01, 4.119357135911e-06, 6.1591e+02, 1.3547e+01, 
 1DIAGNOSTIC,    40, -3.250026703003e-01, 6.491421377479e-07, 6.2953e+02, 1.3620e+01, 
  Elapsed time (stage 2): 649.7


Total elapsed time: 781.2

--- Writing output images ---

Using double precision for computations.
Input scalar image: data/Segmentations/1008_3_seg.nii.gz
Reference image: data/template/T_template0_BrainCerebellum.nii.gz
=============================================================================
The composite transform comprises the following transforms (in order): 
  1. /tmp/1971278.1.basic.q/1008_ToTemplate_021_0GenericAffine.mat (type = AffineTransform)
  2. /tmp/1971278.1.basic.q/1008_ToTemplate_021_1Warp.nii.gz (type = DisplacementFieldTransform)
=============================================================================
Default pixel value: 0
Interpolation type: LabelImageGenericInterpolateImageFunction
Output warped image: output/1008/1008_WarpedLabels_021.nii.gz

--- Done ---

