
--- Running on compute-1-3.local ---


--- registration call ---
/data/jet/pcook/bin/antsBuild/bin/antsRegistrationSyNQuick.sh -d 3 -f data/template/T_template0_BrainCerebellum.nii.gz -m data/Brains/1008_3.nii.gz -t s -p d -n 2 -o /tmp/1971259.1.basic.q/1008_ToTemplate_002_
---


--------------------------------------------------------------------------------------
 Mapping parameters
--------------------------------------------------------------------------------------
 ANTSPATH is /data/jet/pcook/bin/antsBuild/bin/

 Dimensionality:           3
 Output name prefix:       /tmp/1971259.1.basic.q/1008_ToTemplate_002_
 Fixed images:             data/template/T_template0_BrainCerebellum.nii.gz
 Moving images:            data/Brains/1008_3.nii.gz
 Mask images:              
 Initial transforms:       
 Number of threads:        2
 Spline distance:          26
 Transform type:           s
 MI histogram bins:        32
 Precision:                d
 Use histogram matching    0
======================================================================================
 antsRegistration call:
--------------------------------------------------------------------------------------
/data/jet/pcook/bin/antsBuild/bin//antsRegistration --verbose 1 --dimensionality 3 --float 0 --collapse-output-transforms 1 --output [/tmp/1971259.1.basic.q/1008_ToTemplate_002_,/tmp/1971259.1.basic.q/1008_ToTemplate_002_Warped.nii.gz,/tmp/1971259.1.basic.q/1008_ToTemplate_002_InverseWarped.nii.gz] --interpolation Linear --use-histogram-matching 0 --winsorize-image-intensities [0.005,0.995] --initial-moving-transform [data/template/T_template0_BrainCerebellum.nii.gz,data/Brains/1008_3.nii.gz,1] --transform Rigid[0.1] --metric MI[data/template/T_template0_BrainCerebellum.nii.gz,data/Brains/1008_3.nii.gz,1,32,Regular,0.25] --convergence [1000x500x250x0,1e-6,10] --shrink-factors 12x8x4x2 --smoothing-sigmas 4x3x2x1vox --transform Affine[0.1] --metric MI[data/template/T_template0_BrainCerebellum.nii.gz,data/Brains/1008_3.nii.gz,1,32,Regular,0.25] --convergence [1000x500x250x0,1e-6,10] --shrink-factors 12x8x4x2 --smoothing-sigmas 4x3x2x1vox --transform SyN[0.1,3,0] --metric MI[data/template/T_template0_BrainCerebellum.nii.gz,data/Brains/1008_3.nii.gz,1,32] --convergence [100x100x70x50x0,1e-6,10] --shrink-factors 10x6x4x2x1 --smoothing-sigmas 5x3x2x1x0vox
--------------------------------------------------------------------------------------
All_Command_lines_OK
Using double precision for computations.
=============================================================================
The composite transform comprises the following transforms (in order): 
  1. Center of mass alignment using fixed image: data/template/T_template0_BrainCerebellum.nii.gz and moving image: data/Brains/1008_3.nii.gz (type = Euler3DTransform)
=============================================================================
  number of levels = 4
  number of levels = 4
  number of levels = 5
  fixed image: data/template/T_template0_BrainCerebellum.nii.gz
  moving image: data/Brains/1008_3.nii.gz
  fixed image: data/template/T_template0_BrainCerebellum.nii.gz
  moving image: data/Brains/1008_3.nii.gz
  fixed image: data/template/T_template0_BrainCerebellum.nii.gz
  moving image: data/Brains/1008_3.nii.gz
Dimension = 3
Number of stages = 3
Use Histogram Matching false
Winsorize image intensities true
Lower quantile = 0.005
Upper quantile = 0.995
Stage 1 State
   Image metric = Mattes
     Fixed image = Image (0x3e5df40)
  RTTI typeinfo:   itk::Image<double, 3u>
  Reference Count: 2
  Modified Time: 1611
  Debug: Off
  Object Name: 
  Observers: 
    none
  Source: (none)
  Source output name: (none)
  Release Data: Off
  Data Released: False
  Global Release Data: Off
  PipelineMTime: 0
  UpdateMTime: 1422
  RealTimeStamp: 0 seconds 
  LargestPossibleRegion: 
    Dimension: 3
    Index: [0, 0, 0]
    Size: [216, 256, 291]
  BufferedRegion: 
    Dimension: 3
    Index: [0, 0, 0]
    Size: [216, 256, 291]
  RequestedRegion: 
    Dimension: 3
    Index: [0, 0, 0]
    Size: [216, 256, 291]
  Spacing: [1, 1, 1]
  Origin: [0, 293, 0]
  Direction: 
1 0 0
0 -0 -1
0 -1 -0

  IndexToPointMatrix: 
1 0 0
0 0 -1
0 -1 0

  PointToIndexMatrix: 
1 0 0
0 0 -1
0 -1 0

  Inverse Direction: 
1 0 0
0 0 -1
0 -1 0

  PixelContainer: 
    ImportImageContainer (0x3e61a40)
      RTTI typeinfo:   itk::ImportImageContainer<unsigned long, double>
      Reference Count: 1
      Modified Time: 1419
      Debug: Off
      Object Name: 
      Observers: 
        none
      Pointer: 0x7f87a2004010
      Container manages memory: true
      Size: 16091136
      Capacity: 16091136

     Moving image = Image (0x3e5ffa0)
  RTTI typeinfo:   itk::Image<double, 3u>
  Reference Count: 2
  Modified Time: 1612
  Debug: Off
  Object Name: 
  Observers: 
    none
  Source: (none)
  Source output name: (none)
  Release Data: Off
  Data Released: False
  Global Release Data: Off
  PipelineMTime: 0
  UpdateMTime: 1609
  RealTimeStamp: 0 seconds 
  LargestPossibleRegion: 
    Dimension: 3
    Index: [0, 0, 0]
    Size: [256, 256, 274]
  BufferedRegion: 
    Dimension: 3
    Index: [0, 0, 0]
    Size: [256, 256, 274]
  RequestedRegion: 
    Dimension: 3
    Index: [0, 0, 0]
    Size: [256, 256, 274]
  Spacing: [1, 1, 1]
  Origin: [0, 273, 0]
  Direction: 
1 0 0
0 -0 -1
0 -1 -0

  IndexToPointMatrix: 
1 0 0
0 0 -1
0 -1 0

  PointToIndexMatrix: 
1 0 0
0 0 -1
0 -1 0

  Inverse Direction: 
1 0 0
0 0 -1
0 -1 0

  PixelContainer: 
    ImportImageContainer (0x3e50f60)
      RTTI typeinfo:   itk::ImportImageContainer<unsigned long, double>
      Reference Count: 1
      Modified Time: 1606
      Debug: Off
      Object Name: 
      Observers: 
        none
      Pointer: 0x7f8799703010
      Container manages memory: true
      Size: 17956864
      Capacity: 17956864

     Weighting = 1
     Sampling strategy = regular
     Number of bins = 32
     Radius = 4
     Sampling percentage  = 0.25
   Transform = Rigid
     Gradient step = 0.1
     Update field sigma (voxel space) = 0
     Total field sigma (voxel space) = 0
     Update field time sigma = 0
     Total field time sigma  = 0
     Number of time indices = 0
     Number of time point samples = 0
Stage 2 State
   Image metric = Mattes
     Fixed image = Image (0x3e64950)
  RTTI typeinfo:   itk::Image<double, 3u>
  Reference Count: 2
  Modified Time: 1987
  Debug: Off
  Object Name: 
  Observers: 
    none
  Source: (none)
  Source output name: (none)
  Release Data: Off
  Data Released: False
  Global Release Data: Off
  PipelineMTime: 0
  UpdateMTime: 1798
  RealTimeStamp: 0 seconds 
  LargestPossibleRegion: 
    Dimension: 3
    Index: [0, 0, 0]
    Size: [216, 256, 291]
  BufferedRegion: 
    Dimension: 3
    Index: [0, 0, 0]
    Size: [216, 256, 291]
  RequestedRegion: 
    Dimension: 3
    Index: [0, 0, 0]
    Size: [216, 256, 291]
  Spacing: [1, 1, 1]
  Origin: [0, 293, 0]
  Direction: 
1 0 0
0 -0 -1
0 -1 -0

  IndexToPointMatrix: 
1 0 0
0 0 -1
0 -1 0

  PointToIndexMatrix: 
1 0 0
0 0 -1
0 -1 0

  Inverse Direction: 
1 0 0
0 0 -1
0 -1 0

  PixelContainer: 
    ImportImageContainer (0x3e60bc0)
      RTTI typeinfo:   itk::ImportImageContainer<unsigned long, double>
      Reference Count: 1
      Modified Time: 1795
      Debug: Off
      Object Name: 
      Observers: 
        none
      Pointer: 0x7f8791c3e010
      Container manages memory: true
      Size: 16091136
      Capacity: 16091136

     Moving image = Image (0x3e712d0)
  RTTI typeinfo:   itk::Image<double, 3u>
  Reference Count: 2
  Modified Time: 1988
  Debug: Off
  Object Name: 
  Observers: 
    none
  Source: (none)
  Source output name: (none)
  Release Data: Off
  Data Released: False
  Global Release Data: Off
  PipelineMTime: 0
  UpdateMTime: 1985
  RealTimeStamp: 0 seconds 
  LargestPossibleRegion: 
    Dimension: 3
    Index: [0, 0, 0]
    Size: [256, 256, 274]
  BufferedRegion: 
    Dimension: 3
    Index: [0, 0, 0]
    Size: [256, 256, 274]
  RequestedRegion: 
    Dimension: 3
    Index: [0, 0, 0]
    Size: [256, 256, 274]
  Spacing: [1, 1, 1]
  Origin: [0, 273, 0]
  Direction: 
1 0 0
0 -0 -1
0 -1 -0

  IndexToPointMatrix: 
1 0 0
0 0 -1
0 -1 0

  PointToIndexMatrix: 
1 0 0
0 0 -1
0 -1 0

  Inverse Direction: 
1 0 0
0 0 -1
0 -1 0

  PixelContainer: 
    ImportImageContainer (0x3e70c50)
      RTTI typeinfo:   itk::ImportImageContainer<unsigned long, double>
      Reference Count: 1
      Modified Time: 1982
      Debug: Off
      Object Name: 
      Observers: 
        none
      Pointer: 0x7f878933d010
      Container manages memory: true
      Size: 17956864
      Capacity: 17956864

     Weighting = 1
     Sampling strategy = regular
     Number of bins = 32
     Radius = 4
     Sampling percentage  = 0.25
   Transform = Affine
     Gradient step = 0.1
     Update field sigma (voxel space) = 0
     Total field sigma (voxel space) = 0
     Update field time sigma = 0
     Total field time sigma  = 0
     Number of time indices = 0
     Number of time point samples = 0
Stage 3 State
   Image metric = Mattes
     Fixed image = Image (0x3e77170)
  RTTI typeinfo:   itk::Image<double, 3u>
  Reference Count: 2
  Modified Time: 2363
  Debug: Off
  Object Name: 
  Observers: 
    none
  Source: (none)
  Source output name: (none)
  Release Data: Off
  Data Released: False
  Global Release Data: Off
  PipelineMTime: 0
  UpdateMTime: 2174
  RealTimeStamp: 0 seconds 
  LargestPossibleRegion: 
    Dimension: 3
    Index: [0, 0, 0]
    Size: [216, 256, 291]
  BufferedRegion: 
    Dimension: 3
    Index: [0, 0, 0]
    Size: [216, 256, 291]
  RequestedRegion: 
    Dimension: 3
    Index: [0, 0, 0]
    Size: [216, 256, 291]
  Spacing: [1, 1, 1]
  Origin: [0, 293, 0]
  Direction: 
1 0 0
0 -0 -1
0 -1 -0

  IndexToPointMatrix: 
1 0 0
0 0 -1
0 -1 0

  PointToIndexMatrix: 
1 0 0
0 0 -1
0 -1 0

  Inverse Direction: 
1 0 0
0 0 -1
0 -1 0

  PixelContainer: 
    ImportImageContainer (0x3e722d0)
      RTTI typeinfo:   itk::ImportImageContainer<unsigned long, double>
      Reference Count: 1
      Modified Time: 2171
      Debug: Off
      Object Name: 
      Observers: 
        none
      Pointer: 0x7f8781878010
      Container manages memory: true
      Size: 16091136
      Capacity: 16091136

     Moving image = Image (0x3e76be0)
  RTTI typeinfo:   itk::Image<double, 3u>
  Reference Count: 2
  Modified Time: 2364
  Debug: Off
  Object Name: 
  Observers: 
    none
  Source: (none)
  Source output name: (none)
  Release Data: Off
  Data Released: False
  Global Release Data: Off
  PipelineMTime: 0
  UpdateMTime: 2361
  RealTimeStamp: 0 seconds 
  LargestPossibleRegion: 
    Dimension: 3
    Index: [0, 0, 0]
    Size: [256, 256, 274]
  BufferedRegion: 
    Dimension: 3
    Index: [0, 0, 0]
    Size: [256, 256, 274]
  RequestedRegion: 
    Dimension: 3
    Index: [0, 0, 0]
    Size: [256, 256, 274]
  Spacing: [1, 1, 1]
  Origin: [0, 273, 0]
  Direction: 
1 0 0
0 -0 -1
0 -1 -0

  IndexToPointMatrix: 
1 0 0
0 0 -1
0 -1 0

  PointToIndexMatrix: 
1 0 0
0 0 -1
0 -1 0

  Inverse Direction: 
1 0 0
0 0 -1
0 -1 0

  PixelContainer: 
    ImportImageContainer (0x3e78ef0)
      RTTI typeinfo:   itk::ImportImageContainer<unsigned long, double>
      Reference Count: 1
      Modified Time: 2358
      Debug: Off
      Object Name: 
      Observers: 
        none
      Pointer: 0x7f8778f77010
      Container manages memory: true
      Size: 17956864
      Capacity: 17956864

     Weighting = 1
     Sampling strategy = none
     Number of bins = 32
     Radius = 4
     Sampling percentage  = 1
   Transform = SyN
     Gradient step = 0.1
     Update field sigma (voxel space) = 3
     Total field sigma (voxel space) = 0
     Update field time sigma = 0
     Total field time sigma  = 0
     Number of time indices = 0
     Number of time point samples = 0
Registration using 3 total stages.

Stage 0
  iterations = 1000x500x250x0
  convergence threshold = 1e-06
  convergence window size = 10
  number of levels = 4
  using the Mattes MI metric (number of bins = 32, weight = 1)
  preprocessing:  winsorizing the image intensities
  Shrink factors (level 1 out of 4): [12, 12, 12]
  Shrink factors (level 2 out of 4): [8, 8, 8]
  Shrink factors (level 3 out of 4): [4, 4, 4]
  Shrink factors (level 4 out of 4): [2, 2, 2]
  smoothing sigmas per level: [4, 3, 2, 1]
  regular sampling (percentage = 0.25)

*** Running Euler3DTransform registration ***

DIAGNOSTIC,Iteration,metricValue,convergenceValue,ITERATION_TIME_INDEX,SINCE_LAST
 2DIAGNOSTIC,     1, -5.626039617499e-01, 1.797693134862e+308, 2.0740e+01, 2.0740e+01, 
 2DIAGNOSTIC,     2, -5.633806666427e-01, 1.797693134862e+308, 2.0749e+01, 9.6090e-03, 
 2DIAGNOSTIC,     3, -5.642728827506e-01, 1.797693134862e+308, 2.0759e+01, 9.3632e-03, 
 2DIAGNOSTIC,     4, -5.649404079719e-01, 1.797693134862e+308, 2.0768e+01, 9.3069e-03, 
 2DIAGNOSTIC,     5, -5.654534479642e-01, 1.797693134862e+308, 2.0777e+01, 9.3429e-03, 
 2DIAGNOSTIC,     6, -5.661336514741e-01, 1.797693134862e+308, 2.0790e+01, 1.2207e-02, 
 2DIAGNOSTIC,     7, -5.665526510943e-01, 1.797693134862e+308, 2.0800e+01, 1.0687e-02, 
 2DIAGNOSTIC,     8, -5.663881697735e-01, 1.797693134862e+308, 2.0810e+01, 9.2778e-03, 
 2DIAGNOSTIC,     9, -5.667746315627e-01, 1.797693134862e+308, 2.0819e+01, 9.4340e-03, 
 2DIAGNOSTIC,    10, -5.678623521761e-01, 5.346458770866e-04, 2.0837e+01, 1.7514e-02, 
 2DIAGNOSTIC,    11, -5.680241308406e-01, 4.401263530722e-04, 2.0848e+01, 1.1450e-02, 
 2DIAGNOSTIC,    12, -5.676011521658e-01, 3.369147684689e-04, 2.0858e+01, 1.0157e-02, 
 2DIAGNOSTIC,    13, -5.676606236182e-01, 2.573598407008e-04, 2.0868e+01, 9.9430e-03, 
 2DIAGNOSTIC,    14, -5.677197578849e-01, 1.916148548180e-04, 2.0879e+01, 1.1308e-02, 
 2DIAGNOSTIC,    15, -5.677570367056e-01, 1.342726714530e-04, 2.0889e+01, 9.9089e-03, 
 2DIAGNOSTIC,    16, -5.673197489220e-01, 7.923853766591e-05, 2.0899e+01, 9.8939e-03, 
 2DIAGNOSTIC,    17, -5.671469082181e-01, 3.224439325135e-05, 2.0909e+01, 9.9242e-03, 
DIAGNOSTIC,Iteration,metricValue,convergenceValue,ITERATION_TIME_INDEX,SINCE_LAST
 2DIAGNOSTIC,     1, -4.921064916516e-01, 1.797693134862e+308, 3.6053e+01, 1.5143e+01, 
 2DIAGNOSTIC,     2, -4.921698901772e-01, 1.797693134862e+308, 3.6115e+01, 6.2462e-02, 
 2DIAGNOSTIC,     3, -4.921272849253e-01, 1.797693134862e+308, 3.6167e+01, 5.2477e-02, 
 2DIAGNOSTIC,     4, -4.921490566070e-01, 1.797693134862e+308, 3.6220e+01, 5.2362e-02, 
 2DIAGNOSTIC,     5, -4.924229167275e-01, 1.797693134862e+308, 3.6273e+01, 5.2727e-02, 
 2DIAGNOSTIC,     6, -4.928761795707e-01, 1.797693134862e+308, 3.6325e+01, 5.2443e-02, 
 2DIAGNOSTIC,     7, -4.934362944242e-01, 1.797693134862e+308, 3.6407e+01, 8.2263e-02, 
 2DIAGNOSTIC,     8, -4.934347162542e-01, 1.797693134862e+308, 3.6469e+01, 6.2158e-02, 
 2DIAGNOSTIC,     9, -4.934186384713e-01, 1.797693134862e+308, 3.6532e+01, 6.2670e-02, 
 2DIAGNOSTIC,    10, -4.937921213696e-01, 2.552310834585e-04, 3.6586e+01, 5.3403e-02, 
 2DIAGNOSTIC,    11, -4.944965587333e-01, 2.774003769731e-04, 3.6649e+01, 6.3493e-02, 
 2DIAGNOSTIC,    12, -4.948990095084e-01, 2.925996613708e-04, 3.6752e+01, 1.0339e-01, 
 2DIAGNOSTIC,    13, -4.949852427998e-01, 2.817033251940e-04, 3.6836e+01, 8.3263e-02, 
 2DIAGNOSTIC,    14, -4.949737537514e-01, 2.482362804825e-04, 3.6909e+01, 7.3770e-02, 
 2DIAGNOSTIC,    15, -4.948215410699e-01, 2.011925144934e-04, 3.6973e+01, 6.3061e-02, 
 2DIAGNOSTIC,    16, -4.947802546687e-01, 1.557019129162e-04, 3.7026e+01, 5.3352e-02, 
 2DIAGNOSTIC,    17, -4.946904203750e-01, 1.171982695654e-04, 3.7079e+01, 5.3194e-02, 
 2DIAGNOSTIC,    18, -4.947274451668e-01, 7.388218426566e-05, 3.7142e+01, 6.3098e-02, 
 2DIAGNOSTIC,    19, -4.947648018163e-01, 2.915761401397e-05, 3.7195e+01, 5.3352e-02, 
DIAGNOSTIC,Iteration,metricValue,convergenceValue,ITERATION_TIME_INDEX,SINCE_LAST
 2DIAGNOSTIC,     1, -4.202179807249e-01, 1.797693134862e+308, 4.5917e+01, 8.7214e+00, 
 2DIAGNOSTIC,     2, -4.204803462627e-01, 1.797693134862e+308, 4.6351e+01, 4.3410e-01, 
 2DIAGNOSTIC,     3, -4.206519901672e-01, 1.797693134862e+308, 4.6866e+01, 5.1477e-01, 
 2DIAGNOSTIC,     4, -4.206727770231e-01, 1.797693134862e+308, 4.7552e+01, 6.8602e-01, 
 2DIAGNOSTIC,     5, -4.206738459557e-01, 1.797693134862e+308, 4.8065e+01, 5.1283e-01, 
 2DIAGNOSTIC,     6, -4.206731287716e-01, 1.797693134862e+308, 4.8578e+01, 5.1354e-01, 
 2DIAGNOSTIC,     7, -4.206738072658e-01, 1.797693134862e+308, 4.9091e+01, 5.1254e-01, 
 2DIAGNOSTIC,     8, -4.206754335193e-01, 1.797693134862e+308, 4.9604e+01, 5.1327e-01, 
 2DIAGNOSTIC,     9, -4.206640924336e-01, 1.797693134862e+308, 5.0118e+01, 5.1408e-01, 
 2DIAGNOSTIC,    10, -4.206622409700e-01, 4.518353663546e-05, 5.0632e+01, 5.1435e-01, 
 2DIAGNOSTIC,    11, -4.206539024302e-01, 1.378129189816e-05, 5.1151e+01, 5.1904e-01, 
 2DIAGNOSTIC,    12, -4.206528551318e-01, 1.090259600420e-06, 5.1672e+01, 5.2035e-01, 
DIAGNOSTIC,Iteration,metricValue,convergenceValue,ITERATION_TIME_INDEX,SINCE_LAST
 2DIAGNOSTIC,     1, -3.654856902610e-01, 1.797693134862e+308, 6.0130e+01, 8.4584e+00, 
  Elapsed time (stage 0): 6.2054e+01


Stage 1
  iterations = 1000x500x250x0
  convergence threshold = 1.0000e-06
  convergence window size = 10
  number of levels = 4
  using the Mattes MI metric (number of bins = 32, weight = 1.0000e+00)
  preprocessing:  winsorizing the image intensities
  Shrink factors (level 1 out of 4): [12, 12, 12]
  Shrink factors (level 2 out of 4): [8, 8, 8]
  Shrink factors (level 3 out of 4): [4, 4, 4]
  Shrink factors (level 4 out of 4): [2, 2, 2]
  smoothing sigmas per level: [4, 3, 2, 1]
  regular sampling (percentage = 2.5000e-01)

*** Running AffineTransform registration ***

DIAGNOSTIC,Iteration,metricValue,convergenceValue,ITERATION_TIME_INDEX,SINCE_LAST
 2DIAGNOSTIC,     1, -5.642767631585e-01, 1.797693134862e+308, 2.0606e+01, 2.0606e+01, 
 2DIAGNOSTIC,     2, -5.648743224574e-01, 1.797693134862e+308, 2.0619e+01, 1.2684e-02, 
 2DIAGNOSTIC,     3, -5.655513263706e-01, 1.797693134862e+308, 2.0631e+01, 1.2378e-02, 
 2DIAGNOSTIC,     4, -5.670474595297e-01, 1.797693134862e+308, 2.0644e+01, 1.2572e-02, 
 2DIAGNOSTIC,     5, -5.682992809619e-01, 1.797693134862e+308, 2.0658e+01, 1.3947e-02, 
 2DIAGNOSTIC,     6, -5.689600807328e-01, 1.797693134862e+308, 2.0670e+01, 1.2397e-02, 
 2DIAGNOSTIC,     7, -5.695903211432e-01, 1.797693134862e+308, 2.0683e+01, 1.2383e-02, 
 2DIAGNOSTIC,     8, -5.702773355983e-01, 1.797693134862e+308, 2.0695e+01, 1.2490e-02, 
 2DIAGNOSTIC,     9, -5.715463740572e-01, 1.797693134862e+308, 2.0708e+01, 1.2442e-02, 
 2DIAGNOSTIC,    10, -5.727568727298e-01, 9.495165217358e-04, 2.0724e+01, 1.6564e-02, 
 2DIAGNOSTIC,    11, -5.731044328944e-01, 8.529073143445e-04, 2.0742e+01, 1.7910e-02, 
 2DIAGNOSTIC,    12, -5.729935553479e-01, 7.178052708461e-04, 2.0758e+01, 1.6342e-02, 
 2DIAGNOSTIC,    13, -5.733494070491e-01, 5.783770969563e-04, 2.0773e+01, 1.4813e-02, 
 2DIAGNOSTIC,    14, -5.751933080343e-01, 5.237486138094e-04, 2.0786e+01, 1.3249e-02, 
 2DIAGNOSTIC,    15, -5.758241839315e-01, 4.888598315980e-04, 2.0800e+01, 1.3296e-02, 
 2DIAGNOSTIC,    16, -5.757369230536e-01, 4.319639361865e-04, 2.0818e+01, 1.7788e-02, 
 2DIAGNOSTIC,    17, -5.760189880700e-01, 3.705644273246e-04, 2.0832e+01, 1.4663e-02, 
 2DIAGNOSTIC,    18, -5.762505479711e-01, 3.066278324638e-04, 2.0845e+01, 1.3155e-02, 
 2DIAGNOSTIC,    19, -5.764923661127e-01, 2.589038051412e-04, 2.0860e+01, 1.4658e-02, 
 2DIAGNOSTIC,    20, -5.766301331015e-01, 2.250557215418e-04, 2.0873e+01, 1.3176e-02, 
 2DIAGNOSTIC,    21, -5.765010765628e-01, 1.797289617551e-04, 2.0889e+01, 1.6046e-02, 
 2DIAGNOSTIC,    22, -5.763512899877e-01, 1.166315930261e-04, 2.0907e+01, 1.7780e-02, 
 2DIAGNOSTIC,    23, -5.763681381110e-01, 5.530549836212e-05, 2.0920e+01, 1.3201e-02, 
 2DIAGNOSTIC,    24, -5.767840976828e-01, 4.030945207783e-05, 2.0933e+01, 1.3117e-02, 
 2DIAGNOSTIC,    25, -5.772172507192e-01, 4.383978927153e-05, 2.0947e+01, 1.3252e-02, 
 2DIAGNOSTIC,    26, -5.774955939779e-01, 4.662093352756e-05, 2.0961e+01, 1.4696e-02, 
 2DIAGNOSTIC,    27, -5.776670940953e-01, 5.335207418418e-05, 2.0974e+01, 1.3090e-02, 
 2DIAGNOSTIC,    28, -5.776461494823e-01, 5.835330058834e-05, 2.0990e+01, 1.6123e-02, 
 2DIAGNOSTIC,    29, -5.782092641075e-01, 7.119882337083e-05, 2.1004e+01, 1.3029e-02, 
 2DIAGNOSTIC,    30, -5.782427952107e-01, 7.903244074065e-05, 2.1020e+01, 1.6106e-02, 
 2DIAGNOSTIC,    31, -5.780576729135e-01, 7.411546580852e-05, 2.1033e+01, 1.3357e-02, 
 2DIAGNOSTIC,    32, -5.781538869356e-01, 6.210504419330e-05, 2.1048e+01, 1.4701e-02, 
 2DIAGNOSTIC,    33, -5.778105181794e-01, 3.999976535850e-05, 2.1062e+01, 1.4684e-02, 
 2DIAGNOSTIC,    34, -5.780531581939e-01, 2.497342864476e-05, 2.1077e+01, 1.4605e-02, 
 2DIAGNOSTIC,    35, -5.775054500970e-01, 6.657981841976e-06, 2.1090e+01, 1.2990e-02, 
DIAGNOSTIC,Iteration,metricValue,convergenceValue,ITERATION_TIME_INDEX,SINCE_LAST
 2DIAGNOSTIC,     1, -4.958313353371e-01, 1.797693134862e+308, 3.6206e+01, 1.5116e+01, 
 2DIAGNOSTIC,     2, -4.969533005877e-01, 1.797693134862e+308, 3.6270e+01, 6.4131e-02, 
 2DIAGNOSTIC,     3, -4.981402400598e-01, 1.797693134862e+308, 3.6333e+01, 6.3551e-02, 
 2DIAGNOSTIC,     4, -4.988494428887e-01, 1.797693134862e+308, 3.6397e+01, 6.3362e-02, 
 2DIAGNOSTIC,     5, -4.995007287866e-01, 1.797693134862e+308, 3.6460e+01, 6.3211e-02, 
 2DIAGNOSTIC,     6, -5.008903073169e-01, 1.797693134862e+308, 3.6574e+01, 1.1348e-01, 
 2DIAGNOSTIC,     7, -5.008877249645e-01, 1.797693134862e+308, 3.6636e+01, 6.2857e-02, 
 2DIAGNOSTIC,     8, -5.008809321702e-01, 1.797693134862e+308, 3.6710e+01, 7.3110e-02, 
 2DIAGNOSTIC,     9, -5.009800869248e-01, 1.797693134862e+308, 3.6772e+01, 6.2922e-02, 
 2DIAGNOSTIC,    10, -5.011776629455e-01, 6.843627473402e-04, 3.6836e+01, 6.3586e-02, 
 2DIAGNOSTIC,    11, -5.013280253999e-01, 4.770447760357e-04, 3.6899e+01, 6.3363e-02, 
 2DIAGNOSTIC,    12, -5.016797197974e-01, 3.307483493512e-04, 3.6973e+01, 7.3859e-02, 
 2DIAGNOSTIC,    13, -5.022235413353e-01, 2.533076255799e-04, 3.7089e+01, 1.1529e-01, 
 2DIAGNOSTIC,    14, -5.021717581786e-01, 1.903506686232e-04, 3.7152e+01, 6.3673e-02, 
 2DIAGNOSTIC,    15, -5.021214612957e-01, 1.402641402631e-04, 3.7216e+01, 6.3776e-02, 
 2DIAGNOSTIC,    16, -5.021362082185e-01, 1.338879339335e-04, 3.7290e+01, 7.3656e-02, 
 2DIAGNOSTIC,    17, -5.022000016548e-01, 1.179746045497e-04, 3.7364e+01, 7.4544e-02, 
 2DIAGNOSTIC,    18, -5.022146675408e-01, 9.302042971315e-05, 3.7428e+01, 6.4275e-02, 
 2DIAGNOSTIC,    19, -5.022300569331e-01, 6.571377273778e-05, 3.7492e+01, 6.3819e-02, 
 2DIAGNOSTIC,    20, -5.022274806982e-01, 4.103030200109e-05, 3.7577e+01, 8.4267e-02, 
 2DIAGNOSTIC,    21, -5.022295052861e-01, 1.903648117930e-05, 3.7661e+01, 8.4095e-02, 
 2DIAGNOSTIC,    22, -5.021754950252e-01, 4.624302990232e-06, 3.7725e+01, 6.3929e-02, 
 2DIAGNOSTIC,    23, -5.022596934859e-01, 6.715492077695e-06, 3.7789e+01, 6.3996e-02, 
 2DIAGNOSTIC,    24, -5.024251547024e-01, 1.080346455615e-05, 3.7894e+01, 1.0528e-01, 
 2DIAGNOSTIC,    25, -5.023783180355e-01, 1.137856399583e-05, 3.7968e+01, 7.4210e-02, 
 2DIAGNOSTIC,    26, -5.023408927640e-01, 1.054050210680e-05, 3.8042e+01, 7.3856e-02, 
 2DIAGNOSTIC,    27, -5.022908504049e-01, 9.250124370704e-06, 3.8106e+01, 6.3780e-02, 
 2DIAGNOSTIC,    28, -5.022368126445e-01, 6.451980626800e-06, 3.8180e+01, 7.4039e-02, 
 2DIAGNOSTIC,    29, -5.022372462924e-01, 3.588726524499e-06, 3.8243e+01, 6.3460e-02, 
DIAGNOSTIC,Iteration,metricValue,convergenceValue,ITERATION_TIME_INDEX,SINCE_LAST
 2DIAGNOSTIC,     1, -4.246364428708e-01, 1.797693134862e+308, 4.7140e+01, 8.8973e+00, 
 2DIAGNOSTIC,     2, -4.252250328100e-01, 1.797693134862e+308, 4.7662e+01, 5.2148e-01, 
 2DIAGNOSTIC,     3, -4.257056380160e-01, 1.797693134862e+308, 4.8185e+01, 5.2260e-01, 
 2DIAGNOSTIC,     4, -4.259535479512e-01, 1.797693134862e+308, 4.8705e+01, 5.1999e-01, 
 2DIAGNOSTIC,     5, -4.262441622956e-01, 1.797693134862e+308, 4.9224e+01, 5.1980e-01, 
 2DIAGNOSTIC,     6, -4.269132518974e-01, 1.797693134862e+308, 4.9828e+01, 6.0353e-01, 
 2DIAGNOSTIC,     7, -4.275643545731e-01, 1.797693134862e+308, 5.0438e+01, 6.1049e-01, 
 2DIAGNOSTIC,     8, -4.279287520235e-01, 1.797693134862e+308, 5.1311e+01, 8.7243e-01, 
 2DIAGNOSTIC,     9, -4.279457316164e-01, 1.797693134862e+308, 5.1920e+01, 6.0914e-01, 
 2DIAGNOSTIC,    10, -4.279611539590e-01, 5.444747532685e-04, 5.2523e+01, 6.0312e-01, 
 2DIAGNOSTIC,    11, -4.279819127321e-01, 4.279361608518e-04, 5.3133e+01, 6.0956e-01, 
 2DIAGNOSTIC,    12, -4.280054323245e-01, 3.255663709817e-04, 5.3916e+01, 7.8311e-01, 
 2DIAGNOSTIC,    13, -4.280077542860e-01, 2.344878577221e-04, 5.4432e+01, 5.1651e-01, 
 2DIAGNOSTIC,    14, -4.280028141221e-01, 1.473680405947e-04, 5.5037e+01, 6.0470e-01, 
 2DIAGNOSTIC,    15, -4.279986966349e-01, 7.112366915266e-05, 5.5646e+01, 6.0866e-01, 
 2DIAGNOSTIC,    16, -4.280043755347e-01, 2.556556687650e-05, 5.6342e+01, 6.9623e-01, 
 2DIAGNOSTIC,    17, -4.280005258216e-01, 8.117150825417e-06, 5.6952e+01, 6.1047e-01, 
 2DIAGNOSTIC,    18, -4.279960766369e-01, 5.338823441559e-06, 5.7467e+01, 5.1512e-01, 
 2DIAGNOSTIC,    19, -4.279866613391e-01, 2.803582788660e-06, 5.8074e+01, 6.0707e-01, 
DIAGNOSTIC,Iteration,metricValue,convergenceValue,ITERATION_TIME_INDEX,SINCE_LAST
 2DIAGNOSTIC,     1, -3.705195963643e-01, 1.797693134862e+308, 6.7370e+01, 9.2951e+00, 
  Elapsed time (stage 1): 6.9156e+01


Stage 2
  iterations = 100x100x70x50x0
  convergence threshold = 1.0000e-06
  convergence window size = 10
  number of levels = 5
  using the Mattes MI metric (number of bins = 32, weight = 1.0000e+00)
  preprocessing:  winsorizing the image intensities
  Shrink factors (level 1 out of 5): [10, 10, 10]
  Shrink factors (level 2 out of 5): [6, 6, 6]
  Shrink factors (level 3 out of 5): [4, 4, 4]
  Shrink factors (level 4 out of 5): [2, 2, 2]
  Shrink factors (level 5 out of 5): [1, 1, 1]
  smoothing sigmas per level: [5, 3, 2, 1, 0]
  Using default NONE metricSamplingStrategy 

*** Running SyN registration (varianceForUpdateField = 3.0000e+00, varianceForTotalField = 0.0000e+00) ***

XXDIAGNOSTIC,Iteration,metricValue,convergenceValue,ITERATION_TIME_INDEX,SINCE_LAST
 1DIAGNOSTIC,     1, -5.226774018080e-01, 1.797693134862e+308, 3.3101e+01, 3.3101e+01, 
 1DIAGNOSTIC,     2, -5.441380679795e-01, 1.797693134862e+308, 3.3241e+01, 1.4070e-01, 
 1DIAGNOSTIC,     3, -5.568757768820e-01, 1.797693134862e+308, 3.3379e+01, 1.3743e-01, 
 1DIAGNOSTIC,     4, -5.618795554307e-01, 1.797693134862e+308, 3.3517e+01, 1.3786e-01, 
 1DIAGNOSTIC,     5, -5.621437303108e-01, 1.797693134862e+308, 3.3651e+01, 1.3455e-01, 
 1DIAGNOSTIC,     6, -5.604240205565e-01, 1.797693134862e+308, 3.3785e+01, 1.3424e-01, 
 1DIAGNOSTIC,     7, -5.582590960042e-01, 1.797693134862e+308, 3.3920e+01, 1.3460e-01, 
 1DIAGNOSTIC,     8, -5.552196858353e-01, 1.797693134862e+308, 3.4055e+01, 1.3455e-01, 
 1DIAGNOSTIC,     9, -5.505197574513e-01, 1.797693134862e+308, 3.4189e+01, 1.3458e-01, 
 1DIAGNOSTIC,    10, -5.517996540109e-01, 1.626980370906e-03, 3.4325e+01, 1.3547e-01, 
 1DIAGNOSTIC,    11, -5.490101322348e-01, -5.179258629318e-04, 3.4460e+01, 1.3557e-01, 
XXDIAGNOSTIC,Iteration,metricValue,convergenceValue,ITERATION_TIME_INDEX,SINCE_LAST
 1DIAGNOSTIC,     1, -4.348602830309e-01, 1.797693134862e+308, 4.9921e+01, 1.5461e+01, 
 1DIAGNOSTIC,     2, -4.373667524233e-01, 1.797693134862e+308, 5.0458e+01, 5.3700e-01, 
 1DIAGNOSTIC,     3, -4.388998023685e-01, 1.797693134862e+308, 5.0996e+01, 5.3750e-01, 
 1DIAGNOSTIC,     4, -4.395055870011e-01, 1.797693134862e+308, 5.1532e+01, 5.3595e-01, 
 1DIAGNOSTIC,     5, -4.395040312888e-01, 1.797693134862e+308, 5.2067e+01, 5.3508e-01, 
 1DIAGNOSTIC,     6, -4.393963907619e-01, 1.797693134862e+308, 5.2602e+01, 5.3514e-01, 
 1DIAGNOSTIC,     7, -4.388612501547e-01, 1.797693134862e+308, 5.3137e+01, 5.3562e-01, 
 1DIAGNOSTIC,     8, -4.382269626680e-01, 1.797693134862e+308, 5.3673e+01, 5.3595e-01, 
 1DIAGNOSTIC,     9, -4.375112628237e-01, 1.797693134862e+308, 5.4211e+01, 5.3715e-01, 
 1DIAGNOSTIC,    10, -4.367200610857e-01, 8.071316955946e-05, 5.4749e+01, 5.3847e-01, 
 1DIAGNOSTIC,    11, -4.356869452655e-01, -3.316083214976e-04, 5.5286e+01, 5.3678e-01, 
XXDIAGNOSTIC,Iteration,metricValue,convergenceValue,ITERATION_TIME_INDEX,SINCE_LAST
 1DIAGNOSTIC,     1, -3.702587733654e-01, 1.797693134862e+308, 6.5286e+01, 1.0000e+01, 
 1DIAGNOSTIC,     2, -3.713050289928e-01, 1.797693134862e+308, 6.6979e+01, 1.6934e+00, 
 1DIAGNOSTIC,     3, -3.720493152894e-01, 1.797693134862e+308, 6.8672e+01, 1.6926e+00, 
 1DIAGNOSTIC,     4, -3.725161584037e-01, 1.797693134862e+308, 7.0361e+01, 1.6894e+00, 
 1DIAGNOSTIC,     5, -3.728626688257e-01, 1.797693134862e+308, 7.2071e+01, 1.7103e+00, 
 1DIAGNOSTIC,     6, -3.728833252406e-01, 1.797693134862e+308, 7.3765e+01, 1.6932e+00, 
 1DIAGNOSTIC,     7, -3.727500237342e-01, 1.797693134862e+308, 7.5452e+01, 1.6877e+00, 
 1DIAGNOSTIC,     8, -3.724576303138e-01, 1.797693134862e+308, 7.7145e+01, 1.6929e+00, 
 1DIAGNOSTIC,     9, -3.724303806543e-01, 1.797693134862e+308, 7.8838e+01, 1.6926e+00, 
 1DIAGNOSTIC,    10, -3.720215341809e-01, 2.433732381404e-04, 8.0526e+01, 1.6878e+00, 
 1DIAGNOSTIC,    11, -3.717795736847e-01, 1.532286156464e-05, 8.2237e+01, 1.7109e+00, 
 1DIAGNOSTIC,    12, -3.715045600326e-01, -1.271156152078e-04, 8.3929e+01, 1.6920e+00, 
XXDIAGNOSTIC,Iteration,metricValue,convergenceValue,ITERATION_TIME_INDEX,SINCE_LAST
 1DIAGNOSTIC,     1, -3.148856858801e-01, 1.797693134862e+308, 1.0334e+02, 1.9416e+01, 
 1DIAGNOSTIC,     2, -3.159455442681e-01, 1.797693134862e+308, 1.1644e+02, 1.3095e+01, 
 1DIAGNOSTIC,     3, -3.170105526817e-01, 1.797693134862e+308, 1.2955e+02, 1.3111e+01, 
 1DIAGNOSTIC,     4, -3.179304522842e-01, 1.797693134862e+308, 1.4265e+02, 1.3100e+01, 
 1DIAGNOSTIC,     5, -3.187042604311e-01, 1.797693134862e+308, 1.5534e+02, 1.2686e+01, 
 1DIAGNOSTIC,     6, -3.193484622296e-01, 1.797693134862e+308, 1.6845e+02, 1.3116e+01, 
 1DIAGNOSTIC,     7, -3.199534724388e-01, 1.797693134862e+308, 1.8153e+02, 1.3082e+01, 
 1DIAGNOSTIC,     8, -3.205305751766e-01, 1.797693134862e+308, 1.9464e+02, 1.3108e+01, 
 1DIAGNOSTIC,     9, -3.210318879444e-01, 1.797693134862e+308, 2.0780e+02, 1.3160e+01, 
 1DIAGNOSTIC,    10, -3.214489835077e-01, 1.298940462808e-03, 2.2134e+02, 1.3532e+01, 
 1DIAGNOSTIC,    11, -3.218707517014e-01, 1.050481781897e-03, 2.3487e+02, 1.3531e+01, 
 1DIAGNOSTIC,    12, -3.221943877881e-01, 8.509760676550e-04, 2.4857e+02, 1.3702e+01, 
 1DIAGNOSTIC,    13, -3.225261326363e-01, 7.001954125009e-04, 2.6213e+02, 1.3564e+01, 
 1DIAGNOSTIC,    14, -3.227961864885e-01, 5.823556179665e-04, 2.7568e+02, 1.3549e+01, 
 1DIAGNOSTIC,    15, -3.230544670908e-01, 4.879071601020e-04, 2.8920e+02, 1.3518e+01, 
 1DIAGNOSTIC,    16, -3.232974578994e-01, 4.094576650331e-04, 3.0272e+02, 1.3526e+01, 
 1DIAGNOSTIC,    17, -3.235335312975e-01, 3.461164831415e-04, 3.1628e+02, 1.3553e+01, 
 1DIAGNOSTIC,    18, -3.237267264534e-01, 2.955427088415e-04, 3.2985e+02, 1.3576e+01, 
 1DIAGNOSTIC,    19, -3.239376840177e-01, 2.560161244932e-04, 3.4347e+02, 1.3618e+01, 
 1DIAGNOSTIC,    20, -3.241320790458e-01, 2.235362633476e-04, 3.5699e+02, 1.3520e+01, 
 1DIAGNOSTIC,    21, -3.242960212029e-01, 1.979179069849e-04, 3.7055e+02, 1.3562e+01, 
 1DIAGNOSTIC,    22, -3.244422774429e-01, 1.749532201266e-04, 3.8408e+02, 1.3524e+01, 
 1DIAGNOSTIC,    23, -3.245434804899e-01, 1.542466208390e-04, 3.9761e+02, 1.3532e+01, 
 1DIAGNOSTIC,    24, -3.245867470968e-01, 1.323490635722e-04, 4.1115e+02, 1.3541e+01, 
 1DIAGNOSTIC,    25, -3.246252741259e-01, 1.102964945949e-04, 4.2471e+02, 1.3565e+01, 
 1DIAGNOSTIC,    26, -3.246585092003e-01, 8.895582683125e-05, 4.3827e+02, 1.3557e+01, 
 1DIAGNOSTIC,    27, -3.246926978353e-01, 6.968847199208e-05, 4.5182e+02, 1.3546e+01, 
 1DIAGNOSTIC,    28, -3.247732927062e-01, 5.387446629694e-05, 4.6535e+02, 1.3536e+01, 
 1DIAGNOSTIC,    29, -3.248435772235e-01, 4.262408206923e-05, 4.7894e+02, 1.3585e+01, 
 1DIAGNOSTIC,    30, -3.249099752322e-01, 3.579507886281e-05, 4.9246e+02, 1.3520e+01, 
 1DIAGNOSTIC,    31, -3.249715089405e-01, 3.245818849838e-05, 5.0598e+02, 1.3520e+01, 
 1DIAGNOSTIC,    32, -3.249815100188e-01, 3.058951778451e-05, 5.1952e+02, 1.3542e+01, 
 1DIAGNOSTIC,    33, -3.250389204948e-01, 3.025421711381e-05, 5.3304e+02, 1.3518e+01, 
 1DIAGNOSTIC,    34, -3.250576344902e-01, 2.870369123478e-05, 5.4658e+02, 1.3543e+01, 
 1DIAGNOSTIC,    35, -3.251181961060e-01, 2.708641095376e-05, 5.6013e+02, 1.3553e+01, 
 1DIAGNOSTIC,    36, -3.251165297553e-01, 2.382540904951e-05, 5.7378e+02, 1.3645e+01, 
 1DIAGNOSTIC,    37, -3.250754383781e-01, 1.839750058519e-05, 5.8736e+02, 1.3582e+01, 
 1DIAGNOSTIC,    38, -3.250245589623e-01, 1.229644008474e-05, 6.0100e+02, 1.3634e+01, 
 1DIAGNOSTIC,    39, -3.249864879453e-01, 6.127638268426e-06, 6.1452e+02, 1.3521e+01, 
 1DIAGNOSTIC,    40, -3.250220908717e-01, 1.964280226543e-06, 6.2806e+02, 1.3544e+01, 
 1DIAGNOSTIC,    41, -3.251287566096e-01, 1.469659032031e-06, 6.4163e+02, 1.3569e+01, 
 1DIAGNOSTIC,    42, -3.251841154101e-01, 2.244025519203e-06, 6.5518e+02, 1.3555e+01, 
 1DIAGNOSTIC,    43, -3.252593973130e-01, 5.588393381342e-06, 6.6874e+02, 1.3554e+01, 
 1DIAGNOSTIC,    44, -3.253632253805e-01, 1.073709264980e-05, 6.8231e+02, 1.3574e+01, 
 1DIAGNOSTIC,    45, -3.253739760111e-01, 1.602760724012e-05, 6.9592e+02, 1.3608e+01, 
 1DIAGNOSTIC,    46, -3.253574927747e-01, 1.927373110742e-05, 7.0950e+02, 1.3575e+01, 
 1DIAGNOSTIC,    47, -3.253435992559e-01, 1.961611121497e-05, 7.2302e+02, 1.3520e+01, 
 1DIAGNOSTIC,    48, -3.252805449754e-01, 1.607649142548e-05, 7.3650e+02, 1.3481e+01, 
 1DIAGNOSTIC,    49, -3.252629546613e-01, 1.021560304025e-05, 7.5004e+02, 1.3541e+01, 
 1DIAGNOSTIC,    50, -3.252992804873e-01, 4.900509570114e-06, 7.6360e+02, 1.3559e+01, 
  Elapsed time (stage 2): 783.8


Total elapsed time: 915

--- Writing output images ---

Using double precision for computations.
Input scalar image: data/Segmentations/1008_3_seg.nii.gz
Reference image: data/template/T_template0_BrainCerebellum.nii.gz
=============================================================================
The composite transform comprises the following transforms (in order): 
  1. /tmp/1971259.1.basic.q/1008_ToTemplate_002_0GenericAffine.mat (type = AffineTransform)
  2. /tmp/1971259.1.basic.q/1008_ToTemplate_002_1Warp.nii.gz (type = DisplacementFieldTransform)
=============================================================================
Default pixel value: 0
Interpolation type: LabelImageGenericInterpolateImageFunction
Output warped image: output/1008/1008_WarpedLabels_002.nii.gz

--- Done ---

