
--- Running on compute-1-7.local ---


--- registration call ---
/data/jet/pcook/bin/antsBuild/bin/antsRegistrationSyNQuick.sh -d 3 -f data/template/T_template0_BrainCerebellum.nii.gz -m data/Brains/1005_3.nii.gz -t s -p f -n 1 -o /tmp/1971576.1.basic.q/1005_ToTemplate_019_
---


--------------------------------------------------------------------------------------
 Mapping parameters
--------------------------------------------------------------------------------------
 ANTSPATH is /data/jet/pcook/bin/antsBuild/bin/

 Dimensionality:           3
 Output name prefix:       /tmp/1971576.1.basic.q/1005_ToTemplate_019_
 Fixed images:             data/template/T_template0_BrainCerebellum.nii.gz
 Moving images:            data/Brains/1005_3.nii.gz
 Mask images:              
 Initial transforms:       
 Number of threads:        1
 Spline distance:          26
 Transform type:           s
 MI histogram bins:        32
 Precision:                f
 Use histogram matching    0
======================================================================================
 antsRegistration call:
--------------------------------------------------------------------------------------
/data/jet/pcook/bin/antsBuild/bin//antsRegistration --verbose 1 --dimensionality 3 --float 1 --collapse-output-transforms 1 --output [/tmp/1971576.1.basic.q/1005_ToTemplate_019_,/tmp/1971576.1.basic.q/1005_ToTemplate_019_Warped.nii.gz,/tmp/1971576.1.basic.q/1005_ToTemplate_019_InverseWarped.nii.gz] --interpolation Linear --use-histogram-matching 0 --winsorize-image-intensities [0.005,0.995] --initial-moving-transform [data/template/T_template0_BrainCerebellum.nii.gz,data/Brains/1005_3.nii.gz,1] --transform Rigid[0.1] --metric MI[data/template/T_template0_BrainCerebellum.nii.gz,data/Brains/1005_3.nii.gz,1,32,Regular,0.25] --convergence [1000x500x250x0,1e-6,10] --shrink-factors 12x8x4x2 --smoothing-sigmas 4x3x2x1vox --transform Affine[0.1] --metric MI[data/template/T_template0_BrainCerebellum.nii.gz,data/Brains/1005_3.nii.gz,1,32,Regular,0.25] --convergence [1000x500x250x0,1e-6,10] --shrink-factors 12x8x4x2 --smoothing-sigmas 4x3x2x1vox --transform SyN[0.1,3,0] --metric MI[data/template/T_template0_BrainCerebellum.nii.gz,data/Brains/1005_3.nii.gz,1,32] --convergence [100x100x70x50x0,1e-6,10] --shrink-factors 10x6x4x2x1 --smoothing-sigmas 5x3x2x1x0vox
--------------------------------------------------------------------------------------
All_Command_lines_OK
Using single precision for computations.
=============================================================================
The composite transform comprises the following transforms (in order): 
  1. Center of mass alignment using fixed image: data/template/T_template0_BrainCerebellum.nii.gz and moving image: data/Brains/1005_3.nii.gz (type = Euler3DTransform)
=============================================================================
  number of levels = 4
  number of levels = 4
  number of levels = 5
  fixed image: data/template/T_template0_BrainCerebellum.nii.gz
  moving image: data/Brains/1005_3.nii.gz
  fixed image: data/template/T_template0_BrainCerebellum.nii.gz
  moving image: data/Brains/1005_3.nii.gz
  fixed image: data/template/T_template0_BrainCerebellum.nii.gz
  moving image: data/Brains/1005_3.nii.gz
Dimension = 3
Number of stages = 3
Use Histogram Matching false
Winsorize image intensities true
Lower quantile = 0.005
Upper quantile = 0.995
Stage 1 State
   Image metric = Mattes
     Fixed image = Image (0x4455420)
  RTTI typeinfo:   itk::Image<float, 3u>
  Reference Count: 2
  Modified Time: 1611
  Debug: Off
  Object Name: 
  Observers: 
    none
  Source: (none)
  Source output name: (none)
  Release Data: Off
  Data Released: False
  Global Release Data: Off
  PipelineMTime: 0
  UpdateMTime: 1422
  RealTimeStamp: 0 seconds 
  LargestPossibleRegion: 
    Dimension: 3
    Index: [0, 0, 0]
    Size: [216, 256, 291]
  BufferedRegion: 
    Dimension: 3
    Index: [0, 0, 0]
    Size: [216, 256, 291]
  RequestedRegion: 
    Dimension: 3
    Index: [0, 0, 0]
    Size: [216, 256, 291]
  Spacing: [1, 1, 1]
  Origin: [0, 293, 0]
  Direction: 
1 0 0
0 -0 -1
0 -1 -0

  IndexToPointMatrix: 
1 0 0
0 0 -1
0 -1 0

  PointToIndexMatrix: 
1 0 0
0 0 -1
0 -1 0

  Inverse Direction: 
1 0 0
0 0 -1
0 -1 0

  PixelContainer: 
    ImportImageContainer (0x443a7f0)
      RTTI typeinfo:   itk::ImportImageContainer<unsigned long, float>
      Reference Count: 1
      Modified Time: 1419
      Debug: Off
      Object Name: 
      Observers: 
        none
      Pointer: 0x7f7750d48010
      Container manages memory: true
      Size: 16091136
      Capacity: 16091136

     Moving image = Image (0x4455e60)
  RTTI typeinfo:   itk::Image<float, 3u>
  Reference Count: 2
  Modified Time: 1612
  Debug: Off
  Object Name: 
  Observers: 
    none
  Source: (none)
  Source output name: (none)
  Release Data: Off
  Data Released: False
  Global Release Data: Off
  PipelineMTime: 0
  UpdateMTime: 1609
  RealTimeStamp: 0 seconds 
  LargestPossibleRegion: 
    Dimension: 3
    Index: [0, 0, 0]
    Size: [256, 256, 284]
  BufferedRegion: 
    Dimension: 3
    Index: [0, 0, 0]
    Size: [256, 256, 284]
  RequestedRegion: 
    Dimension: 3
    Index: [0, 0, 0]
    Size: [256, 256, 284]
  Spacing: [1, 1, 1]
  Origin: [0, 283, 0]
  Direction: 
1 0 0
0 -0 -1
0 -1 -0

  IndexToPointMatrix: 
1 0 0
0 0 -1
0 -1 0

  PointToIndexMatrix: 
1 0 0
0 0 -1
0 -1 0

  Inverse Direction: 
1 0 0
0 0 -1
0 -1 0

  PixelContainer: 
    ImportImageContainer (0x44582b0)
      RTTI typeinfo:   itk::ImportImageContainer<unsigned long, float>
      Reference Count: 1
      Modified Time: 1606
      Debug: Off
      Object Name: 
      Observers: 
        none
      Pointer: 0x7f774c647010
      Container manages memory: true
      Size: 18612224
      Capacity: 18612224

     Weighting = 1
     Sampling strategy = regular
     Number of bins = 32
     Radius = 4
     Sampling percentage  = 0.25
   Transform = Rigid
     Gradient step = 0.1
     Update field sigma (voxel space) = 0
     Total field sigma (voxel space) = 0
     Update field time sigma = 0
     Total field time sigma  = 0
     Number of time indices = 0
     Number of time point samples = 0
Stage 2 State
   Image metric = Mattes
     Fixed image = Image (0x44606c0)
  RTTI typeinfo:   itk::Image<float, 3u>
  Reference Count: 2
  Modified Time: 1987
  Debug: Off
  Object Name: 
  Observers: 
    none
  Source: (none)
  Source output name: (none)
  Release Data: Off
  Data Released: False
  Global Release Data: Off
  PipelineMTime: 0
  UpdateMTime: 1798
  RealTimeStamp: 0 seconds 
  LargestPossibleRegion: 
    Dimension: 3
    Index: [0, 0, 0]
    Size: [216, 256, 291]
  BufferedRegion: 
    Dimension: 3
    Index: [0, 0, 0]
    Size: [216, 256, 291]
  RequestedRegion: 
    Dimension: 3
    Index: [0, 0, 0]
    Size: [216, 256, 291]
  Spacing: [1, 1, 1]
  Origin: [0, 293, 0]
  Direction: 
1 0 0
0 -0 -1
0 -1 -0

  IndexToPointMatrix: 
1 0 0
0 0 -1
0 -1 0

  PointToIndexMatrix: 
1 0 0
0 0 -1
0 -1 0

  Inverse Direction: 
1 0 0
0 0 -1
0 -1 0

  PixelContainer: 
    ImportImageContainer (0x4460f60)
      RTTI typeinfo:   itk::ImportImageContainer<unsigned long, float>
      Reference Count: 1
      Modified Time: 1795
      Debug: Off
      Object Name: 
      Observers: 
        none
      Pointer: 0x7f77488e4010
      Container manages memory: true
      Size: 16091136
      Capacity: 16091136

     Moving image = Image (0x4460a50)
  RTTI typeinfo:   itk::Image<float, 3u>
  Reference Count: 2
  Modified Time: 1988
  Debug: Off
  Object Name: 
  Observers: 
    none
  Source: (none)
  Source output name: (none)
  Release Data: Off
  Data Released: False
  Global Release Data: Off
  PipelineMTime: 0
  UpdateMTime: 1985
  RealTimeStamp: 0 seconds 
  LargestPossibleRegion: 
    Dimension: 3
    Index: [0, 0, 0]
    Size: [256, 256, 284]
  BufferedRegion: 
    Dimension: 3
    Index: [0, 0, 0]
    Size: [256, 256, 284]
  RequestedRegion: 
    Dimension: 3
    Index: [0, 0, 0]
    Size: [256, 256, 284]
  Spacing: [1, 1, 1]
  Origin: [0, 283, 0]
  Direction: 
1 0 0
0 -0 -1
0 -1 -0

  IndexToPointMatrix: 
1 0 0
0 0 -1
0 -1 0

  PointToIndexMatrix: 
1 0 0
0 0 -1
0 -1 0

  Inverse Direction: 
1 0 0
0 0 -1
0 -1 0

  PixelContainer: 
    ImportImageContainer (0x4461950)
      RTTI typeinfo:   itk::ImportImageContainer<unsigned long, float>
      Reference Count: 1
      Modified Time: 1982
      Debug: Off
      Object Name: 
      Observers: 
        none
      Pointer: 0x7f77441e3010
      Container manages memory: true
      Size: 18612224
      Capacity: 18612224

     Weighting = 1
     Sampling strategy = regular
     Number of bins = 32
     Radius = 4
     Sampling percentage  = 0.25
   Transform = Affine
     Gradient step = 0.1
     Update field sigma (voxel space) = 0
     Total field sigma (voxel space) = 0
     Update field time sigma = 0
     Total field time sigma  = 0
     Number of time indices = 0
     Number of time point samples = 0
Stage 3 State
   Image metric = Mattes
     Fixed image = Image (0x44677b0)
  RTTI typeinfo:   itk::Image<float, 3u>
  Reference Count: 2
  Modified Time: 2363
  Debug: Off
  Object Name: 
  Observers: 
    none
  Source: (none)
  Source output name: (none)
  Release Data: Off
  Data Released: False
  Global Release Data: Off
  PipelineMTime: 0
  UpdateMTime: 2174
  RealTimeStamp: 0 seconds 
  LargestPossibleRegion: 
    Dimension: 3
    Index: [0, 0, 0]
    Size: [216, 256, 291]
  BufferedRegion: 
    Dimension: 3
    Index: [0, 0, 0]
    Size: [216, 256, 291]
  RequestedRegion: 
    Dimension: 3
    Index: [0, 0, 0]
    Size: [216, 256, 291]
  Spacing: [1, 1, 1]
  Origin: [0, 293, 0]
  Direction: 
1 0 0
0 -0 -1
0 -1 -0

  IndexToPointMatrix: 
1 0 0
0 0 -1
0 -1 0

  PointToIndexMatrix: 
1 0 0
0 0 -1
0 -1 0

  Inverse Direction: 
1 0 0
0 0 -1
0 -1 0

  PixelContainer: 
    ImportImageContainer (0x4467a40)
      RTTI typeinfo:   itk::ImportImageContainer<unsigned long, float>
      Reference Count: 1
      Modified Time: 2171
      Debug: Off
      Object Name: 
      Observers: 
        none
      Pointer: 0x7f7740480010
      Container manages memory: true
      Size: 16091136
      Capacity: 16091136

     Moving image = Image (0x446a1b0)
  RTTI typeinfo:   itk::Image<float, 3u>
  Reference Count: 2
  Modified Time: 2364
  Debug: Off
  Object Name: 
  Observers: 
    none
  Source: (none)
  Source output name: (none)
  Release Data: Off
  Data Released: False
  Global Release Data: Off
  PipelineMTime: 0
  UpdateMTime: 2361
  RealTimeStamp: 0 seconds 
  LargestPossibleRegion: 
    Dimension: 3
    Index: [0, 0, 0]
    Size: [256, 256, 284]
  BufferedRegion: 
    Dimension: 3
    Index: [0, 0, 0]
    Size: [256, 256, 284]
  RequestedRegion: 
    Dimension: 3
    Index: [0, 0, 0]
    Size: [256, 256, 284]
  Spacing: [1, 1, 1]
  Origin: [0, 283, 0]
  Direction: 
1 0 0
0 -0 -1
0 -1 -0

  IndexToPointMatrix: 
1 0 0
0 0 -1
0 -1 0

  PointToIndexMatrix: 
1 0 0
0 0 -1
0 -1 0

  Inverse Direction: 
1 0 0
0 0 -1
0 -1 0

  PixelContainer: 
    ImportImageContainer (0x4467aa0)
      RTTI typeinfo:   itk::ImportImageContainer<unsigned long, float>
      Reference Count: 1
      Modified Time: 2358
      Debug: Off
      Object Name: 
      Observers: 
        none
      Pointer: 0x7f773bd7f010
      Container manages memory: true
      Size: 18612224
      Capacity: 18612224

     Weighting = 1
     Sampling strategy = none
     Number of bins = 32
     Radius = 4
     Sampling percentage  = 1
   Transform = SyN
     Gradient step = 0.1
     Update field sigma (voxel space) = 3
     Total field sigma (voxel space) = 0
     Update field time sigma = 0
     Total field time sigma  = 0
     Number of time indices = 0
     Number of time point samples = 0
Registration using 3 total stages.

Stage 0
  iterations = 1000x500x250x0
  convergence threshold = 1e-06
  convergence window size = 10
  number of levels = 4
  using the Mattes MI metric (number of bins = 32, weight = 1)
  preprocessing:  winsorizing the image intensities
  Shrink factors (level 1 out of 4): [12, 12, 12]
  Shrink factors (level 2 out of 4): [8, 8, 8]
  Shrink factors (level 3 out of 4): [4, 4, 4]
  Shrink factors (level 4 out of 4): [2, 2, 2]
  smoothing sigmas per level: [4, 3, 2, 1]
  regular sampling (percentage = 0.25)

*** Running Euler3DTransform registration ***

DIAGNOSTIC,Iteration,metricValue,convergenceValue,ITERATION_TIME_INDEX,SINCE_LAST
 2DIAGNOSTIC,     1, -4.792952239513e-01, inf, 1.7542e+01, 1.7542e+01, 
 2DIAGNOSTIC,     2, -4.795031547546e-01, inf, 1.7553e+01, 1.0574e-02, 
 2DIAGNOSTIC,     3, -4.797118604183e-01, inf, 1.7563e+01, 1.0359e-02, 
 2DIAGNOSTIC,     4, -4.803169965744e-01, inf, 1.7574e+01, 1.0361e-02, 
 2DIAGNOSTIC,     5, -4.806130826473e-01, inf, 1.7584e+01, 1.0381e-02, 
 2DIAGNOSTIC,     6, -4.810094237328e-01, inf, 1.7601e+01, 1.6906e-02, 
 2DIAGNOSTIC,     7, -4.811275005341e-01, inf, 1.7613e+01, 1.1899e-02, 
 2DIAGNOSTIC,     8, -4.810433387756e-01, inf, 1.7623e+01, 1.0295e-02, 
 2DIAGNOSTIC,     9, -4.810047149658e-01, inf, 1.7635e+01, 1.1884e-02, 
 2DIAGNOSTIC,    10, -4.809585511684e-01, 2.607298374642e-04, 1.7646e+01, 1.0984e-02, 
 2DIAGNOSTIC,    11, -4.810061454773e-01, 1.800843892852e-04, 1.7658e+01, 1.2463e-02, 
 2DIAGNOSTIC,    12, -4.810346364975e-01, 1.086792472051e-04, 1.7669e+01, 1.0863e-02, 
 2DIAGNOSTIC,    13, -4.811585545540e-01, 5.349998173187e-05, 1.7680e+01, 1.0870e-02, 
 2DIAGNOSTIC,    14, -4.816008210182e-01, 4.568124495563e-05, 1.7693e+01, 1.2540e-02, 
 2DIAGNOSTIC,    15, -4.817409217358e-01, 5.129708733875e-05, 1.7709e+01, 1.5756e-02, 
 2DIAGNOSTIC,    16, -4.818517863750e-01, 7.034857117105e-05, 1.7719e+01, 1.0848e-02, 
 2DIAGNOSTIC,    17, -4.818893969059e-01, 8.647560753161e-05, 1.7732e+01, 1.2448e-02, 
 2DIAGNOSTIC,    18, -4.821135103703e-01, 9.758472879184e-05, 1.7743e+01, 1.0954e-02, 
 2DIAGNOSTIC,    19, -4.845746159554e-01, 1.736108097248e-04, 1.7756e+01, 1.2840e-02, 
 2DIAGNOSTIC,    20, -4.861960709095e-01, 2.703927748371e-04, 1.7772e+01, 1.6002e-02, 
 2DIAGNOSTIC,    21, -4.866464734077e-01, 3.466028429102e-04, 1.7782e+01, 1.0898e-02, 
 2DIAGNOSTIC,    22, -4.873312413692e-01, 4.040189087391e-04, 1.7793e+01, 1.0911e-02, 
 2DIAGNOSTIC,    23, -4.876386523247e-01, 4.295259714127e-04, 1.7806e+01, 1.2487e-02, 
 2DIAGNOSTIC,    24, -4.873703420162e-01, 4.159776726738e-04, 1.7817e+01, 1.0930e-02, 
 2DIAGNOSTIC,    25, -4.877922832966e-01, 3.774822980631e-04, 1.7829e+01, 1.2650e-02, 
 2DIAGNOSTIC,    26, -4.884087443352e-01, 3.234070027247e-04, 1.7842e+01, 1.2524e-02, 
 2DIAGNOSTIC,    27, -4.884853363037e-01, 2.459368261043e-04, 1.7853e+01, 1.0846e-02, 
 2DIAGNOSTIC,    28, -4.883010983467e-01, 1.510198635515e-04, 1.7865e+01, 1.2440e-02, 
 2DIAGNOSTIC,    29, -4.884355664253e-01, 1.009487023111e-04, 1.7876e+01, 1.0825e-02, 
 2DIAGNOSTIC,    30, -4.888058900833e-01, 8.357975457329e-05, 1.7889e+01, 1.2503e-02, 
 2DIAGNOSTIC,    31, -4.889166355133e-01, 6.932588439668e-05, 1.7924e+01, 3.5277e-02, 
 2DIAGNOSTIC,    32, -4.889162182808e-01, 6.197953916853e-05, 1.7935e+01, 1.0811e-02, 
 2DIAGNOSTIC,    33, -4.889178574085e-01, 5.537869219552e-05, 1.7945e+01, 1.0753e-02, 
 2DIAGNOSTIC,    34, -4.889215528965e-01, 3.935795757570e-05, 1.7956e+01, 1.0745e-02, 
 2DIAGNOSTIC,    35, -4.889271855354e-01, 2.732798748184e-05, 1.7967e+01, 1.0731e-02, 
 2DIAGNOSTIC,    36, -4.889369308949e-01, 2.357540688536e-05, 1.7978e+01, 1.0733e-02, 
 2DIAGNOSTIC,    37, -4.889523088932e-01, 1.952327693289e-05, 1.7988e+01, 1.0772e-02, 
 2DIAGNOSTIC,    38, -4.889770448208e-01, 1.148172850662e-05, 1.7999e+01, 1.0786e-02, 
 2DIAGNOSTIC,    39, -4.888469874859e-01, 2.762450549199e-06, 1.8010e+01, 1.0770e-02, 
DIAGNOSTIC,Iteration,metricValue,convergenceValue,ITERATION_TIME_INDEX,SINCE_LAST
 2DIAGNOSTIC,     1, -4.170626997948e-01, inf, 3.1357e+01, 1.3347e+01, 
 2DIAGNOSTIC,     2, -4.185085296631e-01, inf, 3.1409e+01, 5.2373e-02, 
 2DIAGNOSTIC,     3, -4.203714132309e-01, inf, 3.1462e+01, 5.2444e-02, 
 2DIAGNOSTIC,     4, -4.210721552372e-01, inf, 3.1524e+01, 6.1890e-02, 
 2DIAGNOSTIC,     5, -4.210775792599e-01, inf, 3.1576e+01, 5.2299e-02, 
 2DIAGNOSTIC,     6, -4.210986495018e-01, inf, 3.1638e+01, 6.1818e-02, 
 2DIAGNOSTIC,     7, -4.212442040443e-01, inf, 3.1700e+01, 6.1810e-02, 
 2DIAGNOSTIC,     8, -4.212405383587e-01, inf, 3.1761e+01, 6.1871e-02, 
 2DIAGNOSTIC,     9, -4.211763143539e-01, inf, 3.1814e+01, 5.2316e-02, 
 2DIAGNOSTIC,    10, -4.213027954102e-01, 4.942888626829e-04, 3.1876e+01, 6.2673e-02, 
 2DIAGNOSTIC,    11, -4.214658439159e-01, 2.452347544022e-04, 3.1929e+01, 5.2896e-02, 
 2DIAGNOSTIC,    12, -4.216316938400e-01, 1.038985428750e-04, 3.1992e+01, 6.2693e-02, 
 2DIAGNOSTIC,    13, -4.222739636898e-01, 1.043184456648e-04, 3.2055e+01, 6.2560e-02, 
 2DIAGNOSTIC,    14, -4.222701191902e-01, 1.285333419219e-04, 3.2108e+01, 5.3028e-02, 
 2DIAGNOSTIC,    15, -4.223345816135e-01, 1.415409351466e-04, 3.2170e+01, 6.2573e-02, 
 2DIAGNOSTIC,    16, -4.225043952465e-01, 1.481623039581e-04, 3.2233e+01, 6.2558e-02, 
 2DIAGNOSTIC,    17, -4.225544333458e-01, 1.479715865571e-04, 3.2295e+01, 6.2641e-02, 
 2DIAGNOSTIC,    18, -4.225190877914e-01, 1.327060745098e-04, 3.2368e+01, 7.2479e-02, 
 2DIAGNOSTIC,    19, -4.227837324142e-01, 1.141337706940e-04, 3.2430e+01, 6.2517e-02, 
 2DIAGNOSTIC,    20, -4.227524101734e-01, 9.014988609124e-05, 3.2483e+01, 5.3016e-02, 
 2DIAGNOSTIC,    21, -4.227212071419e-01, 6.454429967562e-05, 3.2536e+01, 5.2931e-02, 
 2DIAGNOSTIC,    22, -4.227789044380e-01, 4.181385156699e-05, 3.2589e+01, 5.2979e-02, 
 2DIAGNOSTIC,    23, -4.227615594864e-01, 3.562419806258e-05, 3.2642e+01, 5.2936e-02, 
 2DIAGNOSTIC,    24, -4.227543175220e-01, 2.636077624629e-05, 3.2695e+01, 5.2948e-02, 
 2DIAGNOSTIC,    25, -4.228002727032e-01, 1.835237526393e-05, 3.2777e+01, 8.2161e-02, 
 2DIAGNOSTIC,    26, -4.228402376175e-01, 1.482462994318e-05, 3.2908e+01, 1.3029e-01, 
 2DIAGNOSTIC,    27, -4.228397011757e-01, 1.156856342277e-05, 3.2961e+01, 5.2887e-02, 
 2DIAGNOSTIC,    28, -4.228422641754e-01, 6.605494945688e-06, 3.3023e+01, 6.2502e-02, 
 2DIAGNOSTIC,    29, -4.228453040123e-01, 7.736351108178e-06, 3.3076e+01, 5.2921e-02, 
 2DIAGNOSTIC,    30, -4.228079915047e-01, 6.630554253206e-06, 3.3129e+01, 5.2977e-02, 
 2DIAGNOSTIC,    31, -4.228137135506e-01, 4.478957180254e-06, 3.3182e+01, 5.2887e-02, 
 2DIAGNOSTIC,    32, -4.228194057941e-01, 3.478981170701e-06, 3.3235e+01, 5.2913e-02, 
 2DIAGNOSTIC,    33, -4.228258728981e-01, 2.095667468893e-06, 3.3288e+01, 5.2939e-02, 
DIAGNOSTIC,Iteration,metricValue,convergenceValue,ITERATION_TIME_INDEX,SINCE_LAST
 2DIAGNOSTIC,     1, -3.557561039925e-01, inf, 4.1914e+01, 8.6259e+00, 
 2DIAGNOSTIC,     2, -3.559591472149e-01, inf, 4.2336e+01, 4.2215e-01, 
 2DIAGNOSTIC,     3, -3.560934662819e-01, inf, 4.2757e+01, 4.2169e-01, 
 2DIAGNOSTIC,     4, -3.562259972095e-01, inf, 4.3179e+01, 4.2166e-01, 
 2DIAGNOSTIC,     5, -3.564185202122e-01, inf, 4.3601e+01, 4.2203e-01, 
 2DIAGNOSTIC,     6, -3.565146327019e-01, inf, 4.4105e+01, 5.0420e-01, 
 2DIAGNOSTIC,     7, -3.565945923328e-01, inf, 4.4857e+01, 7.5145e-01, 
 2DIAGNOSTIC,     8, -3.566139638424e-01, inf, 4.5279e+01, 4.2177e-01, 
 2DIAGNOSTIC,     9, -3.566195964813e-01, inf, 4.5783e+01, 5.0428e-01, 
 2DIAGNOSTIC,    10, -3.566334843636e-01, 1.633148494875e-04, 4.6370e+01, 5.8686e-01, 
 2DIAGNOSTIC,    11, -3.566301465034e-01, 1.133541518357e-04, 4.6875e+01, 5.0509e-01, 
 2DIAGNOSTIC,    12, -3.566245138645e-01, 7.490527059417e-05, 4.7380e+01, 5.0487e-01, 
 2DIAGNOSTIC,    13, -3.566223382950e-01, 4.394446659717e-05, 4.7885e+01, 5.0528e-01, 
 2DIAGNOSTIC,    14, -3.566238582134e-01, 2.108518492605e-05, 4.8390e+01, 5.0546e-01, 
 2DIAGNOSTIC,    15, -3.566282391548e-01, 9.925034646585e-06, 4.8896e+01, 5.0521e-01, 
 2DIAGNOSTIC,    16, -3.566337227821e-01, 4.404040737427e-06, 4.9318e+01, 4.2232e-01, 
 2DIAGNOSTIC,    17, -3.566384017467e-01, 3.269643457315e-06, 4.9823e+01, 5.0520e-01, 
 2DIAGNOSTIC,    18, -3.566454946995e-01, 3.304763595224e-06, 5.0246e+01, 4.2274e-01, 
 2DIAGNOSTIC,    19, -3.566620647907e-01, 4.099327725271e-06, 5.0668e+01, 4.2253e-01, 
 2DIAGNOSTIC,    20, -3.566888570786e-01, 6.193914487085e-06, 5.1256e+01, 5.8750e-01, 
 2DIAGNOSTIC,    21, -3.567133843899e-01, 8.448652806692e-06, 5.1843e+01, 5.8737e-01, 
 2DIAGNOSTIC,    22, -3.567131161690e-01, 9.634155503591e-06, 5.2265e+01, 4.2218e-01, 
 2DIAGNOSTIC,    23, -3.567104637623e-01, 9.805303307076e-06, 5.2771e+01, 5.0535e-01, 
 2DIAGNOSTIC,    24, -3.567234575748e-01, 9.657536793384e-06, 5.3276e+01, 5.0522e-01, 
 2DIAGNOSTIC,    25, -3.567242324352e-01, 8.871792488208e-06, 5.3698e+01, 4.2247e-01, 
 2DIAGNOSTIC,    26, -3.567369580269e-01, 7.983941941347e-06, 5.4286e+01, 5.8730e-01, 
 2DIAGNOSTIC,    27, -3.567513823509e-01, 7.095411547198e-06, 5.4791e+01, 5.0506e-01, 
 2DIAGNOSTIC,    28, -3.567526042461e-01, 5.948970283498e-06, 5.5378e+01, 5.8724e-01, 
 2DIAGNOSTIC,    29, -3.567422926426e-01, 4.589767740981e-06, 5.5883e+01, 5.0487e-01, 
 2DIAGNOSTIC,    30, -3.567436635494e-01, 3.730900061782e-06, 5.6388e+01, 5.0511e-01, 
 2DIAGNOSTIC,    31, -3.567320704460e-01, 3.001444156325e-06, 5.6810e+01, 4.2236e-01, 
 2DIAGNOSTIC,    32, -3.567262589931e-01, 1.982273943213e-06, 5.7233e+01, 4.2231e-01, 
 2DIAGNOSTIC,    33, -3.567472994328e-01, 1.371847361042e-06, 5.7655e+01, 4.2275e-01, 
 2DIAGNOSTIC,    34, -3.567453026772e-01, 1.008714548334e-06, 5.8160e+01, 5.0481e-01, 
 2DIAGNOSTIC,    35, -3.567597568035e-01, 1.008573576655e-06, 5.8665e+01, 5.0515e-01, 
 2DIAGNOSTIC,    36, -3.567599356174e-01, 1.274735609513e-06, 5.9088e+01, 4.2260e-01, 
 2DIAGNOSTIC,    37, -3.567676246166e-01, 1.966965328393e-06, 5.9593e+01, 5.0504e-01, 
 2DIAGNOSTIC,    38, -3.567671477795e-01, 2.529087396397e-06, 6.0098e+01, 5.0445e-01, 
 2DIAGNOSTIC,    39, -3.567662537098e-01, 2.666751242941e-06, 6.0603e+01, 5.0502e-01, 
 2DIAGNOSTIC,    40, -3.567531108856e-01, 2.396730678811e-06, 6.1190e+01, 5.8732e-01, 
 2DIAGNOSTIC,    41, -3.567454516888e-01, 1.625677100492e-06, 6.1695e+01, 5.0495e-01, 
DIAGNOSTIC,Iteration,metricValue,convergenceValue,ITERATION_TIME_INDEX,SINCE_LAST
 2DIAGNOSTIC,     1, -3.085858821869e-01, inf, 7.0468e+01, 8.7736e+00, 
  Elapsed time (stage 0): 7.2244e+01


Stage 1
  iterations = 1000x500x250x0
  convergence threshold = 1.0000e-06
  convergence window size = 10
  number of levels = 4
  using the Mattes MI metric (number of bins = 32, weight = 1.0000e+00)
  preprocessing:  winsorizing the image intensities
  Shrink factors (level 1 out of 4): [12, 12, 12]
  Shrink factors (level 2 out of 4): [8, 8, 8]
  Shrink factors (level 3 out of 4): [4, 4, 4]
  Shrink factors (level 4 out of 4): [2, 2, 2]
  smoothing sigmas per level: [4, 3, 2, 1]
  regular sampling (percentage = 2.5000e-01)

*** Running AffineTransform registration ***

DIAGNOSTIC,Iteration,metricValue,convergenceValue,ITERATION_TIME_INDEX,SINCE_LAST
 2DIAGNOSTIC,     1, -4.882448017597e-01, inf, 1.7343e+01, 1.7343e+01, 
 2DIAGNOSTIC,     2, -4.893210232258e-01, inf, 1.7358e+01, 1.4528e-02, 
 2DIAGNOSTIC,     3, -4.908552169800e-01, inf, 1.7372e+01, 1.4225e-02, 
 2DIAGNOSTIC,     4, -4.938903450966e-01, inf, 1.7386e+01, 1.4160e-02, 
 2DIAGNOSTIC,     5, -4.973707199097e-01, inf, 1.7400e+01, 1.4203e-02, 
 2DIAGNOSTIC,     6, -5.016691684723e-01, inf, 1.7415e+01, 1.4422e-02, 
 2DIAGNOSTIC,     7, -5.116291642189e-01, inf, 1.7433e+01, 1.8024e-02, 
 2DIAGNOSTIC,     8, -5.145670771599e-01, inf, 1.7454e+01, 2.0971e-02, 
 2DIAGNOSTIC,     9, -5.150443911552e-01, inf, 1.7469e+01, 1.5631e-02, 
 2DIAGNOSTIC,    10, -5.152955055237e-01, 4.260355606675e-03, 1.7485e+01, 1.6183e-02, 
 2DIAGNOSTIC,    11, -5.157458186150e-01, 3.716394305229e-03, 1.7500e+01, 1.4525e-02, 
 2DIAGNOSTIC,    12, -5.159258842468e-01, 2.984906546772e-03, 1.7514e+01, 1.4478e-02, 
 2DIAGNOSTIC,    13, -5.162566900253e-01, 2.177651505917e-03, 1.7529e+01, 1.4495e-02, 
 2DIAGNOSTIC,    14, -5.171612501144e-01, 1.452542725019e-03, 1.7543e+01, 1.4460e-02, 
 2DIAGNOSTIC,    15, -5.184361934662e-01, 8.722688653506e-04, 1.7558e+01, 1.4494e-02, 
 2DIAGNOSTIC,    16, -5.201870203018e-01, 4.885319503956e-04, 1.7578e+01, 1.9694e-02, 
 2DIAGNOSTIC,    17, -5.210167169571e-01, 4.577750223689e-04, 1.7594e+01, 1.6259e-02, 
 2DIAGNOSTIC,    18, -5.213015675545e-01, 4.885591915809e-04, 1.7608e+01, 1.4607e-02, 
 2DIAGNOSTIC,    19, -5.236616134644e-01, 5.544045707211e-04, 1.7627e+01, 1.8085e-02, 
 2DIAGNOSTIC,    20, -5.245474576950e-01, 5.913680070080e-04, 1.7641e+01, 1.4497e-02, 
 2DIAGNOSTIC,    21, -5.247970223427e-01, 5.879379459657e-04, 1.7657e+01, 1.6174e-02, 
 2DIAGNOSTIC,    22, -5.247281789780e-01, 5.340274074115e-04, 1.7672e+01, 1.4462e-02, 
 2DIAGNOSTIC,    23, -5.247020125389e-01, 4.429882683326e-04, 1.7686e+01, 1.4430e-02, 
 2DIAGNOSTIC,    24, -5.249099731445e-01, 3.430623037275e-04, 1.7702e+01, 1.6189e-02, 
 2DIAGNOSTIC,    25, -5.246546268463e-01, 2.403328835499e-04, 1.7720e+01, 1.7769e-02, 
 2DIAGNOSTIC,    26, -5.247412919998e-01, 1.627257297514e-04, 1.7736e+01, 1.6095e-02, 
 2DIAGNOSTIC,    27, -5.247967839241e-01, 9.457747364650e-05, 1.7751e+01, 1.4406e-02, 
 2DIAGNOSTIC,    28, -5.245211124420e-01, 2.163522367482e-05, 1.7765e+01, 1.4497e-02, 
DIAGNOSTIC,Iteration,metricValue,convergenceValue,ITERATION_TIME_INDEX,SINCE_LAST
 2DIAGNOSTIC,     1, -4.388291239738e-01, inf, 3.1236e+01, 1.3471e+01, 
 2DIAGNOSTIC,     2, -4.403580129147e-01, inf, 3.1300e+01, 6.4499e-02, 
 2DIAGNOSTIC,     3, -4.430108666420e-01, inf, 3.1365e+01, 6.4711e-02, 
 2DIAGNOSTIC,     4, -4.460511803627e-01, inf, 3.1429e+01, 6.4144e-02, 
 2DIAGNOSTIC,     5, -4.483309686184e-01, inf, 3.1494e+01, 6.5089e-02, 
 2DIAGNOSTIC,     6, -4.497565329075e-01, inf, 3.1559e+01, 6.4897e-02, 
 2DIAGNOSTIC,     7, -4.512948989868e-01, inf, 3.1624e+01, 6.5247e-02, 
 2DIAGNOSTIC,     8, -4.539174437523e-01, inf, 3.1720e+01, 9.5389e-02, 
 2DIAGNOSTIC,     9, -4.547519683838e-01, inf, 3.1795e+01, 7.4812e-02, 
 2DIAGNOSTIC,    10, -4.549894928932e-01, 2.481469651684e-03, 3.1870e+01, 7.5352e-02, 
 2DIAGNOSTIC,    11, -4.557359814644e-01, 2.007020404562e-03, 3.1965e+01, 9.5420e-02, 
 2DIAGNOSTIC,    12, -4.558070898056e-01, 1.515054726042e-03, 3.2030e+01, 6.4799e-02, 
 2DIAGNOSTIC,    13, -4.562178552151e-01, 1.108334050514e-03, 3.2105e+01, 7.4845e-02, 
 2DIAGNOSTIC,    14, -4.563846886158e-01, 8.025649003685e-04, 3.2170e+01, 6.4965e-02, 
 2DIAGNOSTIC,    15, -4.566157162189e-01, 5.710870027542e-04, 3.2235e+01, 6.4871e-02, 
 2DIAGNOSTIC,    16, -4.570192992687e-01, 3.883416939061e-04, 3.2320e+01, 8.4602e-02, 
 2DIAGNOSTIC,    17, -4.569977223873e-01, 2.452802436892e-04, 3.2394e+01, 7.4474e-02, 
 2DIAGNOSTIC,    18, -4.571554064751e-01, 1.927169505507e-04, 3.2459e+01, 6.4635e-02, 
 2DIAGNOSTIC,    19, -4.573884904385e-01, 1.633806678001e-04, 3.2533e+01, 7.4613e-02, 
 2DIAGNOSTIC,    20, -4.575572013855e-01, 1.339662994724e-04, 3.2608e+01, 7.4790e-02, 
 2DIAGNOSTIC,    21, -4.577214717865e-01, 1.222464779858e-04, 3.2673e+01, 6.4602e-02, 
 2DIAGNOSTIC,    22, -4.579163193703e-01, 1.077333799913e-04, 3.2747e+01, 7.4368e-02, 
 2DIAGNOSTIC,    23, -4.579482078552e-01, 9.663637320045e-05, 3.2821e+01, 7.4261e-02, 
 2DIAGNOSTIC,    24, -4.579087793827e-01, 8.079587860266e-05, 3.2886e+01, 6.4274e-02, 
 2DIAGNOSTIC,    25, -4.579107165337e-01, 6.439315620810e-05, 3.2960e+01, 7.4457e-02, 
 2DIAGNOSTIC,    26, -4.579129517078e-01, 5.316111128195e-05, 3.3044e+01, 8.4082e-02, 
 2DIAGNOSTIC,    27, -4.579148590565e-01, 3.733790799743e-05, 3.3108e+01, 6.4250e-02, 
 2DIAGNOSTIC,    28, -4.578697681427e-01, 2.169468280044e-05, 3.3173e+01, 6.4222e-02, 
 2DIAGNOSTIC,    29, -4.578747451305e-01, 1.038447771862e-05, 3.3237e+01, 6.4280e-02, 
 2DIAGNOSTIC,    30, -4.578808844090e-01, 2.554165803303e-06, 3.3331e+01, 9.3929e-02, 
DIAGNOSTIC,Iteration,metricValue,convergenceValue,ITERATION_TIME_INDEX,SINCE_LAST
 2DIAGNOSTIC,     1, -3.802520632744e-01, inf, 4.2044e+01, 8.7133e+00, 
 2DIAGNOSTIC,     2, -3.810008168221e-01, inf, 4.2564e+01, 5.1964e-01, 
 2DIAGNOSTIC,     3, -3.816220164299e-01, inf, 4.3089e+01, 5.2544e-01, 
 2DIAGNOSTIC,     4, -3.820121884346e-01, inf, 4.3614e+01, 5.2513e-01, 
 2DIAGNOSTIC,     5, -3.823413848877e-01, inf, 4.4140e+01, 5.2524e-01, 
 2DIAGNOSTIC,     6, -3.826576471329e-01, inf, 4.4665e+01, 5.2535e-01, 
 2DIAGNOSTIC,     7, -3.830508291721e-01, inf, 4.5353e+01, 6.8831e-01, 
 2DIAGNOSTIC,     8, -3.831019699574e-01, inf, 4.5957e+01, 6.0336e-01, 
 2DIAGNOSTIC,     9, -3.831703960896e-01, inf, 4.6475e+01, 5.1889e-01, 
 2DIAGNOSTIC,    10, -3.836117386818e-01, 5.110534839332e-04, 4.7079e+01, 6.0321e-01, 
 2DIAGNOSTIC,    11, -3.843330740929e-01, 4.287311458029e-04, 4.7678e+01, 5.9985e-01, 
 2DIAGNOSTIC,    12, -3.844529688358e-01, 3.739292151295e-04, 4.8278e+01, 5.9947e-01, 
 2DIAGNOSTIC,    13, -3.847535252571e-01, 3.471553209238e-04, 4.8876e+01, 5.9818e-01, 
 2DIAGNOSTIC,    14, -3.847747147083e-01, 3.148600517306e-04, 4.9561e+01, 6.8460e-01, 
 2DIAGNOSTIC,    15, -3.847937583923e-01, 2.751442661975e-04, 5.0161e+01, 6.0035e-01, 
 2DIAGNOSTIC,    16, -3.847857117653e-01, 2.287833049195e-04, 5.0759e+01, 5.9814e-01, 
 2DIAGNOSTIC,    17, -3.847788870335e-01, 1.839436299633e-04, 5.1355e+01, 5.9576e-01, 
 2DIAGNOSTIC,    18, -3.847774565220e-01, 1.297457492910e-04, 5.2044e+01, 6.8932e-01, 
 2DIAGNOSTIC,    19, -3.847668468952e-01, 7.152655598475e-05, 5.2651e+01, 6.0655e-01, 
 2DIAGNOSTIC,    20, -3.847647905350e-01, 2.839882108674e-05, 5.3258e+01, 6.0724e-01, 
 2DIAGNOSTIC,    21, -3.847571313381e-01, 1.209617948916e-05, 5.3863e+01, 6.0468e-01, 
DIAGNOSTIC,Iteration,metricValue,convergenceValue,ITERATION_TIME_INDEX,SINCE_LAST
 2DIAGNOSTIC,     1, -3.291468322277e-01, inf, 6.3012e+01, 9.1489e+00, 
  Elapsed time (stage 1): 6.4769e+01


Stage 2
  iterations = 100x100x70x50x0
  convergence threshold = 1.0000e-06
  convergence window size = 10
  number of levels = 5
  using the Mattes MI metric (number of bins = 32, weight = 1.0000e+00)
  preprocessing:  winsorizing the image intensities
  Shrink factors (level 1 out of 5): [10, 10, 10]
  Shrink factors (level 2 out of 5): [6, 6, 6]
  Shrink factors (level 3 out of 5): [4, 4, 4]
  Shrink factors (level 4 out of 5): [2, 2, 2]
  Shrink factors (level 5 out of 5): [1, 1, 1]
  smoothing sigmas per level: [5, 3, 2, 1, 0]
  Using default NONE metricSamplingStrategy 

*** Running SyN registration (varianceForUpdateField = 3.0000e+00, varianceForTotalField = 0.0000e+00) ***

XXDIAGNOSTIC,Iteration,metricValue,convergenceValue,ITERATION_TIME_INDEX,SINCE_LAST
 1DIAGNOSTIC,     1, -5.087196826935e-01, inf, 3.1455e+01, 3.1455e+01, 
 1DIAGNOSTIC,     2, -5.243531465530e-01, inf, 3.1607e+01, 1.5279e-01, 
 1DIAGNOSTIC,     3, -5.338745117188e-01, inf, 3.1754e+01, 1.4631e-01, 
 1DIAGNOSTIC,     4, -5.346040129662e-01, inf, 3.1900e+01, 1.4658e-01, 
 1DIAGNOSTIC,     5, -5.320420265198e-01, inf, 3.2047e+01, 1.4643e-01, 
 1DIAGNOSTIC,     6, -5.305787920952e-01, inf, 3.2194e+01, 1.4717e-01, 
 1DIAGNOSTIC,     7, -5.287976264954e-01, inf, 3.2340e+01, 1.4657e-01, 
 1DIAGNOSTIC,     8, -5.264974236488e-01, inf, 3.2487e+01, 1.4659e-01, 
 1DIAGNOSTIC,     9, -5.256695747375e-01, inf, 3.2634e+01, 1.4665e-01, 
 1DIAGNOSTIC,    10, -5.223476886749e-01, 3.617568290792e-04, 3.2781e+01, 1.4719e-01, 
 1DIAGNOSTIC,    11, -5.206168889999e-01, -1.124574569985e-03, 3.2928e+01, 1.4734e-01, 
XXDIAGNOSTIC,Iteration,metricValue,convergenceValue,ITERATION_TIME_INDEX,SINCE_LAST
 1DIAGNOSTIC,     1, -4.144442975521e-01, inf, 4.6699e+01, 1.3771e+01, 
 1DIAGNOSTIC,     2, -4.158849120140e-01, inf, 4.7296e+01, 5.9684e-01, 
 1DIAGNOSTIC,     3, -4.164421558380e-01, inf, 4.7873e+01, 5.7697e-01, 
 1DIAGNOSTIC,     4, -4.161859154701e-01, inf, 4.8452e+01, 5.7972e-01, 
 1DIAGNOSTIC,     5, -4.156579375267e-01, inf, 4.9031e+01, 5.7894e-01, 
 1DIAGNOSTIC,     6, -4.150524139404e-01, inf, 4.9611e+01, 5.7933e-01, 
 1DIAGNOSTIC,     7, -4.144471883774e-01, inf, 5.0188e+01, 5.7731e-01, 
 1DIAGNOSTIC,     8, -4.135805368423e-01, inf, 5.0766e+01, 5.7805e-01, 
 1DIAGNOSTIC,     9, -4.123277962208e-01, inf, 5.1350e+01, 5.8406e-01, 
 1DIAGNOSTIC,    10, -4.113303422928e-01, -6.236286717467e-04, 5.1931e+01, 5.8131e-01, 
XXDIAGNOSTIC,Iteration,metricValue,convergenceValue,ITERATION_TIME_INDEX,SINCE_LAST
 1DIAGNOSTIC,     1, -3.538181781769e-01, inf, 6.2170e+01, 1.0239e+01, 
 1DIAGNOSTIC,     2, -3.547260165215e-01, inf, 6.3959e+01, 1.7892e+00, 
 1DIAGNOSTIC,     3, -3.553734421730e-01, inf, 6.5752e+01, 1.7931e+00, 
 1DIAGNOSTIC,     4, -3.559402823448e-01, inf, 6.7542e+01, 1.7899e+00, 
 1DIAGNOSTIC,     5, -3.562898337841e-01, inf, 6.9332e+01, 1.7892e+00, 
 1DIAGNOSTIC,     6, -3.566877841949e-01, inf, 7.1132e+01, 1.8005e+00, 
 1DIAGNOSTIC,     7, -3.567659556866e-01, inf, 7.2923e+01, 1.7911e+00, 
 1DIAGNOSTIC,     8, -3.568420410156e-01, inf, 7.4711e+01, 1.7875e+00, 
 1DIAGNOSTIC,     9, -3.565836250782e-01, inf, 7.6559e+01, 1.8478e+00, 
 1DIAGNOSTIC,    10, -3.563912212849e-01, 4.565764393192e-04, 7.8357e+01, 1.7985e+00, 
 1DIAGNOSTIC,    11, -3.561227917671e-01, 2.212531690020e-04, 8.0152e+01, 1.7949e+00, 
 1DIAGNOSTIC,    12, -3.557654023170e-01, 4.168563827989e-05, 8.2008e+01, 1.8561e+00, 
 1DIAGNOSTIC,    13, -3.555051982403e-01, -9.015469549922e-05, 8.3857e+01, 1.8487e+00, 
XXDIAGNOSTIC,Iteration,metricValue,convergenceValue,ITERATION_TIME_INDEX,SINCE_LAST
 1DIAGNOSTIC,     1, -3.023226857185e-01, inf, 1.0370e+02, 1.9842e+01, 
 1DIAGNOSTIC,     2, -3.032620251179e-01, inf, 1.1703e+02, 1.3327e+01, 
 1DIAGNOSTIC,     3, -3.043621182442e-01, inf, 1.2987e+02, 1.2842e+01, 
 1DIAGNOSTIC,     4, -3.052889704704e-01, inf, 1.4287e+02, 1.2998e+01, 
 1DIAGNOSTIC,     5, -3.061422109604e-01, inf, 1.5573e+02, 1.2865e+01, 
 1DIAGNOSTIC,     6, -3.068925440311e-01, inf, 1.6859e+02, 1.2860e+01, 
 1DIAGNOSTIC,     7, -3.075774312019e-01, inf, 1.8190e+02, 1.3307e+01, 
 1DIAGNOSTIC,     8, -3.081752359867e-01, inf, 1.9526e+02, 1.3365e+01, 
 1DIAGNOSTIC,     9, -3.086139559746e-01, inf, 2.0812e+02, 1.2856e+01, 
 1DIAGNOSTIC,    10, -3.088805377483e-01, 1.405230723321e-03, 2.2147e+02, 1.3346e+01, 
 1DIAGNOSTIC,    11, -3.091798722744e-01, 1.121117267758e-03, 2.3525e+02, 1.3786e+01, 
 1DIAGNOSTIC,    12, -3.095597028732e-01, 8.847062708810e-04, 2.4908e+02, 1.3831e+01, 
 1DIAGNOSTIC,    13, -3.098811507225e-01, 7.050865679048e-04, 2.6300e+02, 1.3916e+01, 
 1DIAGNOSTIC,    14, -3.101668953896e-01, 5.667219520546e-04, 2.7681e+02, 1.3808e+01, 
 1DIAGNOSTIC,    15, -3.104318380356e-01, 4.638327518478e-04, 2.9060e+02, 1.3796e+01, 
 1DIAGNOSTIC,    16, -3.106611371040e-01, 3.874969843309e-04, 3.0455e+02, 1.3946e+01, 
 1DIAGNOSTIC,    17, -3.108510971069e-01, 3.314558416605e-04, 3.1840e+02, 1.3847e+01, 
 1DIAGNOSTIC,    18, -3.111045956612e-01, 2.943540457636e-04, 3.3216e+02, 1.3759e+01, 
 1DIAGNOSTIC,    19, -3.112996816635e-01, 2.645621716511e-04, 3.4591e+02, 1.3756e+01, 
 1DIAGNOSTIC,    20, -3.114901781082e-01, 2.342125371797e-04, 3.5976e+02, 1.3847e+01, 
 1DIAGNOSTIC,    21, -3.115912079811e-01, 2.023834385909e-04, 3.7360e+02, 1.3841e+01, 
 1DIAGNOSTIC,    22, -3.116983771324e-01, 1.749517250573e-04, 3.8740e+02, 1.3798e+01, 
 1DIAGNOSTIC,    23, -3.117363452911e-01, 1.478578051319e-04, 4.0127e+02, 1.3868e+01, 
 1DIAGNOSTIC,    24, -3.117958903313e-01, 1.223705039592e-04, 4.1512e+02, 1.3851e+01, 
 1DIAGNOSTIC,    25, -3.119294047356e-01, 1.020915078698e-04, 4.2891e+02, 1.3793e+01, 
 1DIAGNOSTIC,    26, -3.120656609535e-01, 8.667483052704e-05, 4.4266e+02, 1.3754e+01, 
 1DIAGNOSTIC,    27, -3.122154474258e-01, 7.574360643048e-05, 4.5669e+02, 1.4026e+01, 
 1DIAGNOSTIC,    28, -3.123672008514e-01, 7.175595237641e-05, 4.7055e+02, 1.3864e+01, 
 1DIAGNOSTIC,    29, -3.124759793282e-01, 7.086094410624e-05, 4.8440e+02, 1.3845e+01, 
 1DIAGNOSTIC,    30, -3.126295506954e-01, 7.387522782665e-05, 4.9821e+02, 1.3816e+01, 
 1DIAGNOSTIC,    31, -3.127692937851e-01, 7.676475797780e-05, 5.1200e+02, 1.3782e+01, 
 1DIAGNOSTIC,    32, -3.128920495510e-01, 7.882728095865e-05, 5.2578e+02, 1.3786e+01, 
 1DIAGNOSTIC,    33, -3.129887878895e-01, 7.710717181908e-05, 5.3961e+02, 1.3822e+01, 
 1DIAGNOSTIC,    34, -3.130456209183e-01, 7.135469786590e-05, 5.5342e+02, 1.3813e+01, 
 1DIAGNOSTIC,    35, -3.131619691849e-01, 6.574678263860e-05, 5.6720e+02, 1.3780e+01, 
 1DIAGNOSTIC,    36, -3.132503926754e-01, 5.987778422423e-05, 5.8099e+02, 1.3789e+01, 
 1DIAGNOSTIC,    37, -3.133203983307e-01, 5.406729542301e-05, 5.9481e+02, 1.3820e+01, 
 1DIAGNOSTIC,    38, -3.133696317673e-01, 4.833624188905e-05, 6.0863e+02, 1.3825e+01, 
 1DIAGNOSTIC,    39, -3.134271502495e-01, 4.224348231219e-05, 6.2259e+02, 1.3956e+01, 
 1DIAGNOSTIC,    40, -3.134521543980e-01, 3.651875522337e-05, 6.3645e+02, 1.3865e+01, 
 1DIAGNOSTIC,    41, -3.134887218475e-01, 3.154061414534e-05, 6.5028e+02, 1.3831e+01, 
 1DIAGNOSTIC,    42, -3.134706616402e-01, 2.610949559312e-05, 6.6410e+02, 1.3814e+01, 
 1DIAGNOSTIC,    43, -3.134850263596e-01, 2.090301313729e-05, 6.7790e+02, 1.3799e+01, 
 1DIAGNOSTIC,    44, -3.134517967701e-01, 1.444948338758e-05, 6.9173e+02, 1.3834e+01, 
 1DIAGNOSTIC,    45, -3.134583830833e-01, 9.454494829697e-06, 7.0575e+02, 1.4013e+01, 
 1DIAGNOSTIC,    46, -3.135209679604e-01, 6.814280823164e-06, 7.1954e+02, 1.3791e+01, 
 1DIAGNOSTIC,    47, -3.135396242142e-01, 5.378635250963e-06, 7.3339e+02, 1.3853e+01, 
 1DIAGNOSTIC,    48, -3.135977685452e-01, 5.589090505964e-06, 7.4725e+02, 1.3858e+01, 
 1DIAGNOSTIC,    49, -3.136513829231e-01, 7.382447620330e-06, 7.6105e+02, 1.3807e+01, 
 1DIAGNOSTIC,    50, -3.136973977089e-01, 9.723734365252e-06, 7.7484e+02, 1.3790e+01, 
  Elapsed time (stage 2): 799


Total elapsed time: 936

--- Writing output images ---

Using double precision for computations.
Input scalar image: data/Segmentations/1005_3_seg.nii.gz
Reference image: data/template/T_template0_BrainCerebellum.nii.gz
=============================================================================
The composite transform comprises the following transforms (in order): 
  1. /tmp/1971576.1.basic.q/1005_ToTemplate_019_0GenericAffine.mat (type = AffineTransform)
  2. /tmp/1971576.1.basic.q/1005_ToTemplate_019_1Warp.nii.gz (type = DisplacementFieldTransform)
=============================================================================
Default pixel value: 0
Interpolation type: LabelImageGenericInterpolateImageFunction
Output warped image: output/1005/1005_WarpedLabels_019.nii.gz

--- Done ---

