
--- Running on compute-2-0.local ---


--- registration call ---
/data/jet/pcook/bin/antsBuild/bin/antsRegistrationSyNQuick.sh -d 3 -f data/template/T_template0_BrainCerebellum.nii.gz -m data/Brains/1005_3.nii.gz -t s -p f -n 1 -o /tmp/1971571.1.basic.q/1005_ToTemplate_014_
---


--------------------------------------------------------------------------------------
 Mapping parameters
--------------------------------------------------------------------------------------
 ANTSPATH is /data/jet/pcook/bin/antsBuild/bin/

 Dimensionality:           3
 Output name prefix:       /tmp/1971571.1.basic.q/1005_ToTemplate_014_
 Fixed images:             data/template/T_template0_BrainCerebellum.nii.gz
 Moving images:            data/Brains/1005_3.nii.gz
 Mask images:              
 Initial transforms:       
 Number of threads:        1
 Spline distance:          26
 Transform type:           s
 MI histogram bins:        32
 Precision:                f
 Use histogram matching    0
======================================================================================
 antsRegistration call:
--------------------------------------------------------------------------------------
/data/jet/pcook/bin/antsBuild/bin//antsRegistration --verbose 1 --dimensionality 3 --float 1 --collapse-output-transforms 1 --output [/tmp/1971571.1.basic.q/1005_ToTemplate_014_,/tmp/1971571.1.basic.q/1005_ToTemplate_014_Warped.nii.gz,/tmp/1971571.1.basic.q/1005_ToTemplate_014_InverseWarped.nii.gz] --interpolation Linear --use-histogram-matching 0 --winsorize-image-intensities [0.005,0.995] --initial-moving-transform [data/template/T_template0_BrainCerebellum.nii.gz,data/Brains/1005_3.nii.gz,1] --transform Rigid[0.1] --metric MI[data/template/T_template0_BrainCerebellum.nii.gz,data/Brains/1005_3.nii.gz,1,32,Regular,0.25] --convergence [1000x500x250x0,1e-6,10] --shrink-factors 12x8x4x2 --smoothing-sigmas 4x3x2x1vox --transform Affine[0.1] --metric MI[data/template/T_template0_BrainCerebellum.nii.gz,data/Brains/1005_3.nii.gz,1,32,Regular,0.25] --convergence [1000x500x250x0,1e-6,10] --shrink-factors 12x8x4x2 --smoothing-sigmas 4x3x2x1vox --transform SyN[0.1,3,0] --metric MI[data/template/T_template0_BrainCerebellum.nii.gz,data/Brains/1005_3.nii.gz,1,32] --convergence [100x100x70x50x0,1e-6,10] --shrink-factors 10x6x4x2x1 --smoothing-sigmas 5x3x2x1x0vox
--------------------------------------------------------------------------------------
All_Command_lines_OK
Using single precision for computations.
=============================================================================
The composite transform comprises the following transforms (in order): 
  1. Center of mass alignment using fixed image: data/template/T_template0_BrainCerebellum.nii.gz and moving image: data/Brains/1005_3.nii.gz (type = Euler3DTransform)
=============================================================================
  number of levels = 4
  number of levels = 4
  number of levels = 5
  fixed image: data/template/T_template0_BrainCerebellum.nii.gz
  moving image: data/Brains/1005_3.nii.gz
  fixed image: data/template/T_template0_BrainCerebellum.nii.gz
  moving image: data/Brains/1005_3.nii.gz
  fixed image: data/template/T_template0_BrainCerebellum.nii.gz
  moving image: data/Brains/1005_3.nii.gz
Dimension = 3
Number of stages = 3
Use Histogram Matching false
Winsorize image intensities true
Lower quantile = 0.005
Upper quantile = 0.995
Stage 1 State
   Image metric = Mattes
     Fixed image = Image (0x4589420)
  RTTI typeinfo:   itk::Image<float, 3u>
  Reference Count: 2
  Modified Time: 1611
  Debug: Off
  Object Name: 
  Observers: 
    none
  Source: (none)
  Source output name: (none)
  Release Data: Off
  Data Released: False
  Global Release Data: Off
  PipelineMTime: 0
  UpdateMTime: 1422
  RealTimeStamp: 0 seconds 
  LargestPossibleRegion: 
    Dimension: 3
    Index: [0, 0, 0]
    Size: [216, 256, 291]
  BufferedRegion: 
    Dimension: 3
    Index: [0, 0, 0]
    Size: [216, 256, 291]
  RequestedRegion: 
    Dimension: 3
    Index: [0, 0, 0]
    Size: [216, 256, 291]
  Spacing: [1, 1, 1]
  Origin: [0, 293, 0]
  Direction: 
1 0 0
0 -0 -1
0 -1 -0

  IndexToPointMatrix: 
1 0 0
0 0 -1
0 -1 0

  PointToIndexMatrix: 
1 0 0
0 0 -1
0 -1 0

  Inverse Direction: 
1 0 0
0 0 -1
0 -1 0

  PixelContainer: 
    ImportImageContainer (0x456e7f0)
      RTTI typeinfo:   itk::ImportImageContainer<unsigned long, float>
      Reference Count: 1
      Modified Time: 1419
      Debug: Off
      Object Name: 
      Observers: 
        none
      Pointer: 0x7fdff8b3a010
      Container manages memory: true
      Size: 16091136
      Capacity: 16091136

     Moving image = Image (0x4589e60)
  RTTI typeinfo:   itk::Image<float, 3u>
  Reference Count: 2
  Modified Time: 1612
  Debug: Off
  Object Name: 
  Observers: 
    none
  Source: (none)
  Source output name: (none)
  Release Data: Off
  Data Released: False
  Global Release Data: Off
  PipelineMTime: 0
  UpdateMTime: 1609
  RealTimeStamp: 0 seconds 
  LargestPossibleRegion: 
    Dimension: 3
    Index: [0, 0, 0]
    Size: [256, 256, 284]
  BufferedRegion: 
    Dimension: 3
    Index: [0, 0, 0]
    Size: [256, 256, 284]
  RequestedRegion: 
    Dimension: 3
    Index: [0, 0, 0]
    Size: [256, 256, 284]
  Spacing: [1, 1, 1]
  Origin: [0, 283, 0]
  Direction: 
1 0 0
0 -0 -1
0 -1 -0

  IndexToPointMatrix: 
1 0 0
0 0 -1
0 -1 0

  PointToIndexMatrix: 
1 0 0
0 0 -1
0 -1 0

  Inverse Direction: 
1 0 0
0 0 -1
0 -1 0

  PixelContainer: 
    ImportImageContainer (0x458c2b0)
      RTTI typeinfo:   itk::ImportImageContainer<unsigned long, float>
      Reference Count: 1
      Modified Time: 1606
      Debug: Off
      Object Name: 
      Observers: 
        none
      Pointer: 0x7fdff4439010
      Container manages memory: true
      Size: 18612224
      Capacity: 18612224

     Weighting = 1
     Sampling strategy = regular
     Number of bins = 32
     Radius = 4
     Sampling percentage  = 0.25
   Transform = Rigid
     Gradient step = 0.1
     Update field sigma (voxel space) = 0
     Total field sigma (voxel space) = 0
     Update field time sigma = 0
     Total field time sigma  = 0
     Number of time indices = 0
     Number of time point samples = 0
Stage 2 State
   Image metric = Mattes
     Fixed image = Image (0x45946c0)
  RTTI typeinfo:   itk::Image<float, 3u>
  Reference Count: 2
  Modified Time: 1987
  Debug: Off
  Object Name: 
  Observers: 
    none
  Source: (none)
  Source output name: (none)
  Release Data: Off
  Data Released: False
  Global Release Data: Off
  PipelineMTime: 0
  UpdateMTime: 1798
  RealTimeStamp: 0 seconds 
  LargestPossibleRegion: 
    Dimension: 3
    Index: [0, 0, 0]
    Size: [216, 256, 291]
  BufferedRegion: 
    Dimension: 3
    Index: [0, 0, 0]
    Size: [216, 256, 291]
  RequestedRegion: 
    Dimension: 3
    Index: [0, 0, 0]
    Size: [216, 256, 291]
  Spacing: [1, 1, 1]
  Origin: [0, 293, 0]
  Direction: 
1 0 0
0 -0 -1
0 -1 -0

  IndexToPointMatrix: 
1 0 0
0 0 -1
0 -1 0

  PointToIndexMatrix: 
1 0 0
0 0 -1
0 -1 0

  Inverse Direction: 
1 0 0
0 0 -1
0 -1 0

  PixelContainer: 
    ImportImageContainer (0x4594f60)
      RTTI typeinfo:   itk::ImportImageContainer<unsigned long, float>
      Reference Count: 1
      Modified Time: 1795
      Debug: Off
      Object Name: 
      Observers: 
        none
      Pointer: 0x7fdff06d6010
      Container manages memory: true
      Size: 16091136
      Capacity: 16091136

     Moving image = Image (0x4594a50)
  RTTI typeinfo:   itk::Image<float, 3u>
  Reference Count: 2
  Modified Time: 1988
  Debug: Off
  Object Name: 
  Observers: 
    none
  Source: (none)
  Source output name: (none)
  Release Data: Off
  Data Released: False
  Global Release Data: Off
  PipelineMTime: 0
  UpdateMTime: 1985
  RealTimeStamp: 0 seconds 
  LargestPossibleRegion: 
    Dimension: 3
    Index: [0, 0, 0]
    Size: [256, 256, 284]
  BufferedRegion: 
    Dimension: 3
    Index: [0, 0, 0]
    Size: [256, 256, 284]
  RequestedRegion: 
    Dimension: 3
    Index: [0, 0, 0]
    Size: [256, 256, 284]
  Spacing: [1, 1, 1]
  Origin: [0, 283, 0]
  Direction: 
1 0 0
0 -0 -1
0 -1 -0

  IndexToPointMatrix: 
1 0 0
0 0 -1
0 -1 0

  PointToIndexMatrix: 
1 0 0
0 0 -1
0 -1 0

  Inverse Direction: 
1 0 0
0 0 -1
0 -1 0

  PixelContainer: 
    ImportImageContainer (0x4595950)
      RTTI typeinfo:   itk::ImportImageContainer<unsigned long, float>
      Reference Count: 1
      Modified Time: 1982
      Debug: Off
      Object Name: 
      Observers: 
        none
      Pointer: 0x7fdfebfd5010
      Container manages memory: true
      Size: 18612224
      Capacity: 18612224

     Weighting = 1
     Sampling strategy = regular
     Number of bins = 32
     Radius = 4
     Sampling percentage  = 0.25
   Transform = Affine
     Gradient step = 0.1
     Update field sigma (voxel space) = 0
     Total field sigma (voxel space) = 0
     Update field time sigma = 0
     Total field time sigma  = 0
     Number of time indices = 0
     Number of time point samples = 0
Stage 3 State
   Image metric = Mattes
     Fixed image = Image (0x459b7b0)
  RTTI typeinfo:   itk::Image<float, 3u>
  Reference Count: 2
  Modified Time: 2363
  Debug: Off
  Object Name: 
  Observers: 
    none
  Source: (none)
  Source output name: (none)
  Release Data: Off
  Data Released: False
  Global Release Data: Off
  PipelineMTime: 0
  UpdateMTime: 2174
  RealTimeStamp: 0 seconds 
  LargestPossibleRegion: 
    Dimension: 3
    Index: [0, 0, 0]
    Size: [216, 256, 291]
  BufferedRegion: 
    Dimension: 3
    Index: [0, 0, 0]
    Size: [216, 256, 291]
  RequestedRegion: 
    Dimension: 3
    Index: [0, 0, 0]
    Size: [216, 256, 291]
  Spacing: [1, 1, 1]
  Origin: [0, 293, 0]
  Direction: 
1 0 0
0 -0 -1
0 -1 -0

  IndexToPointMatrix: 
1 0 0
0 0 -1
0 -1 0

  PointToIndexMatrix: 
1 0 0
0 0 -1
0 -1 0

  Inverse Direction: 
1 0 0
0 0 -1
0 -1 0

  PixelContainer: 
    ImportImageContainer (0x459ba40)
      RTTI typeinfo:   itk::ImportImageContainer<unsigned long, float>
      Reference Count: 1
      Modified Time: 2171
      Debug: Off
      Object Name: 
      Observers: 
        none
      Pointer: 0x7fdfe8272010
      Container manages memory: true
      Size: 16091136
      Capacity: 16091136

     Moving image = Image (0x459e1b0)
  RTTI typeinfo:   itk::Image<float, 3u>
  Reference Count: 2
  Modified Time: 2364
  Debug: Off
  Object Name: 
  Observers: 
    none
  Source: (none)
  Source output name: (none)
  Release Data: Off
  Data Released: False
  Global Release Data: Off
  PipelineMTime: 0
  UpdateMTime: 2361
  RealTimeStamp: 0 seconds 
  LargestPossibleRegion: 
    Dimension: 3
    Index: [0, 0, 0]
    Size: [256, 256, 284]
  BufferedRegion: 
    Dimension: 3
    Index: [0, 0, 0]
    Size: [256, 256, 284]
  RequestedRegion: 
    Dimension: 3
    Index: [0, 0, 0]
    Size: [256, 256, 284]
  Spacing: [1, 1, 1]
  Origin: [0, 283, 0]
  Direction: 
1 0 0
0 -0 -1
0 -1 -0

  IndexToPointMatrix: 
1 0 0
0 0 -1
0 -1 0

  PointToIndexMatrix: 
1 0 0
0 0 -1
0 -1 0

  Inverse Direction: 
1 0 0
0 0 -1
0 -1 0

  PixelContainer: 
    ImportImageContainer (0x459baa0)
      RTTI typeinfo:   itk::ImportImageContainer<unsigned long, float>
      Reference Count: 1
      Modified Time: 2358
      Debug: Off
      Object Name: 
      Observers: 
        none
      Pointer: 0x7fdfe3b71010
      Container manages memory: true
      Size: 18612224
      Capacity: 18612224

     Weighting = 1
     Sampling strategy = none
     Number of bins = 32
     Radius = 4
     Sampling percentage  = 1
   Transform = SyN
     Gradient step = 0.1
     Update field sigma (voxel space) = 3
     Total field sigma (voxel space) = 0
     Update field time sigma = 0
     Total field time sigma  = 0
     Number of time indices = 0
     Number of time point samples = 0
Registration using 3 total stages.

Stage 0
  iterations = 1000x500x250x0
  convergence threshold = 1e-06
  convergence window size = 10
  number of levels = 4
  using the Mattes MI metric (number of bins = 32, weight = 1)
  preprocessing:  winsorizing the image intensities
  Shrink factors (level 1 out of 4): [12, 12, 12]
  Shrink factors (level 2 out of 4): [8, 8, 8]
  Shrink factors (level 3 out of 4): [4, 4, 4]
  Shrink factors (level 4 out of 4): [2, 2, 2]
  smoothing sigmas per level: [4, 3, 2, 1]
  regular sampling (percentage = 0.25)

*** Running Euler3DTransform registration ***

DIAGNOSTIC,Iteration,metricValue,convergenceValue,ITERATION_TIME_INDEX,SINCE_LAST
 2DIAGNOSTIC,     1, -4.815871715546e-01, inf, 1.7434e+01, 1.7433e+01, 
 2DIAGNOSTIC,     2, -4.826195836067e-01, inf, 1.7444e+01, 1.0606e-02, 
 2DIAGNOSTIC,     3, -4.840075075626e-01, inf, 1.7455e+01, 1.0477e-02, 
 2DIAGNOSTIC,     4, -4.856765270233e-01, inf, 1.7465e+01, 1.0481e-02, 
 2DIAGNOSTIC,     5, -4.863130748272e-01, inf, 1.7475e+01, 1.0360e-02, 
 2DIAGNOSTIC,     6, -4.871499538422e-01, inf, 1.7491e+01, 1.5701e-02, 
 2DIAGNOSTIC,     7, -4.891876280308e-01, inf, 1.7503e+01, 1.2035e-02, 
 2DIAGNOSTIC,     8, -4.895282387733e-01, inf, 1.7513e+01, 1.0315e-02, 
 2DIAGNOSTIC,     9, -4.895682632923e-01, inf, 1.7525e+01, 1.1874e-02, 
 2DIAGNOSTIC,    10, -4.901614189148e-01, 1.188798225485e-03, 1.7538e+01, 1.2589e-02, 
 2DIAGNOSTIC,    11, -4.901291429996e-01, 9.291743626818e-04, 1.7550e+01, 1.2402e-02, 
 2DIAGNOSTIC,    12, -4.901062548161e-01, 6.772444467060e-04, 1.7563e+01, 1.2402e-02, 
 2DIAGNOSTIC,    13, -4.900596141815e-01, 4.622226697393e-04, 1.7574e+01, 1.0775e-02, 
 2DIAGNOSTIC,    14, -4.901910126209e-01, 3.121778136119e-04, 1.7588e+01, 1.4037e-02, 
 2DIAGNOSTIC,    15, -4.901129901409e-01, 1.753209653543e-04, 1.7598e+01, 1.0792e-02, 
 2DIAGNOSTIC,    16, -4.901922345161e-01, 7.122239185264e-05, 1.7611e+01, 1.2474e-02, 
 2DIAGNOSTIC,    17, -4.907235503197e-01, 6.105098145781e-05, 1.7625e+01, 1.4310e-02, 
 2DIAGNOSTIC,    18, -4.909656941891e-01, 6.508312799269e-05, 1.7636e+01, 1.0889e-02, 
 2DIAGNOSTIC,    19, -4.909802675247e-01, 6.392152863555e-05, 1.7648e+01, 1.2450e-02, 
 2DIAGNOSTIC,    20, -4.909886717796e-01, 7.493023440475e-05, 1.7659e+01, 1.0834e-02, 
 2DIAGNOSTIC,    21, -4.910017848015e-01, 7.760993321426e-05, 1.7670e+01, 1.0800e-02, 
 2DIAGNOSTIC,    22, -4.910129606724e-01, 7.240634295158e-05, 1.7686e+01, 1.5673e-02, 
 2DIAGNOSTIC,    23, -4.910171031952e-01, 5.970357233309e-05, 1.7697e+01, 1.0768e-02, 
 2DIAGNOSTIC,    24, -4.910244345665e-01, 4.622263804777e-05, 1.7707e+01, 1.0743e-02, 
 2DIAGNOSTIC,    25, -4.910297989845e-01, 2.810347723425e-05, 1.7723e+01, 1.5601e-02, 
 2DIAGNOSTIC,    26, -4.910335540771e-01, 1.043945485435e-05, 1.7734e+01, 1.0747e-02, 
 2DIAGNOSTIC,    27, -4.910356700420e-01, 4.553805410978e-06, 1.7744e+01, 1.0743e-02, 
 2DIAGNOSTIC,    28, -4.910396635532e-01, 3.875421043631e-06, 1.7755e+01, 1.0762e-02, 
 2DIAGNOSTIC,    29, -4.910441637039e-01, 3.365983502590e-06, 1.7766e+01, 1.0750e-02, 
 2DIAGNOSTIC,    30, -4.910505414009e-01, 2.955820491479e-06, 1.7780e+01, 1.3963e-02, 
DIAGNOSTIC,Iteration,metricValue,convergenceValue,ITERATION_TIME_INDEX,SINCE_LAST
 2DIAGNOSTIC,     1, -4.192329943180e-01, inf, 3.1105e+01, 1.3326e+01, 
 2DIAGNOSTIC,     2, -4.198040068150e-01, inf, 3.1158e+01, 5.3047e-02, 
 2DIAGNOSTIC,     3, -4.208406805992e-01, inf, 3.1211e+01, 5.2940e-02, 
 2DIAGNOSTIC,     4, -4.219523668289e-01, inf, 3.1264e+01, 5.2968e-02, 
 2DIAGNOSTIC,     5, -4.238424897194e-01, inf, 3.1317e+01, 5.2771e-02, 
 2DIAGNOSTIC,     6, -4.242873191833e-01, inf, 3.1409e+01, 9.2040e-02, 
 2DIAGNOSTIC,     7, -4.244875609875e-01, inf, 3.1465e+01, 5.5394e-02, 
 2DIAGNOSTIC,     8, -4.249658584595e-01, inf, 3.1528e+01, 6.3504e-02, 
 2DIAGNOSTIC,     9, -4.250639677048e-01, inf, 3.1590e+01, 6.2375e-02, 
 2DIAGNOSTIC,    10, -4.250428974628e-01, 9.814625373110e-04, 3.1653e+01, 6.3066e-02, 
 2DIAGNOSTIC,    11, -4.250030815601e-01, 7.119677029550e-04, 3.1717e+01, 6.3160e-02, 
 2DIAGNOSTIC,    12, -4.249700009823e-01, 4.546844866127e-04, 3.1780e+01, 6.2965e-02, 
 2DIAGNOSTIC,    13, -4.249858856201e-01, 2.501098788343e-04, 3.1843e+01, 6.3099e-02, 
 2DIAGNOSTIC,    14, -4.250097870827e-01, 1.043843512889e-04, 3.1925e+01, 8.2393e-02, 
 2DIAGNOSTIC,    15, -4.250187277794e-01, 5.361613511923e-05, 3.1978e+01, 5.3190e-02, 
 2DIAGNOSTIC,    16, -4.250415265560e-01, 2.421349745418e-05, 3.2032e+01, 5.3235e-02, 
 2DIAGNOSTIC,    17, -4.250515699387e-01, 4.041799911647e-06, 3.2085e+01, 5.3270e-02, 
 2DIAGNOSTIC,    18, -4.250262379646e-01, 2.648818281159e-06, 3.2148e+01, 6.3045e-02, 
 2DIAGNOSTIC,    19, -4.250855743885e-01, 6.887747076689e-06, 3.2211e+01, 6.2985e-02, 
 2DIAGNOSTIC,    20, -4.250535368919e-01, 8.398843419855e-06, 3.2264e+01, 5.3300e-02, 
 2DIAGNOSTIC,    21, -4.250746369362e-01, 8.607644303993e-06, 3.2366e+01, 1.0151e-01, 
 2DIAGNOSTIC,    22, -4.250358939171e-01, 5.941550625721e-06, 3.2419e+01, 5.3220e-02, 
 2DIAGNOSTIC,    23, -4.249986410141e-01, 2.488307472959e-06, 3.2472e+01, 5.3433e-02, 
DIAGNOSTIC,Iteration,metricValue,convergenceValue,ITERATION_TIME_INDEX,SINCE_LAST
 2DIAGNOSTIC,     1, -3.568961918354e-01, inf, 4.1271e+01, 8.7991e+00, 
 2DIAGNOSTIC,     2, -3.569192290306e-01, inf, 4.1856e+01, 5.8465e-01, 
 2DIAGNOSTIC,     3, -3.569063246250e-01, inf, 4.2526e+01, 6.6990e-01, 
 2DIAGNOSTIC,     4, -3.568984568119e-01, inf, 4.3031e+01, 5.0493e-01, 
 2DIAGNOSTIC,     5, -3.569010198116e-01, inf, 4.3541e+01, 5.1001e-01, 
 2DIAGNOSTIC,     6, -3.568990230560e-01, inf, 4.4127e+01, 5.8584e-01, 
 2DIAGNOSTIC,     7, -3.568969368935e-01, inf, 4.4713e+01, 5.8598e-01, 
 2DIAGNOSTIC,     8, -3.568930625916e-01, inf, 4.5217e+01, 5.0465e-01, 
 2DIAGNOSTIC,     9, -3.568930327892e-01, inf, 4.5640e+01, 4.2258e-01, 
DIAGNOSTIC,Iteration,metricValue,convergenceValue,ITERATION_TIME_INDEX,SINCE_LAST
 2DIAGNOSTIC,     1, -3.076083064079e-01, inf, 5.4027e+01, 8.3869e+00, 
  Elapsed time (stage 0): 5.5790e+01


Stage 1
  iterations = 1000x500x250x0
  convergence threshold = 1.0000e-06
  convergence window size = 10
  number of levels = 4
  using the Mattes MI metric (number of bins = 32, weight = 1.0000e+00)
  preprocessing:  winsorizing the image intensities
  Shrink factors (level 1 out of 4): [12, 12, 12]
  Shrink factors (level 2 out of 4): [8, 8, 8]
  Shrink factors (level 3 out of 4): [4, 4, 4]
  Shrink factors (level 4 out of 4): [2, 2, 2]
  smoothing sigmas per level: [4, 3, 2, 1]
  regular sampling (percentage = 2.5000e-01)

*** Running AffineTransform registration ***

DIAGNOSTIC,Iteration,metricValue,convergenceValue,ITERATION_TIME_INDEX,SINCE_LAST
 2DIAGNOSTIC,     1, -4.876089990139e-01, inf, 1.7374e+01, 1.7374e+01, 
 2DIAGNOSTIC,     2, -4.881757199764e-01, inf, 1.7388e+01, 1.4379e-02, 
 2DIAGNOSTIC,     3, -4.893950819969e-01, inf, 1.7402e+01, 1.4015e-02, 
 2DIAGNOSTIC,     4, -4.910007417202e-01, inf, 1.7416e+01, 1.3994e-02, 
 2DIAGNOSTIC,     5, -4.947499334812e-01, inf, 1.7430e+01, 1.4038e-02, 
 2DIAGNOSTIC,     6, -4.989782273769e-01, inf, 1.7445e+01, 1.4456e-02, 
 2DIAGNOSTIC,     7, -5.079830288887e-01, inf, 1.7465e+01, 2.0240e-02, 
 2DIAGNOSTIC,     8, -5.114969015121e-01, inf, 1.7479e+01, 1.4079e-02, 
 2DIAGNOSTIC,     9, -5.139281749725e-01, inf, 1.7495e+01, 1.5561e-02, 
 2DIAGNOSTIC,    10, -5.158473849297e-01, 4.260239657015e-03, 1.7515e+01, 1.9863e-02, 
 2DIAGNOSTIC,    11, -5.164749622345e-01, 3.960886504501e-03, 1.7529e+01, 1.4489e-02, 
 2DIAGNOSTIC,    12, -5.192472338676e-01, 3.510228591040e-03, 1.7545e+01, 1.6054e-02, 
 2DIAGNOSTIC,    13, -5.203753709793e-01, 2.913128351793e-03, 1.7560e+01, 1.4392e-02, 
 2DIAGNOSTIC,    14, -5.208815932274e-01, 2.226376440376e-03, 1.7576e+01, 1.6154e-02, 
 2DIAGNOSTIC,    15, -5.210942029953e-01, 1.581022748724e-03, 1.7590e+01, 1.4297e-02, 
 2DIAGNOSTIC,    16, -5.223907828331e-01, 1.060725888237e-03, 1.7608e+01, 1.7627e-02, 
 2DIAGNOSTIC,    17, -5.224182009697e-01, 7.991359452717e-04, 1.7622e+01, 1.4410e-02, 
 2DIAGNOSTIC,    18, -5.225511193275e-01, 6.053890101612e-04, 1.7636e+01, 1.4250e-02, 
 2DIAGNOSTIC,    19, -5.222916007042e-01, 4.404728824738e-04, 1.7654e+01, 1.7700e-02, 
 2DIAGNOSTIC,    20, -5.227052569389e-01, 3.175563178957e-04, 1.7670e+01, 1.5637e-02, 
 2DIAGNOSTIC,    21, -5.227421522141e-01, 1.923427043948e-04, 1.7684e+01, 1.4305e-02, 
 2DIAGNOSTIC,    22, -5.227937698364e-01, 1.315415138379e-04, 1.7700e+01, 1.5972e-02, 
 2DIAGNOSTIC,    23, -5.228100419044e-01, 9.192241850542e-05, 1.7714e+01, 1.4239e-02, 
 2DIAGNOSTIC,    24, -5.228726863861e-01, 6.063922046451e-05, 1.7730e+01, 1.6043e-02, 
 2DIAGNOSTIC,    25, -5.235554575920e-01, 4.526401608018e-05, 1.7758e+01, 2.7998e-02, 
 2DIAGNOSTIC,    26, -5.237451195717e-01, 5.809056528960e-05, 1.7772e+01, 1.4233e-02, 
 2DIAGNOSTIC,    27, -5.237533450127e-01, 6.538093293784e-05, 1.7787e+01, 1.4294e-02, 
 2DIAGNOSTIC,    28, -5.237647294998e-01, 6.944384949747e-05, 1.7801e+01, 1.4263e-02, 
 2DIAGNOSTIC,    29, -5.237791538239e-01, 6.189024134073e-05, 1.7815e+01, 1.4275e-02, 
 2DIAGNOSTIC,    30, -5.237915515900e-01, 5.671181497746e-05, 1.7829e+01, 1.4201e-02, 
 2DIAGNOSTIC,    31, -5.238013863564e-01, 4.733388414024e-05, 1.7845e+01, 1.5796e-02, 
 2DIAGNOSTIC,    32, -5.238094329834e-01, 3.537914017215e-05, 1.7859e+01, 1.4092e-02, 
 2DIAGNOSTIC,    33, -5.236319303513e-01, 1.836538467614e-05, 1.7874e+01, 1.4199e-02, 
DIAGNOSTIC,Iteration,metricValue,convergenceValue,ITERATION_TIME_INDEX,SINCE_LAST
 2DIAGNOSTIC,     1, -4.504438638687e-01, inf, 3.1382e+01, 1.3508e+01, 
 2DIAGNOSTIC,     2, -4.507547020912e-01, inf, 3.1455e+01, 7.3487e-02, 
 2DIAGNOSTIC,     3, -4.508822858334e-01, inf, 3.1529e+01, 7.4054e-02, 
 2DIAGNOSTIC,     4, -4.508341848850e-01, inf, 3.1603e+01, 7.3376e-02, 
 2DIAGNOSTIC,     5, -4.508646726608e-01, inf, 3.1676e+01, 7.3265e-02, 
 2DIAGNOSTIC,     6, -4.508439004421e-01, inf, 3.1739e+01, 6.3307e-02, 
 2DIAGNOSTIC,     7, -4.507912099361e-01, inf, 3.1813e+01, 7.3194e-02, 
 2DIAGNOSTIC,     8, -4.507949054241e-01, inf, 3.1886e+01, 7.3237e-02, 
 2DIAGNOSTIC,     9, -4.507855176926e-01, inf, 3.1949e+01, 6.3481e-02, 
 2DIAGNOSTIC,    10, -4.507919549942e-01, 2.147492887161e-05, 3.2023e+01, 7.3878e-02, 
 2DIAGNOSTIC,    11, -4.508796334267e-01, 1.205383000524e-06, 3.2087e+01, 6.4058e-02, 
 2DIAGNOSTIC,    12, -4.509378671646e-01, 3.574112952265e-06, 3.2151e+01, 6.3818e-02, 
 2DIAGNOSTIC,    13, -4.509954452515e-01, 1.452641026845e-05, 3.2215e+01, 6.3835e-02, 
 2DIAGNOSTIC,    14, -4.509873390198e-01, 2.022332409979e-05, 3.2289e+01, 7.4212e-02, 
 2DIAGNOSTIC,    15, -4.510344862938e-01, 2.684683204279e-05, 3.2353e+01, 6.3859e-02, 
 2DIAGNOSTIC,    16, -4.511369764805e-01, 3.356112938491e-05, 3.2427e+01, 7.3664e-02, 
 2DIAGNOSTIC,    17, -4.511083364487e-01, 3.340962211951e-05, 3.2491e+01, 6.4108e-02, 
 2DIAGNOSTIC,    18, -4.511436522007e-01, 3.184793604305e-05, 3.2584e+01, 9.3717e-02, 
 2DIAGNOSTIC,    19, -4.511454999447e-01, 2.747564576566e-05, 3.2649e+01, 6.4126e-02, 
 2DIAGNOSTIC,    20, -4.511942565441e-01, 2.281584056618e-05, 3.2723e+01, 7.4218e-02, 
 2DIAGNOSTIC,    21, -4.514608979225e-01, 2.714494257816e-05, 3.2797e+01, 7.3909e-02, 
 2DIAGNOSTIC,    22, -4.514771401882e-01, 3.059079608647e-05, 3.2881e+01, 8.3934e-02, 
 2DIAGNOSTIC,    23, -4.514463543892e-01, 3.189553899574e-05, 3.2955e+01, 7.3975e-02, 
 2DIAGNOSTIC,    24, -4.515830874443e-01, 3.372614810360e-05, 3.3028e+01, 7.3801e-02, 
 2DIAGNOSTIC,    25, -4.516964852810e-01, 3.619824929046e-05, 3.3103e+01, 7.4400e-02, 
 2DIAGNOSTIC,    26, -4.517066180706e-01, 3.778986138059e-05, 3.3167e+01, 6.4087e-02, 
 2DIAGNOSTIC,    27, -4.517135024071e-01, 3.535723590176e-05, 3.3231e+01, 6.3996e-02, 
 2DIAGNOSTIC,    28, -4.517240822315e-01, 3.105623181909e-05, 3.3295e+01, 6.4221e-02, 
 2DIAGNOSTIC,    29, -4.517470300198e-01, 2.475255314494e-05, 3.3390e+01, 9.4643e-02, 
 2DIAGNOSTIC,    30, -4.517053663731e-01, 1.655466439843e-05, 3.3456e+01, 6.5887e-02, 
 2DIAGNOSTIC,    31, -4.517164230347e-01, 1.311173946306e-05, 3.3530e+01, 7.4282e-02, 
 2DIAGNOSTIC,    32, -4.517752528191e-01, 1.029057148116e-05, 3.3634e+01, 1.0427e-01, 
 2DIAGNOSTIC,    33, -4.517787992954e-01, 6.145348834252e-06, 3.3699e+01, 6.5010e-02, 
 2DIAGNOSTIC,    34, -4.517805278301e-01, 4.271213128959e-06, 3.3764e+01, 6.5276e-02, 
 2DIAGNOSTIC,    35, -4.517852365971e-01, 4.339688530308e-06, 3.3830e+01, 6.5122e-02, 
 2DIAGNOSTIC,    36, -4.518397450447e-01, 5.208990387473e-06, 3.3895e+01, 6.4989e-02, 
 2DIAGNOSTIC,    37, -4.518048763275e-01, 5.088474608783e-06, 3.3960e+01, 6.5359e-02, 
 2DIAGNOSTIC,    38, -4.518665373325e-01, 5.776524176326e-06, 3.4075e+01, 1.1498e-01, 
 2DIAGNOSTIC,    39, -4.518694281578e-01, 6.390885573637e-06, 3.4151e+01, 7.6064e-02, 
 2DIAGNOSTIC,    40, -4.518704414368e-01, 5.806858553115e-06, 3.4226e+01, 7.5324e-02, 
 2DIAGNOSTIC,    41, -4.518245458603e-01, 4.216486104269e-06, 3.4290e+01, 6.4160e-02, 
 2DIAGNOSTIC,    42, -4.518260955811e-01, 3.301513743281e-06, 3.4355e+01, 6.4360e-02, 
 2DIAGNOSTIC,    43, -4.518301486969e-01, 2.288602672706e-06, 3.4419e+01, 6.4205e-02, 
 2DIAGNOSTIC,    44, -4.518349170685e-01, 1.249941647075e-06, 3.4514e+01, 9.4852e-02, 
DIAGNOSTIC,Iteration,metricValue,convergenceValue,ITERATION_TIME_INDEX,SINCE_LAST
 2DIAGNOSTIC,     1, -3.790064156055e-01, inf, 4.3289e+01, 8.7749e+00, 
 2DIAGNOSTIC,     2, -3.795503973961e-01, inf, 4.3808e+01, 5.1894e-01, 
 2DIAGNOSTIC,     3, -3.800343871117e-01, inf, 4.4333e+01, 5.2498e-01, 
 2DIAGNOSTIC,     4, -3.805845379829e-01, inf, 4.4850e+01, 5.1724e-01, 
 2DIAGNOSTIC,     5, -3.810028135777e-01, inf, 4.5362e+01, 5.1212e-01, 
 2DIAGNOSTIC,     6, -3.814978897572e-01, inf, 4.5873e+01, 5.1071e-01, 
 2DIAGNOSTIC,     7, -3.821367323399e-01, inf, 4.6554e+01, 6.8118e-01, 
 2DIAGNOSTIC,     8, -3.822626173496e-01, inf, 4.7236e+01, 6.8189e-01, 
 2DIAGNOSTIC,     9, -3.824226260185e-01, inf, 4.7920e+01, 6.8442e-01, 
 2DIAGNOSTIC,    10, -3.824963867664e-01, 6.273906910792e-04, 4.8435e+01, 5.1484e-01, 
 2DIAGNOSTIC,    11, -3.827660977840e-01, 5.010528839193e-04, 4.8959e+01, 5.2366e-01, 
 2DIAGNOSTIC,    12, -3.829053640366e-01, 3.925129130948e-04, 4.9824e+01, 8.6500e-01, 
 2DIAGNOSTIC,    13, -3.829527199268e-01, 2.955698000733e-04, 5.0345e+01, 5.2150e-01, 
 2DIAGNOSTIC,    14, -3.830787837505e-01, 2.221769682365e-04, 5.0953e+01, 6.0788e-01, 
 2DIAGNOSTIC,    15, -3.831157386303e-01, 1.607291487744e-04, 5.1816e+01, 8.6306e-01, 
 2DIAGNOSTIC,    16, -3.831142783165e-01, 1.145609130617e-04, 5.2410e+01, 5.9366e-01, 
 2DIAGNOSTIC,    17, -3.831073939800e-01, 9.108227823162e-05, 5.3097e+01, 6.8712e-01, 
 2DIAGNOSTIC,    18, -3.830990493298e-01, 6.682686944259e-05, 5.3708e+01, 6.1114e-01, 
 2DIAGNOSTIC,    19, -3.830997347832e-01, 4.543973773252e-05, 5.4310e+01, 6.0164e-01, 
 2DIAGNOSTIC,    20, -3.830908238888e-01, 2.429752203170e-05, 5.4915e+01, 6.0494e-01, 
 2DIAGNOSTIC,    21, -3.830920159817e-01, 1.260719000129e-05, 5.5680e+01, 7.6520e-01, 
 2DIAGNOSTIC,    22, -3.830922245979e-01, 5.688482360711e-06, 5.6287e+01, 6.0699e-01, 
DIAGNOSTIC,Iteration,metricValue,convergenceValue,ITERATION_TIME_INDEX,SINCE_LAST
 2DIAGNOSTIC,     1, -3.309741616249e-01, inf, 6.5991e+01, 9.7044e+00, 
  Elapsed time (stage 1): 6.7728e+01


Stage 2
  iterations = 100x100x70x50x0
  convergence threshold = 1.0000e-06
  convergence window size = 10
  number of levels = 5
  using the Mattes MI metric (number of bins = 32, weight = 1.0000e+00)
  preprocessing:  winsorizing the image intensities
  Shrink factors (level 1 out of 5): [10, 10, 10]
  Shrink factors (level 2 out of 5): [6, 6, 6]
  Shrink factors (level 3 out of 5): [4, 4, 4]
  Shrink factors (level 4 out of 5): [2, 2, 2]
  Shrink factors (level 5 out of 5): [1, 1, 1]
  smoothing sigmas per level: [5, 3, 2, 1, 0]
  Using default NONE metricSamplingStrategy 

*** Running SyN registration (varianceForUpdateField = 3.0000e+00, varianceForTotalField = 0.0000e+00) ***

XXDIAGNOSTIC,Iteration,metricValue,convergenceValue,ITERATION_TIME_INDEX,SINCE_LAST
 1DIAGNOSTIC,     1, -5.084152221680e-01, inf, 3.1126e+01, 3.1126e+01, 
 1DIAGNOSTIC,     2, -5.244371294975e-01, inf, 3.1279e+01, 1.5296e-01, 
 1DIAGNOSTIC,     3, -5.335167646408e-01, inf, 3.1425e+01, 1.4629e-01, 
 1DIAGNOSTIC,     4, -5.350389480591e-01, inf, 3.1571e+01, 1.4652e-01, 
 1DIAGNOSTIC,     5, -5.333850383759e-01, inf, 3.1718e+01, 1.4642e-01, 
 1DIAGNOSTIC,     6, -5.306965112686e-01, inf, 3.1864e+01, 1.4659e-01, 
 1DIAGNOSTIC,     7, -5.282124876976e-01, inf, 3.2011e+01, 1.4685e-01, 
 1DIAGNOSTIC,     8, -5.264187455177e-01, inf, 3.2159e+01, 1.4743e-01, 
 1DIAGNOSTIC,     9, -5.264803171158e-01, inf, 3.2306e+01, 1.4700e-01, 
 1DIAGNOSTIC,    10, -5.215093493462e-01, 3.411280631553e-04, 3.2453e+01, 1.4749e-01, 
 1DIAGNOSTIC,    11, -5.204440355301e-01, -1.183029846288e-03, 3.2601e+01, 1.4784e-01, 
XXDIAGNOSTIC,Iteration,metricValue,convergenceValue,ITERATION_TIME_INDEX,SINCE_LAST
 1DIAGNOSTIC,     1, -4.143968224525e-01, inf, 4.6251e+01, 1.3650e+01, 
 1DIAGNOSTIC,     2, -4.161311686039e-01, inf, 4.6847e+01, 5.9618e-01, 
 1DIAGNOSTIC,     3, -4.164203107357e-01, inf, 4.7424e+01, 5.7722e-01, 
 1DIAGNOSTIC,     4, -4.165909290314e-01, inf, 4.8002e+01, 5.7807e-01, 
 1DIAGNOSTIC,     5, -4.160259962082e-01, inf, 4.8580e+01, 5.7735e-01, 
 1DIAGNOSTIC,     6, -4.152590334415e-01, inf, 4.9160e+01, 5.8076e-01, 
 1DIAGNOSTIC,     7, -4.144592583179e-01, inf, 4.9739e+01, 5.7919e-01, 
 1DIAGNOSTIC,     8, -4.137619137764e-01, inf, 5.0319e+01, 5.7990e-01, 
 1DIAGNOSTIC,     9, -4.128364920616e-01, inf, 5.0897e+01, 5.7781e-01, 
 1DIAGNOSTIC,    10, -4.117134213448e-01, -5.826920387335e-04, 5.1476e+01, 5.7844e-01, 
XXDIAGNOSTIC,Iteration,metricValue,convergenceValue,ITERATION_TIME_INDEX,SINCE_LAST
 1DIAGNOSTIC,     1, -3.541102111340e-01, inf, 6.1565e+01, 1.0090e+01, 
 1DIAGNOSTIC,     2, -3.551296293736e-01, inf, 6.3366e+01, 1.8008e+00, 
 1DIAGNOSTIC,     3, -3.555688858032e-01, inf, 6.5177e+01, 1.8106e+00, 
 1DIAGNOSTIC,     4, -3.561587333679e-01, inf, 6.6988e+01, 1.8112e+00, 
 1DIAGNOSTIC,     5, -3.566795587540e-01, inf, 6.8788e+01, 1.8001e+00, 
 1DIAGNOSTIC,     6, -3.568364977837e-01, inf, 7.0591e+01, 1.8031e+00, 
 1DIAGNOSTIC,     7, -3.569899797440e-01, inf, 7.2388e+01, 1.7970e+00, 
 1DIAGNOSTIC,     8, -3.571566641331e-01, inf, 7.4181e+01, 1.7931e+00, 
 1DIAGNOSTIC,     9, -3.571408987045e-01, inf, 7.5977e+01, 1.7954e+00, 
 1DIAGNOSTIC,    10, -3.568435311317e-01, 4.833699786104e-04, 7.7831e+01, 1.8538e+00, 
 1DIAGNOSTIC,    11, -3.565477728844e-01, 2.544901508372e-04, 7.9692e+01, 1.8611e+00, 
 1DIAGNOSTIC,    12, -3.561811447144e-01, 8.487894956488e-05, 8.1546e+01, 1.8546e+00, 
 1DIAGNOSTIC,    13, -3.559313118458e-01, -5.502025669557e-05, 8.3347e+01, 1.8010e+00, 
XXDIAGNOSTIC,Iteration,metricValue,convergenceValue,ITERATION_TIME_INDEX,SINCE_LAST
 1DIAGNOSTIC,     1, -3.028354048729e-01, inf, 1.0322e+02, 1.9875e+01, 
 1DIAGNOSTIC,     2, -3.037706911564e-01, inf, 1.1621e+02, 1.2986e+01, 
 1DIAGNOSTIC,     3, -3.047909140587e-01, inf, 1.2908e+02, 1.2874e+01, 
 1DIAGNOSTIC,     4, -3.057382106781e-01, inf, 1.4212e+02, 1.3039e+01, 
 1DIAGNOSTIC,     5, -3.065795302391e-01, inf, 1.5494e+02, 1.2816e+01, 
 1DIAGNOSTIC,     6, -3.073220849037e-01, inf, 1.6826e+02, 1.3320e+01, 
 1DIAGNOSTIC,     7, -3.080238699913e-01, inf, 1.8151e+02, 1.3250e+01, 
 1DIAGNOSTIC,     8, -3.086070120335e-01, inf, 1.9477e+02, 1.3262e+01, 
 1DIAGNOSTIC,     9, -3.091001510620e-01, inf, 2.0801e+02, 1.3242e+01, 
 1DIAGNOSTIC,    10, -3.095224499702e-01, 1.413156511262e-03, 2.2086e+02, 1.2846e+01, 
 1DIAGNOSTIC,    11, -3.098168373108e-01, 1.147999428213e-03, 2.3420e+02, 1.3339e+01, 
 1DIAGNOSTIC,    12, -3.101218640804e-01, 9.191332501359e-04, 2.4705e+02, 1.2854e+01, 
 1DIAGNOSTIC,    13, -3.103212714195e-01, 7.285532192327e-04, 2.6074e+02, 1.3695e+01, 
 1DIAGNOSTIC,    14, -3.105705380440e-01, 5.775971221738e-04, 2.7455e+02, 1.3806e+01, 
 1DIAGNOSTIC,    15, -3.107939958572e-01, 4.591598990373e-04, 2.8834e+02, 1.3789e+01, 
 1DIAGNOSTIC,    16, -3.110340237617e-01, 3.696727217175e-04, 3.0205e+02, 1.3712e+01, 
 1DIAGNOSTIC,    17, -3.113066554070e-01, 3.092180704698e-04, 3.1585e+02, 1.3803e+01, 
 1DIAGNOSTIC,    18, -3.114894628525e-01, 2.658097946551e-04, 3.2959e+02, 1.3739e+01, 
 1DIAGNOSTIC,    19, -3.116055727005e-01, 2.317280450370e-04, 3.4331e+02, 1.3720e+01, 
 1DIAGNOSTIC,    20, -3.117302358150e-01, 2.047156885965e-04, 3.5716e+02, 1.3841e+01, 
 1DIAGNOSTIC,    21, -3.118997216225e-01, 1.813825074350e-04, 3.7094e+02, 1.3782e+01, 
 1DIAGNOSTIC,    22, -3.120842576027e-01, 1.635844382690e-04, 3.8469e+02, 1.3753e+01, 
 1DIAGNOSTIC,    23, -3.122893571854e-01, 1.480971113779e-04, 3.9842e+02, 1.3728e+01, 
 1DIAGNOSTIC,    24, -3.124560415745e-01, 1.359707093798e-04, 4.1223e+02, 1.3811e+01, 
 1DIAGNOSTIC,    25, -3.125945627689e-01, 1.253691007150e-04, 4.2609e+02, 1.3862e+01, 
 1DIAGNOSTIC,    26, -3.127831220627e-01, 1.188309688587e-04, 4.3983e+02, 1.3743e+01, 
 1DIAGNOSTIC,    27, -3.129544854164e-01, 1.165482026408e-04, 4.5362e+02, 1.3790e+01, 
 1DIAGNOSTIC,    28, -3.131315708160e-01, 1.152033873950e-04, 4.6736e+02, 1.3734e+01, 
 1DIAGNOSTIC,    29, -3.132599294186e-01, 1.108320575440e-04, 4.8123e+02, 1.3869e+01, 
 1DIAGNOSTIC,    30, -3.133590221405e-01, 1.031672072713e-04, 4.9494e+02, 1.3714e+01, 
 1DIAGNOSTIC,    31, -3.134229183197e-01, 9.315433271695e-05, 5.0864e+02, 1.3703e+01, 
 1DIAGNOSTIC,    32, -3.135192394257e-01, 8.295960287796e-05, 5.2244e+02, 1.3792e+01, 
 1DIAGNOSTIC,    33, -3.136543631554e-01, 7.493204611819e-05, 5.3613e+02, 1.3695e+01, 
 1DIAGNOSTIC,    34, -3.137712478638e-01, 6.789456529077e-05, 5.4984e+02, 1.3710e+01, 
 1DIAGNOSTIC,    35, -3.138319551945e-01, 6.003414091538e-05, 5.6361e+02, 1.3772e+01, 
 1DIAGNOSTIC,    36, -3.139134049416e-01, 5.383988900576e-05, 5.7735e+02, 1.3736e+01, 
 1DIAGNOSTIC,    37, -3.140051364899e-01, 4.935059405398e-05, 5.9114e+02, 1.3789e+01, 
 1DIAGNOSTIC,    38, -3.140387535095e-01, 4.542873284663e-05, 6.0487e+02, 1.3733e+01, 
 1DIAGNOSTIC,    39, -3.141177296638e-01, 4.228044781485e-05, 6.1865e+02, 1.3780e+01, 
 1DIAGNOSTIC,    40, -3.141335248947e-01, 3.794950316660e-05, 6.3237e+02, 1.3722e+01, 
 1DIAGNOSTIC,    41, -3.141648471355e-01, 3.240674777771e-05, 6.4620e+02, 1.3824e+01, 
 1DIAGNOSTIC,    42, -3.141266405582e-01, 2.531306017772e-05, 6.5992e+02, 1.3721e+01, 
 1DIAGNOSTIC,    43, -3.141143023968e-01, 1.879874071165e-05, 6.7369e+02, 1.3767e+01, 
 1DIAGNOSTIC,    44, -3.140443563461e-01, 1.182421419799e-05, 6.8744e+02, 1.3751e+01, 
 1DIAGNOSTIC,    45, -3.139908909798e-01, 4.245684522175e-06, 7.0114e+02, 1.3702e+01, 
 1DIAGNOSTIC,    46, -3.139547407627e-01, -2.457561777192e-06, 7.1490e+02, 1.3766e+01, 
  Elapsed time (stage 2): 739.1


Total elapsed time: 862.6

--- Writing output images ---

Using double precision for computations.
Input scalar image: data/Segmentations/1005_3_seg.nii.gz
Reference image: data/template/T_template0_BrainCerebellum.nii.gz
=============================================================================
The composite transform comprises the following transforms (in order): 
  1. /tmp/1971571.1.basic.q/1005_ToTemplate_014_0GenericAffine.mat (type = AffineTransform)
  2. /tmp/1971571.1.basic.q/1005_ToTemplate_014_1Warp.nii.gz (type = DisplacementFieldTransform)
=============================================================================
Default pixel value: 0
Interpolation type: LabelImageGenericInterpolateImageFunction
Output warped image: output/1005/1005_WarpedLabels_014.nii.gz

--- Done ---

