
--- Running on compute-2-0.local ---


--- registration call ---
/data/jet/pcook/bin/antsBuild/bin/antsRegistrationSyNQuick.sh -d 3 -f data/template/T_template0_BrainCerebellum.nii.gz -m data/Brains/1005_3.nii.gz -t s -p f -n 1 -o /tmp/1971559.1.basic.q/1005_ToTemplate_002_
---


--------------------------------------------------------------------------------------
 Mapping parameters
--------------------------------------------------------------------------------------
 ANTSPATH is /data/jet/pcook/bin/antsBuild/bin/

 Dimensionality:           3
 Output name prefix:       /tmp/1971559.1.basic.q/1005_ToTemplate_002_
 Fixed images:             data/template/T_template0_BrainCerebellum.nii.gz
 Moving images:            data/Brains/1005_3.nii.gz
 Mask images:              
 Initial transforms:       
 Number of threads:        1
 Spline distance:          26
 Transform type:           s
 MI histogram bins:        32
 Precision:                f
 Use histogram matching    0
======================================================================================
 antsRegistration call:
--------------------------------------------------------------------------------------
/data/jet/pcook/bin/antsBuild/bin//antsRegistration --verbose 1 --dimensionality 3 --float 1 --collapse-output-transforms 1 --output [/tmp/1971559.1.basic.q/1005_ToTemplate_002_,/tmp/1971559.1.basic.q/1005_ToTemplate_002_Warped.nii.gz,/tmp/1971559.1.basic.q/1005_ToTemplate_002_InverseWarped.nii.gz] --interpolation Linear --use-histogram-matching 0 --winsorize-image-intensities [0.005,0.995] --initial-moving-transform [data/template/T_template0_BrainCerebellum.nii.gz,data/Brains/1005_3.nii.gz,1] --transform Rigid[0.1] --metric MI[data/template/T_template0_BrainCerebellum.nii.gz,data/Brains/1005_3.nii.gz,1,32,Regular,0.25] --convergence [1000x500x250x0,1e-6,10] --shrink-factors 12x8x4x2 --smoothing-sigmas 4x3x2x1vox --transform Affine[0.1] --metric MI[data/template/T_template0_BrainCerebellum.nii.gz,data/Brains/1005_3.nii.gz,1,32,Regular,0.25] --convergence [1000x500x250x0,1e-6,10] --shrink-factors 12x8x4x2 --smoothing-sigmas 4x3x2x1vox --transform SyN[0.1,3,0] --metric MI[data/template/T_template0_BrainCerebellum.nii.gz,data/Brains/1005_3.nii.gz,1,32] --convergence [100x100x70x50x0,1e-6,10] --shrink-factors 10x6x4x2x1 --smoothing-sigmas 5x3x2x1x0vox
--------------------------------------------------------------------------------------
All_Command_lines_OK
Using single precision for computations.
=============================================================================
The composite transform comprises the following transforms (in order): 
  1. Center of mass alignment using fixed image: data/template/T_template0_BrainCerebellum.nii.gz and moving image: data/Brains/1005_3.nii.gz (type = Euler3DTransform)
=============================================================================
  number of levels = 4
  number of levels = 4
  number of levels = 5
  fixed image: data/template/T_template0_BrainCerebellum.nii.gz
  moving image: data/Brains/1005_3.nii.gz
  fixed image: data/template/T_template0_BrainCerebellum.nii.gz
  moving image: data/Brains/1005_3.nii.gz
  fixed image: data/template/T_template0_BrainCerebellum.nii.gz
  moving image: data/Brains/1005_3.nii.gz
Dimension = 3
Number of stages = 3
Use Histogram Matching false
Winsorize image intensities true
Lower quantile = 0.005
Upper quantile = 0.995
Stage 1 State
   Image metric = Mattes
     Fixed image = Image (0x4160420)
  RTTI typeinfo:   itk::Image<float, 3u>
  Reference Count: 2
  Modified Time: 1611
  Debug: Off
  Object Name: 
  Observers: 
    none
  Source: (none)
  Source output name: (none)
  Release Data: Off
  Data Released: False
  Global Release Data: Off
  PipelineMTime: 0
  UpdateMTime: 1422
  RealTimeStamp: 0 seconds 
  LargestPossibleRegion: 
    Dimension: 3
    Index: [0, 0, 0]
    Size: [216, 256, 291]
  BufferedRegion: 
    Dimension: 3
    Index: [0, 0, 0]
    Size: [216, 256, 291]
  RequestedRegion: 
    Dimension: 3
    Index: [0, 0, 0]
    Size: [216, 256, 291]
  Spacing: [1, 1, 1]
  Origin: [0, 293, 0]
  Direction: 
1 0 0
0 -0 -1
0 -1 -0

  IndexToPointMatrix: 
1 0 0
0 0 -1
0 -1 0

  PointToIndexMatrix: 
1 0 0
0 0 -1
0 -1 0

  Inverse Direction: 
1 0 0
0 0 -1
0 -1 0

  PixelContainer: 
    ImportImageContainer (0x41457f0)
      RTTI typeinfo:   itk::ImportImageContainer<unsigned long, float>
      Reference Count: 1
      Modified Time: 1419
      Debug: Off
      Object Name: 
      Observers: 
        none
      Pointer: 0x7f9a662fc010
      Container manages memory: true
      Size: 16091136
      Capacity: 16091136

     Moving image = Image (0x4160e60)
  RTTI typeinfo:   itk::Image<float, 3u>
  Reference Count: 2
  Modified Time: 1612
  Debug: Off
  Object Name: 
  Observers: 
    none
  Source: (none)
  Source output name: (none)
  Release Data: Off
  Data Released: False
  Global Release Data: Off
  PipelineMTime: 0
  UpdateMTime: 1609
  RealTimeStamp: 0 seconds 
  LargestPossibleRegion: 
    Dimension: 3
    Index: [0, 0, 0]
    Size: [256, 256, 284]
  BufferedRegion: 
    Dimension: 3
    Index: [0, 0, 0]
    Size: [256, 256, 284]
  RequestedRegion: 
    Dimension: 3
    Index: [0, 0, 0]
    Size: [256, 256, 284]
  Spacing: [1, 1, 1]
  Origin: [0, 283, 0]
  Direction: 
1 0 0
0 -0 -1
0 -1 -0

  IndexToPointMatrix: 
1 0 0
0 0 -1
0 -1 0

  PointToIndexMatrix: 
1 0 0
0 0 -1
0 -1 0

  Inverse Direction: 
1 0 0
0 0 -1
0 -1 0

  PixelContainer: 
    ImportImageContainer (0x41632b0)
      RTTI typeinfo:   itk::ImportImageContainer<unsigned long, float>
      Reference Count: 1
      Modified Time: 1606
      Debug: Off
      Object Name: 
      Observers: 
        none
      Pointer: 0x7f9a61bfb010
      Container manages memory: true
      Size: 18612224
      Capacity: 18612224

     Weighting = 1
     Sampling strategy = regular
     Number of bins = 32
     Radius = 4
     Sampling percentage  = 0.25
   Transform = Rigid
     Gradient step = 0.1
     Update field sigma (voxel space) = 0
     Total field sigma (voxel space) = 0
     Update field time sigma = 0
     Total field time sigma  = 0
     Number of time indices = 0
     Number of time point samples = 0
Stage 2 State
   Image metric = Mattes
     Fixed image = Image (0x416b6c0)
  RTTI typeinfo:   itk::Image<float, 3u>
  Reference Count: 2
  Modified Time: 1987
  Debug: Off
  Object Name: 
  Observers: 
    none
  Source: (none)
  Source output name: (none)
  Release Data: Off
  Data Released: False
  Global Release Data: Off
  PipelineMTime: 0
  UpdateMTime: 1798
  RealTimeStamp: 0 seconds 
  LargestPossibleRegion: 
    Dimension: 3
    Index: [0, 0, 0]
    Size: [216, 256, 291]
  BufferedRegion: 
    Dimension: 3
    Index: [0, 0, 0]
    Size: [216, 256, 291]
  RequestedRegion: 
    Dimension: 3
    Index: [0, 0, 0]
    Size: [216, 256, 291]
  Spacing: [1, 1, 1]
  Origin: [0, 293, 0]
  Direction: 
1 0 0
0 -0 -1
0 -1 -0

  IndexToPointMatrix: 
1 0 0
0 0 -1
0 -1 0

  PointToIndexMatrix: 
1 0 0
0 0 -1
0 -1 0

  Inverse Direction: 
1 0 0
0 0 -1
0 -1 0

  PixelContainer: 
    ImportImageContainer (0x416bf60)
      RTTI typeinfo:   itk::ImportImageContainer<unsigned long, float>
      Reference Count: 1
      Modified Time: 1795
      Debug: Off
      Object Name: 
      Observers: 
        none
      Pointer: 0x7f9a5de98010
      Container manages memory: true
      Size: 16091136
      Capacity: 16091136

     Moving image = Image (0x416ba50)
  RTTI typeinfo:   itk::Image<float, 3u>
  Reference Count: 2
  Modified Time: 1988
  Debug: Off
  Object Name: 
  Observers: 
    none
  Source: (none)
  Source output name: (none)
  Release Data: Off
  Data Released: False
  Global Release Data: Off
  PipelineMTime: 0
  UpdateMTime: 1985
  RealTimeStamp: 0 seconds 
  LargestPossibleRegion: 
    Dimension: 3
    Index: [0, 0, 0]
    Size: [256, 256, 284]
  BufferedRegion: 
    Dimension: 3
    Index: [0, 0, 0]
    Size: [256, 256, 284]
  RequestedRegion: 
    Dimension: 3
    Index: [0, 0, 0]
    Size: [256, 256, 284]
  Spacing: [1, 1, 1]
  Origin: [0, 283, 0]
  Direction: 
1 0 0
0 -0 -1
0 -1 -0

  IndexToPointMatrix: 
1 0 0
0 0 -1
0 -1 0

  PointToIndexMatrix: 
1 0 0
0 0 -1
0 -1 0

  Inverse Direction: 
1 0 0
0 0 -1
0 -1 0

  PixelContainer: 
    ImportImageContainer (0x416c950)
      RTTI typeinfo:   itk::ImportImageContainer<unsigned long, float>
      Reference Count: 1
      Modified Time: 1982
      Debug: Off
      Object Name: 
      Observers: 
        none
      Pointer: 0x7f9a59797010
      Container manages memory: true
      Size: 18612224
      Capacity: 18612224

     Weighting = 1
     Sampling strategy = regular
     Number of bins = 32
     Radius = 4
     Sampling percentage  = 0.25
   Transform = Affine
     Gradient step = 0.1
     Update field sigma (voxel space) = 0
     Total field sigma (voxel space) = 0
     Update field time sigma = 0
     Total field time sigma  = 0
     Number of time indices = 0
     Number of time point samples = 0
Stage 3 State
   Image metric = Mattes
     Fixed image = Image (0x41727b0)
  RTTI typeinfo:   itk::Image<float, 3u>
  Reference Count: 2
  Modified Time: 2363
  Debug: Off
  Object Name: 
  Observers: 
    none
  Source: (none)
  Source output name: (none)
  Release Data: Off
  Data Released: False
  Global Release Data: Off
  PipelineMTime: 0
  UpdateMTime: 2174
  RealTimeStamp: 0 seconds 
  LargestPossibleRegion: 
    Dimension: 3
    Index: [0, 0, 0]
    Size: [216, 256, 291]
  BufferedRegion: 
    Dimension: 3
    Index: [0, 0, 0]
    Size: [216, 256, 291]
  RequestedRegion: 
    Dimension: 3
    Index: [0, 0, 0]
    Size: [216, 256, 291]
  Spacing: [1, 1, 1]
  Origin: [0, 293, 0]
  Direction: 
1 0 0
0 -0 -1
0 -1 -0

  IndexToPointMatrix: 
1 0 0
0 0 -1
0 -1 0

  PointToIndexMatrix: 
1 0 0
0 0 -1
0 -1 0

  Inverse Direction: 
1 0 0
0 0 -1
0 -1 0

  PixelContainer: 
    ImportImageContainer (0x4172a40)
      RTTI typeinfo:   itk::ImportImageContainer<unsigned long, float>
      Reference Count: 1
      Modified Time: 2171
      Debug: Off
      Object Name: 
      Observers: 
        none
      Pointer: 0x7f9a55a34010
      Container manages memory: true
      Size: 16091136
      Capacity: 16091136

     Moving image = Image (0x41751b0)
  RTTI typeinfo:   itk::Image<float, 3u>
  Reference Count: 2
  Modified Time: 2364
  Debug: Off
  Object Name: 
  Observers: 
    none
  Source: (none)
  Source output name: (none)
  Release Data: Off
  Data Released: False
  Global Release Data: Off
  PipelineMTime: 0
  UpdateMTime: 2361
  RealTimeStamp: 0 seconds 
  LargestPossibleRegion: 
    Dimension: 3
    Index: [0, 0, 0]
    Size: [256, 256, 284]
  BufferedRegion: 
    Dimension: 3
    Index: [0, 0, 0]
    Size: [256, 256, 284]
  RequestedRegion: 
    Dimension: 3
    Index: [0, 0, 0]
    Size: [256, 256, 284]
  Spacing: [1, 1, 1]
  Origin: [0, 283, 0]
  Direction: 
1 0 0
0 -0 -1
0 -1 -0

  IndexToPointMatrix: 
1 0 0
0 0 -1
0 -1 0

  PointToIndexMatrix: 
1 0 0
0 0 -1
0 -1 0

  Inverse Direction: 
1 0 0
0 0 -1
0 -1 0

  PixelContainer: 
    ImportImageContainer (0x4172aa0)
      RTTI typeinfo:   itk::ImportImageContainer<unsigned long, float>
      Reference Count: 1
      Modified Time: 2358
      Debug: Off
      Object Name: 
      Observers: 
        none
      Pointer: 0x7f9a51333010
      Container manages memory: true
      Size: 18612224
      Capacity: 18612224

     Weighting = 1
     Sampling strategy = none
     Number of bins = 32
     Radius = 4
     Sampling percentage  = 1
   Transform = SyN
     Gradient step = 0.1
     Update field sigma (voxel space) = 3
     Total field sigma (voxel space) = 0
     Update field time sigma = 0
     Total field time sigma  = 0
     Number of time indices = 0
     Number of time point samples = 0
Registration using 3 total stages.

Stage 0
  iterations = 1000x500x250x0
  convergence threshold = 1e-06
  convergence window size = 10
  number of levels = 4
  using the Mattes MI metric (number of bins = 32, weight = 1)
  preprocessing:  winsorizing the image intensities
  Shrink factors (level 1 out of 4): [12, 12, 12]
  Shrink factors (level 2 out of 4): [8, 8, 8]
  Shrink factors (level 3 out of 4): [4, 4, 4]
  Shrink factors (level 4 out of 4): [2, 2, 2]
  smoothing sigmas per level: [4, 3, 2, 1]
  regular sampling (percentage = 0.25)

*** Running Euler3DTransform registration ***

DIAGNOSTIC,Iteration,metricValue,convergenceValue,ITERATION_TIME_INDEX,SINCE_LAST
 2DIAGNOSTIC,     1, -4.703611433506e-01, inf, 1.7439e+01, 1.7439e+01, 
 2DIAGNOSTIC,     2, -4.711566269398e-01, inf, 1.7449e+01, 1.0492e-02, 
 2DIAGNOSTIC,     3, -4.726667106152e-01, inf, 1.7459e+01, 1.0304e-02, 
 2DIAGNOSTIC,     4, -4.740330278873e-01, inf, 1.7470e+01, 1.0353e-02, 
 2DIAGNOSTIC,     5, -4.748246967793e-01, inf, 1.7480e+01, 1.0337e-02, 
 2DIAGNOSTIC,     6, -4.760735034943e-01, inf, 1.7492e+01, 1.1911e-02, 
 2DIAGNOSTIC,     7, -4.763246178627e-01, inf, 1.7507e+01, 1.5186e-02, 
 2DIAGNOSTIC,     8, -4.770520627499e-01, inf, 1.7517e+01, 1.0227e-02, 
 2DIAGNOSTIC,     9, -4.771415889263e-01, inf, 1.7531e+01, 1.3454e-02, 
 2DIAGNOSTIC,    10, -4.769597649574e-01, 9.721313836053e-04, 1.7544e+01, 1.2565e-02, 
 2DIAGNOSTIC,    11, -4.771003723145e-01, 7.079135393724e-04, 1.7556e+01, 1.2445e-02, 
 2DIAGNOSTIC,    12, -4.773920476437e-01, 4.773931286763e-04, 1.7567e+01, 1.0801e-02, 
 2DIAGNOSTIC,    13, -4.774543046951e-01, 3.104807401542e-04, 1.7579e+01, 1.2347e-02, 
 2DIAGNOSTIC,    14, -4.774706363678e-01, 1.984531700145e-04, 1.7593e+01, 1.3924e-02, 
 2DIAGNOSTIC,    15, -4.774742126465e-01, 1.146568320110e-04, 1.7605e+01, 1.2343e-02, 
 2DIAGNOSTIC,    16, -4.774817526340e-01, 7.802328764228e-05, 1.7618e+01, 1.2330e-02, 
 2DIAGNOSTIC,    17, -4.774827361107e-01, 4.657964018406e-05, 1.7628e+01, 1.0663e-02, 
 2DIAGNOSTIC,    18, -4.774849414825e-01, 3.857075353153e-05, 1.7641e+01, 1.2301e-02, 
 2DIAGNOSTIC,    19, -4.774864315987e-01, 3.121116242255e-05, 1.7653e+01, 1.2275e-02, 
 2DIAGNOSTIC,    20, -4.774904251099e-01, 1.654795960349e-05, 1.7673e+01, 2.0345e-02, 
 2DIAGNOSTIC,    21, -4.774909913540e-01, 5.690786110790e-06, 1.7686e+01, 1.2289e-02, 
 2DIAGNOSTIC,    22, -4.774911403656e-01, 3.309643716420e-06, 1.7698e+01, 1.2286e-02, 
 2DIAGNOSTIC,    23, -4.774918556213e-01, 2.588785719126e-06, 1.7709e+01, 1.0672e-02, 
 2DIAGNOSTIC,    24, -4.774924218655e-01, 2.234288558611e-06, 1.7721e+01, 1.2319e-02, 
 2DIAGNOSTIC,    25, -4.774938821793e-01, 1.937467004609e-06, 1.7733e+01, 1.2293e-02, 
 2DIAGNOSTIC,    26, -4.774934053421e-01, 1.762760120982e-06, 1.7744e+01, 1.0680e-02, 
 2DIAGNOSTIC,    27, -4.774945974350e-01, 1.599736606295e-06, 1.7754e+01, 1.0663e-02, 
 2DIAGNOSTIC,    28, -4.774951040745e-01, 1.466303046982e-06, 1.7765e+01, 1.0675e-02, 
 2DIAGNOSTIC,    29, -4.774984717369e-01, 1.408355274179e-06, 1.7781e+01, 1.5538e-02, 
 2DIAGNOSTIC,    30, -4.774980545044e-01, 1.394189098392e-06, 1.7793e+01, 1.2298e-02, 
 2DIAGNOSTIC,    31, -4.774981141090e-01, 1.362974558106e-06, 1.7805e+01, 1.2301e-02, 
 2DIAGNOSTIC,    32, -4.774986207485e-01, 1.314916289630e-06, 1.7816e+01, 1.0698e-02, 
 2DIAGNOSTIC,    33, -4.774988889694e-01, 1.256343011846e-06, 1.7827e+01, 1.0673e-02, 
 2DIAGNOSTIC,    34, -4.774997234344e-01, 1.196689481731e-06, 1.7839e+01, 1.2287e-02, 
 2DIAGNOSTIC,    35, -4.775002300739e-01, 1.149617332885e-06, 1.7851e+01, 1.2289e-02, 
 2DIAGNOSTIC,    36, -4.775012731552e-01, 1.092219122256e-06, 1.7864e+01, 1.2365e-02, 
 2DIAGNOSTIC,    37, -4.775019884109e-01, 1.048941498993e-06, 1.7874e+01, 1.0697e-02, 
 2DIAGNOSTIC,    38, -4.775035679340e-01, 1.021064804263e-06, 1.7887e+01, 1.2308e-02, 
DIAGNOSTIC,Iteration,metricValue,convergenceValue,ITERATION_TIME_INDEX,SINCE_LAST
 2DIAGNOSTIC,     1, -4.128800630569e-01, inf, 3.1121e+01, 1.3234e+01, 
 2DIAGNOSTIC,     2, -4.142938554287e-01, inf, 3.1174e+01, 5.2902e-02, 
 2DIAGNOSTIC,     3, -4.158996641636e-01, inf, 3.1226e+01, 5.2759e-02, 
 2DIAGNOSTIC,     4, -4.168352484703e-01, inf, 3.1279e+01, 5.2739e-02, 
 2DIAGNOSTIC,     5, -4.177120029926e-01, inf, 3.1332e+01, 5.2663e-02, 
 2DIAGNOSTIC,     6, -4.184153378010e-01, inf, 3.1384e+01, 5.2688e-02, 
 2DIAGNOSTIC,     7, -4.188354611397e-01, inf, 3.1437e+01, 5.2682e-02, 
 2DIAGNOSTIC,     8, -4.193871915340e-01, inf, 3.1490e+01, 5.2751e-02, 
 2DIAGNOSTIC,     9, -4.199737608433e-01, inf, 3.1553e+01, 6.2655e-02, 
 2DIAGNOSTIC,    10, -4.210793077946e-01, 1.137200393714e-03, 3.1665e+01, 1.1292e-01, 
 2DIAGNOSTIC,    11, -4.210259616375e-01, 8.878698572516e-04, 3.1728e+01, 6.2887e-02, 
 2DIAGNOSTIC,    12, -4.209971725941e-01, 6.790967308916e-04, 3.1801e+01, 7.2691e-02, 
 2DIAGNOSTIC,    13, -4.210174083710e-01, 5.265966756269e-04, 3.1854e+01, 5.3161e-02, 
 2DIAGNOSTIC,    14, -4.210707247257e-01, 3.950452082790e-04, 3.1917e+01, 6.2980e-02, 
 2DIAGNOSTIC,    15, -4.211511313915e-01, 2.873116463888e-04, 3.1980e+01, 6.2903e-02, 
 2DIAGNOSTIC,    16, -4.211776256561e-01, 1.979138178285e-04, 3.2033e+01, 5.3262e-02, 
 2DIAGNOSTIC,    17, -4.212278723717e-01, 1.202627900057e-04, 3.2087e+01, 5.3229e-02, 
 2DIAGNOSTIC,    18, -4.213694334030e-01, 6.629321433138e-05, 3.2149e+01, 6.2944e-02, 
 2DIAGNOSTIC,    19, -4.217187464237e-01, 4.412148700794e-05, 3.2222e+01, 7.2580e-02, 
 2DIAGNOSTIC,    20, -4.217990338802e-01, 6.015895996825e-05, 3.2295e+01, 7.2643e-02, 
 2DIAGNOSTIC,    21, -4.219346940517e-01, 7.202952838270e-05, 3.2358e+01, 6.2891e-02, 
 2DIAGNOSTIC,    22, -4.220014214516e-01, 7.748327334411e-05, 3.2421e+01, 6.2912e-02, 
 2DIAGNOSTIC,    23, -4.219744503498e-01, 7.506250403821e-05, 3.2483e+01, 6.2847e-02, 
 2DIAGNOSTIC,    24, -4.219773411751e-01, 6.740963726770e-05, 3.2537e+01, 5.3222e-02, 
 2DIAGNOSTIC,    25, -4.220413565636e-01, 5.806872286485e-05, 3.2599e+01, 6.2789e-02, 
 2DIAGNOSTIC,    26, -4.220132231712e-01, 4.409017856233e-05, 3.2653e+01, 5.3133e-02, 
 2DIAGNOSTIC,    27, -4.220619499683e-01, 2.963423867186e-05, 3.2735e+01, 8.2439e-02, 
 2DIAGNOSTIC,    28, -4.219929575920e-01, 1.510874062660e-05, 3.2788e+01, 5.3147e-02, 
 2DIAGNOSTIC,    29, -4.219977855682e-01, 8.584396709921e-06, 3.2851e+01, 6.2868e-02, 
 2DIAGNOSTIC,    30, -4.220458865166e-01, 4.577867002808e-06, 3.2914e+01, 6.2843e-02, 
 2DIAGNOSTIC,    31, -4.220471680164e-01, 3.385383479326e-06, 3.2977e+01, 6.2793e-02, 
 2DIAGNOSTIC,    32, -4.220095276833e-01, 2.701813173189e-06, 3.3040e+01, 6.2946e-02, 
DIAGNOSTIC,Iteration,metricValue,convergenceValue,ITERATION_TIME_INDEX,SINCE_LAST
 2DIAGNOSTIC,     1, -3.549809455872e-01, inf, 4.1740e+01, 8.7003e+00, 
 2DIAGNOSTIC,     2, -3.552078306675e-01, inf, 4.2246e+01, 5.0645e-01, 
 2DIAGNOSTIC,     3, -3.552271425724e-01, inf, 4.2753e+01, 5.0636e-01, 
 2DIAGNOSTIC,     4, -3.552227318287e-01, inf, 4.3589e+01, 8.3672e-01, 
 2DIAGNOSTIC,     5, -3.552230298519e-01, inf, 4.4178e+01, 5.8859e-01, 
 2DIAGNOSTIC,     6, -3.552212715149e-01, inf, 4.4685e+01, 5.0666e-01, 
 2DIAGNOSTIC,     7, -3.552071750164e-01, inf, 4.5191e+01, 5.0661e-01, 
 2DIAGNOSTIC,     8, -3.552049398422e-01, inf, 4.5698e+01, 5.0668e-01, 
 2DIAGNOSTIC,     9, -3.552042245865e-01, inf, 4.6205e+01, 5.0665e-01, 
 2DIAGNOSTIC,    10, -3.551988303661e-01, 1.851166052802e-05, 4.6712e+01, 5.0727e-01, 
DIAGNOSTIC,Iteration,metricValue,convergenceValue,ITERATION_TIME_INDEX,SINCE_LAST
 2DIAGNOSTIC,     1, -3.084364831448e-01, inf, 5.5517e+01, 8.8049e+00, 
  Elapsed time (stage 0): 5.7273e+01


Stage 1
  iterations = 1000x500x250x0
  convergence threshold = 1.0000e-06
  convergence window size = 10
  number of levels = 4
  using the Mattes MI metric (number of bins = 32, weight = 1.0000e+00)
  preprocessing:  winsorizing the image intensities
  Shrink factors (level 1 out of 4): [12, 12, 12]
  Shrink factors (level 2 out of 4): [8, 8, 8]
  Shrink factors (level 3 out of 4): [4, 4, 4]
  Shrink factors (level 4 out of 4): [2, 2, 2]
  smoothing sigmas per level: [4, 3, 2, 1]
  regular sampling (percentage = 2.5000e-01)

*** Running AffineTransform registration ***

DIAGNOSTIC,Iteration,metricValue,convergenceValue,ITERATION_TIME_INDEX,SINCE_LAST
 2DIAGNOSTIC,     1, -4.919357001781e-01, inf, 1.7401e+01, 1.7401e+01, 
 2DIAGNOSTIC,     2, -4.931278824806e-01, inf, 1.7416e+01, 1.4371e-02, 
 2DIAGNOSTIC,     3, -4.945605099201e-01, inf, 1.7430e+01, 1.4081e-02, 
 2DIAGNOSTIC,     4, -4.956162273884e-01, inf, 1.7444e+01, 1.4032e-02, 
 2DIAGNOSTIC,     5, -4.968155026436e-01, inf, 1.7458e+01, 1.3897e-02, 
 2DIAGNOSTIC,     6, -5.003320574760e-01, inf, 1.7472e+01, 1.4293e-02, 
 2DIAGNOSTIC,     7, -5.037132501602e-01, inf, 1.7492e+01, 1.9686e-02, 
 2DIAGNOSTIC,     8, -5.043931007385e-01, inf, 1.7506e+01, 1.4011e-02, 
 2DIAGNOSTIC,     9, -5.050873756409e-01, inf, 1.7520e+01, 1.3828e-02, 
 2DIAGNOSTIC,    10, -5.063813328743e-01, 2.061789156869e-03, 1.7535e+01, 1.4963e-02, 
 2DIAGNOSTIC,    11, -5.111560225487e-01, 2.022261032835e-03, 1.7563e+01, 2.8537e-02, 
 2DIAGNOSTIC,    12, -5.112929344177e-01, 1.862445846200e-03, 1.7580e+01, 1.6532e-02, 
 2DIAGNOSTIC,    13, -5.116437077522e-01, 1.641492126510e-03, 1.7594e+01, 1.4509e-02, 
 2DIAGNOSTIC,    14, -5.120552778244e-01, 1.367757213302e-03, 1.7610e+01, 1.6160e-02, 
 2DIAGNOSTIC,    15, -5.122745037079e-01, 1.056372886524e-03, 1.7625e+01, 1.4413e-02, 
 2DIAGNOSTIC,    16, -5.124285221100e-01, 8.117603720166e-04, 1.7639e+01, 1.4306e-02, 
 2DIAGNOSTIC,    17, -5.130614042282e-01, 6.546795484610e-04, 1.7653e+01, 1.4477e-02, 
 2DIAGNOSTIC,    18, -5.135635733604e-01, 4.936740151607e-04, 1.7670e+01, 1.6139e-02, 
 2DIAGNOSTIC,    19, -5.137645006180e-01, 3.311142500024e-04, 1.7684e+01, 1.4382e-02, 
 2DIAGNOSTIC,    20, -5.138664245605e-01, 1.901858777273e-04, 1.7698e+01, 1.4130e-02, 
 2DIAGNOSTIC,    21, -5.142766833305e-01, 1.841743214754e-04, 1.7714e+01, 1.6182e-02, 
 2DIAGNOSTIC,    22, -5.143936872482e-01, 1.675917592365e-04, 1.7729e+01, 1.4473e-02, 
 2DIAGNOSTIC,    23, -5.148122310638e-01, 1.553198526381e-04, 1.7745e+01, 1.6098e-02, 
 2DIAGNOSTIC,    24, -5.150080323219e-01, 1.437573519070e-04, 1.7761e+01, 1.6086e-02, 
 2DIAGNOSTIC,    25, -5.153596401215e-01, 1.327441277681e-04, 1.7776e+01, 1.4570e-02, 
 2DIAGNOSTIC,    26, -5.157350301743e-01, 1.212483985000e-04, 1.7796e+01, 2.0948e-02, 
 2DIAGNOSTIC,    27, -5.159084200859e-01, 1.156291546067e-04, 1.7812e+01, 1.5918e-02, 
 2DIAGNOSTIC,    28, -5.159782767296e-01, 1.110311059165e-04, 1.7827e+01, 1.4215e-02, 
 2DIAGNOSTIC,    29, -5.159091949463e-01, 9.899881115416e-05, 1.7841e+01, 1.4363e-02, 
 2DIAGNOSTIC,    30, -5.161808133125e-01, 8.536778477719e-05, 1.7857e+01, 1.6178e-02, 
 2DIAGNOSTIC,    31, -5.166766047478e-01, 8.076542144408e-05, 1.7872e+01, 1.4541e-02, 
 2DIAGNOSTIC,    32, -5.170572996140e-01, 7.721930160187e-05, 1.7888e+01, 1.6245e-02, 
 2DIAGNOSTIC,    33, -5.172879695892e-01, 7.767884380883e-05, 1.7906e+01, 1.8135e-02, 
 2DIAGNOSTIC,    34, -5.170791149139e-01, 7.067202386679e-05, 1.7922e+01, 1.6299e-02, 
 2DIAGNOSTIC,    35, -5.169814229012e-01, 6.151006527944e-05, 1.7937e+01, 1.4539e-02, 
 2DIAGNOSTIC,    36, -5.172395110130e-01, 5.671618782799e-05, 1.7951e+01, 1.4265e-02, 
 2DIAGNOSTIC,    37, -5.173118114471e-01, 5.027677980252e-05, 1.7969e+01, 1.7655e-02, 
 2DIAGNOSTIC,    38, -5.173243284225e-01, 4.080402140971e-05, 1.7985e+01, 1.5971e-02, 
 2DIAGNOSTIC,    39, -5.175223350525e-01, 3.002804623975e-05, 1.8001e+01, 1.6035e-02, 
 2DIAGNOSTIC,    40, -5.175467729568e-01, 2.100806159433e-05, 1.8022e+01, 2.1230e-02, 
 2DIAGNOSTIC,    41, -5.175468325615e-01, 1.704104033706e-05, 1.8036e+01, 1.4247e-02, 
 2DIAGNOSTIC,    42, -5.175505280495e-01, 1.667504147917e-05, 1.8052e+01, 1.6026e-02, 
 2DIAGNOSTIC,    43, -5.175514221191e-01, 1.790339956642e-05, 1.8068e+01, 1.5922e-02, 
 2DIAGNOSTIC,    44, -5.175513625145e-01, 1.484432323196e-05, 1.8084e+01, 1.5974e-02, 
 2DIAGNOSTIC,    45, -5.175517201424e-01, 9.280668564315e-06, 1.8100e+01, 1.6105e-02, 
 2DIAGNOSTIC,    46, -5.175519585609e-01, 6.274506631598e-06, 1.8116e+01, 1.6029e-02, 
 2DIAGNOSTIC,    47, -5.175525546074e-01, 3.752761585929e-06, 1.8131e+01, 1.4391e-02, 
 2DIAGNOSTIC,    48, -5.175521373749e-01, 1.120577735492e-06, 1.8147e+01, 1.6133e-02, 
DIAGNOSTIC,Iteration,metricValue,convergenceValue,ITERATION_TIME_INDEX,SINCE_LAST
 2DIAGNOSTIC,     1, -4.365250766277e-01, inf, 3.1560e+01, 1.3413e+01, 
 2DIAGNOSTIC,     2, -4.377064704895e-01, inf, 3.1626e+01, 6.5718e-02, 
 2DIAGNOSTIC,     3, -4.390533864498e-01, inf, 3.1691e+01, 6.4854e-02, 
 2DIAGNOSTIC,     4, -4.403956234455e-01, inf, 3.1756e+01, 6.5435e-02, 
 2DIAGNOSTIC,     5, -4.410764873028e-01, inf, 3.1821e+01, 6.4862e-02, 
 2DIAGNOSTIC,     6, -4.417373239994e-01, inf, 3.1887e+01, 6.5640e-02, 
 2DIAGNOSTIC,     7, -4.429875314236e-01, inf, 3.1962e+01, 7.5542e-02, 
 2DIAGNOSTIC,     8, -4.440106749535e-01, inf, 3.2069e+01, 1.0728e-01, 
 2DIAGNOSTIC,     9, -4.441269934177e-01, inf, 3.2154e+01, 8.4884e-02, 
 2DIAGNOSTIC,    10, -4.441878795624e-01, 1.167366630398e-03, 3.2220e+01, 6.5843e-02, 
 2DIAGNOSTIC,    11, -4.443962872028e-01, 9.025166509673e-04, 3.2286e+01, 6.5967e-02, 
 2DIAGNOSTIC,    12, -4.445490539074e-01, 6.707172724418e-04, 3.2352e+01, 6.5916e-02, 
 2DIAGNOSTIC,    13, -4.448691606522e-01, 4.948209389113e-04, 3.2418e+01, 6.5852e-02, 
 2DIAGNOSTIC,    14, -4.451427161694e-01, 3.736201033462e-04, 3.2484e+01, 6.5693e-02, 
 2DIAGNOSTIC,    15, -4.454318881035e-01, 2.767164260149e-04, 3.2549e+01, 6.5101e-02, 
 2DIAGNOSTIC,    16, -4.459543228149e-01, 2.132749650627e-04, 3.2614e+01, 6.5729e-02, 
 2DIAGNOSTIC,    17, -4.465776085854e-01, 2.071665949188e-04, 3.2680e+01, 6.5389e-02, 
 2DIAGNOSTIC,    18, -4.474253356457e-01, 2.489659527782e-04, 3.2785e+01, 1.0570e-01, 
 2DIAGNOSTIC,    19, -4.477726519108e-01, 2.786612603813e-04, 3.2861e+01, 7.5215e-02, 
 2DIAGNOSTIC,    20, -4.477885961533e-01, 2.822119276971e-04, 3.2926e+01, 6.5411e-02, 
 2DIAGNOSTIC,    21, -4.483031928539e-01, 2.816070045810e-04, 3.2991e+01, 6.5333e-02, 
 2DIAGNOSTIC,    22, -4.486477077007e-01, 2.686298394110e-04, 3.3077e+01, 8.5331e-02, 
 2DIAGNOSTIC,    23, -4.488130807877e-01, 2.448288723826e-04, 3.3152e+01, 7.5205e-02, 
 2DIAGNOSTIC,    24, -4.487830996513e-01, 2.068954054266e-04, 3.3227e+01, 7.4882e-02, 
 2DIAGNOSTIC,    25, -4.490813612938e-01, 1.680353016127e-04, 3.3302e+01, 7.5129e-02, 
 2DIAGNOSTIC,    26, -4.495266377926e-01, 1.398450549459e-04, 3.3377e+01, 7.5115e-02, 
 2DIAGNOSTIC,    27, -4.493400454521e-01, 1.101500311051e-04, 3.3472e+01, 9.4874e-02, 
 2DIAGNOSTIC,    28, -4.493012130260e-01, 9.100111492444e-05, 3.3577e+01, 1.0475e-01, 
 2DIAGNOSTIC,    29, -4.493095278740e-01, 7.288644701475e-05, 3.3651e+01, 7.4151e-02, 
 2DIAGNOSTIC,    30, -4.492678046227e-01, 4.826868462260e-05, 3.3716e+01, 6.5282e-02, 
 2DIAGNOSTIC,    31, -4.492280781269e-01, 3.023600402230e-05, 3.3791e+01, 7.4550e-02, 
 2DIAGNOSTIC,    32, -4.492341876030e-01, 1.760377017490e-05, 3.3856e+01, 6.4994e-02, 
 2DIAGNOSTIC,    33, -4.491973817348e-01, 6.879201464471e-06, 3.3921e+01, 6.4951e-02, 
DIAGNOSTIC,Iteration,metricValue,convergenceValue,ITERATION_TIME_INDEX,SINCE_LAST
 2DIAGNOSTIC,     1, -3.812653720379e-01, inf, 4.2712e+01, 8.7914e+00, 
 2DIAGNOSTIC,     2, -3.816080689430e-01, inf, 4.3231e+01, 5.1872e-01, 
 2DIAGNOSTIC,     3, -3.819678425789e-01, inf, 4.3753e+01, 5.2215e-01, 
 2DIAGNOSTIC,     4, -3.822237849236e-01, inf, 4.4273e+01, 5.2050e-01, 
 2DIAGNOSTIC,     5, -3.825545310974e-01, inf, 4.4793e+01, 5.1919e-01, 
 2DIAGNOSTIC,     6, -3.831040859222e-01, inf, 4.5318e+01, 5.2582e-01, 
 2DIAGNOSTIC,     7, -3.832776546478e-01, inf, 4.6605e+01, 1.2868e+00, 
 2DIAGNOSTIC,     8, -3.832846879959e-01, inf, 4.7131e+01, 5.2565e-01, 
 2DIAGNOSTIC,     9, -3.832961916924e-01, inf, 4.7735e+01, 6.0416e-01, 
 2DIAGNOSTIC,    10, -3.833041489124e-01, 3.761647385545e-04, 4.8346e+01, 6.1083e-01, 
 2DIAGNOSTIC,    11, -3.832995891571e-01, 2.717249735724e-04, 4.8946e+01, 6.0020e-01, 
 2DIAGNOSTIC,    12, -3.833051323891e-01, 1.817701268010e-04, 4.9553e+01, 6.0734e-01, 
 2DIAGNOSTIC,    13, -3.833078742027e-01, 1.104793918785e-04, 5.0163e+01, 6.0968e-01, 
 2DIAGNOSTIC,    14, -3.833231925964e-01, 5.394194158725e-05, 5.0769e+01, 6.0553e-01, 
 2DIAGNOSTIC,    15, -3.833333551884e-01, 1.641429662413e-05, 5.1373e+01, 6.0392e-01, 
 2DIAGNOSTIC,    16, -3.833266198635e-01, 7.237565114337e-06, 5.2063e+01, 6.9063e-01, 
 2DIAGNOSTIC,    17, -3.833302855492e-01, 6.421122179745e-06, 5.2671e+01, 6.0758e-01, 
 2DIAGNOSTIC,    18, -3.833281993866e-01, 5.460693955683e-06, 5.3186e+01, 5.1479e-01, 
 2DIAGNOSTIC,    19, -3.833272457123e-01, 4.651760718843e-06, 5.3699e+01, 5.1352e-01, 
 2DIAGNOSTIC,    20, -3.833337426186e-01, 4.187363629171e-06, 5.4303e+01, 6.0407e-01, 
 2DIAGNOSTIC,    21, -3.833423554897e-01, 3.667073087854e-06, 5.4913e+01, 6.1011e-01, 
 2DIAGNOSTIC,    22, -3.833499252796e-01, 3.437620534896e-06, 5.5518e+01, 6.0512e-01, 
 2DIAGNOSTIC,    23, -3.833467364311e-01, 3.014323056050e-06, 5.6121e+01, 6.0272e-01, 
 2DIAGNOSTIC,    24, -3.833438456059e-01, 2.858058678612e-06, 5.6641e+01, 5.2034e-01, 
 2DIAGNOSTIC,    25, -3.833442628384e-01, 2.891407348216e-06, 5.7245e+01, 6.0357e-01, 
 2DIAGNOSTIC,    26, -3.833507895470e-01, 2.751419060587e-06, 5.7850e+01, 6.0491e-01, 
 2DIAGNOSTIC,    27, -3.833626806736e-01, 2.899348373830e-06, 5.8363e+01, 5.1283e-01, 
 2DIAGNOSTIC,    28, -3.833541274071e-01, 2.593274757601e-06, 5.9053e+01, 6.9061e-01, 
 2DIAGNOSTIC,    29, -3.833548724651e-01, 2.180653837058e-06, 5.9654e+01, 6.0050e-01, 
 2DIAGNOSTIC,    30, -3.833501338959e-01, 1.732719852043e-06, 6.0255e+01, 6.0156e-01, 
 2DIAGNOSTIC,    31, -3.833463788033e-01, 1.355518975288e-06, 6.0856e+01, 6.0013e-01, 
DIAGNOSTIC,Iteration,metricValue,convergenceValue,ITERATION_TIME_INDEX,SINCE_LAST
 2DIAGNOSTIC,     1, -3.297373950481e-01, inf, 7.0142e+01, 9.2867e+00, 
  Elapsed time (stage 1): 7.1909e+01


Stage 2
  iterations = 100x100x70x50x0
  convergence threshold = 1.0000e-06
  convergence window size = 10
  number of levels = 5
  using the Mattes MI metric (number of bins = 32, weight = 1.0000e+00)
  preprocessing:  winsorizing the image intensities
  Shrink factors (level 1 out of 5): [10, 10, 10]
  Shrink factors (level 2 out of 5): [6, 6, 6]
  Shrink factors (level 3 out of 5): [4, 4, 4]
  Shrink factors (level 4 out of 5): [2, 2, 2]
  Shrink factors (level 5 out of 5): [1, 1, 1]
  smoothing sigmas per level: [5, 3, 2, 1, 0]
  Using default NONE metricSamplingStrategy 

*** Running SyN registration (varianceForUpdateField = 3.0000e+00, varianceForTotalField = 0.0000e+00) ***

XXDIAGNOSTIC,Iteration,metricValue,convergenceValue,ITERATION_TIME_INDEX,SINCE_LAST
 1DIAGNOSTIC,     1, -5.087236762047e-01, inf, 3.0726e+01, 3.0726e+01, 
 1DIAGNOSTIC,     2, -5.255451798439e-01, inf, 3.0879e+01, 1.5284e-01, 
 1DIAGNOSTIC,     3, -5.341842174530e-01, inf, 3.1025e+01, 1.4611e-01, 
 1DIAGNOSTIC,     4, -5.366104841232e-01, inf, 3.1177e+01, 1.5169e-01, 
 1DIAGNOSTIC,     5, -5.350717306137e-01, inf, 3.1324e+01, 1.4702e-01, 
 1DIAGNOSTIC,     6, -5.334827303886e-01, inf, 3.1470e+01, 1.4639e-01, 
 1DIAGNOSTIC,     7, -5.307658910751e-01, inf, 3.1617e+01, 1.4640e-01, 
 1DIAGNOSTIC,     8, -5.286480188370e-01, inf, 3.1763e+01, 1.4670e-01, 
 1DIAGNOSTIC,     9, -5.258466005325e-01, inf, 3.1910e+01, 1.4679e-01, 
 1DIAGNOSTIC,    10, -5.244551301003e-01, 4.936090554111e-04, 3.2057e+01, 1.4717e-01, 
 1DIAGNOSTIC,    11, -5.214051008224e-01, -1.154793659225e-03, 3.2205e+01, 1.4731e-01, 
XXDIAGNOSTIC,Iteration,metricValue,convergenceValue,ITERATION_TIME_INDEX,SINCE_LAST
 1DIAGNOSTIC,     1, -4.154934287071e-01, inf, 4.5950e+01, 1.3745e+01, 
 1DIAGNOSTIC,     2, -4.170836806297e-01, inf, 4.6528e+01, 5.7824e-01, 
 1DIAGNOSTIC,     3, -4.175083637238e-01, inf, 4.7104e+01, 5.7595e-01, 
 1DIAGNOSTIC,     4, -4.172469675541e-01, inf, 4.7681e+01, 5.7770e-01, 
 1DIAGNOSTIC,     5, -4.168437719345e-01, inf, 4.8277e+01, 5.9508e-01, 
 1DIAGNOSTIC,     6, -4.159366786480e-01, inf, 4.8856e+01, 5.7913e-01, 
 1DIAGNOSTIC,     7, -4.153634607792e-01, inf, 4.9433e+01, 5.7699e-01, 
 1DIAGNOSTIC,     8, -4.148092567921e-01, inf, 5.0012e+01, 5.7900e-01, 
 1DIAGNOSTIC,     9, -4.137918949127e-01, inf, 5.0590e+01, 5.7851e-01, 
 1DIAGNOSTIC,    10, -4.129194021225e-01, -5.693382699974e-04, 5.1168e+01, 5.7744e-01, 
XXDIAGNOSTIC,Iteration,metricValue,convergenceValue,ITERATION_TIME_INDEX,SINCE_LAST
 1DIAGNOSTIC,     1, -3.542551994324e-01, inf, 6.1180e+01, 1.0013e+01, 
 1DIAGNOSTIC,     2, -3.552718460560e-01, inf, 6.2971e+01, 1.7904e+00, 
 1DIAGNOSTIC,     3, -3.558288216591e-01, inf, 6.4762e+01, 1.7912e+00, 
 1DIAGNOSTIC,     4, -3.562569916248e-01, inf, 6.6610e+01, 1.8476e+00, 
 1DIAGNOSTIC,     5, -3.565813302994e-01, inf, 6.8406e+01, 1.7964e+00, 
 1DIAGNOSTIC,     6, -3.567680120468e-01, inf, 7.0207e+01, 1.8006e+00, 
 1DIAGNOSTIC,     7, -3.569082915783e-01, inf, 7.1997e+01, 1.7904e+00, 
 1DIAGNOSTIC,     8, -3.567972779274e-01, inf, 7.3789e+01, 1.7923e+00, 
 1DIAGNOSTIC,     9, -3.567129373550e-01, inf, 7.5579e+01, 1.7898e+00, 
 1DIAGNOSTIC,    10, -3.565841317177e-01, 3.704365517478e-04, 7.7447e+01, 1.8679e+00, 
 1DIAGNOSTIC,    11, -3.561732769012e-01, 1.483619271312e-04, 7.9239e+01, 1.7922e+00, 
 1DIAGNOSTIC,    12, -3.557593226433e-01, -9.627267900214e-06, 8.1086e+01, 1.8469e+00, 
XXDIAGNOSTIC,Iteration,metricValue,convergenceValue,ITERATION_TIME_INDEX,SINCE_LAST
 1DIAGNOSTIC,     1, -3.026207685471e-01, inf, 1.0093e+02, 1.9843e+01, 
 1DIAGNOSTIC,     2, -3.034630715847e-01, inf, 1.1384e+02, 1.2909e+01, 
 1DIAGNOSTIC,     3, -3.043676614761e-01, inf, 1.2713e+02, 1.3293e+01, 
 1DIAGNOSTIC,     4, -3.052006959915e-01, inf, 1.4002e+02, 1.2888e+01, 
 1DIAGNOSTIC,     5, -3.059451282024e-01, inf, 1.5330e+02, 1.3282e+01, 
 1DIAGNOSTIC,     6, -3.066801428795e-01, inf, 1.6664e+02, 1.3341e+01, 
 1DIAGNOSTIC,     7, -3.072844743729e-01, inf, 1.7999e+02, 1.3347e+01, 
 1DIAGNOSTIC,     8, -3.078830838203e-01, inf, 1.9341e+02, 1.3422e+01, 
 1DIAGNOSTIC,     9, -3.084527850151e-01, inf, 2.0670e+02, 1.3294e+01, 
 1DIAGNOSTIC,    10, -3.089252114296e-01, 1.324119395576e-03, 2.2003e+02, 1.3325e+01, 
 1DIAGNOSTIC,    11, -3.093501031399e-01, 1.112391240895e-03, 2.3376e+02, 1.3732e+01, 
 1DIAGNOSTIC,    12, -3.097372651100e-01, 9.304838604294e-04, 2.4751e+02, 1.3752e+01, 
 1DIAGNOSTIC,    13, -3.100446462631e-01, 7.782712928019e-04, 2.6126e+02, 1.3744e+01, 
 1DIAGNOSTIC,    14, -3.103225827217e-01, 6.500920280814e-04, 2.7501e+02, 1.3753e+01, 
 1DIAGNOSTIC,    15, -3.105624914169e-01, 5.398733774200e-04, 2.8896e+02, 1.3947e+01, 
 1DIAGNOSTIC,    16, -3.107697367668e-01, 4.481204086915e-04, 3.0275e+02, 1.3796e+01, 
 1DIAGNOSTIC,    17, -3.109667599201e-01, 3.691707970574e-04, 3.1654e+02, 1.3785e+01, 
 1DIAGNOSTIC,    18, -3.111417591572e-01, 3.042751923203e-04, 3.2987e+02, 1.3329e+01, 
 1DIAGNOSTIC,    19, -3.112653493881e-01, 2.515160886105e-04, 3.4361e+02, 1.3743e+01, 
 1DIAGNOSTIC,    20, -3.113775253296e-01, 2.075174561469e-04, 3.5745e+02, 1.3846e+01, 
 1DIAGNOSTIC,    21, -3.114969134331e-01, 1.721510052448e-04, 3.7122e+02, 1.3765e+01, 
 1DIAGNOSTIC,    22, -3.116447925568e-01, 1.462337822886e-04, 3.8502e+02, 1.3796e+01, 
 1DIAGNOSTIC,    23, -3.117863833904e-01, 1.267453626497e-04, 3.9891e+02, 1.3893e+01, 
 1DIAGNOSTIC,    24, -3.119283914566e-01, 1.130702803493e-04, 4.1272e+02, 1.3813e+01, 
 1DIAGNOSTIC,    25, -3.120188117027e-01, 1.020357885864e-04, 4.2650e+02, 1.3779e+01, 
 1DIAGNOSTIC,    26, -3.121154904366e-01, 9.302250691690e-05, 4.4043e+02, 1.3929e+01, 
 1DIAGNOSTIC,    27, -3.122802972794e-01, 8.820052607916e-05, 4.5415e+02, 1.3724e+01, 
 1DIAGNOSTIC,    28, -3.124209940434e-01, 8.568865450798e-05, 4.6788e+02, 1.3724e+01, 
 1DIAGNOSTIC,    29, -3.124939799309e-01, 8.149656059686e-05, 4.8162e+02, 1.3743e+01, 
 1DIAGNOSTIC,    30, -3.125211596489e-01, 7.426879892591e-05, 4.9535e+02, 1.3734e+01, 
 1DIAGNOSTIC,    31, -3.125492930412e-01, 6.493990804302e-05, 5.0909e+02, 1.3732e+01, 
 1DIAGNOSTIC,    32, -3.125475049019e-01, 5.422454341897e-05, 5.2289e+02, 1.3803e+01, 
 1DIAGNOSTIC,    33, -3.125618398190e-01, 4.334487675806e-05, 5.3663e+02, 1.3745e+01, 
 1DIAGNOSTIC,    34, -3.125667572021e-01, 3.303624544060e-05, 5.5043e+02, 1.3791e+01, 
 1DIAGNOSTIC,    35, -3.125649690628e-01, 2.261219560751e-05, 5.6417e+02, 1.3747e+01, 
 1DIAGNOSTIC,    36, -3.125636577606e-01, 1.308476021222e-05, 5.7799e+02, 1.3813e+01, 
 1DIAGNOSTIC,    37, -3.126266300678e-01, 8.489564606862e-06, 5.9176e+02, 1.3777e+01, 
 1DIAGNOSTIC,    38, -3.126919865608e-01, 8.298118700623e-06, 6.0556e+02, 1.3799e+01, 
 1DIAGNOSTIC,    39, -3.127746582031e-01, 1.102144960896e-05, 6.1938e+02, 1.3817e+01, 
 1DIAGNOSTIC,    40, -3.128160834312e-01, 1.417984731233e-05, 6.3328e+02, 1.3903e+01, 
 1DIAGNOSTIC,    41, -3.129028081894e-01, 1.849313593993e-05, 6.4709e+02, 1.3806e+01, 
 1DIAGNOSTIC,    42, -3.129477500916e-01, 2.179852526751e-05, 6.6106e+02, 1.3970e+01, 
 1DIAGNOSTIC,    43, -3.130069375038e-01, 2.447464976285e-05, 6.7481e+02, 1.3750e+01, 
 1DIAGNOSTIC,    44, -3.130169808865e-01, 2.506160308258e-05, 6.8858e+02, 1.3768e+01, 
 1DIAGNOSTIC,    45, -3.130516409874e-01, 2.399795630481e-05, 7.0237e+02, 1.3796e+01, 
 1DIAGNOSTIC,    46, -3.131119012833e-01, 2.189818405895e-05, 7.1611e+02, 1.3740e+01, 
 1DIAGNOSTIC,    47, -3.131660223007e-01, 2.008607589232e-05, 7.2983e+02, 1.3719e+01, 
 1DIAGNOSTIC,    48, -3.132564127445e-01, 1.942240123753e-05, 7.4363e+02, 1.3804e+01, 
 1DIAGNOSTIC,    49, -3.132932186127e-01, 1.920216709550e-05, 7.5737e+02, 1.3738e+01, 
 1DIAGNOSTIC,    50, -3.133576512337e-01, 1.913179767143e-05, 7.7115e+02, 1.3780e+01, 
  Elapsed time (stage 2): 795.1


Total elapsed time: 924.3

--- Writing output images ---

Using double precision for computations.
Input scalar image: data/Segmentations/1005_3_seg.nii.gz
Reference image: data/template/T_template0_BrainCerebellum.nii.gz
=============================================================================
The composite transform comprises the following transforms (in order): 
  1. /tmp/1971559.1.basic.q/1005_ToTemplate_002_0GenericAffine.mat (type = AffineTransform)
  2. /tmp/1971559.1.basic.q/1005_ToTemplate_002_1Warp.nii.gz (type = DisplacementFieldTransform)
=============================================================================
Default pixel value: 0
Interpolation type: LabelImageGenericInterpolateImageFunction
Output warped image: output/1005/1005_WarpedLabels_002.nii.gz

--- Done ---

