
--- Running on compute-2-5.local ---


--- registration call ---
/data/jet/pcook/bin/antsBuild/bin/antsRegistrationSyNQuick.sh -d 3 -f data/template/T_template0_BrainCerebellum.nii.gz -m data/Brains/1110_3.nii.gz -t s -p d -n 1 -o /tmp/1971153.1.basic.q/1110_ToTemplate_021_
---


--------------------------------------------------------------------------------------
 Mapping parameters
--------------------------------------------------------------------------------------
 ANTSPATH is /data/jet/pcook/bin/antsBuild/bin/

 Dimensionality:           3
 Output name prefix:       /tmp/1971153.1.basic.q/1110_ToTemplate_021_
 Fixed images:             data/template/T_template0_BrainCerebellum.nii.gz
 Moving images:            data/Brains/1110_3.nii.gz
 Mask images:              
 Initial transforms:       
 Number of threads:        1
 Spline distance:          26
 Transform type:           s
 MI histogram bins:        32
 Precision:                d
 Use histogram matching    0
======================================================================================
 antsRegistration call:
--------------------------------------------------------------------------------------
/data/jet/pcook/bin/antsBuild/bin//antsRegistration --verbose 1 --dimensionality 3 --float 0 --collapse-output-transforms 1 --output [/tmp/1971153.1.basic.q/1110_ToTemplate_021_,/tmp/1971153.1.basic.q/1110_ToTemplate_021_Warped.nii.gz,/tmp/1971153.1.basic.q/1110_ToTemplate_021_InverseWarped.nii.gz] --interpolation Linear --use-histogram-matching 0 --winsorize-image-intensities [0.005,0.995] --initial-moving-transform [data/template/T_template0_BrainCerebellum.nii.gz,data/Brains/1110_3.nii.gz,1] --transform Rigid[0.1] --metric MI[data/template/T_template0_BrainCerebellum.nii.gz,data/Brains/1110_3.nii.gz,1,32,Regular,0.25] --convergence [1000x500x250x0,1e-6,10] --shrink-factors 12x8x4x2 --smoothing-sigmas 4x3x2x1vox --transform Affine[0.1] --metric MI[data/template/T_template0_BrainCerebellum.nii.gz,data/Brains/1110_3.nii.gz,1,32,Regular,0.25] --convergence [1000x500x250x0,1e-6,10] --shrink-factors 12x8x4x2 --smoothing-sigmas 4x3x2x1vox --transform SyN[0.1,3,0] --metric MI[data/template/T_template0_BrainCerebellum.nii.gz,data/Brains/1110_3.nii.gz,1,32] --convergence [100x100x70x50x0,1e-6,10] --shrink-factors 10x6x4x2x1 --smoothing-sigmas 5x3x2x1x0vox
--------------------------------------------------------------------------------------
All_Command_lines_OK
Using double precision for computations.
=============================================================================
The composite transform comprises the following transforms (in order): 
  1. Center of mass alignment using fixed image: data/template/T_template0_BrainCerebellum.nii.gz and moving image: data/Brains/1110_3.nii.gz (type = Euler3DTransform)
=============================================================================
  number of levels = 4
  number of levels = 4
  number of levels = 5
  fixed image: data/template/T_template0_BrainCerebellum.nii.gz
  moving image: data/Brains/1110_3.nii.gz
  fixed image: data/template/T_template0_BrainCerebellum.nii.gz
  moving image: data/Brains/1110_3.nii.gz
  fixed image: data/template/T_template0_BrainCerebellum.nii.gz
  moving image: data/Brains/1110_3.nii.gz
Dimension = 3
Number of stages = 3
Use Histogram Matching false
Winsorize image intensities true
Lower quantile = 0.005
Upper quantile = 0.995
Stage 1 State
   Image metric = Mattes
     Fixed image = Image (0x4b4acd0)
  RTTI typeinfo:   itk::Image<double, 3u>
  Reference Count: 2
  Modified Time: 1611
  Debug: Off
  Object Name: 
  Observers: 
    none
  Source: (none)
  Source output name: (none)
  Release Data: Off
  Data Released: False
  Global Release Data: Off
  PipelineMTime: 0
  UpdateMTime: 1422
  RealTimeStamp: 0 seconds 
  LargestPossibleRegion: 
    Dimension: 3
    Index: [0, 0, 0]
    Size: [216, 256, 291]
  BufferedRegion: 
    Dimension: 3
    Index: [0, 0, 0]
    Size: [216, 256, 291]
  RequestedRegion: 
    Dimension: 3
    Index: [0, 0, 0]
    Size: [216, 256, 291]
  Spacing: [1, 1, 1]
  Origin: [0, 293, 0]
  Direction: 
1 0 0
0 -0 -1
0 -1 -0

  IndexToPointMatrix: 
1 0 0
0 0 -1
0 -1 0

  PointToIndexMatrix: 
1 0 0
0 0 -1
0 -1 0

  Inverse Direction: 
1 0 0
0 0 -1
0 -1 0

  PixelContainer: 
    ImportImageContainer (0x4b4e7d0)
      RTTI typeinfo:   itk::ImportImageContainer<unsigned long, double>
      Reference Count: 1
      Modified Time: 1419
      Debug: Off
      Object Name: 
      Observers: 
        none
      Pointer: 0x7fdd66c86010
      Container manages memory: true
      Size: 16091136
      Capacity: 16091136

     Moving image = Image (0x4b4cd30)
  RTTI typeinfo:   itk::Image<double, 3u>
  Reference Count: 2
  Modified Time: 1612
  Debug: Off
  Object Name: 
  Observers: 
    none
  Source: (none)
  Source output name: (none)
  Release Data: Off
  Data Released: False
  Global Release Data: Off
  PipelineMTime: 0
  UpdateMTime: 1609
  RealTimeStamp: 0 seconds 
  LargestPossibleRegion: 
    Dimension: 3
    Index: [0, 0, 0]
    Size: [256, 256, 321]
  BufferedRegion: 
    Dimension: 3
    Index: [0, 0, 0]
    Size: [256, 256, 321]
  RequestedRegion: 
    Dimension: 3
    Index: [0, 0, 0]
    Size: [256, 256, 321]
  Spacing: [1, 1, 1]
  Origin: [0, 320, 0]
  Direction: 
1 0 0
0 -0 -1
0 -1 -0

  IndexToPointMatrix: 
1 0 0
0 0 -1
0 -1 0

  PointToIndexMatrix: 
1 0 0
0 0 -1
0 -1 0

  Inverse Direction: 
1 0 0
0 0 -1
0 -1 0

  PixelContainer: 
    ImportImageContainer (0x4b3df40)
      RTTI typeinfo:   itk::ImportImageContainer<unsigned long, double>
      Reference Count: 1
      Modified Time: 1606
      Debug: Off
      Object Name: 
      Observers: 
        none
      Pointer: 0x7fdd5cc05010
      Container manages memory: true
      Size: 21037056
      Capacity: 21037056

     Weighting = 1
     Sampling strategy = regular
     Number of bins = 32
     Radius = 4
     Sampling percentage  = 0.25
   Transform = Rigid
     Gradient step = 0.1
     Update field sigma (voxel space) = 0
     Total field sigma (voxel space) = 0
     Update field time sigma = 0
     Total field time sigma  = 0
     Number of time indices = 0
     Number of time point samples = 0
Stage 2 State
   Image metric = Mattes
     Fixed image = Image (0x4b516e0)
  RTTI typeinfo:   itk::Image<double, 3u>
  Reference Count: 2
  Modified Time: 1987
  Debug: Off
  Object Name: 
  Observers: 
    none
  Source: (none)
  Source output name: (none)
  Release Data: Off
  Data Released: False
  Global Release Data: Off
  PipelineMTime: 0
  UpdateMTime: 1798
  RealTimeStamp: 0 seconds 
  LargestPossibleRegion: 
    Dimension: 3
    Index: [0, 0, 0]
    Size: [216, 256, 291]
  BufferedRegion: 
    Dimension: 3
    Index: [0, 0, 0]
    Size: [216, 256, 291]
  RequestedRegion: 
    Dimension: 3
    Index: [0, 0, 0]
    Size: [216, 256, 291]
  Spacing: [1, 1, 1]
  Origin: [0, 293, 0]
  Direction: 
1 0 0
0 -0 -1
0 -1 -0

  IndexToPointMatrix: 
1 0 0
0 0 -1
0 -1 0

  PointToIndexMatrix: 
1 0 0
0 0 -1
0 -1 0

  Inverse Direction: 
1 0 0
0 0 -1
0 -1 0

  PixelContainer: 
    ImportImageContainer (0x4b4d950)
      RTTI typeinfo:   itk::ImportImageContainer<unsigned long, double>
      Reference Count: 1
      Modified Time: 1795
      Debug: Off
      Object Name: 
      Observers: 
        none
      Pointer: 0x7fdd55140010
      Container manages memory: true
      Size: 16091136
      Capacity: 16091136

     Moving image = Image (0x4b5e060)
  RTTI typeinfo:   itk::Image<double, 3u>
  Reference Count: 2
  Modified Time: 1988
  Debug: Off
  Object Name: 
  Observers: 
    none
  Source: (none)
  Source output name: (none)
  Release Data: Off
  Data Released: False
  Global Release Data: Off
  PipelineMTime: 0
  UpdateMTime: 1985
  RealTimeStamp: 0 seconds 
  LargestPossibleRegion: 
    Dimension: 3
    Index: [0, 0, 0]
    Size: [256, 256, 321]
  BufferedRegion: 
    Dimension: 3
    Index: [0, 0, 0]
    Size: [256, 256, 321]
  RequestedRegion: 
    Dimension: 3
    Index: [0, 0, 0]
    Size: [256, 256, 321]
  Spacing: [1, 1, 1]
  Origin: [0, 320, 0]
  Direction: 
1 0 0
0 -0 -1
0 -1 -0

  IndexToPointMatrix: 
1 0 0
0 0 -1
0 -1 0

  PointToIndexMatrix: 
1 0 0
0 0 -1
0 -1 0

  Inverse Direction: 
1 0 0
0 0 -1
0 -1 0

  PixelContainer: 
    ImportImageContainer (0x4b5d9e0)
      RTTI typeinfo:   itk::ImportImageContainer<unsigned long, double>
      Reference Count: 1
      Modified Time: 1982
      Debug: Off
      Object Name: 
      Observers: 
        none
      Pointer: 0x7fdd4b0bf010
      Container manages memory: true
      Size: 21037056
      Capacity: 21037056

     Weighting = 1
     Sampling strategy = regular
     Number of bins = 32
     Radius = 4
     Sampling percentage  = 0.25
   Transform = Affine
     Gradient step = 0.1
     Update field sigma (voxel space) = 0
     Total field sigma (voxel space) = 0
     Update field time sigma = 0
     Total field time sigma  = 0
     Number of time indices = 0
     Number of time point samples = 0
Stage 3 State
   Image metric = Mattes
     Fixed image = Image (0x4b63980)
  RTTI typeinfo:   itk::Image<double, 3u>
  Reference Count: 2
  Modified Time: 2363
  Debug: Off
  Object Name: 
  Observers: 
    none
  Source: (none)
  Source output name: (none)
  Release Data: Off
  Data Released: False
  Global Release Data: Off
  PipelineMTime: 0
  UpdateMTime: 2174
  RealTimeStamp: 0 seconds 
  LargestPossibleRegion: 
    Dimension: 3
    Index: [0, 0, 0]
    Size: [216, 256, 291]
  BufferedRegion: 
    Dimension: 3
    Index: [0, 0, 0]
    Size: [216, 256, 291]
  RequestedRegion: 
    Dimension: 3
    Index: [0, 0, 0]
    Size: [216, 256, 291]
  Spacing: [1, 1, 1]
  Origin: [0, 293, 0]
  Direction: 
1 0 0
0 -0 -1
0 -1 -0

  IndexToPointMatrix: 
1 0 0
0 0 -1
0 -1 0

  PointToIndexMatrix: 
1 0 0
0 0 -1
0 -1 0

  Inverse Direction: 
1 0 0
0 0 -1
0 -1 0

  PixelContainer: 
    ImportImageContainer (0x4b5c720)
      RTTI typeinfo:   itk::ImportImageContainer<unsigned long, double>
      Reference Count: 1
      Modified Time: 2171
      Debug: Off
      Object Name: 
      Observers: 
        none
      Pointer: 0x7fdd435fa010
      Container manages memory: true
      Size: 16091136
      Capacity: 16091136

     Moving image = Image (0x4b660f0)
  RTTI typeinfo:   itk::Image<double, 3u>
  Reference Count: 2
  Modified Time: 2364
  Debug: Off
  Object Name: 
  Observers: 
    none
  Source: (none)
  Source output name: (none)
  Release Data: Off
  Data Released: False
  Global Release Data: Off
  PipelineMTime: 0
  UpdateMTime: 2361
  RealTimeStamp: 0 seconds 
  LargestPossibleRegion: 
    Dimension: 3
    Index: [0, 0, 0]
    Size: [256, 256, 321]
  BufferedRegion: 
    Dimension: 3
    Index: [0, 0, 0]
    Size: [256, 256, 321]
  RequestedRegion: 
    Dimension: 3
    Index: [0, 0, 0]
    Size: [256, 256, 321]
  Spacing: [1, 1, 1]
  Origin: [0, 320, 0]
  Direction: 
1 0 0
0 -0 -1
0 -1 -0

  IndexToPointMatrix: 
1 0 0
0 0 -1
0 -1 0

  PointToIndexMatrix: 
1 0 0
0 0 -1
0 -1 0

  Inverse Direction: 
1 0 0
0 0 -1
0 -1 0

  PixelContainer: 
    ImportImageContainer (0x4b63c10)
      RTTI typeinfo:   itk::ImportImageContainer<unsigned long, double>
      Reference Count: 1
      Modified Time: 2358
      Debug: Off
      Object Name: 
      Observers: 
        none
      Pointer: 0x7fdd39579010
      Container manages memory: true
      Size: 21037056
      Capacity: 21037056

     Weighting = 1
     Sampling strategy = none
     Number of bins = 32
     Radius = 4
     Sampling percentage  = 1
   Transform = SyN
     Gradient step = 0.1
     Update field sigma (voxel space) = 3
     Total field sigma (voxel space) = 0
     Update field time sigma = 0
     Total field time sigma  = 0
     Number of time indices = 0
     Number of time point samples = 0
Registration using 3 total stages.

Stage 0
  iterations = 1000x500x250x0
  convergence threshold = 1e-06
  convergence window size = 10
  number of levels = 4
  using the Mattes MI metric (number of bins = 32, weight = 1)
  preprocessing:  winsorizing the image intensities
  Shrink factors (level 1 out of 4): [12, 12, 12]
  Shrink factors (level 2 out of 4): [8, 8, 8]
  Shrink factors (level 3 out of 4): [4, 4, 4]
  Shrink factors (level 4 out of 4): [2, 2, 2]
  smoothing sigmas per level: [4, 3, 2, 1]
  regular sampling (percentage = 0.25)

*** Running Euler3DTransform registration ***

DIAGNOSTIC,Iteration,metricValue,convergenceValue,ITERATION_TIME_INDEX,SINCE_LAST
 2DIAGNOSTIC,     1, -4.666620395568e-01, 1.797693134862e+308, 2.2843e+01, 2.2843e+01, 
 2DIAGNOSTIC,     2, -4.676198687734e-01, 1.797693134862e+308, 2.2855e+01, 1.1503e-02, 
 2DIAGNOSTIC,     3, -4.685926345332e-01, 1.797693134862e+308, 2.2866e+01, 1.1139e-02, 
 2DIAGNOSTIC,     4, -4.694397832485e-01, 1.797693134862e+308, 2.2877e+01, 1.1196e-02, 
 2DIAGNOSTIC,     5, -4.699699078857e-01, 1.797693134862e+308, 2.2888e+01, 1.0976e-02, 
 2DIAGNOSTIC,     6, -4.703242006242e-01, 1.797693134862e+308, 2.2899e+01, 1.1094e-02, 
 2DIAGNOSTIC,     7, -4.707637563245e-01, 1.797693134862e+308, 2.2910e+01, 1.0940e-02, 
 2DIAGNOSTIC,     8, -4.713370968878e-01, 1.797693134862e+308, 2.2926e+01, 1.5759e-02, 
 2DIAGNOSTIC,     9, -4.714433573387e-01, 1.797693134862e+308, 2.2940e+01, 1.4162e-02, 
 2DIAGNOSTIC,    10, -4.714857228735e-01, 6.546229700589e-04, 2.2952e+01, 1.1808e-02, 
 2DIAGNOSTIC,    11, -4.718345450728e-01, 4.899873896677e-04, 2.2965e+01, 1.3144e-02, 
 2DIAGNOSTIC,    12, -4.721397471128e-01, 3.714491070529e-04, 2.2976e+01, 1.1520e-02, 
 2DIAGNOSTIC,    13, -4.722552083339e-01, 2.872278034101e-04, 2.2989e+01, 1.3150e-02, 
 2DIAGNOSTIC,    14, -4.724965998191e-01, 2.361133635296e-04, 2.3001e+01, 1.1616e-02, 
 2DIAGNOSTIC,    15, -4.730957351097e-01, 2.160097269198e-04, 2.3018e+01, 1.6599e-02, 
 2DIAGNOSTIC,    16, -4.733423644757e-01, 2.006044942400e-04, 2.3031e+01, 1.3099e-02, 
 2DIAGNOSTIC,    17, -4.733596534359e-01, 1.843467324738e-04, 2.3042e+01, 1.1435e-02, 
 2DIAGNOSTIC,    18, -4.733764141135e-01, 1.732123970789e-04, 2.3054e+01, 1.1419e-02, 
 2DIAGNOSTIC,    19, -4.734323946744e-01, 1.526796272035e-04, 2.3070e+01, 1.6025e-02, 
 2DIAGNOSTIC,    20, -4.734364766846e-01, 1.210540201028e-04, 2.3081e+01, 1.1453e-02, 
 2DIAGNOSTIC,    21, -4.734478526987e-01, 9.140764028422e-05, 2.3093e+01, 1.1484e-02, 
 2DIAGNOSTIC,    22, -4.734727430772e-01, 6.535931156096e-05, 2.3107e+01, 1.4595e-02, 
 2DIAGNOSTIC,    23, -4.734764618452e-01, 3.881490436914e-05, 2.3119e+01, 1.1361e-02, 
 2DIAGNOSTIC,    24, -4.734900622978e-01, 1.701925202120e-05, 2.3130e+01, 1.1579e-02, 
 2DIAGNOSTIC,    25, -4.735732568138e-01, 1.177839727094e-05, 2.3143e+01, 1.3166e-02, 
 2DIAGNOSTIC,    26, -4.737125925363e-01, 1.485379063421e-05, 2.3163e+01, 1.9463e-02, 
 2DIAGNOSTIC,    27, -4.737172782299e-01, 1.684101698352e-05, 2.3202e+01, 3.9327e-02, 
 2DIAGNOSTIC,    28, -4.737172782170e-01, 1.759792880405e-05, 2.3241e+01, 3.9198e-02, 
 2DIAGNOSTIC,    29, -4.737172782170e-01, 1.795624588027e-05, 2.3256e+01, 1.4509e-02, 
 2DIAGNOSTIC,    30, -4.737172782170e-01, 1.674144657612e-05, 2.3270e+01, 1.4622e-02, 
 2DIAGNOSTIC,    31, -4.737172782170e-01, 1.428159872800e-05, 2.3283e+01, 1.2989e-02, 
 2DIAGNOSTIC,    32, -4.737172782170e-01, 1.120381702305e-05, 2.3296e+01, 1.2975e-02, 
 2DIAGNOSTIC,    33, -4.737172782170e-01, 7.465280882669e-06, 2.3309e+01, 1.2950e-02, 
 2DIAGNOSTIC,    34, -4.737172782170e-01, 3.560032098549e-06, 2.3322e+01, 1.2911e-02, 
DIAGNOSTIC,Iteration,metricValue,convergenceValue,ITERATION_TIME_INDEX,SINCE_LAST
 2DIAGNOSTIC,     1, -4.184283571711e-01, 1.797693134862e+308, 4.0031e+01, 1.6709e+01, 
 2DIAGNOSTIC,     2, -4.192787627518e-01, 1.797693134862e+308, 4.0090e+01, 5.9420e-02, 
 2DIAGNOSTIC,     3, -4.196574443265e-01, 1.797693134862e+308, 4.0150e+01, 5.9730e-02, 
 2DIAGNOSTIC,     4, -4.200417374476e-01, 1.797693134862e+308, 4.0210e+01, 5.9776e-02, 
 2DIAGNOSTIC,     5, -4.201951445755e-01, 1.797693134862e+308, 4.0269e+01, 5.9742e-02, 
 2DIAGNOSTIC,     6, -4.203390122440e-01, 1.797693134862e+308, 4.0340e+01, 7.0391e-02, 
 2DIAGNOSTIC,     7, -4.203372377797e-01, 1.797693134862e+308, 4.0432e+01, 9.2581e-02, 
 2DIAGNOSTIC,     8, -4.203962287872e-01, 1.797693134862e+308, 4.0492e+01, 5.9673e-02, 
 2DIAGNOSTIC,     9, -4.204135253848e-01, 1.797693134862e+308, 4.0552e+01, 5.9735e-02, 
 2DIAGNOSTIC,    10, -4.204454748588e-01, 2.528345870032e-04, 4.0612e+01, 6.0468e-02, 
 2DIAGNOSTIC,    11, -4.206196752263e-01, 1.495413763827e-04, 4.0717e+01, 1.0429e-01, 
 2DIAGNOSTIC,    12, -4.207140475807e-01, 1.031111532360e-04, 4.0787e+01, 7.0550e-02, 
 2DIAGNOSTIC,    13, -4.207146244611e-01, 7.408656451358e-05, 4.0858e+01, 7.1130e-02, 
 2DIAGNOSTIC,    14, -4.207149531833e-01, 6.132179543959e-05, 4.0919e+01, 6.0313e-02, 
 2DIAGNOSTIC,    15, -4.207155207376e-01, 5.168260611570e-05, 4.0979e+01, 5.9959e-02, 
 2DIAGNOSTIC,    16, -4.207188853233e-01, 4.482854994085e-05, 4.1050e+01, 7.1464e-02, 
 2DIAGNOSTIC,    17, -4.207223026106e-01, 3.477251258777e-05, 4.1110e+01, 6.0196e-02, 
 2DIAGNOSTIC,    18, -4.206854529521e-01, 2.371490373778e-05, 4.1181e+01, 7.1019e-02, 
 2DIAGNOSTIC,    19, -4.206882616993e-01, 1.264176633468e-05, 4.1241e+01, 5.9382e-02, 
 2DIAGNOSTIC,    20, -4.206514358941e-01, 1.346380995394e-06, 4.1300e+01, 5.9836e-02, 
DIAGNOSTIC,Iteration,metricValue,convergenceValue,ITERATION_TIME_INDEX,SINCE_LAST
 2DIAGNOSTIC,     1, -3.491104680061e-01, 1.797693134862e+308, 5.0837e+01, 9.5364e+00, 
 2DIAGNOSTIC,     2, -3.496853316932e-01, 1.797693134862e+308, 5.1327e+01, 4.8960e-01, 
 2DIAGNOSTIC,     3, -3.503397985896e-01, 1.797693134862e+308, 5.1816e+01, 4.8960e-01, 
 2DIAGNOSTIC,     4, -3.509049792106e-01, 1.797693134862e+308, 5.2305e+01, 4.8843e-01, 
 2DIAGNOSTIC,     5, -3.511156747078e-01, 1.797693134862e+308, 5.2794e+01, 4.8928e-01, 
 2DIAGNOSTIC,     6, -3.511878368093e-01, 1.797693134862e+308, 5.3568e+01, 7.7377e-01, 
 2DIAGNOSTIC,     7, -3.512150913160e-01, 1.797693134862e+308, 5.4056e+01, 4.8878e-01, 
 2DIAGNOSTIC,     8, -3.512920355087e-01, 1.797693134862e+308, 5.4545e+01, 4.8833e-01, 
 2DIAGNOSTIC,     9, -3.513509266514e-01, 1.797693134862e+308, 5.5128e+01, 5.8373e-01, 
 2DIAGNOSTIC,    10, -3.513676260468e-01, 3.708463582506e-04, 5.5712e+01, 5.8370e-01, 
 2DIAGNOSTIC,    11, -3.513689146640e-01, 2.224751005180e-04, 5.6299e+01, 5.8679e-01, 
 2DIAGNOSTIC,    12, -3.513817280712e-01, 1.182844056043e-04, 5.6883e+01, 5.8440e-01, 
 2DIAGNOSTIC,    13, -3.513787144264e-01, 5.940959789290e-05, 5.7468e+01, 5.8465e-01, 
 2DIAGNOSTIC,    14, -3.513733792957e-01, 3.583274806651e-05, 5.7958e+01, 4.9031e-01, 
 2DIAGNOSTIC,    15, -3.513800541041e-01, 2.403875283409e-05, 5.8448e+01, 4.8987e-01, 
 2DIAGNOSTIC,    16, -3.514009823022e-01, 1.645606874308e-05, 5.9027e+01, 5.7904e-01, 
 2DIAGNOSTIC,    17, -3.514070293612e-01, 9.923771688791e-06, 5.9518e+01, 4.9053e-01, 
 2DIAGNOSTIC,    18, -3.514527171817e-01, 8.833656724008e-06, 6.0198e+01, 6.8044e-01, 
 2DIAGNOSTIC,    19, -3.514707746876e-01, 1.043684347405e-05, 6.1251e+01, 1.0533e+00, 
 2DIAGNOSTIC,    20, -3.514792728263e-01, 1.208655271965e-05, 6.1736e+01, 4.8452e-01, 
 2DIAGNOSTIC,    21, -3.514745983623e-01, 1.246425608735e-05, 6.2321e+01, 5.8506e-01, 
 2DIAGNOSTIC,    22, -3.514770395783e-01, 1.235804348770e-05, 6.2811e+01, 4.9041e-01, 
 2DIAGNOSTIC,    23, -3.514763259606e-01, 1.109948415059e-05, 6.3391e+01, 5.7928e-01, 
 2DIAGNOSTIC,    24, -3.514799460791e-01, 8.964751397750e-06, 6.3971e+01, 5.8055e-01, 
 2DIAGNOSTIC,    25, -3.514782879918e-01, 6.444599997713e-06, 6.4460e+01, 4.8887e-01, 
 2DIAGNOSTIC,    26, -3.514740878564e-01, 4.177409278432e-06, 6.4949e+01, 4.8851e-01, 
 2DIAGNOSTIC,    27, -3.514887424298e-01, 2.396195689182e-06, 6.5533e+01, 5.8394e-01, 
 2DIAGNOSTIC,    28, -3.514914274201e-01, 1.996728947178e-06, 6.6111e+01, 5.7801e-01, 
 2DIAGNOSTIC,    29, -3.514874741668e-01, 1.929378995742e-06, 6.6600e+01, 4.8974e-01, 
 2DIAGNOSTIC,    30, -3.514905243801e-01, 2.114667269668e-06, 6.7186e+01, 5.8577e-01, 
 2DIAGNOSTIC,    31, -3.514986944077e-01, 2.277185830485e-06, 6.7768e+01, 5.8211e-01, 
 2DIAGNOSTIC,    32, -3.514977066100e-01, 2.336045251038e-06, 6.8260e+01, 4.9130e-01, 
 2DIAGNOSTIC,    33, -3.514931960257e-01, 2.133539494090e-06, 6.8845e+01, 5.8595e-01, 
 2DIAGNOSTIC,    34, -3.514983235103e-01, 2.052797626009e-06, 6.9620e+01, 7.7416e-01, 
 2DIAGNOSTIC,    35, -3.514998248562e-01, 1.868261758218e-06, 7.0206e+01, 5.8657e-01, 
 2DIAGNOSTIC,    36, -3.514970543235e-01, 1.431475433966e-06, 7.0791e+01, 5.8515e-01, 
 2DIAGNOSTIC,    37, -3.514937731459e-01, 1.217321976731e-06, 7.1279e+01, 4.8721e-01, 
DIAGNOSTIC,Iteration,metricValue,convergenceValue,ITERATION_TIME_INDEX,SINCE_LAST
 2DIAGNOSTIC,     1, -3.016168485852e-01, 1.797693134862e+308, 8.0524e+01, 9.2454e+00, 
  Elapsed time (stage 0): 8.2466e+01


Stage 1
  iterations = 1000x500x250x0
  convergence threshold = 1.0000e-06
  convergence window size = 10
  number of levels = 4
  using the Mattes MI metric (number of bins = 32, weight = 1.0000e+00)
  preprocessing:  winsorizing the image intensities
  Shrink factors (level 1 out of 4): [12, 12, 12]
  Shrink factors (level 2 out of 4): [8, 8, 8]
  Shrink factors (level 3 out of 4): [4, 4, 4]
  Shrink factors (level 4 out of 4): [2, 2, 2]
  smoothing sigmas per level: [4, 3, 2, 1]
  regular sampling (percentage = 2.5000e-01)

*** Running AffineTransform registration ***

DIAGNOSTIC,Iteration,metricValue,convergenceValue,ITERATION_TIME_INDEX,SINCE_LAST
 2DIAGNOSTIC,     1, -4.763247460231e-01, 1.797693134862e+308, 2.2918e+01, 2.2918e+01, 
 2DIAGNOSTIC,     2, -4.774578672684e-01, 1.797693134862e+308, 2.2932e+01, 1.4679e-02, 
 2DIAGNOSTIC,     3, -4.793195257837e-01, 1.797693134862e+308, 2.2947e+01, 1.4382e-02, 
 2DIAGNOSTIC,     4, -4.822397197670e-01, 1.797693134862e+308, 2.2961e+01, 1.4374e-02, 
 2DIAGNOSTIC,     5, -4.865932356924e-01, 1.797693134862e+308, 2.2976e+01, 1.4426e-02, 
 2DIAGNOSTIC,     6, -4.936237480583e-01, 1.797693134862e+308, 2.2992e+01, 1.6714e-02, 
 2DIAGNOSTIC,     7, -5.047945182441e-01, 1.797693134862e+308, 2.3009e+01, 1.6549e-02, 
 2DIAGNOSTIC,     8, -5.092494727673e-01, 1.797693134862e+308, 2.3023e+01, 1.4644e-02, 
 2DIAGNOSTIC,     9, -5.112782884882e-01, 1.797693134862e+308, 2.3042e+01, 1.8903e-02, 
 2DIAGNOSTIC,    10, -5.134015786521e-01, 5.724378466161e-03, 2.3063e+01, 2.0556e-02, 
 2DIAGNOSTIC,    11, -5.137687366934e-01, 5.162063747085e-03, 2.3078e+01, 1.5244e-02, 
 2DIAGNOSTIC,    12, -5.149833470315e-01, 4.340323504616e-03, 2.3093e+01, 1.4953e-02, 
 2DIAGNOSTIC,    13, -5.159613092106e-01, 3.381126789677e-03, 2.3108e+01, 1.4907e-02, 
 2DIAGNOSTIC,    14, -5.163652732585e-01, 2.395336476371e-03, 2.3123e+01, 1.5040e-02, 
 2DIAGNOSTIC,    15, -5.168654390496e-01, 1.509913227881e-03, 2.3138e+01, 1.5383e-02, 
 2DIAGNOSTIC,    16, -5.178859454883e-01, 8.766737826645e-04, 2.3155e+01, 1.6948e-02, 
 2DIAGNOSTIC,    17, -5.182613140641e-01, 6.199796447782e-04, 2.3174e+01, 1.8321e-02, 
 2DIAGNOSTIC,    18, -5.184195382001e-01, 4.789949708521e-04, 2.3190e+01, 1.6529e-02, 
 2DIAGNOSTIC,    19, -5.189655292953e-01, 3.844719354818e-04, 2.3207e+01, 1.6684e-02, 
 2DIAGNOSTIC,    20, -5.195403489991e-01, 3.399731324341e-04, 2.3223e+01, 1.6298e-02, 
 2DIAGNOSTIC,    21, -5.197297845552e-01, 2.820496874297e-04, 2.3238e+01, 1.4825e-02, 
 2DIAGNOSTIC,    22, -5.198082022770e-01, 2.359520338970e-04, 2.3255e+01, 1.6548e-02, 
 2DIAGNOSTIC,    23, -5.199324464693e-01, 1.992532952568e-04, 2.3271e+01, 1.6487e-02, 
 2DIAGNOSTIC,    24, -5.199844397642e-01, 1.576226880540e-04, 2.3286e+01, 1.5045e-02, 
 2DIAGNOSTIC,    25, -5.200981947458e-01, 1.177270811333e-04, 2.3303e+01, 1.6689e-02, 
 2DIAGNOSTIC,    26, -5.203887450766e-01, 9.806858411700e-05, 2.3323e+01, 2.0527e-02, 
 2DIAGNOSTIC,    27, -5.204635562695e-01, 8.015294163344e-05, 2.3340e+01, 1.6654e-02, 
 2DIAGNOSTIC,    28, -5.205391700176e-01, 6.066215655875e-05, 2.3357e+01, 1.6567e-02, 
 2DIAGNOSTIC,    29, -5.205712105000e-01, 4.782264290225e-05, 2.3375e+01, 1.8169e-02, 
 2DIAGNOSTIC,    30, -5.205825820154e-01, 4.224448990864e-05, 2.3389e+01, 1.4597e-02, 
 2DIAGNOSTIC,    31, -5.206170556084e-01, 3.708404239013e-05, 2.3404e+01, 1.4905e-02, 
 2DIAGNOSTIC,    32, -5.206378921591e-01, 3.049453331364e-05, 2.3421e+01, 1.6456e-02, 
 2DIAGNOSTIC,    33, -5.206470459036e-01, 2.381411898605e-05, 2.3439e+01, 1.8063e-02, 
 2DIAGNOSTIC,    34, -5.206540824644e-01, 1.635067716461e-05, 2.3454e+01, 1.4937e-02, 
 2DIAGNOSTIC,    35, -5.206628446936e-01, 9.701456907620e-06, 2.3470e+01, 1.6437e-02, 
 2DIAGNOSTIC,    36, -5.206635833280e-01, 7.063273440178e-06, 2.3487e+01, 1.6371e-02, 
 2DIAGNOSTIC,    37, -5.206637545463e-01, 5.079385437017e-06, 2.3503e+01, 1.6284e-02, 
 2DIAGNOSTIC,    38, -5.206640805414e-01, 3.904753764866e-06, 2.3518e+01, 1.4713e-02, 
 2DIAGNOSTIC,    39, -5.206649919784e-01, 2.972280666307e-06, 2.3536e+01, 1.8240e-02, 
 2DIAGNOSTIC,    40, -5.206655895393e-01, 2.037715614286e-06, 2.3580e+01, 4.4502e-02, 
 2DIAGNOSTIC,    41, -5.206655895261e-01, 1.492175749015e-06, 2.3625e+01, 4.4464e-02, 
 2DIAGNOSTIC,    42, -5.206655895261e-01, 1.180192273527e-06, 2.3646e+01, 2.1321e-02, 
DIAGNOSTIC,Iteration,metricValue,convergenceValue,ITERATION_TIME_INDEX,SINCE_LAST
 2DIAGNOSTIC,     1, -4.375909984001e-01, 1.797693134862e+308, 4.0355e+01, 1.6709e+01, 
 2DIAGNOSTIC,     2, -4.382495905697e-01, 1.797693134862e+308, 4.0427e+01, 7.1581e-02, 
 2DIAGNOSTIC,     3, -4.388574580238e-01, 1.797693134862e+308, 4.0499e+01, 7.2158e-02, 
 2DIAGNOSTIC,     4, -4.392107409338e-01, 1.797693134862e+308, 4.0571e+01, 7.2098e-02, 
 2DIAGNOSTIC,     5, -4.395100948942e-01, 1.797693134862e+308, 4.0643e+01, 7.2174e-02, 
 2DIAGNOSTIC,     6, -4.402076107413e-01, 1.797693134862e+308, 4.0726e+01, 8.2925e-02, 
 2DIAGNOSTIC,     7, -4.403342591350e-01, 1.797693134862e+308, 4.0809e+01, 8.2878e-02, 
 2DIAGNOSTIC,     8, -4.404588153897e-01, 1.797693134862e+308, 4.0916e+01, 1.0731e-01, 
 2DIAGNOSTIC,     9, -4.405522838303e-01, 1.797693134862e+308, 4.0989e+01, 7.2293e-02, 
 2DIAGNOSTIC,    10, -4.407251736430e-01, 4.499521378704e-04, 4.1062e+01, 7.2891e-02, 
 2DIAGNOSTIC,    11, -4.407794536549e-01, 3.300453584535e-04, 4.1135e+01, 7.2879e-02, 
 2DIAGNOSTIC,    12, -4.408375640023e-01, 2.388199305359e-04, 4.1220e+01, 8.5866e-02, 
 2DIAGNOSTIC,    13, -4.409369343139e-01, 1.756753813935e-04, 4.1305e+01, 8.5097e-02, 
 2DIAGNOSTIC,    14, -4.409890488877e-01, 1.244514507123e-04, 4.1378e+01, 7.2760e-02, 
 2DIAGNOSTIC,    15, -4.410437017185e-01, 8.333390137920e-05, 4.1450e+01, 7.2173e-02, 
 2DIAGNOSTIC,    16, -4.410941686250e-01, 7.004290516840e-05, 4.1558e+01, 1.0804e-01, 
 2DIAGNOSTIC,    17, -4.411007761603e-01, 5.707389455072e-05, 4.1632e+01, 7.3753e-02, 
 2DIAGNOSTIC,    18, -4.411050295061e-01, 4.505272916877e-05, 4.1706e+01, 7.3644e-02, 
 2DIAGNOSTIC,    19, -4.411601460187e-01, 3.520018912575e-05, 4.1802e+01, 9.6461e-02, 
 2DIAGNOSTIC,    20, -4.411727021074e-01, 2.914202444640e-05, 4.1898e+01, 9.5212e-02, 
 2DIAGNOSTIC,    21, -4.411752270120e-01, 2.283170767495e-05, 4.1994e+01, 9.6909e-02, 
 2DIAGNOSTIC,    22, -4.411801545997e-01, 1.693577071255e-05, 4.2080e+01, 8.5258e-02, 
 2DIAGNOSTIC,    23, -4.411824355814e-01, 1.295037374863e-05, 4.2152e+01, 7.1979e-02, 
 2DIAGNOSTIC,    24, -4.411839493081e-01, 9.606899209057e-06, 4.2224e+01, 7.2089e-02, 
 2DIAGNOSTIC,    25, -4.411892316462e-01, 7.257928325503e-06, 4.2307e+01, 8.3473e-02, 
 2DIAGNOSTIC,    26, -4.411933110604e-01, 5.894596261068e-06, 4.2425e+01, 1.1807e-01, 
 2DIAGNOSTIC,    27, -4.411938575062e-01, 4.378330819496e-06, 4.2498e+01, 7.2807e-02, 
 2DIAGNOSTIC,    28, -4.411978682477e-01, 2.828593285917e-06, 4.2582e+01, 8.4160e-02, 
 2DIAGNOSTIC,    29, -4.411991667788e-01, 2.473460417228e-06, 4.2654e+01, 7.1616e-02, 
 2DIAGNOSTIC,    30, -4.411994810394e-01, 2.287350690917e-06, 4.2726e+01, 7.1727e-02, 
 2DIAGNOSTIC,    31, -4.412011006943e-01, 2.081250097631e-06, 4.2798e+01, 7.1924e-02, 
 2DIAGNOSTIC,    32, -4.412044565397e-01, 1.954716122209e-06, 4.2916e+01, 1.1801e-01, 
 2DIAGNOSTIC,    33, -4.412049397230e-01, 1.797736530848e-06, 4.2999e+01, 8.3556e-02, 
 2DIAGNOSTIC,    34, -4.412050462623e-01, 1.600205789890e-06, 4.3072e+01, 7.2441e-02, 
 2DIAGNOSTIC,    35, -4.412054634715e-01, 1.455887687820e-06, 4.3144e+01, 7.2087e-02, 
 2DIAGNOSTIC,    36, -4.412082559995e-01, 1.390961017898e-06, 4.3216e+01, 7.2119e-02, 
 2DIAGNOSTIC,    37, -4.412121860915e-01, 1.355341163373e-06, 4.3345e+01, 1.2954e-01, 
 2DIAGNOSTIC,    38, -4.412123966500e-01, 1.344426584900e-06, 4.3440e+01, 9.5146e-02, 
 2DIAGNOSTIC,    39, -4.412124180060e-01, 1.310063315031e-06, 4.3536e+01, 9.5065e-02, 
 2DIAGNOSTIC,    40, -4.412124221291e-01, 1.236289526297e-06, 4.3619e+01, 8.3275e-02, 
 2DIAGNOSTIC,    41, -4.412124236880e-01, 1.147271511581e-06, 4.3714e+01, 9.4731e-02, 
 2DIAGNOSTIC,    42, -4.412124246751e-01, 1.077370121779e-06, 4.3797e+01, 8.3375e-02, 
DIAGNOSTIC,Iteration,metricValue,convergenceValue,ITERATION_TIME_INDEX,SINCE_LAST
 2DIAGNOSTIC,     1, -3.741506490361e-01, 1.797693134862e+308, 5.3357e+01, 9.5602e+00, 
 2DIAGNOSTIC,     2, -3.743128671232e-01, 1.797693134862e+308, 5.3940e+01, 5.8276e-01, 
 2DIAGNOSTIC,     3, -3.745129994992e-01, 1.797693134862e+308, 5.4529e+01, 5.8920e-01, 
 2DIAGNOSTIC,     4, -3.749015848609e-01, 1.797693134862e+308, 5.5209e+01, 6.7959e-01, 
 2DIAGNOSTIC,     5, -3.753879041904e-01, 1.797693134862e+308, 5.5987e+01, 7.7798e-01, 
 2DIAGNOSTIC,     6, -3.754100053175e-01, 1.797693134862e+308, 5.6576e+01, 5.8981e-01, 
 2DIAGNOSTIC,     7, -3.754314768313e-01, 1.797693134862e+308, 5.7266e+01, 6.8968e-01, 
 2DIAGNOSTIC,     8, -3.754677723550e-01, 1.797693134862e+308, 5.7953e+01, 6.8651e-01, 
 2DIAGNOSTIC,     9, -3.755084163686e-01, 1.797693134862e+308, 5.8634e+01, 6.8105e-01, 
 2DIAGNOSTIC,    10, -3.755203264301e-01, 2.559370798018e-04, 5.9215e+01, 5.8137e-01, 
 2DIAGNOSTIC,    11, -3.755300952970e-01, 1.795137246873e-04, 5.9796e+01, 5.8131e-01, 
 2DIAGNOSTIC,    12, -3.755456942126e-01, 1.116627606107e-04, 6.0580e+01, 7.8354e-01, 
 2DIAGNOSTIC,    13, -3.755533040249e-01, 5.618091306296e-05, 6.1262e+01, 6.8189e-01, 
 2DIAGNOSTIC,    14, -3.755579927923e-01, 2.427002944035e-05, 6.1942e+01, 6.7992e-01, 
 2DIAGNOSTIC,    15, -3.755587846117e-01, 1.920898655317e-05, 6.2520e+01, 5.7807e-01, 
 2DIAGNOSTIC,    16, -3.755600627512e-01, 1.433876622203e-05, 6.3107e+01, 5.8704e-01, 
 2DIAGNOSTIC,    17, -3.755623430279e-01, 9.934991695111e-06, 6.3695e+01, 5.8834e-01, 
 2DIAGNOSTIC,    18, -3.755640894864e-01, 6.830226021090e-06, 6.4380e+01, 6.8478e-01, 
 2DIAGNOSTIC,    19, -3.755668849958e-01, 5.311624466708e-06, 6.5550e+01, 1.1705e+00, 
 2DIAGNOSTIC,    20, -3.755673618271e-01, 4.075151932369e-06, 6.6324e+01, 7.7397e-01, 
 2DIAGNOSTIC,    21, -3.755673740644e-01, 3.068350154171e-06, 6.6999e+01, 6.7512e-01, 
 2DIAGNOSTIC,    22, -3.755673795911e-01, 2.540183188779e-06, 6.7775e+01, 7.7553e-01, 
 2DIAGNOSTIC,    23, -3.755673807199e-01, 2.201472454499e-06, 6.8461e+01, 6.8569e-01, 
 2DIAGNOSTIC,    24, -3.755673811642e-01, 1.961504946059e-06, 6.9235e+01, 7.7450e-01, 
 2DIAGNOSTIC,    25, -3.755673813136e-01, 1.705098472408e-06, 6.9915e+01, 6.7937e-01, 
 2DIAGNOSTIC,    26, -3.755673813535e-01, 1.464996445766e-06, 7.0596e+01, 6.8190e-01, 
 2DIAGNOSTIC,    27, -3.755673813688e-01, 1.283698471313e-06, 7.1272e+01, 6.7519e-01, 
 2DIAGNOSTIC,    28, -3.755673813775e-01, 1.150674163182e-06, 7.1956e+01, 6.8398e-01, 
 2DIAGNOSTIC,    29, -3.755673813815e-01, 1.098133772928e-06, 7.2837e+01, 8.8096e-01, 
 2DIAGNOSTIC,    30, -3.755673813826e-01, 1.061056581306e-06, 7.3909e+01, 1.0722e+00, 
 2DIAGNOSTIC,    31, -3.755673813828e-01, 1.026645440355e-06, 7.5579e+01, 1.6698e+00, 
DIAGNOSTIC,Iteration,metricValue,convergenceValue,ITERATION_TIME_INDEX,SINCE_LAST
 2DIAGNOSTIC,     1, -3.193624607686e-01, 1.797693134862e+308, 8.5674e+01, 1.0095e+01, 
  Elapsed time (stage 1): 8.7612e+01


Stage 2
  iterations = 100x100x70x50x0
  convergence threshold = 1.0000e-06
  convergence window size = 10
  number of levels = 5
  using the Mattes MI metric (number of bins = 32, weight = 1.0000e+00)
  preprocessing:  winsorizing the image intensities
  Shrink factors (level 1 out of 5): [10, 10, 10]
  Shrink factors (level 2 out of 5): [6, 6, 6]
  Shrink factors (level 3 out of 5): [4, 4, 4]
  Shrink factors (level 4 out of 5): [2, 2, 2]
  Shrink factors (level 5 out of 5): [1, 1, 1]
  smoothing sigmas per level: [5, 3, 2, 1, 0]
  Using default NONE metricSamplingStrategy 

*** Running SyN registration (varianceForUpdateField = 3.0000e+00, varianceForTotalField = 0.0000e+00) ***

XXDIAGNOSTIC,Iteration,metricValue,convergenceValue,ITERATION_TIME_INDEX,SINCE_LAST
 1DIAGNOSTIC,     1, -5.367048277710e-01, 1.797693134862e+308, 3.7491e+01, 3.7491e+01, 
 1DIAGNOSTIC,     2, -5.543055534450e-01, 1.797693134862e+308, 3.7632e+01, 1.4104e-01, 
 1DIAGNOSTIC,     3, -5.658874655224e-01, 1.797693134862e+308, 3.7767e+01, 1.3521e-01, 
 1DIAGNOSTIC,     4, -5.681446201247e-01, 1.797693134862e+308, 3.7906e+01, 1.3885e-01, 
 1DIAGNOSTIC,     5, -5.675842423857e-01, 1.797693134862e+308, 3.8041e+01, 1.3538e-01, 
 1DIAGNOSTIC,     6, -5.649564645468e-01, 1.797693134862e+308, 3.8176e+01, 1.3505e-01, 
 1DIAGNOSTIC,     7, -5.623842768799e-01, 1.797693134862e+308, 3.8311e+01, 1.3503e-01, 
 1DIAGNOSTIC,     8, -5.610919189613e-01, 1.797693134862e+308, 3.8447e+01, 1.3554e-01, 
 1DIAGNOSTIC,     9, -5.594976247191e-01, 1.797693134862e+308, 3.8582e+01, 1.3502e-01, 
 1DIAGNOSTIC,    10, -5.568068470446e-01, 9.246232292242e-04, 3.8717e+01, 1.3550e-01, 
 1DIAGNOSTIC,    11, -5.532798322412e-01, -8.512729453385e-04, 3.8853e+01, 1.3588e-01, 
XXDIAGNOSTIC,Iteration,metricValue,convergenceValue,ITERATION_TIME_INDEX,SINCE_LAST
 1DIAGNOSTIC,     1, -4.381566606298e-01, 1.797693134862e+308, 5.5518e+01, 1.6665e+01, 
 1DIAGNOSTIC,     2, -4.404137744697e-01, 1.797693134862e+308, 5.6057e+01, 5.3904e-01, 
 1DIAGNOSTIC,     3, -4.414540810184e-01, 1.797693134862e+308, 5.6596e+01, 5.3842e-01, 
 1DIAGNOSTIC,     4, -4.413351832557e-01, 1.797693134862e+308, 5.7133e+01, 5.3724e-01, 
 1DIAGNOSTIC,     5, -4.412423332603e-01, 1.797693134862e+308, 5.7673e+01, 5.3966e-01, 
 1DIAGNOSTIC,     6, -4.407961410238e-01, 1.797693134862e+308, 5.8213e+01, 5.4020e-01, 
 1DIAGNOSTIC,     7, -4.398056624609e-01, 1.797693134862e+308, 5.8751e+01, 5.3837e-01, 
 1DIAGNOSTIC,     8, -4.387268377418e-01, 1.797693134862e+308, 5.9290e+01, 5.3840e-01, 
 1DIAGNOSTIC,     9, -4.377840625871e-01, 1.797693134862e+308, 5.9833e+01, 5.4323e-01, 
 1DIAGNOSTIC,    10, -4.365641983188e-01, -4.230022423190e-04, 6.0372e+01, 5.3939e-01, 
XXDIAGNOSTIC,Iteration,metricValue,convergenceValue,ITERATION_TIME_INDEX,SINCE_LAST
 1DIAGNOSTIC,     1, -3.712087557990e-01, 1.797693134862e+308, 7.1094e+01, 1.0721e+01, 
 1DIAGNOSTIC,     2, -3.720318246598e-01, 1.797693134862e+308, 7.2782e+01, 1.6884e+00, 
 1DIAGNOSTIC,     3, -3.724084358404e-01, 1.797693134862e+308, 7.4478e+01, 1.6961e+00, 
 1DIAGNOSTIC,     4, -3.726168876178e-01, 1.797693134862e+308, 7.6167e+01, 1.6889e+00, 
 1DIAGNOSTIC,     5, -3.725428987304e-01, 1.797693134862e+308, 7.7860e+01, 1.6923e+00, 
 1DIAGNOSTIC,     6, -3.724517277255e-01, 1.797693134862e+308, 7.9552e+01, 1.6921e+00, 
 1DIAGNOSTIC,     7, -3.722249258929e-01, 1.797693134862e+308, 8.1252e+01, 1.7002e+00, 
 1DIAGNOSTIC,     8, -3.719691886271e-01, 1.797693134862e+308, 8.2995e+01, 1.7428e+00, 
 1DIAGNOSTIC,     9, -3.716869224789e-01, 1.797693134862e+308, 8.4689e+01, 1.6947e+00, 
 1DIAGNOSTIC,    10, -3.713463952204e-01, -4.800668104060e-05, 8.6382e+01, 1.6923e+00, 
XXDIAGNOSTIC,Iteration,metricValue,convergenceValue,ITERATION_TIME_INDEX,SINCE_LAST
 1DIAGNOSTIC,     1, -3.130378588214e-01, 1.797693134862e+308, 1.0588e+02, 1.9500e+01, 
 1DIAGNOSTIC,     2, -3.139051182082e-01, 1.797693134862e+308, 1.1848e+02, 1.2595e+01, 
 1DIAGNOSTIC,     3, -3.147729181858e-01, 1.797693134862e+308, 1.3108e+02, 1.2605e+01, 
 1DIAGNOSTIC,     4, -3.155854487787e-01, 1.797693134862e+308, 1.4374e+02, 1.2658e+01, 
 1DIAGNOSTIC,     5, -3.163026841884e-01, 1.797693134862e+308, 1.5633e+02, 1.2593e+01, 
 1DIAGNOSTIC,     6, -3.169559962336e-01, 1.797693134862e+308, 1.6892e+02, 1.2591e+01, 
 1DIAGNOSTIC,     7, -3.175108706766e-01, 1.797693134862e+308, 1.8201e+02, 1.3082e+01, 
 1DIAGNOSTIC,     8, -3.180363958733e-01, 1.797693134862e+308, 1.9508e+02, 1.3069e+01, 
 1DIAGNOSTIC,     9, -3.183929420501e-01, 1.797693134862e+308, 2.0819e+02, 1.3119e+01, 
 1DIAGNOSTIC,    10, -3.186749123154e-01, 1.158270951426e-03, 2.2127e+02, 1.3081e+01, 
 1DIAGNOSTIC,    11, -3.188889237329e-01, 9.223451167125e-04, 2.3431e+02, 1.3038e+01, 
 1DIAGNOSTIC,    12, -3.191096643013e-01, 7.238733328325e-04, 2.4734e+02, 1.3032e+01, 
 1DIAGNOSTIC,    13, -3.193144378862e-01, 5.639543441930e-04, 2.6089e+02, 1.3542e+01, 
 1DIAGNOSTIC,    14, -3.195226396257e-01, 4.405922405241e-04, 2.7398e+02, 1.3093e+01, 
 1DIAGNOSTIC,    15, -3.197336311603e-01, 3.485978527714e-04, 2.8755e+02, 1.3568e+01, 
 1DIAGNOSTIC,    16, -3.199305676288e-01, 2.834621425557e-04, 3.0100e+02, 1.3449e+01, 
 1DIAGNOSTIC,    17, -3.201163691064e-01, 2.385344881282e-04, 3.1447e+02, 1.3473e+01, 
 1DIAGNOSTIC,    18, -3.203391036676e-01, 2.135610166704e-04, 3.2795e+02, 1.3480e+01, 
 1DIAGNOSTIC,    19, -3.205037722808e-01, 1.957656713798e-04, 3.4142e+02, 1.3470e+01, 
 1DIAGNOSTIC,    20, -3.206698804723e-01, 1.815624580272e-04, 3.5497e+02, 1.3546e+01, 
 1DIAGNOSTIC,    21, -3.208227419834e-01, 1.673769795369e-04, 3.6848e+02, 1.3515e+01, 
 1DIAGNOSTIC,    22, -3.209524456154e-01, 1.530558746523e-04, 3.8194e+02, 1.3461e+01, 
 1DIAGNOSTIC,    23, -3.210461606648e-01, 1.372193532423e-04, 3.9544e+02, 1.3501e+01, 
 1DIAGNOSTIC,    24, -3.211611732225e-01, 1.218679298185e-04, 4.0892e+02, 1.3476e+01, 
 1DIAGNOSTIC,    25, -3.212725553227e-01, 1.078027936496e-04, 4.2245e+02, 1.3530e+01, 
 1DIAGNOSTIC,    26, -3.213076724036e-01, 9.263547753470e-05, 4.3591e+02, 1.3457e+01, 
 1DIAGNOSTIC,    27, -3.214337158474e-01, 8.020111936573e-05, 4.4946e+02, 1.3550e+01, 
 1DIAGNOSTIC,    28, -3.214633775737e-01, 6.911291063784e-05, 4.6292e+02, 1.3469e+01, 
 1DIAGNOSTIC,    29, -3.215283589798e-01, 5.936190457460e-05, 4.7659e+02, 1.3667e+01, 
 1DIAGNOSTIC,    30, -3.215394742293e-01, 4.992541684376e-05, 4.9014e+02, 1.3546e+01, 
 1DIAGNOSTIC,    31, -3.215843171900e-01, 4.212067642081e-05, 5.0362e+02, 1.3478e+01, 
 1DIAGNOSTIC,    32, -3.215490690290e-01, 3.348842708997e-05, 5.1706e+02, 1.3445e+01, 
 1DIAGNOSTIC,    33, -3.215865508077e-01, 2.581669935214e-05, 5.3053e+02, 1.3467e+01, 
 1DIAGNOSTIC,    34, -3.216745175494e-01, 2.148122556916e-05, 5.4399e+02, 1.3462e+01, 
 1DIAGNOSTIC,    35, -3.217379742057e-01, 1.983062891063e-05, 5.5748e+02, 1.3491e+01, 
 1DIAGNOSTIC,    36, -3.217970648707e-01, 1.872692747799e-05, 5.7092e+02, 1.3438e+01, 
 1DIAGNOSTIC,    37, -3.218484452687e-01, 2.027179813126e-05, 5.8438e+02, 1.3464e+01, 
 1DIAGNOSTIC,    38, -3.219105201891e-01, 2.199670985778e-05, 5.9783e+02, 1.3446e+01, 
 1DIAGNOSTIC,    39, -3.219501954264e-01, 2.394715993084e-05, 6.1130e+02, 1.3472e+01, 
 1DIAGNOSTIC,    40, -3.219745118156e-01, 2.433096614641e-05, 6.2481e+02, 1.3513e+01, 
 1DIAGNOSTIC,    41, -3.219594369941e-01, 2.314507238677e-05, 6.3826e+02, 1.3449e+01, 
 1DIAGNOSTIC,    42, -3.219595090878e-01, 1.915938415521e-05, 6.5179e+02, 1.3528e+01, 
 1DIAGNOSTIC,    43, -3.219473291721e-01, 1.408486168395e-05, 6.6526e+02, 1.3467e+01, 
 1DIAGNOSTIC,    44, -3.219560671504e-01, 9.896052351067e-06, 6.7871e+02, 1.3456e+01, 
 1DIAGNOSTIC,    45, -3.219310595009e-01, 5.757623347515e-06, 6.9234e+02, 1.3626e+01, 
 1DIAGNOSTIC,    46, -3.219022517448e-01, 1.915577219753e-06, 7.0587e+02, 1.3528e+01, 
 1DIAGNOSTIC,    47, -3.218859248762e-01, -1.219271994462e-06, 7.1944e+02, 1.3574e+01, 
  Elapsed time (stage 2): 740


Total elapsed time: 910.1

--- Writing output images ---

Using double precision for computations.
Input scalar image: data/Segmentations/1110_3_seg.nii.gz
Reference image: data/template/T_template0_BrainCerebellum.nii.gz
=============================================================================
The composite transform comprises the following transforms (in order): 
  1. /tmp/1971153.1.basic.q/1110_ToTemplate_021_0GenericAffine.mat (type = AffineTransform)
  2. /tmp/1971153.1.basic.q/1110_ToTemplate_021_1Warp.nii.gz (type = DisplacementFieldTransform)
=============================================================================
Default pixel value: 0
Interpolation type: LabelImageGenericInterpolateImageFunction
Output warped image: output/1110/1110_WarpedLabels_021.nii.gz

--- Done ---

