
--- Running on compute-1-3.local ---


--- registration call ---
/data/jet/pcook/bin/antsBuild/bin/antsRegistrationSyNQuick.sh -d 3 -f data/template/T_template0_BrainCerebellum.nii.gz -m data/Brains/1110_3.nii.gz -t s -p d -n 1 -o /tmp/1971152.1.basic.q/1110_ToTemplate_020_
---


--------------------------------------------------------------------------------------
 Mapping parameters
--------------------------------------------------------------------------------------
 ANTSPATH is /data/jet/pcook/bin/antsBuild/bin/

 Dimensionality:           3
 Output name prefix:       /tmp/1971152.1.basic.q/1110_ToTemplate_020_
 Fixed images:             data/template/T_template0_BrainCerebellum.nii.gz
 Moving images:            data/Brains/1110_3.nii.gz
 Mask images:              
 Initial transforms:       
 Number of threads:        1
 Spline distance:          26
 Transform type:           s
 MI histogram bins:        32
 Precision:                d
 Use histogram matching    0
======================================================================================
 antsRegistration call:
--------------------------------------------------------------------------------------
/data/jet/pcook/bin/antsBuild/bin//antsRegistration --verbose 1 --dimensionality 3 --float 0 --collapse-output-transforms 1 --output [/tmp/1971152.1.basic.q/1110_ToTemplate_020_,/tmp/1971152.1.basic.q/1110_ToTemplate_020_Warped.nii.gz,/tmp/1971152.1.basic.q/1110_ToTemplate_020_InverseWarped.nii.gz] --interpolation Linear --use-histogram-matching 0 --winsorize-image-intensities [0.005,0.995] --initial-moving-transform [data/template/T_template0_BrainCerebellum.nii.gz,data/Brains/1110_3.nii.gz,1] --transform Rigid[0.1] --metric MI[data/template/T_template0_BrainCerebellum.nii.gz,data/Brains/1110_3.nii.gz,1,32,Regular,0.25] --convergence [1000x500x250x0,1e-6,10] --shrink-factors 12x8x4x2 --smoothing-sigmas 4x3x2x1vox --transform Affine[0.1] --metric MI[data/template/T_template0_BrainCerebellum.nii.gz,data/Brains/1110_3.nii.gz,1,32,Regular,0.25] --convergence [1000x500x250x0,1e-6,10] --shrink-factors 12x8x4x2 --smoothing-sigmas 4x3x2x1vox --transform SyN[0.1,3,0] --metric MI[data/template/T_template0_BrainCerebellum.nii.gz,data/Brains/1110_3.nii.gz,1,32] --convergence [100x100x70x50x0,1e-6,10] --shrink-factors 10x6x4x2x1 --smoothing-sigmas 5x3x2x1x0vox
--------------------------------------------------------------------------------------
All_Command_lines_OK
Using double precision for computations.
=============================================================================
The composite transform comprises the following transforms (in order): 
  1. Center of mass alignment using fixed image: data/template/T_template0_BrainCerebellum.nii.gz and moving image: data/Brains/1110_3.nii.gz (type = Euler3DTransform)
=============================================================================
  number of levels = 4
  number of levels = 4
  number of levels = 5
  fixed image: data/template/T_template0_BrainCerebellum.nii.gz
  moving image: data/Brains/1110_3.nii.gz
  fixed image: data/template/T_template0_BrainCerebellum.nii.gz
  moving image: data/Brains/1110_3.nii.gz
  fixed image: data/template/T_template0_BrainCerebellum.nii.gz
  moving image: data/Brains/1110_3.nii.gz
Dimension = 3
Number of stages = 3
Use Histogram Matching false
Winsorize image intensities true
Lower quantile = 0.005
Upper quantile = 0.995
Stage 1 State
   Image metric = Mattes
     Fixed image = Image (0x41e4cd0)
  RTTI typeinfo:   itk::Image<double, 3u>
  Reference Count: 2
  Modified Time: 1611
  Debug: Off
  Object Name: 
  Observers: 
    none
  Source: (none)
  Source output name: (none)
  Release Data: Off
  Data Released: False
  Global Release Data: Off
  PipelineMTime: 0
  UpdateMTime: 1422
  RealTimeStamp: 0 seconds 
  LargestPossibleRegion: 
    Dimension: 3
    Index: [0, 0, 0]
    Size: [216, 256, 291]
  BufferedRegion: 
    Dimension: 3
    Index: [0, 0, 0]
    Size: [216, 256, 291]
  RequestedRegion: 
    Dimension: 3
    Index: [0, 0, 0]
    Size: [216, 256, 291]
  Spacing: [1, 1, 1]
  Origin: [0, 293, 0]
  Direction: 
1 0 0
0 -0 -1
0 -1 -0

  IndexToPointMatrix: 
1 0 0
0 0 -1
0 -1 0

  PointToIndexMatrix: 
1 0 0
0 0 -1
0 -1 0

  Inverse Direction: 
1 0 0
0 0 -1
0 -1 0

  PixelContainer: 
    ImportImageContainer (0x41e87d0)
      RTTI typeinfo:   itk::ImportImageContainer<unsigned long, double>
      Reference Count: 1
      Modified Time: 1419
      Debug: Off
      Object Name: 
      Observers: 
        none
      Pointer: 0x7effe2d81010
      Container manages memory: true
      Size: 16091136
      Capacity: 16091136

     Moving image = Image (0x41e6d30)
  RTTI typeinfo:   itk::Image<double, 3u>
  Reference Count: 2
  Modified Time: 1612
  Debug: Off
  Object Name: 
  Observers: 
    none
  Source: (none)
  Source output name: (none)
  Release Data: Off
  Data Released: False
  Global Release Data: Off
  PipelineMTime: 0
  UpdateMTime: 1609
  RealTimeStamp: 0 seconds 
  LargestPossibleRegion: 
    Dimension: 3
    Index: [0, 0, 0]
    Size: [256, 256, 321]
  BufferedRegion: 
    Dimension: 3
    Index: [0, 0, 0]
    Size: [256, 256, 321]
  RequestedRegion: 
    Dimension: 3
    Index: [0, 0, 0]
    Size: [256, 256, 321]
  Spacing: [1, 1, 1]
  Origin: [0, 320, 0]
  Direction: 
1 0 0
0 -0 -1
0 -1 -0

  IndexToPointMatrix: 
1 0 0
0 0 -1
0 -1 0

  PointToIndexMatrix: 
1 0 0
0 0 -1
0 -1 0

  Inverse Direction: 
1 0 0
0 0 -1
0 -1 0

  PixelContainer: 
    ImportImageContainer (0x41d7f40)
      RTTI typeinfo:   itk::ImportImageContainer<unsigned long, double>
      Reference Count: 1
      Modified Time: 1606
      Debug: Off
      Object Name: 
      Observers: 
        none
      Pointer: 0x7effd8d00010
      Container manages memory: true
      Size: 21037056
      Capacity: 21037056

     Weighting = 1
     Sampling strategy = regular
     Number of bins = 32
     Radius = 4
     Sampling percentage  = 0.25
   Transform = Rigid
     Gradient step = 0.1
     Update field sigma (voxel space) = 0
     Total field sigma (voxel space) = 0
     Update field time sigma = 0
     Total field time sigma  = 0
     Number of time indices = 0
     Number of time point samples = 0
Stage 2 State
   Image metric = Mattes
     Fixed image = Image (0x41eb6e0)
  RTTI typeinfo:   itk::Image<double, 3u>
  Reference Count: 2
  Modified Time: 1987
  Debug: Off
  Object Name: 
  Observers: 
    none
  Source: (none)
  Source output name: (none)
  Release Data: Off
  Data Released: False
  Global Release Data: Off
  PipelineMTime: 0
  UpdateMTime: 1798
  RealTimeStamp: 0 seconds 
  LargestPossibleRegion: 
    Dimension: 3
    Index: [0, 0, 0]
    Size: [216, 256, 291]
  BufferedRegion: 
    Dimension: 3
    Index: [0, 0, 0]
    Size: [216, 256, 291]
  RequestedRegion: 
    Dimension: 3
    Index: [0, 0, 0]
    Size: [216, 256, 291]
  Spacing: [1, 1, 1]
  Origin: [0, 293, 0]
  Direction: 
1 0 0
0 -0 -1
0 -1 -0

  IndexToPointMatrix: 
1 0 0
0 0 -1
0 -1 0

  PointToIndexMatrix: 
1 0 0
0 0 -1
0 -1 0

  Inverse Direction: 
1 0 0
0 0 -1
0 -1 0

  PixelContainer: 
    ImportImageContainer (0x41e7950)
      RTTI typeinfo:   itk::ImportImageContainer<unsigned long, double>
      Reference Count: 1
      Modified Time: 1795
      Debug: Off
      Object Name: 
      Observers: 
        none
      Pointer: 0x7effd123b010
      Container manages memory: true
      Size: 16091136
      Capacity: 16091136

     Moving image = Image (0x41f8060)
  RTTI typeinfo:   itk::Image<double, 3u>
  Reference Count: 2
  Modified Time: 1988
  Debug: Off
  Object Name: 
  Observers: 
    none
  Source: (none)
  Source output name: (none)
  Release Data: Off
  Data Released: False
  Global Release Data: Off
  PipelineMTime: 0
  UpdateMTime: 1985
  RealTimeStamp: 0 seconds 
  LargestPossibleRegion: 
    Dimension: 3
    Index: [0, 0, 0]
    Size: [256, 256, 321]
  BufferedRegion: 
    Dimension: 3
    Index: [0, 0, 0]
    Size: [256, 256, 321]
  RequestedRegion: 
    Dimension: 3
    Index: [0, 0, 0]
    Size: [256, 256, 321]
  Spacing: [1, 1, 1]
  Origin: [0, 320, 0]
  Direction: 
1 0 0
0 -0 -1
0 -1 -0

  IndexToPointMatrix: 
1 0 0
0 0 -1
0 -1 0

  PointToIndexMatrix: 
1 0 0
0 0 -1
0 -1 0

  Inverse Direction: 
1 0 0
0 0 -1
0 -1 0

  PixelContainer: 
    ImportImageContainer (0x41f79e0)
      RTTI typeinfo:   itk::ImportImageContainer<unsigned long, double>
      Reference Count: 1
      Modified Time: 1982
      Debug: Off
      Object Name: 
      Observers: 
        none
      Pointer: 0x7effc71ba010
      Container manages memory: true
      Size: 21037056
      Capacity: 21037056

     Weighting = 1
     Sampling strategy = regular
     Number of bins = 32
     Radius = 4
     Sampling percentage  = 0.25
   Transform = Affine
     Gradient step = 0.1
     Update field sigma (voxel space) = 0
     Total field sigma (voxel space) = 0
     Update field time sigma = 0
     Total field time sigma  = 0
     Number of time indices = 0
     Number of time point samples = 0
Stage 3 State
   Image metric = Mattes
     Fixed image = Image (0x41fd980)
  RTTI typeinfo:   itk::Image<double, 3u>
  Reference Count: 2
  Modified Time: 2363
  Debug: Off
  Object Name: 
  Observers: 
    none
  Source: (none)
  Source output name: (none)
  Release Data: Off
  Data Released: False
  Global Release Data: Off
  PipelineMTime: 0
  UpdateMTime: 2174
  RealTimeStamp: 0 seconds 
  LargestPossibleRegion: 
    Dimension: 3
    Index: [0, 0, 0]
    Size: [216, 256, 291]
  BufferedRegion: 
    Dimension: 3
    Index: [0, 0, 0]
    Size: [216, 256, 291]
  RequestedRegion: 
    Dimension: 3
    Index: [0, 0, 0]
    Size: [216, 256, 291]
  Spacing: [1, 1, 1]
  Origin: [0, 293, 0]
  Direction: 
1 0 0
0 -0 -1
0 -1 -0

  IndexToPointMatrix: 
1 0 0
0 0 -1
0 -1 0

  PointToIndexMatrix: 
1 0 0
0 0 -1
0 -1 0

  Inverse Direction: 
1 0 0
0 0 -1
0 -1 0

  PixelContainer: 
    ImportImageContainer (0x41f6720)
      RTTI typeinfo:   itk::ImportImageContainer<unsigned long, double>
      Reference Count: 1
      Modified Time: 2171
      Debug: Off
      Object Name: 
      Observers: 
        none
      Pointer: 0x7effbf6f5010
      Container manages memory: true
      Size: 16091136
      Capacity: 16091136

     Moving image = Image (0x42000f0)
  RTTI typeinfo:   itk::Image<double, 3u>
  Reference Count: 2
  Modified Time: 2364
  Debug: Off
  Object Name: 
  Observers: 
    none
  Source: (none)
  Source output name: (none)
  Release Data: Off
  Data Released: False
  Global Release Data: Off
  PipelineMTime: 0
  UpdateMTime: 2361
  RealTimeStamp: 0 seconds 
  LargestPossibleRegion: 
    Dimension: 3
    Index: [0, 0, 0]
    Size: [256, 256, 321]
  BufferedRegion: 
    Dimension: 3
    Index: [0, 0, 0]
    Size: [256, 256, 321]
  RequestedRegion: 
    Dimension: 3
    Index: [0, 0, 0]
    Size: [256, 256, 321]
  Spacing: [1, 1, 1]
  Origin: [0, 320, 0]
  Direction: 
1 0 0
0 -0 -1
0 -1 -0

  IndexToPointMatrix: 
1 0 0
0 0 -1
0 -1 0

  PointToIndexMatrix: 
1 0 0
0 0 -1
0 -1 0

  Inverse Direction: 
1 0 0
0 0 -1
0 -1 0

  PixelContainer: 
    ImportImageContainer (0x41fdc10)
      RTTI typeinfo:   itk::ImportImageContainer<unsigned long, double>
      Reference Count: 1
      Modified Time: 2358
      Debug: Off
      Object Name: 
      Observers: 
        none
      Pointer: 0x7effb5674010
      Container manages memory: true
      Size: 21037056
      Capacity: 21037056

     Weighting = 1
     Sampling strategy = none
     Number of bins = 32
     Radius = 4
     Sampling percentage  = 1
   Transform = SyN
     Gradient step = 0.1
     Update field sigma (voxel space) = 3
     Total field sigma (voxel space) = 0
     Update field time sigma = 0
     Total field time sigma  = 0
     Number of time indices = 0
     Number of time point samples = 0
Registration using 3 total stages.

Stage 0
  iterations = 1000x500x250x0
  convergence threshold = 1e-06
  convergence window size = 10
  number of levels = 4
  using the Mattes MI metric (number of bins = 32, weight = 1)
  preprocessing:  winsorizing the image intensities
  Shrink factors (level 1 out of 4): [12, 12, 12]
  Shrink factors (level 2 out of 4): [8, 8, 8]
  Shrink factors (level 3 out of 4): [4, 4, 4]
  Shrink factors (level 4 out of 4): [2, 2, 2]
  smoothing sigmas per level: [4, 3, 2, 1]
  regular sampling (percentage = 0.25)

*** Running Euler3DTransform registration ***

DIAGNOSTIC,Iteration,metricValue,convergenceValue,ITERATION_TIME_INDEX,SINCE_LAST
 2DIAGNOSTIC,     1, -4.785543212944e-01, 1.797693134862e+308, 2.3207e+01, 2.3207e+01, 
 2DIAGNOSTIC,     2, -4.797225150188e-01, 1.797693134862e+308, 2.3219e+01, 1.1290e-02, 
 2DIAGNOSTIC,     3, -4.808335540319e-01, 1.797693134862e+308, 2.3230e+01, 1.0896e-02, 
 2DIAGNOSTIC,     4, -4.815422379076e-01, 1.797693134862e+308, 2.3241e+01, 1.0994e-02, 
 2DIAGNOSTIC,     5, -4.819028056081e-01, 1.797693134862e+308, 2.3254e+01, 1.3937e-02, 
 2DIAGNOSTIC,     6, -4.819219080417e-01, 1.797693134862e+308, 2.3267e+01, 1.2358e-02, 
 2DIAGNOSTIC,     7, -4.819440436680e-01, 1.797693134862e+308, 2.3277e+01, 1.0647e-02, 
 2DIAGNOSTIC,     8, -4.819552935219e-01, 1.797693134862e+308, 2.3288e+01, 1.0820e-02, 
 2DIAGNOSTIC,     9, -4.819797308056e-01, 1.797693134862e+308, 2.3299e+01, 1.0798e-02, 
 2DIAGNOSTIC,    10, -4.820550813189e-01, 3.841625100486e-04, 2.3314e+01, 1.4629e-02, 
 2DIAGNOSTIC,    11, -4.820799352318e-01, 2.047252497589e-04, 2.3328e+01, 1.4327e-02, 
 2DIAGNOSTIC,    12, -4.820882339387e-01, 9.417445040670e-05, 2.3341e+01, 1.2665e-02, 
 2DIAGNOSTIC,    13, -4.820936381042e-01, 4.242105044214e-05, 2.3354e+01, 1.2821e-02, 
 2DIAGNOSTIC,    14, -4.820991178222e-01, 2.412399566795e-05, 2.3365e+01, 1.1233e-02, 
 2DIAGNOSTIC,    15, -4.821031613287e-01, 2.056247780485e-05, 2.3378e+01, 1.2746e-02, 
 2DIAGNOSTIC,    16, -4.821149983867e-01, 1.686771003954e-05, 2.3393e+01, 1.5967e-02, 
 2DIAGNOSTIC,    17, -4.821310908840e-01, 1.359149436067e-05, 2.3405e+01, 1.1345e-02, 
 2DIAGNOSTIC,    18, -4.821349492810e-01, 1.009965832682e-05, 2.3416e+01, 1.1172e-02, 
 2DIAGNOSTIC,    19, -4.821401543419e-01, 7.075405238165e-06, 2.3429e+01, 1.2900e-02, 
 2DIAGNOSTIC,    20, -4.821464461228e-01, 6.246065557818e-06, 2.3442e+01, 1.2877e-02, 
 2DIAGNOSTIC,    21, -4.821558893161e-01, 6.014229058868e-06, 2.3455e+01, 1.2949e-02, 
 2DIAGNOSTIC,    22, -4.821782051239e-01, 6.192086823884e-06, 2.3468e+01, 1.2895e-02, 
 2DIAGNOSTIC,    23, -4.821797326341e-01, 6.075967659086e-06, 2.3482e+01, 1.4376e-02, 
 2DIAGNOSTIC,    24, -4.821797658816e-01, 5.678594947711e-06, 2.3495e+01, 1.2929e-02, 
 2DIAGNOSTIC,    25, -4.821797782304e-01, 5.003332624091e-06, 2.3508e+01, 1.2772e-02, 
 2DIAGNOSTIC,    26, -4.821797891379e-01, 4.285091893631e-06, 2.3519e+01, 1.0995e-02, 
 2DIAGNOSTIC,    27, -4.821798154921e-01, 3.676052592230e-06, 2.3530e+01, 1.1317e-02, 
 2DIAGNOSTIC,    28, -4.821799378826e-01, 2.958272131794e-06, 2.3541e+01, 1.1190e-02, 
 2DIAGNOSTIC,    29, -4.821803618404e-01, 2.238372498159e-06, 2.3552e+01, 1.1296e-02, 
 2DIAGNOSTIC,    30, -4.821818269287e-01, 1.611401018321e-06, 2.3564e+01, 1.1318e-02, 
 2DIAGNOSTIC,    31, -4.821836770013e-01, 1.175199991113e-06, 2.3577e+01, 1.2854e-02, 
 2DIAGNOSTIC,    32, -4.821841486553e-01, 1.170894032468e-06, 2.3589e+01, 1.2765e-02, 
 2DIAGNOSTIC,    33, -4.821861004183e-01, 1.212826986334e-06, 2.3607e+01, 1.7322e-02, 
 2DIAGNOSTIC,    34, -4.821864627126e-01, 1.235012121115e-06, 2.3618e+01, 1.1246e-02, 
 2DIAGNOSTIC,    35, -4.821865412104e-01, 1.228888127855e-06, 2.3629e+01, 1.1234e-02, 
 2DIAGNOSTIC,    36, -4.821871116533e-01, 1.202297090074e-06, 2.3640e+01, 1.1041e-02, 
 2DIAGNOSTIC,    37, -4.821881048964e-01, 1.163016319479e-06, 2.3656e+01, 1.5689e-02, 
 2DIAGNOSTIC,    38, -4.821882616746e-01, 1.100978802814e-06, 2.3667e+01, 1.1187e-02, 
 2DIAGNOSTIC,    39, -4.821886693219e-01, 1.029459591774e-06, 2.3681e+01, 1.4232e-02, 
DIAGNOSTIC,Iteration,metricValue,convergenceValue,ITERATION_TIME_INDEX,SINCE_LAST
 2DIAGNOSTIC,     1, -4.154086665415e-01, 1.797693134862e+308, 4.0160e+01, 1.6479e+01, 
 2DIAGNOSTIC,     2, -4.161992913095e-01, 1.797693134862e+308, 4.0220e+01, 5.9774e-02, 
 2DIAGNOSTIC,     3, -4.166579157240e-01, 1.797693134862e+308, 4.0281e+01, 6.0557e-02, 
 2DIAGNOSTIC,     4, -4.169014425713e-01, 1.797693134862e+308, 4.0341e+01, 6.0562e-02, 
 2DIAGNOSTIC,     5, -4.171471204904e-01, 1.797693134862e+308, 4.0402e+01, 6.0540e-02, 
 2DIAGNOSTIC,     6, -4.173645152565e-01, 1.797693134862e+308, 4.0462e+01, 6.0060e-02, 
 2DIAGNOSTIC,     7, -4.176815078834e-01, 1.797693134862e+308, 4.0556e+01, 9.4244e-02, 
 2DIAGNOSTIC,     8, -4.178068762743e-01, 1.797693134862e+308, 4.0616e+01, 5.9798e-02, 
 2DIAGNOSTIC,     9, -4.179025627007e-01, 1.797693134862e+308, 4.0687e+01, 7.1472e-02, 
 2DIAGNOSTIC,    10, -4.180975496876e-01, 3.700052888025e-04, 4.0950e+01, 2.6269e-01, 
 2DIAGNOSTIC,    11, -4.180975470249e-01, 2.641860648390e-04, 4.1011e+01, 6.0663e-02, 
 2DIAGNOSTIC,    12, -4.180975791507e-01, 1.969831580624e-04, 4.1071e+01, 6.0582e-02, 
 2DIAGNOSTIC,    13, -4.180976334607e-01, 1.465715857992e-04, 4.1132e+01, 6.1134e-02, 
 2DIAGNOSTIC,    14, -4.180977252911e-01, 1.020330561548e-04, 4.1193e+01, 6.0971e-02, 
 2DIAGNOSTIC,    15, -4.180978805471e-01, 6.531186430163e-05, 4.1254e+01, 6.0572e-02, 
 2DIAGNOSTIC,    16, -4.180981427408e-01, 3.636716132699e-05, 4.1315e+01, 6.0484e-02, 
 2DIAGNOSTIC,    17, -4.180985851081e-01, 2.040802241069e-05, 4.1375e+01, 6.0554e-02, 
 2DIAGNOSTIC,    18, -4.180993299166e-01, 9.266054289594e-06, 4.1437e+01, 6.2241e-02, 
 2DIAGNOSTIC,    19, -4.181005814478e-01, 1.875405888453e-06, 4.1497e+01, 5.9975e-02, 
 2DIAGNOSTIC,    20, -4.181026752640e-01, 1.911780468072e-06, 4.1558e+01, 6.0279e-02, 
 2DIAGNOSTIC,    21, -4.181061274784e-01, 2.025479888826e-06, 4.1618e+01, 6.0213e-02, 
 2DIAGNOSTIC,    22, -4.181117942952e-01, 2.255650309153e-06, 4.1678e+01, 6.0114e-02, 
 2DIAGNOSTIC,    23, -4.181208446824e-01, 2.656513801151e-06, 4.1750e+01, 7.1717e-02, 
 2DIAGNOSTIC,    24, -4.181328883421e-01, 3.244201550616e-06, 4.1810e+01, 6.0553e-02, 
 2DIAGNOSTIC,    25, -4.181103049169e-01, 2.989345000738e-06, 4.1882e+01, 7.1368e-02, 
 2DIAGNOSTIC,    26, -4.180873077348e-01, 2.020546816861e-06, 4.1941e+01, 5.9836e-02, 
 2DIAGNOSTIC,    27, -4.181123287608e-01, 1.701977596774e-06, 4.2001e+01, 5.9960e-02, 
 2DIAGNOSTIC,    28, -4.181432885264e-01, 2.089904135208e-06, 4.2062e+01, 6.0671e-02, 
 2DIAGNOSTIC,    29, -4.181740118939e-01, 3.086803626588e-06, 4.2122e+01, 6.0202e-02, 
 2DIAGNOSTIC,    30, -4.181991984618e-01, 4.457712392547e-06, 4.2182e+01, 5.9973e-02, 
 2DIAGNOSTIC,    31, -4.182189874895e-01, 5.943406208353e-06, 4.2243e+01, 6.0444e-02, 
 2DIAGNOSTIC,    32, -4.183210512648e-01, 9.145417736493e-06, 4.2303e+01, 6.0154e-02, 
 2DIAGNOSTIC,    33, -4.184415725982e-01, 1.396831924487e-05, 4.2363e+01, 6.0189e-02, 
 2DIAGNOSTIC,    34, -4.185049770852e-01, 1.874495705744e-05, 4.2456e+01, 9.3395e-02, 
 2DIAGNOSTIC,    35, -4.185718799176e-01, 2.245909579560e-05, 4.2718e+01, 2.6192e-01, 
 2DIAGNOSTIC,    36, -4.185718767147e-01, 2.348586880765e-05, 4.2779e+01, 6.0316e-02, 
 2DIAGNOSTIC,    37, -4.185718820260e-01, 2.275667393437e-05, 4.2839e+01, 6.0339e-02, 
 2DIAGNOSTIC,    38, -4.185718910055e-01, 2.050229354049e-05, 4.2900e+01, 6.0641e-02, 
 2DIAGNOSTIC,    39, -4.185719061824e-01, 1.701527625381e-05, 4.2960e+01, 6.0083e-02, 
 2DIAGNOSTIC,    40, -4.185719318253e-01, 1.260814319637e-05, 4.3020e+01, 6.0543e-02, 
 2DIAGNOSTIC,    41, -4.185719751269e-01, 7.606592556136e-06, 4.3080e+01, 6.0004e-02, 
 2DIAGNOSTIC,    42, -4.185720481778e-01, 3.819018496262e-06, 4.3141e+01, 6.0345e-02, 
 2DIAGNOSTIC,    43, -4.185721712169e-01, 1.807087755244e-06, 4.3201e+01, 6.0769e-02, 
DIAGNOSTIC,Iteration,metricValue,convergenceValue,ITERATION_TIME_INDEX,SINCE_LAST
 2DIAGNOSTIC,     1, -3.503039861530e-01, 1.797693134862e+308, 5.2644e+01, 9.4425e+00, 
 2DIAGNOSTIC,     2, -3.508769815727e-01, 1.797693134862e+308, 5.3132e+01, 4.8848e-01, 
 2DIAGNOSTIC,     3, -3.515207057924e-01, 1.797693134862e+308, 5.3627e+01, 4.9443e-01, 
 2DIAGNOSTIC,     4, -3.521395676498e-01, 1.797693134862e+308, 5.4120e+01, 4.9361e-01, 
 2DIAGNOSTIC,     5, -3.523509264482e-01, 1.797693134862e+308, 5.4802e+01, 6.8169e-01, 
 2DIAGNOSTIC,     6, -3.523496240650e-01, 1.797693134862e+308, 5.5388e+01, 5.8615e-01, 
 2DIAGNOSTIC,     7, -3.523713529621e-01, 1.797693134862e+308, 5.5974e+01, 5.8550e-01, 
 2DIAGNOSTIC,     8, -3.523899849184e-01, 1.797693134862e+308, 5.6559e+01, 5.8540e-01, 
 2DIAGNOSTIC,     9, -3.524508320672e-01, 1.797693134862e+308, 5.7337e+01, 7.7821e-01, 
 2DIAGNOSTIC,    10, -3.524938732303e-01, 3.490834451335e-04, 5.7924e+01, 5.8652e-01, 
 2DIAGNOSTIC,    11, -3.525389249270e-01, 2.049388495799e-04, 5.8412e+01, 4.8853e-01, 
 2DIAGNOSTIC,    12, -3.525566481553e-01, 1.059602161021e-04, 6.0635e+01, 2.2224e+00, 
 2DIAGNOSTIC,    13, -3.525566478921e-01, 5.193853141224e-05, 6.1124e+01, 4.8962e-01, 
 2DIAGNOSTIC,    14, -3.525566488493e-01, 3.648264075931e-05, 6.1613e+01, 4.8895e-01, 
 2DIAGNOSTIC,    15, -3.525566504672e-01, 3.132753678327e-05, 6.2103e+01, 4.9019e-01, 
 2DIAGNOSTIC,    16, -3.525566532012e-01, 2.405420363392e-05, 6.2598e+01, 4.9456e-01, 
 2DIAGNOSTIC,    17, -3.525566578188e-01, 1.665861988736e-05, 6.3092e+01, 4.9405e-01, 
 2DIAGNOSTIC,    18, -3.525566656215e-01, 9.530383819949e-06, 6.3583e+01, 4.9078e-01, 
 2DIAGNOSTIC,    19, -3.525566788489e-01, 5.001586283117e-06, 6.4076e+01, 4.9332e-01, 
 2DIAGNOSTIC,    20, -3.525567010890e-01, 2.310847274534e-06, 6.4570e+01, 4.9404e-01, 
 2DIAGNOSTIC,    21, -3.525567383307e-01, 1.522416147391e-06, 6.5061e+01, 4.9035e-01, 
 2DIAGNOSTIC,    22, -3.525568021864e-01, 1.457402605862e-06, 6.5551e+01, 4.9064e-01, 
 2DIAGNOSTIC,    23, -3.525569103518e-01, 1.400825237564e-06, 6.6043e+01, 4.9221e-01, 
 2DIAGNOSTIC,    24, -3.525570847795e-01, 1.353228744207e-06, 6.6532e+01, 4.8886e-01, 
 2DIAGNOSTIC,    25, -3.525573624246e-01, 1.315835089992e-06, 6.7023e+01, 4.9112e-01, 
 2DIAGNOSTIC,    26, -3.525577753706e-01, 1.290066849520e-06, 6.7512e+01, 4.8876e-01, 
 2DIAGNOSTIC,    27, -3.525583309203e-01, 1.276542461584e-06, 6.8002e+01, 4.8940e-01, 
 2DIAGNOSTIC,    28, -3.525548218293e-01, 1.153665456159e-06, 6.8491e+01, 4.8901e-01, 
 2DIAGNOSTIC,    29, -3.525553815230e-01, 1.056676140566e-06, 6.9078e+01, 5.8724e-01, 
DIAGNOSTIC,Iteration,metricValue,convergenceValue,ITERATION_TIME_INDEX,SINCE_LAST
 2DIAGNOSTIC,     1, -3.015083104312e-01, 1.797693134862e+308, 7.8322e+01, 9.2441e+00, 
  Elapsed time (stage 0): 8.0259e+01


Stage 1
  iterations = 1000x500x250x0
  convergence threshold = 1.0000e-06
  convergence window size = 10
  number of levels = 4
  using the Mattes MI metric (number of bins = 32, weight = 1.0000e+00)
  preprocessing:  winsorizing the image intensities
  Shrink factors (level 1 out of 4): [12, 12, 12]
  Shrink factors (level 2 out of 4): [8, 8, 8]
  Shrink factors (level 3 out of 4): [4, 4, 4]
  Shrink factors (level 4 out of 4): [2, 2, 2]
  smoothing sigmas per level: [4, 3, 2, 1]
  regular sampling (percentage = 2.5000e-01)

*** Running AffineTransform registration ***

DIAGNOSTIC,Iteration,metricValue,convergenceValue,ITERATION_TIME_INDEX,SINCE_LAST
 2DIAGNOSTIC,     1, -4.760076831074e-01, 1.797693134862e+308, 2.2532e+01, 2.2532e+01, 
 2DIAGNOSTIC,     2, -4.769550988239e-01, 1.797693134862e+308, 2.2547e+01, 1.4881e-02, 
 2DIAGNOSTIC,     3, -4.783613830438e-01, 1.797693134862e+308, 2.2562e+01, 1.4580e-02, 
 2DIAGNOSTIC,     4, -4.803117280910e-01, 1.797693134862e+308, 2.2576e+01, 1.4619e-02, 
 2DIAGNOSTIC,     5, -4.833310025678e-01, 1.797693134862e+308, 2.2591e+01, 1.4795e-02, 
 2DIAGNOSTIC,     6, -4.914688789321e-01, 1.797693134862e+308, 2.2606e+01, 1.4936e-02, 
 2DIAGNOSTIC,     7, -4.978592702122e-01, 1.797693134862e+308, 2.2624e+01, 1.8255e-02, 
 2DIAGNOSTIC,     8, -5.008068491801e-01, 1.797693134862e+308, 2.2641e+01, 1.6659e-02, 
 2DIAGNOSTIC,     9, -5.031932531398e-01, 1.797693134862e+308, 2.2662e+01, 2.1189e-02, 
 2DIAGNOSTIC,    10, -5.054797030115e-01, 4.515073339418e-03, 2.2677e+01, 1.5185e-02, 
 2DIAGNOSTIC,    11, -5.089555161498e-01, 4.262361529744e-03, 2.2693e+01, 1.5162e-02, 
 2DIAGNOSTIC,    12, -5.098867679989e-01, 3.754913440933e-03, 2.2708e+01, 1.5182e-02, 
 2DIAGNOSTIC,    13, -5.103951417350e-01, 3.078311134345e-03, 2.2726e+01, 1.8551e-02, 
 2DIAGNOSTIC,    14, -5.108369185118e-01, 2.324993809799e-03, 2.2747e+01, 2.0341e-02, 
 2DIAGNOSTIC,    15, -5.110348825590e-01, 1.580119661245e-03, 2.2762e+01, 1.4958e-02, 
 2DIAGNOSTIC,    16, -5.118008965550e-01, 1.098343150036e-03, 2.2777e+01, 1.5204e-02, 
 2DIAGNOSTIC,    17, -5.122147774482e-01, 8.003007813169e-04, 2.2792e+01, 1.4864e-02, 
 2DIAGNOSTIC,    18, -5.123159017104e-01, 5.591710434681e-04, 2.2807e+01, 1.4923e-02, 
 2DIAGNOSTIC,    19, -5.125870723997e-01, 3.719199931464e-04, 2.2825e+01, 1.8385e-02, 
 2DIAGNOSTIC,    20, -5.127237124942e-01, 2.358209834918e-04, 2.2840e+01, 1.4951e-02, 
 2DIAGNOSTIC,    21, -5.127809598567e-01, 1.859085823195e-04, 2.2856e+01, 1.6395e-02, 
 2DIAGNOSTIC,    22, -5.128528800904e-01, 1.489791411768e-04, 2.2875e+01, 1.8272e-02, 
 2DIAGNOSTIC,    23, -5.129630235000e-01, 1.167390862765e-04, 2.2891e+01, 1.6480e-02, 
 2DIAGNOSTIC,    24, -5.130786605713e-01, 8.966095101818e-05, 2.2906e+01, 1.4931e-02, 
 2DIAGNOSTIC,    25, -5.131197001319e-01, 6.146609212421e-05, 2.2921e+01, 1.5053e-02, 
 2DIAGNOSTIC,    26, -5.131761671212e-01, 4.756359420335e-05, 2.2944e+01, 2.3247e-02, 
 2DIAGNOSTIC,    27, -5.131809374246e-01, 3.913314601005e-05, 2.2959e+01, 1.4881e-02, 
 2DIAGNOSTIC,    28, -5.131974212121e-01, 2.997729375398e-05, 2.2974e+01, 1.4880e-02, 
 2DIAGNOSTIC,    29, -5.132043880673e-01, 2.407026473136e-05, 2.2989e+01, 1.4965e-02, 
 2DIAGNOSTIC,    30, -5.132102543556e-01, 1.906574305175e-05, 2.3004e+01, 1.4876e-02, 
 2DIAGNOSTIC,    31, -5.132222981251e-01, 1.394984412506e-05, 2.3019e+01, 1.4913e-02, 
 2DIAGNOSTIC,    32, -5.132380975149e-01, 9.450487685997e-06, 2.3034e+01, 1.4934e-02, 
 2DIAGNOSTIC,    33, -5.132712857626e-01, 6.829021417902e-06, 2.3052e+01, 1.8218e-02, 
 2DIAGNOSTIC,    34, -5.132847859914e-01, 5.924450328147e-06, 2.3069e+01, 1.6647e-02, 
 2DIAGNOSTIC,    35, -5.132880335909e-01, 5.291672625956e-06, 2.3083e+01, 1.4816e-02, 
 2DIAGNOSTIC,    36, -5.132922809877e-01, 5.234256537083e-06, 2.3105e+01, 2.1395e-02, 
 2DIAGNOSTIC,    37, -5.132932815488e-01, 4.845876381949e-06, 2.3120e+01, 1.4901e-02, 
 2DIAGNOSTIC,    38, -5.132944577184e-01, 4.352889448771e-06, 2.3134e+01, 1.4722e-02, 
 2DIAGNOSTIC,    39, -5.132953981870e-01, 3.664205062780e-06, 2.3149e+01, 1.4811e-02, 
 2DIAGNOSTIC,    40, -5.132983325886e-01, 2.867010321886e-06, 2.3171e+01, 2.1436e-02, 
 2DIAGNOSTIC,    41, -5.132990097888e-01, 2.086844186476e-06, 2.3186e+01, 1.4853e-02, 
 2DIAGNOSTIC,    42, -5.132998551894e-01, 1.432300509491e-06, 2.3200e+01, 1.4911e-02, 
 2DIAGNOSTIC,    43, -5.133002563701e-01, 1.179131348436e-06, 2.3215e+01, 1.4797e-02, 
 2DIAGNOSTIC,    44, -5.133009298999e-01, 1.076318467325e-06, 2.3230e+01, 1.4782e-02, 
DIAGNOSTIC,Iteration,metricValue,convergenceValue,ITERATION_TIME_INDEX,SINCE_LAST
 2DIAGNOSTIC,     1, -4.383127977587e-01, 1.797693134862e+308, 4.0235e+01, 1.7005e+01, 
 2DIAGNOSTIC,     2, -4.387998291578e-01, 1.797693134862e+308, 4.0308e+01, 7.3389e-02, 
 2DIAGNOSTIC,     3, -4.394374573532e-01, 1.797693134862e+308, 4.0381e+01, 7.2742e-02, 
 2DIAGNOSTIC,     4, -4.402597584255e-01, 1.797693134862e+308, 4.0454e+01, 7.2962e-02, 
 2DIAGNOSTIC,     5, -4.413808601612e-01, 1.797693134862e+308, 4.0527e+01, 7.3286e-02, 
 2DIAGNOSTIC,     6, -4.433819760522e-01, 1.797693134862e+308, 4.0600e+01, 7.2785e-02, 
 2DIAGNOSTIC,     7, -4.448994798510e-01, 1.797693134862e+308, 4.0685e+01, 8.4798e-02, 
 2DIAGNOSTIC,     8, -4.452209828595e-01, 1.797693134862e+308, 4.0793e+01, 1.0792e-01, 
 2DIAGNOSTIC,     9, -4.454717119154e-01, 1.797693134862e+308, 4.0866e+01, 7.2744e-02, 
 2DIAGNOSTIC,    10, -4.456345692785e-01, 1.269605612564e-03, 4.0939e+01, 7.3480e-02, 
 2DIAGNOSTIC,    11, -4.460651766958e-01, 1.075911100830e-03, 4.1084e+01, 1.4444e-01, 
 2DIAGNOSTIC,    12, -4.460875479357e-01, 8.441774841537e-04, 4.1156e+01, 7.2773e-02, 
 2DIAGNOSTIC,    13, -4.461527897844e-01, 6.079332635743e-04, 4.1229e+01, 7.3060e-02, 
 2DIAGNOSTIC,    14, -4.461865456135e-01, 3.906132371413e-04, 4.1302e+01, 7.3073e-02, 
 2DIAGNOSTIC,    15, -4.462103510257e-01, 2.142435779721e-04, 4.1376e+01, 7.3287e-02, 
 2DIAGNOSTIC,    16, -4.462541659119e-01, 1.207495957115e-04, 4.1448e+01, 7.2624e-02, 
 2DIAGNOSTIC,    17, -4.462935855621e-01, 8.579044075528e-05, 4.1521e+01, 7.2921e-02, 
 2DIAGNOSTIC,    18, -4.463270244350e-01, 5.961751376510e-05, 4.1642e+01, 1.2074e-01, 
 2DIAGNOSTIC,    19, -4.463431051630e-01, 3.984779663754e-05, 4.1716e+01, 7.3883e-02, 
 2DIAGNOSTIC,    20, -4.463553157566e-01, 2.376282072800e-05, 4.1801e+01, 8.5186e-02, 
 2DIAGNOSTIC,    21, -4.463872843504e-01, 2.124430719507e-05, 4.1921e+01, 1.1965e-01, 
 2DIAGNOSTIC,    22, -4.463947626582e-01, 1.790852091720e-05, 4.1993e+01, 7.2644e-02, 
 2DIAGNOSTIC,    23, -4.464166914015e-01, 1.573744027691e-05, 4.2067e+01, 7.3640e-02, 
 2DIAGNOSTIC,    24, -4.464196492570e-01, 1.338186200919e-05, 4.2140e+01, 7.3044e-02, 
 2DIAGNOSTIC,    25, -4.464224911040e-01, 1.075703978423e-05, 4.2225e+01, 8.4690e-02, 
 2DIAGNOSTIC,    26, -4.464269094502e-01, 8.610062237957e-06, 4.2345e+01, 1.2069e-01, 
 2DIAGNOSTIC,    27, -4.464282032828e-01, 6.868710874297e-06, 4.2419e+01, 7.3520e-02, 
 2DIAGNOSTIC,    28, -4.464315052923e-01, 5.551022597736e-06, 4.2492e+01, 7.3246e-02, 
 2DIAGNOSTIC,    29, -4.464330837470e-01, 4.297123338222e-06, 4.2566e+01, 7.4296e-02, 
 2DIAGNOSTIC,    30, -4.464341839863e-01, 3.097007676409e-06, 4.2640e+01, 7.3716e-02, 
 2DIAGNOSTIC,    31, -4.464361426642e-01, 2.482087569512e-06, 4.2713e+01, 7.3270e-02, 
 2DIAGNOSTIC,    32, -4.464388651923e-01, 1.959367561886e-06, 4.2787e+01, 7.3617e-02, 
 2DIAGNOSTIC,    33, -4.464451200187e-01, 1.920906739318e-06, 4.2896e+01, 1.0876e-01, 
 2DIAGNOSTIC,    34, -4.464469594456e-01, 1.881138481437e-06, 4.2981e+01, 8.5498e-02, 
 2DIAGNOSTIC,    35, -4.464473509482e-01, 1.812643408292e-06, 4.3055e+01, 7.3492e-02, 
 2DIAGNOSTIC,    36, -4.464481230501e-01, 1.755969917111e-06, 4.3140e+01, 8.4802e-02, 
 2DIAGNOSTIC,    37, -4.464491397479e-01, 1.657337672958e-06, 4.3225e+01, 8.5170e-02, 
 2DIAGNOSTIC,    38, -4.464496921198e-01, 1.550623534203e-06, 4.3310e+01, 8.4743e-02, 
 2DIAGNOSTIC,    39, -4.464500432585e-01, 1.413010242486e-06, 4.3382e+01, 7.2629e-02, 
 2DIAGNOSTIC,    40, -4.464503352488e-01, 1.248940948644e-06, 4.3478e+01, 9.5906e-02, 
 2DIAGNOSTIC,    41, -4.464505909632e-01, 1.084472007837e-06, 4.3586e+01, 1.0791e-01, 
DIAGNOSTIC,Iteration,metricValue,convergenceValue,ITERATION_TIME_INDEX,SINCE_LAST
 2DIAGNOSTIC,     1, -3.725124007507e-01, 1.797693134862e+308, 5.3165e+01, 9.5792e+00, 
 2DIAGNOSTIC,     2, -3.727477992602e-01, 1.797693134862e+308, 5.3748e+01, 5.8294e-01, 
 2DIAGNOSTIC,     3, -3.729777700036e-01, 1.797693134862e+308, 5.4331e+01, 5.8314e-01, 
 2DIAGNOSTIC,     4, -3.731728798670e-01, 1.797693134862e+308, 5.4914e+01, 5.8265e-01, 
 2DIAGNOSTIC,     5, -3.733476297727e-01, 1.797693134862e+308, 5.5497e+01, 5.8304e-01, 
 2DIAGNOSTIC,     6, -3.736143062417e-01, 1.797693134862e+308, 5.6379e+01, 8.8182e-01, 
 2DIAGNOSTIC,     7, -3.737522843499e-01, 1.797693134862e+308, 5.7755e+01, 1.3765e+00, 
 2DIAGNOSTIC,     8, -3.737529647551e-01, 1.797693134862e+308, 5.8338e+01, 5.8311e-01, 
 2DIAGNOSTIC,     9, -3.737544379735e-01, 1.797693134862e+308, 5.8922e+01, 5.8347e-01, 
 2DIAGNOSTIC,    10, -3.737567922717e-01, 2.302386190783e-04, 5.9505e+01, 5.8356e-01, 
 2DIAGNOSTIC,    11, -3.737604360494e-01, 1.629872302723e-04, 6.0089e+01, 5.8392e-01, 
 2DIAGNOSTIC,    12, -3.737656779671e-01, 1.075616257036e-04, 6.0674e+01, 5.8423e-01, 
 2DIAGNOSTIC,    13, -3.737730620773e-01, 6.510952835341e-05, 6.1257e+01, 5.8324e-01, 
 2DIAGNOSTIC,    14, -3.737819396897e-01, 3.414233686624e-05, 6.1841e+01, 5.8373e-01, 
 2DIAGNOSTIC,    15, -3.737929734185e-01, 1.351313252526e-05, 6.2422e+01, 5.8151e-01, 
 2DIAGNOSTIC,    16, -3.738106855938e-01, 7.749882664984e-06, 6.3005e+01, 5.8338e-01, 
 2DIAGNOSTIC,    17, -3.738383749985e-01, 9.535409805785e-06, 6.3590e+01, 5.8426e-01, 
 2DIAGNOSTIC,    18, -3.739041644776e-01, 1.320149738674e-05, 6.4380e+01, 7.9027e-01, 
 2DIAGNOSTIC,    19, -3.739173805884e-01, 1.595336970388e-05, 6.5262e+01, 8.8218e-01, 
 2DIAGNOSTIC,    20, -3.739210311003e-01, 1.735657342457e-05, 6.5834e+01, 5.7233e-01, 
 2DIAGNOSTIC,    21, -3.739386818254e-01, 1.795657569310e-05, 6.6514e+01, 6.7916e-01, 
 2DIAGNOSTIC,    22, -3.739416243824e-01, 1.721709666898e-05, 6.7095e+01, 5.8143e-01, 
 2DIAGNOSTIC,    23, -3.739424311029e-01, 1.530741163509e-05, 6.7676e+01, 5.8110e-01, 
 2DIAGNOSTIC,    24, -3.739461765250e-01, 1.265716468672e-05, 6.8359e+01, 6.8240e-01, 
 2DIAGNOSTIC,    25, -3.739634138356e-01, 1.003569799328e-05, 6.9436e+01, 1.0775e+00, 
 2DIAGNOSTIC,    26, -3.739659696072e-01, 7.368988521390e-06, 7.0017e+01, 5.8092e-01, 
 2DIAGNOSTIC,    27, -3.739673793982e-01, 5.096084660004e-06, 7.0600e+01, 5.8299e-01, 
 2DIAGNOSTIC,    28, -3.739683628373e-01, 4.434965579669e-06, 7.1184e+01, 5.8373e-01, 
 2DIAGNOSTIC,    29, -3.739689455322e-01, 3.871338704033e-06, 7.1764e+01, 5.8049e-01, 
 2DIAGNOSTIC,    30, -3.739697379590e-01, 3.176577111373e-06, 7.2437e+01, 6.7285e-01, 
 2DIAGNOSTIC,    31, -3.739699625766e-01, 2.761840199754e-06, 7.3213e+01, 7.7570e-01, 
 2DIAGNOSTIC,    32, -3.739700358076e-01, 2.286931066207e-06, 7.3787e+01, 5.7395e-01, 
 2DIAGNOSTIC,    33, -3.739701518072e-01, 1.742552108774e-06, 7.5456e+01, 1.6693e+00, 
 2DIAGNOSTIC,    34, -3.739701518078e-01, 1.229930187172e-06, 7.7822e+01, 2.3662e+00, 
 2DIAGNOSTIC,    35, -3.739701518078e-01, 1.092042985935e-06, 7.8702e+01, 8.8001e-01, 
DIAGNOSTIC,Iteration,metricValue,convergenceValue,ITERATION_TIME_INDEX,SINCE_LAST
 2DIAGNOSTIC,     1, -3.191780742632e-01, 1.797693134862e+308, 8.8858e+01, 1.0156e+01, 
  Elapsed time (stage 1): 9.0808e+01


Stage 2
  iterations = 100x100x70x50x0
  convergence threshold = 1.0000e-06
  convergence window size = 10
  number of levels = 5
  using the Mattes MI metric (number of bins = 32, weight = 1.0000e+00)
  preprocessing:  winsorizing the image intensities
  Shrink factors (level 1 out of 5): [10, 10, 10]
  Shrink factors (level 2 out of 5): [6, 6, 6]
  Shrink factors (level 3 out of 5): [4, 4, 4]
  Shrink factors (level 4 out of 5): [2, 2, 2]
  Shrink factors (level 5 out of 5): [1, 1, 1]
  smoothing sigmas per level: [5, 3, 2, 1, 0]
  Using default NONE metricSamplingStrategy 

*** Running SyN registration (varianceForUpdateField = 3.0000e+00, varianceForTotalField = 0.0000e+00) ***

XXDIAGNOSTIC,Iteration,metricValue,convergenceValue,ITERATION_TIME_INDEX,SINCE_LAST
 1DIAGNOSTIC,     1, -5.350478462252e-01, 1.797693134862e+308, 3.6620e+01, 3.6620e+01, 
 1DIAGNOSTIC,     2, -5.537701178104e-01, 1.797693134862e+308, 3.6761e+01, 1.4084e-01, 
 1DIAGNOSTIC,     3, -5.642283442239e-01, 1.797693134862e+308, 3.6896e+01, 1.3504e-01, 
 1DIAGNOSTIC,     4, -5.679116240324e-01, 1.797693134862e+308, 3.7034e+01, 1.3796e-01, 
 1DIAGNOSTIC,     5, -5.676909874494e-01, 1.797693134862e+308, 3.7169e+01, 1.3503e-01, 
 1DIAGNOSTIC,     6, -5.639550556662e-01, 1.797693134862e+308, 3.7304e+01, 1.3517e-01, 
 1DIAGNOSTIC,     7, -5.633286201954e-01, 1.797693134862e+308, 3.7440e+01, 1.3577e-01, 
 1DIAGNOSTIC,     8, -5.620756761494e-01, 1.797693134862e+308, 3.7574e+01, 1.3489e-01, 
 1DIAGNOSTIC,     9, -5.600663863890e-01, 1.797693134862e+308, 3.7709e+01, 1.3499e-01, 
 1DIAGNOSTIC,    10, -5.590954371221e-01, 1.286821696437e-03, 3.7845e+01, 1.3595e-01, 
 1DIAGNOSTIC,    11, -5.556713851885e-01, -4.967053383957e-04, 3.7981e+01, 1.3560e-01, 
XXDIAGNOSTIC,Iteration,metricValue,convergenceValue,ITERATION_TIME_INDEX,SINCE_LAST
 1DIAGNOSTIC,     1, -4.389133567391e-01, 1.797693134862e+308, 5.4879e+01, 1.6898e+01, 
 1DIAGNOSTIC,     2, -4.410527078107e-01, 1.797693134862e+308, 5.5419e+01, 5.4000e-01, 
 1DIAGNOSTIC,     3, -4.425320842943e-01, 1.797693134862e+308, 5.5961e+01, 5.4148e-01, 
 1DIAGNOSTIC,     4, -4.425775490899e-01, 1.797693134862e+308, 5.6500e+01, 5.3893e-01, 
 1DIAGNOSTIC,     5, -4.423209389176e-01, 1.797693134862e+308, 5.7043e+01, 5.4286e-01, 
 1DIAGNOSTIC,     6, -4.418325660821e-01, 1.797693134862e+308, 5.7581e+01, 5.3856e-01, 
 1DIAGNOSTIC,     7, -4.413870529979e-01, 1.797693134862e+308, 5.8124e+01, 5.4237e-01, 
 1DIAGNOSTIC,     8, -4.402451576193e-01, 1.797693134862e+308, 5.8662e+01, 5.3865e-01, 
 1DIAGNOSTIC,     9, -4.393014963800e-01, 1.797693134862e+308, 5.9204e+01, 5.4155e-01, 
 1DIAGNOSTIC,    10, -4.378600101326e-01, -3.079381614464e-04, 5.9747e+01, 5.4326e-01, 
XXDIAGNOSTIC,Iteration,metricValue,convergenceValue,ITERATION_TIME_INDEX,SINCE_LAST
 1DIAGNOSTIC,     1, -3.723032833377e-01, 1.797693134862e+308, 7.0272e+01, 1.0525e+01, 
 1DIAGNOSTIC,     2, -3.732673729573e-01, 1.797693134862e+308, 7.2021e+01, 1.7496e+00, 
 1DIAGNOSTIC,     3, -3.738465069136e-01, 1.797693134862e+308, 7.3717e+01, 1.6958e+00, 
 1DIAGNOSTIC,     4, -3.740667064526e-01, 1.797693134862e+308, 7.5410e+01, 1.6930e+00, 
 1DIAGNOSTIC,     5, -3.741841926970e-01, 1.797693134862e+308, 7.7153e+01, 1.7424e+00, 
 1DIAGNOSTIC,     6, -3.738691291727e-01, 1.797693134862e+308, 7.8845e+01, 1.6923e+00, 
 1DIAGNOSTIC,     7, -3.735432437219e-01, 1.797693134862e+308, 8.0538e+01, 1.6927e+00, 
 1DIAGNOSTIC,     8, -3.731389047880e-01, 1.797693134862e+308, 8.2236e+01, 1.6982e+00, 
 1DIAGNOSTIC,     9, -3.727982962191e-01, 1.797693134862e+308, 8.3929e+01, 1.6934e+00, 
 1DIAGNOSTIC,    10, -3.724433244231e-01, -7.773921962288e-05, 8.5673e+01, 1.7437e+00, 
XXDIAGNOSTIC,Iteration,metricValue,convergenceValue,ITERATION_TIME_INDEX,SINCE_LAST
 1DIAGNOSTIC,     1, -3.141555593807e-01, 1.797693134862e+308, 1.0511e+02, 1.9432e+01, 
 1DIAGNOSTIC,     2, -3.151319294192e-01, 1.797693134862e+308, 1.1771e+02, 1.2610e+01, 
 1DIAGNOSTIC,     3, -3.160057819532e-01, 1.797693134862e+308, 1.3038e+02, 1.2664e+01, 
 1DIAGNOSTIC,     4, -3.168246758680e-01, 1.797693134862e+308, 1.4295e+02, 1.2571e+01, 
 1DIAGNOSTIC,     5, -3.175794979300e-01, 1.797693134862e+308, 1.5571e+02, 1.2758e+01, 
 1DIAGNOSTIC,     6, -3.182401403153e-01, 1.797693134862e+308, 1.6829e+02, 1.2583e+01, 
 1DIAGNOSTIC,     7, -3.188193070726e-01, 1.797693134862e+308, 1.8090e+02, 1.2608e+01, 
 1DIAGNOSTIC,     8, -3.193787307820e-01, 1.797693134862e+308, 1.9361e+02, 1.2716e+01, 
 1DIAGNOSTIC,     9, -3.198477749345e-01, 1.797693134862e+308, 2.0722e+02, 1.3601e+01, 
 1DIAGNOSTIC,    10, -3.202562643511e-01, 1.222707445630e-03, 2.1985e+02, 1.2630e+01, 
 1DIAGNOSTIC,    11, -3.205410017593e-01, 9.929006099862e-04, 2.3330e+02, 1.3455e+01, 
 1DIAGNOSTIC,    12, -3.208483874883e-01, 8.075422508859e-04, 2.4638e+02, 1.3082e+01, 
 1DIAGNOSTIC,    13, -3.210463324413e-01, 6.507963606438e-04, 2.5996e+02, 1.3572e+01, 
 1DIAGNOSTIC,    14, -3.212254599434e-01, 5.205122772735e-04, 2.7350e+02, 1.3543e+01, 
 1DIAGNOSTIC,    15, -3.213520024140e-01, 4.122193182425e-04, 2.8702e+02, 1.3518e+01, 
 1DIAGNOSTIC,    16, -3.214276076027e-01, 3.205412112124e-04, 3.0002e+02, 1.3002e+01, 
 1DIAGNOSTIC,    17, -3.214851673820e-01, 2.433349020280e-04, 3.1346e+02, 1.3446e+01, 
 1DIAGNOSTIC,    18, -3.215734172131e-01, 1.841246564714e-04, 3.2660e+02, 1.3137e+01, 
 1DIAGNOSTIC,    19, -3.216260369228e-01, 1.383551504281e-04, 3.4011e+02, 1.3503e+01, 
 1DIAGNOSTIC,    20, -3.217128634062e-01, 1.063603718552e-04, 3.5357e+02, 1.3464e+01, 
 1DIAGNOSTIC,    21, -3.218440938210e-01, 8.504302227467e-05, 3.6708e+02, 1.3508e+01, 
 1DIAGNOSTIC,    22, -3.219438060061e-01, 7.413424188625e-05, 3.8060e+02, 1.3521e+01, 
 1DIAGNOSTIC,    23, -3.220438507767e-01, 6.873678799049e-05, 3.9402e+02, 1.3422e+01, 
 1DIAGNOSTIC,    24, -3.221123974541e-01, 6.654432788636e-05, 4.0745e+02, 1.3432e+01, 
 1DIAGNOSTIC,    25, -3.221773455108e-01, 6.516286365146e-05, 4.2091e+02, 1.3463e+01, 
 1DIAGNOSTIC,    26, -3.222452929325e-01, 6.271414742717e-05, 4.3436e+02, 1.3448e+01, 
 1DIAGNOSTIC,    27, -3.223092060755e-01, 5.855073209515e-05, 4.4789e+02, 1.3530e+01, 
 1DIAGNOSTIC,    28, -3.223615251923e-01, 5.371383987911e-05, 4.6141e+02, 1.3519e+01, 
 1DIAGNOSTIC,    29, -3.224157332540e-01, 4.749662131862e-05, 4.7486e+02, 1.3451e+01, 
 1DIAGNOSTIC,    30, -3.224329789348e-01, 4.031686453094e-05, 4.8838e+02, 1.3514e+01, 
 1DIAGNOSTIC,    31, -3.224330960631e-01, 3.361364980418e-05, 5.0182e+02, 1.3444e+01, 
 1DIAGNOSTIC,    32, -3.224879463933e-01, 2.848869365116e-05, 5.1526e+02, 1.3445e+01, 
 1DIAGNOSTIC,    33, -3.225328158859e-01, 2.489044920031e-05, 5.2873e+02, 1.3463e+01, 
 1DIAGNOSTIC,    34, -3.225923455014e-01, 2.252671439811e-05, 5.4219e+02, 1.3458e+01, 
 1DIAGNOSTIC,    35, -3.226338952181e-01, 2.091727962651e-05, 5.5566e+02, 1.3470e+01, 
 1DIAGNOSTIC,    36, -3.226959563078e-01, 2.068767266127e-05, 5.6916e+02, 1.3509e+01, 
 1DIAGNOSTIC,    37, -3.227168171388e-01, 2.056944647776e-05, 5.8266e+02, 1.3499e+01, 
 1DIAGNOSTIC,    38, -3.227551150457e-01, 2.065368932384e-05, 5.9618e+02, 1.3515e+01, 
 1DIAGNOSTIC,    39, -3.226986043673e-01, 1.877626404838e-05, 6.0962e+02, 1.3439e+01, 
 1DIAGNOSTIC,    40, -3.226952211070e-01, 1.564656770557e-05, 6.2305e+02, 1.3427e+01, 
 1DIAGNOSTIC,    41, -3.226361179238e-01, 9.951787667727e-06, 6.3650e+02, 1.3457e+01, 
 1DIAGNOSTIC,    42, -3.226663843896e-01, 5.450373325944e-06, 6.4996e+02, 1.3453e+01, 
 1DIAGNOSTIC,    43, -3.226886068285e-01, 2.044522511006e-06, 6.6341e+02, 1.3453e+01, 
 1DIAGNOSTIC,    44, -3.227684195423e-01, 1.462599694663e-06, 6.7687e+02, 1.3464e+01, 
 1DIAGNOSTIC,    45, -3.227795728733e-01, 1.834803619351e-06, 6.9049e+02, 1.3613e+01, 
 1DIAGNOSTIC,    46, -3.228218086161e-01, 4.105755055633e-06, 7.0396e+02, 1.3477e+01, 
 1DIAGNOSTIC,    47, -3.228693633729e-01, 7.203783310632e-06, 7.1741e+02, 1.3444e+01, 
 1DIAGNOSTIC,    48, -3.228777909890e-01, 1.039303137460e-05, 7.3089e+02, 1.3480e+01, 
 1DIAGNOSTIC,    49, -3.229055155807e-01, 1.198942008823e-05, 7.4435e+02, 1.3460e+01, 
 1DIAGNOSTIC,    50, -3.229193949562e-01, 1.265354670347e-05, 7.5779e+02, 1.3445e+01, 
  Elapsed time (stage 2): 778.2


Total elapsed time: 949.3

--- Writing output images ---

Using double precision for computations.
Input scalar image: data/Segmentations/1110_3_seg.nii.gz
Reference image: data/template/T_template0_BrainCerebellum.nii.gz
=============================================================================
The composite transform comprises the following transforms (in order): 
  1. /tmp/1971152.1.basic.q/1110_ToTemplate_020_0GenericAffine.mat (type = AffineTransform)
  2. /tmp/1971152.1.basic.q/1110_ToTemplate_020_1Warp.nii.gz (type = DisplacementFieldTransform)
=============================================================================
Default pixel value: 0
Interpolation type: LabelImageGenericInterpolateImageFunction
Output warped image: output/1110/1110_WarpedLabels_020.nii.gz

--- Done ---

