
--- Running on compute-2-11.local ---


--- registration call ---
/data/jet/pcook/bin/antsBuild/bin/antsRegistrationSyNQuick.sh -d 3 -f data/template/T_template0_BrainCerebellum.nii.gz -m data/Brains/1119_3.nii.gz -t s -p f -n 1 -o /tmp/1971759.1.basic.q/1119_ToTemplate_023_
---


--------------------------------------------------------------------------------------
 Mapping parameters
--------------------------------------------------------------------------------------
 ANTSPATH is /data/jet/pcook/bin/antsBuild/bin/

 Dimensionality:           3
 Output name prefix:       /tmp/1971759.1.basic.q/1119_ToTemplate_023_
 Fixed images:             data/template/T_template0_BrainCerebellum.nii.gz
 Moving images:            data/Brains/1119_3.nii.gz
 Mask images:              
 Initial transforms:       
 Number of threads:        1
 Spline distance:          26
 Transform type:           s
 MI histogram bins:        32
 Precision:                f
 Use histogram matching    0
======================================================================================
 antsRegistration call:
--------------------------------------------------------------------------------------
/data/jet/pcook/bin/antsBuild/bin//antsRegistration --verbose 1 --dimensionality 3 --float 1 --collapse-output-transforms 1 --output [/tmp/1971759.1.basic.q/1119_ToTemplate_023_,/tmp/1971759.1.basic.q/1119_ToTemplate_023_Warped.nii.gz,/tmp/1971759.1.basic.q/1119_ToTemplate_023_InverseWarped.nii.gz] --interpolation Linear --use-histogram-matching 0 --winsorize-image-intensities [0.005,0.995] --initial-moving-transform [data/template/T_template0_BrainCerebellum.nii.gz,data/Brains/1119_3.nii.gz,1] --transform Rigid[0.1] --metric MI[data/template/T_template0_BrainCerebellum.nii.gz,data/Brains/1119_3.nii.gz,1,32,Regular,0.25] --convergence [1000x500x250x0,1e-6,10] --shrink-factors 12x8x4x2 --smoothing-sigmas 4x3x2x1vox --transform Affine[0.1] --metric MI[data/template/T_template0_BrainCerebellum.nii.gz,data/Brains/1119_3.nii.gz,1,32,Regular,0.25] --convergence [1000x500x250x0,1e-6,10] --shrink-factors 12x8x4x2 --smoothing-sigmas 4x3x2x1vox --transform SyN[0.1,3,0] --metric MI[data/template/T_template0_BrainCerebellum.nii.gz,data/Brains/1119_3.nii.gz,1,32] --convergence [100x100x70x50x0,1e-6,10] --shrink-factors 10x6x4x2x1 --smoothing-sigmas 5x3x2x1x0vox
--------------------------------------------------------------------------------------
All_Command_lines_OK
Using single precision for computations.
=============================================================================
The composite transform comprises the following transforms (in order): 
  1. Center of mass alignment using fixed image: data/template/T_template0_BrainCerebellum.nii.gz and moving image: data/Brains/1119_3.nii.gz (type = Euler3DTransform)
=============================================================================
  number of levels = 4
  number of levels = 4
  number of levels = 5
  fixed image: data/template/T_template0_BrainCerebellum.nii.gz
  moving image: data/Brains/1119_3.nii.gz
  fixed image: data/template/T_template0_BrainCerebellum.nii.gz
  moving image: data/Brains/1119_3.nii.gz
  fixed image: data/template/T_template0_BrainCerebellum.nii.gz
  moving image: data/Brains/1119_3.nii.gz
Dimension = 3
Number of stages = 3
Use Histogram Matching false
Winsorize image intensities true
Lower quantile = 0.005
Upper quantile = 0.995
Stage 1 State
   Image metric = Mattes
     Fixed image = Image (0x4a40420)
  RTTI typeinfo:   itk::Image<float, 3u>
  Reference Count: 2
  Modified Time: 1611
  Debug: Off
  Object Name: 
  Observers: 
    none
  Source: (none)
  Source output name: (none)
  Release Data: Off
  Data Released: False
  Global Release Data: Off
  PipelineMTime: 0
  UpdateMTime: 1422
  RealTimeStamp: 0 seconds 
  LargestPossibleRegion: 
    Dimension: 3
    Index: [0, 0, 0]
    Size: [216, 256, 291]
  BufferedRegion: 
    Dimension: 3
    Index: [0, 0, 0]
    Size: [216, 256, 291]
  RequestedRegion: 
    Dimension: 3
    Index: [0, 0, 0]
    Size: [216, 256, 291]
  Spacing: [1, 1, 1]
  Origin: [0, 293, 0]
  Direction: 
1 0 0
0 -0 -1
0 -1 -0

  IndexToPointMatrix: 
1 0 0
0 0 -1
0 -1 0

  PointToIndexMatrix: 
1 0 0
0 0 -1
0 -1 0

  Inverse Direction: 
1 0 0
0 0 -1
0 -1 0

  PixelContainer: 
    ImportImageContainer (0x4a257f0)
      RTTI typeinfo:   itk::ImportImageContainer<unsigned long, float>
      Reference Count: 1
      Modified Time: 1419
      Debug: Off
      Object Name: 
      Observers: 
        none
      Pointer: 0x7f42d4c92010
      Container manages memory: true
      Size: 16091136
      Capacity: 16091136

     Moving image = Image (0x4a40e60)
  RTTI typeinfo:   itk::Image<float, 3u>
  Reference Count: 2
  Modified Time: 1612
  Debug: Off
  Object Name: 
  Observers: 
    none
  Source: (none)
  Source output name: (none)
  Release Data: Off
  Data Released: False
  Global Release Data: Off
  PipelineMTime: 0
  UpdateMTime: 1609
  RealTimeStamp: 0 seconds 
  LargestPossibleRegion: 
    Dimension: 3
    Index: [0, 0, 0]
    Size: [256, 256, 290]
  BufferedRegion: 
    Dimension: 3
    Index: [0, 0, 0]
    Size: [256, 256, 290]
  RequestedRegion: 
    Dimension: 3
    Index: [0, 0, 0]
    Size: [256, 256, 290]
  Spacing: [1, 1, 1]
  Origin: [0, 289, 0]
  Direction: 
1 0 0
0 -0 -1
0 -1 -0

  IndexToPointMatrix: 
1 0 0
0 0 -1
0 -1 0

  PointToIndexMatrix: 
1 0 0
0 0 -1
0 -1 0

  Inverse Direction: 
1 0 0
0 0 -1
0 -1 0

  PixelContainer: 
    ImportImageContainer (0x4a432b0)
      RTTI typeinfo:   itk::ImportImageContainer<unsigned long, float>
      Reference Count: 1
      Modified Time: 1606
      Debug: Off
      Object Name: 
      Observers: 
        none
      Pointer: 0x7f42d0411010
      Container manages memory: true
      Size: 19005440
      Capacity: 19005440

     Weighting = 1
     Sampling strategy = regular
     Number of bins = 32
     Radius = 4
     Sampling percentage  = 0.25
   Transform = Rigid
     Gradient step = 0.1
     Update field sigma (voxel space) = 0
     Total field sigma (voxel space) = 0
     Update field time sigma = 0
     Total field time sigma  = 0
     Number of time indices = 0
     Number of time point samples = 0
Stage 2 State
   Image metric = Mattes
     Fixed image = Image (0x4a4b6c0)
  RTTI typeinfo:   itk::Image<float, 3u>
  Reference Count: 2
  Modified Time: 1987
  Debug: Off
  Object Name: 
  Observers: 
    none
  Source: (none)
  Source output name: (none)
  Release Data: Off
  Data Released: False
  Global Release Data: Off
  PipelineMTime: 0
  UpdateMTime: 1798
  RealTimeStamp: 0 seconds 
  LargestPossibleRegion: 
    Dimension: 3
    Index: [0, 0, 0]
    Size: [216, 256, 291]
  BufferedRegion: 
    Dimension: 3
    Index: [0, 0, 0]
    Size: [216, 256, 291]
  RequestedRegion: 
    Dimension: 3
    Index: [0, 0, 0]
    Size: [216, 256, 291]
  Spacing: [1, 1, 1]
  Origin: [0, 293, 0]
  Direction: 
1 0 0
0 -0 -1
0 -1 -0

  IndexToPointMatrix: 
1 0 0
0 0 -1
0 -1 0

  PointToIndexMatrix: 
1 0 0
0 0 -1
0 -1 0

  Inverse Direction: 
1 0 0
0 0 -1
0 -1 0

  PixelContainer: 
    ImportImageContainer (0x4a4bf60)
      RTTI typeinfo:   itk::ImportImageContainer<unsigned long, float>
      Reference Count: 1
      Modified Time: 1795
      Debug: Off
      Object Name: 
      Observers: 
        none
      Pointer: 0x7f42cc6ae010
      Container manages memory: true
      Size: 16091136
      Capacity: 16091136

     Moving image = Image (0x4a4ba50)
  RTTI typeinfo:   itk::Image<float, 3u>
  Reference Count: 2
  Modified Time: 1988
  Debug: Off
  Object Name: 
  Observers: 
    none
  Source: (none)
  Source output name: (none)
  Release Data: Off
  Data Released: False
  Global Release Data: Off
  PipelineMTime: 0
  UpdateMTime: 1985
  RealTimeStamp: 0 seconds 
  LargestPossibleRegion: 
    Dimension: 3
    Index: [0, 0, 0]
    Size: [256, 256, 290]
  BufferedRegion: 
    Dimension: 3
    Index: [0, 0, 0]
    Size: [256, 256, 290]
  RequestedRegion: 
    Dimension: 3
    Index: [0, 0, 0]
    Size: [256, 256, 290]
  Spacing: [1, 1, 1]
  Origin: [0, 289, 0]
  Direction: 
1 0 0
0 -0 -1
0 -1 -0

  IndexToPointMatrix: 
1 0 0
0 0 -1
0 -1 0

  PointToIndexMatrix: 
1 0 0
0 0 -1
0 -1 0

  Inverse Direction: 
1 0 0
0 0 -1
0 -1 0

  PixelContainer: 
    ImportImageContainer (0x4a4c950)
      RTTI typeinfo:   itk::ImportImageContainer<unsigned long, float>
      Reference Count: 1
      Modified Time: 1982
      Debug: Off
      Object Name: 
      Observers: 
        none
      Pointer: 0x7f42c7e2d010
      Container manages memory: true
      Size: 19005440
      Capacity: 19005440

     Weighting = 1
     Sampling strategy = regular
     Number of bins = 32
     Radius = 4
     Sampling percentage  = 0.25
   Transform = Affine
     Gradient step = 0.1
     Update field sigma (voxel space) = 0
     Total field sigma (voxel space) = 0
     Update field time sigma = 0
     Total field time sigma  = 0
     Number of time indices = 0
     Number of time point samples = 0
Stage 3 State
   Image metric = Mattes
     Fixed image = Image (0x4a527b0)
  RTTI typeinfo:   itk::Image<float, 3u>
  Reference Count: 2
  Modified Time: 2363
  Debug: Off
  Object Name: 
  Observers: 
    none
  Source: (none)
  Source output name: (none)
  Release Data: Off
  Data Released: False
  Global Release Data: Off
  PipelineMTime: 0
  UpdateMTime: 2174
  RealTimeStamp: 0 seconds 
  LargestPossibleRegion: 
    Dimension: 3
    Index: [0, 0, 0]
    Size: [216, 256, 291]
  BufferedRegion: 
    Dimension: 3
    Index: [0, 0, 0]
    Size: [216, 256, 291]
  RequestedRegion: 
    Dimension: 3
    Index: [0, 0, 0]
    Size: [216, 256, 291]
  Spacing: [1, 1, 1]
  Origin: [0, 293, 0]
  Direction: 
1 0 0
0 -0 -1
0 -1 -0

  IndexToPointMatrix: 
1 0 0
0 0 -1
0 -1 0

  PointToIndexMatrix: 
1 0 0
0 0 -1
0 -1 0

  Inverse Direction: 
1 0 0
0 0 -1
0 -1 0

  PixelContainer: 
    ImportImageContainer (0x4a52a40)
      RTTI typeinfo:   itk::ImportImageContainer<unsigned long, float>
      Reference Count: 1
      Modified Time: 2171
      Debug: Off
      Object Name: 
      Observers: 
        none
      Pointer: 0x7f42c40ca010
      Container manages memory: true
      Size: 16091136
      Capacity: 16091136

     Moving image = Image (0x4a551b0)
  RTTI typeinfo:   itk::Image<float, 3u>
  Reference Count: 2
  Modified Time: 2364
  Debug: Off
  Object Name: 
  Observers: 
    none
  Source: (none)
  Source output name: (none)
  Release Data: Off
  Data Released: False
  Global Release Data: Off
  PipelineMTime: 0
  UpdateMTime: 2361
  RealTimeStamp: 0 seconds 
  LargestPossibleRegion: 
    Dimension: 3
    Index: [0, 0, 0]
    Size: [256, 256, 290]
  BufferedRegion: 
    Dimension: 3
    Index: [0, 0, 0]
    Size: [256, 256, 290]
  RequestedRegion: 
    Dimension: 3
    Index: [0, 0, 0]
    Size: [256, 256, 290]
  Spacing: [1, 1, 1]
  Origin: [0, 289, 0]
  Direction: 
1 0 0
0 -0 -1
0 -1 -0

  IndexToPointMatrix: 
1 0 0
0 0 -1
0 -1 0

  PointToIndexMatrix: 
1 0 0
0 0 -1
0 -1 0

  Inverse Direction: 
1 0 0
0 0 -1
0 -1 0

  PixelContainer: 
    ImportImageContainer (0x4a52aa0)
      RTTI typeinfo:   itk::ImportImageContainer<unsigned long, float>
      Reference Count: 1
      Modified Time: 2358
      Debug: Off
      Object Name: 
      Observers: 
        none
      Pointer: 0x7f42bf849010
      Container manages memory: true
      Size: 19005440
      Capacity: 19005440

     Weighting = 1
     Sampling strategy = none
     Number of bins = 32
     Radius = 4
     Sampling percentage  = 1
   Transform = SyN
     Gradient step = 0.1
     Update field sigma (voxel space) = 3
     Total field sigma (voxel space) = 0
     Update field time sigma = 0
     Total field time sigma  = 0
     Number of time indices = 0
     Number of time point samples = 0
Registration using 3 total stages.

Stage 0
  iterations = 1000x500x250x0
  convergence threshold = 1e-06
  convergence window size = 10
  number of levels = 4
  using the Mattes MI metric (number of bins = 32, weight = 1)
  preprocessing:  winsorizing the image intensities
  Shrink factors (level 1 out of 4): [12, 12, 12]
  Shrink factors (level 2 out of 4): [8, 8, 8]
  Shrink factors (level 3 out of 4): [4, 4, 4]
  Shrink factors (level 4 out of 4): [2, 2, 2]
  smoothing sigmas per level: [4, 3, 2, 1]
  regular sampling (percentage = 0.25)

*** Running Euler3DTransform registration ***

DIAGNOSTIC,Iteration,metricValue,convergenceValue,ITERATION_TIME_INDEX,SINCE_LAST
 2DIAGNOSTIC,     1, -4.081743955612e-01, inf, 1.7651e+01, 1.7651e+01, 
 2DIAGNOSTIC,     2, -4.087221920490e-01, inf, 1.7661e+01, 1.0731e-02, 
 2DIAGNOSTIC,     3, -4.092627465725e-01, inf, 1.7672e+01, 1.0554e-02, 
 2DIAGNOSTIC,     4, -4.098959267139e-01, inf, 1.7682e+01, 1.0560e-02, 
 2DIAGNOSTIC,     5, -4.101110100746e-01, inf, 1.7693e+01, 1.0472e-02, 
 2DIAGNOSTIC,     6, -4.106799662113e-01, inf, 1.7705e+01, 1.2449e-02, 
 2DIAGNOSTIC,     7, -4.116804897785e-01, inf, 1.7718e+01, 1.3121e-02, 
 2DIAGNOSTIC,     8, -4.107429683208e-01, inf, 1.7733e+01, 1.4380e-02, 
 2DIAGNOSTIC,     9, -4.109029471874e-01, inf, 1.7746e+01, 1.2852e-02, 
 2DIAGNOSTIC,    10, -4.133076667786e-01, 6.268435972743e-04, 1.7757e+01, 1.1407e-02, 
 2DIAGNOSTIC,    11, -4.137645065784e-01, 6.158992182463e-04, 1.7770e+01, 1.2680e-02, 
 2DIAGNOSTIC,    12, -4.136375784874e-01, 5.760587519035e-04, 1.7782e+01, 1.2592e-02, 
 2DIAGNOSTIC,    13, -4.135744571686e-01, 5.188787472434e-04, 1.7794e+01, 1.1129e-02, 
 2DIAGNOSTIC,    14, -4.142639935017e-01, 4.890697309747e-04, 1.7808e+01, 1.4651e-02, 
 2DIAGNOSTIC,    15, -4.154584705830e-01, 4.797325236723e-04, 1.7823e+01, 1.4432e-02, 
 2DIAGNOSTIC,    16, -4.154913425446e-01, 4.502824740484e-04, 1.7835e+01, 1.2694e-02, 
 2DIAGNOSTIC,    17, -4.155359566212e-01, 4.292670346331e-04, 1.7846e+01, 1.1043e-02, 
 2DIAGNOSTIC,    18, -4.158120155334e-01, 3.476862912066e-04, 1.7859e+01, 1.2698e-02, 
 2DIAGNOSTIC,    19, -4.158675074577e-01, 2.473353524692e-04, 1.7870e+01, 1.0973e-02, 
 2DIAGNOSTIC,    20, -4.162315726280e-01, 2.283805079060e-04, 1.7886e+01, 1.5976e-02, 
 2DIAGNOSTIC,    21, -4.163418710232e-01, 2.088386827381e-04, 1.7899e+01, 1.2582e-02, 
 2DIAGNOSTIC,    22, -4.162322580814e-01, 1.652747305343e-04, 1.7911e+01, 1.2553e-02, 
 2DIAGNOSTIC,    23, -4.161117076874e-01, 1.047289842973e-04, 1.7922e+01, 1.0878e-02, 
 2DIAGNOSTIC,    24, -4.161222875118e-01, 5.870971290278e-05, 1.7933e+01, 1.0862e-02, 
 2DIAGNOSTIC,    25, -4.161294698715e-01, 4.388811430545e-05, 1.7944e+01, 1.0890e-02, 
 2DIAGNOSTIC,    26, -4.161405563354e-01, 2.731944368861e-05, 1.7956e+01, 1.2531e-02, 
 2DIAGNOSTIC,    27, -4.164287745953e-01, 1.801284270186e-05, 1.7975e+01, 1.9013e-02, 
 2DIAGNOSTIC,    28, -4.164377450943e-01, 1.475806402595e-05, 1.7986e+01, 1.0856e-02, 
 2DIAGNOSTIC,    29, -4.164414703846e-01, 1.167438676930e-05, 1.7997e+01, 1.0845e-02, 
 2DIAGNOSTIC,    30, -4.164465367794e-01, 1.620322836970e-05, 1.8010e+01, 1.2540e-02, 
 2DIAGNOSTIC,    31, -4.164490401745e-01, 2.151740773115e-05, 1.8024e+01, 1.4145e-02, 
 2DIAGNOSTIC,    32, -4.165920317173e-01, 2.524697083572e-05, 1.8036e+01, 1.2507e-02, 
 2DIAGNOSTIC,    33, -4.164536297321e-01, 2.095505806210e-05, 1.8049e+01, 1.2537e-02, 
 2DIAGNOSTIC,    34, -4.165956676006e-01, 1.830639484979e-05, 1.8063e+01, 1.4171e-02, 
 2DIAGNOSTIC,    35, -4.165968894958e-01, 1.432090175513e-05, 1.8075e+01, 1.2535e-02, 
 2DIAGNOSTIC,    36, -4.165978133678e-01, 9.335341019323e-06, 1.8088e+01, 1.2513e-02, 
 2DIAGNOSTIC,    37, -4.165990352631e-01, 9.187451723847e-06, 1.8099e+01, 1.0867e-02, 
 2DIAGNOSTIC,    38, -4.166010916233e-01, 8.476389666612e-06, 1.8113e+01, 1.4180e-02, 
 2DIAGNOSTIC,    39, -4.166019856930e-01, 7.161059329519e-06, 1.8126e+01, 1.2570e-02, 
 2DIAGNOSTIC,    40, -4.166030883789e-01, 5.393260380515e-06, 1.8140e+01, 1.4150e-02, 
 2DIAGNOSTIC,    41, -4.166042804718e-01, 3.277606992924e-06, 1.8152e+01, 1.2540e-02, 
 2DIAGNOSTIC,    42, -4.166048765182e-01, 3.460468178673e-06, 1.8165e+01, 1.2511e-02, 
 2DIAGNOSTIC,    43, -4.166046679020e-01, 1.102735382119e-06, 1.8176e+01, 1.0845e-02, 
 2DIAGNOSTIC,    44, -4.166057109833e-01, 1.046778038472e-06, 1.8190e+01, 1.4150e-02, 
DIAGNOSTIC,Iteration,metricValue,convergenceValue,ITERATION_TIME_INDEX,SINCE_LAST
 2DIAGNOSTIC,     1, -3.627527654171e-01, inf, 3.1987e+01, 1.3797e+01, 
 2DIAGNOSTIC,     2, -3.633350729942e-01, inf, 3.2040e+01, 5.3395e-02, 
 2DIAGNOSTIC,     3, -3.639646172523e-01, inf, 3.2093e+01, 5.3351e-02, 
 2DIAGNOSTIC,     4, -3.648491501808e-01, inf, 3.2157e+01, 6.3207e-02, 
 2DIAGNOSTIC,     5, -3.659211397171e-01, inf, 3.2220e+01, 6.2979e-02, 
 2DIAGNOSTIC,     6, -3.662574589252e-01, inf, 3.2283e+01, 6.3213e-02, 
 2DIAGNOSTIC,     7, -3.664235770702e-01, inf, 3.2336e+01, 5.3584e-02, 
 2DIAGNOSTIC,     8, -3.664710223675e-01, inf, 3.2400e+01, 6.3408e-02, 
 2DIAGNOSTIC,     9, -3.665521144867e-01, inf, 3.2464e+01, 6.3781e-02, 
 2DIAGNOSTIC,    10, -3.666114509106e-01, 7.204478606582e-04, 3.2518e+01, 5.4127e-02, 
 2DIAGNOSTIC,    11, -3.667447865009e-01, 5.120758432895e-04, 3.2582e+01, 6.4112e-02, 
 2DIAGNOSTIC,    12, -3.668764233589e-01, 3.394147497602e-04, 3.2646e+01, 6.4164e-02, 
 2DIAGNOSTIC,    13, -3.668591976166e-01, 1.990268065128e-04, 3.2710e+01, 6.4514e-02, 
 2DIAGNOSTIC,    14, -3.668386340141e-01, 1.076665721484e-04, 3.2774e+01, 6.3671e-02, 
 2DIAGNOSTIC,    15, -3.668946027756e-01, 7.700455171289e-05, 3.2828e+01, 5.3876e-02, 
 2DIAGNOSTIC,    16, -3.669747114182e-01, 6.314949132502e-05, 3.2892e+01, 6.3687e-02, 
 2DIAGNOSTIC,    17, -3.669908344746e-01, 5.344128658180e-05, 3.2966e+01, 7.3830e-02, 
 2DIAGNOSTIC,    18, -3.669933974743e-01, 4.228896796121e-05, 3.3019e+01, 5.3837e-02, 
 2DIAGNOSTIC,    19, -3.669982254505e-01, 3.222072700737e-05, 3.3083e+01, 6.3512e-02, 
 2DIAGNOSTIC,    20, -3.670050501823e-01, 2.275490078318e-05, 3.3137e+01, 5.3816e-02, 
 2DIAGNOSTIC,    21, -3.669459521770e-01, 1.474268992752e-05, 3.3191e+01, 5.4015e-02, 
 2DIAGNOSTIC,    22, -3.669635057449e-01, 1.157449969469e-05, 3.3254e+01, 6.3575e-02, 
 2DIAGNOSTIC,    23, -3.670036196709e-01, 8.552702638553e-06, 3.3328e+01, 7.3632e-02, 
 2DIAGNOSTIC,    24, -3.670143783092e-01, 4.717100637208e-06, 3.3402e+01, 7.3979e-02, 
 2DIAGNOSTIC,    25, -3.670181035995e-01, 2.676562644410e-06, 3.3457e+01, 5.4647e-02, 
 2DIAGNOSTIC,    26, -3.670227825642e-01, 3.228245759601e-06, 3.3510e+01, 5.3930e-02, 
 2DIAGNOSTIC,    27, -3.670345544815e-01, 4.350660674390e-06, 3.3564e+01, 5.3829e-02, 
 2DIAGNOSTIC,    28, -3.670498728752e-01, 5.533089733945e-06, 3.3628e+01, 6.3694e-02, 
 2DIAGNOSTIC,    29, -3.670612573624e-01, 6.620628937526e-06, 3.3692e+01, 6.4163e-02, 
 2DIAGNOSTIC,    30, -3.670875728130e-01, 8.034648999455e-06, 3.3766e+01, 7.3539e-02, 
 2DIAGNOSTIC,    31, -3.670834302902e-01, 7.106387329259e-06, 3.3819e+01, 5.3804e-02, 
 2DIAGNOSTIC,    32, -3.670636117458e-01, 5.590566161118e-06, 3.3883e+01, 6.3485e-02, 
 2DIAGNOSTIC,    33, -3.671891987324e-01, 7.634534085810e-06, 3.3966e+01, 8.2847e-02, 
 2DIAGNOSTIC,    34, -3.672074377537e-01, 9.492669050815e-06, 3.4020e+01, 5.3748e-02, 
 2DIAGNOSTIC,    35, -3.673196136951e-01, 1.300917574554e-05, 3.4074e+01, 5.4036e-02, 
 2DIAGNOSTIC,    36, -3.676587939262e-01, 2.256602601847e-05, 3.4137e+01, 6.3723e-02, 
 2DIAGNOSTIC,    37, -3.676989376545e-01, 3.046067467949e-05, 3.4201e+01, 6.3848e-02, 
 2DIAGNOSTIC,    38, -3.679367005825e-01, 4.033448931295e-05, 3.4255e+01, 5.3887e-02, 
 2DIAGNOSTIC,    39, -3.680846095085e-01, 4.903980880044e-05, 3.4319e+01, 6.3989e-02, 
 2DIAGNOSTIC,    40, -3.684014081955e-01, 5.931739360676e-05, 3.4393e+01, 7.4145e-02, 
 2DIAGNOSTIC,    41, -3.683769404888e-01, 6.282863614615e-05, 3.4457e+01, 6.4143e-02, 
 2DIAGNOSTIC,    42, -3.688368499279e-01, 6.841126014479e-05, 3.4521e+01, 6.4127e-02, 
 2DIAGNOSTIC,    43, -3.688489794731e-01, 6.963192572584e-05, 3.4604e+01, 8.2854e-02, 
 2DIAGNOSTIC,    44, -3.688498437405e-01, 6.457935523940e-05, 3.4658e+01, 5.3634e-02, 
 2DIAGNOSTIC,    45, -3.688503205776e-01, 5.552412403631e-05, 3.4721e+01, 6.3265e-02, 
 2DIAGNOSTIC,    46, -3.688516914845e-01, 4.738427742268e-05, 3.4785e+01, 6.3663e-02, 
 2DIAGNOSTIC,    47, -3.688526451588e-01, 3.567523526726e-05, 3.4838e+01, 5.3527e-02, 
 2DIAGNOSTIC,    48, -3.688543736935e-01, 2.492386192898e-05, 3.4892e+01, 5.3558e-02, 
 2DIAGNOSTIC,    49, -3.688573241234e-01, 1.464203342039e-05, 3.4945e+01, 5.3474e-02, 
 2DIAGNOSTIC,    50, -3.688625991344e-01, 8.517993592250e-06, 3.5057e+01, 1.1127e-01, 
 2DIAGNOSTIC,    51, -3.688627481461e-01, 1.311103119406e-06, 3.5130e+01, 7.3194e-02, 
 2DIAGNOSTIC,    52, -3.688627481461e-01, 1.158971031145e-06, 3.5194e+01, 6.3744e-02, 
 2DIAGNOSTIC,    53, -3.688626289368e-01, 1.136432501880e-06, 3.5258e+01, 6.4037e-02, 
 2DIAGNOSTIC,    54, -3.688628971577e-01, 1.078998479898e-06, 3.5311e+01, 5.3699e-02, 
DIAGNOSTIC,Iteration,metricValue,convergenceValue,ITERATION_TIME_INDEX,SINCE_LAST
 2DIAGNOSTIC,     1, -3.073889613152e-01, inf, 4.4042e+01, 8.7303e+00, 
 2DIAGNOSTIC,     2, -3.076797425747e-01, inf, 4.4471e+01, 4.2900e-01, 
 2DIAGNOSTIC,     3, -3.079135417938e-01, inf, 4.4898e+01, 4.2715e-01, 
 2DIAGNOSTIC,     4, -3.080403208733e-01, inf, 4.5327e+01, 4.2908e-01, 
 2DIAGNOSTIC,     5, -3.081621825695e-01, inf, 4.5755e+01, 4.2852e-01, 
 2DIAGNOSTIC,     6, -3.083274662495e-01, inf, 4.6519e+01, 7.6339e-01, 
 2DIAGNOSTIC,     7, -3.083308339119e-01, inf, 4.7031e+01, 5.1201e-01, 
 2DIAGNOSTIC,     8, -3.083295524120e-01, inf, 4.7627e+01, 5.9606e-01, 
 2DIAGNOSTIC,     9, -3.083246946335e-01, inf, 4.8139e+01, 5.1207e-01, 
 2DIAGNOSTIC,    10, -3.083229064941e-01, 1.832930720411e-04, 4.8567e+01, 4.2771e-01, 
 2DIAGNOSTIC,    11, -3.083254694939e-01, 1.103750182665e-04, 4.9080e+01, 5.1381e-01, 
 2DIAGNOSTIC,    12, -3.083272576332e-01, 6.215975736268e-05, 4.9510e+01, 4.2949e-01, 
 2DIAGNOSTIC,    13, -3.083269000053e-01, 3.259268851252e-05, 5.0023e+01, 5.1348e-01, 
 2DIAGNOSTIC,    14, -3.083267807961e-01, 1.277394767385e-05, 5.0619e+01, 5.9549e-01, 
 2DIAGNOSTIC,    15, -3.083218038082e-01, 1.541017695672e-06, 5.1131e+01, 5.1215e-01, 
 2DIAGNOSTIC,    16, -3.083199858665e-01, 1.182605046779e-06, 5.1643e+01, 5.1184e-01, 
 2DIAGNOSTIC,    17, -3.083184957504e-01, 1.037089646161e-06, 5.2072e+01, 4.2879e-01, 
DIAGNOSTIC,Iteration,metricValue,convergenceValue,ITERATION_TIME_INDEX,SINCE_LAST
 2DIAGNOSTIC,     1, -2.671075463295e-01, inf, 6.0461e+01, 8.3891e+00, 
  Elapsed time (stage 0): 6.2253e+01


Stage 1
  iterations = 1000x500x250x0
  convergence threshold = 1.0000e-06
  convergence window size = 10
  number of levels = 4
  using the Mattes MI metric (number of bins = 32, weight = 1.0000e+00)
  preprocessing:  winsorizing the image intensities
  Shrink factors (level 1 out of 4): [12, 12, 12]
  Shrink factors (level 2 out of 4): [8, 8, 8]
  Shrink factors (level 3 out of 4): [4, 4, 4]
  Shrink factors (level 4 out of 4): [2, 2, 2]
  smoothing sigmas per level: [4, 3, 2, 1]
  regular sampling (percentage = 2.5000e-01)

*** Running AffineTransform registration ***

DIAGNOSTIC,Iteration,metricValue,convergenceValue,ITERATION_TIME_INDEX,SINCE_LAST
 2DIAGNOSTIC,     1, -4.298210144043e-01, inf, 1.7615e+01, 1.7615e+01, 
 2DIAGNOSTIC,     2, -4.303940534592e-01, inf, 1.7632e+01, 1.6091e-02, 
 2DIAGNOSTIC,     3, -4.312442243099e-01, inf, 1.7646e+01, 1.4099e-02, 
 2DIAGNOSTIC,     4, -4.319198131561e-01, inf, 1.7660e+01, 1.4078e-02, 
 2DIAGNOSTIC,     5, -4.335502684116e-01, inf, 1.7674e+01, 1.4178e-02, 
 2DIAGNOSTIC,     6, -4.370011985302e-01, inf, 1.7690e+01, 1.6149e-02, 
 2DIAGNOSTIC,     7, -4.401002824306e-01, inf, 1.7707e+01, 1.6957e-02, 
 2DIAGNOSTIC,     8, -4.412933886051e-01, inf, 1.7722e+01, 1.4729e-02, 
 2DIAGNOSTIC,     9, -4.460176527500e-01, inf, 1.7738e+01, 1.6385e-02, 
 2DIAGNOSTIC,    10, -4.511778652668e-01, 3.022381570190e-03, 1.7755e+01, 1.7225e-02, 
 2DIAGNOSTIC,    11, -4.562666714191e-01, 3.376118140295e-03, 1.7773e+01, 1.7703e-02, 
 2DIAGNOSTIC,    12, -4.585821926594e-01, 3.517570206895e-03, 1.7791e+01, 1.7598e-02, 
 2DIAGNOSTIC,    13, -4.621099531651e-01, 3.538705175743e-03, 1.7810e+01, 1.9020e-02, 
 2DIAGNOSTIC,    14, -4.652335345745e-01, 3.406440373510e-03, 1.7825e+01, 1.5084e-02, 
 2DIAGNOSTIC,    15, -4.673113524914e-01, 3.132161218673e-03, 1.7840e+01, 1.5044e-02, 
 2DIAGNOSTIC,    16, -4.684104025364e-01, 2.785031683743e-03, 1.7857e+01, 1.6884e-02, 
 2DIAGNOSTIC,    17, -4.693620502949e-01, 2.378896344453e-03, 1.7875e+01, 1.8623e-02, 
 2DIAGNOSTIC,    18, -4.719599485397e-01, 1.931683975272e-03, 1.7890e+01, 1.5017e-02, 
 2DIAGNOSTIC,    19, -4.728482067585e-01, 1.535946270451e-03, 1.7909e+01, 1.8315e-02, 
 2DIAGNOSTIC,    20, -4.730654060841e-01, 1.205652370118e-03, 1.7923e+01, 1.4427e-02, 
 2DIAGNOSTIC,    21, -4.734368026257e-01, 9.607493411750e-04, 1.7938e+01, 1.4839e-02, 
 2DIAGNOSTIC,    22, -4.739662408829e-01, 7.291295332834e-04, 1.7953e+01, 1.4963e-02, 
 2DIAGNOSTIC,    23, -4.744109511375e-01, 5.556386313401e-04, 1.7973e+01, 2.0028e-02, 
 2DIAGNOSTIC,    24, -4.746018052101e-01, 4.300190485083e-04, 1.8017e+01, 4.4125e-02, 
 2DIAGNOSTIC,    25, -4.746015369892e-01, 3.269825538155e-04, 1.8032e+01, 1.4839e-02, 
 2DIAGNOSTIC,    26, -4.746018052101e-01, 2.283406647621e-04, 1.8048e+01, 1.6476e-02, 
 2DIAGNOSTIC,    27, -4.746022522449e-01, 1.362235634588e-04, 1.8065e+01, 1.6433e-02, 
 2DIAGNOSTIC,    28, -4.746028780937e-01, 9.515630517853e-05, 1.8081e+01, 1.6190e-02, 
 2DIAGNOSTIC,    29, -4.746032059193e-01, 6.717428914271e-05, 1.8098e+01, 1.6635e-02, 
 2DIAGNOSTIC,    30, -4.746039807796e-01, 3.942436160287e-05, 1.8114e+01, 1.6539e-02, 
 2DIAGNOSTIC,    31, -4.746047556400e-01, 1.718323983368e-05, 1.8129e+01, 1.4632e-02, 
 2DIAGNOSTIC,    32, -4.746063649654e-01, 4.892513516097e-06, 1.8144e+01, 1.4740e-02, 
 2DIAGNOSTIC,    33, -4.746088385582e-01, 1.257977601199e-06, 1.8158e+01, 1.4895e-02, 
 2DIAGNOSTIC,    34, -4.746132194996e-01, 1.356482357551e-06, 1.8173e+01, 1.5058e-02, 
 2DIAGNOSTIC,    35, -4.746198356152e-01, 1.522115667285e-06, 1.8188e+01, 1.4685e-02, 
 2DIAGNOSTIC,    36, -4.746315181255e-01, 1.824682158258e-06, 1.8203e+01, 1.4693e-02, 
DIAGNOSTIC,Iteration,metricValue,convergenceValue,ITERATION_TIME_INDEX,SINCE_LAST
 2DIAGNOSTIC,     1, -3.998973369598e-01, inf, 3.1689e+01, 1.3486e+01, 
 2DIAGNOSTIC,     2, -4.012956023216e-01, inf, 3.1756e+01, 6.7051e-02, 
 2DIAGNOSTIC,     3, -4.027721285820e-01, inf, 3.1822e+01, 6.6522e-02, 
 2DIAGNOSTIC,     4, -4.041761159897e-01, inf, 3.1888e+01, 6.5807e-02, 
 2DIAGNOSTIC,     5, -4.057751595974e-01, inf, 3.1954e+01, 6.5967e-02, 
 2DIAGNOSTIC,     6, -4.071693122387e-01, inf, 3.2020e+01, 6.6007e-02, 
 2DIAGNOSTIC,     7, -4.094139337540e-01, inf, 3.2127e+01, 1.0745e-01, 
 2DIAGNOSTIC,     8, -4.095290005207e-01, inf, 3.2233e+01, 1.0552e-01, 
 2DIAGNOSTIC,     9, -4.095765650272e-01, inf, 3.2298e+01, 6.5474e-02, 
 2DIAGNOSTIC,    10, -4.098664522171e-01, 1.727080903947e-03, 3.2365e+01, 6.6946e-02, 
 2DIAGNOSTIC,    11, -4.102191329002e-01, 1.340514514595e-03, 3.2433e+01, 6.7141e-02, 
 2DIAGNOSTIC,    12, -4.105249941349e-01, 9.954523993656e-04, 3.2499e+01, 6.6192e-02, 
 2DIAGNOSTIC,    13, -4.107109010220e-01, 7.031825371087e-04, 3.2565e+01, 6.5784e-02, 
 2DIAGNOSTIC,    14, -4.110011160374e-01, 4.743084718939e-04, 3.2631e+01, 6.6291e-02, 
 2DIAGNOSTIC,    15, -4.114643633366e-01, 3.281410608906e-04, 3.2697e+01, 6.6282e-02, 
 2DIAGNOSTIC,    16, -4.122430384159e-01, 2.617836289573e-04, 3.2765e+01, 6.7470e-02, 
 2DIAGNOSTIC,    17, -4.143760800362e-01, 3.579268523026e-04, 3.2861e+01, 9.6349e-02, 
 2DIAGNOSTIC,    18, -4.145473837852e-01, 4.198229871690e-04, 3.2927e+01, 6.6047e-02, 
 2DIAGNOSTIC,    19, -4.148390293121e-01, 4.497874761000e-04, 3.3023e+01, 9.5946e-02, 
 2DIAGNOSTIC,    20, -4.151904881001e-01, 4.578177176882e-04, 3.3101e+01, 7.8426e-02, 
 2DIAGNOSTIC,    21, -4.152684211731e-01, 4.358898731880e-04, 3.3167e+01, 6.5968e-02, 
 2DIAGNOSTIC,    22, -4.153560698032e-01, 3.870014043059e-04, 3.3233e+01, 6.5938e-02, 
 2DIAGNOSTIC,    23, -4.159260392189e-01, 3.291920875199e-04, 3.3320e+01, 8.6568e-02, 
 2DIAGNOSTIC,    24, -4.163055121899e-01, 2.651654649526e-04, 3.3436e+01, 1.1641e-01, 
 2DIAGNOSTIC,    25, -4.163194596767e-01, 1.946849952219e-04, 3.3503e+01, 6.6346e-02, 
 2DIAGNOSTIC,    26, -4.163945615292e-01, 1.330716040684e-04, 3.3570e+01, 6.6988e-02, 
 2DIAGNOSTIC,    27, -4.164725542068e-01, 1.204185828101e-04, 3.3635e+01, 6.5836e-02, 
 2DIAGNOSTIC,    28, -4.165860712528e-01, 1.040923889377e-04, 3.3711e+01, 7.5722e-02, 
 2DIAGNOSTIC,    29, -4.166938960552e-01, 8.829039143166e-05, 3.3778e+01, 6.6683e-02, 
 2DIAGNOSTIC,    30, -4.167232215405e-01, 7.421238115057e-05, 3.3854e+01, 7.6587e-02, 
 2DIAGNOSTIC,    31, -4.167702496052e-01, 5.716590021621e-05, 3.3921e+01, 6.7097e-02, 
 2DIAGNOSTIC,    32, -4.167121946812e-01, 3.624324017437e-05, 3.4019e+01, 9.7214e-02, 
 2DIAGNOSTIC,    33, -4.167280495167e-01, 2.531070458645e-05, 3.4086e+01, 6.7107e-02, 
 2DIAGNOSTIC,    34, -4.167344570160e-01, 2.052526906482e-05, 3.4162e+01, 7.6616e-02, 
 2DIAGNOSTIC,    35, -4.167377352715e-01, 1.446851001674e-05, 3.4229e+01, 6.6824e-02, 
 2DIAGNOSTIC,    36, -4.167429804802e-01, 9.010195753945e-06, 3.4306e+01, 7.6695e-02, 
 2DIAGNOSTIC,    37, -4.167440235615e-01, 4.535455445875e-06, 3.4373e+01, 6.6679e-02, 
 2DIAGNOSTIC,    38, -4.167482256889e-01, 2.047583393505e-06, 3.4470e+01, 9.7307e-02, 
 2DIAGNOSTIC,    39, -4.167500734329e-01, 1.485212351326e-06, 3.4538e+01, 6.8429e-02, 
 2DIAGNOSTIC,    40, -4.167511463165e-01, 1.379036234539e-06, 3.4615e+01, 7.6684e-02, 
 2DIAGNOSTIC,    41, -4.167526960373e-01, 2.070724576697e-06, 3.4682e+01, 6.6597e-02, 
 2DIAGNOSTIC,    42, -4.167546927929e-01, 1.681625917627e-06, 3.4748e+01, 6.6609e-02, 
 2DIAGNOSTIC,    43, -4.167594611645e-01, 1.550514298287e-06, 3.4824e+01, 7.5620e-02, 
 2DIAGNOSTIC,    44, -4.168015122414e-01, 2.103657834596e-06, 3.4901e+01, 7.7057e-02, 
 2DIAGNOSTIC,    45, -4.167632758617e-01, 1.947849796125e-06, 3.4998e+01, 9.6778e-02, 
 2DIAGNOSTIC,    46, -4.168058335781e-01, 2.420463260933e-06, 3.5083e+01, 8.5734e-02, 
 2DIAGNOSTIC,    47, -4.168059825897e-01, 2.708763759074e-06, 3.5159e+01, 7.5876e-02, 
 2DIAGNOSTIC,    48, -4.168057441711e-01, 2.842271896952e-06, 3.5235e+01, 7.5539e-02, 
 2DIAGNOSTIC,    49, -4.168055951595e-01, 2.787768607959e-06, 3.5310e+01, 7.5601e-02, 
 2DIAGNOSTIC,    50, -4.168056845665e-01, 2.552274736445e-06, 3.5386e+01, 7.5949e-02, 
 2DIAGNOSTIC,    51, -4.168060421944e-01, 2.169919753214e-06, 3.5462e+01, 7.5896e-02, 
 2DIAGNOSTIC,    52, -4.168061614037e-01, 1.676831857367e-06, 3.5538e+01, 7.5962e-02, 
 2DIAGNOSTIC,    53, -4.168061316013e-01, 1.149593686023e-06, 3.5614e+01, 7.5730e-02, 
 2DIAGNOSTIC,    54, -4.168063998222e-01, 1.148511955762e-06, 3.5690e+01, 7.5790e-02, 
DIAGNOSTIC,Iteration,metricValue,convergenceValue,ITERATION_TIME_INDEX,SINCE_LAST
 2DIAGNOSTIC,     1, -3.433375060558e-01, inf, 4.4579e+01, 8.8891e+00, 
 2DIAGNOSTIC,     2, -3.436028063297e-01, inf, 4.5110e+01, 5.3104e-01, 
 2DIAGNOSTIC,     3, -3.439994156361e-01, inf, 4.5647e+01, 5.3672e-01, 
 2DIAGNOSTIC,     4, -3.444934487343e-01, inf, 4.6184e+01, 5.3727e-01, 
 2DIAGNOSTIC,     5, -3.448341190815e-01, inf, 4.6723e+01, 5.3894e-01, 
 2DIAGNOSTIC,     6, -3.452445268631e-01, inf, 4.7261e+01, 5.3803e-01, 
 2DIAGNOSTIC,     7, -3.456055223942e-01, inf, 4.7886e+01, 6.2508e-01, 
 2DIAGNOSTIC,     8, -3.457984924316e-01, inf, 4.8599e+01, 7.1276e-01, 
 2DIAGNOSTIC,     9, -3.459639549255e-01, inf, 4.9140e+01, 5.4153e-01, 
 2DIAGNOSTIC,    10, -3.462343215942e-01, 5.643039476126e-04, 4.9853e+01, 7.1311e-01, 
 2DIAGNOSTIC,    11, -3.467522263527e-01, 5.003628903069e-04, 5.0474e+01, 6.2080e-01, 
 2DIAGNOSTIC,    12, -3.468588292599e-01, 4.268717893865e-04, 5.1013e+01, 5.3876e-01, 
 2DIAGNOSTIC,    13, -3.469406664371e-01, 3.566652012523e-04, 5.1549e+01, 5.3647e-01, 
 2DIAGNOSTIC,    14, -3.470785915852e-01, 3.017256676685e-04, 5.2084e+01, 5.3456e-01, 
 2DIAGNOSTIC,    15, -3.472185730934e-01, 2.524670271669e-04, 5.2874e+01, 7.8964e-01, 
 2DIAGNOSTIC,    16, -3.472994565964e-01, 2.108368498739e-04, 5.3412e+01, 5.3876e-01, 
 2DIAGNOSTIC,    17, -3.473670184612e-01, 1.755464472808e-04, 5.4126e+01, 7.1385e-01, 
 2DIAGNOSTIC,    18, -3.473959863186e-01, 1.385581854265e-04, 5.4836e+01, 7.0945e-01, 
 2DIAGNOSTIC,    19, -3.473972380161e-01, 9.994473657571e-05, 5.5454e+01, 6.1853e-01, 
 2DIAGNOSTIC,    20, -3.473970890045e-01, 6.660025246674e-05, 5.6076e+01, 6.2175e-01, 
 2DIAGNOSTIC,    21, -3.473992347717e-01, 5.066681478638e-05, 5.6609e+01, 5.3334e-01, 
 2DIAGNOSTIC,    22, -3.474036157131e-01, 3.574103175197e-05, 5.7148e+01, 5.3862e-01, 
 2DIAGNOSTIC,    23, -3.474218249321e-01, 2.241637412226e-05, 5.7685e+01, 5.3714e-01, 
 2DIAGNOSTIC,    24, -3.474643528461e-01, 1.432057797501e-05, 5.8222e+01, 5.3746e-01, 
 2DIAGNOSTIC,    25, -3.475332558155e-01, 1.244701979886e-05, 5.8761e+01, 5.3845e-01, 
 2DIAGNOSTIC,    26, -3.476094007492e-01, 1.453531058360e-05, 5.9295e+01, 5.3378e-01, 
 2DIAGNOSTIC,    27, -3.478392064571e-01, 2.420072451059e-05, 6.0442e+01, 1.1471e+00, 
 2DIAGNOSTIC,    28, -3.478369712830e-01, 3.163838482578e-05, 6.1060e+01, 6.1831e-01, 
 2DIAGNOSTIC,    29, -3.478404283524e-01, 3.590288179112e-05, 6.1597e+01, 5.3733e-01, 
 2DIAGNOSTIC,    30, -3.478393554688e-01, 3.662121889647e-05, 6.2316e+01, 7.1812e-01, 
 2DIAGNOSTIC,    31, -3.478406369686e-01, 3.397632463020e-05, 6.2939e+01, 6.2301e-01, 
 2DIAGNOSTIC,    32, -3.478372097015e-01, 2.832244899764e-05, 6.3562e+01, 6.2312e-01, 
 2DIAGNOSTIC,    33, -3.478338420391e-01, 2.079226942442e-05, 6.4099e+01, 5.3726e-01, 
 2DIAGNOSTIC,    34, -3.478334844112e-01, 1.290677937504e-05, 6.4635e+01, 5.3602e-01, 
 2DIAGNOSTIC,    35, -3.478351831436e-01, 6.000444955134e-06, 6.5163e+01, 5.2806e-01, 
DIAGNOSTIC,Iteration,metricValue,convergenceValue,ITERATION_TIME_INDEX,SINCE_LAST
 2DIAGNOSTIC,     1, -2.956677973270e-01, inf, 7.4542e+01, 9.3795e+00, 
  Elapsed time (stage 1): 7.6320e+01


Stage 2
  iterations = 100x100x70x50x0
  convergence threshold = 1.0000e-06
  convergence window size = 10
  number of levels = 5
  using the Mattes MI metric (number of bins = 32, weight = 1.0000e+00)
  preprocessing:  winsorizing the image intensities
  Shrink factors (level 1 out of 5): [10, 10, 10]
  Shrink factors (level 2 out of 5): [6, 6, 6]
  Shrink factors (level 3 out of 5): [4, 4, 4]
  Shrink factors (level 4 out of 5): [2, 2, 2]
  Shrink factors (level 5 out of 5): [1, 1, 1]
  smoothing sigmas per level: [5, 3, 2, 1, 0]
  Using default NONE metricSamplingStrategy 

*** Running SyN registration (varianceForUpdateField = 3.0000e+00, varianceForTotalField = 0.0000e+00) ***

XXDIAGNOSTIC,Iteration,metricValue,convergenceValue,ITERATION_TIME_INDEX,SINCE_LAST
 1DIAGNOSTIC,     1, -4.812816381454e-01, inf, 3.1230e+01, 3.1230e+01, 
 1DIAGNOSTIC,     2, -4.937645792961e-01, inf, 3.1382e+01, 1.5238e-01, 
 1DIAGNOSTIC,     3, -5.046741366386e-01, inf, 3.1531e+01, 1.4921e-01, 
 1DIAGNOSTIC,     4, -5.091478824615e-01, inf, 3.1680e+01, 1.4905e-01, 
 1DIAGNOSTIC,     5, -5.107903480530e-01, inf, 3.1826e+01, 1.4582e-01, 
 1DIAGNOSTIC,     6, -5.095011591911e-01, inf, 3.1972e+01, 1.4632e-01, 
 1DIAGNOSTIC,     7, -5.078332424164e-01, inf, 3.2118e+01, 1.4603e-01, 
 1DIAGNOSTIC,     8, -5.048220157623e-01, inf, 3.2265e+01, 1.4691e-01, 
 1DIAGNOSTIC,     9, -5.010715723038e-01, inf, 3.2412e+01, 1.4641e-01, 
 1DIAGNOSTIC,    10, -4.989218413830e-01, 1.321893068962e-03, 3.2559e+01, 1.4695e-01, 
 1DIAGNOSTIC,    11, -4.961465001106e-01, -5.830104346387e-04, 3.2706e+01, 1.4715e-01, 
XXDIAGNOSTIC,Iteration,metricValue,convergenceValue,ITERATION_TIME_INDEX,SINCE_LAST
 1DIAGNOSTIC,     1, -3.940343260765e-01, inf, 4.6537e+01, 1.3831e+01, 
 1DIAGNOSTIC,     2, -3.959666490555e-01, inf, 4.7112e+01, 5.7508e-01, 
 1DIAGNOSTIC,     3, -3.967532217503e-01, inf, 4.7688e+01, 5.7632e-01, 
 1DIAGNOSTIC,     4, -3.971620202065e-01, inf, 4.8265e+01, 5.7711e-01, 
 1DIAGNOSTIC,     5, -3.964995145798e-01, inf, 4.8841e+01, 5.7570e-01, 
 1DIAGNOSTIC,     6, -3.964430093765e-01, inf, 4.9420e+01, 5.7854e-01, 
 1DIAGNOSTIC,     7, -3.958785533905e-01, inf, 4.9996e+01, 5.7667e-01, 
 1DIAGNOSTIC,     8, -3.949723243713e-01, inf, 5.0575e+01, 5.7851e-01, 
 1DIAGNOSTIC,     9, -3.942397534847e-01, inf, 5.1153e+01, 5.7865e-01, 
 1DIAGNOSTIC,    10, -3.936491608620e-01, -2.664445783012e-04, 5.1731e+01, 5.7724e-01, 
XXDIAGNOSTIC,Iteration,metricValue,convergenceValue,ITERATION_TIME_INDEX,SINCE_LAST
 1DIAGNOSTIC,     1, -3.379196524620e-01, inf, 6.1928e+01, 1.0197e+01, 
 1DIAGNOSTIC,     2, -3.385783135891e-01, inf, 6.3727e+01, 1.7988e+00, 
 1DIAGNOSTIC,     3, -3.389667570591e-01, inf, 6.5603e+01, 1.8760e+00, 
 1DIAGNOSTIC,     4, -3.392517268658e-01, inf, 6.7464e+01, 1.8612e+00, 
 1DIAGNOSTIC,     5, -3.394567668438e-01, inf, 6.9261e+01, 1.7967e+00, 
 1DIAGNOSTIC,     6, -3.393405079842e-01, inf, 7.1051e+01, 1.7904e+00, 
 1DIAGNOSTIC,     7, -3.392484486103e-01, inf, 7.2844e+01, 1.7930e+00, 
 1DIAGNOSTIC,     8, -3.389976024628e-01, inf, 7.4703e+01, 1.8583e+00, 
 1DIAGNOSTIC,     9, -3.387766182423e-01, inf, 7.6551e+01, 1.8484e+00, 
 1DIAGNOSTIC,    10, -3.386084437370e-01, 7.554802868981e-05, 7.8348e+01, 1.7968e+00, 
 1DIAGNOSTIC,    11, -3.384346961975e-01, -7.485953392461e-05, 8.0164e+01, 1.8164e+00, 
XXDIAGNOSTIC,Iteration,metricValue,convergenceValue,ITERATION_TIME_INDEX,SINCE_LAST
 1DIAGNOSTIC,     1, -2.853294909000e-01, inf, 1.0005e+02, 1.9890e+01, 
 1DIAGNOSTIC,     2, -2.860839068890e-01, inf, 1.1306e+02, 1.3004e+01, 
 1DIAGNOSTIC,     3, -2.868815660477e-01, inf, 1.2607e+02, 1.3016e+01, 
 1DIAGNOSTIC,     4, -2.875730395317e-01, inf, 1.3896e+02, 1.2888e+01, 
 1DIAGNOSTIC,     5, -2.881602644920e-01, inf, 1.5206e+02, 1.3097e+01, 
 1DIAGNOSTIC,     6, -2.887404859066e-01, inf, 1.6507e+02, 1.3006e+01, 
 1DIAGNOSTIC,     7, -2.892730832100e-01, inf, 1.7795e+02, 1.2880e+01, 
 1DIAGNOSTIC,     8, -2.897767424583e-01, inf, 1.9133e+02, 1.3380e+01, 
 1DIAGNOSTIC,     9, -2.902534902096e-01, inf, 2.0426e+02, 1.2931e+01, 
 1DIAGNOSTIC,    10, -2.906845808029e-01, 1.178362057544e-03, 2.1763e+02, 1.3372e+01, 
 1DIAGNOSTIC,    11, -2.911202907562e-01, 9.953702101484e-04, 2.3054e+02, 1.2912e+01, 
 1DIAGNOSTIC,    12, -2.914966940880e-01, 8.454294875264e-04, 2.4404e+02, 1.3502e+01, 
 1DIAGNOSTIC,    13, -2.918827235699e-01, 7.311244844459e-04, 2.5739e+02, 1.3343e+01, 
 1DIAGNOSTIC,    14, -2.921902239323e-01, 6.363812135532e-04, 2.7124e+02, 1.3854e+01, 
 1DIAGNOSTIC,    15, -2.924872934818e-01, 5.536879179999e-04, 2.8515e+02, 1.3908e+01, 
 1DIAGNOSTIC,    16, -2.926523685455e-01, 4.759437870234e-04, 2.9894e+02, 1.3794e+01, 
 1DIAGNOSTIC,    17, -2.928419709206e-01, 4.050541610923e-04, 3.1272e+02, 1.3777e+01, 
 1DIAGNOSTIC,    18, -2.930408716202e-01, 3.426384355407e-04, 3.2660e+02, 1.3881e+01, 
 1DIAGNOSTIC,    19, -2.932078242302e-01, 2.879745152313e-04, 3.4044e+02, 1.3841e+01, 
 1DIAGNOSTIC,    20, -2.933637499809e-01, 2.405871491646e-04, 3.5429e+02, 1.3848e+01, 
 1DIAGNOSTIC,    21, -2.934719920158e-01, 2.006133872783e-04, 3.6805e+02, 1.3764e+01, 
 1DIAGNOSTIC,    22, -2.935797572136e-01, 1.669994235272e-04, 3.8185e+02, 1.3797e+01, 
 1DIAGNOSTIC,    23, -2.936916053295e-01, 1.417359744664e-04, 3.9570e+02, 1.3853e+01, 
 1DIAGNOSTIC,    24, -2.937853932381e-01, 1.214680669364e-04, 4.0951e+02, 1.3807e+01, 
 1DIAGNOSTIC,    25, -2.939332127571e-01, 1.088424251066e-04, 4.2327e+02, 1.3758e+01, 
 1DIAGNOSTIC,    26, -2.940343022346e-01, 9.691178274807e-05, 4.3709e+02, 1.3824e+01, 
 1DIAGNOSTIC,    27, -2.941320240498e-01, 8.712608541828e-05, 4.5089e+02, 1.3797e+01, 
 1DIAGNOSTIC,    28, -2.942197918892e-01, 7.982652459759e-05, 4.6467e+02, 1.3775e+01, 
 1DIAGNOSTIC,    29, -2.943002879620e-01, 7.380401802948e-05, 4.7863e+02, 1.3960e+01, 
 1DIAGNOSTIC,    30, -2.943645119667e-01, 6.837531691417e-05, 4.9245e+02, 1.3822e+01, 
 1DIAGNOSTIC,    31, -2.944662868977e-01, 6.346065492835e-05, 5.0638e+02, 1.3927e+01, 
 1DIAGNOSTIC,    32, -2.944929897785e-01, 5.694934225176e-05, 5.2031e+02, 1.3935e+01, 
 1DIAGNOSTIC,    33, -2.945813536644e-01, 5.144244278199e-05, 5.3409e+02, 1.3779e+01, 
 1DIAGNOSTIC,    34, -2.946499884129e-01, 4.601138061844e-05, 5.4788e+02, 1.3789e+01, 
 1DIAGNOSTIC,    35, -2.947155833244e-01, 4.247709512128e-05, 5.6167e+02, 1.3790e+01, 
 1DIAGNOSTIC,    36, -2.947792410851e-01, 3.958595698350e-05, 5.7551e+02, 1.3840e+01, 
 1DIAGNOSTIC,    37, -2.948400378227e-01, 3.729715899681e-05, 5.8935e+02, 1.3846e+01, 
 1DIAGNOSTIC,    38, -2.949186265469e-01, 3.587716491893e-05, 6.0335e+02, 1.4000e+01, 
 1DIAGNOSTIC,    39, -2.949947714806e-01, 3.503814150463e-05, 6.1711e+02, 1.3759e+01, 
 1DIAGNOSTIC,    40, -2.950350642204e-01, 3.344621654833e-05, 6.3089e+02, 1.3776e+01, 
 1DIAGNOSTIC,    41, -2.951147556305e-01, 3.314136847621e-05, 6.4465e+02, 1.3764e+01, 
 1DIAGNOSTIC,    42, -2.951529920101e-01, 3.120072506135e-05, 6.5843e+02, 1.3781e+01, 
 1DIAGNOSTIC,    43, -2.952221632004e-01, 2.996992043336e-05, 6.7221e+02, 1.3776e+01, 
 1DIAGNOSTIC,    44, -2.952600717545e-01, 2.830868470483e-05, 6.8618e+02, 1.3970e+01, 
 1DIAGNOSTIC,    45, -2.952883243561e-01, 2.609468538139e-05, 6.9992e+02, 1.3742e+01, 
 1DIAGNOSTIC,    46, -2.953256666660e-01, 2.367240631429e-05, 7.1368e+02, 1.3758e+01, 
 1DIAGNOSTIC,    47, -2.953416705132e-01, 2.070004848065e-05, 7.2752e+02, 1.3841e+01, 
 1DIAGNOSTIC,    48, -2.953751981258e-01, 1.817434713303e-05, 7.4134e+02, 1.3819e+01, 
 1DIAGNOSTIC,    49, -2.953810691833e-01, 1.568516017869e-05, 7.5516e+02, 1.3818e+01, 
 1DIAGNOSTIC,    50, -2.953780293465e-01, 1.256006271433e-05, 7.6892e+02, 1.3760e+01, 
  Elapsed time (stage 2): 792.8


Total elapsed time: 931.4

--- Writing output images ---

Using double precision for computations.
Input scalar image: data/Segmentations/1119_3_seg.nii.gz
Reference image: data/template/T_template0_BrainCerebellum.nii.gz
=============================================================================
The composite transform comprises the following transforms (in order): 
  1. /tmp/1971759.1.basic.q/1119_ToTemplate_023_0GenericAffine.mat (type = AffineTransform)
  2. /tmp/1971759.1.basic.q/1119_ToTemplate_023_1Warp.nii.gz (type = DisplacementFieldTransform)
=============================================================================
Default pixel value: 0
Interpolation type: LabelImageGenericInterpolateImageFunction
Output warped image: output/1119/1119_WarpedLabels_023.nii.gz

--- Done ---

