
--- Running on compute-1-5.local ---


--- registration call ---
/data/jet/pcook/bin/antsBuild/bin/antsRegistrationSyNQuick.sh -d 3 -f data/template/T_template0_BrainCerebellum.nii.gz -m data/Brains/1119_3.nii.gz -t s -p f -n 2 -o /tmp/1972041.1.basic.q/1119_ToTemplate_014_
---


--------------------------------------------------------------------------------------
 Mapping parameters
--------------------------------------------------------------------------------------
 ANTSPATH is /data/jet/pcook/bin/antsBuild/bin/

 Dimensionality:           3
 Output name prefix:       /tmp/1972041.1.basic.q/1119_ToTemplate_014_
 Fixed images:             data/template/T_template0_BrainCerebellum.nii.gz
 Moving images:            data/Brains/1119_3.nii.gz
 Mask images:              
 Initial transforms:       
 Number of threads:        2
 Spline distance:          26
 Transform type:           s
 MI histogram bins:        32
 Precision:                f
 Use histogram matching    0
======================================================================================
 antsRegistration call:
--------------------------------------------------------------------------------------
/data/jet/pcook/bin/antsBuild/bin//antsRegistration --verbose 1 --dimensionality 3 --float 1 --collapse-output-transforms 1 --output [/tmp/1972041.1.basic.q/1119_ToTemplate_014_,/tmp/1972041.1.basic.q/1119_ToTemplate_014_Warped.nii.gz,/tmp/1972041.1.basic.q/1119_ToTemplate_014_InverseWarped.nii.gz] --interpolation Linear --use-histogram-matching 0 --winsorize-image-intensities [0.005,0.995] --initial-moving-transform [data/template/T_template0_BrainCerebellum.nii.gz,data/Brains/1119_3.nii.gz,1] --transform Rigid[0.1] --metric MI[data/template/T_template0_BrainCerebellum.nii.gz,data/Brains/1119_3.nii.gz,1,32,Regular,0.25] --convergence [1000x500x250x0,1e-6,10] --shrink-factors 12x8x4x2 --smoothing-sigmas 4x3x2x1vox --transform Affine[0.1] --metric MI[data/template/T_template0_BrainCerebellum.nii.gz,data/Brains/1119_3.nii.gz,1,32,Regular,0.25] --convergence [1000x500x250x0,1e-6,10] --shrink-factors 12x8x4x2 --smoothing-sigmas 4x3x2x1vox --transform SyN[0.1,3,0] --metric MI[data/template/T_template0_BrainCerebellum.nii.gz,data/Brains/1119_3.nii.gz,1,32] --convergence [100x100x70x50x0,1e-6,10] --shrink-factors 10x6x4x2x1 --smoothing-sigmas 5x3x2x1x0vox
--------------------------------------------------------------------------------------
All_Command_lines_OK
Using single precision for computations.
=============================================================================
The composite transform comprises the following transforms (in order): 
  1. Center of mass alignment using fixed image: data/template/T_template0_BrainCerebellum.nii.gz and moving image: data/Brains/1119_3.nii.gz (type = Euler3DTransform)
=============================================================================
  number of levels = 4
  number of levels = 4
  number of levels = 5
  fixed image: data/template/T_template0_BrainCerebellum.nii.gz
  moving image: data/Brains/1119_3.nii.gz
  fixed image: data/template/T_template0_BrainCerebellum.nii.gz
  moving image: data/Brains/1119_3.nii.gz
  fixed image: data/template/T_template0_BrainCerebellum.nii.gz
  moving image: data/Brains/1119_3.nii.gz
Dimension = 3
Number of stages = 3
Use Histogram Matching false
Winsorize image intensities true
Lower quantile = 0.005
Upper quantile = 0.995
Stage 1 State
   Image metric = Mattes
     Fixed image = Image (0x468a670)
  RTTI typeinfo:   itk::Image<float, 3u>
  Reference Count: 2
  Modified Time: 1611
  Debug: Off
  Object Name: 
  Observers: 
    none
  Source: (none)
  Source output name: (none)
  Release Data: Off
  Data Released: False
  Global Release Data: Off
  PipelineMTime: 0
  UpdateMTime: 1422
  RealTimeStamp: 0 seconds 
  LargestPossibleRegion: 
    Dimension: 3
    Index: [0, 0, 0]
    Size: [216, 256, 291]
  BufferedRegion: 
    Dimension: 3
    Index: [0, 0, 0]
    Size: [216, 256, 291]
  RequestedRegion: 
    Dimension: 3
    Index: [0, 0, 0]
    Size: [216, 256, 291]
  Spacing: [1, 1, 1]
  Origin: [0, 293, 0]
  Direction: 
1 0 0
0 -0 -1
0 -1 -0

  IndexToPointMatrix: 
1 0 0
0 0 -1
0 -1 0

  PointToIndexMatrix: 
1 0 0
0 0 -1
0 -1 0

  Inverse Direction: 
1 0 0
0 0 -1
0 -1 0

  PixelContainer: 
    ImportImageContainer (0x466f7f0)
      RTTI typeinfo:   itk::ImportImageContainer<unsigned long, float>
      Reference Count: 1
      Modified Time: 1419
      Debug: Off
      Object Name: 
      Observers: 
        none
      Pointer: 0x7f40be7e6010
      Container manages memory: true
      Size: 16091136
      Capacity: 16091136

     Moving image = Image (0x468b0b0)
  RTTI typeinfo:   itk::Image<float, 3u>
  Reference Count: 2
  Modified Time: 1612
  Debug: Off
  Object Name: 
  Observers: 
    none
  Source: (none)
  Source output name: (none)
  Release Data: Off
  Data Released: False
  Global Release Data: Off
  PipelineMTime: 0
  UpdateMTime: 1609
  RealTimeStamp: 0 seconds 
  LargestPossibleRegion: 
    Dimension: 3
    Index: [0, 0, 0]
    Size: [256, 256, 290]
  BufferedRegion: 
    Dimension: 3
    Index: [0, 0, 0]
    Size: [256, 256, 290]
  RequestedRegion: 
    Dimension: 3
    Index: [0, 0, 0]
    Size: [256, 256, 290]
  Spacing: [1, 1, 1]
  Origin: [0, 289, 0]
  Direction: 
1 0 0
0 -0 -1
0 -1 -0

  IndexToPointMatrix: 
1 0 0
0 0 -1
0 -1 0

  PointToIndexMatrix: 
1 0 0
0 0 -1
0 -1 0

  Inverse Direction: 
1 0 0
0 0 -1
0 -1 0

  PixelContainer: 
    ImportImageContainer (0x468d500)
      RTTI typeinfo:   itk::ImportImageContainer<unsigned long, float>
      Reference Count: 1
      Modified Time: 1606
      Debug: Off
      Object Name: 
      Observers: 
        none
      Pointer: 0x7f40b9f65010
      Container manages memory: true
      Size: 19005440
      Capacity: 19005440

     Weighting = 1
     Sampling strategy = regular
     Number of bins = 32
     Radius = 4
     Sampling percentage  = 0.25
   Transform = Rigid
     Gradient step = 0.1
     Update field sigma (voxel space) = 0
     Total field sigma (voxel space) = 0
     Update field time sigma = 0
     Total field time sigma  = 0
     Number of time indices = 0
     Number of time point samples = 0
Stage 2 State
   Image metric = Mattes
     Fixed image = Image (0x4695910)
  RTTI typeinfo:   itk::Image<float, 3u>
  Reference Count: 2
  Modified Time: 1987
  Debug: Off
  Object Name: 
  Observers: 
    none
  Source: (none)
  Source output name: (none)
  Release Data: Off
  Data Released: False
  Global Release Data: Off
  PipelineMTime: 0
  UpdateMTime: 1798
  RealTimeStamp: 0 seconds 
  LargestPossibleRegion: 
    Dimension: 3
    Index: [0, 0, 0]
    Size: [216, 256, 291]
  BufferedRegion: 
    Dimension: 3
    Index: [0, 0, 0]
    Size: [216, 256, 291]
  RequestedRegion: 
    Dimension: 3
    Index: [0, 0, 0]
    Size: [216, 256, 291]
  Spacing: [1, 1, 1]
  Origin: [0, 293, 0]
  Direction: 
1 0 0
0 -0 -1
0 -1 -0

  IndexToPointMatrix: 
1 0 0
0 0 -1
0 -1 0

  PointToIndexMatrix: 
1 0 0
0 0 -1
0 -1 0

  Inverse Direction: 
1 0 0
0 0 -1
0 -1 0

  PixelContainer: 
    ImportImageContainer (0x46961b0)
      RTTI typeinfo:   itk::ImportImageContainer<unsigned long, float>
      Reference Count: 1
      Modified Time: 1795
      Debug: Off
      Object Name: 
      Observers: 
        none
      Pointer: 0x7f40b6202010
      Container manages memory: true
      Size: 16091136
      Capacity: 16091136

     Moving image = Image (0x4695ca0)
  RTTI typeinfo:   itk::Image<float, 3u>
  Reference Count: 2
  Modified Time: 1988
  Debug: Off
  Object Name: 
  Observers: 
    none
  Source: (none)
  Source output name: (none)
  Release Data: Off
  Data Released: False
  Global Release Data: Off
  PipelineMTime: 0
  UpdateMTime: 1985
  RealTimeStamp: 0 seconds 
  LargestPossibleRegion: 
    Dimension: 3
    Index: [0, 0, 0]
    Size: [256, 256, 290]
  BufferedRegion: 
    Dimension: 3
    Index: [0, 0, 0]
    Size: [256, 256, 290]
  RequestedRegion: 
    Dimension: 3
    Index: [0, 0, 0]
    Size: [256, 256, 290]
  Spacing: [1, 1, 1]
  Origin: [0, 289, 0]
  Direction: 
1 0 0
0 -0 -1
0 -1 -0

  IndexToPointMatrix: 
1 0 0
0 0 -1
0 -1 0

  PointToIndexMatrix: 
1 0 0
0 0 -1
0 -1 0

  Inverse Direction: 
1 0 0
0 0 -1
0 -1 0

  PixelContainer: 
    ImportImageContainer (0x46967b0)
      RTTI typeinfo:   itk::ImportImageContainer<unsigned long, float>
      Reference Count: 1
      Modified Time: 1982
      Debug: Off
      Object Name: 
      Observers: 
        none
      Pointer: 0x7f40b1981010
      Container manages memory: true
      Size: 19005440
      Capacity: 19005440

     Weighting = 1
     Sampling strategy = regular
     Number of bins = 32
     Radius = 4
     Sampling percentage  = 0.25
   Transform = Affine
     Gradient step = 0.1
     Update field sigma (voxel space) = 0
     Total field sigma (voxel space) = 0
     Update field time sigma = 0
     Total field time sigma  = 0
     Number of time indices = 0
     Number of time point samples = 0
Stage 3 State
   Image metric = Mattes
     Fixed image = Image (0x469c9a0)
  RTTI typeinfo:   itk::Image<float, 3u>
  Reference Count: 2
  Modified Time: 2363
  Debug: Off
  Object Name: 
  Observers: 
    none
  Source: (none)
  Source output name: (none)
  Release Data: Off
  Data Released: False
  Global Release Data: Off
  PipelineMTime: 0
  UpdateMTime: 2174
  RealTimeStamp: 0 seconds 
  LargestPossibleRegion: 
    Dimension: 3
    Index: [0, 0, 0]
    Size: [216, 256, 291]
  BufferedRegion: 
    Dimension: 3
    Index: [0, 0, 0]
    Size: [216, 256, 291]
  RequestedRegion: 
    Dimension: 3
    Index: [0, 0, 0]
    Size: [216, 256, 291]
  Spacing: [1, 1, 1]
  Origin: [0, 293, 0]
  Direction: 
1 0 0
0 -0 -1
0 -1 -0

  IndexToPointMatrix: 
1 0 0
0 0 -1
0 -1 0

  PointToIndexMatrix: 
1 0 0
0 0 -1
0 -1 0

  Inverse Direction: 
1 0 0
0 0 -1
0 -1 0

  PixelContainer: 
    ImportImageContainer (0x469cc30)
      RTTI typeinfo:   itk::ImportImageContainer<unsigned long, float>
      Reference Count: 1
      Modified Time: 2171
      Debug: Off
      Object Name: 
      Observers: 
        none
      Pointer: 0x7f40adc1e010
      Container manages memory: true
      Size: 16091136
      Capacity: 16091136

     Moving image = Image (0x469f360)
  RTTI typeinfo:   itk::Image<float, 3u>
  Reference Count: 2
  Modified Time: 2364
  Debug: Off
  Object Name: 
  Observers: 
    none
  Source: (none)
  Source output name: (none)
  Release Data: Off
  Data Released: False
  Global Release Data: Off
  PipelineMTime: 0
  UpdateMTime: 2361
  RealTimeStamp: 0 seconds 
  LargestPossibleRegion: 
    Dimension: 3
    Index: [0, 0, 0]
    Size: [256, 256, 290]
  BufferedRegion: 
    Dimension: 3
    Index: [0, 0, 0]
    Size: [256, 256, 290]
  RequestedRegion: 
    Dimension: 3
    Index: [0, 0, 0]
    Size: [256, 256, 290]
  Spacing: [1, 1, 1]
  Origin: [0, 289, 0]
  Direction: 
1 0 0
0 -0 -1
0 -1 -0

  IndexToPointMatrix: 
1 0 0
0 0 -1
0 -1 0

  PointToIndexMatrix: 
1 0 0
0 0 -1
0 -1 0

  Inverse Direction: 
1 0 0
0 0 -1
0 -1 0

  PixelContainer: 
    ImportImageContainer (0x469f5f0)
      RTTI typeinfo:   itk::ImportImageContainer<unsigned long, float>
      Reference Count: 1
      Modified Time: 2358
      Debug: Off
      Object Name: 
      Observers: 
        none
      Pointer: 0x7f40a939d010
      Container manages memory: true
      Size: 19005440
      Capacity: 19005440

     Weighting = 1
     Sampling strategy = none
     Number of bins = 32
     Radius = 4
     Sampling percentage  = 1
   Transform = SyN
     Gradient step = 0.1
     Update field sigma (voxel space) = 3
     Total field sigma (voxel space) = 0
     Update field time sigma = 0
     Total field time sigma  = 0
     Number of time indices = 0
     Number of time point samples = 0
Registration using 3 total stages.

Stage 0
  iterations = 1000x500x250x0
  convergence threshold = 1e-06
  convergence window size = 10
  number of levels = 4
  using the Mattes MI metric (number of bins = 32, weight = 1)
  preprocessing:  winsorizing the image intensities
  Shrink factors (level 1 out of 4): [12, 12, 12]
  Shrink factors (level 2 out of 4): [8, 8, 8]
  Shrink factors (level 3 out of 4): [4, 4, 4]
  Shrink factors (level 4 out of 4): [2, 2, 2]
  smoothing sigmas per level: [4, 3, 2, 1]
  regular sampling (percentage = 0.25)

*** Running Euler3DTransform registration ***

DIAGNOSTIC,Iteration,metricValue,convergenceValue,ITERATION_TIME_INDEX,SINCE_LAST
 2DIAGNOSTIC,     1, -4.082068502903e-01, inf, 1.8640e+01, 1.8640e+01, 
 2DIAGNOSTIC,     2, -4.088617265224e-01, inf, 1.8651e+01, 1.0885e-02, 
 2DIAGNOSTIC,     3, -4.100332856178e-01, inf, 1.8663e+01, 1.2484e-02, 
 2DIAGNOSTIC,     4, -4.105401635170e-01, inf, 1.8674e+01, 1.0822e-02, 
 2DIAGNOSTIC,     5, -4.105867147446e-01, inf, 1.8685e+01, 1.0718e-02, 
 2DIAGNOSTIC,     6, -4.106691777706e-01, inf, 1.8697e+01, 1.2256e-02, 
 2DIAGNOSTIC,     7, -4.106987118721e-01, inf, 1.8713e+01, 1.5591e-02, 
 2DIAGNOSTIC,     8, -4.107131361961e-01, inf, 1.8725e+01, 1.2252e-02, 
 2DIAGNOSTIC,     9, -4.105975627899e-01, inf, 1.8737e+01, 1.2259e-02, 
 2DIAGNOSTIC,    10, -4.108030796051e-01, 3.272968169767e-04, 1.8749e+01, 1.1375e-02, 
 2DIAGNOSTIC,    11, -4.110769033432e-01, 1.913134474307e-04, 1.8760e+01, 1.1228e-02, 
 2DIAGNOSTIC,    12, -4.111271202564e-01, 9.983133350033e-05, 1.8771e+01, 1.1180e-02, 
 2DIAGNOSTIC,    13, -4.111382663250e-01, 7.629035098944e-05, 1.8782e+01, 1.1153e-02, 
 2DIAGNOSTIC,    14, -4.111553430557e-01, 7.562439714093e-05, 1.8793e+01, 1.1135e-02, 
 2DIAGNOSTIC,    15, -4.111850261688e-01, 7.162229303503e-05, 1.8808e+01, 1.4488e-02, 
 2DIAGNOSTIC,    16, -4.111912846565e-01, 6.521546310978e-05, 1.8819e+01, 1.1144e-02, 
 2DIAGNOSTIC,    17, -4.112112522125e-01, 5.576240073424e-05, 1.8835e+01, 1.6157e-02, 
 2DIAGNOSTIC,    18, -4.112148880959e-01, 4.345490742708e-05, 1.8846e+01, 1.1150e-02, 
 2DIAGNOSTIC,    19, -4.112201333046e-01, 2.449126259307e-05, 1.8857e+01, 1.1159e-02, 
 2DIAGNOSTIC,    20, -4.112313389778e-01, 1.254855851585e-05, 1.8868e+01, 1.1151e-02, 
 2DIAGNOSTIC,    21, -4.112445414066e-01, 1.013252585835e-05, 1.8880e+01, 1.1153e-02, 
 2DIAGNOSTIC,    22, -4.112668931484e-01, 9.409425729245e-06, 1.8899e+01, 1.9450e-02, 
 2DIAGNOSTIC,    23, -4.112759530544e-01, 8.597722626291e-06, 1.8912e+01, 1.2809e-02, 
 2DIAGNOSTIC,    24, -4.112771153450e-01, 7.692805411352e-06, 1.8923e+01, 1.1147e-02, 
 2DIAGNOSTIC,    25, -4.112781286240e-01, 7.120500413293e-06, 1.8934e+01, 1.1141e-02, 
 2DIAGNOSTIC,    26, -4.112829267979e-01, 6.319046860881e-06, 1.8945e+01, 1.1135e-02, 
 2DIAGNOSTIC,    27, -4.112928807735e-01, 5.852959020558e-06, 1.8956e+01, 1.1158e-02, 
 2DIAGNOSTIC,    28, -4.113070666790e-01, 5.413473900262e-06, 1.8968e+01, 1.1154e-02, 
 2DIAGNOSTIC,    29, -4.113352000713e-01, 5.395144853537e-06, 1.8987e+01, 1.9453e-02, 
 2DIAGNOSTIC,    30, -4.113383293152e-01, 5.291375600791e-06, 1.9000e+01, 1.2812e-02, 
 2DIAGNOSTIC,    31, -4.113389849663e-01, 5.099681402498e-06, 1.9011e+01, 1.1155e-02, 
 2DIAGNOSTIC,    32, -4.113409221172e-01, 5.059275281383e-06, 1.9022e+01, 1.1131e-02, 
 2DIAGNOSTIC,    33, -4.113445878029e-01, 4.895801794191e-06, 1.9033e+01, 1.1144e-02, 
 2DIAGNOSTIC,    34, -4.113499522209e-01, 4.493004780670e-06, 1.9044e+01, 1.1137e-02, 
 2DIAGNOSTIC,    35, -4.113623797894e-01, 4.040404292027e-06, 1.9062e+01, 1.7801e-02, 
 2DIAGNOSTIC,    36, -4.113644361496e-01, 3.448540155659e-06, 1.9073e+01, 1.1144e-02, 
 2DIAGNOSTIC,    37, -4.113670885563e-01, 2.882409262384e-06, 1.9085e+01, 1.1151e-02, 
 2DIAGNOSTIC,    38, -4.113718271255e-01, 2.485266122676e-06, 1.9096e+01, 1.1132e-02, 
 2DIAGNOSTIC,    39, -4.113800525665e-01, 2.591382781247e-06, 1.9107e+01, 1.1136e-02, 
 2DIAGNOSTIC,    40, -4.113938212395e-01, 2.809701754813e-06, 1.9123e+01, 1.6146e-02, 
 2DIAGNOSTIC,    41, -4.113946557045e-01, 2.846404640877e-06, 1.9136e+01, 1.2811e-02, 
 2DIAGNOSTIC,    42, -4.113979637623e-01, 2.776132760118e-06, 1.9149e+01, 1.2800e-02, 
 2DIAGNOSTIC,    43, -4.114006161690e-01, 2.618706048452e-06, 1.9161e+01, 1.2811e-02, 
 2DIAGNOSTIC,    44, -4.114018380642e-01, 2.384239451203e-06, 1.9173e+01, 1.1142e-02, 
 2DIAGNOSTIC,    45, -4.114046096802e-01, 2.232379983980e-06, 1.9184e+01, 1.1149e-02, 
 2DIAGNOSTIC,    46, -4.114064276218e-01, 1.999685309784e-06, 1.9197e+01, 1.2846e-02, 
 2DIAGNOSTIC,    47, -4.115488827229e-01, 3.788029744101e-06, 1.9213e+01, 1.6173e-02, 
 2DIAGNOSTIC,    48, -4.115506112576e-01, 5.237597633823e-06, 1.9224e+01, 1.1169e-02, 
 2DIAGNOSTIC,    49, -4.115527868271e-01, 6.355081040965e-06, 1.9235e+01, 1.1180e-02, 
 2DIAGNOSTIC,    50, -4.115567207336e-01, 7.157251275203e-06, 1.9246e+01, 1.1175e-02, 
 2DIAGNOSTIC,    51, -4.115623831749e-01, 7.381520390481e-06, 1.9259e+01, 1.2957e-02, 
 2DIAGNOSTIC,    52, -4.117048382759e-01, 8.853287909005e-06, 1.9277e+01, 1.7859e-02, 
 2DIAGNOSTIC,    53, -4.115732014179e-01, 7.737795385765e-06, 1.9288e+01, 1.1264e-02, 
 2DIAGNOSTIC,    54, -4.115754365921e-01, 6.122361355665e-06, 1.9300e+01, 1.1196e-02, 
 2DIAGNOSTIC,    55, -4.115790128708e-01, 4.142727902945e-06, 1.9312e+01, 1.2851e-02, 
 2DIAGNOSTIC,    56, -4.117177724838e-01, 3.541568730725e-06, 1.9325e+01, 1.2820e-02, 
 2DIAGNOSTIC,    57, -4.115842580795e-01, 2.714322818065e-06, 1.9338e+01, 1.2816e-02, 
 2DIAGNOSTIC,    58, -4.117220342159e-01, 3.457929551587e-06, 1.9349e+01, 1.1135e-02, 
 2DIAGNOSTIC,    59, -4.117244482040e-01, 3.943765477743e-06, 1.9360e+01, 1.1138e-02, 
 2DIAGNOSTIC,    60, -4.117270708084e-01, 4.141133103985e-06, 1.9371e+01, 1.1149e-02, 
 2DIAGNOSTIC,    61, -4.118678271770e-01, 5.583724487224e-06, 1.9389e+01, 1.7808e-02, 
 2DIAGNOSTIC,    62, -4.118701219559e-01, 8.118702680804e-06, 1.9400e+01, 1.1124e-02, 
 2DIAGNOSTIC,    63, -4.118711352348e-01, 8.430882189714e-06, 1.9411e+01, 1.1142e-02, 
 2DIAGNOSTIC,    64, -4.118733108044e-01, 8.029910532059e-06, 1.9423e+01, 1.1134e-02, 
 2DIAGNOSTIC,    65, -4.118766188622e-01, 6.947209385544e-06, 1.9434e+01, 1.1225e-02, 
 2DIAGNOSTIC,    66, -4.118817448616e-01, 6.814306743763e-06, 1.9453e+01, 1.9510e-02, 
 2DIAGNOSTIC,    67, -4.118828475475e-01, 4.662882474804e-06, 1.9465e+01, 1.1179e-02, 
 2DIAGNOSTIC,    68, -4.118832349777e-01, 3.598845978559e-06, 1.9477e+01, 1.2805e-02, 
 2DIAGNOSTIC,    69, -4.118844866753e-01, 2.317605321878e-06, 1.9489e+01, 1.1168e-02, 
DIAGNOSTIC,Iteration,metricValue,convergenceValue,ITERATION_TIME_INDEX,SINCE_LAST
 2DIAGNOSTIC,     1, -3.600271642208e-01, inf, 3.3460e+01, 1.3972e+01, 
 2DIAGNOSTIC,     2, -3.608777821064e-01, inf, 3.3514e+01, 5.4245e-02, 
 2DIAGNOSTIC,     3, -3.622809946537e-01, inf, 3.3568e+01, 5.3977e-02, 
 2DIAGNOSTIC,     4, -3.636123836040e-01, inf, 3.3622e+01, 5.3797e-02, 
 2DIAGNOSTIC,     5, -3.644284605980e-01, inf, 3.3676e+01, 5.3869e-02, 
 2DIAGNOSTIC,     6, -3.650598227978e-01, inf, 3.3769e+01, 9.3565e-02, 
 2DIAGNOSTIC,     7, -3.650406301022e-01, inf, 3.3823e+01, 5.3686e-02, 
 2DIAGNOSTIC,     8, -3.651098906994e-01, inf, 3.3887e+01, 6.3632e-02, 
 2DIAGNOSTIC,     9, -3.651033043861e-01, inf, 3.3950e+01, 6.3576e-02, 
 2DIAGNOSTIC,    10, -3.651116192341e-01, 9.045238257386e-04, 3.4015e+01, 6.4382e-02, 
 2DIAGNOSTIC,    11, -3.650735914707e-01, 5.732286372222e-04, 3.4069e+01, 5.4402e-02, 
 2DIAGNOSTIC,    12, -3.651007711887e-01, 3.025453479495e-04, 3.4133e+01, 6.4336e-02, 
 2DIAGNOSTIC,    13, -3.650973737240e-01, 1.294240792049e-04, 3.4188e+01, 5.4426e-02, 
 2DIAGNOSTIC,    14, -3.651401698589e-01, 4.527926648734e-05, 3.4252e+01, 6.4317e-02, 
 2DIAGNOSTIC,    15, -3.652088344097e-01, 1.355738731945e-05, 3.4347e+01, 9.4363e-02, 
 2DIAGNOSTIC,    16, -3.651961684227e-01, 1.495158539910e-05, 3.4401e+01, 5.4557e-02, 
 2DIAGNOSTIC,    17, -3.652040958405e-01, 1.445564612368e-05, 3.4466e+01, 6.4417e-02, 
 2DIAGNOSTIC,    18, -3.651045560837e-01, 1.154985693574e-05, 3.4520e+01, 5.4593e-02, 
 2DIAGNOSTIC,    19, -3.651120662689e-01, 8.144581443048e-06, 3.4584e+01, 6.4293e-02, 
 2DIAGNOSTIC,    20, -3.651180863380e-01, 4.992136382498e-06, 3.4639e+01, 5.4448e-02, 
DIAGNOSTIC,Iteration,metricValue,convergenceValue,ITERATION_TIME_INDEX,SINCE_LAST
 2DIAGNOSTIC,     1, -3.016232848167e-01, inf, 4.3564e+01, 8.9247e+00, 
 2DIAGNOSTIC,     2, -3.017868697643e-01, inf, 4.3998e+01, 4.3435e-01, 
 2DIAGNOSTIC,     3, -3.018919527531e-01, inf, 4.4431e+01, 4.3272e-01, 
 2DIAGNOSTIC,     4, -3.020061850548e-01, inf, 4.4864e+01, 4.3375e-01, 
 2DIAGNOSTIC,     5, -3.021719455719e-01, inf, 4.5299e+01, 4.3449e-01, 
 2DIAGNOSTIC,     6, -3.025918304920e-01, inf, 4.5733e+01, 4.3380e-01, 
 2DIAGNOSTIC,     7, -3.033384978771e-01, inf, 4.6589e+01, 8.5612e-01, 
 2DIAGNOSTIC,     8, -3.033589124680e-01, inf, 4.7026e+01, 4.3737e-01, 
 2DIAGNOSTIC,     9, -3.034762144089e-01, inf, 4.7457e+01, 4.3108e-01, 
 2DIAGNOSTIC,    10, -3.037477433681e-01, 5.029982421547e-04, 4.7974e+01, 5.1644e-01, 
 2DIAGNOSTIC,    11, -3.038417696953e-01, 4.625814908650e-04, 4.8490e+01, 5.1645e-01, 
 2DIAGNOSTIC,    12, -3.041757345200e-01, 4.257599648554e-04, 4.9012e+01, 5.2226e-01, 
 2DIAGNOSTIC,    13, -3.043043315411e-01, 3.731435572263e-04, 4.9444e+01, 4.3186e-01, 
 2DIAGNOSTIC,    14, -3.057418167591e-01, 3.989821998402e-04, 5.0043e+01, 5.9892e-01, 
 2DIAGNOSTIC,    15, -3.060184717178e-01, 4.101273661945e-04, 5.0475e+01, 4.3183e-01, 
 2DIAGNOSTIC,    16, -3.060328960419e-01, 4.072119772900e-04, 5.0991e+01, 5.1610e-01, 
 2DIAGNOSTIC,    17, -3.061457276344e-01, 4.160520911682e-04, 5.1424e+01, 4.3271e-01, 
 2DIAGNOSTIC,    18, -3.064032793045e-01, 3.997772291768e-04, 5.1856e+01, 4.3246e-01, 
 2DIAGNOSTIC,    19, -3.068943023682e-01, 3.766579320654e-04, 5.2460e+01, 6.0332e-01, 
 2DIAGNOSTIC,    20, -3.070719242096e-01, 3.412831283640e-04, 5.2890e+01, 4.3023e-01, 
 2DIAGNOSTIC,    21, -3.084365725517e-01, 3.433181846049e-04, 5.3401e+01, 5.1112e-01, 
 2DIAGNOSTIC,    22, -3.086132705212e-01, 3.343483840581e-04, 5.3830e+01, 4.2864e-01, 
 2DIAGNOSTIC,    23, -3.086735606194e-01, 3.014819521923e-04, 5.4343e+01, 5.1303e-01, 
 2DIAGNOSTIC,    24, -3.087911009789e-01, 3.039343864657e-04, 5.5105e+01, 7.6220e-01, 
 2DIAGNOSTIC,    25, -3.087956011295e-01, 2.880955580622e-04, 5.5615e+01, 5.1059e-01, 
 2DIAGNOSTIC,    26, -3.088031709194e-01, 2.468061575200e-04, 5.6294e+01, 6.7840e-01, 
 2DIAGNOSTIC,    27, -3.088031411171e-01, 1.892009604489e-04, 5.6808e+01, 5.1419e-01, 
 2DIAGNOSTIC,    28, -3.088023662567e-01, 1.268405321753e-04, 5.7240e+01, 4.3220e-01, 
 2DIAGNOSTIC,    29, -3.087989091873e-01, 7.298859418370e-05, 5.7672e+01, 4.3191e-01, 
 2DIAGNOSTIC,    30, -3.088026344776e-01, 2.045928886218e-05, 5.8354e+01, 6.8164e-01, 
 2DIAGNOSTIC,    31, -3.088008165359e-01, 1.029921986628e-05, 5.8867e+01, 5.1373e-01, 
 2DIAGNOSTIC,    32, -3.087992668152e-01, 4.982271548215e-06, 5.9382e+01, 5.1461e-01, 
 2DIAGNOSTIC,    33, -3.087978363037e-01, 1.183367658086e-06, 5.9812e+01, 4.2970e-01, 
DIAGNOSTIC,Iteration,metricValue,convergenceValue,ITERATION_TIME_INDEX,SINCE_LAST
 2DIAGNOSTIC,     1, -2.678818702698e-01, inf, 6.8361e+01, 8.5488e+00, 
  Elapsed time (stage 0): 7.0152e+01


Stage 1
  iterations = 1000x500x250x0
  convergence threshold = 1.0000e-06
  convergence window size = 10
  number of levels = 4
  using the Mattes MI metric (number of bins = 32, weight = 1.0000e+00)
  preprocessing:  winsorizing the image intensities
  Shrink factors (level 1 out of 4): [12, 12, 12]
  Shrink factors (level 2 out of 4): [8, 8, 8]
  Shrink factors (level 3 out of 4): [4, 4, 4]
  Shrink factors (level 4 out of 4): [2, 2, 2]
  smoothing sigmas per level: [4, 3, 2, 1]
  regular sampling (percentage = 2.5000e-01)

*** Running AffineTransform registration ***

DIAGNOSTIC,Iteration,metricValue,convergenceValue,ITERATION_TIME_INDEX,SINCE_LAST
 2DIAGNOSTIC,     1, -4.164918661118e-01, inf, 1.8566e+01, 1.8566e+01, 
 2DIAGNOSTIC,     2, -4.171395301819e-01, inf, 1.8581e+01, 1.4665e-02, 
 2DIAGNOSTIC,     3, -4.181821942329e-01, inf, 1.8595e+01, 1.4521e-02, 
 2DIAGNOSTIC,     4, -4.195864200592e-01, inf, 1.8610e+01, 1.4489e-02, 
 2DIAGNOSTIC,     5, -4.223434031010e-01, inf, 1.8624e+01, 1.4691e-02, 
 2DIAGNOSTIC,     6, -4.267732203007e-01, inf, 1.8639e+01, 1.4816e-02, 
 2DIAGNOSTIC,     7, -4.316251277924e-01, inf, 1.8659e+01, 2.0351e-02, 
 2DIAGNOSTIC,     8, -4.332187473774e-01, inf, 1.8674e+01, 1.4516e-02, 
 2DIAGNOSTIC,     9, -4.346494674683e-01, inf, 1.8691e+01, 1.7230e-02, 
 2DIAGNOSTIC,    10, -4.394883513451e-01, 3.686501877382e-03, 1.8716e+01, 2.4560e-02, 
 2DIAGNOSTIC,    11, -4.425647854805e-01, 3.659308888018e-03, 1.8731e+01, 1.5810e-02, 
 2DIAGNOSTIC,    12, -4.508906602859e-01, 3.795131575316e-03, 1.8747e+01, 1.5489e-02, 
 2DIAGNOSTIC,    13, -4.542865753174e-01, 3.785351989791e-03, 1.8764e+01, 1.7244e-02, 
 2DIAGNOSTIC,    14, -4.552356600761e-01, 3.547276835889e-03, 1.8780e+01, 1.5312e-02, 
 2DIAGNOSTIC,    15, -4.581905603409e-01, 3.267880063504e-03, 1.8797e+01, 1.7116e-02, 
 2DIAGNOSTIC,    16, -4.604746103287e-01, 2.990359906107e-03, 1.8812e+01, 1.5464e-02, 
 2DIAGNOSTIC,    17, -4.613347351551e-01, 2.685905667022e-03, 1.8833e+01, 2.0640e-02, 
 2DIAGNOSTIC,    18, -4.624898731709e-01, 2.269243588671e-03, 1.8848e+01, 1.5171e-02, 
 2DIAGNOSTIC,    19, -4.633871912956e-01, 1.768296118826e-03, 1.8865e+01, 1.7167e-02, 
 2DIAGNOSTIC,    20, -4.639557003975e-01, 1.330366474576e-03, 1.8889e+01, 2.4383e-02, 
 2DIAGNOSTIC,    21, -4.640020728111e-01, 9.013532544486e-04, 1.8906e+01, 1.6952e-02, 
 2DIAGNOSTIC,    22, -4.643885493279e-01, 6.816589157097e-04, 1.8923e+01, 1.6428e-02, 
 2DIAGNOSTIC,    23, -4.645231664181e-01, 5.170483491383e-04, 1.8938e+01, 1.5063e-02, 
 2DIAGNOSTIC,    24, -4.647454023361e-01, 3.479552106000e-04, 1.8953e+01, 1.5005e-02, 
 2DIAGNOSTIC,    25, -4.650959372520e-01, 2.434558555251e-04, 1.8970e+01, 1.6949e-02, 
 2DIAGNOSTIC,    26, -4.654011130333e-01, 1.877708273241e-04, 1.8985e+01, 1.5109e-02, 
 2DIAGNOSTIC,    27, -4.655550122261e-01, 1.421817141818e-04, 1.9000e+01, 1.5033e-02, 
 2DIAGNOSTIC,    28, -4.657330513000e-01, 1.164833156508e-04, 1.9016e+01, 1.6353e-02, 
 2DIAGNOSTIC,    29, -4.658440053463e-01, 1.034714805428e-04, 1.9031e+01, 1.4970e-02, 
 2DIAGNOSTIC,    30, -4.657979309559e-01, 9.268849680666e-05, 1.9046e+01, 1.4591e-02, 
 2DIAGNOSTIC,    31, -4.660172760487e-01, 7.922916847747e-05, 1.9063e+01, 1.6780e-02, 
 2DIAGNOSTIC,    32, -4.660668969154e-01, 6.774249050068e-05, 1.9079e+01, 1.6750e-02, 
 2DIAGNOSTIC,    33, -4.661016762257e-01, 5.387571218307e-05, 1.9095e+01, 1.5237e-02, 
 2DIAGNOSTIC,    34, -4.663288593292e-01, 4.410089240992e-05, 1.9112e+01, 1.7178e-02, 
 2DIAGNOSTIC,    35, -4.667401611805e-01, 4.432300556800e-05, 1.9131e+01, 1.9091e-02, 
 2DIAGNOSTIC,    36, -4.671023786068e-01, 5.183858593227e-05, 1.9148e+01, 1.7091e-02, 
 2DIAGNOSTIC,    37, -4.672860205173e-01, 5.968341793050e-05, 1.9165e+01, 1.7035e-02, 
 2DIAGNOSTIC,    38, -4.673729538918e-01, 6.594757724088e-05, 1.9182e+01, 1.6994e-02, 
 2DIAGNOSTIC,    39, -4.673154056072e-01, 6.661986844847e-05, 1.9197e+01, 1.5298e-02, 
 2DIAGNOSTIC,    40, -4.673639237881e-01, 6.089246016927e-05, 1.9212e+01, 1.5022e-02, 
 2DIAGNOSTIC,    41, -4.674612581730e-01, 5.446145223686e-05, 1.9227e+01, 1.5066e-02, 
 2DIAGNOSTIC,    42, -4.676467180252e-01, 4.673285002355e-05, 1.9246e+01, 1.8285e-02, 
 2DIAGNOSTIC,    43, -4.676850736141e-01, 3.603585719247e-05, 1.9261e+01, 1.5128e-02, 
 2DIAGNOSTIC,    44, -4.675723314285e-01, 2.407573992969e-05, 1.9279e+01, 1.8110e-02, 
 2DIAGNOSTIC,    45, -4.675965607166e-01, 1.645855263632e-05, 1.9294e+01, 1.4991e-02, 
 2DIAGNOSTIC,    46, -4.673181772232e-01, 8.690465620020e-06, 1.9309e+01, 1.4981e-02, 
 2DIAGNOSTIC,    47, -4.673773050308e-01, 3.723286681634e-06, 1.9326e+01, 1.6863e-02, 
DIAGNOSTIC,Iteration,metricValue,convergenceValue,ITERATION_TIME_INDEX,SINCE_LAST
 2DIAGNOSTIC,     1, -4.001543521881e-01, inf, 3.3327e+01, 1.4001e+01, 
 2DIAGNOSTIC,     2, -4.004541635513e-01, inf, 3.3394e+01, 6.6626e-02, 
 2DIAGNOSTIC,     3, -4.010795950890e-01, inf, 3.3460e+01, 6.6502e-02, 
 2DIAGNOSTIC,     4, -4.018965065479e-01, inf, 3.3527e+01, 6.7146e-02, 
 2DIAGNOSTIC,     5, -4.030675888062e-01, inf, 3.3594e+01, 6.7101e-02, 
 2DIAGNOSTIC,     6, -4.046995639801e-01, inf, 3.3714e+01, 1.1950e-01, 
 2DIAGNOSTIC,     7, -4.047762453556e-01, inf, 3.3791e+01, 7.7009e-02, 
 2DIAGNOSTIC,     8, -4.050263464451e-01, inf, 3.3858e+01, 6.6908e-02, 
 2DIAGNOSTIC,     9, -4.056405425072e-01, inf, 3.3925e+01, 6.7158e-02, 
 2DIAGNOSTIC,    10, -4.060090482235e-01, 1.044137286954e-03, 3.3993e+01, 6.8255e-02, 
 2DIAGNOSTIC,    11, -4.064140319824e-01, 8.878224762157e-04, 3.4074e+01, 8.0721e-02, 
 2DIAGNOSTIC,    12, -4.068664312363e-01, 7.228042231873e-04, 3.4152e+01, 7.7807e-02, 
 2DIAGNOSTIC,    13, -4.072375595570e-01, 5.726984236389e-04, 3.4230e+01, 7.8237e-02, 
 2DIAGNOSTIC,    14, -4.074278771877e-01, 4.417821182869e-04, 3.4308e+01, 7.8267e-02, 
 2DIAGNOSTIC,    15, -4.083679616451e-01, 3.850315406453e-04, 3.4375e+01, 6.6637e-02, 
 2DIAGNOSTIC,    16, -4.102210402489e-01, 4.523510579020e-04, 3.4465e+01, 9.0284e-02, 
 2DIAGNOSTIC,    17, -4.120216071606e-01, 5.457525840029e-04, 3.4542e+01, 7.6782e-02, 
 2DIAGNOSTIC,    18, -4.124379456043e-01, 6.031861994416e-04, 3.4630e+01, 8.8338e-02, 
 2DIAGNOSTIC,    19, -4.125911891460e-01, 6.282879621722e-04, 3.4708e+01, 7.7966e-02, 
 2DIAGNOSTIC,    20, -4.127326011658e-01, 6.107006338425e-04, 3.4807e+01, 9.8536e-02, 
 2DIAGNOSTIC,    21, -4.128026366234e-01, 5.525042070076e-04, 3.4873e+01, 6.6322e-02, 
 2DIAGNOSTIC,    22, -4.133125543594e-01, 4.778361762874e-04, 3.4951e+01, 7.7933e-02, 
 2DIAGNOSTIC,    23, -4.133619964123e-01, 3.782849817071e-04, 3.5017e+01, 6.6149e-02, 
 2DIAGNOSTIC,    24, -4.134066402912e-01, 2.594194666017e-04, 3.5085e+01, 6.7298e-02, 
 2DIAGNOSTIC,    25, -4.135249853134e-01, 1.549123553559e-04, 3.5152e+01, 6.7686e-02, 
 2DIAGNOSTIC,    26, -4.135957360268e-01, 9.431496437173e-05, 3.5271e+01, 1.1857e-01, 
 2DIAGNOSTIC,    27, -4.136817455292e-01, 7.771464879625e-05, 3.5338e+01, 6.7581e-02, 
 2DIAGNOSTIC,    28, -4.136772453785e-01, 6.523276533699e-05, 3.5406e+01, 6.7750e-02, 
 2DIAGNOSTIC,    29, -4.137033820152e-01, 5.201983003644e-05, 3.5472e+01, 6.6369e-02, 
 2DIAGNOSTIC,    30, -4.137842059135e-01, 4.010870179627e-05, 3.5540e+01, 6.7612e-02, 
 2DIAGNOSTIC,    31, -4.138885140419e-01, 2.880098872993e-05, 3.5608e+01, 6.7441e-02, 
 2DIAGNOSTIC,    32, -4.139842391014e-01, 2.867770308512e-05, 3.5716e+01, 1.0880e-01, 
 2DIAGNOSTIC,    33, -4.140451550484e-01, 2.827697244356e-05, 3.5783e+01, 6.6310e-02, 
 2DIAGNOSTIC,    34, -4.140298962593e-01, 2.589355062810e-05, 3.5850e+01, 6.7536e-02, 
 2DIAGNOSTIC,    35, -4.140244722366e-01, 2.351328657824e-05, 3.5927e+01, 7.6350e-02, 
 2DIAGNOSTIC,    36, -4.140605926514e-01, 2.110958121193e-05, 3.6004e+01, 7.7787e-02, 
 2DIAGNOSTIC,    37, -4.139743447304e-01, 1.687525036687e-05, 3.6113e+01, 1.0824e-01, 
 2DIAGNOSTIC,    38, -4.140014350414e-01, 1.181628431368e-05, 3.6190e+01, 7.7713e-02, 
 2DIAGNOSTIC,    39, -4.139678478241e-01, 5.829572273797e-06, 3.6256e+01, 6.5831e-02, 
 2DIAGNOSTIC,    40, -4.139787256718e-01, 1.240050551132e-06, 3.6323e+01, 6.7172e-02, 
DIAGNOSTIC,Iteration,metricValue,convergenceValue,ITERATION_TIME_INDEX,SINCE_LAST
 2DIAGNOSTIC,     1, -3.472405970097e-01, inf, 4.5342e+01, 9.0192e+00, 
 2DIAGNOSTIC,     2, -3.474017083645e-01, inf, 4.5883e+01, 5.4020e-01, 
 2DIAGNOSTIC,     3, -3.475347161293e-01, inf, 4.6414e+01, 5.3145e-01, 
 2DIAGNOSTIC,     4, -3.477585613728e-01, inf, 4.6957e+01, 5.4315e-01, 
 2DIAGNOSTIC,     5, -3.480614125729e-01, inf, 4.7492e+01, 5.3433e-01, 
 2DIAGNOSTIC,     6, -3.484503924847e-01, inf, 4.8040e+01, 5.4871e-01, 
 2DIAGNOSTIC,     7, -3.487070798874e-01, inf, 4.8920e+01, 8.8011e-01, 
 2DIAGNOSTIC,     8, -3.487297296524e-01, inf, 4.9718e+01, 7.9778e-01, 
 2DIAGNOSTIC,     9, -3.487271070480e-01, inf, 5.0248e+01, 5.3022e-01, 
 2DIAGNOSTIC,    10, -3.487630486488e-01, 3.318901290186e-04, 5.0784e+01, 5.3587e-01, 
 2DIAGNOSTIC,    11, -3.488574326038e-01, 2.672922564670e-04, 5.1506e+01, 7.2203e-01, 
 2DIAGNOSTIC,    12, -3.488881289959e-01, 2.025224239333e-04, 5.2048e+01, 5.4193e-01, 
 2DIAGNOSTIC,    13, -3.489708602428e-01, 1.434221048839e-04, 5.2849e+01, 8.0044e-01, 
 2DIAGNOSTIC,    14, -3.489717841148e-01, 9.304958803114e-05, 5.3477e+01, 6.2792e-01, 
 2DIAGNOSTIC,    15, -3.489766716957e-01, 5.746400711359e-05, 5.4103e+01, 6.2617e-01, 
 2DIAGNOSTIC,    16, -3.489776551723e-01, 4.074399475940e-05, 5.4731e+01, 6.2777e-01, 
 2DIAGNOSTIC,    17, -3.489823341370e-01, 3.490672679618e-05, 5.5348e+01, 6.1743e-01, 
 2DIAGNOSTIC,    18, -3.489819169044e-01, 2.769716047624e-05, 5.5980e+01, 6.3197e-01, 
 2DIAGNOSTIC,    19, -3.489823639393e-01, 1.876656278910e-05, 5.6609e+01, 6.2909e-01, 
 2DIAGNOSTIC,    20, -3.489876985550e-01, 1.078346758732e-05, 5.7241e+01, 6.3172e-01, 
 2DIAGNOSTIC,    21, -3.489919602871e-01, 6.532635325129e-06, 5.7785e+01, 5.4429e-01, 
 2DIAGNOSTIC,    22, -3.490088284016e-01, 3.873639343510e-06, 5.8328e+01, 5.4312e-01, 
 2DIAGNOSTIC,    23, -3.490178287029e-01, 4.459805040824e-06, 5.8870e+01, 5.4199e-01, 
 2DIAGNOSTIC,    24, -3.490229547024e-01, 4.912174063065e-06, 5.9413e+01, 5.4313e-01, 
 2DIAGNOSTIC,    25, -3.490324616432e-01, 5.465922640724e-06, 6.0048e+01, 6.3471e-01, 
 2DIAGNOSTIC,    26, -3.490401506424e-01, 5.843649887538e-06, 6.0762e+01, 7.1379e-01, 
 2DIAGNOSTIC,    27, -3.490653336048e-01, 6.652195224888e-06, 6.1557e+01, 7.9569e-01, 
 2DIAGNOSTIC,    28, -3.490491807461e-01, 6.387349458237e-06, 6.2101e+01, 5.4312e-01, 
 2DIAGNOSTIC,    29, -3.490507304668e-01, 5.726609742851e-06, 6.2719e+01, 6.1838e-01, 
 2DIAGNOSTIC,    30, -3.490500748158e-01, 4.804628133570e-06, 6.3347e+01, 6.2759e-01, 
 2DIAGNOSTIC,    31, -3.490469455719e-01, 3.597189333959e-06, 6.3963e+01, 6.1687e-01, 
 2DIAGNOSTIC,    32, -3.490469455719e-01, 2.643023890414e-06, 6.4770e+01, 8.0627e-01, 
 2DIAGNOSTIC,    33, -3.490471541882e-01, 1.823190245887e-06, 6.5404e+01, 6.3430e-01, 
 2DIAGNOSTIC,    34, -3.490469455719e-01, 1.093050400414e-06, 6.6032e+01, 6.2807e-01, 
DIAGNOSTIC,Iteration,metricValue,convergenceValue,ITERATION_TIME_INDEX,SINCE_LAST
 2DIAGNOSTIC,     1, -2.967911064625e-01, inf, 7.5607e+01, 9.5749e+00, 
  Elapsed time (stage 1): 7.7387e+01


Stage 2
  iterations = 100x100x70x50x0
  convergence threshold = 1.0000e-06
  convergence window size = 10
  number of levels = 5
  using the Mattes MI metric (number of bins = 32, weight = 1.0000e+00)
  preprocessing:  winsorizing the image intensities
  Shrink factors (level 1 out of 5): [10, 10, 10]
  Shrink factors (level 2 out of 5): [6, 6, 6]
  Shrink factors (level 3 out of 5): [4, 4, 4]
  Shrink factors (level 4 out of 5): [2, 2, 2]
  Shrink factors (level 5 out of 5): [1, 1, 1]
  smoothing sigmas per level: [5, 3, 2, 1, 0]
  Using default NONE metricSamplingStrategy 

*** Running SyN registration (varianceForUpdateField = 3.0000e+00, varianceForTotalField = 0.0000e+00) ***

XXDIAGNOSTIC,Iteration,metricValue,convergenceValue,ITERATION_TIME_INDEX,SINCE_LAST
 1DIAGNOSTIC,     1, -4.816468954086e-01, inf, 3.2016e+01, 3.2016e+01, 
 1DIAGNOSTIC,     2, -4.930275976658e-01, inf, 3.2169e+01, 1.5287e-01, 
 1DIAGNOSTIC,     3, -5.047293901443e-01, inf, 3.2322e+01, 1.5269e-01, 
 1DIAGNOSTIC,     4, -5.102007389069e-01, inf, 3.2471e+01, 1.4958e-01, 
 1DIAGNOSTIC,     5, -5.108569860458e-01, inf, 3.2617e+01, 1.4619e-01, 
 1DIAGNOSTIC,     6, -5.108540058136e-01, inf, 3.2764e+01, 1.4644e-01, 
 1DIAGNOSTIC,     7, -5.090375542641e-01, inf, 3.2914e+01, 1.5005e-01, 
 1DIAGNOSTIC,     8, -5.060701966286e-01, inf, 3.3061e+01, 1.4703e-01, 
 1DIAGNOSTIC,     9, -5.022974610329e-01, inf, 3.3207e+01, 1.4650e-01, 
 1DIAGNOSTIC,    10, -5.000363588333e-01, 1.522684120573e-03, 3.3355e+01, 1.4779e-01, 
 1DIAGNOSTIC,    11, -4.969254732132e-01, -4.232766223140e-04, 3.3503e+01, 1.4757e-01, 
XXDIAGNOSTIC,Iteration,metricValue,convergenceValue,ITERATION_TIME_INDEX,SINCE_LAST
 1DIAGNOSTIC,     1, -3.962908089161e-01, inf, 4.7894e+01, 1.4391e+01, 
 1DIAGNOSTIC,     2, -3.973557054996e-01, inf, 4.8471e+01, 5.7685e-01, 
 1DIAGNOSTIC,     3, -3.979251980782e-01, inf, 4.9047e+01, 5.7591e-01, 
 1DIAGNOSTIC,     4, -3.977370858192e-01, inf, 4.9622e+01, 5.7507e-01, 
 1DIAGNOSTIC,     5, -3.974676728249e-01, inf, 5.0198e+01, 5.7643e-01, 
 1DIAGNOSTIC,     6, -3.967654705048e-01, inf, 5.0775e+01, 5.7630e-01, 
 1DIAGNOSTIC,     7, -3.959773778915e-01, inf, 5.1350e+01, 5.7581e-01, 
 1DIAGNOSTIC,     8, -3.950734734535e-01, inf, 5.1928e+01, 5.7729e-01, 
 1DIAGNOSTIC,     9, -3.940827846527e-01, inf, 5.2506e+01, 5.7856e-01, 
 1DIAGNOSTIC,    10, -3.933884203434e-01, -6.209938437678e-04, 5.3085e+01, 5.7897e-01, 
XXDIAGNOSTIC,Iteration,metricValue,convergenceValue,ITERATION_TIME_INDEX,SINCE_LAST
 1DIAGNOSTIC,     1, -3.375300168991e-01, inf, 6.3261e+01, 1.0176e+01, 
 1DIAGNOSTIC,     2, -3.382508158684e-01, inf, 6.5049e+01, 1.7880e+00, 
 1DIAGNOSTIC,     3, -3.387156128883e-01, inf, 6.6830e+01, 1.7809e+00, 
 1DIAGNOSTIC,     4, -3.390952348709e-01, inf, 6.8680e+01, 1.8499e+00, 
 1DIAGNOSTIC,     5, -3.391679227352e-01, inf, 7.0467e+01, 1.7871e+00, 
 1DIAGNOSTIC,     6, -3.390470445156e-01, inf, 7.2255e+01, 1.7876e+00, 
 1DIAGNOSTIC,     7, -3.389016985893e-01, inf, 7.4098e+01, 1.8430e+00, 
 1DIAGNOSTIC,     8, -3.387434780598e-01, inf, 7.5945e+01, 1.8469e+00, 
 1DIAGNOSTIC,     9, -3.385680317879e-01, inf, 7.7741e+01, 1.7959e+00, 
 1DIAGNOSTIC,    10, -3.384016156197e-01, 9.197457256960e-05, 7.9639e+01, 1.8988e+00, 
 1DIAGNOSTIC,    11, -3.382181525230e-01, -6.572810525540e-05, 8.1488e+01, 1.8488e+00, 
XXDIAGNOSTIC,Iteration,metricValue,convergenceValue,ITERATION_TIME_INDEX,SINCE_LAST
 1DIAGNOSTIC,     1, -2.853598296642e-01, inf, 1.0127e+02, 1.9778e+01, 
 1DIAGNOSTIC,     2, -2.861228883266e-01, inf, 1.1416e+02, 1.2892e+01, 
 1DIAGNOSTIC,     3, -2.869628965855e-01, inf, 1.2704e+02, 1.2881e+01, 
 1DIAGNOSTIC,     4, -2.877492904663e-01, inf, 1.3995e+02, 1.2909e+01, 
 1DIAGNOSTIC,     5, -2.884542346001e-01, inf, 1.5326e+02, 1.3312e+01, 
 1DIAGNOSTIC,     6, -2.892007827759e-01, inf, 1.6611e+02, 1.2846e+01, 
 1DIAGNOSTIC,     7, -2.898154854774e-01, inf, 1.7947e+02, 1.3368e+01, 
 1DIAGNOSTIC,     8, -2.902993857861e-01, inf, 1.9243e+02, 1.2956e+01, 
 1DIAGNOSTIC,     9, -2.907228469849e-01, inf, 2.0579e+02, 1.3356e+01, 
 1DIAGNOSTIC,    10, -2.911852598190e-01, 1.310498220846e-03, 2.1959e+02, 1.3802e+01, 
 1DIAGNOSTIC,    11, -2.915887236595e-01, 1.094600767829e-03, 2.3342e+02, 1.3837e+01, 
 1DIAGNOSTIC,    12, -2.919441461563e-01, 9.073226829059e-04, 2.4724e+02, 1.3817e+01, 
 1DIAGNOSTIC,    13, -2.922517359257e-01, 7.532619056292e-04, 2.6104e+02, 1.3800e+01, 
 1DIAGNOSTIC,    14, -2.925238013268e-01, 6.267432472669e-04, 2.7491e+02, 1.3866e+01, 
 1DIAGNOSTIC,    15, -2.927924990654e-01, 5.229116650298e-04, 2.8869e+02, 1.3780e+01, 
 1DIAGNOSTIC,    16, -2.930475473404e-01, 4.449202388059e-04, 3.0251e+02, 1.3818e+01, 
 1DIAGNOSTIC,    17, -2.932716906071e-01, 3.832069633063e-04, 3.1626e+02, 1.3751e+01, 
 1DIAGNOSTIC,    18, -2.934421300888e-01, 3.284309932496e-04, 3.3009e+02, 1.3833e+01, 
 1DIAGNOSTIC,    19, -2.936087846756e-01, 2.792201121338e-04, 3.4385e+02, 1.3763e+01, 
 1DIAGNOSTIC,    20, -2.937006950378e-01, 2.359141944908e-04, 3.5763e+02, 1.3773e+01, 
 1DIAGNOSTIC,    21, -2.938600182533e-01, 2.008574956562e-04, 3.7138e+02, 1.3756e+01, 
 1DIAGNOSTIC,    22, -2.940068244934e-01, 1.723865570966e-04, 3.8514e+02, 1.3762e+01, 
 1DIAGNOSTIC,    23, -2.941585779190e-01, 1.496893382864e-04, 3.9894e+02, 1.3801e+01, 
 1DIAGNOSTIC,    24, -2.942548394203e-01, 1.297880662605e-04, 4.1279e+02, 1.3849e+01, 
 1DIAGNOSTIC,    25, -2.943683564663e-01, 1.142254841398e-04, 4.2662e+02, 1.3830e+01, 
 1DIAGNOSTIC,    26, -2.944889664650e-01, 1.031566571328e-04, 4.4039e+02, 1.3764e+01, 
 1DIAGNOSTIC,    27, -2.946189939976e-01, 9.590177796781e-05, 4.5415e+02, 1.3764e+01, 
 1DIAGNOSTIC,    28, -2.947276234627e-01, 8.977596007753e-05, 4.6797e+02, 1.3815e+01, 
 1DIAGNOSTIC,    29, -2.948356866837e-01, 8.491635526298e-05, 4.8178e+02, 1.3812e+01, 
 1DIAGNOSTIC,    30, -2.949160039425e-01, 7.796205318300e-05, 4.9562e+02, 1.3844e+01, 
 1DIAGNOSTIC,    31, -2.950214743614e-01, 7.240274135256e-05, 5.0946e+02, 1.3837e+01, 
 1DIAGNOSTIC,    32, -2.950737774372e-01, 6.634445162490e-05, 5.2324e+02, 1.3777e+01, 
 1DIAGNOSTIC,    33, -2.951068282127e-01, 5.987592521706e-05, 5.3701e+02, 1.3775e+01, 
 1DIAGNOSTIC,    34, -2.951641976833e-01, 5.257083103061e-05, 5.5075e+02, 1.3738e+01, 
 1DIAGNOSTIC,    35, -2.952276468277e-01, 4.562314279610e-05, 5.6452e+02, 1.3772e+01, 
 1DIAGNOSTIC,    36, -2.952665090561e-01, 3.902420939994e-05, 5.7828e+02, 1.3758e+01, 
 1DIAGNOSTIC,    37, -2.953304052353e-01, 3.421397923375e-05, 5.9202e+02, 1.3745e+01, 
 1DIAGNOSTIC,    38, -2.953423261642e-01, 2.952161776193e-05, 6.0579e+02, 1.3770e+01, 
 1DIAGNOSTIC,    39, -2.954017519951e-01, 2.649834641488e-05, 6.1962e+02, 1.3827e+01, 
 1DIAGNOSTIC,    40, -2.954111695290e-01, 2.326503636141e-05, 6.3340e+02, 1.3779e+01, 
 1DIAGNOSTIC,    41, -2.954359352589e-01, 2.111500907631e-05, 6.4715e+02, 1.3754e+01, 
 1DIAGNOSTIC,    42, -2.954160571098e-01, 1.787371002138e-05, 6.6094e+02, 1.3781e+01, 
 1DIAGNOSTIC,    43, -2.954305410385e-01, 1.422497916792e-05, 6.7477e+02, 1.3832e+01, 
 1DIAGNOSTIC,    44, -2.954069972038e-01, 1.016477654048e-05, 6.8856e+02, 1.3793e+01, 
 1DIAGNOSTIC,    45, -2.954135537148e-01, 6.890678832860e-06, 7.0240e+02, 1.3838e+01, 
 1DIAGNOSTIC,    46, -2.954035401344e-01, 3.748997414732e-06, 7.1616e+02, 1.3761e+01, 
 1DIAGNOSTIC,    47, -2.954022884369e-01, 1.756447204571e-06, 7.2992e+02, 1.3758e+01, 
 1DIAGNOSTIC,    48, -2.953672409058e-01, -7.474960170839e-07, 7.4374e+02, 1.3826e+01, 
  Elapsed time (stage 2): 767.7


Total elapsed time: 915.3

--- Writing output images ---

Using double precision for computations.
Input scalar image: data/Segmentations/1119_3_seg.nii.gz
Reference image: data/template/T_template0_BrainCerebellum.nii.gz
=============================================================================
The composite transform comprises the following transforms (in order): 
  1. /tmp/1972041.1.basic.q/1119_ToTemplate_014_0GenericAffine.mat (type = AffineTransform)
  2. /tmp/1972041.1.basic.q/1119_ToTemplate_014_1Warp.nii.gz (type = DisplacementFieldTransform)
=============================================================================
Default pixel value: 0
Interpolation type: LabelImageGenericInterpolateImageFunction
Output warped image: output/1119/1119_WarpedLabels_014.nii.gz

--- Done ---

