
--- Running on compute-1-12.local ---


--- registration call ---
/data/jet/pcook/bin/antsBuild/bin/antsRegistrationSyNQuick.sh -d 3 -f data/template/T_template0_BrainCerebellum.nii.gz -m data/Brains/1014_3.nii.gz -t s -p f -n 1 -o /tmp/1978910.1.basic.q/1014_ToTemplate_008_
---


--------------------------------------------------------------------------------------
 Mapping parameters
--------------------------------------------------------------------------------------
 ANTSPATH is /data/jet/pcook/bin/antsBuild/bin/

 Dimensionality:           3
 Output name prefix:       /tmp/1978910.1.basic.q/1014_ToTemplate_008_
 Fixed images:             data/template/T_template0_BrainCerebellum.nii.gz
 Moving images:            data/Brains/1014_3.nii.gz
 Mask images:              
 Initial transforms:       
 Number of threads:        1
 Spline distance:          26
 Transform type:           s
 MI histogram bins:        32
 Precision:                f
 Use histogram matching    0
======================================================================================
 antsRegistration call:
--------------------------------------------------------------------------------------
/data/jet/pcook/bin/antsBuild/bin//antsRegistration --verbose 1 --dimensionality 3 --float 1 --collapse-output-transforms 1 --output [/tmp/1978910.1.basic.q/1014_ToTemplate_008_,/tmp/1978910.1.basic.q/1014_ToTemplate_008_Warped.nii.gz,/tmp/1978910.1.basic.q/1014_ToTemplate_008_InverseWarped.nii.gz] --interpolation Linear --use-histogram-matching 0 --winsorize-image-intensities [0.005,0.995] --initial-moving-transform [data/template/T_template0_BrainCerebellum.nii.gz,data/Brains/1014_3.nii.gz,1] --transform Rigid[0.1] --metric MI[data/template/T_template0_BrainCerebellum.nii.gz,data/Brains/1014_3.nii.gz,1,32,Regular,0.25] --convergence [1000x500x250x0,1e-6,10] --shrink-factors 12x8x4x2 --smoothing-sigmas 4x3x2x1vox --transform Affine[0.1] --metric MI[data/template/T_template0_BrainCerebellum.nii.gz,data/Brains/1014_3.nii.gz,1,32,Regular,0.25] --convergence [1000x500x250x0,1e-6,10] --shrink-factors 12x8x4x2 --smoothing-sigmas 4x3x2x1vox --transform SyN[0.1,3,0] --metric MI[data/template/T_template0_BrainCerebellum.nii.gz,data/Brains/1014_3.nii.gz,1,32] --convergence [100x100x70x50x0,1e-6,10] --shrink-factors 10x6x4x2x1 --smoothing-sigmas 5x3x2x1x0vox
--------------------------------------------------------------------------------------
All_Command_lines_OK
Using single precision for computations.
=============================================================================
The composite transform comprises the following transforms (in order): 
  1. Center of mass alignment using fixed image: data/template/T_template0_BrainCerebellum.nii.gz and moving image: data/Brains/1014_3.nii.gz (type = Euler3DTransform)
=============================================================================
  number of levels = 4
  number of levels = 4
  number of levels = 5
  fixed image: data/template/T_template0_BrainCerebellum.nii.gz
  moving image: data/Brains/1014_3.nii.gz
  fixed image: data/template/T_template0_BrainCerebellum.nii.gz
  moving image: data/Brains/1014_3.nii.gz
  fixed image: data/template/T_template0_BrainCerebellum.nii.gz
  moving image: data/Brains/1014_3.nii.gz
Dimension = 3
Number of stages = 3
Use Histogram Matching false
Winsorize image intensities true
Lower quantile = 0.005
Upper quantile = 0.995
Stage 1 State
   Image metric = Mattes
     Fixed image = Image (0x3d80440)
  RTTI typeinfo:   itk::Image<float, 3u>
  Reference Count: 2
  Modified Time: 1611
  Debug: Off
  Object Name: 
  Observers: 
    none
  Source: (none)
  Source output name: (none)
  Release Data: Off
  Data Released: False
  Global Release Data: Off
  PipelineMTime: 0
  UpdateMTime: 1422
  RealTimeStamp: 0 seconds 
  LargestPossibleRegion: 
    Dimension: 3
    Index: [0, 0, 0]
    Size: [216, 256, 291]
  BufferedRegion: 
    Dimension: 3
    Index: [0, 0, 0]
    Size: [216, 256, 291]
  RequestedRegion: 
    Dimension: 3
    Index: [0, 0, 0]
    Size: [216, 256, 291]
  Spacing: [1, 1, 1]
  Origin: [0, 293, 0]
  Direction: 
1 0 0
0 -0 -1
0 -1 -0

  IndexToPointMatrix: 
1 0 0
0 0 -1
0 -1 0

  PointToIndexMatrix: 
1 0 0
0 0 -1
0 -1 0

  Inverse Direction: 
1 0 0
0 0 -1
0 -1 0

  PixelContainer: 
    ImportImageContainer (0x3d66120)
      RTTI typeinfo:   itk::ImportImageContainer<unsigned long, float>
      Reference Count: 1
      Modified Time: 1419
      Debug: Off
      Object Name: 
      Observers: 
        none
      Pointer: 0x7f45e5da7010
      Container manages memory: true
      Size: 16091136
      Capacity: 16091136

     Moving image = Image (0x3d80e80)
  RTTI typeinfo:   itk::Image<float, 3u>
  Reference Count: 2
  Modified Time: 1612
  Debug: Off
  Object Name: 
  Observers: 
    none
  Source: (none)
  Source output name: (none)
  Release Data: Off
  Data Released: False
  Global Release Data: Off
  PipelineMTime: 0
  UpdateMTime: 1609
  RealTimeStamp: 0 seconds 
  LargestPossibleRegion: 
    Dimension: 3
    Index: [0, 0, 0]
    Size: [256, 256, 307]
  BufferedRegion: 
    Dimension: 3
    Index: [0, 0, 0]
    Size: [256, 256, 307]
  RequestedRegion: 
    Dimension: 3
    Index: [0, 0, 0]
    Size: [256, 256, 307]
  Spacing: [1, 1, 1]
  Origin: [0, 306, 0]
  Direction: 
1 0 0
0 -0 -1
0 -1 -0

  IndexToPointMatrix: 
1 0 0
0 0 -1
0 -1 0

  PointToIndexMatrix: 
1 0 0
0 0 -1
0 -1 0

  Inverse Direction: 
1 0 0
0 0 -1
0 -1 0

  PixelContainer: 
    ImportImageContainer (0x3d832d0)
      RTTI typeinfo:   itk::ImportImageContainer<unsigned long, float>
      Reference Count: 1
      Modified Time: 1606
      Debug: Off
      Object Name: 
      Observers: 
        none
      Pointer: 0x7f45e10e6010
      Container manages memory: true
      Size: 20119552
      Capacity: 20119552

     Weighting = 1
     Sampling strategy = regular
     Number of bins = 32
     Radius = 4
     Sampling percentage  = 0.25
   Transform = Rigid
     Gradient step = 0.1
     Update field sigma (voxel space) = 0
     Total field sigma (voxel space) = 0
     Update field time sigma = 0
     Total field time sigma  = 0
     Number of time indices = 0
     Number of time point samples = 0
Stage 2 State
   Image metric = Mattes
     Fixed image = Image (0x3d8b6e0)
  RTTI typeinfo:   itk::Image<float, 3u>
  Reference Count: 2
  Modified Time: 1987
  Debug: Off
  Object Name: 
  Observers: 
    none
  Source: (none)
  Source output name: (none)
  Release Data: Off
  Data Released: False
  Global Release Data: Off
  PipelineMTime: 0
  UpdateMTime: 1798
  RealTimeStamp: 0 seconds 
  LargestPossibleRegion: 
    Dimension: 3
    Index: [0, 0, 0]
    Size: [216, 256, 291]
  BufferedRegion: 
    Dimension: 3
    Index: [0, 0, 0]
    Size: [216, 256, 291]
  RequestedRegion: 
    Dimension: 3
    Index: [0, 0, 0]
    Size: [216, 256, 291]
  Spacing: [1, 1, 1]
  Origin: [0, 293, 0]
  Direction: 
1 0 0
0 -0 -1
0 -1 -0

  IndexToPointMatrix: 
1 0 0
0 0 -1
0 -1 0

  PointToIndexMatrix: 
1 0 0
0 0 -1
0 -1 0

  Inverse Direction: 
1 0 0
0 0 -1
0 -1 0

  PixelContainer: 
    ImportImageContainer (0x3d8bf80)
      RTTI typeinfo:   itk::ImportImageContainer<unsigned long, float>
      Reference Count: 1
      Modified Time: 1795
      Debug: Off
      Object Name: 
      Observers: 
        none
      Pointer: 0x7f45dd383010
      Container manages memory: true
      Size: 16091136
      Capacity: 16091136

     Moving image = Image (0x3d8ba70)
  RTTI typeinfo:   itk::Image<float, 3u>
  Reference Count: 2
  Modified Time: 1988
  Debug: Off
  Object Name: 
  Observers: 
    none
  Source: (none)
  Source output name: (none)
  Release Data: Off
  Data Released: False
  Global Release Data: Off
  PipelineMTime: 0
  UpdateMTime: 1985
  RealTimeStamp: 0 seconds 
  LargestPossibleRegion: 
    Dimension: 3
    Index: [0, 0, 0]
    Size: [256, 256, 307]
  BufferedRegion: 
    Dimension: 3
    Index: [0, 0, 0]
    Size: [256, 256, 307]
  RequestedRegion: 
    Dimension: 3
    Index: [0, 0, 0]
    Size: [256, 256, 307]
  Spacing: [1, 1, 1]
  Origin: [0, 306, 0]
  Direction: 
1 0 0
0 -0 -1
0 -1 -0

  IndexToPointMatrix: 
1 0 0
0 0 -1
0 -1 0

  PointToIndexMatrix: 
1 0 0
0 0 -1
0 -1 0

  Inverse Direction: 
1 0 0
0 0 -1
0 -1 0

  PixelContainer: 
    ImportImageContainer (0x3d8c970)
      RTTI typeinfo:   itk::ImportImageContainer<unsigned long, float>
      Reference Count: 1
      Modified Time: 1982
      Debug: Off
      Object Name: 
      Observers: 
        none
      Pointer: 0x7f45d86c2010
      Container manages memory: true
      Size: 20119552
      Capacity: 20119552

     Weighting = 1
     Sampling strategy = regular
     Number of bins = 32
     Radius = 4
     Sampling percentage  = 0.25
   Transform = Affine
     Gradient step = 0.1
     Update field sigma (voxel space) = 0
     Total field sigma (voxel space) = 0
     Update field time sigma = 0
     Total field time sigma  = 0
     Number of time indices = 0
     Number of time point samples = 0
Stage 3 State
   Image metric = Mattes
     Fixed image = Image (0x3d927d0)
  RTTI typeinfo:   itk::Image<float, 3u>
  Reference Count: 2
  Modified Time: 2363
  Debug: Off
  Object Name: 
  Observers: 
    none
  Source: (none)
  Source output name: (none)
  Release Data: Off
  Data Released: False
  Global Release Data: Off
  PipelineMTime: 0
  UpdateMTime: 2174
  RealTimeStamp: 0 seconds 
  LargestPossibleRegion: 
    Dimension: 3
    Index: [0, 0, 0]
    Size: [216, 256, 291]
  BufferedRegion: 
    Dimension: 3
    Index: [0, 0, 0]
    Size: [216, 256, 291]
  RequestedRegion: 
    Dimension: 3
    Index: [0, 0, 0]
    Size: [216, 256, 291]
  Spacing: [1, 1, 1]
  Origin: [0, 293, 0]
  Direction: 
1 0 0
0 -0 -1
0 -1 -0

  IndexToPointMatrix: 
1 0 0
0 0 -1
0 -1 0

  PointToIndexMatrix: 
1 0 0
0 0 -1
0 -1 0

  Inverse Direction: 
1 0 0
0 0 -1
0 -1 0

  PixelContainer: 
    ImportImageContainer (0x3d92a60)
      RTTI typeinfo:   itk::ImportImageContainer<unsigned long, float>
      Reference Count: 1
      Modified Time: 2171
      Debug: Off
      Object Name: 
      Observers: 
        none
      Pointer: 0x7f45d495f010
      Container manages memory: true
      Size: 16091136
      Capacity: 16091136

     Moving image = Image (0x3d951d0)
  RTTI typeinfo:   itk::Image<float, 3u>
  Reference Count: 2
  Modified Time: 2364
  Debug: Off
  Object Name: 
  Observers: 
    none
  Source: (none)
  Source output name: (none)
  Release Data: Off
  Data Released: False
  Global Release Data: Off
  PipelineMTime: 0
  UpdateMTime: 2361
  RealTimeStamp: 0 seconds 
  LargestPossibleRegion: 
    Dimension: 3
    Index: [0, 0, 0]
    Size: [256, 256, 307]
  BufferedRegion: 
    Dimension: 3
    Index: [0, 0, 0]
    Size: [256, 256, 307]
  RequestedRegion: 
    Dimension: 3
    Index: [0, 0, 0]
    Size: [256, 256, 307]
  Spacing: [1, 1, 1]
  Origin: [0, 306, 0]
  Direction: 
1 0 0
0 -0 -1
0 -1 -0

  IndexToPointMatrix: 
1 0 0
0 0 -1
0 -1 0

  PointToIndexMatrix: 
1 0 0
0 0 -1
0 -1 0

  Inverse Direction: 
1 0 0
0 0 -1
0 -1 0

  PixelContainer: 
    ImportImageContainer (0x3d92ac0)
      RTTI typeinfo:   itk::ImportImageContainer<unsigned long, float>
      Reference Count: 1
      Modified Time: 2358
      Debug: Off
      Object Name: 
      Observers: 
        none
      Pointer: 0x7f45cfc9e010
      Container manages memory: true
      Size: 20119552
      Capacity: 20119552

     Weighting = 1
     Sampling strategy = none
     Number of bins = 32
     Radius = 4
     Sampling percentage  = 1
   Transform = SyN
     Gradient step = 0.1
     Update field sigma (voxel space) = 3
     Total field sigma (voxel space) = 0
     Update field time sigma = 0
     Total field time sigma  = 0
     Number of time indices = 0
     Number of time point samples = 0
Registration using 3 total stages.

Stage 0
  iterations = 1000x500x250x0
  convergence threshold = 1e-06
  convergence window size = 10
  number of levels = 4
  using the Mattes MI metric (number of bins = 32, weight = 1)
  preprocessing:  winsorizing the image intensities
  Shrink factors (level 1 out of 4): [12, 12, 12]
  Shrink factors (level 2 out of 4): [8, 8, 8]
  Shrink factors (level 3 out of 4): [4, 4, 4]
  Shrink factors (level 4 out of 4): [2, 2, 2]
  smoothing sigmas per level: [4, 3, 2, 1]
  regular sampling (percentage = 0.25)

*** Running Euler3DTransform registration ***

DIAGNOSTIC,Iteration,metricValue,convergenceValue,ITERATION_TIME_INDEX,SINCE_LAST
 2DIAGNOSTIC,     1, -4.612632393837e-01, inf, 1.8638e+01, 1.8638e+01, 
 2DIAGNOSTIC,     2, -4.623093903065e-01, inf, 1.8648e+01, 9.7890e-03, 
 2DIAGNOSTIC,     3, -4.632729291916e-01, inf, 1.8658e+01, 9.6140e-03, 
 2DIAGNOSTIC,     4, -4.640193283558e-01, inf, 1.8667e+01, 9.6169e-03, 
 2DIAGNOSTIC,     5, -4.649882316589e-01, inf, 1.8677e+01, 9.7141e-03, 
 2DIAGNOSTIC,     6, -4.654018878937e-01, inf, 1.8688e+01, 1.1290e-02, 
 2DIAGNOSTIC,     7, -4.655960798264e-01, inf, 1.8698e+01, 9.6440e-03, 
 2DIAGNOSTIC,     8, -4.656477272511e-01, inf, 1.8712e+01, 1.4505e-02, 
 2DIAGNOSTIC,     9, -4.662534892559e-01, inf, 1.8722e+01, 9.6331e-03, 
 2DIAGNOSTIC,    10, -4.663729369640e-01, 6.778659881093e-04, 1.8734e+01, 1.1833e-02, 
 2DIAGNOSTIC,    11, -4.663899540901e-01, 4.864900256507e-04, 1.8744e+01, 1.0074e-02, 
 2DIAGNOSTIC,    12, -4.665857851505e-01, 3.471914678812e-04, 1.8756e+01, 1.1631e-02, 
 2DIAGNOSTIC,    13, -4.667994379997e-01, 2.531539357733e-04, 1.8772e+01, 1.6266e-02, 
 2DIAGNOSTIC,    14, -4.668005704880e-01, 1.809788809624e-04, 1.8782e+01, 1.0048e-02, 
 2DIAGNOSTIC,    15, -4.668001532555e-01, 1.412949932273e-04, 1.8792e+01, 1.0026e-02, 
 2DIAGNOSTIC,    16, -4.668013453484e-01, 1.099300570786e-04, 1.8802e+01, 1.0031e-02, 
 2DIAGNOSTIC,    17, -4.668035805225e-01, 7.951561565278e-05, 1.8814e+01, 1.1632e-02, 
 2DIAGNOSTIC,    18, -4.668043553829e-01, 4.641673876904e-05, 1.8825e+01, 1.1609e-02, 
 2DIAGNOSTIC,    19, -4.668085277081e-01, 3.224533065804e-05, 1.8838e+01, 1.3144e-02, 
 2DIAGNOSTIC,    20, -4.668101370335e-01, 2.051043156825e-05, 1.8848e+01, 1.0021e-02, 
 2DIAGNOSTIC,    21, -4.668127298355e-01, 8.615697879577e-06, 1.8858e+01, 1.0009e-02, 
 2DIAGNOSTIC,    22, -4.668148458004e-01, 2.462252723490e-06, 1.8872e+01, 1.3139e-02, 
DIAGNOSTIC,Iteration,metricValue,convergenceValue,ITERATION_TIME_INDEX,SINCE_LAST
 2DIAGNOSTIC,     1, -3.982409536839e-01, inf, 3.3424e+01, 1.4552e+01, 
 2DIAGNOSTIC,     2, -3.990060687065e-01, inf, 3.3473e+01, 4.9189e-02, 
 2DIAGNOSTIC,     3, -3.999638855457e-01, inf, 3.3522e+01, 4.9137e-02, 
 2DIAGNOSTIC,     4, -4.010207653046e-01, inf, 3.3571e+01, 4.9005e-02, 
 2DIAGNOSTIC,     5, -4.013186395168e-01, inf, 3.3620e+01, 4.9247e-02, 
 2DIAGNOSTIC,     6, -4.016361534595e-01, inf, 3.3679e+01, 5.8505e-02, 
 2DIAGNOSTIC,     7, -4.019377529621e-01, inf, 3.3737e+01, 5.8659e-02, 
 2DIAGNOSTIC,     8, -4.020231962204e-01, inf, 3.3786e+01, 4.8991e-02, 
 2DIAGNOSTIC,     9, -4.031581878662e-01, inf, 3.3845e+01, 5.8749e-02, 
 2DIAGNOSTIC,    10, -4.035478830338e-01, 7.725728792138e-04, 3.3914e+01, 6.8834e-02, 
 2DIAGNOSTIC,    11, -4.035862088203e-01, 6.202185177244e-04, 3.3991e+01, 7.7366e-02, 
 2DIAGNOSTIC,    12, -4.035540223122e-01, 4.816182190552e-04, 3.4060e+01, 6.8287e-02, 
 2DIAGNOSTIC,    13, -4.035427272320e-01, 3.715947677847e-04, 3.4109e+01, 4.9720e-02, 
 2DIAGNOSTIC,    14, -4.035013616085e-01, 2.941212442238e-04, 3.4159e+01, 4.9638e-02, 
 2DIAGNOSTIC,    15, -4.034157991409e-01, 2.097063552355e-04, 3.4218e+01, 5.9349e-02, 
 2DIAGNOSTIC,    16, -4.034011065960e-01, 1.306986523559e-04, 3.4278e+01, 5.9457e-02, 
 2DIAGNOSTIC,    17, -4.033634662628e-01, 6.083953485359e-05, 3.4337e+01, 5.9064e-02, 
DIAGNOSTIC,Iteration,metricValue,convergenceValue,ITERATION_TIME_INDEX,SINCE_LAST
 2DIAGNOSTIC,     1, -3.402253389359e-01, inf, 4.3304e+01, 8.9675e+00, 
 2DIAGNOSTIC,     2, -3.403996527195e-01, inf, 4.3707e+01, 4.0253e-01, 
 2DIAGNOSTIC,     3, -3.405319750309e-01, inf, 4.4190e+01, 4.8330e-01, 
 2DIAGNOSTIC,     4, -3.405844569206e-01, inf, 4.4592e+01, 4.0226e-01, 
 2DIAGNOSTIC,     5, -3.406314253807e-01, inf, 4.4994e+01, 4.0202e-01, 
 2DIAGNOSTIC,     6, -3.407859504223e-01, inf, 4.5394e+01, 3.9913e-01, 
 2DIAGNOSTIC,     7, -3.410614430904e-01, inf, 4.5792e+01, 3.9853e-01, 
 2DIAGNOSTIC,     8, -3.413242101669e-01, inf, 4.6190e+01, 3.9836e-01, 
 2DIAGNOSTIC,     9, -3.419532179832e-01, inf, 4.7066e+01, 8.7508e-01, 
 2DIAGNOSTIC,    10, -3.419494330883e-01, 3.270908200648e-04, 4.7862e+01, 7.9677e-01, 
 2DIAGNOSTIC,    11, -3.419520556927e-01, 3.150838892907e-04, 4.8260e+01, 3.9815e-01, 
 2DIAGNOSTIC,    12, -3.419471681118e-01, 2.889669558499e-04, 4.8739e+01, 4.7807e-01, 
 2DIAGNOSTIC,    13, -3.419414162636e-01, 2.487477904651e-04, 4.9217e+01, 4.7826e-01, 
 2DIAGNOSTIC,    14, -3.419436216354e-01, 1.947904092958e-04, 4.9615e+01, 3.9832e-01, 
 2DIAGNOSTIC,    15, -3.419429063797e-01, 1.330726227025e-04, 5.0014e+01, 3.9908e-01, 
 2DIAGNOSTIC,    16, -3.419400751591e-01, 7.525613182224e-05, 5.0492e+01, 4.7747e-01, 
 2DIAGNOSTIC,    17, -3.419461250305e-01, 3.130717595923e-05, 5.0970e+01, 4.7850e-01, 
DIAGNOSTIC,Iteration,metricValue,convergenceValue,ITERATION_TIME_INDEX,SINCE_LAST
 2DIAGNOSTIC,     1, -2.942273616791e-01, inf, 5.9421e+01, 8.4504e+00, 
  Elapsed time (stage 0): 6.1261e+01


Stage 1
  iterations = 1000x500x250x0
  convergence threshold = 1.0000e-06
  convergence window size = 10
  number of levels = 4
  using the Mattes MI metric (number of bins = 32, weight = 1.0000e+00)
  preprocessing:  winsorizing the image intensities
  Shrink factors (level 1 out of 4): [12, 12, 12]
  Shrink factors (level 2 out of 4): [8, 8, 8]
  Shrink factors (level 3 out of 4): [4, 4, 4]
  Shrink factors (level 4 out of 4): [2, 2, 2]
  smoothing sigmas per level: [4, 3, 2, 1]
  regular sampling (percentage = 2.5000e-01)

*** Running AffineTransform registration ***

DIAGNOSTIC,Iteration,metricValue,convergenceValue,ITERATION_TIME_INDEX,SINCE_LAST
 2DIAGNOSTIC,     1, -4.634538590908e-01, inf, 1.8103e+01, 1.8103e+01, 
 2DIAGNOSTIC,     2, -4.649926424026e-01, inf, 1.8116e+01, 1.3191e-02, 
 2DIAGNOSTIC,     3, -4.674832820892e-01, inf, 1.8129e+01, 1.2997e-02, 
 2DIAGNOSTIC,     4, -4.715490341187e-01, inf, 1.8142e+01, 1.2840e-02, 
 2DIAGNOSTIC,     5, -4.779795408249e-01, inf, 1.8154e+01, 1.2749e-02, 
 2DIAGNOSTIC,     6, -4.883669912815e-01, inf, 1.8168e+01, 1.3308e-02, 
 2DIAGNOSTIC,     7, -5.168735384941e-01, inf, 1.8191e+01, 2.3721e-02, 
 2DIAGNOSTIC,     8, -5.210389494896e-01, inf, 1.8207e+01, 1.5107e-02, 
 2DIAGNOSTIC,     9, -5.222799181938e-01, inf, 1.8220e+01, 1.3106e-02, 
 2DIAGNOSTIC,    10, -5.234645009041e-01, 9.859366342425e-03, 1.8233e+01, 1.3650e-02, 
 2DIAGNOSTIC,    11, -5.252279639244e-01, 8.857747539878e-03, 1.8247e+01, 1.3847e-02, 
 2DIAGNOSTIC,    12, -5.275076627731e-01, 7.399216294289e-03, 1.8261e+01, 1.3757e-02, 
 2DIAGNOSTIC,    13, -5.318717956543e-01, 5.805332679302e-03, 1.8275e+01, 1.3963e-02, 
 2DIAGNOSTIC,    14, -5.347836613655e-01, 4.219960886985e-03, 1.8294e+01, 1.9615e-02, 
 2DIAGNOSTIC,    15, -5.381366610527e-01, 2.844441216439e-03, 1.8317e+01, 2.2583e-02, 
 2DIAGNOSTIC,    16, -5.383375883102e-01, 1.735392375849e-03, 1.8333e+01, 1.5529e-02, 
 2DIAGNOSTIC,    17, -5.384466052055e-01, 1.543256803416e-03, 1.8348e+01, 1.5395e-02, 
 2DIAGNOSTIC,    18, -5.382754802704e-01, 1.354275969788e-03, 1.8363e+01, 1.5355e-02, 
 2DIAGNOSTIC,    19, -5.384525656700e-01, 1.101357396692e-03, 1.8377e+01, 1.3828e-02, 
 2DIAGNOSTIC,    20, -5.384761691093e-01, 8.057880913839e-04, 1.8391e+01, 1.3863e-02, 
 2DIAGNOSTIC,    21, -5.385883450508e-01, 5.147173651494e-04, 1.8406e+01, 1.5412e-02, 
 2DIAGNOSTIC,    22, -5.386109352112e-01, 2.602198510431e-04, 1.8422e+01, 1.5373e-02, 
 2DIAGNOSTIC,    23, -5.388372540474e-01, 1.135430866270e-04, 1.8437e+01, 1.5489e-02, 
 2DIAGNOSTIC,    24, -5.389710664749e-01, 3.652622399386e-05, 1.8451e+01, 1.3721e-02, 
 2DIAGNOSTIC,    25, -5.391825437546e-01, 4.057401383761e-05, 1.8465e+01, 1.3791e-02, 
 2DIAGNOSTIC,    26, -5.390925407410e-01, 4.284033275326e-05, 1.8482e+01, 1.7060e-02, 
 2DIAGNOSTIC,    27, -5.392082929611e-01, 4.583691770677e-05, 1.8497e+01, 1.5458e-02, 
 2DIAGNOSTIC,    28, -5.390868782997e-01, 3.854442547890e-05, 1.8511e+01, 1.3790e-02, 
 2DIAGNOSTIC,    29, -5.390189290047e-01, 3.030926200154e-05, 1.8525e+01, 1.3812e-02, 
 2DIAGNOSTIC,    30, -5.391722321510e-01, 2.308543298568e-05, 1.8539e+01, 1.3836e-02, 
 2DIAGNOSTIC,    31, -5.392146110535e-01, 1.692913610896e-05, 1.8553e+01, 1.3850e-02, 
 2DIAGNOSTIC,    32, -5.393843054771e-01, 1.288058138016e-05, 1.8568e+01, 1.5541e-02, 
 2DIAGNOSTIC,    33, -5.395957231522e-01, 1.511793470854e-05, 1.8584e+01, 1.5649e-02, 
 2DIAGNOSTIC,    34, -5.395193696022e-01, 1.667636752245e-05, 1.8598e+01, 1.3909e-02, 
 2DIAGNOSTIC,    35, -5.397248864174e-01, 2.321654574189e-05, 1.8613e+01, 1.5647e-02, 
 2DIAGNOSTIC,    36, -5.398496389389e-01, 2.762024814729e-05, 1.8629e+01, 1.5575e-02, 
 2DIAGNOSTIC,    37, -5.397849678993e-01, 2.997175215569e-05, 1.8643e+01, 1.3710e-02, 
 2DIAGNOSTIC,    38, -5.396007299423e-01, 2.518240944482e-05, 1.8658e+01, 1.5624e-02, 
 2DIAGNOSTIC,    39, -5.397346615791e-01, 1.931344195327e-05, 1.8674e+01, 1.5422e-02, 
 2DIAGNOSTIC,    40, -5.396282076836e-01, 1.252965648746e-05, 1.8687e+01, 1.3756e-02, 
 2DIAGNOSTIC,    41, -5.395861268044e-01, 4.911928499496e-06, 1.8701e+01, 1.3963e-02, 
DIAGNOSTIC,Iteration,metricValue,convergenceValue,ITERATION_TIME_INDEX,SINCE_LAST
 2DIAGNOSTIC,     1, -4.481348693371e-01, inf, 3.2557e+01, 1.3855e+01, 
 2DIAGNOSTIC,     2, -4.485634267330e-01, inf, 3.2631e+01, 7.4740e-02, 
 2DIAGNOSTIC,     3, -4.486831128597e-01, inf, 3.2696e+01, 6.4551e-02, 
 2DIAGNOSTIC,     4, -4.488628804684e-01, inf, 3.2760e+01, 6.4385e-02, 
 2DIAGNOSTIC,     5, -4.491154551506e-01, inf, 3.2826e+01, 6.5210e-02, 
 2DIAGNOSTIC,     6, -4.496598541737e-01, inf, 3.2901e+01, 7.5429e-02, 
 2DIAGNOSTIC,     7, -4.500350356102e-01, inf, 3.2977e+01, 7.5521e-02, 
 2DIAGNOSTIC,     8, -4.504906833172e-01, inf, 3.3063e+01, 8.5994e-02, 
 2DIAGNOSTIC,     9, -4.503371715546e-01, inf, 3.3138e+01, 7.5544e-02, 
 2DIAGNOSTIC,    10, -4.504848718643e-01, 3.703292459249e-04, 3.3225e+01, 8.6480e-02, 
 2DIAGNOSTIC,    11, -4.504851996899e-01, 3.037727146875e-04, 3.3301e+01, 7.6156e-02, 
 2DIAGNOSTIC,    12, -4.505373239517e-01, 2.462562115397e-04, 3.3377e+01, 7.6175e-02, 
 2DIAGNOSTIC,    13, -4.505699276924e-01, 1.829762913985e-04, 3.3452e+01, 7.5395e-02, 
 2DIAGNOSTIC,    14, -4.506096243858e-01, 1.225099840667e-04, 3.3517e+01, 6.4898e-02, 
 2DIAGNOSTIC,    15, -4.505729079247e-01, 6.800769187976e-05, 3.3583e+01, 6.5342e-02, 
 2DIAGNOSTIC,    16, -4.506994187832e-01, 4.052340227645e-05, 3.3659e+01, 7.6158e-02, 
 2DIAGNOSTIC,    17, -4.507645964622e-01, 2.846519782906e-05, 3.3735e+01, 7.5861e-02, 
 2DIAGNOSTIC,    18, -4.507174491882e-01, 2.978047268698e-05, 3.3800e+01, 6.5150e-02, 
 2DIAGNOSTIC,    19, -4.507913589478e-01, 2.572060657258e-05, 3.3875e+01, 7.5558e-02, 
 2DIAGNOSTIC,    20, -4.507901668549e-01, 2.444447090966e-05, 3.3941e+01, 6.5601e-02, 
 2DIAGNOSTIC,    21, -4.508648812771e-01, 2.334131386306e-05, 3.4007e+01, 6.5960e-02, 
 2DIAGNOSTIC,    22, -4.509348273277e-01, 2.370675065322e-05, 3.4083e+01, 7.5788e-02, 
 2DIAGNOSTIC,    23, -4.511097669601e-01, 2.764436794678e-05, 3.4158e+01, 7.5335e-02, 
 2DIAGNOSTIC,    24, -4.510966837406e-01, 2.948238761746e-05, 3.4223e+01, 6.5395e-02, 
 2DIAGNOSTIC,    25, -4.511739015579e-01, 2.953849070764e-05, 3.4299e+01, 7.5674e-02, 
 2DIAGNOSTIC,    26, -4.513568282127e-01, 3.438850399107e-05, 3.4385e+01, 8.5820e-02, 
 2DIAGNOSTIC,    27, -4.513111412525e-01, 3.610774001572e-05, 3.4470e+01, 8.4992e-02, 
 2DIAGNOSTIC,    28, -4.512846469879e-01, 3.276563802501e-05, 3.4545e+01, 7.5609e-02, 
 2DIAGNOSTIC,    29, -4.512966573238e-01, 2.863602094294e-05, 3.4621e+01, 7.5347e-02, 
 2DIAGNOSTIC,    30, -4.512215256691e-01, 2.053578100458e-05, 3.4696e+01, 7.5456e-02, 
 2DIAGNOSTIC,    31, -4.512421190739e-01, 1.302604323428e-05, 3.4761e+01, 6.5159e-02, 
 2DIAGNOSTIC,    32, -4.511819779873e-01, 4.943802650814e-06, 3.4827e+01, 6.5340e-02, 
 2DIAGNOSTIC,    33, -4.512819945812e-01, 2.341374283787e-06, 3.4913e+01, 8.6050e-02, 
DIAGNOSTIC,Iteration,metricValue,convergenceValue,ITERATION_TIME_INDEX,SINCE_LAST
 2DIAGNOSTIC,     1, -3.825503289700e-01, inf, 4.4013e+01, 9.1000e+00, 
 2DIAGNOSTIC,     2, -3.830426931381e-01, inf, 4.4530e+01, 5.1664e-01, 
 2DIAGNOSTIC,     3, -3.834780752659e-01, inf, 4.5045e+01, 5.1517e-01, 
 2DIAGNOSTIC,     4, -3.839571475983e-01, inf, 4.5562e+01, 5.1740e-01, 
 2DIAGNOSTIC,     5, -3.848046660423e-01, inf, 4.6079e+01, 5.1680e-01, 
 2DIAGNOSTIC,     6, -3.852697014809e-01, inf, 4.6756e+01, 6.7742e-01, 
 2DIAGNOSTIC,     7, -3.859919607639e-01, inf, 4.7613e+01, 8.5694e-01, 
 2DIAGNOSTIC,     8, -3.860407471657e-01, inf, 4.8119e+01, 5.0626e-01, 
 2DIAGNOSTIC,     9, -3.863216936588e-01, inf, 4.8804e+01, 6.8482e-01, 
 2DIAGNOSTIC,    10, -3.864324688911e-01, 7.102336385287e-04, 4.9397e+01, 5.9258e-01, 
 2DIAGNOSTIC,    11, -3.864484131336e-01, 5.629034712911e-04, 5.0503e+01, 1.1065e+00, 
 2DIAGNOSTIC,    12, -3.864496052265e-01, 4.202831769362e-04, 5.1098e+01, 5.9416e-01, 
 2DIAGNOSTIC,    13, -3.864447474480e-01, 2.864981070161e-04, 5.1611e+01, 5.1348e-01, 
 2DIAGNOSTIC,    14, -3.864459395409e-01, 1.707732590148e-04, 5.2204e+01, 5.9262e-01, 
 2DIAGNOSTIC,    15, -3.864519596100e-01, 9.677305934019e-05, 5.2805e+01, 6.0143e-01, 
 2DIAGNOSTIC,    16, -3.864471912384e-01, 4.382426777738e-05, 5.3323e+01, 5.1780e-01, 
 2DIAGNOSTIC,    17, -3.864458799362e-01, 2.471010884619e-05, 5.3915e+01, 5.9177e-01, 
 2DIAGNOSTIC,    18, -3.864444196224e-01, 7.295474006241e-06, 5.4592e+01, 6.7738e-01, 
 2DIAGNOSTIC,    19, -3.864337205887e-01, 1.572597625454e-06, 5.5115e+01, 5.2309e-01, 
DIAGNOSTIC,Iteration,metricValue,convergenceValue,ITERATION_TIME_INDEX,SINCE_LAST
 2DIAGNOSTIC,     1, -3.318693041801e-01, inf, 6.4484e+01, 9.3687e+00, 
  Elapsed time (stage 1): 6.6341e+01


Stage 2
  iterations = 100x100x70x50x0
  convergence threshold = 1.0000e-06
  convergence window size = 10
  number of levels = 5
  using the Mattes MI metric (number of bins = 32, weight = 1.0000e+00)
  preprocessing:  winsorizing the image intensities
  Shrink factors (level 1 out of 5): [10, 10, 10]
  Shrink factors (level 2 out of 5): [6, 6, 6]
  Shrink factors (level 3 out of 5): [4, 4, 4]
  Shrink factors (level 4 out of 5): [2, 2, 2]
  Shrink factors (level 5 out of 5): [1, 1, 1]
  smoothing sigmas per level: [5, 3, 2, 1, 0]
  Using default NONE metricSamplingStrategy 

*** Running SyN registration (varianceForUpdateField = 3.0000e+00, varianceForTotalField = 0.0000e+00) ***

XXDIAGNOSTIC,Iteration,metricValue,convergenceValue,ITERATION_TIME_INDEX,SINCE_LAST
 1DIAGNOSTIC,     1, -5.176348686218e-01, inf, 3.2305e+01, 3.2305e+01, 
 1DIAGNOSTIC,     2, -5.348877906799e-01, inf, 3.2457e+01, 1.5212e-01, 
 1DIAGNOSTIC,     3, -5.506777167320e-01, inf, 3.2609e+01, 1.5252e-01, 
 1DIAGNOSTIC,     4, -5.596801042557e-01, inf, 3.2761e+01, 1.5175e-01, 
 1DIAGNOSTIC,     5, -5.634198188782e-01, inf, 3.2910e+01, 1.4881e-01, 
 1DIAGNOSTIC,     6, -5.631894469261e-01, inf, 3.3059e+01, 1.4866e-01, 
 1DIAGNOSTIC,     7, -5.624313354492e-01, inf, 3.3204e+01, 1.4535e-01, 
 1DIAGNOSTIC,     8, -5.601507425308e-01, inf, 3.3349e+01, 1.4494e-01, 
 1DIAGNOSTIC,     9, -5.593862533569e-01, inf, 3.3494e+01, 1.4538e-01, 
 1DIAGNOSTIC,    10, -5.562186241150e-01, 3.493455471471e-03, 3.3640e+01, 1.4615e-01, 
 1DIAGNOSTIC,    11, -5.549995899200e-01, 1.082015922293e-03, 3.3786e+01, 1.4601e-01, 
 1DIAGNOSTIC,    12, -5.533891916275e-01, -3.650530416053e-04, 3.3933e+01, 1.4666e-01, 
XXDIAGNOSTIC,Iteration,metricValue,convergenceValue,ITERATION_TIME_INDEX,SINCE_LAST
 1DIAGNOSTIC,     1, -4.377079904079e-01, inf, 4.8302e+01, 1.4369e+01, 
 1DIAGNOSTIC,     2, -4.404503703117e-01, inf, 4.8891e+01, 5.8890e-01, 
 1DIAGNOSTIC,     3, -4.420939385891e-01, inf, 4.9463e+01, 5.7270e-01, 
 1DIAGNOSTIC,     4, -4.423701167107e-01, inf, 5.0035e+01, 5.7191e-01, 
 1DIAGNOSTIC,     5, -4.421855807304e-01, inf, 5.0608e+01, 5.7287e-01, 
 1DIAGNOSTIC,     6, -4.419326186180e-01, inf, 5.1186e+01, 5.7808e-01, 
 1DIAGNOSTIC,     7, -4.411886930466e-01, inf, 5.1762e+01, 5.7552e-01, 
 1DIAGNOSTIC,     8, -4.404706358910e-01, inf, 5.2336e+01, 5.7483e-01, 
 1DIAGNOSTIC,     9, -4.398569166660e-01, inf, 5.2913e+01, 5.7626e-01, 
 1DIAGNOSTIC,    10, -4.391663968563e-01, -4.796237044502e-05, 5.3503e+01, 5.8986e-01, 
XXDIAGNOSTIC,Iteration,metricValue,convergenceValue,ITERATION_TIME_INDEX,SINCE_LAST
 1DIAGNOSTIC,     1, -3.730341792107e-01, inf, 6.3906e+01, 1.0404e+01, 
 1DIAGNOSTIC,     2, -3.740803599358e-01, inf, 6.5697e+01, 1.7911e+00, 
 1DIAGNOSTIC,     3, -3.748741149902e-01, inf, 6.7483e+01, 1.7857e+00, 
 1DIAGNOSTIC,     4, -3.753860592842e-01, inf, 6.9266e+01, 1.7826e+00, 
 1DIAGNOSTIC,     5, -3.756327927113e-01, inf, 7.1063e+01, 1.7971e+00, 
 1DIAGNOSTIC,     6, -3.757592439651e-01, inf, 7.2845e+01, 1.7823e+00, 
 1DIAGNOSTIC,     7, -3.758361041546e-01, inf, 7.4697e+01, 1.8523e+00, 
 1DIAGNOSTIC,     8, -3.759068548679e-01, inf, 7.6480e+01, 1.7824e+00, 
 1DIAGNOSTIC,     9, -3.757544755936e-01, inf, 7.8322e+01, 1.8421e+00, 
 1DIAGNOSTIC,    10, -3.755987882614e-01, 3.806718159467e-04, 8.0159e+01, 1.8374e+00, 
 1DIAGNOSTIC,    11, -3.754164874554e-01, 1.659935660427e-04, 8.1948e+01, 1.7889e+00, 
 1DIAGNOSTIC,    12, -3.752679228783e-01, 2.828084143403e-05, 8.3790e+01, 1.8418e+00, 
 1DIAGNOSTIC,    13, -3.750161528587e-01, -5.962268915027e-05, 8.5639e+01, 1.8486e+00, 
XXDIAGNOSTIC,Iteration,metricValue,convergenceValue,ITERATION_TIME_INDEX,SINCE_LAST
 1DIAGNOSTIC,     1, -3.153862357140e-01, inf, 1.0572e+02, 2.0083e+01, 
 1DIAGNOSTIC,     2, -3.163005113602e-01, inf, 1.1868e+02, 1.2960e+01, 
 1DIAGNOSTIC,     3, -3.172575235367e-01, inf, 1.3199e+02, 1.3306e+01, 
 1DIAGNOSTIC,     4, -3.181691169739e-01, inf, 1.4535e+02, 1.3360e+01, 
 1DIAGNOSTIC,     5, -3.189528584480e-01, inf, 1.5823e+02, 1.2877e+01, 
 1DIAGNOSTIC,     6, -3.195697069168e-01, inf, 1.7153e+02, 1.3306e+01, 
 1DIAGNOSTIC,     7, -3.201991021633e-01, inf, 1.8533e+02, 1.3799e+01, 
 1DIAGNOSTIC,     8, -3.207349777222e-01, inf, 1.9923e+02, 1.3900e+01, 
 1DIAGNOSTIC,     9, -3.211508989334e-01, inf, 2.1331e+02, 1.4077e+01, 
 1DIAGNOSTIC,    10, -3.215368986130e-01, 1.240020850673e-03, 2.2714e+02, 1.3831e+01, 
 1DIAGNOSTIC,    11, -3.218088448048e-01, 9.966273792088e-04, 2.4050e+02, 1.3361e+01, 
 1DIAGNOSTIC,    12, -3.220109939575e-01, 7.866964442655e-04, 2.5431e+02, 1.3808e+01, 
 1DIAGNOSTIC,    13, -3.223037123680e-01, 6.229130667634e-04, 2.6817e+02, 1.3866e+01, 
 1DIAGNOSTIC,    14, -3.225398063660e-01, 4.981430247426e-04, 2.8150e+02, 1.3330e+01, 
 1DIAGNOSTIC,    15, -3.227618336678e-01, 4.038081096951e-04, 2.9533e+02, 1.3832e+01, 
 1DIAGNOSTIC,    16, -3.230135440826e-01, 3.321350959595e-04, 3.0867e+02, 1.3342e+01, 
 1DIAGNOSTIC,    17, -3.232059478760e-01, 2.809217839967e-04, 3.2253e+02, 1.3851e+01, 
 1DIAGNOSTIC,    18, -3.234392702579e-01, 2.471498446539e-04, 3.3632e+02, 1.3792e+01, 
 1DIAGNOSTIC,    19, -3.235886991024e-01, 2.201005700044e-04, 3.5016e+02, 1.3844e+01, 
 1DIAGNOSTIC,    20, -3.237168490887e-01, 1.980589440791e-04, 3.6391e+02, 1.3746e+01, 
 1DIAGNOSTIC,    21, -3.238304853439e-01, 1.759969891282e-04, 3.7775e+02, 1.3845e+01, 
 1DIAGNOSTIC,    22, -3.239044249058e-01, 1.505259715486e-04, 3.9150e+02, 1.3744e+01, 
 1DIAGNOSTIC,    23, -3.239405155182e-01, 1.258433912881e-04, 4.0525e+02, 1.3750e+01, 
 1DIAGNOSTIC,    24, -3.240179419518e-01, 1.030362764141e-04, 4.1899e+02, 1.3740e+01, 
 1DIAGNOSTIC,    25, -3.240757584572e-01, 8.224576595239e-05, 4.3274e+02, 1.3750e+01, 
 1DIAGNOSTIC,    26, -3.241816163063e-01, 6.750264583388e-05, 4.4647e+02, 1.3739e+01, 
 1DIAGNOSTIC,    27, -3.242397606373e-01, 5.563179365708e-05, 4.6021e+02, 1.3730e+01, 
 1DIAGNOSTIC,    28, -3.243044614792e-01, 4.883408837486e-05, 4.7415e+02, 1.3941e+01, 
 1DIAGNOSTIC,    29, -3.243736624718e-01, 4.459588308237e-05, 4.8803e+02, 1.3879e+01, 
 1DIAGNOSTIC,    30, -3.243993520737e-01, 4.094894393347e-05, 5.0184e+02, 1.3810e+01, 
 1DIAGNOSTIC,    31, -3.244891166687e-01, 3.951244434575e-05, 5.1558e+02, 1.3749e+01, 
 1DIAGNOSTIC,    32, -3.245187103748e-01, 3.732287586899e-05, 5.2934e+02, 1.3755e+01, 
 1DIAGNOSTIC,    33, -3.246004581451e-01, 3.495303099044e-05, 5.4310e+02, 1.3760e+01, 
 1DIAGNOSTIC,    34, -3.246321678162e-01, 3.229095091228e-05, 5.5692e+02, 1.3815e+01, 
 1DIAGNOSTIC,    35, -3.246712386608e-01, 2.920045699284e-05, 5.7066e+02, 1.3744e+01, 
 1DIAGNOSTIC,    36, -3.247118592262e-01, 2.715860864555e-05, 5.8454e+02, 1.3883e+01, 
 1DIAGNOSTIC,    37, -3.247839808464e-01, 2.578537350928e-05, 5.9834e+02, 1.3798e+01, 
 1DIAGNOSTIC,    38, -3.248118162155e-01, 2.419383599772e-05, 6.1217e+02, 1.3830e+01, 
 1DIAGNOSTIC,    39, -3.248483538628e-01, 2.286092058057e-05, 6.2593e+02, 1.3760e+01, 
 1DIAGNOSTIC,    40, -3.248622119427e-01, 2.033471355389e-05, 6.3978e+02, 1.3852e+01, 
 1DIAGNOSTIC,    41, -3.248901367188e-01, 1.859780968516e-05, 6.5361e+02, 1.3831e+01, 
 1DIAGNOSTIC,    42, -3.248944878578e-01, 1.589542989677e-05, 6.6738e+02, 1.3762e+01, 
 1DIAGNOSTIC,    43, -3.249207139015e-01, 1.408029856975e-05, 6.8114e+02, 1.3762e+01, 
 1DIAGNOSTIC,    44, -3.249126672745e-01, 1.153764242190e-05, 6.9500e+02, 1.3864e+01, 
 1DIAGNOSTIC,    45, -3.249054551125e-01, 8.703962521395e-06, 7.0883e+02, 1.3832e+01, 
 1DIAGNOSTIC,    46, -3.248593807220e-01, 5.103439434606e-06, 7.2279e+02, 1.3958e+01, 
 1DIAGNOSTIC,    47, -3.247740566730e-01, 1.000924044092e-06, 7.3659e+02, 1.3796e+01, 
 1DIAGNOSTIC,    48, -3.247242271900e-01, -3.346771791257e-06, 7.5044e+02, 1.3857e+01, 
  Elapsed time (stage 2): 774.6


Total elapsed time: 902.2

--- Writing output images ---

Using double precision for computations.
Input scalar image: data/Segmentations/1014_3_seg.nii.gz
Reference image: data/template/T_template0_BrainCerebellum.nii.gz
=============================================================================
The composite transform comprises the following transforms (in order): 
  1. /tmp/1978910.1.basic.q/1014_ToTemplate_008_0GenericAffine.mat (type = AffineTransform)
  2. /tmp/1978910.1.basic.q/1014_ToTemplate_008_1Warp.nii.gz (type = DisplacementFieldTransform)
=============================================================================
Default pixel value: 0
Interpolation type: LabelImageGenericInterpolateImageFunction
Output warped image: output/1014/1014_WarpedLabels_008.nii.gz

--- Done ---

