
--- Running on compute-2-9.local ---


--- registration call ---
/data/jet/pcook/bin/antsBuild/bin/antsRegistrationSyNQuick.sh -d 3 -f data/template/T_template0_BrainCerebellum.nii.gz -m data/Brains/1018_3.nii.gz -t s -p f -n 1 -o /tmp/1971660.1.basic.q/1018_ToTemplate_003_
---


--------------------------------------------------------------------------------------
 Mapping parameters
--------------------------------------------------------------------------------------
 ANTSPATH is /data/jet/pcook/bin/antsBuild/bin/

 Dimensionality:           3
 Output name prefix:       /tmp/1971660.1.basic.q/1018_ToTemplate_003_
 Fixed images:             data/template/T_template0_BrainCerebellum.nii.gz
 Moving images:            data/Brains/1018_3.nii.gz
 Mask images:              
 Initial transforms:       
 Number of threads:        1
 Spline distance:          26
 Transform type:           s
 MI histogram bins:        32
 Precision:                f
 Use histogram matching    0
======================================================================================
 antsRegistration call:
--------------------------------------------------------------------------------------
/data/jet/pcook/bin/antsBuild/bin//antsRegistration --verbose 1 --dimensionality 3 --float 1 --collapse-output-transforms 1 --output [/tmp/1971660.1.basic.q/1018_ToTemplate_003_,/tmp/1971660.1.basic.q/1018_ToTemplate_003_Warped.nii.gz,/tmp/1971660.1.basic.q/1018_ToTemplate_003_InverseWarped.nii.gz] --interpolation Linear --use-histogram-matching 0 --winsorize-image-intensities [0.005,0.995] --initial-moving-transform [data/template/T_template0_BrainCerebellum.nii.gz,data/Brains/1018_3.nii.gz,1] --transform Rigid[0.1] --metric MI[data/template/T_template0_BrainCerebellum.nii.gz,data/Brains/1018_3.nii.gz,1,32,Regular,0.25] --convergence [1000x500x250x0,1e-6,10] --shrink-factors 12x8x4x2 --smoothing-sigmas 4x3x2x1vox --transform Affine[0.1] --metric MI[data/template/T_template0_BrainCerebellum.nii.gz,data/Brains/1018_3.nii.gz,1,32,Regular,0.25] --convergence [1000x500x250x0,1e-6,10] --shrink-factors 12x8x4x2 --smoothing-sigmas 4x3x2x1vox --transform SyN[0.1,3,0] --metric MI[data/template/T_template0_BrainCerebellum.nii.gz,data/Brains/1018_3.nii.gz,1,32] --convergence [100x100x70x50x0,1e-6,10] --shrink-factors 10x6x4x2x1 --smoothing-sigmas 5x3x2x1x0vox
--------------------------------------------------------------------------------------
All_Command_lines_OK
Using single precision for computations.
=============================================================================
The composite transform comprises the following transforms (in order): 
  1. Center of mass alignment using fixed image: data/template/T_template0_BrainCerebellum.nii.gz and moving image: data/Brains/1018_3.nii.gz (type = Euler3DTransform)
=============================================================================
  number of levels = 4
  number of levels = 4
  number of levels = 5
  fixed image: data/template/T_template0_BrainCerebellum.nii.gz
  moving image: data/Brains/1018_3.nii.gz
  fixed image: data/template/T_template0_BrainCerebellum.nii.gz
  moving image: data/Brains/1018_3.nii.gz
  fixed image: data/template/T_template0_BrainCerebellum.nii.gz
  moving image: data/Brains/1018_3.nii.gz
Dimension = 3
Number of stages = 3
Use Histogram Matching false
Winsorize image intensities true
Lower quantile = 0.005
Upper quantile = 0.995
Stage 1 State
   Image metric = Mattes
     Fixed image = Image (0x4017420)
  RTTI typeinfo:   itk::Image<float, 3u>
  Reference Count: 2
  Modified Time: 1611
  Debug: Off
  Object Name: 
  Observers: 
    none
  Source: (none)
  Source output name: (none)
  Release Data: Off
  Data Released: False
  Global Release Data: Off
  PipelineMTime: 0
  UpdateMTime: 1422
  RealTimeStamp: 0 seconds 
  LargestPossibleRegion: 
    Dimension: 3
    Index: [0, 0, 0]
    Size: [216, 256, 291]
  BufferedRegion: 
    Dimension: 3
    Index: [0, 0, 0]
    Size: [216, 256, 291]
  RequestedRegion: 
    Dimension: 3
    Index: [0, 0, 0]
    Size: [216, 256, 291]
  Spacing: [1, 1, 1]
  Origin: [0, 293, 0]
  Direction: 
1 0 0
0 -0 -1
0 -1 -0

  IndexToPointMatrix: 
1 0 0
0 0 -1
0 -1 0

  PointToIndexMatrix: 
1 0 0
0 0 -1
0 -1 0

  Inverse Direction: 
1 0 0
0 0 -1
0 -1 0

  PixelContainer: 
    ImportImageContainer (0x3ffc7f0)
      RTTI typeinfo:   itk::ImportImageContainer<unsigned long, float>
      Reference Count: 1
      Modified Time: 1419
      Debug: Off
      Object Name: 
      Observers: 
        none
      Pointer: 0x7fab4b0e9010
      Container manages memory: true
      Size: 16091136
      Capacity: 16091136

     Moving image = Image (0x4017e60)
  RTTI typeinfo:   itk::Image<float, 3u>
  Reference Count: 2
  Modified Time: 1612
  Debug: Off
  Object Name: 
  Observers: 
    none
  Source: (none)
  Source output name: (none)
  Release Data: Off
  Data Released: False
  Global Release Data: Off
  PipelineMTime: 0
  UpdateMTime: 1609
  RealTimeStamp: 0 seconds 
  LargestPossibleRegion: 
    Dimension: 3
    Index: [0, 0, 0]
    Size: [256, 256, 291]
  BufferedRegion: 
    Dimension: 3
    Index: [0, 0, 0]
    Size: [256, 256, 291]
  RequestedRegion: 
    Dimension: 3
    Index: [0, 0, 0]
    Size: [256, 256, 291]
  Spacing: [1, 1, 1]
  Origin: [0, 290, 0]
  Direction: 
1 0 0
0 -0 -1
0 -1 -0

  IndexToPointMatrix: 
1 0 0
0 0 -1
0 -1 0

  PointToIndexMatrix: 
1 0 0
0 0 -1
0 -1 0

  Inverse Direction: 
1 0 0
0 0 -1
0 -1 0

  PixelContainer: 
    ImportImageContainer (0x401a2b0)
      RTTI typeinfo:   itk::ImportImageContainer<unsigned long, float>
      Reference Count: 1
      Modified Time: 1606
      Debug: Off
      Object Name: 
      Observers: 
        none
      Pointer: 0x7fab46828010
      Container manages memory: true
      Size: 19070976
      Capacity: 19070976

     Weighting = 1
     Sampling strategy = regular
     Number of bins = 32
     Radius = 4
     Sampling percentage  = 0.25
   Transform = Rigid
     Gradient step = 0.1
     Update field sigma (voxel space) = 0
     Total field sigma (voxel space) = 0
     Update field time sigma = 0
     Total field time sigma  = 0
     Number of time indices = 0
     Number of time point samples = 0
Stage 2 State
   Image metric = Mattes
     Fixed image = Image (0x40226c0)
  RTTI typeinfo:   itk::Image<float, 3u>
  Reference Count: 2
  Modified Time: 1987
  Debug: Off
  Object Name: 
  Observers: 
    none
  Source: (none)
  Source output name: (none)
  Release Data: Off
  Data Released: False
  Global Release Data: Off
  PipelineMTime: 0
  UpdateMTime: 1798
  RealTimeStamp: 0 seconds 
  LargestPossibleRegion: 
    Dimension: 3
    Index: [0, 0, 0]
    Size: [216, 256, 291]
  BufferedRegion: 
    Dimension: 3
    Index: [0, 0, 0]
    Size: [216, 256, 291]
  RequestedRegion: 
    Dimension: 3
    Index: [0, 0, 0]
    Size: [216, 256, 291]
  Spacing: [1, 1, 1]
  Origin: [0, 293, 0]
  Direction: 
1 0 0
0 -0 -1
0 -1 -0

  IndexToPointMatrix: 
1 0 0
0 0 -1
0 -1 0

  PointToIndexMatrix: 
1 0 0
0 0 -1
0 -1 0

  Inverse Direction: 
1 0 0
0 0 -1
0 -1 0

  PixelContainer: 
    ImportImageContainer (0x4022f60)
      RTTI typeinfo:   itk::ImportImageContainer<unsigned long, float>
      Reference Count: 1
      Modified Time: 1795
      Debug: Off
      Object Name: 
      Observers: 
        none
      Pointer: 0x7fab42ac5010
      Container manages memory: true
      Size: 16091136
      Capacity: 16091136

     Moving image = Image (0x4022a50)
  RTTI typeinfo:   itk::Image<float, 3u>
  Reference Count: 2
  Modified Time: 1988
  Debug: Off
  Object Name: 
  Observers: 
    none
  Source: (none)
  Source output name: (none)
  Release Data: Off
  Data Released: False
  Global Release Data: Off
  PipelineMTime: 0
  UpdateMTime: 1985
  RealTimeStamp: 0 seconds 
  LargestPossibleRegion: 
    Dimension: 3
    Index: [0, 0, 0]
    Size: [256, 256, 291]
  BufferedRegion: 
    Dimension: 3
    Index: [0, 0, 0]
    Size: [256, 256, 291]
  RequestedRegion: 
    Dimension: 3
    Index: [0, 0, 0]
    Size: [256, 256, 291]
  Spacing: [1, 1, 1]
  Origin: [0, 290, 0]
  Direction: 
1 0 0
0 -0 -1
0 -1 -0

  IndexToPointMatrix: 
1 0 0
0 0 -1
0 -1 0

  PointToIndexMatrix: 
1 0 0
0 0 -1
0 -1 0

  Inverse Direction: 
1 0 0
0 0 -1
0 -1 0

  PixelContainer: 
    ImportImageContainer (0x4023950)
      RTTI typeinfo:   itk::ImportImageContainer<unsigned long, float>
      Reference Count: 1
      Modified Time: 1982
      Debug: Off
      Object Name: 
      Observers: 
        none
      Pointer: 0x7fab3e204010
      Container manages memory: true
      Size: 19070976
      Capacity: 19070976

     Weighting = 1
     Sampling strategy = regular
     Number of bins = 32
     Radius = 4
     Sampling percentage  = 0.25
   Transform = Affine
     Gradient step = 0.1
     Update field sigma (voxel space) = 0
     Total field sigma (voxel space) = 0
     Update field time sigma = 0
     Total field time sigma  = 0
     Number of time indices = 0
     Number of time point samples = 0
Stage 3 State
   Image metric = Mattes
     Fixed image = Image (0x40297b0)
  RTTI typeinfo:   itk::Image<float, 3u>
  Reference Count: 2
  Modified Time: 2363
  Debug: Off
  Object Name: 
  Observers: 
    none
  Source: (none)
  Source output name: (none)
  Release Data: Off
  Data Released: False
  Global Release Data: Off
  PipelineMTime: 0
  UpdateMTime: 2174
  RealTimeStamp: 0 seconds 
  LargestPossibleRegion: 
    Dimension: 3
    Index: [0, 0, 0]
    Size: [216, 256, 291]
  BufferedRegion: 
    Dimension: 3
    Index: [0, 0, 0]
    Size: [216, 256, 291]
  RequestedRegion: 
    Dimension: 3
    Index: [0, 0, 0]
    Size: [216, 256, 291]
  Spacing: [1, 1, 1]
  Origin: [0, 293, 0]
  Direction: 
1 0 0
0 -0 -1
0 -1 -0

  IndexToPointMatrix: 
1 0 0
0 0 -1
0 -1 0

  PointToIndexMatrix: 
1 0 0
0 0 -1
0 -1 0

  Inverse Direction: 
1 0 0
0 0 -1
0 -1 0

  PixelContainer: 
    ImportImageContainer (0x4029a40)
      RTTI typeinfo:   itk::ImportImageContainer<unsigned long, float>
      Reference Count: 1
      Modified Time: 2171
      Debug: Off
      Object Name: 
      Observers: 
        none
      Pointer: 0x7fab3a4a1010
      Container manages memory: true
      Size: 16091136
      Capacity: 16091136

     Moving image = Image (0x402c1b0)
  RTTI typeinfo:   itk::Image<float, 3u>
  Reference Count: 2
  Modified Time: 2364
  Debug: Off
  Object Name: 
  Observers: 
    none
  Source: (none)
  Source output name: (none)
  Release Data: Off
  Data Released: False
  Global Release Data: Off
  PipelineMTime: 0
  UpdateMTime: 2361
  RealTimeStamp: 0 seconds 
  LargestPossibleRegion: 
    Dimension: 3
    Index: [0, 0, 0]
    Size: [256, 256, 291]
  BufferedRegion: 
    Dimension: 3
    Index: [0, 0, 0]
    Size: [256, 256, 291]
  RequestedRegion: 
    Dimension: 3
    Index: [0, 0, 0]
    Size: [256, 256, 291]
  Spacing: [1, 1, 1]
  Origin: [0, 290, 0]
  Direction: 
1 0 0
0 -0 -1
0 -1 -0

  IndexToPointMatrix: 
1 0 0
0 0 -1
0 -1 0

  PointToIndexMatrix: 
1 0 0
0 0 -1
0 -1 0

  Inverse Direction: 
1 0 0
0 0 -1
0 -1 0

  PixelContainer: 
    ImportImageContainer (0x4029aa0)
      RTTI typeinfo:   itk::ImportImageContainer<unsigned long, float>
      Reference Count: 1
      Modified Time: 2358
      Debug: Off
      Object Name: 
      Observers: 
        none
      Pointer: 0x7fab35be0010
      Container manages memory: true
      Size: 19070976
      Capacity: 19070976

     Weighting = 1
     Sampling strategy = none
     Number of bins = 32
     Radius = 4
     Sampling percentage  = 1
   Transform = SyN
     Gradient step = 0.1
     Update field sigma (voxel space) = 3
     Total field sigma (voxel space) = 0
     Update field time sigma = 0
     Total field time sigma  = 0
     Number of time indices = 0
     Number of time point samples = 0
Registration using 3 total stages.

Stage 0
  iterations = 1000x500x250x0
  convergence threshold = 1e-06
  convergence window size = 10
  number of levels = 4
  using the Mattes MI metric (number of bins = 32, weight = 1)
  preprocessing:  winsorizing the image intensities
  Shrink factors (level 1 out of 4): [12, 12, 12]
  Shrink factors (level 2 out of 4): [8, 8, 8]
  Shrink factors (level 3 out of 4): [4, 4, 4]
  Shrink factors (level 4 out of 4): [2, 2, 2]
  smoothing sigmas per level: [4, 3, 2, 1]
  regular sampling (percentage = 0.25)

*** Running Euler3DTransform registration ***

DIAGNOSTIC,Iteration,metricValue,convergenceValue,ITERATION_TIME_INDEX,SINCE_LAST
 2DIAGNOSTIC,     1, -4.235064983368e-01, inf, 1.7658e+01, 1.7658e+01, 
 2DIAGNOSTIC,     2, -4.249216914177e-01, inf, 1.7669e+01, 1.0755e-02, 
 2DIAGNOSTIC,     3, -4.268189370632e-01, inf, 1.7680e+01, 1.0622e-02, 
 2DIAGNOSTIC,     4, -4.297388494015e-01, inf, 1.7690e+01, 1.0611e-02, 
 2DIAGNOSTIC,     5, -4.333642423153e-01, inf, 1.7701e+01, 1.0824e-02, 
 2DIAGNOSTIC,     6, -4.355330467224e-01, inf, 1.7715e+01, 1.3976e-02, 
 2DIAGNOSTIC,     7, -4.357872009277e-01, inf, 1.7727e+01, 1.2147e-02, 
 2DIAGNOSTIC,     8, -4.356781244278e-01, inf, 1.7738e+01, 1.0425e-02, 
 2DIAGNOSTIC,     9, -4.358296096325e-01, inf, 1.7750e+01, 1.2072e-02, 
 2DIAGNOSTIC,    10, -4.359351098537e-01, 2.067722845823e-03, 1.7761e+01, 1.1058e-02, 
 2DIAGNOSTIC,    11, -4.360733628273e-01, 1.468702801503e-03, 1.7772e+01, 1.0992e-02, 
 2DIAGNOSTIC,    12, -4.361426830292e-01, 9.218399645761e-04, 1.7783e+01, 1.0955e-02, 
 2DIAGNOSTIC,    13, -4.366405010223e-01, 4.976457566954e-04, 1.7795e+01, 1.2652e-02, 
 2DIAGNOSTIC,    14, -4.367703795433e-01, 2.284773072461e-04, 1.7810e+01, 1.4221e-02, 
 2DIAGNOSTIC,    15, -4.369486868382e-01, 1.385315408697e-04, 1.7821e+01, 1.0920e-02, 
 2DIAGNOSTIC,    16, -4.371417760849e-01, 1.439982443117e-04, 1.7836e+01, 1.5872e-02, 
 2DIAGNOSTIC,    17, -4.373240172863e-01, 1.526380219730e-04, 1.7847e+01, 1.0914e-02, 
 2DIAGNOSTIC,    18, -4.374017119408e-01, 1.448849798180e-04, 1.7858e+01, 1.0897e-02, 
 2DIAGNOSTIC,    19, -4.375472068787e-01, 1.348647201667e-04, 1.7869e+01, 1.0892e-02, 
 2DIAGNOSTIC,    20, -4.377734661102e-01, 1.243509759661e-04, 1.7880e+01, 1.0948e-02, 
 2DIAGNOSTIC,    21, -4.382646083832e-01, 1.229521003552e-04, 1.7900e+01, 1.9415e-02, 
 2DIAGNOSTIC,    22, -4.383970201015e-01, 1.156629732577e-04, 1.7911e+01, 1.0979e-02, 
 2DIAGNOSTIC,    23, -4.384784698486e-01, 1.149283198174e-04, 1.7921e+01, 1.0904e-02, 
 2DIAGNOSTIC,    24, -4.387635886669e-01, 1.150149983005e-04, 1.7932e+01, 1.0887e-02, 
 2DIAGNOSTIC,    25, -4.389968514442e-01, 1.148250084952e-04, 1.7943e+01, 1.0902e-02, 
 2DIAGNOSTIC,    26, -4.397002458572e-01, 1.261382130906e-04, 1.7954e+01, 1.0932e-02, 
 2DIAGNOSTIC,    27, -4.401918947697e-01, 1.407914824085e-04, 1.7974e+01, 1.9400e-02, 
 2DIAGNOSTIC,    28, -4.403683841228e-01, 1.471867581131e-04, 1.7985e+01, 1.0995e-02, 
 2DIAGNOSTIC,    29, -4.404410123825e-01, 1.444311201340e-04, 1.7995e+01, 1.0937e-02, 
 2DIAGNOSTIC,    30, -4.406995773315e-01, 1.386110379826e-04, 1.8011e+01, 1.5847e-02, 
 2DIAGNOSTIC,    31, -4.409489631653e-01, 1.353727275273e-04, 1.8022e+01, 1.0886e-02, 
 2DIAGNOSTIC,    32, -4.409871399403e-01, 1.228917099070e-04, 1.8033e+01, 1.0867e-02, 
 2DIAGNOSTIC,    33, -4.410403966904e-01, 1.024157827487e-04, 1.8046e+01, 1.2470e-02, 
 2DIAGNOSTIC,    34, -4.410748481750e-01, 7.983714749571e-05, 1.8058e+01, 1.2471e-02, 
 2DIAGNOSTIC,    35, -4.411083459854e-01, 5.571712245001e-05, 1.8072e+01, 1.4146e-02, 
 2DIAGNOSTIC,    36, -4.411755800247e-01, 4.138076474192e-05, 1.8083e+01, 1.0868e-02, 
 2DIAGNOSTIC,    37, -4.411937594414e-01, 3.288843799965e-05, 1.8094e+01, 1.0854e-02, 
 2DIAGNOSTIC,    38, -4.412255883217e-01, 2.544437302276e-05, 1.8105e+01, 1.0844e-02, 
 2DIAGNOSTIC,    39, -4.412685632706e-01, 1.789694579202e-05, 1.8117e+01, 1.2456e-02, 
 2DIAGNOSTIC,    40, -4.413149654865e-01, 1.393832735630e-05, 1.8135e+01, 1.7367e-02, 
 2DIAGNOSTIC,    41, -4.413380622864e-01, 1.321553645539e-05, 1.8145e+01, 1.0844e-02, 
 2DIAGNOSTIC,    42, -4.413478076458e-01, 1.207176774187e-05, 1.8156e+01, 1.0849e-02, 
 2DIAGNOSTIC,    43, -4.413679838181e-01, 1.101822181226e-05, 1.8167e+01, 1.0826e-02, 
 2DIAGNOSTIC,    44, -4.413909316063e-01, 9.864196726994e-06, 1.8180e+01, 1.2454e-02, 
 2DIAGNOSTIC,    45, -4.414162039757e-01, 8.700510079507e-06, 1.8197e+01, 1.7353e-02, 
 2DIAGNOSTIC,    46, -4.414277672768e-01, 7.933357665024e-06, 1.8208e+01, 1.0837e-02, 
 2DIAGNOSTIC,    47, -4.414327442646e-01, 6.831516657257e-06, 1.8219e+01, 1.0827e-02, 
 2DIAGNOSTIC,    48, -4.414431154728e-01, 5.752815013693e-06, 1.8229e+01, 1.0843e-02, 
 2DIAGNOSTIC,    49, -4.414510130882e-01, 4.885049293080e-06, 1.8243e+01, 1.4067e-02, 
 2DIAGNOSTIC,    50, -4.414634108543e-01, 4.399329554872e-06, 1.8259e+01, 1.5728e-02, 
 2DIAGNOSTIC,    51, -4.414664506912e-01, 3.904053755832e-06, 1.8272e+01, 1.2425e-02, 
 2DIAGNOSTIC,    52, -4.414668679237e-01, 3.242181719543e-06, 1.8282e+01, 1.0822e-02, 
 2DIAGNOSTIC,    53, -4.414694905281e-01, 2.630431481521e-06, 1.8293e+01, 1.0826e-02, 
 2DIAGNOSTIC,    54, -4.414753913879e-01, 2.184451659559e-06, 1.8304e+01, 1.0908e-02, 
 2DIAGNOSTIC,    55, -4.414815902710e-01, 1.967232947209e-06, 1.8315e+01, 1.0832e-02, 
 2DIAGNOSTIC,    56, -4.414941966534e-01, 1.903939164549e-06, 1.8334e+01, 1.8972e-02, 
 2DIAGNOSTIC,    57, -4.416447579861e-01, 3.480757641228e-06, 1.8348e+01, 1.4108e-02, 
 2DIAGNOSTIC,    58, -4.416452646255e-01, 4.797459496331e-06, 1.8361e+01, 1.2448e-02, 
 2DIAGNOSTIC,    59, -4.416458308697e-01, 5.771129508503e-06, 1.8373e+01, 1.2442e-02, 
 2DIAGNOSTIC,    60, -4.416464865208e-01, 6.374320946634e-06, 1.8385e+01, 1.2428e-02, 
 2DIAGNOSTIC,    61, -4.416474997997e-01, 6.431434485421e-06, 1.8396e+01, 1.0819e-02, 
 2DIAGNOSTIC,    62, -4.416487514973e-01, 5.909609626542e-06, 1.8407e+01, 1.0823e-02, 
 2DIAGNOSTIC,    63, -4.416508674622e-01, 4.929136139253e-06, 1.8418e+01, 1.0892e-02, 
 2DIAGNOSTIC,    64, -4.416527450085e-01, 3.656712806333e-06, 1.8432e+01, 1.4076e-02, 
 2DIAGNOSTIC,    65, -4.416553974152e-01, 2.222196826551e-06, 1.8445e+01, 1.2530e-02, 
DIAGNOSTIC,Iteration,metricValue,convergenceValue,ITERATION_TIME_INDEX,SINCE_LAST
 2DIAGNOSTIC,     1, -3.726612031460e-01, inf, 3.2850e+01, 1.4405e+01, 
 2DIAGNOSTIC,     2, -3.730379045010e-01, inf, 3.2905e+01, 5.4711e-02, 
 2DIAGNOSTIC,     3, -3.737718462944e-01, inf, 3.2959e+01, 5.4702e-02, 
 2DIAGNOSTIC,     4, -3.749984502792e-01, inf, 3.3014e+01, 5.4656e-02, 
 2DIAGNOSTIC,     5, -3.767916560173e-01, inf, 3.3079e+01, 6.4713e-02, 
 2DIAGNOSTIC,     6, -3.777707815170e-01, inf, 3.3184e+01, 1.0477e-01, 
 2DIAGNOSTIC,     7, -3.777674734592e-01, inf, 3.3250e+01, 6.5993e-02, 
 2DIAGNOSTIC,     8, -3.778302669525e-01, inf, 3.3316e+01, 6.6339e-02, 
 2DIAGNOSTIC,     9, -3.778090178967e-01, inf, 3.3370e+01, 5.4290e-02, 
 2DIAGNOSTIC,    10, -3.778827190399e-01, 1.038162969053e-03, 3.3435e+01, 6.5005e-02, 
 2DIAGNOSTIC,    11, -3.779234290123e-01, 7.538677309640e-04, 3.3490e+01, 5.4995e-02, 
 2DIAGNOSTIC,    12, -3.779006898403e-01, 4.732871020678e-04, 3.3545e+01, 5.4974e-02, 
 2DIAGNOSTIC,    13, -3.778720498085e-01, 2.347378758714e-04, 3.3610e+01, 6.4937e-02, 
 2DIAGNOSTIC,    14, -3.779088258743e-01, 7.532005110988e-05, 3.3665e+01, 5.4996e-02, 
 2DIAGNOSTIC,    15, -3.779112100601e-01, 1.936961052706e-05, 3.3730e+01, 6.4874e-02, 
 2DIAGNOSTIC,    16, -3.779298961163e-01, 1.587922088220e-05, 3.3785e+01, 5.5083e-02, 
 2DIAGNOSTIC,    17, -3.779221475124e-01, 1.101336329157e-05, 3.3840e+01, 5.4986e-02, 
 2DIAGNOSTIC,    18, -3.780045509338e-01, 1.205765966006e-05, 3.3895e+01, 5.4951e-02, 
 2DIAGNOSTIC,    19, -3.780827224255e-01, 1.411247285432e-05, 3.3950e+01, 5.5002e-02, 
 2DIAGNOSTIC,    20, -3.782849907875e-01, 2.507456156309e-05, 3.4015e+01, 6.4810e-02, 
 2DIAGNOSTIC,    21, -3.783809542656e-01, 3.760366234928e-05, 3.4090e+01, 7.5058e-02, 
 2DIAGNOSTIC,    22, -3.785579800606e-01, 5.097432949697e-05, 3.4165e+01, 7.4865e-02, 
 2DIAGNOSTIC,    23, -3.786453902721e-01, 6.037210187060e-05, 3.4220e+01, 5.4903e-02, 
 2DIAGNOSTIC,    24, -3.789688050747e-01, 7.472219294868e-05, 3.4284e+01, 6.4777e-02, 
 2DIAGNOSTIC,    25, -3.790048658848e-01, 8.192582026822e-05, 3.4359e+01, 7.4543e-02, 
 2DIAGNOSTIC,    26, -3.790282011032e-01, 8.231402898673e-05, 3.4414e+01, 5.4769e-02, 
 2DIAGNOSTIC,    27, -3.790225684643e-01, 7.475420716219e-05, 3.4469e+01, 5.4834e-02, 
 2DIAGNOSTIC,    28, -3.790697753429e-01, 6.426737672882e-05, 3.4523e+01, 5.4902e-02, 
 2DIAGNOSTIC,    29, -3.791456818581e-01, 5.231824980001e-05, 3.4578e+01, 5.4788e-02, 
 2DIAGNOSTIC,    30, -3.791990280151e-01, 4.266890391591e-05, 3.4663e+01, 8.4900e-02, 
 2DIAGNOSTIC,    31, -3.793090581894e-01, 3.472866592347e-05, 3.4748e+01, 8.4493e-02, 
 2DIAGNOSTIC,    32, -3.793121576309e-01, 2.834191036527e-05, 3.4812e+01, 6.4807e-02, 
 2DIAGNOSTIC,    33, -3.793412446976e-01, 2.223718729510e-05, 3.4867e+01, 5.4791e-02, 
 2DIAGNOSTIC,    34, -3.793640732765e-01, 2.210082493548e-05, 3.4922e+01, 5.4835e-02, 
 2DIAGNOSTIC,    35, -3.793808221817e-01, 2.105744533765e-05, 3.4977e+01, 5.4774e-02, 
 2DIAGNOSTIC,    36, -3.794056475163e-01, 1.916629844345e-05, 3.5044e+01, 6.6841e-02, 
 2DIAGNOSTIC,    37, -3.794348835945e-01, 1.611222069187e-05, 3.5111e+01, 6.7128e-02, 
 2DIAGNOSTIC,    38, -3.795423209667e-01, 1.481521212554e-05, 3.5225e+01, 1.1418e-01, 
 2DIAGNOSTIC,    39, -3.795517683029e-01, 1.384021288686e-05, 3.5290e+01, 6.4664e-02, 
 2DIAGNOSTIC,    40, -3.795224428177e-01, 1.209372021549e-05, 3.5345e+01, 5.5002e-02, 
 2DIAGNOSTIC,    41, -3.794929385185e-01, 1.088157569029e-05, 3.5399e+01, 5.4766e-02, 
 2DIAGNOSTIC,    42, -3.795017600060e-01, 8.964750122686e-06, 3.5454e+01, 5.4854e-02, 
 2DIAGNOSTIC,    43, -3.795163631439e-01, 7.063129487506e-06, 3.5509e+01, 5.4726e-02, 
 2DIAGNOSTIC,    44, -3.795769810677e-01, 6.052952812752e-06, 3.5574e+01, 6.4970e-02, 
 2DIAGNOSTIC,    45, -3.795948326588e-01, 5.165248694539e-06, 3.5629e+01, 5.4780e-02, 
 2DIAGNOSTIC,    46, -3.796198666096e-01, 4.731118679047e-06, 3.5684e+01, 5.4907e-02, 
 2DIAGNOSTIC,    47, -3.795824348927e-01, 3.749310735657e-06, 3.5768e+01, 8.4496e-02, 
 2DIAGNOSTIC,    48, -3.796634972095e-01, 5.465337380883e-06, 3.5882e+01, 1.1399e-01, 
 2DIAGNOSTIC,    49, -3.796619772911e-01, 6.728585503879e-06, 3.5937e+01, 5.4661e-02, 
 2DIAGNOSTIC,    50, -3.796686828136e-01, 7.033484052954e-06, 3.5992e+01, 5.4761e-02, 
 2DIAGNOSTIC,    51, -3.796384036541e-01, 5.857419637323e-06, 3.6046e+01, 5.4689e-02, 
 2DIAGNOSTIC,    52, -3.796447813511e-01, 4.469755822356e-06, 3.6111e+01, 6.4702e-02, 
 2DIAGNOSTIC,    53, -3.796487748623e-01, 2.988784899571e-06, 3.6166e+01, 5.4720e-02, 
 2DIAGNOSTIC,    54, -3.796182870865e-01, 1.729701807562e-06, 3.6220e+01, 5.4785e-02, 
 2DIAGNOSTIC,    55, -3.796660006046e-01, 1.318437853115e-06, 3.6275e+01, 5.4755e-02, 
 2DIAGNOSTIC,    56, -3.797205686569e-01, 1.929261316036e-06, 3.6330e+01, 5.4770e-02, 
 2DIAGNOSTIC,    57, -3.797790110111e-01, 2.615589892230e-06, 3.6395e+01, 6.4625e-02, 
 2DIAGNOSTIC,    58, -3.797334432602e-01, 3.532511527737e-06, 3.6479e+01, 8.4344e-02, 
 2DIAGNOSTIC,    59, -3.797770142555e-01, 4.701672423835e-06, 3.6534e+01, 5.4681e-02, 
 2DIAGNOSTIC,    60, -3.798230290413e-01, 6.082017989684e-06, 3.6598e+01, 6.4522e-02, 
 2DIAGNOSTIC,    61, -3.798305392265e-01, 6.559910161741e-06, 3.6653e+01, 5.4741e-02, 
 2DIAGNOSTIC,    62, -3.798416554928e-01, 6.657136509602e-06, 3.6718e+01, 6.4750e-02, 
 2DIAGNOSTIC,    63, -3.798135519028e-01, 5.911468178965e-06, 3.6772e+01, 5.4696e-02, 
 2DIAGNOSTIC,    64, -3.798252642155e-01, 4.455213911569e-06, 3.6837e+01, 6.4658e-02, 
 2DIAGNOSTIC,    65, -3.798061013222e-01, 2.957132664960e-06, 3.6892e+01, 5.4797e-02, 
 2DIAGNOSTIC,    66, -3.798244595528e-01, 2.077727913274e-06, 3.6966e+01, 7.4674e-02, 
 2DIAGNOSTIC,    67, -3.797979354858e-01, 1.449917704122e-06, 3.7041e+01, 7.4708e-02, 
 2DIAGNOSTIC,    68, -3.799231350422e-01, 1.630798578844e-06, 3.7096e+01, 5.4796e-02, 
 2DIAGNOSTIC,    69, -3.799343109131e-01, 2.239039076812e-06, 3.7161e+01, 6.4766e-02, 
 2DIAGNOSTIC,    70, -3.798739016056e-01, 2.508861371098e-06, 3.7225e+01, 6.4607e-02, 
 2DIAGNOSTIC,    71, -3.799544274807e-01, 3.538212013154e-06, 3.7290e+01, 6.4598e-02, 
 2DIAGNOSTIC,    72, -3.799597918987e-01, 4.388647084852e-06, 3.7345e+01, 5.4670e-02, 
 2DIAGNOSTIC,    73, -3.799300491810e-01, 4.215019089315e-06, 3.7399e+01, 5.4740e-02, 
 2DIAGNOSTIC,    74, -3.799802362919e-01, 4.330698629929e-06, 3.7455e+01, 5.5920e-02, 
 2DIAGNOSTIC,    75, -3.799631893635e-01, 3.706405777848e-06, 3.7511e+01, 5.6140e-02, 
 2DIAGNOSTIC,    76, -3.800643682480e-01, 3.980544079241e-06, 3.7606e+01, 9.4776e-02, 
 2DIAGNOSTIC,    77, -3.800461888313e-01, 3.400079322091e-06, 3.7671e+01, 6.4801e-02, 
 2DIAGNOSTIC,    78, -3.800539970398e-01, 3.844707862299e-06, 3.7726e+01, 5.4966e-02, 
 2DIAGNOSTIC,    79, -3.800673782825e-01, 4.210994120513e-06, 3.7791e+01, 6.5098e-02, 
 2DIAGNOSTIC,    80, -3.800749480724e-01, 3.671250169646e-06, 3.7847e+01, 5.5467e-02, 
 2DIAGNOSTIC,    81, -3.800867497921e-01, 3.672548928080e-06, 3.7912e+01, 6.5319e-02, 
 2DIAGNOSTIC,    82, -3.800994753838e-01, 3.532069285939e-06, 3.7967e+01, 5.4844e-02, 
 2DIAGNOSTIC,    83, -3.801192939281e-01, 2.999720209118e-06, 3.8032e+01, 6.4830e-02, 
 2DIAGNOSTIC,    84, -3.801350891590e-01, 2.824477405738e-06, 3.8086e+01, 5.4887e-02, 
 2DIAGNOSTIC,    85, -3.801951706409e-01, 2.768275862763e-06, 3.8141e+01, 5.5037e-02, 
 2DIAGNOSTIC,    86, -3.803076744080e-01, 4.339521183283e-06, 3.8248e+01, 1.0698e-01, 
 2DIAGNOSTIC,    87, -3.803214430809e-01, 5.431178124127e-06, 3.8313e+01, 6.4823e-02, 
 2DIAGNOSTIC,    88, -3.802894949913e-01, 5.814472388010e-06, 3.8368e+01, 5.4947e-02, 
 2DIAGNOSTIC,    89, -3.802595138550e-01, 5.542917733692e-06, 3.8423e+01, 5.4850e-02, 
 2DIAGNOSTIC,    90, -3.802721798420e-01, 4.939018708683e-06, 3.8478e+01, 5.4951e-02, 
 2DIAGNOSTIC,    91, -3.802947103977e-01, 4.160705429967e-06, 3.8533e+01, 5.4948e-02, 
 2DIAGNOSTIC,    92, -3.802872896194e-01, 3.066537374252e-06, 3.8599e+01, 6.5616e-02, 
 2DIAGNOSTIC,    93, -3.803882002831e-01, 2.733341716521e-06, 3.8684e+01, 8.5627e-02, 
 2DIAGNOSTIC,    94, -3.803262412548e-01, 1.790509372768e-06, 3.8740e+01, 5.5559e-02, 
 2DIAGNOSTIC,    95, -3.803381919861e-01, 1.288420889978e-06, 3.8795e+01, 5.5026e-02, 
 2DIAGNOSTIC,    96, -3.803592026234e-01, 1.738448986544e-06, 3.8850e+01, 5.4947e-02, 
 2DIAGNOSTIC,    97, -3.804380297661e-01, 2.750481144176e-06, 3.8905e+01, 5.4991e-02, 
 2DIAGNOSTIC,    98, -3.805312514305e-01, 3.961682523368e-06, 3.8989e+01, 8.4490e-02, 
 2DIAGNOSTIC,    99, -3.805584311485e-01, 4.767740392708e-06, 3.9094e+01, 1.0498e-01, 
 2DIAGNOSTIC,   100, -3.805614709854e-01, 5.263557341095e-06, 3.9149e+01, 5.5122e-02, 
 2DIAGNOSTIC,   101, -3.805761635303e-01, 5.557897111430e-06, 3.9205e+01, 5.5811e-02, 
 2DIAGNOSTIC,   102, -3.805859982967e-01, 5.318676358002e-06, 3.9260e+01, 5.4896e-02, 
 2DIAGNOSTIC,   103, -3.805943429470e-01, 5.395897460403e-06, 3.9315e+01, 5.4943e-02, 
 2DIAGNOSTIC,   104, -3.806124329567e-01, 4.666402219300e-06, 3.9370e+01, 5.4908e-02, 
 2DIAGNOSTIC,   105, -3.806375861168e-01, 3.803307208727e-06, 3.9435e+01, 6.4739e-02, 
 2DIAGNOSTIC,   106, -3.806779980659e-01, 3.042120852115e-06, 3.9530e+01, 9.5347e-02, 
 2DIAGNOSTIC,   107, -3.806867897511e-01, 2.621439307404e-06, 3.9585e+01, 5.5152e-02, 
 2DIAGNOSTIC,   108, -3.806951642036e-01, 2.687577307370e-06, 3.9641e+01, 5.6205e-02, 
 2DIAGNOSTIC,   109, -3.807125687599e-01, 2.829504865076e-06, 3.9697e+01, 5.5215e-02, 
 2DIAGNOSTIC,   110, -3.806956112385e-01, 2.620945224407e-06, 3.9751e+01, 5.4899e-02, 
 2DIAGNOSTIC,   111, -3.807718157768e-01, 2.804638143061e-06, 3.9856e+01, 1.0450e-01, 
 2DIAGNOSTIC,   112, -3.808192908764e-01, 3.110711531917e-06, 3.9911e+01, 5.4898e-02, 
 2DIAGNOSTIC,   113, -3.807867765427e-01, 2.973789150928e-06, 3.9966e+01, 5.4950e-02, 
 2DIAGNOSTIC,   114, -3.807943165302e-01, 2.762486701613e-06, 4.0021e+01, 5.5553e-02, 
 2DIAGNOSTIC,   115, -3.808076977730e-01, 2.559859012763e-06, 4.0087e+01, 6.5185e-02, 
 2DIAGNOSTIC,   116, -3.808576464653e-01, 2.709431555559e-06, 4.0142e+01, 5.5688e-02, 
 2DIAGNOSTIC,   117, -3.808739185333e-01, 2.765368435576e-06, 4.0197e+01, 5.4877e-02, 
 2DIAGNOSTIC,   118, -3.809764981270e-01, 3.290729864602e-06, 4.0292e+01, 9.4499e-02, 
 2DIAGNOSTIC,   119, -3.809877634048e-01, 3.696017074617e-06, 4.0347e+01, 5.4991e-02, 
 2DIAGNOSTIC,   120, -3.809953629971e-01, 3.694857923620e-06, 4.0402e+01, 5.4963e-02, 
 2DIAGNOSTIC,   121, -3.810057044029e-01, 3.890650077665e-06, 4.0466e+01, 6.4929e-02, 
 2DIAGNOSTIC,   122, -3.809792101383e-01, 3.862481207761e-06, 4.0531e+01, 6.4777e-02, 
 2DIAGNOSTIC,   123, -3.810575902462e-01, 3.764262601180e-06, 4.0674e+01, 1.4296e-01, 
 2DIAGNOSTIC,   124, -3.810574710369e-01, 3.357248715474e-06, 4.0739e+01, 6.4840e-02, 
 2DIAGNOSTIC,   125, -3.810583949089e-01, 2.746161044342e-06, 4.0794e+01, 5.4848e-02, 
 2DIAGNOSTIC,   126, -3.810598254204e-01, 2.220960595878e-06, 4.0849e+01, 5.4827e-02, 
 2DIAGNOSTIC,   127, -3.810616433620e-01, 1.604455860615e-06, 4.0904e+01, 5.4936e-02, 
 2DIAGNOSTIC,   128, -3.810276389122e-01, 1.259850137103e-06, 4.0959e+01, 5.5550e-02, 
DIAGNOSTIC,Iteration,metricValue,convergenceValue,ITERATION_TIME_INDEX,SINCE_LAST
 2DIAGNOSTIC,     1, -3.211562633514e-01, inf, 4.9932e+01, 8.9731e+00, 
 2DIAGNOSTIC,     2, -3.212644755840e-01, inf, 5.0451e+01, 5.1914e-01, 
 2DIAGNOSTIC,     3, -3.212909400463e-01, inf, 5.0971e+01, 5.1936e-01, 
 2DIAGNOSTIC,     4, -3.213014304638e-01, inf, 5.1662e+01, 6.9140e-01, 
 2DIAGNOSTIC,     5, -3.213065862656e-01, inf, 5.2183e+01, 5.2130e-01, 
 2DIAGNOSTIC,     6, -3.213038444519e-01, inf, 5.2704e+01, 5.2069e-01, 
 2DIAGNOSTIC,     7, -3.213003873825e-01, inf, 5.3225e+01, 5.2069e-01, 
 2DIAGNOSTIC,     8, -3.212993144989e-01, inf, 5.3743e+01, 5.1827e-01, 
 2DIAGNOSTIC,     9, -3.212938308716e-01, inf, 5.4182e+01, 4.3875e-01, 
 2DIAGNOSTIC,    10, -3.212935924530e-01, 1.803500163078e-05, 5.4700e+01, 5.1812e-01, 
 2DIAGNOSTIC,    11, -3.212889730930e-01, 4.300291493564e-06, 5.5218e+01, 5.1753e-01, 
DIAGNOSTIC,Iteration,metricValue,convergenceValue,ITERATION_TIME_INDEX,SINCE_LAST
 2DIAGNOSTIC,     1, -2.786470949650e-01, inf, 6.3651e+01, 8.4334e+00, 
  Elapsed time (stage 0): 6.5423e+01


Stage 1
  iterations = 1000x500x250x0
  convergence threshold = 1.0000e-06
  convergence window size = 10
  number of levels = 4
  using the Mattes MI metric (number of bins = 32, weight = 1.0000e+00)
  preprocessing:  winsorizing the image intensities
  Shrink factors (level 1 out of 4): [12, 12, 12]
  Shrink factors (level 2 out of 4): [8, 8, 8]
  Shrink factors (level 3 out of 4): [4, 4, 4]
  Shrink factors (level 4 out of 4): [2, 2, 2]
  smoothing sigmas per level: [4, 3, 2, 1]
  regular sampling (percentage = 2.5000e-01)

*** Running AffineTransform registration ***

DIAGNOSTIC,Iteration,metricValue,convergenceValue,ITERATION_TIME_INDEX,SINCE_LAST
 2DIAGNOSTIC,     1, -4.290297031403e-01, inf, 1.7627e+01, 1.7627e+01, 
 2DIAGNOSTIC,     2, -4.301917254925e-01, inf, 1.7641e+01, 1.4810e-02, 
 2DIAGNOSTIC,     3, -4.320589900017e-01, inf, 1.7656e+01, 1.4503e-02, 
 2DIAGNOSTIC,     4, -4.349998831749e-01, inf, 1.7670e+01, 1.4444e-02, 
 2DIAGNOSTIC,     5, -4.392909109592e-01, inf, 1.7685e+01, 1.4358e-02, 
 2DIAGNOSTIC,     6, -4.447408318520e-01, inf, 1.7700e+01, 1.4912e-02, 
 2DIAGNOSTIC,     7, -4.624966084957e-01, inf, 1.7715e+01, 1.5232e-02, 
 2DIAGNOSTIC,     8, -4.716041684151e-01, inf, 1.7736e+01, 2.1421e-02, 
 2DIAGNOSTIC,     9, -4.768240451813e-01, inf, 1.7751e+01, 1.4709e-02, 
 2DIAGNOSTIC,    10, -4.895492792130e-01, 8.997988887131e-03, 1.7768e+01, 1.7492e-02, 
 2DIAGNOSTIC,    11, -5.025386214256e-01, 9.637757204473e-03, 1.7786e+01, 1.7188e-02, 
 2DIAGNOSTIC,    12, -5.037914514542e-01, 9.404246695340e-03, 1.7803e+01, 1.7089e-02, 
 2DIAGNOSTIC,    13, -5.063918828964e-01, 8.581153117120e-03, 1.7820e+01, 1.7208e-02, 
 2DIAGNOSTIC,    14, -5.084128975868e-01, 7.334710564464e-03, 1.7837e+01, 1.6996e-02, 
 2DIAGNOSTIC,    15, -5.089420676231e-01, 5.793680902570e-03, 1.7852e+01, 1.4889e-02, 
 2DIAGNOSTIC,    16, -5.093349814415e-01, 4.131740424782e-03, 1.7867e+01, 1.4850e-02, 
 2DIAGNOSTIC,    17, -5.101672410965e-01, 2.955132629722e-03, 1.7895e+01, 2.8136e-02, 
 2DIAGNOSTIC,    18, -5.102120041847e-01, 1.955369487405e-03, 1.7910e+01, 1.5116e-02, 
 2DIAGNOSTIC,    19, -5.104483366013e-01, 1.051506260410e-03, 1.7925e+01, 1.4899e-02, 
 2DIAGNOSTIC,    20, -5.107058286667e-01, 5.216683493927e-04, 1.7940e+01, 1.4851e-02, 
 2DIAGNOSTIC,    21, -5.108335614204e-01, 3.664871910587e-04, 1.7955e+01, 1.4890e-02, 
 2DIAGNOSTIC,    22, -5.109684467316e-01, 2.279840118717e-04, 1.7970e+01, 1.4962e-02, 
 2DIAGNOSTIC,    23, -5.111868977547e-01, 1.518569770269e-04, 1.7986e+01, 1.6661e-02, 
 2DIAGNOSTIC,    24, -5.116734504700e-01, 1.294855464948e-04, 1.8008e+01, 2.1960e-02, 
 2DIAGNOSTIC,    25, -5.117514133453e-01, 1.108429205487e-04, 1.8023e+01, 1.4891e-02, 
 2DIAGNOSTIC,    26, -5.117692351341e-01, 9.229278657585e-05, 1.8040e+01, 1.6612e-02, 
 2DIAGNOSTIC,    27, -5.117939710617e-01, 8.534723747289e-05, 1.8056e+01, 1.6685e-02, 
 2DIAGNOSTIC,    28, -5.118306279182e-01, 7.255049422383e-05, 1.8075e+01, 1.8366e-02, 
 2DIAGNOSTIC,    29, -5.118448138237e-01, 5.869492451893e-05, 1.8090e+01, 1.4948e-02, 
 2DIAGNOSTIC,    30, -5.118511319160e-01, 4.544449620880e-05, 1.8105e+01, 1.4879e-02, 
 2DIAGNOSTIC,    31, -5.118578076363e-01, 3.152763019898e-05, 1.8123e+01, 1.8451e-02, 
 2DIAGNOSTIC,    32, -5.118600726128e-01, 1.811865513446e-05, 1.8138e+01, 1.4927e-02, 
 2DIAGNOSTIC,    33, -5.118660330772e-01, 7.629131232534e-06, 1.8153e+01, 1.4892e-02, 
 2DIAGNOSTIC,    34, -5.118676424026e-01, 5.398032499215e-06, 1.8171e+01, 1.8332e-02, 
 2DIAGNOSTIC,    35, -5.118755102158e-01, 4.296202405385e-06, 1.8188e+01, 1.6536e-02, 
 2DIAGNOSTIC,    36, -5.118787884712e-01, 3.271951982242e-06, 1.8208e+01, 1.9924e-02, 
 2DIAGNOSTIC,    37, -5.118838548660e-01, 2.531123527660e-06, 1.8224e+01, 1.6699e-02, 
 2DIAGNOSTIC,    38, -5.118845105171e-01, 2.233759914816e-06, 1.8241e+01, 1.6623e-02, 
 2DIAGNOSTIC,    39, -5.118851065636e-01, 2.038740831267e-06, 1.8258e+01, 1.6664e-02, 
 2DIAGNOSTIC,    40, -5.118861198425e-01, 1.842879782998e-06, 1.8272e+01, 1.4881e-02, 
 2DIAGNOSTIC,    41, -5.118885636330e-01, 1.685760594228e-06, 1.8287e+01, 1.4960e-02, 
 2DIAGNOSTIC,    42, -5.118927359581e-01, 1.537312414257e-06, 1.8302e+01, 1.4883e-02, 
 2DIAGNOSTIC,    43, -5.118997097015e-01, 1.495804553997e-06, 1.8317e+01, 1.4841e-02, 
 2DIAGNOSTIC,    44, -5.119096040726e-01, 1.532655232950e-06, 1.8334e+01, 1.6451e-02, 
 2DIAGNOSTIC,    45, -5.119180083275e-01, 1.696764911685e-06, 1.8355e+01, 2.1739e-02, 
 2DIAGNOSTIC,    46, -5.119223594666e-01, 1.853104322436e-06, 1.8370e+01, 1.4907e-02, 
 2DIAGNOSTIC,    47, -5.119237303734e-01, 1.971955043700e-06, 1.8385e+01, 1.4739e-02, 
 2DIAGNOSTIC,    48, -5.119292140007e-01, 2.036657178905e-06, 1.8400e+01, 1.4753e-02, 
 2DIAGNOSTIC,    49, -5.119341015816e-01, 2.029956476690e-06, 1.8416e+01, 1.6616e-02, 
 2DIAGNOSTIC,    50, -5.119431018829e-01, 2.005243459280e-06, 1.8438e+01, 2.1731e-02, 
 2DIAGNOSTIC,    51, -5.119451880455e-01, 1.901426003315e-06, 1.8455e+01, 1.6447e-02, 
 2DIAGNOSTIC,    52, -5.119449496269e-01, 1.725135803099e-06, 1.8471e+01, 1.6560e-02, 
 2DIAGNOSTIC,    53, -5.119453668594e-01, 1.529132305222e-06, 1.8486e+01, 1.4526e-02, 
 2DIAGNOSTIC,    54, -5.119469165802e-01, 1.370345216856e-06, 1.8500e+01, 1.4531e-02, 
 2DIAGNOSTIC,    55, -5.119504928589e-01, 1.265151468033e-06, 1.8515e+01, 1.4591e-02, 
 2DIAGNOSTIC,    56, -5.119560360909e-01, 1.199147277475e-06, 1.8530e+01, 1.4859e-02, 
 2DIAGNOSTIC,    57, -5.119671225548e-01, 1.199786652251e-06, 1.8546e+01, 1.6424e-02, 
 2DIAGNOSTIC,    58, -5.119697451591e-01, 1.217325916514e-06, 1.8562e+01, 1.6443e-02, 
 2DIAGNOSTIC,    59, -5.119796991348e-01, 1.312635163231e-06, 1.8582e+01, 1.9781e-02, 
 2DIAGNOSTIC,    60, -5.119814872742e-01, 1.431424948350e-06, 1.8599e+01, 1.6472e-02, 
 2DIAGNOSTIC,    61, -5.119817256927e-01, 1.482271045461e-06, 1.8613e+01, 1.4658e-02, 
 2DIAGNOSTIC,    62, -5.119845867157e-01, 1.464279307584e-06, 1.8628e+01, 1.4801e-02, 
 2DIAGNOSTIC,    63, -5.119896531105e-01, 1.404933414051e-06, 1.8643e+01, 1.4816e-02, 
 2DIAGNOSTIC,    64, -5.119979381561e-01, 1.347601823909e-06, 1.8658e+01, 1.4661e-02, 
 2DIAGNOSTIC,    65, -5.120140314102e-01, 1.380926505590e-06, 1.8680e+01, 2.1854e-02, 
 2DIAGNOSTIC,    66, -5.120148062706e-01, 1.378867295898e-06, 1.8694e+01, 1.4847e-02, 
 2DIAGNOSTIC,    67, -5.120193958282e-01, 1.426437279406e-06, 1.8709e+01, 1.4786e-02, 
 2DIAGNOSTIC,    68, -5.120242238045e-01, 1.441711219741e-06, 1.8724e+01, 1.4832e-02, 
 2DIAGNOSTIC,    69, -5.120361447334e-01, 1.540457787996e-06, 1.8749e+01, 2.5286e-02, 
 2DIAGNOSTIC,    70, -5.120379924774e-01, 1.559235329296e-06, 1.8764e+01, 1.4809e-02, 
 2DIAGNOSTIC,    71, -5.120381116867e-01, 1.476157422076e-06, 1.8779e+01, 1.4791e-02, 
 2DIAGNOSTIC,    72, -5.120408535004e-01, 1.343660983366e-06, 1.8793e+01, 1.4596e-02, 
 2DIAGNOSTIC,    73, -5.120449662209e-01, 1.197977667289e-06, 1.8808e+01, 1.4877e-02, 
 2DIAGNOSTIC,    74, -5.120512843132e-01, 1.089753027372e-06, 1.8823e+01, 1.4801e-02, 
 2DIAGNOSTIC,    75, -5.120643377304e-01, 1.140604581451e-06, 1.8849e+01, 2.5562e-02, 
 2DIAGNOSTIC,    76, -5.120651125908e-01, 1.132224156208e-06, 1.8865e+01, 1.6626e-02, 
 2DIAGNOSTIC,    77, -5.120660066605e-01, 1.097623339774e-06, 1.8880e+01, 1.4831e-02, 
 2DIAGNOSTIC,    78, -5.120681524277e-01, 1.047351815942e-06, 1.8897e+01, 1.6491e-02, 
 2DIAGNOSTIC,    79, -5.120717287064e-01, 1.046424131346e-06, 1.8911e+01, 1.4794e-02, 
 2DIAGNOSTIC,    80, -5.120764374733e-01, 1.028731617225e-06, 1.8926e+01, 1.4831e-02, 
 2DIAGNOSTIC,    81, -5.120868682861e-01, 1.024275661621e-06, 1.8943e+01, 1.6640e-02, 
 2DIAGNOSTIC,    82, -5.120907425880e-01, 1.004766431834e-06, 1.8961e+01, 1.8332e-02, 
DIAGNOSTIC,Iteration,metricValue,convergenceValue,ITERATION_TIME_INDEX,SINCE_LAST
 2DIAGNOSTIC,     1, -4.494290649891e-01, inf, 3.2594e+01, 1.3633e+01, 
 2DIAGNOSTIC,     2, -4.504479467869e-01, inf, 3.2662e+01, 6.7546e-02, 
 2DIAGNOSTIC,     3, -4.511851966381e-01, inf, 3.2729e+01, 6.7327e-02, 
 2DIAGNOSTIC,     4, -4.515400230885e-01, inf, 3.2797e+01, 6.7926e-02, 
 2DIAGNOSTIC,     5, -4.517582654953e-01, inf, 3.2864e+01, 6.7034e-02, 
 2DIAGNOSTIC,     6, -4.520010054111e-01, inf, 3.2931e+01, 6.7086e-02, 
 2DIAGNOSTIC,     7, -4.522412121296e-01, inf, 3.3030e+01, 9.8320e-02, 
 2DIAGNOSTIC,     8, -4.523145854473e-01, inf, 3.3108e+01, 7.8516e-02, 
 2DIAGNOSTIC,     9, -4.523598253727e-01, inf, 3.3197e+01, 8.8842e-02, 
 2DIAGNOSTIC,    10, -4.525434076786e-01, 3.773366915993e-04, 3.3276e+01, 7.9106e-02, 
 2DIAGNOSTIC,    11, -4.526692330837e-01, 2.478807000443e-04, 3.3344e+01, 6.7783e-02, 
 2DIAGNOSTIC,    12, -4.527097046375e-01, 1.726118498482e-04, 3.3411e+01, 6.7517e-02, 
 2DIAGNOSTIC,    13, -4.527600407600e-01, 1.315851841355e-04, 3.3490e+01, 7.8430e-02, 
 2DIAGNOSTIC,    14, -4.527710080147e-01, 1.011332060443e-04, 3.3558e+01, 6.7886e-02, 
 2DIAGNOSTIC,    15, -4.527907669544e-01, 7.546491542598e-05, 3.3657e+01, 9.9333e-02, 
 2DIAGNOSTIC,    16, -4.528011381626e-01, 5.592419256573e-05, 3.3724e+01, 6.7472e-02, 
 2DIAGNOSTIC,    17, -4.528076946735e-01, 4.285500472179e-05, 3.3792e+01, 6.7819e-02, 
 2DIAGNOSTIC,    18, -4.528217017651e-01, 3.058263610001e-05, 3.3861e+01, 6.8851e-02, 
 2DIAGNOSTIC,    19, -4.528319835663e-01, 1.864901241788e-05, 3.3950e+01, 8.9293e-02, 
 2DIAGNOSTIC,    20, -4.528435170650e-01, 1.237940250576e-05, 3.4029e+01, 7.8761e-02, 
 2DIAGNOSTIC,    21, -4.528519809246e-01, 9.703189789434e-06, 3.4118e+01, 8.9074e-02, 
 2DIAGNOSTIC,    22, -4.528631567955e-01, 7.949428436405e-06, 3.4186e+01, 6.7964e-02, 
 2DIAGNOSTIC,    23, -4.528676569462e-01, 7.231878043967e-06, 3.4254e+01, 6.7980e-02, 
 2DIAGNOSTIC,    24, -4.528741836548e-01, 6.472097538790e-06, 3.4322e+01, 6.7950e-02, 
 2DIAGNOSTIC,    25, -4.528829157352e-01, 6.000980192766e-06, 3.4433e+01, 1.1068e-01, 
 2DIAGNOSTIC,    26, -4.528850615025e-01, 5.419768513093e-06, 3.4501e+01, 6.8117e-02, 
 2DIAGNOSTIC,    27, -4.528882503510e-01, 4.709209861176e-06, 3.4569e+01, 6.8095e-02, 
 2DIAGNOSTIC,    28, -4.528915584087e-01, 4.103187620785e-06, 3.4637e+01, 6.7619e-02, 
 2DIAGNOSTIC,    29, -4.528970420361e-01, 3.595509042498e-06, 3.4747e+01, 1.1048e-01, 
 2DIAGNOSTIC,    30, -4.528993964195e-01, 3.170539230268e-06, 3.4828e+01, 8.1407e-02, 
 2DIAGNOSTIC,    31, -4.529000818729e-01, 2.754964725682e-06, 3.4896e+01, 6.7899e-02, 
 2DIAGNOSTIC,    32, -4.529010057449e-01, 2.441467586323e-06, 3.4964e+01, 6.7995e-02, 
 2DIAGNOSTIC,    33, -4.529027938843e-01, 2.127302650479e-06, 3.5032e+01, 6.7911e-02, 
 2DIAGNOSTIC,    34, -4.529047608376e-01, 1.872371058198e-06, 3.5111e+01, 7.8496e-02, 
 2DIAGNOSTIC,    35, -4.529082477093e-01, 1.761444991644e-06, 3.5210e+01, 9.9673e-02, 
 2DIAGNOSTIC,    36, -4.529081881046e-01, 1.611513312127e-06, 3.5289e+01, 7.8433e-02, 
 2DIAGNOSTIC,    37, -4.529096484184e-01, 1.480441710555e-06, 3.5368e+01, 7.8626e-02, 
 2DIAGNOSTIC,    38, -4.529096782207e-01, 1.350012666990e-06, 3.5446e+01, 7.8060e-02, 
 2DIAGNOSTIC,    39, -4.529100656509e-01, 1.270698703593e-06, 3.5514e+01, 6.7958e-02, 
 2DIAGNOSTIC,    40, -4.529100060463e-01, 1.187545308312e-06, 3.5592e+01, 7.8533e-02, 
 2DIAGNOSTIC,    41, -4.529108703136e-01, 1.095066409107e-06, 3.5660e+01, 6.7881e-02, 
DIAGNOSTIC,Iteration,metricValue,convergenceValue,ITERATION_TIME_INDEX,SINCE_LAST
 2DIAGNOSTIC,     1, -3.869043886662e-01, inf, 4.4550e+01, 8.8900e+00, 
 2DIAGNOSTIC,     2, -3.872264623642e-01, inf, 4.5093e+01, 5.4307e-01, 
 2DIAGNOSTIC,     3, -3.874412477016e-01, inf, 4.5634e+01, 5.4124e-01, 
 2DIAGNOSTIC,     4, -3.875953853130e-01, inf, 4.6174e+01, 5.3995e-01, 
 2DIAGNOSTIC,     5, -3.878012001514e-01, inf, 4.6714e+01, 5.3982e-01, 
 2DIAGNOSTIC,     6, -3.879823982716e-01, inf, 4.7514e+01, 8.0034e-01, 
 2DIAGNOSTIC,     7, -3.880596458912e-01, inf, 4.8054e+01, 5.3962e-01, 
 2DIAGNOSTIC,     8, -3.881272077560e-01, inf, 4.8600e+01, 5.4568e-01, 
 2DIAGNOSTIC,     9, -3.883276879787e-01, inf, 4.9573e+01, 9.7356e-01, 
 2DIAGNOSTIC,    10, -3.883532583714e-01, 2.332561416551e-04, 5.0116e+01, 5.4232e-01, 
 2DIAGNOSTIC,    11, -3.884856402874e-01, 1.850947592175e-04, 5.0661e+01, 5.4554e-01, 
 2DIAGNOSTIC,    12, -3.885249495506e-01, 1.504946121713e-04, 5.1192e+01, 5.3074e-01, 
 2DIAGNOSTIC,    13, -3.885348737240e-01, 1.205254884553e-04, 5.1906e+01, 7.1435e-01, 
 2DIAGNOSTIC,    14, -3.885389566422e-01, 9.219760977430e-05, 5.2525e+01, 6.1885e-01, 
 2DIAGNOSTIC,    15, -3.885420262814e-01, 6.943757034605e-05, 5.3070e+01, 5.4472e-01, 
 2DIAGNOSTIC,    16, -3.885467946529e-01, 5.184395922697e-05, 5.3614e+01, 5.4374e-01, 
 2DIAGNOSTIC,    17, -3.885518312454e-01, 3.526360887918e-05, 5.4510e+01, 8.9675e-01, 
 2DIAGNOSTIC,    18, -3.885534107685e-01, 2.010752359638e-05, 5.5056e+01, 5.4574e-01, 
 2DIAGNOSTIC,    19, -3.885545134544e-01, 1.267504740099e-05, 5.5599e+01, 5.4287e-01, 
 2DIAGNOSTIC,    20, -3.885562717915e-01, 5.848756700289e-06, 5.6139e+01, 5.4047e-01, 
 2DIAGNOSTIC,    21, -3.885591626167e-01, 3.955894953833e-06, 5.6679e+01, 5.3972e-01, 
 2DIAGNOSTIC,    22, -3.885636329651e-01, 3.453173576418e-06, 5.7487e+01, 8.0798e-01, 
 2DIAGNOSTIC,    23, -3.885650634766e-01, 3.164253257637e-06, 5.8116e+01, 6.2902e-01, 
 2DIAGNOSTIC,    24, -3.885660171509e-01, 2.888668177548e-06, 5.8658e+01, 5.4149e-01, 
 2DIAGNOSTIC,    25, -3.885671794415e-01, 2.611443733258e-06, 5.9287e+01, 6.2981e-01, 
 2DIAGNOSTIC,    26, -3.885679841042e-01, 2.381616695857e-06, 6.0171e+01, 8.8329e-01, 
 2DIAGNOSTIC,    27, -3.885686695576e-01, 2.212565959780e-06, 6.0709e+01, 5.3854e-01, 
 2DIAGNOSTIC,    28, -3.885684907436e-01, 1.994770400415e-06, 6.1243e+01, 5.3365e-01, 
 2DIAGNOSTIC,    29, -3.885687887669e-01, 1.747808255459e-06, 6.1872e+01, 6.2933e-01, 
 2DIAGNOSTIC,    30, -3.885697424412e-01, 1.521252443126e-06, 6.2497e+01, 6.2528e-01, 
 2DIAGNOSTIC,    31, -3.885706663132e-01, 1.352464892079e-06, 6.3127e+01, 6.2930e-01, 
 2DIAGNOSTIC,    32, -3.885711133480e-01, 1.275057798011e-06, 6.3752e+01, 6.2521e-01, 
 2DIAGNOSTIC,    33, -3.885718584061e-01, 1.224293782798e-06, 6.4473e+01, 7.2054e-01, 
 2DIAGNOSTIC,    34, -3.885718286037e-01, 1.171288886326e-06, 6.5002e+01, 5.2993e-01, 
 2DIAGNOSTIC,    35, -3.885722458363e-01, 1.131557041845e-06, 6.5627e+01, 6.2492e-01, 
 2DIAGNOSTIC,    36, -3.885724842548e-01, 1.093341666092e-06, 6.6252e+01, 6.2476e-01, 
 2DIAGNOSTIC,    37, -3.885727822781e-01, 1.056897076523e-06, 6.6875e+01, 6.2317e-01, 
 2DIAGNOSTIC,    38, -3.885728418827e-01, 1.001441773951e-06, 6.7505e+01, 6.3019e-01, 
DIAGNOSTIC,Iteration,metricValue,convergenceValue,ITERATION_TIME_INDEX,SINCE_LAST
 2DIAGNOSTIC,     1, -3.297906816006e-01, inf, 7.6933e+01, 9.4272e+00, 
  Elapsed time (stage 1): 7.8698e+01


Stage 2
  iterations = 100x100x70x50x0
  convergence threshold = 1.0000e-06
  convergence window size = 10
  number of levels = 5
  using the Mattes MI metric (number of bins = 32, weight = 1.0000e+00)
  preprocessing:  winsorizing the image intensities
  Shrink factors (level 1 out of 5): [10, 10, 10]
  Shrink factors (level 2 out of 5): [6, 6, 6]
  Shrink factors (level 3 out of 5): [4, 4, 4]
  Shrink factors (level 4 out of 5): [2, 2, 2]
  Shrink factors (level 5 out of 5): [1, 1, 1]
  smoothing sigmas per level: [5, 3, 2, 1, 0]
  Using default NONE metricSamplingStrategy 

*** Running SyN registration (varianceForUpdateField = 3.0000e+00, varianceForTotalField = 0.0000e+00) ***

XXDIAGNOSTIC,Iteration,metricValue,convergenceValue,ITERATION_TIME_INDEX,SINCE_LAST
 1DIAGNOSTIC,     1, -5.469616651535e-01, inf, 3.1355e+01, 3.1355e+01, 
 1DIAGNOSTIC,     2, -5.643286108971e-01, inf, 3.1508e+01, 1.5299e-01, 
 1DIAGNOSTIC,     3, -5.740808248520e-01, inf, 3.1661e+01, 1.5355e-01, 
 1DIAGNOSTIC,     4, -5.777068138123e-01, inf, 3.1812e+01, 1.5027e-01, 
 1DIAGNOSTIC,     5, -5.757967829704e-01, inf, 3.1959e+01, 1.4734e-01, 
 1DIAGNOSTIC,     6, -5.767155885696e-01, inf, 3.2105e+01, 1.4651e-01, 
 1DIAGNOSTIC,     7, -5.731110572815e-01, inf, 3.2253e+01, 1.4706e-01, 
 1DIAGNOSTIC,     8, -5.731081962585e-01, inf, 3.2399e+01, 1.4677e-01, 
 1DIAGNOSTIC,     9, -5.691635608673e-01, inf, 3.2546e+01, 1.4686e-01, 
 1DIAGNOSTIC,    10, -5.679802298546e-01, 1.128588803113e-03, 3.2694e+01, 1.4764e-01, 
 1DIAGNOSTIC,    11, -5.668960809708e-01, -4.784387419932e-04, 3.2843e+01, 1.4883e-01, 
XXDIAGNOSTIC,Iteration,metricValue,convergenceValue,ITERATION_TIME_INDEX,SINCE_LAST
 1DIAGNOSTIC,     1, -4.512606859207e-01, inf, 4.6757e+01, 1.3915e+01, 
 1DIAGNOSTIC,     2, -4.542745351791e-01, inf, 4.7337e+01, 5.7935e-01, 
 1DIAGNOSTIC,     3, -4.554564654827e-01, inf, 4.7916e+01, 5.7954e-01, 
 1DIAGNOSTIC,     4, -4.558402299881e-01, inf, 4.8494e+01, 5.7774e-01, 
 1DIAGNOSTIC,     5, -4.557877779007e-01, inf, 4.9073e+01, 5.7873e-01, 
 1DIAGNOSTIC,     6, -4.550652801991e-01, inf, 4.9653e+01, 5.8076e-01, 
 1DIAGNOSTIC,     7, -4.541825950146e-01, inf, 5.0234e+01, 5.8067e-01, 
 1DIAGNOSTIC,     8, -4.531480669975e-01, inf, 5.0813e+01, 5.7909e-01, 
 1DIAGNOSTIC,     9, -4.520004689693e-01, inf, 5.1392e+01, 5.7857e-01, 
 1DIAGNOSTIC,    10, -4.505800604820e-01, -3.213378076907e-04, 5.1975e+01, 5.8349e-01, 
XXDIAGNOSTIC,Iteration,metricValue,convergenceValue,ITERATION_TIME_INDEX,SINCE_LAST
 1DIAGNOSTIC,     1, -3.842239379883e-01, inf, 6.2046e+01, 1.0071e+01, 
 1DIAGNOSTIC,     2, -3.850813210011e-01, inf, 6.3861e+01, 1.8149e+00, 
 1DIAGNOSTIC,     3, -3.859640955925e-01, inf, 6.5665e+01, 1.8046e+00, 
 1DIAGNOSTIC,     4, -3.863691687584e-01, inf, 6.7460e+01, 1.7942e+00, 
 1DIAGNOSTIC,     5, -3.864778280258e-01, inf, 6.9326e+01, 1.8660e+00, 
 1DIAGNOSTIC,     6, -3.865436017513e-01, inf, 7.1236e+01, 1.9104e+00, 
 1DIAGNOSTIC,     7, -3.865503668785e-01, inf, 7.3098e+01, 1.8621e+00, 
 1DIAGNOSTIC,     8, -3.860576748848e-01, inf, 7.5009e+01, 1.9110e+00, 
 1DIAGNOSTIC,     9, -3.857740759850e-01, inf, 7.6812e+01, 1.8029e+00, 
 1DIAGNOSTIC,    10, -3.854345083237e-01, 1.487980043748e-04, 7.8672e+01, 1.8599e+00, 
 1DIAGNOSTIC,    11, -3.851299881935e-01, -6.587526877411e-05, 8.0468e+01, 1.7960e+00, 
XXDIAGNOSTIC,Iteration,metricValue,convergenceValue,ITERATION_TIME_INDEX,SINCE_LAST
 1DIAGNOSTIC,     1, -3.266321420670e-01, inf, 1.0029e+02, 1.9824e+01, 
 1DIAGNOSTIC,     2, -3.276543021202e-01, inf, 1.1314e+02, 1.2851e+01, 
 1DIAGNOSTIC,     3, -3.287760615349e-01, inf, 1.2606e+02, 1.2920e+01, 
 1DIAGNOSTIC,     4, -3.297836780548e-01, inf, 1.3891e+02, 1.2851e+01, 
 1DIAGNOSTIC,     5, -3.307203650475e-01, inf, 1.5192e+02, 1.3006e+01, 
 1DIAGNOSTIC,     6, -3.315598368645e-01, inf, 1.6533e+02, 1.3415e+01, 
 1DIAGNOSTIC,     7, -3.322992622852e-01, inf, 1.7871e+02, 1.3378e+01, 
 1DIAGNOSTIC,     8, -3.328975439072e-01, inf, 1.9202e+02, 1.3308e+01, 
 1DIAGNOSTIC,     9, -3.334707617760e-01, inf, 2.0534e+02, 1.3324e+01, 
 1DIAGNOSTIC,    10, -3.339377045631e-01, 1.428959658369e-03, 2.1871e+02, 1.3366e+01, 
 1DIAGNOSTIC,    11, -3.343070745468e-01, 1.164801302366e-03, 2.3253e+02, 1.3819e+01, 
 1DIAGNOSTIC,    12, -3.346642553806e-01, 9.381666895933e-04, 2.4586e+02, 1.3333e+01, 
 1DIAGNOSTIC,    13, -3.350020647049e-01, 7.573431939818e-04, 2.5963e+02, 1.3767e+01, 
 1DIAGNOSTIC,    14, -3.353526294231e-01, 6.160194170661e-04, 2.7353e+02, 1.3897e+01, 
 1DIAGNOSTIC,    15, -3.356209397316e-01, 5.054697976448e-04, 2.8739e+02, 1.3868e+01, 
 1DIAGNOSTIC,    16, -3.358989953995e-01, 4.218078975100e-04, 3.0123e+02, 1.3833e+01, 
 1DIAGNOSTIC,    17, -3.361937403679e-01, 3.609042323660e-04, 3.1501e+02, 1.3782e+01, 
 1DIAGNOSTIC,    18, -3.364044427872e-01, 3.113991115242e-04, 3.2887e+02, 1.3860e+01, 
 1DIAGNOSTIC,    19, -3.366177678108e-01, 2.733863075264e-04, 3.4262e+02, 1.3749e+01, 
 1DIAGNOSTIC,    20, -3.367927074432e-01, 2.410729794065e-04, 3.5644e+02, 1.3826e+01, 
 1DIAGNOSTIC,    21, -3.370276987553e-01, 2.138431154890e-04, 3.7031e+02, 1.3866e+01, 
 1DIAGNOSTIC,    22, -3.371714949608e-01, 1.883487566374e-04, 3.8413e+02, 1.3816e+01, 
 1DIAGNOSTIC,    23, -3.373337984085e-01, 1.659012050368e-04, 3.9793e+02, 1.3800e+01, 
 1DIAGNOSTIC,    24, -3.374234437943e-01, 1.454110170016e-04, 4.1193e+02, 1.4000e+01, 
 1DIAGNOSTIC,    25, -3.375076651573e-01, 1.249177439604e-04, 4.2578e+02, 1.3852e+01, 
 1DIAGNOSTIC,    26, -3.374846875668e-01, 1.025319434120e-04, 4.3961e+02, 1.3829e+01, 
 1DIAGNOSTIC,    27, -3.375327587128e-01, 8.303211507155e-05, 4.5341e+02, 1.3805e+01, 
 1DIAGNOSTIC,    28, -3.376529812813e-01, 6.714113260387e-05, 4.6720e+02, 1.3789e+01, 
 1DIAGNOSTIC,    29, -3.377767205238e-01, 5.583800884779e-05, 4.8097e+02, 1.3772e+01, 
 1DIAGNOSTIC,    30, -3.378254771233e-01, 4.630354669644e-05, 4.9491e+02, 1.3933e+01, 
 1DIAGNOSTIC,    31, -3.378864228725e-01, 4.124820043216e-05, 5.0889e+02, 1.3982e+01, 
 1DIAGNOSTIC,    32, -3.380050063133e-01, 3.959442256019e-05, 5.2265e+02, 1.3758e+01, 
 1DIAGNOSTIC,    33, -3.381721377373e-01, 4.268602060620e-05, 5.3639e+02, 1.3740e+01, 
 1DIAGNOSTIC,    34, -3.382275700569e-01, 4.507992707659e-05, 5.5013e+02, 1.3746e+01, 
 1DIAGNOSTIC,    35, -3.383068442345e-01, 4.720211290987e-05, 5.6403e+02, 1.3898e+01, 
 1DIAGNOSTIC,    36, -3.383016586304e-01, 4.417827585712e-05, 5.7804e+02, 1.4013e+01, 
 1DIAGNOSTIC,    37, -3.382324576378e-01, 3.667082273751e-05, 5.9201e+02, 1.3969e+01, 
 1DIAGNOSTIC,    38, -3.381574451923e-01, 2.711133129196e-05, 6.0582e+02, 1.3811e+01, 
 1DIAGNOSTIC,    39, -3.380833864212e-01, 1.663633520366e-05, 6.1957e+02, 1.3748e+01, 
 1DIAGNOSTIC,    40, -3.379422426224e-01, 3.245401785534e-06, 6.3337e+02, 1.3798e+01, 
 1DIAGNOSTIC,    41, -3.379518091679e-01, -8.233558219217e-06, 6.4732e+02, 1.3954e+01, 
  Elapsed time (stage 2): 671.4


Total elapsed time: 815.5

--- Writing output images ---

Using double precision for computations.
Input scalar image: data/Segmentations/1018_3_seg.nii.gz
Reference image: data/template/T_template0_BrainCerebellum.nii.gz
=============================================================================
The composite transform comprises the following transforms (in order): 
  1. /tmp/1971660.1.basic.q/1018_ToTemplate_003_0GenericAffine.mat (type = AffineTransform)
  2. /tmp/1971660.1.basic.q/1018_ToTemplate_003_1Warp.nii.gz (type = DisplacementFieldTransform)
=============================================================================
Default pixel value: 0
Interpolation type: LabelImageGenericInterpolateImageFunction
Output warped image: output/1018/1018_WarpedLabels_003.nii.gz

--- Done ---

