
--- Running on compute-2-7.local ---


--- registration call ---
/data/jet/pcook/bin/antsBuild/bin/antsRegistrationSyNQuick.sh -d 3 -f data/template/T_template0_BrainCerebellum.nii.gz -m data/Brains/1018_3.nii.gz -t s -p f -n 1 -o /tmp/1971663.1.basic.q/1018_ToTemplate_006_
---


--------------------------------------------------------------------------------------
 Mapping parameters
--------------------------------------------------------------------------------------
 ANTSPATH is /data/jet/pcook/bin/antsBuild/bin/

 Dimensionality:           3
 Output name prefix:       /tmp/1971663.1.basic.q/1018_ToTemplate_006_
 Fixed images:             data/template/T_template0_BrainCerebellum.nii.gz
 Moving images:            data/Brains/1018_3.nii.gz
 Mask images:              
 Initial transforms:       
 Number of threads:        1
 Spline distance:          26
 Transform type:           s
 MI histogram bins:        32
 Precision:                f
 Use histogram matching    0
======================================================================================
 antsRegistration call:
--------------------------------------------------------------------------------------
/data/jet/pcook/bin/antsBuild/bin//antsRegistration --verbose 1 --dimensionality 3 --float 1 --collapse-output-transforms 1 --output [/tmp/1971663.1.basic.q/1018_ToTemplate_006_,/tmp/1971663.1.basic.q/1018_ToTemplate_006_Warped.nii.gz,/tmp/1971663.1.basic.q/1018_ToTemplate_006_InverseWarped.nii.gz] --interpolation Linear --use-histogram-matching 0 --winsorize-image-intensities [0.005,0.995] --initial-moving-transform [data/template/T_template0_BrainCerebellum.nii.gz,data/Brains/1018_3.nii.gz,1] --transform Rigid[0.1] --metric MI[data/template/T_template0_BrainCerebellum.nii.gz,data/Brains/1018_3.nii.gz,1,32,Regular,0.25] --convergence [1000x500x250x0,1e-6,10] --shrink-factors 12x8x4x2 --smoothing-sigmas 4x3x2x1vox --transform Affine[0.1] --metric MI[data/template/T_template0_BrainCerebellum.nii.gz,data/Brains/1018_3.nii.gz,1,32,Regular,0.25] --convergence [1000x500x250x0,1e-6,10] --shrink-factors 12x8x4x2 --smoothing-sigmas 4x3x2x1vox --transform SyN[0.1,3,0] --metric MI[data/template/T_template0_BrainCerebellum.nii.gz,data/Brains/1018_3.nii.gz,1,32] --convergence [100x100x70x50x0,1e-6,10] --shrink-factors 10x6x4x2x1 --smoothing-sigmas 5x3x2x1x0vox
--------------------------------------------------------------------------------------
All_Command_lines_OK
Using single precision for computations.
=============================================================================
The composite transform comprises the following transforms (in order): 
  1. Center of mass alignment using fixed image: data/template/T_template0_BrainCerebellum.nii.gz and moving image: data/Brains/1018_3.nii.gz (type = Euler3DTransform)
=============================================================================
  number of levels = 4
  number of levels = 4
  number of levels = 5
  fixed image: data/template/T_template0_BrainCerebellum.nii.gz
  moving image: data/Brains/1018_3.nii.gz
  fixed image: data/template/T_template0_BrainCerebellum.nii.gz
  moving image: data/Brains/1018_3.nii.gz
  fixed image: data/template/T_template0_BrainCerebellum.nii.gz
  moving image: data/Brains/1018_3.nii.gz
Dimension = 3
Number of stages = 3
Use Histogram Matching false
Winsorize image intensities true
Lower quantile = 0.005
Upper quantile = 0.995
Stage 1 State
   Image metric = Mattes
     Fixed image = Image (0x3eb1420)
  RTTI typeinfo:   itk::Image<float, 3u>
  Reference Count: 2
  Modified Time: 1611
  Debug: Off
  Object Name: 
  Observers: 
    none
  Source: (none)
  Source output name: (none)
  Release Data: Off
  Data Released: False
  Global Release Data: Off
  PipelineMTime: 0
  UpdateMTime: 1422
  RealTimeStamp: 0 seconds 
  LargestPossibleRegion: 
    Dimension: 3
    Index: [0, 0, 0]
    Size: [216, 256, 291]
  BufferedRegion: 
    Dimension: 3
    Index: [0, 0, 0]
    Size: [216, 256, 291]
  RequestedRegion: 
    Dimension: 3
    Index: [0, 0, 0]
    Size: [216, 256, 291]
  Spacing: [1, 1, 1]
  Origin: [0, 293, 0]
  Direction: 
1 0 0
0 -0 -1
0 -1 -0

  IndexToPointMatrix: 
1 0 0
0 0 -1
0 -1 0

  PointToIndexMatrix: 
1 0 0
0 0 -1
0 -1 0

  Inverse Direction: 
1 0 0
0 0 -1
0 -1 0

  PixelContainer: 
    ImportImageContainer (0x3e967f0)
      RTTI typeinfo:   itk::ImportImageContainer<unsigned long, float>
      Reference Count: 1
      Modified Time: 1419
      Debug: Off
      Object Name: 
      Observers: 
        none
      Pointer: 0x7f768efeb010
      Container manages memory: true
      Size: 16091136
      Capacity: 16091136

     Moving image = Image (0x3eb1e60)
  RTTI typeinfo:   itk::Image<float, 3u>
  Reference Count: 2
  Modified Time: 1612
  Debug: Off
  Object Name: 
  Observers: 
    none
  Source: (none)
  Source output name: (none)
  Release Data: Off
  Data Released: False
  Global Release Data: Off
  PipelineMTime: 0
  UpdateMTime: 1609
  RealTimeStamp: 0 seconds 
  LargestPossibleRegion: 
    Dimension: 3
    Index: [0, 0, 0]
    Size: [256, 256, 291]
  BufferedRegion: 
    Dimension: 3
    Index: [0, 0, 0]
    Size: [256, 256, 291]
  RequestedRegion: 
    Dimension: 3
    Index: [0, 0, 0]
    Size: [256, 256, 291]
  Spacing: [1, 1, 1]
  Origin: [0, 290, 0]
  Direction: 
1 0 0
0 -0 -1
0 -1 -0

  IndexToPointMatrix: 
1 0 0
0 0 -1
0 -1 0

  PointToIndexMatrix: 
1 0 0
0 0 -1
0 -1 0

  Inverse Direction: 
1 0 0
0 0 -1
0 -1 0

  PixelContainer: 
    ImportImageContainer (0x3eb42b0)
      RTTI typeinfo:   itk::ImportImageContainer<unsigned long, float>
      Reference Count: 1
      Modified Time: 1606
      Debug: Off
      Object Name: 
      Observers: 
        none
      Pointer: 0x7f768a72a010
      Container manages memory: true
      Size: 19070976
      Capacity: 19070976

     Weighting = 1
     Sampling strategy = regular
     Number of bins = 32
     Radius = 4
     Sampling percentage  = 0.25
   Transform = Rigid
     Gradient step = 0.1
     Update field sigma (voxel space) = 0
     Total field sigma (voxel space) = 0
     Update field time sigma = 0
     Total field time sigma  = 0
     Number of time indices = 0
     Number of time point samples = 0
Stage 2 State
   Image metric = Mattes
     Fixed image = Image (0x3ebc6c0)
  RTTI typeinfo:   itk::Image<float, 3u>
  Reference Count: 2
  Modified Time: 1987
  Debug: Off
  Object Name: 
  Observers: 
    none
  Source: (none)
  Source output name: (none)
  Release Data: Off
  Data Released: False
  Global Release Data: Off
  PipelineMTime: 0
  UpdateMTime: 1798
  RealTimeStamp: 0 seconds 
  LargestPossibleRegion: 
    Dimension: 3
    Index: [0, 0, 0]
    Size: [216, 256, 291]
  BufferedRegion: 
    Dimension: 3
    Index: [0, 0, 0]
    Size: [216, 256, 291]
  RequestedRegion: 
    Dimension: 3
    Index: [0, 0, 0]
    Size: [216, 256, 291]
  Spacing: [1, 1, 1]
  Origin: [0, 293, 0]
  Direction: 
1 0 0
0 -0 -1
0 -1 -0

  IndexToPointMatrix: 
1 0 0
0 0 -1
0 -1 0

  PointToIndexMatrix: 
1 0 0
0 0 -1
0 -1 0

  Inverse Direction: 
1 0 0
0 0 -1
0 -1 0

  PixelContainer: 
    ImportImageContainer (0x3ebcf60)
      RTTI typeinfo:   itk::ImportImageContainer<unsigned long, float>
      Reference Count: 1
      Modified Time: 1795
      Debug: Off
      Object Name: 
      Observers: 
        none
      Pointer: 0x7f76869c7010
      Container manages memory: true
      Size: 16091136
      Capacity: 16091136

     Moving image = Image (0x3ebca50)
  RTTI typeinfo:   itk::Image<float, 3u>
  Reference Count: 2
  Modified Time: 1988
  Debug: Off
  Object Name: 
  Observers: 
    none
  Source: (none)
  Source output name: (none)
  Release Data: Off
  Data Released: False
  Global Release Data: Off
  PipelineMTime: 0
  UpdateMTime: 1985
  RealTimeStamp: 0 seconds 
  LargestPossibleRegion: 
    Dimension: 3
    Index: [0, 0, 0]
    Size: [256, 256, 291]
  BufferedRegion: 
    Dimension: 3
    Index: [0, 0, 0]
    Size: [256, 256, 291]
  RequestedRegion: 
    Dimension: 3
    Index: [0, 0, 0]
    Size: [256, 256, 291]
  Spacing: [1, 1, 1]
  Origin: [0, 290, 0]
  Direction: 
1 0 0
0 -0 -1
0 -1 -0

  IndexToPointMatrix: 
1 0 0
0 0 -1
0 -1 0

  PointToIndexMatrix: 
1 0 0
0 0 -1
0 -1 0

  Inverse Direction: 
1 0 0
0 0 -1
0 -1 0

  PixelContainer: 
    ImportImageContainer (0x3ebd950)
      RTTI typeinfo:   itk::ImportImageContainer<unsigned long, float>
      Reference Count: 1
      Modified Time: 1982
      Debug: Off
      Object Name: 
      Observers: 
        none
      Pointer: 0x7f7682106010
      Container manages memory: true
      Size: 19070976
      Capacity: 19070976

     Weighting = 1
     Sampling strategy = regular
     Number of bins = 32
     Radius = 4
     Sampling percentage  = 0.25
   Transform = Affine
     Gradient step = 0.1
     Update field sigma (voxel space) = 0
     Total field sigma (voxel space) = 0
     Update field time sigma = 0
     Total field time sigma  = 0
     Number of time indices = 0
     Number of time point samples = 0
Stage 3 State
   Image metric = Mattes
     Fixed image = Image (0x3ec37b0)
  RTTI typeinfo:   itk::Image<float, 3u>
  Reference Count: 2
  Modified Time: 2363
  Debug: Off
  Object Name: 
  Observers: 
    none
  Source: (none)
  Source output name: (none)
  Release Data: Off
  Data Released: False
  Global Release Data: Off
  PipelineMTime: 0
  UpdateMTime: 2174
  RealTimeStamp: 0 seconds 
  LargestPossibleRegion: 
    Dimension: 3
    Index: [0, 0, 0]
    Size: [216, 256, 291]
  BufferedRegion: 
    Dimension: 3
    Index: [0, 0, 0]
    Size: [216, 256, 291]
  RequestedRegion: 
    Dimension: 3
    Index: [0, 0, 0]
    Size: [216, 256, 291]
  Spacing: [1, 1, 1]
  Origin: [0, 293, 0]
  Direction: 
1 0 0
0 -0 -1
0 -1 -0

  IndexToPointMatrix: 
1 0 0
0 0 -1
0 -1 0

  PointToIndexMatrix: 
1 0 0
0 0 -1
0 -1 0

  Inverse Direction: 
1 0 0
0 0 -1
0 -1 0

  PixelContainer: 
    ImportImageContainer (0x3ec3a40)
      RTTI typeinfo:   itk::ImportImageContainer<unsigned long, float>
      Reference Count: 1
      Modified Time: 2171
      Debug: Off
      Object Name: 
      Observers: 
        none
      Pointer: 0x7f767e3a3010
      Container manages memory: true
      Size: 16091136
      Capacity: 16091136

     Moving image = Image (0x3ec61b0)
  RTTI typeinfo:   itk::Image<float, 3u>
  Reference Count: 2
  Modified Time: 2364
  Debug: Off
  Object Name: 
  Observers: 
    none
  Source: (none)
  Source output name: (none)
  Release Data: Off
  Data Released: False
  Global Release Data: Off
  PipelineMTime: 0
  UpdateMTime: 2361
  RealTimeStamp: 0 seconds 
  LargestPossibleRegion: 
    Dimension: 3
    Index: [0, 0, 0]
    Size: [256, 256, 291]
  BufferedRegion: 
    Dimension: 3
    Index: [0, 0, 0]
    Size: [256, 256, 291]
  RequestedRegion: 
    Dimension: 3
    Index: [0, 0, 0]
    Size: [256, 256, 291]
  Spacing: [1, 1, 1]
  Origin: [0, 290, 0]
  Direction: 
1 0 0
0 -0 -1
0 -1 -0

  IndexToPointMatrix: 
1 0 0
0 0 -1
0 -1 0

  PointToIndexMatrix: 
1 0 0
0 0 -1
0 -1 0

  Inverse Direction: 
1 0 0
0 0 -1
0 -1 0

  PixelContainer: 
    ImportImageContainer (0x3ec3aa0)
      RTTI typeinfo:   itk::ImportImageContainer<unsigned long, float>
      Reference Count: 1
      Modified Time: 2358
      Debug: Off
      Object Name: 
      Observers: 
        none
      Pointer: 0x7f7679ae2010
      Container manages memory: true
      Size: 19070976
      Capacity: 19070976

     Weighting = 1
     Sampling strategy = none
     Number of bins = 32
     Radius = 4
     Sampling percentage  = 1
   Transform = SyN
     Gradient step = 0.1
     Update field sigma (voxel space) = 3
     Total field sigma (voxel space) = 0
     Update field time sigma = 0
     Total field time sigma  = 0
     Number of time indices = 0
     Number of time point samples = 0
Registration using 3 total stages.

Stage 0
  iterations = 1000x500x250x0
  convergence threshold = 1e-06
  convergence window size = 10
  number of levels = 4
  using the Mattes MI metric (number of bins = 32, weight = 1)
  preprocessing:  winsorizing the image intensities
  Shrink factors (level 1 out of 4): [12, 12, 12]
  Shrink factors (level 2 out of 4): [8, 8, 8]
  Shrink factors (level 3 out of 4): [4, 4, 4]
  Shrink factors (level 4 out of 4): [2, 2, 2]
  smoothing sigmas per level: [4, 3, 2, 1]
  regular sampling (percentage = 0.25)

*** Running Euler3DTransform registration ***

DIAGNOSTIC,Iteration,metricValue,convergenceValue,ITERATION_TIME_INDEX,SINCE_LAST
 2DIAGNOSTIC,     1, -4.341780841351e-01, inf, 1.7646e+01, 1.7646e+01, 
 2DIAGNOSTIC,     2, -4.353916049004e-01, inf, 1.7657e+01, 1.0790e-02, 
 2DIAGNOSTIC,     3, -4.375740885735e-01, inf, 1.7668e+01, 1.0667e-02, 
 2DIAGNOSTIC,     4, -4.397147893906e-01, inf, 1.7678e+01, 1.0752e-02, 
 2DIAGNOSTIC,     5, -4.419125914574e-01, inf, 1.7691e+01, 1.2480e-02, 
 2DIAGNOSTIC,     6, -4.441972076893e-01, inf, 1.7705e+01, 1.4043e-02, 
 2DIAGNOSTIC,     7, -4.442688524723e-01, inf, 1.7717e+01, 1.2180e-02, 
 2DIAGNOSTIC,     8, -4.443461298943e-01, inf, 1.7727e+01, 1.0483e-02, 
 2DIAGNOSTIC,     9, -4.446606636047e-01, inf, 1.7741e+01, 1.3823e-02, 
 2DIAGNOSTIC,    10, -4.446864128113e-01, 1.669691991992e-03, 1.7754e+01, 1.2996e-02, 
 2DIAGNOSTIC,    11, -4.450769722462e-01, 1.203839317895e-03, 1.7767e+01, 1.2859e-02, 
 2DIAGNOSTIC,    12, -4.451675415039e-01, 7.776111015119e-04, 1.7780e+01, 1.2750e-02, 
 2DIAGNOSTIC,    13, -4.451966285706e-01, 4.569804004859e-04, 1.7793e+01, 1.2665e-02, 
 2DIAGNOSTIC,    14, -4.452052414417e-01, 2.383236569585e-04, 1.7805e+01, 1.2658e-02, 
 2DIAGNOSTIC,    15, -4.452272951603e-01, 1.197453966597e-04, 1.7816e+01, 1.1010e-02, 
 2DIAGNOSTIC,    16, -4.452880620956e-01, 9.929445513990e-05, 1.7829e+01, 1.2721e-02, 
 2DIAGNOSTIC,    17, -4.453226625919e-01, 7.622810517205e-05, 1.7842e+01, 1.2667e-02, 
 2DIAGNOSTIC,    18, -4.453533887863e-01, 5.261176920612e-05, 1.7854e+01, 1.2753e-02, 
 2DIAGNOSTIC,    19, -4.456166923046e-01, 4.648220055969e-05, 1.7865e+01, 1.1120e-02, 
 2DIAGNOSTIC,    20, -4.456752836704e-01, 3.897040369338e-05, 1.7880e+01, 1.4336e-02, 
 2DIAGNOSTIC,    21, -4.456795454025e-01, 4.070935756317e-05, 1.7892e+01, 1.2646e-02, 
 2DIAGNOSTIC,    22, -4.456836879253e-01, 4.149495362071e-05, 1.7903e+01, 1.1018e-02, 
 2DIAGNOSTIC,    23, -4.456902444363e-01, 3.946652577724e-05, 1.7914e+01, 1.0995e-02, 
 2DIAGNOSTIC,    24, -4.456997811794e-01, 3.441221269895e-05, 1.7925e+01, 1.1001e-02, 
 2DIAGNOSTIC,    25, -4.458681643009e-01, 3.146151357214e-05, 1.7941e+01, 1.5884e-02, 
 2DIAGNOSTIC,    26, -4.460226297379e-01, 3.117119922535e-05, 1.7956e+01, 1.4241e-02, 
 2DIAGNOSTIC,    27, -4.458747506142e-01, 2.541829599068e-05, 1.7967e+01, 1.0975e-02, 
 2DIAGNOSTIC,    28, -4.458785355091e-01, 1.862499811978e-05, 1.7978e+01, 1.0976e-02, 
 2DIAGNOSTIC,    29, -4.460368752480e-01, 1.991875069507e-05, 1.7990e+01, 1.2617e-02, 
 2DIAGNOSTIC,    30, -4.458891451359e-01, 1.722556407913e-05, 1.8004e+01, 1.4210e-02, 
 2DIAGNOSTIC,    31, -4.460450410843e-01, 1.655784762988e-05, 1.8017e+01, 1.2598e-02, 
 2DIAGNOSTIC,    32, -4.460481405258e-01, 1.462397085561e-05, 1.8030e+01, 1.2692e-02, 
 2DIAGNOSTIC,    33, -4.460523128510e-01, 1.179236915050e-05, 1.8044e+01, 1.4241e-02, 
 2DIAGNOSTIC,    34, -4.460560977459e-01, 8.256100045401e-06, 1.8056e+01, 1.2599e-02, 
 2DIAGNOSTIC,    35, -4.460591375828e-01, 7.271454251168e-06, 1.8067e+01, 1.0976e-02, 
 2DIAGNOSTIC,    36, -4.460631012917e-01, 8.636929123895e-06, 1.8080e+01, 1.2623e-02, 
 2DIAGNOSTIC,    37, -4.460661411285e-01, 6.665505679848e-06, 1.8093e+01, 1.2640e-02, 
 2DIAGNOSTIC,    38, -4.460704028606e-01, 4.315952537581e-06, 1.8105e+01, 1.2617e-02, 
 2DIAGNOSTIC,    39, -4.460725486279e-01, 4.486229045142e-06, 1.8116e+01, 1.0987e-02, 
 2DIAGNOSTIC,    40, -4.460775256157e-01, 1.946262500496e-06, 1.8131e+01, 1.4345e-02, 
 2DIAGNOSTIC,    41, -4.460794925690e-01, 1.880506601992e-06, 1.8142e+01, 1.1020e-02, 
 2DIAGNOSTIC,    42, -4.460838437080e-01, 1.825014578571e-06, 1.8154e+01, 1.2620e-02, 
 2DIAGNOSTIC,    43, -4.460863769054e-01, 1.768258925949e-06, 1.8167e+01, 1.2616e-02, 
 2DIAGNOSTIC,    44, -4.460915327072e-01, 1.745154918353e-06, 1.8181e+01, 1.4240e-02, 
 2DIAGNOSTIC,    45, -4.460937678814e-01, 1.698273308648e-06, 1.8192e+01, 1.0991e-02, 
 2DIAGNOSTIC,    46, -4.460965991020e-01, 1.652760147408e-06, 1.8203e+01, 1.0983e-02, 
 2DIAGNOSTIC,    47, -4.461010694504e-01, 1.618439455342e-06, 1.8214e+01, 1.1000e-02, 
 2DIAGNOSTIC,    48, -4.461087882519e-01, 1.653625531617e-06, 1.8225e+01, 1.0996e-02, 
 2DIAGNOSTIC,    49, -4.461210668087e-01, 1.777104671419e-06, 1.8236e+01, 1.1030e-02, 
 2DIAGNOSTIC,    50, -4.462946653366e-01, 4.066461315233e-06, 1.8257e+01, 2.0748e-02, 
 2DIAGNOSTIC,    51, -4.462987184525e-01, 5.952614174021e-06, 1.8268e+01, 1.0987e-02, 
 2DIAGNOSTIC,    52, -4.463019371033e-01, 7.373593234661e-06, 1.8279e+01, 1.0970e-02, 
 2DIAGNOSTIC,    53, -4.463072419167e-01, 8.216872629419e-06, 1.8290e+01, 1.0984e-02, 
 2DIAGNOSTIC,    54, -4.463153183460e-01, 8.443731530861e-06, 1.8302e+01, 1.2612e-02, 
 2DIAGNOSTIC,    55, -4.463206231594e-01, 7.960846232891e-06, 1.8318e+01, 1.5880e-02, 
 2DIAGNOSTIC,    56, -4.463247954845e-01, 6.859982022434e-06, 1.8329e+01, 1.0995e-02, 
 2DIAGNOSTIC,    57, -4.463278651237e-01, 5.308615527611e-06, 1.8340e+01, 1.0969e-02, 
 2DIAGNOSTIC,    58, -4.463338255882e-01, 3.523987743392e-06, 1.8351e+01, 1.0994e-02, 
 2DIAGNOSTIC,    59, -4.463385045528e-01, 1.642183406148e-06, 1.8364e+01, 1.2630e-02, 
 2DIAGNOSTIC,    60, -4.463466405869e-01, 1.649809519222e-06, 1.8380e+01, 1.5891e-02, 
 2DIAGNOSTIC,    61, -4.463533163071e-01, 1.661086002969e-06, 1.8392e+01, 1.2622e-02, 
 2DIAGNOSTIC,    62, -4.463538825512e-01, 1.600668952051e-06, 1.8405e+01, 1.2609e-02, 
 2DIAGNOSTIC,    63, -4.463574588299e-01, 1.527281597191e-06, 1.8416e+01, 1.1005e-02, 
 2DIAGNOSTIC,    64, -4.463620483875e-01, 1.482524680796e-06, 1.8429e+01, 1.2628e-02, 
 2DIAGNOSTIC,    65, -4.465171694756e-01, 2.917420260928e-06, 1.8441e+01, 1.2617e-02, 
 2DIAGNOSTIC,    66, -4.465222954750e-01, 4.122246537008e-06, 1.8454e+01, 1.2679e-02, 
 2DIAGNOSTIC,    67, -4.465240538120e-01, 5.003212208976e-06, 1.8465e+01, 1.1262e-02, 
 2DIAGNOSTIC,    68, -4.465284645557e-01, 5.543024599319e-06, 1.8476e+01, 1.1051e-02, 
 2DIAGNOSTIC,    69, -4.466843307018e-01, 7.055224614305e-06, 1.8491e+01, 1.4236e-02, 
 2DIAGNOSTIC,    70, -4.466892778873e-01, 7.942498086777e-06, 1.8502e+01, 1.0993e-02, 
 2DIAGNOSTIC,    71, -4.466911852360e-01, 8.170962246368e-06, 1.8514e+01, 1.2607e-02, 
 2DIAGNOSTIC,    72, -4.466977715492e-01, 7.755672413623e-06, 1.8530e+01, 1.5917e-02, 
 2DIAGNOSTIC,    73, -4.467020332813e-01, 6.724205832143e-06, 1.8541e+01, 1.0989e-02, 
 2DIAGNOSTIC,    74, -4.467040300369e-01, 5.110195161251e-06, 1.8552e+01, 1.0967e-02, 
 2DIAGNOSTIC,    75, -4.467082321644e-01, 4.437926236278e-06, 1.8563e+01, 1.0973e-02, 
 2DIAGNOSTIC,    76, -4.467146396637e-01, 3.513425326673e-06, 1.8574e+01, 1.0980e-02, 
 2DIAGNOSTIC,    77, -4.467267096043e-01, 2.442169943606e-06, 1.8591e+01, 1.7525e-02, 
 2DIAGNOSTIC,    78, -4.468803107738e-01, 2.456768243064e-06, 1.8603e+01, 1.1009e-02, 
 2DIAGNOSTIC,    79, -4.468848705292e-01, 3.534724555720e-06, 1.8613e+01, 1.0993e-02, 
 2DIAGNOSTIC,    80, -4.468933343887e-01, 4.405400886753e-06, 1.8629e+01, 1.5869e-02, 
 2DIAGNOSTIC,    81, -4.468951821327e-01, 4.913119937555e-06, 1.8642e+01, 1.2613e-02, 
 2DIAGNOSTIC,    82, -4.468969702721e-01, 5.031381988374e-06, 1.8653e+01, 1.0984e-02, 
 2DIAGNOSTIC,    83, -4.468998610973e-01, 4.734359663416e-06, 1.8664e+01, 1.1006e-02, 
 2DIAGNOSTIC,    84, -4.469051063061e-01, 4.074729076819e-06, 1.8675e+01, 1.0976e-02, 
 2DIAGNOSTIC,    85, -4.469153583050e-01, 3.198588046871e-06, 1.8692e+01, 1.7491e-02, 
 2DIAGNOSTIC,    86, -4.469153583050e-01, 2.127316065526e-06, 1.8703e+01, 1.0992e-02, 
 2DIAGNOSTIC,    87, -4.469205141068e-01, 1.007506398309e-06, 1.8718e+01, 1.4225e-02, 
DIAGNOSTIC,Iteration,metricValue,convergenceValue,ITERATION_TIME_INDEX,SINCE_LAST
 2DIAGNOSTIC,     1, -3.665752708912e-01, inf, 3.2264e+01, 1.3546e+01, 
 2DIAGNOSTIC,     2, -3.670281767845e-01, inf, 3.2318e+01, 5.4188e-02, 
 2DIAGNOSTIC,     3, -3.676064908504e-01, inf, 3.2372e+01, 5.4262e-02, 
 2DIAGNOSTIC,     4, -3.681465387344e-01, inf, 3.2426e+01, 5.4189e-02, 
 2DIAGNOSTIC,     5, -3.684464991093e-01, inf, 3.2481e+01, 5.4595e-02, 
 2DIAGNOSTIC,     6, -3.689015805721e-01, inf, 3.2535e+01, 5.4217e-02, 
 2DIAGNOSTIC,     7, -3.694000244141e-01, inf, 3.2589e+01, 5.4311e-02, 
 2DIAGNOSTIC,     8, -3.708642423153e-01, inf, 3.2674e+01, 8.5125e-02, 
 2DIAGNOSTIC,     9, -3.728477060795e-01, inf, 3.2779e+01, 1.0479e-01, 
 2DIAGNOSTIC,    10, -3.728125393391e-01, 1.101411762647e-03, 3.2844e+01, 6.4760e-02, 
 2DIAGNOSTIC,    11, -3.727745711803e-01, 1.038001733832e-03, 3.2909e+01, 6.4739e-02, 
 2DIAGNOSTIC,    12, -3.728125095367e-01, 9.247044217773e-04, 3.2963e+01, 5.4727e-02, 
 2DIAGNOSTIC,    13, -3.728831410408e-01, 7.816921570338e-04, 3.3028e+01, 6.4722e-02, 
 2DIAGNOSTIC,    14, -3.729527890682e-01, 6.199605995789e-04, 3.3093e+01, 6.4666e-02, 
 2DIAGNOSTIC,    15, -3.730612695217e-01, 4.449464031495e-04, 3.3148e+01, 5.4724e-02, 
 2DIAGNOSTIC,    16, -3.732574880123e-01, 2.842561516445e-04, 3.3202e+01, 5.4815e-02, 
 2DIAGNOSTIC,    17, -3.733767271042e-01, 1.434500300093e-04, 3.3267e+01, 6.4754e-02, 
 2DIAGNOSTIC,    18, -3.735013604164e-01, 7.044284575386e-05, 3.3342e+01, 7.4799e-02, 
 2DIAGNOSTIC,    19, -3.734777569771e-01, 7.782648754073e-05, 3.3397e+01, 5.4786e-02, 
 2DIAGNOSTIC,    20, -3.735456764698e-01, 7.879972690716e-05, 3.3461e+01, 6.4715e-02, 
 2DIAGNOSTIC,    21, -3.736101090908e-01, 7.332785025937e-05, 3.3526e+01, 6.4765e-02, 
 2DIAGNOSTIC,    22, -3.736332654953e-01, 6.363798456732e-05, 3.3581e+01, 5.4734e-02, 
 2DIAGNOSTIC,    23, -3.736911118031e-01, 5.329390114639e-05, 3.3636e+01, 5.4707e-02, 
 2DIAGNOSTIC,    24, -3.737971186638e-01, 4.456665919861e-05, 3.3690e+01, 5.4692e-02, 
 2DIAGNOSTIC,    25, -3.740175366402e-01, 4.237483881298e-05, 3.3765e+01, 7.4643e-02, 
 2DIAGNOSTIC,    26, -3.740984201431e-01, 4.440496923053e-05, 3.3830e+01, 6.4657e-02, 
 2DIAGNOSTIC,    27, -3.741431534290e-01, 4.681553764385e-05, 3.3894e+01, 6.4857e-02, 
 2DIAGNOSTIC,    28, -3.744634389877e-01, 5.700780093321e-05, 3.3969e+01, 7.4852e-02, 
 2DIAGNOSTIC,    29, -3.743942975998e-01, 5.848749788129e-05, 3.4024e+01, 5.4676e-02, 
 2DIAGNOSTIC,    30, -3.747518062592e-01, 6.530926475534e-05, 3.4099e+01, 7.4649e-02, 
 2DIAGNOSTIC,    31, -3.748925626278e-01, 7.050228305161e-05, 3.4163e+01, 6.4513e-02, 
 2DIAGNOSTIC,    32, -3.748773932457e-01, 6.898021820234e-05, 3.4218e+01, 5.4647e-02, 
 2DIAGNOSTIC,    33, -3.748633265495e-01, 6.219982606126e-05, 3.4282e+01, 6.4553e-02, 
 2DIAGNOSTIC,    34, -3.748391270638e-01, 5.176665217732e-05, 3.4347e+01, 6.4528e-02, 
 2DIAGNOSTIC,    35, -3.748514950275e-01, 4.212243584334e-05, 3.4402e+01, 5.4638e-02, 
 2DIAGNOSTIC,    36, -3.747986555099e-01, 2.962810685858e-05, 3.4466e+01, 6.4549e-02, 
 2DIAGNOSTIC,    37, -3.747905790806e-01, 1.576906470291e-05, 3.4521e+01, 5.4784e-02, 
 2DIAGNOSTIC,    38, -3.748345673084e-01, 8.709757821634e-06, 3.4575e+01, 5.4604e-02, 
 2DIAGNOSTIC,    39, -3.750185966492e-01, 3.303102630525e-06, 3.4640e+01, 6.4674e-02, 
 2DIAGNOSTIC,    40, -3.750919401646e-01, 5.966355274722e-06, 3.4705e+01, 6.4516e-02, 
 2DIAGNOSTIC,    41, -3.750492334366e-01, 9.858112207439e-06, 3.4759e+01, 5.4596e-02, 
 2DIAGNOSTIC,    42, -3.750821352005e-01, 1.311986761721e-05, 3.4824e+01, 6.4465e-02, 
 2DIAGNOSTIC,    43, -3.751526772976e-01, 1.601930671313e-05, 3.4908e+01, 8.4698e-02, 
 2DIAGNOSTIC,    44, -3.751572370529e-01, 1.686516588961e-05, 3.4963e+01, 5.4731e-02, 
 2DIAGNOSTIC,    45, -3.751517236233e-01, 1.627345409361e-05, 3.5028e+01, 6.4564e-02, 
 2DIAGNOSTIC,    46, -3.751894831657e-01, 1.405904004059e-05, 3.5092e+01, 6.4595e-02, 
 2DIAGNOSTIC,    47, -3.751590251923e-01, 1.004261321214e-05, 3.5157e+01, 6.4598e-02, 
 2DIAGNOSTIC,    48, -3.752373754978e-01, 7.156317678891e-06, 3.5231e+01, 7.4485e-02, 
 2DIAGNOSTIC,    49, -3.753906190395e-01, 8.939051440393e-06, 3.5296e+01, 6.4690e-02, 
 2DIAGNOSTIC,    50, -3.753705620766e-01, 1.064851403498e-05, 3.5361e+01, 6.4641e-02, 
 2DIAGNOSTIC,    51, -3.753481209278e-01, 1.040587903844e-05, 3.5415e+01, 5.4561e-02, 
 2DIAGNOSTIC,    52, -3.754329085350e-01, 1.097060612665e-05, 3.5470e+01, 5.4582e-02, 
 2DIAGNOSTIC,    53, -3.756371140480e-01, 1.440227060812e-05, 3.5534e+01, 6.4613e-02, 
 2DIAGNOSTIC,    54, -3.758265078068e-01, 1.900355891848e-05, 3.5599e+01, 6.4569e-02, 
 2DIAGNOSTIC,    55, -3.759202957153e-01, 2.286332892254e-05, 3.5673e+01, 7.4437e-02, 
 2DIAGNOSTIC,    56, -3.759505450726e-01, 2.546823088778e-05, 3.5738e+01, 6.4473e-02, 
 2DIAGNOSTIC,    57, -3.759663403034e-01, 2.539996603446e-05, 3.5792e+01, 5.4506e-02, 
 2DIAGNOSTIC,    58, -3.759834170341e-01, 2.409266380710e-05, 3.5847e+01, 5.4581e-02, 
 2DIAGNOSTIC,    59, -3.761090636253e-01, 2.413008587610e-05, 3.5921e+01, 7.4396e-02, 
 2DIAGNOSTIC,    60, -3.761356770992e-01, 2.197393223469e-05, 3.5986e+01, 6.4363e-02, 
 2DIAGNOSTIC,    61, -3.761501908302e-01, 1.776771387085e-05, 3.6050e+01, 6.4435e-02, 
 2DIAGNOSTIC,    62, -3.761638402939e-01, 1.323934338870e-05, 3.6105e+01, 5.4461e-02, 
 2DIAGNOSTIC,    63, -3.761780858040e-01, 1.021383013722e-05, 3.6169e+01, 6.4449e-02, 
 2DIAGNOSTIC,    64, -3.761900663376e-01, 8.689037713339e-06, 3.6243e+01, 7.4241e-02, 
 2DIAGNOSTIC,    65, -3.762345314026e-01, 8.024001544982e-06, 3.6298e+01, 5.4395e-02, 
 2DIAGNOSTIC,    66, -3.762467801571e-01, 7.149014436436e-06, 3.6362e+01, 6.4407e-02, 
 2DIAGNOSTIC,    67, -3.762529194355e-01, 5.924054221396e-06, 3.6427e+01, 6.4345e-02, 
 2DIAGNOSTIC,    68, -3.762587010860e-01, 4.435888968146e-06, 3.6491e+01, 6.4835e-02, 
 2DIAGNOSTIC,    69, -3.762639164925e-01, 4.042412001581e-06, 3.6556e+01, 6.4421e-02, 
 2DIAGNOSTIC,    70, -3.762687742710e-01, 3.647676521723e-06, 3.6620e+01, 6.4384e-02, 
 2DIAGNOSTIC,    71, -3.762726783752e-01, 3.149205667796e-06, 3.6685e+01, 6.4367e-02, 
 2DIAGNOSTIC,    72, -3.763144314289e-01, 2.992262352564e-06, 3.6749e+01, 6.4433e-02, 
 2DIAGNOSTIC,    73, -3.762802779675e-01, 2.378241561019e-06, 3.6804e+01, 5.4525e-02, 
 2DIAGNOSTIC,    74, -3.763220906258e-01, 2.149786269001e-06, 3.6868e+01, 6.4619e-02, 
 2DIAGNOSTIC,    75, -3.763235211372e-01, 2.214031837866e-06, 3.6923e+01, 5.4476e-02, 
 2DIAGNOSTIC,    76, -3.763281404972e-01, 2.269019660162e-06, 3.6987e+01, 6.4377e-02, 
 2DIAGNOSTIC,    77, -3.763646781445e-01, 2.564525402704e-06, 3.7061e+01, 7.4309e-02, 
 2DIAGNOSTIC,    78, -3.763324618340e-01, 2.380471869401e-06, 3.7116e+01, 5.4617e-02, 
 2DIAGNOSTIC,    79, -3.763357698917e-01, 2.106599140461e-06, 3.7170e+01, 5.4495e-02, 
 2DIAGNOSTIC,    80, -3.763747513294e-01, 2.088855353577e-06, 3.7255e+01, 8.4207e-02, 
 2DIAGNOSTIC,    81, -3.763760626316e-01, 1.931501856234e-06, 3.7319e+01, 6.4353e-02, 
 2DIAGNOSTIC,    82, -3.763777613640e-01, 2.045475412160e-06, 3.7373e+01, 5.4504e-02, 
 2DIAGNOSTIC,    83, -3.763792514801e-01, 1.696998310763e-06, 3.7428e+01, 5.4793e-02, 
 2DIAGNOSTIC,    84, -3.763810098171e-01, 1.628543259358e-06, 3.7513e+01, 8.4804e-02, 
 2DIAGNOSTIC,    85, -3.763825297356e-01, 1.459420673200e-06, 3.7578e+01, 6.4513e-02, 
 2DIAGNOSTIC,    86, -3.763827383518e-01, 1.218403326675e-06, 3.7632e+01, 5.4520e-02, 
 2DIAGNOSTIC,    87, -3.763833940029e-01, 1.239475636794e-06, 3.7697e+01, 6.4420e-02, 
DIAGNOSTIC,Iteration,metricValue,convergenceValue,ITERATION_TIME_INDEX,SINCE_LAST
 2DIAGNOSTIC,     1, -3.175732791424e-01, inf, 4.6535e+01, 8.8382e+00, 
 2DIAGNOSTIC,     2, -3.181685805321e-01, inf, 4.6967e+01, 4.3191e-01, 
 2DIAGNOSTIC,     3, -3.188843429089e-01, inf, 4.7398e+01, 4.3156e-01, 
 2DIAGNOSTIC,     4, -3.194878101349e-01, inf, 4.7830e+01, 4.3174e-01, 
 2DIAGNOSTIC,     5, -3.197805583477e-01, inf, 4.8345e+01, 5.1460e-01, 
 2DIAGNOSTIC,     6, -3.198206722736e-01, inf, 4.8776e+01, 4.3120e-01, 
 2DIAGNOSTIC,     7, -3.198364078999e-01, inf, 4.9626e+01, 8.5033e-01, 
 2DIAGNOSTIC,     8, -3.198422491550e-01, inf, 5.0057e+01, 4.3141e-01, 
 2DIAGNOSTIC,     9, -3.198418617249e-01, inf, 5.0489e+01, 4.3126e-01, 
 2DIAGNOSTIC,    10, -3.198543190956e-01, 4.112619208172e-04, 5.1004e+01, 5.1506e-01, 
 2DIAGNOSTIC,    11, -3.198647499084e-01, 2.313264994882e-04, 5.1436e+01, 4.3192e-01, 
 2DIAGNOSTIC,    12, -3.198757469654e-01, 1.052298102877e-04, 5.1953e+01, 5.1679e-01, 
 2DIAGNOSTIC,    13, -3.198933601379e-01, 3.858257696265e-05, 5.2718e+01, 7.6553e-01, 
 2DIAGNOSTIC,    14, -3.198829591274e-01, 1.537036951049e-05, 5.3232e+01, 5.1423e-01, 
 2DIAGNOSTIC,    15, -3.198800086975e-01, 1.122221874539e-05, 5.3747e+01, 5.1460e-01, 
 2DIAGNOSTIC,    16, -3.198762834072e-01, 8.759266165725e-06, 5.4262e+01, 5.1463e-01, 
 2DIAGNOSTIC,    17, -3.198735713959e-01, 6.625891728618e-06, 5.4776e+01, 5.1445e-01, 
 2DIAGNOSTIC,    18, -3.198662102222e-01, 4.216506567900e-06, 5.5290e+01, 5.1438e-01, 
 2DIAGNOSTIC,    19, -3.198638260365e-01, 1.713118876978e-06, 5.5805e+01, 5.1442e-01, 
DIAGNOSTIC,Iteration,metricValue,convergenceValue,ITERATION_TIME_INDEX,SINCE_LAST
 2DIAGNOSTIC,     1, -2.793619334698e-01, inf, 6.4667e+01, 8.8624e+00, 
  Elapsed time (stage 0): 6.6450e+01


Stage 1
  iterations = 1000x500x250x0
  convergence threshold = 1.0000e-06
  convergence window size = 10
  number of levels = 4
  using the Mattes MI metric (number of bins = 32, weight = 1.0000e+00)
  preprocessing:  winsorizing the image intensities
  Shrink factors (level 1 out of 4): [12, 12, 12]
  Shrink factors (level 2 out of 4): [8, 8, 8]
  Shrink factors (level 3 out of 4): [4, 4, 4]
  Shrink factors (level 4 out of 4): [2, 2, 2]
  smoothing sigmas per level: [4, 3, 2, 1]
  regular sampling (percentage = 2.5000e-01)

*** Running AffineTransform registration ***

DIAGNOSTIC,Iteration,metricValue,convergenceValue,ITERATION_TIME_INDEX,SINCE_LAST
 2DIAGNOSTIC,     1, -4.379636347294e-01, inf, 1.7604e+01, 1.7604e+01, 
 2DIAGNOSTIC,     2, -4.394185245037e-01, inf, 1.7618e+01, 1.4719e-02, 
 2DIAGNOSTIC,     3, -4.418902993202e-01, inf, 1.7633e+01, 1.4351e-02, 
 2DIAGNOSTIC,     4, -4.506031274796e-01, inf, 1.7648e+01, 1.5234e-02, 
 2DIAGNOSTIC,     5, -4.901227056980e-01, inf, 1.7664e+01, 1.6597e-02, 
 2DIAGNOSTIC,     6, -4.972374141216e-01, inf, 1.7681e+01, 1.6719e-02, 
 2DIAGNOSTIC,     7, -5.021598339081e-01, inf, 1.7700e+01, 1.8835e-02, 
 2DIAGNOSTIC,     8, -5.063611268997e-01, inf, 1.7716e+01, 1.6374e-02, 
 2DIAGNOSTIC,     9, -5.107104778290e-01, inf, 1.7731e+01, 1.4470e-02, 
 2DIAGNOSTIC,    10, -5.133503079414e-01, 1.235565077513e-02, 1.7748e+01, 1.6816e-02, 
 2DIAGNOSTIC,    11, -5.146071314812e-01, 1.008755248040e-02, 1.7763e+01, 1.5041e-02, 
 2DIAGNOSTIC,    12, -5.160079598427e-01, 7.489380426705e-03, 1.7778e+01, 1.5103e-02, 
 2DIAGNOSTIC,    13, -5.177750587463e-01, 4.841920454055e-03, 1.7798e+01, 2.0491e-02, 
 2DIAGNOSTIC,    14, -5.185441970825e-01, 2.504761796445e-03, 1.7813e+01, 1.4994e-02, 
 2DIAGNOSTIC,    15, -5.190649032593e-01, 1.806917833164e-03, 1.7828e+01, 1.4958e-02, 
 2DIAGNOSTIC,    16, -5.198323726654e-01, 1.318359747529e-03, 1.7845e+01, 1.6744e-02, 
 2DIAGNOSTIC,    17, -5.203645825386e-01, 9.513833792880e-04, 1.7860e+01, 1.5184e-02, 
 2DIAGNOSTIC,    18, -5.223302245140e-01, 7.322224555537e-04, 1.7879e+01, 1.8734e-02, 
 2DIAGNOSTIC,    19, -5.241641402245e-01, 6.524876225740e-04, 1.7894e+01, 1.5037e-02, 
 2DIAGNOSTIC,    20, -5.248706340790e-01, 6.152894929983e-04, 1.7911e+01, 1.6557e-02, 
 2DIAGNOSTIC,    21, -5.270038247108e-01, 6.165954982862e-04, 1.7935e+01, 2.4296e-02, 
 2DIAGNOSTIC,    22, -5.271388292313e-01, 5.980916903354e-04, 1.7950e+01, 1.5227e-02, 
 2DIAGNOSTIC,    23, -5.276477336884e-01, 5.811738083139e-04, 1.7965e+01, 1.4923e-02, 
 2DIAGNOSTIC,    24, -5.279306173325e-01, 5.358242779039e-04, 1.7980e+01, 1.4816e-02, 
 2DIAGNOSTIC,    25, -5.282226800919e-01, 4.622347769327e-04, 1.7995e+01, 1.4974e-02, 
 2DIAGNOSTIC,    26, -5.289458036423e-01, 3.835237293970e-04, 1.8013e+01, 1.8521e-02, 
 2DIAGNOSTIC,    27, -5.291410088539e-01, 2.890718751587e-04, 1.8028e+01, 1.4941e-02, 
 2DIAGNOSTIC,    28, -5.292901992798e-01, 2.166030317312e-04, 1.8045e+01, 1.6479e-02, 
 2DIAGNOSTIC,    29, -5.295216441154e-01, 1.690263743512e-04, 1.8061e+01, 1.6762e-02, 
 2DIAGNOSTIC,    30, -5.296260118484e-01, 1.228396286024e-04, 1.8078e+01, 1.6770e-02, 
 2DIAGNOSTIC,    31, -5.297974348068e-01, 1.096022242564e-04, 1.8095e+01, 1.6657e-02, 
 2DIAGNOSTIC,    32, -5.299414396286e-01, 9.158226021100e-05, 1.8119e+01, 2.3893e-02, 
 2DIAGNOSTIC,    33, -5.299696326256e-01, 7.521508814534e-05, 1.8134e+01, 1.4989e-02, 
 2DIAGNOSTIC,    34, -5.300493836403e-01, 5.877214061911e-05, 1.8149e+01, 1.4913e-02, 
 2DIAGNOSTIC,    35, -5.300864577293e-01, 4.273605009075e-05, 1.8164e+01, 1.4929e-02, 
 2DIAGNOSTIC,    36, -5.301008820534e-01, 3.495712735457e-05, 1.8178e+01, 1.4828e-02, 
 2DIAGNOSTIC,    37, -5.301121473312e-01, 2.744270022959e-05, 1.8193e+01, 1.4966e-02, 
 2DIAGNOSTIC,    38, -5.301205515862e-01, 2.005504757108e-05, 1.8213e+01, 1.9994e-02, 
 2DIAGNOSTIC,    39, -5.301223993301e-01, 1.453840468457e-05, 1.8228e+01, 1.4786e-02, 
 2DIAGNOSTIC,    40, -5.301252007484e-01, 9.433478226128e-06, 1.8245e+01, 1.6565e-02, 
 2DIAGNOSTIC,    41, -5.301274657249e-01, 6.064715762477e-06, 1.8263e+01, 1.8216e-02, 
 2DIAGNOSTIC,    42, -5.301280617714e-01, 4.264729341230e-06, 1.8278e+01, 1.4949e-02, 
 2DIAGNOSTIC,    43, -5.301300287247e-01, 2.582553406683e-06, 1.8293e+01, 1.5018e-02, 
 2DIAGNOSTIC,    44, -5.301315188408e-01, 1.812525397327e-06, 1.8315e+01, 2.1732e-02, 
 2DIAGNOSTIC,    45, -5.301318168640e-01, 1.430207248632e-06, 1.8331e+01, 1.6607e-02, 
 2DIAGNOSTIC,    46, -5.301319956779e-01, 1.169947722701e-06, 1.8348e+01, 1.6509e-02, 
 2DIAGNOSTIC,    47, -5.301322340965e-01, 1.009615175462e-06, 1.8364e+01, 1.6606e-02, 
DIAGNOSTIC,Iteration,metricValue,convergenceValue,ITERATION_TIME_INDEX,SINCE_LAST
 2DIAGNOSTIC,     1, -4.474270343781e-01, inf, 3.1866e+01, 1.3501e+01, 
 2DIAGNOSTIC,     2, -4.478323757648e-01, inf, 3.1933e+01, 6.7862e-02, 
 2DIAGNOSTIC,     3, -4.482484161854e-01, inf, 3.2001e+01, 6.7780e-02, 
 2DIAGNOSTIC,     4, -4.485526978970e-01, inf, 3.2068e+01, 6.7192e-02, 
 2DIAGNOSTIC,     5, -4.489042162895e-01, inf, 3.2137e+01, 6.8277e-02, 
 2DIAGNOSTIC,     6, -4.493963122368e-01, inf, 3.2215e+01, 7.8164e-02, 
 2DIAGNOSTIC,     7, -4.496794939041e-01, inf, 3.2324e+01, 1.0956e-01, 
 2DIAGNOSTIC,     8, -4.499114453793e-01, inf, 3.2392e+01, 6.7858e-02, 
 2DIAGNOSTIC,     9, -4.500561952591e-01, inf, 3.2471e+01, 7.8366e-02, 
 2DIAGNOSTIC,    10, -4.502604603767e-01, 4.178340313956e-04, 3.2560e+01, 8.9464e-02, 
 2DIAGNOSTIC,    11, -4.503983557224e-01, 3.420777793508e-04, 3.2629e+01, 6.8602e-02, 
 2DIAGNOSTIC,    12, -4.504614174366e-01, 2.727823157329e-04, 3.2708e+01, 7.9386e-02, 
 2DIAGNOSTIC,    13, -4.506312906742e-01, 2.183473989135e-04, 3.2787e+01, 7.9235e-02, 
 2DIAGNOSTIC,    14, -4.507623314857e-01, 1.715155958664e-04, 3.2865e+01, 7.7988e-02, 
 2DIAGNOSTIC,    15, -4.508652687073e-01, 1.341393071925e-04, 3.2934e+01, 6.8394e-02, 
 2DIAGNOSTIC,    16, -4.508818984032e-01, 1.092479142244e-04, 3.3002e+01, 6.8377e-02, 
 2DIAGNOSTIC,    17, -4.509238302708e-01, 8.947237802204e-05, 3.3101e+01, 9.9234e-02, 
 2DIAGNOSTIC,    18, -4.509415030479e-01, 7.248870679177e-05, 3.3170e+01, 6.9040e-02, 
 2DIAGNOSTIC,    19, -4.509479105473e-01, 5.556724136113e-05, 3.3239e+01, 6.8606e-02, 
 2DIAGNOSTIC,    20, -4.509570002556e-01, 4.201056799502e-05, 3.3307e+01, 6.7923e-02, 
 2DIAGNOSTIC,    21, -4.509678483009e-01, 3.050697341678e-05, 3.3396e+01, 8.9062e-02, 
 2DIAGNOSTIC,    22, -4.509720504284e-01, 1.920296199387e-05, 3.3475e+01, 7.8712e-02, 
 2DIAGNOSTIC,    23, -4.509768784046e-01, 1.194934520754e-05, 3.3554e+01, 7.9214e-02, 
 2DIAGNOSTIC,    24, -4.509800970554e-01, 7.786229616613e-06, 3.3632e+01, 7.8327e-02, 
 2DIAGNOSTIC,    25, -4.509845376015e-01, 6.065766683605e-06, 3.3722e+01, 8.9655e-02, 
 2DIAGNOSTIC,    26, -4.509878754616e-01, 4.484819783102e-06, 3.3791e+01, 6.8745e-02, 
 2DIAGNOSTIC,    27, -4.509913921356e-01, 3.767550424527e-06, 3.3859e+01, 6.8506e-02, 
 2DIAGNOSTIC,    28, -4.509956240654e-01, 3.351558234499e-06, 3.3927e+01, 6.8225e-02, 
 2DIAGNOSTIC,    29, -4.510034620762e-01, 3.061535835513e-06, 3.4017e+01, 8.9146e-02, 
 2DIAGNOSTIC,    30, -4.510053694248e-01, 2.828322976711e-06, 3.4085e+01, 6.8503e-02, 
 2DIAGNOSTIC,    31, -4.510108828545e-01, 2.776377641567e-06, 3.4174e+01, 8.9419e-02, 
 2DIAGNOSTIC,    32, -4.510133564472e-01, 2.691254621823e-06, 3.4243e+01, 6.8084e-02, 
 2DIAGNOSTIC,    33, -4.510168433189e-01, 2.608115664771e-06, 3.4311e+01, 6.8016e-02, 
 2DIAGNOSTIC,    34, -4.510211944580e-01, 2.511361344659e-06, 3.4411e+01, 1.0015e-01, 
 2DIAGNOSTIC,    35, -4.510230422020e-01, 2.381965941822e-06, 3.4480e+01, 6.8893e-02, 
 2DIAGNOSTIC,    36, -4.510253667831e-01, 2.219499492639e-06, 3.4549e+01, 6.9028e-02, 
 2DIAGNOSTIC,    37, -4.510280489922e-01, 2.043765334747e-06, 3.4617e+01, 6.8273e-02, 
 2DIAGNOSTIC,    38, -4.510330259800e-01, 1.913979758683e-06, 3.4685e+01, 6.8091e-02, 
 2DIAGNOSTIC,    39, -4.510377347469e-01, 1.889484906314e-06, 3.4795e+01, 1.1034e-01, 
 2DIAGNOSTIC,    40, -4.510418176651e-01, 1.855891127889e-06, 3.4863e+01, 6.8141e-02, 
 2DIAGNOSTIC,    41, -4.510432481766e-01, 1.829783741414e-06, 3.4953e+01, 8.9066e-02, 
 2DIAGNOSTIC,    42, -4.510484635830e-01, 1.819801809688e-06, 3.5021e+01, 6.8571e-02, 
 2DIAGNOSTIC,    43, -4.510523676872e-01, 1.813762651182e-06, 3.5111e+01, 8.9642e-02, 
 2DIAGNOSTIC,    44, -4.510537087917e-01, 1.785312065294e-06, 3.5180e+01, 6.8936e-02, 
 2DIAGNOSTIC,    45, -4.510550796986e-01, 1.702409576865e-06, 3.5259e+01, 7.9256e-02, 
 2DIAGNOSTIC,    46, -4.510568380356e-01, 1.584495862517e-06, 3.5328e+01, 6.8637e-02, 
 2DIAGNOSTIC,    47, -4.510581791401e-01, 1.438324943592e-06, 3.5395e+01, 6.7765e-02, 
 2DIAGNOSTIC,    48, -4.510614573956e-01, 1.331934186055e-06, 3.5495e+01, 9.9872e-02, 
 2DIAGNOSTIC,    49, -4.510637819767e-01, 1.255012193724e-06, 3.5564e+01, 6.8478e-02, 
 2DIAGNOSTIC,    50, -4.510647654533e-01, 1.187655925605e-06, 3.5632e+01, 6.8383e-02, 
 2DIAGNOSTIC,    51, -4.510670602322e-01, 1.115369514082e-06, 3.5711e+01, 7.9079e-02, 
 2DIAGNOSTIC,    52, -4.510685801506e-01, 1.078874561244e-06, 3.5790e+01, 7.8756e-02, 
 2DIAGNOSTIC,    53, -4.510708749294e-01, 1.072019017556e-06, 3.5868e+01, 7.8573e-02, 
 2DIAGNOSTIC,    54, -4.510710835457e-01, 1.037564175022e-06, 3.5947e+01, 7.8608e-02, 
 2DIAGNOSTIC,    55, -4.510732293129e-01, 1.002039766718e-06, 3.6015e+01, 6.8288e-02, 
DIAGNOSTIC,Iteration,metricValue,convergenceValue,ITERATION_TIME_INDEX,SINCE_LAST
 2DIAGNOSTIC,     1, -3.827839195728e-01, inf, 4.4864e+01, 8.8486e+00, 
 2DIAGNOSTIC,     2, -3.833932876587e-01, inf, 4.5400e+01, 5.3572e-01, 
 2DIAGNOSTIC,     3, -3.838678896427e-01, inf, 4.5932e+01, 5.3259e-01, 
 2DIAGNOSTIC,     4, -3.841271996498e-01, inf, 4.6465e+01, 5.3272e-01, 
 2DIAGNOSTIC,     5, -3.843806982040e-01, inf, 4.7007e+01, 5.4240e-01, 
 2DIAGNOSTIC,     6, -3.847100436687e-01, inf, 4.7714e+01, 7.0709e-01, 
 2DIAGNOSTIC,     7, -3.848023712635e-01, inf, 4.8344e+01, 6.2964e-01, 
 2DIAGNOSTIC,     8, -3.848690092564e-01, inf, 4.8964e+01, 6.2013e-01, 
 2DIAGNOSTIC,     9, -3.851076960564e-01, inf, 4.9593e+01, 6.2888e-01, 
 2DIAGNOSTIC,    10, -3.856373131275e-01, 4.042126238346e-04, 5.0214e+01, 6.2137e-01, 
 2DIAGNOSTIC,    11, -3.856957852840e-01, 3.240968799219e-04, 5.0844e+01, 6.2911e-01, 
 2DIAGNOSTIC,    12, -3.857276439667e-01, 2.680173784029e-04, 5.1464e+01, 6.2087e-01, 
 2DIAGNOSTIC,    13, -3.857959806919e-01, 2.278886968270e-04, 5.2172e+01, 7.0734e-01, 
 2DIAGNOSTIC,    14, -3.858565986156e-01, 1.894559100037e-04, 5.2712e+01, 5.3999e-01, 
 2DIAGNOSTIC,    15, -3.858741223812e-01, 1.515483309049e-04, 5.3429e+01, 7.1724e-01, 
 2DIAGNOSTIC,    16, -3.858771920204e-01, 1.200453334604e-04, 5.3972e+01, 5.4312e-01, 
 2DIAGNOSTIC,    17, -3.858845233917e-01, 8.614015678177e-05, 5.4515e+01, 5.4312e-01, 
 2DIAGNOSTIC,    18, -3.858932852745e-01, 5.128273551236e-05, 5.5058e+01, 5.4313e-01, 
 2DIAGNOSTIC,    19, -3.859064280987e-01, 2.469851278875e-05, 5.6040e+01, 9.8159e-01, 
 2DIAGNOSTIC,    20, -3.859096765518e-01, 1.827034975577e-05, 5.6664e+01, 6.2423e-01, 
 2DIAGNOSTIC,    21, -3.859112262726e-01, 1.304517081735e-05, 5.7208e+01, 5.4385e-01, 
 2DIAGNOSTIC,    22, -3.859145045280e-01, 8.367906048079e-06, 5.7750e+01, 5.4218e-01, 
 2DIAGNOSTIC,    23, -3.859190642834e-01, 5.733868874813e-06, 5.8294e+01, 5.4404e-01, 
 2DIAGNOSTIC,    24, -3.859265744686e-01, 4.985501163901e-06, 5.8837e+01, 5.4296e-01, 
 2DIAGNOSTIC,    25, -3.859375417233e-01, 4.792186700797e-06, 5.9465e+01, 6.2770e-01, 
 2DIAGNOSTIC,    26, -3.859426975250e-01, 4.513754902291e-06, 6.0346e+01, 8.8149e-01, 
 2DIAGNOSTIC,    27, -3.859494030476e-01, 4.329424427851e-06, 6.0975e+01, 6.2834e-01, 
 2DIAGNOSTIC,    28, -3.859501481056e-01, 4.101633294340e-06, 6.1607e+01, 6.3260e-01, 
 2DIAGNOSTIC,    29, -3.859530687332e-01, 4.016606453661e-06, 6.2326e+01, 7.1864e-01, 
 2DIAGNOSTIC,    30, -3.859532177448e-01, 3.741717364392e-06, 6.2868e+01, 5.4166e-01, 
 2DIAGNOSTIC,    31, -3.859559297562e-01, 3.331664856887e-06, 6.3584e+01, 7.1680e-01, 
 2DIAGNOSTIC,    32, -3.859563171864e-01, 2.812857701429e-06, 6.4294e+01, 7.0989e-01, 
 2DIAGNOSTIC,    33, -3.859569430351e-01, 2.268497382829e-06, 6.4916e+01, 6.2210e-01, 
 2DIAGNOSTIC,    34, -3.859566450119e-01, 1.785314452718e-06, 6.5458e+01, 5.4188e-01, 
 2DIAGNOSTIC,    35, -3.859576582909e-01, 1.500355892858e-06, 6.6080e+01, 6.2116e-01, 
 2DIAGNOSTIC,    36, -3.859581053257e-01, 1.285642724724e-06, 6.6700e+01, 6.2061e-01, 
 2DIAGNOSTIC,    37, -3.859581351280e-01, 1.178438537863e-06, 6.7234e+01, 5.3393e-01, 
 2DIAGNOSTIC,    38, -3.859601020813e-01, 1.098708708014e-06, 6.7774e+01, 5.4015e-01, 
 2DIAGNOSTIC,    39, -3.859607279301e-01, 1.064989874067e-06, 6.8317e+01, 5.4271e-01, 
 2DIAGNOSTIC,    40, -3.859641849995e-01, 1.074357214748e-06, 6.9121e+01, 8.0433e-01, 
 2DIAGNOSTIC,    41, -3.859642744064e-01, 1.105664750867e-06, 6.9665e+01, 5.4383e-01, 
 2DIAGNOSTIC,    42, -3.859655559063e-01, 1.133969476541e-06, 7.0209e+01, 5.4346e-01, 
 2DIAGNOSTIC,    43, -3.859671354294e-01, 1.163087176792e-06, 7.0836e+01, 6.2707e-01, 
 2DIAGNOSTIC,    44, -3.859687745571e-01, 1.171574695036e-06, 7.1547e+01, 7.1151e-01, 
 2DIAGNOSTIC,    45, -3.859690725803e-01, 1.157538008556e-06, 7.2176e+01, 6.2854e-01, 
 2DIAGNOSTIC,    46, -3.859697878361e-01, 1.120495994655e-06, 7.2715e+01, 5.3963e-01, 
 2DIAGNOSTIC,    47, -3.859705328941e-01, 1.056017254086e-06, 7.3341e+01, 6.2602e-01, 
 2DIAGNOSTIC,    48, -3.859720528126e-01, 1.011202243717e-06, 7.3971e+01, 6.2972e-01, 
DIAGNOSTIC,Iteration,metricValue,convergenceValue,ITERATION_TIME_INDEX,SINCE_LAST
 2DIAGNOSTIC,     1, -3.298708200455e-01, inf, 8.3368e+01, 9.3965e+00, 
  Elapsed time (stage 1): 8.5147e+01


Stage 2
  iterations = 100x100x70x50x0
  convergence threshold = 1.0000e-06
  convergence window size = 10
  number of levels = 5
  using the Mattes MI metric (number of bins = 32, weight = 1.0000e+00)
  preprocessing:  winsorizing the image intensities
  Shrink factors (level 1 out of 5): [10, 10, 10]
  Shrink factors (level 2 out of 5): [6, 6, 6]
  Shrink factors (level 3 out of 5): [4, 4, 4]
  Shrink factors (level 4 out of 5): [2, 2, 2]
  Shrink factors (level 5 out of 5): [1, 1, 1]
  smoothing sigmas per level: [5, 3, 2, 1, 0]
  Using default NONE metricSamplingStrategy 

*** Running SyN registration (varianceForUpdateField = 3.0000e+00, varianceForTotalField = 0.0000e+00) ***

XXDIAGNOSTIC,Iteration,metricValue,convergenceValue,ITERATION_TIME_INDEX,SINCE_LAST
 1DIAGNOSTIC,     1, -5.474246740341e-01, inf, 3.1172e+01, 3.1172e+01, 
 1DIAGNOSTIC,     2, -5.658501982689e-01, inf, 3.1321e+01, 1.4922e-01, 
 1DIAGNOSTIC,     3, -5.748190879822e-01, inf, 3.1474e+01, 1.5289e-01, 
 1DIAGNOSTIC,     4, -5.779467821121e-01, inf, 3.1620e+01, 1.4605e-01, 
 1DIAGNOSTIC,     5, -5.760856866837e-01, inf, 3.1766e+01, 1.4649e-01, 
 1DIAGNOSTIC,     6, -5.761130452156e-01, inf, 3.1913e+01, 1.4668e-01, 
 1DIAGNOSTIC,     7, -5.738691687584e-01, inf, 3.2059e+01, 1.4603e-01, 
 1DIAGNOSTIC,     8, -5.719389915466e-01, inf, 3.2205e+01, 1.4642e-01, 
 1DIAGNOSTIC,     9, -5.688120126724e-01, inf, 3.2351e+01, 1.4615e-01, 
 1DIAGNOSTIC,    10, -5.675197243690e-01, 9.385996381752e-04, 3.2499e+01, 1.4777e-01, 
 1DIAGNOSTIC,    11, -5.669960975647e-01, -6.297702202573e-04, 3.2647e+01, 1.4763e-01, 
XXDIAGNOSTIC,Iteration,metricValue,convergenceValue,ITERATION_TIME_INDEX,SINCE_LAST
 1DIAGNOSTIC,     1, -4.506465196609e-01, inf, 4.6764e+01, 1.4118e+01, 
 1DIAGNOSTIC,     2, -4.541074037552e-01, inf, 4.7341e+01, 5.7663e-01, 
 1DIAGNOSTIC,     3, -4.556507468224e-01, inf, 4.7920e+01, 5.7890e-01, 
 1DIAGNOSTIC,     4, -4.558933377266e-01, inf, 4.8501e+01, 5.8070e-01, 
 1DIAGNOSTIC,     5, -4.559834599495e-01, inf, 4.9077e+01, 5.7597e-01, 
 1DIAGNOSTIC,     6, -4.550356268883e-01, inf, 4.9652e+01, 5.7581e-01, 
 1DIAGNOSTIC,     7, -4.543945193291e-01, inf, 5.0231e+01, 5.7892e-01, 
 1DIAGNOSTIC,     8, -4.531234800816e-01, inf, 5.0807e+01, 5.7596e-01, 
 1DIAGNOSTIC,     9, -4.519870877266e-01, inf, 5.1385e+01, 5.7775e-01, 
 1DIAGNOSTIC,    10, -4.506974816322e-01, -2.744265075307e-04, 5.1962e+01, 5.7731e-01, 
XXDIAGNOSTIC,Iteration,metricValue,convergenceValue,ITERATION_TIME_INDEX,SINCE_LAST
 1DIAGNOSTIC,     1, -3.842829763889e-01, inf, 6.2201e+01, 1.0238e+01, 
 1DIAGNOSTIC,     2, -3.851718306541e-01, inf, 6.3988e+01, 1.7868e+00, 
 1DIAGNOSTIC,     3, -3.858671784401e-01, inf, 6.5786e+01, 1.7980e+00, 
 1DIAGNOSTIC,     4, -3.864066302776e-01, inf, 6.7578e+01, 1.7923e+00, 
 1DIAGNOSTIC,     5, -3.867259025574e-01, inf, 6.9385e+01, 1.8068e+00, 
 1DIAGNOSTIC,     6, -3.868446350098e-01, inf, 7.1192e+01, 1.8076e+00, 
 1DIAGNOSTIC,     7, -3.867269754410e-01, inf, 7.2991e+01, 1.7989e+00, 
 1DIAGNOSTIC,     8, -3.866572082043e-01, inf, 7.4844e+01, 1.8530e+00, 
 1DIAGNOSTIC,     9, -3.862306475639e-01, inf, 7.6698e+01, 1.8537e+00, 
 1DIAGNOSTIC,    10, -3.858814835548e-01, 2.422392863082e-04, 7.8621e+01, 1.9237e+00, 
 1DIAGNOSTIC,    11, -3.853005170822e-01, 6.266550940381e-07, 8.0418e+01, 1.7968e+00, 
XXDIAGNOSTIC,Iteration,metricValue,convergenceValue,ITERATION_TIME_INDEX,SINCE_LAST
 1DIAGNOSTIC,     1, -3.269908428192e-01, inf, 1.0022e+02, 1.9803e+01, 
 1DIAGNOSTIC,     2, -3.279801905155e-01, inf, 1.1331e+02, 1.3090e+01, 
 1DIAGNOSTIC,     3, -3.290300071239e-01, inf, 1.2616e+02, 1.2851e+01, 
 1DIAGNOSTIC,     4, -3.300673365593e-01, inf, 1.3905e+02, 1.2891e+01, 
 1DIAGNOSTIC,     5, -3.310085535049e-01, inf, 1.5205e+02, 1.2996e+01, 
 1DIAGNOSTIC,     6, -3.318960070610e-01, inf, 1.6490e+02, 1.2854e+01, 
 1DIAGNOSTIC,     7, -3.326648473740e-01, inf, 1.7864e+02, 1.3736e+01, 
 1DIAGNOSTIC,     8, -3.333860337734e-01, inf, 1.9201e+02, 1.3374e+01, 
 1DIAGNOSTIC,     9, -3.338980674744e-01, inf, 2.0532e+02, 1.3306e+01, 
 1DIAGNOSTIC,    10, -3.343342542648e-01, 1.456395606510e-03, 2.1864e+02, 1.3315e+01, 
 1DIAGNOSTIC,    11, -3.347526788712e-01, 1.198107958771e-03, 2.3194e+02, 1.3301e+01, 
 1DIAGNOSTIC,    12, -3.351160883904e-01, 9.712734026834e-04, 2.4535e+02, 1.3414e+01, 
 1DIAGNOSTIC,    13, -3.354715704918e-01, 7.834819843993e-04, 2.5864e+02, 1.3293e+01, 
 1DIAGNOSTIC,    14, -3.357434272766e-01, 6.308738375083e-04, 2.7266e+02, 1.4016e+01, 
 1DIAGNOSTIC,    15, -3.359876871109e-01, 5.082517745905e-04, 2.8593e+02, 1.3269e+01, 
 1DIAGNOSTIC,    16, -3.361877799034e-01, 4.120681551285e-04, 2.9973e+02, 1.3800e+01, 
 1DIAGNOSTIC,    17, -3.365440964699e-01, 3.453076642472e-04, 3.1362e+02, 1.3886e+01, 
 1DIAGNOSTIC,    18, -3.367798030376e-01, 2.989645872731e-04, 3.2755e+02, 1.3940e+01, 
 1DIAGNOSTIC,    19, -3.370078206062e-01, 2.628798247315e-04, 3.4136e+02, 1.3810e+01, 
 1DIAGNOSTIC,    20, -3.371658623219e-01, 2.312519791303e-04, 3.5514e+02, 1.3772e+01, 
 1DIAGNOSTIC,    21, -3.373596370220e-01, 2.058886602754e-04, 3.6898e+02, 1.3839e+01, 
 1DIAGNOSTIC,    22, -3.375388979912e-01, 1.843654172262e-04, 3.8280e+02, 1.3825e+01, 
 1DIAGNOSTIC,    23, -3.376766443253e-01, 1.655718224356e-04, 3.9662e+02, 1.3820e+01, 
 1DIAGNOSTIC,    24, -3.378382921219e-01, 1.482356456108e-04, 4.1043e+02, 1.3806e+01, 
 1DIAGNOSTIC,    25, -3.380322456360e-01, 1.333420077572e-04, 4.2422e+02, 1.3792e+01, 
 1DIAGNOSTIC,    26, -3.382204473019e-01, 1.195628283313e-04, 4.3817e+02, 1.3952e+01, 
 1DIAGNOSTIC,    27, -3.384032547474e-01, 1.124347036239e-04, 4.5191e+02, 1.3741e+01, 
 1DIAGNOSTIC,    28, -3.385994434357e-01, 1.082746603061e-04, 4.6565e+02, 1.3738e+01, 
 1DIAGNOSTIC,    29, -3.386920094490e-01, 1.035644672811e-04, 4.7942e+02, 1.3766e+01, 
 1DIAGNOSTIC,    30, -3.387879133224e-01, 9.657980990596e-05, 4.9316e+02, 1.3744e+01, 
 1DIAGNOSTIC,    31, -3.387520313263e-01, 8.522580901626e-05, 5.0695e+02, 1.3787e+01, 
 1DIAGNOSTIC,    32, -3.387908041477e-01, 7.239669503178e-05, 5.2068e+02, 1.3736e+01, 
 1DIAGNOSTIC,    33, -3.388462066650e-01, 5.845093983226e-05, 5.3449e+02, 1.3805e+01, 
 1DIAGNOSTIC,    34, -3.389533460140e-01, 4.645757508115e-05, 5.4830e+02, 1.3811e+01, 
 1DIAGNOSTIC,    35, -3.390909433365e-01, 3.876684058923e-05, 5.6198e+02, 1.3682e+01, 
 1DIAGNOSTIC,    36, -3.391854465008e-01, 3.448575444054e-05, 5.7582e+02, 1.3836e+01, 
 1DIAGNOSTIC,    37, -3.392267227173e-01, 3.229929279769e-05, 5.8967e+02, 1.3850e+01, 
 1DIAGNOSTIC,    38, -3.392685651779e-01, 3.250534064136e-05, 6.0344e+02, 1.3771e+01, 
 1DIAGNOSTIC,    39, -3.393358588219e-01, 3.305881909910e-05, 6.1719e+02, 1.3754e+01, 
 1DIAGNOSTIC,    40, -3.392983078957e-01, 3.171440766891e-05, 6.3102e+02, 1.3830e+01, 
 1DIAGNOSTIC,    41, -3.393251895905e-01, 2.733438668656e-05, 6.4493e+02, 1.3902e+01, 
 1DIAGNOSTIC,    42, -3.393430709839e-01, 2.178257818741e-05, 6.5898e+02, 1.4050e+01, 
 1DIAGNOSTIC,    43, -3.393940925598e-01, 1.653992148931e-05, 6.7276e+02, 1.3788e+01, 
 1DIAGNOSTIC,    44, -3.394427299500e-01, 1.294082630920e-05, 6.8654e+02, 1.3775e+01, 
 1DIAGNOSTIC,    45, -3.393515348434e-01, 9.173981197819e-06, 7.0035e+02, 1.3812e+01, 
 1DIAGNOSTIC,    46, -3.392772078514e-01, 5.207947651797e-06, 7.1412e+02, 1.3768e+01, 
 1DIAGNOSTIC,    47, -3.392520546913e-01, 1.273998009310e-06, 7.2804e+02, 1.3921e+01, 
 1DIAGNOSTIC,    48, -3.392331004143e-01, -2.231814505649e-06, 7.4189e+02, 1.3849e+01, 
  Elapsed time (stage 2): 766


Total elapsed time: 917.6

--- Writing output images ---

Using double precision for computations.
Input scalar image: data/Segmentations/1018_3_seg.nii.gz
Reference image: data/template/T_template0_BrainCerebellum.nii.gz
=============================================================================
The composite transform comprises the following transforms (in order): 
  1. /tmp/1971663.1.basic.q/1018_ToTemplate_006_0GenericAffine.mat (type = AffineTransform)
  2. /tmp/1971663.1.basic.q/1018_ToTemplate_006_1Warp.nii.gz (type = DisplacementFieldTransform)
=============================================================================
Default pixel value: 0
Interpolation type: LabelImageGenericInterpolateImageFunction
Output warped image: output/1018/1018_WarpedLabels_006.nii.gz

--- Done ---

