
--- Running on compute-1-11.local ---


--- registration call ---
/data/jet/pcook/bin/antsBuild/bin/antsRegistrationSyNQuick.sh -d 3 -f data/template/T_template0_BrainCerebellum.nii.gz -m data/Brains/1018_3.nii.gz -t s -p f -n 1 -o /tmp/1971681.1.basic.q/1018_ToTemplate_024_
---


--------------------------------------------------------------------------------------
 Mapping parameters
--------------------------------------------------------------------------------------
 ANTSPATH is /data/jet/pcook/bin/antsBuild/bin/

 Dimensionality:           3
 Output name prefix:       /tmp/1971681.1.basic.q/1018_ToTemplate_024_
 Fixed images:             data/template/T_template0_BrainCerebellum.nii.gz
 Moving images:            data/Brains/1018_3.nii.gz
 Mask images:              
 Initial transforms:       
 Number of threads:        1
 Spline distance:          26
 Transform type:           s
 MI histogram bins:        32
 Precision:                f
 Use histogram matching    0
======================================================================================
 antsRegistration call:
--------------------------------------------------------------------------------------
/data/jet/pcook/bin/antsBuild/bin//antsRegistration --verbose 1 --dimensionality 3 --float 1 --collapse-output-transforms 1 --output [/tmp/1971681.1.basic.q/1018_ToTemplate_024_,/tmp/1971681.1.basic.q/1018_ToTemplate_024_Warped.nii.gz,/tmp/1971681.1.basic.q/1018_ToTemplate_024_InverseWarped.nii.gz] --interpolation Linear --use-histogram-matching 0 --winsorize-image-intensities [0.005,0.995] --initial-moving-transform [data/template/T_template0_BrainCerebellum.nii.gz,data/Brains/1018_3.nii.gz,1] --transform Rigid[0.1] --metric MI[data/template/T_template0_BrainCerebellum.nii.gz,data/Brains/1018_3.nii.gz,1,32,Regular,0.25] --convergence [1000x500x250x0,1e-6,10] --shrink-factors 12x8x4x2 --smoothing-sigmas 4x3x2x1vox --transform Affine[0.1] --metric MI[data/template/T_template0_BrainCerebellum.nii.gz,data/Brains/1018_3.nii.gz,1,32,Regular,0.25] --convergence [1000x500x250x0,1e-6,10] --shrink-factors 12x8x4x2 --smoothing-sigmas 4x3x2x1vox --transform SyN[0.1,3,0] --metric MI[data/template/T_template0_BrainCerebellum.nii.gz,data/Brains/1018_3.nii.gz,1,32] --convergence [100x100x70x50x0,1e-6,10] --shrink-factors 10x6x4x2x1 --smoothing-sigmas 5x3x2x1x0vox
--------------------------------------------------------------------------------------
All_Command_lines_OK
Using single precision for computations.
=============================================================================
The composite transform comprises the following transforms (in order): 
  1. Center of mass alignment using fixed image: data/template/T_template0_BrainCerebellum.nii.gz and moving image: data/Brains/1018_3.nii.gz (type = Euler3DTransform)
=============================================================================
  number of levels = 4
  number of levels = 4
  number of levels = 5
  fixed image: data/template/T_template0_BrainCerebellum.nii.gz
  moving image: data/Brains/1018_3.nii.gz
  fixed image: data/template/T_template0_BrainCerebellum.nii.gz
  moving image: data/Brains/1018_3.nii.gz
  fixed image: data/template/T_template0_BrainCerebellum.nii.gz
  moving image: data/Brains/1018_3.nii.gz
Dimension = 3
Number of stages = 3
Use Histogram Matching false
Winsorize image intensities true
Lower quantile = 0.005
Upper quantile = 0.995
Stage 1 State
   Image metric = Mattes
     Fixed image = Image (0x39e0420)
  RTTI typeinfo:   itk::Image<float, 3u>
  Reference Count: 2
  Modified Time: 1611
  Debug: Off
  Object Name: 
  Observers: 
    none
  Source: (none)
  Source output name: (none)
  Release Data: Off
  Data Released: False
  Global Release Data: Off
  PipelineMTime: 0
  UpdateMTime: 1422
  RealTimeStamp: 0 seconds 
  LargestPossibleRegion: 
    Dimension: 3
    Index: [0, 0, 0]
    Size: [216, 256, 291]
  BufferedRegion: 
    Dimension: 3
    Index: [0, 0, 0]
    Size: [216, 256, 291]
  RequestedRegion: 
    Dimension: 3
    Index: [0, 0, 0]
    Size: [216, 256, 291]
  Spacing: [1, 1, 1]
  Origin: [0, 293, 0]
  Direction: 
1 0 0
0 -0 -1
0 -1 -0

  IndexToPointMatrix: 
1 0 0
0 0 -1
0 -1 0

  PointToIndexMatrix: 
1 0 0
0 0 -1
0 -1 0

  Inverse Direction: 
1 0 0
0 0 -1
0 -1 0

  PixelContainer: 
    ImportImageContainer (0x39c57f0)
      RTTI typeinfo:   itk::ImportImageContainer<unsigned long, float>
      Reference Count: 1
      Modified Time: 1419
      Debug: Off
      Object Name: 
      Observers: 
        none
      Pointer: 0x7f9c2601b010
      Container manages memory: true
      Size: 16091136
      Capacity: 16091136

     Moving image = Image (0x39e0e60)
  RTTI typeinfo:   itk::Image<float, 3u>
  Reference Count: 2
  Modified Time: 1612
  Debug: Off
  Object Name: 
  Observers: 
    none
  Source: (none)
  Source output name: (none)
  Release Data: Off
  Data Released: False
  Global Release Data: Off
  PipelineMTime: 0
  UpdateMTime: 1609
  RealTimeStamp: 0 seconds 
  LargestPossibleRegion: 
    Dimension: 3
    Index: [0, 0, 0]
    Size: [256, 256, 291]
  BufferedRegion: 
    Dimension: 3
    Index: [0, 0, 0]
    Size: [256, 256, 291]
  RequestedRegion: 
    Dimension: 3
    Index: [0, 0, 0]
    Size: [256, 256, 291]
  Spacing: [1, 1, 1]
  Origin: [0, 290, 0]
  Direction: 
1 0 0
0 -0 -1
0 -1 -0

  IndexToPointMatrix: 
1 0 0
0 0 -1
0 -1 0

  PointToIndexMatrix: 
1 0 0
0 0 -1
0 -1 0

  Inverse Direction: 
1 0 0
0 0 -1
0 -1 0

  PixelContainer: 
    ImportImageContainer (0x39e32b0)
      RTTI typeinfo:   itk::ImportImageContainer<unsigned long, float>
      Reference Count: 1
      Modified Time: 1606
      Debug: Off
      Object Name: 
      Observers: 
        none
      Pointer: 0x7f9c2175a010
      Container manages memory: true
      Size: 19070976
      Capacity: 19070976

     Weighting = 1
     Sampling strategy = regular
     Number of bins = 32
     Radius = 4
     Sampling percentage  = 0.25
   Transform = Rigid
     Gradient step = 0.1
     Update field sigma (voxel space) = 0
     Total field sigma (voxel space) = 0
     Update field time sigma = 0
     Total field time sigma  = 0
     Number of time indices = 0
     Number of time point samples = 0
Stage 2 State
   Image metric = Mattes
     Fixed image = Image (0x39eb6c0)
  RTTI typeinfo:   itk::Image<float, 3u>
  Reference Count: 2
  Modified Time: 1987
  Debug: Off
  Object Name: 
  Observers: 
    none
  Source: (none)
  Source output name: (none)
  Release Data: Off
  Data Released: False
  Global Release Data: Off
  PipelineMTime: 0
  UpdateMTime: 1798
  RealTimeStamp: 0 seconds 
  LargestPossibleRegion: 
    Dimension: 3
    Index: [0, 0, 0]
    Size: [216, 256, 291]
  BufferedRegion: 
    Dimension: 3
    Index: [0, 0, 0]
    Size: [216, 256, 291]
  RequestedRegion: 
    Dimension: 3
    Index: [0, 0, 0]
    Size: [216, 256, 291]
  Spacing: [1, 1, 1]
  Origin: [0, 293, 0]
  Direction: 
1 0 0
0 -0 -1
0 -1 -0

  IndexToPointMatrix: 
1 0 0
0 0 -1
0 -1 0

  PointToIndexMatrix: 
1 0 0
0 0 -1
0 -1 0

  Inverse Direction: 
1 0 0
0 0 -1
0 -1 0

  PixelContainer: 
    ImportImageContainer (0x39ebf60)
      RTTI typeinfo:   itk::ImportImageContainer<unsigned long, float>
      Reference Count: 1
      Modified Time: 1795
      Debug: Off
      Object Name: 
      Observers: 
        none
      Pointer: 0x7f9c1d9f7010
      Container manages memory: true
      Size: 16091136
      Capacity: 16091136

     Moving image = Image (0x39eba50)
  RTTI typeinfo:   itk::Image<float, 3u>
  Reference Count: 2
  Modified Time: 1988
  Debug: Off
  Object Name: 
  Observers: 
    none
  Source: (none)
  Source output name: (none)
  Release Data: Off
  Data Released: False
  Global Release Data: Off
  PipelineMTime: 0
  UpdateMTime: 1985
  RealTimeStamp: 0 seconds 
  LargestPossibleRegion: 
    Dimension: 3
    Index: [0, 0, 0]
    Size: [256, 256, 291]
  BufferedRegion: 
    Dimension: 3
    Index: [0, 0, 0]
    Size: [256, 256, 291]
  RequestedRegion: 
    Dimension: 3
    Index: [0, 0, 0]
    Size: [256, 256, 291]
  Spacing: [1, 1, 1]
  Origin: [0, 290, 0]
  Direction: 
1 0 0
0 -0 -1
0 -1 -0

  IndexToPointMatrix: 
1 0 0
0 0 -1
0 -1 0

  PointToIndexMatrix: 
1 0 0
0 0 -1
0 -1 0

  Inverse Direction: 
1 0 0
0 0 -1
0 -1 0

  PixelContainer: 
    ImportImageContainer (0x39ec950)
      RTTI typeinfo:   itk::ImportImageContainer<unsigned long, float>
      Reference Count: 1
      Modified Time: 1982
      Debug: Off
      Object Name: 
      Observers: 
        none
      Pointer: 0x7f9c19136010
      Container manages memory: true
      Size: 19070976
      Capacity: 19070976

     Weighting = 1
     Sampling strategy = regular
     Number of bins = 32
     Radius = 4
     Sampling percentage  = 0.25
   Transform = Affine
     Gradient step = 0.1
     Update field sigma (voxel space) = 0
     Total field sigma (voxel space) = 0
     Update field time sigma = 0
     Total field time sigma  = 0
     Number of time indices = 0
     Number of time point samples = 0
Stage 3 State
   Image metric = Mattes
     Fixed image = Image (0x39f27b0)
  RTTI typeinfo:   itk::Image<float, 3u>
  Reference Count: 2
  Modified Time: 2363
  Debug: Off
  Object Name: 
  Observers: 
    none
  Source: (none)
  Source output name: (none)
  Release Data: Off
  Data Released: False
  Global Release Data: Off
  PipelineMTime: 0
  UpdateMTime: 2174
  RealTimeStamp: 0 seconds 
  LargestPossibleRegion: 
    Dimension: 3
    Index: [0, 0, 0]
    Size: [216, 256, 291]
  BufferedRegion: 
    Dimension: 3
    Index: [0, 0, 0]
    Size: [216, 256, 291]
  RequestedRegion: 
    Dimension: 3
    Index: [0, 0, 0]
    Size: [216, 256, 291]
  Spacing: [1, 1, 1]
  Origin: [0, 293, 0]
  Direction: 
1 0 0
0 -0 -1
0 -1 -0

  IndexToPointMatrix: 
1 0 0
0 0 -1
0 -1 0

  PointToIndexMatrix: 
1 0 0
0 0 -1
0 -1 0

  Inverse Direction: 
1 0 0
0 0 -1
0 -1 0

  PixelContainer: 
    ImportImageContainer (0x39f2a40)
      RTTI typeinfo:   itk::ImportImageContainer<unsigned long, float>
      Reference Count: 1
      Modified Time: 2171
      Debug: Off
      Object Name: 
      Observers: 
        none
      Pointer: 0x7f9c153d3010
      Container manages memory: true
      Size: 16091136
      Capacity: 16091136

     Moving image = Image (0x39f51b0)
  RTTI typeinfo:   itk::Image<float, 3u>
  Reference Count: 2
  Modified Time: 2364
  Debug: Off
  Object Name: 
  Observers: 
    none
  Source: (none)
  Source output name: (none)
  Release Data: Off
  Data Released: False
  Global Release Data: Off
  PipelineMTime: 0
  UpdateMTime: 2361
  RealTimeStamp: 0 seconds 
  LargestPossibleRegion: 
    Dimension: 3
    Index: [0, 0, 0]
    Size: [256, 256, 291]
  BufferedRegion: 
    Dimension: 3
    Index: [0, 0, 0]
    Size: [256, 256, 291]
  RequestedRegion: 
    Dimension: 3
    Index: [0, 0, 0]
    Size: [256, 256, 291]
  Spacing: [1, 1, 1]
  Origin: [0, 290, 0]
  Direction: 
1 0 0
0 -0 -1
0 -1 -0

  IndexToPointMatrix: 
1 0 0
0 0 -1
0 -1 0

  PointToIndexMatrix: 
1 0 0
0 0 -1
0 -1 0

  Inverse Direction: 
1 0 0
0 0 -1
0 -1 0

  PixelContainer: 
    ImportImageContainer (0x39f2aa0)
      RTTI typeinfo:   itk::ImportImageContainer<unsigned long, float>
      Reference Count: 1
      Modified Time: 2358
      Debug: Off
      Object Name: 
      Observers: 
        none
      Pointer: 0x7f9c10b12010
      Container manages memory: true
      Size: 19070976
      Capacity: 19070976

     Weighting = 1
     Sampling strategy = none
     Number of bins = 32
     Radius = 4
     Sampling percentage  = 1
   Transform = SyN
     Gradient step = 0.1
     Update field sigma (voxel space) = 3
     Total field sigma (voxel space) = 0
     Update field time sigma = 0
     Total field time sigma  = 0
     Number of time indices = 0
     Number of time point samples = 0
Registration using 3 total stages.

Stage 0
  iterations = 1000x500x250x0
  convergence threshold = 1e-06
  convergence window size = 10
  number of levels = 4
  using the Mattes MI metric (number of bins = 32, weight = 1)
  preprocessing:  winsorizing the image intensities
  Shrink factors (level 1 out of 4): [12, 12, 12]
  Shrink factors (level 2 out of 4): [8, 8, 8]
  Shrink factors (level 3 out of 4): [4, 4, 4]
  Shrink factors (level 4 out of 4): [2, 2, 2]
  smoothing sigmas per level: [4, 3, 2, 1]
  regular sampling (percentage = 0.25)

*** Running Euler3DTransform registration ***

DIAGNOSTIC,Iteration,metricValue,convergenceValue,ITERATION_TIME_INDEX,SINCE_LAST
 2DIAGNOSTIC,     1, -4.137306511402e-01, inf, 1.7677e+01, 1.7677e+01, 
 2DIAGNOSTIC,     2, -4.150821864605e-01, inf, 1.7688e+01, 1.0730e-02, 
 2DIAGNOSTIC,     3, -4.172638654709e-01, inf, 1.7698e+01, 1.0556e-02, 
 2DIAGNOSTIC,     4, -4.188111722469e-01, inf, 1.7709e+01, 1.0635e-02, 
 2DIAGNOSTIC,     5, -4.192727506161e-01, inf, 1.7720e+01, 1.0517e-02, 
 2DIAGNOSTIC,     6, -4.194890558720e-01, inf, 1.7732e+01, 1.2094e-02, 
 2DIAGNOSTIC,     7, -4.197277128696e-01, inf, 1.7742e+01, 1.0595e-02, 
 2DIAGNOSTIC,     8, -4.199022948742e-01, inf, 1.7758e+01, 1.5345e-02, 
 2DIAGNOSTIC,     9, -4.200096428394e-01, inf, 1.7768e+01, 1.0393e-02, 
 2DIAGNOSTIC,    10, -4.203177988529e-01, 9.004505700432e-04, 1.7779e+01, 1.1109e-02, 
 2DIAGNOSTIC,    11, -4.210519790649e-01, 6.085401983000e-04, 1.7792e+01, 1.2684e-02, 
 2DIAGNOSTIC,    12, -4.216268360615e-01, 4.169088206254e-04, 1.7808e+01, 1.6247e-02, 
 2DIAGNOSTIC,    13, -4.216704368591e-01, 3.314462373964e-04, 1.7821e+01, 1.2815e-02, 
 2DIAGNOSTIC,    14, -4.224334359169e-01, 3.405675233807e-04, 1.7836e+01, 1.4809e-02, 
 2DIAGNOSTIC,    15, -4.227425158024e-01, 3.514466516208e-04, 1.7847e+01, 1.1093e-02, 
 2DIAGNOSTIC,    16, -4.244651794434e-01, 4.101399099454e-04, 1.7858e+01, 1.0911e-02, 
 2DIAGNOSTIC,    17, -4.264744818211e-01, 5.118478438817e-04, 1.7870e+01, 1.2495e-02, 
 2DIAGNOSTIC,    18, -4.266147613525e-01, 5.659024463966e-04, 1.7881e+01, 1.0868e-02, 
 2DIAGNOSTIC,    19, -4.264005124569e-01, 5.597153212875e-04, 1.7892e+01, 1.0879e-02, 
 2DIAGNOSTIC,    20, -4.264442324638e-01, 5.146287148818e-04, 1.7903e+01, 1.0896e-02, 
 2DIAGNOSTIC,    21, -4.263223707676e-01, 4.444187507033e-04, 1.7914e+01, 1.0871e-02, 
 2DIAGNOSTIC,    22, -4.263447225094e-01, 3.567902022041e-04, 1.7929e+01, 1.5743e-02, 
 2DIAGNOSTIC,    23, -4.263572692871e-01, 2.452612388879e-04, 1.7940e+01, 1.0867e-02, 
 2DIAGNOSTIC,    24, -4.263776242733e-01, 1.435294980183e-04, 1.7953e+01, 1.2466e-02, 
 2DIAGNOSTIC,    25, -4.263837039471e-01, 4.455199086806e-05, 1.7965e+01, 1.2460e-02, 
DIAGNOSTIC,Iteration,metricValue,convergenceValue,ITERATION_TIME_INDEX,SINCE_LAST
 2DIAGNOSTIC,     1, -3.745565414429e-01, inf, 3.1512e+01, 1.3547e+01, 
 2DIAGNOSTIC,     2, -3.753811120987e-01, inf, 3.1566e+01, 5.4380e-02, 
 2DIAGNOSTIC,     3, -3.759118616581e-01, inf, 3.1621e+01, 5.4329e-02, 
 2DIAGNOSTIC,     4, -3.761167228222e-01, inf, 3.1685e+01, 6.4318e-02, 
 2DIAGNOSTIC,     5, -3.762044608593e-01, inf, 3.1749e+01, 6.4233e-02, 
 2DIAGNOSTIC,     6, -3.761636614799e-01, inf, 3.1804e+01, 5.4296e-02, 
 2DIAGNOSTIC,     7, -3.762045502663e-01, inf, 3.1868e+01, 6.4305e-02, 
 2DIAGNOSTIC,     8, -3.762373030186e-01, inf, 3.1932e+01, 6.4200e-02, 
 2DIAGNOSTIC,     9, -3.762568533421e-01, inf, 3.1996e+01, 6.4205e-02, 
 2DIAGNOSTIC,    10, -3.762415051460e-01, 2.082724386128e-04, 3.2051e+01, 5.4903e-02, 
 2DIAGNOSTIC,    11, -3.762960731983e-01, 9.384272561874e-05, 3.2106e+01, 5.4937e-02, 
 2DIAGNOSTIC,    12, -3.764123320580e-01, 4.876443199464e-05, 3.2161e+01, 5.4793e-02, 
 2DIAGNOSTIC,    13, -3.765569925308e-01, 4.519801223068e-05, 3.2226e+01, 6.4792e-02, 
 2DIAGNOSTIC,    14, -3.765924870968e-01, 5.098589826957e-05, 3.2281e+01, 5.4992e-02, 
 2DIAGNOSTIC,    15, -3.766996264458e-01, 6.161205237731e-05, 3.2346e+01, 6.4891e-02, 
 2DIAGNOSTIC,    16, -3.767954707146e-01, 6.795517401770e-05, 3.2421e+01, 7.5099e-02, 
 2DIAGNOSTIC,    17, -3.768729567528e-01, 7.253659714479e-05, 3.2516e+01, 9.4945e-02, 
 2DIAGNOSTIC,    18, -3.768419623375e-01, 7.006350642769e-05, 3.2581e+01, 6.4890e-02, 
 2DIAGNOSTIC,    19, -3.769123554230e-01, 6.528996891575e-05, 3.2645e+01, 6.4911e-02, 
 2DIAGNOSTIC,    20, -3.769319951534e-01, 5.519933620235e-05, 3.2700e+01, 5.4826e-02, 
 2DIAGNOSTIC,    21, -3.769383132458e-01, 4.313997851568e-05, 3.2775e+01, 7.4786e-02, 
 2DIAGNOSTIC,    22, -3.769489228725e-01, 3.256759009673e-05, 3.2830e+01, 5.4897e-02, 
 2DIAGNOSTIC,    23, -3.768908679485e-01, 2.291022792633e-05, 3.2885e+01, 5.4852e-02, 
 2DIAGNOSTIC,    24, -3.769094049931e-01, 1.374376188323e-05, 3.2940e+01, 5.4804e-02, 
 2DIAGNOSTIC,    25, -3.769378364086e-01, 8.119216545310e-06, 3.3004e+01, 6.4820e-02, 
 2DIAGNOSTIC,    26, -3.769787847996e-01, 6.163088528410e-06, 3.3059e+01, 5.4833e-02, 
 2DIAGNOSTIC,    27, -3.769902884960e-01, 6.418391876650e-06, 3.3124e+01, 6.4889e-02, 
 2DIAGNOSTIC,    28, -3.769122660160e-01, 3.217397306798e-06, 3.3209e+01, 8.4787e-02, 
 2DIAGNOSTIC,    29, -3.769428133965e-01, 2.734042936936e-06, 3.3274e+01, 6.4843e-02, 
 2DIAGNOSTIC,    30, -3.769179582596e-01, 1.913309461088e-06, 3.3339e+01, 6.4854e-02, 
DIAGNOSTIC,Iteration,metricValue,convergenceValue,ITERATION_TIME_INDEX,SINCE_LAST
 2DIAGNOSTIC,     1, -3.185479640961e-01, inf, 4.2103e+01, 8.7639e+00, 
 2DIAGNOSTIC,     2, -3.187659382820e-01, inf, 4.2531e+01, 4.2824e-01, 
 2DIAGNOSTIC,     3, -3.190942704678e-01, inf, 4.2959e+01, 4.2874e-01, 
 2DIAGNOSTIC,     4, -3.192916214466e-01, inf, 4.3388e+01, 4.2862e-01, 
 2DIAGNOSTIC,     5, -3.194598555565e-01, inf, 4.3900e+01, 5.1204e-01, 
 2DIAGNOSTIC,     6, -3.195861577988e-01, inf, 4.4329e+01, 4.2881e-01, 
 2DIAGNOSTIC,     7, -3.199719786644e-01, inf, 4.4842e+01, 5.1261e-01, 
 2DIAGNOSTIC,     8, -3.206809163094e-01, inf, 4.5773e+01, 9.3118e-01, 
 2DIAGNOSTIC,     9, -3.207603693008e-01, inf, 4.6202e+01, 4.2925e-01, 
 2DIAGNOSTIC,    10, -3.209888339043e-01, 5.041703116149e-04, 4.6632e+01, 4.2962e-01, 
 2DIAGNOSTIC,    11, -3.211448192596e-01, 4.632593190763e-04, 4.7145e+01, 5.1316e-01, 
 2DIAGNOSTIC,    12, -3.211907744408e-01, 4.063978267368e-04, 4.7575e+01, 4.3007e-01, 
 2DIAGNOSTIC,    13, -3.212120532990e-01, 3.450013464317e-04, 4.8172e+01, 5.9673e-01, 
 2DIAGNOSTIC,    14, -3.212152719498e-01, 2.740576455835e-04, 4.8685e+01, 5.1330e-01, 
 2DIAGNOSTIC,    15, -3.212095797062e-01, 1.979335938813e-04, 4.9115e+01, 4.2978e-01, 
 2DIAGNOSTIC,    16, -3.212208747864e-01, 1.207914829138e-04, 4.9545e+01, 4.3023e-01, 
 2DIAGNOSTIC,    17, -3.212454915047e-01, 6.232673331397e-05, 4.9975e+01, 4.2976e-01, 
 2DIAGNOSTIC,    18, -3.212609291077e-01, 4.058125341544e-05, 5.0404e+01, 4.2982e-01, 
 2DIAGNOSTIC,    19, -3.212776780128e-01, 2.183926517318e-05, 5.0835e+01, 4.3068e-01, 
 2DIAGNOSTIC,    20, -3.212735056877e-01, 1.289698866458e-05, 5.1432e+01, 5.9659e-01, 
 2DIAGNOSTIC,    21, -3.213053941727e-01, 1.165920275525e-05, 5.2280e+01, 8.4840e-01, 
 2DIAGNOSTIC,    22, -3.213010132313e-01, 1.118768886954e-05, 5.2793e+01, 5.1316e-01, 
 2DIAGNOSTIC,    23, -3.213001191616e-01, 1.063383660949e-05, 5.3223e+01, 4.2974e-01, 
 2DIAGNOSTIC,    24, -3.212969601154e-01, 9.293743460148e-06, 5.3736e+01, 5.1311e-01, 
 2DIAGNOSTIC,    25, -3.212974965572e-01, 7.134616225812e-06, 5.4249e+01, 5.1311e-01, 
 2DIAGNOSTIC,    26, -3.213012218475e-01, 5.074904493085e-06, 5.4763e+01, 5.1348e-01, 
 2DIAGNOSTIC,    27, -3.213016092777e-01, 3.609768782553e-06, 5.5359e+01, 5.9638e-01, 
 2DIAGNOSTIC,    28, -3.213013410568e-01, 2.502851884856e-06, 5.5873e+01, 5.1377e-01, 
 2DIAGNOSTIC,    29, -3.213005363941e-01, 1.847862677096e-06, 5.6387e+01, 5.1396e-01, 
 2DIAGNOSTIC,    30, -3.213016092777e-01, 1.045684598466e-06, 5.6901e+01, 5.1394e-01, 
 2DIAGNOSTIC,    31, -3.213015496731e-01, 1.205274315907e-06, 5.7414e+01, 5.1302e-01, 
 2DIAGNOSTIC,    32, -3.213012814522e-01, 1.208737444358e-06, 5.7927e+01, 5.1348e-01, 
 2DIAGNOSTIC,    33, -3.213012814522e-01, 1.172835823127e-06, 5.8441e+01, 5.1328e-01, 
 2DIAGNOSTIC,    34, -3.213013112545e-01, 1.038924665409e-06, 5.9038e+01, 5.9704e-01, 
DIAGNOSTIC,Iteration,metricValue,convergenceValue,ITERATION_TIME_INDEX,SINCE_LAST
 2DIAGNOSTIC,     1, -2.792983353138e-01, inf, 6.7455e+01, 8.4171e+00, 
  Elapsed time (stage 0): 6.9241e+01


Stage 1
  iterations = 1000x500x250x0
  convergence threshold = 1.0000e-06
  convergence window size = 10
  number of levels = 4
  using the Mattes MI metric (number of bins = 32, weight = 1.0000e+00)
  preprocessing:  winsorizing the image intensities
  Shrink factors (level 1 out of 4): [12, 12, 12]
  Shrink factors (level 2 out of 4): [8, 8, 8]
  Shrink factors (level 3 out of 4): [4, 4, 4]
  Shrink factors (level 4 out of 4): [2, 2, 2]
  smoothing sigmas per level: [4, 3, 2, 1]
  regular sampling (percentage = 2.5000e-01)

*** Running AffineTransform registration ***

DIAGNOSTIC,Iteration,metricValue,convergenceValue,ITERATION_TIME_INDEX,SINCE_LAST
 2DIAGNOSTIC,     1, -4.333778023720e-01, inf, 1.7748e+01, 1.7748e+01, 
 2DIAGNOSTIC,     2, -4.347279965878e-01, inf, 1.7763e+01, 1.4647e-02, 
 2DIAGNOSTIC,     3, -4.370159506798e-01, inf, 1.7777e+01, 1.4299e-02, 
 2DIAGNOSTIC,     4, -4.408383071423e-01, inf, 1.7792e+01, 1.4329e-02, 
 2DIAGNOSTIC,     5, -4.466446042061e-01, inf, 1.7806e+01, 1.4304e-02, 
 2DIAGNOSTIC,     6, -4.542600214481e-01, inf, 1.7821e+01, 1.4733e-02, 
 2DIAGNOSTIC,     7, -4.770463705063e-01, inf, 1.7839e+01, 1.8004e-02, 
 2DIAGNOSTIC,     8, -5.119793415070e-01, inf, 1.7856e+01, 1.6876e-02, 
 2DIAGNOSTIC,     9, -5.185006260872e-01, inf, 1.7872e+01, 1.6431e-02, 
 2DIAGNOSTIC,    10, -5.244426727295e-01, 1.428075321019e-02, 1.7889e+01, 1.7072e-02, 
 2DIAGNOSTIC,    11, -5.282132625580e-01, 1.412077061832e-02, 1.7908e+01, 1.9120e-02, 
 2DIAGNOSTIC,    12, -5.330969095230e-01, 1.301455870271e-02, 1.7925e+01, 1.6932e-02, 
 2DIAGNOSTIC,    13, -5.350117087364e-01, 1.109106186777e-02, 1.7940e+01, 1.5140e-02, 
 2DIAGNOSTIC,    14, -5.355045199394e-01, 8.653962984681e-03, 1.7956e+01, 1.5119e-02, 
 2DIAGNOSTIC,    15, -5.360839962959e-01, 6.056467071176e-03, 1.7974e+01, 1.8474e-02, 
 2DIAGNOSTIC,    16, -5.361883640289e-01, 3.531074151397e-03, 1.7992e+01, 1.8366e-02, 
 2DIAGNOSTIC,    17, -5.362274050713e-01, 1.743686269037e-03, 1.8007e+01, 1.4972e-02, 
 2DIAGNOSTIC,    18, -5.364141464233e-01, 1.121659763157e-03, 1.8024e+01, 1.6692e-02, 
 2DIAGNOSTIC,    19, -5.366379022598e-01, 6.665621767752e-04, 1.8041e+01, 1.6681e-02, 
 2DIAGNOSTIC,    20, -5.366955399513e-01, 3.676976193674e-04, 1.8055e+01, 1.4649e-02, 
 2DIAGNOSTIC,    21, -5.367637276649e-01, 1.655443338677e-04, 1.8072e+01, 1.6665e-02, 
 2DIAGNOSTIC,    22, -5.369324088097e-01, 9.601547208149e-05, 1.8094e+01, 2.1943e-02, 
 2DIAGNOSTIC,    23, -5.369940996170e-01, 7.203838322312e-05, 1.8109e+01, 1.5119e-02, 
 2DIAGNOSTIC,    24, -5.370796322823e-01, 5.665504068020e-05, 1.8124e+01, 1.4918e-02, 
 2DIAGNOSTIC,    25, -5.371159315109e-01, 5.114922896610e-05, 1.8139e+01, 1.4833e-02, 
 2DIAGNOSTIC,    26, -5.371469259262e-01, 4.439967233338e-05, 1.8154e+01, 1.4870e-02, 
 2DIAGNOSTIC,    27, -5.371791720390e-01, 3.550811015884e-05, 1.8176e+01, 2.1856e-02, 
 2DIAGNOSTIC,    28, -5.371843576431e-01, 2.773460255412e-05, 1.8190e+01, 1.4803e-02, 
 2DIAGNOSTIC,    29, -5.371884107590e-01, 2.239330933662e-05, 1.8205e+01, 1.4903e-02, 
 2DIAGNOSTIC,    30, -5.371977686882e-01, 1.666496427788e-05, 1.8220e+01, 1.4874e-02, 
 2DIAGNOSTIC,    31, -5.372078418732e-01, 1.118374257203e-05, 1.8237e+01, 1.6673e-02, 
 2DIAGNOSTIC,    32, -5.372194647789e-01, 8.197642273444e-06, 1.8257e+01, 2.0096e-02, 
 2DIAGNOSTIC,    33, -5.372245311737e-01, 5.807242359879e-06, 1.8272e+01, 1.4923e-02, 
 2DIAGNOSTIC,    34, -5.372297167778e-01, 4.575337698043e-06, 1.8287e+01, 1.4911e-02, 
 2DIAGNOSTIC,    35, -5.372384786606e-01, 3.774667447942e-06, 1.8307e+01, 2.0092e-02, 
 2DIAGNOSTIC,    36, -5.372409820557e-01, 3.245039579269e-06, 1.8322e+01, 1.4863e-02, 
 2DIAGNOSTIC,    37, -5.372438430786e-01, 3.043381639145e-06, 1.8337e+01, 1.4930e-02, 
 2DIAGNOSTIC,    38, -5.372491478920e-01, 2.800869197017e-06, 1.8351e+01, 1.4833e-02, 
 2DIAGNOSTIC,    39, -5.372563004494e-01, 2.542104084569e-06, 1.8366e+01, 1.4869e-02, 
 2DIAGNOSTIC,    40, -5.372682809830e-01, 2.422318857498e-06, 1.8388e+01, 2.1709e-02, 
 2DIAGNOSTIC,    41, -5.372697710991e-01, 2.304362169525e-06, 1.8403e+01, 1.4668e-02, 
 2DIAGNOSTIC,    42, -5.372725129128e-01, 2.238353999928e-06, 1.8418e+01, 1.4960e-02, 
 2DIAGNOSTIC,    43, -5.372773408890e-01, 2.162203600165e-06, 1.8433e+01, 1.4880e-02, 
 2DIAGNOSTIC,    44, -5.372825264931e-01, 2.079145133393e-06, 1.8449e+01, 1.6686e-02, 
 2DIAGNOSTIC,    45, -5.372890233994e-01, 2.054508513538e-06, 1.8473e+01, 2.3393e-02, 
 2DIAGNOSTIC,    46, -5.372909903526e-01, 1.956812866410e-06, 1.8489e+01, 1.6467e-02, 
 2DIAGNOSTIC,    47, -5.372912287712e-01, 1.782155322871e-06, 1.8504e+01, 1.4825e-02, 
 2DIAGNOSTIC,    48, -5.372912287712e-01, 1.570937342876e-06, 1.8520e+01, 1.6501e-02, 
 2DIAGNOSTIC,    49, -5.372924208641e-01, 1.371869643663e-06, 1.8537e+01, 1.6459e-02, 
 2DIAGNOSTIC,    50, -5.372932553291e-01, 1.251739604413e-06, 1.8553e+01, 1.6444e-02, 
 2DIAGNOSTIC,    51, -5.372942090034e-01, 1.105118371925e-06, 1.8572e+01, 1.8340e-02, 
DIAGNOSTIC,Iteration,metricValue,convergenceValue,ITERATION_TIME_INDEX,SINCE_LAST
 2DIAGNOSTIC,     1, -4.578279554844e-01, inf, 3.2214e+01, 1.3643e+01, 
 2DIAGNOSTIC,     2, -4.582759439945e-01, inf, 3.2282e+01, 6.7582e-02, 
 2DIAGNOSTIC,     3, -4.586075842381e-01, inf, 3.2349e+01, 6.7603e-02, 
 2DIAGNOSTIC,     4, -4.589052796364e-01, inf, 3.2416e+01, 6.7016e-02, 
 2DIAGNOSTIC,     5, -4.591936767101e-01, inf, 3.2484e+01, 6.7610e-02, 
 2DIAGNOSTIC,     6, -4.594268798828e-01, inf, 3.2582e+01, 9.8406e-02, 
 2DIAGNOSTIC,     7, -4.594708681107e-01, inf, 3.2650e+01, 6.7770e-02, 
 2DIAGNOSTIC,     8, -4.595219790936e-01, inf, 3.2728e+01, 7.7440e-02, 
 2DIAGNOSTIC,     9, -4.595533013344e-01, inf, 3.2837e+01, 1.0940e-01, 
 2DIAGNOSTIC,    10, -4.595580101013e-01, 2.378727658652e-04, 3.2905e+01, 6.7549e-02, 
 2DIAGNOSTIC,    11, -4.595945775509e-01, 1.584761776030e-04, 3.2972e+01, 6.7168e-02, 
 2DIAGNOSTIC,    12, -4.596149027348e-01, 1.023537843139e-04, 3.3039e+01, 6.7344e-02, 
 2DIAGNOSTIC,    13, -4.596328735352e-01, 6.240115180844e-05, 3.3106e+01, 6.7198e-02, 
 2DIAGNOSTIC,    14, -4.596580266953e-01, 3.676120832097e-05, 3.3174e+01, 6.8092e-02, 
 2DIAGNOSTIC,    15, -4.596851170063e-01, 2.417071664240e-05, 3.3274e+01, 9.9830e-02, 
 2DIAGNOSTIC,    16, -4.597016572952e-01, 2.075352313113e-05, 3.3343e+01, 6.8397e-02, 
 2DIAGNOSTIC,    17, -4.597187638283e-01, 1.818802047637e-05, 3.3422e+01, 7.8944e-02, 
 2DIAGNOSTIC,    18, -4.597294926643e-01, 1.650694684940e-05, 3.3501e+01, 7.8966e-02, 
 2DIAGNOSTIC,    19, -4.597337543964e-01, 1.480300488765e-05, 3.3569e+01, 6.8145e-02, 
 2DIAGNOSTIC,    20, -4.598253667355e-01, 1.500335019955e-05, 3.3648e+01, 7.8869e-02, 
 2DIAGNOSTIC,    21, -4.598392248154e-01, 1.533848262625e-05, 3.3726e+01, 7.8873e-02, 
 2DIAGNOSTIC,    22, -4.598410725594e-01, 1.499340214650e-05, 3.3795e+01, 6.8306e-02, 
 2DIAGNOSTIC,    23, -4.598694443703e-01, 1.469022390665e-05, 3.3864e+01, 6.8812e-02, 
 2DIAGNOSTIC,    24, -4.598798751831e-01, 1.404823888151e-05, 3.3942e+01, 7.8917e-02, 
 2DIAGNOSTIC,    25, -4.598903357983e-01, 1.315180907113e-05, 3.4042e+01, 9.9700e-02, 
 2DIAGNOSTIC,    26, -4.598929286003e-01, 1.164843797596e-05, 3.4111e+01, 6.8895e-02, 
 2DIAGNOSTIC,    27, -4.598949551582e-01, 9.742096153786e-06, 3.4179e+01, 6.8253e-02, 
 2DIAGNOSTIC,    28, -4.599001407623e-01, 7.534206815762e-06, 3.4248e+01, 6.8803e-02, 
 2DIAGNOSTIC,    29, -4.599073529243e-01, 5.058822807769e-06, 3.4327e+01, 7.8602e-02, 
 2DIAGNOSTIC,    30, -4.599158167839e-01, 4.432090008777e-06, 3.4426e+01, 9.8897e-02, 
 2DIAGNOSTIC,    31, -4.599201679230e-01, 3.895959252986e-06, 3.4493e+01, 6.7492e-02, 
 2DIAGNOSTIC,    32, -4.599235951900e-01, 3.214061962353e-06, 3.4571e+01, 7.7971e-02, 
 2DIAGNOSTIC,    33, -4.599282443523e-01, 2.978836619150e-06, 3.4650e+01, 7.8782e-02, 
 2DIAGNOSTIC,    34, -4.599303901196e-01, 2.787178345898e-06, 3.4728e+01, 7.8319e-02, 
 2DIAGNOSTIC,    35, -4.599329531193e-01, 2.658930725374e-06, 3.4806e+01, 7.7864e-02, 
 2DIAGNOSTIC,    36, -4.599359631538e-01, 2.468244701959e-06, 3.4884e+01, 7.8124e-02, 
 2DIAGNOSTIC,    37, -4.599379897118e-01, 2.204266365879e-06, 3.4963e+01, 7.8478e-02, 
 2DIAGNOSTIC,    38, -4.599401354790e-01, 1.943654524439e-06, 3.5051e+01, 8.8269e-02, 
 2DIAGNOSTIC,    39, -4.599418342113e-01, 1.729351083668e-06, 3.5129e+01, 7.8456e-02, 
 2DIAGNOSTIC,    40, -4.599448740482e-01, 1.615583983039e-06, 3.5218e+01, 8.8283e-02, 
 2DIAGNOSTIC,    41, -4.599461555481e-01, 1.512473886578e-06, 3.5296e+01, 7.8739e-02, 
 2DIAGNOSTIC,    42, -4.599464833736e-01, 1.397922687829e-06, 3.5364e+01, 6.7319e-02, 
 2DIAGNOSTIC,    43, -4.599484205246e-01, 1.322600837739e-06, 3.5431e+01, 6.7220e-02, 
 2DIAGNOSTIC,    44, -4.599509835243e-01, 1.260038175133e-06, 3.5509e+01, 7.7640e-02, 
 2DIAGNOSTIC,    45, -4.599537253380e-01, 1.219978230438e-06, 3.5597e+01, 8.8461e-02, 
 2DIAGNOSTIC,    46, -4.599549472332e-01, 1.188750047731e-06, 3.5675e+01, 7.8011e-02, 
 2DIAGNOSTIC,    47, -4.599569439888e-01, 1.164619106930e-06, 3.5764e+01, 8.8598e-02, 
 2DIAGNOSTIC,    48, -4.599587917328e-01, 1.145832015936e-06, 3.5831e+01, 6.7281e-02, 
 2DIAGNOSTIC,    49, -4.599604010582e-01, 1.121578634411e-06, 3.5898e+01, 6.7303e-02, 
 2DIAGNOSTIC,    50, -4.599626660347e-01, 1.117987949328e-06, 3.5966e+01, 6.7324e-02, 
 2DIAGNOSTIC,    51, -4.599656164646e-01, 1.119695639318e-06, 3.6043e+01, 7.7638e-02, 
 2DIAGNOSTIC,    52, -4.599704742432e-01, 1.134775288847e-06, 3.6163e+01, 1.1956e-01, 
 2DIAGNOSTIC,    53, -4.599719047546e-01, 1.136868149842e-06, 3.6241e+01, 7.7827e-02, 
 2DIAGNOSTIC,    54, -4.599709510803e-01, 1.105722958528e-06, 3.6319e+01, 7.8166e-02, 
 2DIAGNOSTIC,    55, -4.599724709988e-01, 1.075010800378e-06, 3.6396e+01, 7.7681e-02, 
DIAGNOSTIC,Iteration,metricValue,convergenceValue,ITERATION_TIME_INDEX,SINCE_LAST
 2DIAGNOSTIC,     1, -3.846673369408e-01, inf, 4.5255e+01, 8.8588e+00, 
 2DIAGNOSTIC,     2, -3.850700557232e-01, inf, 4.5795e+01, 5.3947e-01, 
 2DIAGNOSTIC,     3, -3.853996694088e-01, inf, 4.6333e+01, 5.3822e-01, 
 2DIAGNOSTIC,     4, -3.856285512447e-01, inf, 4.6875e+01, 5.4211e-01, 
 2DIAGNOSTIC,     5, -3.858342170715e-01, inf, 4.7412e+01, 5.3687e-01, 
 2DIAGNOSTIC,     6, -3.860739767551e-01, inf, 4.7950e+01, 5.3840e-01, 
 2DIAGNOSTIC,     7, -3.862969577312e-01, inf, 4.8750e+01, 7.9943e-01, 
 2DIAGNOSTIC,     8, -3.863586187363e-01, inf, 4.9375e+01, 6.2518e-01, 
 2DIAGNOSTIC,     9, -3.864041268826e-01, inf, 5.0001e+01, 6.2617e-01, 
 2DIAGNOSTIC,    10, -3.865062594414e-01, 2.999933203682e-04, 5.0630e+01, 6.2873e-01, 
 2DIAGNOSTIC,    11, -3.866291642189e-01, 2.273236750625e-04, 5.1253e+01, 6.2331e-01, 
 2DIAGNOSTIC,    12, -3.866365551949e-01, 1.712328958092e-04, 5.1789e+01, 5.3559e-01, 
 2DIAGNOSTIC,    13, -3.866433203220e-01, 1.276578113902e-04, 5.2407e+01, 6.1878e-01, 
 2DIAGNOSTIC,    14, -3.866512775421e-01, 9.146034426522e-05, 5.2942e+01, 5.3499e-01, 
 2DIAGNOSTIC,    15, -3.866549432278e-01, 6.195457535796e-05, 5.3652e+01, 7.0909e-01, 
 2DIAGNOSTIC,    16, -3.866592049599e-01, 4.154607813689e-05, 5.4278e+01, 6.2689e-01, 
 2DIAGNOSTIC,    17, -3.866613805294e-01, 2.964324448840e-05, 5.4906e+01, 6.2714e-01, 
 2DIAGNOSTIC,    18, -3.866642713547e-01, 1.921247167047e-05, 5.5619e+01, 7.1320e-01, 
 2DIAGNOSTIC,    19, -3.866656422615e-01, 1.002271346806e-05, 5.6156e+01, 5.3677e-01, 
 2DIAGNOSTIC,    20, -3.866677880287e-01, 4.688830358646e-06, 5.6691e+01, 5.3538e-01, 
 2DIAGNOSTIC,    21, -3.866703808308e-01, 3.968997134507e-06, 5.7313e+01, 6.2240e-01, 
 2DIAGNOSTIC,    22, -3.866724669933e-01, 3.398354010642e-06, 5.8022e+01, 7.0887e-01, 
 2DIAGNOSTIC,    23, -3.866731226444e-01, 2.926788283730e-06, 5.8563e+01, 5.4097e-01, 
 2DIAGNOSTIC,    24, -3.866745829582e-01, 2.638305431901e-06, 5.9276e+01, 7.1251e-01, 
 2DIAGNOSTIC,    25, -3.866755962372e-01, 2.384508889008e-06, 5.9991e+01, 7.1507e-01, 
 2DIAGNOSTIC,    26, -3.866760432720e-01, 2.177142278015e-06, 6.0616e+01, 6.2482e-01, 
 2DIAGNOSTIC,    27, -3.866758346558e-01, 1.947499413291e-06, 6.1239e+01, 6.2351e-01, 
 2DIAGNOSTIC,    28, -3.866764605045e-01, 1.755037942530e-06, 6.1861e+01, 6.2193e-01, 
 2DIAGNOSTIC,    29, -3.866765499115e-01, 1.553510628582e-06, 6.2398e+01, 5.3663e-01, 
 2DIAGNOSTIC,    30, -3.866770863533e-01, 1.386599251418e-06, 6.3025e+01, 6.2726e-01, 
 2DIAGNOSTIC,    31, -3.866785168648e-01, 1.294103299188e-06, 6.3648e+01, 6.2349e-01, 
 2DIAGNOSTIC,    32, -3.866789937019e-01, 1.240564415639e-06, 6.4189e+01, 5.4030e-01, 
 2DIAGNOSTIC,    33, -3.866794109344e-01, 1.190422494801e-06, 6.4817e+01, 6.2822e-01, 
 2DIAGNOSTIC,    34, -3.866803944111e-01, 1.174315229946e-06, 6.5443e+01, 6.2565e-01, 
 2DIAGNOSTIC,    35, -3.866809308529e-01, 1.168329959000e-06, 6.6239e+01, 7.9608e-01, 
 2DIAGNOSTIC,    36, -3.866806626320e-01, 1.141515440395e-06, 6.6949e+01, 7.1050e-01, 
 2DIAGNOSTIC,    37, -3.866807818413e-01, 1.090022919925e-06, 6.7660e+01, 7.1104e-01, 
 2DIAGNOSTIC,    38, -3.866807520390e-01, 1.031220904224e-06, 6.8285e+01, 6.2435e-01, 
DIAGNOSTIC,Iteration,metricValue,convergenceValue,ITERATION_TIME_INDEX,SINCE_LAST
 2DIAGNOSTIC,     1, -3.300361633301e-01, inf, 7.7621e+01, 9.3366e+00, 
  Elapsed time (stage 1): 7.9394e+01


Stage 2
  iterations = 100x100x70x50x0
  convergence threshold = 1.0000e-06
  convergence window size = 10
  number of levels = 5
  using the Mattes MI metric (number of bins = 32, weight = 1.0000e+00)
  preprocessing:  winsorizing the image intensities
  Shrink factors (level 1 out of 5): [10, 10, 10]
  Shrink factors (level 2 out of 5): [6, 6, 6]
  Shrink factors (level 3 out of 5): [4, 4, 4]
  Shrink factors (level 4 out of 5): [2, 2, 2]
  Shrink factors (level 5 out of 5): [1, 1, 1]
  smoothing sigmas per level: [5, 3, 2, 1, 0]
  Using default NONE metricSamplingStrategy 

*** Running SyN registration (varianceForUpdateField = 3.0000e+00, varianceForTotalField = 0.0000e+00) ***

XXDIAGNOSTIC,Iteration,metricValue,convergenceValue,ITERATION_TIME_INDEX,SINCE_LAST
 1DIAGNOSTIC,     1, -5.478706359863e-01, inf, 3.0959e+01, 3.0959e+01, 
 1DIAGNOSTIC,     2, -5.664619803429e-01, inf, 3.1108e+01, 1.4921e-01, 
 1DIAGNOSTIC,     3, -5.752125382423e-01, inf, 3.1261e+01, 1.5265e-01, 
 1DIAGNOSTIC,     4, -5.785607099533e-01, inf, 3.1407e+01, 1.4603e-01, 
 1DIAGNOSTIC,     5, -5.760251283646e-01, inf, 3.1553e+01, 1.4617e-01, 
 1DIAGNOSTIC,     6, -5.746974349022e-01, inf, 3.1699e+01, 1.4587e-01, 
 1DIAGNOSTIC,     7, -5.717697143555e-01, inf, 3.1845e+01, 1.4595e-01, 
 1DIAGNOSTIC,     8, -5.710723400116e-01, inf, 3.1991e+01, 1.4603e-01, 
 1DIAGNOSTIC,     9, -5.699082612991e-01, inf, 3.2138e+01, 1.4682e-01, 
 1DIAGNOSTIC,    10, -5.665615797043e-01, 7.715696701780e-04, 3.2285e+01, 1.4684e-01, 
 1DIAGNOSTIC,    11, -5.669810771942e-01, -7.188192103058e-04, 3.2431e+01, 1.4657e-01, 
XXDIAGNOSTIC,Iteration,metricValue,convergenceValue,ITERATION_TIME_INDEX,SINCE_LAST
 1DIAGNOSTIC,     1, -4.499661028385e-01, inf, 4.6312e+01, 1.3881e+01, 
 1DIAGNOSTIC,     2, -4.541570544243e-01, inf, 4.6891e+01, 5.7823e-01, 
 1DIAGNOSTIC,     3, -4.556477665901e-01, inf, 4.7466e+01, 5.7490e-01, 
 1DIAGNOSTIC,     4, -4.559072256088e-01, inf, 4.8046e+01, 5.8064e-01, 
 1DIAGNOSTIC,     5, -4.555000066757e-01, inf, 4.8622e+01, 5.7571e-01, 
 1DIAGNOSTIC,     6, -4.549035429955e-01, inf, 4.9197e+01, 5.7548e-01, 
 1DIAGNOSTIC,     7, -4.540699124336e-01, inf, 4.9773e+01, 5.7536e-01, 
 1DIAGNOSTIC,     8, -4.531822800636e-01, inf, 5.0348e+01, 5.7545e-01, 
 1DIAGNOSTIC,     9, -4.522703588009e-01, inf, 5.0924e+01, 5.7547e-01, 
 1DIAGNOSTIC,    10, -4.507883787155e-01, -2.169252547901e-04, 5.1500e+01, 5.7665e-01, 
XXDIAGNOSTIC,Iteration,metricValue,convergenceValue,ITERATION_TIME_INDEX,SINCE_LAST
 1DIAGNOSTIC,     1, -3.846563398838e-01, inf, 6.1596e+01, 1.0095e+01, 
 1DIAGNOSTIC,     2, -3.856280446053e-01, inf, 6.3397e+01, 1.8012e+00, 
 1DIAGNOSTIC,     3, -3.863615989685e-01, inf, 6.5194e+01, 1.7971e+00, 
 1DIAGNOSTIC,     4, -3.867557048798e-01, inf, 6.6982e+01, 1.7883e+00, 
 1DIAGNOSTIC,     5, -3.869601190090e-01, inf, 6.8828e+01, 1.8455e+00, 
 1DIAGNOSTIC,     6, -3.871780633926e-01, inf, 7.0619e+01, 1.7916e+00, 
 1DIAGNOSTIC,     7, -3.869301080704e-01, inf, 7.2490e+01, 1.8712e+00, 
 1DIAGNOSTIC,     8, -3.866770267487e-01, inf, 7.4344e+01, 1.8532e+00, 
 1DIAGNOSTIC,     9, -3.862883448601e-01, inf, 7.6258e+01, 1.9147e+00, 
 1DIAGNOSTIC,    10, -3.857572078705e-01, 1.515448384453e-04, 7.8048e+01, 1.7897e+00, 
 1DIAGNOSTIC,    11, -3.855597376823e-01, -7.052488945192e-05, 7.9846e+01, 1.7980e+00, 
XXDIAGNOSTIC,Iteration,metricValue,convergenceValue,ITERATION_TIME_INDEX,SINCE_LAST
 1DIAGNOSTIC,     1, -3.269953429699e-01, inf, 9.9752e+01, 1.9906e+01, 
 1DIAGNOSTIC,     2, -3.280791044235e-01, inf, 1.1265e+02, 1.2903e+01, 
 1DIAGNOSTIC,     3, -3.291804492474e-01, inf, 1.2550e+02, 1.2841e+01, 
 1DIAGNOSTIC,     4, -3.301417827606e-01, inf, 1.3832e+02, 1.2829e+01, 
 1DIAGNOSTIC,     5, -3.310086727142e-01, inf, 1.5130e+02, 1.2972e+01, 
 1DIAGNOSTIC,     6, -3.318187296391e-01, inf, 1.6420e+02, 1.2902e+01, 
 1DIAGNOSTIC,     7, -3.325950503349e-01, inf, 1.7701e+02, 1.2815e+01, 
 1DIAGNOSTIC,     8, -3.332450687885e-01, inf, 1.9038e+02, 1.3369e+01, 
 1DIAGNOSTIC,     9, -3.338008224964e-01, inf, 2.0320e+02, 1.2822e+01, 
 1DIAGNOSTIC,    10, -3.342588543892e-01, 1.410444383509e-03, 2.1661e+02, 1.3410e+01, 
 1DIAGNOSTIC,    11, -3.346641659737e-01, 1.153754070401e-03, 2.3033e+02, 1.3720e+01, 
 1DIAGNOSTIC,    12, -3.351330161095e-01, 9.463359019719e-04, 2.4366e+02, 1.3325e+01, 
 1DIAGNOSTIC,    13, -3.355229496956e-01, 7.827410008758e-04, 2.5748e+02, 1.3823e+01, 
 1DIAGNOSTIC,    14, -3.359115123749e-01, 6.534341955557e-04, 2.7118e+02, 1.3697e+01, 
 1DIAGNOSTIC,    15, -3.362218737602e-01, 5.484174471349e-04, 2.8498e+02, 1.3800e+01, 
 1DIAGNOSTIC,    16, -3.365105986595e-01, 4.645021108445e-04, 2.9869e+02, 1.3715e+01, 
 1DIAGNOSTIC,    17, -3.367833197117e-01, 3.999733016826e-04, 3.1249e+02, 1.3798e+01, 
 1DIAGNOSTIC,    18, -3.370601534843e-01, 3.492246323731e-04, 3.2625e+02, 1.3759e+01, 
 1DIAGNOSTIC,    19, -3.372105956078e-01, 3.029326326214e-04, 3.3961e+02, 1.3355e+01, 
 1DIAGNOSTIC,    20, -3.372901082039e-01, 2.560653665569e-04, 3.5331e+02, 1.3701e+01, 
 1DIAGNOSTIC,    21, -3.374468982220e-01, 2.125777682522e-04, 3.6659e+02, 1.3288e+01, 
 1DIAGNOSTIC,    22, -3.375119566917e-01, 1.736795529723e-04, 3.8031e+02, 1.3712e+01, 
 1DIAGNOSTIC,    23, -3.375979661942e-01, 1.394073915435e-04, 3.9407e+02, 1.3758e+01, 
 1DIAGNOSTIC,    24, -3.378016054630e-01, 1.159207895398e-04, 4.0783e+02, 1.3764e+01, 
 1DIAGNOSTIC,    25, -3.379518091679e-01, 9.900159784593e-05, 4.2157e+02, 1.3737e+01, 
 1DIAGNOSTIC,    26, -3.381122946739e-01, 8.869855810190e-05, 4.3528e+02, 1.3712e+01, 
 1DIAGNOSTIC,    27, -3.382469415665e-01, 8.354189048987e-05, 4.4899e+02, 1.3710e+01, 
 1DIAGNOSTIC,    28, -3.383646905422e-01, 8.286898810184e-05, 4.6271e+02, 1.3717e+01, 
 1DIAGNOSTIC,    29, -3.384455740452e-01, 8.121309656417e-05, 4.7661e+02, 1.3908e+01, 
 1DIAGNOSTIC,    30, -3.385531902313e-01, 7.724727038294e-05, 4.9040e+02, 1.3790e+01, 
 1DIAGNOSTIC,    31, -3.386861979961e-01, 7.421572809108e-05, 5.0413e+02, 1.3730e+01, 
 1DIAGNOSTIC,    32, -3.388280868530e-01, 6.986861990299e-05, 5.1795e+02, 1.3815e+01, 
 1DIAGNOSTIC,    33, -3.389206528664e-01, 6.371591734933e-05, 5.3164e+02, 1.3691e+01, 
 1DIAGNOSTIC,    34, -3.389662802219e-01, 5.815435724799e-05, 5.4538e+02, 1.3734e+01, 
 1DIAGNOSTIC,    35, -3.390030562878e-01, 5.196492566029e-05, 5.5912e+02, 1.3743e+01, 
 1DIAGNOSTIC,    36, -3.389931321144e-01, 4.473232183955e-05, 5.7283e+02, 1.3711e+01, 
 1DIAGNOSTIC,    37, -3.389820754528e-01, 3.649465725175e-05, 5.8664e+02, 1.3809e+01, 
 1DIAGNOSTIC,    38, -3.389597237110e-01, 2.741911157500e-05, 6.0043e+02, 1.3791e+01, 
 1DIAGNOSTIC,    39, -3.388944268227e-01, 1.661741043790e-05, 6.1426e+02, 1.3825e+01, 
 1DIAGNOSTIC,    40, -3.388302624226e-01, 5.774575129180e-06, 6.2796e+02, 1.3706e+01, 
 1DIAGNOSTIC,    41, -3.387960791588e-01, -3.001460072483e-06, 6.4176e+02, 1.3798e+01, 
  Elapsed time (stage 2): 665.6


Total elapsed time: 814.3

--- Writing output images ---

Using double precision for computations.
Input scalar image: data/Segmentations/1018_3_seg.nii.gz
Reference image: data/template/T_template0_BrainCerebellum.nii.gz
=============================================================================
The composite transform comprises the following transforms (in order): 
  1. /tmp/1971681.1.basic.q/1018_ToTemplate_024_0GenericAffine.mat (type = AffineTransform)
  2. /tmp/1971681.1.basic.q/1018_ToTemplate_024_1Warp.nii.gz (type = DisplacementFieldTransform)
=============================================================================
Default pixel value: 0
Interpolation type: LabelImageGenericInterpolateImageFunction
Output warped image: output/1018/1018_WarpedLabels_024.nii.gz

--- Done ---

