
--- Running on compute-2-7.local ---


--- registration call ---
/data/jet/pcook/bin/antsBuild/bin/antsRegistrationSyNQuick.sh -d 3 -f data/template/T_template0_BrainCerebellum.nii.gz -m data/Brains/1018_3.nii.gz -t s -p f -n 1 -o /tmp/1971668.1.basic.q/1018_ToTemplate_011_
---


--------------------------------------------------------------------------------------
 Mapping parameters
--------------------------------------------------------------------------------------
 ANTSPATH is /data/jet/pcook/bin/antsBuild/bin/

 Dimensionality:           3
 Output name prefix:       /tmp/1971668.1.basic.q/1018_ToTemplate_011_
 Fixed images:             data/template/T_template0_BrainCerebellum.nii.gz
 Moving images:            data/Brains/1018_3.nii.gz
 Mask images:              
 Initial transforms:       
 Number of threads:        1
 Spline distance:          26
 Transform type:           s
 MI histogram bins:        32
 Precision:                f
 Use histogram matching    0
======================================================================================
 antsRegistration call:
--------------------------------------------------------------------------------------
/data/jet/pcook/bin/antsBuild/bin//antsRegistration --verbose 1 --dimensionality 3 --float 1 --collapse-output-transforms 1 --output [/tmp/1971668.1.basic.q/1018_ToTemplate_011_,/tmp/1971668.1.basic.q/1018_ToTemplate_011_Warped.nii.gz,/tmp/1971668.1.basic.q/1018_ToTemplate_011_InverseWarped.nii.gz] --interpolation Linear --use-histogram-matching 0 --winsorize-image-intensities [0.005,0.995] --initial-moving-transform [data/template/T_template0_BrainCerebellum.nii.gz,data/Brains/1018_3.nii.gz,1] --transform Rigid[0.1] --metric MI[data/template/T_template0_BrainCerebellum.nii.gz,data/Brains/1018_3.nii.gz,1,32,Regular,0.25] --convergence [1000x500x250x0,1e-6,10] --shrink-factors 12x8x4x2 --smoothing-sigmas 4x3x2x1vox --transform Affine[0.1] --metric MI[data/template/T_template0_BrainCerebellum.nii.gz,data/Brains/1018_3.nii.gz,1,32,Regular,0.25] --convergence [1000x500x250x0,1e-6,10] --shrink-factors 12x8x4x2 --smoothing-sigmas 4x3x2x1vox --transform SyN[0.1,3,0] --metric MI[data/template/T_template0_BrainCerebellum.nii.gz,data/Brains/1018_3.nii.gz,1,32] --convergence [100x100x70x50x0,1e-6,10] --shrink-factors 10x6x4x2x1 --smoothing-sigmas 5x3x2x1x0vox
--------------------------------------------------------------------------------------
All_Command_lines_OK
Using single precision for computations.
=============================================================================
The composite transform comprises the following transforms (in order): 
  1. Center of mass alignment using fixed image: data/template/T_template0_BrainCerebellum.nii.gz and moving image: data/Brains/1018_3.nii.gz (type = Euler3DTransform)
=============================================================================
  number of levels = 4
  number of levels = 4
  number of levels = 5
  fixed image: data/template/T_template0_BrainCerebellum.nii.gz
  moving image: data/Brains/1018_3.nii.gz
  fixed image: data/template/T_template0_BrainCerebellum.nii.gz
  moving image: data/Brains/1018_3.nii.gz
  fixed image: data/template/T_template0_BrainCerebellum.nii.gz
  moving image: data/Brains/1018_3.nii.gz
Dimension = 3
Number of stages = 3
Use Histogram Matching false
Winsorize image intensities true
Lower quantile = 0.005
Upper quantile = 0.995
Stage 1 State
   Image metric = Mattes
     Fixed image = Image (0x4d19420)
  RTTI typeinfo:   itk::Image<float, 3u>
  Reference Count: 2
  Modified Time: 1611
  Debug: Off
  Object Name: 
  Observers: 
    none
  Source: (none)
  Source output name: (none)
  Release Data: Off
  Data Released: False
  Global Release Data: Off
  PipelineMTime: 0
  UpdateMTime: 1422
  RealTimeStamp: 0 seconds 
  LargestPossibleRegion: 
    Dimension: 3
    Index: [0, 0, 0]
    Size: [216, 256, 291]
  BufferedRegion: 
    Dimension: 3
    Index: [0, 0, 0]
    Size: [216, 256, 291]
  RequestedRegion: 
    Dimension: 3
    Index: [0, 0, 0]
    Size: [216, 256, 291]
  Spacing: [1, 1, 1]
  Origin: [0, 293, 0]
  Direction: 
1 0 0
0 -0 -1
0 -1 -0

  IndexToPointMatrix: 
1 0 0
0 0 -1
0 -1 0

  PointToIndexMatrix: 
1 0 0
0 0 -1
0 -1 0

  Inverse Direction: 
1 0 0
0 0 -1
0 -1 0

  PixelContainer: 
    ImportImageContainer (0x4cfe7f0)
      RTTI typeinfo:   itk::ImportImageContainer<unsigned long, float>
      Reference Count: 1
      Modified Time: 1419
      Debug: Off
      Object Name: 
      Observers: 
        none
      Pointer: 0x7f6d5b0f2010
      Container manages memory: true
      Size: 16091136
      Capacity: 16091136

     Moving image = Image (0x4d19e60)
  RTTI typeinfo:   itk::Image<float, 3u>
  Reference Count: 2
  Modified Time: 1612
  Debug: Off
  Object Name: 
  Observers: 
    none
  Source: (none)
  Source output name: (none)
  Release Data: Off
  Data Released: False
  Global Release Data: Off
  PipelineMTime: 0
  UpdateMTime: 1609
  RealTimeStamp: 0 seconds 
  LargestPossibleRegion: 
    Dimension: 3
    Index: [0, 0, 0]
    Size: [256, 256, 291]
  BufferedRegion: 
    Dimension: 3
    Index: [0, 0, 0]
    Size: [256, 256, 291]
  RequestedRegion: 
    Dimension: 3
    Index: [0, 0, 0]
    Size: [256, 256, 291]
  Spacing: [1, 1, 1]
  Origin: [0, 290, 0]
  Direction: 
1 0 0
0 -0 -1
0 -1 -0

  IndexToPointMatrix: 
1 0 0
0 0 -1
0 -1 0

  PointToIndexMatrix: 
1 0 0
0 0 -1
0 -1 0

  Inverse Direction: 
1 0 0
0 0 -1
0 -1 0

  PixelContainer: 
    ImportImageContainer (0x4d1c2b0)
      RTTI typeinfo:   itk::ImportImageContainer<unsigned long, float>
      Reference Count: 1
      Modified Time: 1606
      Debug: Off
      Object Name: 
      Observers: 
        none
      Pointer: 0x7f6d56831010
      Container manages memory: true
      Size: 19070976
      Capacity: 19070976

     Weighting = 1
     Sampling strategy = regular
     Number of bins = 32
     Radius = 4
     Sampling percentage  = 0.25
   Transform = Rigid
     Gradient step = 0.1
     Update field sigma (voxel space) = 0
     Total field sigma (voxel space) = 0
     Update field time sigma = 0
     Total field time sigma  = 0
     Number of time indices = 0
     Number of time point samples = 0
Stage 2 State
   Image metric = Mattes
     Fixed image = Image (0x4d246c0)
  RTTI typeinfo:   itk::Image<float, 3u>
  Reference Count: 2
  Modified Time: 1987
  Debug: Off
  Object Name: 
  Observers: 
    none
  Source: (none)
  Source output name: (none)
  Release Data: Off
  Data Released: False
  Global Release Data: Off
  PipelineMTime: 0
  UpdateMTime: 1798
  RealTimeStamp: 0 seconds 
  LargestPossibleRegion: 
    Dimension: 3
    Index: [0, 0, 0]
    Size: [216, 256, 291]
  BufferedRegion: 
    Dimension: 3
    Index: [0, 0, 0]
    Size: [216, 256, 291]
  RequestedRegion: 
    Dimension: 3
    Index: [0, 0, 0]
    Size: [216, 256, 291]
  Spacing: [1, 1, 1]
  Origin: [0, 293, 0]
  Direction: 
1 0 0
0 -0 -1
0 -1 -0

  IndexToPointMatrix: 
1 0 0
0 0 -1
0 -1 0

  PointToIndexMatrix: 
1 0 0
0 0 -1
0 -1 0

  Inverse Direction: 
1 0 0
0 0 -1
0 -1 0

  PixelContainer: 
    ImportImageContainer (0x4d24f60)
      RTTI typeinfo:   itk::ImportImageContainer<unsigned long, float>
      Reference Count: 1
      Modified Time: 1795
      Debug: Off
      Object Name: 
      Observers: 
        none
      Pointer: 0x7f6d52ace010
      Container manages memory: true
      Size: 16091136
      Capacity: 16091136

     Moving image = Image (0x4d24a50)
  RTTI typeinfo:   itk::Image<float, 3u>
  Reference Count: 2
  Modified Time: 1988
  Debug: Off
  Object Name: 
  Observers: 
    none
  Source: (none)
  Source output name: (none)
  Release Data: Off
  Data Released: False
  Global Release Data: Off
  PipelineMTime: 0
  UpdateMTime: 1985
  RealTimeStamp: 0 seconds 
  LargestPossibleRegion: 
    Dimension: 3
    Index: [0, 0, 0]
    Size: [256, 256, 291]
  BufferedRegion: 
    Dimension: 3
    Index: [0, 0, 0]
    Size: [256, 256, 291]
  RequestedRegion: 
    Dimension: 3
    Index: [0, 0, 0]
    Size: [256, 256, 291]
  Spacing: [1, 1, 1]
  Origin: [0, 290, 0]
  Direction: 
1 0 0
0 -0 -1
0 -1 -0

  IndexToPointMatrix: 
1 0 0
0 0 -1
0 -1 0

  PointToIndexMatrix: 
1 0 0
0 0 -1
0 -1 0

  Inverse Direction: 
1 0 0
0 0 -1
0 -1 0

  PixelContainer: 
    ImportImageContainer (0x4d25950)
      RTTI typeinfo:   itk::ImportImageContainer<unsigned long, float>
      Reference Count: 1
      Modified Time: 1982
      Debug: Off
      Object Name: 
      Observers: 
        none
      Pointer: 0x7f6d4e20d010
      Container manages memory: true
      Size: 19070976
      Capacity: 19070976

     Weighting = 1
     Sampling strategy = regular
     Number of bins = 32
     Radius = 4
     Sampling percentage  = 0.25
   Transform = Affine
     Gradient step = 0.1
     Update field sigma (voxel space) = 0
     Total field sigma (voxel space) = 0
     Update field time sigma = 0
     Total field time sigma  = 0
     Number of time indices = 0
     Number of time point samples = 0
Stage 3 State
   Image metric = Mattes
     Fixed image = Image (0x4d2b7b0)
  RTTI typeinfo:   itk::Image<float, 3u>
  Reference Count: 2
  Modified Time: 2363
  Debug: Off
  Object Name: 
  Observers: 
    none
  Source: (none)
  Source output name: (none)
  Release Data: Off
  Data Released: False
  Global Release Data: Off
  PipelineMTime: 0
  UpdateMTime: 2174
  RealTimeStamp: 0 seconds 
  LargestPossibleRegion: 
    Dimension: 3
    Index: [0, 0, 0]
    Size: [216, 256, 291]
  BufferedRegion: 
    Dimension: 3
    Index: [0, 0, 0]
    Size: [216, 256, 291]
  RequestedRegion: 
    Dimension: 3
    Index: [0, 0, 0]
    Size: [216, 256, 291]
  Spacing: [1, 1, 1]
  Origin: [0, 293, 0]
  Direction: 
1 0 0
0 -0 -1
0 -1 -0

  IndexToPointMatrix: 
1 0 0
0 0 -1
0 -1 0

  PointToIndexMatrix: 
1 0 0
0 0 -1
0 -1 0

  Inverse Direction: 
1 0 0
0 0 -1
0 -1 0

  PixelContainer: 
    ImportImageContainer (0x4d2ba40)
      RTTI typeinfo:   itk::ImportImageContainer<unsigned long, float>
      Reference Count: 1
      Modified Time: 2171
      Debug: Off
      Object Name: 
      Observers: 
        none
      Pointer: 0x7f6d4a4aa010
      Container manages memory: true
      Size: 16091136
      Capacity: 16091136

     Moving image = Image (0x4d2e1b0)
  RTTI typeinfo:   itk::Image<float, 3u>
  Reference Count: 2
  Modified Time: 2364
  Debug: Off
  Object Name: 
  Observers: 
    none
  Source: (none)
  Source output name: (none)
  Release Data: Off
  Data Released: False
  Global Release Data: Off
  PipelineMTime: 0
  UpdateMTime: 2361
  RealTimeStamp: 0 seconds 
  LargestPossibleRegion: 
    Dimension: 3
    Index: [0, 0, 0]
    Size: [256, 256, 291]
  BufferedRegion: 
    Dimension: 3
    Index: [0, 0, 0]
    Size: [256, 256, 291]
  RequestedRegion: 
    Dimension: 3
    Index: [0, 0, 0]
    Size: [256, 256, 291]
  Spacing: [1, 1, 1]
  Origin: [0, 290, 0]
  Direction: 
1 0 0
0 -0 -1
0 -1 -0

  IndexToPointMatrix: 
1 0 0
0 0 -1
0 -1 0

  PointToIndexMatrix: 
1 0 0
0 0 -1
0 -1 0

  Inverse Direction: 
1 0 0
0 0 -1
0 -1 0

  PixelContainer: 
    ImportImageContainer (0x4d2baa0)
      RTTI typeinfo:   itk::ImportImageContainer<unsigned long, float>
      Reference Count: 1
      Modified Time: 2358
      Debug: Off
      Object Name: 
      Observers: 
        none
      Pointer: 0x7f6d45be9010
      Container manages memory: true
      Size: 19070976
      Capacity: 19070976

     Weighting = 1
     Sampling strategy = none
     Number of bins = 32
     Radius = 4
     Sampling percentage  = 1
   Transform = SyN
     Gradient step = 0.1
     Update field sigma (voxel space) = 3
     Total field sigma (voxel space) = 0
     Update field time sigma = 0
     Total field time sigma  = 0
     Number of time indices = 0
     Number of time point samples = 0
Registration using 3 total stages.

Stage 0
  iterations = 1000x500x250x0
  convergence threshold = 1e-06
  convergence window size = 10
  number of levels = 4
  using the Mattes MI metric (number of bins = 32, weight = 1)
  preprocessing:  winsorizing the image intensities
  Shrink factors (level 1 out of 4): [12, 12, 12]
  Shrink factors (level 2 out of 4): [8, 8, 8]
  Shrink factors (level 3 out of 4): [4, 4, 4]
  Shrink factors (level 4 out of 4): [2, 2, 2]
  smoothing sigmas per level: [4, 3, 2, 1]
  regular sampling (percentage = 0.25)

*** Running Euler3DTransform registration ***

DIAGNOSTIC,Iteration,metricValue,convergenceValue,ITERATION_TIME_INDEX,SINCE_LAST
 2DIAGNOSTIC,     1, -4.141772985458e-01, inf, 1.7741e+01, 1.7741e+01, 
 2DIAGNOSTIC,     2, -4.144704043865e-01, inf, 1.7751e+01, 1.0703e-02, 
 2DIAGNOSTIC,     3, -4.150149226189e-01, inf, 1.7762e+01, 1.0576e-02, 
 2DIAGNOSTIC,     4, -4.157527685165e-01, inf, 1.7774e+01, 1.2271e-02, 
 2DIAGNOSTIC,     5, -4.161888360977e-01, inf, 1.7785e+01, 1.0572e-02, 
 2DIAGNOSTIC,     6, -4.164339005947e-01, inf, 1.7795e+01, 1.0590e-02, 
 2DIAGNOSTIC,     7, -4.176657199860e-01, inf, 1.7808e+01, 1.2698e-02, 
 2DIAGNOSTIC,     8, -4.185062944889e-01, inf, 1.7821e+01, 1.2765e-02, 
 2DIAGNOSTIC,     9, -4.212293624878e-01, inf, 1.7832e+01, 1.0595e-02, 
 2DIAGNOSTIC,    10, -4.219876825809e-01, 1.168224844150e-03, 1.7850e+01, 1.7988e-02, 
 2DIAGNOSTIC,    11, -4.229080975056e-01, 1.219076220877e-03, 1.7862e+01, 1.2640e-02, 
 2DIAGNOSTIC,    12, -4.230548143387e-01, 1.177457626909e-03, 1.7873e+01, 1.0897e-02, 
 2DIAGNOSTIC,    13, -4.231159985065e-01, 1.066830824129e-03, 1.7884e+01, 1.0877e-02, 
 2DIAGNOSTIC,    14, -4.234058856964e-01, 9.240611107089e-04, 1.7896e+01, 1.2551e-02, 
 2DIAGNOSTIC,    15, -4.236231744289e-01, 7.454799488187e-04, 1.7909e+01, 1.2547e-02, 
 2DIAGNOSTIC,    16, -4.237416982651e-01, 5.366508266889e-04, 1.7920e+01, 1.0855e-02, 
 2DIAGNOSTIC,    17, -4.237688183784e-01, 3.543338971213e-04, 1.7931e+01, 1.0886e-02, 
 2DIAGNOSTIC,    18, -4.241552054882e-01, 2.040690451395e-04, 1.7942e+01, 1.0951e-02, 
 2DIAGNOSTIC,    19, -4.244532883167e-01, 1.577654620633e-04, 1.7953e+01, 1.0927e-02, 
 2DIAGNOSTIC,    20, -4.247472882271e-01, 1.361157628708e-04, 1.7970e+01, 1.7497e-02, 
 2DIAGNOSTIC,    21, -4.247414469719e-01, 1.334448024863e-04, 1.7994e+01, 2.3920e-02, 
 2DIAGNOSTIC,    22, -4.248843789101e-01, 1.279501884710e-04, 1.8005e+01, 1.0845e-02, 
 2DIAGNOSTIC,    23, -4.247489869595e-01, 1.086125485017e-04, 1.8016e+01, 1.0829e-02, 
 2DIAGNOSTIC,    24, -4.247663617134e-01, 8.931166667026e-05, 1.8027e+01, 1.0844e-02, 
 2DIAGNOSTIC,    25, -4.247892796993e-01, 6.972024129936e-05, 1.8037e+01, 1.0851e-02, 
 2DIAGNOSTIC,    26, -4.248159825802e-01, 4.909787458018e-05, 1.8048e+01, 1.0839e-02, 
 2DIAGNOSTIC,    27, -4.248404502869e-01, 2.667661465239e-05, 1.8059e+01, 1.0869e-02, 
 2DIAGNOSTIC,    28, -4.248645603657e-01, 1.326427445747e-05, 1.8070e+01, 1.0824e-02, 
 2DIAGNOSTIC,    29, -4.250448346138e-01, 1.061448074324e-05, 1.8081e+01, 1.0834e-02, 
 2DIAGNOSTIC,    30, -4.250917136669e-01, 1.477822024754e-05, 1.8092e+01, 1.0836e-02, 
 2DIAGNOSTIC,    31, -4.253136515617e-01, 2.196259265475e-05, 1.8102e+01, 1.0856e-02, 
 2DIAGNOSTIC,    32, -4.253944754601e-01, 3.144100628560e-05, 1.8118e+01, 1.5772e-02, 
 2DIAGNOSTIC,    33, -4.252739548683e-01, 3.223760722904e-05, 1.8131e+01, 1.2493e-02, 
 2DIAGNOSTIC,    34, -4.252848029137e-01, 3.067275247304e-05, 1.8143e+01, 1.2490e-02, 
 2DIAGNOSTIC,    35, -4.253663122654e-01, 2.832651443896e-05, 1.8156e+01, 1.2526e-02, 
 2DIAGNOSTIC,    36, -4.254333078861e-01, 2.514655898267e-05, 1.8167e+01, 1.0841e-02, 
 2DIAGNOSTIC,    37, -4.256196022034e-01, 2.365781438129e-05, 1.8179e+01, 1.2505e-02, 
 2DIAGNOSTIC,    38, -4.257828295231e-01, 2.334843520657e-05, 1.8192e+01, 1.2471e-02, 
 2DIAGNOSTIC,    39, -4.258120357990e-01, 2.454382229189e-05, 1.8206e+01, 1.4091e-02, 
 2DIAGNOSTIC,    40, -4.258420467377e-01, 2.462747943355e-05, 1.8216e+01, 1.0818e-02, 
 2DIAGNOSTIC,    41, -4.258685410023e-01, 2.644733467605e-05, 1.8229e+01, 1.2494e-02, 
 2DIAGNOSTIC,    42, -4.258817136288e-01, 2.724925434450e-05, 1.8240e+01, 1.0843e-02, 
 2DIAGNOSTIC,    43, -4.257660210133e-01, 2.177155874961e-05, 1.8252e+01, 1.2484e-02, 
 2DIAGNOSTIC,    44, -4.259350597858e-01, 1.734481884341e-05, 1.8265e+01, 1.2509e-02, 
 2DIAGNOSTIC,    45, -4.258505105972e-01, 1.142597011494e-05, 1.8277e+01, 1.2538e-02, 
 2DIAGNOSTIC,    46, -4.260685443878e-01, 8.888257980288e-06, 1.8290e+01, 1.2698e-02, 
 2DIAGNOSTIC,    47, -4.264526367188e-01, 1.370595964545e-05, 1.8303e+01, 1.2677e-02, 
 2DIAGNOSTIC,    48, -4.271900057793e-01, 2.954974115710e-05, 1.8314e+01, 1.0963e-02, 
 2DIAGNOSTIC,    49, -4.272397756577e-01, 4.284586975700e-05, 1.8325e+01, 1.0923e-02, 
 2DIAGNOSTIC,    50, -4.273821115494e-01, 5.402480019256e-05, 1.8337e+01, 1.2552e-02, 
 2DIAGNOSTIC,    51, -4.272960126400e-01, 5.892132685403e-05, 1.8348e+01, 1.0885e-02, 
 2DIAGNOSTIC,    52, -4.273684024811e-01, 5.912590131629e-05, 1.8359e+01, 1.0886e-02, 
 2DIAGNOSTIC,    53, -4.274749755859e-01, 5.337558468455e-05, 1.8376e+01, 1.7436e-02, 
 2DIAGNOSTIC,    54, -4.275043010712e-01, 4.528276258497e-05, 1.8387e+01, 1.0881e-02, 
 2DIAGNOSTIC,    55, -4.275365173817e-01, 3.267668944318e-05, 1.8398e+01, 1.0856e-02, 
 2DIAGNOSTIC,    56, -4.275892674923e-01, 2.068958383461e-05, 1.8409e+01, 1.0870e-02, 
 2DIAGNOSTIC,    57, -4.276746213436e-01, 1.247704221896e-05, 1.8422e+01, 1.2548e-02, 
 2DIAGNOSTIC,    58, -4.277847409248e-01, 1.314489600190e-05, 1.8439e+01, 1.7462e-02, 
 2DIAGNOSTIC,    59, -4.276582598686e-01, 1.163754859590e-05, 1.8450e+01, 1.0915e-02, 
 2DIAGNOSTIC,    60, -4.275432229042e-01, 9.536832294543e-06, 1.8461e+01, 1.0933e-02, 
 2DIAGNOSTIC,    61, -4.277150630951e-01, 7.602062851220e-06, 1.8477e+01, 1.5810e-02, 
 2DIAGNOSTIC,    62, -4.274440705776e-01, 2.767749720078e-06, 1.8488e+01, 1.0865e-02, 
DIAGNOSTIC,Iteration,metricValue,convergenceValue,ITERATION_TIME_INDEX,SINCE_LAST
 2DIAGNOSTIC,     1, -3.772361874580e-01, inf, 3.2051e+01, 1.3564e+01, 
 2DIAGNOSTIC,     2, -3.776633441448e-01, inf, 3.2105e+01, 5.3926e-02, 
 2DIAGNOSTIC,     3, -3.783536851406e-01, inf, 3.2160e+01, 5.4527e-02, 
 2DIAGNOSTIC,     4, -3.790377974510e-01, inf, 3.2214e+01, 5.4229e-02, 
 2DIAGNOSTIC,     5, -3.796761333942e-01, inf, 3.2280e+01, 6.5409e-02, 
 2DIAGNOSTIC,     6, -3.809604048729e-01, inf, 3.2353e+01, 7.3806e-02, 
 2DIAGNOSTIC,     7, -3.810073733330e-01, inf, 3.2417e+01, 6.3947e-02, 
 2DIAGNOSTIC,     8, -3.810251355171e-01, inf, 3.2471e+01, 5.3991e-02, 
 2DIAGNOSTIC,     9, -3.810470998287e-01, inf, 3.2535e+01, 6.3838e-02, 
 2DIAGNOSTIC,    10, -3.810600638390e-01, 7.357634603977e-04, 3.2590e+01, 5.4565e-02, 
 2DIAGNOSTIC,    11, -3.810402750969e-01, 5.327652324922e-04, 3.2644e+01, 5.4539e-02, 
 2DIAGNOSTIC,    12, -3.810636103153e-01, 3.439248539507e-04, 3.2699e+01, 5.4570e-02, 
 2DIAGNOSTIC,    13, -3.811004757881e-01, 1.956920605153e-04, 3.2763e+01, 6.4499e-02, 
 2DIAGNOSTIC,    14, -3.812080919743e-01, 9.323249105364e-05, 3.2828e+01, 6.4727e-02, 
 2DIAGNOSTIC,    15, -3.812254667282e-01, 2.693173155421e-05, 3.2893e+01, 6.4529e-02, 
 2DIAGNOSTIC,    16, -3.812809884548e-01, 2.929202128144e-05, 3.2957e+01, 6.4524e-02, 
 2DIAGNOSTIC,    17, -3.812549710274e-01, 2.977724216180e-05, 3.3012e+01, 5.4546e-02, 
 2DIAGNOSTIC,    18, -3.813164532185e-01, 3.091145845247e-05, 3.3076e+01, 6.4456e-02, 
 2DIAGNOSTIC,    19, -3.813669979572e-01, 3.194259625161e-05, 3.3214e+01, 1.3745e-01, 
 2DIAGNOSTIC,    20, -3.813672065735e-01, 3.052854663110e-05, 3.3268e+01, 5.4450e-02, 
 2DIAGNOSTIC,    21, -3.813683092594e-01, 2.596908416308e-05, 3.3322e+01, 5.4459e-02, 
 2DIAGNOSTIC,    22, -3.813708126545e-01, 2.046413464996e-05, 3.3377e+01, 5.4449e-02, 
 2DIAGNOSTIC,    23, -3.813742995262e-01, 1.486764813308e-05, 3.3431e+01, 5.4414e-02, 
 2DIAGNOSTIC,    24, -3.813776671886e-01, 1.188461283164e-05, 3.3486e+01, 5.4436e-02, 
 2DIAGNOSTIC,    25, -3.813807070255e-01, 8.725879524718e-06, 3.3540e+01, 5.4465e-02, 
 2DIAGNOSTIC,    26, -3.813856840134e-01, 6.912924163771e-06, 3.3595e+01, 5.4378e-02, 
 2DIAGNOSTIC,    27, -3.813926279545e-01, 4.136599272897e-06, 3.3649e+01, 5.4507e-02, 
 2DIAGNOSTIC,    28, -3.814027905464e-01, 3.147543338855e-06, 3.3704e+01, 5.4601e-02, 
 2DIAGNOSTIC,    29, -3.814482688904e-01, 4.504481694312e-06, 3.3788e+01, 8.4065e-02, 
 2DIAGNOSTIC,    30, -3.814604282379e-01, 5.729317308578e-06, 3.3842e+01, 5.4467e-02, 
 2DIAGNOSTIC,    31, -3.814652264118e-01, 6.581773050129e-06, 3.3907e+01, 6.4360e-02, 
 2DIAGNOSTIC,    32, -3.814760148525e-01, 7.177803581726e-06, 3.4000e+01, 9.3812e-02, 
 2DIAGNOSTIC,    33, -3.815138041973e-01, 8.075632649707e-06, 3.4065e+01, 6.4280e-02, 
 2DIAGNOSTIC,    34, -3.815145790577e-01, 8.300557965413e-06, 3.4119e+01, 5.4424e-02, 
 2DIAGNOSTIC,    35, -3.815146386623e-01, 7.885901140980e-06, 3.4174e+01, 5.4463e-02, 
 2DIAGNOSTIC,    36, -3.815173804760e-01, 7.014213679213e-06, 3.4238e+01, 6.4382e-02, 
 2DIAGNOSTIC,    37, -3.815191090107e-01, 5.782269909105e-06, 3.4302e+01, 6.4378e-02, 
 2DIAGNOSTIC,    38, -3.814465105534e-01, 2.885922185669e-06, 3.4357e+01, 5.4468e-02, 
DIAGNOSTIC,Iteration,metricValue,convergenceValue,ITERATION_TIME_INDEX,SINCE_LAST
 2DIAGNOSTIC,     1, -3.206082880497e-01, inf, 4.3112e+01, 8.7555e+00, 
 2DIAGNOSTIC,     2, -3.207151293755e-01, inf, 4.3546e+01, 4.3418e-01, 
 2DIAGNOSTIC,     3, -3.208130896091e-01, inf, 4.4066e+01, 5.1977e-01, 
 2DIAGNOSTIC,     4, -3.208340406418e-01, inf, 4.4672e+01, 6.0569e-01, 
 2DIAGNOSTIC,     5, -3.208437561989e-01, inf, 4.5277e+01, 6.0517e-01, 
 2DIAGNOSTIC,     6, -3.208416104317e-01, inf, 4.5712e+01, 4.3504e-01, 
 2DIAGNOSTIC,     7, -3.208473026752e-01, inf, 4.6233e+01, 5.2084e-01, 
 2DIAGNOSTIC,     8, -3.208478689194e-01, inf, 4.6751e+01, 5.1794e-01, 
 2DIAGNOSTIC,     9, -3.208590745926e-01, inf, 4.7272e+01, 5.2155e-01, 
 2DIAGNOSTIC,    10, -3.208691179752e-01, 4.010888733319e-05, 4.7706e+01, 4.3342e-01, 
 2DIAGNOSTIC,    11, -3.208862543106e-01, 2.226173637609e-05, 4.8139e+01, 4.3346e-01, 
 2DIAGNOSTIC,    12, -3.209128081799e-01, 1.530307963549e-05, 4.8573e+01, 4.3349e-01, 
 2DIAGNOSTIC,    13, -3.209602534771e-01, 1.811412585084e-05, 4.9178e+01, 6.0488e-01, 
 2DIAGNOSTIC,    14, -3.209855854511e-01, 2.195298111474e-05, 4.9612e+01, 4.3394e-01, 
 2DIAGNOSTIC,    15, -3.210417330265e-01, 2.738055445661e-05, 5.0550e+01, 9.3827e-01, 
 2DIAGNOSTIC,    16, -3.210457265377e-01, 2.986400431837e-05, 5.1068e+01, 5.1766e-01, 
 2DIAGNOSTIC,    17, -3.210437297821e-01, 2.971108187921e-05, 5.1587e+01, 5.1926e-01, 
 2DIAGNOSTIC,    18, -3.210406303406e-01, 2.688393396966e-05, 5.2196e+01, 6.0878e-01, 
 2DIAGNOSTIC,    19, -3.210387229919e-01, 2.244495044579e-05, 5.2714e+01, 5.1786e-01, 
 2DIAGNOSTIC,    20, -3.210298418999e-01, 1.655075357121e-05, 5.3231e+01, 5.1789e-01, 
 2DIAGNOSTIC,    21, -3.210279643536e-01, 1.047369005391e-05, 5.3665e+01, 4.3379e-01, 
 2DIAGNOSTIC,    22, -3.210271000862e-01, 5.139230324858e-06, 5.4190e+01, 5.2470e-01, 
 2DIAGNOSTIC,    23, -3.210214078426e-01, 1.528686311758e-06, 5.4623e+01, 4.3351e-01, 
DIAGNOSTIC,Iteration,metricValue,convergenceValue,ITERATION_TIME_INDEX,SINCE_LAST
 2DIAGNOSTIC,     1, -2.786813080311e-01, inf, 6.3061e+01, 8.4379e+00, 
  Elapsed time (stage 0): 6.4846e+01


Stage 1
  iterations = 1000x500x250x0
  convergence threshold = 1.0000e-06
  convergence window size = 10
  number of levels = 4
  using the Mattes MI metric (number of bins = 32, weight = 1.0000e+00)
  preprocessing:  winsorizing the image intensities
  Shrink factors (level 1 out of 4): [12, 12, 12]
  Shrink factors (level 2 out of 4): [8, 8, 8]
  Shrink factors (level 3 out of 4): [4, 4, 4]
  Shrink factors (level 4 out of 4): [2, 2, 2]
  smoothing sigmas per level: [4, 3, 2, 1]
  regular sampling (percentage = 2.5000e-01)

*** Running AffineTransform registration ***

DIAGNOSTIC,Iteration,metricValue,convergenceValue,ITERATION_TIME_INDEX,SINCE_LAST
 2DIAGNOSTIC,     1, -4.306995570660e-01, inf, 1.7591e+01, 1.7591e+01, 
 2DIAGNOSTIC,     2, -4.315342307091e-01, inf, 1.7606e+01, 1.4767e-02, 
 2DIAGNOSTIC,     3, -4.329501390457e-01, inf, 1.7620e+01, 1.4450e-02, 
 2DIAGNOSTIC,     4, -4.355318248272e-01, inf, 1.7635e+01, 1.4444e-02, 
 2DIAGNOSTIC,     5, -4.400862157345e-01, inf, 1.7649e+01, 1.4497e-02, 
 2DIAGNOSTIC,     6, -4.468520283699e-01, inf, 1.7665e+01, 1.5157e-02, 
 2DIAGNOSTIC,     7, -4.751134514809e-01, inf, 1.7681e+01, 1.6859e-02, 
 2DIAGNOSTIC,     8, -4.852590560913e-01, inf, 1.7696e+01, 1.5038e-02, 
 2DIAGNOSTIC,     9, -4.943670630455e-01, inf, 1.7717e+01, 2.0678e-02, 
 2DIAGNOSTIC,    10, -5.029520392418e-01, 1.139963138849e-02, 1.7734e+01, 1.6987e-02, 
 2DIAGNOSTIC,    11, -5.066775083542e-01, 1.137603260577e-02, 1.7755e+01, 2.1086e-02, 
 2DIAGNOSTIC,    12, -5.081346631050e-01, 1.044215913862e-02, 1.7771e+01, 1.5447e-02, 
 2DIAGNOSTIC,    13, -5.158966779709e-01, 9.140359237790e-03, 1.7788e+01, 1.7044e-02, 
 2DIAGNOSTIC,    14, -5.175045728683e-01, 7.397134788334e-03, 1.7803e+01, 1.5182e-02, 
 2DIAGNOSTIC,    15, -5.180527567863e-01, 5.445914808661e-03, 1.7818e+01, 1.5158e-02, 
 2DIAGNOSTIC,    16, -5.188730955124e-01, 3.524354193360e-03, 1.7838e+01, 2.0471e-02, 
 2DIAGNOSTIC,    17, -5.193688869476e-01, 2.519540721551e-03, 1.7861e+01, 2.2355e-02, 
 2DIAGNOSTIC,    18, -5.195333361626e-01, 1.732293050736e-03, 1.7876e+01, 1.5114e-02, 
 2DIAGNOSTIC,    19, -5.202671289444e-01, 1.170553732663e-03, 1.7891e+01, 1.5028e-02, 
 2DIAGNOSTIC,    20, -5.207951068878e-01, 8.267144439742e-04, 1.7906e+01, 1.4788e-02, 
 2DIAGNOSTIC,    21, -5.210168957710e-01, 5.520609556697e-04, 1.7921e+01, 1.5061e-02, 
 2DIAGNOSTIC,    22, -5.211719870567e-01, 2.900784602389e-04, 1.7936e+01, 1.4978e-02, 
 2DIAGNOSTIC,    23, -5.213559865952e-01, 2.244423376396e-04, 1.7951e+01, 1.4999e-02, 
 2DIAGNOSTIC,    24, -5.216252803802e-01, 1.885561505333e-04, 1.7966e+01, 1.5040e-02, 
 2DIAGNOSTIC,    25, -5.220037698746e-01, 1.587960286997e-04, 1.7988e+01, 2.1966e-02, 
 2DIAGNOSTIC,    26, -5.221171975136e-01, 1.370469544781e-04, 1.8003e+01, 1.4896e-02, 
 2DIAGNOSTIC,    27, -5.222992897034e-01, 1.189206595882e-04, 1.8018e+01, 1.4977e-02, 
 2DIAGNOSTIC,    28, -5.226329565048e-01, 1.009735642583e-04, 1.8038e+01, 2.0210e-02, 
 2DIAGNOSTIC,    29, -5.227656960487e-01, 9.154164581560e-05, 1.8053e+01, 1.4943e-02, 
 2DIAGNOSTIC,    30, -5.228214263916e-01, 8.520880510332e-05, 1.8068e+01, 1.4954e-02, 
 2DIAGNOSTIC,    31, -5.229111909866e-01, 7.713960803812e-05, 1.8083e+01, 1.4972e-02, 
 2DIAGNOSTIC,    32, -5.230327248573e-01, 6.730552559020e-05, 1.8097e+01, 1.4691e-02, 
 2DIAGNOSTIC,    33, -5.231704711914e-01, 5.718351167161e-05, 1.8121e+01, 2.3699e-02, 
 2DIAGNOSTIC,    34, -5.232177376747e-01, 4.744485340780e-05, 1.8136e+01, 1.4901e-02, 
 2DIAGNOSTIC,    35, -5.232461690903e-01, 4.053517113789e-05, 1.8151e+01, 1.4979e-02, 
 2DIAGNOSTIC,    36, -5.232887864113e-01, 3.272723552072e-05, 1.8166e+01, 1.4876e-02, 
 2DIAGNOSTIC,    37, -5.233558416367e-01, 2.598283208499e-05, 1.8181e+01, 1.4856e-02, 
 2DIAGNOSTIC,    38, -5.234605073929e-01, 2.364409920119e-05, 1.8201e+01, 2.0197e-02, 
 2DIAGNOSTIC,    39, -5.234944820404e-01, 2.164938814531e-05, 1.8216e+01, 1.4926e-02, 
 2DIAGNOSTIC,    40, -5.235491991043e-01, 1.935440195666e-05, 1.8231e+01, 1.4920e-02, 
 2DIAGNOSTIC,    41, -5.239352583885e-01, 2.191422754549e-05, 1.8251e+01, 2.0553e-02, 
 2DIAGNOSTIC,    42, -5.240985751152e-01, 2.595185105747e-05, 1.8268e+01, 1.6881e-02, 
 2DIAGNOSTIC,    43, -5.242076516151e-01, 3.059458322241e-05, 1.8283e+01, 1.4861e-02, 
 2DIAGNOSTIC,    44, -5.242573022842e-01, 3.346622179379e-05, 1.8300e+01, 1.6781e-02, 
 2DIAGNOSTIC,    45, -5.242968797684e-01, 3.394299710635e-05, 1.8318e+01, 1.8316e-02, 
 2DIAGNOSTIC,    46, -5.243234634399e-01, 3.198992635589e-05, 1.8333e+01, 1.5025e-02, 
 2DIAGNOSTIC,    47, -5.243937969208e-01, 2.869795935112e-05, 1.8348e+01, 1.4974e-02, 
 2DIAGNOSTIC,    48, -5.244126319885e-01, 2.433376175759e-05, 1.8363e+01, 1.5022e-02, 
 2DIAGNOSTIC,    49, -5.244306325912e-01, 1.853978028521e-05, 1.8380e+01, 1.6719e-02, 
 2DIAGNOSTIC,    50, -5.244414210320e-01, 1.192180297949e-05, 1.8400e+01, 2.0097e-02, 
 2DIAGNOSTIC,    51, -5.244454145432e-01, 8.726661690162e-06, 1.8415e+01, 1.4710e-02, 
 2DIAGNOSTIC,    52, -5.244491696358e-01, 6.644376753684e-06, 1.8429e+01, 1.4631e-02, 
 2DIAGNOSTIC,    53, -5.244542956352e-01, 5.256781605567e-06, 1.8446e+01, 1.6645e-02, 
 2DIAGNOSTIC,    54, -5.244571566582e-01, 4.017731498607e-06, 1.8463e+01, 1.6587e-02, 
 2DIAGNOSTIC,    55, -5.244591236115e-01, 2.920044380517e-06, 1.8478e+01, 1.5001e-02, 
 2DIAGNOSTIC,    56, -5.244617462158e-01, 1.914280574056e-06, 1.8494e+01, 1.6564e-02, 
 2DIAGNOSTIC,    57, -5.244636535645e-01, 1.519900251878e-06, 1.8511e+01, 1.6632e-02, 
 2DIAGNOSTIC,    58, -5.244659185410e-01, 1.246835154234e-06, 1.8527e+01, 1.6657e-02, 
 2DIAGNOSTIC,    59, -5.244675874710e-01, 1.100340568883e-06, 1.8544e+01, 1.6590e-02, 
 2DIAGNOSTIC,    60, -5.244693160057e-01, 1.021938146550e-06, 1.8561e+01, 1.6625e-02, 
DIAGNOSTIC,Iteration,metricValue,convergenceValue,ITERATION_TIME_INDEX,SINCE_LAST
 2DIAGNOSTIC,     1, -4.528718888760e-01, inf, 3.2334e+01, 1.3773e+01, 
 2DIAGNOSTIC,     2, -4.541254639626e-01, inf, 3.2402e+01, 6.8458e-02, 
 2DIAGNOSTIC,     3, -4.555654227734e-01, inf, 3.2470e+01, 6.7791e-02, 
 2DIAGNOSTIC,     4, -4.564239978790e-01, inf, 3.2538e+01, 6.8320e-02, 
 2DIAGNOSTIC,     5, -4.568669795990e-01, inf, 3.2608e+01, 6.9133e-02, 
 2DIAGNOSTIC,     6, -4.579467475414e-01, inf, 3.2687e+01, 7.9895e-02, 
 2DIAGNOSTIC,     7, -4.589035809040e-01, inf, 3.2789e+01, 1.0175e-01, 
 2DIAGNOSTIC,     8, -4.589537978172e-01, inf, 3.2860e+01, 7.0622e-02, 
 2DIAGNOSTIC,     9, -4.590679407120e-01, inf, 3.2929e+01, 6.9338e-02, 
 2DIAGNOSTIC,    10, -4.592232406139e-01, 8.977450779639e-04, 3.2999e+01, 6.9890e-02, 
 2DIAGNOSTIC,    11, -4.594554901123e-01, 6.535564898513e-04, 3.3068e+01, 6.9166e-02, 
 2DIAGNOSTIC,    12, -4.597060680389e-01, 4.673600778915e-04, 3.3138e+01, 6.9391e-02, 
 2DIAGNOSTIC,    13, -4.599295556545e-01, 3.470579104032e-04, 3.3229e+01, 9.1858e-02, 
 2DIAGNOSTIC,    14, -4.599791467190e-01, 2.536100510042e-04, 3.3342e+01, 1.1217e-01, 
 2DIAGNOSTIC,    15, -4.599949419498e-01, 1.680112472968e-04, 3.3411e+01, 6.9242e-02, 
 2DIAGNOSTIC,    16, -4.600921869278e-01, 1.225587329827e-04, 3.3491e+01, 7.9972e-02, 
 2DIAGNOSTIC,    17, -4.602766633034e-01, 1.128287403844e-04, 3.3573e+01, 8.1887e-02, 
 2DIAGNOSTIC,    18, -4.602979123592e-01, 9.618019976187e-05, 3.3642e+01, 6.9082e-02, 
 2DIAGNOSTIC,    19, -4.603544771671e-01, 7.824182830518e-05, 3.3742e+01, 1.0035e-01, 
 2DIAGNOSTIC,    20, -4.603879451752e-01, 6.086743451306e-05, 3.3821e+01, 7.8863e-02, 
 2DIAGNOSTIC,    21, -4.604508280754e-01, 4.816559157916e-05, 3.3889e+01, 6.8326e-02, 
 2DIAGNOSTIC,    22, -4.604555368423e-01, 3.918838046957e-05, 3.3958e+01, 6.9106e-02, 
 2DIAGNOSTIC,    23, -4.604667127132e-01, 3.379198096809e-05, 3.4027e+01, 6.8640e-02, 
 2DIAGNOSTIC,    24, -4.604757130146e-01, 2.740789750533e-05, 3.4107e+01, 7.9694e-02, 
 2DIAGNOSTIC,    25, -4.604853391647e-01, 1.968592187040e-05, 3.4217e+01, 1.1057e-01, 
 2DIAGNOSTIC,    26, -4.604877233505e-01, 1.307527872996e-05, 3.4296e+01, 7.8671e-02, 
 2DIAGNOSTIC,    27, -4.604880511761e-01, 1.008835806715e-05, 3.4375e+01, 7.8969e-02, 
 2DIAGNOSTIC,    28, -4.604890346527e-01, 6.961350663914e-06, 3.4455e+01, 7.9660e-02, 
 2DIAGNOSTIC,    29, -4.604888856411e-01, 4.697839358414e-06, 3.4523e+01, 6.8780e-02, 
 2DIAGNOSTIC,    30, -4.604901373386e-01, 2.925784883701e-06, 3.4592e+01, 6.8430e-02, 
 2DIAGNOSTIC,    31, -4.604915678501e-01, 2.377031478318e-06, 3.4660e+01, 6.8213e-02, 
 2DIAGNOSTIC,    32, -4.604943394661e-01, 1.877637487269e-06, 3.4728e+01, 6.8264e-02, 
 2DIAGNOSTIC,    33, -4.604982137680e-01, 1.604212229722e-06, 3.4818e+01, 8.9520e-02, 
 2DIAGNOSTIC,    34, -4.605002999306e-01, 1.482629613747e-06, 3.4887e+01, 6.9164e-02, 
 2DIAGNOSTIC,    35, -4.605029821396e-01, 1.533092813588e-06, 3.4956e+01, 6.8528e-02, 
 2DIAGNOSTIC,    36, -4.605058431625e-01, 1.611261382095e-06, 3.5046e+01, 9.0330e-02, 
 2DIAGNOSTIC,    37, -4.605077505112e-01, 1.651984689488e-06, 3.5125e+01, 7.8987e-02, 
 2DIAGNOSTIC,    38, -4.605091214180e-01, 1.653344952501e-06, 3.5214e+01, 8.9414e-02, 
 2DIAGNOSTIC,    39, -4.605101048946e-01, 1.590217266312e-06, 3.5283e+01, 6.8603e-02, 
 2DIAGNOSTIC,    40, -4.605115354061e-01, 1.498206529504e-06, 3.5352e+01, 6.9123e-02, 
 2DIAGNOSTIC,    41, -4.605133533478e-01, 1.391710497956e-06, 3.5432e+01, 7.9927e-02, 
 2DIAGNOSTIC,    42, -4.605148434639e-01, 1.292798742725e-06, 3.5522e+01, 9.0471e-02, 
 2DIAGNOSTIC,    43, -4.605164229870e-01, 1.225755454470e-06, 3.5591e+01, 6.8489e-02, 
 2DIAGNOSTIC,    44, -4.605172574520e-01, 1.155995619229e-06, 3.5670e+01, 7.8919e-02, 
 2DIAGNOSTIC,    45, -4.605178833008e-01, 1.092808929570e-06, 3.5749e+01, 7.9005e-02, 
 2DIAGNOSTIC,    46, -4.605188369751e-01, 1.046240186042e-06, 3.5828e+01, 7.9583e-02, 
 2DIAGNOSTIC,    47, -4.605194330215e-01, 1.000125621431e-06, 3.5897e+01, 6.8551e-02, 
DIAGNOSTIC,Iteration,metricValue,convergenceValue,ITERATION_TIME_INDEX,SINCE_LAST
 2DIAGNOSTIC,     1, -3.863214850426e-01, inf, 4.4787e+01, 8.8900e+00, 
 2DIAGNOSTIC,     2, -3.865634799004e-01, inf, 4.5330e+01, 5.4287e-01, 
 2DIAGNOSTIC,     3, -3.866973817348e-01, inf, 4.5873e+01, 5.4273e-01, 
 2DIAGNOSTIC,     4, -3.868449926376e-01, inf, 4.6416e+01, 5.4355e-01, 
 2DIAGNOSTIC,     5, -3.869739174843e-01, inf, 4.7136e+01, 7.2008e-01, 
 2DIAGNOSTIC,     6, -3.870275020599e-01, inf, 4.8124e+01, 9.8738e-01, 
 2DIAGNOSTIC,     7, -3.870349228382e-01, inf, 4.8669e+01, 5.4568e-01, 
 2DIAGNOSTIC,     8, -3.870727717876e-01, inf, 4.9216e+01, 5.4714e-01, 
 2DIAGNOSTIC,     9, -3.871126472950e-01, inf, 4.9762e+01, 5.4587e-01, 
 2DIAGNOSTIC,    10, -3.871282637119e-01, 1.242199796252e-04, 5.0310e+01, 5.4778e-01, 
 2DIAGNOSTIC,    11, -3.871426880360e-01, 8.242272451753e-05, 5.0855e+01, 5.4544e-01, 
 2DIAGNOSTIC,    12, -3.871694505215e-01, 5.691577462130e-05, 5.1480e+01, 6.2486e-01, 
 2DIAGNOSTIC,    13, -3.871809542179e-01, 3.848417327390e-05, 5.2199e+01, 7.1851e-01, 
 2DIAGNOSTIC,    14, -3.871964812279e-01, 2.778506495815e-05, 5.2742e+01, 5.4371e-01, 
 2DIAGNOSTIC,    15, -3.872103989124e-01, 2.312103788427e-05, 5.3462e+01, 7.1903e-01, 
 2DIAGNOSTIC,    16, -3.872250914574e-01, 2.027009031735e-05, 5.4006e+01, 5.4408e-01, 
 2DIAGNOSTIC,    17, -3.872320353985e-01, 1.665353374847e-05, 5.4551e+01, 5.4493e-01, 
 2DIAGNOSTIC,    18, -3.872416019440e-01, 1.397255255142e-05, 5.5181e+01, 6.3015e-01, 
 2DIAGNOSTIC,    19, -3.872459530830e-01, 1.214670464833e-05, 5.5899e+01, 7.1844e-01, 
 2DIAGNOSTIC,    20, -3.872520029545e-01, 1.032054115058e-05, 5.6525e+01, 6.2565e-01, 
 2DIAGNOSTIC,    21, -3.872538805008e-01, 8.401921149925e-06, 5.7149e+01, 6.2414e-01, 
 2DIAGNOSTIC,    22, -3.872579038143e-01, 7.041212938930e-06, 5.7779e+01, 6.2975e-01, 
 2DIAGNOSTIC,    23, -3.872602283955e-01, 5.709386186936e-06, 5.8317e+01, 5.3874e-01, 
 2DIAGNOSTIC,    24, -3.872630894184e-01, 4.638680820790e-06, 5.8941e+01, 6.2371e-01, 
 2DIAGNOSTIC,    25, -3.872655332088e-01, 3.814456249529e-06, 5.9571e+01, 6.2980e-01, 
 2DIAGNOSTIC,    26, -3.872672021389e-01, 3.274404434706e-06, 6.0288e+01, 7.1662e-01, 
 2DIAGNOSTIC,    27, -3.872695863247e-01, 2.830042376445e-06, 6.0834e+01, 5.4698e-01, 
 2DIAGNOSTIC,    28, -3.872714936733e-01, 2.560050461398e-06, 6.1470e+01, 6.3517e-01, 
 2DIAGNOSTIC,    29, -3.872726559639e-01, 2.310029458386e-06, 6.2103e+01, 6.3349e-01, 
 2DIAGNOSTIC,    30, -3.872753083706e-01, 2.175053168685e-06, 6.2824e+01, 7.2058e-01, 
 2DIAGNOSTIC,    31, -3.872747123241e-01, 1.970871153389e-06, 6.3369e+01, 5.4513e-01, 
 2DIAGNOSTIC,    32, -3.872771561146e-01, 1.838842763391e-06, 6.4091e+01, 7.2261e-01, 
 2DIAGNOSTIC,    33, -3.872764706612e-01, 1.668864001658e-06, 6.4720e+01, 6.2842e-01, 
 2DIAGNOSTIC,    34, -3.872773945332e-01, 1.523537093817e-06, 6.5350e+01, 6.3016e-01, 
 2DIAGNOSTIC,    35, -3.872767984867e-01, 1.368817038383e-06, 6.5892e+01, 5.4221e-01, 
 2DIAGNOSTIC,    36, -3.872771561146e-01, 1.219932073582e-06, 6.6437e+01, 5.4461e-01, 
 2DIAGNOSTIC,    37, -3.872777521610e-01, 1.105530941459e-06, 6.6982e+01, 5.4481e-01, 
 2DIAGNOSTIC,    38, -3.872787356377e-01, 1.028946599035e-06, 6.7527e+01, 5.4567e-01, 
DIAGNOSTIC,Iteration,metricValue,convergenceValue,ITERATION_TIME_INDEX,SINCE_LAST
 2DIAGNOSTIC,     1, -3.300928473473e-01, inf, 7.6970e+01, 9.4425e+00, 
  Elapsed time (stage 1): 7.8758e+01


Stage 2
  iterations = 100x100x70x50x0
  convergence threshold = 1.0000e-06
  convergence window size = 10
  number of levels = 5
  using the Mattes MI metric (number of bins = 32, weight = 1.0000e+00)
  preprocessing:  winsorizing the image intensities
  Shrink factors (level 1 out of 5): [10, 10, 10]
  Shrink factors (level 2 out of 5): [6, 6, 6]
  Shrink factors (level 3 out of 5): [4, 4, 4]
  Shrink factors (level 4 out of 5): [2, 2, 2]
  Shrink factors (level 5 out of 5): [1, 1, 1]
  smoothing sigmas per level: [5, 3, 2, 1, 0]
  Using default NONE metricSamplingStrategy 

*** Running SyN registration (varianceForUpdateField = 3.0000e+00, varianceForTotalField = 0.0000e+00) ***

XXDIAGNOSTIC,Iteration,metricValue,convergenceValue,ITERATION_TIME_INDEX,SINCE_LAST
 1DIAGNOSTIC,     1, -5.474267005920e-01, inf, 3.1379e+01, 3.1379e+01, 
 1DIAGNOSTIC,     2, -5.658267736435e-01, inf, 3.1533e+01, 1.5382e-01, 
 1DIAGNOSTIC,     3, -5.753834247589e-01, inf, 3.1687e+01, 1.5401e-01, 
 1DIAGNOSTIC,     4, -5.783210992813e-01, inf, 3.1838e+01, 1.5082e-01, 
 1DIAGNOSTIC,     5, -5.751881599426e-01, inf, 3.1985e+01, 1.4674e-01, 
 1DIAGNOSTIC,     6, -5.767578482628e-01, inf, 3.2132e+01, 1.4744e-01, 
 1DIAGNOSTIC,     7, -5.723589658737e-01, inf, 3.2280e+01, 1.4786e-01, 
 1DIAGNOSTIC,     8, -5.726292133331e-01, inf, 3.2428e+01, 1.4766e-01, 
 1DIAGNOSTIC,     9, -5.704468488693e-01, inf, 3.2575e+01, 1.4726e-01, 
 1DIAGNOSTIC,    10, -5.685516595840e-01, 1.034986344166e-03, 3.2722e+01, 1.4757e-01, 
 1DIAGNOSTIC,    11, -5.673416852951e-01, -5.366748664528e-04, 3.2870e+01, 1.4780e-01, 
XXDIAGNOSTIC,Iteration,metricValue,convergenceValue,ITERATION_TIME_INDEX,SINCE_LAST
 1DIAGNOSTIC,     1, -4.513424634933e-01, inf, 4.6677e+01, 1.3807e+01, 
 1DIAGNOSTIC,     2, -4.545620679855e-01, inf, 4.7258e+01, 5.8092e-01, 
 1DIAGNOSTIC,     3, -4.560651779175e-01, inf, 4.7841e+01, 5.8350e-01, 
 1DIAGNOSTIC,     4, -4.560555815697e-01, inf, 4.8422e+01, 5.8095e-01, 
 1DIAGNOSTIC,     5, -4.561471343040e-01, inf, 4.9003e+01, 5.8011e-01, 
 1DIAGNOSTIC,     6, -4.557655751705e-01, inf, 4.9583e+01, 5.8069e-01, 
 1DIAGNOSTIC,     7, -4.550819098949e-01, inf, 5.0166e+01, 5.8277e-01, 
 1DIAGNOSTIC,     8, -4.540461599827e-01, inf, 5.0747e+01, 5.8080e-01, 
 1DIAGNOSTIC,     9, -4.528962373734e-01, inf, 5.1327e+01, 5.8047e-01, 
 1DIAGNOSTIC,    10, -4.513928890228e-01, -2.057527599391e-04, 5.1911e+01, 5.8422e-01, 
XXDIAGNOSTIC,Iteration,metricValue,convergenceValue,ITERATION_TIME_INDEX,SINCE_LAST
 1DIAGNOSTIC,     1, -3.848451077938e-01, inf, 6.1975e+01, 1.0063e+01, 
 1DIAGNOSTIC,     2, -3.857162892818e-01, inf, 6.3811e+01, 1.8366e+00, 
 1DIAGNOSTIC,     3, -3.862839639187e-01, inf, 6.5621e+01, 1.8102e+00, 
 1DIAGNOSTIC,     4, -3.865424096584e-01, inf, 6.7425e+01, 1.8036e+00, 
 1DIAGNOSTIC,     5, -3.867779970169e-01, inf, 6.9286e+01, 1.8613e+00, 
 1DIAGNOSTIC,     6, -3.868648409843e-01, inf, 7.1096e+01, 1.8100e+00, 
 1DIAGNOSTIC,     7, -3.867449760437e-01, inf, 7.3016e+01, 1.9196e+00, 
 1DIAGNOSTIC,     8, -3.864457011223e-01, inf, 7.4879e+01, 1.8630e+00, 
 1DIAGNOSTIC,     9, -3.860393166542e-01, inf, 7.6740e+01, 1.8612e+00, 
 1DIAGNOSTIC,    10, -3.856605887413e-01, 1.003374782158e-04, 7.8544e+01, 1.8037e+00, 
 1DIAGNOSTIC,    11, -3.853282928467e-01, -9.485214104643e-05, 8.0402e+01, 1.8580e+00, 
XXDIAGNOSTIC,Iteration,metricValue,convergenceValue,ITERATION_TIME_INDEX,SINCE_LAST
 1DIAGNOSTIC,     1, -3.270168900490e-01, inf, 1.0048e+02, 2.0079e+01, 
 1DIAGNOSTIC,     2, -3.280718326569e-01, inf, 1.1347e+02, 1.2994e+01, 
 1DIAGNOSTIC,     3, -3.290949463844e-01, inf, 1.2644e+02, 1.2970e+01, 
 1DIAGNOSTIC,     4, -3.300299048424e-01, inf, 1.3938e+02, 1.2932e+01, 
 1DIAGNOSTIC,     5, -3.308665752411e-01, inf, 1.5230e+02, 1.2924e+01, 
 1DIAGNOSTIC,     6, -3.317507505417e-01, inf, 1.6523e+02, 1.2927e+01, 
 1DIAGNOSTIC,     7, -3.324999213219e-01, inf, 1.7884e+02, 1.3615e+01, 
 1DIAGNOSTIC,     8, -3.331452608109e-01, inf, 1.9234e+02, 1.3496e+01, 
 1DIAGNOSTIC,     9, -3.336848616600e-01, inf, 2.0573e+02, 1.3388e+01, 
 1DIAGNOSTIC,    10, -3.341903090477e-01, 1.395746949129e-03, 2.1959e+02, 1.3867e+01, 
 1DIAGNOSTIC,    11, -3.345985412598e-01, 1.151588745415e-03, 2.3299e+02, 1.3401e+01, 
 1DIAGNOSTIC,    12, -3.349595367908e-01, 9.452133090235e-04, 2.4682e+02, 1.3829e+01, 
 1DIAGNOSTIC,    13, -3.353815078735e-01, 7.799470331520e-04, 2.6020e+02, 1.3381e+01, 
 1DIAGNOSTIC,    14, -3.357432484627e-01, 6.461902521551e-04, 2.7413e+02, 1.3924e+01, 
 1DIAGNOSTIC,    15, -3.361090421677e-01, 5.392089369707e-04, 2.8755e+02, 1.3422e+01, 
 1DIAGNOSTIC,    16, -3.363896608353e-01, 4.579226078931e-04, 3.0133e+02, 1.3782e+01, 
 1DIAGNOSTIC,    17, -3.366856575012e-01, 3.962779010180e-04, 3.1471e+02, 1.3379e+01, 
 1DIAGNOSTIC,    18, -3.369251787663e-01, 3.465118643362e-04, 3.2855e+02, 1.3845e+01, 
 1DIAGNOSTIC,    19, -3.371879160404e-01, 3.055878914893e-04, 3.4248e+02, 1.3929e+01, 
 1DIAGNOSTIC,    20, -3.373999297619e-01, 2.707550011110e-04, 3.5629e+02, 1.3809e+01, 
 1DIAGNOSTIC,    21, -3.376576304436e-01, 2.409831504337e-04, 3.7010e+02, 1.3807e+01, 
 1DIAGNOSTIC,    22, -3.378222286701e-01, 2.115709794452e-04, 3.8391e+02, 1.3808e+01, 
 1DIAGNOSTIC,    23, -3.380135297775e-01, 1.875614834717e-04, 3.9771e+02, 1.3806e+01, 
 1DIAGNOSTIC,    24, -3.381557464600e-01, 1.657085958868e-04, 4.1150e+02, 1.3789e+01, 
 1DIAGNOSTIC,    25, -3.383190929890e-01, 1.480018836446e-04, 4.2535e+02, 1.3845e+01, 
 1DIAGNOSTIC,    26, -3.384317755699e-01, 1.304997422267e-04, 4.3918e+02, 1.3829e+01, 
 1DIAGNOSTIC,    27, -3.385822176933e-01, 1.160589454230e-04, 4.5297e+02, 1.3797e+01, 
 1DIAGNOSTIC,    28, -3.386758565903e-01, 1.017623726511e-04, 4.6681e+02, 1.3834e+01, 
 1DIAGNOSTIC,    29, -3.387290537357e-01, 8.811574662104e-05, 4.8073e+02, 1.3922e+01, 
 1DIAGNOSTIC,    30, -3.387243747711e-01, 7.291382644325e-05, 4.9486e+02, 1.4126e+01, 
 1DIAGNOSTIC,    31, -3.387290835381e-01, 5.905609214096e-05, 5.0868e+02, 1.3820e+01, 
 1DIAGNOSTIC,    32, -3.387874662876e-01, 4.638247628463e-05, 5.2262e+02, 1.3946e+01, 
 1DIAGNOSTIC,    33, -3.389268219471e-01, 3.855884642689e-05, 5.3659e+02, 1.3963e+01, 
 1DIAGNOSTIC,    34, -3.390058875084e-01, 3.301202377770e-05, 5.5045e+02, 1.3866e+01, 
 1DIAGNOSTIC,    35, -3.390683531761e-01, 3.020942131116e-05, 5.6436e+02, 1.3906e+01, 
 1DIAGNOSTIC,    36, -3.390981554985e-01, 2.810176010826e-05, 5.7818e+02, 1.3819e+01, 
 1DIAGNOSTIC,    37, -3.390731215477e-01, 2.633207259350e-05, 5.9195e+02, 1.3775e+01, 
 1DIAGNOSTIC,    38, -3.390005826950e-01, 2.265092916787e-05, 6.0583e+02, 1.3883e+01, 
 1DIAGNOSTIC,    39, -3.389223217964e-01, 1.656744643697e-05, 6.1974e+02, 1.3906e+01, 
 1DIAGNOSTIC,    40, -3.388640582561e-01, 8.008308213903e-06, 6.3357e+02, 1.3833e+01, 
 1DIAGNOSTIC,    41, -3.387303054333e-01, -3.474355025901e-06, 6.4741e+02, 1.3839e+01, 
  Elapsed time (stage 2): 671.3


Total elapsed time: 814.9

--- Writing output images ---

Using double precision for computations.
Input scalar image: data/Segmentations/1018_3_seg.nii.gz
Reference image: data/template/T_template0_BrainCerebellum.nii.gz
=============================================================================
The composite transform comprises the following transforms (in order): 
  1. /tmp/1971668.1.basic.q/1018_ToTemplate_011_0GenericAffine.mat (type = AffineTransform)
  2. /tmp/1971668.1.basic.q/1018_ToTemplate_011_1Warp.nii.gz (type = DisplacementFieldTransform)
=============================================================================
Default pixel value: 0
Interpolation type: LabelImageGenericInterpolateImageFunction
Output warped image: output/1018/1018_WarpedLabels_011.nii.gz

--- Done ---

