
--- Running on compute-1-6.local ---


--- registration call ---
/data/jet/pcook/bin/antsBuild/bin/antsRegistrationSyNQuick.sh -d 3 -f data/template/T_template0_BrainCerebellum.nii.gz -m data/Brains/1011_3.nii.gz -t s -p d -n 1 -o /tmp/1971045.1.basic.q/1011_ToTemplate_013_
---


--------------------------------------------------------------------------------------
 Mapping parameters
--------------------------------------------------------------------------------------
 ANTSPATH is /data/jet/pcook/bin/antsBuild/bin/

 Dimensionality:           3
 Output name prefix:       /tmp/1971045.1.basic.q/1011_ToTemplate_013_
 Fixed images:             data/template/T_template0_BrainCerebellum.nii.gz
 Moving images:            data/Brains/1011_3.nii.gz
 Mask images:              
 Initial transforms:       
 Number of threads:        1
 Spline distance:          26
 Transform type:           s
 MI histogram bins:        32
 Precision:                d
 Use histogram matching    0
======================================================================================
 antsRegistration call:
--------------------------------------------------------------------------------------
/data/jet/pcook/bin/antsBuild/bin//antsRegistration --verbose 1 --dimensionality 3 --float 0 --collapse-output-transforms 1 --output [/tmp/1971045.1.basic.q/1011_ToTemplate_013_,/tmp/1971045.1.basic.q/1011_ToTemplate_013_Warped.nii.gz,/tmp/1971045.1.basic.q/1011_ToTemplate_013_InverseWarped.nii.gz] --interpolation Linear --use-histogram-matching 0 --winsorize-image-intensities [0.005,0.995] --initial-moving-transform [data/template/T_template0_BrainCerebellum.nii.gz,data/Brains/1011_3.nii.gz,1] --transform Rigid[0.1] --metric MI[data/template/T_template0_BrainCerebellum.nii.gz,data/Brains/1011_3.nii.gz,1,32,Regular,0.25] --convergence [1000x500x250x0,1e-6,10] --shrink-factors 12x8x4x2 --smoothing-sigmas 4x3x2x1vox --transform Affine[0.1] --metric MI[data/template/T_template0_BrainCerebellum.nii.gz,data/Brains/1011_3.nii.gz,1,32,Regular,0.25] --convergence [1000x500x250x0,1e-6,10] --shrink-factors 12x8x4x2 --smoothing-sigmas 4x3x2x1vox --transform SyN[0.1,3,0] --metric MI[data/template/T_template0_BrainCerebellum.nii.gz,data/Brains/1011_3.nii.gz,1,32] --convergence [100x100x70x50x0,1e-6,10] --shrink-factors 10x6x4x2x1 --smoothing-sigmas 5x3x2x1x0vox
--------------------------------------------------------------------------------------
All_Command_lines_OK
Using double precision for computations.
=============================================================================
The composite transform comprises the following transforms (in order): 
  1. Center of mass alignment using fixed image: data/template/T_template0_BrainCerebellum.nii.gz and moving image: data/Brains/1011_3.nii.gz (type = Euler3DTransform)
=============================================================================
  number of levels = 4
  number of levels = 4
  number of levels = 5
  fixed image: data/template/T_template0_BrainCerebellum.nii.gz
  moving image: data/Brains/1011_3.nii.gz
  fixed image: data/template/T_template0_BrainCerebellum.nii.gz
  moving image: data/Brains/1011_3.nii.gz
  fixed image: data/template/T_template0_BrainCerebellum.nii.gz
  moving image: data/Brains/1011_3.nii.gz
Dimension = 3
Number of stages = 3
Use Histogram Matching false
Winsorize image intensities true
Lower quantile = 0.005
Upper quantile = 0.995
Stage 1 State
   Image metric = Mattes
     Fixed image = Image (0x40aacd0)
  RTTI typeinfo:   itk::Image<double, 3u>
  Reference Count: 2
  Modified Time: 1611
  Debug: Off
  Object Name: 
  Observers: 
    none
  Source: (none)
  Source output name: (none)
  Release Data: Off
  Data Released: False
  Global Release Data: Off
  PipelineMTime: 0
  UpdateMTime: 1422
  RealTimeStamp: 0 seconds 
  LargestPossibleRegion: 
    Dimension: 3
    Index: [0, 0, 0]
    Size: [216, 256, 291]
  BufferedRegion: 
    Dimension: 3
    Index: [0, 0, 0]
    Size: [216, 256, 291]
  RequestedRegion: 
    Dimension: 3
    Index: [0, 0, 0]
    Size: [216, 256, 291]
  Spacing: [1, 1, 1]
  Origin: [0, 293, 0]
  Direction: 
1 0 0
0 -0 -1
0 -1 -0

  IndexToPointMatrix: 
1 0 0
0 0 -1
0 -1 0

  PointToIndexMatrix: 
1 0 0
0 0 -1
0 -1 0

  Inverse Direction: 
1 0 0
0 0 -1
0 -1 0

  PixelContainer: 
    ImportImageContainer (0x40ae7d0)
      RTTI typeinfo:   itk::ImportImageContainer<unsigned long, double>
      Reference Count: 1
      Modified Time: 1419
      Debug: Off
      Object Name: 
      Observers: 
        none
      Pointer: 0x7f9965a82010
      Container manages memory: true
      Size: 16091136
      Capacity: 16091136

     Moving image = Image (0x40acd30)
  RTTI typeinfo:   itk::Image<double, 3u>
  Reference Count: 2
  Modified Time: 1612
  Debug: Off
  Object Name: 
  Observers: 
    none
  Source: (none)
  Source output name: (none)
  Release Data: Off
  Data Released: False
  Global Release Data: Off
  PipelineMTime: 0
  UpdateMTime: 1609
  RealTimeStamp: 0 seconds 
  LargestPossibleRegion: 
    Dimension: 3
    Index: [0, 0, 0]
    Size: [256, 256, 287]
  BufferedRegion: 
    Dimension: 3
    Index: [0, 0, 0]
    Size: [256, 256, 287]
  RequestedRegion: 
    Dimension: 3
    Index: [0, 0, 0]
    Size: [256, 256, 287]
  Spacing: [1, 1, 1]
  Origin: [0, 286, 0]
  Direction: 
1 0 0
0 -0 -1
0 -1 -0

  IndexToPointMatrix: 
1 0 0
0 0 -1
0 -1 0

  PointToIndexMatrix: 
1 0 0
0 0 -1
0 -1 0

  Inverse Direction: 
1 0 0
0 0 -1
0 -1 0

  PixelContainer: 
    ImportImageContainer (0x409df40)
      RTTI typeinfo:   itk::ImportImageContainer<unsigned long, double>
      Reference Count: 1
      Modified Time: 1606
      Debug: Off
      Object Name: 
      Observers: 
        none
      Pointer: 0x7f995cb01010
      Container manages memory: true
      Size: 18808832
      Capacity: 18808832

     Weighting = 1
     Sampling strategy = regular
     Number of bins = 32
     Radius = 4
     Sampling percentage  = 0.25
   Transform = Rigid
     Gradient step = 0.1
     Update field sigma (voxel space) = 0
     Total field sigma (voxel space) = 0
     Update field time sigma = 0
     Total field time sigma  = 0
     Number of time indices = 0
     Number of time point samples = 0
Stage 2 State
   Image metric = Mattes
     Fixed image = Image (0x40b16e0)
  RTTI typeinfo:   itk::Image<double, 3u>
  Reference Count: 2
  Modified Time: 1987
  Debug: Off
  Object Name: 
  Observers: 
    none
  Source: (none)
  Source output name: (none)
  Release Data: Off
  Data Released: False
  Global Release Data: Off
  PipelineMTime: 0
  UpdateMTime: 1798
  RealTimeStamp: 0 seconds 
  LargestPossibleRegion: 
    Dimension: 3
    Index: [0, 0, 0]
    Size: [216, 256, 291]
  BufferedRegion: 
    Dimension: 3
    Index: [0, 0, 0]
    Size: [216, 256, 291]
  RequestedRegion: 
    Dimension: 3
    Index: [0, 0, 0]
    Size: [216, 256, 291]
  Spacing: [1, 1, 1]
  Origin: [0, 293, 0]
  Direction: 
1 0 0
0 -0 -1
0 -1 -0

  IndexToPointMatrix: 
1 0 0
0 0 -1
0 -1 0

  PointToIndexMatrix: 
1 0 0
0 0 -1
0 -1 0

  Inverse Direction: 
1 0 0
0 0 -1
0 -1 0

  PixelContainer: 
    ImportImageContainer (0x40ad950)
      RTTI typeinfo:   itk::ImportImageContainer<unsigned long, double>
      Reference Count: 1
      Modified Time: 1795
      Debug: Off
      Object Name: 
      Observers: 
        none
      Pointer: 0x7f995503c010
      Container manages memory: true
      Size: 16091136
      Capacity: 16091136

     Moving image = Image (0x40be060)
  RTTI typeinfo:   itk::Image<double, 3u>
  Reference Count: 2
  Modified Time: 1988
  Debug: Off
  Object Name: 
  Observers: 
    none
  Source: (none)
  Source output name: (none)
  Release Data: Off
  Data Released: False
  Global Release Data: Off
  PipelineMTime: 0
  UpdateMTime: 1985
  RealTimeStamp: 0 seconds 
  LargestPossibleRegion: 
    Dimension: 3
    Index: [0, 0, 0]
    Size: [256, 256, 287]
  BufferedRegion: 
    Dimension: 3
    Index: [0, 0, 0]
    Size: [256, 256, 287]
  RequestedRegion: 
    Dimension: 3
    Index: [0, 0, 0]
    Size: [256, 256, 287]
  Spacing: [1, 1, 1]
  Origin: [0, 286, 0]
  Direction: 
1 0 0
0 -0 -1
0 -1 -0

  IndexToPointMatrix: 
1 0 0
0 0 -1
0 -1 0

  PointToIndexMatrix: 
1 0 0
0 0 -1
0 -1 0

  Inverse Direction: 
1 0 0
0 0 -1
0 -1 0

  PixelContainer: 
    ImportImageContainer (0x40bd9e0)
      RTTI typeinfo:   itk::ImportImageContainer<unsigned long, double>
      Reference Count: 1
      Modified Time: 1982
      Debug: Off
      Object Name: 
      Observers: 
        none
      Pointer: 0x7f994c0bb010
      Container manages memory: true
      Size: 18808832
      Capacity: 18808832

     Weighting = 1
     Sampling strategy = regular
     Number of bins = 32
     Radius = 4
     Sampling percentage  = 0.25
   Transform = Affine
     Gradient step = 0.1
     Update field sigma (voxel space) = 0
     Total field sigma (voxel space) = 0
     Update field time sigma = 0
     Total field time sigma  = 0
     Number of time indices = 0
     Number of time point samples = 0
Stage 3 State
   Image metric = Mattes
     Fixed image = Image (0x40c3980)
  RTTI typeinfo:   itk::Image<double, 3u>
  Reference Count: 2
  Modified Time: 2363
  Debug: Off
  Object Name: 
  Observers: 
    none
  Source: (none)
  Source output name: (none)
  Release Data: Off
  Data Released: False
  Global Release Data: Off
  PipelineMTime: 0
  UpdateMTime: 2174
  RealTimeStamp: 0 seconds 
  LargestPossibleRegion: 
    Dimension: 3
    Index: [0, 0, 0]
    Size: [216, 256, 291]
  BufferedRegion: 
    Dimension: 3
    Index: [0, 0, 0]
    Size: [216, 256, 291]
  RequestedRegion: 
    Dimension: 3
    Index: [0, 0, 0]
    Size: [216, 256, 291]
  Spacing: [1, 1, 1]
  Origin: [0, 293, 0]
  Direction: 
1 0 0
0 -0 -1
0 -1 -0

  IndexToPointMatrix: 
1 0 0
0 0 -1
0 -1 0

  PointToIndexMatrix: 
1 0 0
0 0 -1
0 -1 0

  Inverse Direction: 
1 0 0
0 0 -1
0 -1 0

  PixelContainer: 
    ImportImageContainer (0x40bc720)
      RTTI typeinfo:   itk::ImportImageContainer<unsigned long, double>
      Reference Count: 1
      Modified Time: 2171
      Debug: Off
      Object Name: 
      Observers: 
        none
      Pointer: 0x7f99445f6010
      Container manages memory: true
      Size: 16091136
      Capacity: 16091136

     Moving image = Image (0x40c60f0)
  RTTI typeinfo:   itk::Image<double, 3u>
  Reference Count: 2
  Modified Time: 2364
  Debug: Off
  Object Name: 
  Observers: 
    none
  Source: (none)
  Source output name: (none)
  Release Data: Off
  Data Released: False
  Global Release Data: Off
  PipelineMTime: 0
  UpdateMTime: 2361
  RealTimeStamp: 0 seconds 
  LargestPossibleRegion: 
    Dimension: 3
    Index: [0, 0, 0]
    Size: [256, 256, 287]
  BufferedRegion: 
    Dimension: 3
    Index: [0, 0, 0]
    Size: [256, 256, 287]
  RequestedRegion: 
    Dimension: 3
    Index: [0, 0, 0]
    Size: [256, 256, 287]
  Spacing: [1, 1, 1]
  Origin: [0, 286, 0]
  Direction: 
1 0 0
0 -0 -1
0 -1 -0

  IndexToPointMatrix: 
1 0 0
0 0 -1
0 -1 0

  PointToIndexMatrix: 
1 0 0
0 0 -1
0 -1 0

  Inverse Direction: 
1 0 0
0 0 -1
0 -1 0

  PixelContainer: 
    ImportImageContainer (0x40c3c10)
      RTTI typeinfo:   itk::ImportImageContainer<unsigned long, double>
      Reference Count: 1
      Modified Time: 2358
      Debug: Off
      Object Name: 
      Observers: 
        none
      Pointer: 0x7f993b675010
      Container manages memory: true
      Size: 18808832
      Capacity: 18808832

     Weighting = 1
     Sampling strategy = none
     Number of bins = 32
     Radius = 4
     Sampling percentage  = 1
   Transform = SyN
     Gradient step = 0.1
     Update field sigma (voxel space) = 3
     Total field sigma (voxel space) = 0
     Update field time sigma = 0
     Total field time sigma  = 0
     Number of time indices = 0
     Number of time point samples = 0
Registration using 3 total stages.

Stage 0
  iterations = 1000x500x250x0
  convergence threshold = 1e-06
  convergence window size = 10
  number of levels = 4
  using the Mattes MI metric (number of bins = 32, weight = 1)
  preprocessing:  winsorizing the image intensities
  Shrink factors (level 1 out of 4): [12, 12, 12]
  Shrink factors (level 2 out of 4): [8, 8, 8]
  Shrink factors (level 3 out of 4): [4, 4, 4]
  Shrink factors (level 4 out of 4): [2, 2, 2]
  smoothing sigmas per level: [4, 3, 2, 1]
  regular sampling (percentage = 0.25)

*** Running Euler3DTransform registration ***

DIAGNOSTIC,Iteration,metricValue,convergenceValue,ITERATION_TIME_INDEX,SINCE_LAST
 2DIAGNOSTIC,     1, -5.065079438909e-01, 1.797693134862e+308, 2.1472e+01, 2.1472e+01, 
 2DIAGNOSTIC,     2, -5.069874935642e-01, 1.797693134862e+308, 2.1483e+01, 1.0339e-02, 
 2DIAGNOSTIC,     3, -5.078643929992e-01, 1.797693134862e+308, 2.1493e+01, 9.9812e-03, 
 2DIAGNOSTIC,     4, -5.092631807996e-01, 1.797693134862e+308, 2.1503e+01, 1.0147e-02, 
 2DIAGNOSTIC,     5, -5.113039848052e-01, 1.797693134862e+308, 2.1515e+01, 1.2329e-02, 
 2DIAGNOSTIC,     6, -5.186024500510e-01, 1.797693134862e+308, 2.1532e+01, 1.6352e-02, 
 2DIAGNOSTIC,     7, -5.197377743739e-01, 1.797693134862e+308, 2.1541e+01, 9.9170e-03, 
 2DIAGNOSTIC,     8, -5.197995006126e-01, 1.797693134862e+308, 2.1551e+01, 1.0012e-02, 
 2DIAGNOSTIC,     9, -5.200556291166e-01, 1.797693134862e+308, 2.1563e+01, 1.1460e-02, 
 2DIAGNOSTIC,    10, -5.204451483408e-01, 2.205265761827e-03, 2.1575e+01, 1.2150e-02, 
 2DIAGNOSTIC,    11, -5.209274530235e-01, 1.843330309605e-03, 2.1586e+01, 1.0525e-02, 
 2DIAGNOSTIC,    12, -5.214974230261e-01, 1.424421553281e-03, 2.1598e+01, 1.2563e-02, 
 2DIAGNOSTIC,    13, -5.235495309489e-01, 1.070210028402e-03, 2.1611e+01, 1.2433e-02, 
 2DIAGNOSTIC,    14, -5.261805391085e-01, 8.284443960185e-04, 2.1626e+01, 1.5149e-02, 
 2DIAGNOSTIC,    15, -5.261127788457e-01, 6.074375628832e-04, 2.1636e+01, 1.0501e-02, 
 2DIAGNOSTIC,    16, -5.268984604629e-01, 6.372634822386e-04, 2.1648e+01, 1.2109e-02, 
 2DIAGNOSTIC,    17, -5.272250153945e-01, 6.524844996903e-04, 2.1659e+01, 1.0425e-02, 
 2DIAGNOSTIC,    18, -5.270148516901e-01, 6.001483136850e-04, 2.1669e+01, 1.0443e-02, 
 2DIAGNOSTIC,    19, -5.276893875699e-01, 5.240470555706e-04, 2.1681e+01, 1.2216e-02, 
 2DIAGNOSTIC,    20, -5.281376006588e-01, 4.300102194959e-04, 2.1694e+01, 1.2057e-02, 
 2DIAGNOSTIC,    21, -5.283918938172e-01, 3.250984790070e-04, 2.1706e+01, 1.2132e-02, 
 2DIAGNOSTIC,    22, -5.282964525232e-01, 2.107916497369e-04, 2.1716e+01, 1.0424e-02, 
 2DIAGNOSTIC,    23, -5.283772131241e-01, 1.363885639842e-04, 2.1728e+01, 1.2011e-02, 
 2DIAGNOSTIC,    24, -5.287851910517e-01, 1.247834878080e-04, 2.1740e+01, 1.1923e-02, 
 2DIAGNOSTIC,    25, -5.287969149648e-01, 1.003255197085e-04, 2.1750e+01, 1.0376e-02, 
 2DIAGNOSTIC,    26, -5.288268514655e-01, 8.553711190189e-05, 2.1761e+01, 1.0404e-02, 
 2DIAGNOSTIC,    27, -5.292939571520e-01, 8.048067822750e-05, 2.1776e+01, 1.4918e-02, 
 2DIAGNOSTIC,    28, -5.293159935745e-01, 6.417107261255e-05, 2.1786e+01, 1.0368e-02, 
 2DIAGNOSTIC,    29, -5.293325096053e-01, 5.576566883053e-05, 2.1796e+01, 1.0430e-02, 
 2DIAGNOSTIC,    30, -5.293517376570e-01, 5.120374142252e-05, 2.1808e+01, 1.1839e-02, 
 2DIAGNOSTIC,    31, -5.293883841187e-01, 4.743732947876e-05, 2.1820e+01, 1.1859e-02, 
 2DIAGNOSTIC,    32, -5.294101025928e-01, 3.816371779902e-05, 2.1831e+01, 1.0368e-02, 
 2DIAGNOSTIC,    33, -5.294325298000e-01, 2.741717406912e-05, 2.1842e+01, 1.1794e-02, 
 2DIAGNOSTIC,    34, -5.292387369935e-01, 1.833864682218e-05, 2.1853e+01, 1.0433e-02, 
 2DIAGNOSTIC,    35, -5.290660919185e-01, 5.804446283311e-06, 2.1865e+01, 1.1872e-02, 
DIAGNOSTIC,Iteration,metricValue,convergenceValue,ITERATION_TIME_INDEX,SINCE_LAST
 2DIAGNOSTIC,     1, -4.466642215834e-01, 1.797693134862e+308, 3.7092e+01, 1.5227e+01, 
 2DIAGNOSTIC,     2, -4.468483140656e-01, 1.797693134862e+308, 3.7148e+01, 5.6492e-02, 
 2DIAGNOSTIC,     3, -4.468712442257e-01, 1.797693134862e+308, 3.7216e+01, 6.7745e-02, 
 2DIAGNOSTIC,     4, -4.469598309299e-01, 1.797693134862e+308, 3.7272e+01, 5.6351e-02, 
 2DIAGNOSTIC,     5, -4.470202100723e-01, 1.797693134862e+308, 3.7340e+01, 6.7118e-02, 
 2DIAGNOSTIC,     6, -4.471266192760e-01, 1.797693134862e+308, 3.7407e+01, 6.7679e-02, 
 2DIAGNOSTIC,     7, -4.471548568751e-01, 1.797693134862e+308, 3.7464e+01, 5.6834e-02, 
 2DIAGNOSTIC,     8, -4.473751812598e-01, 1.797693134862e+308, 3.7531e+01, 6.7059e-02, 
 2DIAGNOSTIC,     9, -4.477192696833e-01, 1.797693134862e+308, 3.7609e+01, 7.7710e-02, 
 2DIAGNOSTIC,    10, -4.477251754501e-01, 1.483712663929e-04, 3.7677e+01, 6.7837e-02, 
 2DIAGNOSTIC,    11, -4.479122747543e-01, 1.481100379898e-04, 3.7787e+01, 1.1032e-01, 
 2DIAGNOSTIC,    12, -4.479475953009e-01, 1.464918905130e-04, 3.7855e+01, 6.7740e-02, 
 2DIAGNOSTIC,    13, -4.479394539845e-01, 1.326718227619e-04, 3.7923e+01, 6.7773e-02, 
 2DIAGNOSTIC,    14, -4.478632455440e-01, 1.094319248225e-04, 3.7980e+01, 5.6968e-02, 
 2DIAGNOSTIC,    15, -4.478812202803e-01, 8.289083453146e-05, 3.8036e+01, 5.6951e-02, 
 2DIAGNOSTIC,    16, -4.479009418751e-01, 5.737450767994e-05, 3.8104e+01, 6.7674e-02, 
 2DIAGNOSTIC,    17, -4.478704548777e-01, 2.949647903958e-05, 3.8162e+01, 5.7545e-02, 
 2DIAGNOSTIC,    18, -4.478960216286e-01, 1.066495851849e-05, 3.8219e+01, 5.6879e-02, 
 2DIAGNOSTIC,    19, -4.481239001073e-01, 1.221600923310e-05, 3.8276e+01, 5.6952e-02, 
 2DIAGNOSTIC,    20, -4.483776312755e-01, 2.049860384864e-05, 3.8343e+01, 6.7613e-02, 
 2DIAGNOSTIC,    21, -4.484354254698e-01, 3.343077347133e-05, 3.8411e+01, 6.8275e-02, 
 2DIAGNOSTIC,    22, -4.484938364427e-01, 4.505668813816e-05, 3.8469e+01, 5.7149e-02, 
 2DIAGNOSTIC,    23, -4.485260779965e-01, 5.238507987940e-05, 3.8537e+01, 6.8433e-02, 
 2DIAGNOSTIC,    24, -4.486953470628e-01, 5.665089704816e-05, 3.8594e+01, 5.7502e-02, 
 2DIAGNOSTIC,    25, -4.493295773335e-01, 7.169671186051e-05, 3.8673e+01, 7.8403e-02, 
 2DIAGNOSTIC,    26, -4.492699635835e-01, 7.767266674988e-05, 3.8920e+01, 2.4741e-01, 
 2DIAGNOSTIC,    27, -4.492699589760e-01, 7.568613728025e-05, 3.8977e+01, 5.6957e-02, 
 2DIAGNOSTIC,    28, -4.492699646968e-01, 6.752356488793e-05, 3.9034e+01, 5.6842e-02, 
 2DIAGNOSTIC,    29, -4.492699743684e-01, 5.838028741462e-05, 3.9091e+01, 5.7243e-02, 
 2DIAGNOSTIC,    30, -4.492699907138e-01, 4.955423100204e-05, 3.9149e+01, 5.7409e-02, 
 2DIAGNOSTIC,    31, -4.492700183268e-01, 3.789440421877e-05, 3.9206e+01, 5.7180e-02, 
 2DIAGNOSTIC,    32, -4.492700649437e-01, 2.486240120662e-05, 3.9263e+01, 5.7151e-02, 
 2DIAGNOSTIC,    33, -4.492701435545e-01, 1.101477878709e-05, 3.9320e+01, 5.6866e-02, 
DIAGNOSTIC,Iteration,metricValue,convergenceValue,ITERATION_TIME_INDEX,SINCE_LAST
 2DIAGNOSTIC,     1, -3.899441882653e-01, 1.797693134862e+308, 4.8198e+01, 8.8778e+00, 
 2DIAGNOSTIC,     2, -3.902369035969e-01, 1.797693134862e+308, 4.8651e+01, 4.5335e-01, 
 2DIAGNOSTIC,     3, -3.903698439412e-01, 1.797693134862e+308, 4.9200e+01, 5.4914e-01, 
 2DIAGNOSTIC,     4, -3.903725327008e-01, 1.797693134862e+308, 4.9750e+01, 5.5023e-01, 
 2DIAGNOSTIC,     5, -3.903715716643e-01, 1.797693134862e+308, 5.0575e+01, 8.2459e-01, 
 2DIAGNOSTIC,     6, -3.903721318497e-01, 1.797693134862e+308, 5.1125e+01, 5.5039e-01, 
 2DIAGNOSTIC,     7, -3.903677768548e-01, 1.797693134862e+308, 5.1676e+01, 5.5103e-01, 
 2DIAGNOSTIC,     8, -3.903584026056e-01, 1.797693134862e+308, 5.2141e+01, 4.6478e-01, 
 2DIAGNOSTIC,     9, -3.903494679045e-01, 1.797693134862e+308, 5.2692e+01, 5.5127e-01, 
 2DIAGNOSTIC,    10, -3.903407181184e-01, 3.847534022759e-05, 5.3244e+01, 5.5120e-01, 
 2DIAGNOSTIC,    11, -3.903372097208e-01, 6.321194537875e-06, 5.3697e+01, 4.5348e-01, 
DIAGNOSTIC,Iteration,metricValue,convergenceValue,ITERATION_TIME_INDEX,SINCE_LAST
 2DIAGNOSTIC,     1, -3.401832441147e-01, 1.797693134862e+308, 6.2289e+01, 8.5920e+00, 
  Elapsed time (stage 0): 6.4118e+01


Stage 1
  iterations = 1000x500x250x0
  convergence threshold = 1.0000e-06
  convergence window size = 10
  number of levels = 4
  using the Mattes MI metric (number of bins = 32, weight = 1.0000e+00)
  preprocessing:  winsorizing the image intensities
  Shrink factors (level 1 out of 4): [12, 12, 12]
  Shrink factors (level 2 out of 4): [8, 8, 8]
  Shrink factors (level 3 out of 4): [4, 4, 4]
  Shrink factors (level 4 out of 4): [2, 2, 2]
  smoothing sigmas per level: [4, 3, 2, 1]
  regular sampling (percentage = 2.5000e-01)

*** Running AffineTransform registration ***

DIAGNOSTIC,Iteration,metricValue,convergenceValue,ITERATION_TIME_INDEX,SINCE_LAST
 2DIAGNOSTIC,     1, -5.235315297573e-01, 1.797693134862e+308, 2.1266e+01, 2.1266e+01, 
 2DIAGNOSTIC,     2, -5.245692197856e-01, 1.797693134862e+308, 2.1279e+01, 1.3370e-02, 
 2DIAGNOSTIC,     3, -5.254708970668e-01, 1.797693134862e+308, 2.1292e+01, 1.3160e-02, 
 2DIAGNOSTIC,     4, -5.269989412267e-01, 1.797693134862e+308, 2.1307e+01, 1.4757e-02, 
 2DIAGNOSTIC,     5, -5.283381549689e-01, 1.797693134862e+308, 2.1320e+01, 1.3177e-02, 
 2DIAGNOSTIC,     6, -5.317250712275e-01, 1.797693134862e+308, 2.1335e+01, 1.5049e-02, 
 2DIAGNOSTIC,     7, -5.332848524312e-01, 1.797693134862e+308, 2.1357e+01, 2.1549e-02, 
 2DIAGNOSTIC,     8, -5.333940620603e-01, 1.797693134862e+308, 2.1372e+01, 1.4840e-02, 
 2DIAGNOSTIC,     9, -5.337701515058e-01, 1.797693134862e+308, 2.1385e+01, 1.3492e-02, 
 2DIAGNOSTIC,    10, -5.339789273291e-01, 1.481518526208e-03, 2.1400e+01, 1.5086e-02, 
 2DIAGNOSTIC,    11, -5.343578512868e-01, 1.201936574812e-03, 2.1414e+01, 1.3742e-02, 
 2DIAGNOSTIC,    12, -5.343620014968e-01, 9.071845825572e-04, 2.1427e+01, 1.3356e-02, 
 2DIAGNOSTIC,    13, -5.354444321857e-01, 6.592017804912e-04, 2.1441e+01, 1.3512e-02, 
 2DIAGNOSTIC,    14, -5.360085551797e-01, 4.671004609805e-04, 2.1454e+01, 1.3629e-02, 
 2DIAGNOSTIC,    15, -5.371231024710e-01, 3.427994774437e-04, 2.1468e+01, 1.3796e-02, 
 2DIAGNOSTIC,    16, -5.382901176127e-01, 3.532860248032e-04, 2.1489e+01, 2.0481e-02, 
 2DIAGNOSTIC,    17, -5.379939282018e-01, 3.695463063785e-04, 2.1502e+01, 1.3542e-02, 
 2DIAGNOSTIC,    18, -5.380309524132e-01, 3.549110303193e-04, 2.1517e+01, 1.4960e-02, 
 2DIAGNOSTIC,    19, -5.381566515215e-01, 3.230740965081e-04, 2.1532e+01, 1.4891e-02, 
 2DIAGNOSTIC,    20, -5.385671403707e-01, 2.803906142419e-04, 2.1548e+01, 1.5668e-02, 
 2DIAGNOSTIC,    21, -5.392553201862e-01, 2.426515459939e-04, 2.1563e+01, 1.5208e-02, 
 2DIAGNOSTIC,    22, -5.402748919441e-01, 2.101937641929e-04, 2.1583e+01, 1.9972e-02, 
 2DIAGNOSTIC,    23, -5.409521058867e-01, 2.018245852025e-04, 2.1598e+01, 1.4918e-02, 
 2DIAGNOSTIC,    24, -5.408212450314e-01, 1.844907378256e-04, 2.1613e+01, 1.4933e-02, 
 2DIAGNOSTIC,    25, -5.404854609766e-01, 1.675533490042e-04, 2.1628e+01, 1.4902e-02, 
 2DIAGNOSTIC,    26, -5.405546122098e-01, 1.618328034962e-04, 2.1641e+01, 1.3377e-02, 
 2DIAGNOSTIC,    27, -5.404581615971e-01, 1.332365811413e-04, 2.1654e+01, 1.3251e-02, 
 2DIAGNOSTIC,    28, -5.406241666964e-01, 9.802433182343e-05, 2.1667e+01, 1.3146e-02, 
 2DIAGNOSTIC,    29, -5.408544949737e-01, 6.280369207368e-05, 2.1681e+01, 1.3296e-02, 
 2DIAGNOSTIC,    30, -5.411440175358e-01, 3.656190112156e-05, 2.1696e+01, 1.4967e-02, 
 2DIAGNOSTIC,    31, -5.411892271705e-01, 2.078316603213e-05, 2.1709e+01, 1.3392e-02, 
 2DIAGNOSTIC,    32, -5.412804461693e-01, 2.220826623153e-05, 2.1732e+01, 2.2921e-02, 
 2DIAGNOSTIC,    33, -5.413772101410e-01, 3.397121917582e-05, 2.1745e+01, 1.3159e-02, 
 2DIAGNOSTIC,    34, -5.410054899002e-01, 3.410789254694e-05, 2.1759e+01, 1.3377e-02, 
 2DIAGNOSTIC,    35, -5.410523068770e-01, 2.681659108374e-05, 2.1773e+01, 1.4830e-02, 
 2DIAGNOSTIC,    36, -5.409678252779e-01, 1.727666543738e-05, 2.1787e+01, 1.3413e-02, 
 2DIAGNOSTIC,    37, -5.410405187368e-01, 6.322797456902e-06, 2.1802e+01, 1.4902e-02, 
 2DIAGNOSTIC,    38, -5.414260525991e-01, 3.041384687565e-06, 2.1817e+01, 1.5078e-02, 
DIAGNOSTIC,Iteration,metricValue,convergenceValue,ITERATION_TIME_INDEX,SINCE_LAST
 2DIAGNOSTIC,     1, -4.657087031825e-01, 1.797693134862e+308, 3.7326e+01, 1.5509e+01, 
 2DIAGNOSTIC,     2, -4.664260839378e-01, 1.797693134862e+308, 3.7393e+01, 6.7565e-02, 
 2DIAGNOSTIC,     3, -4.672412947954e-01, 1.797693134862e+308, 3.7461e+01, 6.7230e-02, 
 2DIAGNOSTIC,     4, -4.678793355924e-01, 1.797693134862e+308, 3.7528e+01, 6.7599e-02, 
 2DIAGNOSTIC,     5, -4.688776598219e-01, 1.797693134862e+308, 3.7595e+01, 6.7221e-02, 
 2DIAGNOSTIC,     6, -4.705636770341e-01, 1.797693134862e+308, 3.7675e+01, 7.9822e-02, 
 2DIAGNOSTIC,     7, -4.714814998273e-01, 1.797693134862e+308, 3.7798e+01, 1.2237e-01, 
 2DIAGNOSTIC,     8, -4.716274509351e-01, 1.797693134862e+308, 3.7876e+01, 7.8177e-02, 
 2DIAGNOSTIC,     9, -4.716029561456e-01, 1.797693134862e+308, 3.7954e+01, 7.8501e-02, 
 2DIAGNOSTIC,    10, -4.716395953974e-01, 9.414507782285e-04, 3.8022e+01, 6.7517e-02, 
 2DIAGNOSTIC,    11, -4.717309055685e-01, 7.291065108851e-04, 3.8089e+01, 6.7641e-02, 
 2DIAGNOSTIC,    12, -4.719387613407e-01, 5.326225350073e-04, 3.8157e+01, 6.7692e-02, 
 2DIAGNOSTIC,    13, -4.722797965562e-01, 3.729585448328e-04, 3.8235e+01, 7.8212e-02, 
 2DIAGNOSTIC,    14, -4.725554474951e-01, 2.420441569220e-04, 3.8314e+01, 7.8216e-02, 
 2DIAGNOSTIC,    15, -4.725361517247e-01, 1.447768841950e-04, 3.8381e+01, 6.7452e-02, 
 2DIAGNOSTIC,    16, -4.725286838462e-01, 1.093496733796e-04, 3.8448e+01, 6.7467e-02, 
 2DIAGNOSTIC,    17, -4.725927787663e-01, 1.029528531280e-04, 3.8527e+01, 7.8888e-02, 
 2DIAGNOSTIC,    18, -4.727997196584e-01, 9.952999593454e-05, 3.8607e+01, 7.9335e-02, 
 2DIAGNOSTIC,    19, -4.728194379051e-01, 8.701626890820e-05, 3.8674e+01, 6.7771e-02, 
 2DIAGNOSTIC,    20, -4.735513400325e-01, 9.125002419872e-05, 3.8742e+01, 6.7044e-02, 
 2DIAGNOSTIC,    21, -4.738660130833e-01, 9.796710091781e-05, 3.8866e+01, 1.2448e-01, 
 2DIAGNOSTIC,    22, -4.739663544232e-01, 1.032842090695e-04, 3.8945e+01, 7.9184e-02, 
 2DIAGNOSTIC,    23, -4.739246210767e-01, 1.064794629955e-04, 3.9013e+01, 6.7919e-02, 
 2DIAGNOSTIC,    24, -4.740819308664e-01, 1.105625081919e-04, 3.9080e+01, 6.7143e-02, 
 2DIAGNOSTIC,    25, -4.740884418928e-01, 1.034502618429e-04, 3.9148e+01, 6.7837e-02, 
 2DIAGNOSTIC,    26, -4.742551331486e-01, 9.082039997269e-05, 3.9215e+01, 6.7139e-02, 
 2DIAGNOSTIC,    27, -4.743212427757e-01, 7.363021697147e-05, 3.9282e+01, 6.7251e-02, 
 2DIAGNOSTIC,    28, -4.752353149475e-01, 7.523980021679e-05, 3.9372e+01, 8.9214e-02, 
 2DIAGNOSTIC,    29, -4.756284223393e-01, 7.746571512447e-05, 3.9462e+01, 8.9971e-02, 
 2DIAGNOSTIC,    30, -4.756675468724e-01, 8.761501335133e-05, 3.9529e+01, 6.7433e-02, 
 2DIAGNOSTIC,    31, -4.761669549100e-01, 1.049988773792e-04, 3.9607e+01, 7.8367e-02, 
 2DIAGNOSTIC,    32, -4.768967461855e-01, 1.268636190525e-04, 3.9718e+01, 1.1065e-01, 
 2DIAGNOSTIC,    33, -4.770795853808e-01, 1.374235630365e-04, 3.9796e+01, 7.7822e-02, 
 2DIAGNOSTIC,    34, -4.771693310669e-01, 1.388517014207e-04, 3.9863e+01, 6.6628e-02, 
 2DIAGNOSTIC,    35, -4.771640628507e-01, 1.274350112573e-04, 3.9929e+01, 6.6553e-02, 
 2DIAGNOSTIC,    36, -4.772278951795e-01, 1.086183080396e-04, 4.0008e+01, 7.8503e-02, 
 2DIAGNOSTIC,    37, -4.772451703762e-01, 8.134485646287e-05, 4.0086e+01, 7.8711e-02, 
 2DIAGNOSTIC,    38, -4.772559373680e-01, 6.233905627645e-05, 4.0154e+01, 6.7217e-02, 
 2DIAGNOSTIC,    39, -4.772758304182e-01, 4.505579645226e-05, 4.0232e+01, 7.8500e-02, 
 2DIAGNOSTIC,    40, -4.772340656275e-01, 2.433883347038e-05, 4.0311e+01, 7.8740e-02, 
 2DIAGNOSTIC,    41, -4.772417181515e-01, 9.573345026718e-06, 4.0573e+01, 2.6220e-01, 
 2DIAGNOSTIC,    42, -4.772417181077e-01, 5.031431501660e-06, 4.0640e+01, 6.7213e-02, 
 2DIAGNOSTIC,    43, -4.772417182382e-01, 2.811269274684e-06, 4.0707e+01, 6.6846e-02, 
 2DIAGNOSTIC,    44, -4.772417184586e-01, 1.734199219765e-06, 4.0775e+01, 6.7648e-02, 
DIAGNOSTIC,Iteration,metricValue,convergenceValue,ITERATION_TIME_INDEX,SINCE_LAST
 2DIAGNOSTIC,     1, -4.041073510511e-01, 1.797693134862e+308, 4.9933e+01, 9.1587e+00, 
 2DIAGNOSTIC,     2, -4.045548588792e-01, 1.797693134862e+308, 5.0472e+01, 5.3864e-01, 
 2DIAGNOSTIC,     3, -4.050332831170e-01, 1.797693134862e+308, 5.1016e+01, 5.4447e-01, 
 2DIAGNOSTIC,     4, -4.053619466866e-01, 1.797693134862e+308, 5.1561e+01, 5.4460e-01, 
 2DIAGNOSTIC,     5, -4.056520639300e-01, 1.797693134862e+308, 5.2106e+01, 5.4485e-01, 
 2DIAGNOSTIC,     6, -4.062488654300e-01, 1.797693134862e+308, 5.2744e+01, 6.3759e-01, 
 2DIAGNOSTIC,     7, -4.066014070693e-01, 1.797693134862e+308, 5.3475e+01, 7.3138e-01, 
 2DIAGNOSTIC,     8, -4.067114577915e-01, 1.797693134862e+308, 5.4113e+01, 6.3773e-01, 
 2DIAGNOSTIC,     9, -4.069453874244e-01, 1.797693134862e+308, 5.4657e+01, 5.4390e-01, 
 2DIAGNOSTIC,    10, -4.071638269729e-01, 4.934184025926e-04, 5.5295e+01, 6.3825e-01, 
 2DIAGNOSTIC,    11, -4.072709142406e-01, 4.001491463628e-04, 5.6024e+01, 7.2943e-01, 
 2DIAGNOSTIC,    12, -4.073744361916e-01, 3.183947513609e-04, 5.6658e+01, 6.3402e-01, 
 2DIAGNOSTIC,    13, -4.079943890030e-01, 2.799258754775e-04, 5.7383e+01, 7.2441e-01, 
 2DIAGNOSTIC,    14, -4.080700900377e-01, 2.412140625313e-04, 5.8111e+01, 7.2806e-01, 
 2DIAGNOSTIC,    15, -4.080605320729e-01, 1.985332917858e-04, 5.8832e+01, 7.2092e-01, 
 2DIAGNOSTIC,    16, -4.080593861363e-01, 1.693691591798e-04, 5.9465e+01, 6.3373e-01, 
 2DIAGNOSTIC,    17, -4.080459309074e-01, 1.421786016488e-04, 6.0192e+01, 7.2635e-01, 
 2DIAGNOSTIC,    18, -4.080440640594e-01, 1.087458359918e-04, 6.0824e+01, 6.3236e-01, 
 2DIAGNOSTIC,    19, -4.080409236050e-01, 7.716121832817e-05, 6.1452e+01, 6.2809e-01, 
 2DIAGNOSTIC,    20, -4.080321377812e-01, 4.933368346182e-05, 6.1986e+01, 5.3346e-01, 
 2DIAGNOSTIC,    21, -4.080299899652e-01, 2.340774358583e-05, 6.2614e+01, 6.2790e-01, 
DIAGNOSTIC,Iteration,metricValue,convergenceValue,ITERATION_TIME_INDEX,SINCE_LAST
 2DIAGNOSTIC,     1, -3.529995218778e-01, 1.797693134862e+308, 7.2619e+01, 1.0006e+01, 
  Elapsed time (stage 1): 7.4539e+01


Stage 2
  iterations = 100x100x70x50x0
  convergence threshold = 1.0000e-06
  convergence window size = 10
  number of levels = 5
  using the Mattes MI metric (number of bins = 32, weight = 1.0000e+00)
  preprocessing:  winsorizing the image intensities
  Shrink factors (level 1 out of 5): [10, 10, 10]
  Shrink factors (level 2 out of 5): [6, 6, 6]
  Shrink factors (level 3 out of 5): [4, 4, 4]
  Shrink factors (level 4 out of 5): [2, 2, 2]
  Shrink factors (level 5 out of 5): [1, 1, 1]
  smoothing sigmas per level: [5, 3, 2, 1, 0]
  Using default NONE metricSamplingStrategy 

*** Running SyN registration (varianceForUpdateField = 3.0000e+00, varianceForTotalField = 0.0000e+00) ***

XXDIAGNOSTIC,Iteration,metricValue,convergenceValue,ITERATION_TIME_INDEX,SINCE_LAST
 1DIAGNOSTIC,     1, -5.235363950749e-01, 1.797693134862e+308, 3.4327e+01, 3.4327e+01, 
 1DIAGNOSTIC,     2, -5.448215875569e-01, 1.797693134862e+308, 3.4466e+01, 1.3926e-01, 
 1DIAGNOSTIC,     3, -5.572699033823e-01, 1.797693134862e+308, 3.4599e+01, 1.3342e-01, 
 1DIAGNOSTIC,     4, -5.617043961343e-01, 1.797693134862e+308, 3.4736e+01, 1.3641e-01, 
 1DIAGNOSTIC,     5, -5.616830381903e-01, 1.797693134862e+308, 3.4870e+01, 1.3412e-01, 
 1DIAGNOSTIC,     6, -5.593556745816e-01, 1.797693134862e+308, 3.5004e+01, 1.3365e-01, 
 1DIAGNOSTIC,     7, -5.571150158686e-01, 1.797693134862e+308, 3.5137e+01, 1.3336e-01, 
 1DIAGNOSTIC,     8, -5.560477887831e-01, 1.797693134862e+308, 3.5271e+01, 1.3354e-01, 
 1DIAGNOSTIC,     9, -5.533797083631e-01, 1.797693134862e+308, 3.5404e+01, 1.3375e-01, 
 1DIAGNOSTIC,    10, -5.515147628743e-01, 1.652450991058e-03, 3.5539e+01, 1.3449e-01, 
 1DIAGNOSTIC,    11, -5.497390692114e-01, -4.160171241632e-04, 3.5673e+01, 1.3411e-01, 
XXDIAGNOSTIC,Iteration,metricValue,convergenceValue,ITERATION_TIME_INDEX,SINCE_LAST
 1DIAGNOSTIC,     1, -4.382341997059e-01, 1.797693134862e+308, 5.1483e+01, 1.5810e+01, 
 1DIAGNOSTIC,     2, -4.408345943851e-01, 1.797693134862e+308, 5.2030e+01, 5.4734e-01, 
 1DIAGNOSTIC,     3, -4.423350736588e-01, 1.797693134862e+308, 5.2567e+01, 5.3722e-01, 
 1DIAGNOSTIC,     4, -4.426437172065e-01, 1.797693134862e+308, 5.3103e+01, 5.3533e-01, 
 1DIAGNOSTIC,     5, -4.421932456791e-01, 1.797693134862e+308, 5.3639e+01, 5.3606e-01, 
 1DIAGNOSTIC,     6, -4.418337671025e-01, 1.797693134862e+308, 5.4175e+01, 5.3685e-01, 
 1DIAGNOSTIC,     7, -4.407623292553e-01, 1.797693134862e+308, 5.4711e+01, 5.3548e-01, 
 1DIAGNOSTIC,     8, -4.398188845986e-01, 1.797693134862e+308, 5.5245e+01, 5.3456e-01, 
 1DIAGNOSTIC,     9, -4.383711280982e-01, 1.797693134862e+308, 5.5780e+01, 5.3451e-01, 
 1DIAGNOSTIC,    10, -4.372271689906e-01, -3.751859951344e-04, 5.6319e+01, 5.3859e-01, 
XXDIAGNOSTIC,Iteration,metricValue,convergenceValue,ITERATION_TIME_INDEX,SINCE_LAST
 1DIAGNOSTIC,     1, -3.726270402494e-01, 1.797693134862e+308, 6.6328e+01, 1.0009e+01, 
 1DIAGNOSTIC,     2, -3.735632200671e-01, 1.797693134862e+308, 6.8061e+01, 1.7336e+00, 
 1DIAGNOSTIC,     3, -3.742219394751e-01, 1.797693134862e+308, 6.9741e+01, 1.6799e+00, 
 1DIAGNOSTIC,     4, -3.745755885583e-01, 1.797693134862e+308, 7.1425e+01, 1.6835e+00, 
 1DIAGNOSTIC,     5, -3.748826481033e-01, 1.797693134862e+308, 7.3109e+01, 1.6839e+00, 
 1DIAGNOSTIC,     6, -3.749249673294e-01, 1.797693134862e+308, 7.4850e+01, 1.7411e+00, 
 1DIAGNOSTIC,     7, -3.748429943014e-01, 1.797693134862e+308, 7.6535e+01, 1.6850e+00, 
 1DIAGNOSTIC,     8, -3.745768565376e-01, 1.797693134862e+308, 7.8222e+01, 1.6871e+00, 
 1DIAGNOSTIC,     9, -3.741973129309e-01, 1.797693134862e+308, 7.9914e+01, 1.6916e+00, 
 1DIAGNOSTIC,    10, -3.740660543676e-01, 1.834668017833e-04, 8.1651e+01, 1.7377e+00, 
 1DIAGNOSTIC,    11, -3.736465073971e-01, -2.988850393409e-05, 8.3386e+01, 1.7352e+00, 
XXDIAGNOSTIC,Iteration,metricValue,convergenceValue,ITERATION_TIME_INDEX,SINCE_LAST
 1DIAGNOSTIC,     1, -3.166985213773e-01, 1.797693134862e+308, 1.0233e+02, 1.8942e+01, 
 1DIAGNOSTIC,     2, -3.174460110534e-01, 1.797693134862e+308, 1.1495e+02, 1.2619e+01, 
 1DIAGNOSTIC,     3, -3.182204815973e-01, 1.797693134862e+308, 1.2754e+02, 1.2597e+01, 
 1DIAGNOSTIC,     4, -3.189207274966e-01, 1.797693134862e+308, 1.4017e+02, 1.2622e+01, 
 1DIAGNOSTIC,     5, -3.195650730809e-01, 1.797693134862e+308, 1.5320e+02, 1.3032e+01, 
 1DIAGNOSTIC,     6, -3.201499216986e-01, 1.797693134862e+308, 1.6584e+02, 1.2640e+01, 
 1DIAGNOSTIC,     7, -3.206850066988e-01, 1.797693134862e+308, 1.7891e+02, 1.3068e+01, 
 1DIAGNOSTIC,     8, -3.212038260585e-01, 1.797693134862e+308, 1.9167e+02, 1.2763e+01, 
 1DIAGNOSTIC,     9, -3.216019472001e-01, 1.797693134862e+308, 2.0427e+02, 1.2598e+01, 
 1DIAGNOSTIC,    10, -3.219743769230e-01, 1.063161450185e-03, 2.1686e+02, 1.2589e+01, 
 1DIAGNOSTIC,    11, -3.222967916804e-01, 8.805545250369e-04, 2.2966e+02, 1.2801e+01, 
 1DIAGNOSTIC,    12, -3.226192904251e-01, 7.279711982889e-04, 2.4225e+02, 1.2589e+01, 
 1DIAGNOSTIC,    13, -3.229073169991e-01, 6.050835093818e-04, 2.5485e+02, 1.2600e+01, 
 1DIAGNOSTIC,    14, -3.232096545922e-01, 5.078938637092e-04, 2.6800e+02, 1.3154e+01, 
 1DIAGNOSTIC,    15, -3.234789952267e-01, 4.309486923226e-04, 2.8104e+02, 1.3038e+01, 
 1DIAGNOSTIC,    16, -3.236969348728e-01, 3.682636928744e-04, 2.9457e+02, 1.3532e+01, 
 1DIAGNOSTIC,    17, -3.238627540881e-01, 3.152871286891e-04, 3.0806e+02, 1.3494e+01, 
 1DIAGNOSTIC,    18, -3.240515150189e-01, 2.737506524270e-04, 3.2153e+02, 1.3465e+01, 
 1DIAGNOSTIC,    19, -3.241715095823e-01, 2.351410416052e-04, 3.3498e+02, 1.3451e+01, 
 1DIAGNOSTIC,    20, -3.243229014916e-01, 2.016364025711e-04, 3.4841e+02, 1.3427e+01, 
 1DIAGNOSTIC,    21, -3.244229795154e-01, 1.702431775803e-04, 3.6186e+02, 1.3452e+01, 
 1DIAGNOSTIC,    22, -3.245611250787e-01, 1.443230645431e-04, 3.7538e+02, 1.3522e+01, 
 1DIAGNOSTIC,    23, -3.246140321829e-01, 1.201525284732e-04, 3.8884e+02, 1.3462e+01, 
 1DIAGNOSTIC,    24, -3.247065344443e-01, 1.012568926282e-04, 4.0237e+02, 1.3523e+01, 
 1DIAGNOSTIC,    25, -3.248188845424e-01, 8.782058264206e-05, 4.1578e+02, 1.3417e+01, 
 1DIAGNOSTIC,    26, -3.248595644329e-01, 7.590728819014e-05, 4.2919e+02, 1.3409e+01, 
 1DIAGNOSTIC,    27, -3.249343252013e-01, 6.561830108560e-05, 4.4277e+02, 1.3581e+01, 
 1DIAGNOSTIC,    28, -3.249518784233e-01, 5.643938851808e-05, 4.5627e+02, 1.3495e+01, 
 1DIAGNOSTIC,    29, -3.250052443070e-01, 4.788366770686e-05, 4.6979e+02, 1.3520e+01, 
 1DIAGNOSTIC,    30, -3.250221090108e-01, 4.033785757201e-05, 4.8330e+02, 1.3516e+01, 
 1DIAGNOSTIC,    31, -3.250231567670e-01, 3.236053936147e-05, 4.9680e+02, 1.3493e+01, 
 1DIAGNOSTIC,    32, -3.250288857788e-01, 2.590355099815e-05, 5.1021e+02, 1.3417e+01, 
 1DIAGNOSTIC,    33, -3.250421937911e-01, 1.921093181852e-05, 5.2363e+02, 1.3413e+01, 
 1DIAGNOSTIC,    34, -3.249910799466e-01, 1.218130571897e-05, 5.3725e+02, 1.3625e+01, 
 1DIAGNOSTIC,    35, -3.249836500007e-01, 7.157396367072e-06, 5.5069e+02, 1.3437e+01, 
 1DIAGNOSTIC,    36, -3.249592184602e-01, 2.184821746441e-06, 5.6415e+02, 1.3456e+01, 
 1DIAGNOSTIC,    37, -3.249283459448e-01, -1.596259175920e-06, 5.7764e+02, 1.3492e+01, 
  Elapsed time (stage 2): 597.9


Total elapsed time: 736.6

--- Writing output images ---

Using double precision for computations.
Input scalar image: data/Segmentations/1011_3_seg.nii.gz
Reference image: data/template/T_template0_BrainCerebellum.nii.gz
=============================================================================
The composite transform comprises the following transforms (in order): 
  1. /tmp/1971045.1.basic.q/1011_ToTemplate_013_0GenericAffine.mat (type = AffineTransform)
  2. /tmp/1971045.1.basic.q/1011_ToTemplate_013_1Warp.nii.gz (type = DisplacementFieldTransform)
=============================================================================
Default pixel value: 0
Interpolation type: LabelImageGenericInterpolateImageFunction
Output warped image: output/1011/1011_WarpedLabels_013.nii.gz

--- Done ---

