
--- Running on compute-2-15.local ---


--- registration call ---
/data/jet/pcook/bin/antsBuild/bin/antsRegistrationSyNQuick.sh -d 3 -f data/template/T_template0_BrainCerebellum.nii.gz -m data/Brains/1014_3.nii.gz -t s -p f -n 1 -o /tmp/1971652.1.basic.q/1014_ToTemplate_020_
---


--------------------------------------------------------------------------------------
 Mapping parameters
--------------------------------------------------------------------------------------
 ANTSPATH is /data/jet/pcook/bin/antsBuild/bin/

 Dimensionality:           3
 Output name prefix:       /tmp/1971652.1.basic.q/1014_ToTemplate_020_
 Fixed images:             data/template/T_template0_BrainCerebellum.nii.gz
 Moving images:            data/Brains/1014_3.nii.gz
 Mask images:              
 Initial transforms:       
 Number of threads:        1
 Spline distance:          26
 Transform type:           s
 MI histogram bins:        32
 Precision:                f
 Use histogram matching    0
======================================================================================
 antsRegistration call:
--------------------------------------------------------------------------------------
/data/jet/pcook/bin/antsBuild/bin//antsRegistration --verbose 1 --dimensionality 3 --float 1 --collapse-output-transforms 1 --output [/tmp/1971652.1.basic.q/1014_ToTemplate_020_,/tmp/1971652.1.basic.q/1014_ToTemplate_020_Warped.nii.gz,/tmp/1971652.1.basic.q/1014_ToTemplate_020_InverseWarped.nii.gz] --interpolation Linear --use-histogram-matching 0 --winsorize-image-intensities [0.005,0.995] --initial-moving-transform [data/template/T_template0_BrainCerebellum.nii.gz,data/Brains/1014_3.nii.gz,1] --transform Rigid[0.1] --metric MI[data/template/T_template0_BrainCerebellum.nii.gz,data/Brains/1014_3.nii.gz,1,32,Regular,0.25] --convergence [1000x500x250x0,1e-6,10] --shrink-factors 12x8x4x2 --smoothing-sigmas 4x3x2x1vox --transform Affine[0.1] --metric MI[data/template/T_template0_BrainCerebellum.nii.gz,data/Brains/1014_3.nii.gz,1,32,Regular,0.25] --convergence [1000x500x250x0,1e-6,10] --shrink-factors 12x8x4x2 --smoothing-sigmas 4x3x2x1vox --transform SyN[0.1,3,0] --metric MI[data/template/T_template0_BrainCerebellum.nii.gz,data/Brains/1014_3.nii.gz,1,32] --convergence [100x100x70x50x0,1e-6,10] --shrink-factors 10x6x4x2x1 --smoothing-sigmas 5x3x2x1x0vox
--------------------------------------------------------------------------------------
All_Command_lines_OK
Using single precision for computations.
=============================================================================
The composite transform comprises the following transforms (in order): 
  1. Center of mass alignment using fixed image: data/template/T_template0_BrainCerebellum.nii.gz and moving image: data/Brains/1014_3.nii.gz (type = Euler3DTransform)
=============================================================================
  number of levels = 4
  number of levels = 4
  number of levels = 5
  fixed image: data/template/T_template0_BrainCerebellum.nii.gz
  moving image: data/Brains/1014_3.nii.gz
  fixed image: data/template/T_template0_BrainCerebellum.nii.gz
  moving image: data/Brains/1014_3.nii.gz
  fixed image: data/template/T_template0_BrainCerebellum.nii.gz
  moving image: data/Brains/1014_3.nii.gz
Dimension = 3
Number of stages = 3
Use Histogram Matching false
Winsorize image intensities true
Lower quantile = 0.005
Upper quantile = 0.995
Stage 1 State
   Image metric = Mattes
     Fixed image = Image (0x522d420)
  RTTI typeinfo:   itk::Image<float, 3u>
  Reference Count: 2
  Modified Time: 1611
  Debug: Off
  Object Name: 
  Observers: 
    none
  Source: (none)
  Source output name: (none)
  Release Data: Off
  Data Released: False
  Global Release Data: Off
  PipelineMTime: 0
  UpdateMTime: 1422
  RealTimeStamp: 0 seconds 
  LargestPossibleRegion: 
    Dimension: 3
    Index: [0, 0, 0]
    Size: [216, 256, 291]
  BufferedRegion: 
    Dimension: 3
    Index: [0, 0, 0]
    Size: [216, 256, 291]
  RequestedRegion: 
    Dimension: 3
    Index: [0, 0, 0]
    Size: [216, 256, 291]
  Spacing: [1, 1, 1]
  Origin: [0, 293, 0]
  Direction: 
1 0 0
0 -0 -1
0 -1 -0

  IndexToPointMatrix: 
1 0 0
0 0 -1
0 -1 0

  PointToIndexMatrix: 
1 0 0
0 0 -1
0 -1 0

  Inverse Direction: 
1 0 0
0 0 -1
0 -1 0

  PixelContainer: 
    ImportImageContainer (0x52127f0)
      RTTI typeinfo:   itk::ImportImageContainer<unsigned long, float>
      Reference Count: 1
      Modified Time: 1419
      Debug: Off
      Object Name: 
      Observers: 
        none
      Pointer: 0x7f6c839b2010
      Container manages memory: true
      Size: 16091136
      Capacity: 16091136

     Moving image = Image (0x522de60)
  RTTI typeinfo:   itk::Image<float, 3u>
  Reference Count: 2
  Modified Time: 1612
  Debug: Off
  Object Name: 
  Observers: 
    none
  Source: (none)
  Source output name: (none)
  Release Data: Off
  Data Released: False
  Global Release Data: Off
  PipelineMTime: 0
  UpdateMTime: 1609
  RealTimeStamp: 0 seconds 
  LargestPossibleRegion: 
    Dimension: 3
    Index: [0, 0, 0]
    Size: [256, 256, 307]
  BufferedRegion: 
    Dimension: 3
    Index: [0, 0, 0]
    Size: [256, 256, 307]
  RequestedRegion: 
    Dimension: 3
    Index: [0, 0, 0]
    Size: [256, 256, 307]
  Spacing: [1, 1, 1]
  Origin: [0, 306, 0]
  Direction: 
1 0 0
0 -0 -1
0 -1 -0

  IndexToPointMatrix: 
1 0 0
0 0 -1
0 -1 0

  PointToIndexMatrix: 
1 0 0
0 0 -1
0 -1 0

  Inverse Direction: 
1 0 0
0 0 -1
0 -1 0

  PixelContainer: 
    ImportImageContainer (0x52302b0)
      RTTI typeinfo:   itk::ImportImageContainer<unsigned long, float>
      Reference Count: 1
      Modified Time: 1606
      Debug: Off
      Object Name: 
      Observers: 
        none
      Pointer: 0x7f6c7ecf1010
      Container manages memory: true
      Size: 20119552
      Capacity: 20119552

     Weighting = 1
     Sampling strategy = regular
     Number of bins = 32
     Radius = 4
     Sampling percentage  = 0.25
   Transform = Rigid
     Gradient step = 0.1
     Update field sigma (voxel space) = 0
     Total field sigma (voxel space) = 0
     Update field time sigma = 0
     Total field time sigma  = 0
     Number of time indices = 0
     Number of time point samples = 0
Stage 2 State
   Image metric = Mattes
     Fixed image = Image (0x52386c0)
  RTTI typeinfo:   itk::Image<float, 3u>
  Reference Count: 2
  Modified Time: 1987
  Debug: Off
  Object Name: 
  Observers: 
    none
  Source: (none)
  Source output name: (none)
  Release Data: Off
  Data Released: False
  Global Release Data: Off
  PipelineMTime: 0
  UpdateMTime: 1798
  RealTimeStamp: 0 seconds 
  LargestPossibleRegion: 
    Dimension: 3
    Index: [0, 0, 0]
    Size: [216, 256, 291]
  BufferedRegion: 
    Dimension: 3
    Index: [0, 0, 0]
    Size: [216, 256, 291]
  RequestedRegion: 
    Dimension: 3
    Index: [0, 0, 0]
    Size: [216, 256, 291]
  Spacing: [1, 1, 1]
  Origin: [0, 293, 0]
  Direction: 
1 0 0
0 -0 -1
0 -1 -0

  IndexToPointMatrix: 
1 0 0
0 0 -1
0 -1 0

  PointToIndexMatrix: 
1 0 0
0 0 -1
0 -1 0

  Inverse Direction: 
1 0 0
0 0 -1
0 -1 0

  PixelContainer: 
    ImportImageContainer (0x5238f60)
      RTTI typeinfo:   itk::ImportImageContainer<unsigned long, float>
      Reference Count: 1
      Modified Time: 1795
      Debug: Off
      Object Name: 
      Observers: 
        none
      Pointer: 0x7f6c7af8e010
      Container manages memory: true
      Size: 16091136
      Capacity: 16091136

     Moving image = Image (0x5238a50)
  RTTI typeinfo:   itk::Image<float, 3u>
  Reference Count: 2
  Modified Time: 1988
  Debug: Off
  Object Name: 
  Observers: 
    none
  Source: (none)
  Source output name: (none)
  Release Data: Off
  Data Released: False
  Global Release Data: Off
  PipelineMTime: 0
  UpdateMTime: 1985
  RealTimeStamp: 0 seconds 
  LargestPossibleRegion: 
    Dimension: 3
    Index: [0, 0, 0]
    Size: [256, 256, 307]
  BufferedRegion: 
    Dimension: 3
    Index: [0, 0, 0]
    Size: [256, 256, 307]
  RequestedRegion: 
    Dimension: 3
    Index: [0, 0, 0]
    Size: [256, 256, 307]
  Spacing: [1, 1, 1]
  Origin: [0, 306, 0]
  Direction: 
1 0 0
0 -0 -1
0 -1 -0

  IndexToPointMatrix: 
1 0 0
0 0 -1
0 -1 0

  PointToIndexMatrix: 
1 0 0
0 0 -1
0 -1 0

  Inverse Direction: 
1 0 0
0 0 -1
0 -1 0

  PixelContainer: 
    ImportImageContainer (0x5239950)
      RTTI typeinfo:   itk::ImportImageContainer<unsigned long, float>
      Reference Count: 1
      Modified Time: 1982
      Debug: Off
      Object Name: 
      Observers: 
        none
      Pointer: 0x7f6c762cd010
      Container manages memory: true
      Size: 20119552
      Capacity: 20119552

     Weighting = 1
     Sampling strategy = regular
     Number of bins = 32
     Radius = 4
     Sampling percentage  = 0.25
   Transform = Affine
     Gradient step = 0.1
     Update field sigma (voxel space) = 0
     Total field sigma (voxel space) = 0
     Update field time sigma = 0
     Total field time sigma  = 0
     Number of time indices = 0
     Number of time point samples = 0
Stage 3 State
   Image metric = Mattes
     Fixed image = Image (0x523f7b0)
  RTTI typeinfo:   itk::Image<float, 3u>
  Reference Count: 2
  Modified Time: 2363
  Debug: Off
  Object Name: 
  Observers: 
    none
  Source: (none)
  Source output name: (none)
  Release Data: Off
  Data Released: False
  Global Release Data: Off
  PipelineMTime: 0
  UpdateMTime: 2174
  RealTimeStamp: 0 seconds 
  LargestPossibleRegion: 
    Dimension: 3
    Index: [0, 0, 0]
    Size: [216, 256, 291]
  BufferedRegion: 
    Dimension: 3
    Index: [0, 0, 0]
    Size: [216, 256, 291]
  RequestedRegion: 
    Dimension: 3
    Index: [0, 0, 0]
    Size: [216, 256, 291]
  Spacing: [1, 1, 1]
  Origin: [0, 293, 0]
  Direction: 
1 0 0
0 -0 -1
0 -1 -0

  IndexToPointMatrix: 
1 0 0
0 0 -1
0 -1 0

  PointToIndexMatrix: 
1 0 0
0 0 -1
0 -1 0

  Inverse Direction: 
1 0 0
0 0 -1
0 -1 0

  PixelContainer: 
    ImportImageContainer (0x523fa40)
      RTTI typeinfo:   itk::ImportImageContainer<unsigned long, float>
      Reference Count: 1
      Modified Time: 2171
      Debug: Off
      Object Name: 
      Observers: 
        none
      Pointer: 0x7f6c7256a010
      Container manages memory: true
      Size: 16091136
      Capacity: 16091136

     Moving image = Image (0x52421b0)
  RTTI typeinfo:   itk::Image<float, 3u>
  Reference Count: 2
  Modified Time: 2364
  Debug: Off
  Object Name: 
  Observers: 
    none
  Source: (none)
  Source output name: (none)
  Release Data: Off
  Data Released: False
  Global Release Data: Off
  PipelineMTime: 0
  UpdateMTime: 2361
  RealTimeStamp: 0 seconds 
  LargestPossibleRegion: 
    Dimension: 3
    Index: [0, 0, 0]
    Size: [256, 256, 307]
  BufferedRegion: 
    Dimension: 3
    Index: [0, 0, 0]
    Size: [256, 256, 307]
  RequestedRegion: 
    Dimension: 3
    Index: [0, 0, 0]
    Size: [256, 256, 307]
  Spacing: [1, 1, 1]
  Origin: [0, 306, 0]
  Direction: 
1 0 0
0 -0 -1
0 -1 -0

  IndexToPointMatrix: 
1 0 0
0 0 -1
0 -1 0

  PointToIndexMatrix: 
1 0 0
0 0 -1
0 -1 0

  Inverse Direction: 
1 0 0
0 0 -1
0 -1 0

  PixelContainer: 
    ImportImageContainer (0x523faa0)
      RTTI typeinfo:   itk::ImportImageContainer<unsigned long, float>
      Reference Count: 1
      Modified Time: 2358
      Debug: Off
      Object Name: 
      Observers: 
        none
      Pointer: 0x7f6c6d8a9010
      Container manages memory: true
      Size: 20119552
      Capacity: 20119552

     Weighting = 1
     Sampling strategy = none
     Number of bins = 32
     Radius = 4
     Sampling percentage  = 1
   Transform = SyN
     Gradient step = 0.1
     Update field sigma (voxel space) = 3
     Total field sigma (voxel space) = 0
     Update field time sigma = 0
     Total field time sigma  = 0
     Number of time indices = 0
     Number of time point samples = 0
Registration using 3 total stages.

Stage 0
  iterations = 1000x500x250x0
  convergence threshold = 1e-06
  convergence window size = 10
  number of levels = 4
  using the Mattes MI metric (number of bins = 32, weight = 1)
  preprocessing:  winsorizing the image intensities
  Shrink factors (level 1 out of 4): [12, 12, 12]
  Shrink factors (level 2 out of 4): [8, 8, 8]
  Shrink factors (level 3 out of 4): [4, 4, 4]
  Shrink factors (level 4 out of 4): [2, 2, 2]
  smoothing sigmas per level: [4, 3, 2, 1]
  regular sampling (percentage = 0.25)

*** Running Euler3DTransform registration ***

DIAGNOSTIC,Iteration,metricValue,convergenceValue,ITERATION_TIME_INDEX,SINCE_LAST
 2DIAGNOSTIC,     1, -4.670301079750e-01, inf, 1.8149e+01, 1.8149e+01, 
 2DIAGNOSTIC,     2, -4.675765633583e-01, inf, 1.8159e+01, 9.7392e-03, 
 2DIAGNOSTIC,     3, -4.684868454933e-01, inf, 1.8168e+01, 9.5570e-03, 
 2DIAGNOSTIC,     4, -4.700929224491e-01, inf, 1.8178e+01, 9.6250e-03, 
 2DIAGNOSTIC,     5, -4.714298248291e-01, inf, 1.8189e+01, 1.1337e-02, 
 2DIAGNOSTIC,     6, -4.732094407082e-01, inf, 1.8202e+01, 1.2918e-02, 
 2DIAGNOSTIC,     7, -4.759323596954e-01, inf, 1.8213e+01, 1.1095e-02, 
 2DIAGNOSTIC,     8, -4.761421978474e-01, inf, 1.8223e+01, 9.4781e-03, 
 2DIAGNOSTIC,     9, -4.761652946472e-01, inf, 1.8232e+01, 9.4211e-03, 
 2DIAGNOSTIC,    10, -4.762055277824e-01, 1.512243412435e-03, 1.8247e+01, 1.4822e-02, 
 2DIAGNOSTIC,    11, -4.762746989727e-01, 1.225047977641e-03, 1.8257e+01, 1.0040e-02, 
 2DIAGNOSTIC,    12, -4.762938022614e-01, 9.028952335939e-04, 1.8267e+01, 9.9461e-03, 
 2DIAGNOSTIC,    13, -4.763421118259e-01, 5.930420011282e-04, 1.8279e+01, 1.1498e-02, 
 2DIAGNOSTIC,    14, -4.763945639133e-01, 3.463563916739e-04, 1.8292e+01, 1.3067e-02, 
 2DIAGNOSTIC,    15, -4.765089154243e-01, 1.587592123542e-04, 1.8302e+01, 9.9449e-03, 
 2DIAGNOSTIC,    16, -4.765146076679e-01, 4.438306859811e-05, 1.8312e+01, 9.9351e-03, 
 2DIAGNOSTIC,    17, -4.765338897705e-01, 3.623154407251e-05, 1.8321e+01, 9.9289e-03, 
 2DIAGNOSTIC,    18, -4.765444397926e-01, 3.319949610159e-05, 1.8334e+01, 1.2992e-02, 
 2DIAGNOSTIC,    19, -4.765766859055e-01, 2.927586137957e-05, 1.8351e+01, 1.6147e-02, 
 2DIAGNOSTIC,    20, -4.765791893005e-01, 2.435562419123e-05, 1.8360e+01, 9.9299e-03, 
 2DIAGNOSTIC,    21, -4.766011238098e-01, 2.040752951871e-05, 1.8372e+01, 1.1476e-02, 
 2DIAGNOSTIC,    22, -4.766085445881e-01, 1.579676427355e-05, 1.8383e+01, 1.1500e-02, 
 2DIAGNOSTIC,    23, -4.766084253788e-01, 1.149323543359e-05, 1.8393e+01, 9.9530e-03, 
 2DIAGNOSTIC,    24, -4.766108393669e-01, 7.895579983597e-06, 1.8403e+01, 9.9280e-03, 
 2DIAGNOSTIC,    25, -4.766172170639e-01, 6.862282134534e-06, 1.8413e+01, 9.9211e-03, 
 2DIAGNOSTIC,    26, -4.766291677952e-01, 5.779023013019e-06, 1.8423e+01, 9.9580e-03, 
 2DIAGNOSTIC,    27, -4.766420722008e-01, 5.054262146587e-06, 1.8435e+01, 1.1555e-02, 
 2DIAGNOSTIC,    28, -4.766642749310e-01, 4.701365469373e-06, 1.8451e+01, 1.6147e-02, 
 2DIAGNOSTIC,    29, -4.766692221165e-01, 4.803156571143e-06, 1.8461e+01, 9.9351e-03, 
 2DIAGNOSTIC,    30, -4.766719639301e-01, 4.645354692911e-06, 1.8471e+01, 9.9320e-03, 
 2DIAGNOSTIC,    31, -4.766775965691e-01, 4.688627541327e-06, 1.8481e+01, 9.9258e-03, 
 2DIAGNOSTIC,    32, -4.766897261143e-01, 4.743057161249e-06, 1.8491e+01, 9.9230e-03, 
 2DIAGNOSTIC,    33, -4.766985177994e-01, 4.587482635543e-06, 1.8502e+01, 1.1521e-02, 
 2DIAGNOSTIC,    34, -4.767172932625e-01, 4.469693067222e-06, 1.8521e+01, 1.9226e-02, 
 2DIAGNOSTIC,    35, -4.767179489136e-01, 4.140819328313e-06, 1.8531e+01, 9.9409e-03, 
 2DIAGNOSTIC,    36, -4.767241179943e-01, 3.827064574580e-06, 1.8543e+01, 1.1466e-02, 
 2DIAGNOSTIC,    37, -4.767294228077e-01, 3.534088136803e-06, 1.8554e+01, 1.1486e-02, 
 2DIAGNOSTIC,    38, -4.767306149006e-01, 3.364654503457e-06, 1.8564e+01, 9.9270e-03, 
 2DIAGNOSTIC,    39, -4.767337739468e-01, 3.086978040301e-06, 1.8574e+01, 9.9230e-03, 
 2DIAGNOSTIC,    40, -4.767403006554e-01, 2.745816573224e-06, 1.8584e+01, 9.9518e-03, 
 2DIAGNOSTIC,    41, -4.767481386662e-01, 2.428973630231e-06, 1.8594e+01, 9.9270e-03, 
 2DIAGNOSTIC,    42, -4.767600297928e-01, 2.308168404852e-06, 1.8609e+01, 1.4571e-02, 
 2DIAGNOSTIC,    43, -4.767613410950e-01, 2.176792804676e-06, 1.8619e+01, 9.9430e-03, 
 2DIAGNOSTIC,    44, -4.767685234547e-01, 2.270720415254e-06, 1.8635e+01, 1.6174e-02, 
 2DIAGNOSTIC,    45, -4.767684638500e-01, 2.217323753939e-06, 1.8646e+01, 1.1489e-02, 
 2DIAGNOSTIC,    46, -4.767690002918e-01, 2.106671445290e-06, 1.8656e+01, 9.9249e-03, 
 2DIAGNOSTIC,    47, -4.767705798149e-01, 1.952632374014e-06, 1.8668e+01, 1.1476e-02, 
 2DIAGNOSTIC,    48, -4.767734110355e-01, 1.732837972668e-06, 1.8678e+01, 9.9349e-03, 
 2DIAGNOSTIC,    49, -4.767784774303e-01, 1.518974386272e-06, 1.8687e+01, 9.9461e-03, 
 2DIAGNOSTIC,    50, -4.767854809761e-01, 1.390028046444e-06, 1.8697e+01, 9.9339e-03, 
 2DIAGNOSTIC,    51, -4.767932891846e-01, 1.373549594064e-06, 1.8712e+01, 1.4560e-02, 
 2DIAGNOSTIC,    52, -4.767977297306e-01, 1.472956341786e-06, 1.8723e+01, 1.1497e-02, 
 2DIAGNOSTIC,    53, -4.768033623695e-01, 1.562196985105e-06, 1.8738e+01, 1.4564e-02, 
 2DIAGNOSTIC,    54, -4.768036007881e-01, 1.637209379624e-06, 1.8749e+01, 1.1463e-02, 
 2DIAGNOSTIC,    55, -4.768041372299e-01, 1.614305915609e-06, 1.8759e+01, 9.9339e-03, 
 2DIAGNOSTIC,    56, -4.768058061600e-01, 1.516078896202e-06, 1.8769e+01, 9.9230e-03, 
 2DIAGNOSTIC,    57, -4.768095612526e-01, 1.385480686622e-06, 1.8779e+01, 9.9330e-03, 
DIAGNOSTIC,Iteration,metricValue,convergenceValue,ITERATION_TIME_INDEX,SINCE_LAST
 2DIAGNOSTIC,     1, -3.987221717834e-01, inf, 3.3242e+01, 1.4462e+01, 
 2DIAGNOSTIC,     2, -3.996811509132e-01, inf, 3.3291e+01, 4.9050e-02, 
 2DIAGNOSTIC,     3, -4.006895124912e-01, inf, 3.3339e+01, 4.8864e-02, 
 2DIAGNOSTIC,     4, -4.012297689915e-01, inf, 3.3388e+01, 4.8761e-02, 
 2DIAGNOSTIC,     5, -4.019784331322e-01, inf, 3.3446e+01, 5.7913e-02, 
 2DIAGNOSTIC,     6, -4.022771716118e-01, inf, 3.3504e+01, 5.7915e-02, 
 2DIAGNOSTIC,     7, -4.024816751480e-01, inf, 3.3581e+01, 7.6549e-02, 
 2DIAGNOSTIC,     8, -4.024946391582e-01, inf, 3.3630e+01, 4.8963e-02, 
 2DIAGNOSTIC,     9, -4.028627574444e-01, inf, 3.3696e+01, 6.6948e-02, 
 2DIAGNOSTIC,    10, -4.029906988144e-01, 6.365996086970e-04, 3.3755e+01, 5.8459e-02, 
 2DIAGNOSTIC,    11, -4.029594659805e-01, 4.345161432866e-04, 3.3804e+01, 4.9241e-02, 
 2DIAGNOSTIC,    12, -4.029697179794e-01, 2.842803369276e-04, 3.3853e+01, 4.9219e-02, 
 2DIAGNOSTIC,    13, -4.030729234219e-01, 1.921269285958e-04, 3.3912e+01, 5.8425e-02, 
 2DIAGNOSTIC,    14, -4.029983282089e-01, 1.182271953439e-04, 3.3989e+01, 7.6832e-02, 
 2DIAGNOSTIC,    15, -4.030988216400e-01, 8.336773316842e-05, 3.4047e+01, 5.8477e-02, 
 2DIAGNOSTIC,    16, -4.031044840813e-01, 5.879590389668e-05, 3.4105e+01, 5.8356e-02, 
 2DIAGNOSTIC,    17, -4.030617475510e-01, 3.884863690473e-05, 3.4155e+01, 4.9368e-02, 
 2DIAGNOSTIC,    18, -4.030730724335e-01, 1.834295289882e-05, 3.4231e+01, 7.6509e-02, 
 2DIAGNOSTIC,    19, -4.030753970146e-01, 1.208644061990e-05, 3.4281e+01, 4.9411e-02, 
 2DIAGNOSTIC,    20, -4.030775427818e-01, 1.010743562802e-05, 3.4330e+01, 4.9407e-02, 
 2DIAGNOSTIC,    21, -4.030831456184e-01, 6.647657301073e-06, 3.4380e+01, 4.9327e-02, 
 2DIAGNOSTIC,    22, -4.030900895596e-01, 3.522805172906e-06, 3.4438e+01, 5.8314e-02, 
 2DIAGNOSTIC,    23, -4.031426906586e-01, 5.362136562326e-06, 3.4505e+01, 6.7501e-02, 
 2DIAGNOSTIC,    24, -4.031321108341e-01, 4.023726432933e-06, 3.4663e+01, 1.5782e-01, 
 2DIAGNOSTIC,    25, -4.031320512295e-01, 5.390259957494e-06, 3.4721e+01, 5.8337e-02, 
 2DIAGNOSTIC,    26, -4.031321704388e-01, 6.475858754129e-06, 3.4780e+01, 5.8376e-02, 
 2DIAGNOSTIC,    27, -4.031322598457e-01, 5.850839443156e-06, 3.4838e+01, 5.8382e-02, 
 2DIAGNOSTIC,    28, -4.031326174736e-01, 5.103781404614e-06, 3.4897e+01, 5.8430e-02, 
 2DIAGNOSTIC,    29, -4.031325280666e-01, 4.090456968697e-06, 3.4955e+01, 5.8304e-02, 
 2DIAGNOSTIC,    30, -4.031327664852e-01, 2.937520775959e-06, 3.5013e+01, 5.8335e-02, 
 2DIAGNOSTIC,    31, -4.031326770782e-01, 1.812961045289e-06, 3.5072e+01, 5.8468e-02, 
DIAGNOSTIC,Iteration,metricValue,convergenceValue,ITERATION_TIME_INDEX,SINCE_LAST
 2DIAGNOSTIC,     1, -3.413077294827e-01, inf, 4.3997e+01, 8.9250e+00, 
 2DIAGNOSTIC,     2, -3.414294719696e-01, inf, 4.4391e+01, 3.9396e-01, 
 2DIAGNOSTIC,     3, -3.415252268314e-01, inf, 4.4785e+01, 3.9407e-01, 
 2DIAGNOSTIC,     4, -3.415846228600e-01, inf, 4.5179e+01, 3.9392e-01, 
 2DIAGNOSTIC,     5, -3.417337536812e-01, inf, 4.5653e+01, 4.7410e-01, 
 2DIAGNOSTIC,     6, -3.418748080730e-01, inf, 4.6206e+01, 5.5278e-01, 
 2DIAGNOSTIC,     7, -3.420486450195e-01, inf, 4.6837e+01, 6.3164e-01, 
 2DIAGNOSTIC,     8, -3.421528339386e-01, inf, 4.7311e+01, 4.7381e-01, 
 2DIAGNOSTIC,     9, -3.425275683403e-01, inf, 4.7785e+01, 4.7402e-01, 
 2DIAGNOSTIC,    10, -3.428572416306e-01, 2.682972408365e-04, 4.8260e+01, 4.7478e-01, 
 2DIAGNOSTIC,    11, -3.428660929203e-01, 2.663117484190e-04, 4.8735e+01, 4.7537e-01, 
 2DIAGNOSTIC,    12, -3.428581655025e-01, 2.493664505892e-04, 4.9211e+01, 4.7552e-01, 
 2DIAGNOSTIC,    13, -3.428527712822e-01, 2.188099024352e-04, 4.9686e+01, 4.7528e-01, 
 2DIAGNOSTIC,    14, -3.428572118282e-01, 1.763214386301e-04, 5.0161e+01, 4.7499e-01, 
 2DIAGNOSTIC,    15, -3.428555727005e-01, 1.313681714237e-04, 5.0556e+01, 3.9482e-01, 
 2DIAGNOSTIC,    16, -3.428645431995e-01, 8.803311357042e-05, 5.0950e+01, 3.9465e-01, 
 2DIAGNOSTIC,    17, -3.428747951984e-01, 5.120881178300e-05, 5.1426e+01, 4.7514e-01, 
 2DIAGNOSTIC,    18, -3.428761661053e-01, 1.848356441769e-05, 5.1901e+01, 4.7514e-01, 
 2DIAGNOSTIC,    19, -3.428787291050e-01, 3.738439318113e-06, 5.2376e+01, 4.7527e-01, 
 2DIAGNOSTIC,    20, -3.428774476051e-01, 3.893596385751e-06, 5.2771e+01, 3.9493e-01, 
 2DIAGNOSTIC,    21, -3.428770899773e-01, 4.160916887486e-06, 5.3246e+01, 4.7511e-01, 
 2DIAGNOSTIC,    22, -3.428758084774e-01, 3.809863756032e-06, 5.3641e+01, 3.9499e-01, 
 2DIAGNOSTIC,    23, -3.429188728333e-01, 4.625398105418e-06, 5.4431e+01, 7.9026e-01, 
 2DIAGNOSTIC,    24, -3.428982496262e-01, 4.475924924918e-06, 5.4907e+01, 4.7546e-01, 
 2DIAGNOSTIC,    25, -3.428895771503e-01, 3.733334324352e-06, 5.5382e+01, 4.7567e-01, 
 2DIAGNOSTIC,    26, -3.428816199303e-01, 2.864345560738e-06, 5.6015e+01, 6.3292e-01, 
 2DIAGNOSTIC,    27, -3.428727388382e-01, 1.935788077390e-06, 5.6570e+01, 5.5418e-01, 
 2DIAGNOSTIC,    28, -3.428729772568e-01, 1.028585643326e-06, 5.6965e+01, 3.9502e-01, 
DIAGNOSTIC,Iteration,metricValue,convergenceValue,ITERATION_TIME_INDEX,SINCE_LAST
 2DIAGNOSTIC,     1, -2.964450120926e-01, inf, 6.5307e+01, 8.3426e+00, 
  Elapsed time (stage 0): 6.7207e+01


Stage 1
  iterations = 1000x500x250x0
  convergence threshold = 1.0000e-06
  convergence window size = 10
  number of levels = 4
  using the Mattes MI metric (number of bins = 32, weight = 1.0000e+00)
  preprocessing:  winsorizing the image intensities
  Shrink factors (level 1 out of 4): [12, 12, 12]
  Shrink factors (level 2 out of 4): [8, 8, 8]
  Shrink factors (level 3 out of 4): [4, 4, 4]
  Shrink factors (level 4 out of 4): [2, 2, 2]
  smoothing sigmas per level: [4, 3, 2, 1]
  regular sampling (percentage = 2.5000e-01)

*** Running AffineTransform registration ***

DIAGNOSTIC,Iteration,metricValue,convergenceValue,ITERATION_TIME_INDEX,SINCE_LAST
 2DIAGNOSTIC,     1, -4.730970561504e-01, inf, 1.8118e+01, 1.8118e+01, 
 2DIAGNOSTIC,     2, -4.743598699570e-01, inf, 1.8131e+01, 1.3186e-02, 
 2DIAGNOSTIC,     3, -4.764368832111e-01, inf, 1.8144e+01, 1.2906e-02, 
 2DIAGNOSTIC,     4, -4.795808196068e-01, inf, 1.8157e+01, 1.2877e-02, 
 2DIAGNOSTIC,     5, -4.846118986607e-01, inf, 1.8170e+01, 1.2854e-02, 
 2DIAGNOSTIC,     6, -5.020067691803e-01, inf, 1.8183e+01, 1.3182e-02, 
 2DIAGNOSTIC,     7, -5.169370770454e-01, inf, 1.8200e+01, 1.6777e-02, 
 2DIAGNOSTIC,     8, -5.247077345848e-01, inf, 1.8214e+01, 1.3581e-02, 
 2DIAGNOSTIC,     9, -5.345802903175e-01, inf, 1.8238e+01, 2.4393e-02, 
 2DIAGNOSTIC,    10, -5.357503890991e-01, 9.632058441639e-03, 1.8252e+01, 1.3848e-02, 
 2DIAGNOSTIC,    11, -5.385151505470e-01, 9.019419550896e-03, 1.8266e+01, 1.3823e-02, 
 2DIAGNOSTIC,    12, -5.415906906128e-01, 7.901445962489e-03, 1.8281e+01, 1.5412e-02, 
 2DIAGNOSTIC,    13, -5.434150099754e-01, 6.422237027436e-03, 1.8295e+01, 1.3832e-02, 
 2DIAGNOSTIC,    14, -5.437043309212e-01, 4.728358704597e-03, 1.8309e+01, 1.3832e-02, 
 2DIAGNOSTIC,    15, -5.441207885742e-01, 3.036967245862e-03, 1.8324e+01, 1.5438e-02, 
 2DIAGNOSTIC,    16, -5.456778407097e-01, 1.935731503181e-03, 1.8340e+01, 1.5454e-02, 
 2DIAGNOSTIC,    17, -5.456178188324e-01, 1.267496496439e-03, 1.8355e+01, 1.5350e-02, 
 2DIAGNOSTIC,    18, -5.456493496895e-01, 7.905364036560e-04, 1.8370e+01, 1.5361e-02, 
 2DIAGNOSTIC,    19, -5.453980565071e-01, 5.713515565731e-04, 1.8386e+01, 1.5432e-02, 
 2DIAGNOSTIC,    20, -5.453578829765e-01, 3.524780913722e-04, 1.8400e+01, 1.3805e-02, 
 2DIAGNOSTIC,    21, -5.454559922218e-01, 1.944403775269e-04, 1.8415e+01, 1.5360e-02, 
 2DIAGNOSTIC,    22, -5.455768108368e-01, 1.108138967538e-04, 1.8430e+01, 1.5436e-02, 
 2DIAGNOSTIC,    23, -5.457251071930e-01, 7.141834066715e-05, 1.8446e+01, 1.5469e-02, 
 2DIAGNOSTIC,    24, -5.455667376518e-01, 3.202966036042e-05, 1.8461e+01, 1.5432e-02, 
DIAGNOSTIC,Iteration,metricValue,convergenceValue,ITERATION_TIME_INDEX,SINCE_LAST
 2DIAGNOSTIC,     1, -4.544255733490e-01, inf, 3.2391e+01, 1.3930e+01, 
 2DIAGNOSTIC,     2, -4.552887380123e-01, inf, 3.2456e+01, 6.4530e-02, 
 2DIAGNOSTIC,     3, -4.564104974270e-01, inf, 3.2520e+01, 6.4056e-02, 
 2DIAGNOSTIC,     4, -4.576880037785e-01, inf, 3.2584e+01, 6.4069e-02, 
 2DIAGNOSTIC,     5, -4.580942094326e-01, inf, 3.2648e+01, 6.4445e-02, 
 2DIAGNOSTIC,     6, -4.586510062218e-01, inf, 3.2723e+01, 7.4417e-02, 
 2DIAGNOSTIC,     7, -4.589958786964e-01, inf, 3.2797e+01, 7.4294e-02, 
 2DIAGNOSTIC,     8, -4.592294692993e-01, inf, 3.2892e+01, 9.4515e-02, 
 2DIAGNOSTIC,     9, -4.594917297363e-01, inf, 3.2956e+01, 6.4202e-02, 
 2DIAGNOSTIC,    10, -4.598541259766e-01, 7.346180500463e-04, 3.3030e+01, 7.4680e-02, 
 2DIAGNOSTIC,    11, -4.597727954388e-01, 5.301294731908e-04, 3.3105e+01, 7.4962e-02, 
 2DIAGNOSTIC,    12, -4.597180485725e-01, 3.539700119291e-04, 3.3180e+01, 7.4421e-02, 
 2DIAGNOSTIC,    13, -4.596855640411e-01, 2.241864858661e-04, 3.3245e+01, 6.5249e-02, 
 2DIAGNOSTIC,    14, -4.596994221210e-01, 1.497452176409e-04, 3.3321e+01, 7.5608e-02, 
 2DIAGNOSTIC,    15, -4.597279131413e-01, 8.908098243410e-05, 3.3396e+01, 7.4941e-02, 
 2DIAGNOSTIC,    16, -4.597086906433e-01, 4.872697900282e-05, 3.3471e+01, 7.4981e-02, 
 2DIAGNOSTIC,    17, -4.597289562225e-01, 2.231799226138e-05, 3.3556e+01, 8.5250e-02, 
DIAGNOSTIC,Iteration,metricValue,convergenceValue,ITERATION_TIME_INDEX,SINCE_LAST
 2DIAGNOSTIC,     1, -3.893274068832e-01, inf, 4.2644e+01, 9.0884e+00, 
 2DIAGNOSTIC,     2, -3.895812928677e-01, inf, 4.3156e+01, 5.1169e-01, 
 2DIAGNOSTIC,     3, -3.897992968559e-01, inf, 4.3662e+01, 5.0638e-01, 
 2DIAGNOSTIC,     4, -3.901011347771e-01, inf, 4.4252e+01, 5.8999e-01, 
 2DIAGNOSTIC,     5, -3.902368247509e-01, inf, 4.4844e+01, 5.9162e-01, 
 2DIAGNOSTIC,     6, -3.902542293072e-01, inf, 4.5435e+01, 5.9144e-01, 
 2DIAGNOSTIC,     7, -3.902411460876e-01, inf, 4.6110e+01, 6.7450e-01, 
 2DIAGNOSTIC,     8, -3.902248144150e-01, inf, 4.7038e+01, 9.2791e-01, 
 2DIAGNOSTIC,     9, -3.902265727520e-01, inf, 4.7629e+01, 5.9144e-01, 
 2DIAGNOSTIC,    10, -3.902213573456e-01, 1.361469039693e-04, 4.8221e+01, 5.9150e-01, 
 2DIAGNOSTIC,    11, -3.902146816254e-01, 7.459383050445e-05, 4.8738e+01, 5.1681e-01, 
 2DIAGNOSTIC,    12, -3.902148306370e-01, 3.229863068555e-05, 4.9336e+01, 5.9819e-01, 
 2DIAGNOSTIC,    13, -3.902137875557e-01, 5.627045084111e-06, 4.9929e+01, 5.9318e-01, 
DIAGNOSTIC,Iteration,metricValue,convergenceValue,ITERATION_TIME_INDEX,SINCE_LAST
 2DIAGNOSTIC,     1, -3.331130146980e-01, inf, 5.9338e+01, 9.4091e+00, 
  Elapsed time (stage 1): 6.1161e+01


Stage 2
  iterations = 100x100x70x50x0
  convergence threshold = 1.0000e-06
  convergence window size = 10
  number of levels = 5
  using the Mattes MI metric (number of bins = 32, weight = 1.0000e+00)
  preprocessing:  winsorizing the image intensities
  Shrink factors (level 1 out of 5): [10, 10, 10]
  Shrink factors (level 2 out of 5): [6, 6, 6]
  Shrink factors (level 3 out of 5): [4, 4, 4]
  Shrink factors (level 4 out of 5): [2, 2, 2]
  Shrink factors (level 5 out of 5): [1, 1, 1]
  smoothing sigmas per level: [5, 3, 2, 1, 0]
  Using default NONE metricSamplingStrategy 

*** Running SyN registration (varianceForUpdateField = 3.0000e+00, varianceForTotalField = 0.0000e+00) ***

XXDIAGNOSTIC,Iteration,metricValue,convergenceValue,ITERATION_TIME_INDEX,SINCE_LAST
 1DIAGNOSTIC,     1, -5.182549953461e-01, inf, 3.2016e+01, 3.2016e+01, 
 1DIAGNOSTIC,     2, -5.377311706543e-01, inf, 3.2169e+01, 1.5210e-01, 
 1DIAGNOSTIC,     3, -5.526310205460e-01, inf, 3.2320e+01, 1.5185e-01, 
 1DIAGNOSTIC,     4, -5.594966411591e-01, inf, 3.2466e+01, 1.4614e-01, 
 1DIAGNOSTIC,     5, -5.616524815559e-01, inf, 3.2612e+01, 1.4574e-01, 
 1DIAGNOSTIC,     6, -5.611746311188e-01, inf, 3.2757e+01, 1.4466e-01, 
 1DIAGNOSTIC,     7, -5.617226362228e-01, inf, 3.2902e+01, 1.4487e-01, 
 1DIAGNOSTIC,     8, -5.576356649399e-01, inf, 3.3047e+01, 1.4506e-01, 
 1DIAGNOSTIC,     9, -5.570346713066e-01, inf, 3.3193e+01, 1.4643e-01, 
 1DIAGNOSTIC,    10, -5.551475286484e-01, 2.999932272360e-03, 3.3339e+01, 1.4559e-01, 
 1DIAGNOSTIC,    11, -5.513896346092e-01, 5.805209511891e-04, 3.3485e+01, 1.4628e-01, 
 1DIAGNOSTIC,    12, -5.519351959229e-01, -6.387467728928e-04, 3.3631e+01, 1.4582e-01, 
XXDIAGNOSTIC,Iteration,metricValue,convergenceValue,ITERATION_TIME_INDEX,SINCE_LAST
 1DIAGNOSTIC,     1, -4.340351819992e-01, inf, 4.8152e+01, 1.4521e+01, 
 1DIAGNOSTIC,     2, -4.382657408714e-01, inf, 4.8729e+01, 5.7703e-01, 
 1DIAGNOSTIC,     3, -4.397244453430e-01, inf, 4.9303e+01, 5.7393e-01, 
 1DIAGNOSTIC,     4, -4.403805434704e-01, inf, 4.9878e+01, 5.7529e-01, 
 1DIAGNOSTIC,     5, -4.400724768639e-01, inf, 5.0449e+01, 5.7068e-01, 
 1DIAGNOSTIC,     6, -4.397686421871e-01, inf, 5.1024e+01, 5.7520e-01, 
 1DIAGNOSTIC,     7, -4.393188953400e-01, inf, 5.1597e+01, 5.7301e-01, 
 1DIAGNOSTIC,     8, -4.385872781277e-01, inf, 5.2169e+01, 5.7151e-01, 
 1DIAGNOSTIC,     9, -4.378513693810e-01, inf, 5.2776e+01, 6.0761e-01, 
 1DIAGNOSTIC,    10, -4.371070563793e-01, 9.169685654342e-05, 5.3368e+01, 5.9217e-01, 
 1DIAGNOSTIC,    11, -4.365776479244e-01, -3.813089861069e-04, 5.3975e+01, 6.0623e-01, 
XXDIAGNOSTIC,Iteration,metricValue,convergenceValue,ITERATION_TIME_INDEX,SINCE_LAST
 1DIAGNOSTIC,     1, -3.709929585457e-01, inf, 6.4264e+01, 1.0289e+01, 
 1DIAGNOSTIC,     2, -3.721049129963e-01, inf, 6.6046e+01, 1.7821e+00, 
 1DIAGNOSTIC,     3, -3.728559017181e-01, inf, 6.7853e+01, 1.8069e+00, 
 1DIAGNOSTIC,     4, -3.733488023281e-01, inf, 6.9647e+01, 1.7940e+00, 
 1DIAGNOSTIC,     5, -3.735882043839e-01, inf, 7.1437e+01, 1.7900e+00, 
 1DIAGNOSTIC,     6, -3.736014068127e-01, inf, 7.3223e+01, 1.7859e+00, 
 1DIAGNOSTIC,     7, -3.735495209694e-01, inf, 7.5004e+01, 1.7811e+00, 
 1DIAGNOSTIC,     8, -3.734524846077e-01, inf, 7.6789e+01, 1.7847e+00, 
 1DIAGNOSTIC,     9, -3.731241822243e-01, inf, 7.8572e+01, 1.7832e+00, 
 1DIAGNOSTIC,    10, -3.728510737419e-01, 2.518707478885e-04, 8.0480e+01, 1.9079e+00, 
 1DIAGNOSTIC,    11, -3.727210164070e-01, 2.937659519375e-05, 8.2333e+01, 1.8534e+00, 
 1DIAGNOSTIC,    12, -3.724182844162e-01, -1.080192814698e-04, 8.4178e+01, 1.8451e+00, 
XXDIAGNOSTIC,Iteration,metricValue,convergenceValue,ITERATION_TIME_INDEX,SINCE_LAST
 1DIAGNOSTIC,     1, -3.130690455437e-01, inf, 1.0409e+02, 1.9916e+01, 
 1DIAGNOSTIC,     2, -3.139914870262e-01, inf, 1.1744e+02, 1.3347e+01, 
 1DIAGNOSTIC,     3, -3.150418102741e-01, inf, 1.3073e+02, 1.3285e+01, 
 1DIAGNOSTIC,     4, -3.159287571907e-01, inf, 1.4365e+02, 1.2926e+01, 
 1DIAGNOSTIC,     5, -3.167416751385e-01, inf, 1.5648e+02, 1.2824e+01, 
 1DIAGNOSTIC,     6, -3.174277842045e-01, inf, 1.6936e+02, 1.2887e+01, 
 1DIAGNOSTIC,     7, -3.180718719959e-01, inf, 1.8262e+02, 1.3254e+01, 
 1DIAGNOSTIC,     8, -3.186349868774e-01, inf, 1.9547e+02, 1.2856e+01, 
 1DIAGNOSTIC,     9, -3.190957903862e-01, inf, 2.0873e+02, 1.3261e+01, 
 1DIAGNOSTIC,    10, -3.194996118546e-01, 1.306588877924e-03, 2.2160e+02, 1.2861e+01, 
 1DIAGNOSTIC,    11, -3.198964595795e-01, 1.063427655026e-03, 2.3539e+02, 1.3795e+01, 
 1DIAGNOSTIC,    12, -3.203659355640e-01, 8.683605119586e-04, 2.4917e+02, 1.3781e+01, 
 1DIAGNOSTIC,    13, -3.207393586636e-01, 7.220302941278e-04, 2.6289e+02, 1.3715e+01, 
 1DIAGNOSTIC,    14, -3.210549354553e-01, 6.073322147131e-04, 2.7627e+02, 1.3382e+01, 
 1DIAGNOSTIC,    15, -3.213302493095e-01, 5.170996882953e-04, 2.9000e+02, 1.3733e+01, 
 1DIAGNOSTIC,    16, -3.215765953064e-01, 4.424062499311e-04, 3.0336e+02, 1.3361e+01, 
 1DIAGNOSTIC,    17, -3.217757344246e-01, 3.796137170866e-04, 3.1711e+02, 1.3744e+01, 
 1DIAGNOSTIC,    18, -3.219828009605e-01, 3.266765270382e-04, 3.3087e+02, 1.3768e+01, 
 1DIAGNOSTIC,    19, -3.221341371536e-01, 2.776855253614e-04, 3.4462e+02, 1.3744e+01, 
 1DIAGNOSTIC,    20, -3.222351074219e-01, 2.302675857209e-04, 3.5840e+02, 1.3778e+01, 
 1DIAGNOSTIC,    21, -3.223524689674e-01, 1.876016176539e-04, 3.7219e+02, 1.3793e+01, 
 1DIAGNOSTIC,    22, -3.224672079086e-01, 1.548279687995e-04, 3.8597e+02, 1.3786e+01, 
 1DIAGNOSTIC,    23, -3.225465714931e-01, 1.278385170735e-04, 3.9969e+02, 1.3718e+01, 
 1DIAGNOSTIC,    24, -3.226612508297e-01, 1.070494909072e-04, 4.1348e+02, 1.3792e+01, 
 1DIAGNOSTIC,    25, -3.227118253708e-01, 8.944432192948e-05, 4.2731e+02, 1.3827e+01, 
 1DIAGNOSTIC,    26, -3.227517306805e-01, 7.462038047379e-05, 4.4101e+02, 1.3704e+01, 
 1DIAGNOSTIC,    27, -3.228188157082e-01, 6.262678653002e-05, 4.5472e+02, 1.3704e+01, 
 1DIAGNOSTIC,    28, -3.228741884232e-01, 5.389905345510e-05, 4.6849e+02, 1.3769e+01, 
 1DIAGNOSTIC,    29, -3.229178190231e-01, 4.669948248193e-05, 4.8217e+02, 1.3687e+01, 
 1DIAGNOSTIC,    30, -3.229443430901e-01, 3.939779344364e-05, 4.9593e+02, 1.3752e+01, 
 1DIAGNOSTIC,    31, -3.229619264603e-01, 3.277977157268e-05, 5.0962e+02, 1.3692e+01, 
 1DIAGNOSTIC,    32, -3.230152726173e-01, 2.820151712513e-05, 5.2336e+02, 1.3740e+01, 
 1DIAGNOSTIC,    33, -3.230423927307e-01, 2.407043939456e-05, 5.3705e+02, 1.3693e+01, 
 1DIAGNOSTIC,    34, -3.230630159378e-01, 2.149976535293e-05, 5.5079e+02, 1.3738e+01, 
 1DIAGNOSTIC,    35, -3.230831027031e-01, 1.892615364341e-05, 5.6452e+02, 1.3733e+01, 
 1DIAGNOSTIC,    36, -3.230807185173e-01, 1.568253355799e-05, 5.7843e+02, 1.3911e+01, 
 1DIAGNOSTIC,    37, -3.230890929699e-01, 1.298970164498e-05, 5.9218e+02, 1.3749e+01, 
 1DIAGNOSTIC,    38, -3.230881690979e-01, 1.052358766174e-05, 6.0589e+02, 1.3704e+01, 
 1DIAGNOSTIC,    39, -3.230871558189e-01, 8.227520993387e-06, 6.1963e+02, 1.3741e+01, 
 1DIAGNOSTIC,    40, -3.231077790260e-01, 6.391775968950e-06, 6.3342e+02, 1.3797e+01, 
 1DIAGNOSTIC,    41, -3.230770826340e-01, 3.796073087869e-06, 6.4711e+02, 1.3689e+01, 
 1DIAGNOSTIC,    42, -3.231129050255e-01, 2.932676807177e-06, 6.6090e+02, 1.3785e+01, 
 1DIAGNOSTIC,    43, -3.230899870396e-01, 1.958854682016e-06, 6.7478e+02, 1.3879e+01, 
 1DIAGNOSTIC,    44, -3.231278657913e-01, 2.091328497045e-06, 6.8850e+02, 1.3726e+01, 
 1DIAGNOSTIC,    45, -3.231142759323e-01, 2.198508582296e-06, 7.0230e+02, 1.3801e+01, 
 1DIAGNOSTIC,    46, -3.231630921364e-01, 3.061469669774e-06, 7.1632e+02, 1.4018e+01, 
 1DIAGNOSTIC,    47, -3.231062591076e-01, 2.730302639975e-06, 7.3002e+02, 1.3693e+01, 
 1DIAGNOSTIC,    48, -3.231606483459e-01, 3.236509655835e-06, 7.4374e+02, 1.3721e+01, 
 1DIAGNOSTIC,    49, -3.231092095375e-01, 2.487108986315e-06, 7.5747e+02, 1.3738e+01, 
 1DIAGNOSTIC,    50, -3.231260478497e-01, 2.290668589922e-06, 7.7135e+02, 1.3872e+01, 
  Elapsed time (stage 2): 795.5


Total elapsed time: 923.9

--- Writing output images ---

Using double precision for computations.
Input scalar image: data/Segmentations/1014_3_seg.nii.gz
Reference image: data/template/T_template0_BrainCerebellum.nii.gz
=============================================================================
The composite transform comprises the following transforms (in order): 
  1. /tmp/1971652.1.basic.q/1014_ToTemplate_020_0GenericAffine.mat (type = AffineTransform)
  2. /tmp/1971652.1.basic.q/1014_ToTemplate_020_1Warp.nii.gz (type = DisplacementFieldTransform)
=============================================================================
Default pixel value: 0
Interpolation type: LabelImageGenericInterpolateImageFunction
Output warped image: output/1014/1014_WarpedLabels_020.nii.gz

--- Done ---

