
--- Running on compute-2-13.local ---


--- registration call ---
/data/jet/pcook/bin/antsBuild/bin/antsRegistrationSyNQuick.sh -d 3 -f data/template/T_template0_BrainCerebellum.nii.gz -m data/Brains/1014_3.nii.gz -t s -p f -n 1 -o /tmp/1971643.1.basic.q/1014_ToTemplate_011_
---


--------------------------------------------------------------------------------------
 Mapping parameters
--------------------------------------------------------------------------------------
 ANTSPATH is /data/jet/pcook/bin/antsBuild/bin/

 Dimensionality:           3
 Output name prefix:       /tmp/1971643.1.basic.q/1014_ToTemplate_011_
 Fixed images:             data/template/T_template0_BrainCerebellum.nii.gz
 Moving images:            data/Brains/1014_3.nii.gz
 Mask images:              
 Initial transforms:       
 Number of threads:        1
 Spline distance:          26
 Transform type:           s
 MI histogram bins:        32
 Precision:                f
 Use histogram matching    0
======================================================================================
 antsRegistration call:
--------------------------------------------------------------------------------------
/data/jet/pcook/bin/antsBuild/bin//antsRegistration --verbose 1 --dimensionality 3 --float 1 --collapse-output-transforms 1 --output [/tmp/1971643.1.basic.q/1014_ToTemplate_011_,/tmp/1971643.1.basic.q/1014_ToTemplate_011_Warped.nii.gz,/tmp/1971643.1.basic.q/1014_ToTemplate_011_InverseWarped.nii.gz] --interpolation Linear --use-histogram-matching 0 --winsorize-image-intensities [0.005,0.995] --initial-moving-transform [data/template/T_template0_BrainCerebellum.nii.gz,data/Brains/1014_3.nii.gz,1] --transform Rigid[0.1] --metric MI[data/template/T_template0_BrainCerebellum.nii.gz,data/Brains/1014_3.nii.gz,1,32,Regular,0.25] --convergence [1000x500x250x0,1e-6,10] --shrink-factors 12x8x4x2 --smoothing-sigmas 4x3x2x1vox --transform Affine[0.1] --metric MI[data/template/T_template0_BrainCerebellum.nii.gz,data/Brains/1014_3.nii.gz,1,32,Regular,0.25] --convergence [1000x500x250x0,1e-6,10] --shrink-factors 12x8x4x2 --smoothing-sigmas 4x3x2x1vox --transform SyN[0.1,3,0] --metric MI[data/template/T_template0_BrainCerebellum.nii.gz,data/Brains/1014_3.nii.gz,1,32] --convergence [100x100x70x50x0,1e-6,10] --shrink-factors 10x6x4x2x1 --smoothing-sigmas 5x3x2x1x0vox
--------------------------------------------------------------------------------------
All_Command_lines_OK
Using single precision for computations.
=============================================================================
The composite transform comprises the following transforms (in order): 
  1. Center of mass alignment using fixed image: data/template/T_template0_BrainCerebellum.nii.gz and moving image: data/Brains/1014_3.nii.gz (type = Euler3DTransform)
=============================================================================
  number of levels = 4
  number of levels = 4
  number of levels = 5
  fixed image: data/template/T_template0_BrainCerebellum.nii.gz
  moving image: data/Brains/1014_3.nii.gz
  fixed image: data/template/T_template0_BrainCerebellum.nii.gz
  moving image: data/Brains/1014_3.nii.gz
  fixed image: data/template/T_template0_BrainCerebellum.nii.gz
  moving image: data/Brains/1014_3.nii.gz
Dimension = 3
Number of stages = 3
Use Histogram Matching false
Winsorize image intensities true
Lower quantile = 0.005
Upper quantile = 0.995
Stage 1 State
   Image metric = Mattes
     Fixed image = Image (0x447f420)
  RTTI typeinfo:   itk::Image<float, 3u>
  Reference Count: 2
  Modified Time: 1611
  Debug: Off
  Object Name: 
  Observers: 
    none
  Source: (none)
  Source output name: (none)
  Release Data: Off
  Data Released: False
  Global Release Data: Off
  PipelineMTime: 0
  UpdateMTime: 1422
  RealTimeStamp: 0 seconds 
  LargestPossibleRegion: 
    Dimension: 3
    Index: [0, 0, 0]
    Size: [216, 256, 291]
  BufferedRegion: 
    Dimension: 3
    Index: [0, 0, 0]
    Size: [216, 256, 291]
  RequestedRegion: 
    Dimension: 3
    Index: [0, 0, 0]
    Size: [216, 256, 291]
  Spacing: [1, 1, 1]
  Origin: [0, 293, 0]
  Direction: 
1 0 0
0 -0 -1
0 -1 -0

  IndexToPointMatrix: 
1 0 0
0 0 -1
0 -1 0

  PointToIndexMatrix: 
1 0 0
0 0 -1
0 -1 0

  Inverse Direction: 
1 0 0
0 0 -1
0 -1 0

  PixelContainer: 
    ImportImageContainer (0x44647f0)
      RTTI typeinfo:   itk::ImportImageContainer<unsigned long, float>
      Reference Count: 1
      Modified Time: 1419
      Debug: Off
      Object Name: 
      Observers: 
        none
      Pointer: 0x7f3d2a684010
      Container manages memory: true
      Size: 16091136
      Capacity: 16091136

     Moving image = Image (0x447fe60)
  RTTI typeinfo:   itk::Image<float, 3u>
  Reference Count: 2
  Modified Time: 1612
  Debug: Off
  Object Name: 
  Observers: 
    none
  Source: (none)
  Source output name: (none)
  Release Data: Off
  Data Released: False
  Global Release Data: Off
  PipelineMTime: 0
  UpdateMTime: 1609
  RealTimeStamp: 0 seconds 
  LargestPossibleRegion: 
    Dimension: 3
    Index: [0, 0, 0]
    Size: [256, 256, 307]
  BufferedRegion: 
    Dimension: 3
    Index: [0, 0, 0]
    Size: [256, 256, 307]
  RequestedRegion: 
    Dimension: 3
    Index: [0, 0, 0]
    Size: [256, 256, 307]
  Spacing: [1, 1, 1]
  Origin: [0, 306, 0]
  Direction: 
1 0 0
0 -0 -1
0 -1 -0

  IndexToPointMatrix: 
1 0 0
0 0 -1
0 -1 0

  PointToIndexMatrix: 
1 0 0
0 0 -1
0 -1 0

  Inverse Direction: 
1 0 0
0 0 -1
0 -1 0

  PixelContainer: 
    ImportImageContainer (0x44822b0)
      RTTI typeinfo:   itk::ImportImageContainer<unsigned long, float>
      Reference Count: 1
      Modified Time: 1606
      Debug: Off
      Object Name: 
      Observers: 
        none
      Pointer: 0x7f3d259c3010
      Container manages memory: true
      Size: 20119552
      Capacity: 20119552

     Weighting = 1
     Sampling strategy = regular
     Number of bins = 32
     Radius = 4
     Sampling percentage  = 0.25
   Transform = Rigid
     Gradient step = 0.1
     Update field sigma (voxel space) = 0
     Total field sigma (voxel space) = 0
     Update field time sigma = 0
     Total field time sigma  = 0
     Number of time indices = 0
     Number of time point samples = 0
Stage 2 State
   Image metric = Mattes
     Fixed image = Image (0x448a6c0)
  RTTI typeinfo:   itk::Image<float, 3u>
  Reference Count: 2
  Modified Time: 1987
  Debug: Off
  Object Name: 
  Observers: 
    none
  Source: (none)
  Source output name: (none)
  Release Data: Off
  Data Released: False
  Global Release Data: Off
  PipelineMTime: 0
  UpdateMTime: 1798
  RealTimeStamp: 0 seconds 
  LargestPossibleRegion: 
    Dimension: 3
    Index: [0, 0, 0]
    Size: [216, 256, 291]
  BufferedRegion: 
    Dimension: 3
    Index: [0, 0, 0]
    Size: [216, 256, 291]
  RequestedRegion: 
    Dimension: 3
    Index: [0, 0, 0]
    Size: [216, 256, 291]
  Spacing: [1, 1, 1]
  Origin: [0, 293, 0]
  Direction: 
1 0 0
0 -0 -1
0 -1 -0

  IndexToPointMatrix: 
1 0 0
0 0 -1
0 -1 0

  PointToIndexMatrix: 
1 0 0
0 0 -1
0 -1 0

  Inverse Direction: 
1 0 0
0 0 -1
0 -1 0

  PixelContainer: 
    ImportImageContainer (0x448af60)
      RTTI typeinfo:   itk::ImportImageContainer<unsigned long, float>
      Reference Count: 1
      Modified Time: 1795
      Debug: Off
      Object Name: 
      Observers: 
        none
      Pointer: 0x7f3d21c60010
      Container manages memory: true
      Size: 16091136
      Capacity: 16091136

     Moving image = Image (0x448aa50)
  RTTI typeinfo:   itk::Image<float, 3u>
  Reference Count: 2
  Modified Time: 1988
  Debug: Off
  Object Name: 
  Observers: 
    none
  Source: (none)
  Source output name: (none)
  Release Data: Off
  Data Released: False
  Global Release Data: Off
  PipelineMTime: 0
  UpdateMTime: 1985
  RealTimeStamp: 0 seconds 
  LargestPossibleRegion: 
    Dimension: 3
    Index: [0, 0, 0]
    Size: [256, 256, 307]
  BufferedRegion: 
    Dimension: 3
    Index: [0, 0, 0]
    Size: [256, 256, 307]
  RequestedRegion: 
    Dimension: 3
    Index: [0, 0, 0]
    Size: [256, 256, 307]
  Spacing: [1, 1, 1]
  Origin: [0, 306, 0]
  Direction: 
1 0 0
0 -0 -1
0 -1 -0

  IndexToPointMatrix: 
1 0 0
0 0 -1
0 -1 0

  PointToIndexMatrix: 
1 0 0
0 0 -1
0 -1 0

  Inverse Direction: 
1 0 0
0 0 -1
0 -1 0

  PixelContainer: 
    ImportImageContainer (0x448b950)
      RTTI typeinfo:   itk::ImportImageContainer<unsigned long, float>
      Reference Count: 1
      Modified Time: 1982
      Debug: Off
      Object Name: 
      Observers: 
        none
      Pointer: 0x7f3d1cf9f010
      Container manages memory: true
      Size: 20119552
      Capacity: 20119552

     Weighting = 1
     Sampling strategy = regular
     Number of bins = 32
     Radius = 4
     Sampling percentage  = 0.25
   Transform = Affine
     Gradient step = 0.1
     Update field sigma (voxel space) = 0
     Total field sigma (voxel space) = 0
     Update field time sigma = 0
     Total field time sigma  = 0
     Number of time indices = 0
     Number of time point samples = 0
Stage 3 State
   Image metric = Mattes
     Fixed image = Image (0x44917b0)
  RTTI typeinfo:   itk::Image<float, 3u>
  Reference Count: 2
  Modified Time: 2363
  Debug: Off
  Object Name: 
  Observers: 
    none
  Source: (none)
  Source output name: (none)
  Release Data: Off
  Data Released: False
  Global Release Data: Off
  PipelineMTime: 0
  UpdateMTime: 2174
  RealTimeStamp: 0 seconds 
  LargestPossibleRegion: 
    Dimension: 3
    Index: [0, 0, 0]
    Size: [216, 256, 291]
  BufferedRegion: 
    Dimension: 3
    Index: [0, 0, 0]
    Size: [216, 256, 291]
  RequestedRegion: 
    Dimension: 3
    Index: [0, 0, 0]
    Size: [216, 256, 291]
  Spacing: [1, 1, 1]
  Origin: [0, 293, 0]
  Direction: 
1 0 0
0 -0 -1
0 -1 -0

  IndexToPointMatrix: 
1 0 0
0 0 -1
0 -1 0

  PointToIndexMatrix: 
1 0 0
0 0 -1
0 -1 0

  Inverse Direction: 
1 0 0
0 0 -1
0 -1 0

  PixelContainer: 
    ImportImageContainer (0x4491a40)
      RTTI typeinfo:   itk::ImportImageContainer<unsigned long, float>
      Reference Count: 1
      Modified Time: 2171
      Debug: Off
      Object Name: 
      Observers: 
        none
      Pointer: 0x7f3d1923c010
      Container manages memory: true
      Size: 16091136
      Capacity: 16091136

     Moving image = Image (0x44941b0)
  RTTI typeinfo:   itk::Image<float, 3u>
  Reference Count: 2
  Modified Time: 2364
  Debug: Off
  Object Name: 
  Observers: 
    none
  Source: (none)
  Source output name: (none)
  Release Data: Off
  Data Released: False
  Global Release Data: Off
  PipelineMTime: 0
  UpdateMTime: 2361
  RealTimeStamp: 0 seconds 
  LargestPossibleRegion: 
    Dimension: 3
    Index: [0, 0, 0]
    Size: [256, 256, 307]
  BufferedRegion: 
    Dimension: 3
    Index: [0, 0, 0]
    Size: [256, 256, 307]
  RequestedRegion: 
    Dimension: 3
    Index: [0, 0, 0]
    Size: [256, 256, 307]
  Spacing: [1, 1, 1]
  Origin: [0, 306, 0]
  Direction: 
1 0 0
0 -0 -1
0 -1 -0

  IndexToPointMatrix: 
1 0 0
0 0 -1
0 -1 0

  PointToIndexMatrix: 
1 0 0
0 0 -1
0 -1 0

  Inverse Direction: 
1 0 0
0 0 -1
0 -1 0

  PixelContainer: 
    ImportImageContainer (0x4491aa0)
      RTTI typeinfo:   itk::ImportImageContainer<unsigned long, float>
      Reference Count: 1
      Modified Time: 2358
      Debug: Off
      Object Name: 
      Observers: 
        none
      Pointer: 0x7f3d1457b010
      Container manages memory: true
      Size: 20119552
      Capacity: 20119552

     Weighting = 1
     Sampling strategy = none
     Number of bins = 32
     Radius = 4
     Sampling percentage  = 1
   Transform = SyN
     Gradient step = 0.1
     Update field sigma (voxel space) = 3
     Total field sigma (voxel space) = 0
     Update field time sigma = 0
     Total field time sigma  = 0
     Number of time indices = 0
     Number of time point samples = 0
Registration using 3 total stages.

Stage 0
  iterations = 1000x500x250x0
  convergence threshold = 1e-06
  convergence window size = 10
  number of levels = 4
  using the Mattes MI metric (number of bins = 32, weight = 1)
  preprocessing:  winsorizing the image intensities
  Shrink factors (level 1 out of 4): [12, 12, 12]
  Shrink factors (level 2 out of 4): [8, 8, 8]
  Shrink factors (level 3 out of 4): [4, 4, 4]
  Shrink factors (level 4 out of 4): [2, 2, 2]
  smoothing sigmas per level: [4, 3, 2, 1]
  regular sampling (percentage = 0.25)

*** Running Euler3DTransform registration ***

DIAGNOSTIC,Iteration,metricValue,convergenceValue,ITERATION_TIME_INDEX,SINCE_LAST
 2DIAGNOSTIC,     1, -4.567557573318e-01, inf, 1.8155e+01, 1.8155e+01, 
 2DIAGNOSTIC,     2, -4.572800099850e-01, inf, 1.8165e+01, 9.7601e-03, 
 2DIAGNOSTIC,     3, -4.576875567436e-01, inf, 1.8174e+01, 9.5980e-03, 
 2DIAGNOSTIC,     4, -4.584679305553e-01, inf, 1.8184e+01, 9.6262e-03, 
 2DIAGNOSTIC,     5, -4.612181782722e-01, inf, 1.8198e+01, 1.4590e-02, 
 2DIAGNOSTIC,     6, -4.618961215019e-01, inf, 1.8208e+01, 9.5830e-03, 
 2DIAGNOSTIC,     7, -4.619263410568e-01, inf, 1.8222e+01, 1.4084e-02, 
 2DIAGNOSTIC,     8, -4.619323313236e-01, inf, 1.8231e+01, 9.4221e-03, 
 2DIAGNOSTIC,     9, -4.619675576687e-01, inf, 1.8242e+01, 1.0976e-02, 
 2DIAGNOSTIC,    10, -4.619716703892e-01, 8.690623799339e-04, 1.8253e+01, 1.0112e-02, 
 2DIAGNOSTIC,    11, -4.619765877724e-01, 6.335578509606e-04, 1.8263e+01, 9.9580e-03, 
 2DIAGNOSTIC,    12, -4.619878530502e-01, 4.105099360459e-04, 1.8272e+01, 9.9611e-03, 
 2DIAGNOSTIC,    13, -4.620067775249e-01, 2.063244173769e-04, 1.8282e+01, 9.9342e-03, 
 2DIAGNOSTIC,    14, -4.620404541492e-01, 4.561973400996e-05, 1.8300e+01, 1.7805e-02, 
 2DIAGNOSTIC,    15, -4.620445966721e-01, 1.490433714935e-05, 1.8310e+01, 1.0218e-02, 
 2DIAGNOSTIC,    16, -4.620476663113e-01, 1.312662607234e-05, 1.8320e+01, 9.9809e-03, 
 2DIAGNOSTIC,    17, -4.620547890663e-01, 1.190829698317e-05, 1.8330e+01, 9.9640e-03, 
 2DIAGNOSTIC,    18, -4.620646238327e-01, 1.039072412823e-05, 1.8340e+01, 9.9530e-03, 
 2DIAGNOSTIC,    19, -4.620841443539e-01, 9.989016689360e-06, 1.8355e+01, 1.4689e-02, 
 2DIAGNOSTIC,    20, -4.620871245861e-01, 9.066927304957e-06, 1.8365e+01, 9.9528e-03, 
 2DIAGNOSTIC,    21, -4.620964229107e-01, 7.973632818903e-06, 1.8376e+01, 1.1487e-02, 
 2DIAGNOSTIC,    22, -4.621087908745e-01, 7.035042017378e-06, 1.8388e+01, 1.1471e-02, 
 2DIAGNOSTIC,    23, -4.621147215366e-01, 6.286031748459e-06, 1.8398e+01, 9.9339e-03, 
 2DIAGNOSTIC,    24, -4.620032906532e-01, 3.138679858239e-06, 1.8409e+01, 1.1548e-02, 
DIAGNOSTIC,Iteration,metricValue,convergenceValue,ITERATION_TIME_INDEX,SINCE_LAST
 2DIAGNOSTIC,     1, -4.033943116665e-01, inf, 3.2390e+01, 1.3980e+01, 
 2DIAGNOSTIC,     2, -4.041222035885e-01, inf, 3.2438e+01, 4.8766e-02, 
 2DIAGNOSTIC,     3, -4.048854410648e-01, inf, 3.2487e+01, 4.8630e-02, 
 2DIAGNOSTIC,     4, -4.055745005608e-01, inf, 3.2536e+01, 4.8627e-02, 
 2DIAGNOSTIC,     5, -4.062678515911e-01, inf, 3.2584e+01, 4.8605e-02, 
 2DIAGNOSTIC,     6, -4.071361422539e-01, inf, 3.2651e+01, 6.7022e-02, 
 2DIAGNOSTIC,     7, -4.084685444832e-01, inf, 3.2791e+01, 1.4018e-01, 
 2DIAGNOSTIC,     8, -4.085731208324e-01, inf, 3.2849e+01, 5.7498e-02, 
 2DIAGNOSTIC,     9, -4.085488319397e-01, inf, 3.2906e+01, 5.7521e-02, 
 2DIAGNOSTIC,    10, -4.085304141045e-01, 9.180590859614e-04, 3.2955e+01, 4.9034e-02, 
 2DIAGNOSTIC,    11, -4.085282385349e-01, 7.000768673606e-04, 3.3004e+01, 4.9039e-02, 
 2DIAGNOSTIC,    12, -4.085955917835e-01, 5.006821593270e-04, 3.3063e+01, 5.8086e-02, 
 2DIAGNOSTIC,    13, -4.085594713688e-01, 3.258569922764e-04, 3.3121e+01, 5.8177e-02, 
 2DIAGNOSTIC,    14, -4.086214303970e-01, 1.848839310696e-04, 3.3170e+01, 4.9011e-02, 
 2DIAGNOSTIC,    15, -4.086417257786e-01, 7.894465670688e-05, 3.3228e+01, 5.8142e-02, 
 2DIAGNOSTIC,    16, -4.086292982101e-01, 1.491869716119e-05, 3.3277e+01, 4.9190e-02, 
 2DIAGNOSTIC,    17, -4.086841046810e-01, 1.406311366736e-05, 3.3335e+01, 5.8159e-02, 
 2DIAGNOSTIC,    18, -4.087415933609e-01, 1.842514029704e-05, 3.3384e+01, 4.9180e-02, 
 2DIAGNOSTIC,    19, -4.087573587894e-01, 2.044986649707e-05, 3.3434e+01, 4.9140e-02, 
 2DIAGNOSTIC,    20, -4.088081717491e-01, 2.168783794332e-05, 3.3492e+01, 5.8215e-02, 
 2DIAGNOSTIC,    21, -4.088290929794e-01, 2.149999090761e-05, 3.3550e+01, 5.8187e-02, 
 2DIAGNOSTIC,    22, -4.088078439236e-01, 2.096571188304e-05, 3.3599e+01, 4.9043e-02, 
 2DIAGNOSTIC,    23, -4.088022410870e-01, 1.734902616590e-05, 3.3657e+01, 5.8209e-02, 
 2DIAGNOSTIC,    24, -4.088851213455e-01, 1.673628139542e-05, 3.3706e+01, 4.9151e-02, 
 2DIAGNOSTIC,    25, -4.088948071003e-01, 1.551085370011e-05, 3.3755e+01, 4.9102e-02, 
 2DIAGNOSTIC,    26, -4.090212285519e-01, 1.608358070371e-05, 3.3805e+01, 4.9154e-02, 
 2DIAGNOSTIC,    27, -4.093024432659e-01, 2.382025377301e-05, 3.3881e+01, 7.6556e-02, 
 2DIAGNOSTIC,    28, -4.092369377613e-01, 2.851903991541e-05, 3.3939e+01, 5.8198e-02, 
 2DIAGNOSTIC,    29, -4.090721607208e-01, 2.683344609977e-05, 3.3998e+01, 5.8322e-02, 
 2DIAGNOSTIC,    30, -4.091654121876e-01, 2.632518771861e-05, 3.4047e+01, 4.9161e-02, 
 2DIAGNOSTIC,    31, -4.095092117786e-01, 3.149253461743e-05, 3.4151e+01, 1.0385e-01, 
 2DIAGNOSTIC,    32, -4.095120728016e-01, 3.272193862358e-05, 3.4200e+01, 4.9067e-02, 
 2DIAGNOSTIC,    33, -4.095005393028e-01, 3.063385156565e-05, 3.4258e+01, 5.8195e-02, 
 2DIAGNOSTIC,    34, -4.095358252525e-01, 2.856858009181e-05, 3.4316e+01, 5.8214e-02, 
 2DIAGNOSTIC,    35, -4.094730317593e-01, 2.284783477080e-05, 3.4365e+01, 4.9159e-02, 
 2DIAGNOSTIC,    36, -4.094002842903e-01, 1.609485661902e-05, 3.4414e+01, 4.9055e-02, 
 2DIAGNOSTIC,    37, -4.093617796898e-01, 1.286419228563e-05, 3.4463e+01, 4.9080e-02, 
 2DIAGNOSTIC,    38, -4.093675315380e-01, 7.762706445646e-06, 3.4513e+01, 4.9127e-02, 
DIAGNOSTIC,Iteration,metricValue,convergenceValue,ITERATION_TIME_INDEX,SINCE_LAST
 2DIAGNOSTIC,     1, -3.412066102028e-01, inf, 4.3488e+01, 8.9754e+00, 
 2DIAGNOSTIC,     2, -3.416480123997e-01, inf, 4.3881e+01, 3.9252e-01, 
 2DIAGNOSTIC,     3, -3.420975804329e-01, inf, 4.4352e+01, 4.7135e-01, 
 2DIAGNOSTIC,     4, -3.421982526779e-01, inf, 4.4823e+01, 4.7116e-01, 
 2DIAGNOSTIC,     5, -3.422160446644e-01, inf, 4.5294e+01, 4.7129e-01, 
 2DIAGNOSTIC,     6, -3.422118723392e-01, inf, 4.5687e+01, 3.9263e-01, 
 2DIAGNOSTIC,     7, -3.422302305698e-01, inf, 4.6158e+01, 4.7122e-01, 
 2DIAGNOSTIC,     8, -3.422463238239e-01, inf, 4.6551e+01, 3.9281e-01, 
 2DIAGNOSTIC,     9, -3.423256278038e-01, inf, 4.6943e+01, 3.9217e-01, 
 2DIAGNOSTIC,    10, -3.424786329269e-01, 1.679010601947e-04, 4.7336e+01, 3.9292e-01, 
 2DIAGNOSTIC,    11, -3.426364660263e-01, 1.107262141886e-04, 4.8203e+01, 8.6714e-01, 
 2DIAGNOSTIC,    12, -3.426454663277e-01, 8.369248826057e-05, 4.8597e+01, 3.9331e-01, 
 2DIAGNOSTIC,    13, -3.426531255245e-01, 8.276489097625e-05, 4.9068e+01, 4.7177e-01, 
 2DIAGNOSTIC,    14, -3.426678180695e-01, 8.153187081916e-05, 4.9540e+01, 4.7200e-01, 
 2DIAGNOSTIC,    15, -3.426833450794e-01, 7.490361895179e-05, 4.9934e+01, 3.9345e-01, 
 2DIAGNOSTIC,    16, -3.427213132381e-01, 6.405720341718e-05, 5.0327e+01, 3.9339e-01, 
 2DIAGNOSTIC,    17, -3.427611589432e-01, 5.169284486328e-05, 5.0799e+01, 4.7208e-01, 
 2DIAGNOSTIC,    18, -3.427670300007e-01, 3.718388688867e-05, 5.1429e+01, 6.3012e-01, 
 2DIAGNOSTIC,    19, -3.427747189999e-01, 2.464691169735e-05, 5.1903e+01, 4.7333e-01, 
 2DIAGNOSTIC,    20, -3.427705466747e-01, 1.723109926388e-05, 5.2296e+01, 3.9329e-01, 
 2DIAGNOSTIC,    21, -3.427779078484e-01, 1.557623727422e-05, 5.2768e+01, 4.7204e-01, 
 2DIAGNOSTIC,    22, -3.427738547325e-01, 1.291719672736e-05, 5.3161e+01, 3.9319e-01, 
 2DIAGNOSTIC,    23, -3.427819311619e-01, 9.993085768656e-06, 5.3713e+01, 5.5136e-01, 
 2DIAGNOSTIC,    24, -3.427849709988e-01, 7.131781785574e-06, 5.4185e+01, 4.7254e-01, 
 2DIAGNOSTIC,    25, -3.427836000919e-01, 4.405994332046e-06, 5.4579e+01, 3.9341e-01, 
 2DIAGNOSTIC,    26, -3.427891135216e-01, 2.956694061140e-06, 5.5050e+01, 4.7174e-01, 
 2DIAGNOSTIC,    27, -3.427962064743e-01, 2.886358743126e-06, 5.5523e+01, 4.7244e-01, 
 2DIAGNOSTIC,    28, -3.427983224392e-01, 2.883627985284e-06, 5.5995e+01, 4.7221e-01, 
 2DIAGNOSTIC,    29, -3.428031206131e-01, 3.078589088545e-06, 5.6388e+01, 3.9351e-01, 
 2DIAGNOSTIC,    30, -3.428098857403e-01, 3.141263960060e-06, 5.6861e+01, 4.7261e-01, 
 2DIAGNOSTIC,    31, -3.428394198418e-01, 3.991733137809e-06, 5.7571e+01, 7.1029e-01, 
 2DIAGNOSTIC,    32, -3.428368866444e-01, 4.310069016356e-06, 5.8045e+01, 4.7328e-01, 
 2DIAGNOSTIC,    33, -3.428353965282e-01, 4.471414285945e-06, 5.8596e+01, 5.5137e-01, 
 2DIAGNOSTIC,    34, -3.428320884705e-01, 4.298464318708e-06, 5.9070e+01, 4.7363e-01, 
 2DIAGNOSTIC,    35, -3.428322672844e-01, 3.781847453865e-06, 5.9542e+01, 4.7259e-01, 
 2DIAGNOSTIC,    36, -3.428287208080e-01, 3.050404757232e-06, 6.0014e+01, 4.7220e-01, 
 2DIAGNOSTIC,    37, -3.428297936916e-01, 2.337584419365e-06, 6.0408e+01, 3.9380e-01, 
 2DIAGNOSTIC,    38, -3.428222537041e-01, 1.411993480360e-06, 6.0802e+01, 3.9331e-01, 
DIAGNOSTIC,Iteration,metricValue,convergenceValue,ITERATION_TIME_INDEX,SINCE_LAST
 2DIAGNOSTIC,     1, -2.952535748482e-01, inf, 6.9164e+01, 8.3623e+00, 
  Elapsed time (stage 0): 7.1007e+01


Stage 1
  iterations = 1000x500x250x0
  convergence threshold = 1.0000e-06
  convergence window size = 10
  number of levels = 4
  using the Mattes MI metric (number of bins = 32, weight = 1.0000e+00)
  preprocessing:  winsorizing the image intensities
  Shrink factors (level 1 out of 4): [12, 12, 12]
  Shrink factors (level 2 out of 4): [8, 8, 8]
  Shrink factors (level 3 out of 4): [4, 4, 4]
  Shrink factors (level 4 out of 4): [2, 2, 2]
  smoothing sigmas per level: [4, 3, 2, 1]
  regular sampling (percentage = 2.5000e-01)

*** Running AffineTransform registration ***

DIAGNOSTIC,Iteration,metricValue,convergenceValue,ITERATION_TIME_INDEX,SINCE_LAST
 2DIAGNOSTIC,     1, -4.650052189827e-01, inf, 1.8284e+01, 1.8284e+01, 
 2DIAGNOSTIC,     2, -4.667891561985e-01, inf, 1.8297e+01, 1.3171e-02, 
 2DIAGNOSTIC,     3, -4.695686101913e-01, inf, 1.8310e+01, 1.2926e-02, 
 2DIAGNOSTIC,     4, -4.744997620583e-01, inf, 1.8323e+01, 1.2924e-02, 
 2DIAGNOSTIC,     5, -4.817396402359e-01, inf, 1.8336e+01, 1.2877e-02, 
 2DIAGNOSTIC,     6, -4.885540008545e-01, inf, 1.8349e+01, 1.3010e-02, 
 2DIAGNOSTIC,     7, -4.963293373585e-01, inf, 1.8362e+01, 1.3274e-02, 
 2DIAGNOSTIC,     8, -5.152903199196e-01, inf, 1.8379e+01, 1.6982e-02, 
 2DIAGNOSTIC,     9, -5.237334966660e-01, inf, 1.8392e+01, 1.2980e-02, 
 2DIAGNOSTIC,    10, -5.280378460884e-01, 9.045439772308e-03, 1.8406e+01, 1.3773e-02, 
 2DIAGNOSTIC,    11, -5.323560237885e-01, 8.785332553089e-03, 1.8423e+01, 1.7497e-02, 
 2DIAGNOSTIC,    12, -5.348431468010e-01, 7.985881529748e-03, 1.8440e+01, 1.7290e-02, 
 2DIAGNOSTIC,    13, -5.350105166435e-01, 6.717575248331e-03, 1.8456e+01, 1.5629e-02, 
 2DIAGNOSTIC,    14, -5.350018739700e-01, 5.228074267507e-03, 1.8472e+01, 1.5578e-02, 
 2DIAGNOSTIC,    15, -5.356124639511e-01, 3.772547468543e-03, 1.8487e+01, 1.5645e-02, 
 2DIAGNOSTIC,    16, -5.356901288033e-01, 2.406948711723e-03, 1.8503e+01, 1.5443e-02, 
 2DIAGNOSTIC,    17, -5.354891419411e-01, 1.224559382536e-03, 1.8518e+01, 1.5368e-02, 
 2DIAGNOSTIC,    18, -5.350415706635e-01, 6.364292930812e-04, 1.8533e+01, 1.5364e-02, 
 2DIAGNOSTIC,    19, -5.351759195328e-01, 3.044320619665e-04, 1.8547e+01, 1.3831e-02, 
 2DIAGNOSTIC,    20, -5.351825356483e-01, 9.527695510769e-05, 1.8563e+01, 1.5533e-02, 
 2DIAGNOSTIC,    21, -5.349426269531e-01, 3.482186912152e-06, 1.8577e+01, 1.3725e-02, 
DIAGNOSTIC,Iteration,metricValue,convergenceValue,ITERATION_TIME_INDEX,SINCE_LAST
 2DIAGNOSTIC,     1, -4.486958384514e-01, inf, 3.2637e+01, 1.4060e+01, 
 2DIAGNOSTIC,     2, -4.493767619133e-01, inf, 3.2700e+01, 6.3094e-02, 
 2DIAGNOSTIC,     3, -4.507927596569e-01, inf, 3.2764e+01, 6.3598e-02, 
 2DIAGNOSTIC,     4, -4.525494873524e-01, inf, 3.2827e+01, 6.3678e-02, 
 2DIAGNOSTIC,     5, -4.536480307579e-01, inf, 3.2901e+01, 7.3847e-02, 
 2DIAGNOSTIC,     6, -4.540606737137e-01, inf, 3.2965e+01, 6.3794e-02, 
 2DIAGNOSTIC,     7, -4.548000693321e-01, inf, 3.3039e+01, 7.4395e-02, 
 2DIAGNOSTIC,     8, -4.555927813053e-01, inf, 3.3124e+01, 8.4605e-02, 
 2DIAGNOSTIC,     9, -4.557830095291e-01, inf, 3.3188e+01, 6.4159e-02, 
 2DIAGNOSTIC,    10, -4.561712443829e-01, 1.104595954530e-03, 3.3253e+01, 6.4728e-02, 
 2DIAGNOSTIC,    11, -4.564631581306e-01, 8.624535985291e-04, 3.3348e+01, 9.4794e-02, 
 2DIAGNOSTIC,    12, -4.565027356148e-01, 6.204972742125e-04, 3.3412e+01, 6.3973e-02, 
 2DIAGNOSTIC,    13, -4.566099643707e-01, 4.317176062614e-04, 3.3517e+01, 1.0509e-01, 
 2DIAGNOSTIC,    14, -4.566462337971e-01, 3.103417984676e-04, 3.3591e+01, 7.4140e-02, 
 2DIAGNOSTIC,    15, -4.566286802292e-01, 2.223124611191e-04, 3.3665e+01, 7.4412e-02, 
 2DIAGNOSTIC,    16, -4.565706551075e-01, 1.385337818647e-04, 3.3740e+01, 7.4439e-02, 
 2DIAGNOSTIC,    17, -4.565930664539e-01, 7.958360947669e-05, 3.3814e+01, 7.4378e-02, 
 2DIAGNOSTIC,    18, -4.565303623676e-01, 4.539543078863e-05, 3.3909e+01, 9.4810e-02, 
 2DIAGNOSTIC,    19, -4.564938545227e-01, 1.561132921779e-05, 3.3983e+01, 7.4400e-02, 
DIAGNOSTIC,Iteration,metricValue,convergenceValue,ITERATION_TIME_INDEX,SINCE_LAST
 2DIAGNOSTIC,     1, -3.843617439270e-01, inf, 4.3161e+01, 9.1779e+00, 
 2DIAGNOSTIC,     2, -3.847311735153e-01, inf, 4.3673e+01, 5.1168e-01, 
 2DIAGNOSTIC,     3, -3.850222527981e-01, inf, 4.4185e+01, 5.1230e-01, 
 2DIAGNOSTIC,     4, -3.852093219757e-01, inf, 4.4695e+01, 5.0947e-01, 
 2DIAGNOSTIC,     5, -3.855355978012e-01, inf, 4.5206e+01, 5.1138e-01, 
 2DIAGNOSTIC,     6, -3.863873481750e-01, inf, 4.5803e+01, 5.9670e-01, 
 2DIAGNOSTIC,     7, -3.867037594318e-01, inf, 4.6829e+01, 1.0259e+00, 
 2DIAGNOSTIC,     8, -3.867015838623e-01, inf, 4.7431e+01, 6.0246e-01, 
 2DIAGNOSTIC,     9, -3.867103755474e-01, inf, 4.8033e+01, 6.0160e-01, 
 2DIAGNOSTIC,    10, -3.867051899433e-01, 4.518084169831e-04, 4.8630e+01, 5.9764e-01, 
 2DIAGNOSTIC,    11, -3.867065310478e-01, 3.441048029345e-04, 4.9228e+01, 5.9749e-01, 
 2DIAGNOSTIC,    12, -3.867028057575e-01, 2.456715737935e-04, 4.9911e+01, 6.8315e-01, 
 2DIAGNOSTIC,    13, -3.866989016533e-01, 1.573754561832e-04, 5.0510e+01, 5.9903e-01, 
 2DIAGNOSTIC,    14, -3.867054283619e-01, 7.814181299182e-05, 5.1193e+01, 6.8283e-01, 
 2DIAGNOSTIC,    15, -3.866992294788e-01, 1.724554567772e-05, 5.1792e+01, 5.9933e-01, 
 2DIAGNOSTIC,    16, -3.866916894913e-01, 1.018028569888e-06, 5.2308e+01, 5.1555e-01, 
DIAGNOSTIC,Iteration,metricValue,convergenceValue,ITERATION_TIME_INDEX,SINCE_LAST
 2DIAGNOSTIC,     1, -3.326329886913e-01, inf, 6.1718e+01, 9.4104e+00, 
  Elapsed time (stage 1): 6.3530e+01


Stage 2
  iterations = 100x100x70x50x0
  convergence threshold = 1.0000e-06
  convergence window size = 10
  number of levels = 5
  using the Mattes MI metric (number of bins = 32, weight = 1.0000e+00)
  preprocessing:  winsorizing the image intensities
  Shrink factors (level 1 out of 5): [10, 10, 10]
  Shrink factors (level 2 out of 5): [6, 6, 6]
  Shrink factors (level 3 out of 5): [4, 4, 4]
  Shrink factors (level 4 out of 5): [2, 2, 2]
  Shrink factors (level 5 out of 5): [1, 1, 1]
  smoothing sigmas per level: [5, 3, 2, 1, 0]
  Using default NONE metricSamplingStrategy 

*** Running SyN registration (varianceForUpdateField = 3.0000e+00, varianceForTotalField = 0.0000e+00) ***

XXDIAGNOSTIC,Iteration,metricValue,convergenceValue,ITERATION_TIME_INDEX,SINCE_LAST
 1DIAGNOSTIC,     1, -5.192981958389e-01, inf, 3.2321e+01, 3.2321e+01, 
 1DIAGNOSTIC,     2, -5.359498262405e-01, inf, 3.2472e+01, 1.5162e-01, 
 1DIAGNOSTIC,     3, -5.514578819275e-01, inf, 3.2624e+01, 1.5176e-01, 
 1DIAGNOSTIC,     4, -5.605275630951e-01, inf, 3.2776e+01, 1.5168e-01, 
 1DIAGNOSTIC,     5, -5.641236305237e-01, inf, 3.2925e+01, 1.4888e-01, 
 1DIAGNOSTIC,     6, -5.643341541290e-01, inf, 3.3070e+01, 1.4490e-01, 
 1DIAGNOSTIC,     7, -5.629285573959e-01, inf, 3.3215e+01, 1.4544e-01, 
 1DIAGNOSTIC,     8, -5.623602867126e-01, inf, 3.3360e+01, 1.4481e-01, 
 1DIAGNOSTIC,     9, -5.599471926689e-01, inf, 3.3505e+01, 1.4558e-01, 
 1DIAGNOSTIC,    10, -5.577707290649e-01, 3.505206201226e-03, 3.3651e+01, 1.4574e-01, 
 1DIAGNOSTIC,    11, -5.563225150108e-01, 1.141829765402e-03, 3.3797e+01, 1.4566e-01, 
 1DIAGNOSTIC,    12, -5.542238950729e-01, -3.183195076417e-04, 3.3943e+01, 1.4603e-01, 
XXDIAGNOSTIC,Iteration,metricValue,convergenceValue,ITERATION_TIME_INDEX,SINCE_LAST
 1DIAGNOSTIC,     1, -4.383921623230e-01, inf, 4.8171e+01, 1.4228e+01, 
 1DIAGNOSTIC,     2, -4.411075115204e-01, inf, 4.8743e+01, 5.7221e-01, 
 1DIAGNOSTIC,     3, -4.428349733353e-01, inf, 4.9317e+01, 5.7383e-01, 
 1DIAGNOSTIC,     4, -4.436161518097e-01, inf, 4.9891e+01, 5.7425e-01, 
 1DIAGNOSTIC,     5, -4.434404075146e-01, inf, 5.0465e+01, 5.7400e-01, 
 1DIAGNOSTIC,     6, -4.428142905235e-01, inf, 5.1039e+01, 5.7426e-01, 
 1DIAGNOSTIC,     7, -4.423690438271e-01, inf, 5.1615e+01, 5.7552e-01, 
 1DIAGNOSTIC,     8, -4.417514204979e-01, inf, 5.2190e+01, 5.7484e-01, 
 1DIAGNOSTIC,     9, -4.413540959358e-01, inf, 5.2781e+01, 5.9096e-01, 
 1DIAGNOSTIC,    10, -4.406865835190e-01, 7.158530206652e-05, 5.3372e+01, 5.9142e-01, 
 1DIAGNOSTIC,    11, -4.399570822716e-01, -3.175381571054e-04, 5.3963e+01, 5.9090e-01, 
XXDIAGNOSTIC,Iteration,metricValue,convergenceValue,ITERATION_TIME_INDEX,SINCE_LAST
 1DIAGNOSTIC,     1, -3.734372556210e-01, inf, 6.4309e+01, 1.0346e+01, 
 1DIAGNOSTIC,     2, -3.744302988052e-01, inf, 6.6098e+01, 1.7894e+00, 
 1DIAGNOSTIC,     3, -3.751589655876e-01, inf, 6.7881e+01, 1.7833e+00, 
 1DIAGNOSTIC,     4, -3.755351006985e-01, inf, 6.9675e+01, 1.7938e+00, 
 1DIAGNOSTIC,     5, -3.757974803448e-01, inf, 7.1466e+01, 1.7909e+00, 
 1DIAGNOSTIC,     6, -3.759487271309e-01, inf, 7.3253e+01, 1.7864e+00, 
 1DIAGNOSTIC,     7, -3.758053183556e-01, inf, 7.5044e+01, 1.7919e+00, 
 1DIAGNOSTIC,     8, -3.755497336388e-01, inf, 7.6888e+01, 1.8433e+00, 
 1DIAGNOSTIC,     9, -3.752949237823e-01, inf, 7.8673e+01, 1.7855e+00, 
 1DIAGNOSTIC,    10, -3.749423027039e-01, 2.066419983748e-04, 8.0514e+01, 1.8410e+00, 
 1DIAGNOSTIC,    11, -3.747187852859e-01, -1.148321643996e-05, 8.2412e+01, 1.8974e+00, 
XXDIAGNOSTIC,Iteration,metricValue,convergenceValue,ITERATION_TIME_INDEX,SINCE_LAST
 1DIAGNOSTIC,     1, -3.152418732643e-01, inf, 1.0236e+02, 1.9944e+01, 
 1DIAGNOSTIC,     2, -3.162226676941e-01, inf, 1.1569e+02, 1.3330e+01, 
 1DIAGNOSTIC,     3, -3.173860907555e-01, inf, 1.2859e+02, 1.2906e+01, 
 1DIAGNOSTIC,     4, -3.182874321938e-01, inf, 1.4151e+02, 1.2915e+01, 
 1DIAGNOSTIC,     5, -3.190812468529e-01, inf, 1.5486e+02, 1.3349e+01, 
 1DIAGNOSTIC,     6, -3.197579383850e-01, inf, 1.6782e+02, 1.2960e+01, 
 1DIAGNOSTIC,     7, -3.202958106995e-01, inf, 1.8129e+02, 1.3475e+01, 
 1DIAGNOSTIC,     8, -3.208319544792e-01, inf, 1.9465e+02, 1.3354e+01, 
 1DIAGNOSTIC,     9, -3.212804794312e-01, inf, 2.0854e+02, 1.3894e+01, 
 1DIAGNOSTIC,    10, -3.216912746429e-01, 1.280467491597e-03, 2.2233e+02, 1.3789e+01, 
 1DIAGNOSTIC,    11, -3.220051229000e-01, 1.018577255309e-03, 2.3612e+02, 1.3790e+01, 
 1DIAGNOSTIC,    12, -3.222869932652e-01, 8.017354412004e-04, 2.4996e+02, 1.3845e+01, 
 1DIAGNOSTIC,    13, -3.225304484367e-01, 6.415102980100e-04, 2.6382e+02, 1.3858e+01, 
 1DIAGNOSTIC,    14, -3.227827847004e-01, 5.185414338484e-04, 2.7766e+02, 1.3841e+01, 
 1DIAGNOSTIC,    15, -3.230265974998e-01, 4.255753592588e-04, 2.9150e+02, 1.3837e+01, 
 1DIAGNOSTIC,    16, -3.232094049454e-01, 3.526353684720e-04, 3.0529e+02, 1.3794e+01, 
 1DIAGNOSTIC,    17, -3.233600854874e-01, 2.915570221376e-04, 3.1905e+02, 1.3757e+01, 
 1DIAGNOSTIC,    18, -3.235582411289e-01, 2.463714045007e-04, 3.3285e+02, 1.3801e+01, 
 1DIAGNOSTIC,    19, -3.237425684929e-01, 2.123406738974e-04, 3.4670e+02, 1.3845e+01, 
 1DIAGNOSTIC,    20, -3.239556849003e-01, 1.894423912745e-04, 3.6053e+02, 1.3835e+01, 
 1DIAGNOSTIC,    21, -3.241238296032e-01, 1.712961820886e-04, 3.7438e+02, 1.3850e+01, 
 1DIAGNOSTIC,    22, -3.242738246918e-01, 1.562020916026e-04, 3.8818e+02, 1.3802e+01, 
 1DIAGNOSTIC,    23, -3.243800997734e-01, 1.412208221154e-04, 4.0197e+02, 1.3785e+01, 
 1DIAGNOSTIC,    24, -3.244884014130e-01, 1.274737296626e-04, 4.1575e+02, 1.3777e+01, 
 1DIAGNOSTIC,    25, -3.245940804482e-01, 1.151862961706e-04, 4.2953e+02, 1.3782e+01, 
 1DIAGNOSTIC,    26, -3.247126936913e-01, 1.032743020914e-04, 4.4334e+02, 1.3815e+01, 
 1DIAGNOSTIC,    27, -3.248328864574e-01, 9.137232700596e-05, 4.5729e+02, 1.3950e+01, 
 1DIAGNOSTIC,    28, -3.248832821846e-01, 7.956285844557e-05, 4.7110e+02, 1.3805e+01, 
 1DIAGNOSTIC,    29, -3.249796032906e-01, 6.963807391003e-05, 4.8498e+02, 1.3877e+01, 
 1DIAGNOSTIC,    30, -3.250288665295e-01, 6.149557157187e-05, 4.9876e+02, 1.3780e+01, 
 1DIAGNOSTIC,    31, -3.250857591629e-01, 5.446463910630e-05, 5.1258e+02, 1.3821e+01, 
 1DIAGNOSTIC,    32, -3.251631855965e-01, 4.902061846224e-05, 5.2636e+02, 1.3784e+01, 
 1DIAGNOSTIC,    33, -3.251950740814e-01, 4.298437488615e-05, 5.4026e+02, 1.3900e+01, 
 1DIAGNOSTIC,    34, -3.252530097961e-01, 3.760814797715e-05, 5.5408e+02, 1.3818e+01, 
 1DIAGNOSTIC,    35, -3.253161311150e-01, 3.324238787172e-05, 5.6789e+02, 1.3806e+01, 
 1DIAGNOSTIC,    36, -3.253409862518e-01, 2.947664324893e-05, 5.8167e+02, 1.3782e+01, 
 1DIAGNOSTIC,    37, -3.253710865974e-01, 2.676937037904e-05, 5.9550e+02, 1.3829e+01, 
 1DIAGNOSTIC,    38, -3.254201710224e-01, 2.400133598712e-05, 6.0940e+02, 1.3902e+01, 
 1DIAGNOSTIC,    39, -3.254765868187e-01, 2.258388667542e-05, 6.2323e+02, 1.3833e+01, 
 1DIAGNOSTIC,    40, -3.255186080933e-01, 2.112490437867e-05, 6.3706e+02, 1.3832e+01, 
 1DIAGNOSTIC,    41, -3.255545496941e-01, 1.976072235266e-05, 6.5094e+02, 1.3879e+01, 
 1DIAGNOSTIC,    42, -3.256222009659e-01, 1.969710865524e-05, 6.6484e+02, 1.3903e+01, 
 1DIAGNOSTIC,    43, -3.256543874741e-01, 1.908777630888e-05, 6.7868e+02, 1.3835e+01, 
 1DIAGNOSTIC,    44, -3.256644606590e-01, 1.807562512113e-05, 6.9259e+02, 1.3911e+01, 
 1DIAGNOSTIC,    45, -3.257148563862e-01, 1.767915091477e-05, 7.0643e+02, 1.3844e+01, 
 1DIAGNOSTIC,    46, -3.256995677948e-01, 1.583730409038e-05, 7.2022e+02, 1.3781e+01, 
 1DIAGNOSTIC,    47, -3.257370889187e-01, 1.388516830048e-05, 7.3400e+02, 1.3787e+01, 
 1DIAGNOSTIC,    48, -3.257537782192e-01, 1.192170475406e-05, 7.4782e+02, 1.3821e+01, 
 1DIAGNOSTIC,    49, -3.257700204849e-01, 1.025586061587e-05, 7.6170e+02, 1.3879e+01, 
 1DIAGNOSTIC,    50, -3.257796764374e-01, 8.641663953313e-06, 7.7551e+02, 1.3810e+01, 
  Elapsed time (stage 2): 799.7


Total elapsed time: 934.2

--- Writing output images ---

Using double precision for computations.
Input scalar image: data/Segmentations/1014_3_seg.nii.gz
Reference image: data/template/T_template0_BrainCerebellum.nii.gz
=============================================================================
The composite transform comprises the following transforms (in order): 
  1. /tmp/1971643.1.basic.q/1014_ToTemplate_011_0GenericAffine.mat (type = AffineTransform)
  2. /tmp/1971643.1.basic.q/1014_ToTemplate_011_1Warp.nii.gz (type = DisplacementFieldTransform)
=============================================================================
Default pixel value: 0
Interpolation type: LabelImageGenericInterpolateImageFunction
Output warped image: output/1014/1014_WarpedLabels_011.nii.gz

--- Done ---

