
--- Running on compute-1-6.local ---


--- registration call ---
/data/jet/pcook/bin/antsBuild/bin/antsRegistrationSyNQuick.sh -d 3 -f data/template/T_template0_BrainCerebellum.nii.gz -m data/Brains/1014_3.nii.gz -t s -p f -n 1 -o /tmp/1971638.1.basic.q/1014_ToTemplate_006_
---


--------------------------------------------------------------------------------------
 Mapping parameters
--------------------------------------------------------------------------------------
 ANTSPATH is /data/jet/pcook/bin/antsBuild/bin/

 Dimensionality:           3
 Output name prefix:       /tmp/1971638.1.basic.q/1014_ToTemplate_006_
 Fixed images:             data/template/T_template0_BrainCerebellum.nii.gz
 Moving images:            data/Brains/1014_3.nii.gz
 Mask images:              
 Initial transforms:       
 Number of threads:        1
 Spline distance:          26
 Transform type:           s
 MI histogram bins:        32
 Precision:                f
 Use histogram matching    0
======================================================================================
 antsRegistration call:
--------------------------------------------------------------------------------------
/data/jet/pcook/bin/antsBuild/bin//antsRegistration --verbose 1 --dimensionality 3 --float 1 --collapse-output-transforms 1 --output [/tmp/1971638.1.basic.q/1014_ToTemplate_006_,/tmp/1971638.1.basic.q/1014_ToTemplate_006_Warped.nii.gz,/tmp/1971638.1.basic.q/1014_ToTemplate_006_InverseWarped.nii.gz] --interpolation Linear --use-histogram-matching 0 --winsorize-image-intensities [0.005,0.995] --initial-moving-transform [data/template/T_template0_BrainCerebellum.nii.gz,data/Brains/1014_3.nii.gz,1] --transform Rigid[0.1] --metric MI[data/template/T_template0_BrainCerebellum.nii.gz,data/Brains/1014_3.nii.gz,1,32,Regular,0.25] --convergence [1000x500x250x0,1e-6,10] --shrink-factors 12x8x4x2 --smoothing-sigmas 4x3x2x1vox --transform Affine[0.1] --metric MI[data/template/T_template0_BrainCerebellum.nii.gz,data/Brains/1014_3.nii.gz,1,32,Regular,0.25] --convergence [1000x500x250x0,1e-6,10] --shrink-factors 12x8x4x2 --smoothing-sigmas 4x3x2x1vox --transform SyN[0.1,3,0] --metric MI[data/template/T_template0_BrainCerebellum.nii.gz,data/Brains/1014_3.nii.gz,1,32] --convergence [100x100x70x50x0,1e-6,10] --shrink-factors 10x6x4x2x1 --smoothing-sigmas 5x3x2x1x0vox
--------------------------------------------------------------------------------------
All_Command_lines_OK
Using single precision for computations.
=============================================================================
The composite transform comprises the following transforms (in order): 
  1. Center of mass alignment using fixed image: data/template/T_template0_BrainCerebellum.nii.gz and moving image: data/Brains/1014_3.nii.gz (type = Euler3DTransform)
=============================================================================
  number of levels = 4
  number of levels = 4
  number of levels = 5
  fixed image: data/template/T_template0_BrainCerebellum.nii.gz
  moving image: data/Brains/1014_3.nii.gz
  fixed image: data/template/T_template0_BrainCerebellum.nii.gz
  moving image: data/Brains/1014_3.nii.gz
  fixed image: data/template/T_template0_BrainCerebellum.nii.gz
  moving image: data/Brains/1014_3.nii.gz
Dimension = 3
Number of stages = 3
Use Histogram Matching false
Winsorize image intensities true
Lower quantile = 0.005
Upper quantile = 0.995
Stage 1 State
   Image metric = Mattes
     Fixed image = Image (0x4f69420)
  RTTI typeinfo:   itk::Image<float, 3u>
  Reference Count: 2
  Modified Time: 1611
  Debug: Off
  Object Name: 
  Observers: 
    none
  Source: (none)
  Source output name: (none)
  Release Data: Off
  Data Released: False
  Global Release Data: Off
  PipelineMTime: 0
  UpdateMTime: 1422
  RealTimeStamp: 0 seconds 
  LargestPossibleRegion: 
    Dimension: 3
    Index: [0, 0, 0]
    Size: [216, 256, 291]
  BufferedRegion: 
    Dimension: 3
    Index: [0, 0, 0]
    Size: [216, 256, 291]
  RequestedRegion: 
    Dimension: 3
    Index: [0, 0, 0]
    Size: [216, 256, 291]
  Spacing: [1, 1, 1]
  Origin: [0, 293, 0]
  Direction: 
1 0 0
0 -0 -1
0 -1 -0

  IndexToPointMatrix: 
1 0 0
0 0 -1
0 -1 0

  PointToIndexMatrix: 
1 0 0
0 0 -1
0 -1 0

  Inverse Direction: 
1 0 0
0 0 -1
0 -1 0

  PixelContainer: 
    ImportImageContainer (0x4f4e7f0)
      RTTI typeinfo:   itk::ImportImageContainer<unsigned long, float>
      Reference Count: 1
      Modified Time: 1419
      Debug: Off
      Object Name: 
      Observers: 
        none
      Pointer: 0x7f84c28ab010
      Container manages memory: true
      Size: 16091136
      Capacity: 16091136

     Moving image = Image (0x4f69e60)
  RTTI typeinfo:   itk::Image<float, 3u>
  Reference Count: 2
  Modified Time: 1612
  Debug: Off
  Object Name: 
  Observers: 
    none
  Source: (none)
  Source output name: (none)
  Release Data: Off
  Data Released: False
  Global Release Data: Off
  PipelineMTime: 0
  UpdateMTime: 1609
  RealTimeStamp: 0 seconds 
  LargestPossibleRegion: 
    Dimension: 3
    Index: [0, 0, 0]
    Size: [256, 256, 307]
  BufferedRegion: 
    Dimension: 3
    Index: [0, 0, 0]
    Size: [256, 256, 307]
  RequestedRegion: 
    Dimension: 3
    Index: [0, 0, 0]
    Size: [256, 256, 307]
  Spacing: [1, 1, 1]
  Origin: [0, 306, 0]
  Direction: 
1 0 0
0 -0 -1
0 -1 -0

  IndexToPointMatrix: 
1 0 0
0 0 -1
0 -1 0

  PointToIndexMatrix: 
1 0 0
0 0 -1
0 -1 0

  Inverse Direction: 
1 0 0
0 0 -1
0 -1 0

  PixelContainer: 
    ImportImageContainer (0x4f6c2b0)
      RTTI typeinfo:   itk::ImportImageContainer<unsigned long, float>
      Reference Count: 1
      Modified Time: 1606
      Debug: Off
      Object Name: 
      Observers: 
        none
      Pointer: 0x7f84bdbea010
      Container manages memory: true
      Size: 20119552
      Capacity: 20119552

     Weighting = 1
     Sampling strategy = regular
     Number of bins = 32
     Radius = 4
     Sampling percentage  = 0.25
   Transform = Rigid
     Gradient step = 0.1
     Update field sigma (voxel space) = 0
     Total field sigma (voxel space) = 0
     Update field time sigma = 0
     Total field time sigma  = 0
     Number of time indices = 0
     Number of time point samples = 0
Stage 2 State
   Image metric = Mattes
     Fixed image = Image (0x4f746c0)
  RTTI typeinfo:   itk::Image<float, 3u>
  Reference Count: 2
  Modified Time: 1987
  Debug: Off
  Object Name: 
  Observers: 
    none
  Source: (none)
  Source output name: (none)
  Release Data: Off
  Data Released: False
  Global Release Data: Off
  PipelineMTime: 0
  UpdateMTime: 1798
  RealTimeStamp: 0 seconds 
  LargestPossibleRegion: 
    Dimension: 3
    Index: [0, 0, 0]
    Size: [216, 256, 291]
  BufferedRegion: 
    Dimension: 3
    Index: [0, 0, 0]
    Size: [216, 256, 291]
  RequestedRegion: 
    Dimension: 3
    Index: [0, 0, 0]
    Size: [216, 256, 291]
  Spacing: [1, 1, 1]
  Origin: [0, 293, 0]
  Direction: 
1 0 0
0 -0 -1
0 -1 -0

  IndexToPointMatrix: 
1 0 0
0 0 -1
0 -1 0

  PointToIndexMatrix: 
1 0 0
0 0 -1
0 -1 0

  Inverse Direction: 
1 0 0
0 0 -1
0 -1 0

  PixelContainer: 
    ImportImageContainer (0x4f74f60)
      RTTI typeinfo:   itk::ImportImageContainer<unsigned long, float>
      Reference Count: 1
      Modified Time: 1795
      Debug: Off
      Object Name: 
      Observers: 
        none
      Pointer: 0x7f84b9e87010
      Container manages memory: true
      Size: 16091136
      Capacity: 16091136

     Moving image = Image (0x4f74a50)
  RTTI typeinfo:   itk::Image<float, 3u>
  Reference Count: 2
  Modified Time: 1988
  Debug: Off
  Object Name: 
  Observers: 
    none
  Source: (none)
  Source output name: (none)
  Release Data: Off
  Data Released: False
  Global Release Data: Off
  PipelineMTime: 0
  UpdateMTime: 1985
  RealTimeStamp: 0 seconds 
  LargestPossibleRegion: 
    Dimension: 3
    Index: [0, 0, 0]
    Size: [256, 256, 307]
  BufferedRegion: 
    Dimension: 3
    Index: [0, 0, 0]
    Size: [256, 256, 307]
  RequestedRegion: 
    Dimension: 3
    Index: [0, 0, 0]
    Size: [256, 256, 307]
  Spacing: [1, 1, 1]
  Origin: [0, 306, 0]
  Direction: 
1 0 0
0 -0 -1
0 -1 -0

  IndexToPointMatrix: 
1 0 0
0 0 -1
0 -1 0

  PointToIndexMatrix: 
1 0 0
0 0 -1
0 -1 0

  Inverse Direction: 
1 0 0
0 0 -1
0 -1 0

  PixelContainer: 
    ImportImageContainer (0x4f75950)
      RTTI typeinfo:   itk::ImportImageContainer<unsigned long, float>
      Reference Count: 1
      Modified Time: 1982
      Debug: Off
      Object Name: 
      Observers: 
        none
      Pointer: 0x7f84b51c6010
      Container manages memory: true
      Size: 20119552
      Capacity: 20119552

     Weighting = 1
     Sampling strategy = regular
     Number of bins = 32
     Radius = 4
     Sampling percentage  = 0.25
   Transform = Affine
     Gradient step = 0.1
     Update field sigma (voxel space) = 0
     Total field sigma (voxel space) = 0
     Update field time sigma = 0
     Total field time sigma  = 0
     Number of time indices = 0
     Number of time point samples = 0
Stage 3 State
   Image metric = Mattes
     Fixed image = Image (0x4f7b7b0)
  RTTI typeinfo:   itk::Image<float, 3u>
  Reference Count: 2
  Modified Time: 2363
  Debug: Off
  Object Name: 
  Observers: 
    none
  Source: (none)
  Source output name: (none)
  Release Data: Off
  Data Released: False
  Global Release Data: Off
  PipelineMTime: 0
  UpdateMTime: 2174
  RealTimeStamp: 0 seconds 
  LargestPossibleRegion: 
    Dimension: 3
    Index: [0, 0, 0]
    Size: [216, 256, 291]
  BufferedRegion: 
    Dimension: 3
    Index: [0, 0, 0]
    Size: [216, 256, 291]
  RequestedRegion: 
    Dimension: 3
    Index: [0, 0, 0]
    Size: [216, 256, 291]
  Spacing: [1, 1, 1]
  Origin: [0, 293, 0]
  Direction: 
1 0 0
0 -0 -1
0 -1 -0

  IndexToPointMatrix: 
1 0 0
0 0 -1
0 -1 0

  PointToIndexMatrix: 
1 0 0
0 0 -1
0 -1 0

  Inverse Direction: 
1 0 0
0 0 -1
0 -1 0

  PixelContainer: 
    ImportImageContainer (0x4f7ba40)
      RTTI typeinfo:   itk::ImportImageContainer<unsigned long, float>
      Reference Count: 1
      Modified Time: 2171
      Debug: Off
      Object Name: 
      Observers: 
        none
      Pointer: 0x7f84b1463010
      Container manages memory: true
      Size: 16091136
      Capacity: 16091136

     Moving image = Image (0x4f7e1b0)
  RTTI typeinfo:   itk::Image<float, 3u>
  Reference Count: 2
  Modified Time: 2364
  Debug: Off
  Object Name: 
  Observers: 
    none
  Source: (none)
  Source output name: (none)
  Release Data: Off
  Data Released: False
  Global Release Data: Off
  PipelineMTime: 0
  UpdateMTime: 2361
  RealTimeStamp: 0 seconds 
  LargestPossibleRegion: 
    Dimension: 3
    Index: [0, 0, 0]
    Size: [256, 256, 307]
  BufferedRegion: 
    Dimension: 3
    Index: [0, 0, 0]
    Size: [256, 256, 307]
  RequestedRegion: 
    Dimension: 3
    Index: [0, 0, 0]
    Size: [256, 256, 307]
  Spacing: [1, 1, 1]
  Origin: [0, 306, 0]
  Direction: 
1 0 0
0 -0 -1
0 -1 -0

  IndexToPointMatrix: 
1 0 0
0 0 -1
0 -1 0

  PointToIndexMatrix: 
1 0 0
0 0 -1
0 -1 0

  Inverse Direction: 
1 0 0
0 0 -1
0 -1 0

  PixelContainer: 
    ImportImageContainer (0x4f7baa0)
      RTTI typeinfo:   itk::ImportImageContainer<unsigned long, float>
      Reference Count: 1
      Modified Time: 2358
      Debug: Off
      Object Name: 
      Observers: 
        none
      Pointer: 0x7f84ac7a2010
      Container manages memory: true
      Size: 20119552
      Capacity: 20119552

     Weighting = 1
     Sampling strategy = none
     Number of bins = 32
     Radius = 4
     Sampling percentage  = 1
   Transform = SyN
     Gradient step = 0.1
     Update field sigma (voxel space) = 3
     Total field sigma (voxel space) = 0
     Update field time sigma = 0
     Total field time sigma  = 0
     Number of time indices = 0
     Number of time point samples = 0
Registration using 3 total stages.

Stage 0
  iterations = 1000x500x250x0
  convergence threshold = 1e-06
  convergence window size = 10
  number of levels = 4
  using the Mattes MI metric (number of bins = 32, weight = 1)
  preprocessing:  winsorizing the image intensities
  Shrink factors (level 1 out of 4): [12, 12, 12]
  Shrink factors (level 2 out of 4): [8, 8, 8]
  Shrink factors (level 3 out of 4): [4, 4, 4]
  Shrink factors (level 4 out of 4): [2, 2, 2]
  smoothing sigmas per level: [4, 3, 2, 1]
  regular sampling (percentage = 0.25)

*** Running Euler3DTransform registration ***

DIAGNOSTIC,Iteration,metricValue,convergenceValue,ITERATION_TIME_INDEX,SINCE_LAST
 2DIAGNOSTIC,     1, -4.688964188099e-01, inf, 1.8071e+01, 1.8071e+01, 
 2DIAGNOSTIC,     2, -4.691098928452e-01, inf, 1.8081e+01, 9.7849e-03, 
 2DIAGNOSTIC,     3, -4.691538810730e-01, inf, 1.8090e+01, 9.5620e-03, 
 2DIAGNOSTIC,     4, -4.691771566868e-01, inf, 1.8100e+01, 9.4941e-03, 
 2DIAGNOSTIC,     5, -4.692163765430e-01, inf, 1.8111e+01, 1.1033e-02, 
 2DIAGNOSTIC,     6, -4.692352712154e-01, inf, 1.8123e+01, 1.2582e-02, 
 2DIAGNOSTIC,     7, -4.692502319813e-01, inf, 1.8133e+01, 9.4891e-03, 
 2DIAGNOSTIC,     8, -4.692765772343e-01, inf, 1.8144e+01, 1.1031e-02, 
 2DIAGNOSTIC,     9, -4.692944586277e-01, inf, 1.8157e+01, 1.2557e-02, 
 2DIAGNOSTIC,    10, -4.693028330803e-01, 4.504015305429e-05, 1.8167e+01, 1.0148e-02, 
 2DIAGNOSTIC,    11, -4.693608582020e-01, 3.009600914083e-05, 1.8178e+01, 1.1604e-02, 
 2DIAGNOSTIC,    12, -4.693823456764e-01, 2.696139745240e-05, 1.8188e+01, 1.0045e-02, 
 2DIAGNOSTIC,    13, -4.694040715694e-01, 2.516499807825e-05, 1.8200e+01, 1.1587e-02, 
 2DIAGNOSTIC,    14, -4.694138765335e-01, 2.297136052221e-05, 1.8211e+01, 1.1607e-02, 
 2DIAGNOSTIC,    15, -4.694238901138e-01, 2.116744690284e-05, 1.8222e+01, 1.0066e-02, 
 2DIAGNOSTIC,    16, -4.694422185421e-01, 1.922405317600e-05, 1.8235e+01, 1.3139e-02, 
 2DIAGNOSTIC,    17, -4.694675505161e-01, 1.731139673211e-05, 1.8245e+01, 1.0027e-02, 
 2DIAGNOSTIC,    18, -4.694793820381e-01, 1.545971099404e-05, 1.8255e+01, 1.0015e-02, 
 2DIAGNOSTIC,    19, -4.694985151291e-01, 1.373919076286e-05, 1.8266e+01, 1.1565e-02, 
 2DIAGNOSTIC,    20, -4.695137739182e-01, 1.174541193905e-05, 1.8278e+01, 1.1566e-02, 
 2DIAGNOSTIC,    21, -4.695343673229e-01, 1.124399113905e-05, 1.8291e+01, 1.3080e-02, 
 2DIAGNOSTIC,    22, -4.695457816124e-01, 1.075859836419e-05, 1.8301e+01, 1.0036e-02, 
 2DIAGNOSTIC,    23, -4.695741832256e-01, 1.076236185327e-05, 1.8313e+01, 1.1556e-02, 
 2DIAGNOSTIC,    24, -4.694145023823e-01, 6.094962827774e-06, 1.8324e+01, 1.1903e-02, 
DIAGNOSTIC,Iteration,metricValue,convergenceValue,ITERATION_TIME_INDEX,SINCE_LAST
 2DIAGNOSTIC,     1, -4.040762186050e-01, inf, 3.2106e+01, 1.3782e+01, 
 2DIAGNOSTIC,     2, -4.050368964672e-01, inf, 3.2156e+01, 4.9406e-02, 
 2DIAGNOSTIC,     3, -4.060278832912e-01, inf, 3.2205e+01, 4.9406e-02, 
 2DIAGNOSTIC,     4, -4.068453013897e-01, inf, 3.2255e+01, 4.9483e-02, 
 2DIAGNOSTIC,     5, -4.074242115021e-01, inf, 3.2313e+01, 5.8609e-02, 
 2DIAGNOSTIC,     6, -4.075815677643e-01, inf, 3.2399e+01, 8.6264e-02, 
 2DIAGNOSTIC,     7, -4.075711369514e-01, inf, 3.2458e+01, 5.8579e-02, 
 2DIAGNOSTIC,     8, -4.075807034969e-01, inf, 3.2507e+01, 4.9265e-02, 
 2DIAGNOSTIC,     9, -4.075450897217e-01, inf, 3.2557e+01, 4.9247e-02, 
 2DIAGNOSTIC,    10, -4.075560569763e-01, 5.011403700337e-04, 3.2625e+01, 6.8368e-02, 
 2DIAGNOSTIC,    11, -4.075617492199e-01, 2.837848442141e-04, 3.2684e+01, 5.9148e-02, 
 2DIAGNOSTIC,    12, -4.074746668339e-01, 1.277987175854e-04, 3.2734e+01, 4.9924e-02, 
 2DIAGNOSTIC,    13, -4.074805974960e-01, 3.750998075702e-05, 3.2784e+01, 4.9946e-02, 
 2DIAGNOSTIC,    14, -4.076242744923e-01, 4.124765382585e-06, 3.2834e+01, 5.0003e-02, 
 2DIAGNOSTIC,    15, -4.076862633228e-01, 4.398850705911e-06, 3.2893e+01, 5.9184e-02, 
 2DIAGNOSTIC,    16, -4.077334702015e-01, 1.336021341558e-05, 3.2962e+01, 6.8398e-02, 
 2DIAGNOSTIC,    17, -4.077438414097e-01, 2.032493102888e-05, 3.3011e+01, 4.9952e-02, 
 2DIAGNOSTIC,    18, -4.077495038509e-01, 2.548674638092e-05, 3.3080e+01, 6.8353e-02, 
 2DIAGNOSTIC,    19, -4.078044891357e-01, 2.848549047485e-05, 3.3139e+01, 5.9037e-02, 
 2DIAGNOSTIC,    20, -4.078066945076e-01, 2.900549952756e-05, 3.3189e+01, 4.9812e-02, 
 2DIAGNOSTIC,    21, -4.078094363213e-01, 2.735343150562e-05, 3.3248e+01, 5.9239e-02, 
 2DIAGNOSTIC,    22, -4.078145325184e-01, 2.093539296766e-05, 3.3325e+01, 7.7488e-02, 
 2DIAGNOSTIC,    23, -4.077712595463e-01, 1.202843759529e-05, 3.3375e+01, 5.0020e-02, 
 2DIAGNOSTIC,    24, -4.077730476856e-01, 7.077335794747e-06, 3.3425e+01, 4.9864e-02, 
 2DIAGNOSTIC,    25, -4.077766835690e-01, 3.761974994632e-06, 3.3475e+01, 4.9863e-02, 
 2DIAGNOSTIC,    26, -4.077807068825e-01, 1.837524450821e-06, 3.3527e+01, 5.2352e-02, 
DIAGNOSTIC,Iteration,metricValue,convergenceValue,ITERATION_TIME_INDEX,SINCE_LAST
 2DIAGNOSTIC,     1, -3.406834304333e-01, inf, 4.2451e+01, 8.9239e+00, 
 2DIAGNOSTIC,     2, -3.408081531525e-01, inf, 4.2929e+01, 4.7786e-01, 
 2DIAGNOSTIC,     3, -3.409609496593e-01, inf, 4.3408e+01, 4.7898e-01, 
 2DIAGNOSTIC,     4, -3.409861922264e-01, inf, 4.3888e+01, 4.7928e-01, 
 2DIAGNOSTIC,     5, -3.409813642502e-01, inf, 4.4445e+01, 5.5752e-01, 
 2DIAGNOSTIC,     6, -3.409775197506e-01, inf, 4.5316e+01, 8.7098e-01, 
 2DIAGNOSTIC,     7, -3.409787714481e-01, inf, 4.5797e+01, 4.8108e-01, 
 2DIAGNOSTIC,     8, -3.409711420536e-01, inf, 4.6272e+01, 4.7531e-01, 
 2DIAGNOSTIC,     9, -3.409723341465e-01, inf, 4.6669e+01, 3.9627e-01, 
 2DIAGNOSTIC,    10, -3.409695029259e-01, 3.923992335331e-05, 4.7223e+01, 5.5479e-01, 
 2DIAGNOSTIC,    11, -3.409655988216e-01, 1.430688189430e-05, 4.7705e+01, 4.8193e-01, 
DIAGNOSTIC,Iteration,metricValue,convergenceValue,ITERATION_TIME_INDEX,SINCE_LAST
 2DIAGNOSTIC,     1, -2.940523922443e-01, inf, 5.6080e+01, 8.3741e+00, 
  Elapsed time (stage 0): 5.7915e+01


Stage 1
  iterations = 1000x500x250x0
  convergence threshold = 1.0000e-06
  convergence window size = 10
  number of levels = 4
  using the Mattes MI metric (number of bins = 32, weight = 1.0000e+00)
  preprocessing:  winsorizing the image intensities
  Shrink factors (level 1 out of 4): [12, 12, 12]
  Shrink factors (level 2 out of 4): [8, 8, 8]
  Shrink factors (level 3 out of 4): [4, 4, 4]
  Shrink factors (level 4 out of 4): [2, 2, 2]
  smoothing sigmas per level: [4, 3, 2, 1]
  regular sampling (percentage = 2.5000e-01)

*** Running AffineTransform registration ***

DIAGNOSTIC,Iteration,metricValue,convergenceValue,ITERATION_TIME_INDEX,SINCE_LAST
 2DIAGNOSTIC,     1, -4.563975930214e-01, inf, 1.8029e+01, 1.8029e+01, 
 2DIAGNOSTIC,     2, -4.567749798298e-01, inf, 1.8042e+01, 1.3298e-02, 
 2DIAGNOSTIC,     3, -4.579046070576e-01, inf, 1.8055e+01, 1.3069e-02, 
 2DIAGNOSTIC,     4, -4.601036310196e-01, inf, 1.8068e+01, 1.2949e-02, 
 2DIAGNOSTIC,     5, -4.627606570721e-01, inf, 1.8081e+01, 1.3045e-02, 
 2DIAGNOSTIC,     6, -4.675130248070e-01, inf, 1.8095e+01, 1.3562e-02, 
 2DIAGNOSTIC,     7, -4.863271415234e-01, inf, 1.8111e+01, 1.5941e-02, 
 2DIAGNOSTIC,     8, -5.000908970833e-01, inf, 1.8130e+01, 1.9484e-02, 
 2DIAGNOSTIC,     9, -5.032366514206e-01, inf, 1.8145e+01, 1.5109e-02, 
 2DIAGNOSTIC,    10, -5.065975785255e-01, 7.974253967404e-03, 1.8161e+01, 1.5919e-02, 
 2DIAGNOSTIC,    11, -5.145588517189e-01, 8.150478824973e-03, 1.8177e+01, 1.5984e-02, 
 2DIAGNOSTIC,    12, -5.164911150932e-01, 7.656317204237e-03, 1.8193e+01, 1.5910e-02, 
 2DIAGNOSTIC,    13, -5.168657302856e-01, 6.615427788347e-03, 1.8209e+01, 1.5831e-02, 
 2DIAGNOSTIC,    14, -5.172877907753e-01, 5.256314761937e-03, 1.8225e+01, 1.5794e-02, 
 2DIAGNOSTIC,    15, -5.180059671402e-01, 3.750699339435e-03, 1.8241e+01, 1.5887e-02, 
 2DIAGNOSTIC,    16, -5.181949734688e-01, 2.262149937451e-03, 1.8256e+01, 1.5756e-02, 
 2DIAGNOSTIC,    17, -5.182703733444e-01, 1.379128079861e-03, 1.8270e+01, 1.4032e-02, 
 2DIAGNOSTIC,    18, -5.182482004166e-01, 9.136301814578e-04, 1.8284e+01, 1.4035e-02, 
 2DIAGNOSTIC,    19, -5.184549093246e-01, 5.170503864065e-04, 1.8302e+01, 1.7736e-02, 
 2DIAGNOSTIC,    20, -5.184916853905e-01, 2.050738985417e-04, 1.8318e+01, 1.5807e-02, 
 2DIAGNOSTIC,    21, -5.181666016579e-01, 1.114725746447e-04, 1.8334e+01, 1.5723e-02, 
 2DIAGNOSTIC,    22, -5.182242989540e-01, 6.848102202639e-05, 1.8350e+01, 1.5957e-02, 
 2DIAGNOSTIC,    23, -5.182611942291e-01, 3.314492641948e-05, 1.8364e+01, 1.4116e-02, 
 2DIAGNOSTIC,    24, -5.181491374969e-01, 4.608510607795e-06, 1.8379e+01, 1.5670e-02, 
DIAGNOSTIC,Iteration,metricValue,convergenceValue,ITERATION_TIME_INDEX,SINCE_LAST
 2DIAGNOSTIC,     1, -4.420467913151e-01, inf, 3.2200e+01, 1.3821e+01, 
 2DIAGNOSTIC,     2, -4.428555667400e-01, inf, 3.2265e+01, 6.5032e-02, 
 2DIAGNOSTIC,     3, -4.435302019119e-01, inf, 3.2330e+01, 6.5496e-02, 
 2DIAGNOSTIC,     4, -4.445105493069e-01, inf, 3.2396e+01, 6.5200e-02, 
 2DIAGNOSTIC,     5, -4.451439082623e-01, inf, 3.2461e+01, 6.4975e-02, 
 2DIAGNOSTIC,     6, -4.459912776947e-01, inf, 3.2526e+01, 6.5280e-02, 
 2DIAGNOSTIC,     7, -4.467124044895e-01, inf, 3.2612e+01, 8.6494e-02, 
 2DIAGNOSTIC,     8, -4.473148882389e-01, inf, 3.2677e+01, 6.4617e-02, 
 2DIAGNOSTIC,     9, -4.479676485062e-01, inf, 3.2753e+01, 7.5608e-02, 
 2DIAGNOSTIC,    10, -4.487003087997e-01, 9.566369117238e-04, 3.2839e+01, 8.6399e-02, 
 2DIAGNOSTIC,    11, -4.488284587860e-01, 8.171912049875e-04, 3.2905e+01, 6.5839e-02, 
 2DIAGNOSTIC,    12, -4.492491483688e-01, 6.934422417544e-04, 3.2991e+01, 8.6566e-02, 
 2DIAGNOSTIC,    13, -4.496663510799e-01, 5.789544084109e-04, 3.3067e+01, 7.6042e-02, 
 2DIAGNOSTIC,    14, -4.497401416302e-01, 4.757412825711e-04, 3.3174e+01, 1.0684e-01, 
 2DIAGNOSTIC,    15, -4.497910737991e-01, 3.717135114130e-04, 3.3250e+01, 7.6004e-02, 
 2DIAGNOSTIC,    16, -4.497891068459e-01, 2.803689567372e-04, 3.3316e+01, 6.5695e-02, 
 2DIAGNOSTIC,    17, -4.497398436069e-01, 1.991606404772e-04, 3.3392e+01, 7.6086e-02, 
 2DIAGNOSTIC,    18, -4.496726691723e-01, 1.271923247259e-04, 3.3458e+01, 6.5670e-02, 
 2DIAGNOSTIC,    19, -4.496607780457e-01, 7.216678932309e-05, 3.3534e+01, 7.6094e-02, 
 2DIAGNOSTIC,    20, -4.496802091599e-01, 4.018749314127e-05, 3.3600e+01, 6.5739e-02, 
 2DIAGNOSTIC,    21, -4.496638476849e-01, 1.082389189833e-05, 3.3666e+01, 6.6534e-02, 
DIAGNOSTIC,Iteration,metricValue,convergenceValue,ITERATION_TIME_INDEX,SINCE_LAST
 2DIAGNOSTIC,     1, -3.824221789837e-01, inf, 4.2927e+01, 9.2611e+00, 
 2DIAGNOSTIC,     2, -3.826958835125e-01, inf, 4.3440e+01, 5.1306e-01, 
 2DIAGNOSTIC,     3, -3.828554153442e-01, inf, 4.3960e+01, 5.1976e-01, 
 2DIAGNOSTIC,     4, -3.830574750900e-01, inf, 4.4482e+01, 5.2211e-01, 
 2DIAGNOSTIC,     5, -3.833438158035e-01, inf, 4.5002e+01, 5.2003e-01, 
 2DIAGNOSTIC,     6, -3.837562203407e-01, inf, 4.5524e+01, 5.2146e-01, 
 2DIAGNOSTIC,     7, -3.844152688980e-01, inf, 4.6897e+01, 1.3734e+00, 
 2DIAGNOSTIC,     8, -3.844202160835e-01, inf, 4.7420e+01, 5.2276e-01, 
 2DIAGNOSTIC,     9, -3.844159245491e-01, inf, 4.8193e+01, 7.7305e-01, 
 2DIAGNOSTIC,    10, -3.844083547592e-01, 3.951020480599e-04, 4.8799e+01, 6.0583e-01, 
 2DIAGNOSTIC,    11, -3.844047784805e-01, 3.147535317112e-04, 4.9401e+01, 6.0193e-01, 
 2DIAGNOSTIC,    12, -3.843972086906e-01, 2.356595941819e-04, 4.9921e+01, 5.2052e-01, 
 2DIAGNOSTIC,    13, -3.843955099583e-01, 1.568176085129e-04, 5.0521e+01, 5.9951e-01, 
 2DIAGNOSTIC,    14, -3.843936920166e-01, 8.622412860859e-05, 5.1123e+01, 6.0193e-01, 
 2DIAGNOSTIC,    15, -3.843927681446e-01, 3.129732067464e-05, 5.1640e+01, 5.1731e-01, 
DIAGNOSTIC,Iteration,metricValue,convergenceValue,ITERATION_TIME_INDEX,SINCE_LAST
 2DIAGNOSTIC,     1, -3.325281143188e-01, inf, 6.2668e+01, 1.1028e+01, 
  Elapsed time (stage 1): 6.4492e+01


Stage 2
  iterations = 100x100x70x50x0
  convergence threshold = 1.0000e-06
  convergence window size = 10
  number of levels = 5
  using the Mattes MI metric (number of bins = 32, weight = 1.0000e+00)
  preprocessing:  winsorizing the image intensities
  Shrink factors (level 1 out of 5): [10, 10, 10]
  Shrink factors (level 2 out of 5): [6, 6, 6]
  Shrink factors (level 3 out of 5): [4, 4, 4]
  Shrink factors (level 4 out of 5): [2, 2, 2]
  Shrink factors (level 5 out of 5): [1, 1, 1]
  smoothing sigmas per level: [5, 3, 2, 1, 0]
  Using default NONE metricSamplingStrategy 

*** Running SyN registration (varianceForUpdateField = 3.0000e+00, varianceForTotalField = 0.0000e+00) ***

XXDIAGNOSTIC,Iteration,metricValue,convergenceValue,ITERATION_TIME_INDEX,SINCE_LAST
 1DIAGNOSTIC,     1, -5.215977430344e-01, inf, 3.3131e+01, 3.3131e+01, 
 1DIAGNOSTIC,     2, -5.387260913849e-01, inf, 3.3282e+01, 1.5155e-01, 
 1DIAGNOSTIC,     3, -5.527462959290e-01, inf, 3.3434e+01, 1.5139e-01, 
 1DIAGNOSTIC,     4, -5.630874037743e-01, inf, 3.3582e+01, 1.4797e-01, 
 1DIAGNOSTIC,     5, -5.663107633591e-01, inf, 3.3727e+01, 1.4534e-01, 
 1DIAGNOSTIC,     6, -5.677879452705e-01, inf, 3.3872e+01, 1.4518e-01, 
 1DIAGNOSTIC,     7, -5.655946731567e-01, inf, 3.4017e+01, 1.4475e-01, 
 1DIAGNOSTIC,     8, -5.651577711105e-01, inf, 3.4162e+01, 1.4465e-01, 
 1DIAGNOSTIC,     9, -5.632853507996e-01, inf, 3.4307e+01, 1.4509e-01, 
 1DIAGNOSTIC,    10, -5.623407363892e-01, 3.695942228660e-03, 3.4452e+01, 1.4545e-01, 
 1DIAGNOSTIC,    11, -5.597974061966e-01, 1.333913300186e-03, 3.4598e+01, 1.4565e-01, 
 1DIAGNOSTIC,    12, -5.580703020096e-01, -1.040961360559e-04, 3.4743e+01, 1.4533e-01, 
XXDIAGNOSTIC,Iteration,metricValue,convergenceValue,ITERATION_TIME_INDEX,SINCE_LAST
 1DIAGNOSTIC,     1, -4.413519799709e-01, inf, 4.8956e+01, 1.4213e+01, 
 1DIAGNOSTIC,     2, -4.438126683235e-01, inf, 4.9528e+01, 5.7173e-01, 
 1DIAGNOSTIC,     3, -4.455102384090e-01, inf, 5.0098e+01, 5.7033e-01, 
 1DIAGNOSTIC,     4, -4.467017650604e-01, inf, 5.0668e+01, 5.7018e-01, 
 1DIAGNOSTIC,     5, -4.467824101448e-01, inf, 5.1241e+01, 5.7235e-01, 
 1DIAGNOSTIC,     6, -4.462581872940e-01, inf, 5.1812e+01, 5.7122e-01, 
 1DIAGNOSTIC,     7, -4.458325505257e-01, inf, 5.2382e+01, 5.7034e-01, 
 1DIAGNOSTIC,     8, -4.451955556870e-01, inf, 5.2954e+01, 5.7239e-01, 
 1DIAGNOSTIC,     9, -4.446142911911e-01, inf, 5.3559e+01, 6.0449e-01, 
 1DIAGNOSTIC,    10, -4.442298412323e-01, 1.861417840701e-04, 5.4147e+01, 5.8788e-01, 
 1DIAGNOSTIC,    11, -4.439607858658e-01, -1.856748567661e-04, 5.4752e+01, 6.0500e-01, 
XXDIAGNOSTIC,Iteration,metricValue,convergenceValue,ITERATION_TIME_INDEX,SINCE_LAST
 1DIAGNOSTIC,     1, -3.768194615841e-01, inf, 6.5016e+01, 1.0264e+01, 
 1DIAGNOSTIC,     2, -3.776925206184e-01, inf, 6.6794e+01, 1.7775e+00, 
 1DIAGNOSTIC,     3, -3.785322606564e-01, inf, 6.8571e+01, 1.7773e+00, 
 1DIAGNOSTIC,     4, -3.792473673820e-01, inf, 7.0359e+01, 1.7877e+00, 
 1DIAGNOSTIC,     5, -3.795446753502e-01, inf, 7.2141e+01, 1.7820e+00, 
 1DIAGNOSTIC,     6, -3.798058032990e-01, inf, 7.3923e+01, 1.7821e+00, 
 1DIAGNOSTIC,     7, -3.796834051609e-01, inf, 7.5710e+01, 1.7870e+00, 
 1DIAGNOSTIC,     8, -3.794351220131e-01, inf, 7.7491e+01, 1.7806e+00, 
 1DIAGNOSTIC,     9, -3.793510794640e-01, inf, 7.9271e+01, 1.7803e+00, 
 1DIAGNOSTIC,    10, -3.791201114655e-01, 3.504701016936e-04, 8.1109e+01, 1.8386e+00, 
 1DIAGNOSTIC,    11, -3.787797987461e-01, 1.121518944274e-04, 8.3018e+01, 1.9083e+00, 
 1DIAGNOSTIC,    12, -3.785917460918e-01, -5.362777301343e-05, 8.4856e+01, 1.8380e+00, 
XXDIAGNOSTIC,Iteration,metricValue,convergenceValue,ITERATION_TIME_INDEX,SINCE_LAST
 1DIAGNOSTIC,     1, -3.183156549931e-01, inf, 1.0473e+02, 1.9873e+01, 
 1DIAGNOSTIC,     2, -3.193753361702e-01, inf, 1.1755e+02, 1.2819e+01, 
 1DIAGNOSTIC,     3, -3.204609155655e-01, inf, 1.3078e+02, 1.3232e+01, 
 1DIAGNOSTIC,     4, -3.214828372002e-01, inf, 1.4361e+02, 1.2831e+01, 
 1DIAGNOSTIC,     5, -3.222994804382e-01, inf, 1.5653e+02, 1.2917e+01, 
 1DIAGNOSTIC,     6, -3.230165243149e-01, inf, 1.6937e+02, 1.2844e+01, 
 1DIAGNOSTIC,     7, -3.237178325653e-01, inf, 1.8229e+02, 1.2919e+01, 
 1DIAGNOSTIC,     8, -3.242795169353e-01, inf, 1.9558e+02, 1.3289e+01, 
 1DIAGNOSTIC,     9, -3.248033821583e-01, inf, 2.0844e+02, 1.2860e+01, 
 1DIAGNOSTIC,    10, -3.252689838409e-01, 1.373365055770e-03, 2.2184e+02, 1.3398e+01, 
 1DIAGNOSTIC,    11, -3.257125616074e-01, 1.116853905842e-03, 2.3514e+02, 1.3302e+01, 
 1DIAGNOSTIC,    12, -3.260579109192e-01, 9.051387896761e-04, 2.4889e+02, 1.3753e+01, 
 1DIAGNOSTIC,    13, -3.263745307922e-01, 7.384042255580e-04, 2.6218e+02, 1.3283e+01, 
 1DIAGNOSTIC,    14, -3.266251683235e-01, 6.079005543143e-04, 2.7592e+02, 1.3748e+01, 
 1DIAGNOSTIC,    15, -3.269172906876e-01, 5.038778763264e-04, 2.8921e+02, 1.3283e+01, 
 1DIAGNOSTIC,    16, -3.271151185036e-01, 4.163136472926e-04, 3.0296e+02, 1.3750e+01, 
 1DIAGNOSTIC,    17, -3.273283243179e-01, 3.477346908767e-04, 3.1671e+02, 1.3750e+01, 
 1DIAGNOSTIC,    18, -3.274911642075e-01, 2.897646627389e-04, 3.3089e+02, 1.4183e+01, 
 1DIAGNOSTIC,    19, -3.275791406631e-01, 2.391311572865e-04, 3.4480e+02, 1.3910e+01, 
 1DIAGNOSTIC,    20, -3.276249766350e-01, 1.936331682373e-04, 3.5855e+02, 1.3751e+01, 
 1DIAGNOSTIC,    21, -3.276603817940e-01, 1.543858816149e-04, 3.7233e+02, 1.3777e+01, 
 1DIAGNOSTIC,    22, -3.277290761471e-01, 1.207244713441e-04, 3.8622e+02, 1.3887e+01, 
 1DIAGNOSTIC,    23, -3.278573751450e-01, 9.558060264681e-05, 4.0006e+02, 1.3843e+01, 
 1DIAGNOSTIC,    24, -3.279998302460e-01, 7.778338476783e-05, 4.1392e+02, 1.3865e+01, 
 1DIAGNOSTIC,    25, -3.281151652336e-01, 6.837880937383e-05, 4.2789e+02, 1.3969e+01, 
 1DIAGNOSTIC,    26, -3.281962573528e-01, 6.265689444263e-05, 4.4163e+02, 1.3732e+01, 
 1DIAGNOSTIC,    27, -3.282556533813e-01, 6.028974894434e-05, 4.5540e+02, 1.3774e+01, 
 1DIAGNOSTIC,    28, -3.283055424690e-01, 5.905256693950e-05, 4.6921e+02, 1.3810e+01, 
 1DIAGNOSTIC,    29, -3.283586502075e-01, 5.660489478032e-05, 4.8292e+02, 1.3708e+01, 
 1DIAGNOSTIC,    30, -3.284034729004e-01, 5.168754796614e-05, 4.9669e+02, 1.3768e+01, 
 1DIAGNOSTIC,    31, -3.284609317780e-01, 4.491347863222e-05, 5.1043e+02, 1.3740e+01, 
 1DIAGNOSTIC,    32, -3.285065889359e-01, 3.747567097889e-05, 5.2440e+02, 1.3978e+01, 
 1DIAGNOSTIC,    33, -3.285969495773e-01, 3.274293339928e-05, 5.3813e+02, 1.3728e+01, 
 1DIAGNOSTIC,    34, -3.286190629005e-01, 2.939857586171e-05, 5.5194e+02, 1.3805e+01, 
 1DIAGNOSTIC,    35, -3.286747038364e-01, 2.778091766231e-05, 5.6582e+02, 1.3881e+01, 
 1DIAGNOSTIC,    36, -3.287056684494e-01, 2.637737088662e-05, 5.7958e+02, 1.3766e+01, 
 1DIAGNOSTIC,    37, -3.287839293480e-01, 2.583621972008e-05, 5.9337e+02, 1.3789e+01, 
 1DIAGNOSTIC,    38, -3.287525773048e-01, 2.330718598387e-05, 6.0721e+02, 1.3839e+01, 
 1DIAGNOSTIC,    39, -3.287707865238e-01, 2.039542778220e-05, 6.2101e+02, 1.3795e+01, 
 1DIAGNOSTIC,    40, -3.287311196327e-01, 1.586777034390e-05, 6.3472e+02, 1.3714e+01, 
 1DIAGNOSTIC,    41, -3.287299275398e-01, 1.131842236646e-05, 6.4848e+02, 1.3764e+01, 
 1DIAGNOSTIC,    42, -3.287121653557e-01, 6.499402388727e-06, 6.6228e+02, 1.3798e+01, 
 1DIAGNOSTIC,    43, -3.286914229393e-01, 2.777876943583e-06, 6.7601e+02, 1.3727e+01, 
 1DIAGNOSTIC,    44, -3.286640048027e-01, -1.065269202627e-06, 6.8976e+02, 1.3750e+01, 
  Elapsed time (stage 2): 713.8


Total elapsed time: 836.3

--- Writing output images ---

Using double precision for computations.
Input scalar image: data/Segmentations/1014_3_seg.nii.gz
Reference image: data/template/T_template0_BrainCerebellum.nii.gz
=============================================================================
The composite transform comprises the following transforms (in order): 
  1. /tmp/1971638.1.basic.q/1014_ToTemplate_006_0GenericAffine.mat (type = AffineTransform)
  2. /tmp/1971638.1.basic.q/1014_ToTemplate_006_1Warp.nii.gz (type = DisplacementFieldTransform)
=============================================================================
Default pixel value: 0
Interpolation type: LabelImageGenericInterpolateImageFunction
Output warped image: output/1014/1014_WarpedLabels_006.nii.gz

--- Done ---

