
--- Running on compute-2-15.local ---


--- registration call ---
/data/jet/pcook/bin/antsBuild/bin/antsRegistrationSyNQuick.sh -d 3 -f data/template/T_template0_BrainCerebellum.nii.gz -m data/Brains/1014_3.nii.gz -t s -p d -n 1 -o /tmp/1971073.1.basic.q/1014_ToTemplate_016_
---


--------------------------------------------------------------------------------------
 Mapping parameters
--------------------------------------------------------------------------------------
 ANTSPATH is /data/jet/pcook/bin/antsBuild/bin/

 Dimensionality:           3
 Output name prefix:       /tmp/1971073.1.basic.q/1014_ToTemplate_016_
 Fixed images:             data/template/T_template0_BrainCerebellum.nii.gz
 Moving images:            data/Brains/1014_3.nii.gz
 Mask images:              
 Initial transforms:       
 Number of threads:        1
 Spline distance:          26
 Transform type:           s
 MI histogram bins:        32
 Precision:                d
 Use histogram matching    0
======================================================================================
 antsRegistration call:
--------------------------------------------------------------------------------------
/data/jet/pcook/bin/antsBuild/bin//antsRegistration --verbose 1 --dimensionality 3 --float 0 --collapse-output-transforms 1 --output [/tmp/1971073.1.basic.q/1014_ToTemplate_016_,/tmp/1971073.1.basic.q/1014_ToTemplate_016_Warped.nii.gz,/tmp/1971073.1.basic.q/1014_ToTemplate_016_InverseWarped.nii.gz] --interpolation Linear --use-histogram-matching 0 --winsorize-image-intensities [0.005,0.995] --initial-moving-transform [data/template/T_template0_BrainCerebellum.nii.gz,data/Brains/1014_3.nii.gz,1] --transform Rigid[0.1] --metric MI[data/template/T_template0_BrainCerebellum.nii.gz,data/Brains/1014_3.nii.gz,1,32,Regular,0.25] --convergence [1000x500x250x0,1e-6,10] --shrink-factors 12x8x4x2 --smoothing-sigmas 4x3x2x1vox --transform Affine[0.1] --metric MI[data/template/T_template0_BrainCerebellum.nii.gz,data/Brains/1014_3.nii.gz,1,32,Regular,0.25] --convergence [1000x500x250x0,1e-6,10] --shrink-factors 12x8x4x2 --smoothing-sigmas 4x3x2x1vox --transform SyN[0.1,3,0] --metric MI[data/template/T_template0_BrainCerebellum.nii.gz,data/Brains/1014_3.nii.gz,1,32] --convergence [100x100x70x50x0,1e-6,10] --shrink-factors 10x6x4x2x1 --smoothing-sigmas 5x3x2x1x0vox
--------------------------------------------------------------------------------------
All_Command_lines_OK
Using double precision for computations.
=============================================================================
The composite transform comprises the following transforms (in order): 
  1. Center of mass alignment using fixed image: data/template/T_template0_BrainCerebellum.nii.gz and moving image: data/Brains/1014_3.nii.gz (type = Euler3DTransform)
=============================================================================
  number of levels = 4
  number of levels = 4
  number of levels = 5
  fixed image: data/template/T_template0_BrainCerebellum.nii.gz
  moving image: data/Brains/1014_3.nii.gz
  fixed image: data/template/T_template0_BrainCerebellum.nii.gz
  moving image: data/Brains/1014_3.nii.gz
  fixed image: data/template/T_template0_BrainCerebellum.nii.gz
  moving image: data/Brains/1014_3.nii.gz
Dimension = 3
Number of stages = 3
Use Histogram Matching false
Winsorize image intensities true
Lower quantile = 0.005
Upper quantile = 0.995
Stage 1 State
   Image metric = Mattes
     Fixed image = Image (0x37c4cd0)
  RTTI typeinfo:   itk::Image<double, 3u>
  Reference Count: 2
  Modified Time: 1611
  Debug: Off
  Object Name: 
  Observers: 
    none
  Source: (none)
  Source output name: (none)
  Release Data: Off
  Data Released: False
  Global Release Data: Off
  PipelineMTime: 0
  UpdateMTime: 1422
  RealTimeStamp: 0 seconds 
  LargestPossibleRegion: 
    Dimension: 3
    Index: [0, 0, 0]
    Size: [216, 256, 291]
  BufferedRegion: 
    Dimension: 3
    Index: [0, 0, 0]
    Size: [216, 256, 291]
  RequestedRegion: 
    Dimension: 3
    Index: [0, 0, 0]
    Size: [216, 256, 291]
  Spacing: [1, 1, 1]
  Origin: [0, 293, 0]
  Direction: 
1 0 0
0 -0 -1
0 -1 -0

  IndexToPointMatrix: 
1 0 0
0 0 -1
0 -1 0

  PointToIndexMatrix: 
1 0 0
0 0 -1
0 -1 0

  Inverse Direction: 
1 0 0
0 0 -1
0 -1 0

  PixelContainer: 
    ImportImageContainer (0x37c87d0)
      RTTI typeinfo:   itk::ImportImageContainer<unsigned long, double>
      Reference Count: 1
      Modified Time: 1419
      Debug: Off
      Object Name: 
      Observers: 
        none
      Pointer: 0x7f7d33d30010
      Container manages memory: true
      Size: 16091136
      Capacity: 16091136

     Moving image = Image (0x37c6d30)
  RTTI typeinfo:   itk::Image<double, 3u>
  Reference Count: 2
  Modified Time: 1612
  Debug: Off
  Object Name: 
  Observers: 
    none
  Source: (none)
  Source output name: (none)
  Release Data: Off
  Data Released: False
  Global Release Data: Off
  PipelineMTime: 0
  UpdateMTime: 1609
  RealTimeStamp: 0 seconds 
  LargestPossibleRegion: 
    Dimension: 3
    Index: [0, 0, 0]
    Size: [256, 256, 307]
  BufferedRegion: 
    Dimension: 3
    Index: [0, 0, 0]
    Size: [256, 256, 307]
  RequestedRegion: 
    Dimension: 3
    Index: [0, 0, 0]
    Size: [256, 256, 307]
  Spacing: [1, 1, 1]
  Origin: [0, 306, 0]
  Direction: 
1 0 0
0 -0 -1
0 -1 -0

  IndexToPointMatrix: 
1 0 0
0 0 -1
0 -1 0

  PointToIndexMatrix: 
1 0 0
0 0 -1
0 -1 0

  Inverse Direction: 
1 0 0
0 0 -1
0 -1 0

  PixelContainer: 
    ImportImageContainer (0x37b7f40)
      RTTI typeinfo:   itk::ImportImageContainer<unsigned long, double>
      Reference Count: 1
      Modified Time: 1606
      Debug: Off
      Object Name: 
      Observers: 
        none
      Pointer: 0x7f7d2a3af010
      Container manages memory: true
      Size: 20119552
      Capacity: 20119552

     Weighting = 1
     Sampling strategy = regular
     Number of bins = 32
     Radius = 4
     Sampling percentage  = 0.25
   Transform = Rigid
     Gradient step = 0.1
     Update field sigma (voxel space) = 0
     Total field sigma (voxel space) = 0
     Update field time sigma = 0
     Total field time sigma  = 0
     Number of time indices = 0
     Number of time point samples = 0
Stage 2 State
   Image metric = Mattes
     Fixed image = Image (0x37cb6e0)
  RTTI typeinfo:   itk::Image<double, 3u>
  Reference Count: 2
  Modified Time: 1987
  Debug: Off
  Object Name: 
  Observers: 
    none
  Source: (none)
  Source output name: (none)
  Release Data: Off
  Data Released: False
  Global Release Data: Off
  PipelineMTime: 0
  UpdateMTime: 1798
  RealTimeStamp: 0 seconds 
  LargestPossibleRegion: 
    Dimension: 3
    Index: [0, 0, 0]
    Size: [216, 256, 291]
  BufferedRegion: 
    Dimension: 3
    Index: [0, 0, 0]
    Size: [216, 256, 291]
  RequestedRegion: 
    Dimension: 3
    Index: [0, 0, 0]
    Size: [216, 256, 291]
  Spacing: [1, 1, 1]
  Origin: [0, 293, 0]
  Direction: 
1 0 0
0 -0 -1
0 -1 -0

  IndexToPointMatrix: 
1 0 0
0 0 -1
0 -1 0

  PointToIndexMatrix: 
1 0 0
0 0 -1
0 -1 0

  Inverse Direction: 
1 0 0
0 0 -1
0 -1 0

  PixelContainer: 
    ImportImageContainer (0x37c7950)
      RTTI typeinfo:   itk::ImportImageContainer<unsigned long, double>
      Reference Count: 1
      Modified Time: 1795
      Debug: Off
      Object Name: 
      Observers: 
        none
      Pointer: 0x7f7d228ea010
      Container manages memory: true
      Size: 16091136
      Capacity: 16091136

     Moving image = Image (0x37d8060)
  RTTI typeinfo:   itk::Image<double, 3u>
  Reference Count: 2
  Modified Time: 1988
  Debug: Off
  Object Name: 
  Observers: 
    none
  Source: (none)
  Source output name: (none)
  Release Data: Off
  Data Released: False
  Global Release Data: Off
  PipelineMTime: 0
  UpdateMTime: 1985
  RealTimeStamp: 0 seconds 
  LargestPossibleRegion: 
    Dimension: 3
    Index: [0, 0, 0]
    Size: [256, 256, 307]
  BufferedRegion: 
    Dimension: 3
    Index: [0, 0, 0]
    Size: [256, 256, 307]
  RequestedRegion: 
    Dimension: 3
    Index: [0, 0, 0]
    Size: [256, 256, 307]
  Spacing: [1, 1, 1]
  Origin: [0, 306, 0]
  Direction: 
1 0 0
0 -0 -1
0 -1 -0

  IndexToPointMatrix: 
1 0 0
0 0 -1
0 -1 0

  PointToIndexMatrix: 
1 0 0
0 0 -1
0 -1 0

  Inverse Direction: 
1 0 0
0 0 -1
0 -1 0

  PixelContainer: 
    ImportImageContainer (0x37d79e0)
      RTTI typeinfo:   itk::ImportImageContainer<unsigned long, double>
      Reference Count: 1
      Modified Time: 1982
      Debug: Off
      Object Name: 
      Observers: 
        none
      Pointer: 0x7f7d18f69010
      Container manages memory: true
      Size: 20119552
      Capacity: 20119552

     Weighting = 1
     Sampling strategy = regular
     Number of bins = 32
     Radius = 4
     Sampling percentage  = 0.25
   Transform = Affine
     Gradient step = 0.1
     Update field sigma (voxel space) = 0
     Total field sigma (voxel space) = 0
     Update field time sigma = 0
     Total field time sigma  = 0
     Number of time indices = 0
     Number of time point samples = 0
Stage 3 State
   Image metric = Mattes
     Fixed image = Image (0x37dd980)
  RTTI typeinfo:   itk::Image<double, 3u>
  Reference Count: 2
  Modified Time: 2363
  Debug: Off
  Object Name: 
  Observers: 
    none
  Source: (none)
  Source output name: (none)
  Release Data: Off
  Data Released: False
  Global Release Data: Off
  PipelineMTime: 0
  UpdateMTime: 2174
  RealTimeStamp: 0 seconds 
  LargestPossibleRegion: 
    Dimension: 3
    Index: [0, 0, 0]
    Size: [216, 256, 291]
  BufferedRegion: 
    Dimension: 3
    Index: [0, 0, 0]
    Size: [216, 256, 291]
  RequestedRegion: 
    Dimension: 3
    Index: [0, 0, 0]
    Size: [216, 256, 291]
  Spacing: [1, 1, 1]
  Origin: [0, 293, 0]
  Direction: 
1 0 0
0 -0 -1
0 -1 -0

  IndexToPointMatrix: 
1 0 0
0 0 -1
0 -1 0

  PointToIndexMatrix: 
1 0 0
0 0 -1
0 -1 0

  Inverse Direction: 
1 0 0
0 0 -1
0 -1 0

  PixelContainer: 
    ImportImageContainer (0x37d6720)
      RTTI typeinfo:   itk::ImportImageContainer<unsigned long, double>
      Reference Count: 1
      Modified Time: 2171
      Debug: Off
      Object Name: 
      Observers: 
        none
      Pointer: 0x7f7d114a4010
      Container manages memory: true
      Size: 16091136
      Capacity: 16091136

     Moving image = Image (0x37e00f0)
  RTTI typeinfo:   itk::Image<double, 3u>
  Reference Count: 2
  Modified Time: 2364
  Debug: Off
  Object Name: 
  Observers: 
    none
  Source: (none)
  Source output name: (none)
  Release Data: Off
  Data Released: False
  Global Release Data: Off
  PipelineMTime: 0
  UpdateMTime: 2361
  RealTimeStamp: 0 seconds 
  LargestPossibleRegion: 
    Dimension: 3
    Index: [0, 0, 0]
    Size: [256, 256, 307]
  BufferedRegion: 
    Dimension: 3
    Index: [0, 0, 0]
    Size: [256, 256, 307]
  RequestedRegion: 
    Dimension: 3
    Index: [0, 0, 0]
    Size: [256, 256, 307]
  Spacing: [1, 1, 1]
  Origin: [0, 306, 0]
  Direction: 
1 0 0
0 -0 -1
0 -1 -0

  IndexToPointMatrix: 
1 0 0
0 0 -1
0 -1 0

  PointToIndexMatrix: 
1 0 0
0 0 -1
0 -1 0

  Inverse Direction: 
1 0 0
0 0 -1
0 -1 0

  PixelContainer: 
    ImportImageContainer (0x37ddc10)
      RTTI typeinfo:   itk::ImportImageContainer<unsigned long, double>
      Reference Count: 1
      Modified Time: 2358
      Debug: Off
      Object Name: 
      Observers: 
        none
      Pointer: 0x7f7d07b23010
      Container manages memory: true
      Size: 20119552
      Capacity: 20119552

     Weighting = 1
     Sampling strategy = none
     Number of bins = 32
     Radius = 4
     Sampling percentage  = 1
   Transform = SyN
     Gradient step = 0.1
     Update field sigma (voxel space) = 3
     Total field sigma (voxel space) = 0
     Update field time sigma = 0
     Total field time sigma  = 0
     Number of time indices = 0
     Number of time point samples = 0
Registration using 3 total stages.

Stage 0
  iterations = 1000x500x250x0
  convergence threshold = 1e-06
  convergence window size = 10
  number of levels = 4
  using the Mattes MI metric (number of bins = 32, weight = 1)
  preprocessing:  winsorizing the image intensities
  Shrink factors (level 1 out of 4): [12, 12, 12]
  Shrink factors (level 2 out of 4): [8, 8, 8]
  Shrink factors (level 3 out of 4): [4, 4, 4]
  Shrink factors (level 4 out of 4): [2, 2, 2]
  smoothing sigmas per level: [4, 3, 2, 1]
  regular sampling (percentage = 0.25)

*** Running Euler3DTransform registration ***

DIAGNOSTIC,Iteration,metricValue,convergenceValue,ITERATION_TIME_INDEX,SINCE_LAST
 2DIAGNOSTIC,     1, -4.570416951476e-01, 1.797693134862e+308, 2.2459e+01, 2.2459e+01, 
 2DIAGNOSTIC,     2, -4.583424269948e-01, 1.797693134862e+308, 2.2469e+01, 1.0065e-02, 
 2DIAGNOSTIC,     3, -4.600947168854e-01, 1.797693134862e+308, 2.2479e+01, 9.7330e-03, 
 2DIAGNOSTIC,     4, -4.610475264111e-01, 1.797693134862e+308, 2.2489e+01, 9.7921e-03, 
 2DIAGNOSTIC,     5, -4.615043498816e-01, 1.797693134862e+308, 2.2499e+01, 9.6610e-03, 
 2DIAGNOSTIC,     6, -4.621272032176e-01, 1.797693134862e+308, 2.2510e+01, 1.1241e-02, 
 2DIAGNOSTIC,     7, -4.635227068047e-01, 1.797693134862e+308, 2.2520e+01, 9.7370e-03, 
 2DIAGNOSTIC,     8, -4.638467282369e-01, 1.797693134862e+308, 2.2531e+01, 1.1249e-02, 
 2DIAGNOSTIC,     9, -4.637991311007e-01, 1.797693134862e+308, 2.2541e+01, 9.7501e-03, 
 2DIAGNOSTIC,    10, -4.637139000781e-01, 9.473769975041e-04, 2.2553e+01, 1.1953e-02, 
 2DIAGNOSTIC,    11, -4.639935193171e-01, 6.782397320695e-04, 2.2569e+01, 1.6158e-02, 
 2DIAGNOSTIC,    12, -4.640310703598e-01, 4.587495277416e-04, 2.2579e+01, 1.0192e-02, 
 2DIAGNOSTIC,    13, -4.641608610701e-01, 3.200347320456e-04, 2.2589e+01, 1.0231e-02, 
 2DIAGNOSTIC,    14, -4.641419831040e-01, 2.142067847972e-04, 2.2599e+01, 1.0239e-02, 
 2DIAGNOSTIC,    15, -4.642016042785e-01, 1.246717658508e-04, 2.2609e+01, 1.0036e-02, 
 2DIAGNOSTIC,    16, -4.642916038307e-01, 6.092970856474e-05, 2.2619e+01, 1.0100e-02, 
 2DIAGNOSTIC,    17, -4.644346318511e-01, 5.432761155895e-05, 2.2632e+01, 1.2817e-02, 
 2DIAGNOSTIC,    18, -4.646219144255e-01, 6.108433139654e-05, 2.2642e+01, 1.0109e-02, 
 2DIAGNOSTIC,    19, -4.645891339972e-01, 5.915955760941e-05, 2.2654e+01, 1.1591e-02, 
 2DIAGNOSTIC,    20, -4.647054588541e-01, 5.300466251947e-05, 2.2669e+01, 1.4663e-02, 
 2DIAGNOSTIC,    21, -4.649909409142e-01, 5.908535342621e-05, 2.2679e+01, 1.0229e-02, 
 2DIAGNOSTIC,    22, -4.650078930092e-01, 6.037453461114e-05, 2.2689e+01, 1.0082e-02, 
 2DIAGNOSTIC,    23, -4.650515890707e-01, 6.077407163375e-05, 2.2699e+01, 9.9950e-03, 
 2DIAGNOSTIC,    24, -4.651031206928e-01, 5.652952142474e-05, 2.2709e+01, 1.0027e-02, 
 2DIAGNOSTIC,    25, -4.652982767200e-01, 5.365935621658e-05, 2.2724e+01, 1.4560e-02, 
 2DIAGNOSTIC,    26, -4.653223242531e-01, 4.849330577078e-05, 2.2735e+01, 1.1437e-02, 
 2DIAGNOSTIC,    27, -4.653381964505e-01, 4.280313501876e-05, 2.2746e+01, 1.1471e-02, 
 2DIAGNOSTIC,    28, -4.657384186760e-01, 4.665588123576e-05, 2.2758e+01, 1.1611e-02, 
 2DIAGNOSTIC,    29, -4.659846216467e-01, 5.019504685365e-05, 2.2770e+01, 1.1553e-02, 
 2DIAGNOSTIC,    30, -4.660380949868e-01, 5.206282326897e-05, 2.2781e+01, 1.1741e-02, 
 2DIAGNOSTIC,    31, -4.664459507561e-01, 6.283689270976e-05, 2.2792e+01, 1.0248e-02, 
 2DIAGNOSTIC,    32, -4.666589339543e-01, 7.135826099131e-05, 2.2802e+01, 1.0280e-02, 
 2DIAGNOSTIC,    33, -4.670044742062e-01, 7.978474161370e-05, 2.2812e+01, 1.0302e-02, 
 2DIAGNOSTIC,    34, -4.671015040099e-01, 8.269804136432e-05, 2.2825e+01, 1.3048e-02, 
 2DIAGNOSTIC,    35, -4.676472815385e-01, 9.076654078412e-05, 2.2838e+01, 1.3067e-02, 
 2DIAGNOSTIC,    36, -4.675573011890e-01, 8.857885912113e-05, 2.2850e+01, 1.1544e-02, 
 2DIAGNOSTIC,    37, -4.675677357866e-01, 7.854617508164e-05, 2.2860e+01, 1.0129e-02, 
 2DIAGNOSTIC,    38, -4.678016873879e-01, 7.187109671498e-05, 2.2872e+01, 1.1522e-02, 
 2DIAGNOSTIC,    39, -4.679074967364e-01, 6.419729699733e-05, 2.2885e+01, 1.3031e-02, 
 2DIAGNOSTIC,    40, -4.682803266412e-01, 5.718926711606e-05, 2.2899e+01, 1.4619e-02, 
 2DIAGNOSTIC,    41, -4.679418069042e-01, 4.608378382217e-05, 2.2909e+01, 1.0208e-02, 
 2DIAGNOSTIC,    42, -4.680061839035e-01, 3.544673526682e-05, 2.2921e+01, 1.1527e-02, 
 2DIAGNOSTIC,    43, -4.680092620258e-01, 2.692414159364e-05, 2.2931e+01, 1.0135e-02, 
 2DIAGNOSTIC,    44, -4.678320394920e-01, 1.482168751551e-05, 2.2941e+01, 1.0076e-02, 
 2DIAGNOSTIC,    45, -4.678486009891e-01, 9.648901957416e-06, 2.2951e+01, 1.0178e-02, 
 2DIAGNOSTIC,    46, -4.678710406917e-01, 3.026394856862e-06, 2.2963e+01, 1.1535e-02, 
DIAGNOSTIC,Iteration,metricValue,convergenceValue,ITERATION_TIME_INDEX,SINCE_LAST
 2DIAGNOSTIC,     1, -3.995820220316e-01, 1.797693134862e+308, 3.9117e+01, 1.6154e+01, 
 2DIAGNOSTIC,     2, -4.006023352503e-01, 1.797693134862e+308, 3.9170e+01, 5.3333e-02, 
 2DIAGNOSTIC,     3, -4.024525080163e-01, 1.797693134862e+308, 3.9224e+01, 5.3437e-02, 
 2DIAGNOSTIC,     4, -4.053256802645e-01, 1.797693134862e+308, 3.9277e+01, 5.3541e-02, 
 2DIAGNOSTIC,     5, -4.068198558412e-01, 1.797693134862e+308, 3.9331e+01, 5.3567e-02, 
 2DIAGNOSTIC,     6, -4.077646256300e-01, 1.797693134862e+308, 3.9385e+01, 5.3710e-02, 
 2DIAGNOSTIC,     7, -4.081745029881e-01, 1.797693134862e+308, 3.9438e+01, 5.3684e-02, 
 2DIAGNOSTIC,     8, -4.087982058480e-01, 1.797693134862e+308, 3.9513e+01, 7.4391e-02, 
 2DIAGNOSTIC,     9, -4.099362296041e-01, 1.797693134862e+308, 3.9607e+01, 9.4302e-02, 
 2DIAGNOSTIC,    10, -4.102630532144e-01, 1.737735262644e-03, 3.9671e+01, 6.3963e-02, 
 2DIAGNOSTIC,    11, -4.103906518305e-01, 1.327913285280e-03, 3.9725e+01, 5.4043e-02, 
 2DIAGNOSTIC,    12, -4.105932143425e-01, 9.401773423263e-04, 3.9789e+01, 6.4511e-02, 
 2DIAGNOSTIC,    13, -4.106191224217e-01, 6.253454164601e-04, 3.9854e+01, 6.4500e-02, 
 2DIAGNOSTIC,    14, -4.105456036123e-01, 4.366903989399e-04, 3.9908e+01, 5.4236e-02, 
 2DIAGNOSTIC,    15, -4.105687114371e-01, 3.035201531544e-04, 3.9962e+01, 5.3715e-02, 
 2DIAGNOSTIC,    16, -4.106002943075e-01, 2.024232781252e-04, 4.0026e+01, 6.4494e-02, 
 2DIAGNOSTIC,    17, -4.105742207774e-01, 1.103987020488e-04, 4.0081e+01, 5.4140e-02, 
 2DIAGNOSTIC,    18, -4.105613688859e-01, 4.127398325288e-05, 4.0145e+01, 6.4262e-02, 
 2DIAGNOSTIC,    19, -4.105851054240e-01, 1.828170557003e-05, 4.0209e+01, 6.4271e-02, 
 2DIAGNOSTIC,    20, -4.105296477080e-01, 5.425848963431e-06, 4.0274e+01, 6.4468e-02, 
DIAGNOSTIC,Iteration,metricValue,convergenceValue,ITERATION_TIME_INDEX,SINCE_LAST
 2DIAGNOSTIC,     1, -3.407482235496e-01, 1.797693134862e+308, 4.9527e+01, 9.2539e+00, 
 2DIAGNOSTIC,     2, -3.413926267562e-01, 1.797693134862e+308, 4.9967e+01, 4.3930e-01, 
 2DIAGNOSTIC,     3, -3.421449030086e-01, 1.797693134862e+308, 5.0403e+01, 4.3650e-01, 
 2DIAGNOSTIC,     4, -3.427118921706e-01, 1.797693134862e+308, 5.0932e+01, 5.2874e-01, 
 2DIAGNOSTIC,     5, -3.427478308944e-01, 1.797693134862e+308, 5.1372e+01, 4.3959e-01, 
 2DIAGNOSTIC,     6, -3.427560681307e-01, 1.797693134862e+308, 5.2251e+01, 8.7906e-01, 
 2DIAGNOSTIC,     7, -3.427578113400e-01, 1.797693134862e+308, 5.2779e+01, 5.2791e-01, 
 2DIAGNOSTIC,     8, -3.427494875734e-01, 1.797693134862e+308, 5.3219e+01, 4.4000e-01, 
 2DIAGNOSTIC,     9, -3.427460113138e-01, 1.797693134862e+308, 5.3658e+01, 4.3940e-01, 
 2DIAGNOSTIC,    10, -3.427478726051e-01, 3.044741735330e-04, 5.4186e+01, 5.2837e-01, 
 2DIAGNOSTIC,    11, -3.427405231585e-01, 1.462449023073e-04, 5.4712e+01, 5.2550e-01, 
 2DIAGNOSTIC,    12, -3.427376401874e-01, 4.496401592004e-05, 5.5238e+01, 5.2600e-01, 
 2DIAGNOSTIC,    13, -3.427349907191e-01, 2.325686897370e-06, 5.5672e+01, 4.3465e-01, 
DIAGNOSTIC,Iteration,metricValue,convergenceValue,ITERATION_TIME_INDEX,SINCE_LAST
 2DIAGNOSTIC,     1, -2.964647638032e-01, 1.797693134862e+308, 6.4506e+01, 8.8331e+00, 
  Elapsed time (stage 0): 6.6391e+01


Stage 1
  iterations = 1000x500x250x0
  convergence threshold = 1.0000e-06
  convergence window size = 10
  number of levels = 4
  using the Mattes MI metric (number of bins = 32, weight = 1.0000e+00)
  preprocessing:  winsorizing the image intensities
  Shrink factors (level 1 out of 4): [12, 12, 12]
  Shrink factors (level 2 out of 4): [8, 8, 8]
  Shrink factors (level 3 out of 4): [4, 4, 4]
  Shrink factors (level 4 out of 4): [2, 2, 2]
  smoothing sigmas per level: [4, 3, 2, 1]
  regular sampling (percentage = 2.5000e-01)

*** Running AffineTransform registration ***

DIAGNOSTIC,Iteration,metricValue,convergenceValue,ITERATION_TIME_INDEX,SINCE_LAST
 2DIAGNOSTIC,     1, -4.747974007246e-01, 1.797693134862e+308, 2.2124e+01, 2.2124e+01, 
 2DIAGNOSTIC,     2, -4.758520960068e-01, 1.797693134862e+308, 2.2137e+01, 1.3122e-02, 
 2DIAGNOSTIC,     3, -4.778277517709e-01, 1.797693134862e+308, 2.2150e+01, 1.2863e-02, 
 2DIAGNOSTIC,     4, -4.810639775260e-01, 1.797693134862e+308, 2.2163e+01, 1.2904e-02, 
 2DIAGNOSTIC,     5, -4.867100998476e-01, 1.797693134862e+308, 2.2176e+01, 1.3057e-02, 
 2DIAGNOSTIC,     6, -5.152084531560e-01, 1.797693134862e+308, 2.2191e+01, 1.4941e-02, 
 2DIAGNOSTIC,     7, -5.223372631179e-01, 1.797693134862e+308, 2.2206e+01, 1.5105e-02, 
 2DIAGNOSTIC,     8, -5.258724270645e-01, 1.797693134862e+308, 2.2221e+01, 1.5246e-02, 
 2DIAGNOSTIC,     9, -5.360247468659e-01, 1.797693134862e+308, 2.2237e+01, 1.5442e-02, 
 2DIAGNOSTIC,    10, -5.376171092526e-01, 9.777228991015e-03, 2.2251e+01, 1.3803e-02, 
 2DIAGNOSTIC,    11, -5.382108880934e-01, 8.809523075162e-03, 2.2266e+01, 1.5476e-02, 
 2DIAGNOSTIC,    12, -5.385796133612e-01, 7.292623345487e-03, 2.2282e+01, 1.5540e-02, 
 2DIAGNOSTIC,    13, -5.397707025429e-01, 5.515009367710e-03, 2.2295e+01, 1.3880e-02, 
 2DIAGNOSTIC,    14, -5.404816411812e-01, 3.664719956114e-03, 2.2309e+01, 1.3936e-02, 
 2DIAGNOSTIC,    15, -5.408489961617e-01, 1.933701836603e-03, 2.2326e+01, 1.7018e-02, 
 2DIAGNOSTIC,    16, -5.411413689639e-01, 1.241742750902e-03, 2.2345e+01, 1.8599e-02, 
 2DIAGNOSTIC,    17, -5.410389440410e-01, 7.488778136896e-04, 2.2361e+01, 1.5658e-02, 
 2DIAGNOSTIC,    18, -5.406190059872e-01, 3.305290686145e-04, 2.2386e+01, 2.5440e-02, 
 2DIAGNOSTIC,    19, -5.402724452905e-01, 2.081672714506e-04, 2.2400e+01, 1.4194e-02, 
 2DIAGNOSTIC,    20, -5.405009513863e-01, 1.289244469271e-04, 2.2414e+01, 1.3938e-02, 
 2DIAGNOSTIC,    21, -5.405422106739e-01, 6.188483043948e-05, 2.2428e+01, 1.3663e-02, 
 2DIAGNOSTIC,    22, -5.406035369954e-01, 5.599493815581e-06, 2.2442e+01, 1.3813e-02, 
DIAGNOSTIC,Iteration,metricValue,convergenceValue,ITERATION_TIME_INDEX,SINCE_LAST
 2DIAGNOSTIC,     1, -4.426062469516e-01, 1.797693134862e+308, 3.8617e+01, 1.6175e+01, 
 2DIAGNOSTIC,     2, -4.430547350425e-01, 1.797693134862e+308, 3.8685e+01, 6.8101e-02, 
 2DIAGNOSTIC,     3, -4.436867487175e-01, 1.797693134862e+308, 3.8753e+01, 6.7952e-02, 
 2DIAGNOSTIC,     4, -4.444798512584e-01, 1.797693134862e+308, 3.8821e+01, 6.7795e-02, 
 2DIAGNOSTIC,     5, -4.455067659766e-01, 1.797693134862e+308, 3.8889e+01, 6.8154e-02, 
 2DIAGNOSTIC,     6, -4.510061362258e-01, 1.797693134862e+308, 3.9002e+01, 1.1294e-01, 
 2DIAGNOSTIC,     7, -4.517331189714e-01, 1.797693134862e+308, 3.9081e+01, 7.9170e-02, 
 2DIAGNOSTIC,     8, -4.518685490095e-01, 1.797693134862e+308, 3.9149e+01, 6.8042e-02, 
 2DIAGNOSTIC,     9, -4.522571631313e-01, 1.797693134862e+308, 3.9217e+01, 6.8101e-02, 
 2DIAGNOSTIC,    10, -4.540076357296e-01, 1.873306684540e-03, 3.9297e+01, 7.9744e-02, 
 2DIAGNOSTIC,    11, -4.544044947694e-01, 1.668346827591e-03, 3.9377e+01, 8.0463e-02, 
 2DIAGNOSTIC,    12, -4.544693878736e-01, 1.375357314827e-03, 3.9458e+01, 8.0367e-02, 
 2DIAGNOSTIC,    13, -4.546008230146e-01, 1.046295713785e-03, 3.9560e+01, 1.0201e-01, 
 2DIAGNOSTIC,    14, -4.547006324523e-01, 7.120251481627e-04, 3.9640e+01, 7.9986e-02, 
 2DIAGNOSTIC,    15, -4.547023064826e-01, 3.937582346884e-04, 3.9719e+01, 7.9587e-02, 
 2DIAGNOSTIC,    16, -4.546814591505e-01, 2.948712297216e-04, 3.9788e+01, 6.8576e-02, 
 2DIAGNOSTIC,    17, -4.546634807731e-01, 2.081292551482e-04, 3.9867e+01, 7.9649e-02, 
 2DIAGNOSTIC,    18, -4.546808544060e-01, 1.178973216328e-04, 3.9937e+01, 6.9607e-02, 
 2DIAGNOSTIC,    19, -4.546085869529e-01, 3.539366797858e-05, 4.0006e+01, 6.9428e-02, 
 2DIAGNOSTIC,    20, -4.546382271833e-01, 1.390560448379e-05, 4.0086e+01, 7.9747e-02, 
 2DIAGNOSTIC,    21, -4.545411386883e-01, 2.328828271524e-06, 4.0200e+01, 1.1383e-01, 
DIAGNOSTIC,Iteration,metricValue,convergenceValue,ITERATION_TIME_INDEX,SINCE_LAST
 2DIAGNOSTIC,     1, -3.849208527714e-01, 1.797693134862e+308, 4.9586e+01, 9.3860e+00, 
 2DIAGNOSTIC,     2, -3.856418710031e-01, 1.797693134862e+308, 5.0145e+01, 5.5869e-01, 
 2DIAGNOSTIC,     3, -3.862043193915e-01, 1.797693134862e+308, 5.0705e+01, 5.6035e-01, 
 2DIAGNOSTIC,     4, -3.864741176401e-01, 1.797693134862e+308, 5.1547e+01, 8.4168e-01, 
 2DIAGNOSTIC,     5, -3.865057197028e-01, 1.797693134862e+308, 5.2204e+01, 6.5732e-01, 
 2DIAGNOSTIC,     6, -3.865065168101e-01, 1.797693134862e+308, 5.2860e+01, 6.5620e-01, 
 2DIAGNOSTIC,     7, -3.864940588855e-01, 1.797693134862e+308, 5.3421e+01, 5.6078e-01, 
 2DIAGNOSTIC,     8, -3.865004888822e-01, 1.797693134862e+308, 5.4075e+01, 6.5415e-01, 
 2DIAGNOSTIC,     9, -3.865032979559e-01, 1.797693134862e+308, 5.4733e+01, 6.5789e-01, 
 2DIAGNOSTIC,    10, -3.865103937545e-01, 1.915236024010e-04, 5.5389e+01, 6.5644e-01, 
 2DIAGNOSTIC,    11, -3.865143419175e-01, 8.020923842775e-05, 5.6046e+01, 6.5669e-01, 
 2DIAGNOSTIC,    12, -3.865157210603e-01, 2.407453684425e-05, 5.6696e+01, 6.4953e-01, 
 2DIAGNOSTIC,    13, -3.865233271251e-01, 6.496443405626e-06, 5.7345e+01, 6.4960e-01, 
 2DIAGNOSTIC,    14, -3.865231191330e-01, 5.160168029400e-06, 5.8085e+01, 7.3973e-01, 
 2DIAGNOSTIC,    15, -3.865210040934e-01, 5.180247325737e-06, 5.8730e+01, 6.4516e-01, 
 2DIAGNOSTIC,    16, -3.865188671640e-01, 4.881695366069e-06, 5.9380e+01, 6.4936e-01, 
 2DIAGNOSTIC,    17, -3.865277664855e-01, 4.194978454213e-06, 6.0031e+01, 6.5096e-01, 
 2DIAGNOSTIC,    18, -3.865238242315e-01, 3.456235862835e-06, 6.0585e+01, 5.5452e-01, 
 2DIAGNOSTIC,    19, -3.865237861438e-01, 2.747463634302e-06, 6.1231e+01, 6.4603e-01, 
 2DIAGNOSTIC,    20, -3.865206165954e-01, 2.160615386534e-06, 6.1780e+01, 5.4899e-01, 
 2DIAGNOSTIC,    21, -3.865346006177e-01, 2.207696833532e-06, 6.2423e+01, 6.4295e-01, 
 2DIAGNOSTIC,    22, -3.865467275531e-01, 2.609948200026e-06, 6.2981e+01, 5.5751e-01, 
 2DIAGNOSTIC,    23, -3.865534254494e-01, 3.317745214122e-06, 6.3637e+01, 6.5627e-01, 
 2DIAGNOSTIC,    24, -3.865561297792e-01, 3.873680245944e-06, 6.4285e+01, 6.4858e-01, 
 2DIAGNOSTIC,    25, -3.865458602136e-01, 3.790547122608e-06, 6.4841e+01, 5.5606e-01, 
 2DIAGNOSTIC,    26, -3.865641559455e-01, 3.930209327055e-06, 6.5399e+01, 5.5788e-01, 
 2DIAGNOSTIC,    27, -3.865783266128e-01, 4.410578396070e-06, 6.6330e+01, 9.3060e-01, 
 2DIAGNOSTIC,    28, -3.865888007104e-01, 4.714667059397e-06, 6.6981e+01, 6.5126e-01, 
 2DIAGNOSTIC,    29, -3.865858053350e-01, 4.598002432687e-06, 6.7629e+01, 6.4771e-01, 
 2DIAGNOSTIC,    30, -3.865755877321e-01, 3.839530071353e-06, 6.8280e+01, 6.5102e-01, 
 2DIAGNOSTIC,    31, -3.865758312262e-01, 3.201675706173e-06, 6.8931e+01, 6.5107e-01, 
 2DIAGNOSTIC,    32, -3.865742503775e-01, 2.620359595008e-06, 6.9672e+01, 7.4091e-01, 
 2DIAGNOSTIC,    33, -3.865658817459e-01, 1.877489723863e-06, 7.0325e+01, 6.5320e-01, 
 2DIAGNOSTIC,    34, -3.865667267053e-01, 1.190467755947e-06, 7.0968e+01, 6.4247e-01, 
DIAGNOSTIC,Iteration,metricValue,convergenceValue,ITERATION_TIME_INDEX,SINCE_LAST
 2DIAGNOSTIC,     1, -3.326683529362e-01, 1.797693134862e+308, 8.0780e+01, 9.8126e+00, 
  Elapsed time (stage 1): 8.2668e+01


Stage 2
  iterations = 100x100x70x50x0
  convergence threshold = 1.0000e-06
  convergence window size = 10
  number of levels = 5
  using the Mattes MI metric (number of bins = 32, weight = 1.0000e+00)
  preprocessing:  winsorizing the image intensities
  Shrink factors (level 1 out of 5): [10, 10, 10]
  Shrink factors (level 2 out of 5): [6, 6, 6]
  Shrink factors (level 3 out of 5): [4, 4, 4]
  Shrink factors (level 4 out of 5): [2, 2, 2]
  Shrink factors (level 5 out of 5): [1, 1, 1]
  smoothing sigmas per level: [5, 3, 2, 1, 0]
  Using default NONE metricSamplingStrategy 

*** Running SyN registration (varianceForUpdateField = 3.0000e+00, varianceForTotalField = 0.0000e+00) ***

XXDIAGNOSTIC,Iteration,metricValue,convergenceValue,ITERATION_TIME_INDEX,SINCE_LAST
 1DIAGNOSTIC,     1, -5.206926404525e-01, 1.797693134862e+308, 3.5804e+01, 3.5804e+01, 
 1DIAGNOSTIC,     2, -5.403184418841e-01, 1.797693134862e+308, 3.5943e+01, 1.3918e-01, 
 1DIAGNOSTIC,     3, -5.542791598779e-01, 1.797693134862e+308, 3.6083e+01, 1.3993e-01, 
 1DIAGNOSTIC,     4, -5.633509308274e-01, 1.797693134862e+308, 3.6220e+01, 1.3634e-01, 
 1DIAGNOSTIC,     5, -5.673660640022e-01, 1.797693134862e+308, 3.6356e+01, 1.3644e-01, 
 1DIAGNOSTIC,     6, -5.662299635353e-01, 1.797693134862e+308, 3.6490e+01, 1.3364e-01, 
 1DIAGNOSTIC,     7, -5.644641425827e-01, 1.797693134862e+308, 3.6623e+01, 1.3375e-01, 
 1DIAGNOSTIC,     8, -5.634175129765e-01, 1.797693134862e+308, 3.6757e+01, 1.3350e-01, 
 1DIAGNOSTIC,     9, -5.607362280525e-01, 1.797693134862e+308, 3.6891e+01, 1.3378e-01, 
 1DIAGNOSTIC,    10, -5.604279430161e-01, 3.290312049200e-03, 3.7025e+01, 1.3471e-01, 
 1DIAGNOSTIC,    11, -5.585805506545e-01, 9.160551070388e-04, 3.7160e+01, 1.3446e-01, 
 1DIAGNOSTIC,    12, -5.555913348383e-01, -4.428376402964e-04, 3.7294e+01, 1.3457e-01, 
XXDIAGNOSTIC,Iteration,metricValue,convergenceValue,ITERATION_TIME_INDEX,SINCE_LAST
 1DIAGNOSTIC,     1, -4.405840135851e-01, 1.797693134862e+308, 5.3728e+01, 1.6433e+01, 
 1DIAGNOSTIC,     2, -4.429820692647e-01, 1.797693134862e+308, 5.4262e+01, 5.3445e-01, 
 1DIAGNOSTIC,     3, -4.445901338600e-01, 1.797693134862e+308, 5.4798e+01, 5.3566e-01, 
 1DIAGNOSTIC,     4, -4.454936285173e-01, 1.797693134862e+308, 5.5334e+01, 5.3685e-01, 
 1DIAGNOSTIC,     5, -4.454770917787e-01, 1.797693134862e+308, 5.5872e+01, 5.3785e-01, 
 1DIAGNOSTIC,     6, -4.450365005981e-01, 1.797693134862e+308, 5.6410e+01, 5.3755e-01, 
 1DIAGNOSTIC,     7, -4.445700624068e-01, 1.797693134862e+308, 5.6945e+01, 5.3554e-01, 
 1DIAGNOSTIC,     8, -4.439203108073e-01, 1.797693134862e+308, 5.7480e+01, 5.3473e-01, 
 1DIAGNOSTIC,     9, -4.434210006441e-01, 1.797693134862e+308, 5.8044e+01, 5.6419e-01, 
 1DIAGNOSTIC,    10, -4.431704453631e-01, 1.309474898789e-04, 5.8596e+01, 5.5173e-01, 
 1DIAGNOSTIC,    11, -4.426883807622e-01, -2.179232462411e-04, 5.9146e+01, 5.5027e-01, 
XXDIAGNOSTIC,Iteration,metricValue,convergenceValue,ITERATION_TIME_INDEX,SINCE_LAST
 1DIAGNOSTIC,     1, -3.758458983611e-01, 1.797693134862e+308, 6.9567e+01, 1.0421e+01, 
 1DIAGNOSTIC,     2, -3.768612891215e-01, 1.797693134862e+308, 7.1255e+01, 1.6876e+00, 
 1DIAGNOSTIC,     3, -3.777838962136e-01, 1.797693134862e+308, 7.2946e+01, 1.6911e+00, 
 1DIAGNOSTIC,     4, -3.783393454694e-01, 1.797693134862e+308, 7.4647e+01, 1.7014e+00, 
 1DIAGNOSTIC,     5, -3.787017787541e-01, 1.797693134862e+308, 7.6329e+01, 1.6815e+00, 
 1DIAGNOSTIC,     6, -3.789437509250e-01, 1.797693134862e+308, 7.8011e+01, 1.6820e+00, 
 1DIAGNOSTIC,     7, -3.788646417340e-01, 1.797693134862e+308, 7.9694e+01, 1.6834e+00, 
 1DIAGNOSTIC,     8, -3.786618722476e-01, 1.797693134862e+308, 8.1388e+01, 1.6934e+00, 
 1DIAGNOSTIC,     9, -3.784926459859e-01, 1.797693134862e+308, 8.3071e+01, 1.6838e+00, 
 1DIAGNOSTIC,    10, -3.781363235228e-01, 3.502854539674e-04, 8.4807e+01, 1.7354e+00, 
 1DIAGNOSTIC,    11, -3.778365774043e-01, 9.578474409928e-05, 8.6542e+01, 1.7352e+00, 
 1DIAGNOSTIC,    12, -3.776834103997e-01, -7.132941503689e-05, 8.8280e+01, 1.7380e+00, 
XXDIAGNOSTIC,Iteration,metricValue,convergenceValue,ITERATION_TIME_INDEX,SINCE_LAST
 1DIAGNOSTIC,     1, -3.177561549137e-01, 1.797693134862e+308, 1.0754e+02, 1.9263e+01, 
 1DIAGNOSTIC,     2, -3.187514711373e-01, 1.797693134862e+308, 1.2026e+02, 1.2720e+01, 
 1DIAGNOSTIC,     3, -3.197905433347e-01, 1.797693134862e+308, 1.3291e+02, 1.2651e+01, 
 1DIAGNOSTIC,     4, -3.207248742508e-01, 1.797693134862e+308, 1.4569e+02, 1.2772e+01, 
 1DIAGNOSTIC,     5, -3.215695609960e-01, 1.797693134862e+308, 1.5840e+02, 1.2715e+01, 
 1DIAGNOSTIC,     6, -3.222694093099e-01, 1.797693134862e+308, 1.7108e+02, 1.2679e+01, 
 1DIAGNOSTIC,     7, -3.229287987484e-01, 1.797693134862e+308, 1.8385e+02, 1.2773e+01, 
 1DIAGNOSTIC,     8, -3.235317316834e-01, 1.797693134862e+308, 1.9691e+02, 1.3055e+01, 
 1DIAGNOSTIC,     9, -3.240340641468e-01, 1.797693134862e+308, 2.0993e+02, 1.3019e+01, 
 1DIAGNOSTIC,    10, -3.244934042118e-01, 1.339756801186e-03, 2.2298e+02, 1.3054e+01, 
 1DIAGNOSTIC,    11, -3.248926945554e-01, 1.094392580602e-03, 2.3656e+02, 1.3580e+01, 
 1DIAGNOSTIC,    12, -3.252660915036e-01, 8.916671940077e-04, 2.4959e+02, 1.3031e+01, 
 1DIAGNOSTIC,    13, -3.255938925351e-01, 7.315990795494e-04, 2.6310e+02, 1.3504e+01, 
 1DIAGNOSTIC,    14, -3.259152438728e-01, 6.063883187431e-04, 2.7617e+02, 1.3073e+01, 
 1DIAGNOSTIC,    15, -3.261787899089e-01, 5.071788553324e-04, 2.8968e+02, 1.3514e+01, 
 1DIAGNOSTIC,    16, -3.264072220137e-01, 4.245768098924e-04, 3.0316e+02, 1.3479e+01, 
 1DIAGNOSTIC,    17, -3.266134979945e-01, 3.570901022243e-04, 3.1670e+02, 1.3534e+01, 
 1DIAGNOSTIC,    18, -3.267785516295e-01, 3.013949449183e-04, 3.3017e+02, 1.3468e+01, 
 1DIAGNOSTIC,    19, -3.269042278731e-01, 2.524949353327e-04, 3.4366e+02, 1.3495e+01, 
 1DIAGNOSTIC,    20, -3.270352548986e-01, 2.108568749799e-04, 3.5734e+02, 1.3677e+01, 
 1DIAGNOSTIC,    21, -3.271293163957e-01, 1.740618383404e-04, 3.7084e+02, 1.3497e+01, 
 1DIAGNOSTIC,    22, -3.272522914427e-01, 1.441094478370e-04, 3.8432e+02, 1.3483e+01, 
 1DIAGNOSTIC,    23, -3.273584348849e-01, 1.197253945538e-04, 3.9782e+02, 1.3501e+01, 
 1DIAGNOSTIC,    24, -3.274423091639e-01, 1.009220426665e-04, 4.1129e+02, 1.3466e+01, 
 1DIAGNOSTIC,    25, -3.275214523100e-01, 8.616742137198e-05, 4.2474e+02, 1.3452e+01, 
 1DIAGNOSTIC,    26, -3.275630591105e-01, 7.353535969085e-05, 4.3843e+02, 1.3693e+01, 
 1DIAGNOSTIC,    27, -3.276489147094e-01, 6.441614754973e-05, 4.5202e+02, 1.3584e+01, 
 1DIAGNOSTIC,    28, -3.276567765208e-01, 5.527782648390e-05, 4.6562e+02, 1.3606e+01, 
 1DIAGNOSTIC,    29, -3.277408851163e-01, 4.795231114422e-05, 4.7923e+02, 1.3608e+01, 
 1DIAGNOSTIC,    30, -3.277728415626e-01, 4.137624711738e-05, 4.9272e+02, 1.3492e+01, 
 1DIAGNOSTIC,    31, -3.278427732575e-01, 3.598109781917e-05, 5.0629e+02, 1.3571e+01, 
 1DIAGNOSTIC,    32, -3.278908690861e-01, 3.221475423927e-05, 5.1981e+02, 1.3515e+01, 
 1DIAGNOSTIC,    33, -3.279652874057e-01, 3.045698387272e-05, 5.3338e+02, 1.3578e+01, 
 1DIAGNOSTIC,    34, -3.280042566062e-01, 2.909992987976e-05, 5.4684e+02, 1.3459e+01, 
 1DIAGNOSTIC,    35, -3.280808632601e-01, 2.901691962244e-05, 5.6030e+02, 1.3453e+01, 
 1DIAGNOSTIC,    36, -3.281201186414e-01, 2.815512111851e-05, 5.7381e+02, 1.3517e+01, 
 1DIAGNOSTIC,    37, -3.281648176823e-01, 2.783467481715e-05, 5.8729e+02, 1.3471e+01, 
 1DIAGNOSTIC,    38, -3.282395090755e-01, 2.681217757647e-05, 6.0087e+02, 1.3583e+01, 
 1DIAGNOSTIC,    39, -3.282554205729e-01, 2.557245405232e-05, 6.1432e+02, 1.3453e+01, 
 1DIAGNOSTIC,    40, -3.283046219766e-01, 2.379115011896e-05, 6.2792e+02, 1.3598e+01, 
 1DIAGNOSTIC,    41, -3.283422811022e-01, 2.217180024401e-05, 6.4151e+02, 1.3588e+01, 
 1DIAGNOSTIC,    42, -3.283916418932e-01, 2.057328952462e-05, 6.5513e+02, 1.3623e+01, 
 1DIAGNOSTIC,    43, -3.284066618134e-01, 1.894626603289e-05, 6.6859e+02, 1.3465e+01, 
 1DIAGNOSTIC,    44, -3.284215424039e-01, 1.670202816316e-05, 6.8207e+02, 1.3474e+01, 
 1DIAGNOSTIC,    45, -3.284268688336e-01, 1.462055630323e-05, 6.9564e+02, 1.3570e+01, 
 1DIAGNOSTIC,    46, -3.284194582827e-01, 1.188652323801e-05, 7.0931e+02, 1.3675e+01, 
 1DIAGNOSTIC,    47, -3.284299894905e-01, 9.191498257025e-06, 7.2281e+02, 1.3495e+01, 
 1DIAGNOSTIC,    48, -3.284384077840e-01, 7.301958775751e-06, 7.3631e+02, 1.3501e+01, 
 1DIAGNOSTIC,    49, -3.284339982559e-01, 5.046150819588e-06, 7.4985e+02, 1.3543e+01, 
 1DIAGNOSTIC,    50, -3.284375524391e-01, 3.379709751009e-06, 7.6341e+02, 1.3555e+01, 
  Elapsed time (stage 2): 784.1


Total elapsed time: 933.2

--- Writing output images ---

Using double precision for computations.
Input scalar image: data/Segmentations/1014_3_seg.nii.gz
Reference image: data/template/T_template0_BrainCerebellum.nii.gz
=============================================================================
The composite transform comprises the following transforms (in order): 
  1. /tmp/1971073.1.basic.q/1014_ToTemplate_016_0GenericAffine.mat (type = AffineTransform)
  2. /tmp/1971073.1.basic.q/1014_ToTemplate_016_1Warp.nii.gz (type = DisplacementFieldTransform)
=============================================================================
Default pixel value: 0
Interpolation type: LabelImageGenericInterpolateImageFunction
Output warped image: output/1014/1014_WarpedLabels_016.nii.gz

--- Done ---

