
--- Running on compute-1-5.local ---


--- registration call ---
/data/jet/pcook/bin/antsBuild/bin/antsRegistrationSyNQuick.sh -d 3 -f data/template/T_template0_BrainCerebellum.nii.gz -m data/Brains/1014_3.nii.gz -t s -p d -n 1 -o /tmp/1971077.1.basic.q/1014_ToTemplate_020_
---


--------------------------------------------------------------------------------------
 Mapping parameters
--------------------------------------------------------------------------------------
 ANTSPATH is /data/jet/pcook/bin/antsBuild/bin/

 Dimensionality:           3
 Output name prefix:       /tmp/1971077.1.basic.q/1014_ToTemplate_020_
 Fixed images:             data/template/T_template0_BrainCerebellum.nii.gz
 Moving images:            data/Brains/1014_3.nii.gz
 Mask images:              
 Initial transforms:       
 Number of threads:        1
 Spline distance:          26
 Transform type:           s
 MI histogram bins:        32
 Precision:                d
 Use histogram matching    0
======================================================================================
 antsRegistration call:
--------------------------------------------------------------------------------------
/data/jet/pcook/bin/antsBuild/bin//antsRegistration --verbose 1 --dimensionality 3 --float 0 --collapse-output-transforms 1 --output [/tmp/1971077.1.basic.q/1014_ToTemplate_020_,/tmp/1971077.1.basic.q/1014_ToTemplate_020_Warped.nii.gz,/tmp/1971077.1.basic.q/1014_ToTemplate_020_InverseWarped.nii.gz] --interpolation Linear --use-histogram-matching 0 --winsorize-image-intensities [0.005,0.995] --initial-moving-transform [data/template/T_template0_BrainCerebellum.nii.gz,data/Brains/1014_3.nii.gz,1] --transform Rigid[0.1] --metric MI[data/template/T_template0_BrainCerebellum.nii.gz,data/Brains/1014_3.nii.gz,1,32,Regular,0.25] --convergence [1000x500x250x0,1e-6,10] --shrink-factors 12x8x4x2 --smoothing-sigmas 4x3x2x1vox --transform Affine[0.1] --metric MI[data/template/T_template0_BrainCerebellum.nii.gz,data/Brains/1014_3.nii.gz,1,32,Regular,0.25] --convergence [1000x500x250x0,1e-6,10] --shrink-factors 12x8x4x2 --smoothing-sigmas 4x3x2x1vox --transform SyN[0.1,3,0] --metric MI[data/template/T_template0_BrainCerebellum.nii.gz,data/Brains/1014_3.nii.gz,1,32] --convergence [100x100x70x50x0,1e-6,10] --shrink-factors 10x6x4x2x1 --smoothing-sigmas 5x3x2x1x0vox
--------------------------------------------------------------------------------------
All_Command_lines_OK
Using double precision for computations.
=============================================================================
The composite transform comprises the following transforms (in order): 
  1. Center of mass alignment using fixed image: data/template/T_template0_BrainCerebellum.nii.gz and moving image: data/Brains/1014_3.nii.gz (type = Euler3DTransform)
=============================================================================
  number of levels = 4
  number of levels = 4
  number of levels = 5
  fixed image: data/template/T_template0_BrainCerebellum.nii.gz
  moving image: data/Brains/1014_3.nii.gz
  fixed image: data/template/T_template0_BrainCerebellum.nii.gz
  moving image: data/Brains/1014_3.nii.gz
  fixed image: data/template/T_template0_BrainCerebellum.nii.gz
  moving image: data/Brains/1014_3.nii.gz
Dimension = 3
Number of stages = 3
Use Histogram Matching false
Winsorize image intensities true
Lower quantile = 0.005
Upper quantile = 0.995
Stage 1 State
   Image metric = Mattes
     Fixed image = Image (0x3f0bcd0)
  RTTI typeinfo:   itk::Image<double, 3u>
  Reference Count: 2
  Modified Time: 1611
  Debug: Off
  Object Name: 
  Observers: 
    none
  Source: (none)
  Source output name: (none)
  Release Data: Off
  Data Released: False
  Global Release Data: Off
  PipelineMTime: 0
  UpdateMTime: 1422
  RealTimeStamp: 0 seconds 
  LargestPossibleRegion: 
    Dimension: 3
    Index: [0, 0, 0]
    Size: [216, 256, 291]
  BufferedRegion: 
    Dimension: 3
    Index: [0, 0, 0]
    Size: [216, 256, 291]
  RequestedRegion: 
    Dimension: 3
    Index: [0, 0, 0]
    Size: [216, 256, 291]
  Spacing: [1, 1, 1]
  Origin: [0, 293, 0]
  Direction: 
1 0 0
0 -0 -1
0 -1 -0

  IndexToPointMatrix: 
1 0 0
0 0 -1
0 -1 0

  PointToIndexMatrix: 
1 0 0
0 0 -1
0 -1 0

  Inverse Direction: 
1 0 0
0 0 -1
0 -1 0

  PixelContainer: 
    ImportImageContainer (0x3f0f7d0)
      RTTI typeinfo:   itk::ImportImageContainer<unsigned long, double>
      Reference Count: 1
      Modified Time: 1419
      Debug: Off
      Object Name: 
      Observers: 
        none
      Pointer: 0x7f2ddcfc0010
      Container manages memory: true
      Size: 16091136
      Capacity: 16091136

     Moving image = Image (0x3f0dd30)
  RTTI typeinfo:   itk::Image<double, 3u>
  Reference Count: 2
  Modified Time: 1612
  Debug: Off
  Object Name: 
  Observers: 
    none
  Source: (none)
  Source output name: (none)
  Release Data: Off
  Data Released: False
  Global Release Data: Off
  PipelineMTime: 0
  UpdateMTime: 1609
  RealTimeStamp: 0 seconds 
  LargestPossibleRegion: 
    Dimension: 3
    Index: [0, 0, 0]
    Size: [256, 256, 307]
  BufferedRegion: 
    Dimension: 3
    Index: [0, 0, 0]
    Size: [256, 256, 307]
  RequestedRegion: 
    Dimension: 3
    Index: [0, 0, 0]
    Size: [256, 256, 307]
  Spacing: [1, 1, 1]
  Origin: [0, 306, 0]
  Direction: 
1 0 0
0 -0 -1
0 -1 -0

  IndexToPointMatrix: 
1 0 0
0 0 -1
0 -1 0

  PointToIndexMatrix: 
1 0 0
0 0 -1
0 -1 0

  Inverse Direction: 
1 0 0
0 0 -1
0 -1 0

  PixelContainer: 
    ImportImageContainer (0x3efef40)
      RTTI typeinfo:   itk::ImportImageContainer<unsigned long, double>
      Reference Count: 1
      Modified Time: 1606
      Debug: Off
      Object Name: 
      Observers: 
        none
      Pointer: 0x7f2dd363f010
      Container manages memory: true
      Size: 20119552
      Capacity: 20119552

     Weighting = 1
     Sampling strategy = regular
     Number of bins = 32
     Radius = 4
     Sampling percentage  = 0.25
   Transform = Rigid
     Gradient step = 0.1
     Update field sigma (voxel space) = 0
     Total field sigma (voxel space) = 0
     Update field time sigma = 0
     Total field time sigma  = 0
     Number of time indices = 0
     Number of time point samples = 0
Stage 2 State
   Image metric = Mattes
     Fixed image = Image (0x3f126e0)
  RTTI typeinfo:   itk::Image<double, 3u>
  Reference Count: 2
  Modified Time: 1987
  Debug: Off
  Object Name: 
  Observers: 
    none
  Source: (none)
  Source output name: (none)
  Release Data: Off
  Data Released: False
  Global Release Data: Off
  PipelineMTime: 0
  UpdateMTime: 1798
  RealTimeStamp: 0 seconds 
  LargestPossibleRegion: 
    Dimension: 3
    Index: [0, 0, 0]
    Size: [216, 256, 291]
  BufferedRegion: 
    Dimension: 3
    Index: [0, 0, 0]
    Size: [216, 256, 291]
  RequestedRegion: 
    Dimension: 3
    Index: [0, 0, 0]
    Size: [216, 256, 291]
  Spacing: [1, 1, 1]
  Origin: [0, 293, 0]
  Direction: 
1 0 0
0 -0 -1
0 -1 -0

  IndexToPointMatrix: 
1 0 0
0 0 -1
0 -1 0

  PointToIndexMatrix: 
1 0 0
0 0 -1
0 -1 0

  Inverse Direction: 
1 0 0
0 0 -1
0 -1 0

  PixelContainer: 
    ImportImageContainer (0x3f0e950)
      RTTI typeinfo:   itk::ImportImageContainer<unsigned long, double>
      Reference Count: 1
      Modified Time: 1795
      Debug: Off
      Object Name: 
      Observers: 
        none
      Pointer: 0x7f2dcbb7a010
      Container manages memory: true
      Size: 16091136
      Capacity: 16091136

     Moving image = Image (0x3f1f060)
  RTTI typeinfo:   itk::Image<double, 3u>
  Reference Count: 2
  Modified Time: 1988
  Debug: Off
  Object Name: 
  Observers: 
    none
  Source: (none)
  Source output name: (none)
  Release Data: Off
  Data Released: False
  Global Release Data: Off
  PipelineMTime: 0
  UpdateMTime: 1985
  RealTimeStamp: 0 seconds 
  LargestPossibleRegion: 
    Dimension: 3
    Index: [0, 0, 0]
    Size: [256, 256, 307]
  BufferedRegion: 
    Dimension: 3
    Index: [0, 0, 0]
    Size: [256, 256, 307]
  RequestedRegion: 
    Dimension: 3
    Index: [0, 0, 0]
    Size: [256, 256, 307]
  Spacing: [1, 1, 1]
  Origin: [0, 306, 0]
  Direction: 
1 0 0
0 -0 -1
0 -1 -0

  IndexToPointMatrix: 
1 0 0
0 0 -1
0 -1 0

  PointToIndexMatrix: 
1 0 0
0 0 -1
0 -1 0

  Inverse Direction: 
1 0 0
0 0 -1
0 -1 0

  PixelContainer: 
    ImportImageContainer (0x3f1e9e0)
      RTTI typeinfo:   itk::ImportImageContainer<unsigned long, double>
      Reference Count: 1
      Modified Time: 1982
      Debug: Off
      Object Name: 
      Observers: 
        none
      Pointer: 0x7f2dc21f9010
      Container manages memory: true
      Size: 20119552
      Capacity: 20119552

     Weighting = 1
     Sampling strategy = regular
     Number of bins = 32
     Radius = 4
     Sampling percentage  = 0.25
   Transform = Affine
     Gradient step = 0.1
     Update field sigma (voxel space) = 0
     Total field sigma (voxel space) = 0
     Update field time sigma = 0
     Total field time sigma  = 0
     Number of time indices = 0
     Number of time point samples = 0
Stage 3 State
   Image metric = Mattes
     Fixed image = Image (0x3f24980)
  RTTI typeinfo:   itk::Image<double, 3u>
  Reference Count: 2
  Modified Time: 2363
  Debug: Off
  Object Name: 
  Observers: 
    none
  Source: (none)
  Source output name: (none)
  Release Data: Off
  Data Released: False
  Global Release Data: Off
  PipelineMTime: 0
  UpdateMTime: 2174
  RealTimeStamp: 0 seconds 
  LargestPossibleRegion: 
    Dimension: 3
    Index: [0, 0, 0]
    Size: [216, 256, 291]
  BufferedRegion: 
    Dimension: 3
    Index: [0, 0, 0]
    Size: [216, 256, 291]
  RequestedRegion: 
    Dimension: 3
    Index: [0, 0, 0]
    Size: [216, 256, 291]
  Spacing: [1, 1, 1]
  Origin: [0, 293, 0]
  Direction: 
1 0 0
0 -0 -1
0 -1 -0

  IndexToPointMatrix: 
1 0 0
0 0 -1
0 -1 0

  PointToIndexMatrix: 
1 0 0
0 0 -1
0 -1 0

  Inverse Direction: 
1 0 0
0 0 -1
0 -1 0

  PixelContainer: 
    ImportImageContainer (0x3f1d720)
      RTTI typeinfo:   itk::ImportImageContainer<unsigned long, double>
      Reference Count: 1
      Modified Time: 2171
      Debug: Off
      Object Name: 
      Observers: 
        none
      Pointer: 0x7f2dba734010
      Container manages memory: true
      Size: 16091136
      Capacity: 16091136

     Moving image = Image (0x3f270f0)
  RTTI typeinfo:   itk::Image<double, 3u>
  Reference Count: 2
  Modified Time: 2364
  Debug: Off
  Object Name: 
  Observers: 
    none
  Source: (none)
  Source output name: (none)
  Release Data: Off
  Data Released: False
  Global Release Data: Off
  PipelineMTime: 0
  UpdateMTime: 2361
  RealTimeStamp: 0 seconds 
  LargestPossibleRegion: 
    Dimension: 3
    Index: [0, 0, 0]
    Size: [256, 256, 307]
  BufferedRegion: 
    Dimension: 3
    Index: [0, 0, 0]
    Size: [256, 256, 307]
  RequestedRegion: 
    Dimension: 3
    Index: [0, 0, 0]
    Size: [256, 256, 307]
  Spacing: [1, 1, 1]
  Origin: [0, 306, 0]
  Direction: 
1 0 0
0 -0 -1
0 -1 -0

  IndexToPointMatrix: 
1 0 0
0 0 -1
0 -1 0

  PointToIndexMatrix: 
1 0 0
0 0 -1
0 -1 0

  Inverse Direction: 
1 0 0
0 0 -1
0 -1 0

  PixelContainer: 
    ImportImageContainer (0x3f24c10)
      RTTI typeinfo:   itk::ImportImageContainer<unsigned long, double>
      Reference Count: 1
      Modified Time: 2358
      Debug: Off
      Object Name: 
      Observers: 
        none
      Pointer: 0x7f2db0db3010
      Container manages memory: true
      Size: 20119552
      Capacity: 20119552

     Weighting = 1
     Sampling strategy = none
     Number of bins = 32
     Radius = 4
     Sampling percentage  = 1
   Transform = SyN
     Gradient step = 0.1
     Update field sigma (voxel space) = 3
     Total field sigma (voxel space) = 0
     Update field time sigma = 0
     Total field time sigma  = 0
     Number of time indices = 0
     Number of time point samples = 0
Registration using 3 total stages.

Stage 0
  iterations = 1000x500x250x0
  convergence threshold = 1e-06
  convergence window size = 10
  number of levels = 4
  using the Mattes MI metric (number of bins = 32, weight = 1)
  preprocessing:  winsorizing the image intensities
  Shrink factors (level 1 out of 4): [12, 12, 12]
  Shrink factors (level 2 out of 4): [8, 8, 8]
  Shrink factors (level 3 out of 4): [4, 4, 4]
  Shrink factors (level 4 out of 4): [2, 2, 2]
  smoothing sigmas per level: [4, 3, 2, 1]
  regular sampling (percentage = 0.25)

*** Running Euler3DTransform registration ***

DIAGNOSTIC,Iteration,metricValue,convergenceValue,ITERATION_TIME_INDEX,SINCE_LAST
 2DIAGNOSTIC,     1, -4.617212165000e-01, 1.797693134862e+308, 2.2166e+01, 2.2166e+01, 
 2DIAGNOSTIC,     2, -4.628604669675e-01, 1.797693134862e+308, 2.2177e+01, 1.0155e-02, 
 2DIAGNOSTIC,     3, -4.642505357050e-01, 1.797693134862e+308, 2.2186e+01, 9.8441e-03, 
 2DIAGNOSTIC,     4, -4.648434246326e-01, 1.797693134862e+308, 2.2196e+01, 9.9821e-03, 
 2DIAGNOSTIC,     5, -4.656379711943e-01, 1.797693134862e+308, 2.2208e+01, 1.1260e-02, 
 2DIAGNOSTIC,     6, -4.657932950401e-01, 1.797693134862e+308, 2.2219e+01, 1.1307e-02, 
 2DIAGNOSTIC,     7, -4.659881669903e-01, 1.797693134862e+308, 2.2232e+01, 1.2715e-02, 
 2DIAGNOSTIC,     8, -4.661182237843e-01, 1.797693134862e+308, 2.2242e+01, 9.8560e-03, 
 2DIAGNOSTIC,     9, -4.668253554495e-01, 1.797693134862e+308, 2.2253e+01, 1.1368e-02, 
 2DIAGNOSTIC,    10, -4.670607107580e-01, 6.554583645184e-04, 2.2263e+01, 1.0536e-02, 
 2DIAGNOSTIC,    11, -4.672450944729e-01, 4.741948518620e-04, 2.2275e+01, 1.1783e-02, 
 2DIAGNOSTIC,    12, -4.672658267204e-01, 3.392711130328e-04, 2.2287e+01, 1.1631e-02, 
 2DIAGNOSTIC,    13, -4.672771168244e-01, 2.603591795556e-04, 2.2297e+01, 1.0201e-02, 
 2DIAGNOSTIC,    14, -4.672879352841e-01, 1.944287782704e-04, 2.2307e+01, 1.0168e-02, 
 2DIAGNOSTIC,    15, -4.673149225089e-01, 1.529026181692e-04, 2.2319e+01, 1.1704e-02, 
 2DIAGNOSTIC,    16, -4.673315361743e-01, 1.094275810582e-04, 2.2331e+01, 1.1807e-02, 
 2DIAGNOSTIC,    17, -4.671898833510e-01, 6.337545171035e-05, 2.2351e+01, 2.0593e-02, 
 2DIAGNOSTIC,    18, -4.671902292279e-01, 2.084918970801e-05, 2.2362e+01, 1.0238e-02, 
 2DIAGNOSTIC,    19, -4.672068623722e-01, 4.076998674683e-06, 2.2372e+01, 1.0301e-02, 
DIAGNOSTIC,Iteration,metricValue,convergenceValue,ITERATION_TIME_INDEX,SINCE_LAST
 2DIAGNOSTIC,     1, -4.018195326530e-01, 1.797693134862e+308, 3.8452e+01, 1.6080e+01, 
 2DIAGNOSTIC,     2, -4.027435839622e-01, 1.797693134862e+308, 3.8505e+01, 5.2890e-02, 
 2DIAGNOSTIC,     3, -4.033348572602e-01, 1.797693134862e+308, 3.8558e+01, 5.2979e-02, 
 2DIAGNOSTIC,     4, -4.035348767336e-01, 1.797693134862e+308, 3.8621e+01, 6.3125e-02, 
 2DIAGNOSTIC,     5, -4.036779525696e-01, 1.797693134862e+308, 3.8674e+01, 5.2578e-02, 
 2DIAGNOSTIC,     6, -4.038382220183e-01, 1.797693134862e+308, 3.8737e+01, 6.2932e-02, 
 2DIAGNOSTIC,     7, -4.038779588579e-01, 1.797693134862e+308, 3.8800e+01, 6.2974e-02, 
 2DIAGNOSTIC,     8, -4.036286381058e-01, 1.797693134862e+308, 3.8863e+01, 6.2951e-02, 
 2DIAGNOSTIC,     9, -4.038684170767e-01, 1.797693134862e+308, 3.8946e+01, 8.2903e-02, 
 2DIAGNOSTIC,    10, -4.038278523959e-01, 2.415755021718e-04, 3.8999e+01, 5.3374e-02, 
 2DIAGNOSTIC,    11, -4.038055600342e-01, 1.124305565169e-04, 3.9052e+01, 5.3612e-02, 
 2DIAGNOSTIC,    12, -4.037683649299e-01, 4.656684124435e-05, 3.9106e+01, 5.3591e-02, 
 2DIAGNOSTIC,    13, -4.037718360911e-01, 1.920457780659e-05, 3.9160e+01, 5.3609e-02, 
 2DIAGNOSTIC,    14, -4.037758542476e-01, 4.225798802854e-06, 3.9213e+01, 5.3615e-02, 
DIAGNOSTIC,Iteration,metricValue,convergenceValue,ITERATION_TIME_INDEX,SINCE_LAST
 2DIAGNOSTIC,     1, -3.407674683565e-01, 1.797693134862e+308, 4.8343e+01, 9.1292e+00, 
 2DIAGNOSTIC,     2, -3.410794309290e-01, 1.797693134862e+308, 4.8777e+01, 4.3489e-01, 
 2DIAGNOSTIC,     3, -3.414138644932e-01, 1.797693134862e+308, 4.9212e+01, 4.3435e-01, 
 2DIAGNOSTIC,     4, -3.417534717695e-01, 1.797693134862e+308, 4.9646e+01, 4.3390e-01, 
 2DIAGNOSTIC,     5, -3.421252996657e-01, 1.797693134862e+308, 5.0166e+01, 5.2014e-01, 
 2DIAGNOSTIC,     6, -3.421440519502e-01, 1.797693134862e+308, 5.0686e+01, 5.2060e-01, 
 2DIAGNOSTIC,     7, -3.422199443530e-01, 1.797693134862e+308, 5.1120e+01, 4.3340e-01, 
 2DIAGNOSTIC,     8, -3.423975297015e-01, 1.797693134862e+308, 5.1550e+01, 4.3048e-01, 
 2DIAGNOSTIC,     9, -3.426723064308e-01, 1.797693134862e+308, 5.2158e+01, 6.0741e-01, 
 2DIAGNOSTIC,    10, -3.427047041298e-01, 3.556329969666e-04, 5.2680e+01, 5.2224e-01, 
 2DIAGNOSTIC,    11, -3.427254012470e-01, 2.717253554010e-04, 5.3376e+01, 6.9585e-01, 
 2DIAGNOSTIC,    12, -3.427564179843e-01, 2.016714002366e-04, 5.3900e+01, 5.2418e-01, 
 2DIAGNOSTIC,    13, -3.427694641864e-01, 1.460540778908e-04, 5.4337e+01, 4.3732e-01, 
 2DIAGNOSTIC,    14, -3.427702099285e-01, 1.047003868938e-04, 5.4861e+01, 5.2353e-01, 
 2DIAGNOSTIC,    15, -3.427675514201e-01, 8.008540173046e-05, 5.5294e+01, 4.3326e-01, 
 2DIAGNOSTIC,    16, -3.427842614749e-01, 5.345970745453e-05, 5.5814e+01, 5.2010e-01, 
 2DIAGNOSTIC,    17, -3.428010577201e-01, 2.964336526806e-05, 5.6245e+01, 4.3075e-01, 
 2DIAGNOSTIC,    18, -3.428136394475e-01, 1.432335157590e-05, 5.6762e+01, 5.1720e-01, 
 2DIAGNOSTIC,    19, -3.428391371376e-01, 1.257087918927e-05, 5.7193e+01, 4.3061e-01, 
 2DIAGNOSTIC,    20, -3.428676123775e-01, 1.249446921991e-05, 5.7710e+01, 5.1729e-01, 
 2DIAGNOSTIC,    21, -3.429258424145e-01, 1.447583330121e-05, 5.8145e+01, 4.3499e-01, 
 2DIAGNOSTIC,    22, -3.430031580338e-01, 1.908936951884e-05, 5.8926e+01, 7.8114e-01, 
 2DIAGNOSTIC,    23, -3.429937139202e-01, 2.173743050996e-05, 5.9446e+01, 5.2027e-01, 
 2DIAGNOSTIC,    24, -3.429864502984e-01, 2.210465715718e-05, 5.9970e+01, 5.2383e-01, 
 2DIAGNOSTIC,    25, -3.429926332198e-01, 2.062468003444e-05, 6.0405e+01, 4.3444e-01, 
 2DIAGNOSTIC,    26, -3.429901901316e-01, 1.783953257225e-05, 6.0840e+01, 4.3528e-01, 
 2DIAGNOSTIC,    27, -3.430159891337e-01, 1.497279601127e-05, 6.1276e+01, 4.3575e-01, 
 2DIAGNOSTIC,    28, -3.430324743930e-01, 1.186530677837e-05, 6.1711e+01, 4.3572e-01, 
 2DIAGNOSTIC,    29, -3.430466890826e-01, 9.126368360909e-06, 6.2233e+01, 5.2189e-01, 
 2DIAGNOSTIC,    30, -3.430759269939e-01, 7.386543671190e-06, 6.3630e+01, 1.3970e+00, 
 2DIAGNOSTIC,    31, -3.430759295036e-01, 6.640533002214e-06, 6.4150e+01, 5.2011e-01, 
 2DIAGNOSTIC,    32, -3.430667421336e-01, 7.185350504452e-06, 6.5021e+01, 8.7091e-01, 
 2DIAGNOSTIC,    33, -3.430667422673e-01, 6.886531382533e-06, 6.5980e+01, 9.5820e-01, 
 2DIAGNOSTIC,    34, -3.430667422739e-01, 5.858437753473e-06, 6.7988e+01, 2.0087e+00, 
 2DIAGNOSTIC,    35, -3.430667422739e-01, 4.566955548544e-06, 6.8680e+01, 6.9147e-01, 
 2DIAGNOSTIC,    36, -3.430667422739e-01, 2.934397077867e-06, 6.9200e+01, 5.1997e-01, 
 2DIAGNOSTIC,    37, -3.430667422739e-01, 1.780844303693e-06, 6.9720e+01, 5.1988e-01, 
DIAGNOSTIC,Iteration,metricValue,convergenceValue,ITERATION_TIME_INDEX,SINCE_LAST
 2DIAGNOSTIC,     1, -2.961719494877e-01, 1.797693134862e+308, 7.8425e+01, 8.7053e+00, 
  Elapsed time (stage 0): 8.0310e+01


Stage 1
  iterations = 1000x500x250x0
  convergence threshold = 1.0000e-06
  convergence window size = 10
  number of levels = 4
  using the Mattes MI metric (number of bins = 32, weight = 1.0000e+00)
  preprocessing:  winsorizing the image intensities
  Shrink factors (level 1 out of 4): [12, 12, 12]
  Shrink factors (level 2 out of 4): [8, 8, 8]
  Shrink factors (level 3 out of 4): [4, 4, 4]
  Shrink factors (level 4 out of 4): [2, 2, 2]
  smoothing sigmas per level: [4, 3, 2, 1]
  regular sampling (percentage = 2.5000e-01)

*** Running AffineTransform registration ***

DIAGNOSTIC,Iteration,metricValue,convergenceValue,ITERATION_TIME_INDEX,SINCE_LAST
 2DIAGNOSTIC,     1, -4.701051899863e-01, 1.797693134862e+308, 2.1941e+01, 2.1941e+01, 
 2DIAGNOSTIC,     2, -4.715870371066e-01, 1.797693134862e+308, 2.1954e+01, 1.3108e-02, 
 2DIAGNOSTIC,     3, -4.745883123773e-01, 1.797693134862e+308, 2.1967e+01, 1.2953e-02, 
 2DIAGNOSTIC,     4, -4.796918639629e-01, 1.797693134862e+308, 2.1980e+01, 1.2926e-02, 
 2DIAGNOSTIC,     5, -4.859914876806e-01, 1.797693134862e+308, 2.1993e+01, 1.3132e-02, 
 2DIAGNOSTIC,     6, -4.927993075157e-01, 1.797693134862e+308, 2.2008e+01, 1.5110e-02, 
 2DIAGNOSTIC,     7, -5.070011249874e-01, 1.797693134862e+308, 2.2023e+01, 1.5064e-02, 
 2DIAGNOSTIC,     8, -5.195043421327e-01, 1.797693134862e+308, 2.2036e+01, 1.3183e-02, 
 2DIAGNOSTIC,     9, -5.215502032834e-01, 1.797693134862e+308, 2.2052e+01, 1.5072e-02, 
 2DIAGNOSTIC,    10, -5.226486152274e-01, 8.140910171957e-03, 2.2073e+01, 2.1669e-02, 
 2DIAGNOSTIC,    11, -5.227236552762e-01, 7.305613140244e-03, 2.2088e+01, 1.5128e-02, 
 2DIAGNOSTIC,    12, -5.230469687325e-01, 6.040418738554e-03, 2.2102e+01, 1.3228e-02, 
 2DIAGNOSTIC,    13, -5.233677370308e-01, 4.570275345761e-03, 2.2115e+01, 1.3211e-02, 
 2DIAGNOSTIC,    14, -5.237460233042e-01, 3.128165405785e-03, 2.2133e+01, 1.8002e-02, 
 2DIAGNOSTIC,    15, -5.238455437500e-01, 1.847421408691e-03, 2.2146e+01, 1.3433e-02, 
 2DIAGNOSTIC,    16, -5.236047721391e-01, 7.868342736565e-04, 2.2161e+01, 1.4935e-02, 
 2DIAGNOSTIC,    17, -5.235937686938e-01, 2.414291001054e-04, 2.2174e+01, 1.3114e-02, 
 2DIAGNOSTIC,    18, -5.236987517108e-01, 1.271750411069e-04, 2.2188e+01, 1.3372e-02, 
 2DIAGNOSTIC,    19, -5.239708350758e-01, 8.074669746619e-05, 2.2203e+01, 1.4968e-02, 
 2DIAGNOSTIC,    20, -5.242001268465e-01, 6.877415065540e-05, 2.2216e+01, 1.3408e-02, 
 2DIAGNOSTIC,    21, -5.246799484888e-01, 6.653327157865e-05, 2.2229e+01, 1.3324e-02, 
 2DIAGNOSTIC,    22, -5.257654065217e-01, 9.386043279633e-05, 2.2243e+01, 1.3394e-02, 
 2DIAGNOSTIC,    23, -5.265223084506e-01, 1.352377686581e-04, 2.2256e+01, 1.3545e-02, 
 2DIAGNOSTIC,    24, -5.280759883737e-01, 2.049190218593e-04, 2.2275e+01, 1.8670e-02, 
 2DIAGNOSTIC,    25, -5.288468122281e-01, 2.687021889984e-04, 2.2292e+01, 1.6611e-02, 
 2DIAGNOSTIC,    26, -5.291976042536e-01, 3.046883636929e-04, 2.2307e+01, 1.5205e-02, 
 2DIAGNOSTIC,    27, -5.301253510053e-01, 3.282540163168e-04, 2.2322e+01, 1.5218e-02, 
 2DIAGNOSTIC,    28, -5.302800272087e-01, 3.238073622255e-04, 2.2339e+01, 1.6623e-02, 
 2DIAGNOSTIC,    29, -5.296431582238e-01, 2.822600045453e-04, 2.2352e+01, 1.3552e-02, 
 2DIAGNOSTIC,    30, -5.297007497800e-01, 2.227640369598e-04, 2.2365e+01, 1.3291e-02, 
 2DIAGNOSTIC,    31, -5.299892155818e-01, 1.596131680466e-04, 2.2381e+01, 1.5220e-02, 
 2DIAGNOSTIC,    32, -5.298386064729e-01, 1.011362343862e-04, 2.2394e+01, 1.3604e-02, 
 2DIAGNOSTIC,    33, -5.300338866911e-01, 5.226350338904e-05, 2.2409e+01, 1.5061e-02, 
 2DIAGNOSTIC,    34, -5.302542449791e-01, 3.021881777686e-05, 2.2425e+01, 1.5176e-02, 
 2DIAGNOSTIC,    35, -5.305487248089e-01, 2.336221299972e-05, 2.2440e+01, 1.5159e-02, 
 2DIAGNOSTIC,    36, -5.304508391618e-01, 1.797566382157e-05, 2.2453e+01, 1.3592e-02, 
 2DIAGNOSTIC,    37, -5.303632198004e-01, 2.370786618621e-05, 2.2468e+01, 1.5191e-02, 
 2DIAGNOSTIC,    38, -5.306340194386e-01, 3.347288785049e-05, 2.2482e+01, 1.3510e-02, 
 2DIAGNOSTIC,    39, -5.309038511199e-01, 3.423078388004e-05, 2.2497e+01, 1.5369e-02, 
 2DIAGNOSTIC,    40, -5.304996057289e-01, 2.677429420611e-05, 2.2516e+01, 1.8467e-02, 
 2DIAGNOSTIC,    41, -5.306420838190e-01, 2.336873361135e-05, 2.2529e+01, 1.3489e-02, 
 2DIAGNOSTIC,    42, -5.308082683569e-01, 1.815247241306e-05, 2.2544e+01, 1.4948e-02, 
 2DIAGNOSTIC,    43, -5.311871047625e-01, 1.857659509067e-05, 2.2559e+01, 1.5094e-02, 
 2DIAGNOSTIC,    44, -5.310362535833e-01, 1.787315153188e-05, 2.2578e+01, 1.8457e-02, 
 2DIAGNOSTIC,    45, -5.310868152511e-01, 2.002954082818e-05, 2.2593e+01, 1.5199e-02, 
 2DIAGNOSTIC,    46, -5.309720375479e-01, 1.785783595447e-05, 2.2606e+01, 1.3509e-02, 
 2DIAGNOSTIC,    47, -5.308517823901e-01, 1.155844077326e-05, 2.2620e+01, 1.3469e-02, 
 2DIAGNOSTIC,    48, -5.309170240246e-01, 8.146355848362e-06, 2.2633e+01, 1.3461e-02, 
 2DIAGNOSTIC,    49, -5.309761822441e-01, 7.951500388830e-06, 2.2647e+01, 1.3502e-02, 
 2DIAGNOSTIC,    50, -5.312384648703e-01, 5.533596439612e-06, 2.2661e+01, 1.3636e-02, 
 2DIAGNOSTIC,    51, -5.315161678992e-01, 7.165637483954e-06, 2.2676e+01, 1.5258e-02, 
 2DIAGNOSTIC,    52, -5.317696529405e-01, 1.236098182835e-05, 2.2691e+01, 1.5427e-02, 
 2DIAGNOSTIC,    53, -5.324657809665e-01, 2.729636279325e-05, 2.2711e+01, 2.0064e-02, 
 2DIAGNOSTIC,    54, -5.327390128505e-01, 4.014455037853e-05, 2.2728e+01, 1.6709e-02, 
 2DIAGNOSTIC,    55, -5.325438747270e-01, 4.730962882779e-05, 2.2742e+01, 1.3555e-02, 
 2DIAGNOSTIC,    56, -5.323721082268e-01, 4.712775535457e-05, 2.2757e+01, 1.4991e-02, 
 2DIAGNOSTIC,    57, -5.323766351245e-01, 4.139779188249e-05, 2.2772e+01, 1.5091e-02, 
 2DIAGNOSTIC,    58, -5.323817518690e-01, 3.248168003281e-05, 2.2785e+01, 1.3430e-02, 
 2DIAGNOSTIC,    59, -5.321945762219e-01, 1.953913774862e-05, 2.2805e+01, 1.9758e-02, 
 2DIAGNOSTIC,    60, -5.321968439652e-01, 7.738130262443e-06, 2.2820e+01, 1.4987e-02, 
DIAGNOSTIC,Iteration,metricValue,convergenceValue,ITERATION_TIME_INDEX,SINCE_LAST
 2DIAGNOSTIC,     1, -4.443347315793e-01, 1.797693134862e+308, 3.8780e+01, 1.5960e+01, 
 2DIAGNOSTIC,     2, -4.453287124913e-01, 1.797693134862e+308, 3.8848e+01, 6.8407e-02, 
 2DIAGNOSTIC,     3, -4.458150567376e-01, 1.797693134862e+308, 3.8916e+01, 6.8330e-02, 
 2DIAGNOSTIC,     4, -4.461338481530e-01, 1.797693134862e+308, 3.8995e+01, 7.8728e-02, 
 2DIAGNOSTIC,     5, -4.463310318514e-01, 1.797693134862e+308, 3.9085e+01, 8.9664e-02, 
 2DIAGNOSTIC,     6, -4.464713339476e-01, 1.797693134862e+308, 3.9174e+01, 8.9479e-02, 
 2DIAGNOSTIC,     7, -4.464845491140e-01, 1.797693134862e+308, 3.9265e+01, 9.0665e-02, 
 2DIAGNOSTIC,     8, -4.464700846777e-01, 1.797693134862e+308, 3.9355e+01, 8.9669e-02, 
 2DIAGNOSTIC,     9, -4.463948670448e-01, 1.797693134862e+308, 3.9422e+01, 6.7565e-02, 
 2DIAGNOSTIC,    10, -4.463771835962e-01, 2.338987897733e-04, 3.9491e+01, 6.8469e-02, 
 2DIAGNOSTIC,    11, -4.464244387365e-01, 1.093094919662e-04, 3.9559e+01, 6.8304e-02, 
 2DIAGNOSTIC,    12, -4.465021211086e-01, 5.230693966353e-05, 3.9638e+01, 7.9470e-02, 
 2DIAGNOSTIC,    13, -4.466090374855e-01, 2.837968863956e-05, 3.9718e+01, 7.9228e-02, 
 2DIAGNOSTIC,    14, -4.466380260387e-01, 2.117424189091e-05, 3.9786e+01, 6.8006e-02, 
 2DIAGNOSTIC,    15, -4.466199009434e-01, 2.072502072510e-05, 3.9865e+01, 7.8832e-02, 
 2DIAGNOSTIC,    16, -4.466001889431e-01, 2.341906401949e-05, 3.9944e+01, 7.9450e-02, 
 2DIAGNOSTIC,    17, -4.466535998495e-01, 2.624960818073e-05, 4.0024e+01, 8.0030e-02, 
 2DIAGNOSTIC,    18, -4.466906457641e-01, 2.725747693226e-05, 4.0092e+01, 6.8080e-02, 
 2DIAGNOSTIC,    19, -4.467308697546e-01, 2.465052780138e-05, 4.0160e+01, 6.8064e-02, 
 2DIAGNOSTIC,    20, -4.468019511747e-01, 2.192571083980e-05, 4.0240e+01, 7.9975e-02, 
 2DIAGNOSTIC,    21, -4.468960554160e-01, 2.181570341043e-05, 4.0354e+01, 1.1343e-01, 
 2DIAGNOSTIC,    22, -4.469144774026e-01, 2.245252914133e-05, 4.0434e+01, 7.9972e-02, 
 2DIAGNOSTIC,    23, -4.468638718685e-01, 2.261152616727e-05, 4.0525e+01, 9.1299e-02, 
 2DIAGNOSTIC,    24, -4.468366721918e-01, 2.090183345100e-05, 4.0594e+01, 6.9109e-02, 
 2DIAGNOSTIC,    25, -4.467756775660e-01, 1.549102398922e-05, 4.0673e+01, 7.9274e-02, 
 2DIAGNOSTIC,    26, -4.468061700523e-01, 9.380371965267e-06, 4.0753e+01, 7.9654e-02, 
 2DIAGNOSTIC,    27, -4.468026313979e-01, 4.084600091561e-06, 4.0832e+01, 7.9273e-02, 
DIAGNOSTIC,Iteration,metricValue,convergenceValue,ITERATION_TIME_INDEX,SINCE_LAST
 2DIAGNOSTIC,     1, -3.860613629296e-01, 1.797693134862e+308, 5.0063e+01, 9.2308e+00, 
 2DIAGNOSTIC,     2, -3.864345294522e-01, 1.797693134862e+308, 5.0609e+01, 5.4611e-01, 
 2DIAGNOSTIC,     3, -3.866773297435e-01, 1.797693134862e+308, 5.1247e+01, 6.3805e-01, 
 2DIAGNOSTIC,     4, -3.867554995216e-01, 1.797693134862e+308, 5.1791e+01, 5.4382e-01, 
 2DIAGNOSTIC,     5, -3.867797236909e-01, 1.797693134862e+308, 5.2333e+01, 5.4169e-01, 
 2DIAGNOSTIC,     6, -3.869254598349e-01, 1.797693134862e+308, 5.2968e+01, 6.3528e-01, 
 2DIAGNOSTIC,     7, -3.870016206423e-01, 1.797693134862e+308, 5.3792e+01, 8.2381e-01, 
 2DIAGNOSTIC,     8, -3.870373099594e-01, 1.797693134862e+308, 5.4428e+01, 6.3608e-01, 
 2DIAGNOSTIC,     9, -3.870445990677e-01, 1.797693134862e+308, 5.5063e+01, 6.3570e-01, 
 2DIAGNOSTIC,    10, -3.870444505605e-01, 1.433677813941e-04, 5.5700e+01, 6.3641e-01, 
 2DIAGNOSTIC,    11, -3.870628157878e-01, 8.871452344943e-05, 5.6336e+01, 6.3593e-01, 
 2DIAGNOSTIC,    12, -3.870635628067e-01, 5.788500666735e-05, 5.7066e+01, 7.3045e-01, 
 2DIAGNOSTIC,    13, -3.870632818606e-01, 4.050393590933e-05, 5.7797e+01, 7.3050e-01, 
 2DIAGNOSTIC,    14, -3.870553756754e-01, 2.596208776035e-05, 5.8434e+01, 6.3761e-01, 
 2DIAGNOSTIC,    15, -3.870574744535e-01, 1.236235926476e-05, 5.9071e+01, 6.3690e-01, 
 2DIAGNOSTIC,    16, -3.870604310648e-01, 6.254576995851e-06, 5.9614e+01, 5.4272e-01, 
 2DIAGNOSTIC,    17, -3.870605019882e-01, 3.714928658360e-06, 6.0157e+01, 5.4325e-01, 
 2DIAGNOSTIC,    18, -3.870734697908e-01, 3.280675692489e-06, 6.0793e+01, 6.3545e-01, 
 2DIAGNOSTIC,    19, -3.870668640289e-01, 2.780055551613e-06, 6.1336e+01, 5.4312e-01, 
 2DIAGNOSTIC,    20, -3.870747632862e-01, 2.504386036592e-06, 6.1975e+01, 6.3890e-01, 
 2DIAGNOSTIC,    21, -3.870743398520e-01, 2.786769187239e-06, 6.2611e+01, 6.3678e-01, 
 2DIAGNOSTIC,    22, -3.870727127210e-01, 2.891550993367e-06, 6.3249e+01, 6.3767e-01, 
 2DIAGNOSTIC,    23, -3.870783152026e-01, 3.030772225451e-06, 6.3886e+01, 6.3666e-01, 
 2DIAGNOSTIC,    24, -3.870750305871e-01, 2.656075222214e-06, 6.4523e+01, 6.3690e-01, 
 2DIAGNOSTIC,    25, -3.870716023121e-01, 2.151973376385e-06, 6.5160e+01, 6.3695e-01, 
 2DIAGNOSTIC,    26, -3.870785903156e-01, 1.889972988417e-06, 6.5797e+01, 6.3731e-01, 
 2DIAGNOSTIC,    27, -3.870803038742e-01, 1.616602934205e-06, 6.6435e+01, 6.3751e-01, 
 2DIAGNOSTIC,    28, -3.870800186485e-01, 1.658867519135e-06, 6.7071e+01, 6.3694e-01, 
 2DIAGNOSTIC,    29, -3.870731910963e-01, 1.306941560225e-06, 6.7615e+01, 5.4391e-01, 
 2DIAGNOSTIC,    30, -3.870730710783e-01, 1.157606641287e-06, 6.8252e+01, 6.3663e-01, 
DIAGNOSTIC,Iteration,metricValue,convergenceValue,ITERATION_TIME_INDEX,SINCE_LAST
 2DIAGNOSTIC,     1, -3.320466192005e-01, 1.797693134862e+308, 7.7935e+01, 9.6827e+00, 
  Elapsed time (stage 1): 7.9820e+01


Stage 2
  iterations = 100x100x70x50x0
  convergence threshold = 1.0000e-06
  convergence window size = 10
  number of levels = 5
  using the Mattes MI metric (number of bins = 32, weight = 1.0000e+00)
  preprocessing:  winsorizing the image intensities
  Shrink factors (level 1 out of 5): [10, 10, 10]
  Shrink factors (level 2 out of 5): [6, 6, 6]
  Shrink factors (level 3 out of 5): [4, 4, 4]
  Shrink factors (level 4 out of 5): [2, 2, 2]
  Shrink factors (level 5 out of 5): [1, 1, 1]
  smoothing sigmas per level: [5, 3, 2, 1, 0]
  Using default NONE metricSamplingStrategy 

*** Running SyN registration (varianceForUpdateField = 3.0000e+00, varianceForTotalField = 0.0000e+00) ***

XXDIAGNOSTIC,Iteration,metricValue,convergenceValue,ITERATION_TIME_INDEX,SINCE_LAST
 1DIAGNOSTIC,     1, -5.210217271149e-01, 1.797693134862e+308, 3.5846e+01, 3.5846e+01, 
 1DIAGNOSTIC,     2, -5.403980420784e-01, 1.797693134862e+308, 3.5986e+01, 1.4058e-01, 
 1DIAGNOSTIC,     3, -5.540953751795e-01, 1.797693134862e+308, 3.6127e+01, 1.4019e-01, 
 1DIAGNOSTIC,     4, -5.631994474455e-01, 1.797693134862e+308, 3.6264e+01, 1.3742e-01, 
 1DIAGNOSTIC,     5, -5.663460329949e-01, 1.797693134862e+308, 3.6399e+01, 1.3458e-01, 
 1DIAGNOSTIC,     6, -5.667002579264e-01, 1.797693134862e+308, 3.6533e+01, 1.3426e-01, 
 1DIAGNOSTIC,     7, -5.649392582846e-01, 1.797693134862e+308, 3.6667e+01, 1.3413e-01, 
 1DIAGNOSTIC,     8, -5.640576694060e-01, 1.797693134862e+308, 3.6801e+01, 1.3414e-01, 
 1DIAGNOSTIC,     9, -5.629443407468e-01, 1.797693134862e+308, 3.6936e+01, 1.3487e-01, 
 1DIAGNOSTIC,    10, -5.609554829193e-01, 3.450491834127e-03, 3.7071e+01, 1.3501e-01, 
 1DIAGNOSTIC,    11, -5.576066039426e-01, 1.008573115317e-03, 3.7207e+01, 1.3578e-01, 
 1DIAGNOSTIC,    12, -5.584438011082e-01, -2.619883191393e-04, 3.7342e+01, 1.3476e-01, 
XXDIAGNOSTIC,Iteration,metricValue,convergenceValue,ITERATION_TIME_INDEX,SINCE_LAST
 1DIAGNOSTIC,     1, -4.403940812871e-01, 1.797693134862e+308, 5.3820e+01, 1.6478e+01, 
 1DIAGNOSTIC,     2, -4.437783661120e-01, 1.797693134862e+308, 5.4358e+01, 5.3858e-01, 
 1DIAGNOSTIC,     3, -4.453793485716e-01, 1.797693134862e+308, 5.4897e+01, 5.3876e-01, 
 1DIAGNOSTIC,     4, -4.458005202213e-01, 1.797693134862e+308, 5.5436e+01, 5.3933e-01, 
 1DIAGNOSTIC,     5, -4.454638144819e-01, 1.797693134862e+308, 5.5973e+01, 5.3690e-01, 
 1DIAGNOSTIC,     6, -4.452519789383e-01, 1.797693134862e+308, 5.6510e+01, 5.3685e-01, 
 1DIAGNOSTIC,     7, -4.447737936870e-01, 1.797693134862e+308, 5.7047e+01, 5.3666e-01, 
 1DIAGNOSTIC,     8, -4.441563790317e-01, 1.797693134862e+308, 5.7585e+01, 5.3870e-01, 
 1DIAGNOSTIC,     9, -4.437835281851e-01, 1.797693134862e+308, 5.8154e+01, 5.6867e-01, 
 1DIAGNOSTIC,    10, -4.434788446786e-01, 1.129864531801e-04, 5.8707e+01, 5.5301e-01, 
 1DIAGNOSTIC,    11, -4.432606463335e-01, -2.462983910500e-04, 5.9261e+01, 5.5373e-01, 
XXDIAGNOSTIC,Iteration,metricValue,convergenceValue,ITERATION_TIME_INDEX,SINCE_LAST
 1DIAGNOSTIC,     1, -3.760082709724e-01, 1.797693134862e+308, 6.9595e+01, 1.0335e+01, 
 1DIAGNOSTIC,     2, -3.771634672156e-01, 1.797693134862e+308, 7.1293e+01, 1.6981e+00, 
 1DIAGNOSTIC,     3, -3.779274749303e-01, 1.797693134862e+308, 7.2991e+01, 1.6971e+00, 
 1DIAGNOSTIC,     4, -3.785704286223e-01, 1.797693134862e+308, 7.4682e+01, 1.6918e+00, 
 1DIAGNOSTIC,     5, -3.789056913632e-01, 1.797693134862e+308, 7.6371e+01, 1.6887e+00, 
 1DIAGNOSTIC,     6, -3.790277107766e-01, 1.797693134862e+308, 7.8059e+01, 1.6878e+00, 
 1DIAGNOSTIC,     7, -3.789934257526e-01, 1.797693134862e+308, 7.9801e+01, 1.7417e+00, 
 1DIAGNOSTIC,     8, -3.788765113777e-01, 1.797693134862e+308, 8.1492e+01, 1.6909e+00, 
 1DIAGNOSTIC,     9, -3.786574370021e-01, 1.797693134862e+308, 8.3232e+01, 1.7406e+00, 
 1DIAGNOSTIC,    10, -3.786137824445e-01, 3.634199873062e-04, 8.4973e+01, 1.7411e+00, 
 1DIAGNOSTIC,    11, -3.784898062318e-01, 1.372860120413e-04, 8.6717e+01, 1.7436e+00, 
 1DIAGNOSTIC,    12, -3.783323467201e-01, -1.270272974030e-06, 8.8462e+01, 1.7451e+00, 
XXDIAGNOSTIC,Iteration,metricValue,convergenceValue,ITERATION_TIME_INDEX,SINCE_LAST
 1DIAGNOSTIC,     1, -3.180276396670e-01, 1.797693134862e+308, 1.0762e+02, 1.9158e+01, 
 1DIAGNOSTIC,     2, -3.189845939846e-01, 1.797693134862e+308, 1.2070e+02, 1.3081e+01, 
 1DIAGNOSTIC,     3, -3.200515114421e-01, 1.797693134862e+308, 1.3330e+02, 1.2595e+01, 
 1DIAGNOSTIC,     4, -3.208805344535e-01, 1.797693134862e+308, 1.4587e+02, 1.2574e+01, 
 1DIAGNOSTIC,     5, -3.215388914179e-01, 1.797693134862e+308, 1.5848e+02, 1.2609e+01, 
 1DIAGNOSTIC,     6, -3.222375058991e-01, 1.797693134862e+308, 1.7108e+02, 1.2604e+01, 
 1DIAGNOSTIC,     7, -3.229047203760e-01, 1.797693134862e+308, 1.8367e+02, 1.2591e+01, 
 1DIAGNOSTIC,     8, -3.235260165515e-01, 1.797693134862e+308, 1.9627e+02, 1.2593e+01, 
 1DIAGNOSTIC,     9, -3.241101379467e-01, 1.797693134862e+308, 2.0888e+02, 1.2613e+01, 
 1DIAGNOSTIC,    10, -3.245907191639e-01, 1.287854934101e-03, 2.2232e+02, 1.3443e+01, 
 1DIAGNOSTIC,    11, -3.250697614858e-01, 1.074612597732e-03, 2.3534e+02, 1.3021e+01, 
 1DIAGNOSTIC,    12, -3.254197415503e-01, 8.953796189936e-04, 2.4880e+02, 1.3455e+01, 
 1DIAGNOSTIC,    13, -3.257967177294e-01, 7.601451299208e-04, 2.6228e+02, 1.3483e+01, 
 1DIAGNOSTIC,    14, -3.260931535521e-01, 6.456063219399e-04, 2.7578e+02, 1.3503e+01, 
 1DIAGNOSTIC,    15, -3.263385346492e-01, 5.400605364659e-04, 2.8927e+02, 1.3487e+01, 
 1DIAGNOSTIC,    16, -3.265476539260e-01, 4.478175336908e-04, 3.0298e+02, 1.3707e+01, 
 1DIAGNOSTIC,    17, -3.267441666501e-01, 3.696131090648e-04, 3.1641e+02, 1.3431e+01, 
 1DIAGNOSTIC,    18, -3.269488003122e-01, 3.059742216802e-04, 3.2988e+02, 1.3468e+01, 
 1DIAGNOSTIC,    19, -3.271270990637e-01, 2.556867589260e-04, 3.4332e+02, 1.3440e+01, 
 1DIAGNOSTIC,    20, -3.272650691927e-01, 2.136225457327e-04, 3.5675e+02, 1.3427e+01, 
 1DIAGNOSTIC,    21, -3.273902007647e-01, 1.809019395227e-04, 3.7019e+02, 1.3440e+01, 
 1DIAGNOSTIC,    22, -3.275195711662e-01, 1.532514455101e-04, 3.8363e+02, 1.3445e+01, 
 1DIAGNOSTIC,    23, -3.276372216350e-01, 1.324031670197e-04, 3.9708e+02, 1.3453e+01, 
 1DIAGNOSTIC,    24, -3.277295596380e-01, 1.150187098035e-04, 4.1054e+02, 1.3460e+01, 
 1DIAGNOSTIC,    25, -3.278261265186e-01, 1.002363351467e-04, 4.2399e+02, 1.3445e+01, 
 1DIAGNOSTIC,    26, -3.279050190729e-01, 8.688412485730e-05, 4.3744e+02, 1.3455e+01, 
 1DIAGNOSTIC,    27, -3.279886122609e-01, 7.540301021842e-05, 4.5089e+02, 1.3451e+01, 
 1DIAGNOSTIC,    28, -3.280724847209e-01, 6.663149278190e-05, 4.6440e+02, 1.3500e+01, 
 1DIAGNOSTIC,    29, -3.281582357851e-01, 6.016029410046e-05, 4.7788e+02, 1.3483e+01, 
 1DIAGNOSTIC,    30, -3.282239578687e-01, 5.440240675651e-05, 4.9131e+02, 1.3436e+01, 
 1DIAGNOSTIC,    31, -3.282874551739e-01, 4.922263377219e-05, 5.0476e+02, 1.3444e+01, 
 1DIAGNOSTIC,    32, -3.283298400577e-01, 4.442739255158e-05, 5.1819e+02, 1.3428e+01, 
 1DIAGNOSTIC,    33, -3.283625379592e-01, 3.974160075824e-05, 5.3174e+02, 1.3557e+01, 
 1DIAGNOSTIC,    34, -3.284065406984e-01, 3.510596399537e-05, 5.4521e+02, 1.3462e+01, 
 1DIAGNOSTIC,    35, -3.284390599025e-01, 3.066686372035e-05, 5.5872e+02, 1.3511e+01, 
 1DIAGNOSTIC,    36, -3.284678892269e-01, 2.622570497216e-05, 5.7221e+02, 1.3491e+01, 
 1DIAGNOSTIC,    37, -3.285194218218e-01, 2.277510346726e-05, 5.8577e+02, 1.3567e+01, 
 1DIAGNOSTIC,    38, -3.285370929987e-01, 1.970310222829e-05, 5.9922e+02, 1.3448e+01, 
 1DIAGNOSTIC,    39, -3.285572409855e-01, 1.734136048433e-05, 6.1268e+02, 1.3455e+01, 
 1DIAGNOSTIC,    40, -3.285651743713e-01, 1.510393464291e-05, 6.2629e+02, 1.3616e+01, 
 1DIAGNOSTIC,    41, -3.285881018932e-01, 1.343590129722e-05, 6.3975e+02, 1.3457e+01, 
 1DIAGNOSTIC,    42, -3.286002497673e-01, 1.174712946907e-05, 6.5321e+02, 1.3462e+01, 
 1DIAGNOSTIC,    43, -3.286367893786e-01, 1.047240822318e-05, 6.6666e+02, 1.3451e+01, 
 1DIAGNOSTIC,    44, -3.286197202404e-01, 8.845555983260e-06, 6.8018e+02, 1.3511e+01, 
 1DIAGNOSTIC,    45, -3.286672654403e-01, 8.082288986373e-06, 6.9365e+02, 1.3471e+01, 
 1DIAGNOSTIC,    46, -3.286543551349e-01, 6.903788654176e-06, 7.0709e+02, 1.3448e+01, 
 1DIAGNOSTIC,    47, -3.286258624344e-01, 5.610252394612e-06, 7.2052e+02, 1.3431e+01, 
 1DIAGNOSTIC,    48, -3.286718562393e-01, 5.066658329753e-06, 7.3398e+02, 1.3456e+01, 
 1DIAGNOSTIC,    49, -3.286459863712e-01, 3.992965901731e-06, 7.4744e+02, 1.3463e+01, 
 1DIAGNOSTIC,    50, -3.286503102278e-01, 2.859653033257e-06, 7.6090e+02, 1.3461e+01, 
  Elapsed time (stage 2): 781.3


Total elapsed time: 941.4

--- Writing output images ---

Using double precision for computations.
Input scalar image: data/Segmentations/1014_3_seg.nii.gz
Reference image: data/template/T_template0_BrainCerebellum.nii.gz
=============================================================================
The composite transform comprises the following transforms (in order): 
  1. /tmp/1971077.1.basic.q/1014_ToTemplate_020_0GenericAffine.mat (type = AffineTransform)
  2. /tmp/1971077.1.basic.q/1014_ToTemplate_020_1Warp.nii.gz (type = DisplacementFieldTransform)
=============================================================================
Default pixel value: 0
Interpolation type: LabelImageGenericInterpolateImageFunction
Output warped image: output/1014/1014_WarpedLabels_020.nii.gz

--- Done ---

