
--- Running on compute-2-5.local ---


--- registration call ---
/data/jet/pcook/bin/antsBuild/bin/antsRegistrationSyNQuick.sh -d 3 -f data/template/T_template0_BrainCerebellum.nii.gz -m data/Brains/1128_3.nii.gz -t s -p f -n 2 -o /tmp/1972059.1.basic.q/1128_ToTemplate_007_
---


--------------------------------------------------------------------------------------
 Mapping parameters
--------------------------------------------------------------------------------------
 ANTSPATH is /data/jet/pcook/bin/antsBuild/bin/

 Dimensionality:           3
 Output name prefix:       /tmp/1972059.1.basic.q/1128_ToTemplate_007_
 Fixed images:             data/template/T_template0_BrainCerebellum.nii.gz
 Moving images:            data/Brains/1128_3.nii.gz
 Mask images:              
 Initial transforms:       
 Number of threads:        2
 Spline distance:          26
 Transform type:           s
 MI histogram bins:        32
 Precision:                f
 Use histogram matching    0
======================================================================================
 antsRegistration call:
--------------------------------------------------------------------------------------
/data/jet/pcook/bin/antsBuild/bin//antsRegistration --verbose 1 --dimensionality 3 --float 1 --collapse-output-transforms 1 --output [/tmp/1972059.1.basic.q/1128_ToTemplate_007_,/tmp/1972059.1.basic.q/1128_ToTemplate_007_Warped.nii.gz,/tmp/1972059.1.basic.q/1128_ToTemplate_007_InverseWarped.nii.gz] --interpolation Linear --use-histogram-matching 0 --winsorize-image-intensities [0.005,0.995] --initial-moving-transform [data/template/T_template0_BrainCerebellum.nii.gz,data/Brains/1128_3.nii.gz,1] --transform Rigid[0.1] --metric MI[data/template/T_template0_BrainCerebellum.nii.gz,data/Brains/1128_3.nii.gz,1,32,Regular,0.25] --convergence [1000x500x250x0,1e-6,10] --shrink-factors 12x8x4x2 --smoothing-sigmas 4x3x2x1vox --transform Affine[0.1] --metric MI[data/template/T_template0_BrainCerebellum.nii.gz,data/Brains/1128_3.nii.gz,1,32,Regular,0.25] --convergence [1000x500x250x0,1e-6,10] --shrink-factors 12x8x4x2 --smoothing-sigmas 4x3x2x1vox --transform SyN[0.1,3,0] --metric MI[data/template/T_template0_BrainCerebellum.nii.gz,data/Brains/1128_3.nii.gz,1,32] --convergence [100x100x70x50x0,1e-6,10] --shrink-factors 10x6x4x2x1 --smoothing-sigmas 5x3x2x1x0vox
--------------------------------------------------------------------------------------
All_Command_lines_OK
Using single precision for computations.
=============================================================================
The composite transform comprises the following transforms (in order): 
  1. Center of mass alignment using fixed image: data/template/T_template0_BrainCerebellum.nii.gz and moving image: data/Brains/1128_3.nii.gz (type = Euler3DTransform)
=============================================================================
  number of levels = 4
  number of levels = 4
  number of levels = 5
  fixed image: data/template/T_template0_BrainCerebellum.nii.gz
  moving image: data/Brains/1128_3.nii.gz
  fixed image: data/template/T_template0_BrainCerebellum.nii.gz
  moving image: data/Brains/1128_3.nii.gz
  fixed image: data/template/T_template0_BrainCerebellum.nii.gz
  moving image: data/Brains/1128_3.nii.gz
Dimension = 3
Number of stages = 3
Use Histogram Matching false
Winsorize image intensities true
Lower quantile = 0.005
Upper quantile = 0.995
Stage 1 State
   Image metric = Mattes
     Fixed image = Image (0x49c2670)
  RTTI typeinfo:   itk::Image<float, 3u>
  Reference Count: 2
  Modified Time: 1611
  Debug: Off
  Object Name: 
  Observers: 
    none
  Source: (none)
  Source output name: (none)
  Release Data: Off
  Data Released: False
  Global Release Data: Off
  PipelineMTime: 0
  UpdateMTime: 1422
  RealTimeStamp: 0 seconds 
  LargestPossibleRegion: 
    Dimension: 3
    Index: [0, 0, 0]
    Size: [216, 256, 291]
  BufferedRegion: 
    Dimension: 3
    Index: [0, 0, 0]
    Size: [216, 256, 291]
  RequestedRegion: 
    Dimension: 3
    Index: [0, 0, 0]
    Size: [216, 256, 291]
  Spacing: [1, 1, 1]
  Origin: [0, 293, 0]
  Direction: 
1 0 0
0 -0 -1
0 -1 -0

  IndexToPointMatrix: 
1 0 0
0 0 -1
0 -1 0

  PointToIndexMatrix: 
1 0 0
0 0 -1
0 -1 0

  Inverse Direction: 
1 0 0
0 0 -1
0 -1 0

  PixelContainer: 
    ImportImageContainer (0x49a77f0)
      RTTI typeinfo:   itk::ImportImageContainer<unsigned long, float>
      Reference Count: 1
      Modified Time: 1419
      Debug: Off
      Object Name: 
      Observers: 
        none
      Pointer: 0x7f07a672d010
      Container manages memory: true
      Size: 16091136
      Capacity: 16091136

     Moving image = Image (0x49c30b0)
  RTTI typeinfo:   itk::Image<float, 3u>
  Reference Count: 2
  Modified Time: 1612
  Debug: Off
  Object Name: 
  Observers: 
    none
  Source: (none)
  Source output name: (none)
  Release Data: Off
  Data Released: False
  Global Release Data: Off
  PipelineMTime: 0
  UpdateMTime: 1609
  RealTimeStamp: 0 seconds 
  LargestPossibleRegion: 
    Dimension: 3
    Index: [0, 0, 0]
    Size: [256, 256, 264]
  BufferedRegion: 
    Dimension: 3
    Index: [0, 0, 0]
    Size: [256, 256, 264]
  RequestedRegion: 
    Dimension: 3
    Index: [0, 0, 0]
    Size: [256, 256, 264]
  Spacing: [1, 1, 1]
  Origin: [0, 263, 0]
  Direction: 
1 0 0
0 -0 -1
0 -1 -0

  IndexToPointMatrix: 
1 0 0
0 0 -1
0 -1 0

  PointToIndexMatrix: 
1 0 0
0 0 -1
0 -1 0

  Inverse Direction: 
1 0 0
0 0 -1
0 -1 0

  PixelContainer: 
    ImportImageContainer (0x49c5500)
      RTTI typeinfo:   itk::ImportImageContainer<unsigned long, float>
      Reference Count: 1
      Modified Time: 1606
      Debug: Off
      Object Name: 
      Observers: 
        none
      Pointer: 0x7f07a252c010
      Container manages memory: true
      Size: 17301504
      Capacity: 17301504

     Weighting = 1
     Sampling strategy = regular
     Number of bins = 32
     Radius = 4
     Sampling percentage  = 0.25
   Transform = Rigid
     Gradient step = 0.1
     Update field sigma (voxel space) = 0
     Total field sigma (voxel space) = 0
     Update field time sigma = 0
     Total field time sigma  = 0
     Number of time indices = 0
     Number of time point samples = 0
Stage 2 State
   Image metric = Mattes
     Fixed image = Image (0x49cd910)
  RTTI typeinfo:   itk::Image<float, 3u>
  Reference Count: 2
  Modified Time: 1987
  Debug: Off
  Object Name: 
  Observers: 
    none
  Source: (none)
  Source output name: (none)
  Release Data: Off
  Data Released: False
  Global Release Data: Off
  PipelineMTime: 0
  UpdateMTime: 1798
  RealTimeStamp: 0 seconds 
  LargestPossibleRegion: 
    Dimension: 3
    Index: [0, 0, 0]
    Size: [216, 256, 291]
  BufferedRegion: 
    Dimension: 3
    Index: [0, 0, 0]
    Size: [216, 256, 291]
  RequestedRegion: 
    Dimension: 3
    Index: [0, 0, 0]
    Size: [216, 256, 291]
  Spacing: [1, 1, 1]
  Origin: [0, 293, 0]
  Direction: 
1 0 0
0 -0 -1
0 -1 -0

  IndexToPointMatrix: 
1 0 0
0 0 -1
0 -1 0

  PointToIndexMatrix: 
1 0 0
0 0 -1
0 -1 0

  Inverse Direction: 
1 0 0
0 0 -1
0 -1 0

  PixelContainer: 
    ImportImageContainer (0x49ce1b0)
      RTTI typeinfo:   itk::ImportImageContainer<unsigned long, float>
      Reference Count: 1
      Modified Time: 1795
      Debug: Off
      Object Name: 
      Observers: 
        none
      Pointer: 0x7f079e7c9010
      Container manages memory: true
      Size: 16091136
      Capacity: 16091136

     Moving image = Image (0x49cdca0)
  RTTI typeinfo:   itk::Image<float, 3u>
  Reference Count: 2
  Modified Time: 1988
  Debug: Off
  Object Name: 
  Observers: 
    none
  Source: (none)
  Source output name: (none)
  Release Data: Off
  Data Released: False
  Global Release Data: Off
  PipelineMTime: 0
  UpdateMTime: 1985
  RealTimeStamp: 0 seconds 
  LargestPossibleRegion: 
    Dimension: 3
    Index: [0, 0, 0]
    Size: [256, 256, 264]
  BufferedRegion: 
    Dimension: 3
    Index: [0, 0, 0]
    Size: [256, 256, 264]
  RequestedRegion: 
    Dimension: 3
    Index: [0, 0, 0]
    Size: [256, 256, 264]
  Spacing: [1, 1, 1]
  Origin: [0, 263, 0]
  Direction: 
1 0 0
0 -0 -1
0 -1 -0

  IndexToPointMatrix: 
1 0 0
0 0 -1
0 -1 0

  PointToIndexMatrix: 
1 0 0
0 0 -1
0 -1 0

  Inverse Direction: 
1 0 0
0 0 -1
0 -1 0

  PixelContainer: 
    ImportImageContainer (0x49ce7b0)
      RTTI typeinfo:   itk::ImportImageContainer<unsigned long, float>
      Reference Count: 1
      Modified Time: 1982
      Debug: Off
      Object Name: 
      Observers: 
        none
      Pointer: 0x7f079a5c8010
      Container manages memory: true
      Size: 17301504
      Capacity: 17301504

     Weighting = 1
     Sampling strategy = regular
     Number of bins = 32
     Radius = 4
     Sampling percentage  = 0.25
   Transform = Affine
     Gradient step = 0.1
     Update field sigma (voxel space) = 0
     Total field sigma (voxel space) = 0
     Update field time sigma = 0
     Total field time sigma  = 0
     Number of time indices = 0
     Number of time point samples = 0
Stage 3 State
   Image metric = Mattes
     Fixed image = Image (0x49d49a0)
  RTTI typeinfo:   itk::Image<float, 3u>
  Reference Count: 2
  Modified Time: 2363
  Debug: Off
  Object Name: 
  Observers: 
    none
  Source: (none)
  Source output name: (none)
  Release Data: Off
  Data Released: False
  Global Release Data: Off
  PipelineMTime: 0
  UpdateMTime: 2174
  RealTimeStamp: 0 seconds 
  LargestPossibleRegion: 
    Dimension: 3
    Index: [0, 0, 0]
    Size: [216, 256, 291]
  BufferedRegion: 
    Dimension: 3
    Index: [0, 0, 0]
    Size: [216, 256, 291]
  RequestedRegion: 
    Dimension: 3
    Index: [0, 0, 0]
    Size: [216, 256, 291]
  Spacing: [1, 1, 1]
  Origin: [0, 293, 0]
  Direction: 
1 0 0
0 -0 -1
0 -1 -0

  IndexToPointMatrix: 
1 0 0
0 0 -1
0 -1 0

  PointToIndexMatrix: 
1 0 0
0 0 -1
0 -1 0

  Inverse Direction: 
1 0 0
0 0 -1
0 -1 0

  PixelContainer: 
    ImportImageContainer (0x49d4c30)
      RTTI typeinfo:   itk::ImportImageContainer<unsigned long, float>
      Reference Count: 1
      Modified Time: 2171
      Debug: Off
      Object Name: 
      Observers: 
        none
      Pointer: 0x7f0796865010
      Container manages memory: true
      Size: 16091136
      Capacity: 16091136

     Moving image = Image (0x49d7360)
  RTTI typeinfo:   itk::Image<float, 3u>
  Reference Count: 2
  Modified Time: 2364
  Debug: Off
  Object Name: 
  Observers: 
    none
  Source: (none)
  Source output name: (none)
  Release Data: Off
  Data Released: False
  Global Release Data: Off
  PipelineMTime: 0
  UpdateMTime: 2361
  RealTimeStamp: 0 seconds 
  LargestPossibleRegion: 
    Dimension: 3
    Index: [0, 0, 0]
    Size: [256, 256, 264]
  BufferedRegion: 
    Dimension: 3
    Index: [0, 0, 0]
    Size: [256, 256, 264]
  RequestedRegion: 
    Dimension: 3
    Index: [0, 0, 0]
    Size: [256, 256, 264]
  Spacing: [1, 1, 1]
  Origin: [0, 263, 0]
  Direction: 
1 0 0
0 -0 -1
0 -1 -0

  IndexToPointMatrix: 
1 0 0
0 0 -1
0 -1 0

  PointToIndexMatrix: 
1 0 0
0 0 -1
0 -1 0

  Inverse Direction: 
1 0 0
0 0 -1
0 -1 0

  PixelContainer: 
    ImportImageContainer (0x49d75f0)
      RTTI typeinfo:   itk::ImportImageContainer<unsigned long, float>
      Reference Count: 1
      Modified Time: 2358
      Debug: Off
      Object Name: 
      Observers: 
        none
      Pointer: 0x7f0792664010
      Container manages memory: true
      Size: 17301504
      Capacity: 17301504

     Weighting = 1
     Sampling strategy = none
     Number of bins = 32
     Radius = 4
     Sampling percentage  = 1
   Transform = SyN
     Gradient step = 0.1
     Update field sigma (voxel space) = 3
     Total field sigma (voxel space) = 0
     Update field time sigma = 0
     Total field time sigma  = 0
     Number of time indices = 0
     Number of time point samples = 0
Registration using 3 total stages.

Stage 0
  iterations = 1000x500x250x0
  convergence threshold = 1e-06
  convergence window size = 10
  number of levels = 4
  using the Mattes MI metric (number of bins = 32, weight = 1)
  preprocessing:  winsorizing the image intensities
  Shrink factors (level 1 out of 4): [12, 12, 12]
  Shrink factors (level 2 out of 4): [8, 8, 8]
  Shrink factors (level 3 out of 4): [4, 4, 4]
  Shrink factors (level 4 out of 4): [2, 2, 2]
  smoothing sigmas per level: [4, 3, 2, 1]
  regular sampling (percentage = 0.25)

*** Running Euler3DTransform registration ***

DIAGNOSTIC,Iteration,metricValue,convergenceValue,ITERATION_TIME_INDEX,SINCE_LAST
 2DIAGNOSTIC,     1, -4.159450531006e-01, inf, 1.7815e+01, 1.7815e+01, 
 2DIAGNOSTIC,     2, -4.167713522911e-01, inf, 1.7826e+01, 1.1744e-02, 
 2DIAGNOSTIC,     3, -4.172384738922e-01, inf, 1.7839e+01, 1.3212e-02, 
 2DIAGNOSTIC,     4, -4.173903465271e-01, inf, 1.7853e+01, 1.3124e-02, 
 2DIAGNOSTIC,     5, -4.173921644688e-01, inf, 1.7862e+01, 9.8770e-03, 
 2DIAGNOSTIC,     6, -4.173240959644e-01, inf, 1.7874e+01, 1.1499e-02, 
 2DIAGNOSTIC,     7, -4.179167151451e-01, inf, 1.7884e+01, 9.9080e-03, 
 2DIAGNOSTIC,     8, -4.179750382900e-01, inf, 1.7894e+01, 9.9211e-03, 
 2DIAGNOSTIC,     9, -4.183864593506e-01, inf, 1.7905e+01, 1.1579e-02, 
 2DIAGNOSTIC,    10, -4.185577332973e-01, 3.282570396550e-04, 1.7916e+01, 1.0726e-02, 
 2DIAGNOSTIC,    11, -4.185433387756e-01, 2.500112459529e-04, 1.7927e+01, 1.0592e-02, 
 2DIAGNOSTIC,    12, -4.189596474171e-01, 2.324258530280e-04, 1.7939e+01, 1.2163e-02, 
 2DIAGNOSTIC,    13, -4.190339744091e-01, 2.241216570837e-04, 1.7949e+01, 1.0529e-02, 
 2DIAGNOSTIC,    14, -4.189584851265e-01, 2.007678704103e-04, 1.7965e+01, 1.5336e-02, 
 2DIAGNOSTIC,    15, -4.190208315849e-01, 1.660274865571e-04, 1.7977e+01, 1.2139e-02, 
 2DIAGNOSTIC,    16, -4.190496504307e-01, 1.183900749311e-04, 1.7987e+01, 1.0479e-02, 
 2DIAGNOSTIC,    17, -4.189725220203e-01, 8.617125422461e-05, 1.8000e+01, 1.2145e-02, 
 2DIAGNOSTIC,    18, -4.189133942127e-01, 4.938575511915e-05, 1.8012e+01, 1.2138e-02, 
 2DIAGNOSTIC,    19, -4.185836613178e-01, 1.512274593551e-05, 1.8022e+01, 1.0587e-02, 
DIAGNOSTIC,Iteration,metricValue,convergenceValue,ITERATION_TIME_INDEX,SINCE_LAST
 2DIAGNOSTIC,     1, -3.537762463093e-01, inf, 3.1356e+01, 1.3333e+01, 
 2DIAGNOSTIC,     2, -3.542602956295e-01, inf, 3.1418e+01, 6.1860e-02, 
 2DIAGNOSTIC,     3, -3.545020222664e-01, inf, 3.1469e+01, 5.1230e-02, 
 2DIAGNOSTIC,     4, -3.546942174435e-01, inf, 3.1520e+01, 5.1213e-02, 
 2DIAGNOSTIC,     5, -3.550428450108e-01, inf, 3.1571e+01, 5.1188e-02, 
 2DIAGNOSTIC,     6, -3.553592264652e-01, inf, 3.1632e+01, 6.0697e-02, 
 2DIAGNOSTIC,     7, -3.555220365524e-01, inf, 3.1683e+01, 5.1153e-02, 
 2DIAGNOSTIC,     8, -3.556822240353e-01, inf, 3.1744e+01, 6.1293e-02, 
 2DIAGNOSTIC,     9, -3.559831678867e-01, inf, 3.1805e+01, 6.0770e-02, 
 2DIAGNOSTIC,    10, -3.561155498028e-01, 4.123168182559e-04, 3.1857e+01, 5.2007e-02, 
 2DIAGNOSTIC,    11, -3.561719357967e-01, 3.339874383528e-04, 3.1909e+01, 5.2053e-02, 
 2DIAGNOSTIC,    12, -3.564827740192e-01, 2.921294362750e-04, 3.1971e+01, 6.1750e-02, 
 2DIAGNOSTIC,    13, -3.570004701614e-01, 2.768765843939e-04, 3.2043e+01, 7.1957e-02, 
 2DIAGNOSTIC,    14, -3.572150766850e-01, 2.609768125694e-04, 3.2105e+01, 6.1938e-02, 
 2DIAGNOSTIC,    15, -3.577883541584e-01, 2.725227095652e-04, 3.2157e+01, 5.2256e-02, 
 2DIAGNOSTIC,    16, -3.589483201504e-01, 3.311689360999e-04, 3.2210e+01, 5.2467e-02, 
 2DIAGNOSTIC,    17, -3.609538078308e-01, 4.528582212515e-04, 3.2330e+01, 1.2095e-01, 
 2DIAGNOSTIC,    18, -3.611927926540e-01, 5.346338730305e-04, 3.2392e+01, 6.1638e-02, 
 2DIAGNOSTIC,    19, -3.614289462566e-01, 5.821285303682e-04, 3.2446e+01, 5.3967e-02, 
 2DIAGNOSTIC,    20, -3.617489039898e-01, 5.898699164391e-04, 3.2499e+01, 5.3043e-02, 
 2DIAGNOSTIC,    21, -3.618615865707e-01, 5.473266355693e-04, 3.2551e+01, 5.1601e-02, 
 2DIAGNOSTIC,    22, -3.619689345360e-01, 4.715206159744e-04, 3.2602e+01, 5.1718e-02, 
 2DIAGNOSTIC,    23, -3.624866604805e-01, 3.945510834455e-04, 3.2664e+01, 6.1454e-02, 
 2DIAGNOSTIC,    24, -3.640935420990e-01, 3.478669677861e-04, 3.2747e+01, 8.2660e-02, 
 2DIAGNOSTIC,    25, -3.644044399261e-01, 2.989324857481e-04, 3.2802e+01, 5.5378e-02, 
 2DIAGNOSTIC,    26, -3.646520078182e-01, 2.676892909221e-04, 3.2854e+01, 5.2496e-02, 
 2DIAGNOSTIC,    27, -3.649152219296e-01, 2.808764402289e-04, 3.2916e+01, 6.1455e-02, 
 2DIAGNOSTIC,    28, -3.652557730675e-01, 2.826775307767e-04, 3.3024e+01, 1.0795e-01, 
 2DIAGNOSTIC,    29, -3.652764558792e-01, 2.637299185153e-04, 3.3075e+01, 5.1445e-02, 
 2DIAGNOSTIC,    30, -3.652903735638e-01, 2.301062486367e-04, 3.3136e+01, 6.0967e-02, 
 2DIAGNOSTIC,    31, -3.653921484947e-01, 1.832105481299e-04, 3.3197e+01, 6.0777e-02, 
 2DIAGNOSTIC,    32, -3.654494285583e-01, 1.261163270101e-04, 3.3258e+01, 6.0782e-02, 
 2DIAGNOSTIC,    33, -3.654595315456e-01, 7.222235581139e-05, 3.3319e+01, 6.0787e-02, 
 2DIAGNOSTIC,    34, -3.654264211655e-01, 5.129366036272e-05, 3.3379e+01, 6.0818e-02, 
 2DIAGNOSTIC,    35, -3.653951585293e-01, 3.316673974041e-05, 3.3431e+01, 5.1467e-02, 
 2DIAGNOSTIC,    36, -3.653670549393e-01, 1.770693779690e-05, 3.3482e+01, 5.1483e-02, 
 2DIAGNOSTIC,    37, -3.653820157051e-01, 7.192330031103e-06, 3.3543e+01, 6.0788e-02, 
 2DIAGNOSTIC,    38, -3.653904497623e-01, 3.868408384733e-06, 3.3595e+01, 5.1456e-02, 
DIAGNOSTIC,Iteration,metricValue,convergenceValue,ITERATION_TIME_INDEX,SINCE_LAST
 2DIAGNOSTIC,     1, -3.008768856525e-01, inf, 4.2037e+01, 8.4421e+00, 
 2DIAGNOSTIC,     2, -3.015795052052e-01, inf, 4.2446e+01, 4.0973e-01, 
 2DIAGNOSTIC,     3, -3.025123775005e-01, inf, 4.2856e+01, 4.0944e-01, 
 2DIAGNOSTIC,     4, -3.034171164036e-01, inf, 4.3265e+01, 4.0909e-01, 
 2DIAGNOSTIC,     5, -3.043027222157e-01, inf, 4.3674e+01, 4.0938e-01, 
 2DIAGNOSTIC,     6, -3.047628104687e-01, inf, 4.4083e+01, 4.0893e-01, 
 2DIAGNOSTIC,     7, -3.048747181892e-01, inf, 4.4492e+01, 4.0863e-01, 
 2DIAGNOSTIC,     8, -3.051168322563e-01, inf, 4.5307e+01, 8.1496e-01, 
 2DIAGNOSTIC,     9, -3.051893115044e-01, inf, 4.5796e+01, 4.8953e-01, 
 2DIAGNOSTIC,    10, -3.051854074001e-01, 9.431733051315e-04, 4.6287e+01, 4.9038e-01, 
 2DIAGNOSTIC,    11, -3.051853477955e-01, 6.476497510448e-04, 4.6777e+01, 4.9019e-01, 
 2DIAGNOSTIC,    12, -3.051970899105e-01, 3.990565601271e-04, 4.7187e+01, 4.0988e-01, 
 2DIAGNOSTIC,    13, -3.052088320255e-01, 2.200426824857e-04, 4.7596e+01, 4.0935e-01, 
 2DIAGNOSTIC,    14, -3.052539527416e-01, 1.089628931368e-04, 4.8006e+01, 4.0968e-01, 
 2DIAGNOSTIC,    15, -3.052775859833e-01, 5.906156002311e-05, 4.8415e+01, 4.0924e-01, 
 2DIAGNOSTIC,    16, -3.053137660027e-01, 3.921758616343e-05, 4.8824e+01, 4.0931e-01, 
 2DIAGNOSTIC,    17, -3.054756522179e-01, 3.297473449493e-05, 4.9477e+01, 6.5231e-01, 
 2DIAGNOSTIC,    18, -3.055237531662e-01, 3.927687794203e-05, 4.9967e+01, 4.9038e-01, 
 2DIAGNOSTIC,    19, -3.055495321751e-01, 4.629322938854e-05, 5.0457e+01, 4.8998e-01, 
 2DIAGNOSTIC,    20, -3.056299090385e-01, 5.212639371166e-05, 5.0866e+01, 4.0928e-01, 
 2DIAGNOSTIC,    21, -3.056388497353e-01, 5.300250631990e-05, 5.1437e+01, 5.7081e-01, 
 2DIAGNOSTIC,    22, -3.056690096855e-01, 5.071294435766e-05, 5.1927e+01, 4.9003e-01, 
 2DIAGNOSTIC,    23, -3.056762516499e-01, 4.472844375414e-05, 5.2417e+01, 4.8980e-01, 
 2DIAGNOSTIC,    24, -3.056977391243e-01, 3.783927968470e-05, 5.2988e+01, 5.7131e-01, 
 2DIAGNOSTIC,    25, -3.056942522526e-01, 2.883300658141e-05, 5.3560e+01, 5.7131e-01, 
 2DIAGNOSTIC,    26, -3.056914210320e-01, 1.899203380162e-05, 5.4212e+01, 6.5249e-01, 
 2DIAGNOSTIC,    27, -3.056879043579e-01, 1.367925869999e-05, 5.4702e+01, 4.9003e-01, 
 2DIAGNOSTIC,    28, -3.056878745556e-01, 9.170931662084e-06, 5.5112e+01, 4.0943e-01, 
 2DIAGNOSTIC,    29, -3.056844472885e-01, 4.864515176450e-06, 5.5602e+01, 4.9001e-01, 
 2DIAGNOSTIC,    30, -3.056812584400e-01, 2.895862962760e-06, 5.6092e+01, 4.9017e-01, 
 2DIAGNOSTIC,    31, -3.056819438934e-01, 1.161283876172e-06, 5.6501e+01, 4.0923e-01, 
DIAGNOSTIC,Iteration,metricValue,convergenceValue,ITERATION_TIME_INDEX,SINCE_LAST
 2DIAGNOSTIC,     1, -2.617966234684e-01, inf, 6.4539e+01, 8.0384e+00, 
  Elapsed time (stage 0): 6.6240e+01


Stage 1
  iterations = 1000x500x250x0
  convergence threshold = 1.0000e-06
  convergence window size = 10
  number of levels = 4
  using the Mattes MI metric (number of bins = 32, weight = 1.0000e+00)
  preprocessing:  winsorizing the image intensities
  Shrink factors (level 1 out of 4): [12, 12, 12]
  Shrink factors (level 2 out of 4): [8, 8, 8]
  Shrink factors (level 3 out of 4): [4, 4, 4]
  Shrink factors (level 4 out of 4): [2, 2, 2]
  smoothing sigmas per level: [4, 3, 2, 1]
  regular sampling (percentage = 2.5000e-01)

*** Running AffineTransform registration ***

DIAGNOSTIC,Iteration,metricValue,convergenceValue,ITERATION_TIME_INDEX,SINCE_LAST
 2DIAGNOSTIC,     1, -4.282562434673e-01, inf, 1.7575e+01, 1.7575e+01, 
 2DIAGNOSTIC,     2, -4.290902018547e-01, inf, 1.7593e+01, 1.7116e-02, 
 2DIAGNOSTIC,     3, -4.294339716434e-01, inf, 1.7608e+01, 1.5212e-02, 
 2DIAGNOSTIC,     4, -4.292718470097e-01, inf, 1.7621e+01, 1.3543e-02, 
 2DIAGNOSTIC,     5, -4.294849634171e-01, inf, 1.7637e+01, 1.5333e-02, 
 2DIAGNOSTIC,     6, -4.298437833786e-01, inf, 1.7650e+01, 1.3571e-02, 
 2DIAGNOSTIC,     7, -4.305157363415e-01, inf, 1.7665e+01, 1.5273e-02, 
 2DIAGNOSTIC,     8, -4.309034943581e-01, inf, 1.7681e+01, 1.5499e-02, 
 2DIAGNOSTIC,     9, -4.311247467995e-01, inf, 1.7695e+01, 1.3677e-02, 
 2DIAGNOSTIC,    10, -4.316893219948e-01, 4.581003740896e-04, 1.7711e+01, 1.6038e-02, 
 2DIAGNOSTIC,    11, -4.325703382492e-01, 4.548115830403e-04, 1.7725e+01, 1.4363e-02, 
 2DIAGNOSTIC,    12, -4.334706664085e-01, 5.048671155237e-04, 1.7739e+01, 1.3935e-02, 
 2DIAGNOSTIC,    13, -4.351288974285e-01, 6.031509255990e-04, 1.7753e+01, 1.4388e-02, 
 2DIAGNOSTIC,    14, -4.372319877148e-01, 7.229222101159e-04, 1.7768e+01, 1.4109e-02, 
 2DIAGNOSTIC,    15, -4.414418935776e-01, 9.527593501844e-04, 1.7784e+01, 1.6919e-02, 
 2DIAGNOSTIC,    16, -4.437158405781e-01, 1.169869443402e-03, 1.7812e+01, 2.7502e-02, 
 2DIAGNOSTIC,    17, -4.435813128948e-01, 1.274074777029e-03, 1.7827e+01, 1.5168e-02, 
 2DIAGNOSTIC,    18, -4.456586539745e-01, 1.341160386801e-03, 1.7842e+01, 1.4870e-02, 
 2DIAGNOSTIC,    19, -4.514293074608e-01, 1.479749334976e-03, 1.7857e+01, 1.5043e-02, 
 2DIAGNOSTIC,    20, -4.553745687008e-01, 1.606154721230e-03, 1.7872e+01, 1.4698e-02, 
 2DIAGNOSTIC,    21, -4.601184427738e-01, 1.743122818880e-03, 1.7887e+01, 1.5510e-02, 
 2DIAGNOSTIC,    22, -4.731912910938e-01, 2.115026582032e-03, 1.7906e+01, 1.8980e-02, 
 2DIAGNOSTIC,    23, -4.768399298191e-01, 2.395295072347e-03, 1.7922e+01, 1.5426e-02, 
 2DIAGNOSTIC,    24, -4.885685443878e-01, 2.791999606416e-03, 1.7938e+01, 1.6685e-02, 
 2DIAGNOSTIC,    25, -4.950424730778e-01, 3.158831736073e-03, 1.7954e+01, 1.5220e-02, 
 2DIAGNOSTIC,    26, -4.970258772373e-01, 3.302237717435e-03, 1.7976e+01, 2.2660e-02, 
 2DIAGNOSTIC,    27, -4.974225461483e-01, 3.131112782285e-03, 1.7993e+01, 1.6923e-02, 
 2DIAGNOSTIC,    28, -4.979348778725e-01, 2.735966583714e-03, 1.8008e+01, 1.4657e-02, 
 2DIAGNOSTIC,    29, -4.994627833366e-01, 2.270341850817e-03, 1.8023e+01, 1.5205e-02, 
 2DIAGNOSTIC,    30, -5.001870989799e-01, 1.720247557387e-03, 1.8039e+01, 1.6452e-02, 
 2DIAGNOSTIC,    31, -5.002326965332e-01, 1.139592495747e-03, 1.8055e+01, 1.5106e-02, 
 2DIAGNOSTIC,    32, -5.005788803101e-01, 7.553583709523e-04, 1.8073e+01, 1.8542e-02, 
 2DIAGNOSTIC,    33, -5.009176135063e-01, 3.957594744861e-04, 1.8088e+01, 1.5096e-02, 
 2DIAGNOSTIC,    34, -5.013718605042e-01, 2.402437239652e-04, 1.8103e+01, 1.4658e-02, 
 2DIAGNOSTIC,    35, -5.024679899216e-01, 2.041269617621e-04, 1.8123e+01, 2.0496e-02, 
 2DIAGNOSTIC,    36, -5.028859972954e-01, 1.919105852721e-04, 1.8138e+01, 1.4778e-02, 
 2DIAGNOSTIC,    37, -5.030516386032e-01, 1.718990533845e-04, 1.8155e+01, 1.6914e-02, 
 2DIAGNOSTIC,    38, -5.031591653824e-01, 1.463805238018e-04, 1.8172e+01, 1.6846e-02, 
 2DIAGNOSTIC,    39, -5.031344890594e-01, 1.316755369771e-04, 1.8189e+01, 1.6821e-02, 
 2DIAGNOSTIC,    40, -5.026987791061e-01, 1.095913321478e-04, 1.8203e+01, 1.4488e-02, 
 2DIAGNOSTIC,    41, -5.028700828552e-01, 8.158838318195e-05, 1.8218e+01, 1.4959e-02, 
 2DIAGNOSTIC,    42, -5.030683279037e-01, 5.518059697351e-05, 1.8233e+01, 1.4504e-02, 
 2DIAGNOSTIC,    43, -5.030061602592e-01, 2.872621553252e-05, 1.8255e+01, 2.2015e-02, 
 2DIAGNOSTIC,    44, -5.030782222748e-01, 7.936159818200e-06, 1.8270e+01, 1.4970e-02, 
 2DIAGNOSTIC,    45, -5.031988620758e-01, 3.796016699198e-06, 1.8286e+01, 1.6803e-02, 
 2DIAGNOSTIC,    46, -5.033667683601e-01, 7.127545359253e-06, 1.8303e+01, 1.6364e-02, 
 2DIAGNOSTIC,    47, -5.025897026062e-01, 1.640638856770e-06, 1.8321e+01, 1.8656e-02, 
 2DIAGNOSTIC,    48, -5.028740167618e-01, 1.533489808025e-06, 1.8336e+01, 1.4554e-02, 
 2DIAGNOSTIC,    49, -5.029364228249e-01, 1.834692739067e-06, 1.8353e+01, 1.6919e-02, 
DIAGNOSTIC,Iteration,metricValue,convergenceValue,ITERATION_TIME_INDEX,SINCE_LAST
 2DIAGNOSTIC,     1, -4.193364381790e-01, inf, 3.1671e+01, 1.3318e+01, 
 2DIAGNOSTIC,     2, -4.200475513935e-01, inf, 3.1739e+01, 6.7770e-02, 
 2DIAGNOSTIC,     3, -4.207364916801e-01, inf, 3.1805e+01, 6.6180e-02, 
 2DIAGNOSTIC,     4, -4.212441742420e-01, inf, 3.1873e+01, 6.7621e-02, 
 2DIAGNOSTIC,     5, -4.215705990791e-01, inf, 3.1950e+01, 7.6953e-02, 
 2DIAGNOSTIC,     6, -4.216266870499e-01, inf, 3.2028e+01, 7.8240e-02, 
 2DIAGNOSTIC,     7, -4.216305315495e-01, inf, 3.2116e+01, 8.7674e-02, 
 2DIAGNOSTIC,     8, -4.216912984848e-01, inf, 3.2194e+01, 7.8144e-02, 
 2DIAGNOSTIC,     9, -4.217657744884e-01, inf, 3.2271e+01, 7.6875e-02, 
 2DIAGNOSTIC,    10, -4.219562113285e-01, 3.393009828869e-04, 3.2360e+01, 8.9047e-02, 
 2DIAGNOSTIC,    11, -4.220125675201e-01, 2.147351478925e-04, 3.2447e+01, 8.7327e-02, 
 2DIAGNOSTIC,    12, -4.220651090145e-01, 1.345133205177e-04, 3.2526e+01, 7.8558e-02, 
 2DIAGNOSTIC,    13, -4.220663309097e-01, 9.010462235892e-05, 3.2594e+01, 6.8139e-02, 
 2DIAGNOSTIC,    14, -4.220698773861e-01, 6.826815661043e-05, 3.2672e+01, 7.8477e-02, 
 2DIAGNOSTIC,    15, -4.221063256264e-01, 5.947884710622e-05, 3.2740e+01, 6.8148e-02, 
 2DIAGNOSTIC,    16, -4.221324622631e-01, 4.995319977752e-05, 3.2809e+01, 6.8807e-02, 
 2DIAGNOSTIC,    17, -4.221982359886e-01, 3.993129575974e-05, 3.2878e+01, 6.8355e-02, 
 2DIAGNOSTIC,    18, -4.222651720047e-01, 3.228690547985e-05, 3.2967e+01, 8.9192e-02, 
 2DIAGNOSTIC,    19, -4.222699999809e-01, 2.526317439333e-05, 3.3045e+01, 7.8122e-02, 
 2DIAGNOSTIC,    20, -4.222763776779e-01, 2.338596459595e-05, 3.3123e+01, 7.8408e-02, 
 2DIAGNOSTIC,    21, -4.222797155380e-01, 2.153208333766e-05, 3.3190e+01, 6.6474e-02, 
 2DIAGNOSTIC,    22, -4.222851097584e-01, 1.972863719857e-05, 3.3258e+01, 6.7898e-02, 
 2DIAGNOSTIC,    23, -4.222897887230e-01, 1.652604260016e-05, 3.3345e+01, 8.7765e-02, 
 2DIAGNOSTIC,    24, -4.222948551178e-01, 1.241242171091e-05, 3.3424e+01, 7.8670e-02, 
 2DIAGNOSTIC,    25, -4.222967326641e-01, 8.647264621686e-06, 3.3503e+01, 7.8664e-02, 
 2DIAGNOSTIC,    26, -4.222999811172e-01, 5.213778877078e-06, 3.3581e+01, 7.8711e-02, 
 2DIAGNOSTIC,    27, -4.223017692566e-01, 3.298609499325e-06, 3.3649e+01, 6.7166e-02, 
 2DIAGNOSTIC,    28, -4.223040938377e-01, 2.984517323057e-06, 3.3728e+01, 7.9378e-02, 
 2DIAGNOSTIC,    29, -4.223047196865e-01, 2.640721731950e-06, 3.3795e+01, 6.6786e-02, 
 2DIAGNOSTIC,    30, -4.223057925701e-01, 2.341814706597e-06, 3.3884e+01, 8.9101e-02, 
 2DIAGNOSTIC,    31, -4.223076701164e-01, 2.052840045508e-06, 3.3973e+01, 8.8913e-02, 
 2DIAGNOSTIC,    32, -4.223076403141e-01, 1.795070602384e-06, 3.4051e+01, 7.8561e-02, 
 2DIAGNOSTIC,    33, -4.223084747791e-01, 1.588029022059e-06, 3.4129e+01, 7.7394e-02, 
 2DIAGNOSTIC,    34, -4.223087131977e-01, 1.439066409148e-06, 3.4208e+01, 7.9008e-02, 
 2DIAGNOSTIC,    35, -4.223091602325e-01, 1.294478011005e-06, 3.4285e+01, 7.7280e-02, 
 2DIAGNOSTIC,    36, -4.223093688488e-01, 1.185178120977e-06, 3.4353e+01, 6.8451e-02, 
 2DIAGNOSTIC,    37, -4.223094284534e-01, 1.085927237909e-06, 3.4422e+01, 6.8137e-02, 
 2DIAGNOSTIC,    38, -4.223122298717e-01, 1.061620764631e-06, 3.4521e+01, 9.9798e-02, 
 2DIAGNOSTIC,    39, -4.223118126392e-01, 1.019219439513e-06, 3.4609e+01, 8.7779e-02, 
DIAGNOSTIC,Iteration,metricValue,convergenceValue,ITERATION_TIME_INDEX,SINCE_LAST
 2DIAGNOSTIC,     1, -3.526565134525e-01, inf, 4.3063e+01, 8.4533e+00, 
 2DIAGNOSTIC,     2, -3.528005182743e-01, inf, 4.3602e+01, 5.3966e-01, 
 2DIAGNOSTIC,     3, -3.529116213322e-01, inf, 4.4135e+01, 5.3261e-01, 
 2DIAGNOSTIC,     4, -3.530142307281e-01, inf, 4.4753e+01, 6.1829e-01, 
 2DIAGNOSTIC,     5, -3.530615866184e-01, inf, 4.5453e+01, 6.9995e-01, 
 2DIAGNOSTIC,     6, -3.530752062798e-01, inf, 4.6333e+01, 8.8016e-01, 
 2DIAGNOSTIC,     7, -3.530797660351e-01, inf, 4.6868e+01, 5.3440e-01, 
 2DIAGNOSTIC,     8, -3.530702590942e-01, inf, 4.7581e+01, 7.1317e-01, 
 2DIAGNOSTIC,     9, -3.530626893044e-01, inf, 4.8288e+01, 7.0675e-01, 
 2DIAGNOSTIC,    10, -3.530567586422e-01, 6.546224176418e-05, 4.8908e+01, 6.2077e-01, 
 2DIAGNOSTIC,    11, -3.530548214912e-01, 3.362878851476e-05, 4.9529e+01, 6.2027e-01, 
 2DIAGNOSTIC,    12, -3.530522584915e-01, 1.374161183776e-05, 5.0149e+01, 6.2004e-01, 
 2DIAGNOSTIC,    13, -3.530490994453e-01, 2.473130280123e-06, 5.0769e+01, 6.2066e-01, 
DIAGNOSTIC,Iteration,metricValue,convergenceValue,ITERATION_TIME_INDEX,SINCE_LAST
 2DIAGNOSTIC,     1, -3.034014999866e-01, inf, 5.9900e+01, 9.1309e+00, 
  Elapsed time (stage 1): 6.1586e+01


Stage 2
  iterations = 100x100x70x50x0
  convergence threshold = 1.0000e-06
  convergence window size = 10
  number of levels = 5
  using the Mattes MI metric (number of bins = 32, weight = 1.0000e+00)
  preprocessing:  winsorizing the image intensities
  Shrink factors (level 1 out of 5): [10, 10, 10]
  Shrink factors (level 2 out of 5): [6, 6, 6]
  Shrink factors (level 3 out of 5): [4, 4, 4]
  Shrink factors (level 4 out of 5): [2, 2, 2]
  Shrink factors (level 5 out of 5): [1, 1, 1]
  smoothing sigmas per level: [5, 3, 2, 1, 0]
  Using default NONE metricSamplingStrategy 

*** Running SyN registration (varianceForUpdateField = 3.0000e+00, varianceForTotalField = 0.0000e+00) ***

XXDIAGNOSTIC,Iteration,metricValue,convergenceValue,ITERATION_TIME_INDEX,SINCE_LAST
 1DIAGNOSTIC,     1, -4.948242008686e-01, inf, 3.0227e+01, 3.0227e+01, 
 1DIAGNOSTIC,     2, -5.110231637955e-01, inf, 3.0381e+01, 1.5335e-01, 
 1DIAGNOSTIC,     3, -5.254440903664e-01, inf, 3.0527e+01, 1.4670e-01, 
 1DIAGNOSTIC,     4, -5.315562486649e-01, inf, 3.0682e+01, 1.5413e-01, 
 1DIAGNOSTIC,     5, -5.347137451172e-01, inf, 3.0828e+01, 1.4674e-01, 
 1DIAGNOSTIC,     6, -5.355203151703e-01, inf, 3.0975e+01, 1.4679e-01, 
 1DIAGNOSTIC,     7, -5.338929891586e-01, inf, 3.1122e+01, 1.4694e-01, 
 1DIAGNOSTIC,     8, -5.318345427513e-01, inf, 3.1269e+01, 1.4678e-01, 
 1DIAGNOSTIC,     9, -5.305049419403e-01, inf, 3.1416e+01, 1.4681e-01, 
 1DIAGNOSTIC,    10, -5.266666412354e-01, 2.954132622108e-03, 3.1563e+01, 1.4774e-01, 
 1DIAGNOSTIC,    11, -5.238602161407e-01, 5.710731493309e-04, 3.1711e+01, 1.4815e-01, 
 1DIAGNOSTIC,    12, -5.218747854233e-01, -8.372818119824e-04, 3.1859e+01, 1.4794e-01, 
XXDIAGNOSTIC,Iteration,metricValue,convergenceValue,ITERATION_TIME_INDEX,SINCE_LAST
 1DIAGNOSTIC,     1, -4.101851284504e-01, inf, 4.5643e+01, 1.3784e+01, 
 1DIAGNOSTIC,     2, -4.124898910522e-01, inf, 4.6220e+01, 5.7700e-01, 
 1DIAGNOSTIC,     3, -4.141816794872e-01, inf, 4.6798e+01, 5.7776e-01, 
 1DIAGNOSTIC,     4, -4.148038029671e-01, inf, 4.7375e+01, 5.7764e-01, 
 1DIAGNOSTIC,     5, -4.153259396553e-01, inf, 4.7953e+01, 5.7757e-01, 
 1DIAGNOSTIC,     6, -4.150718152523e-01, inf, 4.8530e+01, 5.7752e-01, 
 1DIAGNOSTIC,     7, -4.145595431328e-01, inf, 4.9111e+01, 5.8016e-01, 
 1DIAGNOSTIC,     8, -4.138789772987e-01, inf, 4.9687e+01, 5.7668e-01, 
 1DIAGNOSTIC,     9, -4.129386544228e-01, inf, 5.0265e+01, 5.7818e-01, 
 1DIAGNOSTIC,    10, -4.120578467846e-01, 1.335007691523e-04, 5.0845e+01, 5.7915e-01, 
 1DIAGNOSTIC,    11, -4.112608730793e-01, -3.192741132807e-04, 5.1426e+01, 5.8119e-01, 
XXDIAGNOSTIC,Iteration,metricValue,convergenceValue,ITERATION_TIME_INDEX,SINCE_LAST
 1DIAGNOSTIC,     1, -3.502199649811e-01, inf, 6.1133e+01, 9.7075e+00, 
 1DIAGNOSTIC,     2, -3.510184288025e-01, inf, 6.3042e+01, 1.9085e+00, 
 1DIAGNOSTIC,     3, -3.515872061253e-01, inf, 6.4836e+01, 1.7940e+00, 
 1DIAGNOSTIC,     4, -3.517337143421e-01, inf, 6.6684e+01, 1.8482e+00, 
 1DIAGNOSTIC,     5, -3.518619537354e-01, inf, 6.8473e+01, 1.7886e+00, 
 1DIAGNOSTIC,     6, -3.518651723862e-01, inf, 7.0264e+01, 1.7912e+00, 
 1DIAGNOSTIC,     7, -3.518618345261e-01, inf, 7.2060e+01, 1.7960e+00, 
 1DIAGNOSTIC,     8, -3.516481816769e-01, inf, 7.3849e+01, 1.7894e+00, 
 1DIAGNOSTIC,     9, -3.513709902763e-01, inf, 7.5642e+01, 1.7924e+00, 
 1DIAGNOSTIC,    10, -3.510660827160e-01, 1.048620906658e-04, 7.7432e+01, 1.7906e+00, 
 1DIAGNOSTIC,    11, -3.507904708385e-01, -7.344978075707e-05, 7.9225e+01, 1.7926e+00, 
XXDIAGNOSTIC,Iteration,metricValue,convergenceValue,ITERATION_TIME_INDEX,SINCE_LAST
 1DIAGNOSTIC,     1, -2.954965829849e-01, inf, 9.8905e+01, 1.9680e+01, 
 1DIAGNOSTIC,     2, -2.963216900826e-01, inf, 1.1180e+02, 1.2892e+01, 
 1DIAGNOSTIC,     3, -2.971178889275e-01, inf, 1.2513e+02, 1.3336e+01, 
 1DIAGNOSTIC,     4, -2.979812622070e-01, inf, 1.3807e+02, 1.2935e+01, 
 1DIAGNOSTIC,     5, -2.986733913422e-01, inf, 1.5093e+02, 1.2861e+01, 
 1DIAGNOSTIC,     6, -2.993082702160e-01, inf, 1.6423e+02, 1.3304e+01, 
 1DIAGNOSTIC,     7, -2.999154329300e-01, inf, 1.7764e+02, 1.3402e+01, 
 1DIAGNOSTIC,     8, -3.004330992699e-01, inf, 1.9096e+02, 1.3319e+01, 
 1DIAGNOSTIC,     9, -3.008696138859e-01, inf, 2.0432e+02, 1.3367e+01, 
 1DIAGNOSTIC,    10, -3.012672960758e-01, 1.247506123036e-03, 2.1779e+02, 1.3468e+01, 
 1DIAGNOSTIC,    11, -3.016244769096e-01, 1.029254985042e-03, 2.3113e+02, 1.3340e+01, 
 1DIAGNOSTIC,    12, -3.019279241562e-01, 8.438592194580e-04, 2.4502e+02, 1.3890e+01, 
 1DIAGNOSTIC,    13, -3.021354079247e-01, 6.833494990133e-04, 2.5855e+02, 1.3531e+01, 
 1DIAGNOSTIC,    14, -3.023573756218e-01, 5.570056382567e-04, 2.7236e+02, 1.3806e+01, 
 1DIAGNOSTIC,    15, -3.025765717030e-01, 4.539016517811e-04, 2.8580e+02, 1.3440e+01, 
 1DIAGNOSTIC,    16, -3.027670383453e-01, 3.704733098857e-04, 2.9958e+02, 1.3781e+01, 
 1DIAGNOSTIC,    17, -3.029977381229e-01, 3.091545659117e-04, 3.1350e+02, 1.3918e+01, 
 1DIAGNOSTIC,    18, -3.031807839870e-01, 2.627353824209e-04, 3.2733e+02, 1.3839e+01, 
 1DIAGNOSTIC,    19, -3.033287525177e-01, 2.258199237986e-04, 3.4116e+02, 1.3826e+01, 
 1DIAGNOSTIC,    20, -3.034830093384e-01, 1.975734048756e-04, 3.5502e+02, 1.3864e+01, 
 1DIAGNOSTIC,    21, -3.036279678345e-01, 1.760588202160e-04, 3.6885e+02, 1.3825e+01, 
 1DIAGNOSTIC,    22, -3.037916421890e-01, 1.600666437298e-04, 3.8264e+02, 1.3789e+01, 
 1DIAGNOSTIC,    23, -3.038814067841e-01, 1.426136586815e-04, 3.9656e+02, 1.3922e+01, 
 1DIAGNOSTIC,    24, -3.039679527283e-01, 1.254356320715e-04, 4.1039e+02, 1.3830e+01, 
 1DIAGNOSTIC,    25, -3.040572404861e-01, 1.095520929084e-04, 4.2428e+02, 1.3889e+01, 
 1DIAGNOSTIC,    26, -3.041293621063e-01, 9.403705917066e-05, 4.3811e+02, 1.3832e+01, 
 1DIAGNOSTIC,    27, -3.042068183422e-01, 8.155387331499e-05, 4.5200e+02, 1.3890e+01, 
 1DIAGNOSTIC,    28, -3.042473196983e-01, 6.983487401158e-05, 4.6582e+02, 1.3823e+01, 
 1DIAGNOSTIC,    29, -3.042815923691e-01, 5.832616807311e-05, 4.7963e+02, 1.3804e+01, 
 1DIAGNOSTIC,    30, -3.042668700218e-01, 4.649771290133e-05, 4.9347e+02, 1.3839e+01, 
 1DIAGNOSTIC,    31, -3.043151497841e-01, 3.693004691740e-05, 5.0735e+02, 1.3882e+01, 
 1DIAGNOSTIC,    32, -3.043265938759e-01, 2.963263068523e-05, 5.2121e+02, 1.3859e+01, 
 1DIAGNOSTIC,    33, -3.043272495270e-01, 2.260650944663e-05, 5.3503e+02, 1.3822e+01, 
 1DIAGNOSTIC,    34, -3.042911291122e-01, 1.533309296065e-05, 5.4887e+02, 1.3841e+01, 
 1DIAGNOSTIC,    35, -3.042625486851e-01, 8.761153367232e-06, 5.6277e+02, 1.3903e+01, 
 1DIAGNOSTIC,    36, -3.041834235191e-01, 1.586599523762e-06, 5.7660e+02, 1.3828e+01, 
 1DIAGNOSTIC,    37, -3.041324615479e-01, -4.591621291183e-06, 5.9044e+02, 1.3835e+01, 
  Elapsed time (stage 2): 614.2


Total elapsed time: 742.1

--- Writing output images ---

Using double precision for computations.
Input scalar image: data/Segmentations/1128_3_seg.nii.gz
Reference image: data/template/T_template0_BrainCerebellum.nii.gz
=============================================================================
The composite transform comprises the following transforms (in order): 
  1. /tmp/1972059.1.basic.q/1128_ToTemplate_007_0GenericAffine.mat (type = AffineTransform)
  2. /tmp/1972059.1.basic.q/1128_ToTemplate_007_1Warp.nii.gz (type = DisplacementFieldTransform)
=============================================================================
Default pixel value: 0
Interpolation type: LabelImageGenericInterpolateImageFunction
Output warped image: output/1128/1128_WarpedLabels_007.nii.gz

--- Done ---

