
--- Running on compute-1-6.local ---


--- registration call ---
/data/jet/pcook/bin/antsBuild/bin/antsRegistrationSyNQuick.sh -d 3 -f data/template/T_template0_BrainCerebellum.nii.gz -m data/Brains/1128_3.nii.gz -t s -p f -n 2 -o /tmp/1972073.1.basic.q/1128_ToTemplate_021_
---


--------------------------------------------------------------------------------------
 Mapping parameters
--------------------------------------------------------------------------------------
 ANTSPATH is /data/jet/pcook/bin/antsBuild/bin/

 Dimensionality:           3
 Output name prefix:       /tmp/1972073.1.basic.q/1128_ToTemplate_021_
 Fixed images:             data/template/T_template0_BrainCerebellum.nii.gz
 Moving images:            data/Brains/1128_3.nii.gz
 Mask images:              
 Initial transforms:       
 Number of threads:        2
 Spline distance:          26
 Transform type:           s
 MI histogram bins:        32
 Precision:                f
 Use histogram matching    0
======================================================================================
 antsRegistration call:
--------------------------------------------------------------------------------------
/data/jet/pcook/bin/antsBuild/bin//antsRegistration --verbose 1 --dimensionality 3 --float 1 --collapse-output-transforms 1 --output [/tmp/1972073.1.basic.q/1128_ToTemplate_021_,/tmp/1972073.1.basic.q/1128_ToTemplate_021_Warped.nii.gz,/tmp/1972073.1.basic.q/1128_ToTemplate_021_InverseWarped.nii.gz] --interpolation Linear --use-histogram-matching 0 --winsorize-image-intensities [0.005,0.995] --initial-moving-transform [data/template/T_template0_BrainCerebellum.nii.gz,data/Brains/1128_3.nii.gz,1] --transform Rigid[0.1] --metric MI[data/template/T_template0_BrainCerebellum.nii.gz,data/Brains/1128_3.nii.gz,1,32,Regular,0.25] --convergence [1000x500x250x0,1e-6,10] --shrink-factors 12x8x4x2 --smoothing-sigmas 4x3x2x1vox --transform Affine[0.1] --metric MI[data/template/T_template0_BrainCerebellum.nii.gz,data/Brains/1128_3.nii.gz,1,32,Regular,0.25] --convergence [1000x500x250x0,1e-6,10] --shrink-factors 12x8x4x2 --smoothing-sigmas 4x3x2x1vox --transform SyN[0.1,3,0] --metric MI[data/template/T_template0_BrainCerebellum.nii.gz,data/Brains/1128_3.nii.gz,1,32] --convergence [100x100x70x50x0,1e-6,10] --shrink-factors 10x6x4x2x1 --smoothing-sigmas 5x3x2x1x0vox
--------------------------------------------------------------------------------------
All_Command_lines_OK
Using single precision for computations.
=============================================================================
The composite transform comprises the following transforms (in order): 
  1. Center of mass alignment using fixed image: data/template/T_template0_BrainCerebellum.nii.gz and moving image: data/Brains/1128_3.nii.gz (type = Euler3DTransform)
=============================================================================
  number of levels = 4
  number of levels = 4
  number of levels = 5
  fixed image: data/template/T_template0_BrainCerebellum.nii.gz
  moving image: data/Brains/1128_3.nii.gz
  fixed image: data/template/T_template0_BrainCerebellum.nii.gz
  moving image: data/Brains/1128_3.nii.gz
  fixed image: data/template/T_template0_BrainCerebellum.nii.gz
  moving image: data/Brains/1128_3.nii.gz
Dimension = 3
Number of stages = 3
Use Histogram Matching false
Winsorize image intensities true
Lower quantile = 0.005
Upper quantile = 0.995
Stage 1 State
   Image metric = Mattes
     Fixed image = Image (0x5477670)
  RTTI typeinfo:   itk::Image<float, 3u>
  Reference Count: 2
  Modified Time: 1611
  Debug: Off
  Object Name: 
  Observers: 
    none
  Source: (none)
  Source output name: (none)
  Release Data: Off
  Data Released: False
  Global Release Data: Off
  PipelineMTime: 0
  UpdateMTime: 1422
  RealTimeStamp: 0 seconds 
  LargestPossibleRegion: 
    Dimension: 3
    Index: [0, 0, 0]
    Size: [216, 256, 291]
  BufferedRegion: 
    Dimension: 3
    Index: [0, 0, 0]
    Size: [216, 256, 291]
  RequestedRegion: 
    Dimension: 3
    Index: [0, 0, 0]
    Size: [216, 256, 291]
  Spacing: [1, 1, 1]
  Origin: [0, 293, 0]
  Direction: 
1 0 0
0 -0 -1
0 -1 -0

  IndexToPointMatrix: 
1 0 0
0 0 -1
0 -1 0

  PointToIndexMatrix: 
1 0 0
0 0 -1
0 -1 0

  Inverse Direction: 
1 0 0
0 0 -1
0 -1 0

  PixelContainer: 
    ImportImageContainer (0x545c7f0)
      RTTI typeinfo:   itk::ImportImageContainer<unsigned long, float>
      Reference Count: 1
      Modified Time: 1419
      Debug: Off
      Object Name: 
      Observers: 
        none
      Pointer: 0x7fa4a1acb010
      Container manages memory: true
      Size: 16091136
      Capacity: 16091136

     Moving image = Image (0x54780b0)
  RTTI typeinfo:   itk::Image<float, 3u>
  Reference Count: 2
  Modified Time: 1612
  Debug: Off
  Object Name: 
  Observers: 
    none
  Source: (none)
  Source output name: (none)
  Release Data: Off
  Data Released: False
  Global Release Data: Off
  PipelineMTime: 0
  UpdateMTime: 1609
  RealTimeStamp: 0 seconds 
  LargestPossibleRegion: 
    Dimension: 3
    Index: [0, 0, 0]
    Size: [256, 256, 264]
  BufferedRegion: 
    Dimension: 3
    Index: [0, 0, 0]
    Size: [256, 256, 264]
  RequestedRegion: 
    Dimension: 3
    Index: [0, 0, 0]
    Size: [256, 256, 264]
  Spacing: [1, 1, 1]
  Origin: [0, 263, 0]
  Direction: 
1 0 0
0 -0 -1
0 -1 -0

  IndexToPointMatrix: 
1 0 0
0 0 -1
0 -1 0

  PointToIndexMatrix: 
1 0 0
0 0 -1
0 -1 0

  Inverse Direction: 
1 0 0
0 0 -1
0 -1 0

  PixelContainer: 
    ImportImageContainer (0x547a500)
      RTTI typeinfo:   itk::ImportImageContainer<unsigned long, float>
      Reference Count: 1
      Modified Time: 1606
      Debug: Off
      Object Name: 
      Observers: 
        none
      Pointer: 0x7fa49d8ca010
      Container manages memory: true
      Size: 17301504
      Capacity: 17301504

     Weighting = 1
     Sampling strategy = regular
     Number of bins = 32
     Radius = 4
     Sampling percentage  = 0.25
   Transform = Rigid
     Gradient step = 0.1
     Update field sigma (voxel space) = 0
     Total field sigma (voxel space) = 0
     Update field time sigma = 0
     Total field time sigma  = 0
     Number of time indices = 0
     Number of time point samples = 0
Stage 2 State
   Image metric = Mattes
     Fixed image = Image (0x5482910)
  RTTI typeinfo:   itk::Image<float, 3u>
  Reference Count: 2
  Modified Time: 1987
  Debug: Off
  Object Name: 
  Observers: 
    none
  Source: (none)
  Source output name: (none)
  Release Data: Off
  Data Released: False
  Global Release Data: Off
  PipelineMTime: 0
  UpdateMTime: 1798
  RealTimeStamp: 0 seconds 
  LargestPossibleRegion: 
    Dimension: 3
    Index: [0, 0, 0]
    Size: [216, 256, 291]
  BufferedRegion: 
    Dimension: 3
    Index: [0, 0, 0]
    Size: [216, 256, 291]
  RequestedRegion: 
    Dimension: 3
    Index: [0, 0, 0]
    Size: [216, 256, 291]
  Spacing: [1, 1, 1]
  Origin: [0, 293, 0]
  Direction: 
1 0 0
0 -0 -1
0 -1 -0

  IndexToPointMatrix: 
1 0 0
0 0 -1
0 -1 0

  PointToIndexMatrix: 
1 0 0
0 0 -1
0 -1 0

  Inverse Direction: 
1 0 0
0 0 -1
0 -1 0

  PixelContainer: 
    ImportImageContainer (0x54831b0)
      RTTI typeinfo:   itk::ImportImageContainer<unsigned long, float>
      Reference Count: 1
      Modified Time: 1795
      Debug: Off
      Object Name: 
      Observers: 
        none
      Pointer: 0x7fa499b67010
      Container manages memory: true
      Size: 16091136
      Capacity: 16091136

     Moving image = Image (0x5482ca0)
  RTTI typeinfo:   itk::Image<float, 3u>
  Reference Count: 2
  Modified Time: 1988
  Debug: Off
  Object Name: 
  Observers: 
    none
  Source: (none)
  Source output name: (none)
  Release Data: Off
  Data Released: False
  Global Release Data: Off
  PipelineMTime: 0
  UpdateMTime: 1985
  RealTimeStamp: 0 seconds 
  LargestPossibleRegion: 
    Dimension: 3
    Index: [0, 0, 0]
    Size: [256, 256, 264]
  BufferedRegion: 
    Dimension: 3
    Index: [0, 0, 0]
    Size: [256, 256, 264]
  RequestedRegion: 
    Dimension: 3
    Index: [0, 0, 0]
    Size: [256, 256, 264]
  Spacing: [1, 1, 1]
  Origin: [0, 263, 0]
  Direction: 
1 0 0
0 -0 -1
0 -1 -0

  IndexToPointMatrix: 
1 0 0
0 0 -1
0 -1 0

  PointToIndexMatrix: 
1 0 0
0 0 -1
0 -1 0

  Inverse Direction: 
1 0 0
0 0 -1
0 -1 0

  PixelContainer: 
    ImportImageContainer (0x54837b0)
      RTTI typeinfo:   itk::ImportImageContainer<unsigned long, float>
      Reference Count: 1
      Modified Time: 1982
      Debug: Off
      Object Name: 
      Observers: 
        none
      Pointer: 0x7fa495966010
      Container manages memory: true
      Size: 17301504
      Capacity: 17301504

     Weighting = 1
     Sampling strategy = regular
     Number of bins = 32
     Radius = 4
     Sampling percentage  = 0.25
   Transform = Affine
     Gradient step = 0.1
     Update field sigma (voxel space) = 0
     Total field sigma (voxel space) = 0
     Update field time sigma = 0
     Total field time sigma  = 0
     Number of time indices = 0
     Number of time point samples = 0
Stage 3 State
   Image metric = Mattes
     Fixed image = Image (0x54899a0)
  RTTI typeinfo:   itk::Image<float, 3u>
  Reference Count: 2
  Modified Time: 2363
  Debug: Off
  Object Name: 
  Observers: 
    none
  Source: (none)
  Source output name: (none)
  Release Data: Off
  Data Released: False
  Global Release Data: Off
  PipelineMTime: 0
  UpdateMTime: 2174
  RealTimeStamp: 0 seconds 
  LargestPossibleRegion: 
    Dimension: 3
    Index: [0, 0, 0]
    Size: [216, 256, 291]
  BufferedRegion: 
    Dimension: 3
    Index: [0, 0, 0]
    Size: [216, 256, 291]
  RequestedRegion: 
    Dimension: 3
    Index: [0, 0, 0]
    Size: [216, 256, 291]
  Spacing: [1, 1, 1]
  Origin: [0, 293, 0]
  Direction: 
1 0 0
0 -0 -1
0 -1 -0

  IndexToPointMatrix: 
1 0 0
0 0 -1
0 -1 0

  PointToIndexMatrix: 
1 0 0
0 0 -1
0 -1 0

  Inverse Direction: 
1 0 0
0 0 -1
0 -1 0

  PixelContainer: 
    ImportImageContainer (0x5489c30)
      RTTI typeinfo:   itk::ImportImageContainer<unsigned long, float>
      Reference Count: 1
      Modified Time: 2171
      Debug: Off
      Object Name: 
      Observers: 
        none
      Pointer: 0x7fa491c03010
      Container manages memory: true
      Size: 16091136
      Capacity: 16091136

     Moving image = Image (0x548c360)
  RTTI typeinfo:   itk::Image<float, 3u>
  Reference Count: 2
  Modified Time: 2364
  Debug: Off
  Object Name: 
  Observers: 
    none
  Source: (none)
  Source output name: (none)
  Release Data: Off
  Data Released: False
  Global Release Data: Off
  PipelineMTime: 0
  UpdateMTime: 2361
  RealTimeStamp: 0 seconds 
  LargestPossibleRegion: 
    Dimension: 3
    Index: [0, 0, 0]
    Size: [256, 256, 264]
  BufferedRegion: 
    Dimension: 3
    Index: [0, 0, 0]
    Size: [256, 256, 264]
  RequestedRegion: 
    Dimension: 3
    Index: [0, 0, 0]
    Size: [256, 256, 264]
  Spacing: [1, 1, 1]
  Origin: [0, 263, 0]
  Direction: 
1 0 0
0 -0 -1
0 -1 -0

  IndexToPointMatrix: 
1 0 0
0 0 -1
0 -1 0

  PointToIndexMatrix: 
1 0 0
0 0 -1
0 -1 0

  Inverse Direction: 
1 0 0
0 0 -1
0 -1 0

  PixelContainer: 
    ImportImageContainer (0x548c5f0)
      RTTI typeinfo:   itk::ImportImageContainer<unsigned long, float>
      Reference Count: 1
      Modified Time: 2358
      Debug: Off
      Object Name: 
      Observers: 
        none
      Pointer: 0x7fa48da02010
      Container manages memory: true
      Size: 17301504
      Capacity: 17301504

     Weighting = 1
     Sampling strategy = none
     Number of bins = 32
     Radius = 4
     Sampling percentage  = 1
   Transform = SyN
     Gradient step = 0.1
     Update field sigma (voxel space) = 3
     Total field sigma (voxel space) = 0
     Update field time sigma = 0
     Total field time sigma  = 0
     Number of time indices = 0
     Number of time point samples = 0
Registration using 3 total stages.

Stage 0
  iterations = 1000x500x250x0
  convergence threshold = 1e-06
  convergence window size = 10
  number of levels = 4
  using the Mattes MI metric (number of bins = 32, weight = 1)
  preprocessing:  winsorizing the image intensities
  Shrink factors (level 1 out of 4): [12, 12, 12]
  Shrink factors (level 2 out of 4): [8, 8, 8]
  Shrink factors (level 3 out of 4): [4, 4, 4]
  Shrink factors (level 4 out of 4): [2, 2, 2]
  smoothing sigmas per level: [4, 3, 2, 1]
  regular sampling (percentage = 0.25)

*** Running Euler3DTransform registration ***

DIAGNOSTIC,Iteration,metricValue,convergenceValue,ITERATION_TIME_INDEX,SINCE_LAST
 2DIAGNOSTIC,     1, -4.001096189022e-01, inf, 1.7830e+01, 1.7830e+01, 
 2DIAGNOSTIC,     2, -4.001933038235e-01, inf, 1.7840e+01, 1.0112e-02, 
 2DIAGNOSTIC,     3, -4.004569351673e-01, inf, 1.7851e+01, 1.1601e-02, 
 2DIAGNOSTIC,     4, -4.006429910660e-01, inf, 1.7861e+01, 9.9471e-03, 
 2DIAGNOSTIC,     5, -4.008882939816e-01, inf, 1.7871e+01, 9.9649e-03, 
 2DIAGNOSTIC,     6, -4.012916088104e-01, inf, 1.7881e+01, 9.9969e-03, 
 2DIAGNOSTIC,     7, -4.032081067562e-01, inf, 1.7894e+01, 1.2316e-02, 
 2DIAGNOSTIC,     8, -4.108338057995e-01, inf, 1.7915e+01, 2.1434e-02, 
 2DIAGNOSTIC,     9, -4.108204543591e-01, inf, 1.7925e+01, 9.9161e-03, 
 2DIAGNOSTIC,    10, -4.108724296093e-01, 2.015319652855e-03, 1.7935e+01, 1.0602e-02, 
 2DIAGNOSTIC,    11, -4.109540581703e-01, 2.044286113232e-03, 1.7946e+01, 1.0497e-02, 
 2DIAGNOSTIC,    12, -4.109149575233e-01, 1.884334022179e-03, 1.7956e+01, 1.0472e-02, 
 2DIAGNOSTIC,    13, -4.107440710068e-01, 1.577725866809e-03, 1.7969e+01, 1.2089e-02, 
 2DIAGNOSTIC,    14, -4.108025729656e-01, 1.185023109429e-03, 1.7979e+01, 1.0479e-02, 
 2DIAGNOSTIC,    15, -4.107039272785e-01, 7.503160159104e-04, 1.7991e+01, 1.2072e-02, 
 2DIAGNOSTIC,    16, -4.105690121651e-01, 3.152583667543e-04, 1.8002e+01, 1.0458e-02, 
DIAGNOSTIC,Iteration,metricValue,convergenceValue,ITERATION_TIME_INDEX,SINCE_LAST
 2DIAGNOSTIC,     1, -3.556059896946e-01, inf, 3.1376e+01, 1.3374e+01, 
 2DIAGNOSTIC,     2, -3.556951880455e-01, inf, 3.1446e+01, 6.9696e-02, 
 2DIAGNOSTIC,     3, -3.557093441486e-01, inf, 3.1506e+01, 6.0203e-02, 
 2DIAGNOSTIC,     4, -3.556694388390e-01, inf, 3.1566e+01, 6.0120e-02, 
 2DIAGNOSTIC,     5, -3.556586802006e-01, inf, 3.1617e+01, 5.0879e-02, 
 2DIAGNOSTIC,     6, -3.557453453541e-01, inf, 3.1696e+01, 7.8882e-02, 
 2DIAGNOSTIC,     7, -3.557604849339e-01, inf, 3.1756e+01, 6.0385e-02, 
 2DIAGNOSTIC,     8, -3.557009398937e-01, inf, 3.1816e+01, 6.0199e-02, 
 2DIAGNOSTIC,     9, -3.556403815746e-01, inf, 3.1867e+01, 5.0996e-02, 
 2DIAGNOSTIC,    10, -3.556637763977e-01, 8.041470209719e-06, 3.1919e+01, 5.1439e-02, 
DIAGNOSTIC,Iteration,metricValue,convergenceValue,ITERATION_TIME_INDEX,SINCE_LAST
 2DIAGNOSTIC,     1, -2.982406020164e-01, inf, 4.0277e+01, 8.3586e+00, 
 2DIAGNOSTIC,     2, -2.986145615578e-01, inf, 4.0681e+01, 4.0386e-01, 
 2DIAGNOSTIC,     3, -2.992574870586e-01, inf, 4.1086e+01, 4.0490e-01, 
 2DIAGNOSTIC,     4, -2.996313869953e-01, inf, 4.1491e+01, 4.0476e-01, 
 2DIAGNOSTIC,     5, -2.998580336571e-01, inf, 4.1896e+01, 4.0480e-01, 
 2DIAGNOSTIC,     6, -3.002512753010e-01, inf, 4.2300e+01, 4.0401e-01, 
 2DIAGNOSTIC,     7, -3.007935583591e-01, inf, 4.2867e+01, 5.6699e-01, 
 2DIAGNOSTIC,     8, -3.007992208004e-01, inf, 4.3271e+01, 4.0424e-01, 
 2DIAGNOSTIC,     9, -3.011102676392e-01, inf, 4.3676e+01, 4.0474e-01, 
 2DIAGNOSTIC,    10, -3.015003800392e-01, 6.786379963160e-04, 4.4161e+01, 4.8558e-01, 
 2DIAGNOSTIC,    11, -3.017868399620e-01, 5.795182078145e-04, 4.4648e+01, 4.8682e-01, 
 2DIAGNOSTIC,    12, -3.021087944508e-01, 4.986389540136e-04, 4.5456e+01, 8.0799e-01, 
 2DIAGNOSTIC,    13, -3.022722601891e-01, 4.438525356818e-04, 4.5862e+01, 4.0579e-01, 
 2DIAGNOSTIC,    14, -3.029276728630e-01, 4.265909665264e-04, 4.6267e+01, 4.0516e-01, 
 2DIAGNOSTIC,    15, -3.038333654404e-01, 4.425886727404e-04, 4.6673e+01, 4.0611e-01, 
 2DIAGNOSTIC,    16, -3.041771352291e-01, 4.576930077747e-04, 4.7078e+01, 4.0519e-01, 
 2DIAGNOSTIC,    17, -3.043458461761e-01, 4.693278169725e-04, 4.7564e+01, 4.8597e-01, 
 2DIAGNOSTIC,    18, -3.044332563877e-01, 4.417912859935e-04, 4.8130e+01, 5.6622e-01, 
 2DIAGNOSTIC,    19, -3.044431805611e-01, 3.917298454326e-04, 4.8616e+01, 4.8580e-01, 
 2DIAGNOSTIC,    20, -3.044445812702e-01, 3.281211829744e-04, 4.9102e+01, 4.8545e-01, 
 2DIAGNOSTIC,    21, -3.044475615025e-01, 2.529741323087e-04, 4.9588e+01, 4.8588e-01, 
 2DIAGNOSTIC,    22, -3.044473826885e-01, 1.755936245900e-04, 4.9992e+01, 4.0465e-01, 
 2DIAGNOSTIC,    23, -3.044693470001e-01, 9.611401037546e-05, 5.0398e+01, 4.0547e-01, 
 2DIAGNOSTIC,    24, -3.044920265675e-01, 4.021363929496e-05, 5.0802e+01, 4.0463e-01, 
 2DIAGNOSTIC,    25, -3.045470416546e-01, 2.104039231199e-05, 5.1289e+01, 4.8677e-01, 
 2DIAGNOSTIC,    26, -3.045834004879e-01, 1.506963144493e-05, 5.1774e+01, 4.8530e-01, 
 2DIAGNOSTIC,    27, -3.045925498009e-01, 1.434544901713e-05, 5.2342e+01, 5.6738e-01, 
 2DIAGNOSTIC,    28, -3.045820593834e-01, 1.502661052655e-05, 5.2827e+01, 4.8488e-01, 
 2DIAGNOSTIC,    29, -3.045837879181e-01, 1.473751945014e-05, 5.3232e+01, 4.0492e-01, 
 2DIAGNOSTIC,    30, -3.045822978020e-01, 1.314784094575e-05, 5.3636e+01, 4.0451e-01, 
 2DIAGNOSTIC,    31, -3.045909106731e-01, 1.085932399292e-05, 5.4122e+01, 4.8558e-01, 
 2DIAGNOSTIC,    32, -3.045887351036e-01, 7.716192158114e-06, 5.4527e+01, 4.0534e-01, 
 2DIAGNOSTIC,    33, -3.045906126499e-01, 4.830869329453e-06, 5.4932e+01, 4.0510e-01, 
 2DIAGNOSTIC,    34, -3.046128451824e-01, 2.963886572616e-06, 5.5417e+01, 4.8484e-01, 
 2DIAGNOSTIC,    35, -3.047088384628e-01, 5.012161636841e-06, 5.6623e+01, 1.2061e+00, 
 2DIAGNOSTIC,    36, -3.047099709511e-01, 7.456605544576e-06, 5.7109e+01, 4.8563e-01, 
 2DIAGNOSTIC,    37, -3.047068715096e-01, 9.341679287900e-06, 5.7594e+01, 4.8507e-01, 
 2DIAGNOSTIC,    38, -3.047039210796e-01, 1.002835506370e-05, 5.8079e+01, 4.8503e-01, 
 2DIAGNOSTIC,    39, -3.047002851963e-01, 9.744706403580e-06, 5.8484e+01, 4.0499e-01, 
 2DIAGNOSTIC,    40, -3.047011196613e-01, 8.563628398406e-06, 5.8969e+01, 4.8511e-01, 
 2DIAGNOSTIC,    41, -3.046977519989e-01, 6.818678230047e-06, 5.9535e+01, 5.6655e-01, 
 2DIAGNOSTIC,    42, -3.046904206276e-01, 4.410595920490e-06, 6.0102e+01, 5.6626e-01, 
 2DIAGNOSTIC,    43, -3.046869635582e-01, 1.749326770550e-06, 6.0669e+01, 5.6700e-01, 
DIAGNOSTIC,Iteration,metricValue,convergenceValue,ITERATION_TIME_INDEX,SINCE_LAST
 2DIAGNOSTIC,     1, -2.612854540348e-01, inf, 6.8701e+01, 8.0327e+00, 
  Elapsed time (stage 0): 7.0387e+01


Stage 1
  iterations = 1000x500x250x0
  convergence threshold = 1.0000e-06
  convergence window size = 10
  number of levels = 4
  using the Mattes MI metric (number of bins = 32, weight = 1.0000e+00)
  preprocessing:  winsorizing the image intensities
  Shrink factors (level 1 out of 4): [12, 12, 12]
  Shrink factors (level 2 out of 4): [8, 8, 8]
  Shrink factors (level 3 out of 4): [4, 4, 4]
  Shrink factors (level 4 out of 4): [2, 2, 2]
  smoothing sigmas per level: [4, 3, 2, 1]
  regular sampling (percentage = 2.5000e-01)

*** Running AffineTransform registration ***

DIAGNOSTIC,Iteration,metricValue,convergenceValue,ITERATION_TIME_INDEX,SINCE_LAST
 2DIAGNOSTIC,     1, -4.057692587376e-01, inf, 1.7564e+01, 1.7564e+01, 
 2DIAGNOSTIC,     2, -4.070606529713e-01, inf, 1.7577e+01, 1.3751e-02, 
 2DIAGNOSTIC,     3, -4.092471897602e-01, inf, 1.7590e+01, 1.3051e-02, 
 2DIAGNOSTIC,     4, -4.131529629230e-01, inf, 1.7604e+01, 1.3663e-02, 
 2DIAGNOSTIC,     5, -4.174534082413e-01, inf, 1.7617e+01, 1.3210e-02, 
 2DIAGNOSTIC,     6, -4.220923483372e-01, inf, 1.7631e+01, 1.3858e-02, 
 2DIAGNOSTIC,     7, -4.308115541935e-01, inf, 1.7645e+01, 1.4084e-02, 
 2DIAGNOSTIC,     8, -4.485406577587e-01, inf, 1.7663e+01, 1.7821e-02, 
 2DIAGNOSTIC,     9, -4.682438373566e-01, inf, 1.7679e+01, 1.6117e-02, 
 2DIAGNOSTIC,    10, -4.751485884190e-01, 1.054667029530e-02, 1.7695e+01, 1.5452e-02, 
 2DIAGNOSTIC,    11, -4.774151444435e-01, 1.086915470660e-02, 1.7718e+01, 2.3147e-02, 
 2DIAGNOSTIC,    12, -4.784327447414e-01, 1.029851101339e-02, 1.7733e+01, 1.5371e-02, 
 2DIAGNOSTIC,    13, -4.805018007755e-01, 9.093973785639e-03, 1.7748e+01, 1.4751e-02, 
 2DIAGNOSTIC,    14, -4.815090000629e-01, 7.462209556252e-03, 1.7765e+01, 1.6907e-02, 
 2DIAGNOSTIC,    15, -4.820459187031e-01, 5.595902912319e-03, 1.7779e+01, 1.4698e-02, 
 2DIAGNOSTIC,    16, -4.827648401260e-01, 3.691336372867e-03, 1.7796e+01, 1.6746e-02, 
 2DIAGNOSTIC,    17, -4.828458130360e-01, 2.007960574701e-03, 1.7813e+01, 1.6665e-02, 
 2DIAGNOSTIC,    18, -4.828775525093e-01, 9.427610202692e-04, 1.7830e+01, 1.6651e-02, 
 2DIAGNOSTIC,    19, -4.828343987465e-01, 5.518837133422e-04, 1.7848e+01, 1.8186e-02, 
 2DIAGNOSTIC,    20, -4.830402433872e-01, 3.722763212863e-04, 1.7863e+01, 1.5195e-02, 
 2DIAGNOSTIC,    21, -4.837928116322e-01, 2.654958225321e-04, 1.7879e+01, 1.6566e-02, 
 2DIAGNOSTIC,    22, -4.845555424690e-01, 1.928182027768e-04, 1.7895e+01, 1.5266e-02, 
 2DIAGNOSTIC,    23, -4.845715761185e-01, 1.644886360737e-04, 1.7909e+01, 1.4539e-02, 
 2DIAGNOSTIC,    24, -4.847780168056e-01, 1.550071319798e-04, 1.7924e+01, 1.5114e-02, 
 2DIAGNOSTIC,    25, -4.851614832878e-01, 1.541447418276e-04, 1.7947e+01, 2.2144e-02, 
 2DIAGNOSTIC,    26, -4.849183857441e-01, 1.496194017818e-04, 1.7962e+01, 1.5139e-02, 
 2DIAGNOSTIC,    27, -4.851430654526e-01, 1.384677452734e-04, 1.7976e+01, 1.4573e-02, 
 2DIAGNOSTIC,    28, -4.852488934994e-01, 1.184320572065e-04, 1.7993e+01, 1.6768e-02, 
 2DIAGNOSTIC,    29, -4.852885603905e-01, 8.884401904652e-05, 1.8011e+01, 1.7954e-02, 
 2DIAGNOSTIC,    30, -4.853253066540e-01, 5.767322363681e-05, 1.8028e+01, 1.6852e-02, 
 2DIAGNOSTIC,    31, -4.854257106781e-01, 3.972867125412e-05, 1.8043e+01, 1.4879e-02, 
 2DIAGNOSTIC,    32, -4.860496520996e-01, 4.574578633765e-05, 1.8060e+01, 1.7126e-02, 
 2DIAGNOSTIC,    33, -4.865609407425e-01, 5.642231553793e-05, 1.8075e+01, 1.5147e-02, 
 2DIAGNOSTIC,    34, -4.866158068180e-01, 6.555691652466e-05, 1.8090e+01, 1.5114e-02, 
 2DIAGNOSTIC,    35, -4.866509735584e-01, 7.571146124974e-05, 1.8108e+01, 1.8201e-02, 
 2DIAGNOSTIC,    36, -4.866916537285e-01, 7.475725578843e-05, 1.8123e+01, 1.5046e-02, 
 2DIAGNOSTIC,    37, -4.867189228535e-01, 7.072026346577e-05, 1.8138e+01, 1.4432e-02, 
 2DIAGNOSTIC,    38, -4.868014156818e-01, 6.309870514087e-05, 1.8158e+01, 2.0358e-02, 
 2DIAGNOSTIC,    39, -4.868228137493e-01, 5.099523332319e-05, 1.8173e+01, 1.4668e-02, 
 2DIAGNOSTIC,    40, -4.868673384190e-01, 3.615999594331e-05, 1.8188e+01, 1.5019e-02, 
 2DIAGNOSTIC,    41, -4.868763983250e-01, 2.014607343881e-05, 1.8206e+01, 1.8608e-02, 
 2DIAGNOSTIC,    42, -4.868876934052e-01, 1.199549114972e-05, 1.8221e+01, 1.4882e-02, 
 2DIAGNOSTIC,    43, -4.868992865086e-01, 1.046944726113e-05, 1.8236e+01, 1.4542e-02, 
 2DIAGNOSTIC,    44, -4.870800375938e-01, 1.129805787059e-05, 1.8251e+01, 1.4906e-02, 
 2DIAGNOSTIC,    45, -4.870920181274e-01, 1.164086188510e-05, 1.8274e+01, 2.3218e-02, 
 2DIAGNOSTIC,    46, -4.870966374874e-01, 1.154587062047e-05, 1.8289e+01, 1.4896e-02, 
 2DIAGNOSTIC,    47, -4.870986938477e-01, 1.081014579540e-05, 1.8303e+01, 1.4450e-02, 
 2DIAGNOSTIC,    48, -4.871024191380e-01, 1.020816125674e-05, 1.8318e+01, 1.5042e-02, 
 2DIAGNOSTIC,    49, -4.871046841145e-01, 8.958422768046e-06, 1.8335e+01, 1.6680e-02, 
 2DIAGNOSTIC,    50, -4.871100485325e-01, 7.554294370493e-06, 1.8357e+01, 2.2012e-02, 
 2DIAGNOSTIC,    51, -4.871105849743e-01, 5.688321834896e-06, 1.8374e+01, 1.6574e-02, 
 2DIAGNOSTIC,    52, -4.871106445789e-01, 3.566623263396e-06, 1.8390e+01, 1.6640e-02, 
 2DIAGNOSTIC,    53, -4.871106743813e-01, 1.320591422882e-06, 1.8405e+01, 1.4946e-02, 
 2DIAGNOSTIC,    54, -4.871113896370e-01, 1.099873088606e-06, 1.8422e+01, 1.6642e-02, 
DIAGNOSTIC,Iteration,metricValue,convergenceValue,ITERATION_TIME_INDEX,SINCE_LAST
 2DIAGNOSTIC,     1, -4.147321879864e-01, inf, 3.1846e+01, 1.3424e+01, 
 2DIAGNOSTIC,     2, -4.155014157295e-01, inf, 3.1913e+01, 6.6904e-02, 
 2DIAGNOSTIC,     3, -4.161523282528e-01, inf, 3.1980e+01, 6.7030e-02, 
 2DIAGNOSTIC,     4, -4.166430830956e-01, inf, 3.2047e+01, 6.6769e-02, 
 2DIAGNOSTIC,     5, -4.169716238976e-01, inf, 3.2114e+01, 6.6791e-02, 
 2DIAGNOSTIC,     6, -4.177841246128e-01, inf, 3.2191e+01, 7.7266e-02, 
 2DIAGNOSTIC,     7, -4.181486964226e-01, inf, 3.2402e+01, 2.1138e-01, 
 2DIAGNOSTIC,     8, -4.181486666203e-01, inf, 3.2469e+01, 6.7335e-02, 
 2DIAGNOSTIC,     9, -4.181500673294e-01, inf, 3.2537e+01, 6.7357e-02, 
 2DIAGNOSTIC,    10, -4.181525707245e-01, 5.465431022458e-04, 3.2605e+01, 6.8045e-02, 
 2DIAGNOSTIC,    11, -4.181563556194e-01, 3.788739850279e-04, 3.2673e+01, 6.7616e-02, 
 2DIAGNOSTIC,    12, -4.181623458862e-01, 2.485681034159e-04, 3.2740e+01, 6.7631e-02, 
 2DIAGNOSTIC,    13, -4.181731045246e-01, 1.509038847871e-04, 3.2807e+01, 6.6677e-02, 
 2DIAGNOSTIC,    14, -4.181893169880e-01, 7.869366527302e-05, 3.2885e+01, 7.8126e-02, 
 2DIAGNOSTIC,    15, -4.182043671608e-01, 2.387816311966e-05, 3.2951e+01, 6.6485e-02, 
 2DIAGNOSTIC,    16, -4.181452691555e-01, 5.538839104702e-06, 3.3019e+01, 6.7985e-02, 
 2DIAGNOSTIC,    17, -4.181779623032e-01, 5.023239282309e-06, 3.3097e+01, 7.8033e-02, 
 2DIAGNOSTIC,    18, -4.181953668594e-01, 4.870059001405e-06, 3.3166e+01, 6.8495e-02, 
 2DIAGNOSTIC,    19, -4.181796014309e-01, 3.882290002366e-06, 3.3233e+01, 6.7080e-02, 
 2DIAGNOSTIC,    20, -4.182105958462e-01, 3.970513716922e-06, 3.3301e+01, 6.7524e-02, 
 2DIAGNOSTIC,    21, -4.182511270046e-01, 5.272835096548e-06, 3.3367e+01, 6.6797e-02, 
 2DIAGNOSTIC,    22, -4.183120131493e-01, 8.133951268974e-06, 3.3436e+01, 6.8154e-02, 
 2DIAGNOSTIC,    23, -4.184081852436e-01, 1.321393665421e-05, 3.3504e+01, 6.8200e-02, 
 2DIAGNOSTIC,    24, -4.185856580734e-01, 2.219784801127e-05, 3.3571e+01, 6.7761e-02, 
 2DIAGNOSTIC,    25, -4.189605712891e-01, 3.908009603037e-05, 3.3638e+01, 6.6960e-02, 
 2DIAGNOSTIC,    26, -4.194611608982e-01, 6.241533264983e-05, 3.3738e+01, 9.9425e-02, 
 2DIAGNOSTIC,    27, -4.196422100067e-01, 8.341770444531e-05, 3.3898e+01, 1.6058e-01, 
 2DIAGNOSTIC,    28, -4.196816086769e-01, 9.668152779341e-05, 3.3977e+01, 7.8222e-02, 
 2DIAGNOSTIC,    29, -4.196864366531e-01, 9.986679651774e-05, 3.4045e+01, 6.7856e-02, 
 2DIAGNOSTIC,    30, -4.196535646915e-01, 9.335829236079e-05, 3.4113e+01, 6.8222e-02, 
 2DIAGNOSTIC,    31, -4.196661710739e-01, 7.955631735967e-05, 3.4180e+01, 6.7459e-02, 
 2DIAGNOSTIC,    32, -4.196848273277e-01, 6.086339271860e-05, 3.4248e+01, 6.7504e-02, 
 2DIAGNOSTIC,    33, -4.197107553482e-01, 4.025322414236e-05, 3.4326e+01, 7.8235e-02, 
 2DIAGNOSTIC,    34, -4.197336137295e-01, 2.109008164553e-05, 3.4394e+01, 6.7744e-02, 
 2DIAGNOSTIC,    35, -4.197165668011e-01, 7.842729246477e-06, 3.4462e+01, 6.8045e-02, 
 2DIAGNOSTIC,    36, -4.197430610657e-01, 4.552840891847e-06, 3.4530e+01, 6.8355e-02, 
 2DIAGNOSTIC,    37, -4.198256134987e-01, 5.882988261874e-06, 3.4598e+01, 6.7747e-02, 
 2DIAGNOSTIC,    38, -4.199217259884e-01, 9.028839485836e-06, 3.4665e+01, 6.7392e-02, 
 2DIAGNOSTIC,    39, -4.199936985970e-01, 1.256375799130e-05, 3.4733e+01, 6.7707e-02, 
 2DIAGNOSTIC,    40, -4.200521111488e-01, 1.524890740257e-05, 3.4852e+01, 1.1954e-01, 
 2DIAGNOSTIC,    41, -4.201638400555e-01, 1.848630381573e-05, 3.4920e+01, 6.7592e-02, 
 2DIAGNOSTIC,    42, -4.201750457287e-01, 2.029764618783e-05, 3.4998e+01, 7.8278e-02, 
 2DIAGNOSTIC,    43, -4.202247858047e-01, 2.134221722372e-05, 3.5076e+01, 7.8128e-02, 
 2DIAGNOSTIC,    44, -4.202332496643e-01, 2.086713357130e-05, 3.5155e+01, 7.8430e-02, 
 2DIAGNOSTIC,    45, -4.202400445938e-01, 1.834242902987e-05, 3.5233e+01, 7.8500e-02, 
 2DIAGNOSTIC,    46, -4.202469885349e-01, 1.471253108321e-05, 3.5301e+01, 6.7737e-02, 
 2DIAGNOSTIC,    47, -4.202565252781e-01, 1.120071920013e-05, 3.5390e+01, 8.8796e-02, 
 2DIAGNOSTIC,    48, -4.203037023544e-01, 8.846387572703e-06, 3.5458e+01, 6.8051e-02, 
 2DIAGNOSTIC,    49, -4.203081130981e-01, 6.839937213954e-06, 3.5526e+01, 6.8184e-02, 
 2DIAGNOSTIC,    50, -4.203137755394e-01, 5.165485163161e-06, 3.5605e+01, 7.8473e-02, 
 2DIAGNOSTIC,    51, -4.203186929226e-01, 4.686554802902e-06, 3.5693e+01, 8.8523e-02, 
 2DIAGNOSTIC,    52, -4.203218519688e-01, 4.003380126960e-06, 3.5761e+01, 6.8101e-02, 
 2DIAGNOSTIC,    53, -4.203243255615e-01, 3.678432676679e-06, 3.5829e+01, 6.8195e-02, 
 2DIAGNOSTIC,    54, -4.203268587589e-01, 3.206108203813e-06, 3.5908e+01, 7.8453e-02, 
 2DIAGNOSTIC,    55, -4.203695654869e-01, 3.117298774669e-06, 3.5986e+01, 7.7633e-02, 
 2DIAGNOSTIC,    56, -4.203302264214e-01, 2.384717390669e-06, 3.6064e+01, 7.8178e-02, 
 2DIAGNOSTIC,    57, -4.203730821609e-01, 2.131564087904e-06, 3.6142e+01, 7.8340e-02, 
 2DIAGNOSTIC,    58, -4.203742444515e-01, 2.289103576913e-06, 3.6231e+01, 8.9405e-02, 
 2DIAGNOSTIC,    59, -4.203754067421e-01, 2.333277961952e-06, 3.6299e+01, 6.7973e-02, 
 2DIAGNOSTIC,    60, -4.203764498234e-01, 2.279757381984e-06, 3.6367e+01, 6.7942e-02, 
 2DIAGNOSTIC,    61, -4.203776121140e-01, 2.131021801688e-06, 3.6446e+01, 7.8157e-02, 
 2DIAGNOSTIC,    62, -4.203795194626e-01, 1.888585984489e-06, 3.6545e+01, 9.9310e-02, 
 2DIAGNOSTIC,    63, -4.204205870628e-01, 1.985797553061e-06, 3.6613e+01, 6.8006e-02, 
 2DIAGNOSTIC,    64, -4.204629659653e-01, 2.390392410234e-06, 3.6712e+01, 9.8988e-02, 
 2DIAGNOSTIC,    65, -4.204631745815e-01, 3.057836920561e-06, 3.6780e+01, 6.7984e-02, 
 2DIAGNOSTIC,    66, -4.204633533955e-01, 3.054932676605e-06, 3.6858e+01, 7.7824e-02, 
 2DIAGNOSTIC,    67, -4.204635620117e-01, 3.245067091484e-06, 3.6934e+01, 7.6546e-02, 
 2DIAGNOSTIC,    68, -4.204631447792e-01, 3.161583208566e-06, 3.7012e+01, 7.8258e-02, 
 2DIAGNOSTIC,    69, -4.204633533955e-01, 2.826231821018e-06, 3.7089e+01, 7.6839e-02, 
 2DIAGNOSTIC,    70, -4.204636514187e-01, 2.290287511642e-06, 3.7168e+01, 7.8297e-02, 
 2DIAGNOSTIC,    71, -4.204638004303e-01, 1.615719725123e-06, 3.7245e+01, 7.7900e-02, 
DIAGNOSTIC,Iteration,metricValue,convergenceValue,ITERATION_TIME_INDEX,SINCE_LAST
 2DIAGNOSTIC,     1, -3.526934981346e-01, inf, 4.5691e+01, 8.4453e+00, 
 2DIAGNOSTIC,     2, -3.529103398323e-01, inf, 4.6213e+01, 5.2198e-01, 
 2DIAGNOSTIC,     3, -3.531599938869e-01, inf, 4.6745e+01, 5.3209e-01, 
 2DIAGNOSTIC,     4, -3.534622788429e-01, inf, 4.7267e+01, 5.2241e-01, 
 2DIAGNOSTIC,     5, -3.539460897446e-01, inf, 4.7799e+01, 5.3224e-01, 
 2DIAGNOSTIC,     6, -3.543920516968e-01, inf, 4.8318e+01, 5.1834e-01, 
 2DIAGNOSTIC,     7, -3.547922074795e-01, inf, 4.9275e+01, 9.5676e-01, 
 2DIAGNOSTIC,     8, -3.549010753632e-01, inf, 4.9797e+01, 5.2219e-01, 
 2DIAGNOSTIC,     9, -3.549578487873e-01, inf, 5.0327e+01, 5.2992e-01, 
 2DIAGNOSTIC,    10, -3.550351858139e-01, 4.886640235782e-04, 5.0850e+01, 5.2353e-01, 
 2DIAGNOSTIC,    11, -3.551186025143e-01, 3.975008730777e-04, 5.1553e+01, 7.0280e-01, 
 2DIAGNOSTIC,    12, -3.551563024521e-01, 3.028810897376e-04, 5.2327e+01, 7.7441e-01, 
 2DIAGNOSTIC,    13, -3.551557362080e-01, 2.112508227583e-04, 5.2856e+01, 5.2853e-01, 
 2DIAGNOSTIC,    14, -3.552161157131e-01, 1.344515039818e-04, 5.3465e+01, 6.0939e-01, 
 2DIAGNOSTIC,    15, -3.552405834198e-01, 8.253522537416e-05, 5.3998e+01, 5.3265e-01, 
 2DIAGNOSTIC,    16, -3.552527427673e-01, 5.215364581090e-05, 5.4616e+01, 6.1785e-01, 
 2DIAGNOSTIC,    17, -3.552683889866e-01, 4.028900366393e-05, 5.5148e+01, 5.3212e-01, 
 2DIAGNOSTIC,    18, -3.552772700787e-01, 3.145869413856e-05, 5.5937e+01, 7.8933e-01, 
 2DIAGNOSTIC,    19, -3.552845120430e-01, 2.344300446566e-05, 5.6465e+01, 5.2791e-01, 
 2DIAGNOSTIC,    20, -3.552871942520e-01, 1.731524753268e-05, 5.6995e+01, 5.2987e-01, 
 2DIAGNOSTIC,    21, -3.552950024605e-01, 1.377719763695e-05, 5.7523e+01, 5.2830e-01, 
 2DIAGNOSTIC,    22, -3.553140461445e-01, 1.150995012722e-05, 5.8139e+01, 6.1534e-01, 
 2DIAGNOSTIC,    23, -3.553245067596e-01, 8.778005394561e-06, 5.8838e+01, 6.9962e-01, 
 2DIAGNOSTIC,    24, -3.553233146667e-01, 7.543365882157e-06, 5.9369e+01, 5.3099e-01, 
 2DIAGNOSTIC,    25, -3.553263545036e-01, 6.716810730723e-06, 6.0327e+01, 9.5744e-01, 
 2DIAGNOSTIC,    26, -3.553268611431e-01, 5.821002105222e-06, 6.0947e+01, 6.2026e-01, 
 2DIAGNOSTIC,    27, -3.553272187710e-01, 5.018436240789e-06, 6.1565e+01, 6.1789e-01, 
 2DIAGNOSTIC,    28, -3.553269803524e-01, 4.151435405220e-06, 6.2089e+01, 5.2370e-01, 
 2DIAGNOSTIC,    29, -3.553266823292e-01, 3.260225412305e-06, 6.2619e+01, 5.3087e-01, 
 2DIAGNOSTIC,    30, -3.553270995617e-01, 2.310564923391e-06, 6.3225e+01, 6.0518e-01, 
 2DIAGNOSTIC,    31, -3.553277552128e-01, 1.510297579443e-06, 6.3754e+01, 5.2938e-01, 
 2DIAGNOSTIC,    32, -3.553288877010e-01, 1.212025381392e-06, 6.4277e+01, 5.2337e-01, 
 2DIAGNOSTIC,    33, -3.553311824799e-01, 1.222413629876e-06, 6.4892e+01, 6.1430e-01, 
 2DIAGNOSTIC,    34, -3.553325831890e-01, 1.210031769006e-06, 6.5510e+01, 6.1842e-01, 
 2DIAGNOSTIC,    35, -3.553338348866e-01, 1.270193706659e-06, 6.6039e+01, 5.2913e-01, 
 2DIAGNOSTIC,    36, -3.553318977356e-01, 1.260565795747e-06, 6.6560e+01, 5.2086e-01, 
 2DIAGNOSTIC,    37, -3.553349375725e-01, 1.290781824537e-06, 6.7091e+01, 5.3133e-01, 
 2DIAGNOSTIC,    38, -3.553430140018e-01, 1.441188601348e-06, 6.7697e+01, 6.0592e-01, 
 2DIAGNOSTIC,    39, -3.553555309772e-01, 1.772127347976e-06, 6.8657e+01, 9.5976e-01, 
 2DIAGNOSTIC,    40, -3.553513586521e-01, 1.916246901601e-06, 6.9186e+01, 5.2928e-01, 
 2DIAGNOSTIC,    41, -3.553482890129e-01, 1.907817477331e-06, 6.9800e+01, 6.1388e-01, 
 2DIAGNOSTIC,    42, -3.553482890129e-01, 1.816010808398e-06, 7.0325e+01, 5.2455e-01, 
 2DIAGNOSTIC,    43, -3.553497791290e-01, 1.691241209301e-06, 7.1022e+01, 6.9726e-01, 
 2DIAGNOSTIC,    44, -3.553542196751e-01, 1.581572860232e-06, 7.1552e+01, 5.3028e-01, 
 2DIAGNOSTIC,    45, -3.553474247456e-01, 1.298787537962e-06, 7.2169e+01, 6.1650e-01, 
 2DIAGNOSTIC,    46, -3.553572893143e-01, 1.119326043408e-06, 7.2953e+01, 7.8439e-01, 
DIAGNOSTIC,Iteration,metricValue,convergenceValue,ITERATION_TIME_INDEX,SINCE_LAST
 2DIAGNOSTIC,     1, -3.037010431290e-01, inf, 8.3448e+01, 1.0495e+01, 
  Elapsed time (stage 1): 8.5150e+01


Stage 2
  iterations = 100x100x70x50x0
  convergence threshold = 1.0000e-06
  convergence window size = 10
  number of levels = 5
  using the Mattes MI metric (number of bins = 32, weight = 1.0000e+00)
  preprocessing:  winsorizing the image intensities
  Shrink factors (level 1 out of 5): [10, 10, 10]
  Shrink factors (level 2 out of 5): [6, 6, 6]
  Shrink factors (level 3 out of 5): [4, 4, 4]
  Shrink factors (level 4 out of 5): [2, 2, 2]
  Shrink factors (level 5 out of 5): [1, 1, 1]
  smoothing sigmas per level: [5, 3, 2, 1, 0]
  Using default NONE metricSamplingStrategy 

*** Running SyN registration (varianceForUpdateField = 3.0000e+00, varianceForTotalField = 0.0000e+00) ***

XXDIAGNOSTIC,Iteration,metricValue,convergenceValue,ITERATION_TIME_INDEX,SINCE_LAST
 1DIAGNOSTIC,     1, -4.955967664719e-01, inf, 3.0133e+01, 3.0133e+01, 
 1DIAGNOSTIC,     2, -5.098945498466e-01, inf, 3.0287e+01, 1.5302e-01, 
 1DIAGNOSTIC,     3, -5.241745710373e-01, inf, 3.0433e+01, 1.4607e-01, 
 1DIAGNOSTIC,     4, -5.315892696381e-01, inf, 3.0582e+01, 1.4979e-01, 
 1DIAGNOSTIC,     5, -5.335920453072e-01, inf, 3.0729e+01, 1.4653e-01, 
 1DIAGNOSTIC,     6, -5.341575741768e-01, inf, 3.0876e+01, 1.4680e-01, 
 1DIAGNOSTIC,     7, -5.325905084610e-01, inf, 3.1022e+01, 1.4648e-01, 
 1DIAGNOSTIC,     8, -5.295242071152e-01, inf, 3.1169e+01, 1.4634e-01, 
 1DIAGNOSTIC,     9, -5.265278220177e-01, inf, 3.1315e+01, 1.4653e-01, 
 1DIAGNOSTIC,    10, -5.246757268906e-01, 2.601518761367e-03, 3.1463e+01, 1.4765e-01, 
 1DIAGNOSTIC,    11, -5.216991901398e-01, 3.249227884226e-04, 3.1610e+01, 1.4723e-01, 
 1DIAGNOSTIC,    12, -5.184602141380e-01, -1.113940961659e-03, 3.1757e+01, 1.4738e-01, 
XXDIAGNOSTIC,Iteration,metricValue,convergenceValue,ITERATION_TIME_INDEX,SINCE_LAST
 1DIAGNOSTIC,     1, -4.083108603954e-01, inf, 4.5455e+01, 1.3698e+01, 
 1DIAGNOSTIC,     2, -4.109460711479e-01, inf, 4.6030e+01, 5.7526e-01, 
 1DIAGNOSTIC,     3, -4.121235013008e-01, inf, 4.6607e+01, 5.7646e-01, 
 1DIAGNOSTIC,     4, -4.130398929119e-01, inf, 4.7182e+01, 5.7535e-01, 
 1DIAGNOSTIC,     5, -4.135202169418e-01, inf, 4.7759e+01, 5.7648e-01, 
 1DIAGNOSTIC,     6, -4.133936762810e-01, inf, 4.8336e+01, 5.7723e-01, 
 1DIAGNOSTIC,     7, -4.129486083984e-01, inf, 4.8912e+01, 5.7626e-01, 
 1DIAGNOSTIC,     8, -4.121500849724e-01, inf, 4.9490e+01, 5.7831e-01, 
 1DIAGNOSTIC,     9, -4.113906323910e-01, inf, 5.0066e+01, 5.7560e-01, 
 1DIAGNOSTIC,    10, -4.105936586857e-01, 1.844282960519e-04, 5.0645e+01, 5.7869e-01, 
 1DIAGNOSTIC,    11, -4.098044633865e-01, -2.700766490307e-04, 5.1226e+01, 5.8142e-01, 
XXDIAGNOSTIC,Iteration,metricValue,convergenceValue,ITERATION_TIME_INDEX,SINCE_LAST
 1DIAGNOSTIC,     1, -3.488750457764e-01, inf, 6.0937e+01, 9.7115e+00, 
 1DIAGNOSTIC,     2, -3.497281670570e-01, inf, 6.2844e+01, 1.9060e+00, 
 1DIAGNOSTIC,     3, -3.503938913345e-01, inf, 6.4648e+01, 1.8042e+00, 
 1DIAGNOSTIC,     4, -3.506611585617e-01, inf, 6.6435e+01, 1.7868e+00, 
 1DIAGNOSTIC,     5, -3.506699800491e-01, inf, 6.8220e+01, 1.7850e+00, 
 1DIAGNOSTIC,     6, -3.506968021393e-01, inf, 7.0008e+01, 1.7882e+00, 
 1DIAGNOSTIC,     7, -3.505526185036e-01, inf, 7.1852e+01, 1.8440e+00, 
 1DIAGNOSTIC,     8, -3.503184020519e-01, inf, 7.3641e+01, 1.7894e+00, 
 1DIAGNOSTIC,     9, -3.500397503376e-01, inf, 7.5428e+01, 1.7871e+00, 
 1DIAGNOSTIC,    10, -3.496089875698e-01, 7.679401460337e-05, 7.7222e+01, 1.7936e+00, 
 1DIAGNOSTIC,    11, -3.491102457047e-01, -1.393972343067e-04, 7.9012e+01, 1.7901e+00, 
XXDIAGNOSTIC,Iteration,metricValue,convergenceValue,ITERATION_TIME_INDEX,SINCE_LAST
 1DIAGNOSTIC,     1, -2.940645217896e-01, inf, 9.8595e+01, 1.9583e+01, 
 1DIAGNOSTIC,     2, -2.948482036591e-01, inf, 1.1148e+02, 1.2889e+01, 
 1DIAGNOSTIC,     3, -2.956253886223e-01, inf, 1.2474e+02, 1.3259e+01, 
 1DIAGNOSTIC,     4, -2.964354157448e-01, inf, 1.3768e+02, 1.2936e+01, 
 1DIAGNOSTIC,     5, -2.970353960991e-01, inf, 1.5052e+02, 1.2844e+01, 
 1DIAGNOSTIC,     6, -2.976298332214e-01, inf, 1.6335e+02, 1.2825e+01, 
 1DIAGNOSTIC,     7, -2.981939911842e-01, inf, 1.7660e+02, 1.3255e+01, 
 1DIAGNOSTIC,     8, -2.986934185028e-01, inf, 1.8940e+02, 1.2797e+01, 
 1DIAGNOSTIC,     9, -2.991468608379e-01, inf, 2.0270e+02, 1.3301e+01, 
 1DIAGNOSTIC,    10, -2.995550632477e-01, 1.181561383419e-03, 2.1642e+02, 1.3721e+01, 
 1DIAGNOSTIC,    11, -2.998966574669e-01, 9.805561276153e-04, 2.2968e+02, 1.3261e+01, 
 1DIAGNOSTIC,    12, -3.001213073730e-01, 8.048135205172e-04, 2.4302e+02, 1.3338e+01, 
 1DIAGNOSTIC,    13, -3.003356754780e-01, 6.556531880051e-04, 2.5678e+02, 1.3754e+01, 
 1DIAGNOSTIC,    14, -3.005301058292e-01, 5.364146782085e-04, 2.7053e+02, 1.3756e+01, 
 1DIAGNOSTIC,    15, -3.007386028767e-01, 4.351007810328e-04, 2.8424e+02, 1.3707e+01, 
 1DIAGNOSTIC,    16, -3.009079098701e-01, 3.516724100336e-04, 2.9810e+02, 1.3860e+01, 
 1DIAGNOSTIC,    17, -3.011246919632e-01, 2.892819175031e-04, 3.1183e+02, 1.3730e+01, 
 1DIAGNOSTIC,    18, -3.013099431992e-01, 2.430838649161e-04, 3.2562e+02, 1.3795e+01, 
 1DIAGNOSTIC,    19, -3.014191687107e-01, 2.071647322737e-04, 3.3888e+02, 1.3257e+01, 
 1DIAGNOSTIC,    20, -3.015334606171e-01, 1.803370687412e-04, 3.5261e+02, 1.3730e+01, 
 1DIAGNOSTIC,    21, -3.016304969788e-01, 1.591034524608e-04, 3.6588e+02, 1.3271e+01, 
 1DIAGNOSTIC,    22, -3.017242550850e-01, 1.386382355122e-04, 3.7961e+02, 1.3728e+01, 
 1DIAGNOSTIC,    23, -3.018004894257e-01, 1.189549657283e-04, 3.9293e+02, 1.3321e+01, 
 1DIAGNOSTIC,    24, -3.019066751003e-01, 1.016840396915e-04, 4.0664e+02, 1.3712e+01, 
 1DIAGNOSTIC,    25, -3.021149635315e-01, 9.210666030413e-05, 4.2038e+02, 1.3735e+01, 
 1DIAGNOSTIC,    26, -3.022727966309e-01, 8.637145947432e-05, 4.3413e+02, 1.3753e+01, 
 1DIAGNOSTIC,    27, -3.024089932442e-01, 8.527949830750e-05, 4.4783e+02, 1.3696e+01, 
 1DIAGNOSTIC,    28, -3.025333285332e-01, 8.678866288392e-05, 4.6151e+02, 1.3687e+01, 
 1DIAGNOSTIC,    29, -3.026674389839e-01, 8.796555630397e-05, 4.7524e+02, 1.3732e+01, 
 1DIAGNOSTIC,    30, -3.027199506760e-01, 8.596030966146e-05, 4.8898e+02, 1.3740e+01, 
 1DIAGNOSTIC,    31, -3.028119504452e-01, 8.176922710845e-05, 5.0270e+02, 1.3717e+01, 
 1DIAGNOSTIC,    32, -3.028383553028e-01, 7.372892287094e-05, 5.1643e+02, 1.3725e+01, 
 1DIAGNOSTIC,    33, -3.028650283813e-01, 6.223885429790e-05, 5.3011e+02, 1.3684e+01, 
 1DIAGNOSTIC,    34, -3.028964996338e-01, 4.934247044730e-05, 5.4381e+02, 1.3699e+01, 
 1DIAGNOSTIC,    35, -3.028911352158e-01, 3.800191552727e-05, 5.5754e+02, 1.3733e+01, 
 1DIAGNOSTIC,    36, -3.029398620129e-01, 2.916799894592e-05, 5.7129e+02, 1.3749e+01, 
 1DIAGNOSTIC,    37, -3.029432594776e-01, 2.161733573303e-05, 5.8497e+02, 1.3681e+01, 
 1DIAGNOSTIC,    38, -3.029417395592e-01, 1.549743137730e-05, 5.9875e+02, 1.3783e+01, 
 1DIAGNOSTIC,    39, -3.029347360134e-01, 1.138520292443e-05, 6.1256e+02, 1.3811e+01, 
 1DIAGNOSTIC,    40, -3.029298186302e-01, 7.553343948530e-06, 6.2630e+02, 1.3732e+01, 
 1DIAGNOSTIC,    41, -3.028981983662e-01, 4.640709448722e-06, 6.3996e+02, 1.3666e+01, 
 1DIAGNOSTIC,    42, -3.028717637062e-01, 1.499134782534e-06, 6.5368e+02, 1.3721e+01, 
 1DIAGNOSTIC,    43, -3.028673529625e-01, -1.073151338460e-06, 6.6736e+02, 1.3678e+01, 
  Elapsed time (stage 2): 691.2


Total elapsed time: 846.8

--- Writing output images ---

Using double precision for computations.
Input scalar image: data/Segmentations/1128_3_seg.nii.gz
Reference image: data/template/T_template0_BrainCerebellum.nii.gz
=============================================================================
The composite transform comprises the following transforms (in order): 
  1. /tmp/1972073.1.basic.q/1128_ToTemplate_021_0GenericAffine.mat (type = AffineTransform)
  2. /tmp/1972073.1.basic.q/1128_ToTemplate_021_1Warp.nii.gz (type = DisplacementFieldTransform)
=============================================================================
Default pixel value: 0
Interpolation type: LabelImageGenericInterpolateImageFunction
Output warped image: output/1128/1128_WarpedLabels_021.nii.gz

--- Done ---

