
--- Running on compute-2-15.local ---


--- registration call ---
/data/jet/pcook/bin/antsBuild/bin/antsRegistrationSyNQuick.sh -d 3 -f data/template/T_template0_BrainCerebellum.nii.gz -m data/Brains/1128_3.nii.gz -t s -p f -n 2 -o /tmp/1972057.1.basic.q/1128_ToTemplate_005_
---


--------------------------------------------------------------------------------------
 Mapping parameters
--------------------------------------------------------------------------------------
 ANTSPATH is /data/jet/pcook/bin/antsBuild/bin/

 Dimensionality:           3
 Output name prefix:       /tmp/1972057.1.basic.q/1128_ToTemplate_005_
 Fixed images:             data/template/T_template0_BrainCerebellum.nii.gz
 Moving images:            data/Brains/1128_3.nii.gz
 Mask images:              
 Initial transforms:       
 Number of threads:        2
 Spline distance:          26
 Transform type:           s
 MI histogram bins:        32
 Precision:                f
 Use histogram matching    0
======================================================================================
 antsRegistration call:
--------------------------------------------------------------------------------------
/data/jet/pcook/bin/antsBuild/bin//antsRegistration --verbose 1 --dimensionality 3 --float 1 --collapse-output-transforms 1 --output [/tmp/1972057.1.basic.q/1128_ToTemplate_005_,/tmp/1972057.1.basic.q/1128_ToTemplate_005_Warped.nii.gz,/tmp/1972057.1.basic.q/1128_ToTemplate_005_InverseWarped.nii.gz] --interpolation Linear --use-histogram-matching 0 --winsorize-image-intensities [0.005,0.995] --initial-moving-transform [data/template/T_template0_BrainCerebellum.nii.gz,data/Brains/1128_3.nii.gz,1] --transform Rigid[0.1] --metric MI[data/template/T_template0_BrainCerebellum.nii.gz,data/Brains/1128_3.nii.gz,1,32,Regular,0.25] --convergence [1000x500x250x0,1e-6,10] --shrink-factors 12x8x4x2 --smoothing-sigmas 4x3x2x1vox --transform Affine[0.1] --metric MI[data/template/T_template0_BrainCerebellum.nii.gz,data/Brains/1128_3.nii.gz,1,32,Regular,0.25] --convergence [1000x500x250x0,1e-6,10] --shrink-factors 12x8x4x2 --smoothing-sigmas 4x3x2x1vox --transform SyN[0.1,3,0] --metric MI[data/template/T_template0_BrainCerebellum.nii.gz,data/Brains/1128_3.nii.gz,1,32] --convergence [100x100x70x50x0,1e-6,10] --shrink-factors 10x6x4x2x1 --smoothing-sigmas 5x3x2x1x0vox
--------------------------------------------------------------------------------------
All_Command_lines_OK
Using single precision for computations.
=============================================================================
The composite transform comprises the following transforms (in order): 
  1. Center of mass alignment using fixed image: data/template/T_template0_BrainCerebellum.nii.gz and moving image: data/Brains/1128_3.nii.gz (type = Euler3DTransform)
=============================================================================
  number of levels = 4
  number of levels = 4
  number of levels = 5
  fixed image: data/template/T_template0_BrainCerebellum.nii.gz
  moving image: data/Brains/1128_3.nii.gz
  fixed image: data/template/T_template0_BrainCerebellum.nii.gz
  moving image: data/Brains/1128_3.nii.gz
  fixed image: data/template/T_template0_BrainCerebellum.nii.gz
  moving image: data/Brains/1128_3.nii.gz
Dimension = 3
Number of stages = 3
Use Histogram Matching false
Winsorize image intensities true
Lower quantile = 0.005
Upper quantile = 0.995
Stage 1 State
   Image metric = Mattes
     Fixed image = Image (0x491f670)
  RTTI typeinfo:   itk::Image<float, 3u>
  Reference Count: 2
  Modified Time: 1611
  Debug: Off
  Object Name: 
  Observers: 
    none
  Source: (none)
  Source output name: (none)
  Release Data: Off
  Data Released: False
  Global Release Data: Off
  PipelineMTime: 0
  UpdateMTime: 1422
  RealTimeStamp: 0 seconds 
  LargestPossibleRegion: 
    Dimension: 3
    Index: [0, 0, 0]
    Size: [216, 256, 291]
  BufferedRegion: 
    Dimension: 3
    Index: [0, 0, 0]
    Size: [216, 256, 291]
  RequestedRegion: 
    Dimension: 3
    Index: [0, 0, 0]
    Size: [216, 256, 291]
  Spacing: [1, 1, 1]
  Origin: [0, 293, 0]
  Direction: 
1 0 0
0 -0 -1
0 -1 -0

  IndexToPointMatrix: 
1 0 0
0 0 -1
0 -1 0

  PointToIndexMatrix: 
1 0 0
0 0 -1
0 -1 0

  Inverse Direction: 
1 0 0
0 0 -1
0 -1 0

  PixelContainer: 
    ImportImageContainer (0x49047f0)
      RTTI typeinfo:   itk::ImportImageContainer<unsigned long, float>
      Reference Count: 1
      Modified Time: 1419
      Debug: Off
      Object Name: 
      Observers: 
        none
      Pointer: 0x7fb08a4aa010
      Container manages memory: true
      Size: 16091136
      Capacity: 16091136

     Moving image = Image (0x49200b0)
  RTTI typeinfo:   itk::Image<float, 3u>
  Reference Count: 2
  Modified Time: 1612
  Debug: Off
  Object Name: 
  Observers: 
    none
  Source: (none)
  Source output name: (none)
  Release Data: Off
  Data Released: False
  Global Release Data: Off
  PipelineMTime: 0
  UpdateMTime: 1609
  RealTimeStamp: 0 seconds 
  LargestPossibleRegion: 
    Dimension: 3
    Index: [0, 0, 0]
    Size: [256, 256, 264]
  BufferedRegion: 
    Dimension: 3
    Index: [0, 0, 0]
    Size: [256, 256, 264]
  RequestedRegion: 
    Dimension: 3
    Index: [0, 0, 0]
    Size: [256, 256, 264]
  Spacing: [1, 1, 1]
  Origin: [0, 263, 0]
  Direction: 
1 0 0
0 -0 -1
0 -1 -0

  IndexToPointMatrix: 
1 0 0
0 0 -1
0 -1 0

  PointToIndexMatrix: 
1 0 0
0 0 -1
0 -1 0

  Inverse Direction: 
1 0 0
0 0 -1
0 -1 0

  PixelContainer: 
    ImportImageContainer (0x4922500)
      RTTI typeinfo:   itk::ImportImageContainer<unsigned long, float>
      Reference Count: 1
      Modified Time: 1606
      Debug: Off
      Object Name: 
      Observers: 
        none
      Pointer: 0x7fb0862a9010
      Container manages memory: true
      Size: 17301504
      Capacity: 17301504

     Weighting = 1
     Sampling strategy = regular
     Number of bins = 32
     Radius = 4
     Sampling percentage  = 0.25
   Transform = Rigid
     Gradient step = 0.1
     Update field sigma (voxel space) = 0
     Total field sigma (voxel space) = 0
     Update field time sigma = 0
     Total field time sigma  = 0
     Number of time indices = 0
     Number of time point samples = 0
Stage 2 State
   Image metric = Mattes
     Fixed image = Image (0x492a910)
  RTTI typeinfo:   itk::Image<float, 3u>
  Reference Count: 2
  Modified Time: 1987
  Debug: Off
  Object Name: 
  Observers: 
    none
  Source: (none)
  Source output name: (none)
  Release Data: Off
  Data Released: False
  Global Release Data: Off
  PipelineMTime: 0
  UpdateMTime: 1798
  RealTimeStamp: 0 seconds 
  LargestPossibleRegion: 
    Dimension: 3
    Index: [0, 0, 0]
    Size: [216, 256, 291]
  BufferedRegion: 
    Dimension: 3
    Index: [0, 0, 0]
    Size: [216, 256, 291]
  RequestedRegion: 
    Dimension: 3
    Index: [0, 0, 0]
    Size: [216, 256, 291]
  Spacing: [1, 1, 1]
  Origin: [0, 293, 0]
  Direction: 
1 0 0
0 -0 -1
0 -1 -0

  IndexToPointMatrix: 
1 0 0
0 0 -1
0 -1 0

  PointToIndexMatrix: 
1 0 0
0 0 -1
0 -1 0

  Inverse Direction: 
1 0 0
0 0 -1
0 -1 0

  PixelContainer: 
    ImportImageContainer (0x492b1b0)
      RTTI typeinfo:   itk::ImportImageContainer<unsigned long, float>
      Reference Count: 1
      Modified Time: 1795
      Debug: Off
      Object Name: 
      Observers: 
        none
      Pointer: 0x7fb082546010
      Container manages memory: true
      Size: 16091136
      Capacity: 16091136

     Moving image = Image (0x492aca0)
  RTTI typeinfo:   itk::Image<float, 3u>
  Reference Count: 2
  Modified Time: 1988
  Debug: Off
  Object Name: 
  Observers: 
    none
  Source: (none)
  Source output name: (none)
  Release Data: Off
  Data Released: False
  Global Release Data: Off
  PipelineMTime: 0
  UpdateMTime: 1985
  RealTimeStamp: 0 seconds 
  LargestPossibleRegion: 
    Dimension: 3
    Index: [0, 0, 0]
    Size: [256, 256, 264]
  BufferedRegion: 
    Dimension: 3
    Index: [0, 0, 0]
    Size: [256, 256, 264]
  RequestedRegion: 
    Dimension: 3
    Index: [0, 0, 0]
    Size: [256, 256, 264]
  Spacing: [1, 1, 1]
  Origin: [0, 263, 0]
  Direction: 
1 0 0
0 -0 -1
0 -1 -0

  IndexToPointMatrix: 
1 0 0
0 0 -1
0 -1 0

  PointToIndexMatrix: 
1 0 0
0 0 -1
0 -1 0

  Inverse Direction: 
1 0 0
0 0 -1
0 -1 0

  PixelContainer: 
    ImportImageContainer (0x492b7b0)
      RTTI typeinfo:   itk::ImportImageContainer<unsigned long, float>
      Reference Count: 1
      Modified Time: 1982
      Debug: Off
      Object Name: 
      Observers: 
        none
      Pointer: 0x7fb07e345010
      Container manages memory: true
      Size: 17301504
      Capacity: 17301504

     Weighting = 1
     Sampling strategy = regular
     Number of bins = 32
     Radius = 4
     Sampling percentage  = 0.25
   Transform = Affine
     Gradient step = 0.1
     Update field sigma (voxel space) = 0
     Total field sigma (voxel space) = 0
     Update field time sigma = 0
     Total field time sigma  = 0
     Number of time indices = 0
     Number of time point samples = 0
Stage 3 State
   Image metric = Mattes
     Fixed image = Image (0x49319a0)
  RTTI typeinfo:   itk::Image<float, 3u>
  Reference Count: 2
  Modified Time: 2363
  Debug: Off
  Object Name: 
  Observers: 
    none
  Source: (none)
  Source output name: (none)
  Release Data: Off
  Data Released: False
  Global Release Data: Off
  PipelineMTime: 0
  UpdateMTime: 2174
  RealTimeStamp: 0 seconds 
  LargestPossibleRegion: 
    Dimension: 3
    Index: [0, 0, 0]
    Size: [216, 256, 291]
  BufferedRegion: 
    Dimension: 3
    Index: [0, 0, 0]
    Size: [216, 256, 291]
  RequestedRegion: 
    Dimension: 3
    Index: [0, 0, 0]
    Size: [216, 256, 291]
  Spacing: [1, 1, 1]
  Origin: [0, 293, 0]
  Direction: 
1 0 0
0 -0 -1
0 -1 -0

  IndexToPointMatrix: 
1 0 0
0 0 -1
0 -1 0

  PointToIndexMatrix: 
1 0 0
0 0 -1
0 -1 0

  Inverse Direction: 
1 0 0
0 0 -1
0 -1 0

  PixelContainer: 
    ImportImageContainer (0x4931c30)
      RTTI typeinfo:   itk::ImportImageContainer<unsigned long, float>
      Reference Count: 1
      Modified Time: 2171
      Debug: Off
      Object Name: 
      Observers: 
        none
      Pointer: 0x7fb07a5e2010
      Container manages memory: true
      Size: 16091136
      Capacity: 16091136

     Moving image = Image (0x4934360)
  RTTI typeinfo:   itk::Image<float, 3u>
  Reference Count: 2
  Modified Time: 2364
  Debug: Off
  Object Name: 
  Observers: 
    none
  Source: (none)
  Source output name: (none)
  Release Data: Off
  Data Released: False
  Global Release Data: Off
  PipelineMTime: 0
  UpdateMTime: 2361
  RealTimeStamp: 0 seconds 
  LargestPossibleRegion: 
    Dimension: 3
    Index: [0, 0, 0]
    Size: [256, 256, 264]
  BufferedRegion: 
    Dimension: 3
    Index: [0, 0, 0]
    Size: [256, 256, 264]
  RequestedRegion: 
    Dimension: 3
    Index: [0, 0, 0]
    Size: [256, 256, 264]
  Spacing: [1, 1, 1]
  Origin: [0, 263, 0]
  Direction: 
1 0 0
0 -0 -1
0 -1 -0

  IndexToPointMatrix: 
1 0 0
0 0 -1
0 -1 0

  PointToIndexMatrix: 
1 0 0
0 0 -1
0 -1 0

  Inverse Direction: 
1 0 0
0 0 -1
0 -1 0

  PixelContainer: 
    ImportImageContainer (0x49345f0)
      RTTI typeinfo:   itk::ImportImageContainer<unsigned long, float>
      Reference Count: 1
      Modified Time: 2358
      Debug: Off
      Object Name: 
      Observers: 
        none
      Pointer: 0x7fb0763e1010
      Container manages memory: true
      Size: 17301504
      Capacity: 17301504

     Weighting = 1
     Sampling strategy = none
     Number of bins = 32
     Radius = 4
     Sampling percentage  = 1
   Transform = SyN
     Gradient step = 0.1
     Update field sigma (voxel space) = 3
     Total field sigma (voxel space) = 0
     Update field time sigma = 0
     Total field time sigma  = 0
     Number of time indices = 0
     Number of time point samples = 0
Registration using 3 total stages.

Stage 0
  iterations = 1000x500x250x0
  convergence threshold = 1e-06
  convergence window size = 10
  number of levels = 4
  using the Mattes MI metric (number of bins = 32, weight = 1)
  preprocessing:  winsorizing the image intensities
  Shrink factors (level 1 out of 4): [12, 12, 12]
  Shrink factors (level 2 out of 4): [8, 8, 8]
  Shrink factors (level 3 out of 4): [4, 4, 4]
  Shrink factors (level 4 out of 4): [2, 2, 2]
  smoothing sigmas per level: [4, 3, 2, 1]
  regular sampling (percentage = 0.25)

*** Running Euler3DTransform registration ***

DIAGNOSTIC,Iteration,metricValue,convergenceValue,ITERATION_TIME_INDEX,SINCE_LAST
 2DIAGNOSTIC,     1, -4.021552801132e-01, inf, 1.7831e+01, 1.7831e+01, 
 2DIAGNOSTIC,     2, -4.031202197075e-01, inf, 1.7841e+01, 1.0125e-02, 
 2DIAGNOSTIC,     3, -4.036171138287e-01, inf, 1.7851e+01, 9.9640e-03, 
 2DIAGNOSTIC,     4, -4.039165675640e-01, inf, 1.7861e+01, 9.8960e-03, 
 2DIAGNOSTIC,     5, -4.045907258987e-01, inf, 1.7871e+01, 9.8991e-03, 
 2DIAGNOSTIC,     6, -4.053548574448e-01, inf, 1.7881e+01, 1.0009e-02, 
 2DIAGNOSTIC,     7, -4.104696512222e-01, inf, 1.7894e+01, 1.2774e-02, 
 2DIAGNOSTIC,     8, -4.128591716290e-01, inf, 1.7907e+01, 1.3712e-02, 
 2DIAGNOSTIC,     9, -4.165922105312e-01, inf, 1.7922e+01, 1.4758e-02, 
 2DIAGNOSTIC,    10, -4.173077940941e-01, 2.552429446951e-03, 1.7934e+01, 1.2172e-02, 
 2DIAGNOSTIC,    11, -4.173488914967e-01, 2.517708810046e-03, 1.7945e+01, 1.0434e-02, 
 2DIAGNOSTIC,    12, -4.173248708248e-01, 2.316509839147e-03, 1.7955e+01, 1.0362e-02, 
 2DIAGNOSTIC,    13, -4.171411395073e-01, 1.952355727553e-03, 1.7967e+01, 1.1947e-02, 
 2DIAGNOSTIC,    14, -4.171475470066e-01, 1.479491824284e-03, 1.7979e+01, 1.1950e-02, 
 2DIAGNOSTIC,    15, -4.168439507484e-01, 9.553101263009e-04, 1.7994e+01, 1.5199e-02, 
 2DIAGNOSTIC,    16, -4.170905649662e-01, 4.514547763392e-04, 1.8006e+01, 1.2008e-02, 
 2DIAGNOSTIC,    17, -4.165014922619e-01, 1.491930597695e-04, 1.8017e+01, 1.0460e-02, 
DIAGNOSTIC,Iteration,metricValue,convergenceValue,ITERATION_TIME_INDEX,SINCE_LAST
 2DIAGNOSTIC,     1, -3.557614982128e-01, inf, 3.1500e+01, 1.3483e+01, 
 2DIAGNOSTIC,     2, -3.564496040344e-01, inf, 3.1551e+01, 5.1091e-02, 
 2DIAGNOSTIC,     3, -3.575694859028e-01, inf, 3.1611e+01, 6.0268e-02, 
 2DIAGNOSTIC,     4, -3.578699827194e-01, inf, 3.1672e+01, 6.0318e-02, 
 2DIAGNOSTIC,     5, -3.579645156860e-01, inf, 3.1732e+01, 6.0375e-02, 
 2DIAGNOSTIC,     6, -3.582012355328e-01, inf, 3.1783e+01, 5.0962e-02, 
 2DIAGNOSTIC,     7, -3.584693074226e-01, inf, 3.1843e+01, 6.0325e-02, 
 2DIAGNOSTIC,     8, -3.584335148335e-01, inf, 3.1904e+01, 6.0458e-02, 
 2DIAGNOSTIC,     9, -3.585891723633e-01, inf, 3.1964e+01, 6.0325e-02, 
 2DIAGNOSTIC,    10, -3.588170707226e-01, 4.678604018409e-04, 3.2025e+01, 6.1216e-02, 
 2DIAGNOSTIC,    11, -3.588948845863e-01, 3.135498845950e-04, 3.2077e+01, 5.1996e-02, 
 2DIAGNOSTIC,    12, -3.590277433395e-01, 2.095514792018e-04, 3.2148e+01, 7.0546e-02, 
 2DIAGNOSTIC,    13, -3.590572774410e-01, 1.728643255774e-04, 3.2228e+01, 7.9720e-02, 
 2DIAGNOSTIC,    14, -3.590621650219e-01, 1.434465375496e-04, 3.2289e+01, 6.0958e-02, 
 2DIAGNOSTIC,    15, -3.589909076691e-01, 1.059645801433e-04, 3.2340e+01, 5.1627e-02, 
 2DIAGNOSTIC,    16, -3.589602112770e-01, 7.359069422819e-05, 3.2392e+01, 5.1722e-02, 
 2DIAGNOSTIC,    17, -3.589713871479e-01, 5.166162009118e-05, 3.2453e+01, 6.1043e-02, 
 2DIAGNOSTIC,    18, -3.589840829372e-01, 2.641073115228e-05, 3.2505e+01, 5.2460e-02, 
 2DIAGNOSTIC,    19, -3.589681982994e-01, 7.202921551652e-06, 3.2560e+01, 5.4432e-02, 
 2DIAGNOSTIC,    20, -3.590778410435e-01, 2.865641135941e-06, 3.2612e+01, 5.2196e-02, 
 2DIAGNOSTIC,    21, -3.591498136520e-01, 4.261958565621e-06, 3.2683e+01, 7.0507e-02, 
 2DIAGNOSTIC,    22, -3.591424524784e-01, 9.687007150205e-06, 3.2744e+01, 6.1122e-02, 
 2DIAGNOSTIC,    23, -3.591959476471e-01, 1.677066575212e-05, 3.2795e+01, 5.1536e-02, 
 2DIAGNOSTIC,    24, -3.593720495701e-01, 2.783819218166e-05, 3.2856e+01, 6.1096e-02, 
 2DIAGNOSTIC,    25, -3.593111932278e-01, 3.117128653685e-05, 3.2917e+01, 6.0935e-02, 
 2DIAGNOSTIC,    26, -3.593302965164e-01, 3.116492734989e-05, 3.2978e+01, 6.1064e-02, 
 2DIAGNOSTIC,    27, -3.593864440918e-01, 3.038769136765e-05, 3.3030e+01, 5.1548e-02, 
 2DIAGNOSTIC,    28, -3.593900799751e-01, 2.734661393333e-05, 3.3082e+01, 5.1708e-02, 
 2DIAGNOSTIC,    29, -3.597170412540e-01, 3.041724085051e-05, 3.3133e+01, 5.1607e-02, 
 2DIAGNOSTIC,    30, -3.599196374416e-01, 3.850801658700e-05, 3.3204e+01, 7.0683e-02, 
 2DIAGNOSTIC,    31, -3.604514598846e-01, 5.799859718536e-05, 3.3302e+01, 9.8562e-02, 
 2DIAGNOSTIC,    32, -3.603913486004e-01, 6.897881394252e-05, 3.3354e+01, 5.1519e-02, 
 2DIAGNOSTIC,    33, -3.606824576855e-01, 8.121770224534e-05, 3.3415e+01, 6.0922e-02, 
 2DIAGNOSTIC,    34, -3.608021736145e-01, 9.191543358611e-05, 3.3476e+01, 6.0980e-02, 
 2DIAGNOSTIC,    35, -3.608751595020e-01, 9.346284059575e-05, 3.3537e+01, 6.0834e-02, 
 2DIAGNOSTIC,    36, -3.608607649803e-01, 8.619145228295e-05, 3.3588e+01, 5.1497e-02, 
 2DIAGNOSTIC,    37, -3.608936965466e-01, 7.328043284360e-05, 3.3649e+01, 6.0837e-02, 
 2DIAGNOSTIC,    38, -3.610052168369e-01, 5.648448495776e-05, 3.3701e+01, 5.1586e-02, 
 2DIAGNOSTIC,    39, -3.610998392105e-01, 4.366643770481e-05, 3.3752e+01, 5.1449e-02, 
 2DIAGNOSTIC,    40, -3.611891865730e-01, 3.290994209237e-05, 3.3813e+01, 6.0820e-02, 
 2DIAGNOSTIC,    41, -3.613150417805e-01, 3.244843901484e-05, 3.3883e+01, 7.0014e-02, 
 2DIAGNOSTIC,    42, -3.612674176693e-01, 2.681347177713e-05, 3.3934e+01, 5.1425e-02, 
 2DIAGNOSTIC,    43, -3.613765835762e-01, 2.629925802466e-05, 3.3995e+01, 6.0708e-02, 
 2DIAGNOSTIC,    44, -3.613700568676e-01, 2.529709854571e-05, 3.4046e+01, 5.1413e-02, 
 2DIAGNOSTIC,    45, -3.616523146629e-01, 2.824842522386e-05, 3.4135e+01, 8.8703e-02, 
 2DIAGNOSTIC,    46, -3.616964221001e-01, 2.883122579078e-05, 3.4187e+01, 5.1458e-02, 
 2DIAGNOSTIC,    47, -3.616407513618e-01, 2.633630538185e-05, 3.4238e+01, 5.1378e-02, 
 2DIAGNOSTIC,    48, -3.616988360882e-01, 2.437188049953e-05, 3.4299e+01, 6.0792e-02, 
 2DIAGNOSTIC,    49, -3.618446588516e-01, 2.401673918939e-05, 3.4378e+01, 7.9442e-02, 
 2DIAGNOSTIC,    50, -3.619418144226e-01, 2.419880001980e-05, 3.4439e+01, 6.0745e-02, 
 2DIAGNOSTIC,    51, -3.619495332241e-01, 2.419777956675e-05, 3.4500e+01, 6.0644e-02, 
 2DIAGNOSTIC,    52, -3.619166016579e-01, 2.079237128783e-05, 3.4551e+01, 5.1386e-02, 
 2DIAGNOSTIC,    53, -3.618876934052e-01, 1.685966708465e-05, 3.4602e+01, 5.1303e-02, 
 2DIAGNOSTIC,    54, -3.619032204151e-01, 1.148428236775e-05, 3.4654e+01, 5.1455e-02, 
 2DIAGNOSTIC,    55, -3.620063662529e-01, 1.072764098353e-05, 3.4705e+01, 5.1380e-02, 
 2DIAGNOSTIC,    56, -3.621271550655e-01, 1.136343689723e-05, 3.4766e+01, 6.0713e-02, 
 2DIAGNOSTIC,    57, -3.622889220715e-01, 1.241396421392e-05, 3.4826e+01, 6.0541e-02, 
 2DIAGNOSTIC,    58, -3.622663915157e-01, 1.272069221159e-05, 3.4896e+01, 6.9968e-02, 
 2DIAGNOSTIC,    59, -3.623339235783e-01, 1.471166615374e-05, 3.4949e+01, 5.2165e-02, 
 2DIAGNOSTIC,    60, -3.625172674656e-01, 1.892418185889e-05, 3.5030e+01, 8.1042e-02, 
 2DIAGNOSTIC,    61, -3.625120520592e-01, 2.117054282280e-05, 3.5081e+01, 5.1410e-02, 
 2DIAGNOSTIC,    62, -3.625640571117e-01, 2.163887802453e-05, 3.5142e+01, 6.0836e-02, 
 2DIAGNOSTIC,    63, -3.625764250755e-01, 1.989863631024e-05, 3.5193e+01, 5.1365e-02, 
 2DIAGNOSTIC,    64, -3.625984489918e-01, 1.680391142145e-05, 3.5245e+01, 5.1477e-02, 
 2DIAGNOSTIC,    65, -3.627824783325e-01, 1.566095124872e-05, 3.5324e+01, 7.9395e-02, 
 2DIAGNOSTIC,    66, -3.627569377422e-01, 1.411768062098e-05, 3.5386e+01, 6.1801e-02, 
 2DIAGNOSTIC,    67, -3.627696633339e-01, 1.344186966890e-05, 3.5447e+01, 6.0756e-02, 
 2DIAGNOSTIC,    68, -3.628204166889e-01, 1.188752685266e-05, 3.5508e+01, 6.0887e-02, 
 2DIAGNOSTIC,    69, -3.627929091454e-01, 9.652086191636e-06, 3.5568e+01, 6.0792e-02, 
 2DIAGNOSTIC,    70, -3.628097772598e-01, 8.844357580529e-06, 3.5629e+01, 6.0876e-02, 
 2DIAGNOSTIC,    71, -3.628614842892e-01, 7.752743840683e-06, 3.5691e+01, 6.1380e-02, 
 2DIAGNOSTIC,    72, -3.628672957420e-01, 6.629991275986e-06, 3.5743e+01, 5.2578e-02, 
 2DIAGNOSTIC,    73, -3.628433644772e-01, 4.828576038562e-06, 3.5804e+01, 6.0649e-02, 
 2DIAGNOSTIC,    74, -3.628162443638e-01, 2.560266011642e-06, 3.5864e+01, 6.0710e-02, 
 2DIAGNOSTIC,    75, -3.628339469433e-01, 2.287325742145e-06, 3.5999e+01, 1.3471e-01, 
 2DIAGNOSTIC,    76, -3.628335893154e-01, 1.548805357743e-06, 3.6051e+01, 5.1422e-02, 
DIAGNOSTIC,Iteration,metricValue,convergenceValue,ITERATION_TIME_INDEX,SINCE_LAST
 2DIAGNOSTIC,     1, -3.026002645493e-01, inf, 4.4509e+01, 8.4587e+00, 
 2DIAGNOSTIC,     2, -3.031553924084e-01, inf, 4.4917e+01, 4.0759e-01, 
 2DIAGNOSTIC,     3, -3.036657869816e-01, inf, 4.5405e+01, 4.8815e-01, 
 2DIAGNOSTIC,     4, -3.039104640484e-01, inf, 4.5815e+01, 4.1039e-01, 
 2DIAGNOSTIC,     5, -3.040309548378e-01, inf, 4.6224e+01, 4.0845e-01, 
 2DIAGNOSTIC,     6, -3.041351139545e-01, inf, 4.6712e+01, 4.8835e-01, 
 2DIAGNOSTIC,     7, -3.042662739754e-01, inf, 4.7201e+01, 4.8846e-01, 
 2DIAGNOSTIC,     8, -3.042910099030e-01, inf, 4.7689e+01, 4.8856e-01, 
 2DIAGNOSTIC,     9, -3.044005632401e-01, inf, 4.8587e+01, 8.9813e-01, 
 2DIAGNOSTIC,    10, -3.043942153454e-01, 3.308961167932e-04, 4.9406e+01, 8.1879e-01, 
 2DIAGNOSTIC,    11, -3.043963313103e-01, 2.038993698079e-04, 4.9897e+01, 4.9114e-01, 
 2DIAGNOSTIC,    12, -3.043941855431e-01, 1.223251019837e-04, 5.0390e+01, 4.9266e-01, 
 2DIAGNOSTIC,    13, -3.043923377991e-01, 7.871068373788e-05, 5.0801e+01, 4.1104e-01, 
 2DIAGNOSTIC,    14, -3.043920397758e-01, 5.059813338448e-05, 5.1374e+01, 5.7245e-01, 
 2DIAGNOSTIC,    15, -3.043895363808e-01, 2.909428803832e-05, 5.1783e+01, 4.0981e-01, 
 2DIAGNOSTIC,    16, -3.043885827065e-01, 1.374107159791e-05, 5.2193e+01, 4.0931e-01, 
 2DIAGNOSTIC,    17, -3.043888807297e-01, 6.370785740728e-06, 5.2607e+01, 4.1407e-01, 
DIAGNOSTIC,Iteration,metricValue,convergenceValue,ITERATION_TIME_INDEX,SINCE_LAST
 2DIAGNOSTIC,     1, -2.609243988991e-01, inf, 6.0681e+01, 8.0741e+00, 
  Elapsed time (stage 0): 6.2375e+01


Stage 1
  iterations = 1000x500x250x0
  convergence threshold = 1.0000e-06
  convergence window size = 10
  number of levels = 4
  using the Mattes MI metric (number of bins = 32, weight = 1.0000e+00)
  preprocessing:  winsorizing the image intensities
  Shrink factors (level 1 out of 4): [12, 12, 12]
  Shrink factors (level 2 out of 4): [8, 8, 8]
  Shrink factors (level 3 out of 4): [4, 4, 4]
  Shrink factors (level 4 out of 4): [2, 2, 2]
  smoothing sigmas per level: [4, 3, 2, 1]
  regular sampling (percentage = 2.5000e-01)

*** Running AffineTransform registration ***

DIAGNOSTIC,Iteration,metricValue,convergenceValue,ITERATION_TIME_INDEX,SINCE_LAST
 2DIAGNOSTIC,     1, -4.171607792377e-01, inf, 1.7666e+01, 1.7666e+01, 
 2DIAGNOSTIC,     2, -4.180858433247e-01, inf, 1.7680e+01, 1.3303e-02, 
 2DIAGNOSTIC,     3, -4.190748929977e-01, inf, 1.7693e+01, 1.3612e-02, 
 2DIAGNOSTIC,     4, -4.223584234715e-01, inf, 1.7707e+01, 1.3284e-02, 
 2DIAGNOSTIC,     5, -4.272267222404e-01, inf, 1.7722e+01, 1.5667e-02, 
 2DIAGNOSTIC,     6, -4.302670061588e-01, inf, 1.7738e+01, 1.5352e-02, 
 2DIAGNOSTIC,     7, -4.318479597569e-01, inf, 1.7752e+01, 1.4339e-02, 
 2DIAGNOSTIC,     8, -4.396137297153e-01, inf, 1.7767e+01, 1.4698e-02, 
 2DIAGNOSTIC,     9, -4.665729403496e-01, inf, 1.7782e+01, 1.5306e-02, 
 2DIAGNOSTIC,    10, -4.746892154217e-01, 7.799211423844e-03, 1.7801e+01, 1.9080e-02, 
 2DIAGNOSTIC,    11, -4.773764014244e-01, 8.543157950044e-03, 1.7818e+01, 1.7137e-02, 
 2DIAGNOSTIC,    12, -4.803199768066e-01, 8.621519431472e-03, 1.7840e+01, 2.1356e-02, 
 2DIAGNOSTIC,    13, -4.842099845409e-01, 8.140981197357e-03, 1.7855e+01, 1.5202e-02, 
 2DIAGNOSTIC,    14, -4.865028560162e-01, 7.221773732454e-03, 1.7872e+01, 1.6883e-02, 
 2DIAGNOSTIC,    15, -4.877700805664e-01, 6.029488984495e-03, 1.7888e+01, 1.6853e-02, 
 2DIAGNOSTIC,    16, -4.881397187710e-01, 4.599015694112e-03, 1.7907e+01, 1.8519e-02, 
 2DIAGNOSTIC,    17, -4.883987605572e-01, 3.002605866641e-03, 1.7924e+01, 1.6771e-02, 
 2DIAGNOSTIC,    18, -4.886669516563e-01, 1.572940032929e-03, 1.7940e+01, 1.6683e-02, 
 2DIAGNOSTIC,    19, -4.888264238834e-01, 1.035863533616e-03, 1.7955e+01, 1.4959e-02, 
 2DIAGNOSTIC,    20, -4.888758063316e-01, 7.119319634512e-04, 1.7972e+01, 1.6666e-02, 
 2DIAGNOSTIC,    21, -4.889495670795e-01, 4.354242119007e-04, 1.7987e+01, 1.4907e-02, 
 2DIAGNOSTIC,    22, -4.890264570713e-01, 2.274402067997e-04, 1.8002e+01, 1.4873e-02, 
 2DIAGNOSTIC,    23, -4.890612363815e-01, 1.205832450069e-04, 1.8017e+01, 1.5010e-02, 
 2DIAGNOSTIC,    24, -4.893985688686e-01, 7.814181299182e-05, 1.8035e+01, 1.8610e-02, 
 2DIAGNOSTIC,    25, -4.896240234375e-01, 6.816968380008e-05, 1.8054e+01, 1.8617e-02, 
 2DIAGNOSTIC,    26, -4.897117018700e-01, 6.331224722089e-05, 1.8071e+01, 1.6718e-02, 
 2DIAGNOSTIC,    27, -4.900765120983e-01, 6.701207166770e-05, 1.8088e+01, 1.6901e-02, 
 2DIAGNOSTIC,    28, -4.901512265205e-01, 7.143817492761e-05, 1.8103e+01, 1.4994e-02, 
 2DIAGNOSTIC,    29, -4.902569055557e-01, 7.440977788065e-05, 1.8118e+01, 1.5000e-02, 
 2DIAGNOSTIC,    30, -4.904312193394e-01, 7.472034485545e-05, 1.8133e+01, 1.4965e-02, 
 2DIAGNOSTIC,    31, -4.907018244267e-01, 7.470826676581e-05, 1.8148e+01, 1.4985e-02, 
 2DIAGNOSTIC,    32, -4.908958077431e-01, 7.275681127794e-05, 1.8164e+01, 1.6733e-02, 
 2DIAGNOSTIC,    33, -4.912051260471e-01, 7.026526145637e-05, 1.8187e+01, 2.2144e-02, 
 2DIAGNOSTIC,    34, -4.913508296013e-01, 6.982648483245e-05, 1.8201e+01, 1.4945e-02, 
 2DIAGNOSTIC,    35, -4.912299215794e-01, 6.469882646343e-05, 1.8216e+01, 1.4947e-02, 
 2DIAGNOSTIC,    36, -4.913032352924e-01, 5.643461918226e-05, 1.8231e+01, 1.4908e-02, 
 2DIAGNOSTIC,    37, -4.915718734264e-01, 5.354221502785e-05, 1.8248e+01, 1.6803e-02, 
 2DIAGNOSTIC,    38, -4.918025434017e-01, 5.042452539783e-05, 1.8268e+01, 2.0145e-02, 
 2DIAGNOSTIC,    39, -4.918629229069e-01, 4.524126779870e-05, 1.8283e+01, 1.4929e-02, 
 2DIAGNOSTIC,    40, -4.917165040970e-01, 3.660672882688e-05, 1.8300e+01, 1.6668e-02, 
 2DIAGNOSTIC,    41, -4.917850196362e-01, 3.004406971741e-05, 1.8317e+01, 1.6775e-02, 
 2DIAGNOSTIC,    42, -4.918889403343e-01, 2.499866968719e-05, 1.8333e+01, 1.6726e-02, 
 2DIAGNOSTIC,    43, -4.919310510159e-01, 2.256207699247e-05, 1.8352e+01, 1.8476e-02, 
 2DIAGNOSTIC,    44, -4.917654395103e-01, 1.800407335395e-05, 1.8368e+01, 1.6631e-02, 
 2DIAGNOSTIC,    45, -4.916060268879e-01, 8.478556992486e-06, 1.8387e+01, 1.8379e-02, 
 2DIAGNOSTIC,    46, -4.917755126953e-01, 1.757743461894e-06, 1.8407e+01, 2.0071e-02, 
DIAGNOSTIC,Iteration,metricValue,convergenceValue,ITERATION_TIME_INDEX,SINCE_LAST
 2DIAGNOSTIC,     1, -4.204370677471e-01, inf, 3.1787e+01, 1.3381e+01, 
 2DIAGNOSTIC,     2, -4.211630821228e-01, inf, 3.1855e+01, 6.7851e-02, 
 2DIAGNOSTIC,     3, -4.222801327705e-01, inf, 3.1923e+01, 6.7319e-02, 
 2DIAGNOSTIC,     4, -4.237485527992e-01, inf, 3.1990e+01, 6.7252e-02, 
 2DIAGNOSTIC,     5, -4.247010946274e-01, inf, 3.2057e+01, 6.7353e-02, 
 2DIAGNOSTIC,     6, -4.254199266434e-01, inf, 3.2156e+01, 9.8559e-02, 
 2DIAGNOSTIC,     7, -4.260356724262e-01, inf, 3.2234e+01, 7.7737e-02, 
 2DIAGNOSTIC,     8, -4.262105226517e-01, inf, 3.2311e+01, 7.7393e-02, 
 2DIAGNOSTIC,     9, -4.263436198235e-01, inf, 3.2378e+01, 6.7283e-02, 
 2DIAGNOSTIC,    10, -4.264113008976e-01, 9.708873112686e-04, 3.2498e+01, 1.1979e-01, 
 2DIAGNOSTIC,    11, -4.264634549618e-01, 7.051904685795e-04, 3.2566e+01, 6.7530e-02, 
 2DIAGNOSTIC,    12, -4.265134036541e-01, 4.636798985302e-04, 3.2633e+01, 6.7596e-02, 
 2DIAGNOSTIC,    13, -4.265670180321e-01, 2.768572012428e-04, 3.2711e+01, 7.7905e-02, 
 2DIAGNOSTIC,    14, -4.265861511230e-01, 1.624132710276e-04, 3.2778e+01, 6.6553e-02, 
 2DIAGNOSTIC,    15, -4.265670180321e-01, 8.977735706139e-05, 3.2856e+01, 7.8346e-02, 
 2DIAGNOSTIC,    16, -4.265459477901e-01, 4.682557482738e-05, 3.2925e+01, 6.9067e-02, 
 2DIAGNOSTIC,    17, -4.265329837799e-01, 2.840407069016e-05, 3.2993e+01, 6.8456e-02, 
 2DIAGNOSTIC,    18, -4.265781939030e-01, 1.762499960023e-05, 3.3060e+01, 6.6202e-02, 
 2DIAGNOSTIC,    19, -4.265645742416e-01, 1.062037063093e-05, 3.3169e+01, 1.0896e-01, 
 2DIAGNOSTIC,    20, -4.266421496868e-01, 8.373865057365e-06, 3.3237e+01, 6.7912e-02, 
 2DIAGNOSTIC,    21, -4.266945719719e-01, 8.984528903966e-06, 3.3315e+01, 7.8343e-02, 
 2DIAGNOSTIC,    22, -4.268225431442e-01, 1.417447219865e-05, 3.3392e+01, 7.6711e-02, 
 2DIAGNOSTIC,    23, -4.268428981304e-01, 1.976599014597e-05, 3.3459e+01, 6.7716e-02, 
 2DIAGNOSTIC,    24, -4.268134534359e-01, 2.292711542395e-05, 3.3567e+01, 1.0724e-01, 
 2DIAGNOSTIC,    25, -4.268141984940e-01, 2.339326783840e-05, 3.3645e+01, 7.8198e-02, 
 2DIAGNOSTIC,    26, -4.268149435520e-01, 2.119572491210e-05, 3.3742e+01, 9.7112e-02, 
 2DIAGNOSTIC,    27, -4.268143773079e-01, 1.686896393949e-05, 3.3820e+01, 7.8234e-02, 
 2DIAGNOSTIC,    28, -4.268145561218e-01, 1.249023534911e-05, 3.3888e+01, 6.7810e-02, 
 2DIAGNOSTIC,    29, -4.268147051334e-01, 7.053176886984e-06, 3.3955e+01, 6.7578e-02, 
 2DIAGNOSTIC,    30, -4.268158972263e-01, 3.178787892466e-06, 3.4022e+01, 6.6607e-02, 
DIAGNOSTIC,Iteration,metricValue,convergenceValue,ITERATION_TIME_INDEX,SINCE_LAST
 2DIAGNOSTIC,     1, -3.531267940998e-01, inf, 4.2507e+01, 8.4845e+00, 
 2DIAGNOSTIC,     2, -3.533230721951e-01, inf, 4.3042e+01, 5.3575e-01, 
 2DIAGNOSTIC,     3, -3.535361289978e-01, inf, 4.3572e+01, 5.2997e-01, 
 2DIAGNOSTIC,     4, -3.538178801537e-01, inf, 4.4107e+01, 5.3502e-01, 
 2DIAGNOSTIC,     5, -3.541688621044e-01, inf, 4.4639e+01, 5.3158e-01, 
 2DIAGNOSTIC,     6, -3.544497489929e-01, inf, 4.5261e+01, 6.2236e-01, 
 2DIAGNOSTIC,     7, -3.546097278595e-01, inf, 4.6134e+01, 8.7241e-01, 
 2DIAGNOSTIC,     8, -3.546564280987e-01, inf, 4.6758e+01, 6.2433e-01, 
 2DIAGNOSTIC,     9, -3.546571433544e-01, inf, 4.7289e+01, 5.3060e-01, 
 2DIAGNOSTIC,    10, -3.547058105469e-01, 3.199843631592e-04, 4.7822e+01, 5.3322e-01, 
 2DIAGNOSTIC,    11, -3.547686040401e-01, 2.444160636514e-04, 4.8359e+01, 5.3727e-01, 
 2DIAGNOSTIC,    12, -3.548426032066e-01, 1.777365541784e-04, 4.9418e+01, 1.0590e+00, 
 2DIAGNOSTIC,    13, -3.548491597176e-01, 1.190026086988e-04, 5.0042e+01, 6.2435e-01, 
 2DIAGNOSTIC,    14, -3.548501133919e-01, 7.412939885398e-05, 5.0574e+01, 5.3172e-01, 
 2DIAGNOSTIC,    15, -3.548528254032e-01, 4.732468005386e-05, 5.1195e+01, 6.2033e-01, 
 2DIAGNOSTIC,    16, -3.548566401005e-01, 3.372557330295e-05, 5.1733e+01, 5.3813e-01, 
 2DIAGNOSTIC,    17, -3.548579514027e-01, 2.631614006532e-05, 5.2269e+01, 5.3649e-01, 
 2DIAGNOSTIC,    18, -3.548674881458e-01, 2.003404006246e-05, 5.2804e+01, 5.3496e-01, 
 2DIAGNOSTIC,    19, -3.548857867718e-01, 1.353751031274e-05, 5.3341e+01, 5.3695e-01, 
 2DIAGNOSTIC,    20, -3.549077212811e-01, 9.369280633109e-06, 5.3873e+01, 5.3237e-01, 
 2DIAGNOSTIC,    21, -3.549430668354e-01, 8.530579179933e-06, 5.4497e+01, 6.2331e-01, 
 2DIAGNOSTIC,    22, -3.549645245075e-01, 1.056791097653e-05, 5.5468e+01, 9.7168e-01, 
 2DIAGNOSTIC,    23, -3.549720942974e-01, 1.206701290357e-05, 5.6096e+01, 6.2766e-01, 
 2DIAGNOSTIC,    24, -3.549720048904e-01, 1.247463023901e-05, 5.6622e+01, 5.2625e-01, 
 2DIAGNOSTIC,    25, -3.549675941467e-01, 1.174626777356e-05, 5.7246e+01, 6.2335e-01, 
 2DIAGNOSTIC,    26, -3.549700081348e-01, 1.027690996125e-05, 5.7772e+01, 5.2589e-01, 
 2DIAGNOSTIC,    27, -3.549603223801e-01, 7.805170753272e-06, 5.8395e+01, 6.2340e-01, 
 2DIAGNOSTIC,    28, -3.549551069736e-01, 5.018716365157e-06, 5.8920e+01, 5.2487e-01, 
 2DIAGNOSTIC,    29, -3.549644052982e-01, 2.826445324899e-06, 5.9455e+01, 5.3533e-01, 
 2DIAGNOSTIC,    30, -3.549777567387e-01, 1.531501197860e-06, 6.0064e+01, 6.0864e-01, 
 2DIAGNOSTIC,    31, -3.549810945988e-01, 1.253229356735e-06, 6.0599e+01, 5.3524e-01, 
 2DIAGNOSTIC,    32, -3.549933731556e-01, 1.818274427023e-06, 6.1209e+01, 6.0981e-01, 
 2DIAGNOSTIC,    33, -3.550105094910e-01, 2.870494427043e-06, 6.1831e+01, 6.2195e-01, 
 2DIAGNOSTIC,    34, -3.550264835358e-01, 4.042933596793e-06, 6.2610e+01, 7.7941e-01, 
 2DIAGNOSTIC,    35, -3.550314605236e-01, 4.852497113461e-06, 6.3229e+01, 6.1901e-01, 
 2DIAGNOSTIC,    36, -3.550247251987e-01, 5.158016847417e-06, 6.3755e+01, 5.2531e-01, 
 2DIAGNOSTIC,    37, -3.550244569778e-01, 4.840072051593e-06, 6.4288e+01, 5.3396e-01, 
 2DIAGNOSTIC,    38, -3.550361096859e-01, 4.286324838176e-06, 6.4824e+01, 5.3537e-01, 
 2DIAGNOSTIC,    39, -3.550399243832e-01, 3.682391707116e-06, 6.5359e+01, 5.3485e-01, 
 2DIAGNOSTIC,    40, -3.550687730312e-01, 3.685384399432e-06, 6.6239e+01, 8.8055e-01, 
 2DIAGNOSTIC,    41, -3.550703823566e-01, 3.501779474391e-06, 6.6864e+01, 6.2448e-01, 
 2DIAGNOSTIC,    42, -3.550726473331e-01, 3.346639005031e-06, 6.7397e+01, 5.3347e-01, 
 2DIAGNOSTIC,    43, -3.550709187984e-01, 3.233015831938e-06, 6.7934e+01, 5.3702e-01, 
 2DIAGNOSTIC,    44, -3.550789952278e-01, 3.317946038806e-06, 6.8469e+01, 5.3517e-01, 
 2DIAGNOSTIC,    45, -3.550846278667e-01, 3.333759423185e-06, 6.9006e+01, 5.3699e-01, 
 2DIAGNOSTIC,    46, -3.551087379456e-01, 3.399694605832e-06, 6.9629e+01, 6.2246e-01, 
 2DIAGNOSTIC,    47, -3.551254272461e-01, 3.477598738755e-06, 7.0516e+01, 8.8716e-01, 
 2DIAGNOSTIC,    48, -3.551379442215e-01, 3.690078528962e-06, 7.1139e+01, 6.2279e-01, 
 2DIAGNOSTIC,    49, -3.551387786865e-01, 3.668650379041e-06, 7.1676e+01, 5.3678e-01, 
 2DIAGNOSTIC,    50, -3.551401793957e-01, 3.845479568554e-06, 7.2209e+01, 5.3344e-01, 
 2DIAGNOSTIC,    51, -3.551427721977e-01, 3.769413069676e-06, 7.2831e+01, 6.2211e-01, 
 2DIAGNOSTIC,    52, -3.551431596279e-01, 3.431959839872e-06, 7.3450e+01, 6.1907e-01, 
 2DIAGNOSTIC,    53, -3.551609814167e-01, 3.079784846705e-06, 7.4250e+01, 7.9962e-01, 
 2DIAGNOSTIC,    54, -3.551636636257e-01, 2.660353402462e-06, 7.4785e+01, 5.3516e-01, 
 2DIAGNOSTIC,    55, -3.551640808582e-01, 2.142827952412e-06, 7.5320e+01, 5.3527e-01, 
 2DIAGNOSTIC,    56, -3.551698923111e-01, 1.920737759065e-06, 7.5942e+01, 6.2131e-01, 
 2DIAGNOSTIC,    57, -3.551661968231e-01, 1.751682475515e-06, 7.6563e+01, 6.2144e-01, 
 2DIAGNOSTIC,    58, -3.551630973816e-01, 1.602514203114e-06, 7.7091e+01, 5.2817e-01, 
 2DIAGNOSTIC,    59, -3.551597595215e-01, 1.323421543020e-06, 7.7716e+01, 6.2509e-01, 
 2DIAGNOSTIC,    60, -3.551658689976e-01, 1.080893753169e-06, 7.8499e+01, 7.8226e-01, 
DIAGNOSTIC,Iteration,metricValue,convergenceValue,ITERATION_TIME_INDEX,SINCE_LAST
 2DIAGNOSTIC,     1, -3.025149703026e-01, inf, 8.7617e+01, 9.1189e+00, 
  Elapsed time (stage 1): 8.9308e+01


Stage 2
  iterations = 100x100x70x50x0
  convergence threshold = 1.0000e-06
  convergence window size = 10
  number of levels = 5
  using the Mattes MI metric (number of bins = 32, weight = 1.0000e+00)
  preprocessing:  winsorizing the image intensities
  Shrink factors (level 1 out of 5): [10, 10, 10]
  Shrink factors (level 2 out of 5): [6, 6, 6]
  Shrink factors (level 3 out of 5): [4, 4, 4]
  Shrink factors (level 4 out of 5): [2, 2, 2]
  Shrink factors (level 5 out of 5): [1, 1, 1]
  smoothing sigmas per level: [5, 3, 2, 1, 0]
  Using default NONE metricSamplingStrategy 

*** Running SyN registration (varianceForUpdateField = 3.0000e+00, varianceForTotalField = 0.0000e+00) ***

XXDIAGNOSTIC,Iteration,metricValue,convergenceValue,ITERATION_TIME_INDEX,SINCE_LAST
 1DIAGNOSTIC,     1, -4.943861365318e-01, inf, 3.0327e+01, 3.0327e+01, 
 1DIAGNOSTIC,     2, -5.092239379883e-01, inf, 3.0480e+01, 1.5301e-01, 
 1DIAGNOSTIC,     3, -5.239621400833e-01, inf, 3.0626e+01, 1.4621e-01, 
 1DIAGNOSTIC,     4, -5.304882526398e-01, inf, 3.0780e+01, 1.5359e-01, 
 1DIAGNOSTIC,     5, -5.323349237442e-01, inf, 3.0926e+01, 1.4657e-01, 
 1DIAGNOSTIC,     6, -5.323385000229e-01, inf, 3.1077e+01, 1.5015e-01, 
 1DIAGNOSTIC,     7, -5.320279598236e-01, inf, 3.1227e+01, 1.5025e-01, 
 1DIAGNOSTIC,     8, -5.295400023460e-01, inf, 3.1373e+01, 1.4654e-01, 
 1DIAGNOSTIC,     9, -5.275019407272e-01, inf, 3.1521e+01, 1.4746e-01, 
 1DIAGNOSTIC,    10, -5.253134369850e-01, 2.799669047818e-03, 3.1668e+01, 1.4747e-01, 
 1DIAGNOSTIC,    11, -5.212022066116e-01, 4.819720052183e-04, 3.1816e+01, 1.4762e-01, 
 1DIAGNOSTIC,    12, -5.202553272247e-01, -8.763067889959e-04, 3.1963e+01, 1.4719e-01, 
XXDIAGNOSTIC,Iteration,metricValue,convergenceValue,ITERATION_TIME_INDEX,SINCE_LAST
 1DIAGNOSTIC,     1, -4.077273011208e-01, inf, 4.5728e+01, 1.3765e+01, 
 1DIAGNOSTIC,     2, -4.104641079903e-01, inf, 4.6320e+01, 5.9231e-01, 
 1DIAGNOSTIC,     3, -4.121851921082e-01, inf, 4.6897e+01, 5.7701e-01, 
 1DIAGNOSTIC,     4, -4.128685891628e-01, inf, 4.7475e+01, 5.7770e-01, 
 1DIAGNOSTIC,     5, -4.133611917496e-01, inf, 4.8052e+01, 5.7737e-01, 
 1DIAGNOSTIC,     6, -4.129600226879e-01, inf, 4.8630e+01, 5.7781e-01, 
 1DIAGNOSTIC,     7, -4.123363196850e-01, inf, 4.9207e+01, 5.7707e-01, 
 1DIAGNOSTIC,     8, -4.116900265217e-01, inf, 4.9787e+01, 5.7952e-01, 
 1DIAGNOSTIC,     9, -4.111729264259e-01, inf, 5.0366e+01, 5.7901e-01, 
 1DIAGNOSTIC,    10, -4.104418754578e-01, 1.876754104160e-04, 5.0960e+01, 5.9457e-01, 
 1DIAGNOSTIC,    11, -4.093872606754e-01, -2.906664449256e-04, 5.1539e+01, 5.7861e-01, 
XXDIAGNOSTIC,Iteration,metricValue,convergenceValue,ITERATION_TIME_INDEX,SINCE_LAST
 1DIAGNOSTIC,     1, -3.488594293594e-01, inf, 6.1307e+01, 9.7681e+00, 
 1DIAGNOSTIC,     2, -3.495948016644e-01, inf, 6.3151e+01, 1.8441e+00, 
 1DIAGNOSTIC,     3, -3.502795100212e-01, inf, 6.5000e+01, 1.8486e+00, 
 1DIAGNOSTIC,     4, -3.504785299301e-01, inf, 6.6789e+01, 1.7895e+00, 
 1DIAGNOSTIC,     5, -3.506485223770e-01, inf, 6.8577e+01, 1.7881e+00, 
 1DIAGNOSTIC,     6, -3.507294654846e-01, inf, 7.0363e+01, 1.7855e+00, 
 1DIAGNOSTIC,     7, -3.506548702717e-01, inf, 7.2166e+01, 1.8029e+00, 
 1DIAGNOSTIC,     8, -3.503749370575e-01, inf, 7.3958e+01, 1.7925e+00, 
 1DIAGNOSTIC,     9, -3.499755859375e-01, inf, 7.5747e+01, 1.7890e+00, 
 1DIAGNOSTIC,    10, -3.495365977287e-01, 9.836404933594e-05, 7.7540e+01, 1.7931e+00, 
 1DIAGNOSTIC,    11, -3.490997552872e-01, -1.179577157018e-04, 7.9338e+01, 1.7972e+00, 
XXDIAGNOSTIC,Iteration,metricValue,convergenceValue,ITERATION_TIME_INDEX,SINCE_LAST
 1DIAGNOSTIC,     1, -2.940855324268e-01, inf, 9.8889e+01, 1.9551e+01, 
 1DIAGNOSTIC,     2, -2.949265837669e-01, inf, 1.1222e+02, 1.3335e+01, 
 1DIAGNOSTIC,     3, -2.958680987358e-01, inf, 1.2508e+02, 1.2861e+01, 
 1DIAGNOSTIC,     4, -2.966060936451e-01, inf, 1.3796e+02, 1.2877e+01, 
 1DIAGNOSTIC,     5, -2.972702980042e-01, inf, 1.5083e+02, 1.2869e+01, 
 1DIAGNOSTIC,     6, -2.978088259697e-01, inf, 1.6365e+02, 1.2821e+01, 
 1DIAGNOSTIC,     7, -2.983658909798e-01, inf, 1.7650e+02, 1.2851e+01, 
 1DIAGNOSTIC,     8, -2.988829016685e-01, inf, 1.8982e+02, 1.3322e+01, 
 1DIAGNOSTIC,     9, -2.993263602257e-01, inf, 2.0355e+02, 1.3722e+01, 
 1DIAGNOSTIC,    10, -2.997688055038e-01, 1.203361549415e-03, 2.1736e+02, 1.3818e+01, 
 1DIAGNOSTIC,    11, -3.000997900963e-01, 9.872246300802e-04, 2.3114e+02, 1.3779e+01, 
 1DIAGNOSTIC,    12, -3.004245460033e-01, 8.104591397569e-04, 2.4500e+02, 1.3860e+01, 
 1DIAGNOSTIC,    13, -3.007040023804e-01, 6.766560254619e-04, 2.5876e+02, 1.3757e+01, 
 1DIAGNOSTIC,    14, -3.009672760963e-01, 5.681568873115e-04, 2.7204e+02, 1.3287e+01, 
 1DIAGNOSTIC,    15, -3.011978864670e-01, 4.788055375684e-04, 2.8582e+02, 1.3775e+01, 
 1DIAGNOSTIC,    16, -3.014871776104e-01, 4.056699690409e-04, 2.9956e+02, 1.3740e+01, 
 1DIAGNOSTIC,    17, -3.016892969608e-01, 3.459123836365e-04, 3.1328e+02, 1.3719e+01, 
 1DIAGNOSTIC,    18, -3.019205331802e-01, 3.002034500241e-04, 3.2698e+02, 1.3699e+01, 
 1DIAGNOSTIC,    19, -3.020972013474e-01, 2.622530155350e-04, 3.4075e+02, 1.3768e+01, 
 1DIAGNOSTIC,    20, -3.022671341896e-01, 2.327198308194e-04, 3.5447e+02, 1.3723e+01, 
 1DIAGNOSTIC,    21, -3.024125993252e-01, 2.057141682599e-04, 3.6818e+02, 1.3715e+01, 
 1DIAGNOSTIC,    22, -3.025510013103e-01, 1.818549062591e-04, 3.8192e+02, 1.3733e+01, 
 1DIAGNOSTIC,    23, -3.026954531670e-01, 1.604948192835e-04, 3.9573e+02, 1.3818e+01, 
 1DIAGNOSTIC,    24, -3.028368353844e-01, 1.418286410626e-04, 4.0961e+02, 1.3879e+01, 
 1DIAGNOSTIC,    25, -3.029515445232e-01, 1.243326551048e-04, 4.2338e+02, 1.3765e+01, 
 1DIAGNOSTIC,    26, -3.030189871788e-01, 1.095125189750e-04, 4.3726e+02, 1.3882e+01, 
 1DIAGNOSTIC,    27, -3.030812144279e-01, 9.475460683461e-05, 4.5103e+02, 1.3770e+01, 
 1DIAGNOSTIC,    28, -3.031696677208e-01, 8.293387509184e-05, 4.6475e+02, 1.3716e+01, 
 1DIAGNOSTIC,    29, -3.031937479973e-01, 7.060331699904e-05, 4.7855e+02, 1.3803e+01, 
 1DIAGNOSTIC,    30, -3.032422661781e-01, 5.937313835602e-05, 4.9231e+02, 1.3759e+01, 
 1DIAGNOSTIC,    31, -3.033144474030e-01, 4.995231211069e-05, 5.0605e+02, 1.3740e+01, 
 1DIAGNOSTIC,    32, -3.033105432987e-01, 4.036720929435e-05, 5.1977e+02, 1.3722e+01, 
 1DIAGNOSTIC,    33, -3.033033609390e-01, 3.151980854454e-05, 5.3351e+02, 1.3741e+01, 
 1DIAGNOSTIC,    34, -3.033307492733e-01, 2.495811349945e-05, 5.4722e+02, 1.3709e+01, 
 1DIAGNOSTIC,    35, -3.032889366150e-01, 1.841033190431e-05, 5.6100e+02, 1.3784e+01, 
 1DIAGNOSTIC,    36, -3.032431900501e-01, 1.112712470785e-05, 5.7476e+02, 1.3756e+01, 
 1DIAGNOSTIC,    37, -3.032242655754e-01, 4.361691480881e-06, 5.8802e+02, 1.3258e+01, 
 1DIAGNOSTIC,    38, -3.031629025936e-01, -1.694724574008e-06, 6.0181e+02, 1.3795e+01, 
  Elapsed time (stage 2): 625.7


Total elapsed time: 777.4

--- Writing output images ---

Using double precision for computations.
Input scalar image: data/Segmentations/1128_3_seg.nii.gz
Reference image: data/template/T_template0_BrainCerebellum.nii.gz
=============================================================================
The composite transform comprises the following transforms (in order): 
  1. /tmp/1972057.1.basic.q/1128_ToTemplate_005_0GenericAffine.mat (type = AffineTransform)
  2. /tmp/1972057.1.basic.q/1128_ToTemplate_005_1Warp.nii.gz (type = DisplacementFieldTransform)
=============================================================================
Default pixel value: 0
Interpolation type: LabelImageGenericInterpolateImageFunction
Output warped image: output/1128/1128_WarpedLabels_005.nii.gz

--- Done ---

