
--- Running on compute-1-2.local ---


--- registration call ---
/data/jet/pcook/bin/antsBuild/bin/antsRegistrationSyNQuick.sh -d 3 -f data/template/T_template0_BrainCerebellum.nii.gz -m data/Brains/1128_3.nii.gz -t s -p f -n 2 -o /tmp/1972070.1.basic.q/1128_ToTemplate_018_
---


--------------------------------------------------------------------------------------
 Mapping parameters
--------------------------------------------------------------------------------------
 ANTSPATH is /data/jet/pcook/bin/antsBuild/bin/

 Dimensionality:           3
 Output name prefix:       /tmp/1972070.1.basic.q/1128_ToTemplate_018_
 Fixed images:             data/template/T_template0_BrainCerebellum.nii.gz
 Moving images:            data/Brains/1128_3.nii.gz
 Mask images:              
 Initial transforms:       
 Number of threads:        2
 Spline distance:          26
 Transform type:           s
 MI histogram bins:        32
 Precision:                f
 Use histogram matching    0
======================================================================================
 antsRegistration call:
--------------------------------------------------------------------------------------
/data/jet/pcook/bin/antsBuild/bin//antsRegistration --verbose 1 --dimensionality 3 --float 1 --collapse-output-transforms 1 --output [/tmp/1972070.1.basic.q/1128_ToTemplate_018_,/tmp/1972070.1.basic.q/1128_ToTemplate_018_Warped.nii.gz,/tmp/1972070.1.basic.q/1128_ToTemplate_018_InverseWarped.nii.gz] --interpolation Linear --use-histogram-matching 0 --winsorize-image-intensities [0.005,0.995] --initial-moving-transform [data/template/T_template0_BrainCerebellum.nii.gz,data/Brains/1128_3.nii.gz,1] --transform Rigid[0.1] --metric MI[data/template/T_template0_BrainCerebellum.nii.gz,data/Brains/1128_3.nii.gz,1,32,Regular,0.25] --convergence [1000x500x250x0,1e-6,10] --shrink-factors 12x8x4x2 --smoothing-sigmas 4x3x2x1vox --transform Affine[0.1] --metric MI[data/template/T_template0_BrainCerebellum.nii.gz,data/Brains/1128_3.nii.gz,1,32,Regular,0.25] --convergence [1000x500x250x0,1e-6,10] --shrink-factors 12x8x4x2 --smoothing-sigmas 4x3x2x1vox --transform SyN[0.1,3,0] --metric MI[data/template/T_template0_BrainCerebellum.nii.gz,data/Brains/1128_3.nii.gz,1,32] --convergence [100x100x70x50x0,1e-6,10] --shrink-factors 10x6x4x2x1 --smoothing-sigmas 5x3x2x1x0vox
--------------------------------------------------------------------------------------
All_Command_lines_OK
Using single precision for computations.
=============================================================================
The composite transform comprises the following transforms (in order): 
  1. Center of mass alignment using fixed image: data/template/T_template0_BrainCerebellum.nii.gz and moving image: data/Brains/1128_3.nii.gz (type = Euler3DTransform)
=============================================================================
  number of levels = 4
  number of levels = 4
  number of levels = 5
  fixed image: data/template/T_template0_BrainCerebellum.nii.gz
  moving image: data/Brains/1128_3.nii.gz
  fixed image: data/template/T_template0_BrainCerebellum.nii.gz
  moving image: data/Brains/1128_3.nii.gz
  fixed image: data/template/T_template0_BrainCerebellum.nii.gz
  moving image: data/Brains/1128_3.nii.gz
Dimension = 3
Number of stages = 3
Use Histogram Matching false
Winsorize image intensities true
Lower quantile = 0.005
Upper quantile = 0.995
Stage 1 State
   Image metric = Mattes
     Fixed image = Image (0x36c1670)
  RTTI typeinfo:   itk::Image<float, 3u>
  Reference Count: 2
  Modified Time: 1611
  Debug: Off
  Object Name: 
  Observers: 
    none
  Source: (none)
  Source output name: (none)
  Release Data: Off
  Data Released: False
  Global Release Data: Off
  PipelineMTime: 0
  UpdateMTime: 1422
  RealTimeStamp: 0 seconds 
  LargestPossibleRegion: 
    Dimension: 3
    Index: [0, 0, 0]
    Size: [216, 256, 291]
  BufferedRegion: 
    Dimension: 3
    Index: [0, 0, 0]
    Size: [216, 256, 291]
  RequestedRegion: 
    Dimension: 3
    Index: [0, 0, 0]
    Size: [216, 256, 291]
  Spacing: [1, 1, 1]
  Origin: [0, 293, 0]
  Direction: 
1 0 0
0 -0 -1
0 -1 -0

  IndexToPointMatrix: 
1 0 0
0 0 -1
0 -1 0

  PointToIndexMatrix: 
1 0 0
0 0 -1
0 -1 0

  Inverse Direction: 
1 0 0
0 0 -1
0 -1 0

  PixelContainer: 
    ImportImageContainer (0x36a67f0)
      RTTI typeinfo:   itk::ImportImageContainer<unsigned long, float>
      Reference Count: 1
      Modified Time: 1419
      Debug: Off
      Object Name: 
      Observers: 
        none
      Pointer: 0x7ff38fbae010
      Container manages memory: true
      Size: 16091136
      Capacity: 16091136

     Moving image = Image (0x36c20b0)
  RTTI typeinfo:   itk::Image<float, 3u>
  Reference Count: 2
  Modified Time: 1612
  Debug: Off
  Object Name: 
  Observers: 
    none
  Source: (none)
  Source output name: (none)
  Release Data: Off
  Data Released: False
  Global Release Data: Off
  PipelineMTime: 0
  UpdateMTime: 1609
  RealTimeStamp: 0 seconds 
  LargestPossibleRegion: 
    Dimension: 3
    Index: [0, 0, 0]
    Size: [256, 256, 264]
  BufferedRegion: 
    Dimension: 3
    Index: [0, 0, 0]
    Size: [256, 256, 264]
  RequestedRegion: 
    Dimension: 3
    Index: [0, 0, 0]
    Size: [256, 256, 264]
  Spacing: [1, 1, 1]
  Origin: [0, 263, 0]
  Direction: 
1 0 0
0 -0 -1
0 -1 -0

  IndexToPointMatrix: 
1 0 0
0 0 -1
0 -1 0

  PointToIndexMatrix: 
1 0 0
0 0 -1
0 -1 0

  Inverse Direction: 
1 0 0
0 0 -1
0 -1 0

  PixelContainer: 
    ImportImageContainer (0x36c4500)
      RTTI typeinfo:   itk::ImportImageContainer<unsigned long, float>
      Reference Count: 1
      Modified Time: 1606
      Debug: Off
      Object Name: 
      Observers: 
        none
      Pointer: 0x7ff38b9ad010
      Container manages memory: true
      Size: 17301504
      Capacity: 17301504

     Weighting = 1
     Sampling strategy = regular
     Number of bins = 32
     Radius = 4
     Sampling percentage  = 0.25
   Transform = Rigid
     Gradient step = 0.1
     Update field sigma (voxel space) = 0
     Total field sigma (voxel space) = 0
     Update field time sigma = 0
     Total field time sigma  = 0
     Number of time indices = 0
     Number of time point samples = 0
Stage 2 State
   Image metric = Mattes
     Fixed image = Image (0x36cc910)
  RTTI typeinfo:   itk::Image<float, 3u>
  Reference Count: 2
  Modified Time: 1987
  Debug: Off
  Object Name: 
  Observers: 
    none
  Source: (none)
  Source output name: (none)
  Release Data: Off
  Data Released: False
  Global Release Data: Off
  PipelineMTime: 0
  UpdateMTime: 1798
  RealTimeStamp: 0 seconds 
  LargestPossibleRegion: 
    Dimension: 3
    Index: [0, 0, 0]
    Size: [216, 256, 291]
  BufferedRegion: 
    Dimension: 3
    Index: [0, 0, 0]
    Size: [216, 256, 291]
  RequestedRegion: 
    Dimension: 3
    Index: [0, 0, 0]
    Size: [216, 256, 291]
  Spacing: [1, 1, 1]
  Origin: [0, 293, 0]
  Direction: 
1 0 0
0 -0 -1
0 -1 -0

  IndexToPointMatrix: 
1 0 0
0 0 -1
0 -1 0

  PointToIndexMatrix: 
1 0 0
0 0 -1
0 -1 0

  Inverse Direction: 
1 0 0
0 0 -1
0 -1 0

  PixelContainer: 
    ImportImageContainer (0x36cd1b0)
      RTTI typeinfo:   itk::ImportImageContainer<unsigned long, float>
      Reference Count: 1
      Modified Time: 1795
      Debug: Off
      Object Name: 
      Observers: 
        none
      Pointer: 0x7ff387c4a010
      Container manages memory: true
      Size: 16091136
      Capacity: 16091136

     Moving image = Image (0x36ccca0)
  RTTI typeinfo:   itk::Image<float, 3u>
  Reference Count: 2
  Modified Time: 1988
  Debug: Off
  Object Name: 
  Observers: 
    none
  Source: (none)
  Source output name: (none)
  Release Data: Off
  Data Released: False
  Global Release Data: Off
  PipelineMTime: 0
  UpdateMTime: 1985
  RealTimeStamp: 0 seconds 
  LargestPossibleRegion: 
    Dimension: 3
    Index: [0, 0, 0]
    Size: [256, 256, 264]
  BufferedRegion: 
    Dimension: 3
    Index: [0, 0, 0]
    Size: [256, 256, 264]
  RequestedRegion: 
    Dimension: 3
    Index: [0, 0, 0]
    Size: [256, 256, 264]
  Spacing: [1, 1, 1]
  Origin: [0, 263, 0]
  Direction: 
1 0 0
0 -0 -1
0 -1 -0

  IndexToPointMatrix: 
1 0 0
0 0 -1
0 -1 0

  PointToIndexMatrix: 
1 0 0
0 0 -1
0 -1 0

  Inverse Direction: 
1 0 0
0 0 -1
0 -1 0

  PixelContainer: 
    ImportImageContainer (0x36cd7b0)
      RTTI typeinfo:   itk::ImportImageContainer<unsigned long, float>
      Reference Count: 1
      Modified Time: 1982
      Debug: Off
      Object Name: 
      Observers: 
        none
      Pointer: 0x7ff383a49010
      Container manages memory: true
      Size: 17301504
      Capacity: 17301504

     Weighting = 1
     Sampling strategy = regular
     Number of bins = 32
     Radius = 4
     Sampling percentage  = 0.25
   Transform = Affine
     Gradient step = 0.1
     Update field sigma (voxel space) = 0
     Total field sigma (voxel space) = 0
     Update field time sigma = 0
     Total field time sigma  = 0
     Number of time indices = 0
     Number of time point samples = 0
Stage 3 State
   Image metric = Mattes
     Fixed image = Image (0x36d39a0)
  RTTI typeinfo:   itk::Image<float, 3u>
  Reference Count: 2
  Modified Time: 2363
  Debug: Off
  Object Name: 
  Observers: 
    none
  Source: (none)
  Source output name: (none)
  Release Data: Off
  Data Released: False
  Global Release Data: Off
  PipelineMTime: 0
  UpdateMTime: 2174
  RealTimeStamp: 0 seconds 
  LargestPossibleRegion: 
    Dimension: 3
    Index: [0, 0, 0]
    Size: [216, 256, 291]
  BufferedRegion: 
    Dimension: 3
    Index: [0, 0, 0]
    Size: [216, 256, 291]
  RequestedRegion: 
    Dimension: 3
    Index: [0, 0, 0]
    Size: [216, 256, 291]
  Spacing: [1, 1, 1]
  Origin: [0, 293, 0]
  Direction: 
1 0 0
0 -0 -1
0 -1 -0

  IndexToPointMatrix: 
1 0 0
0 0 -1
0 -1 0

  PointToIndexMatrix: 
1 0 0
0 0 -1
0 -1 0

  Inverse Direction: 
1 0 0
0 0 -1
0 -1 0

  PixelContainer: 
    ImportImageContainer (0x36d3c30)
      RTTI typeinfo:   itk::ImportImageContainer<unsigned long, float>
      Reference Count: 1
      Modified Time: 2171
      Debug: Off
      Object Name: 
      Observers: 
        none
      Pointer: 0x7ff37fce6010
      Container manages memory: true
      Size: 16091136
      Capacity: 16091136

     Moving image = Image (0x36d6360)
  RTTI typeinfo:   itk::Image<float, 3u>
  Reference Count: 2
  Modified Time: 2364
  Debug: Off
  Object Name: 
  Observers: 
    none
  Source: (none)
  Source output name: (none)
  Release Data: Off
  Data Released: False
  Global Release Data: Off
  PipelineMTime: 0
  UpdateMTime: 2361
  RealTimeStamp: 0 seconds 
  LargestPossibleRegion: 
    Dimension: 3
    Index: [0, 0, 0]
    Size: [256, 256, 264]
  BufferedRegion: 
    Dimension: 3
    Index: [0, 0, 0]
    Size: [256, 256, 264]
  RequestedRegion: 
    Dimension: 3
    Index: [0, 0, 0]
    Size: [256, 256, 264]
  Spacing: [1, 1, 1]
  Origin: [0, 263, 0]
  Direction: 
1 0 0
0 -0 -1
0 -1 -0

  IndexToPointMatrix: 
1 0 0
0 0 -1
0 -1 0

  PointToIndexMatrix: 
1 0 0
0 0 -1
0 -1 0

  Inverse Direction: 
1 0 0
0 0 -1
0 -1 0

  PixelContainer: 
    ImportImageContainer (0x36d65f0)
      RTTI typeinfo:   itk::ImportImageContainer<unsigned long, float>
      Reference Count: 1
      Modified Time: 2358
      Debug: Off
      Object Name: 
      Observers: 
        none
      Pointer: 0x7ff37bae5010
      Container manages memory: true
      Size: 17301504
      Capacity: 17301504

     Weighting = 1
     Sampling strategy = none
     Number of bins = 32
     Radius = 4
     Sampling percentage  = 1
   Transform = SyN
     Gradient step = 0.1
     Update field sigma (voxel space) = 3
     Total field sigma (voxel space) = 0
     Update field time sigma = 0
     Total field time sigma  = 0
     Number of time indices = 0
     Number of time point samples = 0
Registration using 3 total stages.

Stage 0
  iterations = 1000x500x250x0
  convergence threshold = 1e-06
  convergence window size = 10
  number of levels = 4
  using the Mattes MI metric (number of bins = 32, weight = 1)
  preprocessing:  winsorizing the image intensities
  Shrink factors (level 1 out of 4): [12, 12, 12]
  Shrink factors (level 2 out of 4): [8, 8, 8]
  Shrink factors (level 3 out of 4): [4, 4, 4]
  Shrink factors (level 4 out of 4): [2, 2, 2]
  smoothing sigmas per level: [4, 3, 2, 1]
  regular sampling (percentage = 0.25)

*** Running Euler3DTransform registration ***

DIAGNOSTIC,Iteration,metricValue,convergenceValue,ITERATION_TIME_INDEX,SINCE_LAST
 2DIAGNOSTIC,     1, -4.171428978443e-01, inf, 1.7826e+01, 1.7826e+01, 
 2DIAGNOSTIC,     2, -4.184666275978e-01, inf, 1.7836e+01, 1.0071e-02, 
 2DIAGNOSTIC,     3, -4.207588732243e-01, inf, 1.7846e+01, 1.0017e-02, 
 2DIAGNOSTIC,     4, -4.221320748329e-01, inf, 1.7858e+01, 1.1588e-02, 
 2DIAGNOSTIC,     5, -4.229177236557e-01, inf, 1.7869e+01, 1.1550e-02, 
 2DIAGNOSTIC,     6, -4.225058257580e-01, inf, 1.7882e+01, 1.2978e-02, 
 2DIAGNOSTIC,     7, -4.222116768360e-01, inf, 1.7894e+01, 1.1367e-02, 
 2DIAGNOSTIC,     8, -4.222320020199e-01, inf, 1.7905e+01, 1.1380e-02, 
 2DIAGNOSTIC,     9, -4.220890700817e-01, inf, 1.7915e+01, 9.8300e-03, 
 2DIAGNOSTIC,    10, -4.217956066132e-01, 5.983345909044e-04, 1.7927e+01, 1.2190e-02, 
 2DIAGNOSTIC,    11, -4.218253195286e-01, 2.399682416581e-04, 1.7938e+01, 1.0463e-02, 
DIAGNOSTIC,Iteration,metricValue,convergenceValue,ITERATION_TIME_INDEX,SINCE_LAST
 2DIAGNOSTIC,     1, -3.476560413837e-01, inf, 3.1348e+01, 1.3411e+01, 
 2DIAGNOSTIC,     2, -3.481106460094e-01, inf, 3.1409e+01, 6.0730e-02, 
 2DIAGNOSTIC,     3, -3.484473824501e-01, inf, 3.1461e+01, 5.1697e-02, 
 2DIAGNOSTIC,     4, -3.487265110016e-01, inf, 3.1512e+01, 5.1188e-02, 
 2DIAGNOSTIC,     5, -3.493741452694e-01, inf, 3.1563e+01, 5.1231e-02, 
 2DIAGNOSTIC,     6, -3.500552773476e-01, inf, 3.1614e+01, 5.1339e-02, 
 2DIAGNOSTIC,     7, -3.506617844105e-01, inf, 3.1675e+01, 6.1063e-02, 
 2DIAGNOSTIC,     8, -3.511982858181e-01, inf, 3.1755e+01, 7.9892e-02, 
 2DIAGNOSTIC,     9, -3.514715135098e-01, inf, 3.1807e+01, 5.1141e-02, 
 2DIAGNOSTIC,    10, -3.516831994057e-01, 8.085598237813e-04, 3.1868e+01, 6.1461e-02, 
 2DIAGNOSTIC,    11, -3.521055877209e-01, 7.191164186224e-04, 3.1920e+01, 5.1944e-02, 
 2DIAGNOSTIC,    12, -3.521008491516e-01, 6.098537705839e-04, 3.1972e+01, 5.1967e-02, 
 2DIAGNOSTIC,    13, -3.522941470146e-01, 4.961986560374e-04, 3.2024e+01, 5.1872e-02, 
 2DIAGNOSTIC,    14, -3.525312542915e-01, 3.835425886791e-04, 3.2085e+01, 6.1544e-02, 
 2DIAGNOSTIC,    15, -3.527648746967e-01, 2.980424615089e-04, 3.2194e+01, 1.0902e-01, 
 2DIAGNOSTIC,    16, -3.528061509132e-01, 2.319880586583e-04, 3.2256e+01, 6.1271e-02, 
 2DIAGNOSTIC,    17, -3.528098762035e-01, 1.814017741708e-04, 3.2307e+01, 5.1811e-02, 
 2DIAGNOSTIC,    18, -3.528112769127e-01, 1.441599742975e-04, 3.2359e+01, 5.1949e-02, 
 2DIAGNOSTIC,    19, -3.528423011303e-01, 1.103750328184e-04, 3.2411e+01, 5.1826e-02, 
 2DIAGNOSTIC,    20, -3.528421223164e-01, 7.784658373566e-05, 3.2463e+01, 5.1927e-02, 
 2DIAGNOSTIC,    21, -3.530087471008e-01, 6.422057776945e-05, 3.2524e+01, 6.1357e-02, 
 2DIAGNOSTIC,    22, -3.530610501766e-01, 4.761148375110e-05, 3.2586e+01, 6.2018e-02, 
 2DIAGNOSTIC,    23, -3.531818389893e-01, 3.907545760740e-05, 3.2649e+01, 6.2326e-02, 
 2DIAGNOSTIC,    24, -3.531890511513e-01, 3.572530840756e-05, 3.2711e+01, 6.1887e-02, 
 2DIAGNOSTIC,    25, -3.532014787197e-01, 3.737971928786e-05, 3.2763e+01, 5.1811e-02, 
 2DIAGNOSTIC,    26, -3.533184826374e-01, 4.040371641167e-05, 3.2824e+01, 6.1363e-02, 
 2DIAGNOSTIC,    27, -3.533992767334e-01, 4.190163235762e-05, 3.2885e+01, 6.1342e-02, 
 2DIAGNOSTIC,    28, -3.535032272339e-01, 4.245890886523e-05, 3.2947e+01, 6.1737e-02, 
 2DIAGNOSTIC,    29, -3.537911176682e-01, 4.801821705769e-05, 3.3018e+01, 7.1310e-02, 
 2DIAGNOSTIC,    30, -3.543253540993e-01, 6.291444151429e-05, 3.3071e+01, 5.2625e-02, 
 2DIAGNOSTIC,    31, -3.544420897961e-01, 7.804753113305e-05, 3.3123e+01, 5.2188e-02, 
 2DIAGNOSTIC,    32, -3.549304902554e-01, 9.862869046628e-05, 3.3204e+01, 8.1052e-02, 
 2DIAGNOSTIC,    33, -3.552409112453e-01, 1.191110059153e-04, 3.3256e+01, 5.1909e-02, 
 2DIAGNOSTIC,    34, -3.553067147732e-01, 1.287551713176e-04, 3.3308e+01, 5.2010e-02, 
 2DIAGNOSTIC,    35, -3.553382456303e-01, 1.266822655452e-04, 3.3379e+01, 7.0930e-02, 
 2DIAGNOSTIC,    36, -3.556007146835e-01, 1.213275754708e-04, 3.3440e+01, 6.1315e-02, 
 2DIAGNOSTIC,    37, -3.556450009346e-01, 1.073845996871e-04, 3.3511e+01, 7.0687e-02, 
 2DIAGNOSTIC,    38, -3.556136190891e-01, 8.547644392820e-05, 3.3572e+01, 6.1437e-02, 
 2DIAGNOSTIC,    39, -3.556218147278e-01, 6.270011363085e-05, 3.3634e+01, 6.1725e-02, 
 2DIAGNOSTIC,    40, -3.555893003941e-01, 4.539714063867e-05, 3.3686e+01, 5.1968e-02, 
 2DIAGNOSTIC,    41, -3.555607795715e-01, 2.616012352519e-05, 3.3738e+01, 5.1852e-02, 
 2DIAGNOSTIC,    42, -3.555741310120e-01, 1.487851113779e-05, 3.3799e+01, 6.1433e-02, 
 2DIAGNOSTIC,    43, -3.555859923363e-01, 8.846858690958e-06, 3.3861e+01, 6.1340e-02, 
 2DIAGNOSTIC,    44, -3.555581867695e-01, 3.057017465835e-06, 3.3923e+01, 6.1848e-02, 
DIAGNOSTIC,Iteration,metricValue,convergenceValue,ITERATION_TIME_INDEX,SINCE_LAST
 2DIAGNOSTIC,     1, -3.057550489902e-01, inf, 4.2393e+01, 8.4706e+00, 
 2DIAGNOSTIC,     2, -3.058793544769e-01, inf, 4.2805e+01, 4.1177e-01, 
 2DIAGNOSTIC,     3, -3.059711754322e-01, inf, 4.3294e+01, 4.8857e-01, 
 2DIAGNOSTIC,     4, -3.060077130795e-01, inf, 4.3704e+01, 4.1018e-01, 
 2DIAGNOSTIC,     5, -3.061775267124e-01, inf, 4.4113e+01, 4.0953e-01, 
 2DIAGNOSTIC,     6, -3.064612746239e-01, inf, 4.4684e+01, 5.7063e-01, 
 2DIAGNOSTIC,     7, -3.064902424812e-01, inf, 4.5176e+01, 4.9214e-01, 
 2DIAGNOSTIC,     8, -3.065515756607e-01, inf, 4.5585e+01, 4.0922e-01, 
 2DIAGNOSTIC,     9, -3.066260516644e-01, inf, 4.6074e+01, 4.8834e-01, 
 2DIAGNOSTIC,    10, -3.066953122616e-01, 2.140440192306e-04, 4.6648e+01, 5.7483e-01, 
 2DIAGNOSTIC,    11, -3.068372309208e-01, 1.888008700917e-04, 4.7063e+01, 4.1408e-01, 
 2DIAGNOSTIC,    12, -3.069595396519e-01, 1.699153799564e-04, 4.7477e+01, 4.1399e-01, 
 2DIAGNOSTIC,    13, -3.073955774307e-01, 1.767351786839e-04, 4.7973e+01, 4.9653e-01, 
 2DIAGNOSTIC,    14, -3.077097237110e-01, 1.892074506031e-04, 4.8551e+01, 5.7839e-01, 
 2DIAGNOSTIC,    15, -3.077338039875e-01, 1.942808012245e-04, 4.9043e+01, 4.9121e-01, 
 2DIAGNOSTIC,    16, -3.077825307846e-01, 2.008312294492e-04, 4.9534e+01, 4.9112e-01, 
 2DIAGNOSTIC,    17, -3.078034222126e-01, 1.910261489684e-04, 5.0107e+01, 5.7307e-01, 
 2DIAGNOSTIC,    18, -3.077932298183e-01, 1.670845813351e-04, 5.0598e+01, 4.9146e-01, 
 2DIAGNOSTIC,    19, -3.077861964703e-01, 1.334486005362e-04, 5.1089e+01, 4.9117e-01, 
 2DIAGNOSTIC,    20, -3.077874779701e-01, 9.435578249395e-05, 5.1504e+01, 4.1409e-01, 
 2DIAGNOSTIC,    21, -3.078195154667e-01, 5.827233690070e-05, 5.1997e+01, 4.9307e-01, 
 2DIAGNOSTIC,    22, -3.078175187111e-01, 2.482862328179e-05, 5.2489e+01, 4.9199e-01, 
 2DIAGNOSTIC,    23, -3.078277707100e-01, 9.779735592019e-06, 5.2980e+01, 4.9161e-01, 
 2DIAGNOSTIC,    24, -3.078333437443e-01, 7.554516287200e-06, 5.3554e+01, 5.7368e-01, 
 2DIAGNOSTIC,    25, -3.078236579895e-01, 5.400694135460e-06, 5.4046e+01, 4.9225e-01, 
 2DIAGNOSTIC,    26, -3.078216612339e-01, 4.657486897486e-06, 5.4457e+01, 4.1111e-01, 
 2DIAGNOSTIC,    27, -3.078218698502e-01, 4.374010586616e-06, 5.5029e+01, 5.7222e-01, 
 2DIAGNOSTIC,    28, -3.078236877918e-01, 3.544996616256e-06, 5.5520e+01, 4.9050e-01, 
 2DIAGNOSTIC,    29, -3.078170120716e-01, 2.113097480105e-06, 5.5929e+01, 4.0942e-01, 
DIAGNOSTIC,Iteration,metricValue,convergenceValue,ITERATION_TIME_INDEX,SINCE_LAST
 2DIAGNOSTIC,     1, -2.614324092865e-01, inf, 6.4045e+01, 8.1152e+00, 
  Elapsed time (stage 0): 6.5717e+01


Stage 1
  iterations = 1000x500x250x0
  convergence threshold = 1.0000e-06
  convergence window size = 10
  number of levels = 4
  using the Mattes MI metric (number of bins = 32, weight = 1.0000e+00)
  preprocessing:  winsorizing the image intensities
  Shrink factors (level 1 out of 4): [12, 12, 12]
  Shrink factors (level 2 out of 4): [8, 8, 8]
  Shrink factors (level 3 out of 4): [4, 4, 4]
  Shrink factors (level 4 out of 4): [2, 2, 2]
  smoothing sigmas per level: [4, 3, 2, 1]
  regular sampling (percentage = 2.5000e-01)

*** Running AffineTransform registration ***

DIAGNOSTIC,Iteration,metricValue,convergenceValue,ITERATION_TIME_INDEX,SINCE_LAST
 2DIAGNOSTIC,     1, -4.336999356747e-01, inf, 1.7558e+01, 1.7558e+01, 
 2DIAGNOSTIC,     2, -4.347552657127e-01, inf, 1.7572e+01, 1.3717e-02, 
 2DIAGNOSTIC,     3, -4.359220564365e-01, inf, 1.7585e+01, 1.3521e-02, 
 2DIAGNOSTIC,     4, -4.379140138626e-01, inf, 1.7599e+01, 1.3549e-02, 
 2DIAGNOSTIC,     5, -4.398830533028e-01, inf, 1.7613e+01, 1.3986e-02, 
 2DIAGNOSTIC,     6, -4.483648538589e-01, inf, 1.7631e+01, 1.7953e-02, 
 2DIAGNOSTIC,     7, -4.535164833069e-01, inf, 1.7645e+01, 1.4006e-02, 
 2DIAGNOSTIC,     8, -4.552442133427e-01, inf, 1.7660e+01, 1.5584e-02, 
 2DIAGNOSTIC,     9, -4.569486379623e-01, inf, 1.7678e+01, 1.7396e-02, 
 2DIAGNOSTIC,    10, -4.578483700752e-01, 4.201062489301e-03, 1.7694e+01, 1.6333e-02, 
 2DIAGNOSTIC,    11, -4.582794606686e-01, 3.709500189871e-03, 1.7709e+01, 1.4546e-02, 
 2DIAGNOSTIC,    12, -4.589117765427e-01, 3.055117791519e-03, 1.7725e+01, 1.5975e-02, 
 2DIAGNOSTIC,    13, -4.593618512154e-01, 2.309846924618e-03, 1.7743e+01, 1.8288e-02, 
 2DIAGNOSTIC,    14, -4.614240825176e-01, 1.651061465964e-03, 1.7757e+01, 1.4235e-02, 
 2DIAGNOSTIC,    15, -4.620893001556e-01, 1.033566310070e-03, 1.7772e+01, 1.4687e-02, 
 2DIAGNOSTIC,    16, -4.626358151436e-01, 7.523483363912e-04, 1.7788e+01, 1.6013e-02, 
 2DIAGNOSTIC,    17, -4.631634950638e-01, 6.460993899964e-04, 1.7803e+01, 1.4771e-02, 
 2DIAGNOSTIC,    18, -4.645092189312e-01, 5.980585119687e-04, 1.7819e+01, 1.6227e-02, 
 2DIAGNOSTIC,    19, -4.659906625748e-01, 6.027035415173e-04, 1.7836e+01, 1.6809e-02, 
 2DIAGNOSTIC,    20, -4.667510390282e-01, 6.019085994922e-04, 1.7851e+01, 1.4854e-02, 
 2DIAGNOSTIC,    21, -4.677318334579e-01, 5.880816606805e-04, 1.7869e+01, 1.8403e-02, 
 2DIAGNOSTIC,    22, -4.683194458485e-01, 5.557915428653e-04, 1.7885e+01, 1.6020e-02, 
 2DIAGNOSTIC,    23, -4.683993458748e-01, 4.871920100413e-04, 1.7901e+01, 1.6441e-02, 
 2DIAGNOSTIC,    24, -4.683957993984e-01, 4.319959552959e-04, 1.7918e+01, 1.6066e-02, 
 2DIAGNOSTIC,    25, -4.689202308655e-01, 3.705564013217e-04, 1.7933e+01, 1.5028e-02, 
 2DIAGNOSTIC,    26, -4.704508185387e-01, 3.286433639005e-04, 1.7952e+01, 1.9203e-02, 
 2DIAGNOSTIC,    27, -4.721185266972e-01, 3.081815084442e-04, 1.7978e+01, 2.6287e-02, 
 2DIAGNOSTIC,    28, -4.722127616405e-01, 2.912693016697e-04, 1.7993e+01, 1.5359e-02, 
 2DIAGNOSTIC,    29, -4.724224209785e-01, 2.851533063222e-04, 1.8010e+01, 1.6858e-02, 
 2DIAGNOSTIC,    30, -4.725505709648e-01, 2.707043604460e-04, 1.8025e+01, 1.4897e-02, 
 2DIAGNOSTIC,    31, -4.728012979031e-01, 2.552814548835e-04, 1.8042e+01, 1.6481e-02, 
 2DIAGNOSTIC,    32, -4.730381071568e-01, 2.321059873793e-04, 1.8057e+01, 1.4973e-02, 
 2DIAGNOSTIC,    33, -4.734288454056e-01, 1.976633648155e-04, 1.8072e+01, 1.4915e-02, 
 2DIAGNOSTIC,    34, -4.737999439240e-01, 1.537062489660e-04, 1.8088e+01, 1.6468e-02, 
 2DIAGNOSTIC,    35, -4.740405678749e-01, 1.107957941713e-04, 1.8105e+01, 1.6609e-02, 
 2DIAGNOSTIC,    36, -4.741270840168e-01, 8.677825826453e-05, 1.8121e+01, 1.6742e-02, 
 2DIAGNOSTIC,    37, -4.741008281708e-01, 8.325072849402e-05, 1.8136e+01, 1.5015e-02, 
 2DIAGNOSTIC,    38, -4.741053283215e-01, 7.361407915596e-05, 1.8153e+01, 1.6174e-02, 
 2DIAGNOSTIC,    39, -4.742490351200e-01, 6.304983980954e-05, 1.8169e+01, 1.6509e-02, 
 2DIAGNOSTIC,    40, -4.741983115673e-01, 4.815947249881e-05, 1.8183e+01, 1.4379e-02, 
 2DIAGNOSTIC,    41, -4.742107391357e-01, 3.350983388373e-05, 1.8200e+01, 1.6569e-02, 
 2DIAGNOSTIC,    42, -4.742668271065e-01, 2.070895970974e-05, 1.8217e+01, 1.6592e-02, 
 2DIAGNOSTIC,    43, -4.745121300220e-01, 1.554905065859e-05, 1.8231e+01, 1.4878e-02, 
 2DIAGNOSTIC,    44, -4.746583998203e-01, 1.621419141884e-05, 1.8253e+01, 2.1987e-02, 
 2DIAGNOSTIC,    45, -4.748575687408e-01, 2.131553992513e-05, 1.8268e+01, 1.4963e-02, 
 2DIAGNOSTIC,    46, -4.748394489288e-01, 2.517024040571e-05, 1.8287e+01, 1.8454e-02, 
 2DIAGNOSTIC,    47, -4.749621450901e-01, 2.782545016089e-05, 1.8304e+01, 1.6931e-02, 
 2DIAGNOSTIC,    48, -4.749996960163e-01, 2.817933091137e-05, 1.8318e+01, 1.4617e-02, 
 2DIAGNOSTIC,    49, -4.748917818069e-01, 2.631210190884e-05, 1.8333e+01, 1.4905e-02, 
 2DIAGNOSTIC,    50, -4.749925434589e-01, 2.274812868563e-05, 1.8348e+01, 1.4853e-02, 
 2DIAGNOSTIC,    51, -4.749851524830e-01, 1.725989386614e-05, 1.8363e+01, 1.4875e-02, 
 2DIAGNOSTIC,    52, -4.750886559486e-01, 1.221314414579e-05, 1.8379e+01, 1.6327e-02, 
 2DIAGNOSTIC,    53, -4.752224385738e-01, 1.056445580616e-05, 1.8401e+01, 2.1985e-02, 
 2DIAGNOSTIC,    54, -4.753685891628e-01, 1.126524512074e-05, 1.8418e+01, 1.6238e-02, 
 2DIAGNOSTIC,    55, -4.752902984619e-01, 1.226136646437e-05, 1.8433e+01, 1.5037e-02, 
 2DIAGNOSTIC,    56, -4.754575490952e-01, 1.373087434331e-05, 1.8449e+01, 1.6672e-02, 
 2DIAGNOSTIC,    57, -4.756688177586e-01, 1.738634091453e-05, 1.8466e+01, 1.6578e-02, 
 2DIAGNOSTIC,    58, -4.758816063404e-01, 2.188037251472e-05, 1.8482e+01, 1.6585e-02, 
 2DIAGNOSTIC,    59, -4.758030176163e-01, 2.219587622676e-05, 1.8499e+01, 1.6718e-02, 
 2DIAGNOSTIC,    60, -4.758800268173e-01, 2.234452040284e-05, 1.8516e+01, 1.6582e-02, 
 2DIAGNOSTIC,    61, -4.758263528347e-01, 1.976231760636e-05, 1.8531e+01, 1.4932e-02, 
 2DIAGNOSTIC,    62, -4.757263064384e-01, 1.537846947031e-05, 1.8547e+01, 1.6513e-02, 
 2DIAGNOSTIC,    63, -4.756105244160e-01, 9.851236427494e-06, 1.8562e+01, 1.4873e-02, 
 2DIAGNOSTIC,    64, -4.756938517094e-01, 5.867720574315e-06, 1.8579e+01, 1.6672e-02, 
 2DIAGNOSTIC,    65, -4.757254421711e-01, 1.009316747513e-06, 1.8597e+01, 1.8388e-02, 
DIAGNOSTIC,Iteration,metricValue,convergenceValue,ITERATION_TIME_INDEX,SINCE_LAST
 2DIAGNOSTIC,     1, -4.181261360645e-01, inf, 3.1973e+01, 1.3376e+01, 
 2DIAGNOSTIC,     2, -4.184975326061e-01, inf, 3.2051e+01, 7.8292e-02, 
 2DIAGNOSTIC,     3, -4.187942147255e-01, inf, 3.2118e+01, 6.6668e-02, 
 2DIAGNOSTIC,     4, -4.190604686737e-01, inf, 3.2186e+01, 6.7895e-02, 
 2DIAGNOSTIC,     5, -4.196109771729e-01, inf, 3.2253e+01, 6.6941e-02, 
 2DIAGNOSTIC,     6, -4.203892350197e-01, inf, 3.2342e+01, 8.9088e-02, 
 2DIAGNOSTIC,     7, -4.206898808479e-01, inf, 3.2420e+01, 7.7707e-02, 
 2DIAGNOSTIC,     8, -4.208436310291e-01, inf, 3.2509e+01, 8.9548e-02, 
 2DIAGNOSTIC,     9, -4.210370779037e-01, inf, 3.2576e+01, 6.6831e-02, 
 2DIAGNOSTIC,    10, -4.217415153980e-01, 5.556621472351e-04, 3.2645e+01, 6.9009e-02, 
 2DIAGNOSTIC,    11, -4.217983186245e-01, 4.881086642854e-04, 3.2723e+01, 7.7852e-02, 
 2DIAGNOSTIC,    12, -4.218119084835e-01, 4.103532410227e-04, 3.2812e+01, 8.9504e-02, 
 2DIAGNOSTIC,    13, -4.218555688858e-01, 3.264912229497e-04, 3.2891e+01, 7.8937e-02, 
 2DIAGNOSTIC,    14, -4.218179881573e-01, 2.358752390137e-04, 3.2960e+01, 6.8492e-02, 
 2DIAGNOSTIC,    15, -4.219038784504e-01, 1.635037042433e-04, 3.3028e+01, 6.7922e-02, 
 2DIAGNOSTIC,    16, -4.219244718552e-01, 1.187469097204e-04, 3.3097e+01, 6.9097e-02, 
 2DIAGNOSTIC,    17, -4.219367206097e-01, 8.130196511047e-05, 3.3176e+01, 7.9139e-02, 
 2DIAGNOSTIC,    18, -4.219393730164e-01, 4.673182411352e-05, 3.3255e+01, 7.9119e-02, 
 2DIAGNOSTIC,    19, -4.219440817833e-01, 1.802182123356e-05, 3.3332e+01, 7.7206e-02, 
 2DIAGNOSTIC,    20, -4.219448566437e-01, 1.441315180273e-05, 3.3411e+01, 7.8586e-02, 
 2DIAGNOSTIC,    21, -4.219461977482e-01, 1.178858383355e-05, 3.3490e+01, 7.8990e-02, 
 2DIAGNOSTIC,    22, -4.219470918179e-01, 8.871915269992e-06, 3.3569e+01, 7.9154e-02, 
 2DIAGNOSTIC,    23, -4.219481647015e-01, 6.896729246364e-06, 3.3636e+01, 6.6812e-02, 
 2DIAGNOSTIC,    24, -4.219487607479e-01, 3.470574711173e-06, 3.3725e+01, 8.9225e-02, 
 2DIAGNOSTIC,    25, -4.219495654106e-01, 2.446955704727e-06, 3.3804e+01, 7.8497e-02, 
 2DIAGNOSTIC,    26, -4.219501316547e-01, 1.934244437507e-06, 3.3882e+01, 7.8700e-02, 
 2DIAGNOSTIC,    27, -4.219505488873e-01, 1.708740342110e-06, 3.3970e+01, 8.7343e-02, 
 2DIAGNOSTIC,    28, -4.219509363174e-01, 1.519915372228e-06, 3.4048e+01, 7.8818e-02, 
 2DIAGNOSTIC,    29, -4.219506382942e-01, 1.410579670846e-06, 3.4127e+01, 7.8527e-02, 
 2DIAGNOSTIC,    30, -4.219508469105e-01, 1.301003067056e-06, 3.4205e+01, 7.8389e-02, 
 2DIAGNOSTIC,    31, -4.219510853291e-01, 1.209828610627e-06, 3.4293e+01, 8.7651e-02, 
 2DIAGNOSTIC,    32, -4.219506680965e-01, 1.116529688261e-06, 3.4372e+01, 7.8554e-02, 
 2DIAGNOSTIC,    33, -4.219510555267e-01, 1.047546561495e-06, 3.4450e+01, 7.8872e-02, 
DIAGNOSTIC,Iteration,metricValue,convergenceValue,ITERATION_TIME_INDEX,SINCE_LAST
 2DIAGNOSTIC,     1, -3.530242443085e-01, inf, 4.2920e+01, 8.4698e+00, 
 2DIAGNOSTIC,     2, -3.534128963947e-01, inf, 4.3447e+01, 5.2696e-01, 
 2DIAGNOSTIC,     3, -3.538700342178e-01, inf, 4.3977e+01, 5.2938e-01, 
 2DIAGNOSTIC,     4, -3.542253673077e-01, inf, 4.4506e+01, 5.2898e-01, 
 2DIAGNOSTIC,     5, -3.543013930321e-01, inf, 4.5039e+01, 5.3365e-01, 
 2DIAGNOSTIC,     6, -3.543789684772e-01, inf, 4.5568e+01, 5.2905e-01, 
 2DIAGNOSTIC,     7, -3.545491099358e-01, inf, 4.6364e+01, 7.9567e-01, 
 2DIAGNOSTIC,     8, -3.545587062836e-01, inf, 4.6894e+01, 5.3024e-01, 
 2DIAGNOSTIC,     9, -3.545720875263e-01, inf, 4.7431e+01, 5.3671e-01, 
 2DIAGNOSTIC,    10, -3.545993566513e-01, 2.628166694194e-04, 4.8304e+01, 8.7354e-01, 
 2DIAGNOSTIC,    11, -3.546009361744e-01, 1.646059536142e-04, 4.8923e+01, 6.1901e-01, 
 2DIAGNOSTIC,    12, -3.545988202095e-01, 9.344004502054e-05, 4.9534e+01, 6.1066e-01, 
 2DIAGNOSTIC,    13, -3.545967340469e-01, 5.260542093311e-05, 5.0243e+01, 7.0898e-01, 
 2DIAGNOSTIC,    14, -3.545957207680e-01, 3.342769559822e-05, 5.0770e+01, 5.2677e-01, 
 2DIAGNOSTIC,    15, -3.545893132687e-01, 1.765815613908e-05, 5.1303e+01, 5.3309e-01, 
 2DIAGNOSTIC,    16, -3.545931875706e-01, 6.292999842117e-06, 5.1830e+01, 5.2731e-01, 
 2DIAGNOSTIC,    17, -3.546000421047e-01, 4.228561010677e-06, 5.2539e+01, 7.0907e-01, 
 2DIAGNOSTIC,    18, -3.545995652676e-01, 2.571868435552e-06, 5.3153e+01, 6.1396e-01, 
 2DIAGNOSTIC,    19, -3.545978665352e-01, 1.483516030021e-06, 5.4123e+01, 9.6937e-01, 
 2DIAGNOSTIC,    20, -3.545981943607e-01, 1.634434738662e-06, 5.4737e+01, 6.1402e-01, 
 2DIAGNOSTIC,    21, -3.545942604542e-01, 1.673795054558e-06, 5.5446e+01, 7.0897e-01, 
 2DIAGNOSTIC,    22, -3.545901775360e-01, 1.465333298256e-06, 5.5977e+01, 5.3154e-01, 
 2DIAGNOSTIC,    23, -3.545905053616e-01, 1.214691224050e-06, 5.6603e+01, 6.2637e-01, 
DIAGNOSTIC,Iteration,metricValue,convergenceValue,ITERATION_TIME_INDEX,SINCE_LAST
 2DIAGNOSTIC,     1, -3.032699823380e-01, inf, 6.5766e+01, 9.1626e+00, 
  Elapsed time (stage 1): 6.7458e+01


Stage 2
  iterations = 100x100x70x50x0
  convergence threshold = 1.0000e-06
  convergence window size = 10
  number of levels = 5
  using the Mattes MI metric (number of bins = 32, weight = 1.0000e+00)
  preprocessing:  winsorizing the image intensities
  Shrink factors (level 1 out of 5): [10, 10, 10]
  Shrink factors (level 2 out of 5): [6, 6, 6]
  Shrink factors (level 3 out of 5): [4, 4, 4]
  Shrink factors (level 4 out of 5): [2, 2, 2]
  Shrink factors (level 5 out of 5): [1, 1, 1]
  smoothing sigmas per level: [5, 3, 2, 1, 0]
  Using default NONE metricSamplingStrategy 

*** Running SyN registration (varianceForUpdateField = 3.0000e+00, varianceForTotalField = 0.0000e+00) ***

XXDIAGNOSTIC,Iteration,metricValue,convergenceValue,ITERATION_TIME_INDEX,SINCE_LAST
 1DIAGNOSTIC,     1, -4.949226677418e-01, inf, 3.0437e+01, 3.0437e+01, 
 1DIAGNOSTIC,     2, -5.104644298553e-01, inf, 3.0590e+01, 1.5357e-01, 
 1DIAGNOSTIC,     3, -5.245590209961e-01, inf, 3.0741e+01, 1.5013e-01, 
 1DIAGNOSTIC,     4, -5.323846340179e-01, inf, 3.0891e+01, 1.5068e-01, 
 1DIAGNOSTIC,     5, -5.341815948486e-01, inf, 3.1038e+01, 1.4707e-01, 
 1DIAGNOSTIC,     6, -5.344278216362e-01, inf, 3.1189e+01, 1.5098e-01, 
 1DIAGNOSTIC,     7, -5.336611866951e-01, inf, 3.1340e+01, 1.5069e-01, 
 1DIAGNOSTIC,     8, -5.312460660934e-01, inf, 3.1487e+01, 1.4733e-01, 
 1DIAGNOSTIC,     9, -5.279051065445e-01, inf, 3.1634e+01, 1.4712e-01, 
 1DIAGNOSTIC,    10, -5.251616239548e-01, 2.754215616733e-03, 3.1783e+01, 1.4821e-01, 
 1DIAGNOSTIC,    11, -5.221613645554e-01, 3.762583946809e-04, 3.1931e+01, 1.4813e-01, 
 1DIAGNOSTIC,    12, -5.200319290161e-01, -1.047009252943e-03, 3.2079e+01, 1.4785e-01, 
XXDIAGNOSTIC,Iteration,metricValue,convergenceValue,ITERATION_TIME_INDEX,SINCE_LAST
 1DIAGNOSTIC,     1, -4.092056751251e-01, inf, 4.5866e+01, 1.3787e+01, 
 1DIAGNOSTIC,     2, -4.115320742130e-01, inf, 4.6460e+01, 5.9446e-01, 
 1DIAGNOSTIC,     3, -4.130636155605e-01, inf, 4.7040e+01, 5.7942e-01, 
 1DIAGNOSTIC,     4, -4.139004349709e-01, inf, 4.7618e+01, 5.7871e-01, 
 1DIAGNOSTIC,     5, -4.139489531517e-01, inf, 4.8200e+01, 5.8146e-01, 
 1DIAGNOSTIC,     6, -4.135093986988e-01, inf, 4.8781e+01, 5.8081e-01, 
 1DIAGNOSTIC,     7, -4.129643142223e-01, inf, 4.9363e+01, 5.8258e-01, 
 1DIAGNOSTIC,     8, -4.125379323959e-01, inf, 4.9943e+01, 5.7960e-01, 
 1DIAGNOSTIC,     9, -4.118058085442e-01, inf, 5.0522e+01, 5.7939e-01, 
 1DIAGNOSTIC,    10, -4.106112718582e-01, 5.599076030194e-05, 5.1103e+01, 5.8045e-01, 
 1DIAGNOSTIC,    11, -4.098559021950e-01, -3.756780934054e-04, 5.1683e+01, 5.8027e-01, 
XXDIAGNOSTIC,Iteration,metricValue,convergenceValue,ITERATION_TIME_INDEX,SINCE_LAST
 1DIAGNOSTIC,     1, -3.496278524399e-01, inf, 6.1424e+01, 9.7406e+00, 
 1DIAGNOSTIC,     2, -3.505216836929e-01, inf, 6.3276e+01, 1.8526e+00, 
 1DIAGNOSTIC,     3, -3.509054780006e-01, inf, 6.5128e+01, 1.8521e+00, 
 1DIAGNOSTIC,     4, -3.511396646500e-01, inf, 6.6920e+01, 1.7919e+00, 
 1DIAGNOSTIC,     5, -3.510999679565e-01, inf, 6.8716e+01, 1.7956e+00, 
 1DIAGNOSTIC,     6, -3.510080277920e-01, inf, 7.0508e+01, 1.7924e+00, 
 1DIAGNOSTIC,     7, -3.507653772831e-01, inf, 7.2309e+01, 1.8005e+00, 
 1DIAGNOSTIC,     8, -3.504150211811e-01, inf, 7.4109e+01, 1.7999e+00, 
 1DIAGNOSTIC,     9, -3.502242565155e-01, inf, 7.5905e+01, 1.7963e+00, 
 1DIAGNOSTIC,    10, -3.497929573059e-01, -4.781407915289e-05, 7.7710e+01, 1.8053e+00, 
XXDIAGNOSTIC,Iteration,metricValue,convergenceValue,ITERATION_TIME_INDEX,SINCE_LAST
 1DIAGNOSTIC,     1, -2.947627305984e-01, inf, 9.7406e+01, 1.9696e+01, 
 1DIAGNOSTIC,     2, -2.955993711948e-01, inf, 1.1033e+02, 1.2927e+01, 
 1DIAGNOSTIC,     3, -2.964357137680e-01, inf, 1.2323e+02, 1.2894e+01, 
 1DIAGNOSTIC,     4, -2.972031533718e-01, inf, 1.3609e+02, 1.2859e+01, 
 1DIAGNOSTIC,     5, -2.978726625443e-01, inf, 1.4896e+02, 1.2878e+01, 
 1DIAGNOSTIC,     6, -2.984945178032e-01, inf, 1.6230e+02, 1.3334e+01, 
 1DIAGNOSTIC,     7, -2.990198135376e-01, inf, 1.7582e+02, 1.3522e+01, 
 1DIAGNOSTIC,     8, -2.994666397572e-01, inf, 1.8920e+02, 1.3384e+01, 
 1DIAGNOSTIC,     9, -2.998859882355e-01, inf, 2.0300e+02, 1.3798e+01, 
 1DIAGNOSTIC,    10, -3.003070652485e-01, 1.183129497804e-03, 2.1683e+02, 1.3825e+01, 
 1DIAGNOSTIC,    11, -3.005894422531e-01, 9.636565227993e-04, 2.3020e+02, 1.3375e+01, 
 1DIAGNOSTIC,    12, -3.008347749710e-01, 7.797665311955e-04, 2.4406e+02, 1.3857e+01, 
 1DIAGNOSTIC,    13, -3.010778129101e-01, 6.324080750346e-04, 2.5789e+02, 1.3833e+01, 
 1DIAGNOSTIC,    14, -3.013048470020e-01, 5.157532868907e-04, 2.7169e+02, 1.3798e+01, 
 1DIAGNOSTIC,    15, -3.015165328979e-01, 4.228990001138e-04, 2.8549e+02, 1.3802e+01, 
 1DIAGNOSTIC,    16, -3.017381727695e-01, 3.526925866026e-04, 2.9930e+02, 1.3812e+01, 
 1DIAGNOSTIC,    17, -3.019671142101e-01, 3.002669836860e-04, 3.1320e+02, 1.3894e+01, 
 1DIAGNOSTIC,    18, -3.021624684334e-01, 2.595599216875e-04, 3.2713e+02, 1.3927e+01, 
 1DIAGNOSTIC,    19, -3.023190498352e-01, 2.275760925841e-04, 3.4098e+02, 1.3853e+01, 
 1DIAGNOSTIC,    20, -3.024576306343e-01, 2.041359257419e-04, 3.5481e+02, 1.3833e+01, 
 1DIAGNOSTIC,    21, -3.026230931282e-01, 1.840826007538e-04, 3.6865e+02, 1.3836e+01, 
 1DIAGNOSTIC,    22, -3.027851581573e-01, 1.660792040639e-04, 3.8264e+02, 1.3989e+01, 
 1DIAGNOSTIC,    23, -3.029332756996e-01, 1.501343649579e-04, 3.9651e+02, 1.3879e+01, 
 1DIAGNOSTIC,    24, -3.030120432377e-01, 1.335275301244e-04, 4.1032e+02, 1.3801e+01, 
 1DIAGNOSTIC,    25, -3.031352460384e-01, 1.184573193314e-04, 4.2411e+02, 1.3793e+01, 
 1DIAGNOSTIC,    26, -3.032019734383e-01, 1.038204427459e-04, 4.3799e+02, 1.3879e+01, 
 1DIAGNOSTIC,    27, -3.032477796078e-01, 9.008048800752e-05, 4.5130e+02, 1.3309e+01, 
 1DIAGNOSTIC,    28, -3.032883405685e-01, 7.684365118621e-05, 4.6510e+02, 1.3803e+01, 
 1DIAGNOSTIC,    29, -3.033268451691e-01, 6.369731272571e-05, 4.7892e+02, 1.3820e+01, 
 1DIAGNOSTIC,    30, -3.033642768860e-01, 5.096975291963e-05, 4.9274e+02, 1.3819e+01, 
 1DIAGNOSTIC,    31, -3.033979237080e-01, 4.031307980767e-05, 5.0660e+02, 1.3857e+01, 
 1DIAGNOSTIC,    32, -3.035025000572e-01, 3.440401633270e-05, 5.2047e+02, 1.3874e+01, 
 1DIAGNOSTIC,    33, -3.036112487316e-01, 3.295906208223e-05, 5.3432e+02, 1.3849e+01, 
 1DIAGNOSTIC,    34, -3.036946058273e-01, 3.294575435575e-05, 5.4824e+02, 1.3920e+01, 
 1DIAGNOSTIC,    35, -3.037947416306e-01, 3.588649269659e-05, 5.6211e+02, 1.3869e+01, 
 1DIAGNOSTIC,    36, -3.038430213928e-01, 3.831433059531e-05, 5.7591e+02, 1.3801e+01, 
 1DIAGNOSTIC,    37, -3.039135336876e-01, 3.998248575954e-05, 5.8965e+02, 1.3745e+01, 
 1DIAGNOSTIC,    38, -3.039596676826e-01, 3.992744314019e-05, 6.0350e+02, 1.3841e+01, 
 1DIAGNOSTIC,    39, -3.040015101433e-01, 3.807253233390e-05, 6.1729e+02, 1.3790e+01, 
 1DIAGNOSTIC,    40, -3.040703237057e-01, 3.527134686010e-05, 6.3105e+02, 1.3760e+01, 
 1DIAGNOSTIC,    41, -3.041232824326e-01, 3.125175135210e-05, 6.4483e+02, 1.3789e+01, 
 1DIAGNOSTIC,    42, -3.041343688965e-01, 2.706480518100e-05, 6.5864e+02, 1.3807e+01, 
 1DIAGNOSTIC,    43, -3.041475713253e-01, 2.322937325516e-05, 6.7243e+02, 1.3788e+01, 
 1DIAGNOSTIC,    44, -3.041972517967e-01, 2.023223532888e-05, 6.8627e+02, 1.3838e+01, 
 1DIAGNOSTIC,    45, -3.042033910751e-01, 1.767792309693e-05, 7.0007e+02, 1.3806e+01, 
 1DIAGNOSTIC,    46, -3.041960000992e-01, 1.442168650101e-05, 7.1384e+02, 1.3768e+01, 
 1DIAGNOSTIC,    47, -3.041873574257e-01, 1.124951722886e-05, 7.2760e+02, 1.3755e+01, 
 1DIAGNOSTIC,    48, -3.041374683380e-01, 7.130806807254e-06, 7.4135e+02, 1.3755e+01, 
 1DIAGNOSTIC,    49, -3.040707707405e-01, 2.068367166430e-06, 7.5513e+02, 1.3778e+01, 
 1DIAGNOSTIC,    50, -3.040086328983e-01, -2.805228632496e-06, 7.6892e+02, 1.3787e+01, 
  Elapsed time (stage 2): 792.8


Total elapsed time: 926

--- Writing output images ---

Using double precision for computations.
Input scalar image: data/Segmentations/1128_3_seg.nii.gz
Reference image: data/template/T_template0_BrainCerebellum.nii.gz
=============================================================================
The composite transform comprises the following transforms (in order): 
  1. /tmp/1972070.1.basic.q/1128_ToTemplate_018_0GenericAffine.mat (type = AffineTransform)
  2. /tmp/1972070.1.basic.q/1128_ToTemplate_018_1Warp.nii.gz (type = DisplacementFieldTransform)
=============================================================================
Default pixel value: 0
Interpolation type: LabelImageGenericInterpolateImageFunction
Output warped image: output/1128/1128_WarpedLabels_018.nii.gz

--- Done ---

