
--- Running on compute-1-2.local ---


--- registration call ---
/data/jet/pcook/bin/antsBuild/bin/antsRegistrationSyNQuick.sh -d 3 -f data/template/T_template0_BrainCerebellum.nii.gz -m data/Brains/1110_3.nii.gz -t s -p f -n 1 -o /tmp/1978988.1.basic.q/1110_ToTemplate_011_
---


--------------------------------------------------------------------------------------
 Mapping parameters
--------------------------------------------------------------------------------------
 ANTSPATH is /data/jet/pcook/bin/antsBuild/bin/

 Dimensionality:           3
 Output name prefix:       /tmp/1978988.1.basic.q/1110_ToTemplate_011_
 Fixed images:             data/template/T_template0_BrainCerebellum.nii.gz
 Moving images:            data/Brains/1110_3.nii.gz
 Mask images:              
 Initial transforms:       
 Number of threads:        1
 Spline distance:          26
 Transform type:           s
 MI histogram bins:        32
 Precision:                f
 Use histogram matching    0
======================================================================================
 antsRegistration call:
--------------------------------------------------------------------------------------
/data/jet/pcook/bin/antsBuild/bin//antsRegistration --verbose 1 --dimensionality 3 --float 1 --collapse-output-transforms 1 --output [/tmp/1978988.1.basic.q/1110_ToTemplate_011_,/tmp/1978988.1.basic.q/1110_ToTemplate_011_Warped.nii.gz,/tmp/1978988.1.basic.q/1110_ToTemplate_011_InverseWarped.nii.gz] --interpolation Linear --use-histogram-matching 0 --winsorize-image-intensities [0.005,0.995] --initial-moving-transform [data/template/T_template0_BrainCerebellum.nii.gz,data/Brains/1110_3.nii.gz,1] --transform Rigid[0.1] --metric MI[data/template/T_template0_BrainCerebellum.nii.gz,data/Brains/1110_3.nii.gz,1,32,Regular,0.25] --convergence [1000x500x250x0,1e-6,10] --shrink-factors 12x8x4x2 --smoothing-sigmas 4x3x2x1vox --transform Affine[0.1] --metric MI[data/template/T_template0_BrainCerebellum.nii.gz,data/Brains/1110_3.nii.gz,1,32,Regular,0.25] --convergence [1000x500x250x0,1e-6,10] --shrink-factors 12x8x4x2 --smoothing-sigmas 4x3x2x1vox --transform SyN[0.1,3,0] --metric MI[data/template/T_template0_BrainCerebellum.nii.gz,data/Brains/1110_3.nii.gz,1,32] --convergence [100x100x70x50x0,1e-6,10] --shrink-factors 10x6x4x2x1 --smoothing-sigmas 5x3x2x1x0vox
--------------------------------------------------------------------------------------
All_Command_lines_OK
Using single precision for computations.
=============================================================================
The composite transform comprises the following transforms (in order): 
  1. Center of mass alignment using fixed image: data/template/T_template0_BrainCerebellum.nii.gz and moving image: data/Brains/1110_3.nii.gz (type = Euler3DTransform)
=============================================================================
  number of levels = 4
  number of levels = 4
  number of levels = 5
  fixed image: data/template/T_template0_BrainCerebellum.nii.gz
  moving image: data/Brains/1110_3.nii.gz
  fixed image: data/template/T_template0_BrainCerebellum.nii.gz
  moving image: data/Brains/1110_3.nii.gz
  fixed image: data/template/T_template0_BrainCerebellum.nii.gz
  moving image: data/Brains/1110_3.nii.gz
Dimension = 3
Number of stages = 3
Use Histogram Matching false
Winsorize image intensities true
Lower quantile = 0.005
Upper quantile = 0.995
Stage 1 State
   Image metric = Mattes
     Fixed image = Image (0x4d99440)
  RTTI typeinfo:   itk::Image<float, 3u>
  Reference Count: 2
  Modified Time: 1611
  Debug: Off
  Object Name: 
  Observers: 
    none
  Source: (none)
  Source output name: (none)
  Release Data: Off
  Data Released: False
  Global Release Data: Off
  PipelineMTime: 0
  UpdateMTime: 1422
  RealTimeStamp: 0 seconds 
  LargestPossibleRegion: 
    Dimension: 3
    Index: [0, 0, 0]
    Size: [216, 256, 291]
  BufferedRegion: 
    Dimension: 3
    Index: [0, 0, 0]
    Size: [216, 256, 291]
  RequestedRegion: 
    Dimension: 3
    Index: [0, 0, 0]
    Size: [216, 256, 291]
  Spacing: [1, 1, 1]
  Origin: [0, 293, 0]
  Direction: 
1 0 0
0 -0 -1
0 -1 -0

  IndexToPointMatrix: 
1 0 0
0 0 -1
0 -1 0

  PointToIndexMatrix: 
1 0 0
0 0 -1
0 -1 0

  Inverse Direction: 
1 0 0
0 0 -1
0 -1 0

  PixelContainer: 
    ImportImageContainer (0x4d7f120)
      RTTI typeinfo:   itk::ImportImageContainer<unsigned long, float>
      Reference Count: 1
      Modified Time: 1419
      Debug: Off
      Object Name: 
      Observers: 
        none
      Pointer: 0x7f4b454ac010
      Container manages memory: true
      Size: 16091136
      Capacity: 16091136

     Moving image = Image (0x4d99e80)
  RTTI typeinfo:   itk::Image<float, 3u>
  Reference Count: 2
  Modified Time: 1612
  Debug: Off
  Object Name: 
  Observers: 
    none
  Source: (none)
  Source output name: (none)
  Release Data: Off
  Data Released: False
  Global Release Data: Off
  PipelineMTime: 0
  UpdateMTime: 1609
  RealTimeStamp: 0 seconds 
  LargestPossibleRegion: 
    Dimension: 3
    Index: [0, 0, 0]
    Size: [256, 256, 321]
  BufferedRegion: 
    Dimension: 3
    Index: [0, 0, 0]
    Size: [256, 256, 321]
  RequestedRegion: 
    Dimension: 3
    Index: [0, 0, 0]
    Size: [256, 256, 321]
  Spacing: [1, 1, 1]
  Origin: [0, 320, 0]
  Direction: 
1 0 0
0 -0 -1
0 -1 -0

  IndexToPointMatrix: 
1 0 0
0 0 -1
0 -1 0

  PointToIndexMatrix: 
1 0 0
0 0 -1
0 -1 0

  Inverse Direction: 
1 0 0
0 0 -1
0 -1 0

  PixelContainer: 
    ImportImageContainer (0x4d9c2d0)
      RTTI typeinfo:   itk::ImportImageContainer<unsigned long, float>
      Reference Count: 1
      Modified Time: 1606
      Debug: Off
      Object Name: 
      Observers: 
        none
      Pointer: 0x7f4b4046b010
      Container manages memory: true
      Size: 21037056
      Capacity: 21037056

     Weighting = 1
     Sampling strategy = regular
     Number of bins = 32
     Radius = 4
     Sampling percentage  = 0.25
   Transform = Rigid
     Gradient step = 0.1
     Update field sigma (voxel space) = 0
     Total field sigma (voxel space) = 0
     Update field time sigma = 0
     Total field time sigma  = 0
     Number of time indices = 0
     Number of time point samples = 0
Stage 2 State
   Image metric = Mattes
     Fixed image = Image (0x4da46e0)
  RTTI typeinfo:   itk::Image<float, 3u>
  Reference Count: 2
  Modified Time: 1987
  Debug: Off
  Object Name: 
  Observers: 
    none
  Source: (none)
  Source output name: (none)
  Release Data: Off
  Data Released: False
  Global Release Data: Off
  PipelineMTime: 0
  UpdateMTime: 1798
  RealTimeStamp: 0 seconds 
  LargestPossibleRegion: 
    Dimension: 3
    Index: [0, 0, 0]
    Size: [216, 256, 291]
  BufferedRegion: 
    Dimension: 3
    Index: [0, 0, 0]
    Size: [216, 256, 291]
  RequestedRegion: 
    Dimension: 3
    Index: [0, 0, 0]
    Size: [216, 256, 291]
  Spacing: [1, 1, 1]
  Origin: [0, 293, 0]
  Direction: 
1 0 0
0 -0 -1
0 -1 -0

  IndexToPointMatrix: 
1 0 0
0 0 -1
0 -1 0

  PointToIndexMatrix: 
1 0 0
0 0 -1
0 -1 0

  Inverse Direction: 
1 0 0
0 0 -1
0 -1 0

  PixelContainer: 
    ImportImageContainer (0x4da4f80)
      RTTI typeinfo:   itk::ImportImageContainer<unsigned long, float>
      Reference Count: 1
      Modified Time: 1795
      Debug: Off
      Object Name: 
      Observers: 
        none
      Pointer: 0x7f4b3c708010
      Container manages memory: true
      Size: 16091136
      Capacity: 16091136

     Moving image = Image (0x4da4a70)
  RTTI typeinfo:   itk::Image<float, 3u>
  Reference Count: 2
  Modified Time: 1988
  Debug: Off
  Object Name: 
  Observers: 
    none
  Source: (none)
  Source output name: (none)
  Release Data: Off
  Data Released: False
  Global Release Data: Off
  PipelineMTime: 0
  UpdateMTime: 1985
  RealTimeStamp: 0 seconds 
  LargestPossibleRegion: 
    Dimension: 3
    Index: [0, 0, 0]
    Size: [256, 256, 321]
  BufferedRegion: 
    Dimension: 3
    Index: [0, 0, 0]
    Size: [256, 256, 321]
  RequestedRegion: 
    Dimension: 3
    Index: [0, 0, 0]
    Size: [256, 256, 321]
  Spacing: [1, 1, 1]
  Origin: [0, 320, 0]
  Direction: 
1 0 0
0 -0 -1
0 -1 -0

  IndexToPointMatrix: 
1 0 0
0 0 -1
0 -1 0

  PointToIndexMatrix: 
1 0 0
0 0 -1
0 -1 0

  Inverse Direction: 
1 0 0
0 0 -1
0 -1 0

  PixelContainer: 
    ImportImageContainer (0x4da5970)
      RTTI typeinfo:   itk::ImportImageContainer<unsigned long, float>
      Reference Count: 1
      Modified Time: 1982
      Debug: Off
      Object Name: 
      Observers: 
        none
      Pointer: 0x7f4b376c7010
      Container manages memory: true
      Size: 21037056
      Capacity: 21037056

     Weighting = 1
     Sampling strategy = regular
     Number of bins = 32
     Radius = 4
     Sampling percentage  = 0.25
   Transform = Affine
     Gradient step = 0.1
     Update field sigma (voxel space) = 0
     Total field sigma (voxel space) = 0
     Update field time sigma = 0
     Total field time sigma  = 0
     Number of time indices = 0
     Number of time point samples = 0
Stage 3 State
   Image metric = Mattes
     Fixed image = Image (0x4dab7d0)
  RTTI typeinfo:   itk::Image<float, 3u>
  Reference Count: 2
  Modified Time: 2363
  Debug: Off
  Object Name: 
  Observers: 
    none
  Source: (none)
  Source output name: (none)
  Release Data: Off
  Data Released: False
  Global Release Data: Off
  PipelineMTime: 0
  UpdateMTime: 2174
  RealTimeStamp: 0 seconds 
  LargestPossibleRegion: 
    Dimension: 3
    Index: [0, 0, 0]
    Size: [216, 256, 291]
  BufferedRegion: 
    Dimension: 3
    Index: [0, 0, 0]
    Size: [216, 256, 291]
  RequestedRegion: 
    Dimension: 3
    Index: [0, 0, 0]
    Size: [216, 256, 291]
  Spacing: [1, 1, 1]
  Origin: [0, 293, 0]
  Direction: 
1 0 0
0 -0 -1
0 -1 -0

  IndexToPointMatrix: 
1 0 0
0 0 -1
0 -1 0

  PointToIndexMatrix: 
1 0 0
0 0 -1
0 -1 0

  Inverse Direction: 
1 0 0
0 0 -1
0 -1 0

  PixelContainer: 
    ImportImageContainer (0x4daba60)
      RTTI typeinfo:   itk::ImportImageContainer<unsigned long, float>
      Reference Count: 1
      Modified Time: 2171
      Debug: Off
      Object Name: 
      Observers: 
        none
      Pointer: 0x7f4b33964010
      Container manages memory: true
      Size: 16091136
      Capacity: 16091136

     Moving image = Image (0x4dae1d0)
  RTTI typeinfo:   itk::Image<float, 3u>
  Reference Count: 2
  Modified Time: 2364
  Debug: Off
  Object Name: 
  Observers: 
    none
  Source: (none)
  Source output name: (none)
  Release Data: Off
  Data Released: False
  Global Release Data: Off
  PipelineMTime: 0
  UpdateMTime: 2361
  RealTimeStamp: 0 seconds 
  LargestPossibleRegion: 
    Dimension: 3
    Index: [0, 0, 0]
    Size: [256, 256, 321]
  BufferedRegion: 
    Dimension: 3
    Index: [0, 0, 0]
    Size: [256, 256, 321]
  RequestedRegion: 
    Dimension: 3
    Index: [0, 0, 0]
    Size: [256, 256, 321]
  Spacing: [1, 1, 1]
  Origin: [0, 320, 0]
  Direction: 
1 0 0
0 -0 -1
0 -1 -0

  IndexToPointMatrix: 
1 0 0
0 0 -1
0 -1 0

  PointToIndexMatrix: 
1 0 0
0 0 -1
0 -1 0

  Inverse Direction: 
1 0 0
0 0 -1
0 -1 0

  PixelContainer: 
    ImportImageContainer (0x4dabac0)
      RTTI typeinfo:   itk::ImportImageContainer<unsigned long, float>
      Reference Count: 1
      Modified Time: 2358
      Debug: Off
      Object Name: 
      Observers: 
        none
      Pointer: 0x7f4b2e923010
      Container manages memory: true
      Size: 21037056
      Capacity: 21037056

     Weighting = 1
     Sampling strategy = none
     Number of bins = 32
     Radius = 4
     Sampling percentage  = 1
   Transform = SyN
     Gradient step = 0.1
     Update field sigma (voxel space) = 3
     Total field sigma (voxel space) = 0
     Update field time sigma = 0
     Total field time sigma  = 0
     Number of time indices = 0
     Number of time point samples = 0
Registration using 3 total stages.

Stage 0
  iterations = 1000x500x250x0
  convergence threshold = 1e-06
  convergence window size = 10
  number of levels = 4
  using the Mattes MI metric (number of bins = 32, weight = 1)
  preprocessing:  winsorizing the image intensities
  Shrink factors (level 1 out of 4): [12, 12, 12]
  Shrink factors (level 2 out of 4): [8, 8, 8]
  Shrink factors (level 3 out of 4): [4, 4, 4]
  Shrink factors (level 4 out of 4): [2, 2, 2]
  smoothing sigmas per level: [4, 3, 2, 1]
  regular sampling (percentage = 0.25)

*** Running Euler3DTransform registration ***

DIAGNOSTIC,Iteration,metricValue,convergenceValue,ITERATION_TIME_INDEX,SINCE_LAST
 2DIAGNOSTIC,     1, -4.680481851101e-01, inf, 1.8623e+01, 1.8623e+01, 
 2DIAGNOSTIC,     2, -4.693724215031e-01, inf, 1.8634e+01, 1.0721e-02, 
 2DIAGNOSTIC,     3, -4.709798693657e-01, inf, 1.8644e+01, 1.0604e-02, 
 2DIAGNOSTIC,     4, -4.720968008041e-01, inf, 1.8655e+01, 1.0612e-02, 
 2DIAGNOSTIC,     5, -4.725999236107e-01, inf, 1.8665e+01, 1.0552e-02, 
 2DIAGNOSTIC,     6, -4.731272459030e-01, inf, 1.8676e+01, 1.0517e-02, 
 2DIAGNOSTIC,     7, -4.737871587276e-01, inf, 1.8687e+01, 1.0570e-02, 
 2DIAGNOSTIC,     8, -4.757683873177e-01, inf, 1.8700e+01, 1.3229e-02, 
 2DIAGNOSTIC,     9, -4.774992763996e-01, inf, 1.8716e+01, 1.5753e-02, 
 2DIAGNOSTIC,    10, -4.780368506908e-01, 1.284274039790e-03, 1.8728e+01, 1.2881e-02, 
 2DIAGNOSTIC,    11, -4.780525863171e-01, 1.106407027692e-03, 1.8741e+01, 1.2625e-02, 
 2DIAGNOSTIC,    12, -4.780594110489e-01, 9.255516342819e-04, 1.8752e+01, 1.0932e-02, 
 2DIAGNOSTIC,    13, -4.780743420124e-01, 7.619032985531e-04, 1.8768e+01, 1.5780e-02, 
 2DIAGNOSTIC,    14, -4.780793488026e-01, 5.993214435875e-04, 1.8779e+01, 1.0916e-02, 
 2DIAGNOSTIC,    15, -4.780823588371e-01, 4.246735188644e-04, 1.8790e+01, 1.0922e-02, 
 2DIAGNOSTIC,    16, -4.780871570110e-01, 2.543311857153e-04, 1.8800e+01, 1.0898e-02, 
 2DIAGNOSTIC,    17, -4.780976176262e-01, 1.035523891915e-04, 1.8813e+01, 1.2543e-02, 
 2DIAGNOSTIC,    18, -4.781012535095e-01, 2.472678716003e-05, 1.8826e+01, 1.2550e-02, 
 2DIAGNOSTIC,    19, -4.781056642532e-01, 6.233610747586e-06, 1.8840e+01, 1.4127e-02, 
 2DIAGNOSTIC,    20, -4.781087934971e-01, 5.328509359970e-06, 1.8851e+01, 1.0931e-02, 
 2DIAGNOSTIC,    21, -4.781101942062e-01, 4.648968115362e-06, 1.8862e+01, 1.0932e-02, 
 2DIAGNOSTIC,    22, -4.781142473221e-01, 4.022537723358e-06, 1.8874e+01, 1.2528e-02, 
 2DIAGNOSTIC,    23, -4.781150519848e-01, 3.613956096160e-06, 1.8887e+01, 1.2515e-02, 
 2DIAGNOSTIC,    24, -4.781182110310e-01, 3.236479869884e-06, 1.8901e+01, 1.4088e-02, 
 2DIAGNOSTIC,    25, -4.781188368797e-01, 2.796280114126e-06, 1.8912e+01, 1.0933e-02, 
 2DIAGNOSTIC,    26, -4.781199097633e-01, 2.377425289524e-06, 1.8924e+01, 1.2580e-02, 
 2DIAGNOSTIC,    27, -4.781216084957e-01, 2.149183274014e-06, 1.8935e+01, 1.0918e-02, 
 2DIAGNOSTIC,    28, -4.781229794025e-01, 1.950039631993e-06, 1.8946e+01, 1.0902e-02, 
 2DIAGNOSTIC,    29, -4.781299531460e-01, 1.921047669384e-06, 1.8963e+01, 1.7362e-02, 
 2DIAGNOSTIC,    30, -4.781305789948e-01, 1.887942403300e-06, 1.8974e+01, 1.0923e-02, 
 2DIAGNOSTIC,    31, -4.781320393085e-01, 1.834174327087e-06, 1.8985e+01, 1.0938e-02, 
 2DIAGNOSTIC,    32, -4.781346321106e-01, 1.832653538258e-06, 1.8996e+01, 1.0894e-02, 
 2DIAGNOSTIC,    33, -4.781387746334e-01, 1.838369030338e-06, 1.9014e+01, 1.7408e-02, 
 2DIAGNOSTIC,    34, -4.781390130520e-01, 1.817707016016e-06, 1.9024e+01, 1.0911e-02, 
 2DIAGNOSTIC,    35, -4.781400859356e-01, 1.744571363815e-06, 1.9037e+01, 1.2489e-02, 
 2DIAGNOSTIC,    36, -4.781411886215e-01, 1.633732381379e-06, 1.9048e+01, 1.0905e-02, 
 2DIAGNOSTIC,    37, -4.781429767609e-01, 1.513547545073e-06, 1.9060e+01, 1.2548e-02, 
 2DIAGNOSTIC,    38, -4.781429171562e-01, 1.354018081656e-06, 1.9075e+01, 1.4172e-02, 
 2DIAGNOSTIC,    39, -4.781462252140e-01, 1.311697246820e-06, 1.9090e+01, 1.5804e-02, 
 2DIAGNOSTIC,    40, -4.781459569931e-01, 1.229252120538e-06, 1.9103e+01, 1.2492e-02, 
 2DIAGNOSTIC,    41, -4.781455695629e-01, 1.125174662775e-06, 1.9114e+01, 1.0878e-02, 
 2DIAGNOSTIC,    42, -4.781459569931e-01, 1.034186652760e-06, 1.9126e+01, 1.2514e-02, 
DIAGNOSTIC,Iteration,metricValue,convergenceValue,ITERATION_TIME_INDEX,SINCE_LAST
 2DIAGNOSTIC,     1, -4.108803272247e-01, inf, 3.3524e+01, 1.4398e+01, 
 2DIAGNOSTIC,     2, -4.114838540554e-01, inf, 3.3580e+01, 5.5658e-02, 
 2DIAGNOSTIC,     3, -4.121628105640e-01, inf, 3.3635e+01, 5.5656e-02, 
 2DIAGNOSTIC,     4, -4.128942787647e-01, inf, 3.3691e+01, 5.5932e-02, 
 2DIAGNOSTIC,     5, -4.133135080338e-01, inf, 3.3747e+01, 5.5253e-02, 
 2DIAGNOSTIC,     6, -4.135965108871e-01, inf, 3.3812e+01, 6.5563e-02, 
 2DIAGNOSTIC,     7, -4.140149056911e-01, inf, 3.3868e+01, 5.5547e-02, 
 2DIAGNOSTIC,     8, -4.143218398094e-01, inf, 3.3955e+01, 8.7004e-02, 
 2DIAGNOSTIC,     9, -4.145501255989e-01, inf, 3.4020e+01, 6.5649e-02, 
 2DIAGNOSTIC,    10, -4.146050810814e-01, 5.871226312593e-04, 3.4077e+01, 5.6273e-02, 
 2DIAGNOSTIC,    11, -4.147499203682e-01, 4.468525876291e-04, 3.4144e+01, 6.6950e-02, 
 2DIAGNOSTIC,    12, -4.148690104485e-01, 3.308905870654e-04, 3.4200e+01, 5.6252e-02, 
 2DIAGNOSTIC,    13, -4.150025248528e-01, 2.450998290442e-04, 3.4287e+01, 8.7572e-02, 
 2DIAGNOSTIC,    14, -4.150965213776e-01, 1.897317852126e-04, 3.4344e+01, 5.6103e-02, 
 2DIAGNOSTIC,    15, -4.150924682617e-01, 1.436931488570e-04, 3.4410e+01, 6.6305e-02, 
 2DIAGNOSTIC,    16, -4.150656163692e-01, 1.012595530483e-04, 3.4476e+01, 6.6282e-02, 
 2DIAGNOSTIC,    17, -4.150831103325e-01, 7.205930160126e-05, 3.4542e+01, 6.6074e-02, 
 2DIAGNOSTIC,    18, -4.150986373425e-01, 5.164313915884e-05, 3.4608e+01, 6.6158e-02, 
 2DIAGNOSTIC,    19, -4.150657951832e-01, 3.579894109862e-05, 3.4675e+01, 6.6277e-02, 
 2DIAGNOSTIC,    20, -4.150788187981e-01, 2.072894676530e-05, 3.4741e+01, 6.6333e-02, 
 2DIAGNOSTIC,    21, -4.150849878788e-01, 1.023723962135e-05, 3.4818e+01, 7.6683e-02, 
 2DIAGNOSTIC,    22, -4.150626659393e-01, 2.794294687192e-06, 3.4874e+01, 5.6674e-02, 
DIAGNOSTIC,Iteration,metricValue,convergenceValue,ITERATION_TIME_INDEX,SINCE_LAST
 2DIAGNOSTIC,     1, -3.501015901566e-01, inf, 4.4091e+01, 9.2164e+00, 
 2DIAGNOSTIC,     2, -3.502224385738e-01, inf, 4.4535e+01, 4.4406e-01, 
 2DIAGNOSTIC,     3, -3.503124415874e-01, inf, 4.4979e+01, 4.4372e-01, 
 2DIAGNOSTIC,     4, -3.503972887993e-01, inf, 4.5422e+01, 4.4386e-01, 
 2DIAGNOSTIC,     5, -3.505065739155e-01, inf, 4.6039e+01, 6.1702e-01, 
 2DIAGNOSTIC,     6, -3.505779504776e-01, inf, 4.6656e+01, 6.1627e-01, 
 2DIAGNOSTIC,     7, -3.505867123604e-01, inf, 4.7099e+01, 4.4340e-01, 
 2DIAGNOSTIC,     8, -3.507422208786e-01, inf, 4.7630e+01, 5.3069e-01, 
 2DIAGNOSTIC,     9, -3.512910306454e-01, inf, 4.8334e+01, 7.0376e-01, 
 2DIAGNOSTIC,    10, -3.514128923416e-01, 2.177285059588e-04, 4.8864e+01, 5.3044e-01, 
 2DIAGNOSTIC,    11, -3.514038622379e-01, 2.152120723622e-04, 4.9395e+01, 5.3105e-01, 
 2DIAGNOSTIC,    12, -3.514084517956e-01, 2.032200427493e-04, 4.9925e+01, 5.3031e-01, 
 2DIAGNOSTIC,    13, -3.514023125172e-01, 1.800138852559e-04, 5.0456e+01, 5.3115e-01, 
 2DIAGNOSTIC,    14, -3.513956964016e-01, 1.478149788454e-04, 5.0901e+01, 4.4408e-01, 
 2DIAGNOSTIC,    15, -3.513931334019e-01, 1.122149697039e-04, 5.1518e+01, 6.1760e-01, 
 2DIAGNOSTIC,    16, -3.513938486576e-01, 7.513935997849e-05, 5.2135e+01, 6.1724e-01, 
 2DIAGNOSTIC,    17, -3.513899743557e-01, 3.611944703152e-05, 5.2840e+01, 7.0446e-01, 
 2DIAGNOSTIC,    18, -3.513900637627e-01, 4.636962785298e-06, 5.3370e+01, 5.3062e-01, 
DIAGNOSTIC,Iteration,metricValue,convergenceValue,ITERATION_TIME_INDEX,SINCE_LAST
 2DIAGNOSTIC,     1, -3.010022938251e-01, inf, 6.2207e+01, 8.8369e+00, 
  Elapsed time (stage 0): 6.4139e+01


Stage 1
  iterations = 1000x500x250x0
  convergence threshold = 1.0000e-06
  convergence window size = 10
  number of levels = 4
  using the Mattes MI metric (number of bins = 32, weight = 1.0000e+00)
  preprocessing:  winsorizing the image intensities
  Shrink factors (level 1 out of 4): [12, 12, 12]
  Shrink factors (level 2 out of 4): [8, 8, 8]
  Shrink factors (level 3 out of 4): [4, 4, 4]
  Shrink factors (level 4 out of 4): [2, 2, 2]
  smoothing sigmas per level: [4, 3, 2, 1]
  regular sampling (percentage = 2.5000e-01)

*** Running AffineTransform registration ***

DIAGNOSTIC,Iteration,metricValue,convergenceValue,ITERATION_TIME_INDEX,SINCE_LAST
 2DIAGNOSTIC,     1, -4.686302244663e-01, inf, 1.8645e+01, 1.8645e+01, 
 2DIAGNOSTIC,     2, -4.700399339199e-01, inf, 1.8659e+01, 1.4661e-02, 
 2DIAGNOSTIC,     3, -4.721046388149e-01, inf, 1.8674e+01, 1.4445e-02, 
 2DIAGNOSTIC,     4, -4.750621616840e-01, inf, 1.8688e+01, 1.4293e-02, 
 2DIAGNOSTIC,     5, -4.794056117535e-01, inf, 1.8702e+01, 1.4206e-02, 
 2DIAGNOSTIC,     6, -4.854857921600e-01, inf, 1.8717e+01, 1.4522e-02, 
 2DIAGNOSTIC,     7, -4.946868121624e-01, inf, 1.8731e+01, 1.4635e-02, 
 2DIAGNOSTIC,     8, -4.986503124237e-01, inf, 1.8751e+01, 2.0037e-02, 
 2DIAGNOSTIC,     9, -5.008177757263e-01, inf, 1.8767e+01, 1.5938e-02, 
 2DIAGNOSTIC,    10, -5.013609528542e-01, 5.188774783164e-03, 1.8784e+01, 1.6605e-02, 
 2DIAGNOSTIC,    11, -5.030208230019e-01, 4.632054828107e-03, 1.8801e+01, 1.7042e-02, 
 2DIAGNOSTIC,    12, -5.040064454079e-01, 3.865491366014e-03, 1.8818e+01, 1.6706e-02, 
 2DIAGNOSTIC,    13, -5.046755075455e-01, 2.992605092004e-03, 1.8833e+01, 1.5039e-02, 
 2DIAGNOSTIC,    14, -5.048303604126e-01, 2.108680782840e-03, 1.8848e+01, 1.4939e-02, 
 2DIAGNOSTIC,    15, -5.049763321877e-01, 1.327028265223e-03, 1.8868e+01, 1.9987e-02, 
 2DIAGNOSTIC,    16, -5.050466060638e-01, 7.389673264697e-04, 1.8883e+01, 1.4790e-02, 
 2DIAGNOSTIC,    17, -5.050778985023e-01, 4.638124082703e-04, 1.8897e+01, 1.4738e-02, 
 2DIAGNOSTIC,    18, -5.051099658012e-01, 3.038365975954e-04, 1.8919e+01, 2.1604e-02, 
 2DIAGNOSTIC,    19, -5.051200985909e-01, 1.995124330278e-04, 1.8934e+01, 1.4895e-02, 
 2DIAGNOSTIC,    20, -5.051648616791e-01, 1.035805471474e-04, 1.8950e+01, 1.6469e-02, 
 2DIAGNOSTIC,    21, -5.052161812782e-01, 5.370007056626e-05, 1.8965e+01, 1.4688e-02, 
 2DIAGNOSTIC,    22, -5.052292943001e-01, 2.917616802733e-05, 1.8981e+01, 1.6543e-02, 
 2DIAGNOSTIC,    23, -5.052415728569e-01, 2.117617805197e-05, 1.8998e+01, 1.6497e-02, 
 2DIAGNOSTIC,    24, -5.052502751350e-01, 1.584156234458e-05, 1.9014e+01, 1.6446e-02, 
 2DIAGNOSTIC,    25, -5.053107142448e-01, 1.425899063179e-05, 1.9033e+01, 1.8416e-02, 
 2DIAGNOSTIC,    26, -5.054216980934e-01, 1.550439446873e-05, 1.9050e+01, 1.6692e-02, 
 2DIAGNOSTIC,    27, -5.055066943169e-01, 1.771440474840e-05, 1.9064e+01, 1.4731e-02, 
 2DIAGNOSTIC,    28, -5.055617094040e-01, 1.999691266974e-05, 1.9079e+01, 1.4903e-02, 
 2DIAGNOSTIC,    29, -5.056163072586e-01, 2.162239070458e-05, 1.9099e+01, 2.0109e-02, 
 2DIAGNOSTIC,    30, -5.056431293488e-01, 2.252088233945e-05, 1.9114e+01, 1.4718e-02, 
 2DIAGNOSTIC,    31, -5.056552290916e-01, 2.246635995107e-05, 1.9129e+01, 1.4728e-02, 
 2DIAGNOSTIC,    32, -5.056638717651e-01, 2.076533019135e-05, 1.9147e+01, 1.8257e-02, 
 2DIAGNOSTIC,    33, -5.056714415550e-01, 1.765841079759e-05, 1.9162e+01, 1.4798e-02, 
 2DIAGNOSTIC,    34, -5.056803822517e-01, 1.344648717350e-05, 1.9180e+01, 1.8271e-02, 
 2DIAGNOSTIC,    35, -5.056853294373e-01, 9.322200639872e-06, 1.9195e+01, 1.4683e-02, 
 2DIAGNOSTIC,    36, -5.056890845299e-01, 6.426839718188e-06, 1.9210e+01, 1.4836e-02, 
 2DIAGNOSTIC,    37, -5.056936144829e-01, 4.530586011242e-06, 1.9228e+01, 1.8223e-02, 
 2DIAGNOSTIC,    38, -5.056960582733e-01, 3.228022706026e-06, 1.9244e+01, 1.6399e-02, 
 2DIAGNOSTIC,    39, -5.056979060173e-01, 2.579667807368e-06, 1.9259e+01, 1.4552e-02, 
 2DIAGNOSTIC,    40, -5.057002305984e-01, 2.208058504038e-06, 1.9273e+01, 1.4397e-02, 
 2DIAGNOSTIC,    41, -5.057041645050e-01, 1.941434902619e-06, 1.9290e+01, 1.6426e-02, 
 2DIAGNOSTIC,    42, -5.057069659233e-01, 1.729478412926e-06, 1.9309e+01, 1.9895e-02, 
 2DIAGNOSTIC,    43, -5.057104825974e-01, 1.579226022841e-06, 1.9326e+01, 1.6439e-02, 
 2DIAGNOSTIC,    44, -5.057118535042e-01, 1.488469024480e-06, 1.9342e+01, 1.6433e-02, 
 2DIAGNOSTIC,    45, -5.057125091553e-01, 1.399640837008e-06, 1.9359e+01, 1.6342e-02, 
 2DIAGNOSTIC,    46, -5.057135820389e-01, 1.307425918640e-06, 1.9374e+01, 1.4867e-02, 
 2DIAGNOSTIC,    47, -5.057161450386e-01, 1.245453290721e-06, 1.9390e+01, 1.6533e-02, 
 2DIAGNOSTIC,    48, -5.057169795036e-01, 1.169982510874e-06, 1.9407e+01, 1.6531e-02, 
 2DIAGNOSTIC,    49, -5.057199597359e-01, 1.105634623855e-06, 1.9425e+01, 1.8175e-02, 
 2DIAGNOSTIC,    50, -5.057203173637e-01, 1.030269118019e-06, 1.9440e+01, 1.4828e-02, 
DIAGNOSTIC,Iteration,metricValue,convergenceValue,ITERATION_TIME_INDEX,SINCE_LAST
 2DIAGNOSTIC,     1, -4.373838603497e-01, inf, 3.3663e+01, 1.4223e+01, 
 2DIAGNOSTIC,     2, -4.377657175064e-01, inf, 3.3731e+01, 6.7768e-02, 
 2DIAGNOSTIC,     3, -4.382622838020e-01, inf, 3.3800e+01, 6.9155e-02, 
 2DIAGNOSTIC,     4, -4.389620125294e-01, inf, 3.3868e+01, 6.8393e-02, 
 2DIAGNOSTIC,     5, -4.403284490108e-01, inf, 3.3937e+01, 6.8887e-02, 
 2DIAGNOSTIC,     6, -4.426457285881e-01, inf, 3.4016e+01, 7.9443e-02, 
 2DIAGNOSTIC,     7, -4.431367814541e-01, inf, 3.4085e+01, 6.8776e-02, 
 2DIAGNOSTIC,     8, -4.436557292938e-01, inf, 3.4197e+01, 1.1219e-01, 
 2DIAGNOSTIC,     9, -4.438464641571e-01, inf, 3.4267e+01, 6.9573e-02, 
 2DIAGNOSTIC,    10, -4.444319307804e-01, 1.193977892399e-03, 3.4336e+01, 6.9193e-02, 
 2DIAGNOSTIC,    11, -4.446591734886e-01, 1.018375041895e-03, 3.4416e+01, 7.9828e-02, 
 2DIAGNOSTIC,    12, -4.449439346790e-01, 8.170134969987e-04, 3.4527e+01, 1.1125e-01, 
 2DIAGNOSTIC,    13, -4.449812173843e-01, 6.010996294208e-04, 3.4595e+01, 6.8016e-02, 
 2DIAGNOSTIC,    14, -4.451861381531e-01, 4.031964053866e-04, 3.4663e+01, 6.7815e-02, 
 2DIAGNOSTIC,    15, -4.452854096889e-01, 2.552872756496e-04, 3.4733e+01, 6.9640e-02, 
 2DIAGNOSTIC,    16, -4.453351497650e-01, 1.973181060748e-04, 3.4801e+01, 6.8835e-02, 
 2DIAGNOSTIC,    17, -4.453938901424e-01, 1.487793051638e-04, 3.4902e+01, 1.0086e-01, 
 2DIAGNOSTIC,    18, -4.454382658005e-01, 1.123017937061e-04, 3.4971e+01, 6.9077e-02, 
 2DIAGNOSTIC,    19, -4.454602301121e-01, 7.618474774063e-05, 3.5040e+01, 6.8085e-02, 
 2DIAGNOSTIC,    20, -4.454919695854e-01, 5.643395707011e-05, 3.5130e+01, 9.0496e-02, 
 2DIAGNOSTIC,    21, -4.455070495605e-01, 4.069076021551e-05, 3.5242e+01, 1.1155e-01, 
 2DIAGNOSTIC,    22, -4.455105960369e-01, 3.118830136373e-05, 3.5310e+01, 6.8736e-02, 
 2DIAGNOSTIC,    23, -4.455447196960e-01, 2.160371332138e-05, 3.5379e+01, 6.8608e-02, 
 2DIAGNOSTIC,    24, -4.455803036690e-01, 1.727797098283e-05, 3.5447e+01, 6.8236e-02, 
 2DIAGNOSTIC,    25, -4.455930888653e-01, 1.464310389565e-05, 3.5516e+01, 6.8418e-02, 
 2DIAGNOSTIC,    26, -4.456156790257e-01, 1.272314784728e-05, 3.5584e+01, 6.8042e-02, 
 2DIAGNOSTIC,    27, -4.456458091736e-01, 1.195614004246e-05, 3.5663e+01, 7.9516e-02, 
 2DIAGNOSTIC,    28, -4.456655681133e-01, 1.166960100818e-05, 3.5764e+01, 1.0068e-01, 
 2DIAGNOSTIC,    29, -4.456744492054e-01, 1.106137824536e-05, 3.5832e+01, 6.8697e-02, 
 2DIAGNOSTIC,    30, -4.456828832626e-01, 1.041389805323e-05, 3.5901e+01, 6.8484e-02, 
 2DIAGNOSTIC,    31, -4.456980228424e-01, 9.558456440573e-06, 3.5969e+01, 6.8378e-02, 
 2DIAGNOSTIC,    32, -4.457181990147e-01, 8.399164471484e-06, 3.6038e+01, 6.8173e-02, 
 2DIAGNOSTIC,    33, -4.457436800003e-01, 7.740323781036e-06, 3.6161e+01, 1.2305e-01, 
 2DIAGNOSTIC,    34, -4.457570016384e-01, 7.395986358461e-06, 3.6229e+01, 6.8568e-02, 
 2DIAGNOSTIC,    35, -4.457583129406e-01, 6.716682491970e-06, 3.6298e+01, 6.9140e-02, 
 2DIAGNOSTIC,    36, -4.457666873932e-01, 6.068109541957e-06, 3.6377e+01, 7.9182e-02, 
 2DIAGNOSTIC,    37, -4.457692205906e-01, 5.512129519047e-06, 3.6446e+01, 6.8849e-02, 
 2DIAGNOSTIC,    38, -4.457772672176e-01, 5.003809746995e-06, 3.6536e+01, 8.9831e-02, 
 2DIAGNOSTIC,    39, -4.457779228687e-01, 4.279264885554e-06, 3.6604e+01, 6.7581e-02, 
 2DIAGNOSTIC,    40, -4.457829892635e-01, 3.480694203972e-06, 3.6672e+01, 6.8554e-02, 
 2DIAGNOSTIC,    41, -4.457867145538e-01, 2.756050889730e-06, 3.6751e+01, 7.9038e-02, 
 2DIAGNOSTIC,    42, -4.457934200764e-01, 2.275955921505e-06, 3.6841e+01, 8.9857e-02, 
 2DIAGNOSTIC,    43, -4.457970559597e-01, 2.099780886056e-06, 3.6909e+01, 6.8112e-02, 
 2DIAGNOSTIC,    44, -4.458016455173e-01, 2.063290594378e-06, 3.6978e+01, 6.8406e-02, 
 2DIAGNOSTIC,    45, -4.458072781563e-01, 1.996835635509e-06, 3.7067e+01, 8.9663e-02, 
 2DIAGNOSTIC,    46, -4.458098411560e-01, 1.960390363820e-06, 3.7146e+01, 7.8272e-02, 
 2DIAGNOSTIC,    47, -4.458133876324e-01, 1.884021230580e-06, 3.7225e+01, 7.9035e-02, 
 2DIAGNOSTIC,    48, -4.458211064339e-01, 1.905609224195e-06, 3.7336e+01, 1.1100e-01, 
 2DIAGNOSTIC,    49, -4.458235502243e-01, 1.844697635534e-06, 3.7414e+01, 7.8452e-02, 
 2DIAGNOSTIC,    50, -4.458239674568e-01, 1.741792061694e-06, 3.7483e+01, 6.8441e-02, 
 2DIAGNOSTIC,    51, -4.458237588406e-01, 1.581037281539e-06, 3.7551e+01, 6.8470e-02, 
 2DIAGNOSTIC,    52, -4.458252489567e-01, 1.435458671040e-06, 3.7620e+01, 6.9243e-02, 
 2DIAGNOSTIC,    53, -4.458293318748e-01, 1.306979925175e-06, 3.7689e+01, 6.8456e-02, 
 2DIAGNOSTIC,    54, -4.458329081535e-01, 1.209265974467e-06, 3.7758e+01, 6.8904e-02, 
 2DIAGNOSTIC,    55, -4.458423256874e-01, 1.231125793311e-06, 3.7837e+01, 7.9170e-02, 
 2DIAGNOSTIC,    56, -4.458454847336e-01, 1.253404548152e-06, 3.7916e+01, 7.9627e-02, 
 2DIAGNOSTIC,    57, -4.458512067795e-01, 1.311447363150e-06, 3.8017e+01, 1.0066e-01, 
 2DIAGNOSTIC,    58, -4.458546638489e-01, 1.416879285898e-06, 3.8086e+01, 6.8459e-02, 
 2DIAGNOSTIC,    59, -4.458559453487e-01, 1.474819896430e-06, 3.8154e+01, 6.8183e-02, 
 2DIAGNOSTIC,    60, -4.458611905575e-01, 1.501284145888e-06, 3.8222e+01, 6.8333e-02, 
 2DIAGNOSTIC,    61, -4.458671212196e-01, 1.492188289376e-06, 3.8291e+01, 6.8585e-02, 
 2DIAGNOSTIC,    62, -4.458794295788e-01, 1.530931854177e-06, 3.8413e+01, 1.2271e-01, 
 2DIAGNOSTIC,    63, -4.458847343922e-01, 1.563551336403e-06, 3.8482e+01, 6.8844e-02, 
 2DIAGNOSTIC,    64, -4.458874166012e-01, 1.554790060254e-06, 3.8550e+01, 6.8271e-02, 
 2DIAGNOSTIC,    65, -4.458946287632e-01, 1.608994125490e-06, 3.8618e+01, 6.7766e-02, 
 2DIAGNOSTIC,    66, -4.459029436111e-01, 1.661397732278e-06, 3.8708e+01, 9.0026e-02, 
 2DIAGNOSTIC,    67, -4.459131658077e-01, 1.747292458276e-06, 3.8809e+01, 1.0083e-01, 
 2DIAGNOSTIC,    68, -4.459181427956e-01, 1.786412667570e-06, 3.8877e+01, 6.8300e-02, 
 2DIAGNOSTIC,    69, -4.459225833416e-01, 1.751691570462e-06, 3.8946e+01, 6.8308e-02, 
 2DIAGNOSTIC,    70, -4.459312558174e-01, 1.720600153021e-06, 3.9014e+01, 6.8660e-02, 
 2DIAGNOSTIC,    71, -4.459456801414e-01, 1.746374096001e-06, 3.9083e+01, 6.8807e-02, 
 2DIAGNOSTIC,    72, -4.459681808949e-01, 1.950934574779e-06, 3.9195e+01, 1.1155e-01, 
 2DIAGNOSTIC,    73, -4.459796547890e-01, 2.148331532226e-06, 3.9263e+01, 6.8203e-02, 
 2DIAGNOSTIC,    74, -4.459889829159e-01, 2.279821501361e-06, 3.9331e+01, 6.8100e-02, 
 2DIAGNOSTIC,    75, -4.460037648678e-01, 2.416484676360e-06, 3.9399e+01, 6.8375e-02, 
 2DIAGNOSTIC,    76, -4.460150599480e-01, 2.516650056350e-06, 3.9490e+01, 9.0228e-02, 
 2DIAGNOSTIC,    77, -4.460378587246e-01, 2.682085550987e-06, 3.9558e+01, 6.7975e-02, 
 2DIAGNOSTIC,    78, -4.460646510124e-01, 2.881234422603e-06, 3.9637e+01, 7.9079e-02, 
 2DIAGNOSTIC,    79, -4.460819363594e-01, 3.009931560882e-06, 3.9717e+01, 8.0553e-02, 
 2DIAGNOSTIC,    80, -4.461053609848e-01, 3.139142563668e-06, 3.9808e+01, 9.0771e-02, 
 2DIAGNOSTIC,    81, -4.462144970894e-01, 3.968641976826e-06, 3.9877e+01, 6.9002e-02, 
 2DIAGNOSTIC,    82, -4.462781846523e-01, 5.079617039883e-06, 3.9958e+01, 8.0531e-02, 
 2DIAGNOSTIC,    83, -4.464666545391e-01, 7.243393611134e-06, 4.0048e+01, 9.0675e-02, 
 2DIAGNOSTIC,    84, -4.466042816639e-01, 9.784704161575e-06, 4.0139e+01, 9.0388e-02, 
 2DIAGNOSTIC,    85, -4.467346370220e-01, 1.243850056198e-05, 4.0207e+01, 6.8062e-02, 
 2DIAGNOSTIC,    86, -4.473045468330e-01, 1.816864460125e-05, 4.0275e+01, 6.8144e-02, 
 2DIAGNOSTIC,    87, -4.473451375961e-01, 2.240173489554e-05, 4.0342e+01, 6.7183e-02, 
 2DIAGNOSTIC,    88, -4.473943114281e-01, 2.499797119526e-05, 4.0421e+01, 7.9075e-02, 
 2DIAGNOSTIC,    89, -4.475313425064e-01, 2.630643939483e-05, 4.0522e+01, 1.0120e-01, 
 2DIAGNOSTIC,    90, -4.475809335709e-01, 2.554534330557e-05, 4.0601e+01, 7.8846e-02, 
 2DIAGNOSTIC,    91, -4.476822912693e-01, 2.379450415901e-05, 4.0669e+01, 6.8251e-02, 
 2DIAGNOSTIC,    92, -4.477089047432e-01, 2.040756771748e-05, 4.0748e+01, 7.8842e-02, 
 2DIAGNOSTIC,    93, -4.477710425854e-01, 1.691812940408e-05, 4.0828e+01, 7.9500e-02, 
 2DIAGNOSTIC,    94, -4.478210210800e-01, 1.318167414865e-05, 4.0907e+01, 7.8973e-02, 
 2DIAGNOSTIC,    95, -4.479028582573e-01, 9.592077731213e-06, 4.0976e+01, 6.8846e-02, 
 2DIAGNOSTIC,    96, -4.479226171970e-01, 9.093360858969e-06, 4.1065e+01, 8.9789e-02, 
 2DIAGNOSTIC,    97, -4.478926658630e-01, 7.834998541512e-06, 4.1133e+01, 6.8135e-02, 
 2DIAGNOSTIC,    98, -4.479193985462e-01, 6.366095931298e-06, 4.1213e+01, 7.9193e-02, 
 2DIAGNOSTIC,    99, -4.479312896729e-01, 5.289144155540e-06, 4.1292e+01, 7.9481e-02, 
 2DIAGNOSTIC,   100, -4.479369521141e-01, 4.081642600795e-06, 4.1360e+01, 6.8349e-02, 
 2DIAGNOSTIC,   101, -4.479448795319e-01, 3.228326932003e-06, 4.1451e+01, 9.0226e-02, 
 2DIAGNOSTIC,   102, -4.479451477528e-01, 2.281156184836e-06, 4.1518e+01, 6.7615e-02, 
 2DIAGNOSTIC,   103, -4.479475021362e-01, 1.559154270581e-06, 4.1587e+01, 6.8901e-02, 
 2DIAGNOSTIC,   104, -4.479504525661e-01, 1.037177298713e-06, 4.1698e+01, 1.1126e-01, 
DIAGNOSTIC,Iteration,metricValue,convergenceValue,ITERATION_TIME_INDEX,SINCE_LAST
 2DIAGNOSTIC,     1, -3.725242912769e-01, inf, 5.1214e+01, 9.5159e+00, 
 2DIAGNOSTIC,     2, -3.728447258472e-01, inf, 5.1765e+01, 5.5112e-01, 
 2DIAGNOSTIC,     3, -3.731163740158e-01, inf, 5.2320e+01, 5.5432e-01, 
 2DIAGNOSTIC,     4, -3.733318150043e-01, inf, 5.2871e+01, 5.5114e-01, 
 2DIAGNOSTIC,     5, -3.735961914062e-01, inf, 5.3422e+01, 5.5101e-01, 
 2DIAGNOSTIC,     6, -3.738433718681e-01, inf, 5.4151e+01, 7.2952e-01, 
 2DIAGNOSTIC,     7, -3.739343285561e-01, inf, 5.4792e+01, 6.4092e-01, 
 2DIAGNOSTIC,     8, -3.739669919014e-01, inf, 5.5343e+01, 5.5085e-01, 
 2DIAGNOSTIC,     9, -3.741730749607e-01, inf, 5.5984e+01, 6.4111e-01, 
 2DIAGNOSTIC,    10, -3.743027746677e-01, 2.967211476061e-04, 5.6625e+01, 6.4055e-01, 
 2DIAGNOSTIC,    11, -3.743219971657e-01, 2.305765665369e-04, 5.7171e+01, 5.4588e-01, 
 2DIAGNOSTIC,    12, -3.743306398392e-01, 1.759767765179e-04, 5.7716e+01, 5.4498e-01, 
 2DIAGNOSTIC,    13, -3.743518590927e-01, 1.313598768320e-04, 5.8353e+01, 6.3686e-01, 
 2DIAGNOSTIC,    14, -3.743667006493e-01, 9.352427150588e-05, 5.8986e+01, 6.3347e-01, 
 2DIAGNOSTIC,    15, -3.743811547756e-01, 6.611151911784e-05, 5.9534e+01, 5.4812e-01, 
 2DIAGNOSTIC,    16, -3.743936419487e-01, 4.861992783844e-05, 6.0353e+01, 8.1849e-01, 
 2DIAGNOSTIC,    17, -3.744070827961e-01, 3.371762795723e-05, 6.0900e+01, 5.4777e-01, 
 2DIAGNOSTIC,    18, -3.744137287140e-01, 1.900251845655e-05, 6.1449e+01, 5.4820e-01, 
 2DIAGNOSTIC,    19, -3.744293749332e-01, 1.296864411415e-05, 6.1997e+01, 5.4882e-01, 
 2DIAGNOSTIC,    20, -3.744481801987e-01, 1.210993013956e-05, 6.2725e+01, 7.2717e-01, 
 2DIAGNOSTIC,    21, -3.744602203369e-01, 1.147354942077e-05, 6.3362e+01, 6.3714e-01, 
 2DIAGNOSTIC,    22, -3.744573295116e-01, 1.015187262965e-05, 6.3995e+01, 6.3355e-01, 
 2DIAGNOSTIC,    23, -3.744616806507e-01, 8.984405212686e-06, 6.4538e+01, 5.4251e-01, 
 2DIAGNOSTIC,    24, -3.744708895683e-01, 7.951715815580e-06, 6.5076e+01, 5.3842e-01, 
 2DIAGNOSTIC,    25, -3.744854629040e-01, 7.238497801154e-06, 6.5710e+01, 6.3407e-01, 
 2DIAGNOSTIC,    26, -3.744914829731e-01, 6.543996732944e-06, 6.6346e+01, 6.3537e-01, 
 2DIAGNOSTIC,    27, -3.745028376579e-01, 6.110172307672e-06, 6.6983e+01, 6.3695e-01, 
 2DIAGNOSTIC,    28, -3.745105266571e-01, 5.627486643789e-06, 6.7531e+01, 5.4858e-01, 
 2DIAGNOSTIC,    29, -3.745155632496e-01, 5.278742264636e-06, 6.8076e+01, 5.4481e-01, 
 2DIAGNOSTIC,    30, -3.745316267014e-01, 5.428737040347e-06, 6.8713e+01, 6.3734e-01, 
 2DIAGNOSTIC,    31, -3.745355308056e-01, 5.541745395021e-06, 6.9352e+01, 6.3909e-01, 
 2DIAGNOSTIC,    32, -3.745426535606e-01, 5.323778168531e-06, 6.9991e+01, 6.3880e-01, 
 2DIAGNOSTIC,    33, -3.745468556881e-01, 4.903563876724e-06, 7.0539e+01, 5.4793e-01, 
 2DIAGNOSTIC,    34, -3.745534718037e-01, 4.480857114686e-06, 7.1172e+01, 6.3317e-01, 
 2DIAGNOSTIC,    35, -3.745600283146e-01, 4.198911483400e-06, 7.1712e+01, 5.3987e-01, 
 2DIAGNOSTIC,    36, -3.745618760586e-01, 3.778599193538e-06, 7.2350e+01, 6.3801e-01, 
 2DIAGNOSTIC,    37, -3.745650053024e-01, 3.404642939131e-06, 7.3078e+01, 7.2760e-01, 
 2DIAGNOSTIC,    38, -3.745721280575e-01, 3.104697952949e-06, 7.3626e+01, 5.4826e-01, 
 2DIAGNOSTIC,    39, -3.745778203011e-01, 2.801620212267e-06, 7.4265e+01, 6.3862e-01, 
 2DIAGNOSTIC,    40, -3.745829761028e-01, 2.724839532675e-06, 7.4992e+01, 7.2773e-01, 
 2DIAGNOSTIC,    41, -3.745872676373e-01, 2.618123289722e-06, 7.5542e+01, 5.4915e-01, 
 2DIAGNOSTIC,    42, -3.745918273926e-01, 2.552084424678e-06, 7.6179e+01, 6.3712e-01, 
 2DIAGNOSTIC,    43, -3.745960295200e-01, 2.462094926159e-06, 7.6816e+01, 6.3739e-01, 
 2DIAGNOSTIC,    44, -3.746021687984e-01, 2.427395429550e-06, 7.7543e+01, 7.2714e-01, 
 2DIAGNOSTIC,    45, -3.745990693569e-01, 2.288370524184e-06, 7.8092e+01, 5.4842e-01, 
 2DIAGNOSTIC,    46, -3.746045529842e-01, 2.128622782038e-06, 7.8730e+01, 6.3864e-01, 
 2DIAGNOSTIC,    47, -3.746051490307e-01, 1.894227580124e-06, 7.9369e+01, 6.3824e-01, 
 2DIAGNOSTIC,    48, -3.746098577976e-01, 1.737940920066e-06, 8.0094e+01, 7.2578e-01, 
 2DIAGNOSTIC,    49, -3.746106326580e-01, 1.582678351042e-06, 8.0644e+01, 5.4930e-01, 
 2DIAGNOSTIC,    50, -3.746121227741e-01, 1.445926045562e-06, 8.1192e+01, 5.4804e-01, 
 2DIAGNOSTIC,    51, -3.746153116226e-01, 1.348008822788e-06, 8.1741e+01, 5.4889e-01, 
 2DIAGNOSTIC,    52, -3.746204376221e-01, 1.322832531514e-06, 8.2290e+01, 5.4946e-01, 
 2DIAGNOSTIC,    53, -3.746276199818e-01, 1.389299200127e-06, 8.3180e+01, 8.9031e-01, 
 2DIAGNOSTIC,    54, -3.746291995049e-01, 1.486628320890e-06, 8.3719e+01, 5.3860e-01, 
 2DIAGNOSTIC,    55, -3.746320009232e-01, 1.490304612162e-06, 8.4437e+01, 7.1855e-01, 
 2DIAGNOSTIC,    56, -3.746322989464e-01, 1.485067969043e-06, 8.4966e+01, 5.2889e-01, 
 2DIAGNOSTIC,    57, -3.746334612370e-01, 1.413006202711e-06, 8.5504e+01, 5.3748e-01, 
 2DIAGNOSTIC,    58, -3.746358454227e-01, 1.353047650809e-06, 8.6041e+01, 5.3744e-01, 
 2DIAGNOSTIC,    59, -3.746382296085e-01, 1.258001134374e-06, 8.6579e+01, 5.3806e-01, 
 2DIAGNOSTIC,    60, -3.746452629566e-01, 1.205022385875e-06, 8.7636e+01, 1.0569e+00, 
 2DIAGNOSTIC,    61, -3.746443986893e-01, 1.115479108194e-06, 8.8259e+01, 6.2244e-01, 
 2DIAGNOSTIC,    62, -3.746443092823e-01, 1.033089120028e-06, 8.8796e+01, 5.3727e-01, 
DIAGNOSTIC,Iteration,metricValue,convergenceValue,ITERATION_TIME_INDEX,SINCE_LAST
 2DIAGNOSTIC,     1, -3.195362389088e-01, inf, 9.8651e+01, 9.8551e+00, 
  Elapsed time (stage 1): 1.0053e+02


Stage 2
  iterations = 100x100x70x50x0
  convergence threshold = 1.0000e-06
  convergence window size = 10
  number of levels = 5
  using the Mattes MI metric (number of bins = 32, weight = 1.0000e+00)
  preprocessing:  winsorizing the image intensities
  Shrink factors (level 1 out of 5): [10, 10, 10]
  Shrink factors (level 2 out of 5): [6, 6, 6]
  Shrink factors (level 3 out of 5): [4, 4, 4]
  Shrink factors (level 4 out of 5): [2, 2, 2]
  Shrink factors (level 5 out of 5): [1, 1, 1]
  smoothing sigmas per level: [5, 3, 2, 1, 0]
  Using default NONE metricSamplingStrategy 

*** Running SyN registration (varianceForUpdateField = 3.0000e+00, varianceForTotalField = 0.0000e+00) ***

XXDIAGNOSTIC,Iteration,metricValue,convergenceValue,ITERATION_TIME_INDEX,SINCE_LAST
 1DIAGNOSTIC,     1, -5.359063148499e-01, inf, 3.3400e+01, 3.3400e+01, 
 1DIAGNOSTIC,     2, -5.515978336334e-01, inf, 3.3552e+01, 1.5214e-01, 
 1DIAGNOSTIC,     3, -5.627712011337e-01, inf, 3.3705e+01, 1.5299e-01, 
 1DIAGNOSTIC,     4, -5.677860975266e-01, inf, 3.3850e+01, 1.4572e-01, 
 1DIAGNOSTIC,     5, -5.678478479385e-01, inf, 3.3996e+01, 1.4581e-01, 
 1DIAGNOSTIC,     6, -5.645309686661e-01, inf, 3.4143e+01, 1.4652e-01, 
 1DIAGNOSTIC,     7, -5.627722740173e-01, inf, 3.4288e+01, 1.4547e-01, 
 1DIAGNOSTIC,     8, -5.619592666626e-01, inf, 3.4434e+01, 1.4560e-01, 
 1DIAGNOSTIC,     9, -5.586407184601e-01, inf, 3.4580e+01, 1.4610e-01, 
 1DIAGNOSTIC,    10, -5.573793649673e-01, 1.231644884683e-03, 3.4726e+01, 1.4618e-01, 
 1DIAGNOSTIC,    11, -5.545482635498e-01, -5.160046275705e-04, 3.4873e+01, 1.4648e-01, 
XXDIAGNOSTIC,Iteration,metricValue,convergenceValue,ITERATION_TIME_INDEX,SINCE_LAST
 1DIAGNOSTIC,     1, -4.387379288673e-01, inf, 4.9298e+01, 1.4425e+01, 
 1DIAGNOSTIC,     2, -4.410625696182e-01, inf, 4.9874e+01, 5.7611e-01, 
 1DIAGNOSTIC,     3, -4.420809149742e-01, inf, 5.0448e+01, 5.7424e-01, 
 1DIAGNOSTIC,     4, -4.427321553230e-01, inf, 5.1023e+01, 5.7454e-01, 
 1DIAGNOSTIC,     5, -4.422948658466e-01, inf, 5.1601e+01, 5.7817e-01, 
 1DIAGNOSTIC,     6, -4.419014453888e-01, inf, 5.2174e+01, 5.7293e-01, 
 1DIAGNOSTIC,     7, -4.411248564720e-01, inf, 5.2750e+01, 5.7558e-01, 
 1DIAGNOSTIC,     8, -4.401332736015e-01, inf, 5.3325e+01, 5.7486e-01, 
 1DIAGNOSTIC,     9, -4.389845132828e-01, inf, 5.3899e+01, 5.7413e-01, 
 1DIAGNOSTIC,    10, -4.375737011433e-01, -3.297661605757e-04, 5.4477e+01, 5.7865e-01, 
XXDIAGNOSTIC,Iteration,metricValue,convergenceValue,ITERATION_TIME_INDEX,SINCE_LAST
 1DIAGNOSTIC,     1, -3.724757134914e-01, inf, 6.4943e+01, 1.0466e+01, 
 1DIAGNOSTIC,     2, -3.733664453030e-01, inf, 6.6790e+01, 1.8469e+00, 
 1DIAGNOSTIC,     3, -3.738926649094e-01, inf, 6.8629e+01, 1.8382e+00, 
 1DIAGNOSTIC,     4, -3.740957379341e-01, inf, 7.0428e+01, 1.7996e+00, 
 1DIAGNOSTIC,     5, -3.739898204803e-01, inf, 7.2214e+01, 1.7861e+00, 
 1DIAGNOSTIC,     6, -3.738261163235e-01, inf, 7.3997e+01, 1.7830e+00, 
 1DIAGNOSTIC,     7, -3.736283779144e-01, inf, 7.5779e+01, 1.7816e+00, 
 1DIAGNOSTIC,     8, -3.733276724815e-01, inf, 7.7618e+01, 1.8395e+00, 
 1DIAGNOSTIC,     9, -3.730815649033e-01, inf, 7.9398e+01, 1.7791e+00, 
 1DIAGNOSTIC,    10, -3.726199865341e-01, -5.363341188058e-05, 8.1180e+01, 1.7822e+00, 
XXDIAGNOSTIC,Iteration,metricValue,convergenceValue,ITERATION_TIME_INDEX,SINCE_LAST
 1DIAGNOSTIC,     1, -3.141011595726e-01, inf, 1.0123e+02, 2.0048e+01, 
 1DIAGNOSTIC,     2, -3.150359988213e-01, inf, 1.1409e+02, 1.2867e+01, 
 1DIAGNOSTIC,     3, -3.159312605858e-01, inf, 1.2695e+02, 1.2852e+01, 
 1DIAGNOSTIC,     4, -3.167772293091e-01, inf, 1.3978e+02, 1.2839e+01, 
 1DIAGNOSTIC,     5, -3.175206780434e-01, inf, 1.5259e+02, 1.2807e+01, 
 1DIAGNOSTIC,     6, -3.181804716587e-01, inf, 1.6548e+02, 1.2884e+01, 
 1DIAGNOSTIC,     7, -3.187239170074e-01, inf, 1.7881e+02, 1.3331e+01, 
 1DIAGNOSTIC,     8, -3.191650509834e-01, inf, 1.9208e+02, 1.3276e+01, 
 1DIAGNOSTIC,     9, -3.194828331470e-01, inf, 2.0553e+02, 1.3443e+01, 
 1DIAGNOSTIC,    10, -3.197476863861e-01, 1.150850788690e-03, 2.1881e+02, 1.3284e+01, 
 1DIAGNOSTIC,    11, -3.200329542160e-01, 9.046474588104e-04, 2.3207e+02, 1.3256e+01, 
 1DIAGNOSTIC,    12, -3.202720284462e-01, 7.051404681988e-04, 2.4536e+02, 1.3291e+01, 
 1DIAGNOSTIC,    13, -3.205598294735e-01, 5.534344236366e-04, 2.5908e+02, 1.3722e+01, 
 1DIAGNOSTIC,    14, -3.207981586456e-01, 4.418279568199e-04, 2.7280e+02, 1.3716e+01, 
 1DIAGNOSTIC,    15, -3.209507763386e-01, 3.577270254027e-04, 2.8651e+02, 1.3713e+01, 
 1DIAGNOSTIC,    16, -3.210753798485e-01, 2.948634792119e-04, 3.0022e+02, 1.3713e+01, 
 1DIAGNOSTIC,    17, -3.212299048901e-01, 2.486483135726e-04, 3.1394e+02, 1.3717e+01, 
 1DIAGNOSTIC,    18, -3.213624358177e-01, 2.128003834514e-04, 3.2764e+02, 1.3702e+01, 
 1DIAGNOSTIC,    19, -3.215020298958e-01, 1.823708589654e-04, 3.4136e+02, 1.3721e+01, 
 1DIAGNOSTIC,    20, -3.216580152512e-01, 1.567571598571e-04, 3.5510e+02, 1.3737e+01, 
 1DIAGNOSTIC,    21, -3.218284845352e-01, 1.383207418257e-04, 3.6888e+02, 1.3780e+01, 
 1DIAGNOSTIC,    22, -3.219232261181e-01, 1.220124613610e-04, 3.8271e+02, 1.3826e+01, 
 1DIAGNOSTIC,    23, -3.219752907753e-01, 1.088277058443e-04, 3.9650e+02, 1.3798e+01, 
 1DIAGNOSTIC,    24, -3.220119774342e-01, 9.681915253168e-05, 4.1033e+02, 1.3831e+01, 
 1DIAGNOSTIC,    25, -3.220698833466e-01, 8.421957318205e-05, 4.2414e+02, 1.3807e+01, 
 1DIAGNOSTIC,    26, -3.221170902252e-01, 7.050687418086e-05, 4.3789e+02, 1.3753e+01, 
 1DIAGNOSTIC,    27, -3.221744894981e-01, 5.819774742122e-05, 4.5162e+02, 1.3722e+01, 
 1DIAGNOSTIC,    28, -3.222323656082e-01, 4.740997974295e-05, 4.6532e+02, 1.3699e+01, 
 1DIAGNOSTIC,    29, -3.223429620266e-01, 4.059796265210e-05, 4.7913e+02, 1.3817e+01, 
 1DIAGNOSTIC,    30, -3.224315643311e-01, 3.757722515729e-05, 4.9285e+02, 1.3721e+01, 
 1DIAGNOSTIC,    31, -3.224941790104e-01, 3.788463436649e-05, 5.0658e+02, 1.3722e+01, 
 1DIAGNOSTIC,    32, -3.225741684437e-01, 3.951504186261e-05, 5.2037e+02, 1.3793e+01, 
 1DIAGNOSTIC,    33, -3.226014971733e-01, 3.949321762775e-05, 5.3414e+02, 1.3772e+01, 
 1DIAGNOSTIC,    34, -3.226693272591e-01, 3.850643770420e-05, 5.4789e+02, 1.3749e+01, 
 1DIAGNOSTIC,    35, -3.227238059044e-01, 3.679971996462e-05, 5.6172e+02, 1.3827e+01, 
 1DIAGNOSTIC,    36, -3.227576017380e-01, 3.374333391548e-05, 5.7545e+02, 1.3728e+01, 
 1DIAGNOSTIC,    37, -3.228229284286e-01, 3.067230136367e-05, 5.8918e+02, 1.3737e+01, 
 1DIAGNOSTIC,    38, -3.228630423546e-01, 2.714844049478e-05, 6.0300e+02, 1.3821e+01, 
 1DIAGNOSTIC,    39, -3.228840231895e-01, 2.424947524560e-05, 6.1674e+02, 1.3735e+01, 
 1DIAGNOSTIC,    40, -3.229008913040e-01, 2.158191091439e-05, 6.3050e+02, 1.3762e+01, 
 1DIAGNOSTIC,    41, -3.229339420795e-01, 1.909768980113e-05, 6.4442e+02, 1.3916e+01, 
 1DIAGNOSTIC,    42, -3.229438960552e-01, 1.686225186859e-05, 6.5824e+02, 1.3823e+01, 
 1DIAGNOSTIC,    43, -3.229892551899e-01, 1.466241155867e-05, 6.7222e+02, 1.3980e+01, 
 1DIAGNOSTIC,    44, -3.230104148388e-01, 1.299744690186e-05, 6.8596e+02, 1.3738e+01, 
 1DIAGNOSTIC,    45, -3.230457603931e-01, 1.200227416120e-05, 6.9972e+02, 1.3762e+01, 
 1DIAGNOSTIC,    46, -3.230741620064e-01, 1.113394773711e-05, 7.1357e+02, 1.3853e+01, 
 1DIAGNOSTIC,    47, -3.230937719345e-01, 1.088172484742e-05, 7.2735e+02, 1.3773e+01, 
 1DIAGNOSTIC,    48, -3.231532573700e-01, 1.149215495388e-05, 7.4111e+02, 1.3763e+01, 
 1DIAGNOSTIC,    49, -3.231791257858e-01, 1.185763630929e-05, 7.5487e+02, 1.3761e+01, 
 1DIAGNOSTIC,    50, -3.232106566429e-01, 1.198061363539e-05, 7.6882e+02, 1.3945e+01, 
  Elapsed time (stage 2): 793.2


Total elapsed time: 957.9

--- Writing output images ---

Using double precision for computations.
Input scalar image: data/Segmentations/1110_3_seg.nii.gz
Reference image: data/template/T_template0_BrainCerebellum.nii.gz
=============================================================================
The composite transform comprises the following transforms (in order): 
  1. /tmp/1978988.1.basic.q/1110_ToTemplate_011_0GenericAffine.mat (type = AffineTransform)
  2. /tmp/1978988.1.basic.q/1110_ToTemplate_011_1Warp.nii.gz (type = DisplacementFieldTransform)
=============================================================================
Default pixel value: 0
Interpolation type: LabelImageGenericInterpolateImageFunction
Output warped image: output/1110/1110_WarpedLabels_011.nii.gz

--- Done ---

