
--- Running on compute-1-0.local ---


--- registration call ---
/data/jet/pcook/bin/antsBuild/bin/antsRegistrationSyNQuick.sh -d 3 -f data/template/T_template0_BrainCerebellum.nii.gz -m data/Brains/1110_3.nii.gz -t s -p d -n 2 -o /tmp/1971387.1.basic.q/1110_ToTemplate_005_
---


--------------------------------------------------------------------------------------
 Mapping parameters
--------------------------------------------------------------------------------------
 ANTSPATH is /data/jet/pcook/bin/antsBuild/bin/

 Dimensionality:           3
 Output name prefix:       /tmp/1971387.1.basic.q/1110_ToTemplate_005_
 Fixed images:             data/template/T_template0_BrainCerebellum.nii.gz
 Moving images:            data/Brains/1110_3.nii.gz
 Mask images:              
 Initial transforms:       
 Number of threads:        2
 Spline distance:          26
 Transform type:           s
 MI histogram bins:        32
 Precision:                d
 Use histogram matching    0
======================================================================================
 antsRegistration call:
--------------------------------------------------------------------------------------
/data/jet/pcook/bin/antsBuild/bin//antsRegistration --verbose 1 --dimensionality 3 --float 0 --collapse-output-transforms 1 --output [/tmp/1971387.1.basic.q/1110_ToTemplate_005_,/tmp/1971387.1.basic.q/1110_ToTemplate_005_Warped.nii.gz,/tmp/1971387.1.basic.q/1110_ToTemplate_005_InverseWarped.nii.gz] --interpolation Linear --use-histogram-matching 0 --winsorize-image-intensities [0.005,0.995] --initial-moving-transform [data/template/T_template0_BrainCerebellum.nii.gz,data/Brains/1110_3.nii.gz,1] --transform Rigid[0.1] --metric MI[data/template/T_template0_BrainCerebellum.nii.gz,data/Brains/1110_3.nii.gz,1,32,Regular,0.25] --convergence [1000x500x250x0,1e-6,10] --shrink-factors 12x8x4x2 --smoothing-sigmas 4x3x2x1vox --transform Affine[0.1] --metric MI[data/template/T_template0_BrainCerebellum.nii.gz,data/Brains/1110_3.nii.gz,1,32,Regular,0.25] --convergence [1000x500x250x0,1e-6,10] --shrink-factors 12x8x4x2 --smoothing-sigmas 4x3x2x1vox --transform SyN[0.1,3,0] --metric MI[data/template/T_template0_BrainCerebellum.nii.gz,data/Brains/1110_3.nii.gz,1,32] --convergence [100x100x70x50x0,1e-6,10] --shrink-factors 10x6x4x2x1 --smoothing-sigmas 5x3x2x1x0vox
--------------------------------------------------------------------------------------
All_Command_lines_OK
Using double precision for computations.
=============================================================================
The composite transform comprises the following transforms (in order): 
  1. Center of mass alignment using fixed image: data/template/T_template0_BrainCerebellum.nii.gz and moving image: data/Brains/1110_3.nii.gz (type = Euler3DTransform)
=============================================================================
  number of levels = 4
  number of levels = 4
  number of levels = 5
  fixed image: data/template/T_template0_BrainCerebellum.nii.gz
  moving image: data/Brains/1110_3.nii.gz
  fixed image: data/template/T_template0_BrainCerebellum.nii.gz
  moving image: data/Brains/1110_3.nii.gz
  fixed image: data/template/T_template0_BrainCerebellum.nii.gz
  moving image: data/Brains/1110_3.nii.gz
Dimension = 3
Number of stages = 3
Use Histogram Matching false
Winsorize image intensities true
Lower quantile = 0.005
Upper quantile = 0.995
Stage 1 State
   Image metric = Mattes
     Fixed image = Image (0x4c8df40)
  RTTI typeinfo:   itk::Image<double, 3u>
  Reference Count: 2
  Modified Time: 1611
  Debug: Off
  Object Name: 
  Observers: 
    none
  Source: (none)
  Source output name: (none)
  Release Data: Off
  Data Released: False
  Global Release Data: Off
  PipelineMTime: 0
  UpdateMTime: 1422
  RealTimeStamp: 0 seconds 
  LargestPossibleRegion: 
    Dimension: 3
    Index: [0, 0, 0]
    Size: [216, 256, 291]
  BufferedRegion: 
    Dimension: 3
    Index: [0, 0, 0]
    Size: [216, 256, 291]
  RequestedRegion: 
    Dimension: 3
    Index: [0, 0, 0]
    Size: [216, 256, 291]
  Spacing: [1, 1, 1]
  Origin: [0, 293, 0]
  Direction: 
1 0 0
0 -0 -1
0 -1 -0

  IndexToPointMatrix: 
1 0 0
0 0 -1
0 -1 0

  PointToIndexMatrix: 
1 0 0
0 0 -1
0 -1 0

  Inverse Direction: 
1 0 0
0 0 -1
0 -1 0

  PixelContainer: 
    ImportImageContainer (0x4c91a40)
      RTTI typeinfo:   itk::ImportImageContainer<unsigned long, double>
      Reference Count: 1
      Modified Time: 1419
      Debug: Off
      Object Name: 
      Observers: 
        none
      Pointer: 0x7ff3471b4010
      Container manages memory: true
      Size: 16091136
      Capacity: 16091136

     Moving image = Image (0x4c8ffa0)
  RTTI typeinfo:   itk::Image<double, 3u>
  Reference Count: 2
  Modified Time: 1612
  Debug: Off
  Object Name: 
  Observers: 
    none
  Source: (none)
  Source output name: (none)
  Release Data: Off
  Data Released: False
  Global Release Data: Off
  PipelineMTime: 0
  UpdateMTime: 1609
  RealTimeStamp: 0 seconds 
  LargestPossibleRegion: 
    Dimension: 3
    Index: [0, 0, 0]
    Size: [256, 256, 321]
  BufferedRegion: 
    Dimension: 3
    Index: [0, 0, 0]
    Size: [256, 256, 321]
  RequestedRegion: 
    Dimension: 3
    Index: [0, 0, 0]
    Size: [256, 256, 321]
  Spacing: [1, 1, 1]
  Origin: [0, 320, 0]
  Direction: 
1 0 0
0 -0 -1
0 -1 -0

  IndexToPointMatrix: 
1 0 0
0 0 -1
0 -1 0

  PointToIndexMatrix: 
1 0 0
0 0 -1
0 -1 0

  Inverse Direction: 
1 0 0
0 0 -1
0 -1 0

  PixelContainer: 
    ImportImageContainer (0x4c80f60)
      RTTI typeinfo:   itk::ImportImageContainer<unsigned long, double>
      Reference Count: 1
      Modified Time: 1606
      Debug: Off
      Object Name: 
      Observers: 
        none
      Pointer: 0x7ff33d133010
      Container manages memory: true
      Size: 21037056
      Capacity: 21037056

     Weighting = 1
     Sampling strategy = regular
     Number of bins = 32
     Radius = 4
     Sampling percentage  = 0.25
   Transform = Rigid
     Gradient step = 0.1
     Update field sigma (voxel space) = 0
     Total field sigma (voxel space) = 0
     Update field time sigma = 0
     Total field time sigma  = 0
     Number of time indices = 0
     Number of time point samples = 0
Stage 2 State
   Image metric = Mattes
     Fixed image = Image (0x4c94950)
  RTTI typeinfo:   itk::Image<double, 3u>
  Reference Count: 2
  Modified Time: 1987
  Debug: Off
  Object Name: 
  Observers: 
    none
  Source: (none)
  Source output name: (none)
  Release Data: Off
  Data Released: False
  Global Release Data: Off
  PipelineMTime: 0
  UpdateMTime: 1798
  RealTimeStamp: 0 seconds 
  LargestPossibleRegion: 
    Dimension: 3
    Index: [0, 0, 0]
    Size: [216, 256, 291]
  BufferedRegion: 
    Dimension: 3
    Index: [0, 0, 0]
    Size: [216, 256, 291]
  RequestedRegion: 
    Dimension: 3
    Index: [0, 0, 0]
    Size: [216, 256, 291]
  Spacing: [1, 1, 1]
  Origin: [0, 293, 0]
  Direction: 
1 0 0
0 -0 -1
0 -1 -0

  IndexToPointMatrix: 
1 0 0
0 0 -1
0 -1 0

  PointToIndexMatrix: 
1 0 0
0 0 -1
0 -1 0

  Inverse Direction: 
1 0 0
0 0 -1
0 -1 0

  PixelContainer: 
    ImportImageContainer (0x4c90bc0)
      RTTI typeinfo:   itk::ImportImageContainer<unsigned long, double>
      Reference Count: 1
      Modified Time: 1795
      Debug: Off
      Object Name: 
      Observers: 
        none
      Pointer: 0x7ff33566e010
      Container manages memory: true
      Size: 16091136
      Capacity: 16091136

     Moving image = Image (0x4ca12d0)
  RTTI typeinfo:   itk::Image<double, 3u>
  Reference Count: 2
  Modified Time: 1988
  Debug: Off
  Object Name: 
  Observers: 
    none
  Source: (none)
  Source output name: (none)
  Release Data: Off
  Data Released: False
  Global Release Data: Off
  PipelineMTime: 0
  UpdateMTime: 1985
  RealTimeStamp: 0 seconds 
  LargestPossibleRegion: 
    Dimension: 3
    Index: [0, 0, 0]
    Size: [256, 256, 321]
  BufferedRegion: 
    Dimension: 3
    Index: [0, 0, 0]
    Size: [256, 256, 321]
  RequestedRegion: 
    Dimension: 3
    Index: [0, 0, 0]
    Size: [256, 256, 321]
  Spacing: [1, 1, 1]
  Origin: [0, 320, 0]
  Direction: 
1 0 0
0 -0 -1
0 -1 -0

  IndexToPointMatrix: 
1 0 0
0 0 -1
0 -1 0

  PointToIndexMatrix: 
1 0 0
0 0 -1
0 -1 0

  Inverse Direction: 
1 0 0
0 0 -1
0 -1 0

  PixelContainer: 
    ImportImageContainer (0x4ca0c50)
      RTTI typeinfo:   itk::ImportImageContainer<unsigned long, double>
      Reference Count: 1
      Modified Time: 1982
      Debug: Off
      Object Name: 
      Observers: 
        none
      Pointer: 0x7ff32b5ed010
      Container manages memory: true
      Size: 21037056
      Capacity: 21037056

     Weighting = 1
     Sampling strategy = regular
     Number of bins = 32
     Radius = 4
     Sampling percentage  = 0.25
   Transform = Affine
     Gradient step = 0.1
     Update field sigma (voxel space) = 0
     Total field sigma (voxel space) = 0
     Update field time sigma = 0
     Total field time sigma  = 0
     Number of time indices = 0
     Number of time point samples = 0
Stage 3 State
   Image metric = Mattes
     Fixed image = Image (0x4ca7170)
  RTTI typeinfo:   itk::Image<double, 3u>
  Reference Count: 2
  Modified Time: 2363
  Debug: Off
  Object Name: 
  Observers: 
    none
  Source: (none)
  Source output name: (none)
  Release Data: Off
  Data Released: False
  Global Release Data: Off
  PipelineMTime: 0
  UpdateMTime: 2174
  RealTimeStamp: 0 seconds 
  LargestPossibleRegion: 
    Dimension: 3
    Index: [0, 0, 0]
    Size: [216, 256, 291]
  BufferedRegion: 
    Dimension: 3
    Index: [0, 0, 0]
    Size: [216, 256, 291]
  RequestedRegion: 
    Dimension: 3
    Index: [0, 0, 0]
    Size: [216, 256, 291]
  Spacing: [1, 1, 1]
  Origin: [0, 293, 0]
  Direction: 
1 0 0
0 -0 -1
0 -1 -0

  IndexToPointMatrix: 
1 0 0
0 0 -1
0 -1 0

  PointToIndexMatrix: 
1 0 0
0 0 -1
0 -1 0

  Inverse Direction: 
1 0 0
0 0 -1
0 -1 0

  PixelContainer: 
    ImportImageContainer (0x4ca22d0)
      RTTI typeinfo:   itk::ImportImageContainer<unsigned long, double>
      Reference Count: 1
      Modified Time: 2171
      Debug: Off
      Object Name: 
      Observers: 
        none
      Pointer: 0x7ff323b28010
      Container manages memory: true
      Size: 16091136
      Capacity: 16091136

     Moving image = Image (0x4ca6be0)
  RTTI typeinfo:   itk::Image<double, 3u>
  Reference Count: 2
  Modified Time: 2364
  Debug: Off
  Object Name: 
  Observers: 
    none
  Source: (none)
  Source output name: (none)
  Release Data: Off
  Data Released: False
  Global Release Data: Off
  PipelineMTime: 0
  UpdateMTime: 2361
  RealTimeStamp: 0 seconds 
  LargestPossibleRegion: 
    Dimension: 3
    Index: [0, 0, 0]
    Size: [256, 256, 321]
  BufferedRegion: 
    Dimension: 3
    Index: [0, 0, 0]
    Size: [256, 256, 321]
  RequestedRegion: 
    Dimension: 3
    Index: [0, 0, 0]
    Size: [256, 256, 321]
  Spacing: [1, 1, 1]
  Origin: [0, 320, 0]
  Direction: 
1 0 0
0 -0 -1
0 -1 -0

  IndexToPointMatrix: 
1 0 0
0 0 -1
0 -1 0

  PointToIndexMatrix: 
1 0 0
0 0 -1
0 -1 0

  Inverse Direction: 
1 0 0
0 0 -1
0 -1 0

  PixelContainer: 
    ImportImageContainer (0x4ca8ef0)
      RTTI typeinfo:   itk::ImportImageContainer<unsigned long, double>
      Reference Count: 1
      Modified Time: 2358
      Debug: Off
      Object Name: 
      Observers: 
        none
      Pointer: 0x7ff319aa7010
      Container manages memory: true
      Size: 21037056
      Capacity: 21037056

     Weighting = 1
     Sampling strategy = none
     Number of bins = 32
     Radius = 4
     Sampling percentage  = 1
   Transform = SyN
     Gradient step = 0.1
     Update field sigma (voxel space) = 3
     Total field sigma (voxel space) = 0
     Update field time sigma = 0
     Total field time sigma  = 0
     Number of time indices = 0
     Number of time point samples = 0
Registration using 3 total stages.

Stage 0
  iterations = 1000x500x250x0
  convergence threshold = 1e-06
  convergence window size = 10
  number of levels = 4
  using the Mattes MI metric (number of bins = 32, weight = 1)
  preprocessing:  winsorizing the image intensities
  Shrink factors (level 1 out of 4): [12, 12, 12]
  Shrink factors (level 2 out of 4): [8, 8, 8]
  Shrink factors (level 3 out of 4): [4, 4, 4]
  Shrink factors (level 4 out of 4): [2, 2, 2]
  smoothing sigmas per level: [4, 3, 2, 1]
  regular sampling (percentage = 0.25)

*** Running Euler3DTransform registration ***

DIAGNOSTIC,Iteration,metricValue,convergenceValue,ITERATION_TIME_INDEX,SINCE_LAST
 2DIAGNOSTIC,     1, -4.680454359350e-01, 1.797693134862e+308, 2.2676e+01, 2.2676e+01, 
 2DIAGNOSTIC,     2, -4.693690117121e-01, 1.797693134862e+308, 2.2687e+01, 1.1211e-02, 
 2DIAGNOSTIC,     3, -4.709721879780e-01, 1.797693134862e+308, 2.2698e+01, 1.0945e-02, 
 2DIAGNOSTIC,     4, -4.720866950507e-01, 1.797693134862e+308, 2.2709e+01, 1.0965e-02, 
 2DIAGNOSTIC,     5, -4.725948350199e-01, 1.797693134862e+308, 2.2720e+01, 1.0926e-02, 
 2DIAGNOSTIC,     6, -4.731252617550e-01, 1.797693134862e+308, 2.2731e+01, 1.0872e-02, 
 2DIAGNOSTIC,     7, -4.737843361452e-01, 1.797693134862e+308, 2.2742e+01, 1.0987e-02, 
 2DIAGNOSTIC,     8, -4.758473432463e-01, 1.797693134862e+308, 2.2756e+01, 1.4272e-02, 
 2DIAGNOSTIC,     9, -4.760278715493e-01, 1.797693134862e+308, 2.2770e+01, 1.4065e-02, 
 2DIAGNOSTIC,    10, -4.761131005021e-01, 1.096518670386e-03, 2.2782e+01, 1.1820e-02, 
 2DIAGNOSTIC,    11, -4.765577083441e-01, 8.806785634621e-04, 2.2796e+01, 1.3458e-02, 
 2DIAGNOSTIC,    12, -4.778082457913e-01, 7.483067287863e-04, 2.2811e+01, 1.4900e-02, 
 2DIAGNOSTIC,    13, -4.778858034138e-01, 6.428454049610e-04, 2.2824e+01, 1.3016e-02, 
 2DIAGNOSTIC,    14, -4.779398245331e-01, 5.449592010185e-04, 2.2838e+01, 1.4520e-02, 
 2DIAGNOSTIC,    15, -4.779464805722e-01, 4.329574519620e-04, 2.2851e+01, 1.3032e-02, 
 2DIAGNOSTIC,    16, -4.779467136140e-01, 3.153546248513e-04, 2.2864e+01, 1.2965e-02, 
 2DIAGNOSTIC,    17, -4.779469810014e-01, 2.033218767154e-04, 2.2875e+01, 1.1274e-02, 
 2DIAGNOSTIC,    18, -4.779478760168e-01, 1.537188042825e-04, 2.2887e+01, 1.1286e-02, 
 2DIAGNOSTIC,    19, -4.779503181521e-01, 1.017473990313e-04, 2.2898e+01, 1.1397e-02, 
 2DIAGNOSTIC,    20, -4.779544462722e-01, 4.847454413139e-05, 2.2909e+01, 1.1359e-02, 
 2DIAGNOSTIC,    21, -4.779620396356e-01, 7.837353032294e-06, 2.2922e+01, 1.2816e-02, 
 2DIAGNOSTIC,    22, -4.779671230736e-01, 4.391284450948e-06, 2.2940e+01, 1.7468e-02, 
 2DIAGNOSTIC,    23, -4.779704180273e-01, 3.033651001662e-06, 2.2951e+01, 1.1282e-02, 
 2DIAGNOSTIC,    24, -4.779717448492e-01, 3.009533822970e-06, 2.2962e+01, 1.1291e-02, 
 2DIAGNOSTIC,    25, -4.779739477439e-01, 3.041199200957e-06, 2.2974e+01, 1.1364e-02, 
 2DIAGNOSTIC,    26, -4.779784240558e-01, 3.010190785788e-06, 2.2994e+01, 2.0548e-02, 
 2DIAGNOSTIC,    27, -4.779784942938e-01, 2.818190321975e-06, 2.3007e+01, 1.2854e-02, 
 2DIAGNOSTIC,    28, -4.779785369905e-01, 2.508130487459e-06, 2.3018e+01, 1.1279e-02, 
 2DIAGNOSTIC,    29, -4.779786246592e-01, 2.144241583825e-06, 2.3030e+01, 1.1346e-02, 
 2DIAGNOSTIC,    30, -4.779790455088e-01, 1.793354330232e-06, 2.3041e+01, 1.1213e-02, 
 2DIAGNOSTIC,    31, -4.779800428110e-01, 1.558121034660e-06, 2.3052e+01, 1.1191e-02, 
 2DIAGNOSTIC,    32, -4.779895126863e-01, 1.557415575469e-06, 2.3063e+01, 1.1269e-02, 
 2DIAGNOSTIC,    33, -4.779924772355e-01, 1.613360579342e-06, 2.3082e+01, 1.8999e-02, 
 2DIAGNOSTIC,    34, -4.779925927607e-01, 1.630578312959e-06, 2.3095e+01, 1.2871e-02, 
 2DIAGNOSTIC,    35, -4.779926211114e-01, 1.619932530974e-06, 2.3108e+01, 1.2849e-02, 
 2DIAGNOSTIC,    36, -4.779926538490e-01, 1.617166425407e-06, 2.3119e+01, 1.1290e-02, 
 2DIAGNOSTIC,    37, -4.779927364259e-01, 1.544785315166e-06, 2.3131e+01, 1.1291e-02, 
 2DIAGNOSTIC,    38, -4.779930585689e-01, 1.415883512226e-06, 2.3142e+01, 1.1295e-02, 
 2DIAGNOSTIC,    39, -4.779939707752e-01, 1.256022058024e-06, 2.3153e+01, 1.1311e-02, 
 2DIAGNOSTIC,    40, -4.779952552723e-01, 1.089498232208e-06, 2.3165e+01, 1.1299e-02, 
 2DIAGNOSTIC,    41, -4.780031626335e-01, 1.029033543858e-06, 2.3185e+01, 2.0580e-02, 
 2DIAGNOSTIC,    42, -4.780031829369e-01, 1.078205411568e-06, 2.3200e+01, 1.4381e-02, 
 2DIAGNOSTIC,    43, -4.780031844593e-01, 1.137194993023e-06, 2.3214e+01, 1.4351e-02, 
 2DIAGNOSTIC,    44, -4.780031847686e-01, 1.158736032736e-06, 2.3227e+01, 1.2832e-02, 
 2DIAGNOSTIC,    45, -4.780031848768e-01, 1.137545417539e-06, 2.3239e+01, 1.2751e-02, 
 2DIAGNOSTIC,    46, -4.780031849189e-01, 1.075089780846e-06, 2.3252e+01, 1.2842e-02, 
DIAGNOSTIC,Iteration,metricValue,convergenceValue,ITERATION_TIME_INDEX,SINCE_LAST
 2DIAGNOSTIC,     1, -4.112752922664e-01, 1.797693134862e+308, 3.9571e+01, 1.6319e+01, 
 2DIAGNOSTIC,     2, -4.119271570013e-01, 1.797693134862e+308, 3.9631e+01, 6.0066e-02, 
 2DIAGNOSTIC,     3, -4.127184881936e-01, 1.797693134862e+308, 3.9691e+01, 6.0292e-02, 
 2DIAGNOSTIC,     4, -4.135314413712e-01, 1.797693134862e+308, 3.9752e+01, 6.0377e-02, 
 2DIAGNOSTIC,     5, -4.139021446787e-01, 1.797693134862e+308, 3.9812e+01, 6.0256e-02, 
 2DIAGNOSTIC,     6, -4.141356620319e-01, 1.797693134862e+308, 3.9872e+01, 6.0370e-02, 
 2DIAGNOSTIC,     7, -4.145318465237e-01, 1.797693134862e+308, 3.9955e+01, 8.2509e-02, 
 2DIAGNOSTIC,     8, -4.146169998532e-01, 1.797693134862e+308, 4.0026e+01, 7.1350e-02, 
 2DIAGNOSTIC,     9, -4.145782523524e-01, 1.797693134862e+308, 4.0109e+01, 8.2491e-02, 
 2DIAGNOSTIC,    10, -4.147827404247e-01, 5.296896683209e-04, 4.0170e+01, 6.1029e-02, 
 2DIAGNOSTIC,    11, -4.147868178989e-01, 3.649421250280e-04, 4.0231e+01, 6.0859e-02, 
 2DIAGNOSTIC,    12, -4.148766538425e-01, 2.369658044083e-04, 4.0291e+01, 6.0956e-02, 
 2DIAGNOSTIC,    13, -4.150594560097e-01, 1.581250842560e-04, 4.0385e+01, 9.3817e-02, 
 2DIAGNOSTIC,    14, -4.150769277675e-01, 1.168736133128e-04, 4.0446e+01, 6.1004e-02, 
 2DIAGNOSTIC,    15, -4.151080807049e-01, 8.903298698516e-05, 4.0508e+01, 6.1398e-02, 
 2DIAGNOSTIC,    16, -4.151390563613e-01, 6.763466477282e-05, 4.0580e+01, 7.2077e-02, 
 2DIAGNOSTIC,    17, -4.151201056325e-01, 5.786272139226e-05, 4.0641e+01, 6.1076e-02, 
 2DIAGNOSTIC,    18, -4.151891474936e-01, 4.994442564753e-05, 4.0758e+01, 1.1677e-01, 
 2DIAGNOSTIC,    19, -4.151828932160e-01, 3.651502589819e-05, 4.0818e+01, 6.0556e-02, 
 2DIAGNOSTIC,    20, -4.151610145698e-01, 2.759269003089e-05, 4.0879e+01, 6.0457e-02, 
 2DIAGNOSTIC,    21, -4.151745099612e-01, 1.770716545636e-05, 4.0939e+01, 6.0476e-02, 
 2DIAGNOSTIC,    22, -4.152300144601e-01, 1.157490980690e-05, 4.1000e+01, 6.0923e-02, 
 2DIAGNOSTIC,    23, -4.152510179011e-01, 1.103236611202e-05, 4.1061e+01, 6.0776e-02, 
 2DIAGNOSTIC,    24, -4.153278238436e-01, 1.230678799337e-05, 4.1122e+01, 6.1116e-02, 
 2DIAGNOSTIC,    25, -4.154390577994e-01, 1.633405092186e-05, 4.1194e+01, 7.2181e-02, 
 2DIAGNOSTIC,    26, -4.155391871507e-01, 2.206509472202e-05, 4.1289e+01, 9.4507e-02, 
 2DIAGNOSTIC,    27, -4.155919985722e-01, 2.617223966985e-05, 4.1361e+01, 7.2453e-02, 
 2DIAGNOSTIC,    28, -4.155683961210e-01, 2.876013115858e-05, 4.1433e+01, 7.1970e-02, 
 2DIAGNOSTIC,    29, -4.156290182644e-01, 2.991268877688e-05, 4.1517e+01, 8.3555e-02, 
 2DIAGNOSTIC,    30, -4.156317738931e-01, 2.775691325672e-05, 4.1600e+01, 8.3080e-02, 
 2DIAGNOSTIC,    31, -4.156320287349e-01, 2.347081195418e-05, 4.1672e+01, 7.1957e-02, 
 2DIAGNOSTIC,    32, -4.156320096553e-01, 1.855709999284e-05, 4.1732e+01, 6.0686e-02, 
 2DIAGNOSTIC,    33, -4.156327214330e-01, 1.274353437920e-05, 4.1804e+01, 7.1793e-02, 
 2DIAGNOSTIC,    34, -4.156335717555e-01, 7.677483617116e-06, 4.1865e+01, 6.1021e-02, 
 2DIAGNOSTIC,    35, -4.155935644148e-01, 3.598368316243e-06, 4.1926e+01, 6.0787e-02, 
 2DIAGNOSTIC,    36, -4.156348748186e-01, 2.188739022784e-06, 4.1987e+01, 6.0999e-02, 
 2DIAGNOSTIC,    37, -4.156366806246e-01, 1.738921035215e-06, 4.2048e+01, 6.0814e-02, 
DIAGNOSTIC,Iteration,metricValue,convergenceValue,ITERATION_TIME_INDEX,SINCE_LAST
 2DIAGNOSTIC,     1, -3.502267868784e-01, 1.797693134862e+308, 5.1623e+01, 9.5752e+00, 
 2DIAGNOSTIC,     2, -3.505539570090e-01, 1.797693134862e+308, 5.2113e+01, 4.9050e-01, 
 2DIAGNOSTIC,     3, -3.507168296588e-01, 1.797693134862e+308, 5.2794e+01, 6.8039e-01, 
 2DIAGNOSTIC,     4, -3.507379446508e-01, 1.797693134862e+308, 5.3284e+01, 4.8967e-01, 
 2DIAGNOSTIC,     5, -3.507550251203e-01, 1.797693134862e+308, 5.3774e+01, 4.9021e-01, 
 2DIAGNOSTIC,     6, -3.507892417240e-01, 1.797693134862e+308, 5.4265e+01, 4.9133e-01, 
 2DIAGNOSTIC,     7, -3.508535554457e-01, 1.797693134862e+308, 5.4848e+01, 5.8291e-01, 
 2DIAGNOSTIC,     8, -3.509578974916e-01, 1.797693134862e+308, 5.5725e+01, 8.7751e-01, 
 2DIAGNOSTIC,     9, -3.509606339742e-01, 1.797693134862e+308, 5.6303e+01, 5.7787e-01, 
 2DIAGNOSTIC,    10, -3.509700101109e-01, 1.107372489773e-04, 5.6793e+01, 4.8958e-01, 
 2DIAGNOSTIC,    11, -3.510190811403e-01, 7.271866910524e-05, 5.7281e+01, 4.8776e-01, 
 2DIAGNOSTIC,    12, -3.511143144666e-01, 6.282522706741e-05, 5.7772e+01, 4.9171e-01, 
 2DIAGNOSTIC,    13, -3.513248441984e-01, 7.204875376077e-05, 5.8548e+01, 7.7592e-01, 
 2DIAGNOSTIC,    14, -3.514107177892e-01, 7.961348664785e-05, 5.9796e+01, 1.2479e+00, 
 2DIAGNOSTIC,    15, -3.514107355571e-01, 8.018130868347e-05, 6.0382e+01, 5.8544e-01, 
 2DIAGNOSTIC,    16, -3.514116530645e-01, 7.543564454265e-05, 6.0966e+01, 5.8413e-01, 
 2DIAGNOSTIC,    17, -3.514086870030e-01, 6.721894988043e-05, 6.1458e+01, 4.9257e-01, 
 2DIAGNOSTIC,    18, -3.514061445092e-01, 5.831090053358e-05, 6.1950e+01, 4.9146e-01, 
 2DIAGNOSTIC,    19, -3.514081449187e-01, 4.529088472816e-05, 6.2440e+01, 4.9037e-01, 
 2DIAGNOSTIC,    20, -3.514103406151e-01, 3.009977517170e-05, 6.2930e+01, 4.8974e-01, 
 2DIAGNOSTIC,    21, -3.514118693658e-01, 1.569531576007e-05, 6.3420e+01, 4.9015e-01, 
 2DIAGNOSTIC,    22, -3.514127417969e-01, 4.632773411645e-06, 6.4003e+01, 5.8258e-01, 
 2DIAGNOSTIC,    23, -3.514136462566e-01, 1.593193402330e-06, 6.4493e+01, 4.9042e-01, 
 2DIAGNOSTIC,    24, -3.514110454449e-01, 1.594151560105e-06, 6.5077e+01, 5.8408e-01, 
 2DIAGNOSTIC,    25, -3.514124133719e-01, 1.613011074403e-06, 6.5661e+01, 5.8377e-01, 
 2DIAGNOSTIC,    26, -3.514095731119e-01, 1.538444321859e-06, 6.6150e+01, 4.8901e-01, 
 2DIAGNOSTIC,    27, -3.513989335808e-01, 1.036905403012e-06, 6.6640e+01, 4.9010e-01, 
DIAGNOSTIC,Iteration,metricValue,convergenceValue,ITERATION_TIME_INDEX,SINCE_LAST
 2DIAGNOSTIC,     1, -3.012811047190e-01, 1.797693134862e+308, 7.5931e+01, 9.2913e+00, 
  Elapsed time (stage 0): 7.7873e+01


Stage 1
  iterations = 1000x500x250x0
  convergence threshold = 1.0000e-06
  convergence window size = 10
  number of levels = 4
  using the Mattes MI metric (number of bins = 32, weight = 1.0000e+00)
  preprocessing:  winsorizing the image intensities
  Shrink factors (level 1 out of 4): [12, 12, 12]
  Shrink factors (level 2 out of 4): [8, 8, 8]
  Shrink factors (level 3 out of 4): [4, 4, 4]
  Shrink factors (level 4 out of 4): [2, 2, 2]
  smoothing sigmas per level: [4, 3, 2, 1]
  regular sampling (percentage = 2.5000e-01)

*** Running AffineTransform registration ***

DIAGNOSTIC,Iteration,metricValue,convergenceValue,ITERATION_TIME_INDEX,SINCE_LAST
 2DIAGNOSTIC,     1, -4.701745483367e-01, 1.797693134862e+308, 2.2535e+01, 2.2535e+01, 
 2DIAGNOSTIC,     2, -4.714787557984e-01, 1.797693134862e+308, 2.2550e+01, 1.5168e-02, 
 2DIAGNOSTIC,     3, -4.733572437431e-01, 1.797693134862e+308, 2.2565e+01, 1.4670e-02, 
 2DIAGNOSTIC,     4, -4.761467464347e-01, 1.797693134862e+308, 2.2580e+01, 1.4871e-02, 
 2DIAGNOSTIC,     5, -4.804597287878e-01, 1.797693134862e+308, 2.2594e+01, 1.4489e-02, 
 2DIAGNOSTIC,     6, -4.863104857523e-01, 1.797693134862e+308, 2.2609e+01, 1.5152e-02, 
 2DIAGNOSTIC,     7, -4.994462960236e-01, 1.797693134862e+308, 2.2628e+01, 1.8242e-02, 
 2DIAGNOSTIC,     8, -5.003287286045e-01, 1.797693134862e+308, 2.2643e+01, 1.5126e-02, 
 2DIAGNOSTIC,     9, -5.015494802608e-01, 1.797693134862e+308, 2.2659e+01, 1.6493e-02, 
 2DIAGNOSTIC,    10, -5.027107739973e-01, 5.240049614696e-03, 2.2681e+01, 2.1436e-02, 
 2DIAGNOSTIC,    11, -5.030226697510e-01, 4.583633826550e-03, 2.2697e+01, 1.5745e-02, 
 2DIAGNOSTIC,    12, -5.041974757867e-01, 3.741105843929e-03, 2.2714e+01, 1.7545e-02, 
 2DIAGNOSTIC,    13, -5.046933159548e-01, 2.800249583761e-03, 2.2729e+01, 1.5390e-02, 
 2DIAGNOSTIC,    14, -5.049046278105e-01, 1.873503482544e-03, 2.2745e+01, 1.5662e-02, 
 2DIAGNOSTIC,    15, -5.050189407697e-01, 1.073335660654e-03, 2.2764e+01, 1.8536e-02, 
 2DIAGNOSTIC,    16, -5.050411789522e-01, 4.764197821401e-04, 2.2779e+01, 1.5554e-02, 
 2DIAGNOSTIC,    17, -5.050728196459e-01, 3.532133947476e-04, 2.2796e+01, 1.6778e-02, 
 2DIAGNOSTIC,    18, -5.051047525307e-01, 2.398789414047e-04, 2.2817e+01, 2.0571e-02, 
 2DIAGNOSTIC,    19, -5.051228400351e-01, 1.536264148232e-04, 2.2832e+01, 1.5074e-02, 
 2DIAGNOSTIC,    20, -5.051305116459e-01, 9.590445327887e-05, 2.2847e+01, 1.5545e-02, 
 2DIAGNOSTIC,    21, -5.051423235761e-01, 4.316749350858e-05, 2.2862e+01, 1.5124e-02, 
 2DIAGNOSTIC,    22, -5.051931511891e-01, 2.305363536801e-05, 2.2884e+01, 2.2143e-02, 
 2DIAGNOSTIC,    23, -5.052199482215e-01, 1.554727502497e-05, 2.2899e+01, 1.5029e-02, 
 2DIAGNOSTIC,    24, -5.052336043607e-01, 1.264215983541e-05, 2.2915e+01, 1.5558e-02, 
 2DIAGNOSTIC,    25, -5.052468287292e-01, 1.184592726607e-05, 2.2933e+01, 1.8460e-02, 
 2DIAGNOSTIC,    26, -5.052536106002e-01, 1.074791707845e-05, 2.2949e+01, 1.5613e-02, 
 2DIAGNOSTIC,    27, -5.052659414786e-01, 9.737644618577e-06, 2.2964e+01, 1.5127e-02, 
 2DIAGNOSTIC,    28, -5.053490087950e-01, 1.031784707364e-05, 2.2980e+01, 1.5641e-02, 
 2DIAGNOSTIC,    29, -5.054561274761e-01, 1.241928508675e-05, 2.3002e+01, 2.1965e-02, 
 2DIAGNOSTIC,    30, -5.054656286527e-01, 1.360871197478e-05, 2.3017e+01, 1.5520e-02, 
 2DIAGNOSTIC,    31, -5.054770781317e-01, 1.398479627400e-05, 2.3033e+01, 1.5217e-02, 
 2DIAGNOSTIC,    32, -5.054905864845e-01, 1.426626050720e-05, 2.3051e+01, 1.8746e-02, 
 2DIAGNOSTIC,    33, -5.054971238033e-01, 1.381253394622e-05, 2.3066e+01, 1.5109e-02, 
 2DIAGNOSTIC,    34, -5.055091171104e-01, 1.256180554274e-05, 2.3082e+01, 1.5467e-02, 
 2DIAGNOSTIC,    35, -5.055371183811e-01, 1.096068410758e-05, 2.3102e+01, 2.0107e-02, 
 2DIAGNOSTIC,    36, -5.055530832358e-01, 8.878893622978e-06, 2.3118e+01, 1.5510e-02, 
 2DIAGNOSTIC,    37, -5.055578371709e-01, 6.395850530343e-06, 2.3133e+01, 1.5075e-02, 
 2DIAGNOSTIC,    38, -5.055687081281e-01, 4.886539538989e-06, 2.3148e+01, 1.5475e-02, 
 2DIAGNOSTIC,    39, -5.055854170619e-01, 4.870639687553e-06, 2.3163e+01, 1.5172e-02, 
 2DIAGNOSTIC,    40, -5.056071601676e-01, 4.900470840456e-06, 2.3180e+01, 1.7120e-02, 
 2DIAGNOSTIC,    41, -5.056157999959e-01, 4.805779184328e-06, 2.3202e+01, 2.1575e-02, 
 2DIAGNOSTIC,    42, -5.056241441517e-01, 4.634039153826e-06, 2.3217e+01, 1.5339e-02, 
 2DIAGNOSTIC,    43, -5.056298112086e-01, 4.264620449234e-06, 2.3232e+01, 1.5103e-02, 
 2DIAGNOSTIC,    44, -5.056445741036e-01, 3.909905414080e-06, 2.3249e+01, 1.7111e-02, 
 2DIAGNOSTIC,    45, -5.056959200535e-01, 4.255840079539e-06, 2.3270e+01, 2.0193e-02, 
 2DIAGNOSTIC,    46, -5.057401003864e-01, 4.974551170701e-06, 2.3315e+01, 4.5023e-02, 
 2DIAGNOSTIC,    47, -5.057401003449e-01, 5.306131973949e-06, 2.3330e+01, 1.5151e-02, 
 2DIAGNOSTIC,    48, -5.057401003543e-01, 5.322567563866e-06, 2.3345e+01, 1.5442e-02, 
 2DIAGNOSTIC,    49, -5.057401003702e-01, 5.084283962932e-06, 2.3360e+01, 1.5096e-02, 
 2DIAGNOSTIC,    50, -5.057401003969e-01, 4.664580525431e-06, 2.3376e+01, 1.5431e-02, 
 2DIAGNOSTIC,    51, -5.057401004418e-01, 3.962089895174e-06, 2.3391e+01, 1.5072e-02, 
 2DIAGNOSTIC,    52, -5.057401005167e-01, 3.065518542011e-06, 2.3406e+01, 1.5411e-02, 
 2DIAGNOSTIC,    53, -5.057401006403e-01, 2.038440577262e-06, 2.3421e+01, 1.5094e-02, 
 2DIAGNOSTIC,    54, -5.057401008408e-01, 1.057088838755e-06, 2.3437e+01, 1.5431e-02, 
DIAGNOSTIC,Iteration,metricValue,convergenceValue,ITERATION_TIME_INDEX,SINCE_LAST
 2DIAGNOSTIC,     1, -4.375135731523e-01, 1.797693134862e+308, 4.0041e+01, 1.6605e+01, 
 2DIAGNOSTIC,     2, -4.379036642114e-01, 1.797693134862e+308, 4.0116e+01, 7.4363e-02, 
 2DIAGNOSTIC,     3, -4.384136543720e-01, 1.797693134862e+308, 4.0190e+01, 7.3795e-02, 
 2DIAGNOSTIC,     4, -4.391094260430e-01, 1.797693134862e+308, 4.0263e+01, 7.3841e-02, 
 2DIAGNOSTIC,     5, -4.403541105333e-01, 1.797693134862e+308, 4.0337e+01, 7.3854e-02, 
 2DIAGNOSTIC,     6, -4.423534192786e-01, 1.797693134862e+308, 4.0423e+01, 8.5911e-02, 
 2DIAGNOSTIC,     7, -4.427637327094e-01, 1.797693134862e+308, 4.0495e+01, 7.2004e-02, 
 2DIAGNOSTIC,     8, -4.432451056673e-01, 1.797693134862e+308, 4.0581e+01, 8.5919e-02, 
 2DIAGNOSTIC,     9, -4.439335740614e-01, 1.797693134862e+308, 4.0676e+01, 9.5194e-02, 
 2DIAGNOSTIC,    10, -4.443847437057e-01, 1.135356366067e-03, 4.0751e+01, 7.4705e-02, 
 2DIAGNOSTIC,    11, -4.446131041454e-01, 9.823689909518e-04, 4.0823e+01, 7.2428e-02, 
 2DIAGNOSTIC,    12, -4.450451633723e-01, 8.117385067744e-04, 4.0956e+01, 1.3252e-01, 
 2DIAGNOSTIC,    13, -4.450926514062e-01, 6.227636632046e-04, 4.1029e+01, 7.2593e-02, 
 2DIAGNOSTIC,    14, -4.452008104786e-01, 4.409878048150e-04, 4.1104e+01, 7.5173e-02, 
 2DIAGNOSTIC,    15, -4.452871655232e-01, 2.983950961830e-04, 4.1176e+01, 7.2755e-02, 
 2DIAGNOSTIC,    16, -4.453512927355e-01, 2.293125806774e-04, 4.1251e+01, 7.4829e-02, 
 2DIAGNOSTIC,    17, -4.454266334115e-01, 1.656181002658e-04, 4.1335e+01, 8.3290e-02, 
 2DIAGNOSTIC,    18, -4.454609520598e-01, 1.118293634511e-04, 4.1432e+01, 9.7176e-02, 
 2DIAGNOSTIC,    19, -4.454847094264e-01, 7.743645256408e-05, 4.1504e+01, 7.2394e-02, 
 2DIAGNOSTIC,    20, -4.455167387867e-01, 5.490462783911e-05, 4.1579e+01, 7.4744e-02, 
 2DIAGNOSTIC,    21, -4.455912946977e-01, 3.845329011933e-05, 4.1686e+01, 1.0728e-01, 
 2DIAGNOSTIC,    22, -4.456118401339e-01, 3.319800467187e-05, 4.1761e+01, 7.4653e-02, 
 2DIAGNOSTIC,    23, -4.456261482316e-01, 2.712280957246e-05, 4.1834e+01, 7.2733e-02, 
 2DIAGNOSTIC,    24, -4.456611304574e-01, 2.296428386137e-05, 4.1908e+01, 7.4791e-02, 
 2DIAGNOSTIC,    25, -4.457881372930e-01, 2.253078518558e-05, 4.2028e+01, 1.1924e-01, 
 2DIAGNOSTIC,    26, -4.458077401841e-01, 2.205230515912e-05, 4.2103e+01, 7.5170e-02, 
 2DIAGNOSTIC,    27, -4.458159501747e-01, 2.164630574027e-05, 4.2175e+01, 7.2468e-02, 
 2DIAGNOSTIC,    28, -4.458244786438e-01, 2.037759838743e-05, 4.2250e+01, 7.4317e-02, 
 2DIAGNOSTIC,    29, -4.458551147386e-01, 1.856706785576e-05, 4.2357e+01, 1.0702e-01, 
 2DIAGNOSTIC,    30, -4.458713395073e-01, 1.615702790368e-05, 4.2431e+01, 7.4539e-02, 
 2DIAGNOSTIC,    31, -4.458826077146e-01, 1.423334820625e-05, 4.2503e+01, 7.2171e-02, 
 2DIAGNOSTIC,    32, -4.458963819120e-01, 1.190997250591e-05, 4.2578e+01, 7.4621e-02, 
 2DIAGNOSTIC,    33, -4.459332997391e-01, 9.697220930006e-06, 4.2674e+01, 9.5708e-02, 
 2DIAGNOSTIC,    34, -4.459428345639e-01, 7.537807626391e-06, 4.2749e+01, 7.5324e-02, 
 2DIAGNOSTIC,    35, -4.459607552753e-01, 7.517687961249e-06, 4.2821e+01, 7.2366e-02, 
 2DIAGNOSTIC,    36, -4.460794286581e-01, 9.332115610591e-06, 4.2931e+01, 1.0972e-01, 
 2DIAGNOSTIC,    37, -4.461611317310e-01, 1.174588513975e-05, 4.3003e+01, 7.2208e-02, 
 2DIAGNOSTIC,    38, -4.462273586776e-01, 1.422299355866e-05, 4.3078e+01, 7.4454e-02, 
 2DIAGNOSTIC,    39, -4.464027731552e-01, 1.868437271635e-05, 4.3162e+01, 8.4040e-02, 
 2DIAGNOSTIC,    40, -4.468722109109e-01, 2.892831935661e-05, 4.3260e+01, 9.7838e-02, 
 2DIAGNOSTIC,    41, -4.470088464026e-01, 3.809828406552e-05, 4.3332e+01, 7.2354e-02, 
 2DIAGNOSTIC,    42, -4.470591758971e-01, 4.427033273971e-05, 4.3407e+01, 7.5172e-02, 
 2DIAGNOSTIC,    43, -4.471624897852e-01, 4.819504199396e-05, 4.3550e+01, 1.4302e-01, 
 2DIAGNOSTIC,    44, -4.471634652962e-01, 4.751626211395e-05, 4.3625e+01, 7.5351e-02, 
 2DIAGNOSTIC,    45, -4.472386871653e-01, 4.359644620888e-05, 4.3698e+01, 7.2734e-02, 
 2DIAGNOSTIC,    46, -4.473126634432e-01, 3.837293893924e-05, 4.3785e+01, 8.6833e-02, 
 2DIAGNOSTIC,    47, -4.473387049309e-01, 3.129755713307e-05, 4.3858e+01, 7.2834e-02, 
 2DIAGNOSTIC,    48, -4.473231929061e-01, 2.229184892320e-05, 4.3932e+01, 7.4343e-02, 
 2DIAGNOSTIC,    49, -4.473523848927e-01, 1.412369537927e-05, 4.4005e+01, 7.2428e-02, 
 2DIAGNOSTIC,    50, -4.473815524667e-01, 1.131242101561e-05, 4.4079e+01, 7.4517e-02, 
 2DIAGNOSTIC,    51, -4.474860995630e-01, 1.057611759470e-05, 4.4151e+01, 7.2208e-02, 
 2DIAGNOSTIC,    52, -4.475318458522e-01, 1.003764161202e-05, 4.4226e+01, 7.4643e-02, 
 2DIAGNOSTIC,    53, -4.478018307989e-01, 1.314229850179e-05, 4.4357e+01, 1.3075e-01, 
 2DIAGNOSTIC,    54, -4.478251280413e-01, 1.513357602871e-05, 4.4432e+01, 7.4799e-02, 
 2DIAGNOSTIC,    55, -4.478389885227e-01, 1.669258312671e-05, 4.4504e+01, 7.2710e-02, 
 2DIAGNOSTIC,    56, -4.478551688351e-01, 1.769568826347e-05, 4.4591e+01, 8.6239e-02, 
 2DIAGNOSTIC,    57, -4.479018489492e-01, 1.782271974681e-05, 4.4686e+01, 9.5719e-02, 
 2DIAGNOSTIC,    58, -4.479196026459e-01, 1.626123335228e-05, 4.4796e+01, 1.0954e-01, 
 2DIAGNOSTIC,    59, -4.479225041435e-01, 1.358983324330e-05, 4.4869e+01, 7.2864e-02, 
 2DIAGNOSTIC,    60, -4.479350943535e-01, 1.022325418541e-05, 4.4955e+01, 8.6576e-02, 
 2DIAGNOSTIC,    61, -4.479371513034e-01, 7.168827985026e-06, 4.5027e+01, 7.2075e-02, 
 2DIAGNOSTIC,    62, -4.479385803659e-01, 3.976933531755e-06, 4.5102e+01, 7.4942e-02, 
 2DIAGNOSTIC,    63, -4.479422169133e-01, 3.318227560990e-06, 4.5175e+01, 7.2492e-02, 
 2DIAGNOSTIC,    64, -4.479586826622e-01, 2.809206651227e-06, 4.5285e+01, 1.0990e-01, 
 2DIAGNOSTIC,    65, -4.479615526321e-01, 2.255209901297e-06, 4.5358e+01, 7.3012e-02, 
 2DIAGNOSTIC,    66, -4.479623913867e-01, 1.703084355643e-06, 4.5433e+01, 7.5273e-02, 
 2DIAGNOSTIC,    67, -4.479637744482e-01, 1.507119734141e-06, 4.5564e+01, 1.3096e-01, 
 2DIAGNOSTIC,    68, -4.479637924980e-01, 1.384209724037e-06, 4.5848e+01, 2.8412e-01, 
 2DIAGNOSTIC,    69, -4.479637924980e-01, 1.198160771662e-06, 4.5979e+01, 1.3134e-01, 
 2DIAGNOSTIC,    70, -4.479637924980e-01, 1.060575162129e-06, 4.6101e+01, 1.2179e-01, 
DIAGNOSTIC,Iteration,metricValue,convergenceValue,ITERATION_TIME_INDEX,SINCE_LAST
 2DIAGNOSTIC,     1, -3.725996825155e-01, 1.797693134862e+308, 5.5694e+01, 9.5930e+00, 
 2DIAGNOSTIC,     2, -3.729180283741e-01, 1.797693134862e+308, 5.6299e+01, 6.0462e-01, 
 2DIAGNOSTIC,     3, -3.731612858732e-01, 1.797693134862e+308, 5.6881e+01, 5.8256e-01, 
 2DIAGNOSTIC,     4, -3.733796549827e-01, 1.797693134862e+308, 5.7483e+01, 6.0213e-01, 
 2DIAGNOSTIC,     5, -3.736364237850e-01, 1.797693134862e+308, 5.8163e+01, 6.7931e-01, 
 2DIAGNOSTIC,     6, -3.741307639794e-01, 1.797693134862e+308, 5.9058e+01, 8.9515e-01, 
 2DIAGNOSTIC,     7, -3.741780650354e-01, 1.797693134862e+308, 5.9643e+01, 5.8474e-01, 
 2DIAGNOSTIC,     8, -3.741977685060e-01, 1.797693134862e+308, 6.0242e+01, 5.9941e-01, 
 2DIAGNOSTIC,     9, -3.742574167734e-01, 1.797693134862e+308, 6.1021e+01, 7.7921e-01, 
 2DIAGNOSTIC,    10, -3.742847654405e-01, 3.102536232829e-04, 6.1719e+01, 6.9734e-01, 
 2DIAGNOSTIC,    11, -3.743163663231e-01, 2.286799475023e-04, 6.2405e+01, 6.8648e-01, 
 2DIAGNOSTIC,    12, -3.743570110096e-01, 1.630670294229e-04, 6.3103e+01, 6.9783e-01, 
 2DIAGNOSTIC,    13, -3.744747758651e-01, 1.144146326335e-04, 6.3790e+01, 6.8675e-01, 
 2DIAGNOSTIC,    14, -3.745394943495e-01, 7.769813321300e-05, 6.4488e+01, 6.9864e-01, 
 2DIAGNOSTIC,    15, -3.745581879466e-01, 5.225561088050e-05, 6.5173e+01, 6.8464e-01, 
 2DIAGNOSTIC,    16, -3.745788745841e-01, 4.992296619098e-05, 6.5868e+01, 6.9541e-01, 
 2DIAGNOSTIC,    17, -3.745837122427e-01, 4.578530306089e-05, 6.6553e+01, 6.8434e-01, 
 2DIAGNOSTIC,    18, -3.745983473202e-01, 3.938166884988e-05, 6.7246e+01, 6.9325e-01, 
 2DIAGNOSTIC,    19, -3.746077679549e-01, 3.287511622235e-05, 6.8024e+01, 7.7823e-01, 
 2DIAGNOSTIC,    20, -3.746083568817e-01, 2.521487006110e-05, 6.8720e+01, 6.9555e-01, 
 2DIAGNOSTIC,    21, -3.746148712377e-01, 1.750715419570e-05, 6.9304e+01, 5.8453e-01, 
 2DIAGNOSTIC,    22, -3.746161256324e-01, 1.036736280130e-05, 6.9901e+01, 5.9685e-01, 
 2DIAGNOSTIC,    23, -3.746195911232e-01, 6.967432499609e-06, 7.0678e+01, 7.7734e-01, 
 2DIAGNOSTIC,    24, -3.746225700831e-01, 5.457613895268e-06, 7.1279e+01, 6.0075e-01, 
 2DIAGNOSTIC,    25, -3.746205903000e-01, 4.176807072612e-06, 7.2062e+01, 7.8240e-01, 
 2DIAGNOSTIC,    26, -3.746175336708e-01, 3.243125982925e-06, 7.2949e+01, 8.8767e-01, 
 2DIAGNOSTIC,    27, -3.746176690383e-01, 2.321611842972e-06, 7.5286e+01, 2.3370e+00, 
 2DIAGNOSTIC,    28, -3.746176690379e-01, 1.746934821675e-06, 7.7346e+01, 2.0597e+00, 
 2DIAGNOSTIC,    29, -3.746176690379e-01, 1.400461268439e-06, 7.8027e+01, 6.8149e-01, 
 2DIAGNOSTIC,    30, -3.746176690379e-01, 1.061404161853e-06, 7.8721e+01, 6.9410e-01, 
DIAGNOSTIC,Iteration,metricValue,convergenceValue,ITERATION_TIME_INDEX,SINCE_LAST
 2DIAGNOSTIC,     1, -3.196482189630e-01, 1.797693134862e+308, 8.8901e+01, 1.0179e+01, 
  Elapsed time (stage 1): 9.0874e+01


Stage 2
  iterations = 100x100x70x50x0
  convergence threshold = 1.0000e-06
  convergence window size = 10
  number of levels = 5
  using the Mattes MI metric (number of bins = 32, weight = 1.0000e+00)
  preprocessing:  winsorizing the image intensities
  Shrink factors (level 1 out of 5): [10, 10, 10]
  Shrink factors (level 2 out of 5): [6, 6, 6]
  Shrink factors (level 3 out of 5): [4, 4, 4]
  Shrink factors (level 4 out of 5): [2, 2, 2]
  Shrink factors (level 5 out of 5): [1, 1, 1]
  smoothing sigmas per level: [5, 3, 2, 1, 0]
  Using default NONE metricSamplingStrategy 

*** Running SyN registration (varianceForUpdateField = 3.0000e+00, varianceForTotalField = 0.0000e+00) ***

XXDIAGNOSTIC,Iteration,metricValue,convergenceValue,ITERATION_TIME_INDEX,SINCE_LAST
 1DIAGNOSTIC,     1, -5.360037034314e-01, 1.797693134862e+308, 3.6532e+01, 3.6532e+01, 
 1DIAGNOSTIC,     2, -5.539255183695e-01, 1.797693134862e+308, 3.6675e+01, 1.4222e-01, 
 1DIAGNOSTIC,     3, -5.635283333108e-01, 1.797693134862e+308, 3.6810e+01, 1.3582e-01, 
 1DIAGNOSTIC,     4, -5.681813755788e-01, 1.797693134862e+308, 3.6950e+01, 1.3943e-01, 
 1DIAGNOSTIC,     5, -5.674603178474e-01, 1.797693134862e+308, 3.7086e+01, 1.3606e-01, 
 1DIAGNOSTIC,     6, -5.639894182681e-01, 1.797693134862e+308, 3.7222e+01, 1.3567e-01, 
 1DIAGNOSTIC,     7, -5.627283856397e-01, 1.797693134862e+308, 3.7358e+01, 1.3606e-01, 
 1DIAGNOSTIC,     8, -5.605714528706e-01, 1.797693134862e+308, 3.7493e+01, 1.3566e-01, 
 1DIAGNOSTIC,     9, -5.594676224803e-01, 1.797693134862e+308, 3.7630e+01, 1.3625e-01, 
 1DIAGNOSTIC,    10, -5.573696877066e-01, 1.070888640078e-03, 3.7767e+01, 1.3701e-01, 
 1DIAGNOSTIC,    11, -5.540259912963e-01, -6.823728111064e-04, 3.7903e+01, 1.3632e-01, 
XXDIAGNOSTIC,Iteration,metricValue,convergenceValue,ITERATION_TIME_INDEX,SINCE_LAST
 1DIAGNOSTIC,     1, -4.391161395761e-01, 1.797693134862e+308, 5.4836e+01, 1.6933e+01, 
 1DIAGNOSTIC,     2, -4.412487814392e-01, 1.797693134862e+308, 5.5390e+01, 5.5415e-01, 
 1DIAGNOSTIC,     3, -4.422170574368e-01, 1.797693134862e+308, 5.5933e+01, 5.4278e-01, 
 1DIAGNOSTIC,     4, -4.422540064132e-01, 1.797693134862e+308, 5.6473e+01, 5.3954e-01, 
 1DIAGNOSTIC,     5, -4.419997963273e-01, 1.797693134862e+308, 5.7013e+01, 5.3982e-01, 
 1DIAGNOSTIC,     6, -4.411707680872e-01, 1.797693134862e+308, 5.7554e+01, 5.4128e-01, 
 1DIAGNOSTIC,     7, -4.399361744752e-01, 1.797693134862e+308, 5.8098e+01, 5.4451e-01, 
 1DIAGNOSTIC,     8, -4.393083282058e-01, 1.797693134862e+308, 5.8639e+01, 5.4056e-01, 
 1DIAGNOSTIC,     9, -4.385640267585e-01, 1.797693134862e+308, 5.9181e+01, 5.4170e-01, 
 1DIAGNOSTIC,    10, -4.374128389346e-01, -4.686460089595e-04, 5.9722e+01, 5.4141e-01, 
XXDIAGNOSTIC,Iteration,metricValue,convergenceValue,ITERATION_TIME_INDEX,SINCE_LAST
 1DIAGNOSTIC,     1, -3.721983285782e-01, 1.797693134862e+308, 7.0369e+01, 1.0647e+01, 
 1DIAGNOSTIC,     2, -3.730877105965e-01, 1.797693134862e+308, 7.2118e+01, 1.7493e+00, 
 1DIAGNOSTIC,     3, -3.734878042078e-01, 1.797693134862e+308, 7.3815e+01, 1.6968e+00, 
 1DIAGNOSTIC,     4, -3.736937369951e-01, 1.797693134862e+308, 7.5518e+01, 1.7036e+00, 
 1DIAGNOSTIC,     5, -3.734747681010e-01, 1.797693134862e+308, 7.7221e+01, 1.7025e+00, 
 1DIAGNOSTIC,     6, -3.733390350033e-01, 1.797693134862e+308, 7.8919e+01, 1.6981e+00, 
 1DIAGNOSTIC,     7, -3.731356287942e-01, 1.797693134862e+308, 8.0619e+01, 1.7003e+00, 
 1DIAGNOSTIC,     8, -3.726932308524e-01, 1.797693134862e+308, 8.2317e+01, 1.6979e+00, 
 1DIAGNOSTIC,     9, -3.724416369490e-01, 1.797693134862e+308, 8.4017e+01, 1.6994e+00, 
 1DIAGNOSTIC,    10, -3.720546162507e-01, -1.148557545676e-04, 8.5718e+01, 1.7013e+00, 
XXDIAGNOSTIC,Iteration,metricValue,convergenceValue,ITERATION_TIME_INDEX,SINCE_LAST
 1DIAGNOSTIC,     1, -3.136323138691e-01, 1.797693134862e+308, 1.0526e+02, 1.9545e+01, 
 1DIAGNOSTIC,     2, -3.145364936586e-01, 1.797693134862e+308, 1.1795e+02, 1.2687e+01, 
 1DIAGNOSTIC,     3, -3.154676035405e-01, 1.797693134862e+308, 1.3072e+02, 1.2771e+01, 
 1DIAGNOSTIC,     4, -3.162883541777e-01, 1.797693134862e+308, 1.4342e+02, 1.2700e+01, 
 1DIAGNOSTIC,     5, -3.170546821347e-01, 1.797693134862e+308, 1.5611e+02, 1.2685e+01, 
 1DIAGNOSTIC,     6, -3.177247743149e-01, 1.797693134862e+308, 1.6880e+02, 1.2690e+01, 
 1DIAGNOSTIC,     7, -3.183229249487e-01, 1.797693134862e+308, 1.8239e+02, 1.3597e+01, 
 1DIAGNOSTIC,     8, -3.188904029080e-01, 1.797693134862e+308, 1.9596e+02, 1.3570e+01, 
 1DIAGNOSTIC,     9, -3.193085845427e-01, 1.797693134862e+308, 2.0953e+02, 1.3565e+01, 
 1DIAGNOSTIC,    10, -3.196581989766e-01, 1.227413727393e-03, 2.2308e+02, 1.3550e+01, 
 1DIAGNOSTIC,    11, -3.200014862923e-01, 9.963439191236e-04, 2.3663e+02, 1.3556e+01, 
 1DIAGNOSTIC,    12, -3.203042925370e-01, 8.036866743021e-04, 2.5024e+02, 1.3609e+01, 
 1DIAGNOSTIC,    13, -3.205868746537e-01, 6.509981720491e-04, 2.6380e+02, 1.3561e+01, 
 1DIAGNOSTIC,    14, -3.207962635056e-01, 5.263006871485e-04, 2.7700e+02, 1.3196e+01, 
 1DIAGNOSTIC,    15, -3.209519135655e-01, 4.248880039500e-04, 2.9059e+02, 1.3588e+01, 
 1DIAGNOSTIC,    16, -3.211121464694e-01, 3.433125248038e-04, 3.0382e+02, 1.3230e+01, 
 1DIAGNOSTIC,    17, -3.211986908835e-01, 2.752872875758e-04, 3.1702e+02, 1.3204e+01, 
 1DIAGNOSTIC,    18, -3.212893373785e-01, 2.218922124176e-04, 3.3018e+02, 1.3158e+01, 
 1DIAGNOSTIC,    19, -3.213928384091e-01, 1.780040223971e-04, 3.4382e+02, 1.3641e+01, 
 1DIAGNOSTIC,    20, -3.214886704209e-01, 1.417313464136e-04, 3.5712e+02, 1.3295e+01, 
 1DIAGNOSTIC,    21, -3.215993948098e-01, 1.149092933040e-04, 3.7080e+02, 1.3689e+01, 
 1DIAGNOSTIC,    22, -3.217416479573e-01, 9.773554688850e-05, 3.8439e+02, 1.3588e+01, 
 1DIAGNOSTIC,    23, -3.218336796412e-01, 8.736453851537e-05, 3.9797e+02, 1.3574e+01, 
 1DIAGNOSTIC,    24, -3.219220587128e-01, 8.074545037177e-05, 4.1162e+02, 1.3655e+01, 
 1DIAGNOSTIC,    25, -3.219939204702e-01, 7.517029418809e-05, 4.2521e+02, 1.3584e+01, 
 1DIAGNOSTIC,    26, -3.221060188556e-01, 7.232449777051e-05, 4.3877e+02, 1.3562e+01, 
 1DIAGNOSTIC,    27, -3.221818377375e-01, 6.821418420862e-05, 4.5234e+02, 1.3572e+01, 
 1DIAGNOSTIC,    28, -3.222330757784e-01, 6.251573004084e-05, 4.6593e+02, 1.3590e+01, 
 1DIAGNOSTIC,    29, -3.222800188944e-01, 5.602906908911e-05, 4.7952e+02, 1.3596e+01, 
 1DIAGNOSTIC,    30, -3.223028472530e-01, 4.825670426647e-05, 4.9313e+02, 1.3603e+01, 
 1DIAGNOSTIC,    31, -3.223899727361e-01, 4.209750260940e-05, 5.0671e+02, 1.3586e+01, 
 1DIAGNOSTIC,    32, -3.224230685061e-01, 3.719597385491e-05, 5.2030e+02, 1.3589e+01, 
 1DIAGNOSTIC,    33, -3.224860150140e-01, 3.331041549303e-05, 5.3386e+02, 1.3562e+01, 
 1DIAGNOSTIC,    34, -3.225218771639e-01, 2.981399292353e-05, 5.4747e+02, 1.3604e+01, 
 1DIAGNOSTIC,    35, -3.225867091485e-01, 2.718765045014e-05, 5.6105e+02, 1.3587e+01, 
 1DIAGNOSTIC,    36, -3.226322469376e-01, 2.602334284343e-05, 5.7461e+02, 1.3556e+01, 
 1DIAGNOSTIC,    37, -3.226904166953e-01, 2.570394692047e-05, 5.8817e+02, 1.3559e+01, 
 1DIAGNOSTIC,    38, -3.227280816952e-01, 2.508649876727e-05, 6.0175e+02, 1.3583e+01, 
 1DIAGNOSTIC,    39, -3.227826254847e-01, 2.450232513206e-05, 6.1538e+02, 1.3632e+01, 
 1DIAGNOSTIC,    40, -3.227776304459e-01, 2.202633689967e-05, 6.2899e+02, 1.3603e+01, 
 1DIAGNOSTIC,    41, -3.227858780848e-01, 1.972057449775e-05, 6.4258e+02, 1.3596e+01, 
 1DIAGNOSTIC,    42, -3.227948021834e-01, 1.658211474426e-05, 6.5621e+02, 1.3626e+01, 
 1DIAGNOSTIC,    43, -3.227827307077e-01, 1.311101769350e-05, 6.6978e+02, 1.3572e+01, 
 1DIAGNOSTIC,    44, -3.227329741714e-01, 8.320558789365e-06, 6.8333e+02, 1.3547e+01, 
 1DIAGNOSTIC,    45, -3.227229744636e-01, 4.122525153347e-06, 6.9693e+02, 1.3604e+01, 
 1DIAGNOSTIC,    46, -3.226798838621e-01, -1.902536180300e-07, 7.1048e+02, 1.3550e+01, 
  Elapsed time (stage 2): 731.5


Total elapsed time: 900.3

--- Writing output images ---

Using double precision for computations.
Input scalar image: data/Segmentations/1110_3_seg.nii.gz
Reference image: data/template/T_template0_BrainCerebellum.nii.gz
=============================================================================
The composite transform comprises the following transforms (in order): 
  1. /tmp/1971387.1.basic.q/1110_ToTemplate_005_0GenericAffine.mat (type = AffineTransform)
  2. /tmp/1971387.1.basic.q/1110_ToTemplate_005_1Warp.nii.gz (type = DisplacementFieldTransform)
=============================================================================
Default pixel value: 0
Interpolation type: LabelImageGenericInterpolateImageFunction
Output warped image: output/1110/1110_WarpedLabels_005.nii.gz

--- Done ---

