
--- Running on compute-1-10.local ---


--- registration call ---
/data/jet/pcook/bin/antsBuild/bin/antsRegistrationSyNQuick.sh -d 3 -f data/template/T_template0_BrainCerebellum.nii.gz -m data/Brains/1110_3.nii.gz -t s -p d -n 2 -o /tmp/1971391.1.basic.q/1110_ToTemplate_009_
---


--------------------------------------------------------------------------------------
 Mapping parameters
--------------------------------------------------------------------------------------
 ANTSPATH is /data/jet/pcook/bin/antsBuild/bin/

 Dimensionality:           3
 Output name prefix:       /tmp/1971391.1.basic.q/1110_ToTemplate_009_
 Fixed images:             data/template/T_template0_BrainCerebellum.nii.gz
 Moving images:            data/Brains/1110_3.nii.gz
 Mask images:              
 Initial transforms:       
 Number of threads:        2
 Spline distance:          26
 Transform type:           s
 MI histogram bins:        32
 Precision:                d
 Use histogram matching    0
======================================================================================
 antsRegistration call:
--------------------------------------------------------------------------------------
/data/jet/pcook/bin/antsBuild/bin//antsRegistration --verbose 1 --dimensionality 3 --float 0 --collapse-output-transforms 1 --output [/tmp/1971391.1.basic.q/1110_ToTemplate_009_,/tmp/1971391.1.basic.q/1110_ToTemplate_009_Warped.nii.gz,/tmp/1971391.1.basic.q/1110_ToTemplate_009_InverseWarped.nii.gz] --interpolation Linear --use-histogram-matching 0 --winsorize-image-intensities [0.005,0.995] --initial-moving-transform [data/template/T_template0_BrainCerebellum.nii.gz,data/Brains/1110_3.nii.gz,1] --transform Rigid[0.1] --metric MI[data/template/T_template0_BrainCerebellum.nii.gz,data/Brains/1110_3.nii.gz,1,32,Regular,0.25] --convergence [1000x500x250x0,1e-6,10] --shrink-factors 12x8x4x2 --smoothing-sigmas 4x3x2x1vox --transform Affine[0.1] --metric MI[data/template/T_template0_BrainCerebellum.nii.gz,data/Brains/1110_3.nii.gz,1,32,Regular,0.25] --convergence [1000x500x250x0,1e-6,10] --shrink-factors 12x8x4x2 --smoothing-sigmas 4x3x2x1vox --transform SyN[0.1,3,0] --metric MI[data/template/T_template0_BrainCerebellum.nii.gz,data/Brains/1110_3.nii.gz,1,32] --convergence [100x100x70x50x0,1e-6,10] --shrink-factors 10x6x4x2x1 --smoothing-sigmas 5x3x2x1x0vox
--------------------------------------------------------------------------------------
All_Command_lines_OK
Using double precision for computations.
=============================================================================
The composite transform comprises the following transforms (in order): 
  1. Center of mass alignment using fixed image: data/template/T_template0_BrainCerebellum.nii.gz and moving image: data/Brains/1110_3.nii.gz (type = Euler3DTransform)
=============================================================================
  number of levels = 4
  number of levels = 4
  number of levels = 5
  fixed image: data/template/T_template0_BrainCerebellum.nii.gz
  moving image: data/Brains/1110_3.nii.gz
  fixed image: data/template/T_template0_BrainCerebellum.nii.gz
  moving image: data/Brains/1110_3.nii.gz
  fixed image: data/template/T_template0_BrainCerebellum.nii.gz
  moving image: data/Brains/1110_3.nii.gz
Dimension = 3
Number of stages = 3
Use Histogram Matching false
Winsorize image intensities true
Lower quantile = 0.005
Upper quantile = 0.995
Stage 1 State
   Image metric = Mattes
     Fixed image = Image (0x4635f40)
  RTTI typeinfo:   itk::Image<double, 3u>
  Reference Count: 2
  Modified Time: 1611
  Debug: Off
  Object Name: 
  Observers: 
    none
  Source: (none)
  Source output name: (none)
  Release Data: Off
  Data Released: False
  Global Release Data: Off
  PipelineMTime: 0
  UpdateMTime: 1422
  RealTimeStamp: 0 seconds 
  LargestPossibleRegion: 
    Dimension: 3
    Index: [0, 0, 0]
    Size: [216, 256, 291]
  BufferedRegion: 
    Dimension: 3
    Index: [0, 0, 0]
    Size: [216, 256, 291]
  RequestedRegion: 
    Dimension: 3
    Index: [0, 0, 0]
    Size: [216, 256, 291]
  Spacing: [1, 1, 1]
  Origin: [0, 293, 0]
  Direction: 
1 0 0
0 -0 -1
0 -1 -0

  IndexToPointMatrix: 
1 0 0
0 0 -1
0 -1 0

  PointToIndexMatrix: 
1 0 0
0 0 -1
0 -1 0

  Inverse Direction: 
1 0 0
0 0 -1
0 -1 0

  PixelContainer: 
    ImportImageContainer (0x4639a40)
      RTTI typeinfo:   itk::ImportImageContainer<unsigned long, double>
      Reference Count: 1
      Modified Time: 1419
      Debug: Off
      Object Name: 
      Observers: 
        none
      Pointer: 0x7f5d01a21010
      Container manages memory: true
      Size: 16091136
      Capacity: 16091136

     Moving image = Image (0x4637fa0)
  RTTI typeinfo:   itk::Image<double, 3u>
  Reference Count: 2
  Modified Time: 1612
  Debug: Off
  Object Name: 
  Observers: 
    none
  Source: (none)
  Source output name: (none)
  Release Data: Off
  Data Released: False
  Global Release Data: Off
  PipelineMTime: 0
  UpdateMTime: 1609
  RealTimeStamp: 0 seconds 
  LargestPossibleRegion: 
    Dimension: 3
    Index: [0, 0, 0]
    Size: [256, 256, 321]
  BufferedRegion: 
    Dimension: 3
    Index: [0, 0, 0]
    Size: [256, 256, 321]
  RequestedRegion: 
    Dimension: 3
    Index: [0, 0, 0]
    Size: [256, 256, 321]
  Spacing: [1, 1, 1]
  Origin: [0, 320, 0]
  Direction: 
1 0 0
0 -0 -1
0 -1 -0

  IndexToPointMatrix: 
1 0 0
0 0 -1
0 -1 0

  PointToIndexMatrix: 
1 0 0
0 0 -1
0 -1 0

  Inverse Direction: 
1 0 0
0 0 -1
0 -1 0

  PixelContainer: 
    ImportImageContainer (0x4628f60)
      RTTI typeinfo:   itk::ImportImageContainer<unsigned long, double>
      Reference Count: 1
      Modified Time: 1606
      Debug: Off
      Object Name: 
      Observers: 
        none
      Pointer: 0x7f5cf79a0010
      Container manages memory: true
      Size: 21037056
      Capacity: 21037056

     Weighting = 1
     Sampling strategy = regular
     Number of bins = 32
     Radius = 4
     Sampling percentage  = 0.25
   Transform = Rigid
     Gradient step = 0.1
     Update field sigma (voxel space) = 0
     Total field sigma (voxel space) = 0
     Update field time sigma = 0
     Total field time sigma  = 0
     Number of time indices = 0
     Number of time point samples = 0
Stage 2 State
   Image metric = Mattes
     Fixed image = Image (0x463c950)
  RTTI typeinfo:   itk::Image<double, 3u>
  Reference Count: 2
  Modified Time: 1987
  Debug: Off
  Object Name: 
  Observers: 
    none
  Source: (none)
  Source output name: (none)
  Release Data: Off
  Data Released: False
  Global Release Data: Off
  PipelineMTime: 0
  UpdateMTime: 1798
  RealTimeStamp: 0 seconds 
  LargestPossibleRegion: 
    Dimension: 3
    Index: [0, 0, 0]
    Size: [216, 256, 291]
  BufferedRegion: 
    Dimension: 3
    Index: [0, 0, 0]
    Size: [216, 256, 291]
  RequestedRegion: 
    Dimension: 3
    Index: [0, 0, 0]
    Size: [216, 256, 291]
  Spacing: [1, 1, 1]
  Origin: [0, 293, 0]
  Direction: 
1 0 0
0 -0 -1
0 -1 -0

  IndexToPointMatrix: 
1 0 0
0 0 -1
0 -1 0

  PointToIndexMatrix: 
1 0 0
0 0 -1
0 -1 0

  Inverse Direction: 
1 0 0
0 0 -1
0 -1 0

  PixelContainer: 
    ImportImageContainer (0x4638bc0)
      RTTI typeinfo:   itk::ImportImageContainer<unsigned long, double>
      Reference Count: 1
      Modified Time: 1795
      Debug: Off
      Object Name: 
      Observers: 
        none
      Pointer: 0x7f5cefedb010
      Container manages memory: true
      Size: 16091136
      Capacity: 16091136

     Moving image = Image (0x46492d0)
  RTTI typeinfo:   itk::Image<double, 3u>
  Reference Count: 2
  Modified Time: 1988
  Debug: Off
  Object Name: 
  Observers: 
    none
  Source: (none)
  Source output name: (none)
  Release Data: Off
  Data Released: False
  Global Release Data: Off
  PipelineMTime: 0
  UpdateMTime: 1985
  RealTimeStamp: 0 seconds 
  LargestPossibleRegion: 
    Dimension: 3
    Index: [0, 0, 0]
    Size: [256, 256, 321]
  BufferedRegion: 
    Dimension: 3
    Index: [0, 0, 0]
    Size: [256, 256, 321]
  RequestedRegion: 
    Dimension: 3
    Index: [0, 0, 0]
    Size: [256, 256, 321]
  Spacing: [1, 1, 1]
  Origin: [0, 320, 0]
  Direction: 
1 0 0
0 -0 -1
0 -1 -0

  IndexToPointMatrix: 
1 0 0
0 0 -1
0 -1 0

  PointToIndexMatrix: 
1 0 0
0 0 -1
0 -1 0

  Inverse Direction: 
1 0 0
0 0 -1
0 -1 0

  PixelContainer: 
    ImportImageContainer (0x4648c50)
      RTTI typeinfo:   itk::ImportImageContainer<unsigned long, double>
      Reference Count: 1
      Modified Time: 1982
      Debug: Off
      Object Name: 
      Observers: 
        none
      Pointer: 0x7f5ce5e5a010
      Container manages memory: true
      Size: 21037056
      Capacity: 21037056

     Weighting = 1
     Sampling strategy = regular
     Number of bins = 32
     Radius = 4
     Sampling percentage  = 0.25
   Transform = Affine
     Gradient step = 0.1
     Update field sigma (voxel space) = 0
     Total field sigma (voxel space) = 0
     Update field time sigma = 0
     Total field time sigma  = 0
     Number of time indices = 0
     Number of time point samples = 0
Stage 3 State
   Image metric = Mattes
     Fixed image = Image (0x464f170)
  RTTI typeinfo:   itk::Image<double, 3u>
  Reference Count: 2
  Modified Time: 2363
  Debug: Off
  Object Name: 
  Observers: 
    none
  Source: (none)
  Source output name: (none)
  Release Data: Off
  Data Released: False
  Global Release Data: Off
  PipelineMTime: 0
  UpdateMTime: 2174
  RealTimeStamp: 0 seconds 
  LargestPossibleRegion: 
    Dimension: 3
    Index: [0, 0, 0]
    Size: [216, 256, 291]
  BufferedRegion: 
    Dimension: 3
    Index: [0, 0, 0]
    Size: [216, 256, 291]
  RequestedRegion: 
    Dimension: 3
    Index: [0, 0, 0]
    Size: [216, 256, 291]
  Spacing: [1, 1, 1]
  Origin: [0, 293, 0]
  Direction: 
1 0 0
0 -0 -1
0 -1 -0

  IndexToPointMatrix: 
1 0 0
0 0 -1
0 -1 0

  PointToIndexMatrix: 
1 0 0
0 0 -1
0 -1 0

  Inverse Direction: 
1 0 0
0 0 -1
0 -1 0

  PixelContainer: 
    ImportImageContainer (0x464a2d0)
      RTTI typeinfo:   itk::ImportImageContainer<unsigned long, double>
      Reference Count: 1
      Modified Time: 2171
      Debug: Off
      Object Name: 
      Observers: 
        none
      Pointer: 0x7f5cde395010
      Container manages memory: true
      Size: 16091136
      Capacity: 16091136

     Moving image = Image (0x464ebe0)
  RTTI typeinfo:   itk::Image<double, 3u>
  Reference Count: 2
  Modified Time: 2364
  Debug: Off
  Object Name: 
  Observers: 
    none
  Source: (none)
  Source output name: (none)
  Release Data: Off
  Data Released: False
  Global Release Data: Off
  PipelineMTime: 0
  UpdateMTime: 2361
  RealTimeStamp: 0 seconds 
  LargestPossibleRegion: 
    Dimension: 3
    Index: [0, 0, 0]
    Size: [256, 256, 321]
  BufferedRegion: 
    Dimension: 3
    Index: [0, 0, 0]
    Size: [256, 256, 321]
  RequestedRegion: 
    Dimension: 3
    Index: [0, 0, 0]
    Size: [256, 256, 321]
  Spacing: [1, 1, 1]
  Origin: [0, 320, 0]
  Direction: 
1 0 0
0 -0 -1
0 -1 -0

  IndexToPointMatrix: 
1 0 0
0 0 -1
0 -1 0

  PointToIndexMatrix: 
1 0 0
0 0 -1
0 -1 0

  Inverse Direction: 
1 0 0
0 0 -1
0 -1 0

  PixelContainer: 
    ImportImageContainer (0x4650ef0)
      RTTI typeinfo:   itk::ImportImageContainer<unsigned long, double>
      Reference Count: 1
      Modified Time: 2358
      Debug: Off
      Object Name: 
      Observers: 
        none
      Pointer: 0x7f5cd4314010
      Container manages memory: true
      Size: 21037056
      Capacity: 21037056

     Weighting = 1
     Sampling strategy = none
     Number of bins = 32
     Radius = 4
     Sampling percentage  = 1
   Transform = SyN
     Gradient step = 0.1
     Update field sigma (voxel space) = 3
     Total field sigma (voxel space) = 0
     Update field time sigma = 0
     Total field time sigma  = 0
     Number of time indices = 0
     Number of time point samples = 0
Registration using 3 total stages.

Stage 0
  iterations = 1000x500x250x0
  convergence threshold = 1e-06
  convergence window size = 10
  number of levels = 4
  using the Mattes MI metric (number of bins = 32, weight = 1)
  preprocessing:  winsorizing the image intensities
  Shrink factors (level 1 out of 4): [12, 12, 12]
  Shrink factors (level 2 out of 4): [8, 8, 8]
  Shrink factors (level 3 out of 4): [4, 4, 4]
  Shrink factors (level 4 out of 4): [2, 2, 2]
  smoothing sigmas per level: [4, 3, 2, 1]
  regular sampling (percentage = 0.25)

*** Running Euler3DTransform registration ***

DIAGNOSTIC,Iteration,metricValue,convergenceValue,ITERATION_TIME_INDEX,SINCE_LAST
 2DIAGNOSTIC,     1, -4.680454359350e-01, 1.797693134862e+308, 2.2830e+01, 2.2830e+01, 
 2DIAGNOSTIC,     2, -4.693690117121e-01, 1.797693134862e+308, 2.2842e+01, 1.1898e-02, 
 2DIAGNOSTIC,     3, -4.709721879780e-01, 1.797693134862e+308, 2.2853e+01, 1.1123e-02, 
 2DIAGNOSTIC,     4, -4.720866950507e-01, 1.797693134862e+308, 2.2864e+01, 1.1080e-02, 
 2DIAGNOSTIC,     5, -4.725948350199e-01, 1.797693134862e+308, 2.2875e+01, 1.1024e-02, 
 2DIAGNOSTIC,     6, -4.731252617550e-01, 1.797693134862e+308, 2.2886e+01, 1.0919e-02, 
 2DIAGNOSTIC,     7, -4.737843361452e-01, 1.797693134862e+308, 2.2897e+01, 1.1052e-02, 
 2DIAGNOSTIC,     8, -4.758473432463e-01, 1.797693134862e+308, 2.2912e+01, 1.4335e-02, 
 2DIAGNOSTIC,     9, -4.760278715493e-01, 1.797693134862e+308, 2.2926e+01, 1.4128e-02, 
 2DIAGNOSTIC,    10, -4.761131005021e-01, 1.096518670386e-03, 2.2938e+01, 1.1875e-02, 
 2DIAGNOSTIC,    11, -4.765577083441e-01, 8.806785634621e-04, 2.2951e+01, 1.3470e-02, 
 2DIAGNOSTIC,    12, -4.778082457913e-01, 7.483067287863e-04, 2.2966e+01, 1.4986e-02, 
 2DIAGNOSTIC,    13, -4.778858034138e-01, 6.428454049610e-04, 2.2979e+01, 1.3096e-02, 
 2DIAGNOSTIC,    14, -4.779398245331e-01, 5.449592010185e-04, 2.2994e+01, 1.4569e-02, 
 2DIAGNOSTIC,    15, -4.779464805722e-01, 4.329574519620e-04, 2.3007e+01, 1.2996e-02, 
 2DIAGNOSTIC,    16, -4.779467136140e-01, 3.153546248513e-04, 2.3020e+01, 1.2968e-02, 
 2DIAGNOSTIC,    17, -4.779469810014e-01, 2.033218767154e-04, 2.3031e+01, 1.1307e-02, 
 2DIAGNOSTIC,    18, -4.779478760168e-01, 1.537188042825e-04, 2.3042e+01, 1.1331e-02, 
 2DIAGNOSTIC,    19, -4.779503181521e-01, 1.017473990313e-04, 2.3054e+01, 1.1318e-02, 
 2DIAGNOSTIC,    20, -4.779544462722e-01, 4.847454413139e-05, 2.3065e+01, 1.1358e-02, 
 2DIAGNOSTIC,    21, -4.779620396356e-01, 7.837353032294e-06, 2.3078e+01, 1.2854e-02, 
 2DIAGNOSTIC,    22, -4.779671230736e-01, 4.391284450948e-06, 2.3095e+01, 1.7508e-02, 
 2DIAGNOSTIC,    23, -4.779704180273e-01, 3.033651001662e-06, 2.3107e+01, 1.1392e-02, 
 2DIAGNOSTIC,    24, -4.779717448492e-01, 3.009533822970e-06, 2.3118e+01, 1.1319e-02, 
 2DIAGNOSTIC,    25, -4.779739477439e-01, 3.041199200957e-06, 2.3129e+01, 1.1395e-02, 
 2DIAGNOSTIC,    26, -4.779784240558e-01, 3.010190785788e-06, 2.3150e+01, 2.0585e-02, 
 2DIAGNOSTIC,    27, -4.779784942938e-01, 2.818190321975e-06, 2.3163e+01, 1.2905e-02, 
 2DIAGNOSTIC,    28, -4.779785369905e-01, 2.508130487459e-06, 2.3174e+01, 1.1311e-02, 
 2DIAGNOSTIC,    29, -4.779786246592e-01, 2.144241583825e-06, 2.3186e+01, 1.1369e-02, 
 2DIAGNOSTIC,    30, -4.779790455088e-01, 1.793354330232e-06, 2.3197e+01, 1.1264e-02, 
 2DIAGNOSTIC,    31, -4.779800428110e-01, 1.558121034660e-06, 2.3208e+01, 1.1236e-02, 
 2DIAGNOSTIC,    32, -4.779895126863e-01, 1.557415575469e-06, 2.3219e+01, 1.1316e-02, 
 2DIAGNOSTIC,    33, -4.779924772355e-01, 1.613360579342e-06, 2.3238e+01, 1.9065e-02, 
 2DIAGNOSTIC,    34, -4.779925927607e-01, 1.630578312959e-06, 2.3251e+01, 1.2893e-02, 
 2DIAGNOSTIC,    35, -4.779926211114e-01, 1.619932530974e-06, 2.3264e+01, 1.2891e-02, 
 2DIAGNOSTIC,    36, -4.779926538490e-01, 1.617166425407e-06, 2.3276e+01, 1.1357e-02, 
 2DIAGNOSTIC,    37, -4.779927364259e-01, 1.544785315166e-06, 2.3287e+01, 1.1349e-02, 
 2DIAGNOSTIC,    38, -4.779930585689e-01, 1.415883512226e-06, 2.3298e+01, 1.1429e-02, 
 2DIAGNOSTIC,    39, -4.779939707752e-01, 1.256022058024e-06, 2.3310e+01, 1.1385e-02, 
 2DIAGNOSTIC,    40, -4.779952552723e-01, 1.089498232208e-06, 2.3321e+01, 1.1356e-02, 
 2DIAGNOSTIC,    41, -4.780031626335e-01, 1.029033543858e-06, 2.3342e+01, 2.0637e-02, 
 2DIAGNOSTIC,    42, -4.780031829369e-01, 1.078205411568e-06, 2.3356e+01, 1.4447e-02, 
 2DIAGNOSTIC,    43, -4.780031844593e-01, 1.137194993023e-06, 2.3371e+01, 1.4417e-02, 
 2DIAGNOSTIC,    44, -4.780031847686e-01, 1.158736032736e-06, 2.3383e+01, 1.2887e-02, 
 2DIAGNOSTIC,    45, -4.780031848768e-01, 1.137545417539e-06, 2.3396e+01, 1.2825e-02, 
 2DIAGNOSTIC,    46, -4.780031849189e-01, 1.075089780846e-06, 2.3409e+01, 1.2948e-02, 
DIAGNOSTIC,Iteration,metricValue,convergenceValue,ITERATION_TIME_INDEX,SINCE_LAST
 2DIAGNOSTIC,     1, -4.112752922664e-01, 1.797693134862e+308, 3.9760e+01, 1.6350e+01, 
 2DIAGNOSTIC,     2, -4.119271570013e-01, 1.797693134862e+308, 3.9820e+01, 6.0486e-02, 
 2DIAGNOSTIC,     3, -4.127184881936e-01, 1.797693134862e+308, 3.9881e+01, 6.0600e-02, 
 2DIAGNOSTIC,     4, -4.135314413712e-01, 1.797693134862e+308, 3.9941e+01, 6.0627e-02, 
 2DIAGNOSTIC,     5, -4.139021446787e-01, 1.797693134862e+308, 4.0002e+01, 6.0552e-02, 
 2DIAGNOSTIC,     6, -4.141356620319e-01, 1.797693134862e+308, 4.0063e+01, 6.0636e-02, 
 2DIAGNOSTIC,     7, -4.145318465237e-01, 1.797693134862e+308, 4.0145e+01, 8.2898e-02, 
 2DIAGNOSTIC,     8, -4.146169998532e-01, 1.797693134862e+308, 4.0217e+01, 7.1645e-02, 
 2DIAGNOSTIC,     9, -4.145782523524e-01, 1.797693134862e+308, 4.0300e+01, 8.2671e-02, 
 2DIAGNOSTIC,    10, -4.147827404247e-01, 5.296896683209e-04, 4.0361e+01, 6.1262e-02, 
 2DIAGNOSTIC,    11, -4.147868178989e-01, 3.649421250280e-04, 4.0422e+01, 6.1202e-02, 
 2DIAGNOSTIC,    12, -4.148766538425e-01, 2.369658044083e-04, 4.0484e+01, 6.1420e-02, 
 2DIAGNOSTIC,    13, -4.150594560097e-01, 1.581250842560e-04, 4.0578e+01, 9.4247e-02, 
 2DIAGNOSTIC,    14, -4.150769277675e-01, 1.168736133128e-04, 4.0639e+01, 6.1380e-02, 
 2DIAGNOSTIC,    15, -4.151080807049e-01, 8.903298698516e-05, 4.0701e+01, 6.1400e-02, 
 2DIAGNOSTIC,    16, -4.151390563613e-01, 6.763466477282e-05, 4.0773e+01, 7.2327e-02, 
 2DIAGNOSTIC,    17, -4.151201056325e-01, 5.786272139226e-05, 4.0834e+01, 6.1290e-02, 
 2DIAGNOSTIC,    18, -4.151891474936e-01, 4.994442564753e-05, 4.0951e+01, 1.1715e-01, 
 2DIAGNOSTIC,    19, -4.151828932160e-01, 3.651502589819e-05, 4.1012e+01, 6.0906e-02, 
 2DIAGNOSTIC,    20, -4.151610145698e-01, 2.759269003089e-05, 4.1073e+01, 6.0715e-02, 
 2DIAGNOSTIC,    21, -4.151745099612e-01, 1.770716545636e-05, 4.1134e+01, 6.0733e-02, 
 2DIAGNOSTIC,    22, -4.152300144601e-01, 1.157490980690e-05, 4.1195e+01, 6.0870e-02, 
 2DIAGNOSTIC,    23, -4.152510179011e-01, 1.103236611202e-05, 4.1256e+01, 6.0860e-02, 
 2DIAGNOSTIC,    24, -4.153278238436e-01, 1.230678799337e-05, 4.1316e+01, 6.0555e-02, 
 2DIAGNOSTIC,    25, -4.154390577994e-01, 1.633405092186e-05, 4.1388e+01, 7.1986e-02, 
 2DIAGNOSTIC,    26, -4.155391871507e-01, 2.206509472202e-05, 4.1482e+01, 9.3933e-02, 
 2DIAGNOSTIC,    27, -4.155919985722e-01, 2.617223966985e-05, 4.1554e+01, 7.2344e-02, 
 2DIAGNOSTIC,    28, -4.155683961210e-01, 2.876013115858e-05, 4.1627e+01, 7.2347e-02, 
 2DIAGNOSTIC,    29, -4.156290182644e-01, 2.991268877688e-05, 4.1710e+01, 8.3380e-02, 
 2DIAGNOSTIC,    30, -4.156317738931e-01, 2.775691325672e-05, 4.1793e+01, 8.2693e-02, 
 2DIAGNOSTIC,    31, -4.156320287349e-01, 2.347081195418e-05, 4.1865e+01, 7.2100e-02, 
 2DIAGNOSTIC,    32, -4.156320096553e-01, 1.855709999284e-05, 4.1925e+01, 6.0339e-02, 
 2DIAGNOSTIC,    33, -4.156327214330e-01, 1.274353437920e-05, 4.1997e+01, 7.2168e-02, 
 2DIAGNOSTIC,    34, -4.156335717555e-01, 7.677483617116e-06, 4.2058e+01, 6.0466e-02, 
 2DIAGNOSTIC,    35, -4.155935644148e-01, 3.598368316243e-06, 4.2119e+01, 6.1062e-02, 
 2DIAGNOSTIC,    36, -4.156348748186e-01, 2.188739022784e-06, 4.2180e+01, 6.1247e-02, 
 2DIAGNOSTIC,    37, -4.156366806246e-01, 1.738921035215e-06, 4.2241e+01, 6.1186e-02, 
DIAGNOSTIC,Iteration,metricValue,convergenceValue,ITERATION_TIME_INDEX,SINCE_LAST
 2DIAGNOSTIC,     1, -3.502267868784e-01, 1.797693134862e+308, 5.1772e+01, 9.5310e+00, 
 2DIAGNOSTIC,     2, -3.505539570090e-01, 1.797693134862e+308, 5.2268e+01, 4.9597e-01, 
 2DIAGNOSTIC,     3, -3.507168296588e-01, 1.797693134862e+308, 5.2953e+01, 6.8483e-01, 
 2DIAGNOSTIC,     4, -3.507379446508e-01, 1.797693134862e+308, 5.3447e+01, 4.9338e-01, 
 2DIAGNOSTIC,     5, -3.507550251203e-01, 1.797693134862e+308, 5.3941e+01, 4.9450e-01, 
 2DIAGNOSTIC,     6, -3.507892417240e-01, 1.797693134862e+308, 5.4435e+01, 4.9350e-01, 
 2DIAGNOSTIC,     7, -3.508535554457e-01, 1.797693134862e+308, 5.5024e+01, 5.8945e-01, 
 2DIAGNOSTIC,     8, -3.509578974916e-01, 1.797693134862e+308, 5.5897e+01, 8.7267e-01, 
 2DIAGNOSTIC,     9, -3.509606339742e-01, 1.797693134862e+308, 5.6486e+01, 5.8958e-01, 
 2DIAGNOSTIC,    10, -3.509700101109e-01, 1.107372489773e-04, 5.6975e+01, 4.8838e-01, 
 2DIAGNOSTIC,    11, -3.510190811403e-01, 7.271866910527e-05, 5.7467e+01, 4.9200e-01, 
 2DIAGNOSTIC,    12, -3.511143144666e-01, 6.282522706741e-05, 5.7960e+01, 4.9301e-01, 
 2DIAGNOSTIC,    13, -3.513248441984e-01, 7.204875376074e-05, 5.8737e+01, 7.7719e-01, 
 2DIAGNOSTIC,    14, -3.514107177892e-01, 7.961348664787e-05, 5.9994e+01, 1.2575e+00, 
 2DIAGNOSTIC,    15, -3.514107355571e-01, 8.018130868345e-05, 6.0584e+01, 5.8949e-01, 
 2DIAGNOSTIC,    16, -3.514116530645e-01, 7.543564454263e-05, 6.1172e+01, 5.8795e-01, 
 2DIAGNOSTIC,    17, -3.514086870030e-01, 6.721894988038e-05, 6.1666e+01, 4.9454e-01, 
 2DIAGNOSTIC,    18, -3.514061445092e-01, 5.831090053358e-05, 6.2158e+01, 4.9131e-01, 
 2DIAGNOSTIC,    19, -3.514081449187e-01, 4.529088472818e-05, 6.2649e+01, 4.9183e-01, 
 2DIAGNOSTIC,    20, -3.514103406151e-01, 3.009977517169e-05, 6.3144e+01, 4.9410e-01, 
 2DIAGNOSTIC,    21, -3.514118693658e-01, 1.569531576007e-05, 6.3636e+01, 4.9268e-01, 
 2DIAGNOSTIC,    22, -3.514127417969e-01, 4.632773411624e-06, 6.4222e+01, 5.8540e-01, 
 2DIAGNOSTIC,    23, -3.514136462566e-01, 1.593193402316e-06, 6.4712e+01, 4.9065e-01, 
 2DIAGNOSTIC,    24, -3.514110454449e-01, 1.594151560105e-06, 6.5298e+01, 5.8556e-01, 
 2DIAGNOSTIC,    25, -3.514124133719e-01, 1.613011074396e-06, 6.5886e+01, 5.8814e-01, 
 2DIAGNOSTIC,    26, -3.514095731119e-01, 1.538444321832e-06, 6.6381e+01, 4.9460e-01, 
 2DIAGNOSTIC,    27, -3.513989335808e-01, 1.036905402985e-06, 6.6875e+01, 4.9465e-01, 
DIAGNOSTIC,Iteration,metricValue,convergenceValue,ITERATION_TIME_INDEX,SINCE_LAST
 2DIAGNOSTIC,     1, -3.012811047190e-01, 1.797693134862e+308, 7.6222e+01, 9.3468e+00, 
  Elapsed time (stage 0): 7.8187e+01


Stage 1
  iterations = 1000x500x250x0
  convergence threshold = 1.0000e-06
  convergence window size = 10
  number of levels = 4
  using the Mattes MI metric (number of bins = 32, weight = 1.0000e+00)
  preprocessing:  winsorizing the image intensities
  Shrink factors (level 1 out of 4): [12, 12, 12]
  Shrink factors (level 2 out of 4): [8, 8, 8]
  Shrink factors (level 3 out of 4): [4, 4, 4]
  Shrink factors (level 4 out of 4): [2, 2, 2]
  smoothing sigmas per level: [4, 3, 2, 1]
  regular sampling (percentage = 2.5000e-01)

*** Running AffineTransform registration ***

DIAGNOSTIC,Iteration,metricValue,convergenceValue,ITERATION_TIME_INDEX,SINCE_LAST
 2DIAGNOSTIC,     1, -4.701745483367e-01, 1.797693134862e+308, 2.2599e+01, 2.2599e+01, 
 2DIAGNOSTIC,     2, -4.714787557984e-01, 1.797693134862e+308, 2.2614e+01, 1.5277e-02, 
 2DIAGNOSTIC,     3, -4.733572437431e-01, 1.797693134862e+308, 2.2629e+01, 1.4727e-02, 
 2DIAGNOSTIC,     4, -4.761467464347e-01, 1.797693134862e+308, 2.2644e+01, 1.4875e-02, 
 2DIAGNOSTIC,     5, -4.804597287878e-01, 1.797693134862e+308, 2.2658e+01, 1.4618e-02, 
 2DIAGNOSTIC,     6, -4.863104857523e-01, 1.797693134862e+308, 2.2674e+01, 1.5160e-02, 
 2DIAGNOSTIC,     7, -4.994462960236e-01, 1.797693134862e+308, 2.2692e+01, 1.8328e-02, 
 2DIAGNOSTIC,     8, -5.003287286045e-01, 1.797693134862e+308, 2.2707e+01, 1.4970e-02, 
 2DIAGNOSTIC,     9, -5.015494802608e-01, 1.797693134862e+308, 2.2723e+01, 1.6469e-02, 
 2DIAGNOSTIC,    10, -5.027107739973e-01, 5.240049614695e-03, 2.2745e+01, 2.1421e-02, 
 2DIAGNOSTIC,    11, -5.030226697510e-01, 4.583633826550e-03, 2.2760e+01, 1.5550e-02, 
 2DIAGNOSTIC,    12, -5.041974757867e-01, 3.741105843929e-03, 2.2778e+01, 1.7545e-02, 
 2DIAGNOSTIC,    13, -5.046933159548e-01, 2.800249583761e-03, 2.2793e+01, 1.5437e-02, 
 2DIAGNOSTIC,    14, -5.049046278105e-01, 1.873503482544e-03, 2.2809e+01, 1.5613e-02, 
 2DIAGNOSTIC,    15, -5.050189407697e-01, 1.073335660655e-03, 2.2827e+01, 1.8504e-02, 
 2DIAGNOSTIC,    16, -5.050411789522e-01, 4.764197821407e-04, 2.2843e+01, 1.5556e-02, 
 2DIAGNOSTIC,    17, -5.050728196459e-01, 3.532133947479e-04, 2.2860e+01, 1.6816e-02, 
 2DIAGNOSTIC,    18, -5.051047525307e-01, 2.398789414049e-04, 2.2880e+01, 2.0441e-02, 
 2DIAGNOSTIC,    19, -5.051228400351e-01, 1.536264148233e-04, 2.2895e+01, 1.5145e-02, 
 2DIAGNOSTIC,    20, -5.051305116459e-01, 9.590445327889e-05, 2.2911e+01, 1.5437e-02, 
 2DIAGNOSTIC,    21, -5.051423235761e-01, 4.316749350868e-05, 2.2926e+01, 1.5149e-02, 
 2DIAGNOSTIC,    22, -5.051931511891e-01, 2.305363536829e-05, 2.2948e+01, 2.2126e-02, 
 2DIAGNOSTIC,    23, -5.052199482215e-01, 1.554727502520e-05, 2.2963e+01, 1.5151e-02, 
 2DIAGNOSTIC,    24, -5.052336043607e-01, 1.264215983561e-05, 2.2979e+01, 1.5435e-02, 
 2DIAGNOSTIC,    25, -5.052468287292e-01, 1.184592726631e-05, 2.2997e+01, 1.8404e-02, 
 2DIAGNOSTIC,    26, -5.052536106002e-01, 1.074791707865e-05, 2.3012e+01, 1.5374e-02, 
 2DIAGNOSTIC,    27, -5.052659414786e-01, 9.737644618778e-06, 2.3028e+01, 1.5163e-02, 
 2DIAGNOSTIC,    28, -5.053490087950e-01, 1.031784707393e-05, 2.3043e+01, 1.5511e-02, 
 2DIAGNOSTIC,    29, -5.054561274761e-01, 1.241928508661e-05, 2.3065e+01, 2.1907e-02, 
 2DIAGNOSTIC,    30, -5.054656286527e-01, 1.360871197424e-05, 2.3080e+01, 1.5480e-02, 
 2DIAGNOSTIC,    31, -5.054770781316e-01, 1.398479627301e-05, 2.3096e+01, 1.5113e-02, 
 2DIAGNOSTIC,    32, -5.054905864845e-01, 1.426626050598e-05, 2.3114e+01, 1.8837e-02, 
 2DIAGNOSTIC,    33, -5.054971238033e-01, 1.381253394477e-05, 2.3130e+01, 1.5275e-02, 
 2DIAGNOSTIC,    34, -5.055091171104e-01, 1.256180554124e-05, 2.3145e+01, 1.5385e-02, 
 2DIAGNOSTIC,    35, -5.055371183810e-01, 1.096068410614e-05, 2.3165e+01, 2.0173e-02, 
 2DIAGNOSTIC,    36, -5.055530832358e-01, 8.878893621687e-06, 2.3181e+01, 1.5488e-02, 
 2DIAGNOSTIC,    37, -5.055578371709e-01, 6.395850529379e-06, 2.3196e+01, 1.5125e-02, 
 2DIAGNOSTIC,    38, -5.055687081280e-01, 4.886539538441e-06, 2.3211e+01, 1.5358e-02, 
 2DIAGNOSTIC,    39, -5.055854170619e-01, 4.870639686842e-06, 2.3226e+01, 1.5167e-02, 
 2DIAGNOSTIC,    40, -5.056071601676e-01, 4.900470839706e-06, 2.3244e+01, 1.7143e-02, 
 2DIAGNOSTIC,    41, -5.056157999959e-01, 4.805779184484e-06, 2.3265e+01, 2.1664e-02, 
 2DIAGNOSTIC,    42, -5.056241441517e-01, 4.634039153861e-06, 2.3281e+01, 1.5441e-02, 
 2DIAGNOSTIC,    43, -5.056298112086e-01, 4.264620449231e-06, 2.3296e+01, 1.5176e-02, 
 2DIAGNOSTIC,    44, -5.056445741035e-01, 3.909905414389e-06, 2.3313e+01, 1.7154e-02, 
 2DIAGNOSTIC,    45, -5.056959200542e-01, 4.255840089964e-06, 2.3333e+01, 2.0285e-02, 
 2DIAGNOSTIC,    46, -5.057401003863e-01, 4.974551178715e-06, 2.3378e+01, 4.5181e-02, 
 2DIAGNOSTIC,    47, -5.057401003448e-01, 5.306131979348e-06, 2.3394e+01, 1.5198e-02, 
 2DIAGNOSTIC,    48, -5.057401003542e-01, 5.322567566236e-06, 2.3409e+01, 1.5435e-02, 
 2DIAGNOSTIC,    49, -5.057401003701e-01, 5.084283961738e-06, 2.3424e+01, 1.5079e-02, 
 2DIAGNOSTIC,    50, -5.057401003968e-01, 4.664580520852e-06, 2.3439e+01, 1.5316e-02, 
 2DIAGNOSTIC,    51, -5.057401004417e-01, 3.962089888700e-06, 2.3455e+01, 1.5127e-02, 
 2DIAGNOSTIC,    52, -5.057401005166e-01, 3.065518533792e-06, 2.3470e+01, 1.5491e-02, 
 2DIAGNOSTIC,    53, -5.057401006402e-01, 2.038440568154e-06, 2.3485e+01, 1.5297e-02, 
 2DIAGNOSTIC,    54, -5.057401008407e-01, 1.057088829578e-06, 2.3501e+01, 1.5458e-02, 
DIAGNOSTIC,Iteration,metricValue,convergenceValue,ITERATION_TIME_INDEX,SINCE_LAST
 2DIAGNOSTIC,     1, -4.375135731528e-01, 1.797693134862e+308, 3.9944e+01, 1.6443e+01, 
 2DIAGNOSTIC,     2, -4.379036642118e-01, 1.797693134862e+308, 4.0018e+01, 7.4469e-02, 
 2DIAGNOSTIC,     3, -4.384136543724e-01, 1.797693134862e+308, 4.0092e+01, 7.3260e-02, 
 2DIAGNOSTIC,     4, -4.391094260436e-01, 1.797693134862e+308, 4.0166e+01, 7.4416e-02, 
 2DIAGNOSTIC,     5, -4.403541105346e-01, 1.797693134862e+308, 4.0240e+01, 7.3498e-02, 
 2DIAGNOSTIC,     6, -4.423534192795e-01, 1.797693134862e+308, 4.0326e+01, 8.6272e-02, 
 2DIAGNOSTIC,     7, -4.427637327101e-01, 1.797693134862e+308, 4.0411e+01, 8.5036e-02, 
 2DIAGNOSTIC,     8, -4.432451056677e-01, 1.797693134862e+308, 4.0497e+01, 8.6015e-02, 
 2DIAGNOSTIC,     9, -4.439335740634e-01, 1.797693134862e+308, 4.0593e+01, 9.6485e-02, 
 2DIAGNOSTIC,    10, -4.443847437061e-01, 1.135356366141e-03, 4.0668e+01, 7.4972e-02, 
 2DIAGNOSTIC,    11, -4.446131041450e-01, 9.823689909280e-04, 4.0742e+01, 7.3978e-02, 
 2DIAGNOSTIC,    12, -4.450451633711e-01, 8.117385066268e-04, 4.0875e+01, 1.3311e-01, 
 2DIAGNOSTIC,    13, -4.450926514044e-01, 6.227636629384e-04, 4.0949e+01, 7.3885e-02, 
 2DIAGNOSTIC,    14, -4.452008104762e-01, 4.409878044471e-04, 4.1025e+01, 7.5226e-02, 
 2DIAGNOSTIC,    15, -4.452871655210e-01, 2.983950957986e-04, 4.1099e+01, 7.4031e-02, 
 2DIAGNOSTIC,    16, -4.453512927334e-01, 2.293125803024e-04, 4.1173e+01, 7.4722e-02, 
 2DIAGNOSTIC,    17, -4.454266334095e-01, 1.656180999355e-04, 4.1258e+01, 8.4583e-02, 
 2DIAGNOSTIC,    18, -4.454609520580e-01, 1.118293631817e-04, 4.1355e+01, 9.7293e-02, 
 2DIAGNOSTIC,    19, -4.454847094246e-01, 7.743645242968e-05, 4.1428e+01, 7.3167e-02, 
 2DIAGNOSTIC,    20, -4.455167387851e-01, 5.490462779530e-05, 4.1503e+01, 7.4539e-02, 
 2DIAGNOSTIC,    21, -4.455912946967e-01, 3.845329015315e-05, 4.1611e+01, 1.0801e-01, 
 2DIAGNOSTIC,    22, -4.456118401329e-01, 3.319800474968e-05, 4.1686e+01, 7.4579e-02, 
 2DIAGNOSTIC,    23, -4.456261482307e-01, 2.712280967143e-05, 4.1759e+01, 7.3415e-02, 
 2DIAGNOSTIC,    24, -4.456611304565e-01, 2.296428395627e-05, 4.1833e+01, 7.4545e-02, 
 2DIAGNOSTIC,    25, -4.457881372923e-01, 2.253078527664e-05, 4.1953e+01, 1.1950e-01, 
 2DIAGNOSTIC,    26, -4.458077401835e-01, 2.205230524128e-05, 4.2028e+01, 7.4526e-02, 
 2DIAGNOSTIC,    27, -4.458159501742e-01, 2.164630581350e-05, 4.2101e+01, 7.3285e-02, 
 2DIAGNOSTIC,    28, -4.458244786434e-01, 2.037759844815e-05, 4.2175e+01, 7.4620e-02, 
 2DIAGNOSTIC,    29, -4.458551147382e-01, 1.856706790351e-05, 4.2283e+01, 1.0796e-01, 
 2DIAGNOSTIC,    30, -4.458713395067e-01, 1.615702793410e-05, 4.2358e+01, 7.4824e-02, 
 2DIAGNOSTIC,    31, -4.458826077141e-01, 1.423334822961e-05, 4.2431e+01, 7.3051e-02, 
 2DIAGNOSTIC,    32, -4.458963819115e-01, 1.190997252083e-05, 4.2505e+01, 7.4252e-02, 
 2DIAGNOSTIC,    33, -4.459332997351e-01, 9.697220870644e-06, 4.2602e+01, 9.6269e-02, 
 2DIAGNOSTIC,    34, -4.459428345592e-01, 7.537807492602e-06, 4.2676e+01, 7.3953e-02, 
 2DIAGNOSTIC,    35, -4.459607552696e-01, 7.517687755771e-06, 4.2750e+01, 7.3837e-02, 
 2DIAGNOSTIC,    36, -4.460794287054e-01, 9.332116299349e-06, 4.2858e+01, 1.0894e-01, 
 2DIAGNOSTIC,    37, -4.461611318492e-01, 1.174588780925e-05, 4.2932e+01, 7.3479e-02, 
 2DIAGNOSTIC,    38, -4.462273588218e-01, 1.422299826362e-05, 4.3006e+01, 7.4368e-02, 
 2DIAGNOSTIC,    39, -4.464027735440e-01, 1.868438293168e-05, 4.3104e+01, 9.8086e-02, 
 2DIAGNOSTIC,    40, -4.468722114121e-01, 2.892833553181e-05, 4.3202e+01, 9.7730e-02, 
 2DIAGNOSTIC,    41, -4.470088448383e-01, 3.809827214769e-05, 4.3275e+01, 7.2602e-02, 
 2DIAGNOSTIC,    42, -4.470591748534e-01, 4.427030409306e-05, 4.3361e+01, 8.5958e-02, 
 2DIAGNOSTIC,    43, -4.471852702839e-01, 4.853352063887e-05, 4.3433e+01, 7.2623e-02, 
 2DIAGNOSTIC,    44, -4.473108686798e-01, 4.994546173232e-05, 4.3531e+01, 9.7540e-02, 
 2DIAGNOSTIC,    45, -4.473769131227e-01, 4.761366032167e-05, 4.3615e+01, 8.4011e-02, 
 2DIAGNOSTIC,    46, -4.475811336284e-01, 4.536249061161e-05, 4.3701e+01, 8.5983e-02, 
 2DIAGNOSTIC,    47, -4.476567814649e-01, 4.111165174053e-05, 4.3785e+01, 8.4382e-02, 
 2DIAGNOSTIC,    48, -4.477327860874e-01, 3.507861576604e-05, 4.3872e+01, 8.6402e-02, 
 2DIAGNOSTIC,    49, -4.478106571840e-01, 2.914378681276e-05, 4.3956e+01, 8.4132e-02, 
 2DIAGNOSTIC,    50, -4.478279085549e-01, 2.688500085140e-05, 4.4042e+01, 8.6147e-02, 
 2DIAGNOSTIC,    51, -4.478736305880e-01, 2.447939411450e-05, 4.4126e+01, 8.3777e-02, 
 2DIAGNOSTIC,    52, -4.478948020172e-01, 2.071753536891e-05, 4.4224e+01, 9.7989e-02, 
 2DIAGNOSTIC,    53, -4.479017267180e-01, 1.675810788703e-05, 4.4308e+01, 8.4121e-02, 
 2DIAGNOSTIC,    54, -4.479057057256e-01, 1.293801551977e-05, 4.4383e+01, 7.4955e-02, 
 2DIAGNOSTIC,    55, -4.479088951810e-01, 8.827308281351e-06, 4.4456e+01, 7.3282e-02, 
 2DIAGNOSTIC,    56, -4.479193354729e-01, 6.508622426054e-06, 4.4531e+01, 7.5223e-02, 
 2DIAGNOSTIC,    57, -4.479503869624e-01, 4.876377386349e-06, 4.4639e+01, 1.0796e-01, 
 2DIAGNOSTIC,    58, -4.479535823551e-01, 3.732875357411e-06, 4.4714e+01, 7.5160e-02, 
 2DIAGNOSTIC,    59, -4.479560035548e-01, 3.198662331012e-06, 4.4787e+01, 7.2875e-02, 
 2DIAGNOSTIC,    60, -4.479615148337e-01, 2.662706042520e-06, 4.4919e+01, 1.3212e-01, 
 2DIAGNOSTIC,    61, -4.479620932927e-01, 2.414835454101e-06, 4.5016e+01, 9.6300e-02, 
 2DIAGNOSTIC,    62, -4.479620972107e-01, 2.204866836376e-06, 4.5091e+01, 7.4905e-02, 
 2DIAGNOSTIC,    63, -4.479621137756e-01, 1.909383625022e-06, 4.5164e+01, 7.3134e-02, 
 2DIAGNOSTIC,    64, -4.479621664184e-01, 1.533118764628e-06, 4.5239e+01, 7.5087e-02, 
 2DIAGNOSTIC,    65, -4.479623221188e-01, 1.101973726932e-06, 4.5312e+01, 7.3172e-02, 
DIAGNOSTIC,Iteration,metricValue,convergenceValue,ITERATION_TIME_INDEX,SINCE_LAST
 2DIAGNOSTIC,     1, -3.725376860059e-01, 1.797693134862e+308, 5.5206e+01, 9.8942e+00, 
 2DIAGNOSTIC,     2, -3.728629553306e-01, 1.797693134862e+308, 5.5794e+01, 5.8752e-01, 
 2DIAGNOSTIC,     3, -3.731111337682e-01, 1.797693134862e+308, 5.6399e+01, 6.0527e-01, 
 2DIAGNOSTIC,     4, -3.733463189170e-01, 1.797693134862e+308, 5.6994e+01, 5.9504e-01, 
 2DIAGNOSTIC,     5, -3.736044925427e-01, 1.797693134862e+308, 5.7695e+01, 7.0095e-01, 
 2DIAGNOSTIC,     6, -3.740999189897e-01, 1.797693134862e+308, 5.8577e+01, 8.8180e-01, 
 2DIAGNOSTIC,     7, -3.741770545166e-01, 1.797693134862e+308, 5.9178e+01, 6.0100e-01, 
 2DIAGNOSTIC,     8, -3.742008725666e-01, 1.797693134862e+308, 5.9768e+01, 5.8980e-01, 
 2DIAGNOSTIC,     9, -3.742587701633e-01, 1.797693134862e+308, 6.0467e+01, 6.9939e-01, 
 2DIAGNOSTIC,    10, -3.742877448789e-01, 3.229722909022e-04, 6.1748e+01, 1.2815e+00, 
 2DIAGNOSTIC,    11, -3.742879935236e-01, 2.369063858365e-04, 6.2356e+01, 6.0739e-01, 
 2DIAGNOSTIC,    12, -3.742952465206e-01, 1.651675288779e-04, 6.2948e+01, 5.9193e-01, 
 2DIAGNOSTIC,    13, -3.743049036372e-01, 1.051107743047e-04, 6.3550e+01, 6.0186e-01, 
 2DIAGNOSTIC,    14, -3.743062792800e-01, 5.708376173288e-05, 6.4140e+01, 5.9034e-01, 
 2DIAGNOSTIC,    15, -3.743162580206e-01, 2.337514056652e-05, 6.4744e+01, 6.0451e-01, 
 2DIAGNOSTIC,    16, -3.743194234465e-01, 1.556491064003e-05, 6.5336e+01, 5.9184e-01, 
 2DIAGNOSTIC,    17, -3.743370122980e-01, 1.167703705167e-05, 6.5941e+01, 6.0453e-01, 
 2DIAGNOSTIC,    18, -3.743642421208e-01, 9.395137631540e-06, 6.6532e+01, 5.9150e-01, 
 2DIAGNOSTIC,    19, -3.743916752223e-01, 1.000725362883e-05, 6.7433e+01, 9.0063e-01, 
 2DIAGNOSTIC,    20, -3.744023745822e-01, 1.128696033607e-05, 6.8322e+01, 8.8942e-01, 
 2DIAGNOSTIC,    21, -3.744059348462e-01, 1.168813927659e-05, 6.8927e+01, 6.0420e-01, 
 2DIAGNOSTIC,    22, -3.744269956954e-01, 1.207980504196e-05, 6.9612e+01, 6.8566e-01, 
 2DIAGNOSTIC,    23, -3.744462429349e-01, 1.236834466751e-05, 7.0211e+01, 5.9881e-01, 
 2DIAGNOSTIC,    24, -3.744576647941e-01, 1.198285476585e-05, 7.0801e+01, 5.8972e-01, 
 2DIAGNOSTIC,    25, -3.744711909147e-01, 1.135763531417e-05, 7.1599e+01, 7.9777e-01, 
 2DIAGNOSTIC,    26, -3.744802378140e-01, 1.019355770492e-05, 7.2188e+01, 5.8907e-01, 
 2DIAGNOSTIC,    27, -3.744912443346e-01, 9.057962555639e-06, 7.3087e+01, 8.9917e-01, 
 2DIAGNOSTIC,    28, -3.745148925764e-01, 8.612789579379e-06, 7.3678e+01, 5.9162e-01, 
 2DIAGNOSTIC,    29, -3.745206886695e-01, 8.346200756182e-06, 7.4281e+01, 6.0311e-01, 
 2DIAGNOSTIC,    30, -3.745296486307e-01, 7.921462455526e-06, 7.5070e+01, 7.8875e-01, 
 2DIAGNOSTIC,    31, -3.745356633319e-01, 7.103729349922e-06, 7.5869e+01, 7.9918e-01, 
 2DIAGNOSTIC,    32, -3.745618900324e-01, 6.872549970206e-06, 7.6455e+01, 5.8565e-01, 
 2DIAGNOSTIC,    33, -3.745647007622e-01, 6.582355582915e-06, 7.7152e+01, 6.9716e-01, 
 2DIAGNOSTIC,    34, -3.745737820470e-01, 6.234257665830e-06, 7.7742e+01, 5.9001e-01, 
 2DIAGNOSTIC,    35, -3.745763109428e-01, 5.756827408058e-06, 7.8641e+01, 8.9878e-01, 
 2DIAGNOSTIC,    36, -3.745778260093e-01, 5.065990124554e-06, 7.9230e+01, 5.8884e-01, 
 2DIAGNOSTIC,    37, -3.745804707569e-01, 4.278302580148e-06, 7.9831e+01, 6.0117e-01, 
 2DIAGNOSTIC,    38, -3.745877976501e-01, 3.822510647823e-06, 8.0420e+01, 5.8910e-01, 
 2DIAGNOSTIC,    39, -3.746149782689e-01, 3.746148411702e-06, 8.1417e+01, 9.9705e-01, 
 2DIAGNOSTIC,    40, -3.746157153731e-01, 3.568071847208e-06, 8.2006e+01, 5.8892e-01, 
 2DIAGNOSTIC,    41, -3.746163712231e-01, 3.254194636135e-06, 8.2609e+01, 6.0309e-01, 
 2DIAGNOSTIC,    42, -3.746174302111e-01, 3.219718910676e-06, 8.3200e+01, 5.9081e-01, 
 2DIAGNOSTIC,    43, -3.746201404659e-01, 3.041185245928e-06, 8.3804e+01, 6.0362e-01, 
 2DIAGNOSTIC,    44, -3.746215974219e-01, 2.823147556043e-06, 8.4492e+01, 6.8874e-01, 
 2DIAGNOSTIC,    45, -3.746248163059e-01, 2.510974896657e-06, 8.6867e+01, 2.3748e+00, 
 2DIAGNOSTIC,    46, -3.746248162071e-01, 2.071553554819e-06, 8.9233e+01, 2.3659e+00, 
 2DIAGNOSTIC,    47, -3.746248162071e-01, 1.564125770605e-06, 9.0132e+01, 8.9883e-01, 
 2DIAGNOSTIC,    48, -3.746248162071e-01, 1.096762299070e-06, 9.1016e+01, 8.8422e-01, 
 2DIAGNOSTIC,    49, -3.746248162071e-01, 1.027454653798e-06, 9.1911e+01, 8.9504e-01, 
DIAGNOSTIC,Iteration,metricValue,convergenceValue,ITERATION_TIME_INDEX,SINCE_LAST
 2DIAGNOSTIC,     1, -3.196624532461e-01, 1.797693134862e+308, 1.0220e+02, 1.0286e+01, 
  Elapsed time (stage 1): 1.0431e+02


Stage 2
  iterations = 100x100x70x50x0
  convergence threshold = 1.0000e-06
  convergence window size = 10
  number of levels = 5
  using the Mattes MI metric (number of bins = 32, weight = 1.0000e+00)
  preprocessing:  winsorizing the image intensities
  Shrink factors (level 1 out of 5): [10, 10, 10]
  Shrink factors (level 2 out of 5): [6, 6, 6]
  Shrink factors (level 3 out of 5): [4, 4, 4]
  Shrink factors (level 4 out of 5): [2, 2, 2]
  Shrink factors (level 5 out of 5): [1, 1, 1]
  smoothing sigmas per level: [5, 3, 2, 1, 0]
  Using default NONE metricSamplingStrategy 

*** Running SyN registration (varianceForUpdateField = 3.0000e+00, varianceForTotalField = 0.0000e+00) ***

XXDIAGNOSTIC,Iteration,metricValue,convergenceValue,ITERATION_TIME_INDEX,SINCE_LAST
 1DIAGNOSTIC,     1, -5.358068975876e-01, 1.797693134862e+308, 3.6400e+01, 3.6400e+01, 
 1DIAGNOSTIC,     2, -5.537552325841e-01, 1.797693134862e+308, 3.6542e+01, 1.4164e-01, 
 1DIAGNOSTIC,     3, -5.636226107589e-01, 1.797693134862e+308, 3.6677e+01, 1.3517e-01, 
 1DIAGNOSTIC,     4, -5.682251617390e-01, 1.797693134862e+308, 3.6819e+01, 1.4159e-01, 
 1DIAGNOSTIC,     5, -5.672868044963e-01, 1.797693134862e+308, 3.6954e+01, 1.3555e-01, 
 1DIAGNOSTIC,     6, -5.642096720332e-01, 1.797693134862e+308, 3.7090e+01, 1.3564e-01, 
 1DIAGNOSTIC,     7, -5.624482334586e-01, 1.797693134862e+308, 3.7226e+01, 1.3566e-01, 
 1DIAGNOSTIC,     8, -5.607146897240e-01, 1.797693134862e+308, 3.7361e+01, 1.3537e-01, 
 1DIAGNOSTIC,     9, -5.599064214870e-01, 1.797693134862e+308, 3.7496e+01, 1.3558e-01, 
 1DIAGNOSTIC,    10, -5.564975046125e-01, 1.061124243691e-03, 3.7633e+01, 1.3648e-01, 
 1DIAGNOSTIC,    11, -5.544929634844e-01, -6.761386654287e-04, 3.7770e+01, 1.3688e-01, 
XXDIAGNOSTIC,Iteration,metricValue,convergenceValue,ITERATION_TIME_INDEX,SINCE_LAST
 1DIAGNOSTIC,     1, -4.384012201112e-01, 1.797693134862e+308, 5.4529e+01, 1.6759e+01, 
 1DIAGNOSTIC,     2, -4.405806410774e-01, 1.797693134862e+308, 5.5068e+01, 5.3900e-01, 
 1DIAGNOSTIC,     3, -4.410789030407e-01, 1.797693134862e+308, 5.5607e+01, 5.3888e-01, 
 1DIAGNOSTIC,     4, -4.413315410406e-01, 1.797693134862e+308, 5.6144e+01, 5.3753e-01, 
 1DIAGNOSTIC,     5, -4.411415852632e-01, 1.797693134862e+308, 5.6682e+01, 5.3782e-01, 
 1DIAGNOSTIC,     6, -4.405942649491e-01, 1.797693134862e+308, 5.7221e+01, 5.3868e-01, 
 1DIAGNOSTIC,     7, -4.397932693619e-01, 1.797693134862e+308, 5.7759e+01, 5.3843e-01, 
 1DIAGNOSTIC,     8, -4.386344541303e-01, 1.797693134862e+308, 5.8301e+01, 5.4165e-01, 
 1DIAGNOSTIC,     9, -4.379033304047e-01, 1.797693134862e+308, 5.8840e+01, 5.3875e-01, 
 1DIAGNOSTIC,    10, -4.365830895542e-01, -4.288076608782e-04, 5.9379e+01, 5.3915e-01, 
XXDIAGNOSTIC,Iteration,metricValue,convergenceValue,ITERATION_TIME_INDEX,SINCE_LAST
 1DIAGNOSTIC,     1, -3.713449904398e-01, 1.797693134862e+308, 7.0013e+01, 1.0634e+01, 
 1DIAGNOSTIC,     2, -3.720975659428e-01, 1.797693134862e+308, 7.1767e+01, 1.7544e+00, 
 1DIAGNOSTIC,     3, -3.725232318912e-01, 1.797693134862e+308, 7.3460e+01, 1.6926e+00, 
 1DIAGNOSTIC,     4, -3.725921058457e-01, 1.797693134862e+308, 7.5151e+01, 1.6909e+00, 
 1DIAGNOSTIC,     5, -3.724582534013e-01, 1.797693134862e+308, 7.6846e+01, 1.6955e+00, 
 1DIAGNOSTIC,     6, -3.723785596619e-01, 1.797693134862e+308, 7.8545e+01, 1.6982e+00, 
 1DIAGNOSTIC,     7, -3.721135651164e-01, 1.797693134862e+308, 8.0238e+01, 1.6934e+00, 
 1DIAGNOSTIC,     8, -3.718268385648e-01, 1.797693134862e+308, 8.1986e+01, 1.7480e+00, 
 1DIAGNOSTIC,     9, -3.714771052435e-01, 1.797693134862e+308, 8.3684e+01, 1.6980e+00, 
 1DIAGNOSTIC,    10, -3.711516808387e-01, -1.084290558661e-04, 8.5380e+01, 1.6955e+00, 
XXDIAGNOSTIC,Iteration,metricValue,convergenceValue,ITERATION_TIME_INDEX,SINCE_LAST
 1DIAGNOSTIC,     1, -3.127861299789e-01, 1.797693134862e+308, 1.0507e+02, 1.9691e+01, 
 1DIAGNOSTIC,     2, -3.136946958302e-01, 1.797693134862e+308, 1.1775e+02, 1.2679e+01, 
 1DIAGNOSTIC,     3, -3.146193006627e-01, 1.797693134862e+308, 1.3086e+02, 1.3114e+01, 
 1DIAGNOSTIC,     4, -3.155044256273e-01, 1.797693134862e+308, 1.4355e+02, 1.2681e+01, 
 1DIAGNOSTIC,     5, -3.162338804320e-01, 1.797693134862e+308, 1.5623e+02, 1.2683e+01, 
 1DIAGNOSTIC,     6, -3.169189918259e-01, 1.797693134862e+308, 1.6893e+02, 1.2704e+01, 
 1DIAGNOSTIC,     7, -3.175045214534e-01, 1.797693134862e+308, 1.8164e+02, 1.2704e+01, 
 1DIAGNOSTIC,     8, -3.179506550182e-01, 1.797693134862e+308, 1.9480e+02, 1.3167e+01, 
 1DIAGNOSTIC,     9, -3.183362897945e-01, 1.797693134862e+308, 2.0799e+02, 1.3182e+01, 
 1DIAGNOSTIC,    10, -3.186207713192e-01, 1.196358982737e-03, 2.2107e+02, 1.3085e+01, 
 1DIAGNOSTIC,    11, -3.189230030058e-01, 9.508239430229e-04, 2.3424e+02, 1.3165e+01, 
 1DIAGNOSTIC,    12, -3.191783707287e-01, 7.472938109222e-04, 2.4742e+02, 1.3183e+01, 
 1DIAGNOSTIC,    13, -3.194883677114e-01, 5.921657367781e-04, 2.6052e+02, 1.3103e+01, 
 1DIAGNOSTIC,    14, -3.197546785586e-01, 4.786773215121e-04, 2.7361e+02, 1.3093e+01, 
 1DIAGNOSTIC,    15, -3.200263780925e-01, 3.959924696051e-04, 2.8719e+02, 1.3573e+01, 
 1DIAGNOSTIC,    16, -3.202411888284e-01, 3.373077508762e-04, 3.0074e+02, 1.3550e+01, 
 1DIAGNOSTIC,    17, -3.204436862407e-01, 2.957389717573e-04, 3.1429e+02, 1.3557e+01, 
 1DIAGNOSTIC,    18, -3.205963942714e-01, 2.610072955576e-04, 3.2802e+02, 1.3725e+01, 
 1DIAGNOSTIC,    19, -3.207367546667e-01, 2.304335167233e-04, 3.4164e+02, 1.3623e+01, 
 1DIAGNOSTIC,    20, -3.208294756566e-01, 1.982833626359e-04, 3.5532e+02, 1.3682e+01, 
 1DIAGNOSTIC,    21, -3.208795082252e-01, 1.657515052606e-04, 3.6885e+02, 1.3529e+01, 
 1DIAGNOSTIC,    22, -3.208967118627e-01, 1.317672977577e-04, 3.8242e+02, 1.3566e+01, 
 1DIAGNOSTIC,    23, -3.209285618331e-01, 1.017154620494e-04, 3.9597e+02, 1.3552e+01, 
 1DIAGNOSTIC,    24, -3.210016177424e-01, 7.721024216029e-05, 4.0955e+02, 1.3584e+01, 
 1DIAGNOSTIC,    25, -3.211033282265e-01, 6.070073978045e-05, 4.2314e+02, 1.3587e+01, 
 1DIAGNOSTIC,    26, -3.211701703046e-01, 4.938869090847e-05, 4.3668e+02, 1.3540e+01, 
 1DIAGNOSTIC,    27, -3.212359050634e-01, 4.319823285705e-05, 4.5022e+02, 1.3543e+01, 
 1DIAGNOSTIC,    28, -3.212943070931e-01, 4.013353900079e-05, 4.6381e+02, 1.3589e+01, 
 1DIAGNOSTIC,    29, -3.213691810299e-01, 4.011020818423e-05, 4.7738e+02, 1.3565e+01, 
 1DIAGNOSTIC,    30, -3.214609529972e-01, 4.177921572006e-05, 4.9091e+02, 1.3536e+01, 
 1DIAGNOSTIC,    31, -3.215192041653e-01, 4.255523769355e-05, 5.0446e+02, 1.3550e+01, 
 1DIAGNOSTIC,    32, -3.215767783570e-01, 4.144827437392e-05, 5.1801e+02, 1.3543e+01, 
 1DIAGNOSTIC,    33, -3.216402328185e-01, 3.912318814026e-05, 5.3163e+02, 1.3623e+01, 
 1DIAGNOSTIC,    34, -3.217206999321e-01, 3.725227965469e-05, 5.4519e+02, 1.3556e+01, 
 1DIAGNOSTIC,    35, -3.217646147928e-01, 3.566904930044e-05, 5.5872e+02, 1.3538e+01, 
 1DIAGNOSTIC,    36, -3.218337519121e-01, 3.421053613258e-05, 5.7226e+02, 1.3535e+01, 
 1DIAGNOSTIC,    37, -3.218266595773e-01, 3.105002265200e-05, 5.8584e+02, 1.3578e+01, 
 1DIAGNOSTIC,    38, -3.218627940256e-01, 2.739608376020e-05, 5.9935e+02, 1.3510e+01, 
 1DIAGNOSTIC,    39, -3.218666659341e-01, 2.313279290341e-05, 6.1290e+02, 1.3553e+01, 
 1DIAGNOSTIC,    40, -3.219480748457e-01, 2.078125370976e-05, 6.2649e+02, 1.3594e+01, 
 1DIAGNOSTIC,    41, -3.219663381931e-01, 1.824133394587e-05, 6.4002e+02, 1.3527e+01, 
 1DIAGNOSTIC,    42, -3.220349104572e-01, 1.682691168135e-05, 6.5358e+02, 1.3557e+01, 
 1DIAGNOSTIC,    43, -3.220233590148e-01, 1.498207427162e-05, 6.6713e+02, 1.3550e+01, 
 1DIAGNOSTIC,    44, -3.220981482246e-01, 1.500291013525e-05, 6.8067e+02, 1.3542e+01, 
 1DIAGNOSTIC,    45, -3.220672449552e-01, 1.383371637462e-05, 6.9421e+02, 1.3543e+01, 
 1DIAGNOSTIC,    46, -3.221287952476e-01, 1.401027535944e-05, 7.0777e+02, 1.3562e+01, 
 1DIAGNOSTIC,    47, -3.220784331883e-01, 1.178640278322e-05, 7.2131e+02, 1.3538e+01, 
 1DIAGNOSTIC,    48, -3.219844784532e-01, 7.569287938703e-06, 7.3485e+02, 1.3534e+01, 
 1DIAGNOSTIC,    49, -3.219440541695e-01, 2.219699311069e-06, 7.4840e+02, 1.3552e+01, 
 1DIAGNOSTIC,    50, -3.219232960120e-01, -2.000317634979e-06, 7.6195e+02, 1.3550e+01, 
  Elapsed time (stage 2): 782.7


Total elapsed time: 965.2

--- Writing output images ---

Using double precision for computations.
Input scalar image: data/Segmentations/1110_3_seg.nii.gz
Reference image: data/template/T_template0_BrainCerebellum.nii.gz
=============================================================================
The composite transform comprises the following transforms (in order): 
  1. /tmp/1971391.1.basic.q/1110_ToTemplate_009_0GenericAffine.mat (type = AffineTransform)
  2. /tmp/1971391.1.basic.q/1110_ToTemplate_009_1Warp.nii.gz (type = DisplacementFieldTransform)
=============================================================================
Default pixel value: 0
Interpolation type: LabelImageGenericInterpolateImageFunction
Output warped image: output/1110/1110_WarpedLabels_009.nii.gz

--- Done ---

