
--- Running on compute-2-6.local ---


--- registration call ---
/data/jet/pcook/bin/antsBuild/bin/antsRegistrationSyNQuick.sh -d 3 -f data/template/T_template0_BrainCerebellum.nii.gz -m data/Brains/1110_3.nii.gz -t s -p d -n 2 -o /tmp/1971392.1.basic.q/1110_ToTemplate_010_
---


--------------------------------------------------------------------------------------
 Mapping parameters
--------------------------------------------------------------------------------------
 ANTSPATH is /data/jet/pcook/bin/antsBuild/bin/

 Dimensionality:           3
 Output name prefix:       /tmp/1971392.1.basic.q/1110_ToTemplate_010_
 Fixed images:             data/template/T_template0_BrainCerebellum.nii.gz
 Moving images:            data/Brains/1110_3.nii.gz
 Mask images:              
 Initial transforms:       
 Number of threads:        2
 Spline distance:          26
 Transform type:           s
 MI histogram bins:        32
 Precision:                d
 Use histogram matching    0
======================================================================================
 antsRegistration call:
--------------------------------------------------------------------------------------
/data/jet/pcook/bin/antsBuild/bin//antsRegistration --verbose 1 --dimensionality 3 --float 0 --collapse-output-transforms 1 --output [/tmp/1971392.1.basic.q/1110_ToTemplate_010_,/tmp/1971392.1.basic.q/1110_ToTemplate_010_Warped.nii.gz,/tmp/1971392.1.basic.q/1110_ToTemplate_010_InverseWarped.nii.gz] --interpolation Linear --use-histogram-matching 0 --winsorize-image-intensities [0.005,0.995] --initial-moving-transform [data/template/T_template0_BrainCerebellum.nii.gz,data/Brains/1110_3.nii.gz,1] --transform Rigid[0.1] --metric MI[data/template/T_template0_BrainCerebellum.nii.gz,data/Brains/1110_3.nii.gz,1,32,Regular,0.25] --convergence [1000x500x250x0,1e-6,10] --shrink-factors 12x8x4x2 --smoothing-sigmas 4x3x2x1vox --transform Affine[0.1] --metric MI[data/template/T_template0_BrainCerebellum.nii.gz,data/Brains/1110_3.nii.gz,1,32,Regular,0.25] --convergence [1000x500x250x0,1e-6,10] --shrink-factors 12x8x4x2 --smoothing-sigmas 4x3x2x1vox --transform SyN[0.1,3,0] --metric MI[data/template/T_template0_BrainCerebellum.nii.gz,data/Brains/1110_3.nii.gz,1,32] --convergence [100x100x70x50x0,1e-6,10] --shrink-factors 10x6x4x2x1 --smoothing-sigmas 5x3x2x1x0vox
--------------------------------------------------------------------------------------
All_Command_lines_OK
Using double precision for computations.
=============================================================================
The composite transform comprises the following transforms (in order): 
  1. Center of mass alignment using fixed image: data/template/T_template0_BrainCerebellum.nii.gz and moving image: data/Brains/1110_3.nii.gz (type = Euler3DTransform)
=============================================================================
  number of levels = 4
  number of levels = 4
  number of levels = 5
  fixed image: data/template/T_template0_BrainCerebellum.nii.gz
  moving image: data/Brains/1110_3.nii.gz
  fixed image: data/template/T_template0_BrainCerebellum.nii.gz
  moving image: data/Brains/1110_3.nii.gz
  fixed image: data/template/T_template0_BrainCerebellum.nii.gz
  moving image: data/Brains/1110_3.nii.gz
Dimension = 3
Number of stages = 3
Use Histogram Matching false
Winsorize image intensities true
Lower quantile = 0.005
Upper quantile = 0.995
Stage 1 State
   Image metric = Mattes
     Fixed image = Image (0x4f3ef40)
  RTTI typeinfo:   itk::Image<double, 3u>
  Reference Count: 2
  Modified Time: 1611
  Debug: Off
  Object Name: 
  Observers: 
    none
  Source: (none)
  Source output name: (none)
  Release Data: Off
  Data Released: False
  Global Release Data: Off
  PipelineMTime: 0
  UpdateMTime: 1422
  RealTimeStamp: 0 seconds 
  LargestPossibleRegion: 
    Dimension: 3
    Index: [0, 0, 0]
    Size: [216, 256, 291]
  BufferedRegion: 
    Dimension: 3
    Index: [0, 0, 0]
    Size: [216, 256, 291]
  RequestedRegion: 
    Dimension: 3
    Index: [0, 0, 0]
    Size: [216, 256, 291]
  Spacing: [1, 1, 1]
  Origin: [0, 293, 0]
  Direction: 
1 0 0
0 -0 -1
0 -1 -0

  IndexToPointMatrix: 
1 0 0
0 0 -1
0 -1 0

  PointToIndexMatrix: 
1 0 0
0 0 -1
0 -1 0

  Inverse Direction: 
1 0 0
0 0 -1
0 -1 0

  PixelContainer: 
    ImportImageContainer (0x4f42a40)
      RTTI typeinfo:   itk::ImportImageContainer<unsigned long, double>
      Reference Count: 1
      Modified Time: 1419
      Debug: Off
      Object Name: 
      Observers: 
        none
      Pointer: 0x7f57f6797010
      Container manages memory: true
      Size: 16091136
      Capacity: 16091136

     Moving image = Image (0x4f40fa0)
  RTTI typeinfo:   itk::Image<double, 3u>
  Reference Count: 2
  Modified Time: 1612
  Debug: Off
  Object Name: 
  Observers: 
    none
  Source: (none)
  Source output name: (none)
  Release Data: Off
  Data Released: False
  Global Release Data: Off
  PipelineMTime: 0
  UpdateMTime: 1609
  RealTimeStamp: 0 seconds 
  LargestPossibleRegion: 
    Dimension: 3
    Index: [0, 0, 0]
    Size: [256, 256, 321]
  BufferedRegion: 
    Dimension: 3
    Index: [0, 0, 0]
    Size: [256, 256, 321]
  RequestedRegion: 
    Dimension: 3
    Index: [0, 0, 0]
    Size: [256, 256, 321]
  Spacing: [1, 1, 1]
  Origin: [0, 320, 0]
  Direction: 
1 0 0
0 -0 -1
0 -1 -0

  IndexToPointMatrix: 
1 0 0
0 0 -1
0 -1 0

  PointToIndexMatrix: 
1 0 0
0 0 -1
0 -1 0

  Inverse Direction: 
1 0 0
0 0 -1
0 -1 0

  PixelContainer: 
    ImportImageContainer (0x4f31f60)
      RTTI typeinfo:   itk::ImportImageContainer<unsigned long, double>
      Reference Count: 1
      Modified Time: 1606
      Debug: Off
      Object Name: 
      Observers: 
        none
      Pointer: 0x7f57ec716010
      Container manages memory: true
      Size: 21037056
      Capacity: 21037056

     Weighting = 1
     Sampling strategy = regular
     Number of bins = 32
     Radius = 4
     Sampling percentage  = 0.25
   Transform = Rigid
     Gradient step = 0.1
     Update field sigma (voxel space) = 0
     Total field sigma (voxel space) = 0
     Update field time sigma = 0
     Total field time sigma  = 0
     Number of time indices = 0
     Number of time point samples = 0
Stage 2 State
   Image metric = Mattes
     Fixed image = Image (0x4f45950)
  RTTI typeinfo:   itk::Image<double, 3u>
  Reference Count: 2
  Modified Time: 1987
  Debug: Off
  Object Name: 
  Observers: 
    none
  Source: (none)
  Source output name: (none)
  Release Data: Off
  Data Released: False
  Global Release Data: Off
  PipelineMTime: 0
  UpdateMTime: 1798
  RealTimeStamp: 0 seconds 
  LargestPossibleRegion: 
    Dimension: 3
    Index: [0, 0, 0]
    Size: [216, 256, 291]
  BufferedRegion: 
    Dimension: 3
    Index: [0, 0, 0]
    Size: [216, 256, 291]
  RequestedRegion: 
    Dimension: 3
    Index: [0, 0, 0]
    Size: [216, 256, 291]
  Spacing: [1, 1, 1]
  Origin: [0, 293, 0]
  Direction: 
1 0 0
0 -0 -1
0 -1 -0

  IndexToPointMatrix: 
1 0 0
0 0 -1
0 -1 0

  PointToIndexMatrix: 
1 0 0
0 0 -1
0 -1 0

  Inverse Direction: 
1 0 0
0 0 -1
0 -1 0

  PixelContainer: 
    ImportImageContainer (0x4f41bc0)
      RTTI typeinfo:   itk::ImportImageContainer<unsigned long, double>
      Reference Count: 1
      Modified Time: 1795
      Debug: Off
      Object Name: 
      Observers: 
        none
      Pointer: 0x7f57e4c51010
      Container manages memory: true
      Size: 16091136
      Capacity: 16091136

     Moving image = Image (0x4f522d0)
  RTTI typeinfo:   itk::Image<double, 3u>
  Reference Count: 2
  Modified Time: 1988
  Debug: Off
  Object Name: 
  Observers: 
    none
  Source: (none)
  Source output name: (none)
  Release Data: Off
  Data Released: False
  Global Release Data: Off
  PipelineMTime: 0
  UpdateMTime: 1985
  RealTimeStamp: 0 seconds 
  LargestPossibleRegion: 
    Dimension: 3
    Index: [0, 0, 0]
    Size: [256, 256, 321]
  BufferedRegion: 
    Dimension: 3
    Index: [0, 0, 0]
    Size: [256, 256, 321]
  RequestedRegion: 
    Dimension: 3
    Index: [0, 0, 0]
    Size: [256, 256, 321]
  Spacing: [1, 1, 1]
  Origin: [0, 320, 0]
  Direction: 
1 0 0
0 -0 -1
0 -1 -0

  IndexToPointMatrix: 
1 0 0
0 0 -1
0 -1 0

  PointToIndexMatrix: 
1 0 0
0 0 -1
0 -1 0

  Inverse Direction: 
1 0 0
0 0 -1
0 -1 0

  PixelContainer: 
    ImportImageContainer (0x4f51c50)
      RTTI typeinfo:   itk::ImportImageContainer<unsigned long, double>
      Reference Count: 1
      Modified Time: 1982
      Debug: Off
      Object Name: 
      Observers: 
        none
      Pointer: 0x7f57dabd0010
      Container manages memory: true
      Size: 21037056
      Capacity: 21037056

     Weighting = 1
     Sampling strategy = regular
     Number of bins = 32
     Radius = 4
     Sampling percentage  = 0.25
   Transform = Affine
     Gradient step = 0.1
     Update field sigma (voxel space) = 0
     Total field sigma (voxel space) = 0
     Update field time sigma = 0
     Total field time sigma  = 0
     Number of time indices = 0
     Number of time point samples = 0
Stage 3 State
   Image metric = Mattes
     Fixed image = Image (0x4f58170)
  RTTI typeinfo:   itk::Image<double, 3u>
  Reference Count: 2
  Modified Time: 2363
  Debug: Off
  Object Name: 
  Observers: 
    none
  Source: (none)
  Source output name: (none)
  Release Data: Off
  Data Released: False
  Global Release Data: Off
  PipelineMTime: 0
  UpdateMTime: 2174
  RealTimeStamp: 0 seconds 
  LargestPossibleRegion: 
    Dimension: 3
    Index: [0, 0, 0]
    Size: [216, 256, 291]
  BufferedRegion: 
    Dimension: 3
    Index: [0, 0, 0]
    Size: [216, 256, 291]
  RequestedRegion: 
    Dimension: 3
    Index: [0, 0, 0]
    Size: [216, 256, 291]
  Spacing: [1, 1, 1]
  Origin: [0, 293, 0]
  Direction: 
1 0 0
0 -0 -1
0 -1 -0

  IndexToPointMatrix: 
1 0 0
0 0 -1
0 -1 0

  PointToIndexMatrix: 
1 0 0
0 0 -1
0 -1 0

  Inverse Direction: 
1 0 0
0 0 -1
0 -1 0

  PixelContainer: 
    ImportImageContainer (0x4f532d0)
      RTTI typeinfo:   itk::ImportImageContainer<unsigned long, double>
      Reference Count: 1
      Modified Time: 2171
      Debug: Off
      Object Name: 
      Observers: 
        none
      Pointer: 0x7f57d310b010
      Container manages memory: true
      Size: 16091136
      Capacity: 16091136

     Moving image = Image (0x4f57be0)
  RTTI typeinfo:   itk::Image<double, 3u>
  Reference Count: 2
  Modified Time: 2364
  Debug: Off
  Object Name: 
  Observers: 
    none
  Source: (none)
  Source output name: (none)
  Release Data: Off
  Data Released: False
  Global Release Data: Off
  PipelineMTime: 0
  UpdateMTime: 2361
  RealTimeStamp: 0 seconds 
  LargestPossibleRegion: 
    Dimension: 3
    Index: [0, 0, 0]
    Size: [256, 256, 321]
  BufferedRegion: 
    Dimension: 3
    Index: [0, 0, 0]
    Size: [256, 256, 321]
  RequestedRegion: 
    Dimension: 3
    Index: [0, 0, 0]
    Size: [256, 256, 321]
  Spacing: [1, 1, 1]
  Origin: [0, 320, 0]
  Direction: 
1 0 0
0 -0 -1
0 -1 -0

  IndexToPointMatrix: 
1 0 0
0 0 -1
0 -1 0

  PointToIndexMatrix: 
1 0 0
0 0 -1
0 -1 0

  Inverse Direction: 
1 0 0
0 0 -1
0 -1 0

  PixelContainer: 
    ImportImageContainer (0x4f59ef0)
      RTTI typeinfo:   itk::ImportImageContainer<unsigned long, double>
      Reference Count: 1
      Modified Time: 2358
      Debug: Off
      Object Name: 
      Observers: 
        none
      Pointer: 0x7f57c908a010
      Container manages memory: true
      Size: 21037056
      Capacity: 21037056

     Weighting = 1
     Sampling strategy = none
     Number of bins = 32
     Radius = 4
     Sampling percentage  = 1
   Transform = SyN
     Gradient step = 0.1
     Update field sigma (voxel space) = 3
     Total field sigma (voxel space) = 0
     Update field time sigma = 0
     Total field time sigma  = 0
     Number of time indices = 0
     Number of time point samples = 0
Registration using 3 total stages.

Stage 0
  iterations = 1000x500x250x0
  convergence threshold = 1e-06
  convergence window size = 10
  number of levels = 4
  using the Mattes MI metric (number of bins = 32, weight = 1)
  preprocessing:  winsorizing the image intensities
  Shrink factors (level 1 out of 4): [12, 12, 12]
  Shrink factors (level 2 out of 4): [8, 8, 8]
  Shrink factors (level 3 out of 4): [4, 4, 4]
  Shrink factors (level 4 out of 4): [2, 2, 2]
  smoothing sigmas per level: [4, 3, 2, 1]
  regular sampling (percentage = 0.25)

*** Running Euler3DTransform registration ***

DIAGNOSTIC,Iteration,metricValue,convergenceValue,ITERATION_TIME_INDEX,SINCE_LAST
 2DIAGNOSTIC,     1, -4.680454359350e-01, 1.797693134862e+308, 2.2691e+01, 2.2691e+01, 
 2DIAGNOSTIC,     2, -4.693690117121e-01, 1.797693134862e+308, 2.2702e+01, 1.1244e-02, 
 2DIAGNOSTIC,     3, -4.709721879780e-01, 1.797693134862e+308, 2.2713e+01, 1.0994e-02, 
 2DIAGNOSTIC,     4, -4.720866950507e-01, 1.797693134862e+308, 2.2724e+01, 1.1023e-02, 
 2DIAGNOSTIC,     5, -4.725948350199e-01, 1.797693134862e+308, 2.2735e+01, 1.0959e-02, 
 2DIAGNOSTIC,     6, -4.731252617550e-01, 1.797693134862e+308, 2.2746e+01, 1.0915e-02, 
 2DIAGNOSTIC,     7, -4.737843361452e-01, 1.797693134862e+308, 2.2757e+01, 1.1019e-02, 
 2DIAGNOSTIC,     8, -4.758473432463e-01, 1.797693134862e+308, 2.2771e+01, 1.4342e-02, 
 2DIAGNOSTIC,     9, -4.760278715493e-01, 1.797693134862e+308, 2.2785e+01, 1.4124e-02, 
 2DIAGNOSTIC,    10, -4.761131005021e-01, 1.096518670386e-03, 2.2797e+01, 1.1863e-02, 
 2DIAGNOSTIC,    11, -4.765577083441e-01, 8.806785634621e-04, 2.2811e+01, 1.3487e-02, 
 2DIAGNOSTIC,    12, -4.778082457913e-01, 7.483067287863e-04, 2.2826e+01, 1.4979e-02, 
 2DIAGNOSTIC,    13, -4.778858034138e-01, 6.428454049610e-04, 2.2839e+01, 1.3048e-02, 
 2DIAGNOSTIC,    14, -4.779398245331e-01, 5.449592010185e-04, 2.2853e+01, 1.4584e-02, 
 2DIAGNOSTIC,    15, -4.779464805722e-01, 4.329574519620e-04, 2.2866e+01, 1.3006e-02, 
 2DIAGNOSTIC,    16, -4.779467136140e-01, 3.153546248513e-04, 2.2879e+01, 1.3007e-02, 
 2DIAGNOSTIC,    17, -4.779469810014e-01, 2.033218767154e-04, 2.2891e+01, 1.1378e-02, 
 2DIAGNOSTIC,    18, -4.779478760168e-01, 1.537188042825e-04, 2.2902e+01, 1.1367e-02, 
 2DIAGNOSTIC,    19, -4.779503181521e-01, 1.017473990313e-04, 2.2913e+01, 1.1294e-02, 
 2DIAGNOSTIC,    20, -4.779544462722e-01, 4.847454413139e-05, 2.2925e+01, 1.1321e-02, 
 2DIAGNOSTIC,    21, -4.779620396356e-01, 7.837353032294e-06, 2.2937e+01, 1.2852e-02, 
 2DIAGNOSTIC,    22, -4.779671230736e-01, 4.391284450948e-06, 2.2955e+01, 1.7531e-02, 
 2DIAGNOSTIC,    23, -4.779704180273e-01, 3.033651001662e-06, 2.2966e+01, 1.1330e-02, 
 2DIAGNOSTIC,    24, -4.779717448492e-01, 3.009533822970e-06, 2.2978e+01, 1.1328e-02, 
 2DIAGNOSTIC,    25, -4.779739477439e-01, 3.041199200957e-06, 2.2989e+01, 1.1387e-02, 
 2DIAGNOSTIC,    26, -4.779784240558e-01, 3.010190785788e-06, 2.3010e+01, 2.0633e-02, 
 2DIAGNOSTIC,    27, -4.779784942938e-01, 2.818190321975e-06, 2.3023e+01, 1.2904e-02, 
 2DIAGNOSTIC,    28, -4.779785369905e-01, 2.508130487459e-06, 2.3034e+01, 1.1327e-02, 
 2DIAGNOSTIC,    29, -4.779786246592e-01, 2.144241583825e-06, 2.3045e+01, 1.1375e-02, 
 2DIAGNOSTIC,    30, -4.779790455088e-01, 1.793354330232e-06, 2.3057e+01, 1.1262e-02, 
 2DIAGNOSTIC,    31, -4.779800428110e-01, 1.558121034660e-06, 2.3068e+01, 1.1246e-02, 
 2DIAGNOSTIC,    32, -4.779895126863e-01, 1.557415575469e-06, 2.3079e+01, 1.1313e-02, 
 2DIAGNOSTIC,    33, -4.779924772355e-01, 1.613360579342e-06, 2.3098e+01, 1.9096e-02, 
 2DIAGNOSTIC,    34, -4.779925927607e-01, 1.630578312959e-06, 2.3111e+01, 1.2914e-02, 
 2DIAGNOSTIC,    35, -4.779926211114e-01, 1.619932530974e-06, 2.3124e+01, 1.2889e-02, 
 2DIAGNOSTIC,    36, -4.779926538490e-01, 1.617166425407e-06, 2.3135e+01, 1.1345e-02, 
 2DIAGNOSTIC,    37, -4.779927364259e-01, 1.544785315166e-06, 2.3147e+01, 1.1336e-02, 
 2DIAGNOSTIC,    38, -4.779930585689e-01, 1.415883512226e-06, 2.3158e+01, 1.1357e-02, 
 2DIAGNOSTIC,    39, -4.779939707752e-01, 1.256022058024e-06, 2.3169e+01, 1.1343e-02, 
 2DIAGNOSTIC,    40, -4.779952552723e-01, 1.089498232208e-06, 2.3181e+01, 1.1377e-02, 
 2DIAGNOSTIC,    41, -4.780031626335e-01, 1.029033543858e-06, 2.3201e+01, 2.0680e-02, 
 2DIAGNOSTIC,    42, -4.780031829369e-01, 1.078205411568e-06, 2.3216e+01, 1.4467e-02, 
 2DIAGNOSTIC,    43, -4.780031844593e-01, 1.137194993023e-06, 2.3230e+01, 1.4435e-02, 
 2DIAGNOSTIC,    44, -4.780031847686e-01, 1.158736032736e-06, 2.3243e+01, 1.2915e-02, 
 2DIAGNOSTIC,    45, -4.780031848768e-01, 1.137545417539e-06, 2.3256e+01, 1.2834e-02, 
 2DIAGNOSTIC,    46, -4.780031849189e-01, 1.075089780846e-06, 2.3269e+01, 1.2911e-02, 
DIAGNOSTIC,Iteration,metricValue,convergenceValue,ITERATION_TIME_INDEX,SINCE_LAST
 2DIAGNOSTIC,     1, -4.112752922664e-01, 1.797693134862e+308, 3.9693e+01, 1.6424e+01, 
 2DIAGNOSTIC,     2, -4.119271570013e-01, 1.797693134862e+308, 3.9753e+01, 5.9860e-02, 
 2DIAGNOSTIC,     3, -4.127184881936e-01, 1.797693134862e+308, 3.9813e+01, 6.0049e-02, 
 2DIAGNOSTIC,     4, -4.135314413712e-01, 1.797693134862e+308, 3.9873e+01, 6.0115e-02, 
 2DIAGNOSTIC,     5, -4.139021446787e-01, 1.797693134862e+308, 3.9934e+01, 6.0378e-02, 
 2DIAGNOSTIC,     6, -4.141356620319e-01, 1.797693134862e+308, 3.9994e+01, 6.0248e-02, 
 2DIAGNOSTIC,     7, -4.145318465237e-01, 1.797693134862e+308, 4.0076e+01, 8.2303e-02, 
 2DIAGNOSTIC,     8, -4.146169998532e-01, 1.797693134862e+308, 4.0148e+01, 7.1185e-02, 
 2DIAGNOSTIC,     9, -4.145782523524e-01, 1.797693134862e+308, 4.0230e+01, 8.2545e-02, 
 2DIAGNOSTIC,    10, -4.147827404247e-01, 5.296896683209e-04, 4.0291e+01, 6.0986e-02, 
 2DIAGNOSTIC,    11, -4.147868178989e-01, 3.649421250280e-04, 4.0352e+01, 6.0977e-02, 
 2DIAGNOSTIC,    12, -4.148766538425e-01, 2.369658044083e-04, 4.0413e+01, 6.1106e-02, 
 2DIAGNOSTIC,    13, -4.150594560097e-01, 1.581250842560e-04, 4.0507e+01, 9.4048e-02, 
 2DIAGNOSTIC,    14, -4.150769277675e-01, 1.168736133128e-04, 4.0568e+01, 6.1007e-02, 
 2DIAGNOSTIC,    15, -4.151080807049e-01, 8.903298698516e-05, 4.0629e+01, 6.0557e-02, 
 2DIAGNOSTIC,    16, -4.151390563613e-01, 6.763466477282e-05, 4.0700e+01, 7.1698e-02, 
 2DIAGNOSTIC,    17, -4.151201056325e-01, 5.786272139226e-05, 4.0761e+01, 6.0847e-02, 
 2DIAGNOSTIC,    18, -4.151891474936e-01, 4.994442564753e-05, 4.0878e+01, 1.1687e-01, 
 2DIAGNOSTIC,    19, -4.151828932160e-01, 3.651502589819e-05, 4.0939e+01, 6.0686e-02, 
 2DIAGNOSTIC,    20, -4.151610145698e-01, 2.759269003089e-05, 4.0999e+01, 6.0106e-02, 
 2DIAGNOSTIC,    21, -4.151745099612e-01, 1.770716545636e-05, 4.1059e+01, 6.0148e-02, 
 2DIAGNOSTIC,    22, -4.152300144601e-01, 1.157490980690e-05, 4.1119e+01, 6.0222e-02, 
 2DIAGNOSTIC,    23, -4.152510179011e-01, 1.103236611202e-05, 4.1180e+01, 6.0302e-02, 
 2DIAGNOSTIC,    24, -4.153278238436e-01, 1.230678799337e-05, 4.1240e+01, 6.0079e-02, 
 2DIAGNOSTIC,    25, -4.154390577994e-01, 1.633405092186e-05, 4.1311e+01, 7.1480e-02, 
 2DIAGNOSTIC,    26, -4.155391871507e-01, 2.206509472202e-05, 4.1404e+01, 9.3263e-02, 
 2DIAGNOSTIC,    27, -4.155919985722e-01, 2.617223966985e-05, 4.1476e+01, 7.1940e-02, 
 2DIAGNOSTIC,    28, -4.155683961210e-01, 2.876013115858e-05, 4.1549e+01, 7.2351e-02, 
 2DIAGNOSTIC,    29, -4.156290182644e-01, 2.991268877688e-05, 4.1632e+01, 8.2852e-02, 
 2DIAGNOSTIC,    30, -4.156317738931e-01, 2.775691325672e-05, 4.1714e+01, 8.2271e-02, 
 2DIAGNOSTIC,    31, -4.156320287349e-01, 2.347081195418e-05, 4.1786e+01, 7.1814e-02, 
 2DIAGNOSTIC,    32, -4.156320096553e-01, 1.855709999284e-05, 4.1846e+01, 6.0099e-02, 
 2DIAGNOSTIC,    33, -4.156327214330e-01, 1.274353437920e-05, 4.1918e+01, 7.2082e-02, 
 2DIAGNOSTIC,    34, -4.156335717555e-01, 7.677483617116e-06, 4.1978e+01, 6.0070e-02, 
 2DIAGNOSTIC,    35, -4.155935644148e-01, 3.598368316243e-06, 4.2038e+01, 6.0445e-02, 
 2DIAGNOSTIC,    36, -4.156348748186e-01, 2.188739022784e-06, 4.2099e+01, 6.0759e-02, 
 2DIAGNOSTIC,    37, -4.156366806246e-01, 1.738921035215e-06, 4.2160e+01, 6.0735e-02, 
DIAGNOSTIC,Iteration,metricValue,convergenceValue,ITERATION_TIME_INDEX,SINCE_LAST
 2DIAGNOSTIC,     1, -3.502267868784e-01, 1.797693134862e+308, 5.1817e+01, 9.6570e+00, 
 2DIAGNOSTIC,     2, -3.505539570090e-01, 1.797693134862e+308, 5.2307e+01, 4.9029e-01, 
 2DIAGNOSTIC,     3, -3.507168296588e-01, 1.797693134862e+308, 5.2990e+01, 6.8285e-01, 
 2DIAGNOSTIC,     4, -3.507379446508e-01, 1.797693134862e+308, 5.3482e+01, 4.9164e-01, 
 2DIAGNOSTIC,     5, -3.507550251203e-01, 1.797693134862e+308, 5.3974e+01, 4.9219e-01, 
 2DIAGNOSTIC,     6, -3.507892417240e-01, 1.797693134862e+308, 5.4466e+01, 4.9179e-01, 
 2DIAGNOSTIC,     7, -3.508535554457e-01, 1.797693134862e+308, 5.5053e+01, 5.8721e-01, 
 2DIAGNOSTIC,     8, -3.509578974916e-01, 1.797693134862e+308, 5.5925e+01, 8.7190e-01, 
 2DIAGNOSTIC,     9, -3.509606339742e-01, 1.797693134862e+308, 5.6512e+01, 5.8716e-01, 
 2DIAGNOSTIC,    10, -3.509700101109e-01, 1.107372489772e-04, 5.7004e+01, 4.9199e-01, 
 2DIAGNOSTIC,    11, -3.510190811403e-01, 7.271866910520e-05, 5.7494e+01, 4.9012e-01, 
 2DIAGNOSTIC,    12, -3.511143144666e-01, 6.282522706737e-05, 5.7984e+01, 4.8999e-01, 
 2DIAGNOSTIC,    13, -3.513248441984e-01, 7.204875376074e-05, 5.8757e+01, 7.7308e-01, 
 2DIAGNOSTIC,    14, -3.514107177892e-01, 7.961348664784e-05, 6.0004e+01, 1.2464e+00, 
 2DIAGNOSTIC,    15, -3.514107355571e-01, 8.018130868348e-05, 6.0591e+01, 5.8717e-01, 
 2DIAGNOSTIC,    16, -3.514116530645e-01, 7.543564454270e-05, 6.1178e+01, 5.8777e-01, 
 2DIAGNOSTIC,    17, -3.514086870030e-01, 6.721894988047e-05, 6.1671e+01, 4.9206e-01, 
 2DIAGNOSTIC,    18, -3.514061445092e-01, 5.831090053363e-05, 6.2161e+01, 4.9000e-01, 
 2DIAGNOSTIC,    19, -3.514081449187e-01, 4.529088472822e-05, 6.2651e+01, 4.9023e-01, 
 2DIAGNOSTIC,    20, -3.514103406151e-01, 3.009977517174e-05, 6.3139e+01, 4.8851e-01, 
 2DIAGNOSTIC,    21, -3.514118693658e-01, 1.569531576010e-05, 6.3630e+01, 4.9102e-01, 
 2DIAGNOSTIC,    22, -3.514127417969e-01, 4.632773411652e-06, 6.4216e+01, 5.8559e-01, 
 2DIAGNOSTIC,    23, -3.514136462566e-01, 1.593193402344e-06, 6.4708e+01, 4.9227e-01, 
 2DIAGNOSTIC,    24, -3.514110454449e-01, 1.594151560105e-06, 6.5294e+01, 5.8578e-01, 
 2DIAGNOSTIC,    25, -3.514124133719e-01, 1.613011074375e-06, 6.5879e+01, 5.8511e-01, 
 2DIAGNOSTIC,    26, -3.514095731119e-01, 1.538444321825e-06, 6.6370e+01, 4.9090e-01, 
 2DIAGNOSTIC,    27, -3.513989335808e-01, 1.036905402985e-06, 6.6861e+01, 4.9060e-01, 
DIAGNOSTIC,Iteration,metricValue,convergenceValue,ITERATION_TIME_INDEX,SINCE_LAST
 2DIAGNOSTIC,     1, -3.012811047190e-01, 1.797693134862e+308, 7.6230e+01, 9.3691e+00, 
  Elapsed time (stage 0): 7.8172e+01


Stage 1
  iterations = 1000x500x250x0
  convergence threshold = 1.0000e-06
  convergence window size = 10
  number of levels = 4
  using the Mattes MI metric (number of bins = 32, weight = 1.0000e+00)
  preprocessing:  winsorizing the image intensities
  Shrink factors (level 1 out of 4): [12, 12, 12]
  Shrink factors (level 2 out of 4): [8, 8, 8]
  Shrink factors (level 3 out of 4): [4, 4, 4]
  Shrink factors (level 4 out of 4): [2, 2, 2]
  smoothing sigmas per level: [4, 3, 2, 1]
  regular sampling (percentage = 2.5000e-01)

*** Running AffineTransform registration ***

DIAGNOSTIC,Iteration,metricValue,convergenceValue,ITERATION_TIME_INDEX,SINCE_LAST
 2DIAGNOSTIC,     1, -4.701745483367e-01, 1.797693134862e+308, 2.2469e+01, 2.2469e+01, 
 2DIAGNOSTIC,     2, -4.714787557984e-01, 1.797693134862e+308, 2.2485e+01, 1.5313e-02, 
 2DIAGNOSTIC,     3, -4.733572437431e-01, 1.797693134862e+308, 2.2499e+01, 1.4794e-02, 
 2DIAGNOSTIC,     4, -4.761467464347e-01, 1.797693134862e+308, 2.2514e+01, 1.4949e-02, 
 2DIAGNOSTIC,     5, -4.804597287878e-01, 1.797693134862e+308, 2.2529e+01, 1.4689e-02, 
 2DIAGNOSTIC,     6, -4.863104857523e-01, 1.797693134862e+308, 2.2544e+01, 1.5251e-02, 
 2DIAGNOSTIC,     7, -4.994462960236e-01, 1.797693134862e+308, 2.2563e+01, 1.8363e-02, 
 2DIAGNOSTIC,     8, -5.003287286045e-01, 1.797693134862e+308, 2.2578e+01, 1.5016e-02, 
 2DIAGNOSTIC,     9, -5.015494802608e-01, 1.797693134862e+308, 2.2594e+01, 1.6500e-02, 
 2DIAGNOSTIC,    10, -5.027107739973e-01, 5.240049614698e-03, 2.2616e+01, 2.1500e-02, 
 2DIAGNOSTIC,    11, -5.030226697510e-01, 4.583633826551e-03, 2.2631e+01, 1.5609e-02, 
 2DIAGNOSTIC,    12, -5.041974757867e-01, 3.741105843929e-03, 2.2649e+01, 1.7595e-02, 
 2DIAGNOSTIC,    13, -5.046933159548e-01, 2.800249583760e-03, 2.2664e+01, 1.5512e-02, 
 2DIAGNOSTIC,    14, -5.049046278105e-01, 1.873503482543e-03, 2.2680e+01, 1.5736e-02, 
 2DIAGNOSTIC,    15, -5.050189407697e-01, 1.073335660653e-03, 2.2699e+01, 1.8586e-02, 
 2DIAGNOSTIC,    16, -5.050411789522e-01, 4.764197821387e-04, 2.2714e+01, 1.5749e-02, 
 2DIAGNOSTIC,    17, -5.050728196459e-01, 3.532133947465e-04, 2.2731e+01, 1.6942e-02, 
 2DIAGNOSTIC,    18, -5.051047525307e-01, 2.398789414038e-04, 2.2752e+01, 2.0552e-02, 
 2DIAGNOSTIC,    19, -5.051228400351e-01, 1.536264148227e-04, 2.2767e+01, 1.5225e-02, 
 2DIAGNOSTIC,    20, -5.051305116459e-01, 9.590445327862e-05, 2.2783e+01, 1.5479e-02, 
 2DIAGNOSTIC,    21, -5.051423235761e-01, 4.316749350849e-05, 2.2798e+01, 1.5199e-02, 
 2DIAGNOSTIC,    22, -5.051931511891e-01, 2.305363536765e-05, 2.2820e+01, 2.2243e-02, 
 2DIAGNOSTIC,    23, -5.052199482215e-01, 1.554727502468e-05, 2.2835e+01, 1.5201e-02, 
 2DIAGNOSTIC,    24, -5.052336043607e-01, 1.264215983515e-05, 2.2851e+01, 1.5535e-02, 
 2DIAGNOSTIC,    25, -5.052468287292e-01, 1.184592726584e-05, 2.2869e+01, 1.8452e-02, 
 2DIAGNOSTIC,    26, -5.052536106002e-01, 1.074791707829e-05, 2.2885e+01, 1.5481e-02, 
 2DIAGNOSTIC,    27, -5.052659414786e-01, 9.737644618410e-06, 2.2900e+01, 1.5239e-02, 
 2DIAGNOSTIC,    28, -5.053490087950e-01, 1.031784707328e-05, 2.2916e+01, 1.5571e-02, 
 2DIAGNOSTIC,    29, -5.054561274761e-01, 1.241928508736e-05, 2.2937e+01, 2.1898e-02, 
 2DIAGNOSTIC,    30, -5.054656286528e-01, 1.360871197634e-05, 2.2953e+01, 1.5599e-02, 
 2DIAGNOSTIC,    31, -5.054770781317e-01, 1.398479627652e-05, 2.2968e+01, 1.5196e-02, 
 2DIAGNOSTIC,    32, -5.054905864846e-01, 1.426626051027e-05, 2.2987e+01, 1.8996e-02, 
 2DIAGNOSTIC,    33, -5.054971238034e-01, 1.381253394976e-05, 2.3003e+01, 1.5373e-02, 
 2DIAGNOSTIC,    34, -5.055091171105e-01, 1.256180554637e-05, 2.3018e+01, 1.5496e-02, 
 2DIAGNOSTIC,    35, -5.055371183811e-01, 1.096068411098e-05, 2.3038e+01, 2.0193e-02, 
 2DIAGNOSTIC,    36, -5.055530832359e-01, 8.878893625840e-06, 2.3054e+01, 1.5535e-02, 
 2DIAGNOSTIC,    37, -5.055578371710e-01, 6.395850532370e-06, 2.3069e+01, 1.5208e-02, 
 2DIAGNOSTIC,    38, -5.055687081281e-01, 4.886539539971e-06, 2.3084e+01, 1.5435e-02, 
 2DIAGNOSTIC,    39, -5.055854170620e-01, 4.870639688660e-06, 2.3100e+01, 1.5216e-02, 
 2DIAGNOSTIC,    40, -5.056071601677e-01, 4.900470841472e-06, 2.3117e+01, 1.7216e-02, 
 2DIAGNOSTIC,    41, -5.056157999959e-01, 4.805779183572e-06, 2.3139e+01, 2.1782e-02, 
 2DIAGNOSTIC,    42, -5.056241441518e-01, 4.634039153281e-06, 2.3154e+01, 1.5511e-02, 
 2DIAGNOSTIC,    43, -5.056298112087e-01, 4.264620448814e-06, 2.3169e+01, 1.5246e-02, 
 2DIAGNOSTIC,    44, -5.056445741036e-01, 3.909905413161e-06, 2.3187e+01, 1.7224e-02, 
 2DIAGNOSTIC,    45, -5.056959200520e-01, 4.255840059725e-06, 2.3207e+01, 2.0319e-02, 
 2DIAGNOSTIC,    46, -5.057401003866e-01, 4.974551155411e-06, 2.3252e+01, 4.5361e-02, 
 2DIAGNOSTIC,    47, -5.057401003450e-01, 5.306131963607e-06, 2.3268e+01, 1.5282e-02, 
 2DIAGNOSTIC,    48, -5.057401003545e-01, 5.322567559255e-06, 2.3283e+01, 1.5528e-02, 
 2DIAGNOSTIC,    49, -5.057401003704e-01, 5.084283964982e-06, 2.3298e+01, 1.5189e-02, 
 2DIAGNOSTIC,    50, -5.057401003971e-01, 4.664580533827e-06, 2.3314e+01, 1.5417e-02, 
 2DIAGNOSTIC,    51, -5.057401004420e-01, 3.962089907130e-06, 2.3329e+01, 1.5220e-02, 
 2DIAGNOSTIC,    52, -5.057401005168e-01, 3.065518557280e-06, 2.3345e+01, 1.5527e-02, 
 2DIAGNOSTIC,    53, -5.057401006404e-01, 2.038440594265e-06, 2.3360e+01, 1.5279e-02, 
 2DIAGNOSTIC,    54, -5.057401008410e-01, 1.057088855925e-06, 2.3375e+01, 1.5525e-02, 
DIAGNOSTIC,Iteration,metricValue,convergenceValue,ITERATION_TIME_INDEX,SINCE_LAST
 2DIAGNOSTIC,     1, -4.375135731513e-01, 1.797693134862e+308, 3.9874e+01, 1.6499e+01, 
 2DIAGNOSTIC,     2, -4.379036642105e-01, 1.797693134862e+308, 3.9949e+01, 7.4602e-02, 
 2DIAGNOSTIC,     3, -4.384136543711e-01, 1.797693134862e+308, 4.0022e+01, 7.3505e-02, 
 2DIAGNOSTIC,     4, -4.391094260420e-01, 1.797693134862e+308, 4.0097e+01, 7.4783e-02, 
 2DIAGNOSTIC,     5, -4.403541105309e-01, 1.797693134862e+308, 4.0171e+01, 7.3736e-02, 
 2DIAGNOSTIC,     6, -4.423534192769e-01, 1.797693134862e+308, 4.0257e+01, 8.6617e-02, 
 2DIAGNOSTIC,     7, -4.427637327080e-01, 1.797693134862e+308, 4.0344e+01, 8.6682e-02, 
 2DIAGNOSTIC,     8, -4.432451056665e-01, 1.797693134862e+308, 4.0430e+01, 8.6461e-02, 
 2DIAGNOSTIC,     9, -4.439335740578e-01, 1.797693134862e+308, 4.0528e+01, 9.7303e-02, 
 2DIAGNOSTIC,    10, -4.443847437049e-01, 1.135356365924e-03, 4.0603e+01, 7.5586e-02, 
 2DIAGNOSTIC,    11, -4.446131041463e-01, 9.823689909948e-04, 4.0677e+01, 7.4091e-02, 
 2DIAGNOSTIC,    12, -4.450451633747e-01, 8.117385070524e-04, 4.0811e+01, 1.3351e-01, 
 2DIAGNOSTIC,    13, -4.450926514096e-01, 6.227636637081e-04, 4.0885e+01, 7.4276e-02, 
 2DIAGNOSTIC,    14, -4.452008104831e-01, 4.409878055139e-04, 4.0960e+01, 7.5014e-02, 
 2DIAGNOSTIC,    15, -4.452871655275e-01, 2.983950969161e-04, 4.1034e+01, 7.4325e-02, 
 2DIAGNOSTIC,    16, -4.453512927397e-01, 2.293125813936e-04, 4.1110e+01, 7.5460e-02, 
 2DIAGNOSTIC,    17, -4.454266334152e-01, 1.656181008971e-04, 4.1196e+01, 8.5605e-02, 
 2DIAGNOSTIC,    18, -4.454609520633e-01, 1.118293639681e-04, 4.1293e+01, 9.7969e-02, 
 2DIAGNOSTIC,    19, -4.454847094297e-01, 7.743645282390e-05, 4.1368e+01, 7.4055e-02, 
 2DIAGNOSTIC,    20, -4.455167387896e-01, 5.490462792548e-05, 4.1443e+01, 7.5102e-02, 
 2DIAGNOSTIC,    21, -4.455912946996e-01, 3.845329005746e-05, 4.1553e+01, 1.1011e-01, 
 2DIAGNOSTIC,    22, -4.456118401358e-01, 3.319800452507e-05, 4.1628e+01, 7.5031e-02, 
 2DIAGNOSTIC,    23, -4.456261482333e-01, 2.712280938388e-05, 4.1702e+01, 7.4333e-02, 
 2DIAGNOSTIC,    24, -4.456611304591e-01, 2.296428368004e-05, 4.1777e+01, 7.5198e-02, 
 2DIAGNOSTIC,    25, -4.457881372942e-01, 2.253078501109e-05, 4.1897e+01, 1.2013e-01, 
 2DIAGNOSTIC,    26, -4.458077401852e-01, 2.205230500225e-05, 4.1973e+01, 7.5223e-02, 
 2DIAGNOSTIC,    27, -4.458159501756e-01, 2.164630560097e-05, 4.2047e+01, 7.4322e-02, 
 2DIAGNOSTIC,    28, -4.458244786448e-01, 2.037759827231e-05, 4.2123e+01, 7.5833e-02, 
 2DIAGNOSTIC,    29, -4.458551147392e-01, 1.856706776322e-05, 4.2232e+01, 1.0902e-01, 
 2DIAGNOSTIC,    30, -4.458713395085e-01, 1.615702784559e-05, 4.2307e+01, 7.5288e-02, 
 2DIAGNOSTIC,    31, -4.458826077157e-01, 1.423334816310e-05, 4.2381e+01, 7.4324e-02, 
 2DIAGNOSTIC,    32, -4.458963819132e-01, 1.190997248078e-05, 4.2457e+01, 7.5162e-02, 
 2DIAGNOSTIC,    33, -4.459332997478e-01, 9.697221066508e-06, 4.2555e+01, 9.7975e-02, 
 2DIAGNOSTIC,    34, -4.459428345740e-01, 7.537807924861e-06, 4.2630e+01, 7.5147e-02, 
 2DIAGNOSTIC,    35, -4.459607552874e-01, 7.517688413207e-06, 4.2704e+01, 7.4269e-02, 
 2DIAGNOSTIC,    36, -4.460794285543e-01, 9.332114105091e-06, 4.2814e+01, 1.1016e-01, 
 2DIAGNOSTIC,    37, -4.461611314738e-01, 1.174587932919e-05, 4.2888e+01, 7.4262e-02, 
 2DIAGNOSTIC,    38, -4.462273583642e-01, 1.422298332642e-05, 4.2964e+01, 7.5441e-02, 
 2DIAGNOSTIC,    39, -4.464027723112e-01, 1.868435052781e-05, 4.3050e+01, 8.6019e-02, 
 2DIAGNOSTIC,    40, -4.468722098226e-01, 2.892828423393e-05, 4.3149e+01, 9.8634e-02, 
 2DIAGNOSTIC,    41, -4.470088497934e-01, 3.809830985447e-05, 4.3223e+01, 7.4214e-02, 
 2DIAGNOSTIC,    42, -4.470591781595e-01, 4.427039481148e-05, 4.3310e+01, 8.6904e-02, 
 2DIAGNOSTIC,    43, -4.471852714417e-01, 4.853362328280e-05, 4.3384e+01, 7.4083e-02, 
 2DIAGNOSTIC,    44, -4.473108619310e-01, 4.994545345620e-05, 4.3482e+01, 9.8624e-02, 
 2DIAGNOSTIC,    45, -4.473768968051e-01, 4.761341333306e-05, 4.3568e+01, 8.6127e-02, 
 2DIAGNOSTIC,    46, -4.475811359647e-01, 4.536229610967e-05, 4.3655e+01, 8.6460e-02, 
 2DIAGNOSTIC,    47, -4.476567842912e-01, 4.111151911975e-05, 4.3741e+01, 8.6330e-02, 
 2DIAGNOSTIC,    48, -4.477327947401e-01, 3.507863490214e-05, 4.3828e+01, 8.7098e-02, 
 2DIAGNOSTIC,    49, -4.478106626288e-01, 2.914390273613e-05, 4.3914e+01, 8.5980e-02, 
 2DIAGNOSTIC,    50, -4.478279130156e-01, 2.688518205005e-05, 4.4001e+01, 8.6885e-02, 
 2DIAGNOSTIC,    51, -4.478736329751e-01, 2.447967281283e-05, 4.4088e+01, 8.6564e-02, 
 2DIAGNOSTIC,    52, -4.478948013695e-01, 2.071781994556e-05, 4.4186e+01, 9.8578e-02, 
 2DIAGNOSTIC,    53, -4.479017440656e-01, 1.675856613152e-05, 4.4273e+01, 8.6747e-02, 
 2DIAGNOSTIC,    54, -4.479057141849e-01, 1.293839800081e-05, 4.4348e+01, 7.5194e-02, 
 2DIAGNOSTIC,    55, -4.479089033293e-01, 8.827466688555e-06, 4.4423e+01, 7.5107e-02, 
 2DIAGNOSTIC,    56, -4.479193427608e-01, 6.508755172815e-06, 4.4499e+01, 7.5437e-02, 
 2DIAGNOSTIC,    57, -4.479504000805e-01, 4.876539390852e-06, 4.4609e+01, 1.0995e-01, 
 2DIAGNOSTIC,    58, -4.479535894019e-01, 3.733043007798e-06, 4.4685e+01, 7.5941e-02, 
 2DIAGNOSTIC,    59, -4.479560159526e-01, 3.198845367706e-06, 4.4760e+01, 7.4853e-02, 
 2DIAGNOSTIC,    60, -4.479615227432e-01, 2.662830588421e-06, 4.4893e+01, 1.3292e-01, 
 2DIAGNOSTIC,    61, -4.479621148158e-01, 2.415014681848e-06, 4.5002e+01, 1.0980e-01, 
 2DIAGNOSTIC,    62, -4.479621163134e-01, 2.205014747358e-06, 4.5077e+01, 7.4584e-02, 
 2DIAGNOSTIC,    63, -4.479621231006e-01, 1.909574794651e-06, 4.5152e+01, 7.4881e-02, 
 2DIAGNOSTIC,    64, -4.479621422604e-01, 1.532916441480e-06, 4.5227e+01, 7.5424e-02, 
 2DIAGNOSTIC,    65, -4.479622028739e-01, 1.100481711785e-06, 4.5302e+01, 7.4815e-02, 
DIAGNOSTIC,Iteration,metricValue,convergenceValue,ITERATION_TIME_INDEX,SINCE_LAST
 2DIAGNOSTIC,     1, -3.725394731119e-01, 1.797693134862e+308, 5.4926e+01, 9.6236e+00, 
 2DIAGNOSTIC,     2, -3.728649141127e-01, 1.797693134862e+308, 5.5524e+01, 5.9803e-01, 
 2DIAGNOSTIC,     3, -3.731129234439e-01, 1.797693134862e+308, 5.6107e+01, 5.8377e-01, 
 2DIAGNOSTIC,     4, -3.733482112262e-01, 1.797693134862e+308, 5.6701e+01, 5.9395e-01, 
 2DIAGNOSTIC,     5, -3.736064509753e-01, 1.797693134862e+308, 5.7382e+01, 6.8020e-01, 
 2DIAGNOSTIC,     6, -3.741003893877e-01, 1.797693134862e+308, 5.8281e+01, 8.9966e-01, 
 2DIAGNOSTIC,     7, -3.741771789236e-01, 1.797693134862e+308, 5.8875e+01, 5.9353e-01, 
 2DIAGNOSTIC,     8, -3.742009257939e-01, 1.797693134862e+308, 5.9476e+01, 6.0143e-01, 
 2DIAGNOSTIC,     9, -3.742591532186e-01, 1.797693134862e+308, 6.0157e+01, 6.8059e-01, 
 2DIAGNOSTIC,    10, -3.742908503946e-01, 3.227924801686e-04, 6.1051e+01, 8.9393e-01, 
 2DIAGNOSTIC,    11, -3.742948778204e-01, 2.371864993750e-04, 6.1637e+01, 5.8587e-01, 
 2DIAGNOSTIC,    12, -3.743277440319e-01, 1.674354333508e-04, 6.2232e+01, 5.9519e-01, 
 2DIAGNOSTIC,    13, -3.743464378545e-01, 1.093354130161e-04, 6.2819e+01, 5.8706e-01, 
 2DIAGNOSTIC,    14, -3.743597641096e-01, 6.326020369506e-05, 6.3414e+01, 5.9562e-01, 
 2DIAGNOSTIC,    15, -3.744528423965e-01, 3.490133146870e-05, 6.4390e+01, 9.7561e-01, 
 2DIAGNOSTIC,    16, -3.744760579262e-01, 3.148913011214e-05, 6.4986e+01, 5.9582e-01, 
 2DIAGNOSTIC,    17, -3.744801674028e-01, 2.940579577457e-05, 6.5575e+01, 5.8866e-01, 
 2DIAGNOSTIC,    18, -3.744923905375e-01, 2.652821971411e-05, 6.6171e+01, 5.9615e-01, 
 2DIAGNOSTIC,    19, -3.745492010736e-01, 2.622470372495e-05, 6.6952e+01, 7.8117e-01, 
 2DIAGNOSTIC,    20, -3.745536974018e-01, 2.494945147068e-05, 6.7648e+01, 6.9621e-01, 
 2DIAGNOSTIC,    21, -3.745595254346e-01, 2.195847161964e-05, 6.8427e+01, 7.7871e-01, 
 2DIAGNOSTIC,    22, -3.745707303657e-01, 1.891367704872e-05, 6.9021e+01, 5.9455e-01, 
 2DIAGNOSTIC,    23, -3.745706479899e-01, 1.513137084251e-05, 6.9605e+01, 5.8327e-01, 
 2DIAGNOSTIC,    24, -3.745801024603e-01, 1.099865265466e-05, 7.0492e+01, 8.8711e-01, 
 2DIAGNOSTIC,    25, -3.745834955987e-01, 9.195216881495e-06, 7.1173e+01, 6.8077e-01, 
 2DIAGNOSTIC,    26, -3.745934982602e-01, 7.779899801386e-06, 7.1864e+01, 6.9173e-01, 
 2DIAGNOSTIC,    27, -3.746160117429e-01, 6.604016561398e-06, 7.2446e+01, 5.8152e-01, 
 2DIAGNOSTIC,    28, -3.746202781412e-01, 5.392953622438e-06, 7.3042e+01, 5.9600e-01, 
 2DIAGNOSTIC,    29, -3.746229063600e-01, 5.427186963225e-06, 7.3818e+01, 7.7611e-01, 
 2DIAGNOSTIC,    30, -3.746251325811e-01, 5.224533122745e-06, 7.6174e+01, 2.3563e+00, 
 2DIAGNOSTIC,    31, -3.746251325630e-01, 4.773955100790e-06, 7.8517e+01, 2.3426e+00, 
 2DIAGNOSTIC,    32, -3.746251325630e-01, 4.257894109683e-06, 7.9301e+01, 7.8375e-01, 
 2DIAGNOSTIC,    33, -3.746251325630e-01, 3.457228643436e-06, 8.0075e+01, 7.7436e-01, 
 2DIAGNOSTIC,    34, -3.746251325630e-01, 2.685437574510e-06, 8.0761e+01, 6.8644e-01, 
 2DIAGNOSTIC,    35, -3.746251325630e-01, 1.865368320607e-06, 8.1439e+01, 6.7742e-01, 
 2DIAGNOSTIC,    36, -3.746251325630e-01, 1.199191459935e-06, 8.2422e+01, 9.8280e-01, 
DIAGNOSTIC,Iteration,metricValue,convergenceValue,ITERATION_TIME_INDEX,SINCE_LAST
 2DIAGNOSTIC,     1, -3.196591394328e-01, 1.797693134862e+308, 9.2557e+01, 1.0135e+01, 
  Elapsed time (stage 1): 9.4499e+01


Stage 2
  iterations = 100x100x70x50x0
  convergence threshold = 1.0000e-06
  convergence window size = 10
  number of levels = 5
  using the Mattes MI metric (number of bins = 32, weight = 1.0000e+00)
  preprocessing:  winsorizing the image intensities
  Shrink factors (level 1 out of 5): [10, 10, 10]
  Shrink factors (level 2 out of 5): [6, 6, 6]
  Shrink factors (level 3 out of 5): [4, 4, 4]
  Shrink factors (level 4 out of 5): [2, 2, 2]
  Shrink factors (level 5 out of 5): [1, 1, 1]
  smoothing sigmas per level: [5, 3, 2, 1, 0]
  Using default NONE metricSamplingStrategy 

*** Running SyN registration (varianceForUpdateField = 3.0000e+00, varianceForTotalField = 0.0000e+00) ***

XXDIAGNOSTIC,Iteration,metricValue,convergenceValue,ITERATION_TIME_INDEX,SINCE_LAST
 1DIAGNOSTIC,     1, -5.358797964423e-01, 1.797693134862e+308, 3.6337e+01, 3.6337e+01, 
 1DIAGNOSTIC,     2, -5.537762351575e-01, 1.797693134862e+308, 3.6479e+01, 1.4183e-01, 
 1DIAGNOSTIC,     3, -5.634593804853e-01, 1.797693134862e+308, 3.6615e+01, 1.3584e-01, 
 1DIAGNOSTIC,     4, -5.682681910566e-01, 1.797693134862e+308, 3.6754e+01, 1.3860e-01, 
 1DIAGNOSTIC,     5, -5.680669205707e-01, 1.797693134862e+308, 3.6890e+01, 1.3598e-01, 
 1DIAGNOSTIC,     6, -5.648057084086e-01, 1.797693134862e+308, 3.7025e+01, 1.3576e-01, 
 1DIAGNOSTIC,     7, -5.622147092271e-01, 1.797693134862e+308, 3.7161e+01, 1.3589e-01, 
 1DIAGNOSTIC,     8, -5.610038055066e-01, 1.797693134862e+308, 3.7297e+01, 1.3582e-01, 
 1DIAGNOSTIC,     9, -5.593776147170e-01, 1.797693134862e+308, 3.7433e+01, 1.3569e-01, 
 1DIAGNOSTIC,    10, -5.565115108864e-01, 1.041597911568e-03, 3.7569e+01, 1.3644e-01, 
 1DIAGNOSTIC,    11, -5.535176991519e-01, -7.505559361232e-04, 3.7706e+01, 1.3662e-01, 
XXDIAGNOSTIC,Iteration,metricValue,convergenceValue,ITERATION_TIME_INDEX,SINCE_LAST
 1DIAGNOSTIC,     1, -4.384012170077e-01, 1.797693134862e+308, 5.4494e+01, 1.6788e+01, 
 1DIAGNOSTIC,     2, -4.408655793102e-01, 1.797693134862e+308, 5.5032e+01, 5.3847e-01, 
 1DIAGNOSTIC,     3, -4.415679537571e-01, 1.797693134862e+308, 5.5572e+01, 5.3963e-01, 
 1DIAGNOSTIC,     4, -4.415375959103e-01, 1.797693134862e+308, 5.6111e+01, 5.3985e-01, 
 1DIAGNOSTIC,     5, -4.412365278009e-01, 1.797693134862e+308, 5.6652e+01, 5.4033e-01, 
 1DIAGNOSTIC,     6, -4.406511846760e-01, 1.797693134862e+308, 5.7192e+01, 5.4060e-01, 
 1DIAGNOSTIC,     7, -4.395902362380e-01, 1.797693134862e+308, 5.7733e+01, 5.4051e-01, 
 1DIAGNOSTIC,     8, -4.385984537179e-01, 1.797693134862e+308, 5.8274e+01, 5.4132e-01, 
 1DIAGNOSTIC,     9, -4.375387373628e-01, 1.797693134862e+308, 5.8815e+01, 5.4068e-01, 
 1DIAGNOSTIC,    10, -4.362796091021e-01, -5.216718745925e-04, 5.9357e+01, 5.4172e-01, 
XXDIAGNOSTIC,Iteration,metricValue,convergenceValue,ITERATION_TIME_INDEX,SINCE_LAST
 1DIAGNOSTIC,     1, -3.714478426967e-01, 1.797693134862e+308, 7.0041e+01, 1.0685e+01, 
 1DIAGNOSTIC,     2, -3.722146204608e-01, 1.797693134862e+308, 7.1789e+01, 1.7474e+00, 
 1DIAGNOSTIC,     3, -3.726880332261e-01, 1.797693134862e+308, 7.3488e+01, 1.6992e+00, 
 1DIAGNOSTIC,     4, -3.726942976002e-01, 1.797693134862e+308, 7.5186e+01, 1.6981e+00, 
 1DIAGNOSTIC,     5, -3.726263347782e-01, 1.797693134862e+308, 7.6886e+01, 1.6997e+00, 
 1DIAGNOSTIC,     6, -3.724181552708e-01, 1.797693134862e+308, 7.8591e+01, 1.7048e+00, 
 1DIAGNOSTIC,     7, -3.722009864467e-01, 1.797693134862e+308, 8.0287e+01, 1.6965e+00, 
 1DIAGNOSTIC,     8, -3.718234073671e-01, 1.797693134862e+308, 8.1986e+01, 1.6991e+00, 
 1DIAGNOSTIC,     9, -3.714132146485e-01, 1.797693134862e+308, 8.3734e+01, 1.7481e+00, 
 1DIAGNOSTIC,    10, -3.710432179629e-01, -1.478012310537e-04, 8.5448e+01, 1.7136e+00, 
XXDIAGNOSTIC,Iteration,metricValue,convergenceValue,ITERATION_TIME_INDEX,SINCE_LAST
 1DIAGNOSTIC,     1, -3.127644537578e-01, 1.797693134862e+308, 1.0484e+02, 1.9393e+01, 
 1DIAGNOSTIC,     2, -3.136487566033e-01, 1.797693134862e+308, 1.1757e+02, 1.2733e+01, 
 1DIAGNOSTIC,     3, -3.145303148371e-01, 1.797693134862e+308, 1.3030e+02, 1.2730e+01, 
 1DIAGNOSTIC,     4, -3.153278269466e-01, 1.797693134862e+308, 1.4346e+02, 1.3157e+01, 
 1DIAGNOSTIC,     5, -3.160883877120e-01, 1.797693134862e+308, 1.5614e+02, 1.2684e+01, 
 1DIAGNOSTIC,     6, -3.167648185923e-01, 1.797693134862e+308, 1.6887e+02, 1.2729e+01, 
 1DIAGNOSTIC,     7, -3.173602352917e-01, 1.797693134862e+308, 1.8253e+02, 1.3659e+01, 
 1DIAGNOSTIC,     8, -3.179783302680e-01, 1.797693134862e+308, 1.9572e+02, 1.3188e+01, 
 1DIAGNOSTIC,     9, -3.183789843831e-01, 1.797693134862e+308, 2.0925e+02, 1.3534e+01, 
 1DIAGNOSTIC,    10, -3.187695878265e-01, 1.227446794524e-03, 2.2282e+02, 1.3567e+01, 
 1DIAGNOSTIC,    11, -3.190842312807e-01, 1.004116751022e-03, 2.3642e+02, 1.3601e+01, 
 1DIAGNOSTIC,    12, -3.193141322636e-01, 8.106822265024e-04, 2.4955e+02, 1.3125e+01, 
 1DIAGNOSTIC,    13, -3.195172985562e-01, 6.482195413975e-04, 2.6272e+02, 1.3169e+01, 
 1DIAGNOSTIC,    14, -3.196906017040e-01, 5.118680668734e-04, 2.7594e+02, 1.3226e+01, 
 1DIAGNOSTIC,    15, -3.198498075937e-01, 4.016481648784e-04, 2.8910e+02, 1.3155e+01, 
 1DIAGNOSTIC,    16, -3.200144745803e-01, 3.151965241267e-04, 3.0271e+02, 1.3611e+01, 
 1DIAGNOSTIC,    17, -3.201745518287e-01, 2.492872186610e-04, 3.1586e+02, 1.3152e+01, 
 1DIAGNOSTIC,    18, -3.203004287964e-01, 2.045493304775e-04, 3.2946e+02, 1.3600e+01, 
 1DIAGNOSTIC,    19, -3.204970673201e-01, 1.735481843889e-04, 3.4305e+02, 1.3595e+01, 
 1DIAGNOSTIC,    20, -3.206395406035e-01, 1.531485271912e-04, 3.5673e+02, 1.3674e+01, 
 1DIAGNOSTIC,    21, -3.207694664778e-01, 1.392922981195e-04, 3.7032e+02, 1.3588e+01, 
 1DIAGNOSTIC,    22, -3.209467288418e-01, 1.302185250737e-04, 3.8394e+02, 1.3624e+01, 
 1DIAGNOSTIC,    23, -3.210367774429e-01, 1.210803520014e-04, 3.9751e+02, 1.3566e+01, 
 1DIAGNOSTIC,    24, -3.211144197929e-01, 1.107253834532e-04, 4.1062e+02, 1.3117e+01, 
 1DIAGNOSTIC,    25, -3.211047316509e-01, 9.617808560618e-05, 4.2422e+02, 1.3594e+01, 
 1DIAGNOSTIC,    26, -3.211570557994e-01, 8.125719567696e-05, 4.3739e+02, 1.3170e+01, 
 1DIAGNOSTIC,    27, -3.211449696185e-01, 6.469875323029e-05, 4.5103e+02, 1.3638e+01, 
 1DIAGNOSTIC,    28, -3.212565297074e-01, 5.078893019578e-05, 4.6466e+02, 1.3638e+01, 
 1DIAGNOSTIC,    29, -3.213140370924e-01, 4.085151892229e-05, 4.7826e+02, 1.3597e+01, 
 1DIAGNOSTIC,    30, -3.214437440023e-01, 3.587692621496e-05, 4.9185e+02, 1.3590e+01, 
 1DIAGNOSTIC,    31, -3.215037442164e-01, 3.325123820207e-05, 5.0550e+02, 1.3650e+01, 
 1DIAGNOSTIC,    32, -3.215540116613e-01, 3.402903001270e-05, 5.1905e+02, 1.3553e+01, 
 1DIAGNOSTIC,    33, -3.216032657897e-01, 3.532677001192e-05, 5.3265e+02, 1.3598e+01, 
 1DIAGNOSTIC,    34, -3.216563773006e-01, 3.668286510345e-05, 5.4630e+02, 1.3651e+01, 
 1DIAGNOSTIC,    35, -3.216954826041e-01, 3.524803401878e-05, 5.6001e+02, 1.3704e+01, 
 1DIAGNOSTIC,    36, -3.217355318568e-01, 3.294279459037e-05, 5.7367e+02, 1.3665e+01, 
 1DIAGNOSTIC,    37, -3.217494257715e-01, 2.772140449234e-05, 5.8730e+02, 1.3625e+01, 
 1DIAGNOSTIC,    38, -3.217733814930e-01, 2.339974452737e-05, 6.0087e+02, 1.3572e+01, 
 1DIAGNOSTIC,    39, -3.217580589624e-01, 1.803887421500e-05, 6.1444e+02, 1.3566e+01, 
 1DIAGNOSTIC,    40, -3.217746147614e-01, 1.454819770954e-05, 6.2801e+02, 1.3577e+01, 
 1DIAGNOSTIC,    41, -3.217688989389e-01, 1.106954450499e-05, 6.4162e+02, 1.3606e+01, 
 1DIAGNOSTIC,    42, -3.217935644807e-01, 8.350197551923e-06, 6.5516e+02, 1.3543e+01, 
 1DIAGNOSTIC,    43, -3.218096209823e-01, 6.355864522571e-06, 6.6868e+02, 1.3519e+01, 
 1DIAGNOSTIC,    44, -3.218298343845e-01, 5.385524512118e-06, 6.8221e+02, 1.3526e+01, 
 1DIAGNOSTIC,    45, -3.217978494662e-01, 4.138430867072e-06, 6.9575e+02, 1.3548e+01, 
 1DIAGNOSTIC,    46, -3.218150319994e-01, 3.742305198711e-06, 7.0931e+02, 1.3554e+01, 
 1DIAGNOSTIC,    47, -3.218006990679e-01, 3.032891871285e-06, 7.2284e+02, 1.3527e+01, 
 1DIAGNOSTIC,    48, -3.218305485855e-01, 3.126990772300e-06, 7.3641e+02, 1.3572e+01, 
 1DIAGNOSTIC,    49, -3.218302990892e-01, 2.678144746752e-06, 7.5004e+02, 1.3629e+01, 
 1DIAGNOSTIC,    50, -3.218477946543e-01, 2.680072534716e-06, 7.6361e+02, 1.3570e+01, 
  Elapsed time (stage 2): 784.4


Total elapsed time: 957.1

--- Writing output images ---

Using double precision for computations.
Input scalar image: data/Segmentations/1110_3_seg.nii.gz
Reference image: data/template/T_template0_BrainCerebellum.nii.gz
=============================================================================
The composite transform comprises the following transforms (in order): 
  1. /tmp/1971392.1.basic.q/1110_ToTemplate_010_0GenericAffine.mat (type = AffineTransform)
  2. /tmp/1971392.1.basic.q/1110_ToTemplate_010_1Warp.nii.gz (type = DisplacementFieldTransform)
=============================================================================
Default pixel value: 0
Interpolation type: LabelImageGenericInterpolateImageFunction
Output warped image: output/1110/1110_WarpedLabels_010.nii.gz

--- Done ---

