
--- Running on compute-1-15.local ---


--- registration call ---
/data/jet/pcook/bin/antsBuild/bin/antsRegistrationSyNQuick.sh -d 3 -f data/template/T_template0_BrainCerebellum.nii.gz -m data/Brains/1110_3.nii.gz -t s -p d -n 2 -o /tmp/1971401.1.basic.q/1110_ToTemplate_019_
---


--------------------------------------------------------------------------------------
 Mapping parameters
--------------------------------------------------------------------------------------
 ANTSPATH is /data/jet/pcook/bin/antsBuild/bin/

 Dimensionality:           3
 Output name prefix:       /tmp/1971401.1.basic.q/1110_ToTemplate_019_
 Fixed images:             data/template/T_template0_BrainCerebellum.nii.gz
 Moving images:            data/Brains/1110_3.nii.gz
 Mask images:              
 Initial transforms:       
 Number of threads:        2
 Spline distance:          26
 Transform type:           s
 MI histogram bins:        32
 Precision:                d
 Use histogram matching    0
======================================================================================
 antsRegistration call:
--------------------------------------------------------------------------------------
/data/jet/pcook/bin/antsBuild/bin//antsRegistration --verbose 1 --dimensionality 3 --float 0 --collapse-output-transforms 1 --output [/tmp/1971401.1.basic.q/1110_ToTemplate_019_,/tmp/1971401.1.basic.q/1110_ToTemplate_019_Warped.nii.gz,/tmp/1971401.1.basic.q/1110_ToTemplate_019_InverseWarped.nii.gz] --interpolation Linear --use-histogram-matching 0 --winsorize-image-intensities [0.005,0.995] --initial-moving-transform [data/template/T_template0_BrainCerebellum.nii.gz,data/Brains/1110_3.nii.gz,1] --transform Rigid[0.1] --metric MI[data/template/T_template0_BrainCerebellum.nii.gz,data/Brains/1110_3.nii.gz,1,32,Regular,0.25] --convergence [1000x500x250x0,1e-6,10] --shrink-factors 12x8x4x2 --smoothing-sigmas 4x3x2x1vox --transform Affine[0.1] --metric MI[data/template/T_template0_BrainCerebellum.nii.gz,data/Brains/1110_3.nii.gz,1,32,Regular,0.25] --convergence [1000x500x250x0,1e-6,10] --shrink-factors 12x8x4x2 --smoothing-sigmas 4x3x2x1vox --transform SyN[0.1,3,0] --metric MI[data/template/T_template0_BrainCerebellum.nii.gz,data/Brains/1110_3.nii.gz,1,32] --convergence [100x100x70x50x0,1e-6,10] --shrink-factors 10x6x4x2x1 --smoothing-sigmas 5x3x2x1x0vox
--------------------------------------------------------------------------------------
All_Command_lines_OK
Using double precision for computations.
=============================================================================
The composite transform comprises the following transforms (in order): 
  1. Center of mass alignment using fixed image: data/template/T_template0_BrainCerebellum.nii.gz and moving image: data/Brains/1110_3.nii.gz (type = Euler3DTransform)
=============================================================================
  number of levels = 4
  number of levels = 4
  number of levels = 5
  fixed image: data/template/T_template0_BrainCerebellum.nii.gz
  moving image: data/Brains/1110_3.nii.gz
  fixed image: data/template/T_template0_BrainCerebellum.nii.gz
  moving image: data/Brains/1110_3.nii.gz
  fixed image: data/template/T_template0_BrainCerebellum.nii.gz
  moving image: data/Brains/1110_3.nii.gz
Dimension = 3
Number of stages = 3
Use Histogram Matching false
Winsorize image intensities true
Lower quantile = 0.005
Upper quantile = 0.995
Stage 1 State
   Image metric = Mattes
     Fixed image = Image (0x5195f40)
  RTTI typeinfo:   itk::Image<double, 3u>
  Reference Count: 2
  Modified Time: 1611
  Debug: Off
  Object Name: 
  Observers: 
    none
  Source: (none)
  Source output name: (none)
  Release Data: Off
  Data Released: False
  Global Release Data: Off
  PipelineMTime: 0
  UpdateMTime: 1422
  RealTimeStamp: 0 seconds 
  LargestPossibleRegion: 
    Dimension: 3
    Index: [0, 0, 0]
    Size: [216, 256, 291]
  BufferedRegion: 
    Dimension: 3
    Index: [0, 0, 0]
    Size: [216, 256, 291]
  RequestedRegion: 
    Dimension: 3
    Index: [0, 0, 0]
    Size: [216, 256, 291]
  Spacing: [1, 1, 1]
  Origin: [0, 293, 0]
  Direction: 
1 0 0
0 -0 -1
0 -1 -0

  IndexToPointMatrix: 
1 0 0
0 0 -1
0 -1 0

  PointToIndexMatrix: 
1 0 0
0 0 -1
0 -1 0

  Inverse Direction: 
1 0 0
0 0 -1
0 -1 0

  PixelContainer: 
    ImportImageContainer (0x5199a40)
      RTTI typeinfo:   itk::ImportImageContainer<unsigned long, double>
      Reference Count: 1
      Modified Time: 1419
      Debug: Off
      Object Name: 
      Observers: 
        none
      Pointer: 0x7f5648689010
      Container manages memory: true
      Size: 16091136
      Capacity: 16091136

     Moving image = Image (0x5197fa0)
  RTTI typeinfo:   itk::Image<double, 3u>
  Reference Count: 2
  Modified Time: 1612
  Debug: Off
  Object Name: 
  Observers: 
    none
  Source: (none)
  Source output name: (none)
  Release Data: Off
  Data Released: False
  Global Release Data: Off
  PipelineMTime: 0
  UpdateMTime: 1609
  RealTimeStamp: 0 seconds 
  LargestPossibleRegion: 
    Dimension: 3
    Index: [0, 0, 0]
    Size: [256, 256, 321]
  BufferedRegion: 
    Dimension: 3
    Index: [0, 0, 0]
    Size: [256, 256, 321]
  RequestedRegion: 
    Dimension: 3
    Index: [0, 0, 0]
    Size: [256, 256, 321]
  Spacing: [1, 1, 1]
  Origin: [0, 320, 0]
  Direction: 
1 0 0
0 -0 -1
0 -1 -0

  IndexToPointMatrix: 
1 0 0
0 0 -1
0 -1 0

  PointToIndexMatrix: 
1 0 0
0 0 -1
0 -1 0

  Inverse Direction: 
1 0 0
0 0 -1
0 -1 0

  PixelContainer: 
    ImportImageContainer (0x5188f60)
      RTTI typeinfo:   itk::ImportImageContainer<unsigned long, double>
      Reference Count: 1
      Modified Time: 1606
      Debug: Off
      Object Name: 
      Observers: 
        none
      Pointer: 0x7f563e608010
      Container manages memory: true
      Size: 21037056
      Capacity: 21037056

     Weighting = 1
     Sampling strategy = regular
     Number of bins = 32
     Radius = 4
     Sampling percentage  = 0.25
   Transform = Rigid
     Gradient step = 0.1
     Update field sigma (voxel space) = 0
     Total field sigma (voxel space) = 0
     Update field time sigma = 0
     Total field time sigma  = 0
     Number of time indices = 0
     Number of time point samples = 0
Stage 2 State
   Image metric = Mattes
     Fixed image = Image (0x519c950)
  RTTI typeinfo:   itk::Image<double, 3u>
  Reference Count: 2
  Modified Time: 1987
  Debug: Off
  Object Name: 
  Observers: 
    none
  Source: (none)
  Source output name: (none)
  Release Data: Off
  Data Released: False
  Global Release Data: Off
  PipelineMTime: 0
  UpdateMTime: 1798
  RealTimeStamp: 0 seconds 
  LargestPossibleRegion: 
    Dimension: 3
    Index: [0, 0, 0]
    Size: [216, 256, 291]
  BufferedRegion: 
    Dimension: 3
    Index: [0, 0, 0]
    Size: [216, 256, 291]
  RequestedRegion: 
    Dimension: 3
    Index: [0, 0, 0]
    Size: [216, 256, 291]
  Spacing: [1, 1, 1]
  Origin: [0, 293, 0]
  Direction: 
1 0 0
0 -0 -1
0 -1 -0

  IndexToPointMatrix: 
1 0 0
0 0 -1
0 -1 0

  PointToIndexMatrix: 
1 0 0
0 0 -1
0 -1 0

  Inverse Direction: 
1 0 0
0 0 -1
0 -1 0

  PixelContainer: 
    ImportImageContainer (0x5198bc0)
      RTTI typeinfo:   itk::ImportImageContainer<unsigned long, double>
      Reference Count: 1
      Modified Time: 1795
      Debug: Off
      Object Name: 
      Observers: 
        none
      Pointer: 0x7f5636b43010
      Container manages memory: true
      Size: 16091136
      Capacity: 16091136

     Moving image = Image (0x51a92d0)
  RTTI typeinfo:   itk::Image<double, 3u>
  Reference Count: 2
  Modified Time: 1988
  Debug: Off
  Object Name: 
  Observers: 
    none
  Source: (none)
  Source output name: (none)
  Release Data: Off
  Data Released: False
  Global Release Data: Off
  PipelineMTime: 0
  UpdateMTime: 1985
  RealTimeStamp: 0 seconds 
  LargestPossibleRegion: 
    Dimension: 3
    Index: [0, 0, 0]
    Size: [256, 256, 321]
  BufferedRegion: 
    Dimension: 3
    Index: [0, 0, 0]
    Size: [256, 256, 321]
  RequestedRegion: 
    Dimension: 3
    Index: [0, 0, 0]
    Size: [256, 256, 321]
  Spacing: [1, 1, 1]
  Origin: [0, 320, 0]
  Direction: 
1 0 0
0 -0 -1
0 -1 -0

  IndexToPointMatrix: 
1 0 0
0 0 -1
0 -1 0

  PointToIndexMatrix: 
1 0 0
0 0 -1
0 -1 0

  Inverse Direction: 
1 0 0
0 0 -1
0 -1 0

  PixelContainer: 
    ImportImageContainer (0x51a8c50)
      RTTI typeinfo:   itk::ImportImageContainer<unsigned long, double>
      Reference Count: 1
      Modified Time: 1982
      Debug: Off
      Object Name: 
      Observers: 
        none
      Pointer: 0x7f562cac2010
      Container manages memory: true
      Size: 21037056
      Capacity: 21037056

     Weighting = 1
     Sampling strategy = regular
     Number of bins = 32
     Radius = 4
     Sampling percentage  = 0.25
   Transform = Affine
     Gradient step = 0.1
     Update field sigma (voxel space) = 0
     Total field sigma (voxel space) = 0
     Update field time sigma = 0
     Total field time sigma  = 0
     Number of time indices = 0
     Number of time point samples = 0
Stage 3 State
   Image metric = Mattes
     Fixed image = Image (0x51af170)
  RTTI typeinfo:   itk::Image<double, 3u>
  Reference Count: 2
  Modified Time: 2363
  Debug: Off
  Object Name: 
  Observers: 
    none
  Source: (none)
  Source output name: (none)
  Release Data: Off
  Data Released: False
  Global Release Data: Off
  PipelineMTime: 0
  UpdateMTime: 2174
  RealTimeStamp: 0 seconds 
  LargestPossibleRegion: 
    Dimension: 3
    Index: [0, 0, 0]
    Size: [216, 256, 291]
  BufferedRegion: 
    Dimension: 3
    Index: [0, 0, 0]
    Size: [216, 256, 291]
  RequestedRegion: 
    Dimension: 3
    Index: [0, 0, 0]
    Size: [216, 256, 291]
  Spacing: [1, 1, 1]
  Origin: [0, 293, 0]
  Direction: 
1 0 0
0 -0 -1
0 -1 -0

  IndexToPointMatrix: 
1 0 0
0 0 -1
0 -1 0

  PointToIndexMatrix: 
1 0 0
0 0 -1
0 -1 0

  Inverse Direction: 
1 0 0
0 0 -1
0 -1 0

  PixelContainer: 
    ImportImageContainer (0x51aa2d0)
      RTTI typeinfo:   itk::ImportImageContainer<unsigned long, double>
      Reference Count: 1
      Modified Time: 2171
      Debug: Off
      Object Name: 
      Observers: 
        none
      Pointer: 0x7f5624ffd010
      Container manages memory: true
      Size: 16091136
      Capacity: 16091136

     Moving image = Image (0x51aebe0)
  RTTI typeinfo:   itk::Image<double, 3u>
  Reference Count: 2
  Modified Time: 2364
  Debug: Off
  Object Name: 
  Observers: 
    none
  Source: (none)
  Source output name: (none)
  Release Data: Off
  Data Released: False
  Global Release Data: Off
  PipelineMTime: 0
  UpdateMTime: 2361
  RealTimeStamp: 0 seconds 
  LargestPossibleRegion: 
    Dimension: 3
    Index: [0, 0, 0]
    Size: [256, 256, 321]
  BufferedRegion: 
    Dimension: 3
    Index: [0, 0, 0]
    Size: [256, 256, 321]
  RequestedRegion: 
    Dimension: 3
    Index: [0, 0, 0]
    Size: [256, 256, 321]
  Spacing: [1, 1, 1]
  Origin: [0, 320, 0]
  Direction: 
1 0 0
0 -0 -1
0 -1 -0

  IndexToPointMatrix: 
1 0 0
0 0 -1
0 -1 0

  PointToIndexMatrix: 
1 0 0
0 0 -1
0 -1 0

  Inverse Direction: 
1 0 0
0 0 -1
0 -1 0

  PixelContainer: 
    ImportImageContainer (0x51b0ef0)
      RTTI typeinfo:   itk::ImportImageContainer<unsigned long, double>
      Reference Count: 1
      Modified Time: 2358
      Debug: Off
      Object Name: 
      Observers: 
        none
      Pointer: 0x7f561af7c010
      Container manages memory: true
      Size: 21037056
      Capacity: 21037056

     Weighting = 1
     Sampling strategy = none
     Number of bins = 32
     Radius = 4
     Sampling percentage  = 1
   Transform = SyN
     Gradient step = 0.1
     Update field sigma (voxel space) = 3
     Total field sigma (voxel space) = 0
     Update field time sigma = 0
     Total field time sigma  = 0
     Number of time indices = 0
     Number of time point samples = 0
Registration using 3 total stages.

Stage 0
  iterations = 1000x500x250x0
  convergence threshold = 1e-06
  convergence window size = 10
  number of levels = 4
  using the Mattes MI metric (number of bins = 32, weight = 1)
  preprocessing:  winsorizing the image intensities
  Shrink factors (level 1 out of 4): [12, 12, 12]
  Shrink factors (level 2 out of 4): [8, 8, 8]
  Shrink factors (level 3 out of 4): [4, 4, 4]
  Shrink factors (level 4 out of 4): [2, 2, 2]
  smoothing sigmas per level: [4, 3, 2, 1]
  regular sampling (percentage = 0.25)

*** Running Euler3DTransform registration ***

DIAGNOSTIC,Iteration,metricValue,convergenceValue,ITERATION_TIME_INDEX,SINCE_LAST
 2DIAGNOSTIC,     1, -4.680454359350e-01, 1.797693134862e+308, 2.2873e+01, 2.2873e+01, 
 2DIAGNOSTIC,     2, -4.693690117121e-01, 1.797693134862e+308, 2.2884e+01, 1.1283e-02, 
 2DIAGNOSTIC,     3, -4.709721879780e-01, 1.797693134862e+308, 2.2895e+01, 1.1015e-02, 
 2DIAGNOSTIC,     4, -4.720866950507e-01, 1.797693134862e+308, 2.2906e+01, 1.1276e-02, 
 2DIAGNOSTIC,     5, -4.725948350199e-01, 1.797693134862e+308, 2.2918e+01, 1.1141e-02, 
 2DIAGNOSTIC,     6, -4.731252617550e-01, 1.797693134862e+308, 2.2929e+01, 1.0973e-02, 
 2DIAGNOSTIC,     7, -4.737843361452e-01, 1.797693134862e+308, 2.2940e+01, 1.1106e-02, 
 2DIAGNOSTIC,     8, -4.758473432463e-01, 1.797693134862e+308, 2.2954e+01, 1.4373e-02, 
 2DIAGNOSTIC,     9, -4.760278715493e-01, 1.797693134862e+308, 2.2968e+01, 1.4147e-02, 
 2DIAGNOSTIC,    10, -4.761131005021e-01, 1.096518670386e-03, 2.2980e+01, 1.1945e-02, 
 2DIAGNOSTIC,    11, -4.765577083441e-01, 8.806785634621e-04, 2.2994e+01, 1.3591e-02, 
 2DIAGNOSTIC,    12, -4.778082457913e-01, 7.483067287863e-04, 2.3009e+01, 1.5000e-02, 
 2DIAGNOSTIC,    13, -4.778858034138e-01, 6.428454049610e-04, 2.3022e+01, 1.3136e-02, 
 2DIAGNOSTIC,    14, -4.779398245331e-01, 5.449592010185e-04, 2.3036e+01, 1.4578e-02, 
 2DIAGNOSTIC,    15, -4.779464805722e-01, 4.329574519620e-04, 2.3049e+01, 1.3030e-02, 
 2DIAGNOSTIC,    16, -4.779467136140e-01, 3.153546248513e-04, 2.3062e+01, 1.3010e-02, 
 2DIAGNOSTIC,    17, -4.779469810014e-01, 2.033218767154e-04, 2.3074e+01, 1.1353e-02, 
 2DIAGNOSTIC,    18, -4.779478760168e-01, 1.537188042825e-04, 2.3085e+01, 1.1360e-02, 
 2DIAGNOSTIC,    19, -4.779503181521e-01, 1.017473990313e-04, 2.3097e+01, 1.1362e-02, 
 2DIAGNOSTIC,    20, -4.779544462722e-01, 4.847454413139e-05, 2.3108e+01, 1.1396e-02, 
 2DIAGNOSTIC,    21, -4.779620396356e-01, 7.837353032294e-06, 2.3121e+01, 1.2878e-02, 
 2DIAGNOSTIC,    22, -4.779671230736e-01, 4.391284450948e-06, 2.3138e+01, 1.7471e-02, 
 2DIAGNOSTIC,    23, -4.779704180273e-01, 3.033651001662e-06, 2.3150e+01, 1.1337e-02, 
 2DIAGNOSTIC,    24, -4.779717448492e-01, 3.009533822970e-06, 2.3161e+01, 1.1371e-02, 
 2DIAGNOSTIC,    25, -4.779739477439e-01, 3.041199200957e-06, 2.3172e+01, 1.1431e-02, 
 2DIAGNOSTIC,    26, -4.779784240558e-01, 3.010190785788e-06, 2.3193e+01, 2.0502e-02, 
 2DIAGNOSTIC,    27, -4.779784942938e-01, 2.818190321975e-06, 2.3206e+01, 1.2911e-02, 
 2DIAGNOSTIC,    28, -4.779785369905e-01, 2.508130487459e-06, 2.3217e+01, 1.1331e-02, 
 2DIAGNOSTIC,    29, -4.779786246592e-01, 2.144241583825e-06, 2.3229e+01, 1.1392e-02, 
 2DIAGNOSTIC,    30, -4.779790455088e-01, 1.793354330232e-06, 2.3240e+01, 1.1298e-02, 
 2DIAGNOSTIC,    31, -4.779800428110e-01, 1.558121034660e-06, 2.3251e+01, 1.1258e-02, 
 2DIAGNOSTIC,    32, -4.779895126863e-01, 1.557415575469e-06, 2.3262e+01, 1.1324e-02, 
 2DIAGNOSTIC,    33, -4.779924772355e-01, 1.613360579342e-06, 2.3281e+01, 1.8992e-02, 
 2DIAGNOSTIC,    34, -4.779925927607e-01, 1.630578312959e-06, 2.3294e+01, 1.2900e-02, 
 2DIAGNOSTIC,    35, -4.779926211114e-01, 1.619932530974e-06, 2.3307e+01, 1.2877e-02, 
 2DIAGNOSTIC,    36, -4.779926538490e-01, 1.617166425407e-06, 2.3319e+01, 1.1374e-02, 
 2DIAGNOSTIC,    37, -4.779927364259e-01, 1.544785315166e-06, 2.3330e+01, 1.1355e-02, 
 2DIAGNOSTIC,    38, -4.779930585689e-01, 1.415883512226e-06, 2.3341e+01, 1.1394e-02, 
 2DIAGNOSTIC,    39, -4.779939707752e-01, 1.256022058024e-06, 2.3353e+01, 1.1369e-02, 
 2DIAGNOSTIC,    40, -4.779952552723e-01, 1.089498232208e-06, 2.3364e+01, 1.1371e-02, 
 2DIAGNOSTIC,    41, -4.780031626335e-01, 1.029033543858e-06, 2.3385e+01, 2.0572e-02, 
 2DIAGNOSTIC,    42, -4.780031829369e-01, 1.078205411568e-06, 2.3399e+01, 1.4431e-02, 
 2DIAGNOSTIC,    43, -4.780031844593e-01, 1.137194993023e-06, 2.3413e+01, 1.4413e-02, 
 2DIAGNOSTIC,    44, -4.780031847686e-01, 1.158736032736e-06, 2.3426e+01, 1.2908e-02, 
 2DIAGNOSTIC,    45, -4.780031848768e-01, 1.137545417539e-06, 2.3439e+01, 1.2820e-02, 
 2DIAGNOSTIC,    46, -4.780031849189e-01, 1.075089780846e-06, 2.3452e+01, 1.2951e-02, 
DIAGNOSTIC,Iteration,metricValue,convergenceValue,ITERATION_TIME_INDEX,SINCE_LAST
 2DIAGNOSTIC,     1, -4.112752922664e-01, 1.797693134862e+308, 3.9794e+01, 1.6342e+01, 
 2DIAGNOSTIC,     2, -4.119271570013e-01, 1.797693134862e+308, 3.9854e+01, 6.0477e-02, 
 2DIAGNOSTIC,     3, -4.127184881936e-01, 1.797693134862e+308, 3.9915e+01, 6.0881e-02, 
 2DIAGNOSTIC,     4, -4.135314413712e-01, 1.797693134862e+308, 3.9976e+01, 6.0750e-02, 
 2DIAGNOSTIC,     5, -4.139021446787e-01, 1.797693134862e+308, 4.0037e+01, 6.0732e-02, 
 2DIAGNOSTIC,     6, -4.141356620319e-01, 1.797693134862e+308, 4.0098e+01, 6.0983e-02, 
 2DIAGNOSTIC,     7, -4.145318465237e-01, 1.797693134862e+308, 4.0180e+01, 8.2933e-02, 
 2DIAGNOSTIC,     8, -4.146169998532e-01, 1.797693134862e+308, 4.0252e+01, 7.1807e-02, 
 2DIAGNOSTIC,     9, -4.145782523524e-01, 1.797693134862e+308, 4.0335e+01, 8.2955e-02, 
 2DIAGNOSTIC,    10, -4.147827404247e-01, 5.296896683209e-04, 4.0397e+01, 6.1511e-02, 
 2DIAGNOSTIC,    11, -4.147868178989e-01, 3.649421250280e-04, 4.0458e+01, 6.1299e-02, 
 2DIAGNOSTIC,    12, -4.148766538425e-01, 2.369658044083e-04, 4.0519e+01, 6.1410e-02, 
 2DIAGNOSTIC,    13, -4.150594560097e-01, 1.581250842560e-04, 4.0614e+01, 9.4279e-02, 
 2DIAGNOSTIC,    14, -4.150769277675e-01, 1.168736133128e-04, 4.0675e+01, 6.1229e-02, 
 2DIAGNOSTIC,    15, -4.151080807049e-01, 8.903298698516e-05, 4.0736e+01, 6.1062e-02, 
 2DIAGNOSTIC,    16, -4.151390563613e-01, 6.763466477282e-05, 4.0808e+01, 7.2299e-02, 
 2DIAGNOSTIC,    17, -4.151201056325e-01, 5.786272139226e-05, 4.0870e+01, 6.1244e-02, 
 2DIAGNOSTIC,    18, -4.151891474936e-01, 4.994442564753e-05, 4.0987e+01, 1.1727e-01, 
 2DIAGNOSTIC,    19, -4.151828932160e-01, 3.651502589819e-05, 4.1048e+01, 6.0871e-02, 
 2DIAGNOSTIC,    20, -4.151610145698e-01, 2.759269003089e-05, 4.1109e+01, 6.0804e-02, 
 2DIAGNOSTIC,    21, -4.151745099612e-01, 1.770716545636e-05, 4.1169e+01, 6.0797e-02, 
 2DIAGNOSTIC,    22, -4.152300144601e-01, 1.157490980690e-05, 4.1230e+01, 6.0849e-02, 
 2DIAGNOSTIC,    23, -4.152510179011e-01, 1.103236611202e-05, 4.1291e+01, 6.0794e-02, 
 2DIAGNOSTIC,    24, -4.153278238436e-01, 1.230678799337e-05, 4.1352e+01, 6.0641e-02, 
 2DIAGNOSTIC,    25, -4.154390577994e-01, 1.633405092186e-05, 4.1424e+01, 7.2175e-02, 
 2DIAGNOSTIC,    26, -4.155391871507e-01, 2.206509472202e-05, 4.1518e+01, 9.3761e-02, 
 2DIAGNOSTIC,    27, -4.155919985722e-01, 2.617223966985e-05, 4.1590e+01, 7.2477e-02, 
 2DIAGNOSTIC,    28, -4.155683961210e-01, 2.876013115858e-05, 4.1662e+01, 7.2182e-02, 
 2DIAGNOSTIC,    29, -4.156290182644e-01, 2.991268877688e-05, 4.1745e+01, 8.3117e-02, 
 2DIAGNOSTIC,    30, -4.156317738931e-01, 2.775691325672e-05, 4.1828e+01, 8.2539e-02, 
 2DIAGNOSTIC,    31, -4.156320287349e-01, 2.347081195418e-05, 4.1900e+01, 7.2291e-02, 
 2DIAGNOSTIC,    32, -4.156320096553e-01, 1.855709999284e-05, 4.1961e+01, 6.0357e-02, 
 2DIAGNOSTIC,    33, -4.156327214330e-01, 1.274353437920e-05, 4.2033e+01, 7.2219e-02, 
 2DIAGNOSTIC,    34, -4.156335717555e-01, 7.677483617116e-06, 4.2093e+01, 6.0458e-02, 
 2DIAGNOSTIC,    35, -4.155935644148e-01, 3.598368316243e-06, 4.2154e+01, 6.1029e-02, 
 2DIAGNOSTIC,    36, -4.156348748186e-01, 2.188739022784e-06, 4.2215e+01, 6.1262e-02, 
 2DIAGNOSTIC,    37, -4.156366806246e-01, 1.738921035215e-06, 4.2277e+01, 6.1129e-02, 
DIAGNOSTIC,Iteration,metricValue,convergenceValue,ITERATION_TIME_INDEX,SINCE_LAST
 2DIAGNOSTIC,     1, -3.502267868784e-01, 1.797693134862e+308, 5.1793e+01, 9.5163e+00, 
 2DIAGNOSTIC,     2, -3.505539570090e-01, 1.797693134862e+308, 5.2289e+01, 4.9589e-01, 
 2DIAGNOSTIC,     3, -3.507168296588e-01, 1.797693134862e+308, 5.2974e+01, 6.8546e-01, 
 2DIAGNOSTIC,     4, -3.507379446508e-01, 1.797693134862e+308, 5.3469e+01, 4.9505e-01, 
 2DIAGNOSTIC,     5, -3.507550251203e-01, 1.797693134862e+308, 5.3965e+01, 4.9599e-01, 
 2DIAGNOSTIC,     6, -3.507892417240e-01, 1.797693134862e+308, 5.4460e+01, 4.9501e-01, 
 2DIAGNOSTIC,     7, -3.508535554457e-01, 1.797693134862e+308, 5.5051e+01, 5.9057e-01, 
 2DIAGNOSTIC,     8, -3.509578974916e-01, 1.797693134862e+308, 5.5926e+01, 8.7507e-01, 
 2DIAGNOSTIC,     9, -3.509606339742e-01, 1.797693134862e+308, 5.6516e+01, 5.9028e-01, 
 2DIAGNOSTIC,    10, -3.509700101109e-01, 1.107372489773e-04, 5.7003e+01, 4.8686e-01, 
 2DIAGNOSTIC,    11, -3.510190811403e-01, 7.271866910524e-05, 5.7496e+01, 4.9303e-01, 
 2DIAGNOSTIC,    12, -3.511143144666e-01, 6.282522706741e-05, 5.7989e+01, 4.9269e-01, 
 2DIAGNOSTIC,    13, -3.513248441984e-01, 7.204875376073e-05, 5.8765e+01, 7.7631e-01, 
 2DIAGNOSTIC,    14, -3.514107177892e-01, 7.961348664784e-05, 6.0017e+01, 1.2516e+00, 
 2DIAGNOSTIC,    15, -3.514107355571e-01, 8.018130868344e-05, 6.0604e+01, 5.8695e-01, 
 2DIAGNOSTIC,    16, -3.514116530645e-01, 7.543564454264e-05, 6.1191e+01, 5.8706e-01, 
 2DIAGNOSTIC,    17, -3.514086870030e-01, 6.721894988040e-05, 6.1683e+01, 4.9194e-01, 
 2DIAGNOSTIC,    18, -3.514061445092e-01, 5.831090053359e-05, 6.2175e+01, 4.9243e-01, 
 2DIAGNOSTIC,    19, -3.514081449187e-01, 4.529088472818e-05, 6.2669e+01, 4.9376e-01, 
 2DIAGNOSTIC,    20, -3.514103406151e-01, 3.009977517172e-05, 6.3163e+01, 4.9386e-01, 
 2DIAGNOSTIC,    21, -3.514118693658e-01, 1.569531576007e-05, 6.3657e+01, 4.9391e-01, 
 2DIAGNOSTIC,    22, -3.514127417969e-01, 4.632773411652e-06, 6.4243e+01, 5.8675e-01, 
 2DIAGNOSTIC,    23, -3.514136462566e-01, 1.593193402302e-06, 6.4736e+01, 4.9229e-01, 
 2DIAGNOSTIC,    24, -3.514110454449e-01, 1.594151560085e-06, 6.5322e+01, 5.8671e-01, 
 2DIAGNOSTIC,    25, -3.514124133719e-01, 1.613011074361e-06, 6.5911e+01, 5.8832e-01, 
 2DIAGNOSTIC,    26, -3.514095731119e-01, 1.538444321797e-06, 6.6402e+01, 4.9164e-01, 
 2DIAGNOSTIC,    27, -3.513989335808e-01, 1.036905402971e-06, 6.6894e+01, 4.9208e-01, 
DIAGNOSTIC,Iteration,metricValue,convergenceValue,ITERATION_TIME_INDEX,SINCE_LAST
 2DIAGNOSTIC,     1, -3.012811047190e-01, 1.797693134862e+308, 7.6263e+01, 9.3682e+00, 
  Elapsed time (stage 0): 7.8207e+01


Stage 1
  iterations = 1000x500x250x0
  convergence threshold = 1.0000e-06
  convergence window size = 10
  number of levels = 4
  using the Mattes MI metric (number of bins = 32, weight = 1.0000e+00)
  preprocessing:  winsorizing the image intensities
  Shrink factors (level 1 out of 4): [12, 12, 12]
  Shrink factors (level 2 out of 4): [8, 8, 8]
  Shrink factors (level 3 out of 4): [4, 4, 4]
  Shrink factors (level 4 out of 4): [2, 2, 2]
  smoothing sigmas per level: [4, 3, 2, 1]
  regular sampling (percentage = 2.5000e-01)

*** Running AffineTransform registration ***

DIAGNOSTIC,Iteration,metricValue,convergenceValue,ITERATION_TIME_INDEX,SINCE_LAST
 2DIAGNOSTIC,     1, -4.701745483367e-01, 1.797693134862e+308, 2.2508e+01, 2.2508e+01, 
 2DIAGNOSTIC,     2, -4.714787557984e-01, 1.797693134862e+308, 2.2524e+01, 1.5285e-02, 
 2DIAGNOSTIC,     3, -4.733572437431e-01, 1.797693134862e+308, 2.2538e+01, 1.4754e-02, 
 2DIAGNOSTIC,     4, -4.761467464347e-01, 1.797693134862e+308, 2.2553e+01, 1.4895e-02, 
 2DIAGNOSTIC,     5, -4.804597287878e-01, 1.797693134862e+308, 2.2568e+01, 1.4656e-02, 
 2DIAGNOSTIC,     6, -4.863104857523e-01, 1.797693134862e+308, 2.2583e+01, 1.5217e-02, 
 2DIAGNOSTIC,     7, -4.994462960236e-01, 1.797693134862e+308, 2.2601e+01, 1.8330e-02, 
 2DIAGNOSTIC,     8, -5.003287286045e-01, 1.797693134862e+308, 2.2616e+01, 1.4967e-02, 
 2DIAGNOSTIC,     9, -5.015494802608e-01, 1.797693134862e+308, 2.2633e+01, 1.6467e-02, 
 2DIAGNOSTIC,    10, -5.027107739973e-01, 5.240049614696e-03, 2.2654e+01, 2.1441e-02, 
 2DIAGNOSTIC,    11, -5.030226697510e-01, 4.583633826551e-03, 2.2670e+01, 1.5522e-02, 
 2DIAGNOSTIC,    12, -5.041974757868e-01, 3.741105843931e-03, 2.2687e+01, 1.7535e-02, 
 2DIAGNOSTIC,    13, -5.046933159548e-01, 2.800249583763e-03, 2.2703e+01, 1.5568e-02, 
 2DIAGNOSTIC,    14, -5.049046278105e-01, 1.873503482545e-03, 2.2719e+01, 1.5685e-02, 
 2DIAGNOSTIC,    15, -5.050189407697e-01, 1.073335660655e-03, 2.2737e+01, 1.8493e-02, 
 2DIAGNOSTIC,    16, -5.050411789522e-01, 4.764197821406e-04, 2.2753e+01, 1.5601e-02, 
 2DIAGNOSTIC,    17, -5.050728196459e-01, 3.532133947473e-04, 2.2768e+01, 1.5164e-02, 
 2DIAGNOSTIC,    18, -5.051047525307e-01, 2.398789414038e-04, 2.2788e+01, 2.0491e-02, 
 2DIAGNOSTIC,    19, -5.051228400351e-01, 1.536264148219e-04, 2.2803e+01, 1.5178e-02, 
 2DIAGNOSTIC,    20, -5.051305116459e-01, 9.590445327744e-05, 2.2819e+01, 1.5551e-02, 
 2DIAGNOSTIC,    21, -5.051423235761e-01, 4.316749350745e-05, 2.2834e+01, 1.5167e-02, 
 2DIAGNOSTIC,    22, -5.051931511891e-01, 2.305363536791e-05, 2.2856e+01, 2.2086e-02, 
 2DIAGNOSTIC,    23, -5.052199482215e-01, 1.554727502492e-05, 2.2872e+01, 1.5246e-02, 
 2DIAGNOSTIC,    24, -5.052336043607e-01, 1.264215983521e-05, 2.2887e+01, 1.5518e-02, 
 2DIAGNOSTIC,    25, -5.052468287292e-01, 1.184592726581e-05, 2.2905e+01, 1.8403e-02, 
 2DIAGNOSTIC,    26, -5.052536106002e-01, 1.074791707809e-05, 2.2921e+01, 1.5488e-02, 
 2DIAGNOSTIC,    27, -5.052659414786e-01, 9.737644618230e-06, 2.2936e+01, 1.5196e-02, 
 2DIAGNOSTIC,    28, -5.053490087950e-01, 1.031784707357e-05, 2.2952e+01, 1.5562e-02, 
 2DIAGNOSTIC,    29, -5.054561274760e-01, 1.241928508518e-05, 2.2974e+01, 2.1824e-02, 
 2DIAGNOSTIC,    30, -5.054656286526e-01, 1.360871197190e-05, 2.2989e+01, 1.5529e-02, 
 2DIAGNOSTIC,    31, -5.054770781316e-01, 1.398479626968e-05, 2.3004e+01, 1.5120e-02, 
 2DIAGNOSTIC,    32, -5.054905864844e-01, 1.426626050207e-05, 2.3023e+01, 1.8712e-02, 
 2DIAGNOSTIC,    33, -5.054971238032e-01, 1.381253394037e-05, 2.3038e+01, 1.5125e-02, 
 2DIAGNOSTIC,    34, -5.055091171103e-01, 1.256180553678e-05, 2.3053e+01, 1.5469e-02, 
 2DIAGNOSTIC,    35, -5.055371183809e-01, 1.096068410214e-05, 2.3074e+01, 2.0199e-02, 
 2DIAGNOSTIC,    36, -5.055530832357e-01, 8.878893618593e-06, 2.3089e+01, 1.5455e-02, 
 2DIAGNOSTIC,    37, -5.055578371708e-01, 6.395850527492e-06, 2.3104e+01, 1.5142e-02, 
 2DIAGNOSTIC,    38, -5.055687081279e-01, 4.886539537983e-06, 2.3120e+01, 1.5457e-02, 
 2DIAGNOSTIC,    39, -5.055854170618e-01, 4.870639686738e-06, 2.3135e+01, 1.5174e-02, 
 2DIAGNOSTIC,    40, -5.056071601675e-01, 4.900470839966e-06, 2.3152e+01, 1.7082e-02, 
 2DIAGNOSTIC,    41, -5.056157999959e-01, 4.805779186268e-06, 2.3174e+01, 2.1665e-02, 
 2DIAGNOSTIC,    42, -5.056241441516e-01, 4.634039155474e-06, 2.3189e+01, 1.5394e-02, 
 2DIAGNOSTIC,    43, -5.056298112085e-01, 4.264620450608e-06, 2.3204e+01, 1.5302e-02, 
 2DIAGNOSTIC,    44, -5.056445741035e-01, 3.909905415878e-06, 2.3221e+01, 1.7103e-02, 
 2DIAGNOSTIC,    45, -5.056959200553e-01, 4.255840105917e-06, 2.3242e+01, 2.0162e-02, 
 2DIAGNOSTIC,    46, -5.057401003861e-01, 4.974551191063e-06, 2.3287e+01, 4.4976e-02, 
 2DIAGNOSTIC,    47, -5.057401003446e-01, 5.306131987737e-06, 2.3302e+01, 1.5132e-02, 
 2DIAGNOSTIC,    48, -5.057401003540e-01, 5.322567570083e-06, 2.3317e+01, 1.5392e-02, 
 2DIAGNOSTIC,    49, -5.057401003699e-01, 5.084283960451e-06, 2.3332e+01, 1.5215e-02, 
 2DIAGNOSTIC,    50, -5.057401003967e-01, 4.664580514614e-06, 2.3348e+01, 1.5476e-02, 
 2DIAGNOSTIC,    51, -5.057401004416e-01, 3.962089879697e-06, 2.3363e+01, 1.5119e-02, 
 2DIAGNOSTIC,    52, -5.057401005164e-01, 3.065518522166e-06, 2.3378e+01, 1.5530e-02, 
 2DIAGNOSTIC,    53, -5.057401006400e-01, 2.038440555137e-06, 2.3394e+01, 1.5129e-02, 
 2DIAGNOSTIC,    54, -5.057401008405e-01, 1.057088816342e-06, 2.3409e+01, 1.5412e-02, 
DIAGNOSTIC,Iteration,metricValue,convergenceValue,ITERATION_TIME_INDEX,SINCE_LAST
 2DIAGNOSTIC,     1, -4.375135731536e-01, 1.797693134862e+308, 3.9880e+01, 1.6471e+01, 
 2DIAGNOSTIC,     2, -4.379036642125e-01, 1.797693134862e+308, 3.9955e+01, 7.4744e-02, 
 2DIAGNOSTIC,     3, -4.384136543731e-01, 1.797693134862e+308, 4.0028e+01, 7.3679e-02, 
 2DIAGNOSTIC,     4, -4.391094260444e-01, 1.797693134862e+308, 4.0103e+01, 7.4458e-02, 
 2DIAGNOSTIC,     5, -4.403541105365e-01, 1.797693134862e+308, 4.0176e+01, 7.3558e-02, 
 2DIAGNOSTIC,     6, -4.423534192808e-01, 1.797693134862e+308, 4.0263e+01, 8.6300e-02, 
 2DIAGNOSTIC,     7, -4.427637327111e-01, 1.797693134862e+308, 4.0348e+01, 8.5184e-02, 
 2DIAGNOSTIC,     8, -4.432451056683e-01, 1.797693134862e+308, 4.0434e+01, 8.6269e-02, 
 2DIAGNOSTIC,     9, -4.439335740660e-01, 1.797693134862e+308, 4.0531e+01, 9.6801e-02, 
 2DIAGNOSTIC,    10, -4.443847437066e-01, 1.135356366227e-03, 4.0606e+01, 7.5143e-02, 
 2DIAGNOSTIC,    11, -4.446131041443e-01, 9.823689908750e-04, 4.0680e+01, 7.3759e-02, 
 2DIAGNOSTIC,    12, -4.450451633692e-01, 8.117385063977e-04, 4.0813e+01, 1.3307e-01, 
 2DIAGNOSTIC,    13, -4.450926514018e-01, 6.227636625426e-04, 4.0887e+01, 7.3968e-02, 
 2DIAGNOSTIC,    14, -4.452008104728e-01, 4.409878039076e-04, 4.0962e+01, 7.5201e-02, 
 2DIAGNOSTIC,    15, -4.452871655177e-01, 2.983950952402e-04, 4.1036e+01, 7.3980e-02, 
 2DIAGNOSTIC,    16, -4.453512927302e-01, 2.293125797573e-04, 4.1111e+01, 7.5195e-02, 
 2DIAGNOSTIC,    17, -4.454266334066e-01, 1.656180994542e-04, 4.1197e+01, 8.5599e-02, 
 2DIAGNOSTIC,    18, -4.454609520552e-01, 1.118293627885e-04, 4.1295e+01, 9.8345e-02, 
 2DIAGNOSTIC,    19, -4.454847094220e-01, 7.743645223080e-05, 4.1369e+01, 7.3957e-02, 
 2DIAGNOSTIC,    20, -4.455167387828e-01, 5.490462772812e-05, 4.1444e+01, 7.4757e-02, 
 2DIAGNOSTIC,    21, -4.455912946952e-01, 3.845329020080e-05, 4.1553e+01, 1.0895e-01, 
 2DIAGNOSTIC,    22, -4.456118401314e-01, 3.319800486268e-05, 4.1628e+01, 7.5212e-02, 
 2DIAGNOSTIC,    23, -4.456261482294e-01, 2.712280981731e-05, 4.1702e+01, 7.4078e-02, 
 2DIAGNOSTIC,    24, -4.456611304552e-01, 2.296428409738e-05, 4.1777e+01, 7.4963e-02, 
 2DIAGNOSTIC,    25, -4.457881372914e-01, 2.253078541384e-05, 4.1897e+01, 1.1984e-01, 
 2DIAGNOSTIC,    26, -4.458077401826e-01, 2.205230536493e-05, 4.1973e+01, 7.6181e-02, 
 2DIAGNOSTIC,    27, -4.458159501734e-01, 2.164630592275e-05, 4.2047e+01, 7.3845e-02, 
 2DIAGNOSTIC,    28, -4.458244786426e-01, 2.037759853786e-05, 4.2123e+01, 7.6212e-02, 
 2DIAGNOSTIC,    29, -4.458551147377e-01, 1.856706797668e-05, 4.2232e+01, 1.0843e-01, 
 2DIAGNOSTIC,    30, -4.458713395057e-01, 1.615702797900e-05, 4.2308e+01, 7.6131e-02, 
 2DIAGNOSTIC,    31, -4.458826077131e-01, 1.423334826189e-05, 4.2381e+01, 7.3532e-02, 
 2DIAGNOSTIC,    32, -4.458963819105e-01, 1.190997253784e-05, 4.2458e+01, 7.6282e-02, 
 2DIAGNOSTIC,    33, -4.459332997275e-01, 9.697220746757e-06, 4.2555e+01, 9.6976e-02, 
 2DIAGNOSTIC,    34, -4.459428345504e-01, 7.537807227443e-06, 4.2631e+01, 7.6613e-02, 
 2DIAGNOSTIC,    35, -4.459607552591e-01, 7.517687358394e-06, 4.2705e+01, 7.3845e-02, 
 2DIAGNOSTIC,    36, -4.460794287963e-01, 9.332117616223e-06, 4.2816e+01, 1.1146e-01, 
 2DIAGNOSTIC,    37, -4.461611320734e-01, 1.174589287670e-05, 4.2890e+01, 7.3588e-02, 
 2DIAGNOSTIC,    38, -4.462273590949e-01, 1.422300718169e-05, 4.2966e+01, 7.6085e-02, 
 2DIAGNOSTIC,    39, -4.464027742784e-01, 1.868440225171e-05, 4.3052e+01, 8.5464e-02, 
 2DIAGNOSTIC,    40, -4.468722123587e-01, 2.892836609722e-05, 4.3151e+01, 9.9908e-02, 
 2DIAGNOSTIC,    41, -4.470088418906e-01, 3.809824974902e-05, 4.3225e+01, 7.3696e-02, 
 2DIAGNOSTIC,    42, -4.470591728862e-01, 4.427025013251e-05, 4.3313e+01, 8.7816e-02, 
 2DIAGNOSTIC,    43, -4.471852695950e-01, 4.853345956299e-05, 4.3387e+01, 7.3687e-02, 
 2DIAGNOSTIC,    44, -4.473108726963e-01, 4.994546664808e-05, 4.3487e+01, 9.9919e-02, 
 2DIAGNOSTIC,    45, -4.473769228317e-01, 4.761380725407e-05, 4.3572e+01, 8.5295e-02, 
 2DIAGNOSTIC,    46, -4.475811322383e-01, 4.536260631265e-05, 4.3660e+01, 8.7753e-02, 
 2DIAGNOSTIC,    47, -4.476567797799e-01, 4.111173057551e-05, 4.3745e+01, 8.5302e-02, 
 2DIAGNOSTIC,    48, -4.477327811294e-01, 3.507860684715e-05, 4.3833e+01, 8.7746e-02, 
 2DIAGNOSTIC,    49, -4.478106539436e-01, 2.914371994569e-05, 4.3918e+01, 8.5297e-02, 
 2DIAGNOSTIC,    50, -4.478279059010e-01, 2.688489470756e-05, 4.4006e+01, 8.7783e-02, 
 2DIAGNOSTIC,    51, -4.478736291611e-01, 2.447922930095e-05, 4.4091e+01, 8.5105e-02, 
 2DIAGNOSTIC,    52, -4.478948023951e-01, 2.071736626406e-05, 4.4190e+01, 9.9409e-02, 
 2DIAGNOSTIC,    53, -4.479017163765e-01, 1.675783448916e-05, 4.4275e+01, 8.5154e-02, 
 2DIAGNOSTIC,    54, -4.479057006722e-01, 1.293778638534e-05, 4.4352e+01, 7.6282e-02, 
 2DIAGNOSTIC,    55, -4.479088903146e-01, 8.827211888694e-06, 4.4425e+01, 7.3685e-02, 
 2DIAGNOSTIC,    56, -4.479193311200e-01, 6.508540953180e-06, 4.4502e+01, 7.6426e-02, 
 2DIAGNOSTIC,    57, -4.479503791352e-01, 4.876278223858e-06, 4.4611e+01, 1.0922e-01, 
 2DIAGNOSTIC,    58, -4.479535781120e-01, 3.732774715579e-06, 4.4687e+01, 7.6298e-02, 
 2DIAGNOSTIC,    59, -4.479559961148e-01, 3.198552236204e-06, 4.4761e+01, 7.3837e-02, 
 2DIAGNOSTIC,    60, -4.479615098808e-01, 2.662628632907e-06, 4.4896e+01, 1.3454e-01, 
 2DIAGNOSTIC,    61, -4.479620803082e-01, 2.414724472048e-06, 4.4993e+01, 9.6915e-02, 
 2DIAGNOSTIC,    62, -4.479620862352e-01, 2.204779704331e-06, 4.5069e+01, 7.6311e-02, 
 2DIAGNOSTIC,    63, -4.479621086999e-01, 1.909276247436e-06, 4.5143e+01, 7.4349e-02, 
 2DIAGNOSTIC,    64, -4.479621794956e-01, 1.533232654734e-06, 4.5220e+01, 7.6377e-02, 
 2DIAGNOSTIC,    65, -4.479623755295e-01, 1.102684465418e-06, 4.5293e+01, 7.3649e-02, 
DIAGNOSTIC,Iteration,metricValue,convergenceValue,ITERATION_TIME_INDEX,SINCE_LAST
 2DIAGNOSTIC,     1, -3.725368899460e-01, 1.797693134862e+308, 5.5014e+01, 9.7203e+00, 
 2DIAGNOSTIC,     2, -3.728621668819e-01, 1.797693134862e+308, 5.5610e+01, 5.9662e-01, 
 2DIAGNOSTIC,     3, -3.731104527594e-01, 1.797693134862e+308, 5.6216e+01, 6.0601e-01, 
 2DIAGNOSTIC,     4, -3.733456062913e-01, 1.797693134862e+308, 5.6819e+01, 6.0233e-01, 
 2DIAGNOSTIC,     5, -3.736037538559e-01, 1.797693134862e+308, 5.7521e+01, 7.0220e-01, 
 2DIAGNOSTIC,     6, -3.740996671257e-01, 1.797693134862e+308, 5.8413e+01, 8.9219e-01, 
 2DIAGNOSTIC,     7, -3.741769579198e-01, 1.797693134862e+308, 5.9017e+01, 6.0390e-01, 
 2DIAGNOSTIC,     8, -3.742008065602e-01, 1.797693134862e+308, 5.9616e+01, 5.9859e-01, 
 2DIAGNOSTIC,     9, -3.742585316770e-01, 1.797693134862e+308, 6.0317e+01, 7.0109e-01, 
 2DIAGNOSTIC,    10, -3.742875170482e-01, 3.231132903229e-04, 6.1605e+01, 1.2887e+00, 
 2DIAGNOSTIC,    11, -3.742877663933e-01, 2.370193399441e-04, 6.2207e+01, 6.0198e-01, 
 2DIAGNOSTIC,    12, -3.742950383738e-01, 1.652480016574e-04, 6.2805e+01, 5.9734e-01, 
 2DIAGNOSTIC,    13, -3.743047140515e-01, 1.051643479894e-04, 6.3406e+01, 6.0121e-01, 
 2DIAGNOSTIC,    14, -3.743060940885e-01, 5.710858884304e-05, 6.4004e+01, 5.9782e-01, 
 2DIAGNOSTIC,    15, -3.743160736112e-01, 2.337098420915e-05, 6.4608e+01, 6.0423e-01, 
 2DIAGNOSTIC,    16, -3.743192393773e-01, 1.555863057798e-05, 6.5210e+01, 6.0207e-01, 
 2DIAGNOSTIC,    17, -3.743368457255e-01, 1.167705156433e-05, 6.5814e+01, 6.0379e-01, 
 2DIAGNOSTIC,    18, -3.743641728034e-01, 9.406322698385e-06, 6.6416e+01, 6.0245e-01, 
 2DIAGNOSTIC,    19, -3.743915849256e-01, 1.001955268559e-05, 6.7311e+01, 8.9437e-01, 
 2DIAGNOSTIC,    20, -3.744022992501e-01, 1.130019019060e-05, 6.8204e+01, 8.9312e-01, 
 2DIAGNOSTIC,    21, -3.744058817178e-01, 1.170182870119e-05, 6.8807e+01, 6.0370e-01, 
 2DIAGNOSTIC,    22, -3.744269485361e-01, 1.209343020789e-05, 6.9505e+01, 6.9797e-01, 
 2DIAGNOSTIC,    23, -3.744460759843e-01, 1.237724712032e-05, 7.0112e+01, 6.0641e-01, 
 2DIAGNOSTIC,    24, -3.744574736540e-01, 1.198609619575e-05, 7.0713e+01, 6.0095e-01, 
 2DIAGNOSTIC,    25, -3.744709971188e-01, 1.135533499910e-05, 7.1512e+01, 7.9955e-01, 
 2DIAGNOSTIC,    26, -3.744800388803e-01, 1.018615186508e-05, 7.2110e+01, 5.9817e-01, 
 2DIAGNOSTIC,    27, -3.744911929732e-01, 9.051093071234e-06, 7.3007e+01, 8.9652e-01, 
 2DIAGNOSTIC,    28, -3.745146974979e-01, 8.605777149430e-06, 7.3611e+01, 6.0410e-01, 
 2DIAGNOSTIC,    29, -3.745205208455e-01, 8.340055535218e-06, 7.4215e+01, 6.0362e-01, 
 2DIAGNOSTIC,    30, -3.745295206041e-01, 7.918032018300e-06, 7.5005e+01, 7.9024e-01, 
 2DIAGNOSTIC,    31, -3.745361245590e-01, 7.118006992761e-06, 7.5805e+01, 8.0006e-01, 
 2DIAGNOSTIC,    32, -3.745616816956e-01, 6.885975303926e-06, 7.6402e+01, 5.9687e-01, 
 2DIAGNOSTIC,    33, -3.745645015240e-01, 6.591832451587e-06, 7.7102e+01, 7.0006e-01, 
 2DIAGNOSTIC,    34, -3.745736578060e-01, 6.240335188906e-06, 7.7701e+01, 5.9890e-01, 
 2DIAGNOSTIC,    35, -3.745761324899e-01, 5.757533854758e-06, 7.8595e+01, 8.9407e-01, 
 2DIAGNOSTIC,    36, -3.745776962577e-01, 5.062254973546e-06, 7.9195e+01, 6.0044e-01, 
 2DIAGNOSTIC,    37, -3.745803570238e-01, 4.274352953023e-06, 7.9795e+01, 6.0002e-01, 
 2DIAGNOSTIC,    38, -3.745877094970e-01, 3.816585947568e-06, 8.0391e+01, 5.9525e-01, 
 2DIAGNOSTIC,    39, -3.746150613111e-01, 3.742666260399e-06, 8.1383e+01, 9.9204e-01, 
 2DIAGNOSTIC,    40, -3.746158603058e-01, 3.568627764440e-06, 8.1978e+01, 5.9585e-01, 
 2DIAGNOSTIC,    41, -3.746165124618e-01, 3.269764883920e-06, 8.2579e+01, 6.0048e-01, 
 2DIAGNOSTIC,    42, -3.746175917332e-01, 3.236413974917e-06, 8.3175e+01, 5.9626e-01, 
 2DIAGNOSTIC,    43, -3.746202505834e-01, 3.056562019089e-06, 8.3777e+01, 6.0138e-01, 
 2DIAGNOSTIC,    44, -3.746215909359e-01, 2.835092887950e-06, 8.4474e+01, 6.9758e-01, 
 2DIAGNOSTIC,    45, -3.746248139918e-01, 2.517664600632e-06, 8.6842e+01, 2.3674e+00, 
 2DIAGNOSTIC,    46, -3.746248138923e-01, 2.073380694845e-06, 8.9208e+01, 2.3665e+00, 
 2DIAGNOSTIC,    47, -3.746248138923e-01, 1.561387101466e-06, 9.0104e+01, 8.9630e-01, 
 2DIAGNOSTIC,    48, -3.746248138923e-01, 1.090268945812e-06, 9.1095e+01, 9.9097e-01, 
 2DIAGNOSTIC,    49, -3.746248138923e-01, 1.020645216038e-06, 9.1795e+01, 6.9914e-01, 
DIAGNOSTIC,Iteration,metricValue,convergenceValue,ITERATION_TIME_INDEX,SINCE_LAST
 2DIAGNOSTIC,     1, -3.196624394824e-01, 1.797693134862e+308, 1.0214e+02, 1.0343e+01, 
  Elapsed time (stage 1): 1.0408e+02


Stage 2
  iterations = 100x100x70x50x0
  convergence threshold = 1.0000e-06
  convergence window size = 10
  number of levels = 5
  using the Mattes MI metric (number of bins = 32, weight = 1.0000e+00)
  preprocessing:  winsorizing the image intensities
  Shrink factors (level 1 out of 5): [10, 10, 10]
  Shrink factors (level 2 out of 5): [6, 6, 6]
  Shrink factors (level 3 out of 5): [4, 4, 4]
  Shrink factors (level 4 out of 5): [2, 2, 2]
  Shrink factors (level 5 out of 5): [1, 1, 1]
  smoothing sigmas per level: [5, 3, 2, 1, 0]
  Using default NONE metricSamplingStrategy 

*** Running SyN registration (varianceForUpdateField = 3.0000e+00, varianceForTotalField = 0.0000e+00) ***

XXDIAGNOSTIC,Iteration,metricValue,convergenceValue,ITERATION_TIME_INDEX,SINCE_LAST
 1DIAGNOSTIC,     1, -5.357949749450e-01, 1.797693134862e+308, 3.6536e+01, 3.6536e+01, 
 1DIAGNOSTIC,     2, -5.537740638322e-01, 1.797693134862e+308, 3.6677e+01, 1.4126e-01, 
 1DIAGNOSTIC,     3, -5.636265525808e-01, 1.797693134862e+308, 3.6813e+01, 1.3573e-01, 
 1DIAGNOSTIC,     4, -5.682357595462e-01, 1.797693134862e+308, 3.6954e+01, 1.4160e-01, 
 1DIAGNOSTIC,     5, -5.671876860478e-01, 1.797693134862e+308, 3.7090e+01, 1.3555e-01, 
 1DIAGNOSTIC,     6, -5.642670841037e-01, 1.797693134862e+308, 3.7226e+01, 1.3562e-01, 
 1DIAGNOSTIC,     7, -5.627010969463e-01, 1.797693134862e+308, 3.7361e+01, 1.3579e-01, 
 1DIAGNOSTIC,     8, -5.615035518917e-01, 1.797693134862e+308, 3.7497e+01, 1.3542e-01, 
 1DIAGNOSTIC,     9, -5.583395801767e-01, 1.797693134862e+308, 3.7632e+01, 1.3562e-01, 
 1DIAGNOSTIC,    10, -5.576019910525e-01, 1.082432660192e-03, 3.7769e+01, 1.3641e-01, 
 1DIAGNOSTIC,    11, -5.537121366310e-01, -6.992549236681e-04, 3.7905e+01, 1.3614e-01, 
XXDIAGNOSTIC,Iteration,metricValue,convergenceValue,ITERATION_TIME_INDEX,SINCE_LAST
 1DIAGNOSTIC,     1, -4.388612781302e-01, 1.797693134862e+308, 5.4492e+01, 1.6587e+01, 
 1DIAGNOSTIC,     2, -4.411382662836e-01, 1.797693134862e+308, 5.5031e+01, 5.3908e-01, 
 1DIAGNOSTIC,     3, -4.421985062105e-01, 1.797693134862e+308, 5.5571e+01, 5.3941e-01, 
 1DIAGNOSTIC,     4, -4.419561596978e-01, 1.797693134862e+308, 5.6108e+01, 5.3759e-01, 
 1DIAGNOSTIC,     5, -4.415576527671e-01, 1.797693134862e+308, 5.6646e+01, 5.3782e-01, 
 1DIAGNOSTIC,     6, -4.408362761795e-01, 1.797693134862e+308, 5.7185e+01, 5.3859e-01, 
 1DIAGNOSTIC,     7, -4.401555474354e-01, 1.797693134862e+308, 5.7725e+01, 5.4096e-01, 
 1DIAGNOSTIC,     8, -4.393905581940e-01, 1.797693134862e+308, 5.8266e+01, 5.4042e-01, 
 1DIAGNOSTIC,     9, -4.384656801693e-01, 1.797693134862e+308, 5.8805e+01, 5.3918e-01, 
 1DIAGNOSTIC,    10, -4.371600842081e-01, -4.466800741828e-04, 5.9345e+01, 5.4009e-01, 
XXDIAGNOSTIC,Iteration,metricValue,convergenceValue,ITERATION_TIME_INDEX,SINCE_LAST
 1DIAGNOSTIC,     1, -3.720488008776e-01, 1.797693134862e+308, 7.0081e+01, 1.0736e+01, 
 1DIAGNOSTIC,     2, -3.727799574709e-01, 1.797693134862e+308, 7.1829e+01, 1.7484e+00, 
 1DIAGNOSTIC,     3, -3.731524650758e-01, 1.797693134862e+308, 7.3522e+01, 1.6928e+00, 
 1DIAGNOSTIC,     4, -3.732996312066e-01, 1.797693134862e+308, 7.5214e+01, 1.6918e+00, 
 1DIAGNOSTIC,     5, -3.731227766244e-01, 1.797693134862e+308, 7.6910e+01, 1.6958e+00, 
 1DIAGNOSTIC,     6, -3.729683498190e-01, 1.797693134862e+308, 7.8606e+01, 1.6967e+00, 
 1DIAGNOSTIC,     7, -3.726289628982e-01, 1.797693134862e+308, 8.0304e+01, 1.6981e+00, 
 1DIAGNOSTIC,     8, -3.723941422511e-01, 1.797693134862e+308, 8.2002e+01, 1.6977e+00, 
 1DIAGNOSTIC,     9, -3.721168928444e-01, 1.797693134862e+308, 8.3754e+01, 1.7520e+00, 
 1DIAGNOSTIC,    10, -3.716792439863e-01, -1.356224910530e-04, 8.5455e+01, 1.7012e+00, 
XXDIAGNOSTIC,Iteration,metricValue,convergenceValue,ITERATION_TIME_INDEX,SINCE_LAST
 1DIAGNOSTIC,     1, -3.132618380610e-01, 1.797693134862e+308, 1.0498e+02, 1.9523e+01, 
 1DIAGNOSTIC,     2, -3.141742395577e-01, 1.797693134862e+308, 1.1767e+02, 1.2692e+01, 
 1DIAGNOSTIC,     3, -3.150615776804e-01, 1.797693134862e+308, 1.3033e+02, 1.2660e+01, 
 1DIAGNOSTIC,     4, -3.158770930619e-01, 1.797693134862e+308, 1.4309e+02, 1.2756e+01, 
 1DIAGNOSTIC,     5, -3.166159247921e-01, 1.797693134862e+308, 1.5574e+02, 1.2657e+01, 
 1DIAGNOSTIC,     6, -3.172742251397e-01, 1.797693134862e+308, 1.6842e+02, 1.2679e+01, 
 1DIAGNOSTIC,     7, -3.178947791893e-01, 1.797693134862e+308, 1.8155e+02, 1.3128e+01, 
 1DIAGNOSTIC,     8, -3.184295963395e-01, 1.797693134862e+308, 1.9463e+02, 1.3079e+01, 
 1DIAGNOSTIC,     9, -3.189048752207e-01, 1.797693134862e+308, 2.0815e+02, 1.3517e+01, 
 1DIAGNOSTIC,    10, -3.192808316543e-01, 1.220798592476e-03, 2.2172e+02, 1.3570e+01, 
 1DIAGNOSTIC,    11, -3.195685106812e-01, 9.938092519259e-04, 2.3529e+02, 1.3572e+01, 
 1DIAGNOSTIC,    12, -3.198014347671e-01, 8.005503389107e-04, 2.4839e+02, 1.3102e+01, 
 1DIAGNOSTIC,    13, -3.199800073867e-01, 6.376892544731e-04, 2.6194e+02, 1.3552e+01, 
 1DIAGNOSTIC,    14, -3.201307170039e-01, 5.015751712777e-04, 2.7513e+02, 1.3190e+01, 
 1DIAGNOSTIC,    15, -3.202447324231e-01, 3.884204089011e-04, 2.8870e+02, 1.3570e+01, 
 1DIAGNOSTIC,    16, -3.203770824148e-01, 2.977572247781e-04, 3.0181e+02, 1.3111e+01, 
 1DIAGNOSTIC,    17, -3.204883553938e-01, 2.286038291193e-04, 3.1532e+02, 1.3509e+01, 
 1DIAGNOSTIC,    18, -3.206709059522e-01, 1.814159552900e-04, 3.2846e+02, 1.3136e+01, 
 1DIAGNOSTIC,    19, -3.208258385356e-01, 1.517820535041e-04, 3.4209e+02, 1.3632e+01, 
 1DIAGNOSTIC,    20, -3.210175845710e-01, 1.362522626514e-04, 3.5571e+02, 1.3621e+01, 
 1DIAGNOSTIC,    21, -3.211489899296e-01, 1.272265437597e-04, 3.6927e+02, 1.3557e+01, 
 1DIAGNOSTIC,    22, -3.212627924630e-01, 1.212072335085e-04, 3.8283e+02, 1.3567e+01, 
 1DIAGNOSTIC,    23, -3.214119548461e-01, 1.170812926449e-04, 3.9641e+02, 1.3573e+01, 
 1DIAGNOSTIC,    24, -3.215162033141e-01, 1.117529663899e-04, 4.0995e+02, 1.3543e+01, 
 1DIAGNOSTIC,    25, -3.216337615963e-01, 1.046271394659e-04, 4.2347e+02, 1.3519e+01, 
 1DIAGNOSTIC,    26, -3.217382256005e-01, 9.639439415206e-05, 4.3702e+02, 1.3546e+01, 
 1DIAGNOSTIC,    27, -3.217899940879e-01, 8.508841564849e-05, 4.5059e+02, 1.3579e+01, 
 1DIAGNOSTIC,    28, -3.218002206823e-01, 7.275979280959e-05, 4.6421e+02, 1.3613e+01, 
 1DIAGNOSTIC,    29, -3.217921012672e-01, 5.894461112522e-05, 4.7774e+02, 1.3530e+01, 
 1DIAGNOSTIC,    30, -3.217788178634e-01, 4.583521381579e-05, 4.9126e+02, 1.3526e+01, 
 1DIAGNOSTIC,    31, -3.217934076950e-01, 3.347944321182e-05, 5.0484e+02, 1.3577e+01, 
 1DIAGNOSTIC,    32, -3.218483936257e-01, 2.342993190668e-05, 5.1845e+02, 1.3611e+01, 
 1DIAGNOSTIC,    33, -3.219045389818e-01, 1.734759285816e-05, 5.3198e+02, 1.3527e+01, 
 1DIAGNOSTIC,    34, -3.219860711811e-01, 1.487902562677e-05, 5.4558e+02, 1.3600e+01, 
 1DIAGNOSTIC,    35, -3.220695157316e-01, 1.626077985343e-05, 5.5914e+02, 1.3565e+01, 
 1DIAGNOSTIC,    36, -3.220987509627e-01, 1.934643940279e-05, 5.7265e+02, 1.3511e+01, 
 1DIAGNOSTIC,    37, -3.221380317509e-01, 2.268619227083e-05, 5.8620e+02, 1.3545e+01, 
 1DIAGNOSTIC,    38, -3.221894683489e-01, 2.519889321763e-05, 5.9994e+02, 1.3745e+01, 
 1DIAGNOSTIC,    39, -3.222350921194e-01, 2.609261058601e-05, 6.1349e+02, 1.3548e+01, 
 1DIAGNOSTIC,    40, -3.222396359443e-01, 2.432190136200e-05, 6.2702e+02, 1.3525e+01, 
 1DIAGNOSTIC,    41, -3.222679443233e-01, 2.133829321329e-05, 6.4055e+02, 1.3535e+01, 
 1DIAGNOSTIC,    42, -3.222596202322e-01, 1.751581595688e-05, 6.5412e+02, 1.3565e+01, 
 1DIAGNOSTIC,    43, -3.222531520939e-01, 1.326823414839e-05, 6.6769e+02, 1.3574e+01, 
 1DIAGNOSTIC,    44, -3.222444492250e-01, 9.449377604224e-06, 6.8119e+02, 1.3498e+01, 
 1DIAGNOSTIC,    45, -3.222539229112e-01, 6.801860461876e-06, 6.9470e+02, 1.3516e+01, 
 1DIAGNOSTIC,    46, -3.222941161193e-01, 5.012394792683e-06, 7.0821e+02, 1.3503e+01, 
 1DIAGNOSTIC,    47, -3.223297303896e-01, 4.262289292511e-06, 7.2175e+02, 1.3544e+01, 
 1DIAGNOSTIC,    48, -3.223419066800e-01, 4.357327416691e-06, 7.3530e+02, 1.3545e+01, 
 1DIAGNOSTIC,    49, -3.223942648680e-01, 5.884868204537e-06, 7.4893e+02, 1.3629e+01, 
 1DIAGNOSTIC,    50, -3.224209849135e-01, 7.367142127498e-06, 7.6251e+02, 1.3583e+01, 
  Elapsed time (stage 2): 783.1


Total elapsed time: 965.4

--- Writing output images ---

Using double precision for computations.
Input scalar image: data/Segmentations/1110_3_seg.nii.gz
Reference image: data/template/T_template0_BrainCerebellum.nii.gz
=============================================================================
The composite transform comprises the following transforms (in order): 
  1. /tmp/1971401.1.basic.q/1110_ToTemplate_019_0GenericAffine.mat (type = AffineTransform)
  2. /tmp/1971401.1.basic.q/1110_ToTemplate_019_1Warp.nii.gz (type = DisplacementFieldTransform)
=============================================================================
Default pixel value: 0
Interpolation type: LabelImageGenericInterpolateImageFunction
Output warped image: output/1110/1110_WarpedLabels_019.nii.gz

--- Done ---

