
--- Running on compute-2-11.local ---


--- registration call ---
/data/jet/pcook/bin/antsBuild/bin/antsRegistrationSyNQuick.sh -d 3 -f data/template/T_template0_BrainCerebellum.nii.gz -m data/Brains/1128_3.nii.gz -t s -p d -n 1 -o /tmp/1971203.1.basic.q/1128_ToTemplate_021_
---


--------------------------------------------------------------------------------------
 Mapping parameters
--------------------------------------------------------------------------------------
 ANTSPATH is /data/jet/pcook/bin/antsBuild/bin/

 Dimensionality:           3
 Output name prefix:       /tmp/1971203.1.basic.q/1128_ToTemplate_021_
 Fixed images:             data/template/T_template0_BrainCerebellum.nii.gz
 Moving images:            data/Brains/1128_3.nii.gz
 Mask images:              
 Initial transforms:       
 Number of threads:        1
 Spline distance:          26
 Transform type:           s
 MI histogram bins:        32
 Precision:                d
 Use histogram matching    0
======================================================================================
 antsRegistration call:
--------------------------------------------------------------------------------------
/data/jet/pcook/bin/antsBuild/bin//antsRegistration --verbose 1 --dimensionality 3 --float 0 --collapse-output-transforms 1 --output [/tmp/1971203.1.basic.q/1128_ToTemplate_021_,/tmp/1971203.1.basic.q/1128_ToTemplate_021_Warped.nii.gz,/tmp/1971203.1.basic.q/1128_ToTemplate_021_InverseWarped.nii.gz] --interpolation Linear --use-histogram-matching 0 --winsorize-image-intensities [0.005,0.995] --initial-moving-transform [data/template/T_template0_BrainCerebellum.nii.gz,data/Brains/1128_3.nii.gz,1] --transform Rigid[0.1] --metric MI[data/template/T_template0_BrainCerebellum.nii.gz,data/Brains/1128_3.nii.gz,1,32,Regular,0.25] --convergence [1000x500x250x0,1e-6,10] --shrink-factors 12x8x4x2 --smoothing-sigmas 4x3x2x1vox --transform Affine[0.1] --metric MI[data/template/T_template0_BrainCerebellum.nii.gz,data/Brains/1128_3.nii.gz,1,32,Regular,0.25] --convergence [1000x500x250x0,1e-6,10] --shrink-factors 12x8x4x2 --smoothing-sigmas 4x3x2x1vox --transform SyN[0.1,3,0] --metric MI[data/template/T_template0_BrainCerebellum.nii.gz,data/Brains/1128_3.nii.gz,1,32] --convergence [100x100x70x50x0,1e-6,10] --shrink-factors 10x6x4x2x1 --smoothing-sigmas 5x3x2x1x0vox
--------------------------------------------------------------------------------------
All_Command_lines_OK
Using double precision for computations.
=============================================================================
The composite transform comprises the following transforms (in order): 
  1. Center of mass alignment using fixed image: data/template/T_template0_BrainCerebellum.nii.gz and moving image: data/Brains/1128_3.nii.gz (type = Euler3DTransform)
=============================================================================
  number of levels = 4
  number of levels = 4
  number of levels = 5
  fixed image: data/template/T_template0_BrainCerebellum.nii.gz
  moving image: data/Brains/1128_3.nii.gz
  fixed image: data/template/T_template0_BrainCerebellum.nii.gz
  moving image: data/Brains/1128_3.nii.gz
  fixed image: data/template/T_template0_BrainCerebellum.nii.gz
  moving image: data/Brains/1128_3.nii.gz
Dimension = 3
Number of stages = 3
Use Histogram Matching false
Winsorize image intensities true
Lower quantile = 0.005
Upper quantile = 0.995
Stage 1 State
   Image metric = Mattes
     Fixed image = Image (0x4573cd0)
  RTTI typeinfo:   itk::Image<double, 3u>
  Reference Count: 2
  Modified Time: 1611
  Debug: Off
  Object Name: 
  Observers: 
    none
  Source: (none)
  Source output name: (none)
  Release Data: Off
  Data Released: False
  Global Release Data: Off
  PipelineMTime: 0
  UpdateMTime: 1422
  RealTimeStamp: 0 seconds 
  LargestPossibleRegion: 
    Dimension: 3
    Index: [0, 0, 0]
    Size: [216, 256, 291]
  BufferedRegion: 
    Dimension: 3
    Index: [0, 0, 0]
    Size: [216, 256, 291]
  RequestedRegion: 
    Dimension: 3
    Index: [0, 0, 0]
    Size: [216, 256, 291]
  Spacing: [1, 1, 1]
  Origin: [0, 293, 0]
  Direction: 
1 0 0
0 -0 -1
0 -1 -0

  IndexToPointMatrix: 
1 0 0
0 0 -1
0 -1 0

  PointToIndexMatrix: 
1 0 0
0 0 -1
0 -1 0

  Inverse Direction: 
1 0 0
0 0 -1
0 -1 0

  PixelContainer: 
    ImportImageContainer (0x45777d0)
      RTTI typeinfo:   itk::ImportImageContainer<unsigned long, double>
      Reference Count: 1
      Modified Time: 1419
      Debug: Off
      Object Name: 
      Observers: 
        none
      Pointer: 0x7f5f7bfba010
      Container manages memory: true
      Size: 16091136
      Capacity: 16091136

     Moving image = Image (0x4575d30)
  RTTI typeinfo:   itk::Image<double, 3u>
  Reference Count: 2
  Modified Time: 1612
  Debug: Off
  Object Name: 
  Observers: 
    none
  Source: (none)
  Source output name: (none)
  Release Data: Off
  Data Released: False
  Global Release Data: Off
  PipelineMTime: 0
  UpdateMTime: 1609
  RealTimeStamp: 0 seconds 
  LargestPossibleRegion: 
    Dimension: 3
    Index: [0, 0, 0]
    Size: [256, 256, 264]
  BufferedRegion: 
    Dimension: 3
    Index: [0, 0, 0]
    Size: [256, 256, 264]
  RequestedRegion: 
    Dimension: 3
    Index: [0, 0, 0]
    Size: [256, 256, 264]
  Spacing: [1, 1, 1]
  Origin: [0, 263, 0]
  Direction: 
1 0 0
0 -0 -1
0 -1 -0

  IndexToPointMatrix: 
1 0 0
0 0 -1
0 -1 0

  PointToIndexMatrix: 
1 0 0
0 0 -1
0 -1 0

  Inverse Direction: 
1 0 0
0 0 -1
0 -1 0

  PixelContainer: 
    ImportImageContainer (0x4566f40)
      RTTI typeinfo:   itk::ImportImageContainer<unsigned long, double>
      Reference Count: 1
      Modified Time: 1606
      Debug: Off
      Object Name: 
      Observers: 
        none
      Pointer: 0x7f5f73bb9010
      Container manages memory: true
      Size: 17301504
      Capacity: 17301504

     Weighting = 1
     Sampling strategy = regular
     Number of bins = 32
     Radius = 4
     Sampling percentage  = 0.25
   Transform = Rigid
     Gradient step = 0.1
     Update field sigma (voxel space) = 0
     Total field sigma (voxel space) = 0
     Update field time sigma = 0
     Total field time sigma  = 0
     Number of time indices = 0
     Number of time point samples = 0
Stage 2 State
   Image metric = Mattes
     Fixed image = Image (0x457a6e0)
  RTTI typeinfo:   itk::Image<double, 3u>
  Reference Count: 2
  Modified Time: 1987
  Debug: Off
  Object Name: 
  Observers: 
    none
  Source: (none)
  Source output name: (none)
  Release Data: Off
  Data Released: False
  Global Release Data: Off
  PipelineMTime: 0
  UpdateMTime: 1798
  RealTimeStamp: 0 seconds 
  LargestPossibleRegion: 
    Dimension: 3
    Index: [0, 0, 0]
    Size: [216, 256, 291]
  BufferedRegion: 
    Dimension: 3
    Index: [0, 0, 0]
    Size: [216, 256, 291]
  RequestedRegion: 
    Dimension: 3
    Index: [0, 0, 0]
    Size: [216, 256, 291]
  Spacing: [1, 1, 1]
  Origin: [0, 293, 0]
  Direction: 
1 0 0
0 -0 -1
0 -1 -0

  IndexToPointMatrix: 
1 0 0
0 0 -1
0 -1 0

  PointToIndexMatrix: 
1 0 0
0 0 -1
0 -1 0

  Inverse Direction: 
1 0 0
0 0 -1
0 -1 0

  PixelContainer: 
    ImportImageContainer (0x4576950)
      RTTI typeinfo:   itk::ImportImageContainer<unsigned long, double>
      Reference Count: 1
      Modified Time: 1795
      Debug: Off
      Object Name: 
      Observers: 
        none
      Pointer: 0x7f5f6c0f4010
      Container manages memory: true
      Size: 16091136
      Capacity: 16091136

     Moving image = Image (0x4587060)
  RTTI typeinfo:   itk::Image<double, 3u>
  Reference Count: 2
  Modified Time: 1988
  Debug: Off
  Object Name: 
  Observers: 
    none
  Source: (none)
  Source output name: (none)
  Release Data: Off
  Data Released: False
  Global Release Data: Off
  PipelineMTime: 0
  UpdateMTime: 1985
  RealTimeStamp: 0 seconds 
  LargestPossibleRegion: 
    Dimension: 3
    Index: [0, 0, 0]
    Size: [256, 256, 264]
  BufferedRegion: 
    Dimension: 3
    Index: [0, 0, 0]
    Size: [256, 256, 264]
  RequestedRegion: 
    Dimension: 3
    Index: [0, 0, 0]
    Size: [256, 256, 264]
  Spacing: [1, 1, 1]
  Origin: [0, 263, 0]
  Direction: 
1 0 0
0 -0 -1
0 -1 -0

  IndexToPointMatrix: 
1 0 0
0 0 -1
0 -1 0

  PointToIndexMatrix: 
1 0 0
0 0 -1
0 -1 0

  Inverse Direction: 
1 0 0
0 0 -1
0 -1 0

  PixelContainer: 
    ImportImageContainer (0x45869e0)
      RTTI typeinfo:   itk::ImportImageContainer<unsigned long, double>
      Reference Count: 1
      Modified Time: 1982
      Debug: Off
      Object Name: 
      Observers: 
        none
      Pointer: 0x7f5f63cf3010
      Container manages memory: true
      Size: 17301504
      Capacity: 17301504

     Weighting = 1
     Sampling strategy = regular
     Number of bins = 32
     Radius = 4
     Sampling percentage  = 0.25
   Transform = Affine
     Gradient step = 0.1
     Update field sigma (voxel space) = 0
     Total field sigma (voxel space) = 0
     Update field time sigma = 0
     Total field time sigma  = 0
     Number of time indices = 0
     Number of time point samples = 0
Stage 3 State
   Image metric = Mattes
     Fixed image = Image (0x458c980)
  RTTI typeinfo:   itk::Image<double, 3u>
  Reference Count: 2
  Modified Time: 2363
  Debug: Off
  Object Name: 
  Observers: 
    none
  Source: (none)
  Source output name: (none)
  Release Data: Off
  Data Released: False
  Global Release Data: Off
  PipelineMTime: 0
  UpdateMTime: 2174
  RealTimeStamp: 0 seconds 
  LargestPossibleRegion: 
    Dimension: 3
    Index: [0, 0, 0]
    Size: [216, 256, 291]
  BufferedRegion: 
    Dimension: 3
    Index: [0, 0, 0]
    Size: [216, 256, 291]
  RequestedRegion: 
    Dimension: 3
    Index: [0, 0, 0]
    Size: [216, 256, 291]
  Spacing: [1, 1, 1]
  Origin: [0, 293, 0]
  Direction: 
1 0 0
0 -0 -1
0 -1 -0

  IndexToPointMatrix: 
1 0 0
0 0 -1
0 -1 0

  PointToIndexMatrix: 
1 0 0
0 0 -1
0 -1 0

  Inverse Direction: 
1 0 0
0 0 -1
0 -1 0

  PixelContainer: 
    ImportImageContainer (0x4585720)
      RTTI typeinfo:   itk::ImportImageContainer<unsigned long, double>
      Reference Count: 1
      Modified Time: 2171
      Debug: Off
      Object Name: 
      Observers: 
        none
      Pointer: 0x7f5f5c22e010
      Container manages memory: true
      Size: 16091136
      Capacity: 16091136

     Moving image = Image (0x458f0f0)
  RTTI typeinfo:   itk::Image<double, 3u>
  Reference Count: 2
  Modified Time: 2364
  Debug: Off
  Object Name: 
  Observers: 
    none
  Source: (none)
  Source output name: (none)
  Release Data: Off
  Data Released: False
  Global Release Data: Off
  PipelineMTime: 0
  UpdateMTime: 2361
  RealTimeStamp: 0 seconds 
  LargestPossibleRegion: 
    Dimension: 3
    Index: [0, 0, 0]
    Size: [256, 256, 264]
  BufferedRegion: 
    Dimension: 3
    Index: [0, 0, 0]
    Size: [256, 256, 264]
  RequestedRegion: 
    Dimension: 3
    Index: [0, 0, 0]
    Size: [256, 256, 264]
  Spacing: [1, 1, 1]
  Origin: [0, 263, 0]
  Direction: 
1 0 0
0 -0 -1
0 -1 -0

  IndexToPointMatrix: 
1 0 0
0 0 -1
0 -1 0

  PointToIndexMatrix: 
1 0 0
0 0 -1
0 -1 0

  Inverse Direction: 
1 0 0
0 0 -1
0 -1 0

  PixelContainer: 
    ImportImageContainer (0x458cc10)
      RTTI typeinfo:   itk::ImportImageContainer<unsigned long, double>
      Reference Count: 1
      Modified Time: 2358
      Debug: Off
      Object Name: 
      Observers: 
        none
      Pointer: 0x7f5f53e2d010
      Container manages memory: true
      Size: 17301504
      Capacity: 17301504

     Weighting = 1
     Sampling strategy = none
     Number of bins = 32
     Radius = 4
     Sampling percentage  = 1
   Transform = SyN
     Gradient step = 0.1
     Update field sigma (voxel space) = 3
     Total field sigma (voxel space) = 0
     Update field time sigma = 0
     Total field time sigma  = 0
     Number of time indices = 0
     Number of time point samples = 0
Registration using 3 total stages.

Stage 0
  iterations = 1000x500x250x0
  convergence threshold = 1e-06
  convergence window size = 10
  number of levels = 4
  using the Mattes MI metric (number of bins = 32, weight = 1)
  preprocessing:  winsorizing the image intensities
  Shrink factors (level 1 out of 4): [12, 12, 12]
  Shrink factors (level 2 out of 4): [8, 8, 8]
  Shrink factors (level 3 out of 4): [4, 4, 4]
  Shrink factors (level 4 out of 4): [2, 2, 2]
  smoothing sigmas per level: [4, 3, 2, 1]
  regular sampling (percentage = 0.25)

*** Running Euler3DTransform registration ***

DIAGNOSTIC,Iteration,metricValue,convergenceValue,ITERATION_TIME_INDEX,SINCE_LAST
 2DIAGNOSTIC,     1, -4.109369520640e-01, 1.797693134862e+308, 2.1444e+01, 2.1444e+01, 
 2DIAGNOSTIC,     2, -4.121233842345e-01, 1.797693134862e+308, 2.1454e+01, 1.0367e-02, 
 2DIAGNOSTIC,     3, -4.133175434954e-01, 1.797693134862e+308, 2.1464e+01, 9.9850e-03, 
 2DIAGNOSTIC,     4, -4.148906994185e-01, 1.797693134862e+308, 2.1475e+01, 1.1484e-02, 
 2DIAGNOSTIC,     5, -4.150382039274e-01, 1.797693134862e+308, 2.1487e+01, 1.1331e-02, 
 2DIAGNOSTIC,     6, -4.149841026575e-01, 1.797693134862e+308, 2.1497e+01, 9.9769e-03, 
 2DIAGNOSTIC,     7, -4.151166498939e-01, 1.797693134862e+308, 2.1508e+01, 1.1291e-02, 
 2DIAGNOSTIC,     8, -4.155337795100e-01, 1.797693134862e+308, 2.1518e+01, 9.9869e-03, 
 2DIAGNOSTIC,     9, -4.154708215994e-01, 1.797693134862e+308, 2.1529e+01, 1.1495e-02, 
 2DIAGNOSTIC,    10, -4.160340810221e-01, 6.667600673981e-04, 2.1542e+01, 1.2266e-02, 
 2DIAGNOSTIC,    11, -4.168693279547e-01, 4.877307985192e-04, 2.1554e+01, 1.2137e-02, 
 2DIAGNOSTIC,    12, -4.181082279088e-01, 4.316459749360e-04, 2.1566e+01, 1.2220e-02, 
 2DIAGNOSTIC,    13, -4.184937249192e-01, 4.251380394810e-04, 2.1583e+01, 1.6664e-02, 
 2DIAGNOSTIC,    14, -4.184598968175e-01, 4.570248342780e-04, 2.1594e+01, 1.1757e-02, 
 2DIAGNOSTIC,    15, -4.183415092199e-01, 4.455368651464e-04, 2.1605e+01, 1.0462e-02, 
 2DIAGNOSTIC,    16, -4.182059059392e-01, 3.862654093037e-04, 2.1617e+01, 1.1911e-02, 
 2DIAGNOSTIC,    17, -4.182278406968e-01, 3.037610056581e-04, 2.1629e+01, 1.1785e-02, 
 2DIAGNOSTIC,    18, -4.182627818074e-01, 2.200153993535e-04, 2.1639e+01, 1.0443e-02, 
 2DIAGNOSTIC,    19, -4.183241475929e-01, 1.252402441133e-04, 2.1651e+01, 1.1872e-02, 
 2DIAGNOSTIC,    20, -4.184483410980e-01, 5.194280595386e-05, 2.1661e+01, 1.0546e-02, 
 2DIAGNOSTIC,    21, -4.196361025896e-01, 4.571335223590e-05, 2.1677e+01, 1.5159e-02, 
 2DIAGNOSTIC,    22, -4.203183783298e-01, 9.411085125802e-05, 2.1690e+01, 1.3411e-02, 
 2DIAGNOSTIC,    23, -4.202725354276e-01, 1.394695678126e-04, 2.1702e+01, 1.1811e-02, 
 2DIAGNOSTIC,    24, -4.202814546259e-01, 1.682057751747e-04, 2.1712e+01, 1.0213e-02, 
 2DIAGNOSTIC,    25, -4.201390551431e-01, 1.720787579264e-04, 2.1722e+01, 1.0281e-02, 
 2DIAGNOSTIC,    26, -4.203203183631e-01, 1.602921680136e-04, 2.1733e+01, 1.0302e-02, 
 2DIAGNOSTIC,    27, -4.203516425740e-01, 1.352256903714e-04, 2.1744e+01, 1.1649e-02, 
 2DIAGNOSTIC,    28, -4.203761054486e-01, 1.011625097036e-04, 2.1756e+01, 1.1758e-02, 
 2DIAGNOSTIC,    29, -4.202450599907e-01, 5.897491746910e-05, 2.1766e+01, 1.0388e-02, 
 2DIAGNOSTIC,    30, -4.202947565103e-01, 1.763034150586e-05, 2.1778e+01, 1.1815e-02, 
DIAGNOSTIC,Iteration,metricValue,convergenceValue,ITERATION_TIME_INDEX,SINCE_LAST
 2DIAGNOSTIC,     1, -3.557876016936e-01, 1.797693134862e+308, 3.6594e+01, 1.4816e+01, 
 2DIAGNOSTIC,     2, -3.562332959808e-01, 1.797693134862e+308, 3.6649e+01, 5.4845e-02, 
 2DIAGNOSTIC,     3, -3.569249826756e-01, 1.797693134862e+308, 3.6704e+01, 5.5167e-02, 
 2DIAGNOSTIC,     4, -3.578097880185e-01, 1.797693134862e+308, 3.6760e+01, 5.5485e-02, 
 2DIAGNOSTIC,     5, -3.589849637863e-01, 1.797693134862e+308, 3.6815e+01, 5.5079e-02, 
 2DIAGNOSTIC,     6, -3.603413622762e-01, 1.797693134862e+308, 3.6890e+01, 7.5669e-02, 
 2DIAGNOSTIC,     7, -3.605644153935e-01, 1.797693134862e+308, 3.6945e+01, 5.4892e-02, 
 2DIAGNOSTIC,     8, -3.606570142289e-01, 1.797693134862e+308, 3.7011e+01, 6.5583e-02, 
 2DIAGNOSTIC,     9, -3.606691850410e-01, 1.797693134862e+308, 3.7076e+01, 6.5496e-02, 
 2DIAGNOSTIC,    10, -3.607425047694e-01, 1.029602013762e-03, 3.7163e+01, 8.6484e-02, 
 2DIAGNOSTIC,    11, -3.607286420820e-01, 7.696826502111e-04, 3.7219e+01, 5.5806e-02, 
 2DIAGNOSTIC,    12, -3.607344655106e-01, 5.144659964927e-04, 3.7285e+01, 6.6173e-02, 
 2DIAGNOSTIC,    13, -3.607479469197e-01, 2.959484903543e-04, 3.7340e+01, 5.5451e-02, 
 2DIAGNOSTIC,    14, -3.607811455182e-01, 1.331146052467e-04, 3.7406e+01, 6.5821e-02, 
 2DIAGNOSTIC,    15, -3.608456361327e-01, 4.353351936952e-05, 3.7461e+01, 5.5156e-02, 
 2DIAGNOSTIC,    16, -3.613471615056e-01, 5.285188190314e-05, 3.7527e+01, 6.5818e-02, 
 2DIAGNOSTIC,    17, -3.614479061479e-01, 7.076499731540e-05, 3.7593e+01, 6.6062e-02, 
 2DIAGNOSTIC,    18, -3.617752005350e-01, 9.891844120044e-05, 3.7659e+01, 6.5842e-02, 
 2DIAGNOSTIC,    19, -3.621915967424e-01, 1.327706835766e-04, 3.7756e+01, 9.6971e-02, 
 2DIAGNOSTIC,    20, -3.623076038615e-01, 1.581645611909e-04, 3.7821e+01, 6.5559e-02, 
 2DIAGNOSTIC,    21, -3.623344457263e-01, 1.669750994184e-04, 3.7887e+01, 6.5835e-02, 
 2DIAGNOSTIC,    22, -3.623106326009e-01, 1.590230435079e-04, 3.7943e+01, 5.5940e-02, 
 2DIAGNOSTIC,    23, -3.622931738506e-01, 1.370089124481e-04, 3.8009e+01, 6.5554e-02, 
 2DIAGNOSTIC,    24, -3.623066536761e-01, 1.055897866677e-04, 3.8074e+01, 6.5497e-02, 
 2DIAGNOSTIC,    25, -3.623250772132e-01, 6.913069627085e-05, 3.8130e+01, 5.5445e-02, 
 2DIAGNOSTIC,    26, -3.623557169904e-01, 4.543508615658e-05, 3.8195e+01, 6.5662e-02, 
 2DIAGNOSTIC,    27, -3.623758854359e-01, 2.279455556924e-05, 3.8251e+01, 5.5574e-02, 
 2DIAGNOSTIC,    28, -3.622947284235e-01, 6.394351785302e-06, 3.8307e+01, 5.5759e-02, 
 2DIAGNOSTIC,    29, -3.623505824283e-01, 3.447124346696e-06, 3.8373e+01, 6.6031e-02, 
 2DIAGNOSTIC,    30, -3.625075146334e-01, 7.534539424425e-06, 3.8438e+01, 6.5182e-02, 
 2DIAGNOSTIC,    31, -3.625501221812e-01, 1.237920557087e-05, 3.8514e+01, 7.6071e-02, 
 2DIAGNOSTIC,    32, -3.625282518869e-01, 1.477941105455e-05, 3.8580e+01, 6.5627e-02, 
 2DIAGNOSTIC,    33, -3.625069994757e-01, 1.492504774813e-05, 3.8635e+01, 5.5309e-02, 
 2DIAGNOSTIC,    34, -3.625003312128e-01, 1.389446740724e-05, 3.8711e+01, 7.6470e-02, 
 2DIAGNOSTIC,    35, -3.624838483370e-01, 1.161443292322e-05, 3.8777e+01, 6.5865e-02, 
 2DIAGNOSTIC,    36, -3.625028727828e-01, 9.489694994886e-06, 3.8842e+01, 6.5154e-02, 
 2DIAGNOSTIC,    37, -3.624474904031e-01, 6.019008043135e-06, 3.8918e+01, 7.6113e-02, 
DIAGNOSTIC,Iteration,metricValue,convergenceValue,ITERATION_TIME_INDEX,SINCE_LAST
 2DIAGNOSTIC,     1, -3.017027111844e-01, 1.797693134862e+308, 4.7555e+01, 8.6362e+00, 
 2DIAGNOSTIC,     2, -3.018679113576e-01, 1.797693134862e+308, 4.8007e+01, 4.5253e-01, 
 2DIAGNOSTIC,     3, -3.023358196279e-01, 1.797693134862e+308, 4.8549e+01, 5.4146e-01, 
 2DIAGNOSTIC,     4, -3.024803312945e-01, 1.797693134862e+308, 4.9090e+01, 5.4153e-01, 
 2DIAGNOSTIC,     5, -3.024931710097e-01, 1.797693134862e+308, 4.9542e+01, 4.5147e-01, 
 2DIAGNOSTIC,     6, -3.025823154635e-01, 1.797693134862e+308, 4.9994e+01, 4.5224e-01, 
 2DIAGNOSTIC,     7, -3.027447829471e-01, 1.797693134862e+308, 5.0446e+01, 4.5165e-01, 
 2DIAGNOSTIC,     8, -3.035994236827e-01, 1.797693134862e+308, 5.0897e+01, 4.5183e-01, 
 2DIAGNOSTIC,     9, -3.038706552818e-01, 1.797693134862e+308, 5.1709e+01, 8.1132e-01, 
 2DIAGNOSTIC,    10, -3.039001065238e-01, 4.699613035219e-04, 5.2522e+01, 8.1322e-01, 
 2DIAGNOSTIC,    11, -3.038930793456e-01, 4.218691691782e-04, 5.3064e+01, 5.4197e-01, 
 2DIAGNOSTIC,    12, -3.038893658078e-01, 3.558873485964e-04, 5.3697e+01, 6.3260e-01, 
 2DIAGNOSTIC,    13, -3.038868831665e-01, 3.004755146126e-04, 5.4239e+01, 5.4216e-01, 
 2DIAGNOSTIC,    14, -3.038810166827e-01, 2.349142195232e-04, 5.4870e+01, 6.3139e-01, 
 2DIAGNOSTIC,    15, -3.038703430011e-01, 1.577628268015e-04, 5.5412e+01, 5.4211e-01, 
 2DIAGNOSTIC,    16, -3.038631922806e-01, 8.141408076738e-05, 5.5864e+01, 4.5184e-01, 
 2DIAGNOSTIC,    17, -3.038603271004e-01, 1.441546545885e-05, 5.6317e+01, 4.5271e-01, 
DIAGNOSTIC,Iteration,metricValue,convergenceValue,ITERATION_TIME_INDEX,SINCE_LAST
 2DIAGNOSTIC,     1, -2.617497603018e-01, 1.797693134862e+308, 6.4782e+01, 8.4655e+00, 
  Elapsed time (stage 0): 6.6525e+01


Stage 1
  iterations = 1000x500x250x0
  convergence threshold = 1.0000e-06
  convergence window size = 10
  number of levels = 4
  using the Mattes MI metric (number of bins = 32, weight = 1.0000e+00)
  preprocessing:  winsorizing the image intensities
  Shrink factors (level 1 out of 4): [12, 12, 12]
  Shrink factors (level 2 out of 4): [8, 8, 8]
  Shrink factors (level 3 out of 4): [4, 4, 4]
  Shrink factors (level 4 out of 4): [2, 2, 2]
  smoothing sigmas per level: [4, 3, 2, 1]
  regular sampling (percentage = 2.5000e-01)

*** Running AffineTransform registration ***

DIAGNOSTIC,Iteration,metricValue,convergenceValue,ITERATION_TIME_INDEX,SINCE_LAST
 2DIAGNOSTIC,     1, -4.228282556765e-01, 1.797693134862e+308, 2.0309e+01, 2.0309e+01, 
 2DIAGNOSTIC,     2, -4.237434757960e-01, 1.797693134862e+308, 2.0322e+01, 1.3341e-02, 
 2DIAGNOSTIC,     3, -4.250528268245e-01, 1.797693134862e+308, 2.0337e+01, 1.4644e-02, 
 2DIAGNOSTIC,     4, -4.258490185439e-01, 1.797693134862e+308, 2.0350e+01, 1.3093e-02, 
 2DIAGNOSTIC,     5, -4.270375818447e-01, 1.797693134862e+308, 2.0363e+01, 1.3077e-02, 
 2DIAGNOSTIC,     6, -4.291865708964e-01, 1.797693134862e+308, 2.0376e+01, 1.3198e-02, 
 2DIAGNOSTIC,     7, -4.321545563530e-01, 1.797693134862e+308, 2.0390e+01, 1.3321e-02, 
 2DIAGNOSTIC,     8, -4.380956354354e-01, 1.797693134862e+308, 2.0404e+01, 1.3973e-02, 
 2DIAGNOSTIC,     9, -4.520887626542e-01, 1.797693134862e+308, 2.0421e+01, 1.7628e-02, 
 2DIAGNOSTIC,    10, -4.806491155557e-01, 6.202971442775e-03, 2.0438e+01, 1.6464e-02, 
 2DIAGNOSTIC,    11, -4.874174507261e-01, 8.000808202141e-03, 2.0452e+01, 1.4691e-02, 
 2DIAGNOSTIC,    12, -4.911696925260e-01, 9.017026952457e-03, 2.0471e+01, 1.8497e-02, 
 2DIAGNOSTIC,    13, -4.953173115984e-01, 9.328797298186e-03, 2.0495e+01, 2.3925e-02, 
 2DIAGNOSTIC,    14, -4.956356361322e-01, 8.787589840064e-03, 2.0510e+01, 1.4791e-02, 
 2DIAGNOSTIC,    15, -4.964885603052e-01, 7.596129634061e-03, 2.0524e+01, 1.4645e-02, 
 2DIAGNOSTIC,    16, -4.974850644829e-01, 5.996244588262e-03, 2.0539e+01, 1.4792e-02, 
 2DIAGNOSTIC,    17, -4.984025262416e-01, 4.204344494133e-03, 2.0553e+01, 1.4470e-02, 
 2DIAGNOSTIC,    18, -4.992392074149e-01, 2.471051033641e-03, 2.0568e+01, 1.4317e-02, 
 2DIAGNOSTIC,    19, -5.001120020319e-01, 1.162799200150e-03, 2.0582e+01, 1.4442e-02, 
 2DIAGNOSTIC,    20, -5.011976273006e-01, 7.885845009534e-04, 2.0605e+01, 2.2914e-02, 
 2DIAGNOSTIC,    21, -5.013123162788e-01, 5.763256966268e-04, 2.0619e+01, 1.4282e-02, 
 2DIAGNOSTIC,    22, -5.014100984487e-01, 4.344655475398e-04, 2.0634e+01, 1.4186e-02, 
 2DIAGNOSTIC,    23, -5.016856434290e-01, 3.818405704440e-04, 2.0651e+01, 1.7474e-02, 
 2DIAGNOSTIC,    24, -5.019112510989e-01, 3.113550464611e-04, 2.0665e+01, 1.4194e-02, 
 2DIAGNOSTIC,    25, -5.020638145030e-01, 2.413202364811e-04, 2.0681e+01, 1.5912e-02, 
 2DIAGNOSTIC,    26, -5.023588132962e-01, 1.841105428168e-04, 2.0698e+01, 1.6702e-02, 
 2DIAGNOSTIC,    27, -5.031336785117e-01, 1.516301310111e-04, 2.0718e+01, 2.0127e-02, 
 2DIAGNOSTIC,    28, -5.033813809972e-01, 1.298694077008e-04, 2.0732e+01, 1.4404e-02, 
 2DIAGNOSTIC,    29, -5.032856339705e-01, 1.129771256910e-04, 2.0747e+01, 1.4302e-02, 
 2DIAGNOSTIC,    30, -5.033641993273e-01, 1.101055220493e-04, 2.0768e+01, 2.1002e-02, 
 2DIAGNOSTIC,    31, -5.034000200472e-01, 9.994071815236e-05, 2.0782e+01, 1.4519e-02, 
 2DIAGNOSTIC,    32, -5.033275462209e-01, 8.119857985731e-05, 2.0798e+01, 1.6074e-02, 
 2DIAGNOSTIC,    33, -5.033761889763e-01, 6.181720240047e-05, 2.0813e+01, 1.4524e-02, 
 2DIAGNOSTIC,    34, -5.033997649369e-01, 4.237658460175e-05, 2.0827e+01, 1.4461e-02, 
 2DIAGNOSTIC,    35, -5.032671783407e-01, 2.054851376444e-05, 2.0843e+01, 1.6162e-02, 
 2DIAGNOSTIC,    36, -5.034398908798e-01, 5.508928655043e-06, 2.0860e+01, 1.6231e-02, 
 2DIAGNOSTIC,    37, -5.039360332080e-01, 1.090404483236e-05, 2.0903e+01, 4.3673e-02, 
 2DIAGNOSTIC,    38, -5.039359997344e-01, 1.871829266187e-05, 2.0918e+01, 1.4321e-02, 
 2DIAGNOSTIC,    39, -5.039360718432e-01, 2.306158548995e-05, 2.0932e+01, 1.4200e-02, 
 2DIAGNOSTIC,    40, -5.039361937366e-01, 2.634105165032e-05, 2.0946e+01, 1.4127e-02, 
 2DIAGNOSTIC,    41, -5.039363997186e-01, 2.751917522702e-05, 2.0960e+01, 1.4116e-02, 
 2DIAGNOSTIC,    42, -5.039367476377e-01, 2.491384024370e-05, 2.0974e+01, 1.4098e-02, 
 2DIAGNOSTIC,    43, -5.039373348408e-01, 2.078275994649e-05, 2.0988e+01, 1.4161e-02, 
 2DIAGNOSTIC,    44, -5.039383247841e-01, 1.544646443229e-05, 2.1002e+01, 1.4100e-02, 
 2DIAGNOSTIC,    45, -5.039399899404e-01, 7.265193324082e-06, 2.1017e+01, 1.4113e-02, 
DIAGNOSTIC,Iteration,metricValue,convergenceValue,ITERATION_TIME_INDEX,SINCE_LAST
 2DIAGNOSTIC,     1, -4.218236319259e-01, 1.797693134862e+308, 3.6328e+01, 1.5312e+01, 
 2DIAGNOSTIC,     2, -4.222192144333e-01, 1.797693134862e+308, 3.6400e+01, 7.1180e-02, 
 2DIAGNOSTIC,     3, -4.230215369249e-01, 1.797693134862e+308, 3.6470e+01, 7.0445e-02, 
 2DIAGNOSTIC,     4, -4.236728720875e-01, 1.797693134862e+308, 3.6552e+01, 8.1451e-02, 
 2DIAGNOSTIC,     5, -4.239546910596e-01, 1.797693134862e+308, 3.6622e+01, 7.0353e-02, 
 2DIAGNOSTIC,     6, -4.241680255859e-01, 1.797693134862e+308, 3.6692e+01, 7.0376e-02, 
 2DIAGNOSTIC,     7, -4.245157419952e-01, 1.797693134862e+308, 3.6797e+01, 1.0473e-01, 
 2DIAGNOSTIC,     8, -4.247197303038e-01, 1.797693134862e+308, 3.6867e+01, 7.0244e-02, 
 2DIAGNOSTIC,     9, -4.247201327451e-01, 1.797693134862e+308, 3.6949e+01, 8.1565e-02, 
 2DIAGNOSTIC,    10, -4.247370365074e-01, 4.538412128354e-04, 3.7020e+01, 7.0905e-02, 
 2DIAGNOSTIC,    11, -4.247672455082e-01, 3.196720209726e-04, 3.7102e+01, 8.2086e-02, 
 2DIAGNOSTIC,    12, -4.247841744113e-01, 2.015147559294e-04, 3.7195e+01, 9.3396e-02, 
 2DIAGNOSTIC,    13, -4.248788851185e-01, 1.290231691364e-04, 3.7267e+01, 7.1886e-02, 
 2DIAGNOSTIC,    14, -4.248903349066e-01, 8.701295994622e-05, 3.7338e+01, 7.0866e-02, 
 2DIAGNOSTIC,    15, -4.249685781360e-01, 5.905757589311e-05, 3.7421e+01, 8.2894e-02, 
 2DIAGNOSTIC,    16, -4.251240424453e-01, 4.446149817532e-05, 3.7561e+01, 1.3978e-01, 
 2DIAGNOSTIC,    17, -4.251251792389e-01, 4.104431916447e-05, 3.7632e+01, 7.1357e-02, 
 2DIAGNOSTIC,    18, -4.251276062271e-01, 4.214897603748e-05, 3.7703e+01, 7.0635e-02, 
 2DIAGNOSTIC,    19, -4.251308104620e-01, 3.958598620632e-05, 3.7775e+01, 7.1996e-02, 
 2DIAGNOSTIC,    20, -4.251348849796e-01, 3.442273367450e-05, 3.7845e+01, 7.0625e-02, 
 2DIAGNOSTIC,    21, -4.251397246440e-01, 2.774419389166e-05, 3.7917e+01, 7.1796e-02, 
 2DIAGNOSTIC,    22, -4.251885605645e-01, 2.116727462307e-05, 3.7989e+01, 7.1575e-02, 
 2DIAGNOSTIC,    23, -4.252002381642e-01, 1.646847338663e-05, 3.8071e+01, 8.1922e-02, 
 2DIAGNOSTIC,    24, -4.251708720149e-01, 1.024567074776e-05, 3.8153e+01, 8.2260e-02, 
 2DIAGNOSTIC,    25, -4.251933363099e-01, 6.307760995104e-06, 3.8246e+01, 9.3470e-02, 
 2DIAGNOSTIC,    26, -4.255391290889e-01, 1.507814974296e-05, 3.8340e+01, 9.3250e-02, 
 2DIAGNOSTIC,    27, -4.255710625756e-01, 2.244112484808e-05, 3.8421e+01, 8.1479e-02, 
 2DIAGNOSTIC,    28, -4.255334072745e-01, 2.651077745736e-05, 3.8502e+01, 8.1483e-02, 
 2DIAGNOSTIC,    29, -4.255128858822e-01, 2.769285403123e-05, 3.8573e+01, 7.0074e-02, 
 2DIAGNOSTIC,    30, -4.254971956060e-01, 2.601633016017e-05, 3.8643e+01, 7.0694e-02, 
 2DIAGNOSTIC,    31, -4.255752463434e-01, 2.369848695315e-05, 3.8713e+01, 7.0182e-02, 
 2DIAGNOSTIC,    32, -4.256608581526e-01, 2.208892837002e-05, 3.8796e+01, 8.2470e-02, 
 2DIAGNOSTIC,    33, -4.257435761885e-01, 2.060338530983e-05, 3.8923e+01, 1.2716e-01, 
 2DIAGNOSTIC,    34, -4.257557473452e-01, 1.709197367360e-05, 3.8993e+01, 7.0256e-02, 
 2DIAGNOSTIC,    35, -4.257636506711e-01, 1.267319247688e-05, 3.9064e+01, 7.0534e-02, 
 2DIAGNOSTIC,    36, -4.257780544613e-01, 1.403743606028e-05, 3.9134e+01, 7.0533e-02, 
 2DIAGNOSTIC,    37, -4.257969637686e-01, 1.496652311779e-05, 3.9205e+01, 7.0211e-02, 
 2DIAGNOSTIC,    38, -4.263501698543e-01, 2.357078726234e-05, 3.9320e+01, 1.1550e-01, 
 2DIAGNOSTIC,    39, -4.263428381419e-01, 2.886355753598e-05, 3.9390e+01, 6.9909e-02, 
 2DIAGNOSTIC,    40, -4.263908656186e-01, 3.187538983217e-05, 3.9472e+01, 8.1543e-02, 
 2DIAGNOSTIC,    41, -4.264796013347e-01, 3.459128812816e-05, 3.9542e+01, 7.0048e-02, 
 2DIAGNOSTIC,    42, -4.264439029515e-01, 3.463810474327e-05, 3.9612e+01, 7.0385e-02, 
 2DIAGNOSTIC,    43, -4.269236719853e-01, 4.008904582291e-05, 3.9682e+01, 7.0343e-02, 
 2DIAGNOSTIC,    44, -4.276864182352e-01, 5.307920251850e-05, 3.9809e+01, 1.2708e-01, 
 2DIAGNOSTIC,    45, -4.277938237524e-01, 6.206233969194e-05, 3.9879e+01, 6.9998e-02, 
 2DIAGNOSTIC,    46, -4.277820014787e-01, 6.508756075186e-05, 3.9972e+01, 9.2883e-02, 
 2DIAGNOSTIC,    47, -4.277698237420e-01, 6.187765625635e-05, 4.0065e+01, 9.2783e-02, 
 2DIAGNOSTIC,    48, -4.277835396302e-01, 6.074021818246e-05, 4.0135e+01, 7.0208e-02, 
 2DIAGNOSTIC,    49, -4.277929398488e-01, 5.369449829741e-05, 4.0218e+01, 8.2416e-02, 
 2DIAGNOSTIC,    50, -4.277574557011e-01, 4.201466485869e-05, 4.0288e+01, 7.0666e-02, 
 2DIAGNOSTIC,    51, -4.277260023723e-01, 2.784586479659e-05, 4.0359e+01, 7.0979e-02, 
 2DIAGNOSTIC,    52, -4.277310674427e-01, 1.119486442910e-05, 4.0441e+01, 8.1870e-02, 
DIAGNOSTIC,Iteration,metricValue,convergenceValue,ITERATION_TIME_INDEX,SINCE_LAST
 2DIAGNOSTIC,     1, -3.531314550187e-01, 1.797693134862e+308, 4.9021e+01, 8.5800e+00, 
 2DIAGNOSTIC,     2, -3.535971635092e-01, 1.797693134862e+308, 4.9591e+01, 5.7004e-01, 
 2DIAGNOSTIC,     3, -3.541512754999e-01, 1.797693134862e+308, 5.0160e+01, 5.6888e-01, 
 2DIAGNOSTIC,     4, -3.545860691051e-01, 1.797693134862e+308, 5.0729e+01, 5.6854e-01, 
 2DIAGNOSTIC,     5, -3.548462083648e-01, 1.797693134862e+308, 5.1298e+01, 5.6905e-01, 
 2DIAGNOSTIC,     6, -3.552645942294e-01, 1.797693134862e+308, 5.1868e+01, 5.6997e-01, 
 2DIAGNOSTIC,     7, -3.556500225969e-01, 1.797693134862e+308, 5.2822e+01, 9.5377e-01, 
 2DIAGNOSTIC,     8, -3.557069792730e-01, 1.797693134862e+308, 5.3392e+01, 5.7047e-01, 
 2DIAGNOSTIC,     9, -3.557457455364e-01, 1.797693134862e+308, 5.4058e+01, 6.6559e-01, 
 2DIAGNOSTIC,    10, -3.558460985575e-01, 5.037404816048e-04, 5.4725e+01, 6.6710e-01, 
 2DIAGNOSTIC,    11, -3.558517026893e-01, 3.679410381218e-04, 5.5387e+01, 6.6271e-01, 
 2DIAGNOSTIC,    12, -3.558612213244e-01, 2.529385723016e-04, 5.6248e+01, 8.6020e-01, 
 2DIAGNOSTIC,    13, -3.558513786224e-01, 1.663603969824e-04, 5.6912e+01, 6.6428e-01, 
 2DIAGNOSTIC,    14, -3.558486766250e-01, 1.021676910069e-04, 5.7570e+01, 6.5766e-01, 
 2DIAGNOSTIC,    15, -3.558459140311e-01, 5.072577161891e-05, 5.8134e+01, 5.6467e-01, 
 2DIAGNOSTIC,    16, -3.558439127658e-01, 2.157247066659e-05, 5.8696e+01, 5.6188e-01, 
 2DIAGNOSTIC,    17, -3.558471357889e-01, 1.235599490142e-05, 5.9356e+01, 6.6011e-01, 
 2DIAGNOSTIC,    18, -3.558491368057e-01, 5.824529047946e-06, 6.0016e+01, 6.6016e-01, 
DIAGNOSTIC,Iteration,metricValue,convergenceValue,ITERATION_TIME_INDEX,SINCE_LAST
 2DIAGNOSTIC,     1, -3.035478332922e-01, 1.797693134862e+308, 6.9308e+01, 9.2914e+00, 
  Elapsed time (stage 1): 7.1200e+01


Stage 2
  iterations = 100x100x70x50x0
  convergence threshold = 1.0000e-06
  convergence window size = 10
  number of levels = 5
  using the Mattes MI metric (number of bins = 32, weight = 1.0000e+00)
  preprocessing:  winsorizing the image intensities
  Shrink factors (level 1 out of 5): [10, 10, 10]
  Shrink factors (level 2 out of 5): [6, 6, 6]
  Shrink factors (level 3 out of 5): [4, 4, 4]
  Shrink factors (level 4 out of 5): [2, 2, 2]
  Shrink factors (level 5 out of 5): [1, 1, 1]
  smoothing sigmas per level: [5, 3, 2, 1, 0]
  Using default NONE metricSamplingStrategy 

*** Running SyN registration (varianceForUpdateField = 3.0000e+00, varianceForTotalField = 0.0000e+00) ***

XXDIAGNOSTIC,Iteration,metricValue,convergenceValue,ITERATION_TIME_INDEX,SINCE_LAST
 1DIAGNOSTIC,     1, -4.949075005686e-01, 1.797693134862e+308, 3.2636e+01, 3.2636e+01, 
 1DIAGNOSTIC,     2, -5.121419370321e-01, 1.797693134862e+308, 3.2778e+01, 1.4170e-01, 
 1DIAGNOSTIC,     3, -5.262713544722e-01, 1.797693134862e+308, 3.2914e+01, 1.3637e-01, 
 1DIAGNOSTIC,     4, -5.318522585554e-01, 1.797693134862e+308, 3.3056e+01, 1.4183e-01, 
 1DIAGNOSTIC,     5, -5.339781927516e-01, 1.797693134862e+308, 3.3192e+01, 1.3605e-01, 
 1DIAGNOSTIC,     6, -5.344716159528e-01, 1.797693134862e+308, 3.3328e+01, 1.3586e-01, 
 1DIAGNOSTIC,     7, -5.336546584992e-01, 1.797693134862e+308, 3.3464e+01, 1.3609e-01, 
 1DIAGNOSTIC,     8, -5.298620390251e-01, 1.797693134862e+308, 3.3603e+01, 1.3884e-01, 
 1DIAGNOSTIC,     9, -5.269837649693e-01, 1.797693134862e+308, 3.3739e+01, 1.3606e-01, 
 1DIAGNOSTIC,    10, -5.244866480949e-01, 2.493464617403e-03, 3.3875e+01, 1.3634e-01, 
 1DIAGNOSTIC,    11, -5.221822665563e-01, 1.509837293186e-04, 3.4012e+01, 1.3678e-01, 
 1DIAGNOSTIC,    12, -5.188643716324e-01, -1.201154570825e-03, 3.4149e+01, 1.3706e-01, 
XXDIAGNOSTIC,Iteration,metricValue,convergenceValue,ITERATION_TIME_INDEX,SINCE_LAST
 1DIAGNOSTIC,     1, -4.092746383813e-01, 1.797693134862e+308, 4.9227e+01, 1.5078e+01, 
 1DIAGNOSTIC,     2, -4.112422337958e-01, 1.797693134862e+308, 4.9769e+01, 5.4219e-01, 
 1DIAGNOSTIC,     3, -4.125905574622e-01, 1.797693134862e+308, 5.0310e+01, 5.4095e-01, 
 1DIAGNOSTIC,     4, -4.132122900820e-01, 1.797693134862e+308, 5.0857e+01, 5.4698e-01, 
 1DIAGNOSTIC,     5, -4.135603499945e-01, 1.797693134862e+308, 5.1398e+01, 5.4075e-01, 
 1DIAGNOSTIC,     6, -4.132981106614e-01, 1.797693134862e+308, 5.1941e+01, 5.4376e-01, 
 1DIAGNOSTIC,     7, -4.126288002389e-01, 1.797693134862e+308, 5.2485e+01, 5.4318e-01, 
 1DIAGNOSTIC,     8, -4.120990550001e-01, 1.797693134862e+308, 5.3027e+01, 5.4294e-01, 
 1DIAGNOSTIC,     9, -4.119903498034e-01, 1.797693134862e+308, 5.3572e+01, 5.4417e-01, 
 1DIAGNOSTIC,    10, -4.112306100064e-01, 1.375724551673e-04, 5.4115e+01, 5.4333e-01, 
 1DIAGNOSTIC,    11, -4.100355766570e-01, -2.508403098617e-04, 5.4660e+01, 5.4478e-01, 
XXDIAGNOSTIC,Iteration,metricValue,convergenceValue,ITERATION_TIME_INDEX,SINCE_LAST
 1DIAGNOSTIC,     1, -3.498640954758e-01, 1.797693134862e+308, 6.4409e+01, 9.7493e+00, 
 1DIAGNOSTIC,     2, -3.506425349567e-01, 1.797693134862e+308, 6.6166e+01, 1.7570e+00, 
 1DIAGNOSTIC,     3, -3.512187041500e-01, 1.797693134862e+308, 6.7916e+01, 1.7499e+00, 
 1DIAGNOSTIC,     4, -3.514080800890e-01, 1.797693134862e+308, 6.9728e+01, 1.8119e+00, 
 1DIAGNOSTIC,     5, -3.514437636323e-01, 1.797693134862e+308, 7.1447e+01, 1.7190e+00, 
 1DIAGNOSTIC,     6, -3.514057930916e-01, 1.797693134862e+308, 7.3147e+01, 1.7002e+00, 
 1DIAGNOSTIC,     7, -3.513765027268e-01, 1.797693134862e+308, 7.4848e+01, 1.7014e+00, 
 1DIAGNOSTIC,     8, -3.511371577196e-01, 1.797693134862e+308, 7.6546e+01, 1.6973e+00, 
 1DIAGNOSTIC,     9, -3.509158270557e-01, 1.797693134862e+308, 7.8258e+01, 1.7126e+00, 
 1DIAGNOSTIC,    10, -3.506138905420e-01, 7.688703412023e-05, 7.9961e+01, 1.7024e+00, 
 1DIAGNOSTIC,    11, -3.501474971546e-01, -1.087951072638e-04, 8.1666e+01, 1.7056e+00, 
XXDIAGNOSTIC,Iteration,metricValue,convergenceValue,ITERATION_TIME_INDEX,SINCE_LAST
 1DIAGNOSTIC,     1, -2.948674921808e-01, 1.797693134862e+308, 1.0062e+02, 1.8950e+01, 
 1DIAGNOSTIC,     2, -2.956963092781e-01, 1.797693134862e+308, 1.1319e+02, 1.2577e+01, 
 1DIAGNOSTIC,     3, -2.965243060019e-01, 1.797693134862e+308, 1.2578e+02, 1.2585e+01, 
 1DIAGNOSTIC,     4, -2.972508907181e-01, 1.797693134862e+308, 1.3851e+02, 1.2733e+01, 
 1DIAGNOSTIC,     5, -2.979154209051e-01, 1.797693134862e+308, 1.5108e+02, 1.2572e+01, 
 1DIAGNOSTIC,     6, -2.985303202667e-01, 1.797693134862e+308, 1.6409e+02, 1.3002e+01, 
 1DIAGNOSTIC,     7, -2.991079506116e-01, 1.797693134862e+308, 1.7671e+02, 1.2620e+01, 
 1DIAGNOSTIC,     8, -2.995628798637e-01, 1.797693134862e+308, 1.8976e+02, 1.3056e+01, 
 1DIAGNOSTIC,     9, -2.999595681060e-01, 1.797693134862e+308, 2.0278e+02, 1.3019e+01, 
 1DIAGNOSTIC,    10, -3.002851859228e-01, 1.171047059929e-03, 2.1577e+02, 1.2989e+01, 
 1DIAGNOSTIC,    11, -3.006019422227e-01, 9.522696215735e-04, 2.2881e+02, 1.3039e+01, 
 1DIAGNOSTIC,    12, -3.008722151701e-01, 7.710142331081e-04, 2.4183e+02, 1.3024e+01, 
 1DIAGNOSTIC,    13, -3.011463989794e-01, 6.282379453710e-04, 2.5482e+02, 1.2986e+01, 
 1DIAGNOSTIC,    14, -3.013614958649e-01, 5.123950014475e-04, 2.6782e+02, 1.2997e+01, 
 1DIAGNOSTIC,    15, -3.015868546113e-01, 4.213198312519e-04, 2.8127e+02, 1.3451e+01, 
 1DIAGNOSTIC,    16, -3.018199717996e-01, 3.529455470749e-04, 2.9427e+02, 1.2999e+01, 
 1DIAGNOSTIC,    17, -3.019808804028e-01, 3.010583532229e-04, 3.0772e+02, 1.3448e+01, 
 1DIAGNOSTIC,    18, -3.022213988704e-01, 2.636492537235e-04, 3.2125e+02, 1.3530e+01, 
 1DIAGNOSTIC,    19, -3.023779637670e-01, 2.331800593415e-04, 3.3467e+02, 1.3425e+01, 
 1DIAGNOSTIC,    20, -3.025395408336e-01, 2.070945052316e-04, 3.4809e+02, 1.3420e+01, 
 1DIAGNOSTIC,    21, -3.026793250819e-01, 1.847439082480e-04, 3.6160e+02, 1.3505e+01, 
 1DIAGNOSTIC,    22, -3.028009880551e-01, 1.639728875058e-04, 3.7515e+02, 1.3556e+01, 
 1DIAGNOSTIC,    23, -3.028931841694e-01, 1.447364929027e-04, 3.8857e+02, 1.3421e+01, 
 1DIAGNOSTIC,    24, -3.029371128092e-01, 1.237377422875e-04, 4.0209e+02, 1.3516e+01, 
 1DIAGNOSTIC,    25, -3.029450992585e-01, 1.016663968592e-04, 4.1555e+02, 1.3463e+01, 
 1DIAGNOSTIC,    26, -3.029421866999e-01, 8.021350039590e-05, 4.2900e+02, 1.3446e+01, 
 1DIAGNOSTIC,    27, -3.029357339973e-01, 5.817936807835e-05, 4.4251e+02, 1.3516e+01, 
 1DIAGNOSTIC,    28, -3.029384974414e-01, 4.049630891075e-05, 4.5601e+02, 1.3494e+01, 
 1DIAGNOSTIC,    29, -3.029691067111e-01, 2.635045260412e-05, 4.6945e+02, 1.3445e+01, 
 1DIAGNOSTIC,    30, -3.030337273185e-01, 1.781910583281e-05, 4.8298e+02, 1.3527e+01, 
 1DIAGNOSTIC,    31, -3.031478359113e-01, 1.589890071940e-05, 4.9659e+02, 1.3610e+01, 
 1DIAGNOSTIC,    32, -3.032241506516e-01, 1.841906069471e-05, 5.1007e+02, 1.3479e+01, 
 1DIAGNOSTIC,    33, -3.033114769138e-01, 2.423741240805e-05, 5.2359e+02, 1.3518e+01, 
 1DIAGNOSTIC,    34, -3.034140264977e-01, 3.154454690771e-05, 5.3710e+02, 1.3514e+01, 
 1DIAGNOSTIC,    35, -3.034640256217e-01, 3.702704611499e-05, 5.5053e+02, 1.3427e+01, 
 1DIAGNOSTIC,    36, -3.035679462461e-01, 4.140246395735e-05, 5.6397e+02, 1.3446e+01, 
 1DIAGNOSTIC,    37, -3.036460561145e-01, 4.347540637169e-05, 5.7743e+02, 1.3453e+01, 
 1DIAGNOSTIC,    38, -3.037294277863e-01, 4.350454861413e-05, 5.9084e+02, 1.3413e+01, 
 1DIAGNOSTIC,    39, -3.038062628064e-01, 4.203446020765e-05, 6.0428e+02, 1.3439e+01, 
 1DIAGNOSTIC,    40, -3.038762637381e-01, 3.982271692672e-05, 6.1775e+02, 1.3472e+01, 
 1DIAGNOSTIC,    41, -3.039066331573e-01, 3.728495971472e-05, 6.3118e+02, 1.3424e+01, 
 1DIAGNOSTIC,    42, -3.039497862433e-01, 3.403613234669e-05, 6.4464e+02, 1.3466e+01, 
 1DIAGNOSTIC,    43, -3.039403101375e-01, 2.941515073869e-05, 6.5808e+02, 1.3441e+01, 
 1DIAGNOSTIC,    44, -3.039436485055e-01, 2.454321674103e-05, 6.7156e+02, 1.3473e+01, 
 1DIAGNOSTIC,    45, -3.039230218023e-01, 1.818977700770e-05, 6.8500e+02, 1.3445e+01, 
 1DIAGNOSTIC,    46, -3.038460008371e-01, 1.098399753083e-05, 6.9846e+02, 1.3458e+01, 
 1DIAGNOSTIC,    47, -3.038123402737e-01, 4.010173115482e-06, 7.1193e+02, 1.3471e+01, 
 1DIAGNOSTIC,    48, -3.037555941786e-01, -2.490964753236e-06, 7.2536e+02, 1.3428e+01, 
  Elapsed time (stage 2): 745.3


Total elapsed time: 883.1

--- Writing output images ---

Using double precision for computations.
Input scalar image: data/Segmentations/1128_3_seg.nii.gz
Reference image: data/template/T_template0_BrainCerebellum.nii.gz
=============================================================================
The composite transform comprises the following transforms (in order): 
  1. /tmp/1971203.1.basic.q/1128_ToTemplate_021_0GenericAffine.mat (type = AffineTransform)
  2. /tmp/1971203.1.basic.q/1128_ToTemplate_021_1Warp.nii.gz (type = DisplacementFieldTransform)
=============================================================================
Default pixel value: 0
Interpolation type: LabelImageGenericInterpolateImageFunction
Output warped image: output/1128/1128_WarpedLabels_021.nii.gz

--- Done ---

