
--- Running on compute-1-14.local ---


--- registration call ---
/data/jet/pcook/bin/antsBuild/bin/antsRegistrationSyNQuick.sh -d 3 -f data/template/T_template0_BrainCerebellum.nii.gz -m data/Brains/1014_3.nii.gz -t s -p d -n 1 -o /tmp/1993594.1.basic.q/1014_ToTemplate_016_
---


--------------------------------------------------------------------------------------
 Mapping parameters
--------------------------------------------------------------------------------------
 ANTSPATH is /data/jet/pcook/bin/antsBuild/bin/

 Dimensionality:           3
 Output name prefix:       /tmp/1993594.1.basic.q/1014_ToTemplate_016_
 Fixed images:             data/template/T_template0_BrainCerebellum.nii.gz
 Moving images:            data/Brains/1014_3.nii.gz
 Mask images:              
 Initial transforms:       
 Number of threads:        1
 Spline distance:          26
 Transform type:           s
 MI histogram bins:        32
 Precision:                d
 Use histogram matching    0
======================================================================================
 antsRegistration call:
--------------------------------------------------------------------------------------
/data/jet/pcook/bin/antsBuild/bin//antsRegistration --verbose 1 --dimensionality 3 --float 0 --collapse-output-transforms 1 --output [/tmp/1993594.1.basic.q/1014_ToTemplate_016_,/tmp/1993594.1.basic.q/1014_ToTemplate_016_Warped.nii.gz,/tmp/1993594.1.basic.q/1014_ToTemplate_016_InverseWarped.nii.gz] --interpolation Linear --use-histogram-matching 0 --winsorize-image-intensities [0.005,0.995] --initial-moving-transform [data/template/T_template0_BrainCerebellum.nii.gz,data/Brains/1014_3.nii.gz,1] --transform Rigid[0.1] --metric MI[data/template/T_template0_BrainCerebellum.nii.gz,data/Brains/1014_3.nii.gz,1,32,Regular,0.25] --convergence [1000x500x250x0,1e-6,10] --shrink-factors 12x8x4x2 --smoothing-sigmas 4x3x2x1vox --transform Affine[0.1] --metric MI[data/template/T_template0_BrainCerebellum.nii.gz,data/Brains/1014_3.nii.gz,1,32,Regular,0.25] --convergence [1000x500x250x0,1e-6,10] --shrink-factors 12x8x4x2 --smoothing-sigmas 4x3x2x1vox --transform SyN[0.1,3,0] --metric MI[data/template/T_template0_BrainCerebellum.nii.gz,data/Brains/1014_3.nii.gz,1,32] --convergence [100x100x70x50x0,1e-6,10] --shrink-factors 10x6x4x2x1 --smoothing-sigmas 5x3x2x1x0vox
--------------------------------------------------------------------------------------
All_Command_lines_OK
Using double precision for computations.
=============================================================================
The composite transform comprises the following transforms (in order): 
  1. Center of mass alignment using fixed image: data/template/T_template0_BrainCerebellum.nii.gz and moving image: data/Brains/1014_3.nii.gz (type = Euler3DTransform)
=============================================================================
  number of levels = 4
  number of levels = 4
  number of levels = 5
  fixed image: data/template/T_template0_BrainCerebellum.nii.gz
  moving image: data/Brains/1014_3.nii.gz
  fixed image: data/template/T_template0_BrainCerebellum.nii.gz
  moving image: data/Brains/1014_3.nii.gz
  fixed image: data/template/T_template0_BrainCerebellum.nii.gz
  moving image: data/Brains/1014_3.nii.gz
Dimension = 3
Number of stages = 3
Use Histogram Matching false
Winsorize image intensities true
Lower quantile = 0.005
Upper quantile = 0.995
Stage 1 State
   Image metric = Mattes
     Fixed image = Image (0x4fc4cf0)
  RTTI typeinfo:   itk::Image<double, 3u>
  Reference Count: 2
  Modified Time: 1611
  Debug: Off
  Object Name: 
  Observers: 
    none
  Source: (none)
  Source output name: (none)
  Release Data: Off
  Data Released: False
  Global Release Data: Off
  PipelineMTime: 0
  UpdateMTime: 1422
  RealTimeStamp: 0 seconds 
  LargestPossibleRegion: 
    Dimension: 3
    Index: [0, 0, 0]
    Size: [216, 256, 291]
  BufferedRegion: 
    Dimension: 3
    Index: [0, 0, 0]
    Size: [216, 256, 291]
  RequestedRegion: 
    Dimension: 3
    Index: [0, 0, 0]
    Size: [216, 256, 291]
  Spacing: [1, 1, 1]
  Origin: [0, 293, 0]
  Direction: 
1 0 0
0 -0 -1
0 -1 -0

  IndexToPointMatrix: 
1 0 0
0 0 -1
0 -1 0

  PointToIndexMatrix: 
1 0 0
0 0 -1
0 -1 0

  Inverse Direction: 
1 0 0
0 0 -1
0 -1 0

  PixelContainer: 
    ImportImageContainer (0x4fc87f0)
      RTTI typeinfo:   itk::ImportImageContainer<unsigned long, double>
      Reference Count: 1
      Modified Time: 1419
      Debug: Off
      Object Name: 
      Observers: 
        none
      Pointer: 0x7f67059e8010
      Container manages memory: true
      Size: 16091136
      Capacity: 16091136

     Moving image = Image (0x4fc6d50)
  RTTI typeinfo:   itk::Image<double, 3u>
  Reference Count: 2
  Modified Time: 1612
  Debug: Off
  Object Name: 
  Observers: 
    none
  Source: (none)
  Source output name: (none)
  Release Data: Off
  Data Released: False
  Global Release Data: Off
  PipelineMTime: 0
  UpdateMTime: 1609
  RealTimeStamp: 0 seconds 
  LargestPossibleRegion: 
    Dimension: 3
    Index: [0, 0, 0]
    Size: [256, 256, 307]
  BufferedRegion: 
    Dimension: 3
    Index: [0, 0, 0]
    Size: [256, 256, 307]
  RequestedRegion: 
    Dimension: 3
    Index: [0, 0, 0]
    Size: [256, 256, 307]
  Spacing: [1, 1, 1]
  Origin: [0, 306, 0]
  Direction: 
1 0 0
0 -0 -1
0 -1 -0

  IndexToPointMatrix: 
1 0 0
0 0 -1
0 -1 0

  PointToIndexMatrix: 
1 0 0
0 0 -1
0 -1 0

  Inverse Direction: 
1 0 0
0 0 -1
0 -1 0

  PixelContainer: 
    ImportImageContainer (0x4fb7f60)
      RTTI typeinfo:   itk::ImportImageContainer<unsigned long, double>
      Reference Count: 1
      Modified Time: 1606
      Debug: Off
      Object Name: 
      Observers: 
        none
      Pointer: 0x7f66fc067010
      Container manages memory: true
      Size: 20119552
      Capacity: 20119552

     Weighting = 1
     Sampling strategy = regular
     Number of bins = 32
     Radius = 4
     Sampling percentage  = 0.25
   Transform = Rigid
     Gradient step = 0.1
     Update field sigma (voxel space) = 0
     Total field sigma (voxel space) = 0
     Update field time sigma = 0
     Total field time sigma  = 0
     Number of time indices = 0
     Number of time point samples = 0
Stage 2 State
   Image metric = Mattes
     Fixed image = Image (0x4fcb700)
  RTTI typeinfo:   itk::Image<double, 3u>
  Reference Count: 2
  Modified Time: 1987
  Debug: Off
  Object Name: 
  Observers: 
    none
  Source: (none)
  Source output name: (none)
  Release Data: Off
  Data Released: False
  Global Release Data: Off
  PipelineMTime: 0
  UpdateMTime: 1798
  RealTimeStamp: 0 seconds 
  LargestPossibleRegion: 
    Dimension: 3
    Index: [0, 0, 0]
    Size: [216, 256, 291]
  BufferedRegion: 
    Dimension: 3
    Index: [0, 0, 0]
    Size: [216, 256, 291]
  RequestedRegion: 
    Dimension: 3
    Index: [0, 0, 0]
    Size: [216, 256, 291]
  Spacing: [1, 1, 1]
  Origin: [0, 293, 0]
  Direction: 
1 0 0
0 -0 -1
0 -1 -0

  IndexToPointMatrix: 
1 0 0
0 0 -1
0 -1 0

  PointToIndexMatrix: 
1 0 0
0 0 -1
0 -1 0

  Inverse Direction: 
1 0 0
0 0 -1
0 -1 0

  PixelContainer: 
    ImportImageContainer (0x4fc7970)
      RTTI typeinfo:   itk::ImportImageContainer<unsigned long, double>
      Reference Count: 1
      Modified Time: 1795
      Debug: Off
      Object Name: 
      Observers: 
        none
      Pointer: 0x7f66f45a2010
      Container manages memory: true
      Size: 16091136
      Capacity: 16091136

     Moving image = Image (0x4fd8080)
  RTTI typeinfo:   itk::Image<double, 3u>
  Reference Count: 2
  Modified Time: 1988
  Debug: Off
  Object Name: 
  Observers: 
    none
  Source: (none)
  Source output name: (none)
  Release Data: Off
  Data Released: False
  Global Release Data: Off
  PipelineMTime: 0
  UpdateMTime: 1985
  RealTimeStamp: 0 seconds 
  LargestPossibleRegion: 
    Dimension: 3
    Index: [0, 0, 0]
    Size: [256, 256, 307]
  BufferedRegion: 
    Dimension: 3
    Index: [0, 0, 0]
    Size: [256, 256, 307]
  RequestedRegion: 
    Dimension: 3
    Index: [0, 0, 0]
    Size: [256, 256, 307]
  Spacing: [1, 1, 1]
  Origin: [0, 306, 0]
  Direction: 
1 0 0
0 -0 -1
0 -1 -0

  IndexToPointMatrix: 
1 0 0
0 0 -1
0 -1 0

  PointToIndexMatrix: 
1 0 0
0 0 -1
0 -1 0

  Inverse Direction: 
1 0 0
0 0 -1
0 -1 0

  PixelContainer: 
    ImportImageContainer (0x4fd7a00)
      RTTI typeinfo:   itk::ImportImageContainer<unsigned long, double>
      Reference Count: 1
      Modified Time: 1982
      Debug: Off
      Object Name: 
      Observers: 
        none
      Pointer: 0x7f66eac21010
      Container manages memory: true
      Size: 20119552
      Capacity: 20119552

     Weighting = 1
     Sampling strategy = regular
     Number of bins = 32
     Radius = 4
     Sampling percentage  = 0.25
   Transform = Affine
     Gradient step = 0.1
     Update field sigma (voxel space) = 0
     Total field sigma (voxel space) = 0
     Update field time sigma = 0
     Total field time sigma  = 0
     Number of time indices = 0
     Number of time point samples = 0
Stage 3 State
   Image metric = Mattes
     Fixed image = Image (0x4fdd9a0)
  RTTI typeinfo:   itk::Image<double, 3u>
  Reference Count: 2
  Modified Time: 2363
  Debug: Off
  Object Name: 
  Observers: 
    none
  Source: (none)
  Source output name: (none)
  Release Data: Off
  Data Released: False
  Global Release Data: Off
  PipelineMTime: 0
  UpdateMTime: 2174
  RealTimeStamp: 0 seconds 
  LargestPossibleRegion: 
    Dimension: 3
    Index: [0, 0, 0]
    Size: [216, 256, 291]
  BufferedRegion: 
    Dimension: 3
    Index: [0, 0, 0]
    Size: [216, 256, 291]
  RequestedRegion: 
    Dimension: 3
    Index: [0, 0, 0]
    Size: [216, 256, 291]
  Spacing: [1, 1, 1]
  Origin: [0, 293, 0]
  Direction: 
1 0 0
0 -0 -1
0 -1 -0

  IndexToPointMatrix: 
1 0 0
0 0 -1
0 -1 0

  PointToIndexMatrix: 
1 0 0
0 0 -1
0 -1 0

  Inverse Direction: 
1 0 0
0 0 -1
0 -1 0

  PixelContainer: 
    ImportImageContainer (0x4fd6740)
      RTTI typeinfo:   itk::ImportImageContainer<unsigned long, double>
      Reference Count: 1
      Modified Time: 2171
      Debug: Off
      Object Name: 
      Observers: 
        none
      Pointer: 0x7f66e315c010
      Container manages memory: true
      Size: 16091136
      Capacity: 16091136

     Moving image = Image (0x4fe0110)
  RTTI typeinfo:   itk::Image<double, 3u>
  Reference Count: 2
  Modified Time: 2364
  Debug: Off
  Object Name: 
  Observers: 
    none
  Source: (none)
  Source output name: (none)
  Release Data: Off
  Data Released: False
  Global Release Data: Off
  PipelineMTime: 0
  UpdateMTime: 2361
  RealTimeStamp: 0 seconds 
  LargestPossibleRegion: 
    Dimension: 3
    Index: [0, 0, 0]
    Size: [256, 256, 307]
  BufferedRegion: 
    Dimension: 3
    Index: [0, 0, 0]
    Size: [256, 256, 307]
  RequestedRegion: 
    Dimension: 3
    Index: [0, 0, 0]
    Size: [256, 256, 307]
  Spacing: [1, 1, 1]
  Origin: [0, 306, 0]
  Direction: 
1 0 0
0 -0 -1
0 -1 -0

  IndexToPointMatrix: 
1 0 0
0 0 -1
0 -1 0

  PointToIndexMatrix: 
1 0 0
0 0 -1
0 -1 0

  Inverse Direction: 
1 0 0
0 0 -1
0 -1 0

  PixelContainer: 
    ImportImageContainer (0x4fddc30)
      RTTI typeinfo:   itk::ImportImageContainer<unsigned long, double>
      Reference Count: 1
      Modified Time: 2358
      Debug: Off
      Object Name: 
      Observers: 
        none
      Pointer: 0x7f66d97db010
      Container manages memory: true
      Size: 20119552
      Capacity: 20119552

     Weighting = 1
     Sampling strategy = none
     Number of bins = 32
     Radius = 4
     Sampling percentage  = 1
   Transform = SyN
     Gradient step = 0.1
     Update field sigma (voxel space) = 3
     Total field sigma (voxel space) = 0
     Update field time sigma = 0
     Total field time sigma  = 0
     Number of time indices = 0
     Number of time point samples = 0
Registration using 3 total stages.

Stage 0
  iterations = 1000x500x250x0
  convergence threshold = 1e-06
  convergence window size = 10
  number of levels = 4
  using the Mattes MI metric (number of bins = 32, weight = 1)
  preprocessing:  winsorizing the image intensities
  Shrink factors (level 1 out of 4): [12, 12, 12]
  Shrink factors (level 2 out of 4): [8, 8, 8]
  Shrink factors (level 3 out of 4): [4, 4, 4]
  Shrink factors (level 4 out of 4): [2, 2, 2]
  smoothing sigmas per level: [4, 3, 2, 1]
  regular sampling (percentage = 0.25)

*** Running Euler3DTransform registration ***

DIAGNOSTIC,Iteration,metricValue,convergenceValue,ITERATION_TIME_INDEX,SINCE_LAST
 2DIAGNOSTIC,     1, -4.612646922446e-01, 1.797693134862e+308, 2.2009e+01, 2.2009e+01, 
 2DIAGNOSTIC,     2, -4.623119335671e-01, 1.797693134862e+308, 2.2019e+01, 9.9940e-03, 
 2DIAGNOSTIC,     3, -4.632674182082e-01, 1.797693134862e+308, 2.2029e+01, 9.6180e-03, 
 2DIAGNOSTIC,     4, -4.640081587509e-01, 1.797693134862e+308, 2.2039e+01, 9.7589e-03, 
 2DIAGNOSTIC,     5, -4.649816326486e-01, 1.797693134862e+308, 2.2048e+01, 9.6719e-03, 
 2DIAGNOSTIC,     6, -4.654030279775e-01, 1.797693134862e+308, 2.2058e+01, 9.8331e-03, 
 2DIAGNOSTIC,     7, -4.654247153137e-01, 1.797693134862e+308, 2.2069e+01, 1.1126e-02, 
 2DIAGNOSTIC,     8, -4.654993401612e-01, 1.797693134862e+308, 2.2085e+01, 1.5676e-02, 
 2DIAGNOSTIC,     9, -4.658152856167e-01, 1.797693134862e+308, 2.2095e+01, 9.6991e-03, 
 2DIAGNOSTIC,    10, -4.662226154548e-01, 6.345137011258e-04, 2.2105e+01, 1.0395e-02, 
 2DIAGNOSTIC,    11, -4.663273425759e-01, 4.539799896242e-04, 2.2115e+01, 1.0168e-02, 
 2DIAGNOSTIC,    12, -4.665614856149e-01, 3.286073776509e-04, 2.2127e+01, 1.1514e-02, 
 2DIAGNOSTIC,    13, -4.665758235622e-01, 2.385910118528e-04, 2.2141e+01, 1.4315e-02, 
 2DIAGNOSTIC,    14, -4.665830057428e-01, 1.715722380776e-04, 2.2151e+01, 9.9959e-03, 
 2DIAGNOSTIC,    15, -4.665910948820e-01, 1.374282421261e-04, 2.2161e+01, 1.0060e-02, 
 2DIAGNOSTIC,    16, -4.666030683916e-01, 1.117581537682e-04, 2.2174e+01, 1.2878e-02, 
 2DIAGNOSTIC,    17, -4.666078183910e-01, 8.009927747618e-05, 2.2184e+01, 1.0080e-02, 
 2DIAGNOSTIC,    18, -4.666148873221e-01, 4.739687782575e-05, 2.2194e+01, 9.9840e-03, 
 2DIAGNOSTIC,    19, -4.668132636244e-01, 3.022972287198e-05, 2.2211e+01, 1.7248e-02, 
 2DIAGNOSTIC,    20, -4.666323287343e-01, 1.887008339746e-05, 2.2223e+01, 1.1668e-02, 
 2DIAGNOSTIC,    21, -4.666332145444e-01, 1.008497121163e-05, 2.2236e+01, 1.3018e-02, 
 2DIAGNOSTIC,    22, -4.666332476739e-01, 7.816882609278e-06, 2.2247e+01, 1.1510e-02, 
 2DIAGNOSTIC,    23, -4.666332573175e-01, 5.432281268994e-06, 2.2259e+01, 1.1658e-02, 
 2DIAGNOSTIC,    24, -4.666332619470e-01, 2.981990434053e-06, 2.2271e+01, 1.1547e-02, 
DIAGNOSTIC,Iteration,metricValue,convergenceValue,ITERATION_TIME_INDEX,SINCE_LAST
 2DIAGNOSTIC,     1, -3.982670972804e-01, 1.797693134862e+308, 3.8256e+01, 1.5985e+01, 
 2DIAGNOSTIC,     2, -3.989190273784e-01, 1.797693134862e+308, 3.8308e+01, 5.2592e-02, 
 2DIAGNOSTIC,     3, -3.998730738477e-01, 1.797693134862e+308, 3.8361e+01, 5.3079e-02, 
 2DIAGNOSTIC,     4, -4.009241593487e-01, 1.797693134862e+308, 3.8414e+01, 5.2597e-02, 
 2DIAGNOSTIC,     5, -4.013181535586e-01, 1.797693134862e+308, 3.8476e+01, 6.2419e-02, 
 2DIAGNOSTIC,     6, -4.016197225145e-01, 1.797693134862e+308, 3.8539e+01, 6.2305e-02, 
 2DIAGNOSTIC,     7, -4.019309395063e-01, 1.797693134862e+308, 3.8621e+01, 8.2506e-02, 
 2DIAGNOSTIC,     8, -4.021393060202e-01, 1.797693134862e+308, 3.8684e+01, 6.2507e-02, 
 2DIAGNOSTIC,     9, -4.021282761968e-01, 1.797693134862e+308, 3.8747e+01, 6.2978e-02, 
 2DIAGNOSTIC,    10, -4.021120903653e-01, 6.241449654036e-04, 3.8800e+01, 5.3436e-02, 
 2DIAGNOSTIC,    11, -4.021103445739e-01, 4.169996268222e-04, 3.8853e+01, 5.2995e-02, 
 2DIAGNOSTIC,    12, -4.021348045087e-01, 2.463480883523e-04, 3.8916e+01, 6.3282e-02, 
 2DIAGNOSTIC,    13, -4.022633045030e-01, 1.375772594399e-04, 3.8979e+01, 6.2484e-02, 
 2DIAGNOSTIC,    14, -4.022850148840e-01, 8.605320088273e-05, 3.9032e+01, 5.2939e-02, 
 2DIAGNOSTIC,    15, -4.024820465513e-01, 6.167409142174e-05, 3.9105e+01, 7.3328e-02, 
 2DIAGNOSTIC,    16, -4.025049939974e-01, 4.881296239571e-05, 3.9178e+01, 7.3289e-02, 
 2DIAGNOSTIC,    17, -4.026037026190e-01, 5.001099412127e-05, 3.9232e+01, 5.3493e-02, 
 2DIAGNOSTIC,    18, -4.030750527918e-01, 7.328781410391e-05, 3.9305e+01, 7.3008e-02, 
 2DIAGNOSTIC,    19, -4.031874652407e-01, 9.078237802944e-05, 3.9358e+01, 5.3062e-02, 
 2DIAGNOSTIC,    20, -4.033102810880e-01, 1.021197127406e-04, 3.9441e+01, 8.2902e-02, 
 2DIAGNOSTIC,    21, -4.031836979047e-01, 9.886606459711e-05, 3.9504e+01, 6.3127e-02, 
 2DIAGNOSTIC,    22, -4.031250675207e-01, 8.582634621532e-05, 3.9557e+01, 5.2914e-02, 
 2DIAGNOSTIC,    23, -4.031043610623e-01, 6.920744849808e-05, 3.9609e+01, 5.2395e-02, 
 2DIAGNOSTIC,    24, -4.031226782842e-01, 4.850295834857e-05, 3.9662e+01, 5.2951e-02, 
 2DIAGNOSTIC,    25, -4.031938391406e-01, 3.274003567422e-05, 3.9725e+01, 6.2292e-02, 
 2DIAGNOSTIC,    26, -4.032601568145e-01, 1.778102899273e-05, 3.9777e+01, 5.2469e-02, 
 2DIAGNOSTIC,    27, -4.032420809271e-01, 4.239865960882e-06, 3.9850e+01, 7.2707e-02, 
 2DIAGNOSTIC,    28, -4.032222863752e-01, 2.756013119512e-06, 3.9913e+01, 6.2839e-02, 
 2DIAGNOSTIC,    29, -4.032395543201e-01, 4.258263420813e-06, 3.9965e+01, 5.2544e-02, 
 2DIAGNOSTIC,    30, -4.032227010405e-01, 7.858136962476e-06, 4.0028e+01, 6.3311e-02, 
 2DIAGNOSTIC,    31, -4.031556995646e-01, 6.187929440175e-06, 4.0082e+01, 5.3143e-02, 
 2DIAGNOSTIC,    32, -4.032328013856e-01, 4.631681843628e-06, 4.0144e+01, 6.2894e-02, 
 2DIAGNOSTIC,    33, -4.033914433176e-01, 5.744829730779e-06, 4.0208e+01, 6.3086e-02, 
 2DIAGNOSTIC,    34, -4.033786818756e-01, 6.321392045122e-06, 4.0260e+01, 5.2931e-02, 
 2DIAGNOSTIC,    35, -4.033513364656e-01, 7.269160142185e-06, 4.0333e+01, 7.2842e-02, 
 2DIAGNOSTIC,    36, -4.033728198285e-01, 9.373800909700e-06, 4.0446e+01, 1.1263e-01, 
 2DIAGNOSTIC,    37, -4.033861294850e-01, 1.042180996241e-05, 4.0509e+01, 6.2627e-02, 
 2DIAGNOSTIC,    38, -4.033807921437e-01, 9.939000707459e-06, 4.0562e+01, 5.3040e-02, 
 2DIAGNOSTIC,    39, -4.033634100466e-01, 8.635576123829e-06, 4.0625e+01, 6.3639e-02, 
 2DIAGNOSTIC,    40, -4.033694130369e-01, 6.575383163836e-06, 4.0679e+01, 5.3702e-02, 
 2DIAGNOSTIC,    41, -4.033275320651e-01, 2.167365523789e-06, 4.0732e+01, 5.3078e-02, 
DIAGNOSTIC,Iteration,metricValue,convergenceValue,ITERATION_TIME_INDEX,SINCE_LAST
 2DIAGNOSTIC,     1, -3.413793534282e-01, 1.797693134862e+308, 4.9884e+01, 9.1521e+00, 
 2DIAGNOSTIC,     2, -3.414720443392e-01, 1.797693134862e+308, 5.0410e+01, 5.2623e-01, 
 2DIAGNOSTIC,     3, -3.414634247257e-01, 1.797693134862e+308, 5.0939e+01, 5.2862e-01, 
 2DIAGNOSTIC,     4, -3.414764986097e-01, 1.797693134862e+308, 5.1374e+01, 4.3478e-01, 
 2DIAGNOSTIC,     5, -3.414674841550e-01, 1.797693134862e+308, 5.1809e+01, 4.3552e-01, 
 2DIAGNOSTIC,     6, -3.415105530637e-01, 1.797693134862e+308, 5.2244e+01, 4.3526e-01, 
 2DIAGNOSTIC,     7, -3.415645663405e-01, 1.797693134862e+308, 5.2679e+01, 4.3498e-01, 
 2DIAGNOSTIC,     8, -3.416953880846e-01, 1.797693134862e+308, 5.3114e+01, 4.3428e-01, 
 2DIAGNOSTIC,     9, -3.418527347007e-01, 1.797693134862e+308, 5.3550e+01, 4.3605e-01, 
 2DIAGNOSTIC,    10, -3.422955707623e-01, 1.246346681470e-04, 5.4248e+01, 6.9780e-01, 
 2DIAGNOSTIC,    11, -3.423215798161e-01, 1.507963383907e-04, 5.4770e+01, 5.2267e-01, 
 2DIAGNOSTIC,    12, -3.423684134681e-01, 1.694039045496e-04, 5.5293e+01, 5.2321e-01, 
 2DIAGNOSTIC,    13, -3.425608499617e-01, 1.820574979024e-04, 5.5816e+01, 5.2299e-01, 
 2DIAGNOSTIC,    14, -3.425928346765e-01, 1.788079280661e-04, 5.6514e+01, 6.9747e-01, 
 2DIAGNOSTIC,    15, -3.425853262486e-01, 1.587169837702e-04, 5.7037e+01, 5.2305e-01, 
 2DIAGNOSTIC,    16, -3.425732304899e-01, 1.286037482735e-04, 5.7563e+01, 5.2564e-01, 
 2DIAGNOSTIC,    17, -3.425703970605e-01, 9.310810150782e-05, 5.8098e+01, 5.3542e-01, 
 2DIAGNOSTIC,    18, -3.425575419606e-01, 5.846709770008e-05, 5.8629e+01, 5.3088e-01, 
 2DIAGNOSTIC,    19, -3.425534624959e-01, 2.837086745935e-05, 5.9072e+01, 4.4274e-01, 
 2DIAGNOSTIC,    20, -3.425359228590e-01, 1.659768899902e-05, 5.9604e+01, 5.3232e-01, 
 2DIAGNOSTIC,    21, -3.425317595513e-01, 5.492279819733e-06, 6.0042e+01, 4.3766e-01, 
DIAGNOSTIC,Iteration,metricValue,convergenceValue,ITERATION_TIME_INDEX,SINCE_LAST
 2DIAGNOSTIC,     1, -2.954010322124e-01, 1.797693134862e+308, 6.8860e+01, 8.8183e+00, 
  Elapsed time (stage 0): 7.0745e+01


Stage 1
  iterations = 1000x500x250x0
  convergence threshold = 1.0000e-06
  convergence window size = 10
  number of levels = 4
  using the Mattes MI metric (number of bins = 32, weight = 1.0000e+00)
  preprocessing:  winsorizing the image intensities
  Shrink factors (level 1 out of 4): [12, 12, 12]
  Shrink factors (level 2 out of 4): [8, 8, 8]
  Shrink factors (level 3 out of 4): [4, 4, 4]
  Shrink factors (level 4 out of 4): [2, 2, 2]
  smoothing sigmas per level: [4, 3, 2, 1]
  regular sampling (percentage = 2.5000e-01)

*** Running AffineTransform registration ***

DIAGNOSTIC,Iteration,metricValue,convergenceValue,ITERATION_TIME_INDEX,SINCE_LAST
 2DIAGNOSTIC,     1, -4.633206381657e-01, 1.797693134862e+308, 2.2020e+01, 2.2020e+01, 
 2DIAGNOSTIC,     2, -4.647281924488e-01, 1.797693134862e+308, 2.2033e+01, 1.2959e-02, 
 2DIAGNOSTIC,     3, -4.673966774706e-01, 1.797693134862e+308, 2.2046e+01, 1.2686e-02, 
 2DIAGNOSTIC,     4, -4.718897749801e-01, 1.797693134862e+308, 2.2058e+01, 1.2699e-02, 
 2DIAGNOSTIC,     5, -4.787374245294e-01, 1.797693134862e+308, 2.2071e+01, 1.2705e-02, 
 2DIAGNOSTIC,     6, -4.915610634414e-01, 1.797693134862e+308, 2.2085e+01, 1.4389e-02, 
 2DIAGNOSTIC,     7, -4.968097823163e-01, 1.797693134862e+308, 2.2100e+01, 1.4946e-02, 
 2DIAGNOSTIC,     8, -5.067370779835e-01, 1.797693134862e+308, 2.2115e+01, 1.5012e-02, 
 2DIAGNOSTIC,     9, -5.219897068510e-01, 1.797693134862e+308, 2.2131e+01, 1.5262e-02, 
 2DIAGNOSTIC,    10, -5.344178598804e-01, 9.432826855359e-03, 2.2146e+01, 1.5357e-02, 
 2DIAGNOSTIC,    11, -5.357853319019e-01, 9.351524873522e-03, 2.2161e+01, 1.5498e-02, 
 2DIAGNOSTIC,    12, -5.384185155365e-01, 8.654108801163e-03, 2.2179e+01, 1.7471e-02, 
 2DIAGNOSTIC,    13, -5.396360957713e-01, 7.466768542122e-03, 2.2194e+01, 1.5292e-02, 
 2DIAGNOSTIC,    14, -5.403988438292e-01, 5.986919894543e-03, 2.2209e+01, 1.5281e-02, 
 2DIAGNOSTIC,    15, -5.406362277553e-01, 4.424929235534e-03, 2.2225e+01, 1.5292e-02, 
 2DIAGNOSTIC,    16, -5.408338889375e-01, 3.127313144813e-03, 2.2241e+01, 1.6598e-02, 
 2DIAGNOSTIC,    17, -5.405700936999e-01, 1.870149260069e-03, 2.2257e+01, 1.5229e-02, 
 2DIAGNOSTIC,    18, -5.406503249239e-01, 8.883551767069e-04, 2.2270e+01, 1.3622e-02, 
 2DIAGNOSTIC,    19, -5.405556321699e-01, 3.658480961901e-04, 2.2285e+01, 1.5165e-02, 
 2DIAGNOSTIC,    20, -5.402135551155e-01, 1.982218709359e-04, 2.2299e+01, 1.3660e-02, 
 2DIAGNOSTIC,    21, -5.403202169515e-01, 6.661454657825e-05, 2.2314e+01, 1.5206e-02, 
 2DIAGNOSTIC,    22, -5.401141146757e-01, 1.409092979479e-06, 2.2330e+01, 1.5394e-02, 
DIAGNOSTIC,Iteration,metricValue,convergenceValue,ITERATION_TIME_INDEX,SINCE_LAST
 2DIAGNOSTIC,     1, -4.487899812610e-01, 1.797693134862e+308, 3.8273e+01, 1.5943e+01, 
 2DIAGNOSTIC,     2, -4.490873523470e-01, 1.797693134862e+308, 3.8353e+01, 8.0262e-02, 
 2DIAGNOSTIC,     3, -4.497648797903e-01, 1.797693134862e+308, 3.8432e+01, 7.8914e-02, 
 2DIAGNOSTIC,     4, -4.497712133270e-01, 1.797693134862e+308, 3.8510e+01, 7.8735e-02, 
 2DIAGNOSTIC,     5, -4.498974532920e-01, 1.797693134862e+308, 3.8590e+01, 7.9536e-02, 
 2DIAGNOSTIC,     6, -4.501997904924e-01, 1.797693134862e+308, 3.8681e+01, 9.0591e-02, 
 2DIAGNOSTIC,     7, -4.502312481860e-01, 1.797693134862e+308, 3.8760e+01, 7.9598e-02, 
 2DIAGNOSTIC,     8, -4.502355788114e-01, 1.797693134862e+308, 3.8839e+01, 7.9206e-02, 
 2DIAGNOSTIC,     9, -4.501735832347e-01, 1.797693134862e+308, 3.8908e+01, 6.8595e-02, 
 2DIAGNOSTIC,    10, -4.501780052201e-01, 1.884367442524e-04, 3.8988e+01, 7.9739e-02, 
 2DIAGNOSTIC,    11, -4.502214383838e-01, 1.143445095413e-04, 3.9069e+01, 8.1077e-02, 
 2DIAGNOSTIC,    12, -4.501654335318e-01, 5.420952649261e-05, 3.9138e+01, 6.9202e-02, 
 2DIAGNOSTIC,    13, -4.502729933978e-01, 3.723818357948e-05, 3.9209e+01, 7.1511e-02, 
 2DIAGNOSTIC,    14, -4.503731986376e-01, 2.427229884136e-05, 3.9289e+01, 7.9845e-02, 
 2DIAGNOSTIC,    15, -4.504425568871e-01, 1.881327479279e-05, 3.9369e+01, 7.9401e-02, 
 2DIAGNOSTIC,    16, -4.505159847124e-01, 2.728255010338e-05, 3.9438e+01, 6.9293e-02, 
 2DIAGNOSTIC,    17, -4.506390025505e-01, 3.816162908963e-05, 3.9519e+01, 8.0668e-02, 
 2DIAGNOSTIC,    18, -4.507355422006e-01, 4.798308804829e-05, 3.9600e+01, 8.0912e-02, 
 2DIAGNOSTIC,    19, -4.509460994349e-01, 5.732417349629e-05, 3.9679e+01, 7.9476e-02, 
 2DIAGNOSTIC,    20, -4.509016908949e-01, 5.914423615475e-05, 3.9747e+01, 6.8035e-02, 
 2DIAGNOSTIC,    21, -4.510161401799e-01, 6.041411363295e-05, 3.9830e+01, 8.2698e-02, 
 2DIAGNOSTIC,    22, -4.511713327437e-01, 5.880436772407e-05, 3.9910e+01, 8.0122e-02, 
 2DIAGNOSTIC,    23, -4.511267085456e-01, 5.349030857882e-05, 3.9991e+01, 8.0599e-02, 
 2DIAGNOSTIC,    24, -4.511022546477e-01, 4.578504895584e-05, 4.0071e+01, 8.0504e-02, 
 2DIAGNOSTIC,    25, -4.511158261040e-01, 3.669616456776e-05, 4.0151e+01, 7.9767e-02, 
 2DIAGNOSTIC,    26, -4.510794418006e-01, 2.581019879996e-05, 4.0231e+01, 8.0130e-02, 
 2DIAGNOSTIC,    27, -4.511526694616e-01, 1.793156135030e-05, 4.0300e+01, 6.9501e-02, 
 2DIAGNOSTIC,    28, -4.511481275110e-01, 1.095743748535e-05, 4.0370e+01, 6.9808e-02, 
 2DIAGNOSTIC,    29, -4.513349288366e-01, 1.231564445427e-05, 4.0528e+01, 1.5808e-01, 
 2DIAGNOSTIC,    30, -4.512936499471e-01, 1.058737078039e-05, 4.0609e+01, 8.0815e-02, 
 2DIAGNOSTIC,    31, -4.512761127526e-01, 1.000581549682e-05, 4.0689e+01, 8.0306e-02, 
 2DIAGNOSTIC,    32, -4.511684522208e-01, 9.609692777406e-06, 4.0769e+01, 7.9872e-02, 
 2DIAGNOSTIC,    33, -4.511850998193e-01, 7.915684263088e-06, 4.0839e+01, 6.9463e-02, 
 2DIAGNOSTIC,    34, -4.511140091998e-01, 3.802557119830e-06, 4.0919e+01, 8.0525e-02, 
DIAGNOSTIC,Iteration,metricValue,convergenceValue,ITERATION_TIME_INDEX,SINCE_LAST
 2DIAGNOSTIC,     1, -3.829100128647e-01, 1.797693134862e+308, 5.0230e+01, 9.3103e+00, 
 2DIAGNOSTIC,     2, -3.832481643194e-01, 1.797693134862e+308, 5.0789e+01, 5.5907e-01, 
 2DIAGNOSTIC,     3, -3.836266051521e-01, 1.797693134862e+308, 5.1364e+01, 5.7500e-01, 
 2DIAGNOSTIC,     4, -3.841109651708e-01, 1.797693134862e+308, 5.1934e+01, 5.7033e-01, 
 2DIAGNOSTIC,     5, -3.849690863424e-01, 1.797693134862e+308, 5.2511e+01, 5.7657e-01, 
 2DIAGNOSTIC,     6, -3.856115197880e-01, 1.797693134862e+308, 5.3175e+01, 6.6473e-01, 
 2DIAGNOSTIC,     7, -3.861874120850e-01, 1.797693134862e+308, 5.4216e+01, 1.0406e+00, 
 2DIAGNOSTIC,     8, -3.862351672603e-01, 1.797693134862e+308, 5.5064e+01, 8.4814e-01, 
 2DIAGNOSTIC,     9, -3.862327285120e-01, 1.797693134862e+308, 5.5910e+01, 8.4607e-01, 
 2DIAGNOSTIC,    10, -3.862394543125e-01, 6.561449762276e-04, 5.6656e+01, 7.4578e-01, 
 2DIAGNOSTIC,    11, -3.862341249301e-01, 5.024256567673e-04, 5.7296e+01, 6.3972e-01, 
 2DIAGNOSTIC,    12, -3.862304470260e-01, 3.499956988022e-04, 5.8032e+01, 7.3616e-01, 
 2DIAGNOSTIC,    13, -3.862230612647e-01, 2.110142552967e-04, 5.8674e+01, 6.4231e-01, 
 2DIAGNOSTIC,    14, -3.862214667987e-01, 9.803238271115e-05, 5.9218e+01, 5.4374e-01, 
 2DIAGNOSTIC,    15, -3.862171225928e-01, 3.285005715477e-05, 5.9762e+01, 5.4450e-01, 
 2DIAGNOSTIC,    16, -3.862209735835e-01, 2.067487657881e-06, 6.0309e+01, 5.4702e-01, 
DIAGNOSTIC,Iteration,metricValue,convergenceValue,ITERATION_TIME_INDEX,SINCE_LAST
 2DIAGNOSTIC,     1, -3.322964846422e-01, 1.797693134862e+308, 7.0089e+01, 9.7800e+00, 
  Elapsed time (stage 1): 7.1992e+01


Stage 2
  iterations = 100x100x70x50x0
  convergence threshold = 1.0000e-06
  convergence window size = 10
  number of levels = 5
  using the Mattes MI metric (number of bins = 32, weight = 1.0000e+00)
  preprocessing:  winsorizing the image intensities
  Shrink factors (level 1 out of 5): [10, 10, 10]
  Shrink factors (level 2 out of 5): [6, 6, 6]
  Shrink factors (level 3 out of 5): [4, 4, 4]
  Shrink factors (level 4 out of 5): [2, 2, 2]
  Shrink factors (level 5 out of 5): [1, 1, 1]
  smoothing sigmas per level: [5, 3, 2, 1, 0]
  Using default NONE metricSamplingStrategy 

*** Running SyN registration (varianceForUpdateField = 3.0000e+00, varianceForTotalField = 0.0000e+00) ***

XXDIAGNOSTIC,Iteration,metricValue,convergenceValue,ITERATION_TIME_INDEX,SINCE_LAST
 1DIAGNOSTIC,     1, -5.177814519677e-01, 1.797693134862e+308, 3.5881e+01, 3.5881e+01, 
 1DIAGNOSTIC,     2, -5.374974229642e-01, 1.797693134862e+308, 3.6020e+01, 1.3944e-01, 
 1DIAGNOSTIC,     3, -5.522018556529e-01, 1.797693134862e+308, 3.6160e+01, 1.3984e-01, 
 1DIAGNOSTIC,     4, -5.607484750271e-01, 1.797693134862e+308, 3.6297e+01, 1.3706e-01, 
 1DIAGNOSTIC,     5, -5.634224614736e-01, 1.797693134862e+308, 3.6434e+01, 1.3682e-01, 
 1DIAGNOSTIC,     6, -5.634564282439e-01, 1.797693134862e+308, 3.6568e+01, 1.3373e-01, 
 1DIAGNOSTIC,     7, -5.630189814841e-01, 1.797693134862e+308, 3.6702e+01, 1.3441e-01, 
 1DIAGNOSTIC,     8, -5.595400404203e-01, 1.797693134862e+308, 3.6836e+01, 1.3415e-01, 
 1DIAGNOSTIC,     9, -5.598788985984e-01, 1.797693134862e+308, 3.6970e+01, 1.3375e-01, 
 1DIAGNOSTIC,    10, -5.565491718965e-01, 3.317608311648e-03, 3.7105e+01, 1.3492e-01, 
 1DIAGNOSTIC,    11, -5.547021447232e-01, 8.668089695074e-04, 3.7239e+01, 1.3445e-01, 
 1DIAGNOSTIC,    12, -5.545837518237e-01, -4.239099779214e-04, 3.7374e+01, 1.3462e-01, 
XXDIAGNOSTIC,Iteration,metricValue,convergenceValue,ITERATION_TIME_INDEX,SINCE_LAST
 1DIAGNOSTIC,     1, -4.364976290001e-01, 1.797693134862e+308, 5.4050e+01, 1.6676e+01, 
 1DIAGNOSTIC,     2, -4.395681315712e-01, 1.797693134862e+308, 5.4602e+01, 5.5217e-01, 
 1DIAGNOSTIC,     3, -4.409809228041e-01, 1.797693134862e+308, 5.5140e+01, 5.3738e-01, 
 1DIAGNOSTIC,     4, -4.410183638838e-01, 1.797693134862e+308, 5.5677e+01, 5.3677e-01, 
 1DIAGNOSTIC,     5, -4.408352852828e-01, 1.797693134862e+308, 5.6213e+01, 5.3688e-01, 
 1DIAGNOSTIC,     6, -4.402408468238e-01, 1.797693134862e+308, 5.6751e+01, 5.3778e-01, 
 1DIAGNOSTIC,     7, -4.397221753066e-01, 1.797693134862e+308, 5.7289e+01, 5.3804e-01, 
 1DIAGNOSTIC,     8, -4.391283867172e-01, 1.797693134862e+308, 5.7827e+01, 5.3738e-01, 
 1DIAGNOSTIC,     9, -4.383797221845e-01, 1.797693134862e+308, 5.8379e+01, 5.5210e-01, 
 1DIAGNOSTIC,    10, -4.378562344316e-01, -1.057129711359e-04, 5.8934e+01, 5.5566e-01, 
XXDIAGNOSTIC,Iteration,metricValue,convergenceValue,ITERATION_TIME_INDEX,SINCE_LAST
 1DIAGNOSTIC,     1, -3.721099186665e-01, 1.797693134862e+308, 6.9666e+01, 1.0732e+01, 
 1DIAGNOSTIC,     2, -3.731176850846e-01, 1.797693134862e+308, 7.1360e+01, 1.6941e+00, 
 1DIAGNOSTIC,     3, -3.739049877105e-01, 1.797693134862e+308, 7.3052e+01, 1.6918e+00, 
 1DIAGNOSTIC,     4, -3.743059695043e-01, 1.797693134862e+308, 7.4744e+01, 1.6925e+00, 
 1DIAGNOSTIC,     5, -3.746277019327e-01, 1.797693134862e+308, 7.6446e+01, 1.7017e+00, 
 1DIAGNOSTIC,     6, -3.747224019905e-01, 1.797693134862e+308, 7.8138e+01, 1.6917e+00, 
 1DIAGNOSTIC,     7, -3.746659784125e-01, 1.797693134862e+308, 7.9847e+01, 1.7095e+00, 
 1DIAGNOSTIC,     8, -3.745791200394e-01, 1.797693134862e+308, 8.1587e+01, 1.7397e+00, 
 1DIAGNOSTIC,     9, -3.743791156649e-01, 1.797693134862e+308, 8.3292e+01, 1.7047e+00, 
 1DIAGNOSTIC,    10, -3.740675823597e-01, 2.855854473786e-04, 8.5090e+01, 1.7985e+00, 
 1DIAGNOSTIC,    11, -3.739232493260e-01, 6.969073608734e-05, 8.6788e+01, 1.6977e+00, 
 1DIAGNOSTIC,    12, -3.737373712924e-01, -6.509508953270e-05, 8.8547e+01, 1.7585e+00, 
XXDIAGNOSTIC,Iteration,metricValue,convergenceValue,ITERATION_TIME_INDEX,SINCE_LAST
 1DIAGNOSTIC,     1, -3.145224504517e-01, 1.797693134862e+308, 1.0806e+02, 1.9513e+01, 
 1DIAGNOSTIC,     2, -3.153944971836e-01, 1.797693134862e+308, 1.2073e+02, 1.2668e+01, 
 1DIAGNOSTIC,     3, -3.163347710985e-01, 1.797693134862e+308, 1.3383e+02, 1.3106e+01, 
 1DIAGNOSTIC,     4, -3.172889782778e-01, 1.797693134862e+308, 1.4648e+02, 1.2643e+01, 
 1DIAGNOSTIC,     5, -3.179563916480e-01, 1.797693134862e+308, 1.5915e+02, 1.2673e+01, 
 1DIAGNOSTIC,     6, -3.185246268161e-01, 1.797693134862e+308, 1.7182e+02, 1.2674e+01, 
 1DIAGNOSTIC,     7, -3.190463702792e-01, 1.797693134862e+308, 1.8506e+02, 1.3234e+01, 
 1DIAGNOSTIC,     8, -3.195633422406e-01, 1.797693134862e+308, 1.9820e+02, 1.3141e+01, 
 1DIAGNOSTIC,     9, -3.200319061177e-01, 1.797693134862e+308, 2.1173e+02, 1.3530e+01, 
 1DIAGNOSTIC,    10, -3.204787219712e-01, 1.182228323600e-03, 2.2523e+02, 1.3504e+01, 
 1DIAGNOSTIC,    11, -3.208298180338e-01, 9.625364956837e-04, 2.3875e+02, 1.3519e+01, 
 1DIAGNOSTIC,    12, -3.211608244215e-01, 7.820985195722e-04, 2.5182e+02, 1.3069e+01, 
 1DIAGNOSTIC,    13, -3.214408990980e-01, 6.415941051033e-04, 2.6537e+02, 1.3549e+01, 
 1DIAGNOSTIC,    14, -3.217182569545e-01, 5.408187045808e-04, 2.7844e+02, 1.3068e+01, 
 1DIAGNOSTIC,    15, -3.219572806129e-01, 4.575858940031e-04, 2.9202e+02, 1.3579e+01, 
 1DIAGNOSTIC,    16, -3.222212959937e-01, 3.888938598975e-04, 3.0509e+02, 1.3074e+01, 
 1DIAGNOSTIC,    17, -3.224336640219e-01, 3.306374960989e-04, 3.1861e+02, 1.3521e+01, 
 1DIAGNOSTIC,    18, -3.226500168906e-01, 2.843590090874e-04, 3.3226e+02, 1.3651e+01, 
 1DIAGNOSTIC,    19, -3.228225073118e-01, 2.463728360934e-04, 3.4579e+02, 1.3531e+01, 
 1DIAGNOSTIC,    20, -3.229591261487e-01, 2.151141200713e-04, 3.5935e+02, 1.3555e+01, 
 1DIAGNOSTIC,    21, -3.231118540200e-01, 1.880186533254e-04, 3.7285e+02, 1.3497e+01, 
 1DIAGNOSTIC,    22, -3.232053699918e-01, 1.628801668116e-04, 3.8645e+02, 1.3602e+01, 
 1DIAGNOSTIC,    23, -3.233399187539e-01, 1.406663488563e-04, 3.9998e+02, 1.3530e+01, 
 1DIAGNOSTIC,    24, -3.234328203750e-01, 1.207754378999e-04, 4.1362e+02, 1.3641e+01, 
 1DIAGNOSTIC,    25, -3.235208042013e-01, 1.027109569971e-04, 4.2716e+02, 1.3537e+01, 
 1DIAGNOSTIC,    26, -3.235944449621e-01, 8.790532405871e-05, 4.4069e+02, 1.3534e+01, 
 1DIAGNOSTIC,    27, -3.236455537561e-01, 7.455390516952e-05, 4.5421e+02, 1.3520e+01, 
 1DIAGNOSTIC,    28, -3.236617416631e-01, 6.250796801133e-05, 4.6775e+02, 1.3535e+01, 
 1DIAGNOSTIC,    29, -3.237300556910e-01, 5.280734884157e-05, 4.8123e+02, 1.3489e+01, 
 1DIAGNOSTIC,    30, -3.237589340674e-01, 4.363257617927e-05, 4.9488e+02, 1.3641e+01, 
 1DIAGNOSTIC,    31, -3.238489749428e-01, 3.792474994379e-05, 5.0841e+02, 1.3530e+01, 
 1DIAGNOSTIC,    32, -3.238698449006e-01, 3.214340368198e-05, 5.2200e+02, 1.3591e+01, 
 1DIAGNOSTIC,    33, -3.239093193028e-01, 2.842077802514e-05, 5.3553e+02, 1.3536e+01, 
 1DIAGNOSTIC,    34, -3.239674258859e-01, 2.619999273425e-05, 5.4911e+02, 1.3577e+01, 
 1DIAGNOSTIC,    35, -3.240138905605e-01, 2.502307274823e-05, 5.6272e+02, 1.3612e+01, 
 1DIAGNOSTIC,    36, -3.240481618375e-01, 2.422346331544e-05, 5.7627e+02, 1.3550e+01, 
 1DIAGNOSTIC,    37, -3.240610390737e-01, 2.278744237805e-05, 5.8988e+02, 1.3606e+01, 
 1DIAGNOSTIC,    38, -3.240754504176e-01, 2.004435004817e-05, 6.0355e+02, 1.3674e+01, 
 1DIAGNOSTIC,    39, -3.241188242326e-01, 1.813326676545e-05, 6.1710e+02, 1.3546e+01, 
 1DIAGNOSTIC,    40, -3.241347139853e-01, 1.557480232293e-05, 6.3074e+02, 1.3646e+01, 
 1DIAGNOSTIC,    41, -3.241790595337e-01, 1.463312987006e-05, 6.4426e+02, 1.3516e+01, 
 1DIAGNOSTIC,    42, -3.241988442404e-01, 1.325924397614e-05, 6.5784e+02, 1.3577e+01, 
 1DIAGNOSTIC,    43, -3.241799452037e-01, 1.116238352800e-05, 6.7141e+02, 1.3577e+01, 
 1DIAGNOSTIC,    44, -3.242158705185e-01, 1.005050394521e-05, 6.8496e+02, 1.3550e+01, 
 1DIAGNOSTIC,    45, -3.241890621168e-01, 8.440657351727e-06, 6.9864e+02, 1.3678e+01, 
 1DIAGNOSTIC,    46, -3.242099331258e-01, 7.229237209461e-06, 7.1229e+02, 1.3646e+01, 
 1DIAGNOSTIC,    47, -3.242113005801e-01, 5.704239968020e-06, 7.2588e+02, 1.3593e+01, 
 1DIAGNOSTIC,    48, -3.241950517001e-01, 3.720201198976e-06, 7.3941e+02, 1.3527e+01, 
 1DIAGNOSTIC,    49, -3.241722012942e-01, 1.908660944943e-06, 7.5298e+02, 1.3568e+01, 
 1DIAGNOSTIC,    50, -3.241298909577e-01, -4.272386018717e-07, 7.6657e+02, 1.3591e+01, 
  Elapsed time (stage 2): 787.4


Total elapsed time: 930.2

--- Writing output images ---

Using double precision for computations.
Input scalar image: data/Segmentations/1014_3_seg.nii.gz
Reference image: data/template/T_template0_BrainCerebellum.nii.gz
=============================================================================
The composite transform comprises the following transforms (in order): 
  1. /tmp/1993594.1.basic.q/1014_ToTemplate_016_0GenericAffine.mat (type = AffineTransform)
  2. /tmp/1993594.1.basic.q/1014_ToTemplate_016_1Warp.nii.gz (type = DisplacementFieldTransform)
=============================================================================
Default pixel value: 0
Interpolation type: LabelImageGenericInterpolateImageFunction
Output warped image: output/1014/1014_WarpedLabels_016.nii.gz

--- Done ---

