
--- Running on compute-2-9.local ---


--- registration call ---
/data/jet/pcook/bin/antsBuild/bin/antsRegistrationSyNQuick.sh -d 3 -f data/template/T_template0_BrainCerebellum.nii.gz -m data/Brains/1014_3.nii.gz -t s -p d -n 2 -o /tmp/1971319.1.basic.q/1014_ToTemplate_012_
---


--------------------------------------------------------------------------------------
 Mapping parameters
--------------------------------------------------------------------------------------
 ANTSPATH is /data/jet/pcook/bin/antsBuild/bin/

 Dimensionality:           3
 Output name prefix:       /tmp/1971319.1.basic.q/1014_ToTemplate_012_
 Fixed images:             data/template/T_template0_BrainCerebellum.nii.gz
 Moving images:            data/Brains/1014_3.nii.gz
 Mask images:              
 Initial transforms:       
 Number of threads:        2
 Spline distance:          26
 Transform type:           s
 MI histogram bins:        32
 Precision:                d
 Use histogram matching    0
======================================================================================
 antsRegistration call:
--------------------------------------------------------------------------------------
/data/jet/pcook/bin/antsBuild/bin//antsRegistration --verbose 1 --dimensionality 3 --float 0 --collapse-output-transforms 1 --output [/tmp/1971319.1.basic.q/1014_ToTemplate_012_,/tmp/1971319.1.basic.q/1014_ToTemplate_012_Warped.nii.gz,/tmp/1971319.1.basic.q/1014_ToTemplate_012_InverseWarped.nii.gz] --interpolation Linear --use-histogram-matching 0 --winsorize-image-intensities [0.005,0.995] --initial-moving-transform [data/template/T_template0_BrainCerebellum.nii.gz,data/Brains/1014_3.nii.gz,1] --transform Rigid[0.1] --metric MI[data/template/T_template0_BrainCerebellum.nii.gz,data/Brains/1014_3.nii.gz,1,32,Regular,0.25] --convergence [1000x500x250x0,1e-6,10] --shrink-factors 12x8x4x2 --smoothing-sigmas 4x3x2x1vox --transform Affine[0.1] --metric MI[data/template/T_template0_BrainCerebellum.nii.gz,data/Brains/1014_3.nii.gz,1,32,Regular,0.25] --convergence [1000x500x250x0,1e-6,10] --shrink-factors 12x8x4x2 --smoothing-sigmas 4x3x2x1vox --transform SyN[0.1,3,0] --metric MI[data/template/T_template0_BrainCerebellum.nii.gz,data/Brains/1014_3.nii.gz,1,32] --convergence [100x100x70x50x0,1e-6,10] --shrink-factors 10x6x4x2x1 --smoothing-sigmas 5x3x2x1x0vox
--------------------------------------------------------------------------------------
All_Command_lines_OK
Using double precision for computations.
=============================================================================
The composite transform comprises the following transforms (in order): 
  1. Center of mass alignment using fixed image: data/template/T_template0_BrainCerebellum.nii.gz and moving image: data/Brains/1014_3.nii.gz (type = Euler3DTransform)
=============================================================================
  number of levels = 4
  number of levels = 4
  number of levels = 5
  fixed image: data/template/T_template0_BrainCerebellum.nii.gz
  moving image: data/Brains/1014_3.nii.gz
  fixed image: data/template/T_template0_BrainCerebellum.nii.gz
  moving image: data/Brains/1014_3.nii.gz
  fixed image: data/template/T_template0_BrainCerebellum.nii.gz
  moving image: data/Brains/1014_3.nii.gz
Dimension = 3
Number of stages = 3
Use Histogram Matching false
Winsorize image intensities true
Lower quantile = 0.005
Upper quantile = 0.995
Stage 1 State
   Image metric = Mattes
     Fixed image = Image (0x3c79f40)
  RTTI typeinfo:   itk::Image<double, 3u>
  Reference Count: 2
  Modified Time: 1611
  Debug: Off
  Object Name: 
  Observers: 
    none
  Source: (none)
  Source output name: (none)
  Release Data: Off
  Data Released: False
  Global Release Data: Off
  PipelineMTime: 0
  UpdateMTime: 1422
  RealTimeStamp: 0 seconds 
  LargestPossibleRegion: 
    Dimension: 3
    Index: [0, 0, 0]
    Size: [216, 256, 291]
  BufferedRegion: 
    Dimension: 3
    Index: [0, 0, 0]
    Size: [216, 256, 291]
  RequestedRegion: 
    Dimension: 3
    Index: [0, 0, 0]
    Size: [216, 256, 291]
  Spacing: [1, 1, 1]
  Origin: [0, 293, 0]
  Direction: 
1 0 0
0 -0 -1
0 -1 -0

  IndexToPointMatrix: 
1 0 0
0 0 -1
0 -1 0

  PointToIndexMatrix: 
1 0 0
0 0 -1
0 -1 0

  Inverse Direction: 
1 0 0
0 0 -1
0 -1 0

  PixelContainer: 
    ImportImageContainer (0x3c7da40)
      RTTI typeinfo:   itk::ImportImageContainer<unsigned long, double>
      Reference Count: 1
      Modified Time: 1419
      Debug: Off
      Object Name: 
      Observers: 
        none
      Pointer: 0x7f4731965010
      Container manages memory: true
      Size: 16091136
      Capacity: 16091136

     Moving image = Image (0x3c7bfa0)
  RTTI typeinfo:   itk::Image<double, 3u>
  Reference Count: 2
  Modified Time: 1612
  Debug: Off
  Object Name: 
  Observers: 
    none
  Source: (none)
  Source output name: (none)
  Release Data: Off
  Data Released: False
  Global Release Data: Off
  PipelineMTime: 0
  UpdateMTime: 1609
  RealTimeStamp: 0 seconds 
  LargestPossibleRegion: 
    Dimension: 3
    Index: [0, 0, 0]
    Size: [256, 256, 307]
  BufferedRegion: 
    Dimension: 3
    Index: [0, 0, 0]
    Size: [256, 256, 307]
  RequestedRegion: 
    Dimension: 3
    Index: [0, 0, 0]
    Size: [256, 256, 307]
  Spacing: [1, 1, 1]
  Origin: [0, 306, 0]
  Direction: 
1 0 0
0 -0 -1
0 -1 -0

  IndexToPointMatrix: 
1 0 0
0 0 -1
0 -1 0

  PointToIndexMatrix: 
1 0 0
0 0 -1
0 -1 0

  Inverse Direction: 
1 0 0
0 0 -1
0 -1 0

  PixelContainer: 
    ImportImageContainer (0x3c6cf60)
      RTTI typeinfo:   itk::ImportImageContainer<unsigned long, double>
      Reference Count: 1
      Modified Time: 1606
      Debug: Off
      Object Name: 
      Observers: 
        none
      Pointer: 0x7f4727fe4010
      Container manages memory: true
      Size: 20119552
      Capacity: 20119552

     Weighting = 1
     Sampling strategy = regular
     Number of bins = 32
     Radius = 4
     Sampling percentage  = 0.25
   Transform = Rigid
     Gradient step = 0.1
     Update field sigma (voxel space) = 0
     Total field sigma (voxel space) = 0
     Update field time sigma = 0
     Total field time sigma  = 0
     Number of time indices = 0
     Number of time point samples = 0
Stage 2 State
   Image metric = Mattes
     Fixed image = Image (0x3c80950)
  RTTI typeinfo:   itk::Image<double, 3u>
  Reference Count: 2
  Modified Time: 1987
  Debug: Off
  Object Name: 
  Observers: 
    none
  Source: (none)
  Source output name: (none)
  Release Data: Off
  Data Released: False
  Global Release Data: Off
  PipelineMTime: 0
  UpdateMTime: 1798
  RealTimeStamp: 0 seconds 
  LargestPossibleRegion: 
    Dimension: 3
    Index: [0, 0, 0]
    Size: [216, 256, 291]
  BufferedRegion: 
    Dimension: 3
    Index: [0, 0, 0]
    Size: [216, 256, 291]
  RequestedRegion: 
    Dimension: 3
    Index: [0, 0, 0]
    Size: [216, 256, 291]
  Spacing: [1, 1, 1]
  Origin: [0, 293, 0]
  Direction: 
1 0 0
0 -0 -1
0 -1 -0

  IndexToPointMatrix: 
1 0 0
0 0 -1
0 -1 0

  PointToIndexMatrix: 
1 0 0
0 0 -1
0 -1 0

  Inverse Direction: 
1 0 0
0 0 -1
0 -1 0

  PixelContainer: 
    ImportImageContainer (0x3c7cbc0)
      RTTI typeinfo:   itk::ImportImageContainer<unsigned long, double>
      Reference Count: 1
      Modified Time: 1795
      Debug: Off
      Object Name: 
      Observers: 
        none
      Pointer: 0x7f472051f010
      Container manages memory: true
      Size: 16091136
      Capacity: 16091136

     Moving image = Image (0x3c8d2d0)
  RTTI typeinfo:   itk::Image<double, 3u>
  Reference Count: 2
  Modified Time: 1988
  Debug: Off
  Object Name: 
  Observers: 
    none
  Source: (none)
  Source output name: (none)
  Release Data: Off
  Data Released: False
  Global Release Data: Off
  PipelineMTime: 0
  UpdateMTime: 1985
  RealTimeStamp: 0 seconds 
  LargestPossibleRegion: 
    Dimension: 3
    Index: [0, 0, 0]
    Size: [256, 256, 307]
  BufferedRegion: 
    Dimension: 3
    Index: [0, 0, 0]
    Size: [256, 256, 307]
  RequestedRegion: 
    Dimension: 3
    Index: [0, 0, 0]
    Size: [256, 256, 307]
  Spacing: [1, 1, 1]
  Origin: [0, 306, 0]
  Direction: 
1 0 0
0 -0 -1
0 -1 -0

  IndexToPointMatrix: 
1 0 0
0 0 -1
0 -1 0

  PointToIndexMatrix: 
1 0 0
0 0 -1
0 -1 0

  Inverse Direction: 
1 0 0
0 0 -1
0 -1 0

  PixelContainer: 
    ImportImageContainer (0x3c8cc50)
      RTTI typeinfo:   itk::ImportImageContainer<unsigned long, double>
      Reference Count: 1
      Modified Time: 1982
      Debug: Off
      Object Name: 
      Observers: 
        none
      Pointer: 0x7f4716b9e010
      Container manages memory: true
      Size: 20119552
      Capacity: 20119552

     Weighting = 1
     Sampling strategy = regular
     Number of bins = 32
     Radius = 4
     Sampling percentage  = 0.25
   Transform = Affine
     Gradient step = 0.1
     Update field sigma (voxel space) = 0
     Total field sigma (voxel space) = 0
     Update field time sigma = 0
     Total field time sigma  = 0
     Number of time indices = 0
     Number of time point samples = 0
Stage 3 State
   Image metric = Mattes
     Fixed image = Image (0x3c93170)
  RTTI typeinfo:   itk::Image<double, 3u>
  Reference Count: 2
  Modified Time: 2363
  Debug: Off
  Object Name: 
  Observers: 
    none
  Source: (none)
  Source output name: (none)
  Release Data: Off
  Data Released: False
  Global Release Data: Off
  PipelineMTime: 0
  UpdateMTime: 2174
  RealTimeStamp: 0 seconds 
  LargestPossibleRegion: 
    Dimension: 3
    Index: [0, 0, 0]
    Size: [216, 256, 291]
  BufferedRegion: 
    Dimension: 3
    Index: [0, 0, 0]
    Size: [216, 256, 291]
  RequestedRegion: 
    Dimension: 3
    Index: [0, 0, 0]
    Size: [216, 256, 291]
  Spacing: [1, 1, 1]
  Origin: [0, 293, 0]
  Direction: 
1 0 0
0 -0 -1
0 -1 -0

  IndexToPointMatrix: 
1 0 0
0 0 -1
0 -1 0

  PointToIndexMatrix: 
1 0 0
0 0 -1
0 -1 0

  Inverse Direction: 
1 0 0
0 0 -1
0 -1 0

  PixelContainer: 
    ImportImageContainer (0x3c8e2d0)
      RTTI typeinfo:   itk::ImportImageContainer<unsigned long, double>
      Reference Count: 1
      Modified Time: 2171
      Debug: Off
      Object Name: 
      Observers: 
        none
      Pointer: 0x7f470f0d9010
      Container manages memory: true
      Size: 16091136
      Capacity: 16091136

     Moving image = Image (0x3c92be0)
  RTTI typeinfo:   itk::Image<double, 3u>
  Reference Count: 2
  Modified Time: 2364
  Debug: Off
  Object Name: 
  Observers: 
    none
  Source: (none)
  Source output name: (none)
  Release Data: Off
  Data Released: False
  Global Release Data: Off
  PipelineMTime: 0
  UpdateMTime: 2361
  RealTimeStamp: 0 seconds 
  LargestPossibleRegion: 
    Dimension: 3
    Index: [0, 0, 0]
    Size: [256, 256, 307]
  BufferedRegion: 
    Dimension: 3
    Index: [0, 0, 0]
    Size: [256, 256, 307]
  RequestedRegion: 
    Dimension: 3
    Index: [0, 0, 0]
    Size: [256, 256, 307]
  Spacing: [1, 1, 1]
  Origin: [0, 306, 0]
  Direction: 
1 0 0
0 -0 -1
0 -1 -0

  IndexToPointMatrix: 
1 0 0
0 0 -1
0 -1 0

  PointToIndexMatrix: 
1 0 0
0 0 -1
0 -1 0

  Inverse Direction: 
1 0 0
0 0 -1
0 -1 0

  PixelContainer: 
    ImportImageContainer (0x3c94ef0)
      RTTI typeinfo:   itk::ImportImageContainer<unsigned long, double>
      Reference Count: 1
      Modified Time: 2358
      Debug: Off
      Object Name: 
      Observers: 
        none
      Pointer: 0x7f4705758010
      Container manages memory: true
      Size: 20119552
      Capacity: 20119552

     Weighting = 1
     Sampling strategy = none
     Number of bins = 32
     Radius = 4
     Sampling percentage  = 1
   Transform = SyN
     Gradient step = 0.1
     Update field sigma (voxel space) = 3
     Total field sigma (voxel space) = 0
     Update field time sigma = 0
     Total field time sigma  = 0
     Number of time indices = 0
     Number of time point samples = 0
Registration using 3 total stages.

Stage 0
  iterations = 1000x500x250x0
  convergence threshold = 1e-06
  convergence window size = 10
  number of levels = 4
  using the Mattes MI metric (number of bins = 32, weight = 1)
  preprocessing:  winsorizing the image intensities
  Shrink factors (level 1 out of 4): [12, 12, 12]
  Shrink factors (level 2 out of 4): [8, 8, 8]
  Shrink factors (level 3 out of 4): [4, 4, 4]
  Shrink factors (level 4 out of 4): [2, 2, 2]
  smoothing sigmas per level: [4, 3, 2, 1]
  regular sampling (percentage = 0.25)

*** Running Euler3DTransform registration ***

DIAGNOSTIC,Iteration,metricValue,convergenceValue,ITERATION_TIME_INDEX,SINCE_LAST
 2DIAGNOSTIC,     1, -4.612646922446e-01, 1.797693134862e+308, 2.2217e+01, 2.2217e+01, 
 2DIAGNOSTIC,     2, -4.623119335671e-01, 1.797693134862e+308, 2.2228e+01, 1.0191e-02, 
 2DIAGNOSTIC,     3, -4.632674182082e-01, 1.797693134862e+308, 2.2237e+01, 9.9130e-03, 
 2DIAGNOSTIC,     4, -4.640081587509e-01, 1.797693134862e+308, 2.2247e+01, 9.9208e-03, 
 2DIAGNOSTIC,     5, -4.649816326486e-01, 1.797693134862e+308, 2.2257e+01, 1.0008e-02, 
 2DIAGNOSTIC,     6, -4.654030279775e-01, 1.797693134862e+308, 2.2267e+01, 9.9480e-03, 
 2DIAGNOSTIC,     7, -4.654247153137e-01, 1.797693134862e+308, 2.2279e+01, 1.1496e-02, 
 2DIAGNOSTIC,     8, -4.654993401612e-01, 1.797693134862e+308, 2.2295e+01, 1.5988e-02, 
 2DIAGNOSTIC,     9, -4.658152856167e-01, 1.797693134862e+308, 2.2305e+01, 9.9630e-03, 
 2DIAGNOSTIC,    10, -4.662226154548e-01, 6.345137011259e-04, 2.2316e+01, 1.0757e-02, 
 2DIAGNOSTIC,    11, -4.663273425759e-01, 4.539799896243e-04, 2.2326e+01, 1.0581e-02, 
 2DIAGNOSTIC,    12, -4.665614856149e-01, 3.286073776509e-04, 2.2338e+01, 1.2005e-02, 
 2DIAGNOSTIC,    13, -4.665758235622e-01, 2.385910118528e-04, 2.2353e+01, 1.4770e-02, 
 2DIAGNOSTIC,    14, -4.665830057428e-01, 1.715722380776e-04, 2.2363e+01, 1.0450e-02, 
 2DIAGNOSTIC,    15, -4.665910948820e-01, 1.374282421261e-04, 2.2374e+01, 1.0411e-02, 
 2DIAGNOSTIC,    16, -4.666030683916e-01, 1.117581537682e-04, 2.2387e+01, 1.3398e-02, 
 2DIAGNOSTIC,    17, -4.666078183909e-01, 8.009927747619e-05, 2.2398e+01, 1.0418e-02, 
 2DIAGNOSTIC,    18, -4.666148873221e-01, 4.739687782575e-05, 2.2408e+01, 1.0390e-02, 
 2DIAGNOSTIC,    19, -4.668132636244e-01, 3.022972287199e-05, 2.2426e+01, 1.7656e-02, 
 2DIAGNOSTIC,    20, -4.666323287343e-01, 1.887008339747e-05, 2.2437e+01, 1.1841e-02, 
 2DIAGNOSTIC,    21, -4.666332145443e-01, 1.008497121165e-05, 2.2451e+01, 1.3237e-02, 
 2DIAGNOSTIC,    22, -4.666332476739e-01, 7.816882609299e-06, 2.2463e+01, 1.1814e-02, 
 2DIAGNOSTIC,    23, -4.666332573175e-01, 5.432281269001e-06, 2.2474e+01, 1.1805e-02, 
 2DIAGNOSTIC,    24, -4.666332619470e-01, 2.981990434053e-06, 2.2486e+01, 1.1814e-02, 
DIAGNOSTIC,Iteration,metricValue,convergenceValue,ITERATION_TIME_INDEX,SINCE_LAST
 2DIAGNOSTIC,     1, -3.982670972804e-01, 1.797693134862e+308, 3.8567e+01, 1.6080e+01, 
 2DIAGNOSTIC,     2, -3.989190273784e-01, 1.797693134862e+308, 3.8621e+01, 5.4104e-02, 
 2DIAGNOSTIC,     3, -3.998730738477e-01, 1.797693134862e+308, 3.8675e+01, 5.4004e-02, 
 2DIAGNOSTIC,     4, -4.009241593487e-01, 1.797693134862e+308, 3.8729e+01, 5.3983e-02, 
 2DIAGNOSTIC,     5, -4.013181535586e-01, 1.797693134862e+308, 3.8793e+01, 6.4059e-02, 
 2DIAGNOSTIC,     6, -4.016197225145e-01, 1.797693134862e+308, 3.8857e+01, 6.4296e-02, 
 2DIAGNOSTIC,     7, -4.019309395062e-01, 1.797693134862e+308, 3.8941e+01, 8.3810e-02, 
 2DIAGNOSTIC,     8, -4.021393060202e-01, 1.797693134862e+308, 3.9004e+01, 6.3005e-02, 
 2DIAGNOSTIC,     9, -4.021282761968e-01, 1.797693134862e+308, 3.9068e+01, 6.3851e-02, 
 2DIAGNOSTIC,    10, -4.021120903652e-01, 6.241449654047e-04, 3.9122e+01, 5.3888e-02, 
 2DIAGNOSTIC,    11, -4.021103445738e-01, 4.169996268235e-04, 3.9176e+01, 5.4531e-02, 
 2DIAGNOSTIC,    12, -4.021348045086e-01, 2.463480883524e-04, 3.9241e+01, 6.4595e-02, 
 2DIAGNOSTIC,    13, -4.022633045029e-01, 1.375772594347e-04, 3.9305e+01, 6.4576e-02, 
 2DIAGNOSTIC,    14, -4.022850148839e-01, 8.605320087383e-05, 3.9360e+01, 5.4624e-02, 
 2DIAGNOSTIC,    15, -4.024820465510e-01, 6.167409140202e-05, 3.9435e+01, 7.4703e-02, 
 2DIAGNOSTIC,    16, -4.025049939971e-01, 4.881296236919e-05, 3.9509e+01, 7.4652e-02, 
 2DIAGNOSTIC,    17, -4.026037026187e-01, 5.001099409167e-05, 3.9564e+01, 5.4569e-02, 
 2DIAGNOSTIC,    18, -4.030750527916e-01, 7.328781407802e-05, 3.9629e+01, 6.4673e-02, 
 2DIAGNOSTIC,    19, -4.031874652409e-01, 9.078237802060e-05, 3.9683e+01, 5.4731e-02, 
 2DIAGNOSTIC,    20, -4.033102810878e-01, 1.021197127359e-04, 3.9768e+01, 8.4834e-02, 
 2DIAGNOSTIC,    21, -4.031836979045e-01, 9.886606459763e-05, 3.9832e+01, 6.4318e-02, 
 2DIAGNOSTIC,    22, -4.031250675206e-01, 8.582634622049e-05, 3.9887e+01, 5.4472e-02, 
 2DIAGNOSTIC,    23, -4.031043610621e-01, 6.920744850415e-05, 3.9941e+01, 5.4513e-02, 
 2DIAGNOSTIC,    24, -4.031226782841e-01, 4.850295835498e-05, 3.9996e+01, 5.4511e-02, 
 2DIAGNOSTIC,    25, -4.031938391404e-01, 3.274003567560e-05, 4.0061e+01, 6.4613e-02, 
 2DIAGNOSTIC,    26, -4.032601568143e-01, 1.778102898990e-05, 4.0115e+01, 5.4433e-02, 
 2DIAGNOSTIC,    27, -4.032420809269e-01, 4.239865954589e-06, 4.0189e+01, 7.4481e-02, 
 2DIAGNOSTIC,    28, -4.032222863750e-01, 2.756013111942e-06, 4.0254e+01, 6.4675e-02, 
 2DIAGNOSTIC,    29, -4.032395543199e-01, 4.258263420778e-06, 4.0309e+01, 5.4578e-02, 
 2DIAGNOSTIC,    30, -4.032227010403e-01, 7.858136961886e-06, 4.0373e+01, 6.4710e-02, 
 2DIAGNOSTIC,    31, -4.031556995645e-01, 6.187929439620e-06, 4.0428e+01, 5.4261e-02, 
 2DIAGNOSTIC,    32, -4.032328013854e-01, 4.631681844516e-06, 4.0492e+01, 6.4690e-02, 
 2DIAGNOSTIC,    33, -4.033914433174e-01, 5.744829732750e-06, 4.0557e+01, 6.4381e-02, 
 2DIAGNOSTIC,    34, -4.033786818735e-01, 6.321392005394e-06, 4.0611e+01, 5.4650e-02, 
 2DIAGNOSTIC,    35, -4.033513364645e-01, 7.269160089203e-06, 4.0686e+01, 7.4816e-02, 
 2DIAGNOSTIC,    36, -4.033728198343e-01, 9.373800984969e-06, 4.0801e+01, 1.1493e-01, 
 2DIAGNOSTIC,    37, -4.033861294868e-01, 1.042181007043e-05, 4.0866e+01, 6.4389e-02, 
 2DIAGNOSTIC,    38, -4.033807921439e-01, 9.939000810193e-06, 4.0920e+01, 5.4579e-02, 
 2DIAGNOSTIC,    39, -4.033634100459e-01, 8.635576198290e-06, 4.0985e+01, 6.4607e-02, 
 2DIAGNOSTIC,    40, -4.033694130360e-01, 6.575383199609e-06, 4.1039e+01, 5.4489e-02, 
 2DIAGNOSTIC,    41, -4.033275320642e-01, 2.167365516045e-06, 4.1094e+01, 5.4533e-02, 
DIAGNOSTIC,Iteration,metricValue,convergenceValue,ITERATION_TIME_INDEX,SINCE_LAST
 2DIAGNOSTIC,     1, -3.413793534307e-01, 1.797693134862e+308, 5.0420e+01, 9.3260e+00, 
 2DIAGNOSTIC,     2, -3.414720443421e-01, 1.797693134862e+308, 5.0954e+01, 5.3397e-01, 
 2DIAGNOSTIC,     3, -3.414634247285e-01, 1.797693134862e+308, 5.1485e+01, 5.3146e-01, 
 2DIAGNOSTIC,     4, -3.414764986126e-01, 1.797693134862e+308, 5.2018e+01, 5.3302e-01, 
 2DIAGNOSTIC,     5, -3.414674841579e-01, 1.797693134862e+308, 5.2461e+01, 4.4307e-01, 
 2DIAGNOSTIC,     6, -3.415105530666e-01, 1.797693134862e+308, 5.2905e+01, 4.4381e-01, 
 2DIAGNOSTIC,     7, -3.415645663435e-01, 1.797693134862e+308, 5.3348e+01, 4.4286e-01, 
 2DIAGNOSTIC,     8, -3.416953880874e-01, 1.797693134862e+308, 5.3792e+01, 4.4406e-01, 
 2DIAGNOSTIC,     9, -3.418527347033e-01, 1.797693134862e+308, 5.4238e+01, 4.4555e-01, 
 2DIAGNOSTIC,    10, -3.422955707706e-01, 1.246346686200e-04, 5.4949e+01, 7.1192e-01, 
 2DIAGNOSTIC,    11, -3.423215798237e-01, 1.507963391016e-04, 5.5484e+01, 5.3449e-01, 
 2DIAGNOSTIC,    12, -3.423684134736e-01, 1.694039052720e-04, 5.6021e+01, 5.3702e-01, 
 2DIAGNOSTIC,    13, -3.425608499599e-01, 1.820574981165e-04, 5.6554e+01, 5.3281e-01, 
 2DIAGNOSTIC,    14, -3.425928346708e-01, 1.788079276040e-04, 5.7266e+01, 7.1177e-01, 
 2DIAGNOSTIC,    15, -3.425853262424e-01, 1.587169827313e-04, 5.7799e+01, 5.3304e-01, 
 2DIAGNOSTIC,    16, -3.425732304817e-01, 1.286037467190e-04, 5.8334e+01, 5.3496e-01, 
 2DIAGNOSTIC,    17, -3.425703970522e-01, 9.310809964038e-05, 5.8867e+01, 5.3325e-01, 
 2DIAGNOSTIC,    18, -3.425575419524e-01, 5.846709573392e-05, 5.9394e+01, 5.2714e-01, 
 2DIAGNOSTIC,    19, -3.425534624871e-01, 2.837086554599e-05, 5.9838e+01, 4.4452e-01, 
 2DIAGNOSTIC,    20, -3.425359228497e-01, 1.659768752934e-05, 6.0365e+01, 5.2688e-01, 
 2DIAGNOSTIC,    21, -3.425317595419e-01, 5.492278851153e-06, 6.0810e+01, 4.4460e-01, 
DIAGNOSTIC,Iteration,metricValue,convergenceValue,ITERATION_TIME_INDEX,SINCE_LAST
 2DIAGNOSTIC,     1, -2.954010321699e-01, 1.797693134862e+308, 6.9600e+01, 8.7901e+00, 
  Elapsed time (stage 0): 7.1488e+01


Stage 1
  iterations = 1000x500x250x0
  convergence threshold = 1.0000e-06
  convergence window size = 10
  number of levels = 4
  using the Mattes MI metric (number of bins = 32, weight = 1.0000e+00)
  preprocessing:  winsorizing the image intensities
  Shrink factors (level 1 out of 4): [12, 12, 12]
  Shrink factors (level 2 out of 4): [8, 8, 8]
  Shrink factors (level 3 out of 4): [4, 4, 4]
  Shrink factors (level 4 out of 4): [2, 2, 2]
  smoothing sigmas per level: [4, 3, 2, 1]
  regular sampling (percentage = 2.5000e-01)

*** Running AffineTransform registration ***

DIAGNOSTIC,Iteration,metricValue,convergenceValue,ITERATION_TIME_INDEX,SINCE_LAST
 2DIAGNOSTIC,     1, -4.633206382922e-01, 1.797693134862e+308, 2.2115e+01, 2.2115e+01, 
 2DIAGNOSTIC,     2, -4.647281925717e-01, 1.797693134862e+308, 2.2128e+01, 1.3582e-02, 
 2DIAGNOSTIC,     3, -4.673966775855e-01, 1.797693134862e+308, 2.2141e+01, 1.3071e-02, 
 2DIAGNOSTIC,     4, -4.718897750824e-01, 1.797693134862e+308, 2.2155e+01, 1.3334e-02, 
 2DIAGNOSTIC,     5, -4.787374245900e-01, 1.797693134862e+308, 2.2168e+01, 1.3111e-02, 
 2DIAGNOSTIC,     6, -4.915610638422e-01, 1.797693134862e+308, 2.2183e+01, 1.5171e-02, 
 2DIAGNOSTIC,     7, -4.968097823720e-01, 1.797693134862e+308, 2.2198e+01, 1.5401e-02, 
 2DIAGNOSTIC,     8, -5.067370771312e-01, 1.797693134862e+308, 2.2214e+01, 1.5666e-02, 
 2DIAGNOSTIC,     9, -5.219897075131e-01, 1.797693134862e+308, 2.2229e+01, 1.5455e-02, 
 2DIAGNOSTIC,    10, -5.344178588035e-01, 9.432826775992e-03, 2.2246e+01, 1.6538e-02, 
 2DIAGNOSTIC,    11, -5.357853312288e-01, 9.351524774375e-03, 2.2262e+01, 1.6097e-02, 
 2DIAGNOSTIC,    12, -5.384185157978e-01, 8.654108737542e-03, 2.2280e+01, 1.8407e-02, 
 2DIAGNOSTIC,    13, -5.396360956641e-01, 7.466768496487e-03, 2.2296e+01, 1.6072e-02, 
 2DIAGNOSTIC,    14, -5.403988419218e-01, 5.986919797251e-03, 2.2311e+01, 1.4657e-02, 
 2DIAGNOSTIC,    15, -5.406362285995e-01, 4.424929204114e-03, 2.2327e+01, 1.5943e-02, 
 2DIAGNOSTIC,    16, -5.408338851369e-01, 3.127313022179e-03, 2.2345e+01, 1.7674e-02, 
 2DIAGNOSTIC,    17, -5.405700881350e-01, 1.870149003687e-03, 2.2360e+01, 1.5702e-02, 
 2DIAGNOSTIC,    18, -5.406503184822e-01, 8.883547698407e-04, 2.2375e+01, 1.4323e-02, 
 2DIAGNOSTIC,    19, -5.405556256345e-01, 3.658476350688e-04, 2.2390e+01, 1.5737e-02, 
 2DIAGNOSTIC,    20, -5.402135487843e-01, 1.982213602884e-04, 2.2405e+01, 1.4432e-02, 
 2DIAGNOSTIC,    21, -5.403202107880e-01, 6.661405358177e-05, 2.2421e+01, 1.5764e-02, 
 2DIAGNOSTIC,    22, -5.401141096883e-01, 1.408716747163e-06, 2.2437e+01, 1.6062e-02, 
DIAGNOSTIC,Iteration,metricValue,convergenceValue,ITERATION_TIME_INDEX,SINCE_LAST
 2DIAGNOSTIC,     1, -4.487899744297e-01, 1.797693134862e+308, 3.8524e+01, 1.6087e+01, 
 2DIAGNOSTIC,     2, -4.490873467615e-01, 1.797693134862e+308, 3.8606e+01, 8.1478e-02, 
 2DIAGNOSTIC,     3, -4.497648752345e-01, 1.797693134862e+308, 3.8686e+01, 8.0122e-02, 
 2DIAGNOSTIC,     4, -4.497712087144e-01, 1.797693134862e+308, 3.8767e+01, 8.0999e-02, 
 2DIAGNOSTIC,     5, -4.498974488060e-01, 1.797693134862e+308, 3.8847e+01, 8.0671e-02, 
 2DIAGNOSTIC,     6, -4.501997720731e-01, 1.797693134862e+308, 3.8940e+01, 9.2500e-02, 
 2DIAGNOSTIC,     7, -4.502312293495e-01, 1.797693134862e+308, 3.9020e+01, 8.0373e-02, 
 2DIAGNOSTIC,     8, -4.502355600299e-01, 1.797693134862e+308, 3.9102e+01, 8.2170e-02, 
 2DIAGNOSTIC,     9, -4.501735646737e-01, 1.797693134862e+308, 3.9171e+01, 6.8874e-02, 
 2DIAGNOSTIC,    10, -4.501779866932e-01, 1.884340979418e-04, 3.9253e+01, 8.1947e-02, 
 2DIAGNOSTIC,    11, -4.502214203537e-01, 1.143421472390e-04, 3.9334e+01, 8.0920e-02, 
 2DIAGNOSTIC,    12, -4.501654154903e-01, 5.420767887733e-05, 3.9405e+01, 7.0703e-02, 
 2DIAGNOSTIC,    13, -4.502729756914e-01, 3.723699505129e-05, 3.9475e+01, 6.9797e-02, 
 2DIAGNOSTIC,    14, -4.503731812660e-01, 2.427178748016e-05, 3.9557e+01, 8.2228e-02, 
 2DIAGNOSTIC,    15, -4.504425399441e-01, 1.881343678346e-05, 3.9637e+01, 8.0608e-02, 
 2DIAGNOSTIC,    16, -4.505159677013e-01, 2.728273432551e-05, 3.9709e+01, 7.1235e-02, 
 2DIAGNOSTIC,    17, -4.506389857552e-01, 3.816180908345e-05, 3.9779e+01, 6.9899e-02, 
 2DIAGNOSTIC,    18, -4.507355257174e-01, 4.798326048509e-05, 3.9861e+01, 8.1942e-02, 
 2DIAGNOSTIC,    19, -4.509460836142e-01, 5.732435231719e-05, 3.9942e+01, 8.0977e-02, 
 2DIAGNOSTIC,    20, -4.509016753496e-01, 5.914441291898e-05, 4.0012e+01, 7.0774e-02, 
 2DIAGNOSTIC,    21, -4.510161230175e-01, 6.041423897519e-05, 4.0093e+01, 8.0556e-02, 
 2DIAGNOSTIC,    22, -4.511713178125e-01, 5.880450002495e-05, 4.0175e+01, 8.2329e-02, 
 2DIAGNOSTIC,    23, -4.511266954628e-01, 5.349049226214e-05, 4.0256e+01, 8.1034e-02, 
 2DIAGNOSTIC,    24, -4.511022262089e-01, 4.578486568569e-05, 4.0338e+01, 8.1957e-02, 
 2DIAGNOSTIC,    25, -4.511158019758e-01, 3.669579339951e-05, 4.0419e+01, 8.0590e-02, 
 2DIAGNOSTIC,    26, -4.510794347134e-01, 2.581009490132e-05, 4.0501e+01, 8.1849e-02, 
 2DIAGNOSTIC,    27, -4.511526345801e-01, 1.793105355782e-05, 4.0570e+01, 6.9563e-02, 
 2DIAGNOSTIC,    28, -4.511481003172e-01, 1.095680646709e-05, 4.0641e+01, 7.1027e-02, 
 2DIAGNOSTIC,    29, -4.513349936925e-01, 1.231697477310e-05, 4.0800e+01, 1.5879e-01, 
 2DIAGNOSTIC,    30, -4.512936880696e-01, 1.058978684957e-05, 4.0882e+01, 8.2417e-02, 
 2DIAGNOSTIC,    31, -4.512761366830e-01, 1.000872751595e-05, 4.0963e+01, 8.1011e-02, 
 2DIAGNOSTIC,    32, -4.511684593442e-01, 9.612541849717e-06, 4.1046e+01, 8.2725e-02, 
 2DIAGNOSTIC,    33, -4.511850982116e-01, 7.918077634540e-06, 4.1116e+01, 6.9947e-02, 
 2DIAGNOSTIC,    34, -4.511139969077e-01, 3.803773537640e-06, 4.1198e+01, 8.2252e-02, 
DIAGNOSTIC,Iteration,metricValue,convergenceValue,ITERATION_TIME_INDEX,SINCE_LAST
 2DIAGNOSTIC,     1, -3.829100252019e-01, 1.797693134862e+308, 5.0606e+01, 9.4078e+00, 
 2DIAGNOSTIC,     2, -3.832481683280e-01, 1.797693134862e+308, 5.1175e+01, 5.6886e-01, 
 2DIAGNOSTIC,     3, -3.836266071714e-01, 1.797693134862e+308, 5.1738e+01, 5.6252e-01, 
 2DIAGNOSTIC,     4, -3.841109694962e-01, 1.797693134862e+308, 5.2306e+01, 5.6813e-01, 
 2DIAGNOSTIC,     5, -3.849691094679e-01, 1.797693134862e+308, 5.2854e+01, 5.4870e-01, 
 2DIAGNOSTIC,     6, -3.856115240757e-01, 1.797693134862e+308, 5.3524e+01, 6.6945e-01, 
 2DIAGNOSTIC,     7, -3.861871850468e-01, 1.797693134862e+308, 5.4551e+01, 1.0273e+00, 
 2DIAGNOSTIC,     8, -3.862351154235e-01, 1.797693134862e+308, 5.5411e+01, 8.5983e-01, 
 2DIAGNOSTIC,     9, -3.862326952898e-01, 1.797693134862e+308, 5.6243e+01, 8.3212e-01, 
 2DIAGNOSTIC,    10, -3.862394244992e-01, 6.561285178068e-04, 5.7005e+01, 7.6153e-01, 
 2DIAGNOSTIC,    11, -3.862340974576e-01, 5.024150332342e-04, 5.7650e+01, 6.4521e-01, 
 2DIAGNOSTIC,    12, -3.862304226096e-01, 3.499908092006e-04, 5.8407e+01, 7.5745e-01, 
 2DIAGNOSTIC,    13, -3.862278911687e-01, 2.112896838372e-04, 5.9052e+01, 6.4490e-01, 
 2DIAGNOSTIC,    14, -3.862214445224e-01, 9.826013582631e-05, 5.9716e+01, 6.6375e-01, 
 2DIAGNOSTIC,    15, -3.862137981848e-01, 3.286398836622e-05, 6.0268e+01, 5.5231e-01, 
 2DIAGNOSTIC,    16, -3.862172250366e-01, 1.878348152740e-06, 6.0835e+01, 5.6630e-01, 
DIAGNOSTIC,Iteration,metricValue,convergenceValue,ITERATION_TIME_INDEX,SINCE_LAST
 2DIAGNOSTIC,     1, -3.322964297960e-01, 1.797693134862e+308, 7.0667e+01, 9.8324e+00, 
  Elapsed time (stage 1): 7.2558e+01


Stage 2
  iterations = 100x100x70x50x0
  convergence threshold = 1.0000e-06
  convergence window size = 10
  number of levels = 5
  using the Mattes MI metric (number of bins = 32, weight = 1.0000e+00)
  preprocessing:  winsorizing the image intensities
  Shrink factors (level 1 out of 5): [10, 10, 10]
  Shrink factors (level 2 out of 5): [6, 6, 6]
  Shrink factors (level 3 out of 5): [4, 4, 4]
  Shrink factors (level 4 out of 5): [2, 2, 2]
  Shrink factors (level 5 out of 5): [1, 1, 1]
  smoothing sigmas per level: [5, 3, 2, 1, 0]
  Using default NONE metricSamplingStrategy 

*** Running SyN registration (varianceForUpdateField = 3.0000e+00, varianceForTotalField = 0.0000e+00) ***

XXDIAGNOSTIC,Iteration,metricValue,convergenceValue,ITERATION_TIME_INDEX,SINCE_LAST
 1DIAGNOSTIC,     1, -5.177814490219e-01, 1.797693134862e+308, 3.5479e+01, 3.5479e+01, 
 1DIAGNOSTIC,     2, -5.374974339257e-01, 1.797693134862e+308, 3.5619e+01, 1.4011e-01, 
 1DIAGNOSTIC,     3, -5.522018788718e-01, 1.797693134862e+308, 3.5759e+01, 1.4017e-01, 
 1DIAGNOSTIC,     4, -5.607284450179e-01, 1.797693134862e+308, 3.5897e+01, 1.3825e-01, 
 1DIAGNOSTIC,     5, -5.634943088225e-01, 1.797693134862e+308, 3.6035e+01, 1.3716e-01, 
 1DIAGNOSTIC,     6, -5.633511965117e-01, 1.797693134862e+308, 3.6169e+01, 1.3418e-01, 
 1DIAGNOSTIC,     7, -5.630755665479e-01, 1.797693134862e+308, 3.6303e+01, 1.3448e-01, 
 1DIAGNOSTIC,     8, -5.599422682801e-01, 1.797693134862e+308, 3.6438e+01, 1.3482e-01, 
 1DIAGNOSTIC,     9, -5.601275942781e-01, 1.797693134862e+308, 3.6572e+01, 1.3433e-01, 
 1DIAGNOSTIC,    10, -5.566696379989e-01, 3.349323027455e-03, 3.6707e+01, 1.3493e-01, 
 1DIAGNOSTIC,    11, -5.554294078762e-01, 9.226931158021e-04, 3.6842e+01, 1.3485e-01, 
 1DIAGNOSTIC,    12, -5.544691027907e-01, -3.898346479646e-04, 3.6977e+01, 1.3512e-01, 
XXDIAGNOSTIC,Iteration,metricValue,convergenceValue,ITERATION_TIME_INDEX,SINCE_LAST
 1DIAGNOSTIC,     1, -4.370711424186e-01, 1.797693134862e+308, 5.3654e+01, 1.6677e+01, 
 1DIAGNOSTIC,     2, -4.396777195140e-01, 1.797693134862e+308, 5.4206e+01, 5.5214e-01, 
 1DIAGNOSTIC,     3, -4.410589607079e-01, 1.797693134862e+308, 5.4743e+01, 5.3632e-01, 
 1DIAGNOSTIC,     4, -4.413241419833e-01, 1.797693134862e+308, 5.5278e+01, 5.3565e-01, 
 1DIAGNOSTIC,     5, -4.410178736460e-01, 1.797693134862e+308, 5.5817e+01, 5.3839e-01, 
 1DIAGNOSTIC,     6, -4.405223417903e-01, 1.797693134862e+308, 5.6354e+01, 5.3708e-01, 
 1DIAGNOSTIC,     7, -4.398221919844e-01, 1.797693134862e+308, 5.6891e+01, 5.3725e-01, 
 1DIAGNOSTIC,     8, -4.393119873432e-01, 1.797693134862e+308, 5.7428e+01, 5.3678e-01, 
 1DIAGNOSTIC,     9, -4.385851259122e-01, 1.797693134862e+308, 5.7980e+01, 5.5260e-01, 
 1DIAGNOSTIC,    10, -4.377638669709e-01, -1.436604182933e-04, 5.8534e+01, 5.5406e-01, 
XXDIAGNOSTIC,Iteration,metricValue,convergenceValue,ITERATION_TIME_INDEX,SINCE_LAST
 1DIAGNOSTIC,     1, -3.720783516242e-01, 1.797693134862e+308, 6.9061e+01, 1.0526e+01, 
 1DIAGNOSTIC,     2, -3.730382260603e-01, 1.797693134862e+308, 7.0753e+01, 1.6926e+00, 
 1DIAGNOSTIC,     3, -3.738576413729e-01, 1.797693134862e+308, 7.2441e+01, 1.6881e+00, 
 1DIAGNOSTIC,     4, -3.744326040214e-01, 1.797693134862e+308, 7.4128e+01, 1.6870e+00, 
 1DIAGNOSTIC,     5, -3.747275639971e-01, 1.797693134862e+308, 7.5822e+01, 1.6938e+00, 
 1DIAGNOSTIC,     6, -3.747534219419e-01, 1.797693134862e+308, 7.7518e+01, 1.6959e+00, 
 1DIAGNOSTIC,     7, -3.748508490857e-01, 1.797693134862e+308, 7.9212e+01, 1.6936e+00, 
 1DIAGNOSTIC,     8, -3.747314496112e-01, 1.797693134862e+308, 8.0963e+01, 1.7513e+00, 
 1DIAGNOSTIC,     9, -3.744578861415e-01, 1.797693134862e+308, 8.2663e+01, 1.6997e+00, 
 1DIAGNOSTIC,    10, -3.741210427839e-01, 3.143567979909e-04, 8.4407e+01, 1.7446e+00, 
 1DIAGNOSTIC,    11, -3.738863772384e-01, 7.983207420986e-05, 8.6151e+01, 1.7433e+00, 
 1DIAGNOSTIC,    12, -3.737230219060e-01, -7.303408383412e-05, 8.7892e+01, 1.7413e+00, 
XXDIAGNOSTIC,Iteration,metricValue,convergenceValue,ITERATION_TIME_INDEX,SINCE_LAST
 1DIAGNOSTIC,     1, -3.145069703754e-01, 1.797693134862e+308, 1.0712e+02, 1.9229e+01, 
 1DIAGNOSTIC,     2, -3.153725809204e-01, 1.797693134862e+308, 1.1980e+02, 1.2681e+01, 
 1DIAGNOSTIC,     3, -3.162966036583e-01, 1.797693134862e+308, 1.3294e+02, 1.3142e+01, 
 1DIAGNOSTIC,     4, -3.172364811983e-01, 1.797693134862e+308, 1.4563e+02, 1.2681e+01, 
 1DIAGNOSTIC,     5, -3.179169873039e-01, 1.797693134862e+308, 1.5837e+02, 1.2742e+01, 
 1DIAGNOSTIC,     6, -3.185411011003e-01, 1.797693134862e+308, 1.7105e+02, 1.2686e+01, 
 1DIAGNOSTIC,     7, -3.191042142366e-01, 1.797693134862e+308, 1.8374e+02, 1.2682e+01, 
 1DIAGNOSTIC,     8, -3.195759783985e-01, 1.797693134862e+308, 1.9688e+02, 1.3145e+01, 
 1DIAGNOSTIC,     9, -3.199790104557e-01, 1.797693134862e+308, 2.1043e+02, 1.3547e+01, 
 1DIAGNOSTIC,    10, -3.203950071896e-01, 1.182408948703e-03, 2.2408e+02, 1.3649e+01, 
 1DIAGNOSTIC,    11, -3.208065926153e-01, 9.617698552252e-04, 2.3761e+02, 1.3537e+01, 
 1DIAGNOSTIC,    12, -3.211138322790e-01, 7.781238809251e-04, 2.5118e+02, 1.3563e+01, 
 1DIAGNOSTIC,    13, -3.214046163967e-01, 6.351127380139e-04, 2.6428e+02, 1.3103e+01, 
 1DIAGNOSTIC,    14, -3.216487556199e-01, 5.299381706181e-04, 2.7782e+02, 1.3542e+01, 
 1DIAGNOSTIC,    15, -3.219156485588e-01, 4.462876712910e-04, 2.9097e+02, 1.3145e+01, 
 1DIAGNOSTIC,    16, -3.221038093091e-01, 3.769066838933e-04, 3.0458e+02, 1.3611e+01, 
 1DIAGNOSTIC,    17, -3.223848178843e-01, 3.250120895206e-04, 3.1812e+02, 1.3537e+01, 
 1DIAGNOSTIC,    18, -3.225134229085e-01, 2.783467157828e-04, 3.3166e+02, 1.3545e+01, 
 1DIAGNOSTIC,    19, -3.226511202565e-01, 2.360574219607e-04, 3.4521e+02, 1.3555e+01, 
 1DIAGNOSTIC,    20, -3.228261467026e-01, 2.021885338599e-04, 3.5883e+02, 1.3618e+01, 
 1DIAGNOSTIC,    21, -3.229780512381e-01, 1.763887111737e-04, 3.7240e+02, 1.3565e+01, 
 1DIAGNOSTIC,    22, -3.231025669380e-01, 1.537707140442e-04, 3.8600e+02, 1.3598e+01, 
 1DIAGNOSTIC,    23, -3.232331740137e-01, 1.350158348155e-04, 3.9953e+02, 1.3537e+01, 
 1DIAGNOSTIC,    24, -3.233783969465e-01, 1.195539347575e-04, 4.1311e+02, 1.3577e+01, 
 1DIAGNOSTIC,    25, -3.234508076823e-01, 1.061148155049e-04, 4.2668e+02, 1.3566e+01, 
 1DIAGNOSTIC,    26, -3.235367937006e-01, 9.299625231208e-05, 4.4032e+02, 1.3648e+01, 
 1DIAGNOSTIC,    27, -3.236084869152e-01, 8.373861454911e-05, 4.5386e+02, 1.3536e+01, 
 1DIAGNOSTIC,    28, -3.236720685158e-01, 7.336605046400e-05, 4.6746e+02, 1.3598e+01, 
 1DIAGNOSTIC,    29, -3.237245693080e-01, 6.258288367496e-05, 4.8101e+02, 1.3557e+01, 
 1DIAGNOSTIC,    30, -3.238063426617e-01, 5.421913776266e-05, 4.9457e+02, 1.3560e+01, 
 1DIAGNOSTIC,    31, -3.238132509062e-01, 4.583748715672e-05, 5.0812e+02, 1.3547e+01, 
 1DIAGNOSTIC,    32, -3.238755395125e-01, 3.887745273278e-05, 5.2178e+02, 1.3656e+01, 
 1DIAGNOSTIC,    33, -3.239390222276e-01, 3.385080746496e-05, 5.3534e+02, 1.3560e+01, 
 1DIAGNOSTIC,    34, -3.239706611891e-01, 3.054220771132e-05, 5.4890e+02, 1.3564e+01, 
 1DIAGNOSTIC,    35, -3.240255713528e-01, 2.779524407796e-05, 5.6254e+02, 1.3641e+01, 
 1DIAGNOSTIC,    36, -3.240707866481e-01, 2.583677901402e-05, 5.7613e+02, 1.3592e+01, 
 1DIAGNOSTIC,    37, -3.240689055941e-01, 2.324778683716e-05, 5.8975e+02, 1.3615e+01, 
 1DIAGNOSTIC,    38, -3.241170323504e-01, 2.125396064329e-05, 6.0329e+02, 1.3541e+01, 
 1DIAGNOSTIC,    39, -3.241226925930e-01, 1.867007505573e-05, 6.1685e+02, 1.3558e+01, 
 1DIAGNOSTIC,    40, -3.241635609275e-01, 1.723880461551e-05, 6.3041e+02, 1.3562e+01, 
 1DIAGNOSTIC,    41, -3.242205988752e-01, 1.564808435293e-05, 6.4392e+02, 1.3510e+01, 
 1DIAGNOSTIC,    42, -3.242390773866e-01, 1.437181705202e-05, 6.5743e+02, 1.3508e+01, 
 1DIAGNOSTIC,    43, -3.242455915902e-01, 1.330221818961e-05, 6.7094e+02, 1.3515e+01, 
 1DIAGNOSTIC,    44, -3.242897325021e-01, 1.259071731118e-05, 6.8448e+02, 1.3540e+01, 
 1DIAGNOSTIC,    45, -3.242970841010e-01, 1.195156848555e-05, 6.9800e+02, 1.3514e+01, 
 1DIAGNOSTIC,    46, -3.243130926661e-01, 1.143863767553e-05, 7.1152e+02, 1.3528e+01, 
 1DIAGNOSTIC,    47, -3.243126925551e-01, 9.860711622608e-06, 7.2513e+02, 1.3608e+01, 
 1DIAGNOSTIC,    48, -3.242869868161e-01, 7.904683986152e-06, 7.3866e+02, 1.3531e+01, 
 1DIAGNOSTIC,    49, -3.242581302066e-01, 4.918330150823e-06, 7.5216e+02, 1.3493e+01, 
 1DIAGNOSTIC,    50, -3.242165341231e-01, 1.610308723438e-06, 7.6566e+02, 1.3505e+01, 
  Elapsed time (stage 2): 786.2


Total elapsed time: 930.3

--- Writing output images ---

Using double precision for computations.
Input scalar image: data/Segmentations/1014_3_seg.nii.gz
Reference image: data/template/T_template0_BrainCerebellum.nii.gz
=============================================================================
The composite transform comprises the following transforms (in order): 
  1. /tmp/1971319.1.basic.q/1014_ToTemplate_012_0GenericAffine.mat (type = AffineTransform)
  2. /tmp/1971319.1.basic.q/1014_ToTemplate_012_1Warp.nii.gz (type = DisplacementFieldTransform)
=============================================================================
Default pixel value: 0
Interpolation type: LabelImageGenericInterpolateImageFunction
Output warped image: output/1014/1014_WarpedLabels_012.nii.gz

--- Done ---

