
--- Running on compute-1-2.local ---


--- registration call ---
/data/jet/pcook/bin/antsBuild/bin/antsRegistrationSyNQuick.sh -d 3 -f data/template/T_template0_BrainCerebellum.nii.gz -m data/Brains/1014_3.nii.gz -t s -p d -n 2 -o /tmp/1971321.1.basic.q/1014_ToTemplate_014_
---


--------------------------------------------------------------------------------------
 Mapping parameters
--------------------------------------------------------------------------------------
 ANTSPATH is /data/jet/pcook/bin/antsBuild/bin/

 Dimensionality:           3
 Output name prefix:       /tmp/1971321.1.basic.q/1014_ToTemplate_014_
 Fixed images:             data/template/T_template0_BrainCerebellum.nii.gz
 Moving images:            data/Brains/1014_3.nii.gz
 Mask images:              
 Initial transforms:       
 Number of threads:        2
 Spline distance:          26
 Transform type:           s
 MI histogram bins:        32
 Precision:                d
 Use histogram matching    0
======================================================================================
 antsRegistration call:
--------------------------------------------------------------------------------------
/data/jet/pcook/bin/antsBuild/bin//antsRegistration --verbose 1 --dimensionality 3 --float 0 --collapse-output-transforms 1 --output [/tmp/1971321.1.basic.q/1014_ToTemplate_014_,/tmp/1971321.1.basic.q/1014_ToTemplate_014_Warped.nii.gz,/tmp/1971321.1.basic.q/1014_ToTemplate_014_InverseWarped.nii.gz] --interpolation Linear --use-histogram-matching 0 --winsorize-image-intensities [0.005,0.995] --initial-moving-transform [data/template/T_template0_BrainCerebellum.nii.gz,data/Brains/1014_3.nii.gz,1] --transform Rigid[0.1] --metric MI[data/template/T_template0_BrainCerebellum.nii.gz,data/Brains/1014_3.nii.gz,1,32,Regular,0.25] --convergence [1000x500x250x0,1e-6,10] --shrink-factors 12x8x4x2 --smoothing-sigmas 4x3x2x1vox --transform Affine[0.1] --metric MI[data/template/T_template0_BrainCerebellum.nii.gz,data/Brains/1014_3.nii.gz,1,32,Regular,0.25] --convergence [1000x500x250x0,1e-6,10] --shrink-factors 12x8x4x2 --smoothing-sigmas 4x3x2x1vox --transform SyN[0.1,3,0] --metric MI[data/template/T_template0_BrainCerebellum.nii.gz,data/Brains/1014_3.nii.gz,1,32] --convergence [100x100x70x50x0,1e-6,10] --shrink-factors 10x6x4x2x1 --smoothing-sigmas 5x3x2x1x0vox
--------------------------------------------------------------------------------------
All_Command_lines_OK
Using double precision for computations.
=============================================================================
The composite transform comprises the following transforms (in order): 
  1. Center of mass alignment using fixed image: data/template/T_template0_BrainCerebellum.nii.gz and moving image: data/Brains/1014_3.nii.gz (type = Euler3DTransform)
=============================================================================
  number of levels = 4
  number of levels = 4
  number of levels = 5
  fixed image: data/template/T_template0_BrainCerebellum.nii.gz
  moving image: data/Brains/1014_3.nii.gz
  fixed image: data/template/T_template0_BrainCerebellum.nii.gz
  moving image: data/Brains/1014_3.nii.gz
  fixed image: data/template/T_template0_BrainCerebellum.nii.gz
  moving image: data/Brains/1014_3.nii.gz
Dimension = 3
Number of stages = 3
Use Histogram Matching false
Winsorize image intensities true
Lower quantile = 0.005
Upper quantile = 0.995
Stage 1 State
   Image metric = Mattes
     Fixed image = Image (0x4ec6f40)
  RTTI typeinfo:   itk::Image<double, 3u>
  Reference Count: 2
  Modified Time: 1611
  Debug: Off
  Object Name: 
  Observers: 
    none
  Source: (none)
  Source output name: (none)
  Release Data: Off
  Data Released: False
  Global Release Data: Off
  PipelineMTime: 0
  UpdateMTime: 1422
  RealTimeStamp: 0 seconds 
  LargestPossibleRegion: 
    Dimension: 3
    Index: [0, 0, 0]
    Size: [216, 256, 291]
  BufferedRegion: 
    Dimension: 3
    Index: [0, 0, 0]
    Size: [216, 256, 291]
  RequestedRegion: 
    Dimension: 3
    Index: [0, 0, 0]
    Size: [216, 256, 291]
  Spacing: [1, 1, 1]
  Origin: [0, 293, 0]
  Direction: 
1 0 0
0 -0 -1
0 -1 -0

  IndexToPointMatrix: 
1 0 0
0 0 -1
0 -1 0

  PointToIndexMatrix: 
1 0 0
0 0 -1
0 -1 0

  Inverse Direction: 
1 0 0
0 0 -1
0 -1 0

  PixelContainer: 
    ImportImageContainer (0x4ecaa40)
      RTTI typeinfo:   itk::ImportImageContainer<unsigned long, double>
      Reference Count: 1
      Modified Time: 1419
      Debug: Off
      Object Name: 
      Observers: 
        none
      Pointer: 0x7f979b46f010
      Container manages memory: true
      Size: 16091136
      Capacity: 16091136

     Moving image = Image (0x4ec8fa0)
  RTTI typeinfo:   itk::Image<double, 3u>
  Reference Count: 2
  Modified Time: 1612
  Debug: Off
  Object Name: 
  Observers: 
    none
  Source: (none)
  Source output name: (none)
  Release Data: Off
  Data Released: False
  Global Release Data: Off
  PipelineMTime: 0
  UpdateMTime: 1609
  RealTimeStamp: 0 seconds 
  LargestPossibleRegion: 
    Dimension: 3
    Index: [0, 0, 0]
    Size: [256, 256, 307]
  BufferedRegion: 
    Dimension: 3
    Index: [0, 0, 0]
    Size: [256, 256, 307]
  RequestedRegion: 
    Dimension: 3
    Index: [0, 0, 0]
    Size: [256, 256, 307]
  Spacing: [1, 1, 1]
  Origin: [0, 306, 0]
  Direction: 
1 0 0
0 -0 -1
0 -1 -0

  IndexToPointMatrix: 
1 0 0
0 0 -1
0 -1 0

  PointToIndexMatrix: 
1 0 0
0 0 -1
0 -1 0

  Inverse Direction: 
1 0 0
0 0 -1
0 -1 0

  PixelContainer: 
    ImportImageContainer (0x4eb9f60)
      RTTI typeinfo:   itk::ImportImageContainer<unsigned long, double>
      Reference Count: 1
      Modified Time: 1606
      Debug: Off
      Object Name: 
      Observers: 
        none
      Pointer: 0x7f9791aee010
      Container manages memory: true
      Size: 20119552
      Capacity: 20119552

     Weighting = 1
     Sampling strategy = regular
     Number of bins = 32
     Radius = 4
     Sampling percentage  = 0.25
   Transform = Rigid
     Gradient step = 0.1
     Update field sigma (voxel space) = 0
     Total field sigma (voxel space) = 0
     Update field time sigma = 0
     Total field time sigma  = 0
     Number of time indices = 0
     Number of time point samples = 0
Stage 2 State
   Image metric = Mattes
     Fixed image = Image (0x4ecd950)
  RTTI typeinfo:   itk::Image<double, 3u>
  Reference Count: 2
  Modified Time: 1987
  Debug: Off
  Object Name: 
  Observers: 
    none
  Source: (none)
  Source output name: (none)
  Release Data: Off
  Data Released: False
  Global Release Data: Off
  PipelineMTime: 0
  UpdateMTime: 1798
  RealTimeStamp: 0 seconds 
  LargestPossibleRegion: 
    Dimension: 3
    Index: [0, 0, 0]
    Size: [216, 256, 291]
  BufferedRegion: 
    Dimension: 3
    Index: [0, 0, 0]
    Size: [216, 256, 291]
  RequestedRegion: 
    Dimension: 3
    Index: [0, 0, 0]
    Size: [216, 256, 291]
  Spacing: [1, 1, 1]
  Origin: [0, 293, 0]
  Direction: 
1 0 0
0 -0 -1
0 -1 -0

  IndexToPointMatrix: 
1 0 0
0 0 -1
0 -1 0

  PointToIndexMatrix: 
1 0 0
0 0 -1
0 -1 0

  Inverse Direction: 
1 0 0
0 0 -1
0 -1 0

  PixelContainer: 
    ImportImageContainer (0x4ec9bc0)
      RTTI typeinfo:   itk::ImportImageContainer<unsigned long, double>
      Reference Count: 1
      Modified Time: 1795
      Debug: Off
      Object Name: 
      Observers: 
        none
      Pointer: 0x7f978a029010
      Container manages memory: true
      Size: 16091136
      Capacity: 16091136

     Moving image = Image (0x4eda2d0)
  RTTI typeinfo:   itk::Image<double, 3u>
  Reference Count: 2
  Modified Time: 1988
  Debug: Off
  Object Name: 
  Observers: 
    none
  Source: (none)
  Source output name: (none)
  Release Data: Off
  Data Released: False
  Global Release Data: Off
  PipelineMTime: 0
  UpdateMTime: 1985
  RealTimeStamp: 0 seconds 
  LargestPossibleRegion: 
    Dimension: 3
    Index: [0, 0, 0]
    Size: [256, 256, 307]
  BufferedRegion: 
    Dimension: 3
    Index: [0, 0, 0]
    Size: [256, 256, 307]
  RequestedRegion: 
    Dimension: 3
    Index: [0, 0, 0]
    Size: [256, 256, 307]
  Spacing: [1, 1, 1]
  Origin: [0, 306, 0]
  Direction: 
1 0 0
0 -0 -1
0 -1 -0

  IndexToPointMatrix: 
1 0 0
0 0 -1
0 -1 0

  PointToIndexMatrix: 
1 0 0
0 0 -1
0 -1 0

  Inverse Direction: 
1 0 0
0 0 -1
0 -1 0

  PixelContainer: 
    ImportImageContainer (0x4ed9c50)
      RTTI typeinfo:   itk::ImportImageContainer<unsigned long, double>
      Reference Count: 1
      Modified Time: 1982
      Debug: Off
      Object Name: 
      Observers: 
        none
      Pointer: 0x7f97806a8010
      Container manages memory: true
      Size: 20119552
      Capacity: 20119552

     Weighting = 1
     Sampling strategy = regular
     Number of bins = 32
     Radius = 4
     Sampling percentage  = 0.25
   Transform = Affine
     Gradient step = 0.1
     Update field sigma (voxel space) = 0
     Total field sigma (voxel space) = 0
     Update field time sigma = 0
     Total field time sigma  = 0
     Number of time indices = 0
     Number of time point samples = 0
Stage 3 State
   Image metric = Mattes
     Fixed image = Image (0x4ee0170)
  RTTI typeinfo:   itk::Image<double, 3u>
  Reference Count: 2
  Modified Time: 2363
  Debug: Off
  Object Name: 
  Observers: 
    none
  Source: (none)
  Source output name: (none)
  Release Data: Off
  Data Released: False
  Global Release Data: Off
  PipelineMTime: 0
  UpdateMTime: 2174
  RealTimeStamp: 0 seconds 
  LargestPossibleRegion: 
    Dimension: 3
    Index: [0, 0, 0]
    Size: [216, 256, 291]
  BufferedRegion: 
    Dimension: 3
    Index: [0, 0, 0]
    Size: [216, 256, 291]
  RequestedRegion: 
    Dimension: 3
    Index: [0, 0, 0]
    Size: [216, 256, 291]
  Spacing: [1, 1, 1]
  Origin: [0, 293, 0]
  Direction: 
1 0 0
0 -0 -1
0 -1 -0

  IndexToPointMatrix: 
1 0 0
0 0 -1
0 -1 0

  PointToIndexMatrix: 
1 0 0
0 0 -1
0 -1 0

  Inverse Direction: 
1 0 0
0 0 -1
0 -1 0

  PixelContainer: 
    ImportImageContainer (0x4edb2d0)
      RTTI typeinfo:   itk::ImportImageContainer<unsigned long, double>
      Reference Count: 1
      Modified Time: 2171
      Debug: Off
      Object Name: 
      Observers: 
        none
      Pointer: 0x7f9778be3010
      Container manages memory: true
      Size: 16091136
      Capacity: 16091136

     Moving image = Image (0x4edfbe0)
  RTTI typeinfo:   itk::Image<double, 3u>
  Reference Count: 2
  Modified Time: 2364
  Debug: Off
  Object Name: 
  Observers: 
    none
  Source: (none)
  Source output name: (none)
  Release Data: Off
  Data Released: False
  Global Release Data: Off
  PipelineMTime: 0
  UpdateMTime: 2361
  RealTimeStamp: 0 seconds 
  LargestPossibleRegion: 
    Dimension: 3
    Index: [0, 0, 0]
    Size: [256, 256, 307]
  BufferedRegion: 
    Dimension: 3
    Index: [0, 0, 0]
    Size: [256, 256, 307]
  RequestedRegion: 
    Dimension: 3
    Index: [0, 0, 0]
    Size: [256, 256, 307]
  Spacing: [1, 1, 1]
  Origin: [0, 306, 0]
  Direction: 
1 0 0
0 -0 -1
0 -1 -0

  IndexToPointMatrix: 
1 0 0
0 0 -1
0 -1 0

  PointToIndexMatrix: 
1 0 0
0 0 -1
0 -1 0

  Inverse Direction: 
1 0 0
0 0 -1
0 -1 0

  PixelContainer: 
    ImportImageContainer (0x4ee1ef0)
      RTTI typeinfo:   itk::ImportImageContainer<unsigned long, double>
      Reference Count: 1
      Modified Time: 2358
      Debug: Off
      Object Name: 
      Observers: 
        none
      Pointer: 0x7f976f262010
      Container manages memory: true
      Size: 20119552
      Capacity: 20119552

     Weighting = 1
     Sampling strategy = none
     Number of bins = 32
     Radius = 4
     Sampling percentage  = 1
   Transform = SyN
     Gradient step = 0.1
     Update field sigma (voxel space) = 3
     Total field sigma (voxel space) = 0
     Update field time sigma = 0
     Total field time sigma  = 0
     Number of time indices = 0
     Number of time point samples = 0
Registration using 3 total stages.

Stage 0
  iterations = 1000x500x250x0
  convergence threshold = 1e-06
  convergence window size = 10
  number of levels = 4
  using the Mattes MI metric (number of bins = 32, weight = 1)
  preprocessing:  winsorizing the image intensities
  Shrink factors (level 1 out of 4): [12, 12, 12]
  Shrink factors (level 2 out of 4): [8, 8, 8]
  Shrink factors (level 3 out of 4): [4, 4, 4]
  Shrink factors (level 4 out of 4): [2, 2, 2]
  smoothing sigmas per level: [4, 3, 2, 1]
  regular sampling (percentage = 0.25)

*** Running Euler3DTransform registration ***

DIAGNOSTIC,Iteration,metricValue,convergenceValue,ITERATION_TIME_INDEX,SINCE_LAST
 2DIAGNOSTIC,     1, -4.612646922446e-01, 1.797693134862e+308, 2.2189e+01, 2.2189e+01, 
 2DIAGNOSTIC,     2, -4.623119335671e-01, 1.797693134862e+308, 2.2199e+01, 1.0267e-02, 
 2DIAGNOSTIC,     3, -4.632674182082e-01, 1.797693134862e+308, 2.2209e+01, 9.9790e-03, 
 2DIAGNOSTIC,     4, -4.640081587509e-01, 1.797693134862e+308, 2.2219e+01, 9.9850e-03, 
 2DIAGNOSTIC,     5, -4.649816326486e-01, 1.797693134862e+308, 2.2229e+01, 1.0030e-02, 
 2DIAGNOSTIC,     6, -4.654030279775e-01, 1.797693134862e+308, 2.2239e+01, 1.0022e-02, 
 2DIAGNOSTIC,     7, -4.654247153137e-01, 1.797693134862e+308, 2.2250e+01, 1.1517e-02, 
 2DIAGNOSTIC,     8, -4.654993401612e-01, 1.797693134862e+308, 2.2267e+01, 1.6113e-02, 
 2DIAGNOSTIC,     9, -4.658152856167e-01, 1.797693134862e+308, 2.2277e+01, 1.0030e-02, 
 2DIAGNOSTIC,    10, -4.662226154548e-01, 6.345137011259e-04, 2.2287e+01, 1.0872e-02, 
 2DIAGNOSTIC,    11, -4.663273425759e-01, 4.539799896243e-04, 2.2298e+01, 1.0633e-02, 
 2DIAGNOSTIC,    12, -4.665614856149e-01, 3.286073776509e-04, 2.2310e+01, 1.2065e-02, 
 2DIAGNOSTIC,    13, -4.665758235622e-01, 2.385910118528e-04, 2.2325e+01, 1.4847e-02, 
 2DIAGNOSTIC,    14, -4.665830057428e-01, 1.715722380776e-04, 2.2335e+01, 1.0486e-02, 
 2DIAGNOSTIC,    15, -4.665910948820e-01, 1.374282421261e-04, 2.2346e+01, 1.0471e-02, 
 2DIAGNOSTIC,    16, -4.666030683916e-01, 1.117581537682e-04, 2.2359e+01, 1.3442e-02, 
 2DIAGNOSTIC,    17, -4.666078183909e-01, 8.009927747619e-05, 2.2370e+01, 1.0430e-02, 
 2DIAGNOSTIC,    18, -4.666148873221e-01, 4.739687782575e-05, 2.2380e+01, 1.0426e-02, 
 2DIAGNOSTIC,    19, -4.668132636244e-01, 3.022972287199e-05, 2.2398e+01, 1.7784e-02, 
 2DIAGNOSTIC,    20, -4.666323287343e-01, 1.887008339747e-05, 2.2410e+01, 1.1894e-02, 
 2DIAGNOSTIC,    21, -4.666332145443e-01, 1.008497121165e-05, 2.2423e+01, 1.3312e-02, 
 2DIAGNOSTIC,    22, -4.666332476739e-01, 7.816882609299e-06, 2.2435e+01, 1.1860e-02, 
 2DIAGNOSTIC,    23, -4.666332573175e-01, 5.432281269001e-06, 2.2447e+01, 1.1874e-02, 
 2DIAGNOSTIC,    24, -4.666332619470e-01, 2.981990434053e-06, 2.2459e+01, 1.1846e-02, 
DIAGNOSTIC,Iteration,metricValue,convergenceValue,ITERATION_TIME_INDEX,SINCE_LAST
 2DIAGNOSTIC,     1, -3.982670972804e-01, 1.797693134862e+308, 3.8656e+01, 1.6197e+01, 
 2DIAGNOSTIC,     2, -3.989190273784e-01, 1.797693134862e+308, 3.8710e+01, 5.4076e-02, 
 2DIAGNOSTIC,     3, -3.998730738477e-01, 1.797693134862e+308, 3.8764e+01, 5.4166e-02, 
 2DIAGNOSTIC,     4, -4.009241593487e-01, 1.797693134862e+308, 3.8818e+01, 5.3955e-02, 
 2DIAGNOSTIC,     5, -4.013181535586e-01, 1.797693134862e+308, 3.8882e+01, 6.4052e-02, 
 2DIAGNOSTIC,     6, -4.016197225145e-01, 1.797693134862e+308, 3.8946e+01, 6.3991e-02, 
 2DIAGNOSTIC,     7, -4.019309395062e-01, 1.797693134862e+308, 3.9030e+01, 8.3968e-02, 
 2DIAGNOSTIC,     8, -4.021393060202e-01, 1.797693134862e+308, 3.9094e+01, 6.3774e-02, 
 2DIAGNOSTIC,     9, -4.021282761968e-01, 1.797693134862e+308, 3.9158e+01, 6.3785e-02, 
 2DIAGNOSTIC,    10, -4.021120903652e-01, 6.241449654047e-04, 3.9212e+01, 5.4519e-02, 
 2DIAGNOSTIC,    11, -4.021103445738e-01, 4.169996268235e-04, 3.9267e+01, 5.4440e-02, 
 2DIAGNOSTIC,    12, -4.021348045086e-01, 2.463480883524e-04, 3.9331e+01, 6.4550e-02, 
 2DIAGNOSTIC,    13, -4.022633045029e-01, 1.375772594347e-04, 3.9396e+01, 6.4449e-02, 
 2DIAGNOSTIC,    14, -4.022850148839e-01, 8.605320087383e-05, 3.9450e+01, 5.4524e-02, 
 2DIAGNOSTIC,    15, -4.024820465510e-01, 6.167409140202e-05, 3.9524e+01, 7.4241e-02, 
 2DIAGNOSTIC,    16, -4.025049939971e-01, 4.881296236919e-05, 3.9599e+01, 7.4380e-02, 
 2DIAGNOSTIC,    17, -4.026037026187e-01, 5.001099409167e-05, 3.9653e+01, 5.4599e-02, 
 2DIAGNOSTIC,    18, -4.030750527916e-01, 7.328781407802e-05, 3.9719e+01, 6.5279e-02, 
 2DIAGNOSTIC,    19, -4.031874652409e-01, 9.078237802060e-05, 3.9773e+01, 5.4676e-02, 
 2DIAGNOSTIC,    20, -4.033102810878e-01, 1.021197127359e-04, 3.9858e+01, 8.4982e-02, 
 2DIAGNOSTIC,    21, -4.031836979045e-01, 9.886606459763e-05, 3.9923e+01, 6.4597e-02, 
 2DIAGNOSTIC,    22, -4.031250675206e-01, 8.582634622049e-05, 3.9978e+01, 5.4722e-02, 
 2DIAGNOSTIC,    23, -4.031043610621e-01, 6.920744850415e-05, 4.0032e+01, 5.4708e-02, 
 2DIAGNOSTIC,    24, -4.031226782841e-01, 4.850295835498e-05, 4.0087e+01, 5.4747e-02, 
 2DIAGNOSTIC,    25, -4.031938391404e-01, 3.274003567560e-05, 4.0152e+01, 6.4552e-02, 
 2DIAGNOSTIC,    26, -4.032601568143e-01, 1.778102898990e-05, 4.0206e+01, 5.4080e-02, 
 2DIAGNOSTIC,    27, -4.032420809269e-01, 4.239865954589e-06, 4.0280e+01, 7.4657e-02, 
 2DIAGNOSTIC,    28, -4.032222863750e-01, 2.756013111942e-06, 4.0345e+01, 6.4784e-02, 
 2DIAGNOSTIC,    29, -4.032395543199e-01, 4.258263420778e-06, 4.0400e+01, 5.4481e-02, 
 2DIAGNOSTIC,    30, -4.032227010403e-01, 7.858136961886e-06, 4.0464e+01, 6.4551e-02, 
 2DIAGNOSTIC,    31, -4.031556995645e-01, 6.187929439620e-06, 4.0519e+01, 5.4369e-02, 
 2DIAGNOSTIC,    32, -4.032328013854e-01, 4.631681844516e-06, 4.0583e+01, 6.4764e-02, 
 2DIAGNOSTIC,    33, -4.033914433174e-01, 5.744829732750e-06, 4.0648e+01, 6.4616e-02, 
 2DIAGNOSTIC,    34, -4.033786818735e-01, 6.321392005394e-06, 4.0703e+01, 5.4855e-02, 
 2DIAGNOSTIC,    35, -4.033513364645e-01, 7.269160089203e-06, 4.0778e+01, 7.4901e-02, 
 2DIAGNOSTIC,    36, -4.033728198343e-01, 9.373800984969e-06, 4.0893e+01, 1.1549e-01, 
 2DIAGNOSTIC,    37, -4.033861294868e-01, 1.042181007043e-05, 4.0958e+01, 6.4449e-02, 
 2DIAGNOSTIC,    38, -4.033807921439e-01, 9.939000810193e-06, 4.1012e+01, 5.4428e-02, 
 2DIAGNOSTIC,    39, -4.033634100459e-01, 8.635576198290e-06, 4.1076e+01, 6.4418e-02, 
 2DIAGNOSTIC,    40, -4.033694130360e-01, 6.575383199609e-06, 4.1131e+01, 5.4761e-02, 
 2DIAGNOSTIC,    41, -4.033275320642e-01, 2.167365516045e-06, 4.1186e+01, 5.4480e-02, 
DIAGNOSTIC,Iteration,metricValue,convergenceValue,ITERATION_TIME_INDEX,SINCE_LAST
 2DIAGNOSTIC,     1, -3.413793534307e-01, 1.797693134862e+308, 5.0574e+01, 9.3886e+00, 
 2DIAGNOSTIC,     2, -3.414720443421e-01, 1.797693134862e+308, 5.1111e+01, 5.3665e-01, 
 2DIAGNOSTIC,     3, -3.414634247285e-01, 1.797693134862e+308, 5.1642e+01, 5.3068e-01, 
 2DIAGNOSTIC,     4, -3.414764986126e-01, 1.797693134862e+308, 5.2179e+01, 5.3686e-01, 
 2DIAGNOSTIC,     5, -3.414674841579e-01, 1.797693134862e+308, 5.2622e+01, 4.4303e-01, 
 2DIAGNOSTIC,     6, -3.415105530666e-01, 1.797693134862e+308, 5.3070e+01, 4.4810e-01, 
 2DIAGNOSTIC,     7, -3.415645663435e-01, 1.797693134862e+308, 5.3513e+01, 4.4316e-01, 
 2DIAGNOSTIC,     8, -3.416953880874e-01, 1.797693134862e+308, 5.3961e+01, 4.4802e-01, 
 2DIAGNOSTIC,     9, -3.418527347033e-01, 1.797693134862e+308, 5.4404e+01, 4.4304e-01, 
 2DIAGNOSTIC,    10, -3.422955707706e-01, 1.246346686201e-04, 5.5118e+01, 7.1448e-01, 
 2DIAGNOSTIC,    11, -3.423215798237e-01, 1.507963391016e-04, 5.5653e+01, 5.3435e-01, 
 2DIAGNOSTIC,    12, -3.423684134736e-01, 1.694039052720e-04, 5.6190e+01, 5.3689e-01, 
 2DIAGNOSTIC,    13, -3.425608499599e-01, 1.820574981165e-04, 5.6728e+01, 5.3790e-01, 
 2DIAGNOSTIC,    14, -3.425928346708e-01, 1.788079276040e-04, 5.7442e+01, 7.1493e-01, 
 2DIAGNOSTIC,    15, -3.425853262424e-01, 1.587169827313e-04, 5.7979e+01, 5.3676e-01, 
 2DIAGNOSTIC,    16, -3.425732304817e-01, 1.286037467190e-04, 5.8516e+01, 5.3650e-01, 
 2DIAGNOSTIC,    17, -3.425703970522e-01, 9.310809964037e-05, 5.9054e+01, 5.3783e-01, 
 2DIAGNOSTIC,    18, -3.425575419524e-01, 5.846709573388e-05, 5.9590e+01, 5.3610e-01, 
 2DIAGNOSTIC,    19, -3.425534624871e-01, 2.837086554592e-05, 6.0039e+01, 4.4954e-01, 
 2DIAGNOSTIC,    20, -3.425359228497e-01, 1.659768752928e-05, 6.0577e+01, 5.3779e-01, 
 2DIAGNOSTIC,    21, -3.425317595419e-01, 5.492278851139e-06, 6.1027e+01, 4.4973e-01, 
DIAGNOSTIC,Iteration,metricValue,convergenceValue,ITERATION_TIME_INDEX,SINCE_LAST
 2DIAGNOSTIC,     1, -2.954010321699e-01, 1.797693134862e+308, 6.9930e+01, 8.9030e+00, 
  Elapsed time (stage 0): 7.1826e+01


Stage 1
  iterations = 1000x500x250x0
  convergence threshold = 1.0000e-06
  convergence window size = 10
  number of levels = 4
  using the Mattes MI metric (number of bins = 32, weight = 1.0000e+00)
  preprocessing:  winsorizing the image intensities
  Shrink factors (level 1 out of 4): [12, 12, 12]
  Shrink factors (level 2 out of 4): [8, 8, 8]
  Shrink factors (level 3 out of 4): [4, 4, 4]
  Shrink factors (level 4 out of 4): [2, 2, 2]
  smoothing sigmas per level: [4, 3, 2, 1]
  regular sampling (percentage = 2.5000e-01)

*** Running AffineTransform registration ***

DIAGNOSTIC,Iteration,metricValue,convergenceValue,ITERATION_TIME_INDEX,SINCE_LAST
 2DIAGNOSTIC,     1, -4.633206382922e-01, 1.797693134862e+308, 2.2323e+01, 2.2323e+01, 
 2DIAGNOSTIC,     2, -4.647281925717e-01, 1.797693134862e+308, 2.2336e+01, 1.3699e-02, 
 2DIAGNOSTIC,     3, -4.673966775855e-01, 1.797693134862e+308, 2.2349e+01, 1.3084e-02, 
 2DIAGNOSTIC,     4, -4.718897750824e-01, 1.797693134862e+308, 2.2363e+01, 1.3442e-02, 
 2DIAGNOSTIC,     5, -4.787374245900e-01, 1.797693134862e+308, 2.2376e+01, 1.3089e-02, 
 2DIAGNOSTIC,     6, -4.915610638422e-01, 1.797693134862e+308, 2.2391e+01, 1.5134e-02, 
 2DIAGNOSTIC,     7, -4.968097823720e-01, 1.797693134862e+308, 2.2406e+01, 1.5364e-02, 
 2DIAGNOSTIC,     8, -5.067370771312e-01, 1.797693134862e+308, 2.2422e+01, 1.5720e-02, 
 2DIAGNOSTIC,     9, -5.219897075131e-01, 1.797693134862e+308, 2.2438e+01, 1.5401e-02, 
 2DIAGNOSTIC,    10, -5.344178588035e-01, 9.432826775992e-03, 2.2454e+01, 1.6484e-02, 
 2DIAGNOSTIC,    11, -5.357853312288e-01, 9.351524774375e-03, 2.2470e+01, 1.6098e-02, 
 2DIAGNOSTIC,    12, -5.384185157978e-01, 8.654108737542e-03, 2.2489e+01, 1.8437e-02, 
 2DIAGNOSTIC,    13, -5.396360956641e-01, 7.466768496487e-03, 2.2505e+01, 1.6055e-02, 
 2DIAGNOSTIC,    14, -5.403988419218e-01, 5.986919797251e-03, 2.2519e+01, 1.4616e-02, 
 2DIAGNOSTIC,    15, -5.406362285995e-01, 4.424929204114e-03, 2.2535e+01, 1.5946e-02, 
 2DIAGNOSTIC,    16, -5.408338851369e-01, 3.127313022179e-03, 2.2553e+01, 1.7791e-02, 
 2DIAGNOSTIC,    17, -5.405700881350e-01, 1.870149003686e-03, 2.2569e+01, 1.5715e-02, 
 2DIAGNOSTIC,    18, -5.406503184822e-01, 8.883547698393e-04, 2.2583e+01, 1.4433e-02, 
 2DIAGNOSTIC,    19, -5.405556256344e-01, 3.658476350672e-04, 2.2599e+01, 1.5813e-02, 
 2DIAGNOSTIC,    20, -5.402135487843e-01, 1.982213602866e-04, 2.2614e+01, 1.4517e-02, 
 2DIAGNOSTIC,    21, -5.403202107879e-01, 6.661405357999e-05, 2.2630e+01, 1.5994e-02, 
 2DIAGNOSTIC,    22, -5.401141096883e-01, 1.408716745775e-06, 2.2646e+01, 1.6146e-02, 
DIAGNOSTIC,Iteration,metricValue,convergenceValue,ITERATION_TIME_INDEX,SINCE_LAST
 2DIAGNOSTIC,     1, -4.487899744297e-01, 1.797693134862e+308, 3.8658e+01, 1.6012e+01, 
 2DIAGNOSTIC,     2, -4.490873467615e-01, 1.797693134862e+308, 3.8741e+01, 8.3052e-02, 
 2DIAGNOSTIC,     3, -4.497648752345e-01, 1.797693134862e+308, 3.8822e+01, 8.0482e-02, 
 2DIAGNOSTIC,     4, -4.497712087144e-01, 1.797693134862e+308, 3.8904e+01, 8.1927e-02, 
 2DIAGNOSTIC,     5, -4.498974488060e-01, 1.797693134862e+308, 3.8984e+01, 8.0931e-02, 
 2DIAGNOSTIC,     6, -4.501997720730e-01, 1.797693134862e+308, 3.9078e+01, 9.3295e-02, 
 2DIAGNOSTIC,     7, -4.502312293494e-01, 1.797693134862e+308, 3.9159e+01, 8.1029e-02, 
 2DIAGNOSTIC,     8, -4.502355600298e-01, 1.797693134862e+308, 3.9241e+01, 8.2152e-02, 
 2DIAGNOSTIC,     9, -4.501735646736e-01, 1.797693134862e+308, 3.9311e+01, 6.9565e-02, 
 2DIAGNOSTIC,    10, -4.501779866931e-01, 1.884340979244e-04, 3.9393e+01, 8.2538e-02, 
 2DIAGNOSTIC,    11, -4.502214203536e-01, 1.143421472240e-04, 3.9475e+01, 8.1710e-02, 
 2DIAGNOSTIC,    12, -4.501654154902e-01, 5.420767886584e-05, 3.9546e+01, 7.1569e-02, 
 2DIAGNOSTIC,    13, -4.502729756913e-01, 3.723699504390e-05, 3.9617e+01, 7.0669e-02, 
 2DIAGNOSTIC,    14, -4.503731812659e-01, 2.427178747699e-05, 3.9700e+01, 8.2595e-02, 
 2DIAGNOSTIC,    15, -4.504425399440e-01, 1.881343678445e-05, 3.9781e+01, 8.1551e-02, 
 2DIAGNOSTIC,    16, -4.505159677012e-01, 2.728273432660e-05, 3.9852e+01, 7.1045e-02, 
 2DIAGNOSTIC,    17, -4.506389857551e-01, 3.816180908453e-05, 3.9934e+01, 8.1563e-02, 
 2DIAGNOSTIC,    18, -4.507355257174e-01, 4.798326048611e-05, 4.0017e+01, 8.3002e-02, 
 2DIAGNOSTIC,    19, -4.509460836141e-01, 5.732435231822e-05, 4.0098e+01, 8.1510e-02, 
 2DIAGNOSTIC,    20, -4.509016753495e-01, 5.914441291995e-05, 4.0169e+01, 7.1166e-02, 
 2DIAGNOSTIC,    21, -4.510161230174e-01, 6.041423897585e-05, 4.0251e+01, 8.1733e-02, 
 2DIAGNOSTIC,    22, -4.511713178124e-01, 5.880450002581e-05, 4.0334e+01, 8.2429e-02, 
 2DIAGNOSTIC,    23, -4.511266954627e-01, 5.349049226335e-05, 4.0415e+01, 8.1793e-02, 
 2DIAGNOSTIC,    24, -4.511022262087e-01, 4.578486568500e-05, 4.0498e+01, 8.2930e-02, 
 2DIAGNOSTIC,    25, -4.511158019757e-01, 3.669579339784e-05, 4.0580e+01, 8.1796e-02, 
 2DIAGNOSTIC,    26, -4.510794347133e-01, 2.581009490137e-05, 4.0663e+01, 8.2777e-02, 
 2DIAGNOSTIC,    27, -4.511526345799e-01, 1.793105355542e-05, 4.0734e+01, 7.0636e-02, 
 2DIAGNOSTIC,    28, -4.511481003170e-01, 1.095680646381e-05, 4.0806e+01, 7.2037e-02, 
 2DIAGNOSTIC,    29, -4.513349936929e-01, 1.231697478119e-05, 4.0967e+01, 1.6129e-01, 
 2DIAGNOSTIC,    30, -4.512936880698e-01, 1.058978686384e-05, 4.1050e+01, 8.3473e-02, 
 2DIAGNOSTIC,    31, -4.512761366832e-01, 1.000872753296e-05, 4.1132e+01, 8.1852e-02, 
 2DIAGNOSTIC,    32, -4.511684593443e-01, 9.612541866245e-06, 4.1215e+01, 8.2734e-02, 
 2DIAGNOSTIC,    33, -4.511850982116e-01, 7.918077648307e-06, 4.1285e+01, 7.0355e-02, 
 2DIAGNOSTIC,    34, -4.511139969077e-01, 3.803773544562e-06, 4.1368e+01, 8.2590e-02, 
DIAGNOSTIC,Iteration,metricValue,convergenceValue,ITERATION_TIME_INDEX,SINCE_LAST
 2DIAGNOSTIC,     1, -3.829100252020e-01, 1.797693134862e+308, 5.0779e+01, 9.4108e+00, 
 2DIAGNOSTIC,     2, -3.832481683280e-01, 1.797693134862e+308, 5.1356e+01, 5.7694e-01, 
 2DIAGNOSTIC,     3, -3.836266071714e-01, 1.797693134862e+308, 5.1915e+01, 5.5931e-01, 
 2DIAGNOSTIC,     4, -3.841109694962e-01, 1.797693134862e+308, 5.2492e+01, 5.7682e-01, 
 2DIAGNOSTIC,     5, -3.849691094681e-01, 1.797693134862e+308, 5.3049e+01, 5.5679e-01, 
 2DIAGNOSTIC,     6, -3.856115240757e-01, 1.797693134862e+308, 5.3714e+01, 6.6583e-01, 
 2DIAGNOSTIC,     7, -3.861871850455e-01, 1.797693134862e+308, 5.4744e+01, 1.0297e+00, 
 2DIAGNOSTIC,     8, -3.862351154232e-01, 1.797693134862e+308, 5.5598e+01, 8.5381e-01, 
 2DIAGNOSTIC,     9, -3.862326952896e-01, 1.797693134862e+308, 5.6434e+01, 8.3611e-01, 
 2DIAGNOSTIC,    10, -3.862394244990e-01, 6.561285177109e-04, 5.7193e+01, 7.5861e-01, 
 2DIAGNOSTIC,    11, -3.862340974574e-01, 5.024150331723e-04, 5.7841e+01, 6.4852e-01, 
 2DIAGNOSTIC,    12, -3.862304226095e-01, 3.499908091721e-04, 5.8598e+01, 7.5726e-01, 
 2DIAGNOSTIC,    13, -3.862278911685e-01, 2.112896838382e-04, 5.9248e+01, 6.4960e-01, 
 2DIAGNOSTIC,    14, -3.862214445223e-01, 9.826013585207e-05, 5.9911e+01, 6.6280e-01, 
 2DIAGNOSTIC,    15, -3.862137981847e-01, 3.286398841676e-05, 6.0464e+01, 5.5320e-01, 
 2DIAGNOSTIC,    16, -3.862172250365e-01, 1.878348218118e-06, 6.1033e+01, 5.6929e-01, 
DIAGNOSTIC,Iteration,metricValue,convergenceValue,ITERATION_TIME_INDEX,SINCE_LAST
 2DIAGNOSTIC,     1, -3.322964297957e-01, 1.797693134862e+308, 7.0871e+01, 9.8380e+00, 
  Elapsed time (stage 1): 7.2775e+01


Stage 2
  iterations = 100x100x70x50x0
  convergence threshold = 1.0000e-06
  convergence window size = 10
  number of levels = 5
  using the Mattes MI metric (number of bins = 32, weight = 1.0000e+00)
  preprocessing:  winsorizing the image intensities
  Shrink factors (level 1 out of 5): [10, 10, 10]
  Shrink factors (level 2 out of 5): [6, 6, 6]
  Shrink factors (level 3 out of 5): [4, 4, 4]
  Shrink factors (level 4 out of 5): [2, 2, 2]
  Shrink factors (level 5 out of 5): [1, 1, 1]
  smoothing sigmas per level: [5, 3, 2, 1, 0]
  Using default NONE metricSamplingStrategy 

*** Running SyN registration (varianceForUpdateField = 3.0000e+00, varianceForTotalField = 0.0000e+00) ***

XXDIAGNOSTIC,Iteration,metricValue,convergenceValue,ITERATION_TIME_INDEX,SINCE_LAST
 1DIAGNOSTIC,     1, -5.177814490219e-01, 1.797693134862e+308, 3.5507e+01, 3.5507e+01, 
 1DIAGNOSTIC,     2, -5.374974339258e-01, 1.797693134862e+308, 3.5646e+01, 1.3985e-01, 
 1DIAGNOSTIC,     3, -5.522018788719e-01, 1.797693134862e+308, 3.5786e+01, 1.3998e-01, 
 1DIAGNOSTIC,     4, -5.607284450184e-01, 1.797693134862e+308, 3.5924e+01, 1.3715e-01, 
 1DIAGNOSTIC,     5, -5.634943088223e-01, 1.797693134862e+308, 3.6061e+01, 1.3714e-01, 
 1DIAGNOSTIC,     6, -5.633511965127e-01, 1.797693134862e+308, 3.6195e+01, 1.3426e-01, 
 1DIAGNOSTIC,     7, -5.630755665445e-01, 1.797693134862e+308, 3.6329e+01, 1.3410e-01, 
 1DIAGNOSTIC,     8, -5.599422682505e-01, 1.797693134862e+308, 3.6464e+01, 1.3452e-01, 
 1DIAGNOSTIC,     9, -5.601275942404e-01, 1.797693134862e+308, 3.6598e+01, 1.3461e-01, 
 1DIAGNOSTIC,    10, -5.566696381690e-01, 3.349323033282e-03, 3.6733e+01, 1.3527e-01, 
 1DIAGNOSTIC,    11, -5.554294080580e-01, 9.226931292425e-04, 3.6869e+01, 1.3535e-01, 
 1DIAGNOSTIC,    12, -5.544691028283e-01, -3.898346354098e-04, 3.7004e+01, 1.3530e-01, 
XXDIAGNOSTIC,Iteration,metricValue,convergenceValue,ITERATION_TIME_INDEX,SINCE_LAST
 1DIAGNOSTIC,     1, -4.370711413819e-01, 1.797693134862e+308, 5.3391e+01, 1.6387e+01, 
 1DIAGNOSTIC,     2, -4.396777185115e-01, 1.797693134862e+308, 5.3942e+01, 5.5092e-01, 
 1DIAGNOSTIC,     3, -4.410589589278e-01, 1.797693134862e+308, 5.4481e+01, 5.3898e-01, 
 1DIAGNOSTIC,     4, -4.413241394897e-01, 1.797693134862e+308, 5.5018e+01, 5.3719e-01, 
 1DIAGNOSTIC,     5, -4.410178701206e-01, 1.797693134862e+308, 5.5555e+01, 5.3688e-01, 
 1DIAGNOSTIC,     6, -4.405253155806e-01, 1.797693134862e+308, 5.6092e+01, 5.3758e-01, 
 1DIAGNOSTIC,     7, -4.398318326942e-01, 1.797693134862e+308, 5.6629e+01, 5.3702e-01, 
 1DIAGNOSTIC,     8, -4.393271323724e-01, 1.797693134862e+308, 5.7169e+01, 5.3938e-01, 
 1DIAGNOSTIC,     9, -4.385234362489e-01, 1.797693134862e+308, 5.7722e+01, 5.5318e-01, 
 1DIAGNOSTIC,    10, -4.377272814789e-01, -1.485012067286e-04, 5.8274e+01, 5.5204e-01, 
XXDIAGNOSTIC,Iteration,metricValue,convergenceValue,ITERATION_TIME_INDEX,SINCE_LAST
 1DIAGNOSTIC,     1, -3.721211107746e-01, 1.797693134862e+308, 6.8806e+01, 1.0533e+01, 
 1DIAGNOSTIC,     2, -3.730101533094e-01, 1.797693134862e+308, 7.0495e+01, 1.6888e+00, 
 1DIAGNOSTIC,     3, -3.738665285732e-01, 1.797693134862e+308, 7.2201e+01, 1.7063e+00, 
 1DIAGNOSTIC,     4, -3.744212338729e-01, 1.797693134862e+308, 7.3899e+01, 1.6972e+00, 
 1DIAGNOSTIC,     5, -3.746722176088e-01, 1.797693134862e+308, 7.5590e+01, 1.6916e+00, 
 1DIAGNOSTIC,     6, -3.747858841478e-01, 1.797693134862e+308, 7.7282e+01, 1.6920e+00, 
 1DIAGNOSTIC,     7, -3.748298115545e-01, 1.797693134862e+308, 7.8974e+01, 1.6914e+00, 
 1DIAGNOSTIC,     8, -3.747487379365e-01, 1.797693134862e+308, 8.0714e+01, 1.7400e+00, 
 1DIAGNOSTIC,     9, -3.744276636642e-01, 1.797693134862e+308, 8.2416e+01, 1.7020e+00, 
 1DIAGNOSTIC,    10, -3.741012902149e-01, 3.106786599353e-04, 8.4164e+01, 1.7482e+00, 
 1DIAGNOSTIC,    11, -3.738461619549e-01, 7.808333630682e-05, 8.5914e+01, 1.7505e+00, 
 1DIAGNOSTIC,    12, -3.737484317183e-01, -7.345313243003e-05, 8.7656e+01, 1.7416e+00, 
XXDIAGNOSTIC,Iteration,metricValue,convergenceValue,ITERATION_TIME_INDEX,SINCE_LAST
 1DIAGNOSTIC,     1, -3.144927862463e-01, 1.797693134862e+308, 1.0678e+02, 1.9122e+01, 
 1DIAGNOSTIC,     2, -3.153634141163e-01, 1.797693134862e+308, 1.1940e+02, 1.2627e+01, 
 1DIAGNOSTIC,     3, -3.162956609877e-01, 1.797693134862e+308, 1.3243e+02, 1.3021e+01, 
 1DIAGNOSTIC,     4, -3.172469813735e-01, 1.797693134862e+308, 1.4506e+02, 1.2638e+01, 
 1DIAGNOSTIC,     5, -3.179326504856e-01, 1.797693134862e+308, 1.5774e+02, 1.2677e+01, 
 1DIAGNOSTIC,     6, -3.185694961128e-01, 1.797693134862e+308, 1.7081e+02, 1.3068e+01, 
 1DIAGNOSTIC,     7, -3.192021327218e-01, 1.797693134862e+308, 1.8345e+02, 1.2639e+01, 
 1DIAGNOSTIC,     8, -3.196288760925e-01, 1.797693134862e+308, 1.9651e+02, 1.3065e+01, 
 1DIAGNOSTIC,     9, -3.200537202522e-01, 1.797693134862e+308, 2.0997e+02, 1.3455e+01, 
 1DIAGNOSTIC,    10, -3.204762136123e-01, 1.204576575766e-03, 2.2342e+02, 1.3450e+01, 
 1DIAGNOSTIC,    11, -3.208558645586e-01, 9.782423032991e-04, 2.3687e+02, 1.3453e+01, 
 1DIAGNOSTIC,    12, -3.211702223392e-01, 7.892949707648e-04, 2.4995e+02, 1.3083e+01, 
 1DIAGNOSTIC,    13, -3.214540372030e-01, 6.408667618501e-04, 2.6342e+02, 1.3462e+01, 
 1DIAGNOSTIC,    14, -3.217305866306e-01, 5.333558129821e-04, 2.7651e+02, 1.3099e+01, 
 1DIAGNOSTIC,    15, -3.219481926771e-01, 4.446774827053e-04, 2.9011e+02, 1.3597e+01, 
 1DIAGNOSTIC,    16, -3.222361374010e-01, 3.772960236013e-04, 3.0364e+02, 1.3525e+01, 
 1DIAGNOSTIC,    17, -3.224335758161e-01, 3.263290252103e-04, 3.1713e+02, 1.3492e+01, 
 1DIAGNOSTIC,    18, -3.225663806627e-01, 2.784282351582e-04, 3.3060e+02, 1.3475e+01, 
 1DIAGNOSTIC,    19, -3.227106469983e-01, 2.363372369576e-04, 3.4409e+02, 1.3484e+01, 
 1DIAGNOSTIC,    20, -3.228922858733e-01, 2.031865910938e-04, 3.5768e+02, 1.3591e+01, 
 1DIAGNOSTIC,    21, -3.230388803311e-01, 1.763235675127e-04, 3.7122e+02, 1.3541e+01, 
 1DIAGNOSTIC,    22, -3.231605099511e-01, 1.529603478990e-04, 3.8474e+02, 1.3517e+01, 
 1DIAGNOSTIC,    23, -3.232946821008e-01, 1.334849343115e-04, 3.9820e+02, 1.3462e+01, 
 1DIAGNOSTIC,    24, -3.234107896069e-01, 1.176590992221e-04, 4.1168e+02, 1.3480e+01, 
 1DIAGNOSTIC,    25, -3.235035528549e-01, 1.029256787859e-04, 4.2516e+02, 1.3485e+01, 
 1DIAGNOSTIC,    26, -3.235752908750e-01, 9.188689412084e-05, 4.3863e+02, 1.3466e+01, 
 1DIAGNOSTIC,    27, -3.236333052601e-01, 8.147579093758e-05, 4.5208e+02, 1.3456e+01, 
 1DIAGNOSTIC,    28, -3.237018113067e-01, 7.054696891169e-05, 4.6561e+02, 1.3526e+01, 
 1DIAGNOSTIC,    29, -3.237813266021e-01, 6.052312987051e-05, 4.7916e+02, 1.3550e+01, 
 1DIAGNOSTIC,    30, -3.237988386962e-01, 5.133332083752e-05, 4.9270e+02, 1.3543e+01, 
 1DIAGNOSTIC,    31, -3.238617153581e-01, 4.395742303961e-05, 5.0617e+02, 1.3469e+01, 
 1DIAGNOSTIC,    32, -3.238838183450e-01, 3.687730279764e-05, 5.1966e+02, 1.3482e+01, 
 1DIAGNOSTIC,    33, -3.239449850125e-01, 3.200025235382e-05, 5.3311e+02, 1.3459e+01, 
 1DIAGNOSTIC,    34, -3.240024048954e-01, 2.890195374673e-05, 5.4662e+02, 1.3505e+01, 
 1DIAGNOSTIC,    35, -3.240359992542e-01, 2.647611130686e-05, 5.6008e+02, 1.3456e+01, 
 1DIAGNOSTIC,    36, -3.240846062044e-01, 2.470931339764e-05, 5.7365e+02, 1.3575e+01, 
 1DIAGNOSTIC,    37, -3.240847650958e-01, 2.212299905981e-05, 5.8720e+02, 1.3545e+01, 
 1DIAGNOSTIC,    38, -3.241351777355e-01, 2.038495670439e-05, 6.0074e+02, 1.3545e+01, 
 1DIAGNOSTIC,    39, -3.241474722149e-01, 1.892293595508e-05, 6.1418e+02, 1.3444e+01, 
 1DIAGNOSTIC,    40, -3.241779502145e-01, 1.684033591293e-05, 6.2762e+02, 1.3438e+01, 
 1DIAGNOSTIC,    41, -3.242284071176e-01, 1.577413107887e-05, 6.4113e+02, 1.3512e+01, 
 1DIAGNOSTIC,    42, -3.242554970391e-01, 1.432442443070e-05, 6.5465e+02, 1.3512e+01, 
 1DIAGNOSTIC,    43, -3.242890105890e-01, 1.356948845540e-05, 6.6811e+02, 1.3461e+01, 
 1DIAGNOSTIC,    44, -3.242936853615e-01, 1.285469916137e-05, 6.8163e+02, 1.3523e+01, 
 1DIAGNOSTIC,    45, -3.243373053451e-01, 1.251411767350e-05, 6.9511e+02, 1.3483e+01, 
 1DIAGNOSTIC,    46, -3.243140478362e-01, 1.152799164250e-05, 7.0860e+02, 1.3488e+01, 
 1DIAGNOSTIC,    47, -3.243186121854e-01, 9.630140861364e-06, 7.2209e+02, 1.3492e+01, 
 1DIAGNOSTIC,    48, -3.242893790907e-01, 7.352383672880e-06, 7.3563e+02, 1.3532e+01, 
 1DIAGNOSTIC,    49, -3.242360466307e-01, 3.794931390053e-06, 7.4916e+02, 1.3533e+01, 
 1DIAGNOSTIC,    50, -3.241822486176e-01, -3.315603241093e-07, 7.6262e+02, 1.3456e+01, 
  Elapsed time (stage 2): 783.4


Total elapsed time: 928

--- Writing output images ---

Using double precision for computations.
Input scalar image: data/Segmentations/1014_3_seg.nii.gz
Reference image: data/template/T_template0_BrainCerebellum.nii.gz
=============================================================================
The composite transform comprises the following transforms (in order): 
  1. /tmp/1971321.1.basic.q/1014_ToTemplate_014_0GenericAffine.mat (type = AffineTransform)
  2. /tmp/1971321.1.basic.q/1014_ToTemplate_014_1Warp.nii.gz (type = DisplacementFieldTransform)
=============================================================================
Default pixel value: 0
Interpolation type: LabelImageGenericInterpolateImageFunction
Output warped image: output/1014/1014_WarpedLabels_014.nii.gz

--- Done ---

