
--- Running on compute-2-7.local ---


--- registration call ---
/data/jet/pcook/bin/antsBuild/bin/antsRegistrationSyNQuick.sh -d 3 -f data/template/T_template0_BrainCerebellum.nii.gz -m data/Brains/1014_3.nii.gz -t s -p d -n 2 -o /tmp/1971332.1.basic.q/1014_ToTemplate_025_
---


--------------------------------------------------------------------------------------
 Mapping parameters
--------------------------------------------------------------------------------------
 ANTSPATH is /data/jet/pcook/bin/antsBuild/bin/

 Dimensionality:           3
 Output name prefix:       /tmp/1971332.1.basic.q/1014_ToTemplate_025_
 Fixed images:             data/template/T_template0_BrainCerebellum.nii.gz
 Moving images:            data/Brains/1014_3.nii.gz
 Mask images:              
 Initial transforms:       
 Number of threads:        2
 Spline distance:          26
 Transform type:           s
 MI histogram bins:        32
 Precision:                d
 Use histogram matching    0
======================================================================================
 antsRegistration call:
--------------------------------------------------------------------------------------
/data/jet/pcook/bin/antsBuild/bin//antsRegistration --verbose 1 --dimensionality 3 --float 0 --collapse-output-transforms 1 --output [/tmp/1971332.1.basic.q/1014_ToTemplate_025_,/tmp/1971332.1.basic.q/1014_ToTemplate_025_Warped.nii.gz,/tmp/1971332.1.basic.q/1014_ToTemplate_025_InverseWarped.nii.gz] --interpolation Linear --use-histogram-matching 0 --winsorize-image-intensities [0.005,0.995] --initial-moving-transform [data/template/T_template0_BrainCerebellum.nii.gz,data/Brains/1014_3.nii.gz,1] --transform Rigid[0.1] --metric MI[data/template/T_template0_BrainCerebellum.nii.gz,data/Brains/1014_3.nii.gz,1,32,Regular,0.25] --convergence [1000x500x250x0,1e-6,10] --shrink-factors 12x8x4x2 --smoothing-sigmas 4x3x2x1vox --transform Affine[0.1] --metric MI[data/template/T_template0_BrainCerebellum.nii.gz,data/Brains/1014_3.nii.gz,1,32,Regular,0.25] --convergence [1000x500x250x0,1e-6,10] --shrink-factors 12x8x4x2 --smoothing-sigmas 4x3x2x1vox --transform SyN[0.1,3,0] --metric MI[data/template/T_template0_BrainCerebellum.nii.gz,data/Brains/1014_3.nii.gz,1,32] --convergence [100x100x70x50x0,1e-6,10] --shrink-factors 10x6x4x2x1 --smoothing-sigmas 5x3x2x1x0vox
--------------------------------------------------------------------------------------
All_Command_lines_OK
Using double precision for computations.
=============================================================================
The composite transform comprises the following transforms (in order): 
  1. Center of mass alignment using fixed image: data/template/T_template0_BrainCerebellum.nii.gz and moving image: data/Brains/1014_3.nii.gz (type = Euler3DTransform)
=============================================================================
  number of levels = 4
  number of levels = 4
  number of levels = 5
  fixed image: data/template/T_template0_BrainCerebellum.nii.gz
  moving image: data/Brains/1014_3.nii.gz
  fixed image: data/template/T_template0_BrainCerebellum.nii.gz
  moving image: data/Brains/1014_3.nii.gz
  fixed image: data/template/T_template0_BrainCerebellum.nii.gz
  moving image: data/Brains/1014_3.nii.gz
Dimension = 3
Number of stages = 3
Use Histogram Matching false
Winsorize image intensities true
Lower quantile = 0.005
Upper quantile = 0.995
Stage 1 State
   Image metric = Mattes
     Fixed image = Image (0x4a59f40)
  RTTI typeinfo:   itk::Image<double, 3u>
  Reference Count: 2
  Modified Time: 1611
  Debug: Off
  Object Name: 
  Observers: 
    none
  Source: (none)
  Source output name: (none)
  Release Data: Off
  Data Released: False
  Global Release Data: Off
  PipelineMTime: 0
  UpdateMTime: 1422
  RealTimeStamp: 0 seconds 
  LargestPossibleRegion: 
    Dimension: 3
    Index: [0, 0, 0]
    Size: [216, 256, 291]
  BufferedRegion: 
    Dimension: 3
    Index: [0, 0, 0]
    Size: [216, 256, 291]
  RequestedRegion: 
    Dimension: 3
    Index: [0, 0, 0]
    Size: [216, 256, 291]
  Spacing: [1, 1, 1]
  Origin: [0, 293, 0]
  Direction: 
1 0 0
0 -0 -1
0 -1 -0

  IndexToPointMatrix: 
1 0 0
0 0 -1
0 -1 0

  PointToIndexMatrix: 
1 0 0
0 0 -1
0 -1 0

  Inverse Direction: 
1 0 0
0 0 -1
0 -1 0

  PixelContainer: 
    ImportImageContainer (0x4a5da40)
      RTTI typeinfo:   itk::ImportImageContainer<unsigned long, double>
      Reference Count: 1
      Modified Time: 1419
      Debug: Off
      Object Name: 
      Observers: 
        none
      Pointer: 0x7f7f6f8b5010
      Container manages memory: true
      Size: 16091136
      Capacity: 16091136

     Moving image = Image (0x4a5bfa0)
  RTTI typeinfo:   itk::Image<double, 3u>
  Reference Count: 2
  Modified Time: 1612
  Debug: Off
  Object Name: 
  Observers: 
    none
  Source: (none)
  Source output name: (none)
  Release Data: Off
  Data Released: False
  Global Release Data: Off
  PipelineMTime: 0
  UpdateMTime: 1609
  RealTimeStamp: 0 seconds 
  LargestPossibleRegion: 
    Dimension: 3
    Index: [0, 0, 0]
    Size: [256, 256, 307]
  BufferedRegion: 
    Dimension: 3
    Index: [0, 0, 0]
    Size: [256, 256, 307]
  RequestedRegion: 
    Dimension: 3
    Index: [0, 0, 0]
    Size: [256, 256, 307]
  Spacing: [1, 1, 1]
  Origin: [0, 306, 0]
  Direction: 
1 0 0
0 -0 -1
0 -1 -0

  IndexToPointMatrix: 
1 0 0
0 0 -1
0 -1 0

  PointToIndexMatrix: 
1 0 0
0 0 -1
0 -1 0

  Inverse Direction: 
1 0 0
0 0 -1
0 -1 0

  PixelContainer: 
    ImportImageContainer (0x4a4cf60)
      RTTI typeinfo:   itk::ImportImageContainer<unsigned long, double>
      Reference Count: 1
      Modified Time: 1606
      Debug: Off
      Object Name: 
      Observers: 
        none
      Pointer: 0x7f7f65f34010
      Container manages memory: true
      Size: 20119552
      Capacity: 20119552

     Weighting = 1
     Sampling strategy = regular
     Number of bins = 32
     Radius = 4
     Sampling percentage  = 0.25
   Transform = Rigid
     Gradient step = 0.1
     Update field sigma (voxel space) = 0
     Total field sigma (voxel space) = 0
     Update field time sigma = 0
     Total field time sigma  = 0
     Number of time indices = 0
     Number of time point samples = 0
Stage 2 State
   Image metric = Mattes
     Fixed image = Image (0x4a60950)
  RTTI typeinfo:   itk::Image<double, 3u>
  Reference Count: 2
  Modified Time: 1987
  Debug: Off
  Object Name: 
  Observers: 
    none
  Source: (none)
  Source output name: (none)
  Release Data: Off
  Data Released: False
  Global Release Data: Off
  PipelineMTime: 0
  UpdateMTime: 1798
  RealTimeStamp: 0 seconds 
  LargestPossibleRegion: 
    Dimension: 3
    Index: [0, 0, 0]
    Size: [216, 256, 291]
  BufferedRegion: 
    Dimension: 3
    Index: [0, 0, 0]
    Size: [216, 256, 291]
  RequestedRegion: 
    Dimension: 3
    Index: [0, 0, 0]
    Size: [216, 256, 291]
  Spacing: [1, 1, 1]
  Origin: [0, 293, 0]
  Direction: 
1 0 0
0 -0 -1
0 -1 -0

  IndexToPointMatrix: 
1 0 0
0 0 -1
0 -1 0

  PointToIndexMatrix: 
1 0 0
0 0 -1
0 -1 0

  Inverse Direction: 
1 0 0
0 0 -1
0 -1 0

  PixelContainer: 
    ImportImageContainer (0x4a5cbc0)
      RTTI typeinfo:   itk::ImportImageContainer<unsigned long, double>
      Reference Count: 1
      Modified Time: 1795
      Debug: Off
      Object Name: 
      Observers: 
        none
      Pointer: 0x7f7f5e46f010
      Container manages memory: true
      Size: 16091136
      Capacity: 16091136

     Moving image = Image (0x4a6d2d0)
  RTTI typeinfo:   itk::Image<double, 3u>
  Reference Count: 2
  Modified Time: 1988
  Debug: Off
  Object Name: 
  Observers: 
    none
  Source: (none)
  Source output name: (none)
  Release Data: Off
  Data Released: False
  Global Release Data: Off
  PipelineMTime: 0
  UpdateMTime: 1985
  RealTimeStamp: 0 seconds 
  LargestPossibleRegion: 
    Dimension: 3
    Index: [0, 0, 0]
    Size: [256, 256, 307]
  BufferedRegion: 
    Dimension: 3
    Index: [0, 0, 0]
    Size: [256, 256, 307]
  RequestedRegion: 
    Dimension: 3
    Index: [0, 0, 0]
    Size: [256, 256, 307]
  Spacing: [1, 1, 1]
  Origin: [0, 306, 0]
  Direction: 
1 0 0
0 -0 -1
0 -1 -0

  IndexToPointMatrix: 
1 0 0
0 0 -1
0 -1 0

  PointToIndexMatrix: 
1 0 0
0 0 -1
0 -1 0

  Inverse Direction: 
1 0 0
0 0 -1
0 -1 0

  PixelContainer: 
    ImportImageContainer (0x4a6cc50)
      RTTI typeinfo:   itk::ImportImageContainer<unsigned long, double>
      Reference Count: 1
      Modified Time: 1982
      Debug: Off
      Object Name: 
      Observers: 
        none
      Pointer: 0x7f7f54aee010
      Container manages memory: true
      Size: 20119552
      Capacity: 20119552

     Weighting = 1
     Sampling strategy = regular
     Number of bins = 32
     Radius = 4
     Sampling percentage  = 0.25
   Transform = Affine
     Gradient step = 0.1
     Update field sigma (voxel space) = 0
     Total field sigma (voxel space) = 0
     Update field time sigma = 0
     Total field time sigma  = 0
     Number of time indices = 0
     Number of time point samples = 0
Stage 3 State
   Image metric = Mattes
     Fixed image = Image (0x4a73170)
  RTTI typeinfo:   itk::Image<double, 3u>
  Reference Count: 2
  Modified Time: 2363
  Debug: Off
  Object Name: 
  Observers: 
    none
  Source: (none)
  Source output name: (none)
  Release Data: Off
  Data Released: False
  Global Release Data: Off
  PipelineMTime: 0
  UpdateMTime: 2174
  RealTimeStamp: 0 seconds 
  LargestPossibleRegion: 
    Dimension: 3
    Index: [0, 0, 0]
    Size: [216, 256, 291]
  BufferedRegion: 
    Dimension: 3
    Index: [0, 0, 0]
    Size: [216, 256, 291]
  RequestedRegion: 
    Dimension: 3
    Index: [0, 0, 0]
    Size: [216, 256, 291]
  Spacing: [1, 1, 1]
  Origin: [0, 293, 0]
  Direction: 
1 0 0
0 -0 -1
0 -1 -0

  IndexToPointMatrix: 
1 0 0
0 0 -1
0 -1 0

  PointToIndexMatrix: 
1 0 0
0 0 -1
0 -1 0

  Inverse Direction: 
1 0 0
0 0 -1
0 -1 0

  PixelContainer: 
    ImportImageContainer (0x4a6e2d0)
      RTTI typeinfo:   itk::ImportImageContainer<unsigned long, double>
      Reference Count: 1
      Modified Time: 2171
      Debug: Off
      Object Name: 
      Observers: 
        none
      Pointer: 0x7f7f4d029010
      Container manages memory: true
      Size: 16091136
      Capacity: 16091136

     Moving image = Image (0x4a72be0)
  RTTI typeinfo:   itk::Image<double, 3u>
  Reference Count: 2
  Modified Time: 2364
  Debug: Off
  Object Name: 
  Observers: 
    none
  Source: (none)
  Source output name: (none)
  Release Data: Off
  Data Released: False
  Global Release Data: Off
  PipelineMTime: 0
  UpdateMTime: 2361
  RealTimeStamp: 0 seconds 
  LargestPossibleRegion: 
    Dimension: 3
    Index: [0, 0, 0]
    Size: [256, 256, 307]
  BufferedRegion: 
    Dimension: 3
    Index: [0, 0, 0]
    Size: [256, 256, 307]
  RequestedRegion: 
    Dimension: 3
    Index: [0, 0, 0]
    Size: [256, 256, 307]
  Spacing: [1, 1, 1]
  Origin: [0, 306, 0]
  Direction: 
1 0 0
0 -0 -1
0 -1 -0

  IndexToPointMatrix: 
1 0 0
0 0 -1
0 -1 0

  PointToIndexMatrix: 
1 0 0
0 0 -1
0 -1 0

  Inverse Direction: 
1 0 0
0 0 -1
0 -1 0

  PixelContainer: 
    ImportImageContainer (0x4a74ef0)
      RTTI typeinfo:   itk::ImportImageContainer<unsigned long, double>
      Reference Count: 1
      Modified Time: 2358
      Debug: Off
      Object Name: 
      Observers: 
        none
      Pointer: 0x7f7f436a8010
      Container manages memory: true
      Size: 20119552
      Capacity: 20119552

     Weighting = 1
     Sampling strategy = none
     Number of bins = 32
     Radius = 4
     Sampling percentage  = 1
   Transform = SyN
     Gradient step = 0.1
     Update field sigma (voxel space) = 3
     Total field sigma (voxel space) = 0
     Update field time sigma = 0
     Total field time sigma  = 0
     Number of time indices = 0
     Number of time point samples = 0
Registration using 3 total stages.

Stage 0
  iterations = 1000x500x250x0
  convergence threshold = 1e-06
  convergence window size = 10
  number of levels = 4
  using the Mattes MI metric (number of bins = 32, weight = 1)
  preprocessing:  winsorizing the image intensities
  Shrink factors (level 1 out of 4): [12, 12, 12]
  Shrink factors (level 2 out of 4): [8, 8, 8]
  Shrink factors (level 3 out of 4): [4, 4, 4]
  Shrink factors (level 4 out of 4): [2, 2, 2]
  smoothing sigmas per level: [4, 3, 2, 1]
  regular sampling (percentage = 0.25)

*** Running Euler3DTransform registration ***

DIAGNOSTIC,Iteration,metricValue,convergenceValue,ITERATION_TIME_INDEX,SINCE_LAST
 2DIAGNOSTIC,     1, -4.612646922446e-01, 1.797693134862e+308, 2.2214e+01, 2.2214e+01, 
 2DIAGNOSTIC,     2, -4.623119335671e-01, 1.797693134862e+308, 2.2225e+01, 1.0174e-02, 
 2DIAGNOSTIC,     3, -4.632674182082e-01, 1.797693134862e+308, 2.2234e+01, 9.8870e-03, 
 2DIAGNOSTIC,     4, -4.640081587509e-01, 1.797693134862e+308, 2.2244e+01, 9.9111e-03, 
 2DIAGNOSTIC,     5, -4.649816326486e-01, 1.797693134862e+308, 2.2254e+01, 9.9549e-03, 
 2DIAGNOSTIC,     6, -4.654030279775e-01, 1.797693134862e+308, 2.2264e+01, 9.9289e-03, 
 2DIAGNOSTIC,     7, -4.654247153137e-01, 1.797693134862e+308, 2.2276e+01, 1.1498e-02, 
 2DIAGNOSTIC,     8, -4.654993401612e-01, 1.797693134862e+308, 2.2292e+01, 1.6014e-02, 
 2DIAGNOSTIC,     9, -4.658152856167e-01, 1.797693134862e+308, 2.2302e+01, 9.9490e-03, 
 2DIAGNOSTIC,    10, -4.662226154548e-01, 6.345137011259e-04, 2.2312e+01, 1.0753e-02, 
 2DIAGNOSTIC,    11, -4.663273425759e-01, 4.539799896243e-04, 2.2323e+01, 1.0555e-02, 
 2DIAGNOSTIC,    12, -4.665614856149e-01, 3.286073776509e-04, 2.2335e+01, 1.2033e-02, 
 2DIAGNOSTIC,    13, -4.665758235622e-01, 2.385910118528e-04, 2.2350e+01, 1.4797e-02, 
 2DIAGNOSTIC,    14, -4.665830057428e-01, 1.715722380776e-04, 2.2360e+01, 1.0437e-02, 
 2DIAGNOSTIC,    15, -4.665910948820e-01, 1.374282421261e-04, 2.2371e+01, 1.0419e-02, 
 2DIAGNOSTIC,    16, -4.666030683916e-01, 1.117581537682e-04, 2.2384e+01, 1.3442e-02, 
 2DIAGNOSTIC,    17, -4.666078183909e-01, 8.009927747619e-05, 2.2395e+01, 1.0360e-02, 
 2DIAGNOSTIC,    18, -4.666148873221e-01, 4.739687782575e-05, 2.2405e+01, 1.0374e-02, 
 2DIAGNOSTIC,    19, -4.668132636244e-01, 3.022972287199e-05, 2.2423e+01, 1.7668e-02, 
 2DIAGNOSTIC,    20, -4.666323287343e-01, 1.887008339747e-05, 2.2434e+01, 1.1841e-02, 
 2DIAGNOSTIC,    21, -4.666332145443e-01, 1.008497121165e-05, 2.2448e+01, 1.3263e-02, 
 2DIAGNOSTIC,    22, -4.666332476739e-01, 7.816882609299e-06, 2.2459e+01, 1.1809e-02, 
 2DIAGNOSTIC,    23, -4.666332573175e-01, 5.432281269001e-06, 2.2471e+01, 1.1795e-02, 
 2DIAGNOSTIC,    24, -4.666332619470e-01, 2.981990434053e-06, 2.2483e+01, 1.1812e-02, 
DIAGNOSTIC,Iteration,metricValue,convergenceValue,ITERATION_TIME_INDEX,SINCE_LAST
 2DIAGNOSTIC,     1, -3.982670972804e-01, 1.797693134862e+308, 3.8512e+01, 1.6029e+01, 
 2DIAGNOSTIC,     2, -3.989190273784e-01, 1.797693134862e+308, 3.8567e+01, 5.4436e-02, 
 2DIAGNOSTIC,     3, -3.998730738477e-01, 1.797693134862e+308, 3.8621e+01, 5.4879e-02, 
 2DIAGNOSTIC,     4, -4.009241593487e-01, 1.797693134862e+308, 3.8676e+01, 5.4177e-02, 
 2DIAGNOSTIC,     5, -4.013181535586e-01, 1.797693134862e+308, 3.8740e+01, 6.4494e-02, 
 2DIAGNOSTIC,     6, -4.016197225145e-01, 1.797693134862e+308, 3.8805e+01, 6.4643e-02, 
 2DIAGNOSTIC,     7, -4.019309395062e-01, 1.797693134862e+308, 3.8891e+01, 8.6205e-02, 
 2DIAGNOSTIC,     8, -4.021393060202e-01, 1.797693134862e+308, 3.8957e+01, 6.5688e-02, 
 2DIAGNOSTIC,     9, -4.021282761968e-01, 1.797693134862e+308, 3.9021e+01, 6.4429e-02, 
 2DIAGNOSTIC,    10, -4.021120903652e-01, 6.241449654047e-04, 3.9076e+01, 5.4788e-02, 
 2DIAGNOSTIC,    11, -4.021103445738e-01, 4.169996268235e-04, 3.9131e+01, 5.4686e-02, 
 2DIAGNOSTIC,    12, -4.021348045086e-01, 2.463480883524e-04, 3.9196e+01, 6.5117e-02, 
 2DIAGNOSTIC,    13, -4.022633045029e-01, 1.375772594347e-04, 3.9261e+01, 6.5143e-02, 
 2DIAGNOSTIC,    14, -4.022850148839e-01, 8.605320087383e-05, 3.9316e+01, 5.5107e-02, 
 2DIAGNOSTIC,    15, -4.024820465510e-01, 6.167409140202e-05, 3.9392e+01, 7.6547e-02, 
 2DIAGNOSTIC,    16, -4.025049939971e-01, 4.881296236919e-05, 3.9469e+01, 7.6778e-02, 
 2DIAGNOSTIC,    17, -4.026037026187e-01, 5.001099409167e-05, 3.9524e+01, 5.4795e-02, 
 2DIAGNOSTIC,    18, -4.030750527916e-01, 7.328781407802e-05, 3.9589e+01, 6.4916e-02, 
 2DIAGNOSTIC,    19, -4.031874652409e-01, 9.078237802060e-05, 3.9644e+01, 5.4733e-02, 
 2DIAGNOSTIC,    20, -4.033102810878e-01, 1.021197127359e-04, 3.9729e+01, 8.5083e-02, 
 2DIAGNOSTIC,    21, -4.031836979045e-01, 9.886606459763e-05, 3.9793e+01, 6.4658e-02, 
 2DIAGNOSTIC,    22, -4.031250675206e-01, 8.582634622049e-05, 3.9848e+01, 5.4689e-02, 
 2DIAGNOSTIC,    23, -4.031043610621e-01, 6.920744850415e-05, 3.9903e+01, 5.4480e-02, 
 2DIAGNOSTIC,    24, -4.031226782841e-01, 4.850295835498e-05, 3.9957e+01, 5.4492e-02, 
 2DIAGNOSTIC,    25, -4.031938391404e-01, 3.274003567560e-05, 4.0022e+01, 6.4760e-02, 
 2DIAGNOSTIC,    26, -4.032601568143e-01, 1.778102898990e-05, 4.0076e+01, 5.4041e-02, 
 2DIAGNOSTIC,    27, -4.032420809269e-01, 4.239865954589e-06, 4.0151e+01, 7.4703e-02, 
 2DIAGNOSTIC,    28, -4.032222863750e-01, 2.756013111942e-06, 4.0215e+01, 6.4667e-02, 
 2DIAGNOSTIC,    29, -4.032395543199e-01, 4.258263420778e-06, 4.0270e+01, 5.4397e-02, 
 2DIAGNOSTIC,    30, -4.032227010403e-01, 7.858136961886e-06, 4.0334e+01, 6.4606e-02, 
 2DIAGNOSTIC,    31, -4.031556995645e-01, 6.187929439620e-06, 4.0389e+01, 5.4447e-02, 
 2DIAGNOSTIC,    32, -4.032328013854e-01, 4.631681844516e-06, 4.0454e+01, 6.4942e-02, 
 2DIAGNOSTIC,    33, -4.033914433174e-01, 5.744829732750e-06, 4.0519e+01, 6.5099e-02, 
 2DIAGNOSTIC,    34, -4.033786818735e-01, 6.321392005394e-06, 4.0574e+01, 5.5002e-02, 
 2DIAGNOSTIC,    35, -4.033513364645e-01, 7.269160089203e-06, 4.0651e+01, 7.6834e-02, 
 2DIAGNOSTIC,    36, -4.033728198343e-01, 9.373800984969e-06, 4.0769e+01, 1.1812e-01, 
 2DIAGNOSTIC,    37, -4.033861294868e-01, 1.042181007043e-05, 4.0833e+01, 6.4520e-02, 
 2DIAGNOSTIC,    38, -4.033807921439e-01, 9.939000810193e-06, 4.0888e+01, 5.4373e-02, 
 2DIAGNOSTIC,    39, -4.033634100459e-01, 8.635576198290e-06, 4.0952e+01, 6.4677e-02, 
 2DIAGNOSTIC,    40, -4.033694130360e-01, 6.575383199609e-06, 4.1007e+01, 5.4966e-02, 
 2DIAGNOSTIC,    41, -4.033275320642e-01, 2.167365516045e-06, 4.1062e+01, 5.4843e-02, 
DIAGNOSTIC,Iteration,metricValue,convergenceValue,ITERATION_TIME_INDEX,SINCE_LAST
 2DIAGNOSTIC,     1, -3.413793534307e-01, 1.797693134862e+308, 5.0473e+01, 9.4109e+00, 
 2DIAGNOSTIC,     2, -3.414720443421e-01, 1.797693134862e+308, 5.1010e+01, 5.3681e-01, 
 2DIAGNOSTIC,     3, -3.414634247285e-01, 1.797693134862e+308, 5.1548e+01, 5.3822e-01, 
 2DIAGNOSTIC,     4, -3.414764986126e-01, 1.797693134862e+308, 5.2084e+01, 5.3550e-01, 
 2DIAGNOSTIC,     5, -3.414674841579e-01, 1.797693134862e+308, 5.2533e+01, 4.4983e-01, 
 2DIAGNOSTIC,     6, -3.415105530666e-01, 1.797693134862e+308, 5.2980e+01, 4.4675e-01, 
 2DIAGNOSTIC,     7, -3.415645663435e-01, 1.797693134862e+308, 5.3427e+01, 4.4674e-01, 
 2DIAGNOSTIC,     8, -3.416953880874e-01, 1.797693134862e+308, 5.3874e+01, 4.4675e-01, 
 2DIAGNOSTIC,     9, -3.418527347033e-01, 1.797693134862e+308, 5.4317e+01, 4.4387e-01, 
 2DIAGNOSTIC,    10, -3.422955707706e-01, 1.246346686201e-04, 5.5035e+01, 7.1775e-01, 
 2DIAGNOSTIC,    11, -3.423215798237e-01, 1.507963391016e-04, 5.5570e+01, 5.3482e-01, 
 2DIAGNOSTIC,    12, -3.423684134736e-01, 1.694039052720e-04, 5.6105e+01, 5.3455e-01, 
 2DIAGNOSTIC,    13, -3.425608499599e-01, 1.820574981165e-04, 5.6647e+01, 5.4270e-01, 
 2DIAGNOSTIC,    14, -3.425928346708e-01, 1.788079276040e-04, 5.7358e+01, 7.1056e-01, 
 2DIAGNOSTIC,    15, -3.425853262424e-01, 1.587169827314e-04, 5.7901e+01, 5.4344e-01, 
 2DIAGNOSTIC,    16, -3.425732304817e-01, 1.286037467191e-04, 5.8436e+01, 5.3494e-01, 
 2DIAGNOSTIC,    17, -3.425703970522e-01, 9.310809964044e-05, 5.8975e+01, 5.3845e-01, 
 2DIAGNOSTIC,    18, -3.425575419524e-01, 5.846709573396e-05, 5.9515e+01, 5.4078e-01, 
 2DIAGNOSTIC,    19, -3.425534624871e-01, 2.837086554600e-05, 5.9960e+01, 4.4500e-01, 
 2DIAGNOSTIC,    20, -3.425359228497e-01, 1.659768752930e-05, 6.0504e+01, 5.4370e-01, 
 2DIAGNOSTIC,    21, -3.425317595419e-01, 5.492278851126e-06, 6.0950e+01, 4.4551e-01, 
DIAGNOSTIC,Iteration,metricValue,convergenceValue,ITERATION_TIME_INDEX,SINCE_LAST
 2DIAGNOSTIC,     1, -2.954010321699e-01, 1.797693134862e+308, 6.9771e+01, 8.8209e+00, 
  Elapsed time (stage 0): 7.1666e+01


Stage 1
  iterations = 1000x500x250x0
  convergence threshold = 1.0000e-06
  convergence window size = 10
  number of levels = 4
  using the Mattes MI metric (number of bins = 32, weight = 1.0000e+00)
  preprocessing:  winsorizing the image intensities
  Shrink factors (level 1 out of 4): [12, 12, 12]
  Shrink factors (level 2 out of 4): [8, 8, 8]
  Shrink factors (level 3 out of 4): [4, 4, 4]
  Shrink factors (level 4 out of 4): [2, 2, 2]
  smoothing sigmas per level: [4, 3, 2, 1]
  regular sampling (percentage = 2.5000e-01)

*** Running AffineTransform registration ***

DIAGNOSTIC,Iteration,metricValue,convergenceValue,ITERATION_TIME_INDEX,SINCE_LAST
 2DIAGNOSTIC,     1, -4.633206382922e-01, 1.797693134862e+308, 2.2419e+01, 2.2419e+01, 
 2DIAGNOSTIC,     2, -4.647281925717e-01, 1.797693134862e+308, 2.2433e+01, 1.3842e-02, 
 2DIAGNOSTIC,     3, -4.673966775855e-01, 1.797693134862e+308, 2.2446e+01, 1.3197e-02, 
 2DIAGNOSTIC,     4, -4.718897750824e-01, 1.797693134862e+308, 2.2460e+01, 1.3322e-02, 
 2DIAGNOSTIC,     5, -4.787374245900e-01, 1.797693134862e+308, 2.2473e+01, 1.3010e-02, 
 2DIAGNOSTIC,     6, -4.915610638422e-01, 1.797693134862e+308, 2.2488e+01, 1.5243e-02, 
 2DIAGNOSTIC,     7, -4.968097823720e-01, 1.797693134862e+308, 2.2503e+01, 1.5530e-02, 
 2DIAGNOSTIC,     8, -5.067370771313e-01, 1.797693134862e+308, 2.2519e+01, 1.5813e-02, 
 2DIAGNOSTIC,     9, -5.219897075130e-01, 1.797693134862e+308, 2.2533e+01, 1.4035e-02, 
 2DIAGNOSTIC,    10, -5.344178588038e-01, 9.432826776007e-03, 2.2550e+01, 1.6407e-02, 
 2DIAGNOSTIC,    11, -5.357853312290e-01, 9.351524774395e-03, 2.2566e+01, 1.6117e-02, 
 2DIAGNOSTIC,    12, -5.384185157977e-01, 8.654108737551e-03, 2.2584e+01, 1.8383e-02, 
 2DIAGNOSTIC,    13, -5.396360956641e-01, 7.466768496491e-03, 2.2600e+01, 1.5927e-02, 
 2DIAGNOSTIC,    14, -5.403988419222e-01, 5.986919797268e-03, 2.2616e+01, 1.6185e-02, 
 2DIAGNOSTIC,    15, -5.406362285993e-01, 4.424929204116e-03, 2.2632e+01, 1.6077e-02, 
 2DIAGNOSTIC,    16, -5.408338851378e-01, 3.127313022206e-03, 2.2650e+01, 1.7617e-02, 
 2DIAGNOSTIC,    17, -5.405700881363e-01, 1.870149003748e-03, 2.2666e+01, 1.5747e-02, 
 2DIAGNOSTIC,    18, -5.406503184837e-01, 8.883547699379e-04, 2.2680e+01, 1.4531e-02, 
 2DIAGNOSTIC,    19, -5.405556256360e-01, 3.658476351801e-04, 2.2696e+01, 1.5631e-02, 
 2DIAGNOSTIC,    20, -5.402135487858e-01, 1.982213604122e-04, 2.2710e+01, 1.4349e-02, 
 2DIAGNOSTIC,    21, -5.403202107894e-01, 6.661405370217e-05, 2.2726e+01, 1.5742e-02, 
 2DIAGNOSTIC,    22, -5.401141096895e-01, 1.408716839089e-06, 2.2742e+01, 1.6211e-02, 
DIAGNOSTIC,Iteration,metricValue,convergenceValue,ITERATION_TIME_INDEX,SINCE_LAST
 2DIAGNOSTIC,     1, -4.487899744314e-01, 1.797693134862e+308, 3.8935e+01, 1.6193e+01, 
 2DIAGNOSTIC,     2, -4.490873467629e-01, 1.797693134862e+308, 3.9018e+01, 8.3006e-02, 
 2DIAGNOSTIC,     3, -4.497648752356e-01, 1.797693134862e+308, 3.9101e+01, 8.2526e-02, 
 2DIAGNOSTIC,     4, -4.497712087155e-01, 1.797693134862e+308, 3.9184e+01, 8.3128e-02, 
 2DIAGNOSTIC,     5, -4.498974488071e-01, 1.797693134862e+308, 3.9265e+01, 8.0752e-02, 
 2DIAGNOSTIC,     6, -4.501997720776e-01, 1.797693134862e+308, 3.9358e+01, 9.2896e-02, 
 2DIAGNOSTIC,     7, -4.502312293541e-01, 1.797693134862e+308, 3.9439e+01, 8.1217e-02, 
 2DIAGNOSTIC,     8, -4.502355600345e-01, 1.797693134862e+308, 3.9521e+01, 8.2176e-02, 
 2DIAGNOSTIC,     9, -4.501735646783e-01, 1.797693134862e+308, 3.9590e+01, 6.9181e-02, 
 2DIAGNOSTIC,    10, -4.501779866978e-01, 1.884340985896e-04, 3.9673e+01, 8.2775e-02, 
 2DIAGNOSTIC,    11, -4.502214203581e-01, 1.143421478172e-04, 3.9755e+01, 8.1939e-02, 
 2DIAGNOSTIC,    12, -4.501654154947e-01, 5.420767932952e-05, 3.9826e+01, 7.1288e-02, 
 2DIAGNOSTIC,    13, -4.502729756957e-01, 3.723699534221e-05, 3.9896e+01, 6.9654e-02, 
 2DIAGNOSTIC,    14, -4.503731812703e-01, 2.427178760521e-05, 3.9978e+01, 8.2342e-02, 
 2DIAGNOSTIC,    15, -4.504425399482e-01, 1.881343674358e-05, 4.0060e+01, 8.1439e-02, 
 2DIAGNOSTIC,    16, -4.505159677055e-01, 2.728273428011e-05, 4.0131e+01, 7.0903e-02, 
 2DIAGNOSTIC,    17, -4.506389857593e-01, 3.816180903909e-05, 4.0201e+01, 6.9906e-02, 
 2DIAGNOSTIC,    18, -4.507355257215e-01, 4.798326044251e-05, 4.0284e+01, 8.3408e-02, 
 2DIAGNOSTIC,    19, -4.509460836181e-01, 5.732435227302e-05, 4.0366e+01, 8.1827e-02, 
 2DIAGNOSTIC,    20, -4.509016753534e-01, 5.914441287524e-05, 4.0437e+01, 7.1525e-02, 
 2DIAGNOSTIC,    21, -4.510161230217e-01, 6.041423894396e-05, 4.0519e+01, 8.2086e-02, 
 2DIAGNOSTIC,    22, -4.511713178161e-01, 5.880449999179e-05, 4.0602e+01, 8.2972e-02, 
 2DIAGNOSTIC,    23, -4.511266954659e-01, 5.349049221637e-05, 4.0684e+01, 8.1732e-02, 
 2DIAGNOSTIC,    24, -4.511022262158e-01, 4.578486572874e-05, 4.0768e+01, 8.3735e-02, 
 2DIAGNOSTIC,    25, -4.511158019817e-01, 3.669579348801e-05, 4.0849e+01, 8.1435e-02, 
 2DIAGNOSTIC,    26, -4.510794347151e-01, 2.581009492478e-05, 4.0933e+01, 8.4005e-02, 
 2DIAGNOSTIC,    27, -4.511526345885e-01, 1.793105367974e-05, 4.1003e+01, 6.9945e-02, 
 2DIAGNOSTIC,    28, -4.511481003238e-01, 1.095680661929e-05, 4.1075e+01, 7.1813e-02, 
 2DIAGNOSTIC,    29, -4.513349936767e-01, 1.231697444892e-05, 4.1236e+01, 1.6063e-01, 
 2DIAGNOSTIC,    30, -4.512936880603e-01, 1.058978626188e-05, 4.1319e+01, 8.3139e-02, 
 2DIAGNOSTIC,    31, -4.512761366772e-01, 1.000872680814e-05, 4.1401e+01, 8.1873e-02, 
 2DIAGNOSTIC,    32, -4.511684593425e-01, 9.612541157382e-06, 4.1483e+01, 8.2512e-02, 
 2DIAGNOSTIC,    33, -4.511850982120e-01, 7.918077053123e-06, 4.1554e+01, 7.0956e-02, 
 2DIAGNOSTIC,    34, -4.511139969107e-01, 3.803773242203e-06, 4.1637e+01, 8.2473e-02, 
DIAGNOSTIC,Iteration,metricValue,convergenceValue,ITERATION_TIME_INDEX,SINCE_LAST
 2DIAGNOSTIC,     1, -3.829100251989e-01, 1.797693134862e+308, 5.1075e+01, 9.4387e+00, 
 2DIAGNOSTIC,     2, -3.832481683270e-01, 1.797693134862e+308, 5.1649e+01, 5.7327e-01, 
 2DIAGNOSTIC,     3, -3.836266071709e-01, 1.797693134862e+308, 5.2213e+01, 5.6457e-01, 
 2DIAGNOSTIC,     4, -3.841109694951e-01, 1.797693134862e+308, 5.2790e+01, 5.7679e-01, 
 2DIAGNOSTIC,     5, -3.849691094623e-01, 1.797693134862e+308, 5.3351e+01, 5.6056e-01, 
 2DIAGNOSTIC,     6, -3.856115240747e-01, 1.797693134862e+308, 5.4118e+01, 7.6751e-01, 
 2DIAGNOSTIC,     7, -3.861871851020e-01, 1.797693134862e+308, 5.5154e+01, 1.0357e+00, 
 2DIAGNOSTIC,     8, -3.862351154361e-01, 1.797693134862e+308, 5.6014e+01, 8.5977e-01, 
 2DIAGNOSTIC,     9, -3.862326952979e-01, 1.797693134862e+308, 5.6854e+01, 8.4078e-01, 
 2DIAGNOSTIC,    10, -3.862394245064e-01, 6.561285218055e-04, 5.7615e+01, 7.6084e-01, 
 2DIAGNOSTIC,    11, -3.862340974643e-01, 5.024150358149e-04, 5.8271e+01, 6.5533e-01, 
 2DIAGNOSTIC,    12, -3.862304226155e-01, 3.499908103879e-04, 5.9034e+01, 7.6315e-01, 
 2DIAGNOSTIC,    13, -3.862278911744e-01, 2.112896837880e-04, 5.9686e+01, 6.5274e-01, 
 2DIAGNOSTIC,    14, -3.862214445278e-01, 9.826013474432e-05, 6.0352e+01, 6.6594e-01, 
 2DIAGNOSTIC,    15, -3.862137981901e-01, 3.286398624673e-05, 6.0903e+01, 5.5055e-01, 
 2DIAGNOSTIC,    16, -3.862172250414e-01, 1.878345414083e-06, 6.1473e+01, 5.7006e-01, 
DIAGNOSTIC,Iteration,metricValue,convergenceValue,ITERATION_TIME_INDEX,SINCE_LAST
 2DIAGNOSTIC,     1, -3.322964298093e-01, 1.797693134862e+308, 7.1321e+01, 9.8476e+00, 
  Elapsed time (stage 1): 7.3225e+01


Stage 2
  iterations = 100x100x70x50x0
  convergence threshold = 1.0000e-06
  convergence window size = 10
  number of levels = 5
  using the Mattes MI metric (number of bins = 32, weight = 1.0000e+00)
  preprocessing:  winsorizing the image intensities
  Shrink factors (level 1 out of 5): [10, 10, 10]
  Shrink factors (level 2 out of 5): [6, 6, 6]
  Shrink factors (level 3 out of 5): [4, 4, 4]
  Shrink factors (level 4 out of 5): [2, 2, 2]
  Shrink factors (level 5 out of 5): [1, 1, 1]
  smoothing sigmas per level: [5, 3, 2, 1, 0]
  Using default NONE metricSamplingStrategy 

*** Running SyN registration (varianceForUpdateField = 3.0000e+00, varianceForTotalField = 0.0000e+00) ***

XXDIAGNOSTIC,Iteration,metricValue,convergenceValue,ITERATION_TIME_INDEX,SINCE_LAST
 1DIAGNOSTIC,     1, -5.177814490226e-01, 1.797693134862e+308, 3.5883e+01, 3.5883e+01, 
 1DIAGNOSTIC,     2, -5.374974339230e-01, 1.797693134862e+308, 3.6023e+01, 1.4026e-01, 
 1DIAGNOSTIC,     3, -5.522018788661e-01, 1.797693134862e+308, 3.6164e+01, 1.4064e-01, 
 1DIAGNOSTIC,     4, -5.607284449964e-01, 1.797693134862e+308, 3.6302e+01, 1.3799e-01, 
 1DIAGNOSTIC,     5, -5.634943088295e-01, 1.797693134862e+308, 3.6440e+01, 1.3774e-01, 
 1DIAGNOSTIC,     6, -5.633511964681e-01, 1.797693134862e+308, 3.6574e+01, 1.3449e-01, 
 1DIAGNOSTIC,     7, -5.630755666904e-01, 1.797693134862e+308, 3.6709e+01, 1.3458e-01, 
 1DIAGNOSTIC,     8, -5.599422695141e-01, 1.797693134862e+308, 3.6844e+01, 1.3543e-01, 
 1DIAGNOSTIC,     9, -5.601275958465e-01, 1.797693134862e+308, 3.6980e+01, 1.3525e-01, 
 1DIAGNOSTIC,    10, -5.566696309588e-01, 3.349322787130e-03, 3.7115e+01, 1.3546e-01, 
 1DIAGNOSTIC,    11, -5.554294002975e-01, 9.226925575570e-04, 3.7250e+01, 1.3532e-01, 
 1DIAGNOSTIC,    12, -5.544691012896e-01, -3.898351668721e-04, 3.7386e+01, 1.3567e-01, 
XXDIAGNOSTIC,Iteration,metricValue,convergenceValue,ITERATION_TIME_INDEX,SINCE_LAST
 1DIAGNOSTIC,     1, -4.370711854785e-01, 1.797693134862e+308, 5.3886e+01, 1.6500e+01, 
 1DIAGNOSTIC,     2, -4.396777610596e-01, 1.797693134862e+308, 5.4440e+01, 5.5375e-01, 
 1DIAGNOSTIC,     3, -4.410590345537e-01, 1.797693134862e+308, 5.4978e+01, 5.3873e-01, 
 1DIAGNOSTIC,     4, -4.413263263261e-01, 1.797693134862e+308, 5.5518e+01, 5.3944e-01, 
 1DIAGNOSTIC,     5, -4.410143504565e-01, 1.797693134862e+308, 5.6056e+01, 5.3849e-01, 
 1DIAGNOSTIC,     6, -4.405219086892e-01, 1.797693134862e+308, 5.6597e+01, 5.4039e-01, 
 1DIAGNOSTIC,     7, -4.398296583579e-01, 1.797693134862e+308, 5.7137e+01, 5.4053e-01, 
 1DIAGNOSTIC,     8, -4.393374792931e-01, 1.797693134862e+308, 5.7677e+01, 5.3949e-01, 
 1DIAGNOSTIC,     9, -4.385433972187e-01, 1.797693134862e+308, 5.8231e+01, 5.5421e-01, 
 1DIAGNOSTIC,    10, -4.377401305846e-01, -1.462112555556e-04, 5.8782e+01, 5.5149e-01, 
XXDIAGNOSTIC,Iteration,metricValue,convergenceValue,ITERATION_TIME_INDEX,SINCE_LAST
 1DIAGNOSTIC,     1, -3.721115315353e-01, 1.797693134862e+308, 6.9266e+01, 1.0483e+01, 
 1DIAGNOSTIC,     2, -3.730188367291e-01, 1.797693134862e+308, 7.0968e+01, 1.7023e+00, 
 1DIAGNOSTIC,     3, -3.738418445628e-01, 1.797693134862e+308, 7.2676e+01, 1.7083e+00, 
 1DIAGNOSTIC,     4, -3.744241986630e-01, 1.797693134862e+308, 7.4371e+01, 1.6951e+00, 
 1DIAGNOSTIC,     5, -3.746707480796e-01, 1.797693134862e+308, 7.6072e+01, 1.7003e+00, 
 1DIAGNOSTIC,     6, -3.747545966174e-01, 1.797693134862e+308, 7.7775e+01, 1.7031e+00, 
 1DIAGNOSTIC,     7, -3.748112770594e-01, 1.797693134862e+308, 7.9468e+01, 1.6929e+00, 
 1DIAGNOSTIC,     8, -3.747379615615e-01, 1.797693134862e+308, 8.1219e+01, 1.7516e+00, 
 1DIAGNOSTIC,     9, -3.744573692244e-01, 1.797693134862e+308, 8.2941e+01, 1.7216e+00, 
 1DIAGNOSTIC,    10, -3.740788806416e-01, 3.107108087015e-04, 8.4689e+01, 1.7478e+00, 
 1DIAGNOSTIC,    11, -3.738554345452e-01, 7.940525430465e-05, 8.6445e+01, 1.7566e+00, 
 1DIAGNOSTIC,    12, -3.737153769843e-01, -7.268354029942e-05, 8.8200e+01, 1.7551e+00, 
XXDIAGNOSTIC,Iteration,metricValue,convergenceValue,ITERATION_TIME_INDEX,SINCE_LAST
 1DIAGNOSTIC,     1, -3.144738016783e-01, 1.797693134862e+308, 1.0740e+02, 1.9204e+01, 
 1DIAGNOSTIC,     2, -3.153719427925e-01, 1.797693134862e+308, 1.2007e+02, 1.2662e+01, 
 1DIAGNOSTIC,     3, -3.163138420247e-01, 1.797693134862e+308, 1.3319e+02, 1.3119e+01, 
 1DIAGNOSTIC,     4, -3.172692525397e-01, 1.797693134862e+308, 1.4588e+02, 1.2692e+01, 
 1DIAGNOSTIC,     5, -3.179613574106e-01, 1.797693134862e+308, 1.5856e+02, 1.2683e+01, 
 1DIAGNOSTIC,     6, -3.185745699140e-01, 1.797693134862e+308, 1.7129e+02, 1.2730e+01, 
 1DIAGNOSTIC,     7, -3.191378307357e-01, 1.797693134862e+308, 1.8403e+02, 1.2735e+01, 
 1DIAGNOSTIC,     8, -3.196286921784e-01, 1.797693134862e+308, 1.9760e+02, 1.3576e+01, 
 1DIAGNOSTIC,     9, -3.200566137012e-01, 1.797693134862e+308, 2.1117e+02, 1.3572e+01, 
 1DIAGNOSTIC,    10, -3.204538117643e-01, 1.198724750687e-03, 2.2477e+02, 1.3596e+01, 
 1DIAGNOSTIC,    11, -3.208342064911e-01, 9.697930562780e-04, 2.3836e+02, 1.3588e+01, 
 1DIAGNOSTIC,    12, -3.211668314914e-01, 7.828887078107e-04, 2.5198e+02, 1.3623e+01, 
 1DIAGNOSTIC,    13, -3.214521285769e-01, 6.373799260669e-04, 2.6511e+02, 1.3134e+01, 
 1DIAGNOSTIC,    14, -3.216884940219e-01, 5.302901586863e-04, 2.7867e+02, 1.3557e+01, 
 1DIAGNOSTIC,    15, -3.219484106679e-01, 4.453104452101e-04, 2.9182e+02, 1.3151e+01, 
 1DIAGNOSTIC,    16, -3.221628392857e-01, 3.757694463405e-04, 3.0536e+02, 1.3538e+01, 
 1DIAGNOSTIC,    17, -3.224350443849e-01, 3.232871508358e-04, 3.1892e+02, 1.3564e+01, 
 1DIAGNOSTIC,    18, -3.226161537845e-01, 2.797425837185e-04, 3.3253e+02, 1.3609e+01, 
 1DIAGNOSTIC,    19, -3.227553499351e-01, 2.413254342095e-04, 3.4611e+02, 1.3579e+01, 
 1DIAGNOSTIC,    20, -3.229231899025e-01, 2.093631848279e-04, 3.5969e+02, 1.3578e+01, 
 1DIAGNOSTIC,    21, -3.230661427038e-01, 1.829091654071e-04, 3.7325e+02, 1.3565e+01, 
 1DIAGNOSTIC,    22, -3.231958055466e-01, 1.603173680908e-04, 3.8677e+02, 1.3511e+01, 
 1DIAGNOSTIC,    23, -3.233215420374e-01, 1.405467699207e-04, 4.0030e+02, 1.3532e+01, 
 1DIAGNOSTIC,    24, -3.234428330069e-01, 1.224716239381e-04, 4.1381e+02, 1.3514e+01, 
 1DIAGNOSTIC,    25, -3.235370119559e-01, 1.069088592459e-04, 4.2732e+02, 1.3512e+01, 
 1DIAGNOSTIC,    26, -3.236181865669e-01, 9.248934088723e-05, 4.4089e+02, 1.3568e+01, 
 1DIAGNOSTIC,    27, -3.236746359050e-01, 8.123155125039e-05, 4.5446e+02, 1.3571e+01, 
 1DIAGNOSTIC,    28, -3.237049618537e-01, 6.986667354531e-05, 4.6809e+02, 1.3623e+01, 
 1DIAGNOSTIC,    29, -3.237901401729e-01, 5.956955873021e-05, 4.8166e+02, 1.3570e+01, 
 1DIAGNOSTIC,    30, -3.238447911648e-01, 5.088358973055e-05, 4.9518e+02, 1.3524e+01, 
 1DIAGNOSTIC,    31, -3.238828907738e-01, 4.315258048969e-05, 5.0879e+02, 1.3611e+01, 
 1DIAGNOSTIC,    32, -3.239198303601e-01, 3.649523190723e-05, 5.2235e+02, 1.3555e+01, 
 1DIAGNOSTIC,    33, -3.239755880160e-01, 3.169455944582e-05, 5.3587e+02, 1.3521e+01, 
 1DIAGNOSTIC,    34, -3.240212618168e-01, 2.852342065824e-05, 5.4942e+02, 1.3556e+01, 
 1DIAGNOSTIC,    35, -3.240677326215e-01, 2.640158911284e-05, 5.6298e+02, 1.3561e+01, 
 1DIAGNOSTIC,    36, -3.241120991626e-01, 2.503918647726e-05, 5.7658e+02, 1.3599e+01, 
 1DIAGNOSTIC,    37, -3.241082836484e-01, 2.271256205228e-05, 5.9013e+02, 1.3551e+01, 
 1DIAGNOSTIC,    38, -3.241597527793e-01, 2.030668227302e-05, 6.0369e+02, 1.3558e+01, 
 1DIAGNOSTIC,    39, -3.241664916247e-01, 1.819626115418e-05, 6.1726e+02, 1.3565e+01, 
 1DIAGNOSTIC,    40, -3.242255598203e-01, 1.703462411579e-05, 6.3076e+02, 1.3503e+01, 
 1DIAGNOSTIC,    41, -3.242562073242e-01, 1.583295729748e-05, 6.4438e+02, 1.3619e+01, 
 1DIAGNOSTIC,    42, -3.243022315650e-01, 1.498191586511e-05, 6.5787e+02, 1.3492e+01, 
 1DIAGNOSTIC,    43, -3.242906335704e-01, 1.370054356374e-05, 6.7142e+02, 1.3549e+01, 
 1DIAGNOSTIC,    44, -3.243210530219e-01, 1.276538897772e-05, 6.8496e+02, 1.3542e+01, 
 1DIAGNOSTIC,    45, -3.243413221769e-01, 1.199263224590e-05, 6.9860e+02, 1.3636e+01, 
 1DIAGNOSTIC,    46, -3.243556654051e-01, 1.129110508248e-05, 7.1214e+02, 1.3544e+01, 
 1DIAGNOSTIC,    47, -3.243612773195e-01, 9.621356407280e-06, 7.2563e+02, 1.3486e+01, 
 1DIAGNOSTIC,    48, -3.243211150494e-01, 7.396588036397e-06, 7.3918e+02, 1.3551e+01, 
 1DIAGNOSTIC,    49, -3.242863094461e-01, 4.119363348959e-06, 7.5270e+02, 1.3523e+01, 
 1DIAGNOSTIC,    50, -3.242395767992e-01, 8.519244479067e-07, 7.6619e+02, 1.3488e+01, 
  Elapsed time (stage 2): 787


Total elapsed time: 931.9

--- Writing output images ---

Using double precision for computations.
Input scalar image: data/Segmentations/1014_3_seg.nii.gz
Reference image: data/template/T_template0_BrainCerebellum.nii.gz
=============================================================================
The composite transform comprises the following transforms (in order): 
  1. /tmp/1971332.1.basic.q/1014_ToTemplate_025_0GenericAffine.mat (type = AffineTransform)
  2. /tmp/1971332.1.basic.q/1014_ToTemplate_025_1Warp.nii.gz (type = DisplacementFieldTransform)
=============================================================================
Default pixel value: 0
Interpolation type: LabelImageGenericInterpolateImageFunction
Output warped image: output/1014/1014_WarpedLabels_025.nii.gz

--- Done ---

