
--- Running on compute-1-3.local ---


--- registration call ---
/data/jet/pcook/bin/antsBuild/bin/antsRegistrationSyNQuick.sh -d 3 -f data/template/T_template0_BrainCerebellum.nii.gz -m data/Brains/1014_3.nii.gz -t s -p d -n 2 -o /tmp/1971330.1.basic.q/1014_ToTemplate_023_
---


--------------------------------------------------------------------------------------
 Mapping parameters
--------------------------------------------------------------------------------------
 ANTSPATH is /data/jet/pcook/bin/antsBuild/bin/

 Dimensionality:           3
 Output name prefix:       /tmp/1971330.1.basic.q/1014_ToTemplate_023_
 Fixed images:             data/template/T_template0_BrainCerebellum.nii.gz
 Moving images:            data/Brains/1014_3.nii.gz
 Mask images:              
 Initial transforms:       
 Number of threads:        2
 Spline distance:          26
 Transform type:           s
 MI histogram bins:        32
 Precision:                d
 Use histogram matching    0
======================================================================================
 antsRegistration call:
--------------------------------------------------------------------------------------
/data/jet/pcook/bin/antsBuild/bin//antsRegistration --verbose 1 --dimensionality 3 --float 0 --collapse-output-transforms 1 --output [/tmp/1971330.1.basic.q/1014_ToTemplate_023_,/tmp/1971330.1.basic.q/1014_ToTemplate_023_Warped.nii.gz,/tmp/1971330.1.basic.q/1014_ToTemplate_023_InverseWarped.nii.gz] --interpolation Linear --use-histogram-matching 0 --winsorize-image-intensities [0.005,0.995] --initial-moving-transform [data/template/T_template0_BrainCerebellum.nii.gz,data/Brains/1014_3.nii.gz,1] --transform Rigid[0.1] --metric MI[data/template/T_template0_BrainCerebellum.nii.gz,data/Brains/1014_3.nii.gz,1,32,Regular,0.25] --convergence [1000x500x250x0,1e-6,10] --shrink-factors 12x8x4x2 --smoothing-sigmas 4x3x2x1vox --transform Affine[0.1] --metric MI[data/template/T_template0_BrainCerebellum.nii.gz,data/Brains/1014_3.nii.gz,1,32,Regular,0.25] --convergence [1000x500x250x0,1e-6,10] --shrink-factors 12x8x4x2 --smoothing-sigmas 4x3x2x1vox --transform SyN[0.1,3,0] --metric MI[data/template/T_template0_BrainCerebellum.nii.gz,data/Brains/1014_3.nii.gz,1,32] --convergence [100x100x70x50x0,1e-6,10] --shrink-factors 10x6x4x2x1 --smoothing-sigmas 5x3x2x1x0vox
--------------------------------------------------------------------------------------
All_Command_lines_OK
Using double precision for computations.
=============================================================================
The composite transform comprises the following transforms (in order): 
  1. Center of mass alignment using fixed image: data/template/T_template0_BrainCerebellum.nii.gz and moving image: data/Brains/1014_3.nii.gz (type = Euler3DTransform)
=============================================================================
  number of levels = 4
  number of levels = 4
  number of levels = 5
  fixed image: data/template/T_template0_BrainCerebellum.nii.gz
  moving image: data/Brains/1014_3.nii.gz
  fixed image: data/template/T_template0_BrainCerebellum.nii.gz
  moving image: data/Brains/1014_3.nii.gz
  fixed image: data/template/T_template0_BrainCerebellum.nii.gz
  moving image: data/Brains/1014_3.nii.gz
Dimension = 3
Number of stages = 3
Use Histogram Matching false
Winsorize image intensities true
Lower quantile = 0.005
Upper quantile = 0.995
Stage 1 State
   Image metric = Mattes
     Fixed image = Image (0x51caf40)
  RTTI typeinfo:   itk::Image<double, 3u>
  Reference Count: 2
  Modified Time: 1611
  Debug: Off
  Object Name: 
  Observers: 
    none
  Source: (none)
  Source output name: (none)
  Release Data: Off
  Data Released: False
  Global Release Data: Off
  PipelineMTime: 0
  UpdateMTime: 1422
  RealTimeStamp: 0 seconds 
  LargestPossibleRegion: 
    Dimension: 3
    Index: [0, 0, 0]
    Size: [216, 256, 291]
  BufferedRegion: 
    Dimension: 3
    Index: [0, 0, 0]
    Size: [216, 256, 291]
  RequestedRegion: 
    Dimension: 3
    Index: [0, 0, 0]
    Size: [216, 256, 291]
  Spacing: [1, 1, 1]
  Origin: [0, 293, 0]
  Direction: 
1 0 0
0 -0 -1
0 -1 -0

  IndexToPointMatrix: 
1 0 0
0 0 -1
0 -1 0

  PointToIndexMatrix: 
1 0 0
0 0 -1
0 -1 0

  Inverse Direction: 
1 0 0
0 0 -1
0 -1 0

  PixelContainer: 
    ImportImageContainer (0x51cea40)
      RTTI typeinfo:   itk::ImportImageContainer<unsigned long, double>
      Reference Count: 1
      Modified Time: 1419
      Debug: Off
      Object Name: 
      Observers: 
        none
      Pointer: 0x7f4f04037010
      Container manages memory: true
      Size: 16091136
      Capacity: 16091136

     Moving image = Image (0x51ccfa0)
  RTTI typeinfo:   itk::Image<double, 3u>
  Reference Count: 2
  Modified Time: 1612
  Debug: Off
  Object Name: 
  Observers: 
    none
  Source: (none)
  Source output name: (none)
  Release Data: Off
  Data Released: False
  Global Release Data: Off
  PipelineMTime: 0
  UpdateMTime: 1609
  RealTimeStamp: 0 seconds 
  LargestPossibleRegion: 
    Dimension: 3
    Index: [0, 0, 0]
    Size: [256, 256, 307]
  BufferedRegion: 
    Dimension: 3
    Index: [0, 0, 0]
    Size: [256, 256, 307]
  RequestedRegion: 
    Dimension: 3
    Index: [0, 0, 0]
    Size: [256, 256, 307]
  Spacing: [1, 1, 1]
  Origin: [0, 306, 0]
  Direction: 
1 0 0
0 -0 -1
0 -1 -0

  IndexToPointMatrix: 
1 0 0
0 0 -1
0 -1 0

  PointToIndexMatrix: 
1 0 0
0 0 -1
0 -1 0

  Inverse Direction: 
1 0 0
0 0 -1
0 -1 0

  PixelContainer: 
    ImportImageContainer (0x51bdf60)
      RTTI typeinfo:   itk::ImportImageContainer<unsigned long, double>
      Reference Count: 1
      Modified Time: 1606
      Debug: Off
      Object Name: 
      Observers: 
        none
      Pointer: 0x7f4efa6b6010
      Container manages memory: true
      Size: 20119552
      Capacity: 20119552

     Weighting = 1
     Sampling strategy = regular
     Number of bins = 32
     Radius = 4
     Sampling percentage  = 0.25
   Transform = Rigid
     Gradient step = 0.1
     Update field sigma (voxel space) = 0
     Total field sigma (voxel space) = 0
     Update field time sigma = 0
     Total field time sigma  = 0
     Number of time indices = 0
     Number of time point samples = 0
Stage 2 State
   Image metric = Mattes
     Fixed image = Image (0x51d1950)
  RTTI typeinfo:   itk::Image<double, 3u>
  Reference Count: 2
  Modified Time: 1987
  Debug: Off
  Object Name: 
  Observers: 
    none
  Source: (none)
  Source output name: (none)
  Release Data: Off
  Data Released: False
  Global Release Data: Off
  PipelineMTime: 0
  UpdateMTime: 1798
  RealTimeStamp: 0 seconds 
  LargestPossibleRegion: 
    Dimension: 3
    Index: [0, 0, 0]
    Size: [216, 256, 291]
  BufferedRegion: 
    Dimension: 3
    Index: [0, 0, 0]
    Size: [216, 256, 291]
  RequestedRegion: 
    Dimension: 3
    Index: [0, 0, 0]
    Size: [216, 256, 291]
  Spacing: [1, 1, 1]
  Origin: [0, 293, 0]
  Direction: 
1 0 0
0 -0 -1
0 -1 -0

  IndexToPointMatrix: 
1 0 0
0 0 -1
0 -1 0

  PointToIndexMatrix: 
1 0 0
0 0 -1
0 -1 0

  Inverse Direction: 
1 0 0
0 0 -1
0 -1 0

  PixelContainer: 
    ImportImageContainer (0x51cdbc0)
      RTTI typeinfo:   itk::ImportImageContainer<unsigned long, double>
      Reference Count: 1
      Modified Time: 1795
      Debug: Off
      Object Name: 
      Observers: 
        none
      Pointer: 0x7f4ef2bf1010
      Container manages memory: true
      Size: 16091136
      Capacity: 16091136

     Moving image = Image (0x51de2d0)
  RTTI typeinfo:   itk::Image<double, 3u>
  Reference Count: 2
  Modified Time: 1988
  Debug: Off
  Object Name: 
  Observers: 
    none
  Source: (none)
  Source output name: (none)
  Release Data: Off
  Data Released: False
  Global Release Data: Off
  PipelineMTime: 0
  UpdateMTime: 1985
  RealTimeStamp: 0 seconds 
  LargestPossibleRegion: 
    Dimension: 3
    Index: [0, 0, 0]
    Size: [256, 256, 307]
  BufferedRegion: 
    Dimension: 3
    Index: [0, 0, 0]
    Size: [256, 256, 307]
  RequestedRegion: 
    Dimension: 3
    Index: [0, 0, 0]
    Size: [256, 256, 307]
  Spacing: [1, 1, 1]
  Origin: [0, 306, 0]
  Direction: 
1 0 0
0 -0 -1
0 -1 -0

  IndexToPointMatrix: 
1 0 0
0 0 -1
0 -1 0

  PointToIndexMatrix: 
1 0 0
0 0 -1
0 -1 0

  Inverse Direction: 
1 0 0
0 0 -1
0 -1 0

  PixelContainer: 
    ImportImageContainer (0x51ddc50)
      RTTI typeinfo:   itk::ImportImageContainer<unsigned long, double>
      Reference Count: 1
      Modified Time: 1982
      Debug: Off
      Object Name: 
      Observers: 
        none
      Pointer: 0x7f4ee9270010
      Container manages memory: true
      Size: 20119552
      Capacity: 20119552

     Weighting = 1
     Sampling strategy = regular
     Number of bins = 32
     Radius = 4
     Sampling percentage  = 0.25
   Transform = Affine
     Gradient step = 0.1
     Update field sigma (voxel space) = 0
     Total field sigma (voxel space) = 0
     Update field time sigma = 0
     Total field time sigma  = 0
     Number of time indices = 0
     Number of time point samples = 0
Stage 3 State
   Image metric = Mattes
     Fixed image = Image (0x51e4170)
  RTTI typeinfo:   itk::Image<double, 3u>
  Reference Count: 2
  Modified Time: 2363
  Debug: Off
  Object Name: 
  Observers: 
    none
  Source: (none)
  Source output name: (none)
  Release Data: Off
  Data Released: False
  Global Release Data: Off
  PipelineMTime: 0
  UpdateMTime: 2174
  RealTimeStamp: 0 seconds 
  LargestPossibleRegion: 
    Dimension: 3
    Index: [0, 0, 0]
    Size: [216, 256, 291]
  BufferedRegion: 
    Dimension: 3
    Index: [0, 0, 0]
    Size: [216, 256, 291]
  RequestedRegion: 
    Dimension: 3
    Index: [0, 0, 0]
    Size: [216, 256, 291]
  Spacing: [1, 1, 1]
  Origin: [0, 293, 0]
  Direction: 
1 0 0
0 -0 -1
0 -1 -0

  IndexToPointMatrix: 
1 0 0
0 0 -1
0 -1 0

  PointToIndexMatrix: 
1 0 0
0 0 -1
0 -1 0

  Inverse Direction: 
1 0 0
0 0 -1
0 -1 0

  PixelContainer: 
    ImportImageContainer (0x51df2d0)
      RTTI typeinfo:   itk::ImportImageContainer<unsigned long, double>
      Reference Count: 1
      Modified Time: 2171
      Debug: Off
      Object Name: 
      Observers: 
        none
      Pointer: 0x7f4ee17ab010
      Container manages memory: true
      Size: 16091136
      Capacity: 16091136

     Moving image = Image (0x51e3be0)
  RTTI typeinfo:   itk::Image<double, 3u>
  Reference Count: 2
  Modified Time: 2364
  Debug: Off
  Object Name: 
  Observers: 
    none
  Source: (none)
  Source output name: (none)
  Release Data: Off
  Data Released: False
  Global Release Data: Off
  PipelineMTime: 0
  UpdateMTime: 2361
  RealTimeStamp: 0 seconds 
  LargestPossibleRegion: 
    Dimension: 3
    Index: [0, 0, 0]
    Size: [256, 256, 307]
  BufferedRegion: 
    Dimension: 3
    Index: [0, 0, 0]
    Size: [256, 256, 307]
  RequestedRegion: 
    Dimension: 3
    Index: [0, 0, 0]
    Size: [256, 256, 307]
  Spacing: [1, 1, 1]
  Origin: [0, 306, 0]
  Direction: 
1 0 0
0 -0 -1
0 -1 -0

  IndexToPointMatrix: 
1 0 0
0 0 -1
0 -1 0

  PointToIndexMatrix: 
1 0 0
0 0 -1
0 -1 0

  Inverse Direction: 
1 0 0
0 0 -1
0 -1 0

  PixelContainer: 
    ImportImageContainer (0x51e5ef0)
      RTTI typeinfo:   itk::ImportImageContainer<unsigned long, double>
      Reference Count: 1
      Modified Time: 2358
      Debug: Off
      Object Name: 
      Observers: 
        none
      Pointer: 0x7f4ed7e2a010
      Container manages memory: true
      Size: 20119552
      Capacity: 20119552

     Weighting = 1
     Sampling strategy = none
     Number of bins = 32
     Radius = 4
     Sampling percentage  = 1
   Transform = SyN
     Gradient step = 0.1
     Update field sigma (voxel space) = 3
     Total field sigma (voxel space) = 0
     Update field time sigma = 0
     Total field time sigma  = 0
     Number of time indices = 0
     Number of time point samples = 0
Registration using 3 total stages.

Stage 0
  iterations = 1000x500x250x0
  convergence threshold = 1e-06
  convergence window size = 10
  number of levels = 4
  using the Mattes MI metric (number of bins = 32, weight = 1)
  preprocessing:  winsorizing the image intensities
  Shrink factors (level 1 out of 4): [12, 12, 12]
  Shrink factors (level 2 out of 4): [8, 8, 8]
  Shrink factors (level 3 out of 4): [4, 4, 4]
  Shrink factors (level 4 out of 4): [2, 2, 2]
  smoothing sigmas per level: [4, 3, 2, 1]
  regular sampling (percentage = 0.25)

*** Running Euler3DTransform registration ***

DIAGNOSTIC,Iteration,metricValue,convergenceValue,ITERATION_TIME_INDEX,SINCE_LAST
 2DIAGNOSTIC,     1, -4.612646922446e-01, 1.797693134862e+308, 2.2321e+01, 2.2321e+01, 
 2DIAGNOSTIC,     2, -4.623119335671e-01, 1.797693134862e+308, 2.2332e+01, 1.0286e-02, 
 2DIAGNOSTIC,     3, -4.632674182082e-01, 1.797693134862e+308, 2.2342e+01, 1.0015e-02, 
 2DIAGNOSTIC,     4, -4.640081587509e-01, 1.797693134862e+308, 2.2352e+01, 1.0017e-02, 
 2DIAGNOSTIC,     5, -4.649816326486e-01, 1.797693134862e+308, 2.2362e+01, 1.0114e-02, 
 2DIAGNOSTIC,     6, -4.654030279775e-01, 1.797693134862e+308, 2.2372e+01, 1.0059e-02, 
 2DIAGNOSTIC,     7, -4.654247153137e-01, 1.797693134862e+308, 2.2383e+01, 1.1594e-02, 
 2DIAGNOSTIC,     8, -4.654993401612e-01, 1.797693134862e+308, 2.2400e+01, 1.6162e-02, 
 2DIAGNOSTIC,     9, -4.658152856167e-01, 1.797693134862e+308, 2.2410e+01, 1.0054e-02, 
 2DIAGNOSTIC,    10, -4.662226154548e-01, 6.345137011259e-04, 2.2421e+01, 1.0865e-02, 
 2DIAGNOSTIC,    11, -4.663273425759e-01, 4.539799896243e-04, 2.2431e+01, 1.0692e-02, 
 2DIAGNOSTIC,    12, -4.665614856149e-01, 3.286073776509e-04, 2.2443e+01, 1.2178e-02, 
 2DIAGNOSTIC,    13, -4.665758235622e-01, 2.385910118528e-04, 2.2458e+01, 1.4939e-02, 
 2DIAGNOSTIC,    14, -4.665830057428e-01, 1.715722380776e-04, 2.2469e+01, 1.0624e-02, 
 2DIAGNOSTIC,    15, -4.665910948820e-01, 1.374282421261e-04, 2.2480e+01, 1.0577e-02, 
 2DIAGNOSTIC,    16, -4.666030683916e-01, 1.117581537682e-04, 2.2493e+01, 1.3540e-02, 
 2DIAGNOSTIC,    17, -4.666078183909e-01, 8.009927747619e-05, 2.2504e+01, 1.0516e-02, 
 2DIAGNOSTIC,    18, -4.666148873221e-01, 4.739687782575e-05, 2.2514e+01, 1.0508e-02, 
 2DIAGNOSTIC,    19, -4.668132636244e-01, 3.022972287199e-05, 2.2532e+01, 1.7899e-02, 
 2DIAGNOSTIC,    20, -4.666323287343e-01, 1.887008339747e-05, 2.2544e+01, 1.2000e-02, 
 2DIAGNOSTIC,    21, -4.666332145443e-01, 1.008497121165e-05, 2.2557e+01, 1.3408e-02, 
 2DIAGNOSTIC,    22, -4.666332476739e-01, 7.816882609299e-06, 2.2569e+01, 1.1934e-02, 
 2DIAGNOSTIC,    23, -4.666332573175e-01, 5.432281269001e-06, 2.2581e+01, 1.1915e-02, 
 2DIAGNOSTIC,    24, -4.666332619470e-01, 2.981990434053e-06, 2.2593e+01, 1.1936e-02, 
DIAGNOSTIC,Iteration,metricValue,convergenceValue,ITERATION_TIME_INDEX,SINCE_LAST
 2DIAGNOSTIC,     1, -3.982670972804e-01, 1.797693134862e+308, 3.8467e+01, 1.5874e+01, 
 2DIAGNOSTIC,     2, -3.989190273784e-01, 1.797693134862e+308, 3.8521e+01, 5.4431e-02, 
 2DIAGNOSTIC,     3, -3.998730738477e-01, 1.797693134862e+308, 3.8576e+01, 5.4275e-02, 
 2DIAGNOSTIC,     4, -4.009241593487e-01, 1.797693134862e+308, 3.8630e+01, 5.4247e-02, 
 2DIAGNOSTIC,     5, -4.013181535586e-01, 1.797693134862e+308, 3.8695e+01, 6.4788e-02, 
 2DIAGNOSTIC,     6, -4.016197225145e-01, 1.797693134862e+308, 3.8759e+01, 6.4496e-02, 
 2DIAGNOSTIC,     7, -4.019309395062e-01, 1.797693134862e+308, 3.8843e+01, 8.4268e-02, 
 2DIAGNOSTIC,     8, -4.021393060202e-01, 1.797693134862e+308, 3.8908e+01, 6.4142e-02, 
 2DIAGNOSTIC,     9, -4.021282761968e-01, 1.797693134862e+308, 3.8972e+01, 6.4204e-02, 
 2DIAGNOSTIC,    10, -4.021120903652e-01, 6.241449654047e-04, 3.9027e+01, 5.5041e-02, 
 2DIAGNOSTIC,    11, -4.021103445738e-01, 4.169996268235e-04, 3.9082e+01, 5.4896e-02, 
 2DIAGNOSTIC,    12, -4.021348045086e-01, 2.463480883524e-04, 3.9147e+01, 6.4947e-02, 
 2DIAGNOSTIC,    13, -4.022633045029e-01, 1.375772594347e-04, 3.9212e+01, 6.4880e-02, 
 2DIAGNOSTIC,    14, -4.022850148839e-01, 8.605320087383e-05, 3.9266e+01, 5.4869e-02, 
 2DIAGNOSTIC,    15, -4.024820465510e-01, 6.167409140202e-05, 3.9341e+01, 7.4803e-02, 
 2DIAGNOSTIC,    16, -4.025049939971e-01, 4.881296236919e-05, 3.9416e+01, 7.4811e-02, 
 2DIAGNOSTIC,    17, -4.026037026187e-01, 5.001099409167e-05, 3.9471e+01, 5.4924e-02, 
 2DIAGNOSTIC,    18, -4.030750527916e-01, 7.328781407802e-05, 3.9536e+01, 6.5046e-02, 
 2DIAGNOSTIC,    19, -4.031874652409e-01, 9.078237802060e-05, 3.9591e+01, 5.4760e-02, 
 2DIAGNOSTIC,    20, -4.033102810878e-01, 1.021197127359e-04, 3.9676e+01, 8.5142e-02, 
 2DIAGNOSTIC,    21, -4.031836979045e-01, 9.886606459763e-05, 3.9741e+01, 6.5075e-02, 
 2DIAGNOSTIC,    22, -4.031250675206e-01, 8.582634622049e-05, 3.9796e+01, 5.5155e-02, 
 2DIAGNOSTIC,    23, -4.031043610621e-01, 6.920744850415e-05, 3.9851e+01, 5.4882e-02, 
 2DIAGNOSTIC,    24, -4.031226782841e-01, 4.850295835498e-05, 3.9906e+01, 5.4945e-02, 
 2DIAGNOSTIC,    25, -4.031938391404e-01, 3.274003567560e-05, 3.9971e+01, 6.4791e-02, 
 2DIAGNOSTIC,    26, -4.032601568143e-01, 1.778102898990e-05, 4.0025e+01, 5.4254e-02, 
 2DIAGNOSTIC,    27, -4.032420809269e-01, 4.239865954589e-06, 4.0102e+01, 7.6709e-02, 
 2DIAGNOSTIC,    28, -4.032222863750e-01, 2.756013111942e-06, 4.0166e+01, 6.4743e-02, 
 2DIAGNOSTIC,    29, -4.032395543199e-01, 4.258263420778e-06, 4.0221e+01, 5.4560e-02, 
 2DIAGNOSTIC,    30, -4.032227010403e-01, 7.858136961886e-06, 4.0285e+01, 6.4458e-02, 
 2DIAGNOSTIC,    31, -4.031556995645e-01, 6.187929439620e-06, 4.0340e+01, 5.4380e-02, 
 2DIAGNOSTIC,    32, -4.032328013854e-01, 4.631681844516e-06, 4.0405e+01, 6.4837e-02, 
 2DIAGNOSTIC,    33, -4.033914433174e-01, 5.744829732750e-06, 4.0469e+01, 6.4730e-02, 
 2DIAGNOSTIC,    34, -4.033786818735e-01, 6.321392005394e-06, 4.0524e+01, 5.4669e-02, 
 2DIAGNOSTIC,    35, -4.033513364645e-01, 7.269160089203e-06, 4.0599e+01, 7.4885e-02, 
 2DIAGNOSTIC,    36, -4.033728198343e-01, 9.373800984969e-06, 4.0715e+01, 1.1618e-01, 
 2DIAGNOSTIC,    37, -4.033861294868e-01, 1.042181007043e-05, 4.0780e+01, 6.4711e-02, 
 2DIAGNOSTIC,    38, -4.033807921439e-01, 9.939000810193e-06, 4.0834e+01, 5.4516e-02, 
 2DIAGNOSTIC,    39, -4.033634100459e-01, 8.635576198290e-06, 4.0899e+01, 6.4486e-02, 
 2DIAGNOSTIC,    40, -4.033694130360e-01, 6.575383199609e-06, 4.0954e+01, 5.4790e-02, 
 2DIAGNOSTIC,    41, -4.033275320642e-01, 2.167365516045e-06, 4.1008e+01, 5.4528e-02, 
DIAGNOSTIC,Iteration,metricValue,convergenceValue,ITERATION_TIME_INDEX,SINCE_LAST
 2DIAGNOSTIC,     1, -3.413793534307e-01, 1.797693134862e+308, 5.0398e+01, 9.3894e+00, 
 2DIAGNOSTIC,     2, -3.414720443421e-01, 1.797693134862e+308, 5.0934e+01, 5.3603e-01, 
 2DIAGNOSTIC,     3, -3.414634247285e-01, 1.797693134862e+308, 5.1470e+01, 5.3673e-01, 
 2DIAGNOSTIC,     4, -3.414764986126e-01, 1.797693134862e+308, 5.2007e+01, 5.3707e-01, 
 2DIAGNOSTIC,     5, -3.414674841579e-01, 1.797693134862e+308, 5.2456e+01, 4.4882e-01, 
 2DIAGNOSTIC,     6, -3.415105530666e-01, 1.797693134862e+308, 5.2903e+01, 4.4708e-01, 
 2DIAGNOSTIC,     7, -3.415645663435e-01, 1.797693134862e+308, 5.3352e+01, 4.4855e-01, 
 2DIAGNOSTIC,     8, -3.416953880874e-01, 1.797693134862e+308, 5.3800e+01, 4.4792e-01, 
 2DIAGNOSTIC,     9, -3.418527347033e-01, 1.797693134862e+308, 5.4248e+01, 4.4813e-01, 
 2DIAGNOSTIC,    10, -3.422955707706e-01, 1.246346686201e-04, 5.4962e+01, 7.1409e-01, 
 2DIAGNOSTIC,    11, -3.423215798237e-01, 1.507963391016e-04, 5.5500e+01, 5.3791e-01, 
 2DIAGNOSTIC,    12, -3.423684134736e-01, 1.694039052720e-04, 5.6037e+01, 5.3720e-01, 
 2DIAGNOSTIC,    13, -3.425608499599e-01, 1.820574981165e-04, 5.6575e+01, 5.3752e-01, 
 2DIAGNOSTIC,    14, -3.425928346708e-01, 1.788079276041e-04, 5.7289e+01, 7.1398e-01, 
 2DIAGNOSTIC,    15, -3.425853262424e-01, 1.587169827314e-04, 5.7825e+01, 5.3661e-01, 
 2DIAGNOSTIC,    16, -3.425732304817e-01, 1.286037467191e-04, 5.8362e+01, 5.3675e-01, 
 2DIAGNOSTIC,    17, -3.425703970522e-01, 9.310809964045e-05, 5.8900e+01, 5.3833e-01, 
 2DIAGNOSTIC,    18, -3.425575419524e-01, 5.846709573398e-05, 5.9437e+01, 5.3647e-01, 
 2DIAGNOSTIC,    19, -3.425534624871e-01, 2.837086554601e-05, 5.9886e+01, 4.4928e-01, 
 2DIAGNOSTIC,    20, -3.425359228497e-01, 1.659768752932e-05, 6.0424e+01, 5.3765e-01, 
 2DIAGNOSTIC,    21, -3.425317595419e-01, 5.492278851139e-06, 6.0871e+01, 4.4744e-01, 
DIAGNOSTIC,Iteration,metricValue,convergenceValue,ITERATION_TIME_INDEX,SINCE_LAST
 2DIAGNOSTIC,     1, -2.954010321699e-01, 1.797693134862e+308, 6.9797e+01, 8.9255e+00, 
  Elapsed time (stage 0): 7.1693e+01


Stage 1
  iterations = 1000x500x250x0
  convergence threshold = 1.0000e-06
  convergence window size = 10
  number of levels = 4
  using the Mattes MI metric (number of bins = 32, weight = 1.0000e+00)
  preprocessing:  winsorizing the image intensities
  Shrink factors (level 1 out of 4): [12, 12, 12]
  Shrink factors (level 2 out of 4): [8, 8, 8]
  Shrink factors (level 3 out of 4): [4, 4, 4]
  Shrink factors (level 4 out of 4): [2, 2, 2]
  smoothing sigmas per level: [4, 3, 2, 1]
  regular sampling (percentage = 2.5000e-01)

*** Running AffineTransform registration ***

DIAGNOSTIC,Iteration,metricValue,convergenceValue,ITERATION_TIME_INDEX,SINCE_LAST
 2DIAGNOSTIC,     1, -4.633206382922e-01, 1.797693134862e+308, 2.2020e+01, 2.2020e+01, 
 2DIAGNOSTIC,     2, -4.647281925717e-01, 1.797693134862e+308, 2.2034e+01, 1.3813e-02, 
 2DIAGNOSTIC,     3, -4.673966775855e-01, 1.797693134862e+308, 2.2047e+01, 1.3136e-02, 
 2DIAGNOSTIC,     4, -4.718897750824e-01, 1.797693134862e+308, 2.2061e+01, 1.3428e-02, 
 2DIAGNOSTIC,     5, -4.787374245900e-01, 1.797693134862e+308, 2.2074e+01, 1.3373e-02, 
 2DIAGNOSTIC,     6, -4.915610638421e-01, 1.797693134862e+308, 2.2088e+01, 1.3907e-02, 
 2DIAGNOSTIC,     7, -4.968097823720e-01, 1.797693134862e+308, 2.2103e+01, 1.5364e-02, 
 2DIAGNOSTIC,     8, -5.067370771314e-01, 1.797693134862e+308, 2.2119e+01, 1.5817e-02, 
 2DIAGNOSTIC,     9, -5.219897075129e-01, 1.797693134862e+308, 2.2135e+01, 1.5513e-02, 
 2DIAGNOSTIC,    10, -5.344178588039e-01, 9.432826776012e-03, 2.2151e+01, 1.6405e-02, 
 2DIAGNOSTIC,    11, -5.357853312291e-01, 9.351524774402e-03, 2.2167e+01, 1.6111e-02, 
 2DIAGNOSTIC,    12, -5.384185157977e-01, 8.654108737555e-03, 2.2185e+01, 1.8317e-02, 
 2DIAGNOSTIC,    13, -5.396360956641e-01, 7.466768496494e-03, 2.2201e+01, 1.5960e-02, 
 2DIAGNOSTIC,    14, -5.403988419223e-01, 5.986919797274e-03, 2.2218e+01, 1.6112e-02, 
 2DIAGNOSTIC,    15, -5.406362285992e-01, 4.424929204117e-03, 2.2233e+01, 1.5759e-02, 
 2DIAGNOSTIC,    16, -5.408338851380e-01, 3.127313022212e-03, 2.2251e+01, 1.7608e-02, 
 2DIAGNOSTIC,    17, -5.405700881366e-01, 1.870149003761e-03, 2.2266e+01, 1.5611e-02, 
 2DIAGNOSTIC,    18, -5.406503184841e-01, 8.883547699611e-04, 2.2281e+01, 1.4666e-02, 
 2DIAGNOSTIC,    19, -5.405556256364e-01, 3.658476352066e-04, 2.2297e+01, 1.5712e-02, 
 2DIAGNOSTIC,    20, -5.402135487862e-01, 1.982213604419e-04, 2.2312e+01, 1.4709e-02, 
 2DIAGNOSTIC,    21, -5.403202107898e-01, 6.661405373107e-05, 2.2327e+01, 1.5920e-02, 
 2DIAGNOSTIC,    22, -5.401141096898e-01, 1.408716861058e-06, 2.2344e+01, 1.6089e-02, 
DIAGNOSTIC,Iteration,metricValue,convergenceValue,ITERATION_TIME_INDEX,SINCE_LAST
 2DIAGNOSTIC,     1, -4.487899744318e-01, 1.797693134862e+308, 3.8405e+01, 1.6062e+01, 
 2DIAGNOSTIC,     2, -4.490873467632e-01, 1.797693134862e+308, 3.8487e+01, 8.1693e-02, 
 2DIAGNOSTIC,     3, -4.497648752359e-01, 1.797693134862e+308, 3.8567e+01, 8.0466e-02, 
 2DIAGNOSTIC,     4, -4.497712087158e-01, 1.797693134862e+308, 3.8649e+01, 8.1436e-02, 
 2DIAGNOSTIC,     5, -4.498974488073e-01, 1.797693134862e+308, 3.8729e+01, 8.0456e-02, 
 2DIAGNOSTIC,     6, -4.501997720786e-01, 1.797693134862e+308, 3.8823e+01, 9.3243e-02, 
 2DIAGNOSTIC,     7, -4.502312293551e-01, 1.797693134862e+308, 3.8904e+01, 8.1069e-02, 
 2DIAGNOSTIC,     8, -4.502355600356e-01, 1.797693134862e+308, 3.8986e+01, 8.2665e-02, 
 2DIAGNOSTIC,     9, -4.501735646793e-01, 1.797693134862e+308, 3.9056e+01, 6.9926e-02, 
 2DIAGNOSTIC,    10, -4.501779866988e-01, 1.884340987393e-04, 3.9140e+01, 8.3424e-02, 
 2DIAGNOSTIC,    11, -4.502214203591e-01, 1.143421479509e-04, 3.9222e+01, 8.2132e-02, 
 2DIAGNOSTIC,    12, -4.501654154957e-01, 5.420767943422e-05, 3.9293e+01, 7.1420e-02, 
 2DIAGNOSTIC,    13, -4.502729756967e-01, 3.723699540956e-05, 3.9364e+01, 7.0590e-02, 
 2DIAGNOSTIC,    14, -4.503731812713e-01, 2.427178763419e-05, 3.9447e+01, 8.3045e-02, 
 2DIAGNOSTIC,    15, -4.504425399492e-01, 1.881343673441e-05, 3.9528e+01, 8.1545e-02, 
 2DIAGNOSTIC,    16, -4.505159677064e-01, 2.728273426970e-05, 3.9600e+01, 7.1721e-02, 
 2DIAGNOSTIC,    17, -4.506389857603e-01, 3.816180902898e-05, 3.9682e+01, 8.1610e-02, 
 2DIAGNOSTIC,    18, -4.507355257224e-01, 4.798326043284e-05, 3.9765e+01, 8.2807e-02, 
 2DIAGNOSTIC,    19, -4.509460836190e-01, 5.732435226302e-05, 3.9847e+01, 8.2080e-02, 
 2DIAGNOSTIC,    20, -4.509016753543e-01, 5.914441286538e-05, 3.9919e+01, 7.2314e-02, 
 2DIAGNOSTIC,    21, -4.510161230227e-01, 6.041423893699e-05, 4.0001e+01, 8.1613e-02, 
 2DIAGNOSTIC,    22, -4.511713178169e-01, 5.880449998447e-05, 4.0083e+01, 8.2839e-02, 
 2DIAGNOSTIC,    23, -4.511266954667e-01, 5.349049220613e-05, 4.0165e+01, 8.1631e-02, 
 2DIAGNOSTIC,    24, -4.511022262174e-01, 4.578486573946e-05, 4.0248e+01, 8.3093e-02, 
 2DIAGNOSTIC,    25, -4.511158019830e-01, 3.669579350952e-05, 4.0330e+01, 8.1958e-02, 
 2DIAGNOSTIC,    26, -4.510794347155e-01, 2.581009493061e-05, 4.0414e+01, 8.3534e-02, 
 2DIAGNOSTIC,    27, -4.511526345905e-01, 1.793105370907e-05, 4.0485e+01, 7.0991e-02, 
 2DIAGNOSTIC,    28, -4.511481003253e-01, 1.095680665591e-05, 4.0556e+01, 7.1800e-02, 
 2DIAGNOSTIC,    29, -4.513349936730e-01, 1.231697437204e-05, 4.0717e+01, 1.6036e-01, 
 2DIAGNOSTIC,    30, -4.512936880581e-01, 1.058978612224e-05, 4.0799e+01, 8.2668e-02, 
 2DIAGNOSTIC,    31, -4.512761366758e-01, 1.000872663980e-05, 4.0881e+01, 8.1186e-02, 
 2DIAGNOSTIC,    32, -4.511684593421e-01, 9.612540992819e-06, 4.0964e+01, 8.2882e-02, 
 2DIAGNOSTIC,    33, -4.511850982121e-01, 7.918076915053e-06, 4.1034e+01, 7.0474e-02, 
 2DIAGNOSTIC,    34, -4.511139969114e-01, 3.803773172162e-06, 4.1117e+01, 8.3372e-02, 
DIAGNOSTIC,Iteration,metricValue,convergenceValue,ITERATION_TIME_INDEX,SINCE_LAST
 2DIAGNOSTIC,     1, -3.829100251982e-01, 1.797693134862e+308, 5.0617e+01, 9.4999e+00, 
 2DIAGNOSTIC,     2, -3.832481683267e-01, 1.797693134862e+308, 5.1194e+01, 5.7704e-01, 
 2DIAGNOSTIC,     3, -3.836266071708e-01, 1.797693134862e+308, 5.1763e+01, 5.6901e-01, 
 2DIAGNOSTIC,     4, -3.841109694949e-01, 1.797693134862e+308, 5.2342e+01, 5.7881e-01, 
 2DIAGNOSTIC,     5, -3.849691094609e-01, 1.797693134862e+308, 5.2908e+01, 5.6606e-01, 
 2DIAGNOSTIC,     6, -3.856115240744e-01, 1.797693134862e+308, 5.3582e+01, 6.7338e-01, 
 2DIAGNOSTIC,     7, -3.861871851152e-01, 1.797693134862e+308, 5.4622e+01, 1.0408e+00, 
 2DIAGNOSTIC,     8, -3.862351154391e-01, 1.797693134862e+308, 5.5485e+01, 8.6220e-01, 
 2DIAGNOSTIC,     9, -3.862326952998e-01, 1.797693134862e+308, 5.6334e+01, 8.4937e-01, 
 2DIAGNOSTIC,    10, -3.862394245082e-01, 6.561285227589e-04, 5.7100e+01, 7.6595e-01, 
 2DIAGNOSTIC,    11, -3.862340974658e-01, 5.024150364301e-04, 5.7757e+01, 6.5705e-01, 
 2DIAGNOSTIC,    12, -3.862304226169e-01, 3.499908106710e-04, 5.8521e+01, 7.6441e-01, 
 2DIAGNOSTIC,    13, -3.862278911758e-01, 2.112896837762e-04, 5.9173e+01, 6.5132e-01, 
 2DIAGNOSTIC,    14, -3.862214445291e-01, 9.826013448638e-05, 5.9846e+01, 6.7343e-01, 
 2DIAGNOSTIC,    15, -3.862137981913e-01, 3.286398574148e-05, 6.0405e+01, 5.5855e-01, 
 2DIAGNOSTIC,    16, -3.862172250426e-01, 1.878344761230e-06, 6.0978e+01, 5.7299e-01, 
DIAGNOSTIC,Iteration,metricValue,convergenceValue,ITERATION_TIME_INDEX,SINCE_LAST
 2DIAGNOSTIC,     1, -3.322964298125e-01, 1.797693134862e+308, 7.0829e+01, 9.8510e+00, 
  Elapsed time (stage 1): 7.2721e+01


Stage 2
  iterations = 100x100x70x50x0
  convergence threshold = 1.0000e-06
  convergence window size = 10
  number of levels = 5
  using the Mattes MI metric (number of bins = 32, weight = 1.0000e+00)
  preprocessing:  winsorizing the image intensities
  Shrink factors (level 1 out of 5): [10, 10, 10]
  Shrink factors (level 2 out of 5): [6, 6, 6]
  Shrink factors (level 3 out of 5): [4, 4, 4]
  Shrink factors (level 4 out of 5): [2, 2, 2]
  Shrink factors (level 5 out of 5): [1, 1, 1]
  smoothing sigmas per level: [5, 3, 2, 1, 0]
  Using default NONE metricSamplingStrategy 

*** Running SyN registration (varianceForUpdateField = 3.0000e+00, varianceForTotalField = 0.0000e+00) ***

XXDIAGNOSTIC,Iteration,metricValue,convergenceValue,ITERATION_TIME_INDEX,SINCE_LAST
 1DIAGNOSTIC,     1, -5.177814490228e-01, 1.797693134862e+308, 3.5629e+01, 3.5629e+01, 
 1DIAGNOSTIC,     2, -5.374974339224e-01, 1.797693134862e+308, 3.5769e+01, 1.4006e-01, 
 1DIAGNOSTIC,     3, -5.522018788648e-01, 1.797693134862e+308, 3.5910e+01, 1.4035e-01, 
 1DIAGNOSTIC,     4, -5.607284449913e-01, 1.797693134862e+308, 3.6047e+01, 1.3757e-01, 
 1DIAGNOSTIC,     5, -5.634943088311e-01, 1.797693134862e+308, 3.6184e+01, 1.3711e-01, 
 1DIAGNOSTIC,     6, -5.633511964577e-01, 1.797693134862e+308, 3.6319e+01, 1.3442e-01, 
 1DIAGNOSTIC,     7, -5.630755667244e-01, 1.797693134862e+308, 3.6453e+01, 1.3424e-01, 
 1DIAGNOSTIC,     8, -5.599422698084e-01, 1.797693134862e+308, 3.6588e+01, 1.3441e-01, 
 1DIAGNOSTIC,     9, -5.601275962206e-01, 1.797693134862e+308, 3.6722e+01, 1.3441e-01, 
 1DIAGNOSTIC,    10, -5.566696292787e-01, 3.349322729766e-03, 3.6857e+01, 1.3550e-01, 
 1DIAGNOSTIC,    11, -5.554293984904e-01, 9.226924243999e-04, 3.6992e+01, 1.3501e-01, 
 1DIAGNOSTIC,    12, -5.544691009291e-01, -3.898352907500e-04, 3.7128e+01, 1.3526e-01, 
XXDIAGNOSTIC,Iteration,metricValue,convergenceValue,ITERATION_TIME_INDEX,SINCE_LAST
 1DIAGNOSTIC,     1, -4.370711957483e-01, 1.797693134862e+308, 5.3619e+01, 1.6492e+01, 
 1DIAGNOSTIC,     2, -4.396777709640e-01, 1.797693134862e+308, 5.4171e+01, 5.5160e-01, 
 1DIAGNOSTIC,     3, -4.410590521609e-01, 1.797693134862e+308, 5.4707e+01, 5.3642e-01, 
 1DIAGNOSTIC,     4, -4.413240909683e-01, 1.797693134862e+308, 5.5245e+01, 5.3712e-01, 
 1DIAGNOSTIC,     5, -4.410165517612e-01, 1.797693134862e+308, 5.5782e+01, 5.3721e-01, 
 1DIAGNOSTIC,     6, -4.405194817196e-01, 1.797693134862e+308, 5.6317e+01, 5.3564e-01, 
 1DIAGNOSTIC,     7, -4.398295131741e-01, 1.797693134862e+308, 5.6854e+01, 5.3675e-01, 
 1DIAGNOSTIC,     8, -4.393401809223e-01, 1.797693134862e+308, 5.7391e+01, 5.3699e-01, 
 1DIAGNOSTIC,     9, -4.385311172002e-01, 1.797693134862e+308, 5.7945e+01, 5.5348e-01, 
 1DIAGNOSTIC,    10, -4.377335749606e-01, -1.471949630716e-04, 5.8498e+01, 5.5318e-01, 
XXDIAGNOSTIC,Iteration,metricValue,convergenceValue,ITERATION_TIME_INDEX,SINCE_LAST
 1DIAGNOSTIC,     1, -3.721214030078e-01, 1.797693134862e+308, 6.9069e+01, 1.0571e+01, 
 1DIAGNOSTIC,     2, -3.730128724594e-01, 1.797693134862e+308, 7.0758e+01, 1.6891e+00, 
 1DIAGNOSTIC,     3, -3.738498666039e-01, 1.797693134862e+308, 7.2462e+01, 1.7037e+00, 
 1DIAGNOSTIC,     4, -3.743968171655e-01, 1.797693134862e+308, 7.4157e+01, 1.6949e+00, 
 1DIAGNOSTIC,     5, -3.746711415763e-01, 1.797693134862e+308, 7.5847e+01, 1.6901e+00, 
 1DIAGNOSTIC,     6, -3.747337129838e-01, 1.797693134862e+308, 7.7541e+01, 1.6943e+00, 
 1DIAGNOSTIC,     7, -3.748141962131e-01, 1.797693134862e+308, 7.9239e+01, 1.6975e+00, 
 1DIAGNOSTIC,     8, -3.747537882115e-01, 1.797693134862e+308, 8.0989e+01, 1.7499e+00, 
 1DIAGNOSTIC,     9, -3.744219085549e-01, 1.797693134862e+308, 8.2698e+01, 1.7091e+00, 
 1DIAGNOSTIC,    10, -3.740991119294e-01, 3.107664069217e-04, 8.4442e+01, 1.7442e+00, 
 1DIAGNOSTIC,    11, -3.738286771591e-01, 7.908422403868e-05, 8.6188e+01, 1.7460e+00, 
 1DIAGNOSTIC,    12, -3.737379230289e-01, -7.114353159944e-05, 8.7932e+01, 1.7444e+00, 
XXDIAGNOSTIC,Iteration,metricValue,convergenceValue,ITERATION_TIME_INDEX,SINCE_LAST
 1DIAGNOSTIC,     1, -3.144786822601e-01, 1.797693134862e+308, 1.0708e+02, 1.9145e+01, 
 1DIAGNOSTIC,     2, -3.153599348042e-01, 1.797693134862e+308, 1.1966e+02, 1.2581e+01, 
 1DIAGNOSTIC,     3, -3.162964208793e-01, 1.797693134862e+308, 1.3266e+02, 1.3002e+01, 
 1DIAGNOSTIC,     4, -3.172517586317e-01, 1.797693134862e+308, 1.4526e+02, 1.2599e+01, 
 1DIAGNOSTIC,     5, -3.179425673624e-01, 1.797693134862e+308, 1.5785e+02, 1.2593e+01, 
 1DIAGNOSTIC,     6, -3.185559672208e-01, 1.797693134862e+308, 1.7047e+02, 1.2619e+01, 
 1DIAGNOSTIC,     7, -3.191157532533e-01, 1.797693134862e+308, 1.8354e+02, 1.3068e+01, 
 1DIAGNOSTIC,     8, -3.196375234313e-01, 1.797693134862e+308, 1.9659e+02, 1.3050e+01, 
 1DIAGNOSTIC,     9, -3.200767513408e-01, 1.797693134862e+308, 2.1004e+02, 1.3446e+01, 
 1DIAGNOSTIC,    10, -3.205321656175e-01, 1.209260370409e-03, 2.2349e+02, 1.3450e+01, 
 1DIAGNOSTIC,    11, -3.208993424441e-01, 9.859767533338e-04, 2.3699e+02, 1.3501e+01, 
 1DIAGNOSTIC,    12, -3.212155187823e-01, 7.999482312950e-04, 2.5005e+02, 1.3064e+01, 
 1DIAGNOSTIC,    13, -3.214887929925e-01, 6.524932939113e-04, 2.6354e+02, 1.3488e+01, 
 1DIAGNOSTIC,    14, -3.217638789419e-01, 5.447801544329e-04, 2.7659e+02, 1.3053e+01, 
 1DIAGNOSTIC,    15, -3.219787768520e-01, 4.550710371971e-04, 2.9005e+02, 1.3460e+01, 
 1DIAGNOSTIC,    16, -3.222605209087e-01, 3.843768936745e-04, 3.0360e+02, 1.3545e+01, 
 1DIAGNOSTIC,    17, -3.224748466668e-01, 3.268116004359e-04, 3.1708e+02, 1.3482e+01, 
 1DIAGNOSTIC,    18, -3.226395659257e-01, 2.792436729917e-04, 3.3059e+02, 1.3515e+01, 
 1DIAGNOSTIC,    19, -3.227841190316e-01, 2.379759621286e-04, 3.4412e+02, 1.3532e+01, 
 1DIAGNOSTIC,    20, -3.229370758358e-01, 2.056429342339e-04, 3.5762e+02, 1.3497e+01, 
 1DIAGNOSTIC,    21, -3.230883833917e-01, 1.790110847584e-04, 3.7108e+02, 1.3458e+01, 
 1DIAGNOSTIC,    22, -3.231994082398e-01, 1.552269002144e-04, 3.8457e+02, 1.3492e+01, 
 1DIAGNOSTIC,    23, -3.233284232310e-01, 1.345181127163e-04, 3.9804e+02, 1.3469e+01, 
 1DIAGNOSTIC,    24, -3.234346927121e-01, 1.170606058946e-04, 4.1150e+02, 1.3462e+01, 
 1DIAGNOSTIC,    25, -3.235366984691e-01, 1.011642297007e-04, 4.2500e+02, 1.3499e+01, 
 1DIAGNOSTIC,    26, -3.236134389576e-01, 8.915976033975e-05, 4.3849e+02, 1.3493e+01, 
 1DIAGNOSTIC,    27, -3.236553122553e-01, 7.809032706438e-05, 4.5195e+02, 1.3456e+01, 
 1DIAGNOSTIC,    28, -3.236855616875e-01, 6.668680693479e-05, 4.6544e+02, 1.3492e+01, 
 1DIAGNOSTIC,    29, -3.237732086738e-01, 5.689819615600e-05, 4.7894e+02, 1.3498e+01, 
 1DIAGNOSTIC,    30, -3.238266074786e-01, 4.843978653381e-05, 4.9243e+02, 1.3488e+01, 
 1DIAGNOSTIC,    31, -3.238606868909e-01, 4.129034581427e-05, 5.0586e+02, 1.3434e+01, 
 1DIAGNOSTIC,    32, -3.238880875600e-01, 3.458240911402e-05, 5.1931e+02, 1.3453e+01, 
 1DIAGNOSTIC,    33, -3.239610763743e-01, 3.048377094196e-05, 5.3278e+02, 1.3468e+01, 
 1DIAGNOSTIC,    34, -3.240063112620e-01, 2.765395666510e-05, 5.4634e+02, 1.3558e+01, 
 1DIAGNOSTIC,    35, -3.240632816556e-01, 2.640008476484e-05, 5.5980e+02, 1.3456e+01, 
 1DIAGNOSTIC,    36, -3.240943686665e-01, 2.543562693284e-05, 5.7324e+02, 1.3442e+01, 
 1DIAGNOSTIC,    37, -3.241120361596e-01, 2.362720762020e-05, 5.8673e+02, 1.3493e+01, 
 1DIAGNOSTIC,    38, -3.241669178528e-01, 2.167901786159e-05, 6.0021e+02, 1.3475e+01, 
 1DIAGNOSTIC,    39, -3.241794203908e-01, 2.005096490981e-05, 6.1365e+02, 1.3446e+01, 
 1DIAGNOSTIC,    40, -3.242072266821e-01, 1.846128240891e-05, 6.2708e+02, 1.3431e+01, 
 1DIAGNOSTIC,    41, -3.242548038038e-01, 1.702873630162e-05, 6.4059e+02, 1.3507e+01, 
 1DIAGNOSTIC,    42, -3.242661109654e-01, 1.488384726107e-05, 6.5408e+02, 1.3488e+01, 
 1DIAGNOSTIC,    43, -3.242812773788e-01, 1.329067382113e-05, 6.6762e+02, 1.3543e+01, 
 1DIAGNOSTIC,    44, -3.243040078227e-01, 1.191387778055e-05, 6.8103e+02, 1.3404e+01, 
 1DIAGNOSTIC,    45, -3.243406988185e-01, 1.135024140227e-05, 6.9445e+02, 1.3423e+01, 
 1DIAGNOSTIC,    46, -3.243415575591e-01, 1.038456369371e-05, 7.0790e+02, 1.3453e+01, 
 1DIAGNOSTIC,    47, -3.243272149859e-01, 8.583850578319e-06, 7.2144e+02, 1.3541e+01, 
 1DIAGNOSTIC,    48, -3.242697704093e-01, 6.080317540590e-06, 7.3493e+02, 1.3489e+01, 
 1DIAGNOSTIC,    49, -3.242430366022e-01, 2.920458144876e-06, 7.4850e+02, 1.3565e+01, 
 1DIAGNOSTIC,    50, -3.241797728774e-01, -9.873710470690e-07, 7.6198e+02, 1.3478e+01, 
  Elapsed time (stage 2): 782.6


Total elapsed time: 927

--- Writing output images ---

Using double precision for computations.
Input scalar image: data/Segmentations/1014_3_seg.nii.gz
Reference image: data/template/T_template0_BrainCerebellum.nii.gz
=============================================================================
The composite transform comprises the following transforms (in order): 
  1. /tmp/1971330.1.basic.q/1014_ToTemplate_023_0GenericAffine.mat (type = AffineTransform)
  2. /tmp/1971330.1.basic.q/1014_ToTemplate_023_1Warp.nii.gz (type = DisplacementFieldTransform)
=============================================================================
Default pixel value: 0
Interpolation type: LabelImageGenericInterpolateImageFunction
Output warped image: output/1014/1014_WarpedLabels_023.nii.gz

--- Done ---

