
--- Running on compute-1-7.local ---


--- registration call ---
/data/jet/pcook/bin/antsBuild/bin/antsRegistrationSyNQuick.sh -d 3 -f data/template/T_template0_BrainCerebellum.nii.gz -m data/Brains/1119_3.nii.gz -t s -p d -n 1 -o /tmp/1993700.1.basic.q/1119_ToTemplate_022_
---


--------------------------------------------------------------------------------------
 Mapping parameters
--------------------------------------------------------------------------------------
 ANTSPATH is /data/jet/pcook/bin/antsBuild/bin/

 Dimensionality:           3
 Output name prefix:       /tmp/1993700.1.basic.q/1119_ToTemplate_022_
 Fixed images:             data/template/T_template0_BrainCerebellum.nii.gz
 Moving images:            data/Brains/1119_3.nii.gz
 Mask images:              
 Initial transforms:       
 Number of threads:        1
 Spline distance:          26
 Transform type:           s
 MI histogram bins:        32
 Precision:                d
 Use histogram matching    0
======================================================================================
 antsRegistration call:
--------------------------------------------------------------------------------------
/data/jet/pcook/bin/antsBuild/bin//antsRegistration --verbose 1 --dimensionality 3 --float 0 --collapse-output-transforms 1 --output [/tmp/1993700.1.basic.q/1119_ToTemplate_022_,/tmp/1993700.1.basic.q/1119_ToTemplate_022_Warped.nii.gz,/tmp/1993700.1.basic.q/1119_ToTemplate_022_InverseWarped.nii.gz] --interpolation Linear --use-histogram-matching 0 --winsorize-image-intensities [0.005,0.995] --initial-moving-transform [data/template/T_template0_BrainCerebellum.nii.gz,data/Brains/1119_3.nii.gz,1] --transform Rigid[0.1] --metric MI[data/template/T_template0_BrainCerebellum.nii.gz,data/Brains/1119_3.nii.gz,1,32,Regular,0.25] --convergence [1000x500x250x0,1e-6,10] --shrink-factors 12x8x4x2 --smoothing-sigmas 4x3x2x1vox --transform Affine[0.1] --metric MI[data/template/T_template0_BrainCerebellum.nii.gz,data/Brains/1119_3.nii.gz,1,32,Regular,0.25] --convergence [1000x500x250x0,1e-6,10] --shrink-factors 12x8x4x2 --smoothing-sigmas 4x3x2x1vox --transform SyN[0.1,3,0] --metric MI[data/template/T_template0_BrainCerebellum.nii.gz,data/Brains/1119_3.nii.gz,1,32] --convergence [100x100x70x50x0,1e-6,10] --shrink-factors 10x6x4x2x1 --smoothing-sigmas 5x3x2x1x0vox
--------------------------------------------------------------------------------------
All_Command_lines_OK
Using double precision for computations.
=============================================================================
The composite transform comprises the following transforms (in order): 
  1. Center of mass alignment using fixed image: data/template/T_template0_BrainCerebellum.nii.gz and moving image: data/Brains/1119_3.nii.gz (type = Euler3DTransform)
=============================================================================
  number of levels = 4
  number of levels = 4
  number of levels = 5
  fixed image: data/template/T_template0_BrainCerebellum.nii.gz
  moving image: data/Brains/1119_3.nii.gz
  fixed image: data/template/T_template0_BrainCerebellum.nii.gz
  moving image: data/Brains/1119_3.nii.gz
  fixed image: data/template/T_template0_BrainCerebellum.nii.gz
  moving image: data/Brains/1119_3.nii.gz
Dimension = 3
Number of stages = 3
Use Histogram Matching false
Winsorize image intensities true
Lower quantile = 0.005
Upper quantile = 0.995
Stage 1 State
   Image metric = Mattes
     Fixed image = Image (0x42cbcf0)
  RTTI typeinfo:   itk::Image<double, 3u>
  Reference Count: 2
  Modified Time: 1611
  Debug: Off
  Object Name: 
  Observers: 
    none
  Source: (none)
  Source output name: (none)
  Release Data: Off
  Data Released: False
  Global Release Data: Off
  PipelineMTime: 0
  UpdateMTime: 1422
  RealTimeStamp: 0 seconds 
  LargestPossibleRegion: 
    Dimension: 3
    Index: [0, 0, 0]
    Size: [216, 256, 291]
  BufferedRegion: 
    Dimension: 3
    Index: [0, 0, 0]
    Size: [216, 256, 291]
  RequestedRegion: 
    Dimension: 3
    Index: [0, 0, 0]
    Size: [216, 256, 291]
  Spacing: [1, 1, 1]
  Origin: [0, 293, 0]
  Direction: 
1 0 0
0 -0 -1
0 -1 -0

  IndexToPointMatrix: 
1 0 0
0 0 -1
0 -1 0

  PointToIndexMatrix: 
1 0 0
0 0 -1
0 -1 0

  Inverse Direction: 
1 0 0
0 0 -1
0 -1 0

  PixelContainer: 
    ImportImageContainer (0x42cf7f0)
      RTTI typeinfo:   itk::ImportImageContainer<unsigned long, double>
      Reference Count: 1
      Modified Time: 1419
      Debug: Off
      Object Name: 
      Observers: 
        none
      Pointer: 0x7f8dad91c010
      Container manages memory: true
      Size: 16091136
      Capacity: 16091136

     Moving image = Image (0x42cdd50)
  RTTI typeinfo:   itk::Image<double, 3u>
  Reference Count: 2
  Modified Time: 1612
  Debug: Off
  Object Name: 
  Observers: 
    none
  Source: (none)
  Source output name: (none)
  Release Data: Off
  Data Released: False
  Global Release Data: Off
  PipelineMTime: 0
  UpdateMTime: 1609
  RealTimeStamp: 0 seconds 
  LargestPossibleRegion: 
    Dimension: 3
    Index: [0, 0, 0]
    Size: [256, 256, 290]
  BufferedRegion: 
    Dimension: 3
    Index: [0, 0, 0]
    Size: [256, 256, 290]
  RequestedRegion: 
    Dimension: 3
    Index: [0, 0, 0]
    Size: [256, 256, 290]
  Spacing: [1, 1, 1]
  Origin: [0, 289, 0]
  Direction: 
1 0 0
0 -0 -1
0 -1 -0

  IndexToPointMatrix: 
1 0 0
0 0 -1
0 -1 0

  PointToIndexMatrix: 
1 0 0
0 0 -1
0 -1 0

  Inverse Direction: 
1 0 0
0 0 -1
0 -1 0

  PixelContainer: 
    ImportImageContainer (0x42bef60)
      RTTI typeinfo:   itk::ImportImageContainer<unsigned long, double>
      Reference Count: 1
      Modified Time: 1606
      Debug: Off
      Object Name: 
      Observers: 
        none
      Pointer: 0x7f8da481b010
      Container manages memory: true
      Size: 19005440
      Capacity: 19005440

     Weighting = 1
     Sampling strategy = regular
     Number of bins = 32
     Radius = 4
     Sampling percentage  = 0.25
   Transform = Rigid
     Gradient step = 0.1
     Update field sigma (voxel space) = 0
     Total field sigma (voxel space) = 0
     Update field time sigma = 0
     Total field time sigma  = 0
     Number of time indices = 0
     Number of time point samples = 0
Stage 2 State
   Image metric = Mattes
     Fixed image = Image (0x42d2700)
  RTTI typeinfo:   itk::Image<double, 3u>
  Reference Count: 2
  Modified Time: 1987
  Debug: Off
  Object Name: 
  Observers: 
    none
  Source: (none)
  Source output name: (none)
  Release Data: Off
  Data Released: False
  Global Release Data: Off
  PipelineMTime: 0
  UpdateMTime: 1798
  RealTimeStamp: 0 seconds 
  LargestPossibleRegion: 
    Dimension: 3
    Index: [0, 0, 0]
    Size: [216, 256, 291]
  BufferedRegion: 
    Dimension: 3
    Index: [0, 0, 0]
    Size: [216, 256, 291]
  RequestedRegion: 
    Dimension: 3
    Index: [0, 0, 0]
    Size: [216, 256, 291]
  Spacing: [1, 1, 1]
  Origin: [0, 293, 0]
  Direction: 
1 0 0
0 -0 -1
0 -1 -0

  IndexToPointMatrix: 
1 0 0
0 0 -1
0 -1 0

  PointToIndexMatrix: 
1 0 0
0 0 -1
0 -1 0

  Inverse Direction: 
1 0 0
0 0 -1
0 -1 0

  PixelContainer: 
    ImportImageContainer (0x42ce970)
      RTTI typeinfo:   itk::ImportImageContainer<unsigned long, double>
      Reference Count: 1
      Modified Time: 1795
      Debug: Off
      Object Name: 
      Observers: 
        none
      Pointer: 0x7f8d9cd56010
      Container manages memory: true
      Size: 16091136
      Capacity: 16091136

     Moving image = Image (0x42df080)
  RTTI typeinfo:   itk::Image<double, 3u>
  Reference Count: 2
  Modified Time: 1988
  Debug: Off
  Object Name: 
  Observers: 
    none
  Source: (none)
  Source output name: (none)
  Release Data: Off
  Data Released: False
  Global Release Data: Off
  PipelineMTime: 0
  UpdateMTime: 1985
  RealTimeStamp: 0 seconds 
  LargestPossibleRegion: 
    Dimension: 3
    Index: [0, 0, 0]
    Size: [256, 256, 290]
  BufferedRegion: 
    Dimension: 3
    Index: [0, 0, 0]
    Size: [256, 256, 290]
  RequestedRegion: 
    Dimension: 3
    Index: [0, 0, 0]
    Size: [256, 256, 290]
  Spacing: [1, 1, 1]
  Origin: [0, 289, 0]
  Direction: 
1 0 0
0 -0 -1
0 -1 -0

  IndexToPointMatrix: 
1 0 0
0 0 -1
0 -1 0

  PointToIndexMatrix: 
1 0 0
0 0 -1
0 -1 0

  Inverse Direction: 
1 0 0
0 0 -1
0 -1 0

  PixelContainer: 
    ImportImageContainer (0x42dea00)
      RTTI typeinfo:   itk::ImportImageContainer<unsigned long, double>
      Reference Count: 1
      Modified Time: 1982
      Debug: Off
      Object Name: 
      Observers: 
        none
      Pointer: 0x7f8d93c55010
      Container manages memory: true
      Size: 19005440
      Capacity: 19005440

     Weighting = 1
     Sampling strategy = regular
     Number of bins = 32
     Radius = 4
     Sampling percentage  = 0.25
   Transform = Affine
     Gradient step = 0.1
     Update field sigma (voxel space) = 0
     Total field sigma (voxel space) = 0
     Update field time sigma = 0
     Total field time sigma  = 0
     Number of time indices = 0
     Number of time point samples = 0
Stage 3 State
   Image metric = Mattes
     Fixed image = Image (0x42e49a0)
  RTTI typeinfo:   itk::Image<double, 3u>
  Reference Count: 2
  Modified Time: 2363
  Debug: Off
  Object Name: 
  Observers: 
    none
  Source: (none)
  Source output name: (none)
  Release Data: Off
  Data Released: False
  Global Release Data: Off
  PipelineMTime: 0
  UpdateMTime: 2174
  RealTimeStamp: 0 seconds 
  LargestPossibleRegion: 
    Dimension: 3
    Index: [0, 0, 0]
    Size: [216, 256, 291]
  BufferedRegion: 
    Dimension: 3
    Index: [0, 0, 0]
    Size: [216, 256, 291]
  RequestedRegion: 
    Dimension: 3
    Index: [0, 0, 0]
    Size: [216, 256, 291]
  Spacing: [1, 1, 1]
  Origin: [0, 293, 0]
  Direction: 
1 0 0
0 -0 -1
0 -1 -0

  IndexToPointMatrix: 
1 0 0
0 0 -1
0 -1 0

  PointToIndexMatrix: 
1 0 0
0 0 -1
0 -1 0

  Inverse Direction: 
1 0 0
0 0 -1
0 -1 0

  PixelContainer: 
    ImportImageContainer (0x42dd740)
      RTTI typeinfo:   itk::ImportImageContainer<unsigned long, double>
      Reference Count: 1
      Modified Time: 2171
      Debug: Off
      Object Name: 
      Observers: 
        none
      Pointer: 0x7f8d8c190010
      Container manages memory: true
      Size: 16091136
      Capacity: 16091136

     Moving image = Image (0x42e7110)
  RTTI typeinfo:   itk::Image<double, 3u>
  Reference Count: 2
  Modified Time: 2364
  Debug: Off
  Object Name: 
  Observers: 
    none
  Source: (none)
  Source output name: (none)
  Release Data: Off
  Data Released: False
  Global Release Data: Off
  PipelineMTime: 0
  UpdateMTime: 2361
  RealTimeStamp: 0 seconds 
  LargestPossibleRegion: 
    Dimension: 3
    Index: [0, 0, 0]
    Size: [256, 256, 290]
  BufferedRegion: 
    Dimension: 3
    Index: [0, 0, 0]
    Size: [256, 256, 290]
  RequestedRegion: 
    Dimension: 3
    Index: [0, 0, 0]
    Size: [256, 256, 290]
  Spacing: [1, 1, 1]
  Origin: [0, 289, 0]
  Direction: 
1 0 0
0 -0 -1
0 -1 -0

  IndexToPointMatrix: 
1 0 0
0 0 -1
0 -1 0

  PointToIndexMatrix: 
1 0 0
0 0 -1
0 -1 0

  Inverse Direction: 
1 0 0
0 0 -1
0 -1 0

  PixelContainer: 
    ImportImageContainer (0x42e4c30)
      RTTI typeinfo:   itk::ImportImageContainer<unsigned long, double>
      Reference Count: 1
      Modified Time: 2358
      Debug: Off
      Object Name: 
      Observers: 
        none
      Pointer: 0x7f8d8308f010
      Container manages memory: true
      Size: 19005440
      Capacity: 19005440

     Weighting = 1
     Sampling strategy = none
     Number of bins = 32
     Radius = 4
     Sampling percentage  = 1
   Transform = SyN
     Gradient step = 0.1
     Update field sigma (voxel space) = 3
     Total field sigma (voxel space) = 0
     Update field time sigma = 0
     Total field time sigma  = 0
     Number of time indices = 0
     Number of time point samples = 0
Registration using 3 total stages.

Stage 0
  iterations = 1000x500x250x0
  convergence threshold = 1e-06
  convergence window size = 10
  number of levels = 4
  using the Mattes MI metric (number of bins = 32, weight = 1)
  preprocessing:  winsorizing the image intensities
  Shrink factors (level 1 out of 4): [12, 12, 12]
  Shrink factors (level 2 out of 4): [8, 8, 8]
  Shrink factors (level 3 out of 4): [4, 4, 4]
  Shrink factors (level 4 out of 4): [2, 2, 2]
  smoothing sigmas per level: [4, 3, 2, 1]
  regular sampling (percentage = 0.25)

*** Running Euler3DTransform registration ***

DIAGNOSTIC,Iteration,metricValue,convergenceValue,ITERATION_TIME_INDEX,SINCE_LAST
 2DIAGNOSTIC,     1, -4.065179518282e-01, 1.797693134862e+308, 2.1390e+01, 2.1390e+01, 
 2DIAGNOSTIC,     2, -4.076847097273e-01, 1.797693134862e+308, 2.1403e+01, 1.3003e-02, 
 2DIAGNOSTIC,     3, -4.085347808653e-01, 1.797693134862e+308, 2.1414e+01, 1.1048e-02, 
 2DIAGNOSTIC,     4, -4.090152353507e-01, 1.797693134862e+308, 2.1427e+01, 1.2701e-02, 
 2DIAGNOSTIC,     5, -4.091242705806e-01, 1.797693134862e+308, 2.1439e+01, 1.2456e-02, 
 2DIAGNOSTIC,     6, -4.090368231657e-01, 1.797693134862e+308, 2.1450e+01, 1.0962e-02, 
 2DIAGNOSTIC,     7, -4.089537714663e-01, 1.797693134862e+308, 2.1461e+01, 1.0850e-02, 
 2DIAGNOSTIC,     8, -4.089997015567e-01, 1.797693134862e+308, 2.1472e+01, 1.0976e-02, 
 2DIAGNOSTIC,     9, -4.088961706202e-01, 1.797693134862e+308, 2.1483e+01, 1.0949e-02, 
 2DIAGNOSTIC,    10, -4.087902363741e-01, 2.545832748632e-04, 2.1495e+01, 1.1654e-02, 
 2DIAGNOSTIC,    11, -4.090376401613e-01, 9.272308071634e-05, 2.1506e+01, 1.1523e-02, 
 2DIAGNOSTIC,    12, -4.093736304696e-01, 3.544146918259e-05, 2.1526e+01, 1.9131e-02, 
 2DIAGNOSTIC,    13, -4.093805523638e-01, 2.867320234597e-05, 2.1537e+01, 1.1317e-02, 
 2DIAGNOSTIC,    14, -4.092545746448e-01, 3.831181173919e-05, 2.1550e+01, 1.3088e-02, 
 2DIAGNOSTIC,    15, -4.091287711658e-01, 4.318490854149e-05, 2.1561e+01, 1.1446e-02, 
 2DIAGNOSTIC,    16, -4.091451104319e-01, 4.052373247317e-05, 2.1573e+01, 1.1532e-02, 
 2DIAGNOSTIC,    17, -4.091733447039e-01, 3.177530198512e-05, 2.1586e+01, 1.2899e-02, 
 2DIAGNOSTIC,    18, -4.090651071562e-01, 1.891501271442e-05, 2.1597e+01, 1.1396e-02, 
 2DIAGNOSTIC,    19, -4.092937090004e-01, 1.104584851676e-05, 2.1609e+01, 1.1430e-02, 
 2DIAGNOSTIC,    20, -4.100591482956e-01, 2.574048080430e-05, 2.1624e+01, 1.5015e-02, 
 2DIAGNOSTIC,    21, -4.100769278881e-01, 4.448528507804e-05, 2.1640e+01, 1.6353e-02, 
 2DIAGNOSTIC,    22, -4.099302164278e-01, 6.375930647930e-05, 2.1652e+01, 1.1624e-02, 
 2DIAGNOSTIC,    23, -4.104030159616e-01, 9.061810724173e-05, 2.1663e+01, 1.1477e-02, 
 2DIAGNOSTIC,    24, -4.112291589987e-01, 1.266284330460e-04, 2.1678e+01, 1.4999e-02, 
 2DIAGNOSTIC,    25, -4.119975802640e-01, 1.648167524104e-04, 2.1693e+01, 1.4417e-02, 
 2DIAGNOSTIC,    26, -4.125071089441e-01, 1.985603244963e-04, 2.1706e+01, 1.3146e-02, 
 2DIAGNOSTIC,    27, -4.131774897446e-01, 2.298439266094e-04, 2.1717e+01, 1.1582e-02, 
 2DIAGNOSTIC,    28, -4.135413323856e-01, 2.434380188586e-04, 2.1730e+01, 1.2966e-02, 
 2DIAGNOSTIC,    29, -4.137085011381e-01, 2.417924052132e-04, 2.1743e+01, 1.2884e-02, 
 2DIAGNOSTIC,    30, -4.141734884927e-01, 2.458839447100e-04, 2.1758e+01, 1.4870e-02, 
 2DIAGNOSTIC,    31, -4.147285575637e-01, 2.394275870550e-04, 2.1770e+01, 1.1527e-02, 
 2DIAGNOSTIC,    32, -4.148245011277e-01, 2.094109402156e-04, 2.1783e+01, 1.3057e-02, 
 2DIAGNOSTIC,    33, -4.150595788547e-01, 1.762420172986e-04, 2.1799e+01, 1.6472e-02, 
 2DIAGNOSTIC,    34, -4.149791177391e-01, 1.434438368489e-04, 2.1810e+01, 1.1386e-02, 
 2DIAGNOSTIC,    35, -4.150254730047e-01, 1.150251935385e-04, 2.1823e+01, 1.2886e-02, 
 2DIAGNOSTIC,    36, -4.152118569316e-01, 9.030242484843e-05, 2.1839e+01, 1.6004e-02, 
 2DIAGNOSTIC,    37, -4.152260488300e-01, 7.100455576914e-05, 2.1851e+01, 1.1359e-02, 
 2DIAGNOSTIC,    38, -4.153272265393e-01, 5.466929125239e-05, 2.1864e+01, 1.3074e-02, 
 2DIAGNOSTIC,    39, -4.153926607880e-01, 3.809526269324e-05, 2.1875e+01, 1.1334e-02, 
 2DIAGNOSTIC,    40, -4.155693461132e-01, 2.967373928943e-05, 2.1890e+01, 1.4460e-02, 
 2DIAGNOSTIC,    41, -4.155827485639e-01, 2.837049876179e-05, 2.1901e+01, 1.1270e-02, 
 2DIAGNOSTIC,    42, -4.156041762789e-01, 2.633671887627e-05, 2.1914e+01, 1.2757e-02, 
 2DIAGNOSTIC,    43, -4.156174276838e-01, 2.604554264288e-05, 2.1928e+01, 1.4188e-02, 
 2DIAGNOSTIC,    44, -4.156224215444e-01, 2.215159732298e-05, 2.1939e+01, 1.1303e-02, 
 2DIAGNOSTIC,    45, -4.156635996523e-01, 1.762789216035e-05, 2.1952e+01, 1.2979e-02, 
 2DIAGNOSTIC,    46, -4.156968323093e-01, 1.497936934668e-05, 2.1963e+01, 1.1290e-02, 
 2DIAGNOSTIC,    47, -4.157078941416e-01, 1.144739361778e-05, 2.1975e+01, 1.1268e-02, 
 2DIAGNOSTIC,    48, -4.157143586839e-01, 8.593113973363e-06, 2.1986e+01, 1.1274e-02, 
 2DIAGNOSTIC,    49, -4.158738919509e-01, 8.202313865280e-06, 2.2003e+01, 1.7530e-02, 
 2DIAGNOSTIC,    50, -4.157530953745e-01, 7.805179065516e-06, 2.2016e+01, 1.2884e-02, 
 2DIAGNOSTIC,    51, -4.157539196162e-01, 6.988066579495e-06, 2.2031e+01, 1.4376e-02, 
 2DIAGNOSTIC,    52, -4.157539554262e-01, 5.892323619666e-06, 2.2044e+01, 1.2889e-02, 
 2DIAGNOSTIC,    53, -4.157539751441e-01, 4.481033687997e-06, 2.2056e+01, 1.2781e-02, 
 2DIAGNOSTIC,    54, -4.157539982033e-01, 2.778098747006e-06, 2.2068e+01, 1.1292e-02, 
 2DIAGNOSTIC,    55, -4.157540541759e-01, 1.453438592029e-06, 2.2079e+01, 1.1318e-02, 
DIAGNOSTIC,Iteration,metricValue,convergenceValue,ITERATION_TIME_INDEX,SINCE_LAST
 2DIAGNOSTIC,     1, -3.615590686167e-01, 1.797693134862e+308, 3.7501e+01, 1.5422e+01, 
 2DIAGNOSTIC,     2, -3.623167785583e-01, 1.797693134862e+308, 3.7561e+01, 5.9773e-02, 
 2DIAGNOSTIC,     3, -3.645085497989e-01, 1.797693134862e+308, 3.7631e+01, 7.0715e-02, 
 2DIAGNOSTIC,     4, -3.654395821677e-01, 1.797693134862e+308, 3.7702e+01, 7.0390e-02, 
 2DIAGNOSTIC,     5, -3.654496437783e-01, 1.797693134862e+308, 3.7772e+01, 7.0459e-02, 
 2DIAGNOSTIC,     6, -3.654330080271e-01, 1.797693134862e+308, 3.7832e+01, 5.9302e-02, 
 2DIAGNOSTIC,     7, -3.654047645527e-01, 1.797693134862e+308, 3.7902e+01, 7.0144e-02, 
 2DIAGNOSTIC,     8, -3.654106593017e-01, 1.797693134862e+308, 3.7961e+01, 5.9353e-02, 
 2DIAGNOSTIC,     9, -3.653935410951e-01, 1.797693134862e+308, 3.8020e+01, 5.9290e-02, 
 2DIAGNOSTIC,    10, -3.654058052314e-01, 5.604017420562e-04, 3.8102e+01, 8.1451e-02, 
 2DIAGNOSTIC,    11, -3.654429064448e-01, 2.759798012701e-04, 3.8183e+01, 8.1601e-02, 
 2DIAGNOSTIC,    12, -3.654443371882e-01, 6.047268361030e-05, 3.8254e+01, 7.0571e-02, 
 2DIAGNOSTIC,    13, -3.654519280285e-01, 3.189099673784e-06, 3.8325e+01, 7.1203e-02, 
 2DIAGNOSTIC,    14, -3.655154290362e-01, 9.351579114317e-06, 3.8396e+01, 7.1155e-02, 
 2DIAGNOSTIC,    15, -3.654959636212e-01, 1.346606132012e-05, 3.8456e+01, 5.9861e-02, 
 2DIAGNOSTIC,    16, -3.654623301499e-01, 1.364554255361e-05, 3.8527e+01, 7.0779e-02, 
 2DIAGNOSTIC,    17, -3.654641761649e-01, 1.158574112575e-05, 3.8609e+01, 8.2148e-02, 
 2DIAGNOSTIC,    18, -3.654682460346e-01, 9.293157464542e-06, 3.8680e+01, 7.0963e-02, 
 2DIAGNOSTIC,    19, -3.654739174186e-01, 6.012452373756e-06, 3.8740e+01, 5.9838e-02, 
 2DIAGNOSTIC,    20, -3.654753504748e-01, 3.159727639125e-06, 3.8811e+01, 7.1271e-02, 
 2DIAGNOSTIC,    21, -3.654769987400e-01, 1.936718915289e-06, 3.8882e+01, 7.0520e-02, 
DIAGNOSTIC,Iteration,metricValue,convergenceValue,ITERATION_TIME_INDEX,SINCE_LAST
 2DIAGNOSTIC,     1, -3.040965542739e-01, 1.797693134862e+308, 4.7833e+01, 8.9517e+00, 
 2DIAGNOSTIC,     2, -3.042909375362e-01, 1.797693134862e+308, 4.8317e+01, 4.8381e-01, 
 2DIAGNOSTIC,     3, -3.044789585436e-01, 1.797693134862e+308, 4.8794e+01, 4.7666e-01, 
 2DIAGNOSTIC,     4, -3.047434218083e-01, 1.797693134862e+308, 4.9274e+01, 4.7993e-01, 
 2DIAGNOSTIC,     5, -3.056052476910e-01, 1.797693134862e+308, 4.9752e+01, 4.7815e-01, 
 2DIAGNOSTIC,     6, -3.058689159374e-01, 1.797693134862e+308, 5.0231e+01, 4.7917e-01, 
 2DIAGNOSTIC,     7, -3.065162391507e-01, 1.797693134862e+308, 5.0710e+01, 4.7848e-01, 
 2DIAGNOSTIC,     8, -3.072946195994e-01, 1.797693134862e+308, 5.1654e+01, 9.4398e-01, 
 2DIAGNOSTIC,     9, -3.078905414328e-01, 1.797693134862e+308, 5.2130e+01, 4.7615e-01, 
 2DIAGNOSTIC,    10, -3.079617325575e-01, 9.191490706815e-04, 5.2701e+01, 5.7168e-01, 
 2DIAGNOSTIC,    11, -3.081016342317e-01, 8.435461936554e-04, 5.3183e+01, 4.8124e-01, 
 2DIAGNOSTIC,    12, -3.081407784503e-01, 7.236163576215e-04, 5.3662e+01, 4.7921e-01, 
 2DIAGNOSTIC,    13, -3.083897390144e-01, 5.876804970167e-04, 5.4233e+01, 5.7156e-01, 
 2DIAGNOSTIC,    14, -3.089957571151e-01, 4.738333190962e-04, 5.5177e+01, 9.4388e-01, 
 2DIAGNOSTIC,    15, -3.091972468761e-01, 3.976170522398e-04, 5.5744e+01, 5.6699e-01, 
 2DIAGNOSTIC,    16, -3.091894696679e-01, 3.097545845636e-04, 5.6312e+01, 5.6808e-01, 
 2DIAGNOSTIC,    17, -3.091920282385e-01, 2.391701498280e-04, 5.6788e+01, 4.7601e-01, 
 2DIAGNOSTIC,    18, -3.091912899562e-01, 1.936425870256e-04, 5.7268e+01, 4.7968e-01, 
 2DIAGNOSTIC,    19, -3.091955051414e-01, 1.638085846129e-04, 5.7838e+01, 5.7041e-01, 
 2DIAGNOSTIC,    20, -3.092035753634e-01, 1.253381425342e-04, 5.8404e+01, 5.6529e-01, 
 2DIAGNOSTIC,    21, -3.091966616491e-01, 8.536369520731e-05, 5.8876e+01, 4.7253e-01, 
 2DIAGNOSTIC,    22, -3.092074183672e-01, 4.347267374639e-05, 5.9633e+01, 7.5628e-01, 
 2DIAGNOSTIC,    23, -3.092065820117e-01, 1.066330039342e-05, 6.0106e+01, 4.7293e-01, 
 2DIAGNOSTIC,    24, -3.092052741003e-01, 2.780059526482e-06, 6.0677e+01, 5.7121e-01, 
 2DIAGNOSTIC,    25, -3.092066055218e-01, 2.898775183814e-06, 6.1149e+01, 4.7238e-01, 
 2DIAGNOSTIC,    26, -3.092016912730e-01, 2.403979625150e-06, 6.1720e+01, 5.7067e-01, 
 2DIAGNOSTIC,    27, -3.091964389987e-01, 1.749630113061e-06, 6.2291e+01, 5.7137e-01, 
 2DIAGNOSTIC,    28, -3.091990793072e-01, 1.150022963504e-06, 6.2763e+01, 4.7226e-01, 
DIAGNOSTIC,Iteration,metricValue,convergenceValue,ITERATION_TIME_INDEX,SINCE_LAST
 2DIAGNOSTIC,     1, -2.679417493762e-01, 1.797693134862e+308, 7.1700e+01, 8.9361e+00, 
  Elapsed time (stage 0): 7.3535e+01


Stage 1
  iterations = 1000x500x250x0
  convergence threshold = 1.0000e-06
  convergence window size = 10
  number of levels = 4
  using the Mattes MI metric (number of bins = 32, weight = 1.0000e+00)
  preprocessing:  winsorizing the image intensities
  Shrink factors (level 1 out of 4): [12, 12, 12]
  Shrink factors (level 2 out of 4): [8, 8, 8]
  Shrink factors (level 3 out of 4): [4, 4, 4]
  Shrink factors (level 4 out of 4): [2, 2, 2]
  smoothing sigmas per level: [4, 3, 2, 1]
  regular sampling (percentage = 2.5000e-01)

*** Running AffineTransform registration ***

DIAGNOSTIC,Iteration,metricValue,convergenceValue,ITERATION_TIME_INDEX,SINCE_LAST
 2DIAGNOSTIC,     1, -4.155680218457e-01, 1.797693134862e+308, 2.1154e+01, 2.1154e+01, 
 2DIAGNOSTIC,     2, -4.163652893004e-01, 1.797693134862e+308, 2.1168e+01, 1.4611e-02, 
 2DIAGNOSTIC,     3, -4.175910629987e-01, 1.797693134862e+308, 2.1183e+01, 1.4408e-02, 
 2DIAGNOSTIC,     4, -4.192622751572e-01, 1.797693134862e+308, 2.1197e+01, 1.4455e-02, 
 2DIAGNOSTIC,     5, -4.213505719975e-01, 1.797693134862e+308, 2.1212e+01, 1.4534e-02, 
 2DIAGNOSTIC,     6, -4.227140517277e-01, 1.797693134862e+308, 2.1226e+01, 1.4735e-02, 
 2DIAGNOSTIC,     7, -4.292674692562e-01, 1.797693134862e+308, 2.1243e+01, 1.6245e-02, 
 2DIAGNOSTIC,     8, -4.532716958617e-01, 1.797693134862e+308, 2.1264e+01, 2.1370e-02, 
 2DIAGNOSTIC,     9, -4.582261725948e-01, 1.797693134862e+308, 2.1284e+01, 1.9847e-02, 
 2DIAGNOSTIC,    10, -4.584274459766e-01, 7.212444548430e-03, 2.1299e+01, 1.4738e-02, 
 2DIAGNOSTIC,    11, -4.590532338350e-01, 7.252741863063e-03, 2.1315e+01, 1.6197e-02, 
 2DIAGNOSTIC,    12, -4.596184505335e-01, 6.705771433619e-03, 2.1329e+01, 1.4618e-02, 
 2DIAGNOSTIC,    13, -4.603421970701e-01, 5.718433285173e-03, 2.1344e+01, 1.4812e-02, 
 2DIAGNOSTIC,    14, -4.608379673427e-01, 4.456066939745e-03, 2.1359e+01, 1.5236e-02, 
 2DIAGNOSTIC,    15, -4.624754107845e-01, 3.141374137218e-03, 2.1375e+01, 1.5372e-02, 
 2DIAGNOSTIC,    16, -4.646517003226e-01, 1.858720768899e-03, 2.1392e+01, 1.6807e-02, 
 2DIAGNOSTIC,    17, -4.659327788840e-01, 8.332681035919e-04, 2.1410e+01, 1.8371e-02, 
 2DIAGNOSTIC,    18, -4.673587922793e-01, 7.480043499498e-04, 2.1427e+01, 1.6844e-02, 
 2DIAGNOSTIC,    19, -4.710283683001e-01, 8.919642284465e-04, 2.1448e+01, 2.0735e-02, 
 2DIAGNOSTIC,    20, -4.733200473211e-01, 1.013849057540e-03, 2.1463e+01, 1.4924e-02, 
 2DIAGNOSTIC,    21, -4.761383522686e-01, 1.131559437172e-03, 2.1477e+01, 1.4759e-02, 
 2DIAGNOSTIC,    22, -4.770205734976e-01, 1.173680152107e-03, 2.1492e+01, 1.4755e-02, 
 2DIAGNOSTIC,    23, -4.783248033346e-01, 1.159101267219e-03, 2.1514e+01, 2.1997e-02, 
 2DIAGNOSTIC,    24, -4.789920049665e-01, 1.066430166995e-03, 2.1529e+01, 1.4719e-02, 
 2DIAGNOSTIC,    25, -4.807947482238e-01, 9.659254455295e-04, 2.1543e+01, 1.4616e-02, 
 2DIAGNOSTIC,    26, -4.813089412399e-01, 8.466872647166e-04, 2.1559e+01, 1.6126e-02, 
 2DIAGNOSTIC,    27, -4.817896476777e-01, 6.986109531933e-04, 2.1574e+01, 1.4579e-02, 
 2DIAGNOSTIC,    28, -4.818681734126e-01, 5.286296940450e-04, 2.1594e+01, 1.9778e-02, 
 2DIAGNOSTIC,    29, -4.820873417457e-01, 4.039136414966e-04, 2.1610e+01, 1.6213e-02, 
 2DIAGNOSTIC,    30, -4.821950883036e-01, 2.978121911443e-04, 2.1625e+01, 1.4549e-02, 
 2DIAGNOSTIC,    31, -4.822040587340e-01, 2.269869509284e-04, 2.1639e+01, 1.4578e-02, 
 2DIAGNOSTIC,    32, -4.824120671831e-01, 1.603633864916e-04, 2.1654e+01, 1.4577e-02, 
 2DIAGNOSTIC,    33, -4.826947047405e-01, 1.125939051861e-04, 2.1668e+01, 1.4585e-02, 
 2DIAGNOSTIC,    34, -4.834103070627e-01, 8.137341518058e-05, 2.1690e+01, 2.1906e-02, 
 2DIAGNOSTIC,    35, -4.836164503717e-01, 7.927368427581e-05, 2.1708e+01, 1.8033e-02, 
 2DIAGNOSTIC,    36, -4.836146714017e-01, 7.854532445437e-05, 2.1723e+01, 1.4596e-02, 
 2DIAGNOSTIC,    37, -4.838495327192e-01, 8.253926332230e-05, 2.1737e+01, 1.4460e-02, 
 2DIAGNOSTIC,    38, -4.839294192284e-01, 8.083619906340e-05, 2.1752e+01, 1.4384e-02, 
 2DIAGNOSTIC,    39, -4.840242086161e-01, 7.633536730782e-05, 2.1766e+01, 1.4466e-02, 
 2DIAGNOSTIC,    40, -4.841556649163e-01, 6.857627771195e-05, 2.1781e+01, 1.4440e-02, 
 2DIAGNOSTIC,    41, -4.842547047100e-01, 5.645330661749e-05, 2.1797e+01, 1.6100e-02, 
 2DIAGNOSTIC,    42, -4.846504050673e-01, 4.839223033769e-05, 2.1819e+01, 2.2665e-02, 
 2DIAGNOSTIC,    43, -4.845637079262e-01, 3.854952453950e-05, 2.1834e+01, 1.4455e-02, 
 2DIAGNOSTIC,    44, -4.845753551752e-01, 3.569175821264e-05, 2.1848e+01, 1.4456e-02, 
 2DIAGNOSTIC,    45, -4.846064944646e-01, 3.292139347590e-05, 2.1864e+01, 1.6050e-02, 
 2DIAGNOSTIC,    46, -4.848001970323e-01, 2.960250557045e-05, 2.1895e+01, 3.0759e-02, 
 2DIAGNOSTIC,    47, -4.848002058543e-01, 2.656509206249e-05, 2.1910e+01, 1.4541e-02, 
 2DIAGNOSTIC,    48, -4.848021128660e-01, 2.225926218159e-05, 2.1924e+01, 1.4389e-02, 
 2DIAGNOSTIC,    49, -4.848050708283e-01, 1.736665896607e-05, 2.1938e+01, 1.4381e-02, 
 2DIAGNOSTIC,    50, -4.848092801454e-01, 1.271210699813e-05, 2.1953e+01, 1.4362e-02, 
 2DIAGNOSTIC,    51, -4.846486607700e-01, 6.173730475484e-06, 2.1967e+01, 1.4340e-02, 
 2DIAGNOSTIC,    52, -4.846537279811e-01, 4.114269936437e-06, 2.1982e+01, 1.4560e-02, 
DIAGNOSTIC,Iteration,metricValue,convergenceValue,ITERATION_TIME_INDEX,SINCE_LAST
 2DIAGNOSTIC,     1, -4.060588054530e-01, 1.797693134862e+308, 3.7383e+01, 1.5402e+01, 
 2DIAGNOSTIC,     2, -4.072338853716e-01, 1.797693134862e+308, 3.7454e+01, 7.1056e-02, 
 2DIAGNOSTIC,     3, -4.086986743452e-01, 1.797693134862e+308, 3.7524e+01, 6.9993e-02, 
 2DIAGNOSTIC,     4, -4.102440774287e-01, 1.797693134862e+308, 3.7594e+01, 6.9443e-02, 
 2DIAGNOSTIC,     5, -4.113254486712e-01, 1.797693134862e+308, 3.7664e+01, 6.9971e-02, 
 2DIAGNOSTIC,     6, -4.123500490921e-01, 1.797693134862e+308, 3.7734e+01, 6.9661e-02, 
 2DIAGNOSTIC,     7, -4.137411772414e-01, 1.797693134862e+308, 3.7849e+01, 1.1584e-01, 
 2DIAGNOSTIC,     8, -4.141162106514e-01, 1.797693134862e+308, 3.7941e+01, 9.1956e-02, 
 2DIAGNOSTIC,     9, -4.142281664021e-01, 1.797693134862e+308, 3.8022e+01, 8.0822e-02, 
 2DIAGNOSTIC,    10, -4.142879937646e-01, 1.381636486514e-03, 3.8103e+01, 8.1322e-02, 
 2DIAGNOSTIC,    11, -4.142846671080e-01, 1.024044368815e-03, 3.8174e+01, 7.0585e-02, 
 2DIAGNOSTIC,    12, -4.142595350554e-01, 6.992331941809e-04, 3.8245e+01, 7.0942e-02, 
 2DIAGNOSTIC,    13, -4.143358362055e-01, 4.422740740317e-04, 3.8316e+01, 7.0924e-02, 
 2DIAGNOSTIC,    14, -4.144322901452e-01, 2.630656069688e-04, 3.8386e+01, 7.0458e-02, 
 2DIAGNOSTIC,    15, -4.145505703153e-01, 1.387427949209e-04, 3.8468e+01, 8.2091e-02, 
 2DIAGNOSTIC,    16, -4.146381332402e-01, 6.392785162025e-05, 3.8540e+01, 7.1931e-02, 
 2DIAGNOSTIC,    17, -4.148070103210e-01, 5.515966994510e-05, 3.8612e+01, 7.1199e-02, 
 2DIAGNOSTIC,    18, -4.154308108581e-01, 8.043033738305e-05, 3.8706e+01, 9.4629e-02, 
 2DIAGNOSTIC,    19, -4.155171922456e-01, 1.022381370279e-04, 3.8788e+01, 8.2150e-02, 
 2DIAGNOSTIC,    20, -4.154907059779e-01, 1.138699367691e-04, 3.8882e+01, 9.3801e-02, 
 2DIAGNOSTIC,    21, -4.154912560192e-01, 1.142542879302e-04, 3.8964e+01, 8.1880e-02, 
 2DIAGNOSTIC,    22, -4.156496969203e-01, 1.081351705587e-04, 3.9047e+01, 8.2862e-02, 
 2DIAGNOSTIC,    23, -4.156557041373e-01, 9.454416274726e-05, 3.9118e+01, 7.0950e-02, 
 2DIAGNOSTIC,    24, -4.156826804031e-01, 7.685276303450e-05, 3.9189e+01, 7.1164e-02, 
 2DIAGNOSTIC,    25, -4.158638130103e-01, 6.204571290627e-05, 3.9272e+01, 8.2662e-02, 
 2DIAGNOSTIC,    26, -4.158751258817e-01, 4.525171113759e-05, 3.9366e+01, 9.3944e-02, 
 2DIAGNOSTIC,    27, -4.158937658528e-01, 2.988376205602e-05, 3.9448e+01, 8.2407e-02, 
 2DIAGNOSTIC,    28, -4.159500910601e-01, 2.957091240374e-05, 3.9542e+01, 9.3631e-02, 
 2DIAGNOSTIC,    29, -4.159972602248e-01, 2.978107506130e-05, 3.9624e+01, 8.1819e-02, 
 2DIAGNOSTIC,    30, -4.161397355292e-01, 2.988406411780e-05, 3.9705e+01, 8.1822e-02, 
 2DIAGNOSTIC,    31, -4.162288893767e-01, 2.907159758514e-05, 3.9799e+01, 9.3480e-02, 
 2DIAGNOSTIC,    32, -4.163442052962e-01, 3.157797579951e-05, 3.9881e+01, 8.2003e-02, 
 2DIAGNOSTIC,    33, -4.165147920696e-01, 3.471371550753e-05, 3.9964e+01, 8.2944e-02, 
 2DIAGNOSTIC,    34, -4.165321425806e-01, 3.518711002364e-05, 4.0046e+01, 8.2050e-02, 
 2DIAGNOSTIC,    35, -4.164996464986e-01, 3.531939602996e-05, 4.0117e+01, 7.0920e-02, 
 2DIAGNOSTIC,    36, -4.165089525709e-01, 3.261062101423e-05, 4.0199e+01, 8.2475e-02, 
 2DIAGNOSTIC,    37, -4.165160308655e-01, 2.746959082996e-05, 4.0270e+01, 7.0702e-02, 
 2DIAGNOSTIC,    38, -4.164847756027e-01, 2.048005901219e-05, 4.0352e+01, 8.2013e-02, 
 2DIAGNOSTIC,    39, -4.164485522220e-01, 1.215739534840e-05, 4.0423e+01, 7.0970e-02, 
 2DIAGNOSTIC,    40, -4.164534398443e-01, 5.745866885832e-06, 4.0494e+01, 7.1207e-02, 
DIAGNOSTIC,Iteration,metricValue,convergenceValue,ITERATION_TIME_INDEX,SINCE_LAST
 2DIAGNOSTIC,     1, -3.452341446615e-01, 1.797693134862e+308, 4.9561e+01, 9.0673e+00, 
 2DIAGNOSTIC,     2, -3.453938280253e-01, 1.797693134862e+308, 5.0151e+01, 5.8984e-01, 
 2DIAGNOSTIC,     3, -3.455185785789e-01, 1.797693134862e+308, 5.0723e+01, 5.7129e-01, 
 2DIAGNOSTIC,     4, -3.456158720187e-01, 1.797693134862e+308, 5.1294e+01, 5.7125e-01, 
 2DIAGNOSTIC,     5, -3.457888177272e-01, 1.797693134862e+308, 5.1863e+01, 5.6955e-01, 
 2DIAGNOSTIC,     6, -3.459916752572e-01, 1.797693134862e+308, 5.2530e+01, 6.6659e-01, 
 2DIAGNOSTIC,     7, -3.463049921628e-01, 1.797693134862e+308, 5.3300e+01, 7.7041e-01, 
 2DIAGNOSTIC,     8, -3.463492861345e-01, 1.797693134862e+308, 5.3871e+01, 5.7065e-01, 
 2DIAGNOSTIC,     9, -3.463856405916e-01, 1.797693134862e+308, 5.4555e+01, 6.8421e-01, 
 2DIAGNOSTIC,    10, -3.463811417908e-01, 2.457294294300e-04, 5.5230e+01, 6.7489e-01, 
 2DIAGNOSTIC,    11, -3.463971366230e-01, 1.978813631734e-04, 5.5896e+01, 6.6640e-01, 
 2DIAGNOSTIC,    12, -3.463967233140e-01, 1.510479094915e-04, 5.6582e+01, 6.8595e-01, 
 2DIAGNOSTIC,    13, -3.464016962098e-01, 1.062690147533e-04, 5.7455e+01, 8.7272e-01, 
 2DIAGNOSTIC,    14, -3.464006050078e-01, 6.422284087479e-05, 5.8135e+01, 6.7992e-01, 
 2DIAGNOSTIC,    15, -3.463966082898e-01, 3.130916067674e-05, 5.8714e+01, 5.7862e-01, 
 2DIAGNOSTIC,    16, -3.463990648673e-01, 9.968148699177e-06, 5.9383e+01, 6.6971e-01, 
 2DIAGNOSTIC,    17, -3.463990518351e-01, 5.485674704882e-06, 5.9956e+01, 5.7239e-01, 
 2DIAGNOSTIC,    18, -3.463975918778e-01, 3.078625856801e-06, 6.0624e+01, 6.6776e-01, 
 2DIAGNOSTIC,    19, -3.464024948538e-01, 2.604501194402e-06, 6.1291e+01, 6.6750e-01, 
 2DIAGNOSTIC,    20, -3.464019070898e-01, 1.863041505124e-06, 6.1957e+01, 6.6615e-01, 
 2DIAGNOSTIC,    21, -3.463960740861e-01, 1.567392029923e-06, 6.2527e+01, 5.6993e-01, 
 2DIAGNOSTIC,    22, -3.463998176605e-01, 1.418660820179e-06, 6.3104e+01, 5.7682e-01, 
 2DIAGNOSTIC,    23, -3.464059089321e-01, 1.674813655830e-06, 6.3777e+01, 6.7283e-01, 
 2DIAGNOSTIC,    24, -3.463940646574e-01, 1.434570570301e-06, 6.4449e+01, 6.7246e-01, 
 2DIAGNOSTIC,    25, -3.463959508716e-01, 1.146951508310e-06, 6.5127e+01, 6.7728e-01, 
DIAGNOSTIC,Iteration,metricValue,convergenceValue,ITERATION_TIME_INDEX,SINCE_LAST
 2DIAGNOSTIC,     1, -2.957151556756e-01, 1.797693134862e+308, 7.4956e+01, 9.8296e+00, 
  Elapsed time (stage 1): 7.6789e+01


Stage 2
  iterations = 100x100x70x50x0
  convergence threshold = 1.0000e-06
  convergence window size = 10
  number of levels = 5
  using the Mattes MI metric (number of bins = 32, weight = 1.0000e+00)
  preprocessing:  winsorizing the image intensities
  Shrink factors (level 1 out of 5): [10, 10, 10]
  Shrink factors (level 2 out of 5): [6, 6, 6]
  Shrink factors (level 3 out of 5): [4, 4, 4]
  Shrink factors (level 4 out of 5): [2, 2, 2]
  Shrink factors (level 5 out of 5): [1, 1, 1]
  smoothing sigmas per level: [5, 3, 2, 1, 0]
  Using default NONE metricSamplingStrategy 

*** Running SyN registration (varianceForUpdateField = 3.0000e+00, varianceForTotalField = 0.0000e+00) ***

XXDIAGNOSTIC,Iteration,metricValue,convergenceValue,ITERATION_TIME_INDEX,SINCE_LAST
 1DIAGNOSTIC,     1, -4.827565307390e-01, 1.797693134862e+308, 3.4161e+01, 3.4161e+01, 
 1DIAGNOSTIC,     2, -4.957172382452e-01, 1.797693134862e+308, 3.4300e+01, 1.3943e-01, 
 1DIAGNOSTIC,     3, -5.063080623837e-01, 1.797693134862e+308, 3.4440e+01, 1.4023e-01, 
 1DIAGNOSTIC,     4, -5.112508944397e-01, 1.797693134862e+308, 3.4577e+01, 1.3641e-01, 
 1DIAGNOSTIC,     5, -5.127480766273e-01, 1.797693134862e+308, 3.4711e+01, 1.3394e-01, 
 1DIAGNOSTIC,     6, -5.127030540935e-01, 1.797693134862e+308, 3.4848e+01, 1.3702e-01, 
 1DIAGNOSTIC,     7, -5.103438106812e-01, 1.797693134862e+308, 3.4983e+01, 1.3511e-01, 
 1DIAGNOSTIC,     8, -5.069264265356e-01, 1.797693134862e+308, 3.5117e+01, 1.3442e-01, 
 1DIAGNOSTIC,     9, -5.029544991130e-01, 1.797693134862e+308, 3.5252e+01, 1.3463e-01, 
 1DIAGNOSTIC,    10, -5.003873843318e-01, 1.353569102859e-03, 3.5388e+01, 1.3576e-01, 
 1DIAGNOSTIC,    11, -4.973732499419e-01, -6.358052347835e-04, 3.5523e+01, 1.3531e-01, 
XXDIAGNOSTIC,Iteration,metricValue,convergenceValue,ITERATION_TIME_INDEX,SINCE_LAST
 1DIAGNOSTIC,     1, -3.963370435800e-01, 1.797693134862e+308, 5.1321e+01, 1.5798e+01, 
 1DIAGNOSTIC,     2, -3.981806364346e-01, 1.797693134862e+308, 5.1862e+01, 5.4117e-01, 
 1DIAGNOSTIC,     3, -3.988497688266e-01, 1.797693134862e+308, 5.2403e+01, 5.4108e-01, 
 1DIAGNOSTIC,     4, -3.990784745580e-01, 1.797693134862e+308, 5.2946e+01, 5.4328e-01, 
 1DIAGNOSTIC,     5, -3.992430854781e-01, 1.797693134862e+308, 5.3485e+01, 5.3837e-01, 
 1DIAGNOSTIC,     6, -3.986751050483e-01, 1.797693134862e+308, 5.4026e+01, 5.4104e-01, 
 1DIAGNOSTIC,     7, -3.979361582481e-01, 1.797693134862e+308, 5.4565e+01, 5.3980e-01, 
 1DIAGNOSTIC,     8, -3.972420495089e-01, 1.797693134862e+308, 5.5106e+01, 5.4053e-01, 
 1DIAGNOSTIC,     9, -3.965325008435e-01, 1.797693134862e+308, 5.5650e+01, 5.4453e-01, 
 1DIAGNOSTIC,    10, -3.959180900556e-01, -2.550706957564e-04, 5.6191e+01, 5.4029e-01, 
XXDIAGNOSTIC,Iteration,metricValue,convergenceValue,ITERATION_TIME_INDEX,SINCE_LAST
 1DIAGNOSTIC,     1, -3.392875044620e-01, 1.797693134862e+308, 6.6260e+01, 1.0069e+01, 
 1DIAGNOSTIC,     2, -3.399569799511e-01, 1.797693134862e+308, 6.8005e+01, 1.7454e+00, 
 1DIAGNOSTIC,     3, -3.402772068003e-01, 1.797693134862e+308, 6.9751e+01, 1.7461e+00, 
 1DIAGNOSTIC,     4, -3.407939062609e-01, 1.797693134862e+308, 7.1444e+01, 1.6924e+00, 
 1DIAGNOSTIC,     5, -3.408688216781e-01, 1.797693134862e+308, 7.3132e+01, 1.6884e+00, 
 1DIAGNOSTIC,     6, -3.408428360136e-01, 1.797693134862e+308, 7.4823e+01, 1.6906e+00, 
 1DIAGNOSTIC,     7, -3.407994277866e-01, 1.797693134862e+308, 7.6519e+01, 1.6963e+00, 
 1DIAGNOSTIC,     8, -3.407600794282e-01, 1.797693134862e+308, 7.8262e+01, 1.7434e+00, 
 1DIAGNOSTIC,     9, -3.405981678166e-01, 1.797693134862e+308, 8.0007e+01, 1.7448e+00, 
 1DIAGNOSTIC,    10, -3.404404773797e-01, 1.743522534999e-04, 8.1711e+01, 1.7035e+00, 
 1DIAGNOSTIC,    11, -3.401143298018e-01, 1.083211961066e-05, 8.3467e+01, 1.7560e+00, 
 1DIAGNOSTIC,    12, -3.399129303904e-01, -9.332604552190e-05, 8.5211e+01, 1.7441e+00, 
XXDIAGNOSTIC,Iteration,metricValue,convergenceValue,ITERATION_TIME_INDEX,SINCE_LAST
 1DIAGNOSTIC,     1, -2.864412908227e-01, 1.797693134862e+308, 1.0445e+02, 1.9236e+01, 
 1DIAGNOSTIC,     2, -2.871382643263e-01, 1.797693134862e+308, 1.1720e+02, 1.2754e+01, 
 1DIAGNOSTIC,     3, -2.879619592725e-01, 1.797693134862e+308, 1.2995e+02, 1.2746e+01, 
 1DIAGNOSTIC,     4, -2.887181227311e-01, 1.797693134862e+308, 1.4257e+02, 1.2621e+01, 
 1DIAGNOSTIC,     5, -2.894075949581e-01, 1.797693134862e+308, 1.5536e+02, 1.2795e+01, 
 1DIAGNOSTIC,     6, -2.900796732894e-01, 1.797693134862e+308, 1.6815e+02, 1.2789e+01, 
 1DIAGNOSTIC,     7, -2.907270479120e-01, 1.797693134862e+308, 1.8086e+02, 1.2712e+01, 
 1DIAGNOSTIC,     8, -2.912649380568e-01, 1.797693134862e+308, 1.9406e+02, 1.3195e+01, 
 1DIAGNOSTIC,     9, -2.917364015392e-01, 1.797693134862e+308, 2.0666e+02, 1.2602e+01, 
 1DIAGNOSTIC,    10, -2.921833949374e-01, 1.291603719401e-03, 2.2023e+02, 1.3571e+01, 
 1DIAGNOSTIC,    11, -2.926210425526e-01, 1.096122809079e-03, 2.3374e+02, 1.3503e+01, 
 1DIAGNOSTIC,    12, -2.929819284653e-01, 9.203565422389e-04, 2.4731e+02, 1.3573e+01, 
 1DIAGNOSTIC,    13, -2.932703232668e-01, 7.717532380567e-04, 2.6091e+02, 1.3596e+01, 
 1DIAGNOSTIC,    14, -2.935554945040e-01, 6.467982581021e-04, 2.7462e+02, 1.3718e+01, 
 1DIAGNOSTIC,    15, -2.938232117199e-01, 5.413898832728e-04, 2.8817e+02, 1.3543e+01, 
 1DIAGNOSTIC,    16, -2.940379625082e-01, 4.531084791774e-04, 3.0177e+02, 1.3604e+01, 
 1DIAGNOSTIC,    17, -2.942465898561e-01, 3.823959808193e-04, 3.1529e+02, 1.3518e+01, 
 1DIAGNOSTIC,    18, -2.944366066770e-01, 3.235264345675e-04, 3.2877e+02, 1.3480e+01, 
 1DIAGNOSTIC,    19, -2.945856195126e-01, 2.725367363441e-04, 3.4224e+02, 1.3471e+01, 
 1DIAGNOSTIC,    20, -2.947284378176e-01, 2.298575871435e-04, 3.5595e+02, 1.3713e+01, 
 1DIAGNOSTIC,    21, -2.949075319580e-01, 1.983084451811e-04, 3.6952e+02, 1.3568e+01, 
 1DIAGNOSTIC,    22, -2.950674781725e-01, 1.740439112456e-04, 3.8302e+02, 1.3503e+01, 
 1DIAGNOSTIC,    23, -2.952016386933e-01, 1.533837030876e-04, 3.9667e+02, 1.3649e+01, 
 1DIAGNOSTIC,    24, -2.953520716458e-01, 1.376883608218e-04, 4.1015e+02, 1.3482e+01, 
 1DIAGNOSTIC,    25, -2.954470603142e-01, 1.243977033960e-04, 4.2369e+02, 1.3537e+01, 
 1DIAGNOSTIC,    26, -2.955715520960e-01, 1.130858259375e-04, 4.3721e+02, 1.3517e+01, 
 1DIAGNOSTIC,    27, -2.956756048290e-01, 1.031491075072e-04, 4.5070e+02, 1.3487e+01, 
 1DIAGNOSTIC,    28, -2.957602928371e-01, 9.373599026660e-05, 4.6418e+02, 1.3480e+01, 
 1DIAGNOSTIC,    29, -2.958442243527e-01, 8.396946059713e-05, 4.7769e+02, 1.3516e+01, 
 1DIAGNOSTIC,    30, -2.959517653134e-01, 7.501529571860e-05, 4.9116e+02, 1.3469e+01, 
 1DIAGNOSTIC,    31, -2.960294598470e-01, 6.755344322350e-05, 5.0465e+02, 1.3490e+01, 
 1DIAGNOSTIC,    32, -2.961299976367e-01, 6.207425130118e-05, 5.1821e+02, 1.3559e+01, 
 1DIAGNOSTIC,    33, -2.962035768744e-01, 5.713865637909e-05, 5.3167e+02, 1.3456e+01, 
 1DIAGNOSTIC,    34, -2.962580950639e-01, 5.296892581790e-05, 5.4541e+02, 1.3747e+01, 
 1DIAGNOSTIC,    35, -2.963615242480e-01, 4.952222549207e-05, 5.5891e+02, 1.3499e+01, 
 1DIAGNOSTIC,    36, -2.963722901246e-01, 4.518418624224e-05, 5.7242e+02, 1.3508e+01, 
 1DIAGNOSTIC,    37, -2.964204027466e-01, 4.084707573975e-05, 5.8588e+02, 1.3465e+01, 
 1DIAGNOSTIC,    38, -2.964760971195e-01, 3.647761986315e-05, 5.9942e+02, 1.3535e+01, 
 1DIAGNOSTIC,    39, -2.965318794763e-01, 3.233249461913e-05, 6.1291e+02, 1.3491e+01, 
 1DIAGNOSTIC,    40, -2.965543666359e-01, 2.848969034894e-05, 6.2642e+02, 1.3505e+01, 
 1DIAGNOSTIC,    41, -2.965809965559e-01, 2.463352505482e-05, 6.3989e+02, 1.3479e+01, 
 1DIAGNOSTIC,    42, -2.965728352999e-01, 2.080302180434e-05, 6.5338e+02, 1.3482e+01, 
 1DIAGNOSTIC,    43, -2.966066950527e-01, 1.764108742680e-05, 6.6688e+02, 1.3507e+01, 
 1DIAGNOSTIC,    44, -2.966370786941e-01, 1.478827042014e-05, 6.8048e+02, 1.3592e+01, 
 1DIAGNOSTIC,    45, -2.966278130323e-01, 1.273882678680e-05, 6.9398e+02, 1.3503e+01, 
 1DIAGNOSTIC,    46, -2.966482416836e-01, 1.030236879342e-05, 7.0763e+02, 1.3656e+01, 
 1DIAGNOSTIC,    47, -2.966252692022e-01, 7.550368951188e-06, 7.2111e+02, 1.3472e+01, 
 1DIAGNOSTIC,    48, -2.966176516711e-01, 5.207593005149e-06, 7.3459e+02, 1.3483e+01, 
 1DIAGNOSTIC,    49, -2.965877168134e-01, 3.020174218656e-06, 7.4820e+02, 1.3612e+01, 
 1DIAGNOSTIC,    50, -2.966005559125e-01, 1.377166194472e-06, 7.6178e+02, 1.3583e+01, 
  Elapsed time (stage 2): 782.2


Total elapsed time: 932.6

--- Writing output images ---

Using double precision for computations.
Input scalar image: data/Segmentations/1119_3_seg.nii.gz
Reference image: data/template/T_template0_BrainCerebellum.nii.gz
=============================================================================
The composite transform comprises the following transforms (in order): 
  1. /tmp/1993700.1.basic.q/1119_ToTemplate_022_0GenericAffine.mat (type = AffineTransform)
  2. /tmp/1993700.1.basic.q/1119_ToTemplate_022_1Warp.nii.gz (type = DisplacementFieldTransform)
=============================================================================
Default pixel value: 0
Interpolation type: LabelImageGenericInterpolateImageFunction
Output warped image: output/1119/1119_WarpedLabels_022.nii.gz

--- Done ---

