
--- Running on compute-1-3.local ---


--- registration call ---
/data/jet/pcook/bin/antsBuild/bin/antsRegistrationSyNQuick.sh -d 3 -f data/template/T_template0_BrainCerebellum.nii.gz -m data/Brains/1014_3.nii.gz -t s -p f -n 2 -o /tmp/1971942.1.basic.q/1014_ToTemplate_015_
---


--------------------------------------------------------------------------------------
 Mapping parameters
--------------------------------------------------------------------------------------
 ANTSPATH is /data/jet/pcook/bin/antsBuild/bin/

 Dimensionality:           3
 Output name prefix:       /tmp/1971942.1.basic.q/1014_ToTemplate_015_
 Fixed images:             data/template/T_template0_BrainCerebellum.nii.gz
 Moving images:            data/Brains/1014_3.nii.gz
 Mask images:              
 Initial transforms:       
 Number of threads:        2
 Spline distance:          26
 Transform type:           s
 MI histogram bins:        32
 Precision:                f
 Use histogram matching    0
======================================================================================
 antsRegistration call:
--------------------------------------------------------------------------------------
/data/jet/pcook/bin/antsBuild/bin//antsRegistration --verbose 1 --dimensionality 3 --float 1 --collapse-output-transforms 1 --output [/tmp/1971942.1.basic.q/1014_ToTemplate_015_,/tmp/1971942.1.basic.q/1014_ToTemplate_015_Warped.nii.gz,/tmp/1971942.1.basic.q/1014_ToTemplate_015_InverseWarped.nii.gz] --interpolation Linear --use-histogram-matching 0 --winsorize-image-intensities [0.005,0.995] --initial-moving-transform [data/template/T_template0_BrainCerebellum.nii.gz,data/Brains/1014_3.nii.gz,1] --transform Rigid[0.1] --metric MI[data/template/T_template0_BrainCerebellum.nii.gz,data/Brains/1014_3.nii.gz,1,32,Regular,0.25] --convergence [1000x500x250x0,1e-6,10] --shrink-factors 12x8x4x2 --smoothing-sigmas 4x3x2x1vox --transform Affine[0.1] --metric MI[data/template/T_template0_BrainCerebellum.nii.gz,data/Brains/1014_3.nii.gz,1,32,Regular,0.25] --convergence [1000x500x250x0,1e-6,10] --shrink-factors 12x8x4x2 --smoothing-sigmas 4x3x2x1vox --transform SyN[0.1,3,0] --metric MI[data/template/T_template0_BrainCerebellum.nii.gz,data/Brains/1014_3.nii.gz,1,32] --convergence [100x100x70x50x0,1e-6,10] --shrink-factors 10x6x4x2x1 --smoothing-sigmas 5x3x2x1x0vox
--------------------------------------------------------------------------------------
All_Command_lines_OK
Using single precision for computations.
=============================================================================
The composite transform comprises the following transforms (in order): 
  1. Center of mass alignment using fixed image: data/template/T_template0_BrainCerebellum.nii.gz and moving image: data/Brains/1014_3.nii.gz (type = Euler3DTransform)
=============================================================================
  number of levels = 4
  number of levels = 4
  number of levels = 5
  fixed image: data/template/T_template0_BrainCerebellum.nii.gz
  moving image: data/Brains/1014_3.nii.gz
  fixed image: data/template/T_template0_BrainCerebellum.nii.gz
  moving image: data/Brains/1014_3.nii.gz
  fixed image: data/template/T_template0_BrainCerebellum.nii.gz
  moving image: data/Brains/1014_3.nii.gz
Dimension = 3
Number of stages = 3
Use Histogram Matching false
Winsorize image intensities true
Lower quantile = 0.005
Upper quantile = 0.995
Stage 1 State
   Image metric = Mattes
     Fixed image = Image (0x4c98670)
  RTTI typeinfo:   itk::Image<float, 3u>
  Reference Count: 2
  Modified Time: 1611
  Debug: Off
  Object Name: 
  Observers: 
    none
  Source: (none)
  Source output name: (none)
  Release Data: Off
  Data Released: False
  Global Release Data: Off
  PipelineMTime: 0
  UpdateMTime: 1422
  RealTimeStamp: 0 seconds 
  LargestPossibleRegion: 
    Dimension: 3
    Index: [0, 0, 0]
    Size: [216, 256, 291]
  BufferedRegion: 
    Dimension: 3
    Index: [0, 0, 0]
    Size: [216, 256, 291]
  RequestedRegion: 
    Dimension: 3
    Index: [0, 0, 0]
    Size: [216, 256, 291]
  Spacing: [1, 1, 1]
  Origin: [0, 293, 0]
  Direction: 
1 0 0
0 -0 -1
0 -1 -0

  IndexToPointMatrix: 
1 0 0
0 0 -1
0 -1 0

  PointToIndexMatrix: 
1 0 0
0 0 -1
0 -1 0

  Inverse Direction: 
1 0 0
0 0 -1
0 -1 0

  PixelContainer: 
    ImportImageContainer (0x4c7d7f0)
      RTTI typeinfo:   itk::ImportImageContainer<unsigned long, float>
      Reference Count: 1
      Modified Time: 1419
      Debug: Off
      Object Name: 
      Observers: 
        none
      Pointer: 0x7f46b194f010
      Container manages memory: true
      Size: 16091136
      Capacity: 16091136

     Moving image = Image (0x4c990b0)
  RTTI typeinfo:   itk::Image<float, 3u>
  Reference Count: 2
  Modified Time: 1612
  Debug: Off
  Object Name: 
  Observers: 
    none
  Source: (none)
  Source output name: (none)
  Release Data: Off
  Data Released: False
  Global Release Data: Off
  PipelineMTime: 0
  UpdateMTime: 1609
  RealTimeStamp: 0 seconds 
  LargestPossibleRegion: 
    Dimension: 3
    Index: [0, 0, 0]
    Size: [256, 256, 307]
  BufferedRegion: 
    Dimension: 3
    Index: [0, 0, 0]
    Size: [256, 256, 307]
  RequestedRegion: 
    Dimension: 3
    Index: [0, 0, 0]
    Size: [256, 256, 307]
  Spacing: [1, 1, 1]
  Origin: [0, 306, 0]
  Direction: 
1 0 0
0 -0 -1
0 -1 -0

  IndexToPointMatrix: 
1 0 0
0 0 -1
0 -1 0

  PointToIndexMatrix: 
1 0 0
0 0 -1
0 -1 0

  Inverse Direction: 
1 0 0
0 0 -1
0 -1 0

  PixelContainer: 
    ImportImageContainer (0x4c9b500)
      RTTI typeinfo:   itk::ImportImageContainer<unsigned long, float>
      Reference Count: 1
      Modified Time: 1606
      Debug: Off
      Object Name: 
      Observers: 
        none
      Pointer: 0x7f46acc8e010
      Container manages memory: true
      Size: 20119552
      Capacity: 20119552

     Weighting = 1
     Sampling strategy = regular
     Number of bins = 32
     Radius = 4
     Sampling percentage  = 0.25
   Transform = Rigid
     Gradient step = 0.1
     Update field sigma (voxel space) = 0
     Total field sigma (voxel space) = 0
     Update field time sigma = 0
     Total field time sigma  = 0
     Number of time indices = 0
     Number of time point samples = 0
Stage 2 State
   Image metric = Mattes
     Fixed image = Image (0x4ca3910)
  RTTI typeinfo:   itk::Image<float, 3u>
  Reference Count: 2
  Modified Time: 1987
  Debug: Off
  Object Name: 
  Observers: 
    none
  Source: (none)
  Source output name: (none)
  Release Data: Off
  Data Released: False
  Global Release Data: Off
  PipelineMTime: 0
  UpdateMTime: 1798
  RealTimeStamp: 0 seconds 
  LargestPossibleRegion: 
    Dimension: 3
    Index: [0, 0, 0]
    Size: [216, 256, 291]
  BufferedRegion: 
    Dimension: 3
    Index: [0, 0, 0]
    Size: [216, 256, 291]
  RequestedRegion: 
    Dimension: 3
    Index: [0, 0, 0]
    Size: [216, 256, 291]
  Spacing: [1, 1, 1]
  Origin: [0, 293, 0]
  Direction: 
1 0 0
0 -0 -1
0 -1 -0

  IndexToPointMatrix: 
1 0 0
0 0 -1
0 -1 0

  PointToIndexMatrix: 
1 0 0
0 0 -1
0 -1 0

  Inverse Direction: 
1 0 0
0 0 -1
0 -1 0

  PixelContainer: 
    ImportImageContainer (0x4ca41b0)
      RTTI typeinfo:   itk::ImportImageContainer<unsigned long, float>
      Reference Count: 1
      Modified Time: 1795
      Debug: Off
      Object Name: 
      Observers: 
        none
      Pointer: 0x7f46a8f2b010
      Container manages memory: true
      Size: 16091136
      Capacity: 16091136

     Moving image = Image (0x4ca3ca0)
  RTTI typeinfo:   itk::Image<float, 3u>
  Reference Count: 2
  Modified Time: 1988
  Debug: Off
  Object Name: 
  Observers: 
    none
  Source: (none)
  Source output name: (none)
  Release Data: Off
  Data Released: False
  Global Release Data: Off
  PipelineMTime: 0
  UpdateMTime: 1985
  RealTimeStamp: 0 seconds 
  LargestPossibleRegion: 
    Dimension: 3
    Index: [0, 0, 0]
    Size: [256, 256, 307]
  BufferedRegion: 
    Dimension: 3
    Index: [0, 0, 0]
    Size: [256, 256, 307]
  RequestedRegion: 
    Dimension: 3
    Index: [0, 0, 0]
    Size: [256, 256, 307]
  Spacing: [1, 1, 1]
  Origin: [0, 306, 0]
  Direction: 
1 0 0
0 -0 -1
0 -1 -0

  IndexToPointMatrix: 
1 0 0
0 0 -1
0 -1 0

  PointToIndexMatrix: 
1 0 0
0 0 -1
0 -1 0

  Inverse Direction: 
1 0 0
0 0 -1
0 -1 0

  PixelContainer: 
    ImportImageContainer (0x4ca47b0)
      RTTI typeinfo:   itk::ImportImageContainer<unsigned long, float>
      Reference Count: 1
      Modified Time: 1982
      Debug: Off
      Object Name: 
      Observers: 
        none
      Pointer: 0x7f46a426a010
      Container manages memory: true
      Size: 20119552
      Capacity: 20119552

     Weighting = 1
     Sampling strategy = regular
     Number of bins = 32
     Radius = 4
     Sampling percentage  = 0.25
   Transform = Affine
     Gradient step = 0.1
     Update field sigma (voxel space) = 0
     Total field sigma (voxel space) = 0
     Update field time sigma = 0
     Total field time sigma  = 0
     Number of time indices = 0
     Number of time point samples = 0
Stage 3 State
   Image metric = Mattes
     Fixed image = Image (0x4caa9a0)
  RTTI typeinfo:   itk::Image<float, 3u>
  Reference Count: 2
  Modified Time: 2363
  Debug: Off
  Object Name: 
  Observers: 
    none
  Source: (none)
  Source output name: (none)
  Release Data: Off
  Data Released: False
  Global Release Data: Off
  PipelineMTime: 0
  UpdateMTime: 2174
  RealTimeStamp: 0 seconds 
  LargestPossibleRegion: 
    Dimension: 3
    Index: [0, 0, 0]
    Size: [216, 256, 291]
  BufferedRegion: 
    Dimension: 3
    Index: [0, 0, 0]
    Size: [216, 256, 291]
  RequestedRegion: 
    Dimension: 3
    Index: [0, 0, 0]
    Size: [216, 256, 291]
  Spacing: [1, 1, 1]
  Origin: [0, 293, 0]
  Direction: 
1 0 0
0 -0 -1
0 -1 -0

  IndexToPointMatrix: 
1 0 0
0 0 -1
0 -1 0

  PointToIndexMatrix: 
1 0 0
0 0 -1
0 -1 0

  Inverse Direction: 
1 0 0
0 0 -1
0 -1 0

  PixelContainer: 
    ImportImageContainer (0x4caac30)
      RTTI typeinfo:   itk::ImportImageContainer<unsigned long, float>
      Reference Count: 1
      Modified Time: 2171
      Debug: Off
      Object Name: 
      Observers: 
        none
      Pointer: 0x7f46a0507010
      Container manages memory: true
      Size: 16091136
      Capacity: 16091136

     Moving image = Image (0x4cad360)
  RTTI typeinfo:   itk::Image<float, 3u>
  Reference Count: 2
  Modified Time: 2364
  Debug: Off
  Object Name: 
  Observers: 
    none
  Source: (none)
  Source output name: (none)
  Release Data: Off
  Data Released: False
  Global Release Data: Off
  PipelineMTime: 0
  UpdateMTime: 2361
  RealTimeStamp: 0 seconds 
  LargestPossibleRegion: 
    Dimension: 3
    Index: [0, 0, 0]
    Size: [256, 256, 307]
  BufferedRegion: 
    Dimension: 3
    Index: [0, 0, 0]
    Size: [256, 256, 307]
  RequestedRegion: 
    Dimension: 3
    Index: [0, 0, 0]
    Size: [256, 256, 307]
  Spacing: [1, 1, 1]
  Origin: [0, 306, 0]
  Direction: 
1 0 0
0 -0 -1
0 -1 -0

  IndexToPointMatrix: 
1 0 0
0 0 -1
0 -1 0

  PointToIndexMatrix: 
1 0 0
0 0 -1
0 -1 0

  Inverse Direction: 
1 0 0
0 0 -1
0 -1 0

  PixelContainer: 
    ImportImageContainer (0x4cad5f0)
      RTTI typeinfo:   itk::ImportImageContainer<unsigned long, float>
      Reference Count: 1
      Modified Time: 2358
      Debug: Off
      Object Name: 
      Observers: 
        none
      Pointer: 0x7f469b846010
      Container manages memory: true
      Size: 20119552
      Capacity: 20119552

     Weighting = 1
     Sampling strategy = none
     Number of bins = 32
     Radius = 4
     Sampling percentage  = 1
   Transform = SyN
     Gradient step = 0.1
     Update field sigma (voxel space) = 3
     Total field sigma (voxel space) = 0
     Update field time sigma = 0
     Total field time sigma  = 0
     Number of time indices = 0
     Number of time point samples = 0
Registration using 3 total stages.

Stage 0
  iterations = 1000x500x250x0
  convergence threshold = 1e-06
  convergence window size = 10
  number of levels = 4
  using the Mattes MI metric (number of bins = 32, weight = 1)
  preprocessing:  winsorizing the image intensities
  Shrink factors (level 1 out of 4): [12, 12, 12]
  Shrink factors (level 2 out of 4): [8, 8, 8]
  Shrink factors (level 3 out of 4): [4, 4, 4]
  Shrink factors (level 4 out of 4): [2, 2, 2]
  smoothing sigmas per level: [4, 3, 2, 1]
  regular sampling (percentage = 0.25)

*** Running Euler3DTransform registration ***

DIAGNOSTIC,Iteration,metricValue,convergenceValue,ITERATION_TIME_INDEX,SINCE_LAST
 2DIAGNOSTIC,     1, -4.724311828613e-01, inf, 1.9258e+01, 1.9258e+01, 
 2DIAGNOSTIC,     2, -4.731927514076e-01, inf, 1.9268e+01, 9.8720e-03, 
 2DIAGNOSTIC,     3, -4.741957783699e-01, inf, 1.9278e+01, 9.7251e-03, 
 2DIAGNOSTIC,     4, -4.754988551140e-01, inf, 1.9288e+01, 9.7408e-03, 
 2DIAGNOSTIC,     5, -4.766068160534e-01, inf, 1.9304e+01, 1.6025e-02, 
 2DIAGNOSTIC,     6, -4.766339957714e-01, inf, 1.9313e+01, 9.5761e-03, 
 2DIAGNOSTIC,     7, -4.767559766769e-01, inf, 1.9323e+01, 9.5441e-03, 
 2DIAGNOSTIC,     8, -4.767920076847e-01, inf, 1.9332e+01, 9.5069e-03, 
 2DIAGNOSTIC,     9, -4.768413007259e-01, inf, 1.9342e+01, 9.5098e-03, 
 2DIAGNOSTIC,    10, -4.769232571125e-01, 6.063805194572e-04, 1.9354e+01, 1.1883e-02, 
 2DIAGNOSTIC,    11, -4.769724607468e-01, 3.945788193960e-04, 1.9369e+01, 1.4852e-02, 
 2DIAGNOSTIC,    12, -4.770395755768e-01, 2.244514180347e-04, 1.9379e+01, 1.0157e-02, 
 2DIAGNOSTIC,    13, -4.770955741405e-01, 1.080449583242e-04, 1.9390e+01, 1.1711e-02, 
 2DIAGNOSTIC,    14, -4.774747490883e-01, 6.914686673554e-05, 1.9401e+01, 1.0247e-02, 
 2DIAGNOSTIC,    15, -4.780960977077e-01, 9.777403465705e-05, 1.9426e+01, 2.5212e-02, 
 2DIAGNOSTIC,    16, -4.780989885330e-01, 1.145674104919e-04, 1.9436e+01, 1.0393e-02, 
 2DIAGNOSTIC,    17, -4.781784415245e-01, 1.265387982130e-04, 1.9446e+01, 1.0176e-02, 
 2DIAGNOSTIC,    18, -4.782781898975e-01, 1.303459139308e-04, 1.9457e+01, 1.0171e-02, 
 2DIAGNOSTIC,    19, -4.783748984337e-01, 1.260600547539e-04, 1.9467e+01, 1.0133e-02, 
 2DIAGNOSTIC,    20, -4.784314632416e-01, 1.144232155639e-04, 1.9477e+01, 1.0136e-02, 
 2DIAGNOSTIC,    21, -4.784502983093e-01, 9.541794133838e-05, 1.9487e+01, 1.0146e-02, 
 2DIAGNOSTIC,    22, -4.784676730633e-01, 7.202393317129e-05, 1.9497e+01, 1.0134e-02, 
 2DIAGNOSTIC,    23, -4.784858524799e-01, 4.586026989273e-05, 1.9507e+01, 1.0164e-02, 
 2DIAGNOSTIC,    24, -4.785244166851e-01, 2.762180156424e-05, 1.9525e+01, 1.7958e-02, 
 2DIAGNOSTIC,    25, -4.785268008709e-01, 2.325435889361e-05, 1.9535e+01, 1.0131e-02, 
 2DIAGNOSTIC,    26, -4.785293936729e-01, 1.729634277581e-05, 1.9546e+01, 1.0122e-02, 
 2DIAGNOSTIC,    27, -4.785385727882e-01, 1.220900321641e-05, 1.9556e+01, 1.0108e-02, 
 2DIAGNOSTIC,    28, -4.785517752171e-01, 8.795434951026e-06, 1.9566e+01, 1.0117e-02, 
 2DIAGNOSTIC,    29, -4.785749316216e-01, 7.313885362237e-06, 1.9579e+01, 1.3241e-02, 
 2DIAGNOSTIC,    30, -4.785771071911e-01, 6.498185030068e-06, 1.9591e+01, 1.1676e-02, 
 2DIAGNOSTIC,    31, -4.785968661308e-01, 5.975374733680e-06, 1.9609e+01, 1.7930e-02, 
 2DIAGNOSTIC,    32, -4.785993993282e-01, 5.379691174312e-06, 1.9620e+01, 1.1670e-02, 
 2DIAGNOSTIC,    33, -4.785995483398e-01, 4.713862836070e-06, 1.9632e+01, 1.1669e-02, 
 2DIAGNOSTIC,    34, -4.785997569561e-01, 4.410573183122e-06, 1.9644e+01, 1.1693e-02, 
 2DIAGNOSTIC,    35, -4.786000847816e-01, 3.842354999506e-06, 1.9655e+01, 1.1687e-02, 
 2DIAGNOSTIC,    36, -4.786002337933e-01, 3.071003220612e-06, 1.9665e+01, 1.0117e-02, 
 2DIAGNOSTIC,    37, -4.786008596420e-01, 2.288304358444e-06, 1.9677e+01, 1.1661e-02, 
 2DIAGNOSTIC,    38, -4.786014556885e-01, 1.621799356144e-06, 1.9687e+01, 1.0104e-02, 
 2DIAGNOSTIC,    39, -4.786022603512e-01, 1.283664232687e-06, 1.9699e+01, 1.1661e-02, 
DIAGNOSTIC,Iteration,metricValue,convergenceValue,ITERATION_TIME_INDEX,SINCE_LAST
 2DIAGNOSTIC,     1, -3.993037939072e-01, inf, 3.4246e+01, 1.4547e+01, 
 2DIAGNOSTIC,     2, -4.005025327206e-01, inf, 3.4296e+01, 4.9490e-02, 
 2DIAGNOSTIC,     3, -4.021755158901e-01, inf, 3.4345e+01, 4.9243e-02, 
 2DIAGNOSTIC,     4, -4.031411707401e-01, inf, 3.4404e+01, 5.8738e-02, 
 2DIAGNOSTIC,     5, -4.035345911980e-01, inf, 3.4453e+01, 4.9367e-02, 
 2DIAGNOSTIC,     6, -4.038681685925e-01, inf, 3.4512e+01, 5.9067e-02, 
 2DIAGNOSTIC,     7, -4.039803147316e-01, inf, 3.4581e+01, 6.8394e-02, 
 2DIAGNOSTIC,     8, -4.038356244564e-01, inf, 3.4649e+01, 6.8802e-02, 
 2DIAGNOSTIC,     9, -4.038370847702e-01, inf, 3.4708e+01, 5.8720e-02, 
 2DIAGNOSTIC,    10, -4.037913084030e-01, 6.391332135536e-04, 3.4758e+01, 5.0210e-02, 
 2DIAGNOSTIC,    11, -4.037912487984e-01, 3.458604915068e-04, 3.4818e+01, 5.9521e-02, 
 2DIAGNOSTIC,    12, -4.037147164345e-01, 1.348392979708e-04, 3.4868e+01, 5.0259e-02, 
 2DIAGNOSTIC,    13, -4.037259817123e-01, 3.500896855257e-05, 3.4918e+01, 5.0197e-02, 
DIAGNOSTIC,Iteration,metricValue,convergenceValue,ITERATION_TIME_INDEX,SINCE_LAST
 2DIAGNOSTIC,     1, -3.417680561543e-01, inf, 4.4016e+01, 9.0978e+00, 
 2DIAGNOSTIC,     2, -3.423000276089e-01, inf, 4.4421e+01, 4.0494e-01, 
 2DIAGNOSTIC,     3, -3.429922163486e-01, inf, 4.4819e+01, 3.9838e-01, 
 2DIAGNOSTIC,     4, -3.437425494194e-01, inf, 4.5217e+01, 3.9769e-01, 
 2DIAGNOSTIC,     5, -3.439041674137e-01, inf, 4.5615e+01, 3.9753e-01, 
 2DIAGNOSTIC,     6, -3.441157042980e-01, inf, 4.6250e+01, 6.3541e-01, 
 2DIAGNOSTIC,     7, -3.441796004772e-01, inf, 4.6648e+01, 3.9785e-01, 
 2DIAGNOSTIC,     8, -3.443691134453e-01, inf, 4.7047e+01, 3.9945e-01, 
 2DIAGNOSTIC,     9, -3.444733619690e-01, inf, 4.7447e+01, 3.9918e-01, 
 2DIAGNOSTIC,    10, -3.447839319706e-01, 5.093296640553e-04, 4.8248e+01, 8.0127e-01, 
 2DIAGNOSTIC,    11, -3.448176383972e-01, 3.654251340777e-04, 4.8648e+01, 4.0054e-01, 
 2DIAGNOSTIC,    12, -3.448224663734e-01, 2.496155793779e-04, 4.9050e+01, 4.0197e-01, 
 2DIAGNOSTIC,    13, -3.448896706104e-01, 1.767154608388e-04, 4.9453e+01, 4.0244e-01, 
 2DIAGNOSTIC,    14, -3.449735939503e-01, 1.473071024520e-04, 4.9933e+01, 4.8040e-01, 
 2DIAGNOSTIC,    15, -3.450671136379e-01, 1.221179991262e-04, 5.0495e+01, 5.6157e-01, 
 2DIAGNOSTIC,    16, -3.450802862644e-01, 1.006740349112e-04, 5.0894e+01, 3.9945e-01, 
 2DIAGNOSTIC,    17, -3.451156914234e-01, 7.762236054987e-05, 5.1458e+01, 5.6410e-01, 
 2DIAGNOSTIC,    18, -3.451975286007e-01, 6.261000817176e-05, 5.1937e+01, 4.7828e-01, 
 2DIAGNOSTIC,    19, -3.452181220055e-01, 4.844122668146e-05, 5.2415e+01, 4.7885e-01, 
 2DIAGNOSTIC,    20, -3.452340960503e-01, 4.479135532165e-05, 5.2894e+01, 4.7877e-01, 
 2DIAGNOSTIC,    21, -3.452548682690e-01, 3.970366014983e-05, 5.3537e+01, 6.4254e-01, 
 2DIAGNOSTIC,    22, -3.452638387680e-01, 3.201673825970e-05, 5.4015e+01, 4.7818e-01, 
 2DIAGNOSTIC,    23, -3.452610969543e-01, 2.436641261738e-05, 5.4494e+01, 4.7868e-01, 
 2DIAGNOSTIC,    24, -3.452565073967e-01, 1.785470703908e-05, 5.4892e+01, 3.9871e-01, 
 2DIAGNOSTIC,    25, -3.452584743500e-01, 1.350372531306e-05, 5.5371e+01, 4.7824e-01, 
 2DIAGNOSTIC,    26, -3.452530205250e-01, 8.573653758503e-06, 5.5771e+01, 4.0014e-01, 
 2DIAGNOSTIC,    27, -3.452591896057e-01, 4.527769760898e-06, 5.6250e+01, 4.7978e-01, 
 2DIAGNOSTIC,    28, -3.452662229538e-01, 3.066296812904e-06, 5.6732e+01, 4.8140e-01, 
 2DIAGNOSTIC,    29, -3.452654480934e-01, 2.081704451484e-06, 5.7210e+01, 4.7788e-01, 
 2DIAGNOSTIC,    30, -3.452647626400e-01, 1.481386675550e-06, 5.7608e+01, 3.9849e-01, 
 2DIAGNOSTIC,    31, -3.452814221382e-01, 1.871060476333e-06, 5.8087e+01, 4.7855e-01, 
 2DIAGNOSTIC,    32, -3.452863991261e-01, 2.501596782167e-06, 5.8567e+01, 4.8013e-01, 
 2DIAGNOSTIC,    33, -3.452895879745e-01, 2.961561904158e-06, 5.9124e+01, 5.5733e-01, 
 2DIAGNOSTIC,    34, -3.452818393707e-01, 2.910807324952e-06, 5.9601e+01, 4.7719e-01, 
 2DIAGNOSTIC,    35, -3.452782928944e-01, 2.653257752172e-06, 6.0001e+01, 3.9910e-01, 
 2DIAGNOSTIC,    36, -3.452856540680e-01, 2.280131639054e-06, 6.0397e+01, 3.9629e-01, 
 2DIAGNOSTIC,    37, -3.453046977520e-01, 2.339191951251e-06, 6.0797e+01, 4.0036e-01, 
 2DIAGNOSTIC,    38, -3.453014791012e-01, 2.331229097763e-06, 6.1354e+01, 5.5718e-01, 
 2DIAGNOSTIC,    39, -3.452953994274e-01, 2.055028062387e-06, 6.1834e+01, 4.7929e-01, 
 2DIAGNOSTIC,    40, -3.453106880188e-01, 1.978373347811e-06, 6.2711e+01, 8.7694e-01, 
 2DIAGNOSTIC,    41, -3.453119099140e-01, 2.132511554009e-06, 6.3109e+01, 3.9840e-01, 
 2DIAGNOSTIC,    42, -3.453077077866e-01, 2.154687081202e-06, 6.3748e+01, 6.3909e-01, 
 2DIAGNOSTIC,    43, -3.453081548214e-01, 2.125329046976e-06, 6.4227e+01, 4.7939e-01, 
 2DIAGNOSTIC,    44, -3.453039526939e-01, 1.750758542585e-06, 6.4705e+01, 4.7776e-01, 
 2DIAGNOSTIC,    45, -3.453040122986e-01, 1.226826270795e-06, 6.5105e+01, 3.9981e-01, 
DIAGNOSTIC,Iteration,metricValue,convergenceValue,ITERATION_TIME_INDEX,SINCE_LAST
 2DIAGNOSTIC,     1, -2.968119680882e-01, inf, 7.3533e+01, 8.4276e+00, 
  Elapsed time (stage 0): 7.5377e+01


Stage 1
  iterations = 1000x500x250x0
  convergence threshold = 1.0000e-06
  convergence window size = 10
  number of levels = 4
  using the Mattes MI metric (number of bins = 32, weight = 1.0000e+00)
  preprocessing:  winsorizing the image intensities
  Shrink factors (level 1 out of 4): [12, 12, 12]
  Shrink factors (level 2 out of 4): [8, 8, 8]
  Shrink factors (level 3 out of 4): [4, 4, 4]
  Shrink factors (level 4 out of 4): [2, 2, 2]
  smoothing sigmas per level: [4, 3, 2, 1]
  regular sampling (percentage = 2.5000e-01)

*** Running AffineTransform registration ***

DIAGNOSTIC,Iteration,metricValue,convergenceValue,ITERATION_TIME_INDEX,SINCE_LAST
 2DIAGNOSTIC,     1, -4.724174439907e-01, inf, 1.9163e+01, 1.9163e+01, 
 2DIAGNOSTIC,     2, -4.740062654018e-01, inf, 1.9176e+01, 1.3392e-02, 
 2DIAGNOSTIC,     3, -4.763995409012e-01, inf, 1.9189e+01, 1.3170e-02, 
 2DIAGNOSTIC,     4, -4.804545640945e-01, inf, 1.9203e+01, 1.3213e-02, 
 2DIAGNOSTIC,     5, -4.858559966087e-01, inf, 1.9216e+01, 1.3205e-02, 
 2DIAGNOSTIC,     6, -4.960258305073e-01, inf, 1.9229e+01, 1.3383e-02, 
 2DIAGNOSTIC,     7, -5.072114467621e-01, inf, 1.9245e+01, 1.5695e-02, 
 2DIAGNOSTIC,     8, -5.215156674385e-01, inf, 1.9278e+01, 3.3312e-02, 
 2DIAGNOSTIC,     9, -5.211790204048e-01, inf, 1.9292e+01, 1.3794e-02, 
 2DIAGNOSTIC,    10, -5.215287804604e-01, 7.811232935637e-03, 1.9308e+01, 1.5796e-02, 
 2DIAGNOSTIC,    11, -5.219318866730e-01, 6.977230776101e-03, 1.9322e+01, 1.3914e-02, 
 2DIAGNOSTIC,    12, -5.220612287521e-01, 5.736057646573e-03, 1.9336e+01, 1.3996e-02, 
 2DIAGNOSTIC,    13, -5.225624442101e-01, 4.296449013054e-03, 1.9349e+01, 1.3655e-02, 
 2DIAGNOSTIC,    14, -5.235057473183e-01, 2.886573551223e-03, 1.9363e+01, 1.3971e-02, 
 2DIAGNOSTIC,    15, -5.245075821877e-01, 1.651200582273e-03, 1.9379e+01, 1.5253e-02, 
 2DIAGNOSTIC,    16, -5.260224938393e-01, 8.290874538943e-04, 1.9393e+01, 1.3917e-02, 
 2DIAGNOSTIC,    17, -5.273786783218e-01, 4.304305766709e-04, 1.9406e+01, 1.3513e-02, 
 2DIAGNOSTIC,    18, -5.287420153618e-01, 5.248081288300e-04, 1.9420e+01, 1.3946e-02, 
 2DIAGNOSTIC,    19, -5.301269888878e-01, 5.905398284085e-04, 1.9434e+01, 1.3684e-02, 
 2DIAGNOSTIC,    20, -5.364812016487e-01, 7.800919120200e-04, 1.9450e+01, 1.6209e-02, 
 2DIAGNOSTIC,    21, -5.380119085312e-01, 9.251387673430e-04, 1.9469e+01, 1.9459e-02, 
 2DIAGNOSTIC,    22, -5.393437147141e-01, 1.007856102660e-03, 1.9485e+01, 1.5762e-02, 
 2DIAGNOSTIC,    23, -5.395670533180e-01, 1.007911749184e-03, 1.9502e+01, 1.7340e-02, 
 2DIAGNOSTIC,    24, -5.394759178162e-01, 9.332412737422e-04, 1.9518e+01, 1.5667e-02, 
 2DIAGNOSTIC,    25, -5.393922328949e-01, 7.955629262142e-04, 1.9534e+01, 1.5602e-02, 
 2DIAGNOSTIC,    26, -5.392696857452e-01, 6.227169651538e-04, 1.9549e+01, 1.5626e-02, 
 2DIAGNOSTIC,    27, -5.391582250595e-01, 4.311113443691e-04, 1.9563e+01, 1.3552e-02, 
 2DIAGNOSTIC,    28, -5.389025211334e-01, 2.359495265409e-04, 1.9579e+01, 1.5670e-02, 
 2DIAGNOSTIC,    29, -5.387954115868e-01, 5.411314486992e-05, 1.9593e+01, 1.3957e-02, 
DIAGNOSTIC,Iteration,metricValue,convergenceValue,ITERATION_TIME_INDEX,SINCE_LAST
 2DIAGNOSTIC,     1, -4.516035020351e-01, inf, 3.3995e+01, 1.4402e+01, 
 2DIAGNOSTIC,     2, -4.521896839142e-01, inf, 3.4060e+01, 6.5109e-02, 
 2DIAGNOSTIC,     3, -4.524650871754e-01, inf, 3.4126e+01, 6.5856e-02, 
 2DIAGNOSTIC,     4, -4.527087509632e-01, inf, 3.4201e+01, 7.5676e-02, 
 2DIAGNOSTIC,     5, -4.527055025101e-01, inf, 3.4298e+01, 9.6563e-02, 
 2DIAGNOSTIC,     6, -4.527371227741e-01, inf, 3.4384e+01, 8.6035e-02, 
 2DIAGNOSTIC,     7, -4.527789354324e-01, inf, 3.4481e+01, 9.6738e-02, 
 2DIAGNOSTIC,     8, -4.527538120747e-01, inf, 3.4556e+01, 7.5631e-02, 
 2DIAGNOSTIC,     9, -4.527376592159e-01, inf, 3.4622e+01, 6.5424e-02, 
 2DIAGNOSTIC,    10, -4.526946544647e-01, 1.168928356492e-04, 3.4698e+01, 7.6506e-02, 
 2DIAGNOSTIC,    11, -4.526617527008e-01, 4.413453279994e-05, 3.4775e+01, 7.6534e-02, 
 2DIAGNOSTIC,    12, -4.526995718479e-01, 1.217171575263e-05, 3.4862e+01, 8.6703e-02, 
DIAGNOSTIC,Iteration,metricValue,convergenceValue,ITERATION_TIME_INDEX,SINCE_LAST
 2DIAGNOSTIC,     1, -3.827496170998e-01, inf, 4.3972e+01, 9.1099e+00, 
 2DIAGNOSTIC,     2, -3.833570778370e-01, inf, 4.4487e+01, 5.1511e-01, 
 2DIAGNOSTIC,     3, -3.838917016983e-01, inf, 4.4999e+01, 5.1195e-01, 
 2DIAGNOSTIC,     4, -3.843836188316e-01, inf, 4.5513e+01, 5.1434e-01, 
 2DIAGNOSTIC,     5, -3.847140669823e-01, inf, 4.6025e+01, 5.1234e-01, 
 2DIAGNOSTIC,     6, -3.851552903652e-01, inf, 4.6537e+01, 5.1219e-01, 
 2DIAGNOSTIC,     7, -3.859166502953e-01, inf, 4.7222e+01, 6.8417e-01, 
 2DIAGNOSTIC,     8, -3.859568834305e-01, inf, 4.8075e+01, 8.5353e-01, 
 2DIAGNOSTIC,     9, -3.860102891922e-01, inf, 4.8582e+01, 5.0731e-01, 
 2DIAGNOSTIC,    10, -3.862399756908e-01, 5.974519299343e-04, 4.9096e+01, 5.1402e-01, 
 2DIAGNOSTIC,    11, -3.864707350731e-01, 4.735666443594e-04, 4.9616e+01, 5.1971e-01, 
 2DIAGNOSTIC,    12, -3.866717219353e-01, 3.765863657463e-04, 5.0651e+01, 1.0344e+00, 
 2DIAGNOSTIC,    13, -3.866800069809e-01, 2.913042262662e-04, 5.1256e+01, 6.0565e-01, 
 2DIAGNOSTIC,    14, -3.866815268993e-01, 2.186609635828e-04, 5.1858e+01, 6.0130e-01, 
 2DIAGNOSTIC,    15, -3.866835534573e-01, 1.521109661553e-04, 5.2463e+01, 6.0551e-01, 
 2DIAGNOSTIC,    16, -3.866723477840e-01, 9.877456614049e-05, 5.2979e+01, 5.1599e-01, 
 2DIAGNOSTIC,    17, -3.866635560989e-01, 7.542331877630e-05, 5.3583e+01, 6.0408e-01, 
 2DIAGNOSTIC,    18, -3.866997659206e-01, 5.118374610902e-05, 5.4099e+01, 5.1606e-01, 
 2DIAGNOSTIC,    19, -3.867433965206e-01, 2.861294706236e-05, 5.4621e+01, 5.2191e-01, 
 2DIAGNOSTIC,    20, -3.867947161198e-01, 1.596944821358e-05, 5.5138e+01, 5.1696e-01, 
 2DIAGNOSTIC,    21, -3.868991434574e-01, 1.474934833823e-05, 5.5660e+01, 5.2158e-01, 
 2DIAGNOSTIC,    22, -3.869926631451e-01, 2.220511851192e-05, 5.6435e+01, 7.7582e-01, 
 2DIAGNOSTIC,    23, -3.870395720005e-01, 2.878736449929e-05, 5.7298e+01, 8.6300e-01, 
 2DIAGNOSTIC,    24, -3.870582878590e-01, 3.287474100944e-05, 5.7905e+01, 6.0644e-01, 
 2DIAGNOSTIC,    25, -3.870875239372e-01, 3.462052700343e-05, 5.8511e+01, 6.0646e-01, 
 2DIAGNOSTIC,    26, -3.871003687382e-01, 3.312088665552e-05, 5.9032e+01, 5.2077e-01, 
 2DIAGNOSTIC,    27, -3.871167600155e-01, 2.889409188356e-05, 5.9805e+01, 7.7240e-01, 
 2DIAGNOSTIC,    28, -3.871154487133e-01, 2.327423499082e-05, 6.0320e+01, 5.1505e-01, 
 2DIAGNOSTIC,    29, -3.871172368526e-01, 1.713457459118e-05, 6.0846e+01, 5.2617e-01, 
 2DIAGNOSTIC,    30, -3.871268928051e-01, 1.134778267442e-05, 6.1448e+01, 6.0249e-01, 
 2DIAGNOSTIC,    31, -3.871404230595e-01, 7.702978109592e-06, 6.1969e+01, 5.2075e-01, 
 2DIAGNOSTIC,    32, -3.871647119522e-01, 6.335279977066e-06, 6.2657e+01, 6.8757e-01, 
 2DIAGNOSTIC,    33, -3.871672153473e-01, 5.637165941152e-06, 6.3349e+01, 6.9247e-01, 
 2DIAGNOSTIC,    34, -3.871659040451e-01, 4.912601070828e-06, 6.3953e+01, 6.0390e-01, 
 2DIAGNOSTIC,    35, -3.871641755104e-01, 4.431105026015e-06, 6.4557e+01, 6.0390e-01, 
 2DIAGNOSTIC,    36, -3.871566653252e-01, 3.735590098586e-06, 6.5072e+01, 5.1542e-01, 
 2DIAGNOSTIC,    37, -3.871552348137e-01, 3.102336222582e-06, 6.5677e+01, 6.0476e-01, 
 2DIAGNOSTIC,    38, -3.871591389179e-01, 2.340787659705e-06, 6.6196e+01, 5.1921e-01, 
 2DIAGNOSTIC,    39, -3.871595263481e-01, 1.517198825240e-06, 6.6715e+01, 5.1911e-01, 
 2DIAGNOSTIC,    40, -3.871726095676e-01, 1.086579004550e-06, 6.7230e+01, 5.1487e-01, 
 2DIAGNOSTIC,    41, -3.871859014034e-01, 1.115116219808e-06, 6.7835e+01, 6.0443e-01, 
 2DIAGNOSTIC,    42, -3.872008323669e-01, 1.791590420908e-06, 6.8438e+01, 6.0332e-01, 
 2DIAGNOSTIC,    43, -3.871839642525e-01, 2.088442670356e-06, 6.9044e+01, 6.0558e-01, 
 2DIAGNOSTIC,    44, -3.871893882751e-01, 2.324149818378e-06, 6.9651e+01, 6.0740e-01, 
 2DIAGNOSTIC,    45, -3.871921896935e-01, 2.411832838334e-06, 7.0344e+01, 6.9305e-01, 
 2DIAGNOSTIC,    46, -3.871904611588e-01, 2.176612724725e-06, 7.0952e+01, 6.0761e-01, 
 2DIAGNOSTIC,    47, -3.871991634369e-01, 1.923729996633e-06, 7.1559e+01, 6.0792e-01, 
 2DIAGNOSTIC,    48, -3.871946334839e-01, 1.557823793519e-06, 7.2082e+01, 5.2257e-01, 
 2DIAGNOSTIC,    49, -3.871932923794e-01, 1.109849563363e-06, 7.2862e+01, 7.7997e-01, 
DIAGNOSTIC,Iteration,metricValue,convergenceValue,ITERATION_TIME_INDEX,SINCE_LAST
 2DIAGNOSTIC,     1, -3.337884247303e-01, inf, 8.2337e+01, 9.4746e+00, 
  Elapsed time (stage 1): 8.4172e+01


Stage 2
  iterations = 100x100x70x50x0
  convergence threshold = 1.0000e-06
  convergence window size = 10
  number of levels = 5
  using the Mattes MI metric (number of bins = 32, weight = 1.0000e+00)
  preprocessing:  winsorizing the image intensities
  Shrink factors (level 1 out of 5): [10, 10, 10]
  Shrink factors (level 2 out of 5): [6, 6, 6]
  Shrink factors (level 3 out of 5): [4, 4, 4]
  Shrink factors (level 4 out of 5): [2, 2, 2]
  Shrink factors (level 5 out of 5): [1, 1, 1]
  smoothing sigmas per level: [5, 3, 2, 1, 0]
  Using default NONE metricSamplingStrategy 

*** Running SyN registration (varianceForUpdateField = 3.0000e+00, varianceForTotalField = 0.0000e+00) ***

XXDIAGNOSTIC,Iteration,metricValue,convergenceValue,ITERATION_TIME_INDEX,SINCE_LAST
 1DIAGNOSTIC,     1, -5.208179354668e-01, inf, 3.3350e+01, 3.3350e+01, 
 1DIAGNOSTIC,     2, -5.401378273964e-01, inf, 3.3502e+01, 1.5257e-01, 
 1DIAGNOSTIC,     3, -5.544942617416e-01, inf, 3.3656e+01, 1.5311e-01, 
 1DIAGNOSTIC,     4, -5.625692009926e-01, inf, 3.3801e+01, 1.4561e-01, 
 1DIAGNOSTIC,     5, -5.651800632477e-01, inf, 3.3950e+01, 1.4920e-01, 
 1DIAGNOSTIC,     6, -5.635969638824e-01, inf, 3.4096e+01, 1.4569e-01, 
 1DIAGNOSTIC,     7, -5.640468597412e-01, inf, 3.4242e+01, 1.4599e-01, 
 1DIAGNOSTIC,     8, -5.614202022552e-01, inf, 3.4388e+01, 1.4598e-01, 
 1DIAGNOSTIC,     9, -5.606060028076e-01, inf, 3.4534e+01, 1.4586e-01, 
 1DIAGNOSTIC,    10, -5.588149428368e-01, 3.134639002383e-03, 3.4680e+01, 1.4664e-01, 
 1DIAGNOSTIC,    11, -5.578622817993e-01, 8.607197669335e-04, 3.4827e+01, 1.4684e-01, 
 1DIAGNOSTIC,    12, -5.554796457291e-01, -3.992820275016e-04, 3.4974e+01, 1.4691e-01, 
XXDIAGNOSTIC,Iteration,metricValue,convergenceValue,ITERATION_TIME_INDEX,SINCE_LAST
 1DIAGNOSTIC,     1, -4.399383068085e-01, inf, 4.9813e+01, 1.4839e+01, 
 1DIAGNOSTIC,     2, -4.428470134735e-01, inf, 5.0391e+01, 5.7750e-01, 
 1DIAGNOSTIC,     3, -4.445490241051e-01, inf, 5.0969e+01, 5.7818e-01, 
 1DIAGNOSTIC,     4, -4.451183080673e-01, inf, 5.1543e+01, 5.7395e-01, 
 1DIAGNOSTIC,     5, -4.449731707573e-01, inf, 5.2118e+01, 5.7522e-01, 
 1DIAGNOSTIC,     6, -4.444966912270e-01, inf, 5.2693e+01, 5.7553e-01, 
 1DIAGNOSTIC,     7, -4.437941908836e-01, inf, 5.3269e+01, 5.7588e-01, 
 1DIAGNOSTIC,     8, -4.433621764183e-01, inf, 5.3845e+01, 5.7545e-01, 
 1DIAGNOSTIC,     9, -4.431841373444e-01, inf, 5.4455e+01, 6.1046e-01, 
 1DIAGNOSTIC,    10, -4.422578215599e-01, 7.264621672221e-05, 5.5047e+01, 5.9210e-01, 
 1DIAGNOSTIC,    11, -4.419790506363e-01, -2.940892300103e-04, 5.5641e+01, 5.9343e-01, 
XXDIAGNOSTIC,Iteration,metricValue,convergenceValue,ITERATION_TIME_INDEX,SINCE_LAST
 1DIAGNOSTIC,     1, -3.752528429031e-01, inf, 6.6000e+01, 1.0359e+01, 
 1DIAGNOSTIC,     2, -3.762724101543e-01, inf, 6.7795e+01, 1.7955e+00, 
 1DIAGNOSTIC,     3, -3.770931959152e-01, inf, 6.9585e+01, 1.7893e+00, 
 1DIAGNOSTIC,     4, -3.776310682297e-01, inf, 7.1386e+01, 1.8015e+00, 
 1DIAGNOSTIC,     5, -3.778876960278e-01, inf, 7.3192e+01, 1.8055e+00, 
 1DIAGNOSTIC,     6, -3.779292702675e-01, inf, 7.4987e+01, 1.7953e+00, 
 1DIAGNOSTIC,     7, -3.779572844505e-01, inf, 7.6839e+01, 1.8518e+00, 
 1DIAGNOSTIC,     8, -3.779008388519e-01, inf, 7.8637e+01, 1.7980e+00, 
 1DIAGNOSTIC,     9, -3.775113523006e-01, inf, 8.0491e+01, 1.8539e+00, 
 1DIAGNOSTIC,    10, -3.774126172066e-01, 3.021214506589e-04, 8.2408e+01, 1.9179e+00, 
 1DIAGNOSTIC,    11, -3.772086799145e-01, 8.110226190183e-05, 8.4260e+01, 1.8516e+00, 
 1DIAGNOSTIC,    12, -3.768844604492e-01, -6.739205855411e-05, 8.6108e+01, 1.8482e+00, 
XXDIAGNOSTIC,Iteration,metricValue,convergenceValue,ITERATION_TIME_INDEX,SINCE_LAST
 1DIAGNOSTIC,     1, -3.172566294670e-01, inf, 1.0613e+02, 2.0024e+01, 
 1DIAGNOSTIC,     2, -3.182336688042e-01, inf, 1.1906e+02, 1.2925e+01, 
 1DIAGNOSTIC,     3, -3.192273378372e-01, inf, 1.3203e+02, 1.2971e+01, 
 1DIAGNOSTIC,     4, -3.201798200607e-01, inf, 1.4493e+02, 1.2898e+01, 
 1DIAGNOSTIC,     5, -3.210011720657e-01, inf, 1.5780e+02, 1.2873e+01, 
 1DIAGNOSTIC,     6, -3.217855989933e-01, inf, 1.7068e+02, 1.2883e+01, 
 1DIAGNOSTIC,     7, -3.224500417709e-01, inf, 1.8362e+02, 1.2934e+01, 
 1DIAGNOSTIC,     8, -3.230653405190e-01, inf, 1.9651e+02, 1.2892e+01, 
 1DIAGNOSTIC,     9, -3.235957920551e-01, inf, 2.0941e+02, 1.2902e+01, 
 1DIAGNOSTIC,    10, -3.240669369698e-01, 1.364443683997e-03, 2.2320e+02, 1.3794e+01, 
 1DIAGNOSTIC,    11, -3.244738578796e-01, 1.123542664573e-03, 2.3658e+02, 1.3376e+01, 
 1DIAGNOSTIC,    12, -3.247827887535e-01, 9.160786285065e-04, 2.5041e+02, 1.3829e+01, 
 1DIAGNOSTIC,    13, -3.251103758812e-01, 7.470073760487e-04, 2.6417e+02, 1.3764e+01, 
 1DIAGNOSTIC,    14, -3.253297805786e-01, 6.075813435018e-04, 2.7797e+02, 1.3801e+01, 
 1DIAGNOSTIC,    15, -3.255569338799e-01, 4.925127723254e-04, 2.9183e+02, 1.3862e+01, 
 1DIAGNOSTIC,    16, -3.257097601891e-01, 3.979912726209e-04, 3.0561e+02, 1.3776e+01, 
 1DIAGNOSTIC,    17, -3.258656263351e-01, 3.202348016202e-04, 3.1939e+02, 1.3784e+01, 
 1DIAGNOSTIC,    18, -3.260109424591e-01, 2.585235633887e-04, 3.3316e+02, 1.3769e+01, 
 1DIAGNOSTIC,    19, -3.261395692825e-01, 2.096674579661e-04, 3.4695e+02, 1.3783e+01, 
 1DIAGNOSTIC,    20, -3.262472748756e-01, 1.715452672215e-04, 3.6070e+02, 1.3755e+01, 
 1DIAGNOSTIC,    21, -3.263621926308e-01, 1.429045805708e-04, 3.7459e+02, 1.3891e+01, 
 1DIAGNOSTIC,    22, -3.264710307121e-01, 1.201050472446e-04, 3.8838e+02, 1.3791e+01, 
 1DIAGNOSTIC,    23, -3.265808224678e-01, 1.047287078109e-04, 4.0225e+02, 1.3870e+01, 
 1DIAGNOSTIC,    24, -3.266839087009e-01, 9.256276098313e-05, 4.1608e+02, 1.3824e+01, 
 1DIAGNOSTIC,    25, -3.267934322357e-01, 8.453308691969e-05, 4.2989e+02, 1.3815e+01, 
 1DIAGNOSTIC,    26, -3.268659710884e-01, 7.678283873247e-05, 4.4366e+02, 1.3767e+01, 
 1DIAGNOSTIC,    27, -3.269611001015e-01, 7.056180038489e-05, 4.5754e+02, 1.3880e+01, 
 1DIAGNOSTIC,    28, -3.270668983459e-01, 6.600568303838e-05, 4.7129e+02, 1.3753e+01, 
 1DIAGNOSTIC,    29, -3.271706104279e-01, 6.256507185753e-05, 4.8516e+02, 1.3865e+01, 
 1DIAGNOSTIC,    30, -3.272346854210e-01, 5.847821012139e-05, 4.9891e+02, 1.3755e+01, 
 1DIAGNOSTIC,    31, -3.273353576660e-01, 5.528612382477e-05, 5.1273e+02, 1.3818e+01, 
 1DIAGNOSTIC,    32, -3.273775577545e-01, 5.121052890900e-05, 5.2652e+02, 1.3791e+01, 
 1DIAGNOSTIC,    33, -3.274781703949e-01, 4.815110878553e-05, 5.4035e+02, 1.3834e+01, 
 1DIAGNOSTIC,    34, -3.275405764580e-01, 4.495505709201e-05, 5.5412e+02, 1.3771e+01, 
 1DIAGNOSTIC,    35, -3.276325464249e-01, 4.277403058950e-05, 5.6798e+02, 1.3851e+01, 
 1DIAGNOSTIC,    36, -3.276805579662e-01, 3.961285983678e-05, 5.8182e+02, 1.3841e+01, 
 1DIAGNOSTIC,    37, -3.277345895767e-01, 3.642971933004e-05, 5.9562e+02, 1.3803e+01, 
 1DIAGNOSTIC,    38, -3.277825713158e-01, 3.351777922944e-05, 6.0943e+02, 1.3813e+01, 
 1DIAGNOSTIC,    39, -3.278074264526e-01, 3.048696817132e-05, 6.2325e+02, 1.3816e+01, 
 1DIAGNOSTIC,    40, -3.277867436409e-01, 2.568553827587e-05, 6.3706e+02, 1.3809e+01, 
 1DIAGNOSTIC,    41, -3.277851939201e-01, 2.088640576403e-05, 6.5081e+02, 1.3756e+01, 
 1DIAGNOSTIC,    42, -3.277753591537e-01, 1.503577368567e-05, 6.6464e+02, 1.3833e+01, 
 1DIAGNOSTIC,    43, -3.277633786201e-01, 9.874041097646e-06, 6.7847e+02, 1.3826e+01, 
 1DIAGNOSTIC,    44, -3.277694880962e-01, 5.405966476246e-06, 6.9222e+02, 1.3748e+01, 
 1DIAGNOSTIC,    45, -3.277360796928e-01, 1.823556431191e-06, 7.0598e+02, 1.3757e+01, 
 1DIAGNOSTIC,    46, -3.277423679829e-01, -6.702701398353e-07, 7.1986e+02, 1.3880e+01, 
  Elapsed time (stage 2): 744


Total elapsed time: 903.6

--- Writing output images ---

Using double precision for computations.
Input scalar image: data/Segmentations/1014_3_seg.nii.gz
Reference image: data/template/T_template0_BrainCerebellum.nii.gz
=============================================================================
The composite transform comprises the following transforms (in order): 
  1. /tmp/1971942.1.basic.q/1014_ToTemplate_015_0GenericAffine.mat (type = AffineTransform)
  2. /tmp/1971942.1.basic.q/1014_ToTemplate_015_1Warp.nii.gz (type = DisplacementFieldTransform)
=============================================================================
Default pixel value: 0
Interpolation type: LabelImageGenericInterpolateImageFunction
Output warped image: output/1014/1014_WarpedLabels_015.nii.gz

--- Done ---

