
--- Running on compute-1-12.local ---


--- registration call ---
/data/jet/pcook/bin/antsBuild/bin/antsRegistrationSyNQuick.sh -d 3 -f data/template/T_template0_BrainCerebellum.nii.gz -m data/Brains/1119_3.nii.gz -t s -p d -n 2 -o /tmp/1971417.1.basic.q/1119_ToTemplate_010_
---


--------------------------------------------------------------------------------------
 Mapping parameters
--------------------------------------------------------------------------------------
 ANTSPATH is /data/jet/pcook/bin/antsBuild/bin/

 Dimensionality:           3
 Output name prefix:       /tmp/1971417.1.basic.q/1119_ToTemplate_010_
 Fixed images:             data/template/T_template0_BrainCerebellum.nii.gz
 Moving images:            data/Brains/1119_3.nii.gz
 Mask images:              
 Initial transforms:       
 Number of threads:        2
 Spline distance:          26
 Transform type:           s
 MI histogram bins:        32
 Precision:                d
 Use histogram matching    0
======================================================================================
 antsRegistration call:
--------------------------------------------------------------------------------------
/data/jet/pcook/bin/antsBuild/bin//antsRegistration --verbose 1 --dimensionality 3 --float 0 --collapse-output-transforms 1 --output [/tmp/1971417.1.basic.q/1119_ToTemplate_010_,/tmp/1971417.1.basic.q/1119_ToTemplate_010_Warped.nii.gz,/tmp/1971417.1.basic.q/1119_ToTemplate_010_InverseWarped.nii.gz] --interpolation Linear --use-histogram-matching 0 --winsorize-image-intensities [0.005,0.995] --initial-moving-transform [data/template/T_template0_BrainCerebellum.nii.gz,data/Brains/1119_3.nii.gz,1] --transform Rigid[0.1] --metric MI[data/template/T_template0_BrainCerebellum.nii.gz,data/Brains/1119_3.nii.gz,1,32,Regular,0.25] --convergence [1000x500x250x0,1e-6,10] --shrink-factors 12x8x4x2 --smoothing-sigmas 4x3x2x1vox --transform Affine[0.1] --metric MI[data/template/T_template0_BrainCerebellum.nii.gz,data/Brains/1119_3.nii.gz,1,32,Regular,0.25] --convergence [1000x500x250x0,1e-6,10] --shrink-factors 12x8x4x2 --smoothing-sigmas 4x3x2x1vox --transform SyN[0.1,3,0] --metric MI[data/template/T_template0_BrainCerebellum.nii.gz,data/Brains/1119_3.nii.gz,1,32] --convergence [100x100x70x50x0,1e-6,10] --shrink-factors 10x6x4x2x1 --smoothing-sigmas 5x3x2x1x0vox
--------------------------------------------------------------------------------------
All_Command_lines_OK
Using double precision for computations.
=============================================================================
The composite transform comprises the following transforms (in order): 
  1. Center of mass alignment using fixed image: data/template/T_template0_BrainCerebellum.nii.gz and moving image: data/Brains/1119_3.nii.gz (type = Euler3DTransform)
=============================================================================
  number of levels = 4
  number of levels = 4
  number of levels = 5
  fixed image: data/template/T_template0_BrainCerebellum.nii.gz
  moving image: data/Brains/1119_3.nii.gz
  fixed image: data/template/T_template0_BrainCerebellum.nii.gz
  moving image: data/Brains/1119_3.nii.gz
  fixed image: data/template/T_template0_BrainCerebellum.nii.gz
  moving image: data/Brains/1119_3.nii.gz
Dimension = 3
Number of stages = 3
Use Histogram Matching false
Winsorize image intensities true
Lower quantile = 0.005
Upper quantile = 0.995
Stage 1 State
   Image metric = Mattes
     Fixed image = Image (0x4cf8f40)
  RTTI typeinfo:   itk::Image<double, 3u>
  Reference Count: 2
  Modified Time: 1611
  Debug: Off
  Object Name: 
  Observers: 
    none
  Source: (none)
  Source output name: (none)
  Release Data: Off
  Data Released: False
  Global Release Data: Off
  PipelineMTime: 0
  UpdateMTime: 1422
  RealTimeStamp: 0 seconds 
  LargestPossibleRegion: 
    Dimension: 3
    Index: [0, 0, 0]
    Size: [216, 256, 291]
  BufferedRegion: 
    Dimension: 3
    Index: [0, 0, 0]
    Size: [216, 256, 291]
  RequestedRegion: 
    Dimension: 3
    Index: [0, 0, 0]
    Size: [216, 256, 291]
  Spacing: [1, 1, 1]
  Origin: [0, 293, 0]
  Direction: 
1 0 0
0 -0 -1
0 -1 -0

  IndexToPointMatrix: 
1 0 0
0 0 -1
0 -1 0

  PointToIndexMatrix: 
1 0 0
0 0 -1
0 -1 0

  Inverse Direction: 
1 0 0
0 0 -1
0 -1 0

  PixelContainer: 
    ImportImageContainer (0x4cfca40)
      RTTI typeinfo:   itk::ImportImageContainer<unsigned long, double>
      Reference Count: 1
      Modified Time: 1419
      Debug: Off
      Object Name: 
      Observers: 
        none
      Pointer: 0x7ff09c1a4010
      Container manages memory: true
      Size: 16091136
      Capacity: 16091136

     Moving image = Image (0x4cfafa0)
  RTTI typeinfo:   itk::Image<double, 3u>
  Reference Count: 2
  Modified Time: 1612
  Debug: Off
  Object Name: 
  Observers: 
    none
  Source: (none)
  Source output name: (none)
  Release Data: Off
  Data Released: False
  Global Release Data: Off
  PipelineMTime: 0
  UpdateMTime: 1609
  RealTimeStamp: 0 seconds 
  LargestPossibleRegion: 
    Dimension: 3
    Index: [0, 0, 0]
    Size: [256, 256, 290]
  BufferedRegion: 
    Dimension: 3
    Index: [0, 0, 0]
    Size: [256, 256, 290]
  RequestedRegion: 
    Dimension: 3
    Index: [0, 0, 0]
    Size: [256, 256, 290]
  Spacing: [1, 1, 1]
  Origin: [0, 289, 0]
  Direction: 
1 0 0
0 -0 -1
0 -1 -0

  IndexToPointMatrix: 
1 0 0
0 0 -1
0 -1 0

  PointToIndexMatrix: 
1 0 0
0 0 -1
0 -1 0

  Inverse Direction: 
1 0 0
0 0 -1
0 -1 0

  PixelContainer: 
    ImportImageContainer (0x4cebf60)
      RTTI typeinfo:   itk::ImportImageContainer<unsigned long, double>
      Reference Count: 1
      Modified Time: 1606
      Debug: Off
      Object Name: 
      Observers: 
        none
      Pointer: 0x7ff0930a3010
      Container manages memory: true
      Size: 19005440
      Capacity: 19005440

     Weighting = 1
     Sampling strategy = regular
     Number of bins = 32
     Radius = 4
     Sampling percentage  = 0.25
   Transform = Rigid
     Gradient step = 0.1
     Update field sigma (voxel space) = 0
     Total field sigma (voxel space) = 0
     Update field time sigma = 0
     Total field time sigma  = 0
     Number of time indices = 0
     Number of time point samples = 0
Stage 2 State
   Image metric = Mattes
     Fixed image = Image (0x4cff950)
  RTTI typeinfo:   itk::Image<double, 3u>
  Reference Count: 2
  Modified Time: 1987
  Debug: Off
  Object Name: 
  Observers: 
    none
  Source: (none)
  Source output name: (none)
  Release Data: Off
  Data Released: False
  Global Release Data: Off
  PipelineMTime: 0
  UpdateMTime: 1798
  RealTimeStamp: 0 seconds 
  LargestPossibleRegion: 
    Dimension: 3
    Index: [0, 0, 0]
    Size: [216, 256, 291]
  BufferedRegion: 
    Dimension: 3
    Index: [0, 0, 0]
    Size: [216, 256, 291]
  RequestedRegion: 
    Dimension: 3
    Index: [0, 0, 0]
    Size: [216, 256, 291]
  Spacing: [1, 1, 1]
  Origin: [0, 293, 0]
  Direction: 
1 0 0
0 -0 -1
0 -1 -0

  IndexToPointMatrix: 
1 0 0
0 0 -1
0 -1 0

  PointToIndexMatrix: 
1 0 0
0 0 -1
0 -1 0

  Inverse Direction: 
1 0 0
0 0 -1
0 -1 0

  PixelContainer: 
    ImportImageContainer (0x4cfbbc0)
      RTTI typeinfo:   itk::ImportImageContainer<unsigned long, double>
      Reference Count: 1
      Modified Time: 1795
      Debug: Off
      Object Name: 
      Observers: 
        none
      Pointer: 0x7ff08b5de010
      Container manages memory: true
      Size: 16091136
      Capacity: 16091136

     Moving image = Image (0x4d0c2d0)
  RTTI typeinfo:   itk::Image<double, 3u>
  Reference Count: 2
  Modified Time: 1988
  Debug: Off
  Object Name: 
  Observers: 
    none
  Source: (none)
  Source output name: (none)
  Release Data: Off
  Data Released: False
  Global Release Data: Off
  PipelineMTime: 0
  UpdateMTime: 1985
  RealTimeStamp: 0 seconds 
  LargestPossibleRegion: 
    Dimension: 3
    Index: [0, 0, 0]
    Size: [256, 256, 290]
  BufferedRegion: 
    Dimension: 3
    Index: [0, 0, 0]
    Size: [256, 256, 290]
  RequestedRegion: 
    Dimension: 3
    Index: [0, 0, 0]
    Size: [256, 256, 290]
  Spacing: [1, 1, 1]
  Origin: [0, 289, 0]
  Direction: 
1 0 0
0 -0 -1
0 -1 -0

  IndexToPointMatrix: 
1 0 0
0 0 -1
0 -1 0

  PointToIndexMatrix: 
1 0 0
0 0 -1
0 -1 0

  Inverse Direction: 
1 0 0
0 0 -1
0 -1 0

  PixelContainer: 
    ImportImageContainer (0x4d0bc50)
      RTTI typeinfo:   itk::ImportImageContainer<unsigned long, double>
      Reference Count: 1
      Modified Time: 1982
      Debug: Off
      Object Name: 
      Observers: 
        none
      Pointer: 0x7ff0824dd010
      Container manages memory: true
      Size: 19005440
      Capacity: 19005440

     Weighting = 1
     Sampling strategy = regular
     Number of bins = 32
     Radius = 4
     Sampling percentage  = 0.25
   Transform = Affine
     Gradient step = 0.1
     Update field sigma (voxel space) = 0
     Total field sigma (voxel space) = 0
     Update field time sigma = 0
     Total field time sigma  = 0
     Number of time indices = 0
     Number of time point samples = 0
Stage 3 State
   Image metric = Mattes
     Fixed image = Image (0x4d12170)
  RTTI typeinfo:   itk::Image<double, 3u>
  Reference Count: 2
  Modified Time: 2363
  Debug: Off
  Object Name: 
  Observers: 
    none
  Source: (none)
  Source output name: (none)
  Release Data: Off
  Data Released: False
  Global Release Data: Off
  PipelineMTime: 0
  UpdateMTime: 2174
  RealTimeStamp: 0 seconds 
  LargestPossibleRegion: 
    Dimension: 3
    Index: [0, 0, 0]
    Size: [216, 256, 291]
  BufferedRegion: 
    Dimension: 3
    Index: [0, 0, 0]
    Size: [216, 256, 291]
  RequestedRegion: 
    Dimension: 3
    Index: [0, 0, 0]
    Size: [216, 256, 291]
  Spacing: [1, 1, 1]
  Origin: [0, 293, 0]
  Direction: 
1 0 0
0 -0 -1
0 -1 -0

  IndexToPointMatrix: 
1 0 0
0 0 -1
0 -1 0

  PointToIndexMatrix: 
1 0 0
0 0 -1
0 -1 0

  Inverse Direction: 
1 0 0
0 0 -1
0 -1 0

  PixelContainer: 
    ImportImageContainer (0x4d0d2d0)
      RTTI typeinfo:   itk::ImportImageContainer<unsigned long, double>
      Reference Count: 1
      Modified Time: 2171
      Debug: Off
      Object Name: 
      Observers: 
        none
      Pointer: 0x7ff07aa18010
      Container manages memory: true
      Size: 16091136
      Capacity: 16091136

     Moving image = Image (0x4d11be0)
  RTTI typeinfo:   itk::Image<double, 3u>
  Reference Count: 2
  Modified Time: 2364
  Debug: Off
  Object Name: 
  Observers: 
    none
  Source: (none)
  Source output name: (none)
  Release Data: Off
  Data Released: False
  Global Release Data: Off
  PipelineMTime: 0
  UpdateMTime: 2361
  RealTimeStamp: 0 seconds 
  LargestPossibleRegion: 
    Dimension: 3
    Index: [0, 0, 0]
    Size: [256, 256, 290]
  BufferedRegion: 
    Dimension: 3
    Index: [0, 0, 0]
    Size: [256, 256, 290]
  RequestedRegion: 
    Dimension: 3
    Index: [0, 0, 0]
    Size: [256, 256, 290]
  Spacing: [1, 1, 1]
  Origin: [0, 289, 0]
  Direction: 
1 0 0
0 -0 -1
0 -1 -0

  IndexToPointMatrix: 
1 0 0
0 0 -1
0 -1 0

  PointToIndexMatrix: 
1 0 0
0 0 -1
0 -1 0

  Inverse Direction: 
1 0 0
0 0 -1
0 -1 0

  PixelContainer: 
    ImportImageContainer (0x4d13ef0)
      RTTI typeinfo:   itk::ImportImageContainer<unsigned long, double>
      Reference Count: 1
      Modified Time: 2358
      Debug: Off
      Object Name: 
      Observers: 
        none
      Pointer: 0x7ff071917010
      Container manages memory: true
      Size: 19005440
      Capacity: 19005440

     Weighting = 1
     Sampling strategy = none
     Number of bins = 32
     Radius = 4
     Sampling percentage  = 1
   Transform = SyN
     Gradient step = 0.1
     Update field sigma (voxel space) = 3
     Total field sigma (voxel space) = 0
     Update field time sigma = 0
     Total field time sigma  = 0
     Number of time indices = 0
     Number of time point samples = 0
Registration using 3 total stages.

Stage 0
  iterations = 1000x500x250x0
  convergence threshold = 1e-06
  convergence window size = 10
  number of levels = 4
  using the Mattes MI metric (number of bins = 32, weight = 1)
  preprocessing:  winsorizing the image intensities
  Shrink factors (level 1 out of 4): [12, 12, 12]
  Shrink factors (level 2 out of 4): [8, 8, 8]
  Shrink factors (level 3 out of 4): [4, 4, 4]
  Shrink factors (level 4 out of 4): [2, 2, 2]
  smoothing sigmas per level: [4, 3, 2, 1]
  regular sampling (percentage = 0.25)

*** Running Euler3DTransform registration ***

DIAGNOSTIC,Iteration,metricValue,convergenceValue,ITERATION_TIME_INDEX,SINCE_LAST
 2DIAGNOSTIC,     1, -4.065179518282e-01, 1.797693134862e+308, 2.1324e+01, 2.1324e+01, 
 2DIAGNOSTIC,     2, -4.076847097273e-01, 1.797693134862e+308, 2.1337e+01, 1.2986e-02, 
 2DIAGNOSTIC,     3, -4.085347808653e-01, 1.797693134862e+308, 2.1348e+01, 1.1193e-02, 
 2DIAGNOSTIC,     4, -4.090152353507e-01, 1.797693134862e+308, 2.1361e+01, 1.2690e-02, 
 2DIAGNOSTIC,     5, -4.091242705806e-01, 1.797693134862e+308, 2.1373e+01, 1.2617e-02, 
 2DIAGNOSTIC,     6, -4.090368231657e-01, 1.797693134862e+308, 2.1384e+01, 1.1061e-02, 
 2DIAGNOSTIC,     7, -4.089537714663e-01, 1.797693134862e+308, 2.1395e+01, 1.0963e-02, 
 2DIAGNOSTIC,     8, -4.089997015567e-01, 1.797693134862e+308, 2.1406e+01, 1.0948e-02, 
 2DIAGNOSTIC,     9, -4.088961706202e-01, 1.797693134862e+308, 2.1417e+01, 1.0984e-02, 
 2DIAGNOSTIC,    10, -4.087902363741e-01, 2.545832748633e-04, 2.1429e+01, 1.1785e-02, 
 2DIAGNOSTIC,    11, -4.090376401613e-01, 9.272308071644e-05, 2.1441e+01, 1.1713e-02, 
 2DIAGNOSTIC,    12, -4.093736304696e-01, 3.544146918272e-05, 2.1460e+01, 1.9611e-02, 
 2DIAGNOSTIC,    13, -4.093805523638e-01, 2.867320234609e-05, 2.1472e+01, 1.1560e-02, 
 2DIAGNOSTIC,    14, -4.092545746448e-01, 3.831181173931e-05, 2.1485e+01, 1.3180e-02, 
 2DIAGNOSTIC,    15, -4.091287711658e-01, 4.318490854160e-05, 2.1497e+01, 1.1592e-02, 
 2DIAGNOSTIC,    16, -4.091451104319e-01, 4.052373247322e-05, 2.1508e+01, 1.1504e-02, 
 2DIAGNOSTIC,    17, -4.091733447039e-01, 3.177530198516e-05, 2.1521e+01, 1.3086e-02, 
 2DIAGNOSTIC,    18, -4.090651071562e-01, 1.891501271448e-05, 2.1533e+01, 1.1612e-02, 
 2DIAGNOSTIC,    19, -4.092937090004e-01, 1.104584851718e-05, 2.1545e+01, 1.1735e-02, 
 2DIAGNOSTIC,    20, -4.100591482958e-01, 2.574048080890e-05, 2.1560e+01, 1.5182e-02, 
 2DIAGNOSTIC,    21, -4.100769278883e-01, 4.448528508617e-05, 2.1576e+01, 1.6628e-02, 
 2DIAGNOSTIC,    22, -4.099302164278e-01, 6.375930648579e-05, 2.1588e+01, 1.1739e-02, 
 2DIAGNOSTIC,    23, -4.104030159618e-01, 9.061810725238e-05, 2.1600e+01, 1.1683e-02, 
 2DIAGNOSTIC,    24, -4.112291589994e-01, 1.266284330732e-04, 2.1614e+01, 1.3715e-02, 
 2DIAGNOSTIC,    25, -4.119975802644e-01, 1.648167524415e-04, 2.1628e+01, 1.4628e-02, 
 2DIAGNOSTIC,    26, -4.125071089519e-01, 1.985603247272e-04, 2.1642e+01, 1.3650e-02, 
 2DIAGNOSTIC,    27, -4.131774897506e-01, 2.298439269515e-04, 2.1654e+01, 1.1756e-02, 
 2DIAGNOSTIC,    28, -4.135413323905e-01, 2.434380192472e-04, 2.1667e+01, 1.3214e-02, 
 2DIAGNOSTIC,    29, -4.137085011426e-01, 2.417924056014e-04, 2.1680e+01, 1.3221e-02, 
 2DIAGNOSTIC,    30, -4.141734884735e-01, 2.458839445165e-04, 2.1695e+01, 1.5293e-02, 
 2DIAGNOSTIC,    31, -4.147285575747e-01, 2.394275870231e-04, 2.1707e+01, 1.1865e-02, 
 2DIAGNOSTIC,    32, -4.148245011355e-01, 2.094109402387e-04, 2.1720e+01, 1.3233e-02, 
 2DIAGNOSTIC,    33, -4.150595788704e-01, 1.762420175479e-04, 2.1737e+01, 1.6403e-02, 
 2DIAGNOSTIC,    34, -4.149791177412e-01, 1.434438370284e-04, 2.1748e+01, 1.1580e-02, 
 2DIAGNOSTIC,    35, -4.150254730076e-01, 1.150251936525e-04, 2.1761e+01, 1.3147e-02, 
 2DIAGNOSTIC,    36, -4.152118569356e-01, 9.030242504648e-05, 2.1778e+01, 1.6347e-02, 
 2DIAGNOSTIC,    37, -4.152260488462e-01, 7.100455620824e-05, 2.1789e+01, 1.1569e-02, 
 2DIAGNOSTIC,    38, -4.153272265528e-01, 5.466929180475e-05, 2.1803e+01, 1.3197e-02, 
 2DIAGNOSTIC,    39, -4.153926607940e-01, 3.809526318794e-05, 2.1814e+01, 1.1629e-02, 
 2DIAGNOSTIC,    40, -4.155693461105e-01, 2.967373911622e-05, 2.1829e+01, 1.4763e-02, 
 2DIAGNOSTIC,    41, -4.155827485662e-01, 2.837049856341e-05, 2.1841e+01, 1.1543e-02, 
 2DIAGNOSTIC,    42, -4.156041762840e-01, 2.633671864887e-05, 2.1855e+01, 1.4684e-02, 
 2DIAGNOSTIC,    43, -4.156174276955e-01, 2.604554264888e-05, 2.1870e+01, 1.4692e-02, 
 2DIAGNOSTIC,    44, -4.156224215480e-01, 2.215159721489e-05, 2.1881e+01, 1.1562e-02, 
 2DIAGNOSTIC,    45, -4.156635996752e-01, 1.762789226896e-05, 2.1895e+01, 1.3199e-02, 
 2DIAGNOSTIC,    46, -4.156968322507e-01, 1.497936842938e-05, 2.1906e+01, 1.1620e-02, 
 2DIAGNOSTIC,    47, -4.157078940764e-01, 1.144739192119e-05, 2.1918e+01, 1.1532e-02, 
 2DIAGNOSTIC,    48, -4.157143586340e-01, 8.593111867652e-06, 2.1929e+01, 1.1540e-02, 
 2DIAGNOSTIC,    49, -4.158738918994e-01, 8.202311422754e-06, 2.1947e+01, 1.7916e-02, 
 2DIAGNOSTIC,    50, -4.157530953415e-01, 7.805176670532e-06, 2.1960e+01, 1.3128e-02, 
 2DIAGNOSTIC,    51, -4.157539195860e-01, 6.988064575691e-06, 2.1975e+01, 1.4642e-02, 
 2DIAGNOSTIC,    52, -4.157539553961e-01, 5.892322229511e-06, 2.1988e+01, 1.3118e-02, 
 2DIAGNOSTIC,    53, -4.157539751140e-01, 4.481033099017e-06, 2.2001e+01, 1.3123e-02, 
 2DIAGNOSTIC,    54, -4.157539981734e-01, 2.778098863412e-06, 2.2013e+01, 1.1497e-02, 
 2DIAGNOSTIC,    55, -4.157540541465e-01, 1.453439650675e-06, 2.2024e+01, 1.1528e-02, 
DIAGNOSTIC,Iteration,metricValue,convergenceValue,ITERATION_TIME_INDEX,SINCE_LAST
 2DIAGNOSTIC,     1, -3.615590686194e-01, 1.797693134862e+308, 3.7633e+01, 1.5608e+01, 
 2DIAGNOSTIC,     2, -3.623167785925e-01, 1.797693134862e+308, 3.7693e+01, 6.0127e-02, 
 2DIAGNOSTIC,     3, -3.645085497696e-01, 1.797693134862e+308, 3.7764e+01, 7.1222e-02, 
 2DIAGNOSTIC,     4, -3.654395822250e-01, 1.797693134862e+308, 3.7835e+01, 7.0914e-02, 
 2DIAGNOSTIC,     5, -3.654496438407e-01, 1.797693134862e+308, 3.7906e+01, 7.0552e-02, 
 2DIAGNOSTIC,     6, -3.654330080758e-01, 1.797693134862e+308, 3.7966e+01, 5.9990e-02, 
 2DIAGNOSTIC,     7, -3.654047645987e-01, 1.797693134862e+308, 3.8036e+01, 7.0653e-02, 
 2DIAGNOSTIC,     8, -3.654106593467e-01, 1.797693134862e+308, 3.8096e+01, 5.9832e-02, 
 2DIAGNOSTIC,     9, -3.653935411685e-01, 1.797693134862e+308, 3.8155e+01, 5.9448e-02, 
 2DIAGNOSTIC,    10, -3.654058052830e-01, 5.604017519441e-04, 3.8238e+01, 8.2432e-02, 
 2DIAGNOSTIC,    11, -3.654429064956e-01, 2.759798076123e-04, 3.8320e+01, 8.2289e-02, 
 2DIAGNOSTIC,    12, -3.654443372094e-01, 6.047268675294e-05, 3.8392e+01, 7.1487e-02, 
 2DIAGNOSTIC,    13, -3.654519279249e-01, 3.189088398289e-06, 3.8464e+01, 7.1917e-02, 
 2DIAGNOSTIC,    14, -3.655154289119e-01, 9.351560301130e-06, 3.8536e+01, 7.1917e-02, 
 2DIAGNOSTIC,    15, -3.654959636756e-01, 1.346604720059e-05, 3.8596e+01, 6.0509e-02, 
 2DIAGNOSTIC,    16, -3.654623302152e-01, 1.364553336970e-05, 3.8667e+01, 7.1435e-02, 
 2DIAGNOSTIC,    17, -3.654641761670e-01, 1.158573423866e-05, 3.8751e+01, 8.3235e-02, 
 2DIAGNOSTIC,    18, -3.654682458174e-01, 9.293143988093e-06, 3.8822e+01, 7.1566e-02, 
 2DIAGNOSTIC,    19, -3.654739174392e-01, 6.012445403783e-06, 3.8883e+01, 6.0484e-02, 
 2DIAGNOSTIC,    20, -3.654753505035e-01, 3.159726021558e-06, 3.8954e+01, 7.1449e-02, 
 2DIAGNOSTIC,    21, -3.654769987524e-01, 1.936721562540e-06, 3.9026e+01, 7.1785e-02, 
DIAGNOSTIC,Iteration,metricValue,convergenceValue,ITERATION_TIME_INDEX,SINCE_LAST
 2DIAGNOSTIC,     1, -3.040965536618e-01, 1.797693134862e+308, 4.8117e+01, 9.0914e+00, 
 2DIAGNOSTIC,     2, -3.042909369140e-01, 1.797693134862e+308, 4.8603e+01, 4.8530e-01, 
 2DIAGNOSTIC,     3, -3.044789579504e-01, 1.797693134862e+308, 4.9082e+01, 4.7973e-01, 
 2DIAGNOSTIC,     4, -3.047434213198e-01, 1.797693134862e+308, 4.9569e+01, 4.8647e-01, 
 2DIAGNOSTIC,     5, -3.056052476072e-01, 1.797693134862e+308, 5.0047e+01, 4.7836e-01, 
 2DIAGNOSTIC,     6, -3.058689156326e-01, 1.797693134862e+308, 5.0532e+01, 4.8499e-01, 
 2DIAGNOSTIC,     7, -3.065162406244e-01, 1.797693134862e+308, 5.1013e+01, 4.8062e-01, 
 2DIAGNOSTIC,     8, -3.072946194251e-01, 1.797693134862e+308, 5.1963e+01, 9.4970e-01, 
 2DIAGNOSTIC,     9, -3.078905399675e-01, 1.797693134862e+308, 5.2441e+01, 4.7822e-01, 
 2DIAGNOSTIC,    10, -3.079617319349e-01, 9.191491113412e-04, 5.3013e+01, 5.7242e-01, 
 2DIAGNOSTIC,    11, -3.081016328060e-01, 8.435460882399e-04, 5.3497e+01, 4.8414e-01, 
 2DIAGNOSTIC,    12, -3.081407770928e-01, 7.236161442219e-04, 5.3981e+01, 4.8405e-01, 
 2DIAGNOSTIC,    13, -3.083897357620e-01, 5.876800806450e-04, 5.4560e+01, 5.7902e-01, 
 2DIAGNOSTIC,    14, -3.089957084458e-01, 4.738297770719e-04, 5.5516e+01, 9.5610e-01, 
 2DIAGNOSTIC,    15, -3.091972412282e-01, 3.976138837241e-04, 5.6095e+01, 5.7831e-01, 
 2DIAGNOSTIC,    16, -3.091894683662e-01, 3.097521621635e-04, 5.6676e+01, 5.8138e-01, 
 2DIAGNOSTIC,    17, -3.091920273184e-01, 2.391687103224e-04, 5.7164e+01, 4.8756e-01, 
 2DIAGNOSTIC,    18, -3.091912899033e-01, 1.936421641529e-04, 5.7649e+01, 4.8541e-01, 
 2DIAGNOSTIC,    19, -3.091955055128e-01, 1.638090986657e-04, 5.8133e+01, 4.8434e-01, 
 2DIAGNOSTIC,    20, -3.092035766079e-01, 1.253395043778e-04, 5.8715e+01, 5.8168e-01, 
 2DIAGNOSTIC,    21, -3.091966632336e-01, 8.536563219147e-05, 5.9200e+01, 4.8532e-01, 
 2DIAGNOSTIC,    22, -3.092074201182e-01, 4.347497040522e-05, 5.9967e+01, 7.6640e-01, 
 2DIAGNOSTIC,    23, -3.092065843592e-01, 1.066573428327e-05, 6.0450e+01, 4.8358e-01, 
 2DIAGNOSTIC,    24, -3.092052766650e-01, 2.780605493663e-06, 6.1029e+01, 5.7852e-01, 
 2DIAGNOSTIC,    25, -3.092066079630e-01, 2.899114066833e-06, 6.1512e+01, 4.8312e-01, 
 2DIAGNOSTIC,    26, -3.092016938291e-01, 2.404254439460e-06, 6.2089e+01, 5.7642e-01, 
 2DIAGNOSTIC,    27, -3.091964417927e-01, 1.749840480139e-06, 6.2664e+01, 5.7589e-01, 
 2DIAGNOSTIC,    28, -3.091990819303e-01, 1.150176127139e-06, 6.3150e+01, 4.8553e-01, 
DIAGNOSTIC,Iteration,metricValue,convergenceValue,ITERATION_TIME_INDEX,SINCE_LAST
 2DIAGNOSTIC,     1, -2.679417504473e-01, 1.797693134862e+308, 7.2120e+01, 8.9700e+00, 
  Elapsed time (stage 0): 7.4130e+01


Stage 1
  iterations = 1000x500x250x0
  convergence threshold = 1.0000e-06
  convergence window size = 10
  number of levels = 4
  using the Mattes MI metric (number of bins = 32, weight = 1.0000e+00)
  preprocessing:  winsorizing the image intensities
  Shrink factors (level 1 out of 4): [12, 12, 12]
  Shrink factors (level 2 out of 4): [8, 8, 8]
  Shrink factors (level 3 out of 4): [4, 4, 4]
  Shrink factors (level 4 out of 4): [2, 2, 2]
  smoothing sigmas per level: [4, 3, 2, 1]
  regular sampling (percentage = 2.5000e-01)

*** Running AffineTransform registration ***

DIAGNOSTIC,Iteration,metricValue,convergenceValue,ITERATION_TIME_INDEX,SINCE_LAST
 2DIAGNOSTIC,     1, -4.155680038926e-01, 1.797693134862e+308, 2.1563e+01, 2.1563e+01, 
 2DIAGNOSTIC,     2, -4.163652779900e-01, 1.797693134862e+308, 2.1578e+01, 1.5129e-02, 
 2DIAGNOSTIC,     3, -4.175910734598e-01, 1.797693134862e+308, 2.1593e+01, 1.4567e-02, 
 2DIAGNOSTIC,     4, -4.192623153468e-01, 1.797693134862e+308, 2.1607e+01, 1.4571e-02, 
 2DIAGNOSTIC,     5, -4.213506332824e-01, 1.797693134862e+308, 2.1622e+01, 1.4658e-02, 
 2DIAGNOSTIC,     6, -4.227140914010e-01, 1.797693134862e+308, 2.1637e+01, 1.4855e-02, 
 2DIAGNOSTIC,     7, -4.292676900734e-01, 1.797693134862e+308, 2.1653e+01, 1.6446e-02, 
 2DIAGNOSTIC,     8, -4.532721279456e-01, 1.797693134862e+308, 2.1675e+01, 2.1486e-02, 
 2DIAGNOSTIC,     9, -4.582261075752e-01, 1.797693134862e+308, 2.1695e+01, 2.0203e-02, 
 2DIAGNOSTIC,    10, -4.584268304971e-01, 7.212426754596e-03, 2.1710e+01, 1.5403e-02, 
 2DIAGNOSTIC,    11, -4.590527654926e-01, 7.252690326187e-03, 2.1727e+01, 1.6589e-02, 
 2DIAGNOSTIC,    12, -4.596181456222e-01, 6.705704448291e-03, 2.1742e+01, 1.5017e-02, 
 2DIAGNOSTIC,    13, -4.603421052004e-01, 5.718370075827e-03, 2.1757e+01, 1.5004e-02, 
 2DIAGNOSTIC,    14, -4.608379797796e-01, 4.456019247318e-03, 2.1772e+01, 1.4926e-02, 
 2DIAGNOSTIC,    15, -4.624769300394e-01, 3.141409949464e-03, 2.1787e+01, 1.5481e-02, 
 2DIAGNOSTIC,    16, -4.646539776141e-01, 1.858853739073e-03, 2.1805e+01, 1.7277e-02, 
 2DIAGNOSTIC,    17, -4.659349788208e-01, 8.334774450620e-04, 2.1824e+01, 1.9007e-02, 
 2DIAGNOSTIC,    18, -4.673522527444e-01, 7.479612699684e-04, 2.1841e+01, 1.7155e-02, 
 2DIAGNOSTIC,    19, -4.710035666612e-01, 8.910833646521e-04, 2.1862e+01, 2.1104e-02, 
 2DIAGNOSTIC,    20, -4.732882263721e-01, 1.012074414459e-03, 2.1877e+01, 1.5391e-02, 
 2DIAGNOSTIC,    21, -4.761341861577e-01, 1.129976616397e-03, 2.1893e+01, 1.5429e-02, 
 2DIAGNOSTIC,    22, -4.770258544028e-01, 1.172660819024e-03, 2.1908e+01, 1.5375e-02, 
 2DIAGNOSTIC,    23, -4.783285804822e-01, 1.158659268715e-03, 2.1931e+01, 2.2910e-02, 
 2DIAGNOSTIC,    24, -4.790013241378e-01, 1.066727898095e-03, 2.1946e+01, 1.5209e-02, 
 2DIAGNOSTIC,    25, -4.807854116600e-01, 9.664424162164e-04, 2.1961e+01, 1.5139e-02, 
 2DIAGNOSTIC,    26, -4.812816150014e-01, 8.469373439334e-04, 2.1978e+01, 1.6710e-02, 
 2DIAGNOSTIC,    27, -4.817564454396e-01, 6.984550472116e-04, 2.1995e+01, 1.6625e-02, 
 2DIAGNOSTIC,    28, -4.818475338579e-01, 5.282083004993e-04, 2.2017e+01, 2.2032e-02, 
 2DIAGNOSTIC,    29, -4.820265160679e-01, 4.020350673788e-04, 2.2034e+01, 1.6772e-02, 
 2DIAGNOSTIC,    30, -4.821901659809e-01, 2.957821702278e-04, 2.2049e+01, 1.4961e-02, 
 2DIAGNOSTIC,    31, -4.823220385219e-01, 2.279778779404e-04, 2.2064e+01, 1.5022e-02, 
 2DIAGNOSTIC,    32, -4.824677929851e-01, 1.629971023907e-04, 2.2079e+01, 1.5007e-02, 
 2DIAGNOSTIC,    33, -4.826573231178e-01, 1.148139815895e-04, 2.2094e+01, 1.4981e-02, 
 2DIAGNOSTIC,    34, -4.827561506431e-01, 7.200707774118e-05, 2.2110e+01, 1.6666e-02, 
 2DIAGNOSTIC,    35, -4.829295942957e-01, 5.926141324363e-05, 2.2125e+01, 1.5001e-02, 
 2DIAGNOSTIC,    36, -4.832593802801e-01, 5.557878957397e-05, 2.2140e+01, 1.5050e-02, 
 2DIAGNOSTIC,    37, -4.835436647967e-01, 5.937798274539e-05, 2.2164e+01, 2.3445e-02, 
 2DIAGNOSTIC,    38, -4.836755690273e-01, 6.089739447040e-05, 2.2179e+01, 1.5059e-02, 
 2DIAGNOSTIC,    39, -4.837178361808e-01, 6.011418253027e-05, 2.2194e+01, 1.5031e-02, 
 2DIAGNOSTIC,    40, -4.836703464219e-01, 5.552543808836e-05, 2.2209e+01, 1.5000e-02, 
 2DIAGNOSTIC,    41, -4.841801215410e-01, 5.546212025330e-05, 2.2229e+01, 2.0263e-02, 
 2DIAGNOSTIC,    42, -4.842250504353e-01, 5.263359221498e-05, 2.2244e+01, 1.4915e-02, 
 2DIAGNOSTIC,    43, -4.843012565171e-01, 4.883595020401e-05, 2.2261e+01, 1.6765e-02, 
 2DIAGNOSTIC,    44, -4.847604671682e-01, 4.848105748687e-05, 2.2279e+01, 1.8509e-02, 
 2DIAGNOSTIC,    45, -4.849201175918e-01, 4.786181522680e-05, 2.2296e+01, 1.6714e-02, 
 2DIAGNOSTIC,    46, -4.850011228505e-01, 4.803390076516e-05, 2.2311e+01, 1.5021e-02, 
 2DIAGNOSTIC,    47, -4.850806138838e-01, 4.837676454702e-05, 2.2328e+01, 1.6640e-02, 
 2DIAGNOSTIC,    48, -4.851349104803e-01, 4.655648391182e-05, 2.2351e+01, 2.3275e-02, 
 2DIAGNOSTIC,    49, -4.851418471348e-01, 4.103469075034e-05, 2.2366e+01, 1.4824e-02, 
 2DIAGNOSTIC,    50, -4.851623467795e-01, 3.135611310742e-05, 2.2381e+01, 1.4896e-02, 
 2DIAGNOSTIC,    51, -4.851841478047e-01, 2.550627913491e-05, 2.2395e+01, 1.4772e-02, 
 2DIAGNOSTIC,    52, -4.851917706536e-01, 1.816227567573e-05, 2.2412e+01, 1.6564e-02, 
 2DIAGNOSTIC,    53, -4.851978340313e-01, 1.023949670298e-05, 2.2427e+01, 1.4896e-02, 
 2DIAGNOSTIC,    54, -4.850385379227e-01, 5.028582301180e-06, 2.2442e+01, 1.4836e-02, 
 2DIAGNOSTIC,    55, -4.850482697317e-01, 1.492281561932e-06, 2.2456e+01, 1.4748e-02, 
DIAGNOSTIC,Iteration,metricValue,convergenceValue,ITERATION_TIME_INDEX,SINCE_LAST
 2DIAGNOSTIC,     1, -4.065981536256e-01, 1.797693134862e+308, 3.8196e+01, 1.5740e+01, 
 2DIAGNOSTIC,     2, -4.075175678540e-01, 1.797693134862e+308, 3.8268e+01, 7.1687e-02, 
 2DIAGNOSTIC,     3, -4.085363339665e-01, 1.797693134862e+308, 3.8341e+01, 7.2575e-02, 
 2DIAGNOSTIC,     4, -4.098299551394e-01, 1.797693134862e+308, 3.8413e+01, 7.2343e-02, 
 2DIAGNOSTIC,     5, -4.110839125356e-01, 1.797693134862e+308, 3.8486e+01, 7.2761e-02, 
 2DIAGNOSTIC,     6, -4.122810840292e-01, 1.797693134862e+308, 3.8569e+01, 8.3457e-02, 
 2DIAGNOSTIC,     7, -4.135447421311e-01, 1.797693134862e+308, 3.8676e+01, 1.0706e-01, 
 2DIAGNOSTIC,     8, -4.137713823099e-01, 1.797693134862e+308, 3.8749e+01, 7.2508e-02, 
 2DIAGNOSTIC,     9, -4.143350034589e-01, 1.797693134862e+308, 3.8833e+01, 8.3791e-02, 
 2DIAGNOSTIC,    10, -4.147734014314e-01, 1.367368775514e-03, 3.8906e+01, 7.3020e-02, 
 2DIAGNOSTIC,    11, -4.148750005123e-01, 1.097305509756e-03, 3.8990e+01, 8.4370e-02, 
 2DIAGNOSTIC,    12, -4.151863374655e-01, 8.447728117663e-04, 3.9075e+01, 8.4685e-02, 
 2DIAGNOSTIC,    13, -4.157830062769e-01, 6.402919102520e-04, 3.9171e+01, 9.6435e-02, 
 2DIAGNOSTIC,    14, -4.158275117130e-01, 4.720174817292e-04, 3.9244e+01, 7.3047e-02, 
 2DIAGNOSTIC,    15, -4.158940241316e-01, 3.434625183007e-04, 3.9329e+01, 8.5161e-02, 
 2DIAGNOSTIC,    16, -4.159241892326e-01, 2.517332871858e-04, 3.9403e+01, 7.3171e-02, 
 2DIAGNOSTIC,    17, -4.159343094770e-01, 1.994571387398e-04, 3.9487e+01, 8.4624e-02, 
 2DIAGNOSTIC,    18, -4.159654739091e-01, 1.438898984316e-04, 3.9559e+01, 7.2333e-02, 
 2DIAGNOSTIC,    19, -4.159970914370e-01, 1.022304013468e-04, 3.9644e+01, 8.4974e-02, 
 2DIAGNOSTIC,    20, -4.160384378492e-01, 7.221204625429e-05, 3.9729e+01, 8.4632e-02, 
 2DIAGNOSTIC,    21, -4.159983136695e-01, 4.043641674843e-05, 3.9814e+01, 8.4853e-02, 
 2DIAGNOSTIC,    22, -4.159938784656e-01, 1.708769381849e-05, 3.9898e+01, 8.4199e-02, 
 2DIAGNOSTIC,    23, -4.159885356539e-01, 1.196501827579e-05, 3.9972e+01, 7.3417e-02, 
 2DIAGNOSTIC,    24, -4.160055256186e-01, 7.961352963250e-06, 4.0056e+01, 8.4409e-02, 
 2DIAGNOSTIC,    25, -4.160922410291e-01, 7.822952280655e-06, 4.0141e+01, 8.4963e-02, 
 2DIAGNOSTIC,    26, -4.161908472348e-01, 1.044682666301e-05, 4.0237e+01, 9.6093e-02, 
 2DIAGNOSTIC,    27, -4.162299787740e-01, 1.323133101434e-05, 4.0322e+01, 8.5081e-02, 
 2DIAGNOSTIC,    28, -4.161890593367e-01, 1.445221981941e-05, 4.0407e+01, 8.4709e-02, 
 2DIAGNOSTIC,    29, -4.162308140037e-01, 1.608879068049e-05, 4.0492e+01, 8.5215e-02, 
 2DIAGNOSTIC,    30, -4.163064794221e-01, 1.882972026120e-05, 4.0589e+01, 9.7385e-02, 
 2DIAGNOSTIC,    31, -4.164971182233e-01, 2.294964661143e-05, 4.0674e+01, 8.4603e-02, 
 2DIAGNOSTIC,    32, -4.164783241697e-01, 2.417297451140e-05, 4.0747e+01, 7.2845e-02, 
 2DIAGNOSTIC,    33, -4.165319734174e-01, 2.426495973821e-05, 4.0820e+01, 7.3347e-02, 
 2DIAGNOSTIC,    34, -4.164790297505e-01, 2.141234835130e-05, 4.0904e+01, 8.4271e-02, 
 2DIAGNOSTIC,    35, -4.165314677183e-01, 1.943823136302e-05, 4.0989e+01, 8.4721e-02, 
 2DIAGNOSTIC,    36, -4.165688767600e-01, 1.829480425248e-05, 4.1266e+01, 2.7637e-01, 
 2DIAGNOSTIC,    37, -4.165688754602e-01, 1.630030555602e-05, 4.1339e+01, 7.3014e-02, 
 2DIAGNOSTIC,    38, -4.165688789922e-01, 1.226646328681e-05, 4.1411e+01, 7.2778e-02, 
 2DIAGNOSTIC,    39, -4.165688849630e-01, 8.101300047705e-06, 4.1484e+01, 7.2887e-02, 
 2DIAGNOSTIC,    40, -4.165688950541e-01, 4.650047719355e-06, 4.1557e+01, 7.2801e-02, 
 2DIAGNOSTIC,    41, -4.165689121025e-01, 4.176861984458e-06, 4.1630e+01, 7.3164e-02, 
 2DIAGNOSTIC,    42, -4.165689408867e-01, 3.072019342357e-06, 4.1704e+01, 7.3902e-02, 
 2DIAGNOSTIC,    43, -4.165689894338e-01, 2.697048307475e-06, 4.1778e+01, 7.3990e-02, 
 2DIAGNOSTIC,    44, -4.165690711656e-01, 1.313299785945e-06, 4.1851e+01, 7.3084e-02, 
DIAGNOSTIC,Iteration,metricValue,convergenceValue,ITERATION_TIME_INDEX,SINCE_LAST
 2DIAGNOSTIC,     1, -3.452482587102e-01, 1.797693134862e+308, 5.1147e+01, 9.2958e+00, 
 2DIAGNOSTIC,     2, -3.454187470409e-01, 1.797693134862e+308, 5.1725e+01, 5.7848e-01, 
 2DIAGNOSTIC,     3, -3.455445442677e-01, 1.797693134862e+308, 5.2312e+01, 5.8615e-01, 
 2DIAGNOSTIC,     4, -3.456189521713e-01, 1.797693134862e+308, 5.2887e+01, 5.7570e-01, 
 2DIAGNOSTIC,     5, -3.458406370122e-01, 1.797693134862e+308, 5.3473e+01, 5.8542e-01, 
 2DIAGNOSTIC,     6, -3.460679903154e-01, 1.797693134862e+308, 5.4146e+01, 6.7358e-01, 
 2DIAGNOSTIC,     7, -3.461946785619e-01, 1.797693134862e+308, 5.5021e+01, 8.7487e-01, 
 2DIAGNOSTIC,     8, -3.462174916871e-01, 1.797693134862e+308, 5.5596e+01, 5.7525e-01, 
 2DIAGNOSTIC,     9, -3.462407230176e-01, 1.797693134862e+308, 5.6182e+01, 5.8567e-01, 
 2DIAGNOSTIC,    10, -3.462907883126e-01, 2.118535046891e-04, 5.6854e+01, 6.7183e-01, 
 2DIAGNOSTIC,    11, -3.464470778851e-01, 1.757041508948e-04, 5.7733e+01, 8.7914e-01, 
 2DIAGNOSTIC,    12, -3.464670225024e-01, 1.427438532305e-04, 5.8309e+01, 5.7645e-01, 
 2DIAGNOSTIC,    13, -3.464764120150e-01, 1.110981219879e-04, 5.8997e+01, 6.8710e-01, 
 2DIAGNOSTIC,    14, -3.464722017958e-01, 7.824759353110e-05, 5.9669e+01, 6.7242e-01, 
 2DIAGNOSTIC,    15, -3.464665106542e-01, 5.436712239462e-05, 6.0353e+01, 6.8379e-01, 
 2DIAGNOSTIC,    16, -3.464643826425e-01, 3.995598932187e-05, 6.0925e+01, 5.7173e-01, 
 2DIAGNOSTIC,    17, -3.464624389387e-01, 2.974390171421e-05, 6.1610e+01, 6.8582e-01, 
 2DIAGNOSTIC,    18, -3.464612525522e-01, 1.918017019120e-05, 6.2287e+01, 6.7661e-01, 
 2DIAGNOSTIC,    19, -3.464549206502e-01, 8.881216791198e-06, 6.2874e+01, 5.8726e-01, 
DIAGNOSTIC,Iteration,metricValue,convergenceValue,ITERATION_TIME_INDEX,SINCE_LAST
 2DIAGNOSTIC,     1, -2.958603966251e-01, 1.797693134862e+308, 7.2645e+01, 9.7710e+00, 
  Elapsed time (stage 1): 7.4647e+01


Stage 2
  iterations = 100x100x70x50x0
  convergence threshold = 1.0000e-06
  convergence window size = 10
  number of levels = 5
  using the Mattes MI metric (number of bins = 32, weight = 1.0000e+00)
  preprocessing:  winsorizing the image intensities
  Shrink factors (level 1 out of 5): [10, 10, 10]
  Shrink factors (level 2 out of 5): [6, 6, 6]
  Shrink factors (level 3 out of 5): [4, 4, 4]
  Shrink factors (level 4 out of 5): [2, 2, 2]
  Shrink factors (level 5 out of 5): [1, 1, 1]
  smoothing sigmas per level: [5, 3, 2, 1, 0]
  Using default NONE metricSamplingStrategy 

*** Running SyN registration (varianceForUpdateField = 3.0000e+00, varianceForTotalField = 0.0000e+00) ***

XXDIAGNOSTIC,Iteration,metricValue,convergenceValue,ITERATION_TIME_INDEX,SINCE_LAST
 1DIAGNOSTIC,     1, -4.826559651953e-01, 1.797693134862e+308, 3.4099e+01, 3.4099e+01, 
 1DIAGNOSTIC,     2, -4.956188980567e-01, 1.797693134862e+308, 3.4239e+01, 1.3997e-01, 
 1DIAGNOSTIC,     3, -5.062851112830e-01, 1.797693134862e+308, 3.4376e+01, 1.3665e-01, 
 1DIAGNOSTIC,     4, -5.106915677650e-01, 1.797693134862e+308, 3.4513e+01, 1.3732e-01, 
 1DIAGNOSTIC,     5, -5.122678955279e-01, 1.797693134862e+308, 3.4647e+01, 1.3397e-01, 
 1DIAGNOSTIC,     6, -5.115496464189e-01, 1.797693134862e+308, 3.4784e+01, 1.3686e-01, 
 1DIAGNOSTIC,     7, -5.098829285671e-01, 1.797693134862e+308, 3.4918e+01, 1.3427e-01, 
 1DIAGNOSTIC,     8, -5.069118366681e-01, 1.797693134862e+308, 3.5053e+01, 1.3436e-01, 
 1DIAGNOSTIC,     9, -5.045757182940e-01, 1.797693134862e+308, 3.5188e+01, 1.3493e-01, 
 1DIAGNOSTIC,    10, -5.008720641599e-01, 1.468100953996e-03, 3.5323e+01, 1.3541e-01, 
 1DIAGNOSTIC,    11, -4.976845072776e-01, -4.964870682898e-04, 3.5458e+01, 1.3498e-01, 
XXDIAGNOSTIC,Iteration,metricValue,convergenceValue,ITERATION_TIME_INDEX,SINCE_LAST
 1DIAGNOSTIC,     1, -3.957821978549e-01, 1.797693134862e+308, 5.1457e+01, 1.5999e+01, 
 1DIAGNOSTIC,     2, -3.976030649488e-01, 1.797693134862e+308, 5.1994e+01, 5.3754e-01, 
 1DIAGNOSTIC,     3, -3.989729035437e-01, 1.797693134862e+308, 5.2532e+01, 5.3740e-01, 
 1DIAGNOSTIC,     4, -3.991007778016e-01, 1.797693134862e+308, 5.3068e+01, 5.3637e-01, 
 1DIAGNOSTIC,     5, -3.989352197064e-01, 1.797693134862e+308, 5.3605e+01, 5.3682e-01, 
 1DIAGNOSTIC,     6, -3.988037087735e-01, 1.797693134862e+308, 5.4141e+01, 5.3652e-01, 
 1DIAGNOSTIC,     7, -3.982916149743e-01, 1.797693134862e+308, 5.4678e+01, 5.3662e-01, 
 1DIAGNOSTIC,     8, -3.976750882141e-01, 1.797693134862e+308, 5.5215e+01, 5.3708e-01, 
 1DIAGNOSTIC,     9, -3.968435903161e-01, 1.797693134862e+308, 5.5753e+01, 5.3759e-01, 
 1DIAGNOSTIC,    10, -3.960629146906e-01, -1.178047761958e-04, 5.6291e+01, 5.3843e-01, 
XXDIAGNOSTIC,Iteration,metricValue,convergenceValue,ITERATION_TIME_INDEX,SINCE_LAST
 1DIAGNOSTIC,     1, -3.397156513737e-01, 1.797693134862e+308, 6.6498e+01, 1.0207e+01, 
 1DIAGNOSTIC,     2, -3.402368221109e-01, 1.797693134862e+308, 6.8243e+01, 1.7444e+00, 
 1DIAGNOSTIC,     3, -3.407179779357e-01, 1.797693134862e+308, 6.9988e+01, 1.7454e+00, 
 1DIAGNOSTIC,     4, -3.412665004701e-01, 1.797693134862e+308, 7.1676e+01, 1.6879e+00, 
 1DIAGNOSTIC,     5, -3.413571367573e-01, 1.797693134862e+308, 7.3373e+01, 1.6967e+00, 
 1DIAGNOSTIC,     6, -3.412309780885e-01, 1.797693134862e+308, 7.5073e+01, 1.7005e+00, 
 1DIAGNOSTIC,     7, -3.412655776379e-01, 1.797693134862e+308, 7.6767e+01, 1.6936e+00, 
 1DIAGNOSTIC,     8, -3.411575379350e-01, 1.797693134862e+308, 7.8458e+01, 1.6909e+00, 
 1DIAGNOSTIC,     9, -3.411447474914e-01, 1.797693134862e+308, 8.0203e+01, 1.7452e+00, 
 1DIAGNOSTIC,    10, -3.409168398692e-01, 1.934097332508e-04, 8.1946e+01, 1.7429e+00, 
 1DIAGNOSTIC,    11, -3.406283957358e-01, 3.263383279593e-05, 8.3747e+01, 1.8017e+00, 
 1DIAGNOSTIC,    12, -3.404438602366e-01, -8.065092866333e-05, 8.5490e+01, 1.7431e+00, 
XXDIAGNOSTIC,Iteration,metricValue,convergenceValue,ITERATION_TIME_INDEX,SINCE_LAST
 1DIAGNOSTIC,     1, -2.869954542670e-01, 1.797693134862e+308, 1.0465e+02, 1.9160e+01, 
 1DIAGNOSTIC,     2, -2.876563951804e-01, 1.797693134862e+308, 1.1739e+02, 1.2736e+01, 
 1DIAGNOSTIC,     3, -2.884301899851e-01, 1.797693134862e+308, 1.3010e+02, 1.2712e+01, 
 1DIAGNOSTIC,     4, -2.891153553918e-01, 1.797693134862e+308, 1.4279e+02, 1.2693e+01, 
 1DIAGNOSTIC,     5, -2.898295330910e-01, 1.797693134862e+308, 1.5550e+02, 1.2706e+01, 
 1DIAGNOSTIC,     6, -2.905078673450e-01, 1.797693134862e+308, 1.6820e+02, 1.2698e+01, 
 1DIAGNOSTIC,     7, -2.911154533374e-01, 1.797693134862e+308, 1.8088e+02, 1.2687e+01, 
 1DIAGNOSTIC,     8, -2.916794600914e-01, 1.797693134862e+308, 1.9404e+02, 1.3155e+01, 
 1DIAGNOSTIC,     9, -2.921943194811e-01, 1.797693134862e+308, 2.0677e+02, 1.2729e+01, 
 1DIAGNOSTIC,    10, -2.926441001415e-01, 1.271288077140e-03, 2.1992e+02, 1.3155e+01, 
 1DIAGNOSTIC,    11, -2.930191942665e-01, 1.086078753995e-03, 2.3319e+02, 1.3269e+01, 
 1DIAGNOSTIC,    12, -2.932659704608e-01, 9.077432750659e-04, 2.4635e+02, 1.3163e+01, 
 1DIAGNOSTIC,    13, -2.934380360441e-01, 7.458382965574e-04, 2.5951e+02, 1.3152e+01, 
 1DIAGNOSTIC,    14, -2.936532426635e-01, 6.018266366300e-04, 2.7312e+02, 1.3616e+01, 
 1DIAGNOSTIC,    15, -2.939082121879e-01, 4.846168884133e-04, 2.8669e+02, 1.3566e+01, 
 1DIAGNOSTIC,    16, -2.941870729100e-01, 3.955101724439e-04, 3.0030e+02, 1.3613e+01, 
 1DIAGNOSTIC,    17, -2.944659731263e-01, 3.310085237780e-04, 3.1344e+02, 1.3136e+01, 
 1DIAGNOSTIC,    18, -2.946580049587e-01, 2.838165885200e-04, 3.2702e+02, 1.3582e+01, 
 1DIAGNOSTIC,    19, -2.948744571829e-01, 2.526210951368e-04, 3.4016e+02, 1.3139e+01, 
 1DIAGNOSTIC,    20, -2.950347329290e-01, 2.304404341400e-04, 3.5372e+02, 1.3562e+01, 
 1DIAGNOSTIC,    21, -2.952305748957e-01, 2.151979532619e-04, 3.6735e+02, 1.3629e+01, 
 1DIAGNOSTIC,    22, -2.953760946287e-01, 1.985341921579e-04, 3.8095e+02, 1.3599e+01, 
 1DIAGNOSTIC,    23, -2.955113555858e-01, 1.777645534883e-04, 3.9455e+02, 1.3607e+01, 
 1DIAGNOSTIC,    24, -2.956308621116e-01, 1.556277214386e-04, 4.0819e+02, 1.3632e+01, 
 1DIAGNOSTIC,    25, -2.957756067882e-01, 1.361170503291e-04, 4.2178e+02, 1.3597e+01, 
 1DIAGNOSTIC,    26, -2.958450054684e-01, 1.181792844889e-04, 4.3534e+02, 1.3559e+01, 
 1DIAGNOSTIC,    27, -2.959767800536e-01, 1.052444886405e-04, 4.4896e+02, 1.3617e+01, 
 1DIAGNOSTIC,    28, -2.960589106499e-01, 9.275531611104e-05, 4.6258e+02, 1.3620e+01, 
 1DIAGNOSTIC,    29, -2.961363147650e-01, 8.222386655232e-05, 4.7618e+02, 1.3595e+01, 
 1DIAGNOSTIC,    30, -2.962384294555e-01, 7.308346173170e-05, 4.8972e+02, 1.3547e+01, 
 1DIAGNOSTIC,    31, -2.963085366290e-01, 6.592641961167e-05, 5.0330e+02, 1.3578e+01, 
 1DIAGNOSTIC,    32, -2.963988484946e-01, 6.013837931010e-05, 5.1687e+02, 1.3566e+01, 
 1DIAGNOSTIC,    33, -2.964814711178e-01, 5.540679901768e-05, 5.3046e+02, 1.3590e+01, 
 1DIAGNOSTIC,    34, -2.965273637192e-01, 5.040407133684e-05, 5.4410e+02, 1.3644e+01, 
 1DIAGNOSTIC,    35, -2.965897342393e-01, 4.671183204360e-05, 5.5768e+02, 1.3582e+01, 
 1DIAGNOSTIC,    36, -2.966277420086e-01, 4.166952437319e-05, 5.7125e+02, 1.3571e+01, 
 1DIAGNOSTIC,    37, -2.966705191972e-01, 3.754675231871e-05, 5.8484e+02, 1.3581e+01, 
 1DIAGNOSTIC,    38, -2.967302022732e-01, 3.372015415466e-05, 5.9845e+02, 1.3612e+01, 
 1DIAGNOSTIC,    39, -2.967816270645e-01, 3.008977858862e-05, 6.1203e+02, 1.3579e+01, 
 1DIAGNOSTIC,    40, -2.968520886399e-01, 2.799695833270e-05, 6.2560e+02, 1.3573e+01, 
 1DIAGNOSTIC,    41, -2.968961315978e-01, 2.604795784608e-05, 6.3918e+02, 1.3577e+01, 
 1DIAGNOSTIC,    42, -2.969423186629e-01, 2.488609016893e-05, 6.5273e+02, 1.3557e+01, 
 1DIAGNOSTIC,    43, -2.970235939705e-01, 2.513392647979e-05, 6.6628e+02, 1.3551e+01, 
 1DIAGNOSTIC,    44, -2.970485876395e-01, 2.452829776298e-05, 6.7988e+02, 1.3595e+01, 
 1DIAGNOSTIC,    45, -2.971069946517e-01, 2.426192197739e-05, 6.9344e+02, 1.3560e+01, 
 1DIAGNOSTIC,    46, -2.971168581169e-01, 2.273987995569e-05, 7.0704e+02, 1.3599e+01, 
 1DIAGNOSTIC,    47, -2.971480920357e-01, 2.068526756420e-05, 7.2069e+02, 1.3648e+01, 
 1DIAGNOSTIC,    48, -2.971576212430e-01, 1.816511895395e-05, 7.3424e+02, 1.3549e+01, 
 1DIAGNOSTIC,    49, -2.971948011346e-01, 1.578864930185e-05, 7.4781e+02, 1.3572e+01, 
 1DIAGNOSTIC,    50, -2.972072574517e-01, 1.363879600281e-05, 7.6138e+02, 1.3577e+01, 
  Elapsed time (stage 2): 781.6


Total elapsed time: 930.4

--- Writing output images ---

Using double precision for computations.
Input scalar image: data/Segmentations/1119_3_seg.nii.gz
Reference image: data/template/T_template0_BrainCerebellum.nii.gz
=============================================================================
The composite transform comprises the following transforms (in order): 
  1. /tmp/1971417.1.basic.q/1119_ToTemplate_010_0GenericAffine.mat (type = AffineTransform)
  2. /tmp/1971417.1.basic.q/1119_ToTemplate_010_1Warp.nii.gz (type = DisplacementFieldTransform)
=============================================================================
Default pixel value: 0
Interpolation type: LabelImageGenericInterpolateImageFunction
Output warped image: output/1119/1119_WarpedLabels_010.nii.gz

--- Done ---

