
--- Running on compute-2-9.local ---


--- registration call ---
/data/jet/pcook/bin/antsBuild/bin/antsRegistrationSyNQuick.sh -d 3 -f data/template/T_template0_BrainCerebellum.nii.gz -m data/Brains/1101_3.nii.gz -t s -p f -n 1 -o /tmp/1971707.1.basic.q/1101_ToTemplate_021_
---


--------------------------------------------------------------------------------------
 Mapping parameters
--------------------------------------------------------------------------------------
 ANTSPATH is /data/jet/pcook/bin/antsBuild/bin/

 Dimensionality:           3
 Output name prefix:       /tmp/1971707.1.basic.q/1101_ToTemplate_021_
 Fixed images:             data/template/T_template0_BrainCerebellum.nii.gz
 Moving images:            data/Brains/1101_3.nii.gz
 Mask images:              
 Initial transforms:       
 Number of threads:        1
 Spline distance:          26
 Transform type:           s
 MI histogram bins:        32
 Precision:                f
 Use histogram matching    0
======================================================================================
 antsRegistration call:
--------------------------------------------------------------------------------------
/data/jet/pcook/bin/antsBuild/bin//antsRegistration --verbose 1 --dimensionality 3 --float 1 --collapse-output-transforms 1 --output [/tmp/1971707.1.basic.q/1101_ToTemplate_021_,/tmp/1971707.1.basic.q/1101_ToTemplate_021_Warped.nii.gz,/tmp/1971707.1.basic.q/1101_ToTemplate_021_InverseWarped.nii.gz] --interpolation Linear --use-histogram-matching 0 --winsorize-image-intensities [0.005,0.995] --initial-moving-transform [data/template/T_template0_BrainCerebellum.nii.gz,data/Brains/1101_3.nii.gz,1] --transform Rigid[0.1] --metric MI[data/template/T_template0_BrainCerebellum.nii.gz,data/Brains/1101_3.nii.gz,1,32,Regular,0.25] --convergence [1000x500x250x0,1e-6,10] --shrink-factors 12x8x4x2 --smoothing-sigmas 4x3x2x1vox --transform Affine[0.1] --metric MI[data/template/T_template0_BrainCerebellum.nii.gz,data/Brains/1101_3.nii.gz,1,32,Regular,0.25] --convergence [1000x500x250x0,1e-6,10] --shrink-factors 12x8x4x2 --smoothing-sigmas 4x3x2x1vox --transform SyN[0.1,3,0] --metric MI[data/template/T_template0_BrainCerebellum.nii.gz,data/Brains/1101_3.nii.gz,1,32] --convergence [100x100x70x50x0,1e-6,10] --shrink-factors 10x6x4x2x1 --smoothing-sigmas 5x3x2x1x0vox
--------------------------------------------------------------------------------------
All_Command_lines_OK
Using single precision for computations.
=============================================================================
The composite transform comprises the following transforms (in order): 
  1. Center of mass alignment using fixed image: data/template/T_template0_BrainCerebellum.nii.gz and moving image: data/Brains/1101_3.nii.gz (type = Euler3DTransform)
=============================================================================
  number of levels = 4
  number of levels = 4
  number of levels = 5
  fixed image: data/template/T_template0_BrainCerebellum.nii.gz
  moving image: data/Brains/1101_3.nii.gz
  fixed image: data/template/T_template0_BrainCerebellum.nii.gz
  moving image: data/Brains/1101_3.nii.gz
  fixed image: data/template/T_template0_BrainCerebellum.nii.gz
  moving image: data/Brains/1101_3.nii.gz
Dimension = 3
Number of stages = 3
Use Histogram Matching false
Winsorize image intensities true
Lower quantile = 0.005
Upper quantile = 0.995
Stage 1 State
   Image metric = Mattes
     Fixed image = Image (0x3cbe420)
  RTTI typeinfo:   itk::Image<float, 3u>
  Reference Count: 2
  Modified Time: 1611
  Debug: Off
  Object Name: 
  Observers: 
    none
  Source: (none)
  Source output name: (none)
  Release Data: Off
  Data Released: False
  Global Release Data: Off
  PipelineMTime: 0
  UpdateMTime: 1422
  RealTimeStamp: 0 seconds 
  LargestPossibleRegion: 
    Dimension: 3
    Index: [0, 0, 0]
    Size: [216, 256, 291]
  BufferedRegion: 
    Dimension: 3
    Index: [0, 0, 0]
    Size: [216, 256, 291]
  RequestedRegion: 
    Dimension: 3
    Index: [0, 0, 0]
    Size: [216, 256, 291]
  Spacing: [1, 1, 1]
  Origin: [0, 293, 0]
  Direction: 
1 0 0
0 -0 -1
0 -1 -0

  IndexToPointMatrix: 
1 0 0
0 0 -1
0 -1 0

  PointToIndexMatrix: 
1 0 0
0 0 -1
0 -1 0

  Inverse Direction: 
1 0 0
0 0 -1
0 -1 0

  PixelContainer: 
    ImportImageContainer (0x3ca37f0)
      RTTI typeinfo:   itk::ImportImageContainer<unsigned long, float>
      Reference Count: 1
      Modified Time: 1419
      Debug: Off
      Object Name: 
      Observers: 
        none
      Pointer: 0x7eff2f417010
      Container manages memory: true
      Size: 16091136
      Capacity: 16091136

     Moving image = Image (0x3cbee60)
  RTTI typeinfo:   itk::Image<float, 3u>
  Reference Count: 2
  Modified Time: 1612
  Debug: Off
  Object Name: 
  Observers: 
    none
  Source: (none)
  Source output name: (none)
  Release Data: Off
  Data Released: False
  Global Release Data: Off
  PipelineMTime: 0
  UpdateMTime: 1609
  RealTimeStamp: 0 seconds 
  LargestPossibleRegion: 
    Dimension: 3
    Index: [0, 0, 0]
    Size: [256, 256, 307]
  BufferedRegion: 
    Dimension: 3
    Index: [0, 0, 0]
    Size: [256, 256, 307]
  RequestedRegion: 
    Dimension: 3
    Index: [0, 0, 0]
    Size: [256, 256, 307]
  Spacing: [1, 1, 1]
  Origin: [0, 306, 0]
  Direction: 
1 0 0
0 -0 -1
0 -1 -0

  IndexToPointMatrix: 
1 0 0
0 0 -1
0 -1 0

  PointToIndexMatrix: 
1 0 0
0 0 -1
0 -1 0

  Inverse Direction: 
1 0 0
0 0 -1
0 -1 0

  PixelContainer: 
    ImportImageContainer (0x3cc12b0)
      RTTI typeinfo:   itk::ImportImageContainer<unsigned long, float>
      Reference Count: 1
      Modified Time: 1606
      Debug: Off
      Object Name: 
      Observers: 
        none
      Pointer: 0x7eff2a756010
      Container manages memory: true
      Size: 20119552
      Capacity: 20119552

     Weighting = 1
     Sampling strategy = regular
     Number of bins = 32
     Radius = 4
     Sampling percentage  = 0.25
   Transform = Rigid
     Gradient step = 0.1
     Update field sigma (voxel space) = 0
     Total field sigma (voxel space) = 0
     Update field time sigma = 0
     Total field time sigma  = 0
     Number of time indices = 0
     Number of time point samples = 0
Stage 2 State
   Image metric = Mattes
     Fixed image = Image (0x3cc96c0)
  RTTI typeinfo:   itk::Image<float, 3u>
  Reference Count: 2
  Modified Time: 1987
  Debug: Off
  Object Name: 
  Observers: 
    none
  Source: (none)
  Source output name: (none)
  Release Data: Off
  Data Released: False
  Global Release Data: Off
  PipelineMTime: 0
  UpdateMTime: 1798
  RealTimeStamp: 0 seconds 
  LargestPossibleRegion: 
    Dimension: 3
    Index: [0, 0, 0]
    Size: [216, 256, 291]
  BufferedRegion: 
    Dimension: 3
    Index: [0, 0, 0]
    Size: [216, 256, 291]
  RequestedRegion: 
    Dimension: 3
    Index: [0, 0, 0]
    Size: [216, 256, 291]
  Spacing: [1, 1, 1]
  Origin: [0, 293, 0]
  Direction: 
1 0 0
0 -0 -1
0 -1 -0

  IndexToPointMatrix: 
1 0 0
0 0 -1
0 -1 0

  PointToIndexMatrix: 
1 0 0
0 0 -1
0 -1 0

  Inverse Direction: 
1 0 0
0 0 -1
0 -1 0

  PixelContainer: 
    ImportImageContainer (0x3cc9f60)
      RTTI typeinfo:   itk::ImportImageContainer<unsigned long, float>
      Reference Count: 1
      Modified Time: 1795
      Debug: Off
      Object Name: 
      Observers: 
        none
      Pointer: 0x7eff269f3010
      Container manages memory: true
      Size: 16091136
      Capacity: 16091136

     Moving image = Image (0x3cc9a50)
  RTTI typeinfo:   itk::Image<float, 3u>
  Reference Count: 2
  Modified Time: 1988
  Debug: Off
  Object Name: 
  Observers: 
    none
  Source: (none)
  Source output name: (none)
  Release Data: Off
  Data Released: False
  Global Release Data: Off
  PipelineMTime: 0
  UpdateMTime: 1985
  RealTimeStamp: 0 seconds 
  LargestPossibleRegion: 
    Dimension: 3
    Index: [0, 0, 0]
    Size: [256, 256, 307]
  BufferedRegion: 
    Dimension: 3
    Index: [0, 0, 0]
    Size: [256, 256, 307]
  RequestedRegion: 
    Dimension: 3
    Index: [0, 0, 0]
    Size: [256, 256, 307]
  Spacing: [1, 1, 1]
  Origin: [0, 306, 0]
  Direction: 
1 0 0
0 -0 -1
0 -1 -0

  IndexToPointMatrix: 
1 0 0
0 0 -1
0 -1 0

  PointToIndexMatrix: 
1 0 0
0 0 -1
0 -1 0

  Inverse Direction: 
1 0 0
0 0 -1
0 -1 0

  PixelContainer: 
    ImportImageContainer (0x3cca950)
      RTTI typeinfo:   itk::ImportImageContainer<unsigned long, float>
      Reference Count: 1
      Modified Time: 1982
      Debug: Off
      Object Name: 
      Observers: 
        none
      Pointer: 0x7eff21d32010
      Container manages memory: true
      Size: 20119552
      Capacity: 20119552

     Weighting = 1
     Sampling strategy = regular
     Number of bins = 32
     Radius = 4
     Sampling percentage  = 0.25
   Transform = Affine
     Gradient step = 0.1
     Update field sigma (voxel space) = 0
     Total field sigma (voxel space) = 0
     Update field time sigma = 0
     Total field time sigma  = 0
     Number of time indices = 0
     Number of time point samples = 0
Stage 3 State
   Image metric = Mattes
     Fixed image = Image (0x3cd07b0)
  RTTI typeinfo:   itk::Image<float, 3u>
  Reference Count: 2
  Modified Time: 2363
  Debug: Off
  Object Name: 
  Observers: 
    none
  Source: (none)
  Source output name: (none)
  Release Data: Off
  Data Released: False
  Global Release Data: Off
  PipelineMTime: 0
  UpdateMTime: 2174
  RealTimeStamp: 0 seconds 
  LargestPossibleRegion: 
    Dimension: 3
    Index: [0, 0, 0]
    Size: [216, 256, 291]
  BufferedRegion: 
    Dimension: 3
    Index: [0, 0, 0]
    Size: [216, 256, 291]
  RequestedRegion: 
    Dimension: 3
    Index: [0, 0, 0]
    Size: [216, 256, 291]
  Spacing: [1, 1, 1]
  Origin: [0, 293, 0]
  Direction: 
1 0 0
0 -0 -1
0 -1 -0

  IndexToPointMatrix: 
1 0 0
0 0 -1
0 -1 0

  PointToIndexMatrix: 
1 0 0
0 0 -1
0 -1 0

  Inverse Direction: 
1 0 0
0 0 -1
0 -1 0

  PixelContainer: 
    ImportImageContainer (0x3cd0a40)
      RTTI typeinfo:   itk::ImportImageContainer<unsigned long, float>
      Reference Count: 1
      Modified Time: 2171
      Debug: Off
      Object Name: 
      Observers: 
        none
      Pointer: 0x7eff1dfcf010
      Container manages memory: true
      Size: 16091136
      Capacity: 16091136

     Moving image = Image (0x3cd31b0)
  RTTI typeinfo:   itk::Image<float, 3u>
  Reference Count: 2
  Modified Time: 2364
  Debug: Off
  Object Name: 
  Observers: 
    none
  Source: (none)
  Source output name: (none)
  Release Data: Off
  Data Released: False
  Global Release Data: Off
  PipelineMTime: 0
  UpdateMTime: 2361
  RealTimeStamp: 0 seconds 
  LargestPossibleRegion: 
    Dimension: 3
    Index: [0, 0, 0]
    Size: [256, 256, 307]
  BufferedRegion: 
    Dimension: 3
    Index: [0, 0, 0]
    Size: [256, 256, 307]
  RequestedRegion: 
    Dimension: 3
    Index: [0, 0, 0]
    Size: [256, 256, 307]
  Spacing: [1, 1, 1]
  Origin: [0, 306, 0]
  Direction: 
1 0 0
0 -0 -1
0 -1 -0

  IndexToPointMatrix: 
1 0 0
0 0 -1
0 -1 0

  PointToIndexMatrix: 
1 0 0
0 0 -1
0 -1 0

  Inverse Direction: 
1 0 0
0 0 -1
0 -1 0

  PixelContainer: 
    ImportImageContainer (0x3cd0aa0)
      RTTI typeinfo:   itk::ImportImageContainer<unsigned long, float>
      Reference Count: 1
      Modified Time: 2358
      Debug: Off
      Object Name: 
      Observers: 
        none
      Pointer: 0x7eff1930e010
      Container manages memory: true
      Size: 20119552
      Capacity: 20119552

     Weighting = 1
     Sampling strategy = none
     Number of bins = 32
     Radius = 4
     Sampling percentage  = 1
   Transform = SyN
     Gradient step = 0.1
     Update field sigma (voxel space) = 3
     Total field sigma (voxel space) = 0
     Update field time sigma = 0
     Total field time sigma  = 0
     Number of time indices = 0
     Number of time point samples = 0
Registration using 3 total stages.

Stage 0
  iterations = 1000x500x250x0
  convergence threshold = 1e-06
  convergence window size = 10
  number of levels = 4
  using the Mattes MI metric (number of bins = 32, weight = 1)
  preprocessing:  winsorizing the image intensities
  Shrink factors (level 1 out of 4): [12, 12, 12]
  Shrink factors (level 2 out of 4): [8, 8, 8]
  Shrink factors (level 3 out of 4): [4, 4, 4]
  Shrink factors (level 4 out of 4): [2, 2, 2]
  smoothing sigmas per level: [4, 3, 2, 1]
  regular sampling (percentage = 0.25)

*** Running Euler3DTransform registration ***

DIAGNOSTIC,Iteration,metricValue,convergenceValue,ITERATION_TIME_INDEX,SINCE_LAST
 2DIAGNOSTIC,     1, -4.919052124023e-01, inf, 1.8159e+01, 1.8159e+01, 
 2DIAGNOSTIC,     2, -4.928381145000e-01, inf, 1.8169e+01, 1.0288e-02, 
 2DIAGNOSTIC,     3, -4.937995672226e-01, inf, 1.8180e+01, 1.0111e-02, 
 2DIAGNOSTIC,     4, -4.944471120834e-01, inf, 1.8190e+01, 1.0119e-02, 
 2DIAGNOSTIC,     5, -4.950318634510e-01, inf, 1.8200e+01, 1.0033e-02, 
 2DIAGNOSTIC,     6, -4.956034421921e-01, inf, 1.8210e+01, 1.0094e-02, 
 2DIAGNOSTIC,     7, -4.972950816154e-01, inf, 1.8225e+01, 1.5565e-02, 
 2DIAGNOSTIC,     8, -4.990780353546e-01, inf, 1.8258e+01, 3.2331e-02, 
 2DIAGNOSTIC,     9, -4.990779757500e-01, inf, 1.8268e+01, 9.9480e-03, 
 2DIAGNOSTIC,    10, -4.990786612034e-01, 1.020919647999e-03, 1.8278e+01, 1.0617e-02, 
 2DIAGNOSTIC,    11, -4.990796744823e-01, 8.503964054398e-04, 1.8289e+01, 1.0434e-02, 
 2DIAGNOSTIC,    12, -4.990815222263e-01, 6.748269661330e-04, 1.8299e+01, 1.0430e-02, 
 2DIAGNOSTIC,    13, -4.990845322609e-01, 5.065003642812e-04, 1.8310e+01, 1.0428e-02, 
 2DIAGNOSTIC,    14, -4.990890324116e-01, 3.436637052801e-04, 1.8320e+01, 1.0410e-02, 
 2DIAGNOSTIC,    15, -4.990981221199e-01, 1.953797182068e-04, 1.8330e+01, 1.0451e-02, 
 2DIAGNOSTIC,    16, -4.991110563278e-01, 6.790826591896e-05, 1.8341e+01, 1.0431e-02, 
 2DIAGNOSTIC,    17, -4.991301000118e-01, 5.224046617514e-06, 1.8351e+01, 1.0433e-02, 
 2DIAGNOSTIC,    18, -4.991596043110e-01, 6.761584245396e-06, 1.8362e+01, 1.0416e-02, 
 2DIAGNOSTIC,    19, -4.991977214813e-01, 8.803965101833e-06, 1.8372e+01, 1.0425e-02, 
 2DIAGNOSTIC,    20, -4.992473125458e-01, 1.139844516729e-05, 1.8383e+01, 1.0416e-02, 
 2DIAGNOSTIC,    21, -4.993169307709e-01, 1.473274005548e-05, 1.8393e+01, 1.0504e-02, 
 2DIAGNOSTIC,    22, -4.994208514690e-01, 1.924534444697e-05, 1.8403e+01, 1.0461e-02, 
 2DIAGNOSTIC,    23, -4.995883405209e-01, 2.588616553112e-05, 1.8414e+01, 1.0520e-02, 
 2DIAGNOSTIC,    24, -4.996960759163e-01, 3.227037086617e-05, 1.8426e+01, 1.2071e-02, 
 2DIAGNOSTIC,    25, -4.999407529831e-01, 4.102414095541e-05, 1.8438e+01, 1.2070e-02, 
 2DIAGNOSTIC,    26, -5.000088810921e-01, 4.704907405539e-05, 1.8449e+01, 1.0535e-02, 
 2DIAGNOSTIC,    27, -5.004388093948e-01, 5.780862193205e-05, 1.8459e+01, 1.0565e-02, 
 2DIAGNOSTIC,    28, -5.012196302414e-01, 7.874880975578e-05, 1.8476e+01, 1.7124e-02, 
 2DIAGNOSTIC,    29, -5.017268657684e-01, 1.012707216432e-04, 1.8492e+01, 1.5236e-02, 
 2DIAGNOSTIC,    30, -5.017802119255e-01, 1.147511866293e-04, 1.8504e+01, 1.2080e-02, 
 2DIAGNOSTIC,    31, -5.016291737556e-01, 1.153662960860e-04, 1.8516e+01, 1.2038e-02, 
 2DIAGNOSTIC,    32, -5.014893412590e-01, 1.045302706189e-04, 1.8528e+01, 1.2013e-02, 
 2DIAGNOSTIC,    33, -5.011664032936e-01, 8.163478923962e-05, 1.8538e+01, 1.0524e-02, 
 2DIAGNOSTIC,    34, -5.010517239571e-01, 5.222253821557e-05, 1.8549e+01, 1.0463e-02, 
 2DIAGNOSTIC,    35, -5.013427734375e-01, 2.852299076039e-05, 1.8559e+01, 1.0449e-02, 
 2DIAGNOSTIC,    36, -5.015346407890e-01, 7.528648893640e-06, 1.8570e+01, 1.0474e-02, 
DIAGNOSTIC,Iteration,metricValue,convergenceValue,ITERATION_TIME_INDEX,SINCE_LAST
 2DIAGNOSTIC,     1, -4.203003048897e-01, inf, 3.2500e+01, 1.3931e+01, 
 2DIAGNOSTIC,     2, -4.206407070160e-01, inf, 3.2554e+01, 5.3402e-02, 
 2DIAGNOSTIC,     3, -4.209958314896e-01, inf, 3.2607e+01, 5.3397e-02, 
 2DIAGNOSTIC,     4, -4.214220345020e-01, inf, 3.2661e+01, 5.3355e-02, 
 2DIAGNOSTIC,     5, -4.222087562084e-01, inf, 3.2714e+01, 5.3338e-02, 
 2DIAGNOSTIC,     6, -4.232797324657e-01, inf, 3.2767e+01, 5.3313e-02, 
 2DIAGNOSTIC,     7, -4.255687594414e-01, inf, 3.2879e+01, 1.1195e-01, 
 2DIAGNOSTIC,     8, -4.257432818413e-01, inf, 3.2932e+01, 5.3068e-02, 
 2DIAGNOSTIC,     9, -4.259166717529e-01, inf, 3.2985e+01, 5.3058e-02, 
 2DIAGNOSTIC,    10, -4.262758791447e-01, 1.079670153558e-03, 3.3039e+01, 5.3749e-02, 
 2DIAGNOSTIC,    11, -4.276862144470e-01, 1.030081883073e-03, 3.3132e+01, 9.2767e-02, 
 2DIAGNOSTIC,    12, -4.276678264141e-01, 9.109589736909e-04, 3.3195e+01, 6.3305e-02, 
 2DIAGNOSTIC,    13, -4.276880025864e-01, 7.490254356526e-04, 3.3249e+01, 5.3709e-02, 
 2DIAGNOSTIC,    14, -4.277555048466e-01, 5.683815106750e-04, 3.3302e+01, 5.3677e-02, 
 2DIAGNOSTIC,    15, -4.279150366783e-01, 4.019062034786e-04, 3.3356e+01, 5.3577e-02, 
 2DIAGNOSTIC,    16, -4.281497299671e-01, 2.705845399760e-04, 3.3419e+01, 6.3312e-02, 
 2DIAGNOSTIC,    17, -4.282680749893e-01, 2.245422656415e-04, 3.3492e+01, 7.2893e-02, 
 2DIAGNOSTIC,    18, -4.285621643066e-01, 1.813659619074e-04, 3.3555e+01, 6.3159e-02, 
 2DIAGNOSTIC,    19, -4.286066889763e-01, 1.338422007393e-04, 3.3638e+01, 8.3038e-02, 
 2DIAGNOSTIC,    20, -4.288145005703e-01, 9.642008080846e-05, 3.3702e+01, 6.3171e-02, 
 2DIAGNOSTIC,    21, -4.288038015366e-01, 9.812251664698e-05, 3.3755e+01, 5.3466e-02, 
 2DIAGNOSTIC,    22, -4.288255274296e-01, 9.082613541977e-05, 3.3809e+01, 5.3465e-02, 
 2DIAGNOSTIC,    23, -4.288461208344e-01, 7.701673166594e-05, 3.3872e+01, 6.3179e-02, 
 2DIAGNOSTIC,    24, -4.288724958897e-01, 5.980421337881e-05, 3.3935e+01, 6.3160e-02, 
 2DIAGNOSTIC,    25, -4.289392232895e-01, 4.440673365025e-05, 3.3988e+01, 5.3392e-02, 
 2DIAGNOSTIC,    26, -4.289030432701e-01, 3.120738620055e-05, 3.4052e+01, 6.3224e-02, 
 2DIAGNOSTIC,    27, -4.291919469833e-01, 2.615321318444e-05, 3.4124e+01, 7.2821e-02, 
 2DIAGNOSTIC,    28, -4.290466308594e-01, 2.247939301014e-05, 3.4216e+01, 9.2142e-02, 
 2DIAGNOSTIC,    29, -4.290907084942e-01, 1.909291495394e-05, 3.4270e+01, 5.3502e-02, 
 2DIAGNOSTIC,    30, -4.291046559811e-01, 1.918905400089e-05, 3.4333e+01, 6.3210e-02, 
 2DIAGNOSTIC,    31, -4.290660619736e-01, 1.644256371947e-05, 3.4387e+01, 5.3486e-02, 
 2DIAGNOSTIC,    32, -4.291112124920e-01, 1.377096305077e-05, 3.4440e+01, 5.3393e-02, 
 2DIAGNOSTIC,    33, -4.291695654392e-01, 1.162554326584e-05, 3.4493e+01, 5.3406e-02, 
 2DIAGNOSTIC,    34, -4.291955232620e-01, 9.626731298340e-06, 3.4547e+01, 5.3455e-02, 
 2DIAGNOSTIC,    35, -4.293439388275e-01, 1.105681076297e-05, 3.4620e+01, 7.3007e-02, 
 2DIAGNOSTIC,    36, -4.292899370193e-01, 9.556561053614e-06, 3.4693e+01, 7.2757e-02, 
 2DIAGNOSTIC,    37, -4.294180572033e-01, 1.495157903264e-05, 3.4746e+01, 5.3414e-02, 
 2DIAGNOSTIC,    38, -4.294252395630e-01, 1.621653609618e-05, 3.4800e+01, 5.3458e-02, 
 2DIAGNOSTIC,    39, -4.294399023056e-01, 1.693763442745e-05, 3.4853e+01, 5.3528e-02, 
 2DIAGNOSTIC,    40, -4.295067489147e-01, 1.746116504364e-05, 3.4907e+01, 5.3403e-02, 
 2DIAGNOSTIC,    41, -4.297592937946e-01, 1.980725755857e-05, 3.4999e+01, 9.1996e-02, 
 2DIAGNOSTIC,    42, -4.296275377274e-01, 1.874137888080e-05, 3.5052e+01, 5.3341e-02, 
 2DIAGNOSTIC,    43, -4.296388626099e-01, 1.719925603538e-05, 3.5105e+01, 5.3346e-02, 
 2DIAGNOSTIC,    44, -4.296448528767e-01, 1.462007094233e-05, 3.5158e+01, 5.3297e-02, 
 2DIAGNOSTIC,    45, -4.297206401825e-01, 1.412208803231e-05, 3.5222e+01, 6.3134e-02, 
 2DIAGNOSTIC,    46, -4.299277961254e-01, 1.444083591196e-05, 3.5294e+01, 7.2729e-02, 
 2DIAGNOSTIC,    47, -4.297500252724e-01, 1.269137919735e-05, 3.5367e+01, 7.2779e-02, 
 2DIAGNOSTIC,    48, -4.297105669975e-01, 9.606399544282e-06, 3.5420e+01, 5.3320e-02, 
 2DIAGNOSTIC,    49, -4.298098087311e-01, 7.347823611781e-06, 3.5474e+01, 5.3475e-02, 
 2DIAGNOSTIC,    50, -4.299828410149e-01, 7.499801085942e-06, 3.5527e+01, 5.3400e-02, 
 2DIAGNOSTIC,    51, -4.300067126751e-01, 1.054223503161e-05, 3.5591e+01, 6.3258e-02, 
 2DIAGNOSTIC,    52, -4.301953613758e-01, 1.332367355644e-05, 3.5692e+01, 1.0173e-01, 
 2DIAGNOSTIC,    53, -4.302400052547e-01, 1.551624882268e-05, 3.5755e+01, 6.2931e-02, 
 2DIAGNOSTIC,    54, -4.302222728729e-01, 1.600985706318e-05, 3.5809e+01, 5.3312e-02, 
 2DIAGNOSTIC,    55, -4.302026629448e-01, 1.558658550493e-05, 3.5862e+01, 5.3260e-02, 
 2DIAGNOSTIC,    56, -4.302188158035e-01, 1.645012525842e-05, 3.5915e+01, 5.3417e-02, 
 2DIAGNOSTIC,    57, -4.303587675095e-01, 1.532521309855e-05, 3.5978e+01, 6.2965e-02, 
 2DIAGNOSTIC,    58, -4.303679168224e-01, 1.240583060280e-05, 3.6032e+01, 5.3313e-02, 
 2DIAGNOSTIC,    59, -4.303376376629e-01, 9.225173926097e-06, 3.6085e+01, 5.3346e-02, 
 2DIAGNOSTIC,    60, -4.304921627045e-01, 9.004099410959e-06, 3.6148e+01, 6.2968e-02, 
 2DIAGNOSTIC,    61, -4.305615127087e-01, 8.874905688572e-06, 3.6211e+01, 6.2968e-02, 
 2DIAGNOSTIC,    62, -4.306041300297e-01, 1.036894445861e-05, 3.6264e+01, 5.3328e-02, 
 2DIAGNOSTIC,    63, -4.308535754681e-01, 1.398585209245e-05, 3.6337e+01, 7.2549e-02, 
 2DIAGNOSTIC,    64, -4.309872984886e-01, 1.736708327371e-05, 3.6390e+01, 5.3338e-02, 
 2DIAGNOSTIC,    65, -4.310912787914e-01, 1.986483766814e-05, 3.6463e+01, 7.2597e-02, 
 2DIAGNOSTIC,    66, -4.310657680035e-01, 2.029014285654e-05, 3.6525e+01, 6.2855e-02, 
 2DIAGNOSTIC,    67, -4.310724735260e-01, 2.028710514423e-05, 3.6579e+01, 5.3464e-02, 
 2DIAGNOSTIC,    68, -4.312860667706e-01, 2.054893593595e-05, 3.6642e+01, 6.2999e-02, 
 2DIAGNOSTIC,    69, -4.315806925297e-01, 2.128354572051e-05, 3.6715e+01, 7.2769e-02, 
 2DIAGNOSTIC,    70, -4.316896200180e-01, 2.243470589747e-05, 3.6787e+01, 7.2722e-02, 
 2DIAGNOSTIC,    71, -4.317174553871e-01, 2.241510992462e-05, 3.6850e+01, 6.2890e-02, 
 2DIAGNOSTIC,    72, -4.319269657135e-01, 2.260465953441e-05, 3.6904e+01, 5.3199e-02, 
 2DIAGNOSTIC,    73, -4.319899082184e-01, 2.338209924346e-05, 3.6966e+01, 6.2750e-02, 
 2DIAGNOSTIC,    74, -4.320248961449e-01, 2.336232500966e-05, 3.7029e+01, 6.2817e-02, 
 2DIAGNOSTIC,    75, -4.320380389690e-01, 2.220423994004e-05, 3.7092e+01, 6.2771e-02, 
 2DIAGNOSTIC,    76, -4.320063591003e-01, 1.853384310380e-05, 3.7154e+01, 6.2617e-02, 
 2DIAGNOSTIC,    77, -4.320121705532e-01, 1.329253427684e-05, 3.7208e+01, 5.3077e-02, 
 2DIAGNOSTIC,    78, -4.320209026337e-01, 8.755163435126e-06, 3.7280e+01, 7.2355e-02, 
 2DIAGNOSTIC,    79, -4.320228397846e-01, 6.006433068251e-06, 3.7343e+01, 6.2726e-02, 
 2DIAGNOSTIC,    80, -4.320252239704e-01, 3.729600393854e-06, 3.7405e+01, 6.2857e-02, 
DIAGNOSTIC,Iteration,metricValue,convergenceValue,ITERATION_TIME_INDEX,SINCE_LAST
 2DIAGNOSTIC,     1, -3.595149815083e-01, inf, 4.6401e+01, 8.9951e+00, 
 2DIAGNOSTIC,     2, -3.597010076046e-01, inf, 4.6901e+01, 4.9995e-01, 
 2DIAGNOSTIC,     3, -3.597701489925e-01, inf, 4.7402e+01, 5.0108e-01, 
 2DIAGNOSTIC,     4, -3.597874045372e-01, inf, 4.7984e+01, 5.8189e-01, 
 2DIAGNOSTIC,     5, -3.597864210606e-01, inf, 4.8485e+01, 5.0112e-01, 
 2DIAGNOSTIC,     6, -3.597850501537e-01, inf, 4.8985e+01, 5.0009e-01, 
 2DIAGNOSTIC,     7, -3.597822189331e-01, inf, 4.9404e+01, 4.1906e-01, 
 2DIAGNOSTIC,     8, -3.597802519798e-01, inf, 4.9823e+01, 4.1938e-01, 
 2DIAGNOSTIC,     9, -3.597788214684e-01, inf, 5.0243e+01, 4.1983e-01, 
 2DIAGNOSTIC,    10, -3.597784340382e-01, 2.971621324832e-05, 5.0744e+01, 5.0077e-01, 
 2DIAGNOSTIC,    11, -3.597847223282e-01, 8.750906999921e-06, 5.1245e+01, 5.0170e-01, 
 2DIAGNOSTIC,    12, -3.597820997238e-01, 2.701503490243e-06, 5.1747e+01, 5.0198e-01, 
 2DIAGNOSTIC,    13, -3.597742319107e-01, 1.281528966501e-06, 5.2248e+01, 5.0080e-01, 
DIAGNOSTIC,Iteration,metricValue,convergenceValue,ITERATION_TIME_INDEX,SINCE_LAST
 2DIAGNOSTIC,     1, -3.112806379795e-01, inf, 6.0725e+01, 8.4768e+00, 
  Elapsed time (stage 0): 6.2592e+01


Stage 1
  iterations = 1000x500x250x0
  convergence threshold = 1.0000e-06
  convergence window size = 10
  number of levels = 4
  using the Mattes MI metric (number of bins = 32, weight = 1.0000e+00)
  preprocessing:  winsorizing the image intensities
  Shrink factors (level 1 out of 4): [12, 12, 12]
  Shrink factors (level 2 out of 4): [8, 8, 8]
  Shrink factors (level 3 out of 4): [4, 4, 4]
  Shrink factors (level 4 out of 4): [2, 2, 2]
  smoothing sigmas per level: [4, 3, 2, 1]
  regular sampling (percentage = 2.5000e-01)

*** Running AffineTransform registration ***

DIAGNOSTIC,Iteration,metricValue,convergenceValue,ITERATION_TIME_INDEX,SINCE_LAST
 2DIAGNOSTIC,     1, -4.921809136868e-01, inf, 1.8235e+01, 1.8235e+01, 
 2DIAGNOSTIC,     2, -4.931547939777e-01, inf, 1.8249e+01, 1.3805e-02, 
 2DIAGNOSTIC,     3, -4.944557249546e-01, inf, 1.8263e+01, 1.3595e-02, 
 2DIAGNOSTIC,     4, -4.961304068565e-01, inf, 1.8276e+01, 1.3578e-02, 
 2DIAGNOSTIC,     5, -4.977081120014e-01, inf, 1.8292e+01, 1.5213e-02, 
 2DIAGNOSTIC,     6, -4.992480576038e-01, inf, 1.8307e+01, 1.5290e-02, 
 2DIAGNOSTIC,     7, -4.999014735222e-01, inf, 1.8320e+01, 1.3625e-02, 
 2DIAGNOSTIC,     8, -5.008805990219e-01, inf, 1.8334e+01, 1.3901e-02, 
 2DIAGNOSTIC,     9, -5.051895380020e-01, inf, 1.8350e+01, 1.5654e-02, 
 2DIAGNOSTIC,    10, -5.075200200081e-01, 1.848656916991e-03, 1.8366e+01, 1.6301e-02, 
 2DIAGNOSTIC,    11, -5.096229314804e-01, 1.855789101683e-03, 1.8387e+01, 2.0404e-02, 
 2DIAGNOSTIC,    12, -5.111398696899e-01, 1.814510789700e-03, 1.8401e+01, 1.4466e-02, 
 2DIAGNOSTIC,    13, -5.184860825539e-01, 1.990321557969e-03, 1.8418e+01, 1.6365e-02, 
 2DIAGNOSTIC,    14, -5.256561040878e-01, 2.304188907146e-03, 1.8437e+01, 1.9336e-02, 
 2DIAGNOSTIC,    15, -5.263942480087e-01, 2.445012796670e-03, 1.8453e+01, 1.5821e-02, 
 2DIAGNOSTIC,    16, -5.265350341797e-01, 2.409976907074e-03, 1.8467e+01, 1.3995e-02, 
 2DIAGNOSTIC,    17, -5.266224741936e-01, 2.186459954828e-03, 1.8481e+01, 1.3918e-02, 
 2DIAGNOSTIC,    18, -5.271102190018e-01, 1.826276653446e-03, 1.8495e+01, 1.3907e-02, 
 2DIAGNOSTIC,    19, -5.279232859612e-01, 1.481491839513e-03, 1.8509e+01, 1.4066e-02, 
 2DIAGNOSTIC,    20, -5.294256210327e-01, 1.142179826275e-03, 1.8523e+01, 1.3960e-02, 
 2DIAGNOSTIC,    21, -5.309953093529e-01, 8.307363023050e-04, 1.8543e+01, 2.0948e-02, 
 2DIAGNOSTIC,    22, -5.310344099998e-01, 5.072830826975e-04, 1.8559e+01, 1.5745e-02, 
 2DIAGNOSTIC,    23, -5.311334133148e-01, 3.409240162000e-04, 1.8575e+01, 1.5601e-02, 
 2DIAGNOSTIC,    24, -5.309870839119e-01, 3.185151726939e-04, 1.8590e+01, 1.5539e-02, 
 2DIAGNOSTIC,    25, -5.312162041664e-01, 2.890526666306e-04, 1.8606e+01, 1.5513e-02, 
 2DIAGNOSTIC,    26, -5.327023267746e-01, 2.688927634154e-04, 1.8627e+01, 2.0824e-02, 
 2DIAGNOSTIC,    27, -5.328939557076e-01, 2.301982458448e-04, 1.8642e+01, 1.5515e-02, 
 2DIAGNOSTIC,    28, -5.332626104355e-01, 1.902906078612e-04, 1.8658e+01, 1.5616e-02, 
 2DIAGNOSTIC,    29, -5.331557989120e-01, 1.486396795372e-04, 1.8672e+01, 1.3991e-02, 
 2DIAGNOSTIC,    30, -5.328578352928e-01, 1.171948242700e-04, 1.8686e+01, 1.3849e-02, 
 2DIAGNOSTIC,    31, -5.329343080521e-01, 1.056934706867e-04, 1.8701e+01, 1.5570e-02, 
 2DIAGNOSTIC,    32, -5.329813361168e-01, 8.617979619885e-05, 1.8715e+01, 1.3959e-02, 
 2DIAGNOSTIC,    33, -5.328261852264e-01, 5.920025796513e-05, 1.8729e+01, 1.3828e-02, 
 2DIAGNOSTIC,    34, -5.330699086189e-01, 3.025020851055e-05, 1.8743e+01, 1.4025e-02, 
 2DIAGNOSTIC,    35, -5.333107709885e-01, 6.972241408221e-06, 1.8757e+01, 1.3851e-02, 
 2DIAGNOSTIC,    36, -5.333420634270e-01, 7.320108124986e-06, 1.8772e+01, 1.5558e-02, 
 2DIAGNOSTIC,    37, -5.332171320915e-01, 7.856824595365e-06, 1.8791e+01, 1.8963e-02, 
 2DIAGNOSTIC,    38, -5.332915186882e-01, 1.420499211235e-05, 1.8805e+01, 1.3880e-02, 
 2DIAGNOSTIC,    39, -5.333624482155e-01, 1.848455940490e-05, 1.8823e+01, 1.7250e-02, 
 2DIAGNOSTIC,    40, -5.336136221886e-01, 2.005617352552e-05, 1.8838e+01, 1.5558e-02, 
 2DIAGNOSTIC,    41, -5.342071056366e-01, 2.853941077774e-05, 1.8860e+01, 2.2337e-02, 
 2DIAGNOSTIC,    42, -5.342114567757e-01, 3.463030589046e-05, 1.8874e+01, 1.3947e-02, 
 2DIAGNOSTIC,    43, -5.339462161064e-01, 3.196402394678e-05, 1.8888e+01, 1.3901e-02, 
 2DIAGNOSTIC,    44, -5.340542197227e-01, 3.086318974965e-05, 1.8902e+01, 1.3907e-02, 
 2DIAGNOSTIC,    45, -5.340975522995e-01, 3.019321229658e-05, 1.8916e+01, 1.3824e-02, 
 2DIAGNOSTIC,    46, -5.341033339500e-01, 2.705861152208e-05, 1.8930e+01, 1.3989e-02, 
 2DIAGNOSTIC,    47, -5.341115593910e-01, 2.023224806180e-05, 1.8944e+01, 1.3910e-02, 
 2DIAGNOSTIC,    48, -5.341235995293e-01, 1.297467588302e-05, 1.8961e+01, 1.7259e-02, 
 2DIAGNOSTIC,    49, -5.341309905052e-01, 5.695729669242e-06, 1.8975e+01, 1.3856e-02, 
DIAGNOSTIC,Iteration,metricValue,convergenceValue,ITERATION_TIME_INDEX,SINCE_LAST
 2DIAGNOSTIC,     1, -4.490969181061e-01, inf, 3.2851e+01, 1.3876e+01, 
 2DIAGNOSTIC,     2, -4.498464167118e-01, inf, 3.2914e+01, 6.3053e-02, 
 2DIAGNOSTIC,     3, -4.507568180561e-01, inf, 3.2977e+01, 6.3316e-02, 
 2DIAGNOSTIC,     4, -4.517875313759e-01, inf, 3.3041e+01, 6.3489e-02, 
 2DIAGNOSTIC,     5, -4.528487026691e-01, inf, 3.3104e+01, 6.3101e-02, 
 2DIAGNOSTIC,     6, -4.536220729351e-01, inf, 3.3167e+01, 6.3235e-02, 
 2DIAGNOSTIC,     7, -4.548622965813e-01, inf, 3.3240e+01, 7.3019e-02, 
 2DIAGNOSTIC,     8, -4.554085731506e-01, inf, 3.3343e+01, 1.0262e-01, 
 2DIAGNOSTIC,     9, -4.553568661213e-01, inf, 3.3406e+01, 6.3013e-02, 
 2DIAGNOSTIC,    10, -4.560461044312e-01, 1.044268370606e-03, 3.3479e+01, 7.3312e-02, 
 2DIAGNOSTIC,    11, -4.570221900940e-01, 8.978456025943e-04, 3.3561e+01, 8.2103e-02, 
 2DIAGNOSTIC,    12, -4.570604860783e-01, 7.347146165557e-04, 3.3634e+01, 7.2744e-02, 
 2DIAGNOSTIC,    13, -4.570286571980e-01, 5.733113503084e-04, 3.3696e+01, 6.2605e-02, 
 2DIAGNOSTIC,    14, -4.570007026196e-01, 4.286815819796e-04, 3.3769e+01, 7.2721e-02, 
 2DIAGNOSTIC,    15, -4.570197463036e-01, 3.090720565524e-04, 3.3842e+01, 7.2580e-02, 
 2DIAGNOSTIC,    16, -4.569825828075e-01, 2.031649491983e-04, 3.3905e+01, 6.3199e-02, 
 2DIAGNOSTIC,    17, -4.570005536079e-01, 1.372266415274e-04, 3.3977e+01, 7.2630e-02, 
 2DIAGNOSTIC,    18, -4.570135176182e-01, 8.645538036944e-05, 3.4051e+01, 7.3322e-02, 
 2DIAGNOSTIC,    19, -4.569750130177e-01, 2.999181742780e-05, 3.4123e+01, 7.2749e-02, 
DIAGNOSTIC,Iteration,metricValue,convergenceValue,ITERATION_TIME_INDEX,SINCE_LAST
 2DIAGNOSTIC,     1, -3.913332521915e-01, inf, 4.3206e+01, 9.0824e+00, 
 2DIAGNOSTIC,     2, -3.915960490704e-01, inf, 4.3717e+01, 5.1081e-01, 
 2DIAGNOSTIC,     3, -3.918099403381e-01, inf, 4.4227e+01, 5.1069e-01, 
 2DIAGNOSTIC,     4, -3.922477364540e-01, inf, 4.4740e+01, 5.1215e-01, 
 2DIAGNOSTIC,     5, -3.926981985569e-01, inf, 4.5251e+01, 5.1161e-01, 
 2DIAGNOSTIC,     6, -3.932406306267e-01, inf, 4.5846e+01, 5.9474e-01, 
 2DIAGNOSTIC,     7, -3.937356173992e-01, inf, 4.6778e+01, 9.3217e-01, 
 2DIAGNOSTIC,     8, -3.937465846539e-01, inf, 4.7288e+01, 5.0985e-01, 
 2DIAGNOSTIC,     9, -3.937508165836e-01, inf, 4.7883e+01, 5.9497e-01, 
 2DIAGNOSTIC,    10, -3.937613964081e-01, 4.702098085545e-04, 4.8478e+01, 5.9544e-01, 
 2DIAGNOSTIC,    11, -3.937787115574e-01, 3.655156178866e-04, 4.9069e+01, 5.9043e-01, 
 2DIAGNOSTIC,    12, -3.937726318836e-01, 2.610173542053e-04, 4.9577e+01, 5.0874e-01, 
 2DIAGNOSTIC,    13, -3.937760889530e-01, 1.614048960619e-04, 5.0080e+01, 5.0281e-01, 
 2DIAGNOSTIC,    14, -3.937857449055e-01, 8.480713586323e-05, 5.0581e+01, 5.0116e-01, 
 2DIAGNOSTIC,    15, -3.938333392143e-01, 3.442845627433e-05, 5.1081e+01, 4.9997e-01, 
 2DIAGNOSTIC,    16, -3.938838541508e-01, 1.348463138129e-05, 5.1588e+01, 5.0614e-01, 
 2DIAGNOSTIC,    17, -3.939911127090e-01, 1.952298407559e-05, 5.2090e+01, 5.0225e-01, 
 2DIAGNOSTIC,    18, -3.941307663918e-01, 2.924667933257e-05, 5.2592e+01, 5.0169e-01, 
 2DIAGNOSTIC,    19, -3.943460583687e-01, 4.365378481452e-05, 5.3099e+01, 5.0792e-01, 
 2DIAGNOSTIC,    20, -3.946275413036e-01, 6.311019387795e-05, 5.3856e+01, 7.5656e-01, 
 2DIAGNOSTIC,    21, -3.946119844913e-01, 7.489301788155e-05, 5.4440e+01, 5.8398e-01, 
 2DIAGNOSTIC,    22, -3.947030901909e-01, 8.172634989023e-05, 5.5275e+01, 8.3472e-01, 
 2DIAGNOSTIC,    23, -3.947079777718e-01, 8.069532486843e-05, 5.6109e+01, 8.3405e-01, 
 2DIAGNOSTIC,    24, -3.946984112263e-01, 7.221393025247e-05, 5.6693e+01, 5.8387e-01, 
 2DIAGNOSTIC,    25, -3.946987092495e-01, 5.909541869187e-05, 5.7278e+01, 5.8523e-01, 
 2DIAGNOSTIC,    26, -3.946837782860e-01, 4.256512693246e-05, 5.7862e+01, 5.8431e-01, 
 2DIAGNOSTIC,    27, -3.946793973446e-01, 2.617172503960e-05, 5.8360e+01, 4.9810e-01, 
 2DIAGNOSTIC,    28, -3.946801126003e-01, 1.212395090988e-05, 5.9283e+01, 9.2295e-01, 
 2DIAGNOSTIC,    29, -3.946801126003e-01, 3.194829787390e-06, 5.9870e+01, 5.8727e-01, 
 2DIAGNOSTIC,    30, -3.946799933910e-01, 1.472235453548e-06, 6.0543e+01, 6.7231e-01, 
DIAGNOSTIC,Iteration,metricValue,convergenceValue,ITERATION_TIME_INDEX,SINCE_LAST
 2DIAGNOSTIC,     1, -3.376293480396e-01, inf, 6.9844e+01, 9.3008e+00, 
  Elapsed time (stage 1): 7.1681e+01


Stage 2
  iterations = 100x100x70x50x0
  convergence threshold = 1.0000e-06
  convergence window size = 10
  number of levels = 5
  using the Mattes MI metric (number of bins = 32, weight = 1.0000e+00)
  preprocessing:  winsorizing the image intensities
  Shrink factors (level 1 out of 5): [10, 10, 10]
  Shrink factors (level 2 out of 5): [6, 6, 6]
  Shrink factors (level 3 out of 5): [4, 4, 4]
  Shrink factors (level 4 out of 5): [2, 2, 2]
  Shrink factors (level 5 out of 5): [1, 1, 1]
  smoothing sigmas per level: [5, 3, 2, 1, 0]
  Using default NONE metricSamplingStrategy 

*** Running SyN registration (varianceForUpdateField = 3.0000e+00, varianceForTotalField = 0.0000e+00) ***

XXDIAGNOSTIC,Iteration,metricValue,convergenceValue,ITERATION_TIME_INDEX,SINCE_LAST
 1DIAGNOSTIC,     1, -5.249143838882e-01, inf, 3.2102e+01, 3.2102e+01, 
 1DIAGNOSTIC,     2, -5.411729812622e-01, inf, 3.2253e+01, 1.5119e-01, 
 1DIAGNOSTIC,     3, -5.521008968353e-01, inf, 3.2404e+01, 1.5141e-01, 
 1DIAGNOSTIC,     4, -5.560774803162e-01, inf, 3.2549e+01, 1.4449e-01, 
 1DIAGNOSTIC,     5, -5.551442503929e-01, inf, 3.2694e+01, 1.4519e-01, 
 1DIAGNOSTIC,     6, -5.537154674530e-01, inf, 3.2839e+01, 1.4499e-01, 
 1DIAGNOSTIC,     7, -5.527189970016e-01, inf, 3.2984e+01, 1.4541e-01, 
 1DIAGNOSTIC,     8, -5.514062047005e-01, inf, 3.3130e+01, 1.4503e-01, 
 1DIAGNOSTIC,     9, -5.483813881874e-01, inf, 3.3276e+01, 1.4606e-01, 
 1DIAGNOSTIC,    10, -5.472548007965e-01, 1.368857338093e-03, 3.3422e+01, 1.4603e-01, 
 1DIAGNOSTIC,    11, -5.439242720604e-01, -4.118838987779e-04, 3.3567e+01, 1.4563e-01, 
XXDIAGNOSTIC,Iteration,metricValue,convergenceValue,ITERATION_TIME_INDEX,SINCE_LAST
 1DIAGNOSTIC,     1, -4.310434162617e-01, inf, 4.7746e+01, 1.4179e+01, 
 1DIAGNOSTIC,     2, -4.333524107933e-01, inf, 4.8334e+01, 5.8754e-01, 
 1DIAGNOSTIC,     3, -4.344848990440e-01, inf, 4.8906e+01, 5.7282e-01, 
 1DIAGNOSTIC,     4, -4.345651566982e-01, inf, 4.9477e+01, 5.7103e-01, 
 1DIAGNOSTIC,     5, -4.339178800583e-01, inf, 5.0070e+01, 5.9267e-01, 
 1DIAGNOSTIC,     6, -4.329581260681e-01, inf, 5.0650e+01, 5.8013e-01, 
 1DIAGNOSTIC,     7, -4.319350719452e-01, inf, 5.1228e+01, 5.7772e-01, 
 1DIAGNOSTIC,     8, -4.310314655304e-01, inf, 5.1800e+01, 5.7250e-01, 
 1DIAGNOSTIC,     9, -4.298492372036e-01, inf, 5.2391e+01, 5.9047e-01, 
 1DIAGNOSTIC,    10, -4.284676313400e-01, -6.181134958751e-04, 5.2982e+01, 5.9087e-01, 
XXDIAGNOSTIC,Iteration,metricValue,convergenceValue,ITERATION_TIME_INDEX,SINCE_LAST
 1DIAGNOSTIC,     1, -3.649950921535e-01, inf, 6.3265e+01, 1.0284e+01, 
 1DIAGNOSTIC,     2, -3.658740222454e-01, inf, 6.5199e+01, 1.9331e+00, 
 1DIAGNOSTIC,     3, -3.664567470551e-01, inf, 6.6981e+01, 1.7823e+00, 
 1DIAGNOSTIC,     4, -3.665313124657e-01, inf, 6.8876e+01, 1.8947e+00, 
 1DIAGNOSTIC,     5, -3.665055632591e-01, inf, 7.0712e+01, 1.8365e+00, 
 1DIAGNOSTIC,     6, -3.664595484734e-01, inf, 7.2604e+01, 1.8917e+00, 
 1DIAGNOSTIC,     7, -3.662321567535e-01, inf, 7.4402e+01, 1.7978e+00, 
 1DIAGNOSTIC,     8, -3.659077584743e-01, inf, 7.6182e+01, 1.7803e+00, 
 1DIAGNOSTIC,     9, -3.656953275204e-01, inf, 7.8025e+01, 1.8436e+00, 
 1DIAGNOSTIC,    10, -3.653698861599e-01, -2.120471799572e-05, 7.9809e+01, 1.7831e+00, 
XXDIAGNOSTIC,Iteration,metricValue,convergenceValue,ITERATION_TIME_INDEX,SINCE_LAST
 1DIAGNOSTIC,     1, -3.094386458397e-01, inf, 1.0039e+02, 2.0586e+01, 
 1DIAGNOSTIC,     2, -3.102913498878e-01, inf, 1.1375e+02, 1.3359e+01, 
 1DIAGNOSTIC,     3, -3.111943304539e-01, inf, 1.2709e+02, 1.3333e+01, 
 1DIAGNOSTIC,     4, -3.120060563087e-01, inf, 1.4043e+02, 1.3340e+01, 
 1DIAGNOSTIC,     5, -3.127946257591e-01, inf, 1.5330e+02, 1.2877e+01, 
 1DIAGNOSTIC,     6, -3.135266900063e-01, inf, 1.6642e+02, 1.3114e+01, 
 1DIAGNOSTIC,     7, -3.142173290253e-01, inf, 1.7970e+02, 1.3283e+01, 
 1DIAGNOSTIC,     8, -3.148429989815e-01, inf, 1.9356e+02, 1.3854e+01, 
 1DIAGNOSTIC,     9, -3.153707981110e-01, inf, 2.0689e+02, 1.3335e+01, 
 1DIAGNOSTIC,    10, -3.158423304558e-01, 1.325110206380e-03, 2.2024e+02, 1.3353e+01, 
 1DIAGNOSTIC,    11, -3.162661194801e-01, 1.113749342039e-03, 2.3361e+02, 1.3371e+01, 
 1DIAGNOSTIC,    12, -3.166703581810e-01, 9.319119271822e-04, 2.4736e+02, 1.3742e+01, 
 1DIAGNOSTIC,    13, -3.169716596603e-01, 7.772223325446e-04, 2.6113e+02, 1.3772e+01, 
 1DIAGNOSTIC,    14, -3.172000646591e-01, 6.409245543182e-04, 2.7501e+02, 1.3881e+01, 
 1DIAGNOSTIC,    15, -3.174449205399e-01, 5.263642524369e-04, 2.8887e+02, 1.3865e+01, 
 1DIAGNOSTIC,    16, -3.176704049110e-01, 4.315266269259e-04, 3.0266e+02, 1.3790e+01, 
 1DIAGNOSTIC,    17, -3.179191946983e-01, 3.576260060072e-04, 3.1640e+02, 1.3733e+01, 
 1DIAGNOSTIC,    18, -3.181272149086e-01, 3.004448954016e-04, 3.3027e+02, 1.3872e+01, 
 1DIAGNOSTIC,    19, -3.183002173901e-01, 2.546142786741e-04, 3.4403e+02, 1.3760e+01, 
 1DIAGNOSTIC,    20, -3.184649348259e-01, 2.183006581618e-04, 3.5793e+02, 1.3904e+01, 
 1DIAGNOSTIC,    21, -3.185787796974e-01, 1.879782939795e-04, 3.7176e+02, 1.3823e+01, 
 1DIAGNOSTIC,    22, -3.186762332916e-01, 1.633238425711e-04, 3.8556e+02, 1.3807e+01, 
 1DIAGNOSTIC,    23, -3.188233375549e-01, 1.430987322237e-04, 3.9929e+02, 1.3729e+01, 
 1DIAGNOSTIC,    24, -3.189643025398e-01, 1.249300112249e-04, 4.1315e+02, 1.3863e+01, 
 1DIAGNOSTIC,    25, -3.190582096577e-01, 1.086502088583e-04, 4.2692e+02, 1.3771e+01, 
 1DIAGNOSTIC,    26, -3.191559612751e-01, 9.460396540817e-05, 4.4080e+02, 1.3871e+01, 
 1DIAGNOSTIC,    27, -3.192414939404e-01, 8.383962995140e-05, 4.5454e+02, 1.3744e+01, 
 1DIAGNOSTIC,    28, -3.193350434303e-01, 7.559920777567e-05, 4.6836e+02, 1.3820e+01, 
 1DIAGNOSTIC,    29, -3.194262683392e-01, 6.892871897435e-05, 4.8212e+02, 1.3763e+01, 
 1DIAGNOSTIC,    30, -3.194918036461e-01, 6.311991455732e-05, 4.9589e+02, 1.3765e+01, 
 1DIAGNOSTIC,    31, -3.195530772209e-01, 5.687938391929e-05, 5.0986e+02, 1.3976e+01, 
 1DIAGNOSTIC,    32, -3.196059465408e-01, 4.988393993699e-05, 5.2364e+02, 1.3777e+01, 
 1DIAGNOSTIC,    33, -3.196535110474e-01, 4.388446541270e-05, 5.3738e+02, 1.3741e+01, 
 1DIAGNOSTIC,    34, -3.196747899055e-01, 3.839567943942e-05, 5.5119e+02, 1.3804e+01, 
 1DIAGNOSTIC,    35, -3.197061419487e-01, 3.284622289357e-05, 5.6506e+02, 1.3875e+01, 
 1DIAGNOSTIC,    36, -3.197263777256e-01, 2.748057886492e-05, 5.7896e+02, 1.3896e+01, 
 1DIAGNOSTIC,    37, -3.197931349277e-01, 2.352569026698e-05, 5.9280e+02, 1.3844e+01, 
 1DIAGNOSTIC,    38, -3.198373317719e-01, 2.079888508888e-05, 6.0670e+02, 1.3902e+01, 
 1DIAGNOSTIC,    39, -3.198780417442e-01, 1.931771657837e-05, 6.2057e+02, 1.3863e+01, 
 1DIAGNOSTIC,    40, -3.199018537998e-01, 1.813542439777e-05, 6.3436e+02, 1.3796e+01, 
 1DIAGNOSTIC,    41, -3.199486732483e-01, 1.770125527401e-05, 6.4810e+02, 1.3741e+01, 
 1DIAGNOSTIC,    42, -3.199783563614e-01, 1.738222817949e-05, 6.6187e+02, 1.3769e+01, 
 1DIAGNOSTIC,    43, -3.199874758720e-01, 1.665091440373e-05, 6.7565e+02, 1.3775e+01, 
 1DIAGNOSTIC,    44, -3.199881315231e-01, 1.488623729529e-05, 6.8953e+02, 1.3879e+01, 
 1DIAGNOSTIC,    45, -3.200089335442e-01, 1.289948977501e-05, 7.0339e+02, 1.3862e+01, 
 1DIAGNOSTIC,    46, -3.199669122696e-01, 9.368345672556e-06, 7.1728e+02, 1.3888e+01, 
 1DIAGNOSTIC,    47, -3.199280500412e-01, 5.696364951291e-06, 7.3118e+02, 1.3908e+01, 
 1DIAGNOSTIC,    48, -3.199132084846e-01, 2.255640993098e-06, 7.4506e+02, 1.3881e+01, 
 1DIAGNOSTIC,    49, -3.198767006397e-01, -1.128047756538e-06, 7.5893e+02, 1.3866e+01, 
  Elapsed time (stage 2): 783


Total elapsed time: 917.3

--- Writing output images ---

Using double precision for computations.
Input scalar image: data/Segmentations/1101_3_seg.nii.gz
Reference image: data/template/T_template0_BrainCerebellum.nii.gz
=============================================================================
The composite transform comprises the following transforms (in order): 
  1. /tmp/1971707.1.basic.q/1101_ToTemplate_021_0GenericAffine.mat (type = AffineTransform)
  2. /tmp/1971707.1.basic.q/1101_ToTemplate_021_1Warp.nii.gz (type = DisplacementFieldTransform)
=============================================================================
Default pixel value: 0
Interpolation type: LabelImageGenericInterpolateImageFunction
Output warped image: output/1101/1101_WarpedLabels_021.nii.gz

--- Done ---

