
--- Running on compute-1-12.local ---


--- registration call ---
/data/jet/pcook/bin/antsBuild/bin/antsRegistrationSyNQuick.sh -d 3 -f data/template/T_template0_BrainCerebellum.nii.gz -m data/Brains/1101_3.nii.gz -t s -p f -n 1 -o /tmp/1971697.1.basic.q/1101_ToTemplate_011_
---


--------------------------------------------------------------------------------------
 Mapping parameters
--------------------------------------------------------------------------------------
 ANTSPATH is /data/jet/pcook/bin/antsBuild/bin/

 Dimensionality:           3
 Output name prefix:       /tmp/1971697.1.basic.q/1101_ToTemplate_011_
 Fixed images:             data/template/T_template0_BrainCerebellum.nii.gz
 Moving images:            data/Brains/1101_3.nii.gz
 Mask images:              
 Initial transforms:       
 Number of threads:        1
 Spline distance:          26
 Transform type:           s
 MI histogram bins:        32
 Precision:                f
 Use histogram matching    0
======================================================================================
 antsRegistration call:
--------------------------------------------------------------------------------------
/data/jet/pcook/bin/antsBuild/bin//antsRegistration --verbose 1 --dimensionality 3 --float 1 --collapse-output-transforms 1 --output [/tmp/1971697.1.basic.q/1101_ToTemplate_011_,/tmp/1971697.1.basic.q/1101_ToTemplate_011_Warped.nii.gz,/tmp/1971697.1.basic.q/1101_ToTemplate_011_InverseWarped.nii.gz] --interpolation Linear --use-histogram-matching 0 --winsorize-image-intensities [0.005,0.995] --initial-moving-transform [data/template/T_template0_BrainCerebellum.nii.gz,data/Brains/1101_3.nii.gz,1] --transform Rigid[0.1] --metric MI[data/template/T_template0_BrainCerebellum.nii.gz,data/Brains/1101_3.nii.gz,1,32,Regular,0.25] --convergence [1000x500x250x0,1e-6,10] --shrink-factors 12x8x4x2 --smoothing-sigmas 4x3x2x1vox --transform Affine[0.1] --metric MI[data/template/T_template0_BrainCerebellum.nii.gz,data/Brains/1101_3.nii.gz,1,32,Regular,0.25] --convergence [1000x500x250x0,1e-6,10] --shrink-factors 12x8x4x2 --smoothing-sigmas 4x3x2x1vox --transform SyN[0.1,3,0] --metric MI[data/template/T_template0_BrainCerebellum.nii.gz,data/Brains/1101_3.nii.gz,1,32] --convergence [100x100x70x50x0,1e-6,10] --shrink-factors 10x6x4x2x1 --smoothing-sigmas 5x3x2x1x0vox
--------------------------------------------------------------------------------------
All_Command_lines_OK
Using single precision for computations.
=============================================================================
The composite transform comprises the following transforms (in order): 
  1. Center of mass alignment using fixed image: data/template/T_template0_BrainCerebellum.nii.gz and moving image: data/Brains/1101_3.nii.gz (type = Euler3DTransform)
=============================================================================
  number of levels = 4
  number of levels = 4
  number of levels = 5
  fixed image: data/template/T_template0_BrainCerebellum.nii.gz
  moving image: data/Brains/1101_3.nii.gz
  fixed image: data/template/T_template0_BrainCerebellum.nii.gz
  moving image: data/Brains/1101_3.nii.gz
  fixed image: data/template/T_template0_BrainCerebellum.nii.gz
  moving image: data/Brains/1101_3.nii.gz
Dimension = 3
Number of stages = 3
Use Histogram Matching false
Winsorize image intensities true
Lower quantile = 0.005
Upper quantile = 0.995
Stage 1 State
   Image metric = Mattes
     Fixed image = Image (0x3d81420)
  RTTI typeinfo:   itk::Image<float, 3u>
  Reference Count: 2
  Modified Time: 1611
  Debug: Off
  Object Name: 
  Observers: 
    none
  Source: (none)
  Source output name: (none)
  Release Data: Off
  Data Released: False
  Global Release Data: Off
  PipelineMTime: 0
  UpdateMTime: 1422
  RealTimeStamp: 0 seconds 
  LargestPossibleRegion: 
    Dimension: 3
    Index: [0, 0, 0]
    Size: [216, 256, 291]
  BufferedRegion: 
    Dimension: 3
    Index: [0, 0, 0]
    Size: [216, 256, 291]
  RequestedRegion: 
    Dimension: 3
    Index: [0, 0, 0]
    Size: [216, 256, 291]
  Spacing: [1, 1, 1]
  Origin: [0, 293, 0]
  Direction: 
1 0 0
0 -0 -1
0 -1 -0

  IndexToPointMatrix: 
1 0 0
0 0 -1
0 -1 0

  PointToIndexMatrix: 
1 0 0
0 0 -1
0 -1 0

  Inverse Direction: 
1 0 0
0 0 -1
0 -1 0

  PixelContainer: 
    ImportImageContainer (0x3d667f0)
      RTTI typeinfo:   itk::ImportImageContainer<unsigned long, float>
      Reference Count: 1
      Modified Time: 1419
      Debug: Off
      Object Name: 
      Observers: 
        none
      Pointer: 0x7ff3e412b010
      Container manages memory: true
      Size: 16091136
      Capacity: 16091136

     Moving image = Image (0x3d81e60)
  RTTI typeinfo:   itk::Image<float, 3u>
  Reference Count: 2
  Modified Time: 1612
  Debug: Off
  Object Name: 
  Observers: 
    none
  Source: (none)
  Source output name: (none)
  Release Data: Off
  Data Released: False
  Global Release Data: Off
  PipelineMTime: 0
  UpdateMTime: 1609
  RealTimeStamp: 0 seconds 
  LargestPossibleRegion: 
    Dimension: 3
    Index: [0, 0, 0]
    Size: [256, 256, 307]
  BufferedRegion: 
    Dimension: 3
    Index: [0, 0, 0]
    Size: [256, 256, 307]
  RequestedRegion: 
    Dimension: 3
    Index: [0, 0, 0]
    Size: [256, 256, 307]
  Spacing: [1, 1, 1]
  Origin: [0, 306, 0]
  Direction: 
1 0 0
0 -0 -1
0 -1 -0

  IndexToPointMatrix: 
1 0 0
0 0 -1
0 -1 0

  PointToIndexMatrix: 
1 0 0
0 0 -1
0 -1 0

  Inverse Direction: 
1 0 0
0 0 -1
0 -1 0

  PixelContainer: 
    ImportImageContainer (0x3d842b0)
      RTTI typeinfo:   itk::ImportImageContainer<unsigned long, float>
      Reference Count: 1
      Modified Time: 1606
      Debug: Off
      Object Name: 
      Observers: 
        none
      Pointer: 0x7ff3df46a010
      Container manages memory: true
      Size: 20119552
      Capacity: 20119552

     Weighting = 1
     Sampling strategy = regular
     Number of bins = 32
     Radius = 4
     Sampling percentage  = 0.25
   Transform = Rigid
     Gradient step = 0.1
     Update field sigma (voxel space) = 0
     Total field sigma (voxel space) = 0
     Update field time sigma = 0
     Total field time sigma  = 0
     Number of time indices = 0
     Number of time point samples = 0
Stage 2 State
   Image metric = Mattes
     Fixed image = Image (0x3d8c6c0)
  RTTI typeinfo:   itk::Image<float, 3u>
  Reference Count: 2
  Modified Time: 1987
  Debug: Off
  Object Name: 
  Observers: 
    none
  Source: (none)
  Source output name: (none)
  Release Data: Off
  Data Released: False
  Global Release Data: Off
  PipelineMTime: 0
  UpdateMTime: 1798
  RealTimeStamp: 0 seconds 
  LargestPossibleRegion: 
    Dimension: 3
    Index: [0, 0, 0]
    Size: [216, 256, 291]
  BufferedRegion: 
    Dimension: 3
    Index: [0, 0, 0]
    Size: [216, 256, 291]
  RequestedRegion: 
    Dimension: 3
    Index: [0, 0, 0]
    Size: [216, 256, 291]
  Spacing: [1, 1, 1]
  Origin: [0, 293, 0]
  Direction: 
1 0 0
0 -0 -1
0 -1 -0

  IndexToPointMatrix: 
1 0 0
0 0 -1
0 -1 0

  PointToIndexMatrix: 
1 0 0
0 0 -1
0 -1 0

  Inverse Direction: 
1 0 0
0 0 -1
0 -1 0

  PixelContainer: 
    ImportImageContainer (0x3d8cf60)
      RTTI typeinfo:   itk::ImportImageContainer<unsigned long, float>
      Reference Count: 1
      Modified Time: 1795
      Debug: Off
      Object Name: 
      Observers: 
        none
      Pointer: 0x7ff3db707010
      Container manages memory: true
      Size: 16091136
      Capacity: 16091136

     Moving image = Image (0x3d8ca50)
  RTTI typeinfo:   itk::Image<float, 3u>
  Reference Count: 2
  Modified Time: 1988
  Debug: Off
  Object Name: 
  Observers: 
    none
  Source: (none)
  Source output name: (none)
  Release Data: Off
  Data Released: False
  Global Release Data: Off
  PipelineMTime: 0
  UpdateMTime: 1985
  RealTimeStamp: 0 seconds 
  LargestPossibleRegion: 
    Dimension: 3
    Index: [0, 0, 0]
    Size: [256, 256, 307]
  BufferedRegion: 
    Dimension: 3
    Index: [0, 0, 0]
    Size: [256, 256, 307]
  RequestedRegion: 
    Dimension: 3
    Index: [0, 0, 0]
    Size: [256, 256, 307]
  Spacing: [1, 1, 1]
  Origin: [0, 306, 0]
  Direction: 
1 0 0
0 -0 -1
0 -1 -0

  IndexToPointMatrix: 
1 0 0
0 0 -1
0 -1 0

  PointToIndexMatrix: 
1 0 0
0 0 -1
0 -1 0

  Inverse Direction: 
1 0 0
0 0 -1
0 -1 0

  PixelContainer: 
    ImportImageContainer (0x3d8d950)
      RTTI typeinfo:   itk::ImportImageContainer<unsigned long, float>
      Reference Count: 1
      Modified Time: 1982
      Debug: Off
      Object Name: 
      Observers: 
        none
      Pointer: 0x7ff3d6a46010
      Container manages memory: true
      Size: 20119552
      Capacity: 20119552

     Weighting = 1
     Sampling strategy = regular
     Number of bins = 32
     Radius = 4
     Sampling percentage  = 0.25
   Transform = Affine
     Gradient step = 0.1
     Update field sigma (voxel space) = 0
     Total field sigma (voxel space) = 0
     Update field time sigma = 0
     Total field time sigma  = 0
     Number of time indices = 0
     Number of time point samples = 0
Stage 3 State
   Image metric = Mattes
     Fixed image = Image (0x3d937b0)
  RTTI typeinfo:   itk::Image<float, 3u>
  Reference Count: 2
  Modified Time: 2363
  Debug: Off
  Object Name: 
  Observers: 
    none
  Source: (none)
  Source output name: (none)
  Release Data: Off
  Data Released: False
  Global Release Data: Off
  PipelineMTime: 0
  UpdateMTime: 2174
  RealTimeStamp: 0 seconds 
  LargestPossibleRegion: 
    Dimension: 3
    Index: [0, 0, 0]
    Size: [216, 256, 291]
  BufferedRegion: 
    Dimension: 3
    Index: [0, 0, 0]
    Size: [216, 256, 291]
  RequestedRegion: 
    Dimension: 3
    Index: [0, 0, 0]
    Size: [216, 256, 291]
  Spacing: [1, 1, 1]
  Origin: [0, 293, 0]
  Direction: 
1 0 0
0 -0 -1
0 -1 -0

  IndexToPointMatrix: 
1 0 0
0 0 -1
0 -1 0

  PointToIndexMatrix: 
1 0 0
0 0 -1
0 -1 0

  Inverse Direction: 
1 0 0
0 0 -1
0 -1 0

  PixelContainer: 
    ImportImageContainer (0x3d93a40)
      RTTI typeinfo:   itk::ImportImageContainer<unsigned long, float>
      Reference Count: 1
      Modified Time: 2171
      Debug: Off
      Object Name: 
      Observers: 
        none
      Pointer: 0x7ff3d2ce3010
      Container manages memory: true
      Size: 16091136
      Capacity: 16091136

     Moving image = Image (0x3d961b0)
  RTTI typeinfo:   itk::Image<float, 3u>
  Reference Count: 2
  Modified Time: 2364
  Debug: Off
  Object Name: 
  Observers: 
    none
  Source: (none)
  Source output name: (none)
  Release Data: Off
  Data Released: False
  Global Release Data: Off
  PipelineMTime: 0
  UpdateMTime: 2361
  RealTimeStamp: 0 seconds 
  LargestPossibleRegion: 
    Dimension: 3
    Index: [0, 0, 0]
    Size: [256, 256, 307]
  BufferedRegion: 
    Dimension: 3
    Index: [0, 0, 0]
    Size: [256, 256, 307]
  RequestedRegion: 
    Dimension: 3
    Index: [0, 0, 0]
    Size: [256, 256, 307]
  Spacing: [1, 1, 1]
  Origin: [0, 306, 0]
  Direction: 
1 0 0
0 -0 -1
0 -1 -0

  IndexToPointMatrix: 
1 0 0
0 0 -1
0 -1 0

  PointToIndexMatrix: 
1 0 0
0 0 -1
0 -1 0

  Inverse Direction: 
1 0 0
0 0 -1
0 -1 0

  PixelContainer: 
    ImportImageContainer (0x3d93aa0)
      RTTI typeinfo:   itk::ImportImageContainer<unsigned long, float>
      Reference Count: 1
      Modified Time: 2358
      Debug: Off
      Object Name: 
      Observers: 
        none
      Pointer: 0x7ff3ce022010
      Container manages memory: true
      Size: 20119552
      Capacity: 20119552

     Weighting = 1
     Sampling strategy = none
     Number of bins = 32
     Radius = 4
     Sampling percentage  = 1
   Transform = SyN
     Gradient step = 0.1
     Update field sigma (voxel space) = 3
     Total field sigma (voxel space) = 0
     Update field time sigma = 0
     Total field time sigma  = 0
     Number of time indices = 0
     Number of time point samples = 0
Registration using 3 total stages.

Stage 0
  iterations = 1000x500x250x0
  convergence threshold = 1e-06
  convergence window size = 10
  number of levels = 4
  using the Mattes MI metric (number of bins = 32, weight = 1)
  preprocessing:  winsorizing the image intensities
  Shrink factors (level 1 out of 4): [12, 12, 12]
  Shrink factors (level 2 out of 4): [8, 8, 8]
  Shrink factors (level 3 out of 4): [4, 4, 4]
  Shrink factors (level 4 out of 4): [2, 2, 2]
  smoothing sigmas per level: [4, 3, 2, 1]
  regular sampling (percentage = 0.25)

*** Running Euler3DTransform registration ***

DIAGNOSTIC,Iteration,metricValue,convergenceValue,ITERATION_TIME_INDEX,SINCE_LAST
 2DIAGNOSTIC,     1, -4.868361055851e-01, inf, 1.8488e+01, 1.8488e+01, 
 2DIAGNOSTIC,     2, -4.876185059547e-01, inf, 1.8498e+01, 1.0199e-02, 
 2DIAGNOSTIC,     3, -4.889254271984e-01, inf, 1.8508e+01, 1.0050e-02, 
 2DIAGNOSTIC,     4, -4.915395677090e-01, inf, 1.8518e+01, 1.0103e-02, 
 2DIAGNOSTIC,     5, -4.950545430183e-01, inf, 1.8532e+01, 1.3471e-02, 
 2DIAGNOSTIC,     6, -4.964608848095e-01, inf, 1.8546e+01, 1.4831e-02, 
 2DIAGNOSTIC,     7, -4.969096183777e-01, inf, 1.8558e+01, 1.1542e-02, 
 2DIAGNOSTIC,     8, -4.970925450325e-01, inf, 1.8569e+01, 1.1505e-02, 
 2DIAGNOSTIC,     9, -4.969950616360e-01, inf, 1.8579e+01, 9.9311e-03, 
 2DIAGNOSTIC,    10, -4.973894953728e-01, 1.570772146806e-03, 1.8590e+01, 1.0634e-02, 
 2DIAGNOSTIC,    11, -4.979520142078e-01, 1.184347202070e-03, 1.8601e+01, 1.0539e-02, 
 2DIAGNOSTIC,    12, -4.984914660454e-01, 8.214152767323e-04, 1.8614e+01, 1.3768e-02, 
 2DIAGNOSTIC,    13, -4.995580315590e-01, 5.449836025946e-04, 1.8631e+01, 1.6923e-02, 
 2DIAGNOSTIC,    14, -4.995540082455e-01, 3.624331147876e-04, 1.8642e+01, 1.0492e-02, 
 2DIAGNOSTIC,    15, -4.991616904736e-01, 2.903244458139e-04, 1.8652e+01, 1.0553e-02, 
 2DIAGNOSTIC,    16, -4.995583891869e-01, 2.656164870132e-04, 1.8663e+01, 1.0475e-02, 
 2DIAGNOSTIC,    17, -5.002937912941e-01, 2.584279282019e-04, 1.8681e+01, 1.8360e-02, 
 2DIAGNOSTIC,    18, -5.003535151482e-01, 2.352534356760e-04, 1.8693e+01, 1.2005e-02, 
 2DIAGNOSTIC,    19, -5.002080202103e-01, 1.860574993771e-04, 1.8704e+01, 1.0445e-02, 
 2DIAGNOSTIC,    20, -5.000654459000e-01, 1.327546051471e-04, 1.8714e+01, 1.0447e-02, 
 2DIAGNOSTIC,    21, -5.001088380814e-01, 8.865870768204e-05, 1.8724e+01, 1.0417e-02, 
 2DIAGNOSTIC,    22, -4.999977648258e-01, 5.013568079448e-05, 1.8735e+01, 1.0423e-02, 
 2DIAGNOSTIC,    23, -5.004574060440e-01, 4.837647065870e-05, 1.8745e+01, 1.0447e-02, 
 2DIAGNOSTIC,    24, -5.005870461464e-01, 4.575901402859e-05, 1.8761e+01, 1.5168e-02, 
 2DIAGNOSTIC,    25, -5.004479289055e-01, 2.706188934098e-05, 1.8771e+01, 1.0443e-02, 
 2DIAGNOSTIC,    26, -5.003318190575e-01, 1.334584158030e-05, 1.8781e+01, 1.0449e-02, 
 2DIAGNOSTIC,    27, -5.003809928894e-01, 1.606774094398e-05, 1.8795e+01, 1.3593e-02, 
 2DIAGNOSTIC,    28, -5.004210472107e-01, 1.902738949866e-05, 1.8807e+01, 1.2020e-02, 
 2DIAGNOSTIC,    29, -5.004540085793e-01, 1.781725040928e-05, 1.8819e+01, 1.1993e-02, 
 2DIAGNOSTIC,    30, -5.004897713661e-01, 1.321893887507e-05, 1.8829e+01, 1.0437e-02, 
 2DIAGNOSTIC,    31, -5.003309249878e-01, 5.885266546102e-06, 1.8840e+01, 1.0440e-02, 
DIAGNOSTIC,Iteration,metricValue,convergenceValue,ITERATION_TIME_INDEX,SINCE_LAST
 2DIAGNOSTIC,     1, -4.180996716022e-01, inf, 3.2691e+01, 1.3851e+01, 
 2DIAGNOSTIC,     2, -4.184842109680e-01, inf, 3.2745e+01, 5.3778e-02, 
 2DIAGNOSTIC,     3, -4.189304411411e-01, inf, 3.2798e+01, 5.3667e-02, 
 2DIAGNOSTIC,     4, -4.193005561829e-01, inf, 3.2852e+01, 5.3844e-02, 
 2DIAGNOSTIC,     5, -4.198139905930e-01, inf, 3.2906e+01, 5.3821e-02, 
 2DIAGNOSTIC,     6, -4.206018745899e-01, inf, 3.2960e+01, 5.3966e-02, 
 2DIAGNOSTIC,     7, -4.210424423218e-01, inf, 3.3024e+01, 6.3796e-02, 
 2DIAGNOSTIC,     8, -4.217738807201e-01, inf, 3.3119e+01, 9.5689e-02, 
 2DIAGNOSTIC,     9, -4.218454360962e-01, inf, 3.3185e+01, 6.5967e-02, 
 2DIAGNOSTIC,    10, -4.223313927650e-01, 6.868145428598e-04, 3.3250e+01, 6.4159e-02, 
 2DIAGNOSTIC,    11, -4.223896265030e-01, 5.960050038993e-04, 3.3304e+01, 5.4121e-02, 
 2DIAGNOSTIC,    12, -4.226189553738e-01, 5.013448535465e-04, 3.3358e+01, 5.4110e-02, 
 2DIAGNOSTIC,    13, -4.229200184345e-01, 4.149118030909e-04, 3.3422e+01, 6.3959e-02, 
 2DIAGNOSTIC,    14, -4.229924678802e-01, 3.243545943405e-04, 3.3476e+01, 5.4101e-02, 
 2DIAGNOSTIC,    15, -4.233408272266e-01, 2.549031923991e-04, 3.3540e+01, 6.3817e-02, 
 2DIAGNOSTIC,    16, -4.239337742329e-01, 2.287683746545e-04, 3.3594e+01, 5.3955e-02, 
 2DIAGNOSTIC,    17, -4.245126247406e-01, 2.241287584184e-04, 3.3667e+01, 7.3749e-02, 
 2DIAGNOSTIC,    18, -4.250830113888e-01, 2.480220573489e-04, 3.3721e+01, 5.3816e-02, 
 2DIAGNOSTIC,    19, -4.255768358707e-01, 2.661477774382e-04, 3.3795e+01, 7.3346e-02, 
 2DIAGNOSTIC,    20, -4.256531596184e-01, 2.768042904790e-04, 3.3858e+01, 6.3509e-02, 
 2DIAGNOSTIC,    21, -4.258047342300e-01, 2.674608840607e-04, 3.3931e+01, 7.3258e-02, 
 2DIAGNOSTIC,    22, -4.258197546005e-01, 2.412715839455e-04, 3.3985e+01, 5.3749e-02, 
 2DIAGNOSTIC,    23, -4.258692562580e-01, 2.052209456451e-04, 3.4088e+01, 1.0245e-01, 
 2DIAGNOSTIC,    24, -4.258585274220e-01, 1.547440915601e-04, 3.4141e+01, 5.3852e-02, 
 2DIAGNOSTIC,    25, -4.257722496986e-01, 1.008923572954e-04, 3.4205e+01, 6.3597e-02, 
 2DIAGNOSTIC,    26, -4.258108735085e-01, 5.813148891320e-05, 3.4269e+01, 6.3579e-02, 
 2DIAGNOSTIC,    27, -4.257867634296e-01, 2.669351124496e-05, 3.4322e+01, 5.3762e-02, 
 2DIAGNOSTIC,    28, -4.257600307465e-01, 7.866517989896e-06, 3.4376e+01, 5.3846e-02, 
DIAGNOSTIC,Iteration,metricValue,convergenceValue,ITERATION_TIME_INDEX,SINCE_LAST
 2DIAGNOSTIC,     1, -3.579250574112e-01, inf, 4.3432e+01, 9.0557e+00, 
 2DIAGNOSTIC,     2, -3.581794202328e-01, inf, 4.3853e+01, 4.2121e-01, 
 2DIAGNOSTIC,     3, -3.583732545376e-01, inf, 4.4274e+01, 4.2079e-01, 
 2DIAGNOSTIC,     4, -3.585125505924e-01, inf, 4.4695e+01, 4.2083e-01, 
 2DIAGNOSTIC,     5, -3.588236570358e-01, inf, 4.5116e+01, 4.2167e-01, 
 2DIAGNOSTIC,     6, -3.591507077217e-01, inf, 4.5621e+01, 5.0506e-01, 
 2DIAGNOSTIC,     7, -3.594838082790e-01, inf, 4.6461e+01, 8.3912e-01, 
 2DIAGNOSTIC,     8, -3.595232665539e-01, inf, 4.7211e+01, 7.5037e-01, 
 2DIAGNOSTIC,     9, -3.595217466354e-01, inf, 4.7797e+01, 5.8588e-01, 
 2DIAGNOSTIC,    10, -3.595209419727e-01, 3.265446866862e-04, 4.8303e+01, 5.0637e-01, 
 2DIAGNOSTIC,    11, -3.595188558102e-01, 2.499455877114e-04, 4.8807e+01, 5.0385e-01, 
 2DIAGNOSTIC,    12, -3.595162034035e-01, 1.802076731110e-04, 4.9311e+01, 5.0367e-01, 
 2DIAGNOSTIC,    13, -3.595088720322e-01, 1.167354057543e-04, 4.9733e+01, 4.2191e-01, 
 2DIAGNOSTIC,    14, -3.595029115677e-01, 5.952751962468e-05, 5.0236e+01, 5.0387e-01, 
 2DIAGNOSTIC,    15, -3.595050871372e-01, 2.101349855366e-05, 5.0661e+01, 4.2467e-01, 
 2DIAGNOSTIC,    16, -3.595044612885e-01, 1.271748374165e-06, 5.1169e+01, 5.0751e-01, 
DIAGNOSTIC,Iteration,metricValue,convergenceValue,ITERATION_TIME_INDEX,SINCE_LAST
 2DIAGNOSTIC,     1, -3.096158206463e-01, inf, 5.9694e+01, 8.5256e+00, 
  Elapsed time (stage 0): 6.1536e+01


Stage 1
  iterations = 1000x500x250x0
  convergence threshold = 1.0000e-06
  convergence window size = 10
  number of levels = 4
  using the Mattes MI metric (number of bins = 32, weight = 1.0000e+00)
  preprocessing:  winsorizing the image intensities
  Shrink factors (level 1 out of 4): [12, 12, 12]
  Shrink factors (level 2 out of 4): [8, 8, 8]
  Shrink factors (level 3 out of 4): [4, 4, 4]
  Shrink factors (level 4 out of 4): [2, 2, 2]
  smoothing sigmas per level: [4, 3, 2, 1]
  regular sampling (percentage = 2.5000e-01)

*** Running AffineTransform registration ***

DIAGNOSTIC,Iteration,metricValue,convergenceValue,ITERATION_TIME_INDEX,SINCE_LAST
 2DIAGNOSTIC,     1, -4.955949783325e-01, inf, 1.8545e+01, 1.8545e+01, 
 2DIAGNOSTIC,     2, -4.965080618858e-01, inf, 1.8558e+01, 1.3876e-02, 
 2DIAGNOSTIC,     3, -4.977409839630e-01, inf, 1.8572e+01, 1.3608e-02, 
 2DIAGNOSTIC,     4, -4.993914365768e-01, inf, 1.8586e+01, 1.3662e-02, 
 2DIAGNOSTIC,     5, -5.010150671005e-01, inf, 1.8599e+01, 1.3557e-02, 
 2DIAGNOSTIC,     6, -5.044362545013e-01, inf, 1.8617e+01, 1.7662e-02, 
 2DIAGNOSTIC,     7, -5.056920647621e-01, inf, 1.8633e+01, 1.5557e-02, 
 2DIAGNOSTIC,     8, -5.081800818443e-01, inf, 1.8648e+01, 1.5527e-02, 
 2DIAGNOSTIC,     9, -5.088447928429e-01, inf, 1.8663e+01, 1.5254e-02, 
 2DIAGNOSTIC,    10, -5.088994503021e-01, 1.977624837309e-03, 1.8679e+01, 1.5819e-02, 
 2DIAGNOSTIC,    11, -5.089115500450e-01, 1.663487055339e-03, 1.8695e+01, 1.6004e-02, 
 2DIAGNOSTIC,    12, -5.088744163513e-01, 1.293695881031e-03, 1.8709e+01, 1.4203e-02, 
 2DIAGNOSTIC,    13, -5.095976591110e-01, 9.487721254118e-04, 1.8727e+01, 1.7750e-02, 
 2DIAGNOSTIC,    14, -5.098420977592e-01, 6.428904598579e-04, 1.8743e+01, 1.5991e-02, 
 2DIAGNOSTIC,    15, -5.097360014915e-01, 3.750266332645e-04, 1.8757e+01, 1.4172e-02, 
 2DIAGNOSTIC,    16, -5.099552273750e-01, 2.355540782446e-04, 1.8773e+01, 1.5980e-02, 
 2DIAGNOSTIC,    17, -5.101377367973e-01, 1.364599738736e-04, 1.8789e+01, 1.6050e-02, 
 2DIAGNOSTIC,    18, -5.104365944862e-01, 1.219397963723e-04, 1.8805e+01, 1.6014e-02, 
 2DIAGNOSTIC,    19, -5.104459524155e-01, 1.174261342385e-04, 1.8820e+01, 1.4308e-02, 
 2DIAGNOSTIC,    20, -5.118616819382e-01, 1.443579240004e-04, 1.8834e+01, 1.4315e-02, 
 2DIAGNOSTIC,    21, -5.129839777946e-01, 1.850059052231e-04, 1.8848e+01, 1.4354e-02, 
 2DIAGNOSTIC,    22, -5.147157311440e-01, 2.469350583851e-04, 1.8865e+01, 1.6241e-02, 
 2DIAGNOSTIC,    23, -5.157859921455e-01, 3.235324402340e-04, 1.8881e+01, 1.6249e-02, 
 2DIAGNOSTIC,    24, -5.170087814331e-01, 3.978971799370e-04, 1.8900e+01, 1.9631e-02, 
 2DIAGNOSTIC,    25, -5.178400874138e-01, 4.447192477528e-04, 1.8920e+01, 1.9545e-02, 
 2DIAGNOSTIC,    26, -5.178951621056e-01, 4.515800683293e-04, 1.8934e+01, 1.4360e-02, 
 2DIAGNOSTIC,    27, -5.177719593048e-01, 4.168796003796e-04, 1.8949e+01, 1.4249e-02, 
 2DIAGNOSTIC,    28, -5.176851153374e-01, 3.502163453959e-04, 1.8964e+01, 1.5908e-02, 
 2DIAGNOSTIC,    29, -5.176292061806e-01, 2.539075503591e-04, 1.8980e+01, 1.6020e-02, 
 2DIAGNOSTIC,    30, -5.178025960922e-01, 1.694963139016e-04, 1.8995e+01, 1.4345e-02, 
 2DIAGNOSTIC,    31, -5.182666778564e-01, 1.026984391501e-04, 1.9009e+01, 1.4418e-02, 
 2DIAGNOSTIC,    32, -5.192426443100e-01, 7.741977606202e-05, 1.9024e+01, 1.4394e-02, 
 2DIAGNOSTIC,    33, -5.213104486465e-01, 9.867182234302e-05, 1.9038e+01, 1.4411e-02, 
 2DIAGNOSTIC,    34, -5.240963697433e-01, 1.738748978823e-04, 1.9058e+01, 1.9576e-02, 
 2DIAGNOSTIC,    35, -5.242611169815e-01, 2.433087938698e-04, 1.9074e+01, 1.5967e-02, 
 2DIAGNOSTIC,    36, -5.243324637413e-01, 2.885079884436e-04, 1.9095e+01, 2.1394e-02, 
 2DIAGNOSTIC,    37, -5.246333479881e-01, 3.068720980082e-04, 1.9109e+01, 1.4320e-02, 
 2DIAGNOSTIC,    38, -5.258949995041e-01, 3.116218431387e-04, 1.9123e+01, 1.4146e-02, 
 2DIAGNOSTIC,    39, -5.275392532349e-01, 3.080706519540e-04, 1.9138e+01, 1.4250e-02, 
 2DIAGNOSTIC,    40, -5.281082391739e-01, 2.855764469132e-04, 1.9152e+01, 1.3950e-02, 
 2DIAGNOSTIC,    41, -5.282636284828e-01, 2.462707925588e-04, 1.9166e+01, 1.4067e-02, 
 2DIAGNOSTIC,    42, -5.284627676010e-01, 2.008827868849e-04, 1.9180e+01, 1.4173e-02, 
 2DIAGNOSTIC,    43, -5.300540924072e-01, 1.842831843533e-04, 1.9201e+01, 2.0916e-02, 
 2DIAGNOSTIC,    44, -5.300730466843e-01, 1.851976412581e-04, 1.9215e+01, 1.4154e-02, 
 2DIAGNOSTIC,    45, -5.301024317741e-01, 1.711599907139e-04, 1.9229e+01, 1.4137e-02, 
 2DIAGNOSTIC,    46, -5.301482081413e-01, 1.434936420992e-04, 1.9243e+01, 1.4135e-02, 
 2DIAGNOSTIC,    47, -5.305869579315e-01, 1.118401560234e-04, 1.9259e+01, 1.5717e-02, 
 2DIAGNOSTIC,    48, -5.308230519295e-01, 8.720600453671e-05, 1.9280e+01, 2.0792e-02, 
 2DIAGNOSTIC,    49, -5.308374762535e-01, 7.374647975666e-05, 1.9294e+01, 1.4083e-02, 
 2DIAGNOSTIC,    50, -5.308500528336e-01, 6.059773659217e-05, 1.9308e+01, 1.4057e-02, 
 2DIAGNOSTIC,    51, -5.308693647385e-01, 4.427737439983e-05, 1.9322e+01, 1.3953e-02, 
 2DIAGNOSTIC,    52, -5.308954119682e-01, 2.623102409416e-05, 1.9341e+01, 1.9212e-02, 
 2DIAGNOSTIC,    53, -5.309056043625e-01, 2.296872844454e-05, 1.9355e+01, 1.4060e-02, 
 2DIAGNOSTIC,    54, -5.309240818024e-01, 1.812720256567e-05, 1.9371e+01, 1.5612e-02, 
 2DIAGNOSTIC,    55, -5.313239693642e-01, 1.614158463781e-05, 1.9390e+01, 1.8995e-02, 
 2DIAGNOSTIC,    56, -5.311367511749e-01, 1.114457154472e-05, 1.9404e+01, 1.4053e-02, 
 2DIAGNOSTIC,    57, -5.311427712440e-01, 9.624573067413e-06, 1.9418e+01, 1.4110e-02, 
 2DIAGNOSTIC,    58, -5.313470363617e-01, 1.148497995018e-05, 1.9432e+01, 1.4051e-02, 
 2DIAGNOSTIC,    59, -5.313606858253e-01, 1.239516132046e-05, 1.9446e+01, 1.3902e-02, 
 2DIAGNOSTIC,    60, -5.313851237297e-01, 1.243677252205e-05, 1.9465e+01, 1.9034e-02, 
 2DIAGNOSTIC,    61, -5.313873291016e-01, 1.156297457783e-05, 1.9479e+01, 1.4241e-02, 
 2DIAGNOSTIC,    62, -5.313996076584e-01, 1.005467038340e-05, 1.9500e+01, 2.0817e-02, 
 2DIAGNOSTIC,    63, -5.314008593559e-01, 7.758500942145e-06, 1.9516e+01, 1.5705e-02, 
 2DIAGNOSTIC,    64, -5.314009189606e-01, 4.872492809227e-06, 1.9531e+01, 1.5754e-02, 
 2DIAGNOSTIC,    65, -5.314017534256e-01, 5.098218480271e-06, 1.9545e+01, 1.3710e-02, 
 2DIAGNOSTIC,    66, -5.314034819603e-01, 3.357890591360e-06, 1.9559e+01, 1.3717e-02, 
 2DIAGNOSTIC,    67, -5.314049720764e-01, 1.410549430148e-06, 1.9572e+01, 1.3653e-02, 
 2DIAGNOSTIC,    68, -5.314099192619e-01, 1.111374331231e-06, 1.9586e+01, 1.3705e-02, 
DIAGNOSTIC,Iteration,metricValue,convergenceValue,ITERATION_TIME_INDEX,SINCE_LAST
 2DIAGNOSTIC,     1, -4.589856564999e-01, inf, 3.3561e+01, 1.3974e+01, 
 2DIAGNOSTIC,     2, -4.601958096027e-01, inf, 3.3624e+01, 6.3889e-02, 
 2DIAGNOSTIC,     3, -4.617827236652e-01, inf, 3.3689e+01, 6.4253e-02, 
 2DIAGNOSTIC,     4, -4.635718166828e-01, inf, 3.3755e+01, 6.6774e-02, 
 2DIAGNOSTIC,     5, -4.657120108604e-01, inf, 3.3820e+01, 6.4767e-02, 
 2DIAGNOSTIC,     6, -4.671495556831e-01, inf, 3.3884e+01, 6.4094e-02, 
 2DIAGNOSTIC,     7, -4.691568017006e-01, inf, 3.3948e+01, 6.3902e-02, 
 2DIAGNOSTIC,     8, -4.708000421524e-01, inf, 3.4062e+01, 1.1355e-01, 
 2DIAGNOSTIC,     9, -4.710935056210e-01, inf, 3.4125e+01, 6.3624e-02, 
 2DIAGNOSTIC,    10, -4.713498950005e-01, 1.897632027976e-03, 3.4190e+01, 6.4439e-02, 
 2DIAGNOSTIC,    11, -4.717531800270e-01, 1.548324013129e-03, 3.4254e+01, 6.4246e-02, 
 2DIAGNOSTIC,    12, -4.723897278309e-01, 1.210991409607e-03, 3.4329e+01, 7.4968e-02, 
 2DIAGNOSTIC,    13, -4.735743403435e-01, 9.443272720091e-04, 3.4443e+01, 1.1365e-01, 
 2DIAGNOSTIC,    14, -4.738611876965e-01, 7.189122261479e-04, 3.4517e+01, 7.3985e-02, 
 2DIAGNOSTIC,    15, -4.738949239254e-01, 5.472630145960e-04, 3.4581e+01, 6.4002e-02, 
 2DIAGNOSTIC,    16, -4.739952385426e-01, 4.048256669194e-04, 3.4654e+01, 7.3829e-02, 
 2DIAGNOSTIC,    17, -4.740234911442e-01, 3.128978423774e-04, 3.4718e+01, 6.3998e-02, 
 2DIAGNOSTIC,    18, -4.740707874298e-01, 2.587347989902e-04, 3.4783e+01, 6.4059e-02, 
 2DIAGNOSTIC,    19, -4.742499589920e-01, 2.015536592808e-04, 3.4856e+01, 7.3946e-02, 
 2DIAGNOSTIC,    20, -4.745167195797e-01, 1.476835896028e-04, 3.4921e+01, 6.4136e-02, 
 2DIAGNOSTIC,    21, -4.746976792812e-01, 1.020411946229e-04, 3.4985e+01, 6.4332e-02, 
 2DIAGNOSTIC,    22, -4.753212034702e-01, 8.499222167302e-05, 3.5068e+01, 8.2865e-02, 
 2DIAGNOSTIC,    23, -4.754312336445e-01, 9.512925316812e-05, 3.5141e+01, 7.3174e-02, 
 2DIAGNOSTIC,    24, -4.757668972015e-01, 1.113837715820e-04, 3.5224e+01, 8.3006e-02, 
 2DIAGNOSTIC,    25, -4.763663113117e-01, 1.311344967689e-04, 3.5297e+01, 7.2822e-02, 
 2DIAGNOSTIC,    26, -4.763983488083e-01, 1.398634776706e-04, 3.5360e+01, 6.3170e-02, 
 2DIAGNOSTIC,    27, -4.765080213547e-01, 1.380843459629e-04, 3.5423e+01, 6.3211e-02, 
 2DIAGNOSTIC,    28, -4.766193032265e-01, 1.269945933018e-04, 3.5496e+01, 7.2929e-02, 
 2DIAGNOSTIC,    29, -4.766601324081e-01, 1.092638267437e-04, 3.5560e+01, 6.3463e-02, 
 2DIAGNOSTIC,    30, -4.767636060715e-01, 8.982761937659e-05, 3.5662e+01, 1.0274e-01, 
 2DIAGNOSTIC,    31, -4.768356084824e-01, 6.788142491132e-05, 3.5736e+01, 7.3222e-02, 
 2DIAGNOSTIC,    32, -4.768083691597e-01, 5.235681601334e-05, 3.5798e+01, 6.2935e-02, 
 2DIAGNOSTIC,    33, -4.768316447735e-01, 3.532513073878e-05, 3.5871e+01, 7.2824e-02, 
 2DIAGNOSTIC,    34, -4.768492579460e-01, 2.200545168307e-05, 3.5944e+01, 7.2961e-02, 
 2DIAGNOSTIC,    35, -4.768119156361e-01, 1.710018841550e-05, 3.6017e+01, 7.3002e-02, 
 2DIAGNOSTIC,    36, -4.767266511917e-01, 1.002601311484e-05, 3.6090e+01, 7.2745e-02, 
 2DIAGNOSTIC,    37, -4.767507612705e-01, 4.663789695769e-06, 3.6164e+01, 7.3932e-02, 
DIAGNOSTIC,Iteration,metricValue,convergenceValue,ITERATION_TIME_INDEX,SINCE_LAST
 2DIAGNOSTIC,     1, -3.921639621258e-01, inf, 4.5272e+01, 9.1082e+00, 
 2DIAGNOSTIC,     2, -3.923588395119e-01, inf, 4.5781e+01, 5.0918e-01, 
 2DIAGNOSTIC,     3, -3.925597071648e-01, inf, 4.6293e+01, 5.1152e-01, 
 2DIAGNOSTIC,     4, -3.926880955696e-01, inf, 4.6811e+01, 5.1813e-01, 
 2DIAGNOSTIC,     5, -3.929482698441e-01, inf, 4.7320e+01, 5.0906e-01, 
 2DIAGNOSTIC,     6, -3.933536708355e-01, inf, 4.8340e+01, 1.0203e+00, 
 2DIAGNOSTIC,     7, -3.934011757374e-01, inf, 4.8845e+01, 5.0513e-01, 
 2DIAGNOSTIC,     8, -3.934319913387e-01, inf, 4.9438e+01, 5.9244e-01, 
 2DIAGNOSTIC,     9, -3.934357762337e-01, inf, 4.9944e+01, 5.0655e-01, 
 2DIAGNOSTIC,    10, -3.934844732285e-01, 2.399363875156e-04, 5.0452e+01, 5.0788e-01, 
 2DIAGNOSTIC,    11, -3.935636878014e-01, 1.850754051702e-04, 5.0957e+01, 5.0426e-01, 
 2DIAGNOSTIC,    12, -3.936772942543e-01, 1.413766876794e-04, 5.1459e+01, 5.0238e-01, 
 2DIAGNOSTIC,    13, -3.938976228237e-01, 1.155178761110e-04, 5.2220e+01, 7.6105e-01, 
 2DIAGNOSTIC,    14, -3.939006626606e-01, 8.957718819147e-05, 5.2807e+01, 5.8672e-01, 
 2DIAGNOSTIC,    15, -3.939771652222e-01, 7.500204810640e-05, 5.3393e+01, 5.8659e-01, 
 2DIAGNOSTIC,    16, -3.942361772060e-01, 8.550848724553e-05, 5.4317e+01, 9.2339e-01, 
 2DIAGNOSTIC,    17, -3.942404985428e-01, 8.888634329196e-05, 5.5076e+01, 7.5931e-01, 
 2DIAGNOSTIC,    18, -3.942404687405e-01, 8.516104571754e-05, 5.5752e+01, 6.7646e-01, 
 2DIAGNOSTIC,    19, -3.942403793335e-01, 7.441421621479e-05, 5.6342e+01, 5.8923e-01, 
 2DIAGNOSTIC,    20, -3.942380547523e-01, 5.967797915218e-05, 5.7016e+01, 6.7452e-01, 
 2DIAGNOSTIC,    21, -3.942342698574e-01, 4.335382982390e-05, 5.7607e+01, 5.9108e-01, 
 2DIAGNOSTIC,    22, -3.942247927189e-01, 2.783128729789e-05, 5.8110e+01, 5.0227e-01, 
 2DIAGNOSTIC,    23, -3.942210078239e-01, 1.815508767322e-05, 5.8701e+01, 5.9163e-01, 
 2DIAGNOSTIC,    24, -3.942217826843e-01, 7.857684977353e-06, 5.9294e+01, 5.9262e-01, 
DIAGNOSTIC,Iteration,metricValue,convergenceValue,ITERATION_TIME_INDEX,SINCE_LAST
 2DIAGNOSTIC,     1, -3.382528126240e-01, inf, 6.8644e+01, 9.3498e+00, 
  Elapsed time (stage 1): 7.0467e+01


Stage 2
  iterations = 100x100x70x50x0
  convergence threshold = 1.0000e-06
  convergence window size = 10
  number of levels = 5
  using the Mattes MI metric (number of bins = 32, weight = 1.0000e+00)
  preprocessing:  winsorizing the image intensities
  Shrink factors (level 1 out of 5): [10, 10, 10]
  Shrink factors (level 2 out of 5): [6, 6, 6]
  Shrink factors (level 3 out of 5): [4, 4, 4]
  Shrink factors (level 4 out of 5): [2, 2, 2]
  Shrink factors (level 5 out of 5): [1, 1, 1]
  smoothing sigmas per level: [5, 3, 2, 1, 0]
  Using default NONE metricSamplingStrategy 

*** Running SyN registration (varianceForUpdateField = 3.0000e+00, varianceForTotalField = 0.0000e+00) ***

XXDIAGNOSTIC,Iteration,metricValue,convergenceValue,ITERATION_TIME_INDEX,SINCE_LAST
 1DIAGNOSTIC,     1, -5.235855579376e-01, inf, 3.2687e+01, 3.2687e+01, 
 1DIAGNOSTIC,     2, -5.404710173607e-01, inf, 3.2838e+01, 1.5103e-01, 
 1DIAGNOSTIC,     3, -5.520482063293e-01, inf, 3.2989e+01, 1.5089e-01, 
 1DIAGNOSTIC,     4, -5.559842586517e-01, inf, 3.3134e+01, 1.4440e-01, 
 1DIAGNOSTIC,     5, -5.542984008789e-01, inf, 3.3278e+01, 1.4419e-01, 
 1DIAGNOSTIC,     6, -5.547130107880e-01, inf, 3.3423e+01, 1.4466e-01, 
 1DIAGNOSTIC,     7, -5.525046586990e-01, inf, 3.3567e+01, 1.4463e-01, 
 1DIAGNOSTIC,     8, -5.512342453003e-01, inf, 3.3712e+01, 1.4444e-01, 
 1DIAGNOSTIC,     9, -5.484666824341e-01, inf, 3.3857e+01, 1.4502e-01, 
 1DIAGNOSTIC,    10, -5.475965738297e-01, 1.500167185441e-03, 3.4003e+01, 1.4633e-01, 
 1DIAGNOSTIC,    11, -5.434417724609e-01, -3.741418186110e-04, 3.4149e+01, 1.4557e-01, 
XXDIAGNOSTIC,Iteration,metricValue,convergenceValue,ITERATION_TIME_INDEX,SINCE_LAST
 1DIAGNOSTIC,     1, -4.305488467216e-01, inf, 4.8341e+01, 1.4192e+01, 
 1DIAGNOSTIC,     2, -4.322822988033e-01, inf, 4.8928e+01, 5.8706e-01, 
 1DIAGNOSTIC,     3, -4.334556460381e-01, inf, 4.9501e+01, 5.7270e-01, 
 1DIAGNOSTIC,     4, -4.335381388664e-01, inf, 5.0075e+01, 5.7391e-01, 
 1DIAGNOSTIC,     5, -4.330977797508e-01, inf, 5.0645e+01, 5.7034e-01, 
 1DIAGNOSTIC,     6, -4.325438141823e-01, inf, 5.1215e+01, 5.7012e-01, 
 1DIAGNOSTIC,     7, -4.314909875393e-01, inf, 5.1787e+01, 5.7148e-01, 
 1DIAGNOSTIC,     8, -4.305499494076e-01, inf, 5.2357e+01, 5.7059e-01, 
 1DIAGNOSTIC,     9, -4.293184280396e-01, inf, 5.2928e+01, 5.7031e-01, 
 1DIAGNOSTIC,    10, -4.282699823380e-01, -5.207944195718e-04, 5.3518e+01, 5.9057e-01, 
XXDIAGNOSTIC,Iteration,metricValue,convergenceValue,ITERATION_TIME_INDEX,SINCE_LAST
 1DIAGNOSTIC,     1, -3.648523092270e-01, inf, 6.4002e+01, 1.0484e+01, 
 1DIAGNOSTIC,     2, -3.658936023712e-01, inf, 6.5849e+01, 1.8476e+00, 
 1DIAGNOSTIC,     3, -3.665141761303e-01, inf, 6.7685e+01, 1.8354e+00, 
 1DIAGNOSTIC,     4, -3.665371239185e-01, inf, 6.9522e+01, 1.8370e+00, 
 1DIAGNOSTIC,     5, -3.665265440941e-01, inf, 7.1417e+01, 1.8952e+00, 
 1DIAGNOSTIC,     6, -3.662232160568e-01, inf, 7.3270e+01, 1.8530e+00, 
 1DIAGNOSTIC,     7, -3.659938573837e-01, inf, 7.5059e+01, 1.7886e+00, 
 1DIAGNOSTIC,     8, -3.658224940300e-01, inf, 7.6844e+01, 1.7855e+00, 
 1DIAGNOSTIC,     9, -3.655984401703e-01, inf, 7.8685e+01, 1.8409e+00, 
 1DIAGNOSTIC,    10, -3.653624057770e-01, -3.853808811982e-05, 8.0462e+01, 1.7769e+00, 
XXDIAGNOSTIC,Iteration,metricValue,convergenceValue,ITERATION_TIME_INDEX,SINCE_LAST
 1DIAGNOSTIC,     1, -3.095166981220e-01, inf, 1.0047e+02, 2.0013e+01, 
 1DIAGNOSTIC,     2, -3.103915452957e-01, inf, 1.1389e+02, 1.3417e+01, 
 1DIAGNOSTIC,     3, -3.114089369774e-01, inf, 1.2715e+02, 1.3260e+01, 
 1DIAGNOSTIC,     4, -3.122579455376e-01, inf, 1.4043e+02, 1.3275e+01, 
 1DIAGNOSTIC,     5, -3.131228685379e-01, inf, 1.5323e+02, 1.2807e+01, 
 1DIAGNOSTIC,     6, -3.139110207558e-01, inf, 1.6606e+02, 1.2831e+01, 
 1DIAGNOSTIC,     7, -3.145840167999e-01, inf, 1.7939e+02, 1.3323e+01, 
 1DIAGNOSTIC,     8, -3.151881992817e-01, inf, 1.9269e+02, 1.3303e+01, 
 1DIAGNOSTIC,     9, -3.156857490540e-01, inf, 2.0643e+02, 1.3737e+01, 
 1DIAGNOSTIC,    10, -3.161320984364e-01, 1.374239567667e-03, 2.2013e+02, 1.3706e+01, 
 1DIAGNOSTIC,    11, -3.165063560009e-01, 1.133824698627e-03, 2.3341e+02, 1.3280e+01, 
 1DIAGNOSTIC,    12, -3.168386518955e-01, 9.221368818544e-04, 2.4720e+02, 1.3784e+01, 
 1DIAGNOSTIC,    13, -3.171818852425e-01, 7.540794904344e-04, 2.6089e+02, 1.3688e+01, 
 1DIAGNOSTIC,    14, -3.174509406090e-01, 6.131573463790e-04, 2.7460e+02, 1.3712e+01, 
 1DIAGNOSTIC,    15, -3.177013695240e-01, 5.018172087148e-04, 2.8833e+02, 1.3736e+01, 
 1DIAGNOSTIC,    16, -3.179268538952e-01, 4.152775509283e-04, 3.0206e+02, 1.3723e+01, 
 1DIAGNOSTIC,    17, -3.181463479996e-01, 3.477516002022e-04, 3.1582e+02, 1.3764e+01, 
 1DIAGNOSTIC,    18, -3.183436989784e-01, 2.955022791866e-04, 3.2958e+02, 1.3763e+01, 
 1DIAGNOSTIC,    19, -3.185127973557e-01, 2.527972392272e-04, 3.4332e+02, 1.3732e+01, 
 1DIAGNOSTIC,    20, -3.186956346035e-01, 2.191430103267e-04, 3.5707e+02, 1.3753e+01, 
 1DIAGNOSTIC,    21, -3.188496232033e-01, 1.908348203870e-04, 3.7108e+02, 1.4009e+01, 
 1DIAGNOSTIC,    22, -3.189177513123e-01, 1.635408989387e-04, 3.8481e+02, 1.3728e+01, 
 1DIAGNOSTIC,    23, -3.190093636513e-01, 1.403770438628e-04, 3.9853e+02, 1.3727e+01, 
 1DIAGNOSTIC,    24, -3.190745711327e-01, 1.184951397590e-04, 4.1229e+02, 1.3756e+01, 
 1DIAGNOSTIC,    25, -3.191928863525e-01, 1.004758014460e-04, 4.2602e+02, 1.3727e+01, 
 1DIAGNOSTIC,    26, -3.192313015461e-01, 8.344867092092e-05, 4.3975e+02, 1.3736e+01, 
 1DIAGNOSTIC,    27, -3.192407488823e-01, 6.752514309483e-05, 4.5349e+02, 1.3734e+01, 
 1DIAGNOSTIC,    28, -3.192286491394e-01, 5.243298437563e-05, 4.6726e+02, 1.3772e+01, 
 1DIAGNOSTIC,    29, -3.192747533321e-01, 4.011399869341e-05, 4.8104e+02, 1.3781e+01, 
 1DIAGNOSTIC,    30, -3.193255662918e-01, 3.175150050083e-05, 4.9483e+02, 1.3789e+01, 
 1DIAGNOSTIC,    31, -3.193816542625e-01, 2.705079168663e-05, 5.0869e+02, 1.3860e+01, 
 1DIAGNOSTIC,    32, -3.193864226341e-01, 2.221332579211e-05, 5.2245e+02, 1.3757e+01, 
 1DIAGNOSTIC,    33, -3.194380402565e-01, 1.959378823813e-05, 5.3617e+02, 1.3720e+01, 
 1DIAGNOSTIC,    34, -3.194717764854e-01, 1.785998028936e-05, 5.4988e+02, 1.3712e+01, 
 1DIAGNOSTIC,    35, -3.194955587387e-01, 1.818885175453e-05, 5.6367e+02, 1.3788e+01, 
 1DIAGNOSTIC,    36, -3.195086419582e-01, 1.813262497308e-05, 5.7741e+02, 1.3746e+01, 
 1DIAGNOSTIC,    37, -3.195253312588e-01, 1.711300501483e-05, 5.9111e+02, 1.3702e+01, 
 1DIAGNOSTIC,    38, -3.194883167744e-01, 1.342514315184e-05, 6.0487e+02, 1.3751e+01, 
 1DIAGNOSTIC,    39, -3.194554448128e-01, 9.030747605721e-06, 6.1857e+02, 1.3700e+01, 
 1DIAGNOSTIC,    40, -3.194254636765e-01, 4.529441412160e-06, 6.3228e+02, 1.3717e+01, 
 1DIAGNOSTIC,    41, -3.193872272968e-01, 2.945359938167e-07, 6.4597e+02, 1.3692e+01, 
  Elapsed time (stage 2): 670


Total elapsed time: 802.1

--- Writing output images ---

Using double precision for computations.
Input scalar image: data/Segmentations/1101_3_seg.nii.gz
Reference image: data/template/T_template0_BrainCerebellum.nii.gz
=============================================================================
The composite transform comprises the following transforms (in order): 
  1. /tmp/1971697.1.basic.q/1101_ToTemplate_011_0GenericAffine.mat (type = AffineTransform)
  2. /tmp/1971697.1.basic.q/1101_ToTemplate_011_1Warp.nii.gz (type = DisplacementFieldTransform)
=============================================================================
Default pixel value: 0
Interpolation type: LabelImageGenericInterpolateImageFunction
Output warped image: output/1101/1101_WarpedLabels_011.nii.gz

--- Done ---

