
--- Running on compute-2-11.local ---


--- registration call ---
/data/jet/pcook/bin/antsBuild/bin/antsRegistrationSyNQuick.sh -d 3 -f data/template/T_template0_BrainCerebellum.nii.gz -m data/Brains/1005_3.nii.gz -t s -p f -n 1 -o /tmp/1978845.1.basic.q/1005_ToTemplate_018_
---


--------------------------------------------------------------------------------------
 Mapping parameters
--------------------------------------------------------------------------------------
 ANTSPATH is /data/jet/pcook/bin/antsBuild/bin/

 Dimensionality:           3
 Output name prefix:       /tmp/1978845.1.basic.q/1005_ToTemplate_018_
 Fixed images:             data/template/T_template0_BrainCerebellum.nii.gz
 Moving images:            data/Brains/1005_3.nii.gz
 Mask images:              
 Initial transforms:       
 Number of threads:        1
 Spline distance:          26
 Transform type:           s
 MI histogram bins:        32
 Precision:                f
 Use histogram matching    0
======================================================================================
 antsRegistration call:
--------------------------------------------------------------------------------------
/data/jet/pcook/bin/antsBuild/bin//antsRegistration --verbose 1 --dimensionality 3 --float 1 --collapse-output-transforms 1 --output [/tmp/1978845.1.basic.q/1005_ToTemplate_018_,/tmp/1978845.1.basic.q/1005_ToTemplate_018_Warped.nii.gz,/tmp/1978845.1.basic.q/1005_ToTemplate_018_InverseWarped.nii.gz] --interpolation Linear --use-histogram-matching 0 --winsorize-image-intensities [0.005,0.995] --initial-moving-transform [data/template/T_template0_BrainCerebellum.nii.gz,data/Brains/1005_3.nii.gz,1] --transform Rigid[0.1] --metric MI[data/template/T_template0_BrainCerebellum.nii.gz,data/Brains/1005_3.nii.gz,1,32,Regular,0.25] --convergence [1000x500x250x0,1e-6,10] --shrink-factors 12x8x4x2 --smoothing-sigmas 4x3x2x1vox --transform Affine[0.1] --metric MI[data/template/T_template0_BrainCerebellum.nii.gz,data/Brains/1005_3.nii.gz,1,32,Regular,0.25] --convergence [1000x500x250x0,1e-6,10] --shrink-factors 12x8x4x2 --smoothing-sigmas 4x3x2x1vox --transform SyN[0.1,3,0] --metric MI[data/template/T_template0_BrainCerebellum.nii.gz,data/Brains/1005_3.nii.gz,1,32] --convergence [100x100x70x50x0,1e-6,10] --shrink-factors 10x6x4x2x1 --smoothing-sigmas 5x3x2x1x0vox
--------------------------------------------------------------------------------------
All_Command_lines_OK
Using single precision for computations.
=============================================================================
The composite transform comprises the following transforms (in order): 
  1. Center of mass alignment using fixed image: data/template/T_template0_BrainCerebellum.nii.gz and moving image: data/Brains/1005_3.nii.gz (type = Euler3DTransform)
=============================================================================
  number of levels = 4
  number of levels = 4
  number of levels = 5
  fixed image: data/template/T_template0_BrainCerebellum.nii.gz
  moving image: data/Brains/1005_3.nii.gz
  fixed image: data/template/T_template0_BrainCerebellum.nii.gz
  moving image: data/Brains/1005_3.nii.gz
  fixed image: data/template/T_template0_BrainCerebellum.nii.gz
  moving image: data/Brains/1005_3.nii.gz
Dimension = 3
Number of stages = 3
Use Histogram Matching false
Winsorize image intensities true
Lower quantile = 0.005
Upper quantile = 0.995
Stage 1 State
   Image metric = Mattes
     Fixed image = Image (0x48fa440)
  RTTI typeinfo:   itk::Image<float, 3u>
  Reference Count: 2
  Modified Time: 1611
  Debug: Off
  Object Name: 
  Observers: 
    none
  Source: (none)
  Source output name: (none)
  Release Data: Off
  Data Released: False
  Global Release Data: Off
  PipelineMTime: 0
  UpdateMTime: 1422
  RealTimeStamp: 0 seconds 
  LargestPossibleRegion: 
    Dimension: 3
    Index: [0, 0, 0]
    Size: [216, 256, 291]
  BufferedRegion: 
    Dimension: 3
    Index: [0, 0, 0]
    Size: [216, 256, 291]
  RequestedRegion: 
    Dimension: 3
    Index: [0, 0, 0]
    Size: [216, 256, 291]
  Spacing: [1, 1, 1]
  Origin: [0, 293, 0]
  Direction: 
1 0 0
0 -0 -1
0 -1 -0

  IndexToPointMatrix: 
1 0 0
0 0 -1
0 -1 0

  PointToIndexMatrix: 
1 0 0
0 0 -1
0 -1 0

  Inverse Direction: 
1 0 0
0 0 -1
0 -1 0

  PixelContainer: 
    ImportImageContainer (0x48e0120)
      RTTI typeinfo:   itk::ImportImageContainer<unsigned long, float>
      Reference Count: 1
      Modified Time: 1419
      Debug: Off
      Object Name: 
      Observers: 
        none
      Pointer: 0x7f1cbc0ec010
      Container manages memory: true
      Size: 16091136
      Capacity: 16091136

     Moving image = Image (0x48fae80)
  RTTI typeinfo:   itk::Image<float, 3u>
  Reference Count: 2
  Modified Time: 1612
  Debug: Off
  Object Name: 
  Observers: 
    none
  Source: (none)
  Source output name: (none)
  Release Data: Off
  Data Released: False
  Global Release Data: Off
  PipelineMTime: 0
  UpdateMTime: 1609
  RealTimeStamp: 0 seconds 
  LargestPossibleRegion: 
    Dimension: 3
    Index: [0, 0, 0]
    Size: [256, 256, 284]
  BufferedRegion: 
    Dimension: 3
    Index: [0, 0, 0]
    Size: [256, 256, 284]
  RequestedRegion: 
    Dimension: 3
    Index: [0, 0, 0]
    Size: [256, 256, 284]
  Spacing: [1, 1, 1]
  Origin: [0, 283, 0]
  Direction: 
1 0 0
0 -0 -1
0 -1 -0

  IndexToPointMatrix: 
1 0 0
0 0 -1
0 -1 0

  PointToIndexMatrix: 
1 0 0
0 0 -1
0 -1 0

  Inverse Direction: 
1 0 0
0 0 -1
0 -1 0

  PixelContainer: 
    ImportImageContainer (0x48fd2d0)
      RTTI typeinfo:   itk::ImportImageContainer<unsigned long, float>
      Reference Count: 1
      Modified Time: 1606
      Debug: Off
      Object Name: 
      Observers: 
        none
      Pointer: 0x7f1cb79eb010
      Container manages memory: true
      Size: 18612224
      Capacity: 18612224

     Weighting = 1
     Sampling strategy = regular
     Number of bins = 32
     Radius = 4
     Sampling percentage  = 0.25
   Transform = Rigid
     Gradient step = 0.1
     Update field sigma (voxel space) = 0
     Total field sigma (voxel space) = 0
     Update field time sigma = 0
     Total field time sigma  = 0
     Number of time indices = 0
     Number of time point samples = 0
Stage 2 State
   Image metric = Mattes
     Fixed image = Image (0x49056e0)
  RTTI typeinfo:   itk::Image<float, 3u>
  Reference Count: 2
  Modified Time: 1987
  Debug: Off
  Object Name: 
  Observers: 
    none
  Source: (none)
  Source output name: (none)
  Release Data: Off
  Data Released: False
  Global Release Data: Off
  PipelineMTime: 0
  UpdateMTime: 1798
  RealTimeStamp: 0 seconds 
  LargestPossibleRegion: 
    Dimension: 3
    Index: [0, 0, 0]
    Size: [216, 256, 291]
  BufferedRegion: 
    Dimension: 3
    Index: [0, 0, 0]
    Size: [216, 256, 291]
  RequestedRegion: 
    Dimension: 3
    Index: [0, 0, 0]
    Size: [216, 256, 291]
  Spacing: [1, 1, 1]
  Origin: [0, 293, 0]
  Direction: 
1 0 0
0 -0 -1
0 -1 -0

  IndexToPointMatrix: 
1 0 0
0 0 -1
0 -1 0

  PointToIndexMatrix: 
1 0 0
0 0 -1
0 -1 0

  Inverse Direction: 
1 0 0
0 0 -1
0 -1 0

  PixelContainer: 
    ImportImageContainer (0x4905f80)
      RTTI typeinfo:   itk::ImportImageContainer<unsigned long, float>
      Reference Count: 1
      Modified Time: 1795
      Debug: Off
      Object Name: 
      Observers: 
        none
      Pointer: 0x7f1cb3c88010
      Container manages memory: true
      Size: 16091136
      Capacity: 16091136

     Moving image = Image (0x4905a70)
  RTTI typeinfo:   itk::Image<float, 3u>
  Reference Count: 2
  Modified Time: 1988
  Debug: Off
  Object Name: 
  Observers: 
    none
  Source: (none)
  Source output name: (none)
  Release Data: Off
  Data Released: False
  Global Release Data: Off
  PipelineMTime: 0
  UpdateMTime: 1985
  RealTimeStamp: 0 seconds 
  LargestPossibleRegion: 
    Dimension: 3
    Index: [0, 0, 0]
    Size: [256, 256, 284]
  BufferedRegion: 
    Dimension: 3
    Index: [0, 0, 0]
    Size: [256, 256, 284]
  RequestedRegion: 
    Dimension: 3
    Index: [0, 0, 0]
    Size: [256, 256, 284]
  Spacing: [1, 1, 1]
  Origin: [0, 283, 0]
  Direction: 
1 0 0
0 -0 -1
0 -1 -0

  IndexToPointMatrix: 
1 0 0
0 0 -1
0 -1 0

  PointToIndexMatrix: 
1 0 0
0 0 -1
0 -1 0

  Inverse Direction: 
1 0 0
0 0 -1
0 -1 0

  PixelContainer: 
    ImportImageContainer (0x4906970)
      RTTI typeinfo:   itk::ImportImageContainer<unsigned long, float>
      Reference Count: 1
      Modified Time: 1982
      Debug: Off
      Object Name: 
      Observers: 
        none
      Pointer: 0x7f1caf587010
      Container manages memory: true
      Size: 18612224
      Capacity: 18612224

     Weighting = 1
     Sampling strategy = regular
     Number of bins = 32
     Radius = 4
     Sampling percentage  = 0.25
   Transform = Affine
     Gradient step = 0.1
     Update field sigma (voxel space) = 0
     Total field sigma (voxel space) = 0
     Update field time sigma = 0
     Total field time sigma  = 0
     Number of time indices = 0
     Number of time point samples = 0
Stage 3 State
   Image metric = Mattes
     Fixed image = Image (0x490c7d0)
  RTTI typeinfo:   itk::Image<float, 3u>
  Reference Count: 2
  Modified Time: 2363
  Debug: Off
  Object Name: 
  Observers: 
    none
  Source: (none)
  Source output name: (none)
  Release Data: Off
  Data Released: False
  Global Release Data: Off
  PipelineMTime: 0
  UpdateMTime: 2174
  RealTimeStamp: 0 seconds 
  LargestPossibleRegion: 
    Dimension: 3
    Index: [0, 0, 0]
    Size: [216, 256, 291]
  BufferedRegion: 
    Dimension: 3
    Index: [0, 0, 0]
    Size: [216, 256, 291]
  RequestedRegion: 
    Dimension: 3
    Index: [0, 0, 0]
    Size: [216, 256, 291]
  Spacing: [1, 1, 1]
  Origin: [0, 293, 0]
  Direction: 
1 0 0
0 -0 -1
0 -1 -0

  IndexToPointMatrix: 
1 0 0
0 0 -1
0 -1 0

  PointToIndexMatrix: 
1 0 0
0 0 -1
0 -1 0

  Inverse Direction: 
1 0 0
0 0 -1
0 -1 0

  PixelContainer: 
    ImportImageContainer (0x490ca60)
      RTTI typeinfo:   itk::ImportImageContainer<unsigned long, float>
      Reference Count: 1
      Modified Time: 2171
      Debug: Off
      Object Name: 
      Observers: 
        none
      Pointer: 0x7f1cab824010
      Container manages memory: true
      Size: 16091136
      Capacity: 16091136

     Moving image = Image (0x490f1d0)
  RTTI typeinfo:   itk::Image<float, 3u>
  Reference Count: 2
  Modified Time: 2364
  Debug: Off
  Object Name: 
  Observers: 
    none
  Source: (none)
  Source output name: (none)
  Release Data: Off
  Data Released: False
  Global Release Data: Off
  PipelineMTime: 0
  UpdateMTime: 2361
  RealTimeStamp: 0 seconds 
  LargestPossibleRegion: 
    Dimension: 3
    Index: [0, 0, 0]
    Size: [256, 256, 284]
  BufferedRegion: 
    Dimension: 3
    Index: [0, 0, 0]
    Size: [256, 256, 284]
  RequestedRegion: 
    Dimension: 3
    Index: [0, 0, 0]
    Size: [256, 256, 284]
  Spacing: [1, 1, 1]
  Origin: [0, 283, 0]
  Direction: 
1 0 0
0 -0 -1
0 -1 -0

  IndexToPointMatrix: 
1 0 0
0 0 -1
0 -1 0

  PointToIndexMatrix: 
1 0 0
0 0 -1
0 -1 0

  Inverse Direction: 
1 0 0
0 0 -1
0 -1 0

  PixelContainer: 
    ImportImageContainer (0x490cac0)
      RTTI typeinfo:   itk::ImportImageContainer<unsigned long, float>
      Reference Count: 1
      Modified Time: 2358
      Debug: Off
      Object Name: 
      Observers: 
        none
      Pointer: 0x7f1ca7123010
      Container manages memory: true
      Size: 18612224
      Capacity: 18612224

     Weighting = 1
     Sampling strategy = none
     Number of bins = 32
     Radius = 4
     Sampling percentage  = 1
   Transform = SyN
     Gradient step = 0.1
     Update field sigma (voxel space) = 3
     Total field sigma (voxel space) = 0
     Update field time sigma = 0
     Total field time sigma  = 0
     Number of time indices = 0
     Number of time point samples = 0
Registration using 3 total stages.

Stage 0
  iterations = 1000x500x250x0
  convergence threshold = 1e-06
  convergence window size = 10
  number of levels = 4
  using the Mattes MI metric (number of bins = 32, weight = 1)
  preprocessing:  winsorizing the image intensities
  Shrink factors (level 1 out of 4): [12, 12, 12]
  Shrink factors (level 2 out of 4): [8, 8, 8]
  Shrink factors (level 3 out of 4): [4, 4, 4]
  Shrink factors (level 4 out of 4): [2, 2, 2]
  smoothing sigmas per level: [4, 3, 2, 1]
  regular sampling (percentage = 0.25)

*** Running Euler3DTransform registration ***

DIAGNOSTIC,Iteration,metricValue,convergenceValue,ITERATION_TIME_INDEX,SINCE_LAST
 2DIAGNOSTIC,     1, -4.644262492657e-01, inf, 1.7623e+01, 1.7623e+01, 
 2DIAGNOSTIC,     2, -4.651146531105e-01, inf, 1.7634e+01, 1.0884e-02, 
 2DIAGNOSTIC,     3, -4.655657708645e-01, inf, 1.7645e+01, 1.0633e-02, 
 2DIAGNOSTIC,     4, -4.656994938850e-01, inf, 1.7655e+01, 1.0579e-02, 
 2DIAGNOSTIC,     5, -4.665238559246e-01, inf, 1.7666e+01, 1.0737e-02, 
 2DIAGNOSTIC,     6, -4.695330262184e-01, inf, 1.7677e+01, 1.0792e-02, 
 2DIAGNOSTIC,     7, -4.705614745617e-01, inf, 1.7689e+01, 1.2441e-02, 
 2DIAGNOSTIC,     8, -4.711450040340e-01, inf, 1.7703e+01, 1.4023e-02, 
 2DIAGNOSTIC,     9, -4.711520671844e-01, inf, 1.7714e+01, 1.0720e-02, 
 2DIAGNOSTIC,    10, -4.715112447739e-01, 1.159370876849e-03, 1.7729e+01, 1.4600e-02, 
 2DIAGNOSTIC,    11, -4.717258810997e-01, 9.935162961483e-04, 1.7740e+01, 1.1199e-02, 
 2DIAGNOSTIC,    12, -4.715330898762e-01, 7.902437355369e-04, 1.7751e+01, 1.1142e-02, 
 2DIAGNOSTIC,    13, -4.718484282494e-01, 5.856257630512e-04, 1.7764e+01, 1.2849e-02, 
 2DIAGNOSTIC,    14, -4.726440310478e-01, 3.983999486081e-04, 1.7780e+01, 1.6142e-02, 
 2DIAGNOSTIC,    15, -4.727942347527e-01, 2.357234916417e-04, 1.7791e+01, 1.1213e-02, 
 2DIAGNOSTIC,    16, -4.732212722301e-01, 2.014444617089e-04, 1.7806e+01, 1.4471e-02, 
 2DIAGNOSTIC,    17, -4.735038280487e-01, 1.992621837417e-04, 1.7819e+01, 1.3351e-02, 
 2DIAGNOSTIC,    18, -4.734250009060e-01, 1.960359513760e-04, 1.7832e+01, 1.2866e-02, 
 2DIAGNOSTIC,    19, -4.733083844185e-01, 1.712483644951e-04, 1.7845e+01, 1.2955e-02, 
 2DIAGNOSTIC,    20, -4.733779728413e-01, 1.460489293095e-04, 1.7858e+01, 1.2722e-02, 
 2DIAGNOSTIC,    21, -4.735659956932e-01, 1.216424934682e-04, 1.7876e+01, 1.8061e-02, 
 2DIAGNOSTIC,    22, -4.736265242100e-01, 8.436456118943e-05, 1.7888e+01, 1.2757e-02, 
 2DIAGNOSTIC,    23, -4.736613631248e-01, 5.147588308319e-05, 1.7903e+01, 1.4518e-02, 
 2DIAGNOSTIC,    24, -4.737351834774e-01, 3.876835398842e-05, 1.7917e+01, 1.4618e-02, 
 2DIAGNOSTIC,    25, -4.738897681236e-01, 3.062732139369e-05, 1.7944e+01, 2.6247e-02, 
 2DIAGNOSTIC,    26, -4.738891422749e-01, 2.984097227454e-05, 1.7956e+01, 1.2681e-02, 
 2DIAGNOSTIC,    27, -4.738927483559e-01, 3.288204607088e-05, 1.7969e+01, 1.2881e-02, 
 2DIAGNOSTIC,    28, -4.738987386227e-01, 3.133160498692e-05, 1.7982e+01, 1.2729e-02, 
 2DIAGNOSTIC,    29, -4.737437963486e-01, 2.137613773812e-05, 1.7995e+01, 1.2902e-02, 
 2DIAGNOSTIC,    30, -4.737543761730e-01, 1.173291184386e-05, 1.8008e+01, 1.2914e-02, 
 2DIAGNOSTIC,    31, -4.737656414509e-01, 5.525336291612e-06, 1.8021e+01, 1.2947e-02, 
DIAGNOSTIC,Iteration,metricValue,convergenceValue,ITERATION_TIME_INDEX,SINCE_LAST
 2DIAGNOSTIC,     1, -4.184948503971e-01, inf, 3.1884e+01, 1.3864e+01, 
 2DIAGNOSTIC,     2, -4.192235767841e-01, inf, 3.1940e+01, 5.5489e-02, 
 2DIAGNOSTIC,     3, -4.200687706470e-01, inf, 3.1994e+01, 5.3806e-02, 
 2DIAGNOSTIC,     4, -4.210592508316e-01, inf, 3.2058e+01, 6.4481e-02, 
 2DIAGNOSTIC,     5, -4.212653636932e-01, inf, 3.2122e+01, 6.3725e-02, 
 2DIAGNOSTIC,     6, -4.213072359562e-01, inf, 3.2185e+01, 6.2692e-02, 
 2DIAGNOSTIC,     7, -4.213446676731e-01, inf, 3.2247e+01, 6.2434e-02, 
 2DIAGNOSTIC,     8, -4.212699532509e-01, inf, 3.2301e+01, 5.3470e-02, 
 2DIAGNOSTIC,     9, -4.213574230671e-01, inf, 3.2354e+01, 5.3563e-02, 
 2DIAGNOSTIC,    10, -4.215043187141e-01, 3.988809767179e-04, 3.2419e+01, 6.4439e-02, 
 2DIAGNOSTIC,    11, -4.216359555721e-01, 2.413931069896e-04, 3.2482e+01, 6.3811e-02, 
 2DIAGNOSTIC,    12, -4.218330681324e-01, 1.403559726896e-04, 3.2536e+01, 5.3808e-02, 
 2DIAGNOSTIC,    13, -4.219875633717e-01, 9.302733815275e-05, 3.2604e+01, 6.7520e-02, 
 2DIAGNOSTIC,    14, -4.221960008144e-01, 1.017442191369e-04, 3.2705e+01, 1.0155e-01, 
 2DIAGNOSTIC,    15, -4.224820733070e-01, 1.220786361955e-04, 3.2763e+01, 5.8147e-02, 
 2DIAGNOSTIC,    16, -4.225911200047e-01, 1.349236845272e-04, 3.2833e+01, 6.9423e-02, 
 2DIAGNOSTIC,    17, -4.227969944477e-01, 1.438630424673e-04, 3.2891e+01, 5.8038e-02, 
 2DIAGNOSTIC,    18, -4.231065213680e-01, 1.473845477449e-04, 3.2960e+01, 6.9237e-02, 
 2DIAGNOSTIC,    19, -4.232726693153e-01, 1.457147882320e-04, 3.3028e+01, 6.7643e-02, 
 2DIAGNOSTIC,    20, -4.232946634293e-01, 1.364368508803e-04, 3.3094e+01, 6.5836e-02, 
 2DIAGNOSTIC,    21, -4.232910871506e-01, 1.196719895233e-04, 3.3149e+01, 5.5235e-02, 
 2DIAGNOSTIC,    22, -4.233684837818e-01, 1.018381080939e-04, 3.3204e+01, 5.4892e-02, 
 2DIAGNOSTIC,    23, -4.233311712742e-01, 7.933133747429e-05, 3.3268e+01, 6.4164e-02, 
 2DIAGNOSTIC,    24, -4.234183728695e-01, 5.954061271041e-05, 3.3322e+01, 5.4227e-02, 
 2DIAGNOSTIC,    25, -4.235160350800e-01, 4.625825749827e-05, 3.3398e+01, 7.5821e-02, 
 2DIAGNOSTIC,    26, -4.237632751465e-01, 3.894349720213e-05, 3.3464e+01, 6.6239e-02, 
 2DIAGNOSTIC,    27, -4.239208400249e-01, 3.738087980310e-05, 3.3530e+01, 6.5876e-02, 
 2DIAGNOSTIC,    28, -4.237855672836e-01, 3.659900903585e-05, 3.3585e+01, 5.5197e-02, 
 2DIAGNOSTIC,    29, -4.237714707851e-01, 3.625396129792e-05, 3.3654e+01, 6.8867e-02, 
 2DIAGNOSTIC,    30, -4.236992597580e-01, 3.145662776660e-05, 3.3712e+01, 5.8207e-02, 
 2DIAGNOSTIC,    31, -4.237086772919e-01, 2.407478496025e-05, 3.3770e+01, 5.7714e-02, 
 2DIAGNOSTIC,    32, -4.237208068371e-01, 1.683949449216e-05, 3.3838e+01, 6.8255e-02, 
 2DIAGNOSTIC,    33, -4.238153994083e-01, 9.771331860975e-06, 3.3929e+01, 9.0320e-02, 
 2DIAGNOSTIC,    34, -4.237678647041e-01, 3.096458840446e-06, 3.3997e+01, 6.8245e-02, 
DIAGNOSTIC,Iteration,metricValue,convergenceValue,ITERATION_TIME_INDEX,SINCE_LAST
 2DIAGNOSTIC,     1, -3.572609424591e-01, inf, 4.2986e+01, 8.9888e+00, 
 2DIAGNOSTIC,     2, -3.573544621468e-01, inf, 4.3504e+01, 5.1831e-01, 
 2DIAGNOSTIC,     3, -3.573649823666e-01, inf, 4.4022e+01, 5.1781e-01, 
 2DIAGNOSTIC,     4, -3.573528528214e-01, inf, 4.4551e+01, 5.2894e-01, 
 2DIAGNOSTIC,     5, -3.573476970196e-01, inf, 4.5087e+01, 5.3619e-01, 
 2DIAGNOSTIC,     6, -3.573486208916e-01, inf, 4.5795e+01, 7.0850e-01, 
 2DIAGNOSTIC,     7, -3.573417961597e-01, inf, 4.6318e+01, 5.2312e-01, 
 2DIAGNOSTIC,     8, -3.573391735554e-01, inf, 4.6756e+01, 4.3712e-01, 
 2DIAGNOSTIC,     9, -3.573386073112e-01, inf, 4.7289e+01, 5.3309e-01, 
 2DIAGNOSTIC,    10, -3.573365807533e-01, 6.255580501602e-06, 4.7811e+01, 5.2251e-01, 
DIAGNOSTIC,Iteration,metricValue,convergenceValue,ITERATION_TIME_INDEX,SINCE_LAST
 2DIAGNOSTIC,     1, -3.085449635983e-01, inf, 5.7277e+01, 9.4654e+00, 
  Elapsed time (stage 0): 5.9061e+01


Stage 1
  iterations = 1000x500x250x0
  convergence threshold = 1.0000e-06
  convergence window size = 10
  number of levels = 4
  using the Mattes MI metric (number of bins = 32, weight = 1.0000e+00)
  preprocessing:  winsorizing the image intensities
  Shrink factors (level 1 out of 4): [12, 12, 12]
  Shrink factors (level 2 out of 4): [8, 8, 8]
  Shrink factors (level 3 out of 4): [4, 4, 4]
  Shrink factors (level 4 out of 4): [2, 2, 2]
  smoothing sigmas per level: [4, 3, 2, 1]
  regular sampling (percentage = 2.5000e-01)

*** Running AffineTransform registration ***

DIAGNOSTIC,Iteration,metricValue,convergenceValue,ITERATION_TIME_INDEX,SINCE_LAST
 2DIAGNOSTIC,     1, -4.725806117058e-01, inf, 1.9958e+01, 1.9958e+01, 
 2DIAGNOSTIC,     2, -4.733213484287e-01, inf, 1.9973e+01, 1.5196e-02, 
 2DIAGNOSTIC,     3, -4.749030470848e-01, inf, 1.9988e+01, 1.4879e-02, 
 2DIAGNOSTIC,     4, -4.763766527176e-01, inf, 2.0003e+01, 1.4839e-02, 
 2DIAGNOSTIC,     5, -4.787441194057e-01, inf, 2.0018e+01, 1.5116e-02, 
 2DIAGNOSTIC,     6, -4.961892664433e-01, inf, 2.0036e+01, 1.8208e-02, 
 2DIAGNOSTIC,     7, -4.983750581741e-01, inf, 2.0056e+01, 1.9891e-02, 
 2DIAGNOSTIC,     8, -4.983014464378e-01, inf, 2.0071e+01, 1.4730e-02, 
 2DIAGNOSTIC,     9, -5.006620883942e-01, inf, 2.0087e+01, 1.6192e-02, 
 2DIAGNOSTIC,    10, -5.012568831444e-01, 4.796248394996e-03, 2.0102e+01, 1.5219e-02, 
 2DIAGNOSTIC,    11, -5.015544295311e-01, 4.118676763028e-03, 2.0118e+01, 1.5734e-02, 
 2DIAGNOSTIC,    12, -5.019515752792e-01, 3.240837017074e-03, 2.0135e+01, 1.7208e-02, 
 2DIAGNOSTIC,    13, -5.024581551552e-01, 2.313754521310e-03, 2.0151e+01, 1.6311e-02, 
 2DIAGNOSTIC,    14, -5.042644143105e-01, 1.453094067983e-03, 2.0169e+01, 1.7831e-02, 
 2DIAGNOSTIC,    15, -5.050569176674e-01, 6.787201273255e-04, 2.0210e+01, 4.0372e-02, 
 2DIAGNOSTIC,    16, -5.050566792488e-01, 5.688868695870e-04, 2.0225e+01, 1.5565e-02, 
 2DIAGNOSTIC,    17, -5.050581097603e-01, 4.965479020029e-04, 2.0241e+01, 1.5319e-02, 
 2DIAGNOSTIC,    18, -5.050601959229e-01, 3.825919993687e-04, 2.0256e+01, 1.5314e-02, 
 2DIAGNOSTIC,    19, -5.050635933876e-01, 3.157755709253e-04, 2.0271e+01, 1.5369e-02, 
 2DIAGNOSTIC,    20, -5.050691962242e-01, 2.433804183966e-04, 2.0286e+01, 1.4810e-02, 
 2DIAGNOSTIC,    21, -5.050778985023e-01, 1.644366275286e-04, 2.0301e+01, 1.4936e-02, 
 2DIAGNOSTIC,    22, -5.050910711288e-01, 8.879655069904e-05, 2.0316e+01, 1.5196e-02, 
 2DIAGNOSTIC,    23, -5.051120519638e-01, 2.374444738962e-05, 2.0332e+01, 1.5309e-02, 
 2DIAGNOSTIC,    24, -5.051404833794e-01, 5.259392310109e-06, 2.0347e+01, 1.5124e-02, 
 2DIAGNOSTIC,    25, -5.051712989807e-01, 6.713629773003e-06, 2.0362e+01, 1.5263e-02, 
 2DIAGNOSTIC,    26, -5.051980018616e-01, 8.117615834635e-06, 2.0377e+01, 1.5524e-02, 
 2DIAGNOSTIC,    27, -5.052208900452e-01, 9.278717698180e-06, 2.0394e+01, 1.7036e-02, 
 2DIAGNOSTIC,    28, -5.052467584610e-01, 1.015838006424e-05, 2.0410e+01, 1.5815e-02, 
 2DIAGNOSTIC,    29, -5.052815675735e-01, 1.086667634809e-05, 2.0426e+01, 1.6150e-02, 
 2DIAGNOSTIC,    30, -5.053104758263e-01, 1.124568825617e-05, 2.0449e+01, 2.2882e-02, 
 2DIAGNOSTIC,    31, -5.053228735924e-01, 1.101967245631e-05, 2.0467e+01, 1.7718e-02, 
 2DIAGNOSTIC,    32, -5.053300857544e-01, 1.022919968818e-05, 2.0486e+01, 1.8860e-02, 
 2DIAGNOSTIC,    33, -5.053396821022e-01, 9.135801519733e-06, 2.0501e+01, 1.4929e-02, 
 2DIAGNOSTIC,    34, -5.053848624229e-01, 8.548553523724e-06, 2.0521e+01, 2.0178e-02, 
 2DIAGNOSTIC,    35, -5.053867697716e-01, 7.775755875628e-06, 2.0540e+01, 1.8571e-02, 
 2DIAGNOSTIC,    36, -5.053864121437e-01, 6.818887413829e-06, 2.0554e+01, 1.4854e-02, 
 2DIAGNOSTIC,    37, -5.053870081902e-01, 5.722265996155e-06, 2.0569e+01, 1.4907e-02, 
 2DIAGNOSTIC,    38, -5.053882002831e-01, 4.614594672603e-06, 2.0584e+01, 1.4875e-02, 
 2DIAGNOSTIC,    39, -5.053906440735e-01, 3.727458079084e-06, 2.0599e+01, 1.5050e-02, 
 2DIAGNOSTIC,    40, -5.053953528404e-01, 3.080499254793e-06, 2.0623e+01, 2.3744e-02, 
 2DIAGNOSTIC,    41, -5.053955912590e-01, 2.430837184875e-06, 2.0640e+01, 1.7274e-02, 
 2DIAGNOSTIC,    42, -5.053956508636e-01, 1.758513235472e-06, 2.0659e+01, 1.8504e-02, 
 2DIAGNOSTIC,    43, -5.053967237473e-01, 1.147361786025e-06, 2.0676e+01, 1.7503e-02, 
 2DIAGNOSTIC,    44, -5.053972005844e-01, 1.112949121307e-06, 2.0694e+01, 1.7646e-02, 
 2DIAGNOSTIC,    45, -5.053979754448e-01, 1.076565354197e-06, 2.0711e+01, 1.7544e-02, 
 2DIAGNOSTIC,    46, -5.053989887238e-01, 1.015291445583e-06, 2.0727e+01, 1.5618e-02, 
DIAGNOSTIC,Iteration,metricValue,convergenceValue,ITERATION_TIME_INDEX,SINCE_LAST
 2DIAGNOSTIC,     1, -4.448848068714e-01, inf, 3.5123e+01, 1.4396e+01, 
 2DIAGNOSTIC,     2, -4.454790055752e-01, inf, 3.5193e+01, 7.0388e-02, 
 2DIAGNOSTIC,     3, -4.460891783237e-01, inf, 3.5264e+01, 7.0378e-02, 
 2DIAGNOSTIC,     4, -4.467704892159e-01, inf, 3.5334e+01, 7.0032e-02, 
 2DIAGNOSTIC,     5, -4.477203786373e-01, inf, 3.5403e+01, 6.9341e-02, 
 2DIAGNOSTIC,     6, -4.490098655224e-01, inf, 3.5470e+01, 6.6843e-02, 
 2DIAGNOSTIC,     7, -4.543635845184e-01, inf, 3.5579e+01, 1.0943e-01, 
 2DIAGNOSTIC,     8, -4.553106129169e-01, inf, 3.5644e+01, 6.5045e-02, 
 2DIAGNOSTIC,     9, -4.559144079685e-01, inf, 3.5731e+01, 8.6541e-02, 
 2DIAGNOSTIC,    10, -4.564319849014e-01, 1.953633502126e-03, 3.5819e+01, 8.7832e-02, 
 2DIAGNOSTIC,    11, -4.567563235760e-01, 1.788900466636e-03, 3.5894e+01, 7.5515e-02, 
 2DIAGNOSTIC,    12, -4.568708240986e-01, 1.524657709524e-03, 3.5960e+01, 6.5358e-02, 
 2DIAGNOSTIC,    13, -4.569269120693e-01, 1.195681630634e-03, 3.6064e+01, 1.0399e-01, 
 2DIAGNOSTIC,    14, -4.569188952446e-01, 8.390677976422e-04, 3.6144e+01, 8.0298e-02, 
 2DIAGNOSTIC,    15, -4.568922221661e-01, 4.942084196955e-04, 3.6210e+01, 6.5755e-02, 
 2DIAGNOSTIC,    16, -4.568777978420e-01, 1.923550007632e-04, 3.6275e+01, 6.5764e-02, 
 2DIAGNOSTIC,    17, -4.568379521370e-01, 1.043956726789e-04, 3.6362e+01, 8.6258e-02, 
 2DIAGNOSTIC,    18, -4.568673372269e-01, 5.061453703092e-05, 3.6438e+01, 7.6064e-02, 
 2DIAGNOSTIC,    19, -4.567486643791e-01, 1.367240838590e-05, 3.6503e+01, 6.5813e-02, 
DIAGNOSTIC,Iteration,metricValue,convergenceValue,ITERATION_TIME_INDEX,SINCE_LAST
 2DIAGNOSTIC,     1, -3.835253417492e-01, inf, 4.5790e+01, 9.2868e+00, 
 2DIAGNOSTIC,     2, -3.835370838642e-01, inf, 4.6398e+01, 6.0735e-01, 
 2DIAGNOSTIC,     3, -3.835355341434e-01, inf, 4.7012e+01, 6.1488e-01, 
 2DIAGNOSTIC,     4, -3.835377693176e-01, inf, 4.7548e+01, 5.3529e-01, 
 2DIAGNOSTIC,     5, -3.835414946079e-01, inf, 4.8168e+01, 6.2013e-01, 
 2DIAGNOSTIC,     6, -3.835426867008e-01, inf, 4.8795e+01, 6.2696e-01, 
 2DIAGNOSTIC,     7, -3.835351765156e-01, inf, 4.9328e+01, 5.3308e-01, 
 2DIAGNOSTIC,     8, -3.835461735725e-01, inf, 5.0127e+01, 7.9876e-01, 
 2DIAGNOSTIC,     9, -3.835430443287e-01, inf, 5.0748e+01, 6.2143e-01, 
 2DIAGNOSTIC,    10, -3.835413157940e-01, 5.229190719547e-06, 5.1367e+01, 6.1865e-01, 
 2DIAGNOSTIC,    11, -3.835430443287e-01, 3.946603101213e-06, 5.1990e+01, 6.2358e-01, 
 2DIAGNOSTIC,    12, -3.835385143757e-01, 3.234245014028e-06, 5.2519e+01, 5.2831e-01, 
 2DIAGNOSTIC,    13, -3.835417926311e-01, 2.676014673852e-06, 5.3137e+01, 6.1856e-01, 
 2DIAGNOSTIC,    14, -3.835443854332e-01, 2.415474455120e-06, 5.3845e+01, 7.0779e-01, 
 2DIAGNOSTIC,    15, -3.835436105728e-01, 2.321384499737e-06, 5.4473e+01, 6.2789e-01, 
 2DIAGNOSTIC,    16, -3.835364580154e-01, 1.963058366528e-06, 5.5002e+01, 5.2895e-01, 
 2DIAGNOSTIC,    17, -3.835354745388e-01, 1.275200474993e-06, 5.5633e+01, 6.3080e-01, 
 2DIAGNOSTIC,    18, -3.835334777832e-01, 1.088465637622e-06, 5.6159e+01, 5.2676e-01, 
DIAGNOSTIC,Iteration,metricValue,convergenceValue,ITERATION_TIME_INDEX,SINCE_LAST
 2DIAGNOSTIC,     1, -3.311543464661e-01, inf, 6.5780e+01, 9.6209e+00, 
  Elapsed time (stage 1): 6.7649e+01


Stage 2
  iterations = 100x100x70x50x0
  convergence threshold = 1.0000e-06
  convergence window size = 10
  number of levels = 5
  using the Mattes MI metric (number of bins = 32, weight = 1.0000e+00)
  preprocessing:  winsorizing the image intensities
  Shrink factors (level 1 out of 5): [10, 10, 10]
  Shrink factors (level 2 out of 5): [6, 6, 6]
  Shrink factors (level 3 out of 5): [4, 4, 4]
  Shrink factors (level 4 out of 5): [2, 2, 2]
  Shrink factors (level 5 out of 5): [1, 1, 1]
  smoothing sigmas per level: [5, 3, 2, 1, 0]
  Using default NONE metricSamplingStrategy 

*** Running SyN registration (varianceForUpdateField = 3.0000e+00, varianceForTotalField = 0.0000e+00) ***

XXDIAGNOSTIC,Iteration,metricValue,convergenceValue,ITERATION_TIME_INDEX,SINCE_LAST
 1DIAGNOSTIC,     1, -5.081676244736e-01, inf, 3.3073e+01, 3.3073e+01, 
 1DIAGNOSTIC,     2, -5.225243568420e-01, inf, 3.3227e+01, 1.5410e-01, 
 1DIAGNOSTIC,     3, -5.334019660950e-01, inf, 3.3374e+01, 1.4710e-01, 
 1DIAGNOSTIC,     4, -5.361672639847e-01, inf, 3.3526e+01, 1.5150e-01, 
 1DIAGNOSTIC,     5, -5.350078344345e-01, inf, 3.3681e+01, 1.5502e-01, 
 1DIAGNOSTIC,     6, -5.319555997849e-01, inf, 3.3835e+01, 1.5446e-01, 
 1DIAGNOSTIC,     7, -5.301803946495e-01, inf, 3.3989e+01, 1.5382e-01, 
 1DIAGNOSTIC,     8, -5.280146598816e-01, inf, 3.4137e+01, 1.4766e-01, 
 1DIAGNOSTIC,     9, -5.255590677261e-01, inf, 3.4284e+01, 1.4757e-01, 
 1DIAGNOSTIC,    10, -5.223715305328e-01, 5.299138720147e-04, 3.4433e+01, 1.4840e-01, 
 1DIAGNOSTIC,    11, -5.212345123291e-01, -1.072818180546e-03, 3.4581e+01, 1.4820e-01, 
XXDIAGNOSTIC,Iteration,metricValue,convergenceValue,ITERATION_TIME_INDEX,SINCE_LAST
 1DIAGNOSTIC,     1, -4.152625799179e-01, inf, 4.9383e+01, 1.4803e+01, 
 1DIAGNOSTIC,     2, -4.171271920204e-01, inf, 4.9966e+01, 5.8278e-01, 
 1DIAGNOSTIC,     3, -4.179856181145e-01, inf, 5.0566e+01, 5.9944e-01, 
 1DIAGNOSTIC,     4, -4.175922274590e-01, inf, 5.1175e+01, 6.0929e-01, 
 1DIAGNOSTIC,     5, -4.167197942734e-01, inf, 5.1787e+01, 6.1188e-01, 
 1DIAGNOSTIC,     6, -4.158594608307e-01, inf, 5.2372e+01, 5.8561e-01, 
 1DIAGNOSTIC,     7, -4.153068661690e-01, inf, 5.2983e+01, 6.1032e-01, 
 1DIAGNOSTIC,     8, -4.144722223282e-01, inf, 5.3610e+01, 6.2739e-01, 
 1DIAGNOSTIC,     9, -4.132534861565e-01, inf, 5.4194e+01, 5.8372e-01, 
 1DIAGNOSTIC,    10, -4.122572541237e-01, -6.851626676507e-04, 5.4793e+01, 5.9967e-01, 
XXDIAGNOSTIC,Iteration,metricValue,convergenceValue,ITERATION_TIME_INDEX,SINCE_LAST
 1DIAGNOSTIC,     1, -3.538907170296e-01, inf, 6.5199e+01, 1.0405e+01, 
 1DIAGNOSTIC,     2, -3.549153506756e-01, inf, 6.7055e+01, 1.8563e+00, 
 1DIAGNOSTIC,     3, -3.556876182556e-01, inf, 6.8988e+01, 1.9326e+00, 
 1DIAGNOSTIC,     4, -3.560952544212e-01, inf, 7.0847e+01, 1.8595e+00, 
 1DIAGNOSTIC,     5, -3.563377857208e-01, inf, 7.2688e+01, 1.8407e+00, 
 1DIAGNOSTIC,     6, -3.564504981041e-01, inf, 7.4557e+01, 1.8693e+00, 
 1DIAGNOSTIC,     7, -3.564542531967e-01, inf, 7.6388e+01, 1.8313e+00, 
 1DIAGNOSTIC,     8, -3.565148115158e-01, inf, 7.8206e+01, 1.8178e+00, 
 1DIAGNOSTIC,     9, -3.565084338188e-01, inf, 8.0086e+01, 1.8795e+00, 
 1DIAGNOSTIC,    10, -3.562535345554e-01, 3.642477095127e-04, 8.1967e+01, 1.8807e+00, 
 1DIAGNOSTIC,    11, -3.559332191944e-01, 1.397822925355e-04, 8.3861e+01, 1.8942e+00, 
 1DIAGNOSTIC,    12, -3.557015955448e-01, -7.306127372431e-06, 8.5746e+01, 1.8857e+00, 
XXDIAGNOSTIC,Iteration,metricValue,convergenceValue,ITERATION_TIME_INDEX,SINCE_LAST
 1DIAGNOSTIC,     1, -3.025297224522e-01, inf, 1.0582e+02, 2.0071e+01, 
 1DIAGNOSTIC,     2, -3.033922612667e-01, inf, 1.1932e+02, 1.3503e+01, 
 1DIAGNOSTIC,     3, -3.043929338455e-01, inf, 1.3283e+02, 1.3512e+01, 
 1DIAGNOSTIC,     4, -3.052741289139e-01, inf, 1.4643e+02, 1.3593e+01, 
 1DIAGNOSTIC,     5, -3.059822320938e-01, inf, 1.5940e+02, 1.2976e+01, 
 1DIAGNOSTIC,     6, -3.065390586853e-01, inf, 1.7254e+02, 1.3138e+01, 
 1DIAGNOSTIC,     7, -3.071672916412e-01, inf, 1.8591e+02, 1.3365e+01, 
 1DIAGNOSTIC,     8, -3.077874779701e-01, inf, 1.9894e+02, 1.3038e+01, 
 1DIAGNOSTIC,     9, -3.083481192589e-01, inf, 2.1199e+02, 1.3048e+01, 
 1DIAGNOSTIC,    10, -3.088555335999e-01, 1.304715056904e-03, 2.2592e+02, 1.3931e+01, 
 1DIAGNOSTIC,    11, -3.093324005604e-01, 1.094622421078e-03, 2.3896e+02, 1.3040e+01, 
 1DIAGNOSTIC,    12, -3.096972405910e-01, 9.152400889434e-04, 2.5294e+02, 1.3973e+01, 
 1DIAGNOSTIC,    13, -3.101050257683e-01, 7.802943000570e-04, 2.6697e+02, 1.4031e+01, 
 1DIAGNOSTIC,    14, -3.103606700897e-01, 6.682336679660e-04, 2.8095e+02, 1.3980e+01, 
 1DIAGNOSTIC,    15, -3.105966448784e-01, 5.682358168997e-04, 2.9501e+02, 1.4060e+01, 
 1DIAGNOSTIC,    16, -3.108039498329e-01, 4.725327889901e-04, 3.0894e+02, 1.3933e+01, 
 1DIAGNOSTIC,    17, -3.110018968582e-01, 3.891683591064e-04, 3.2308e+02, 1.4135e+01, 
 1DIAGNOSTIC,    18, -3.111739158630e-01, 3.194604942109e-04, 3.3703e+02, 1.3959e+01, 
 1DIAGNOSTIC,    19, -3.113685250282e-01, 2.639712183736e-04, 3.5103e+02, 1.4000e+01, 
 1DIAGNOSTIC,    20, -3.115274310112e-01, 2.200358576374e-04, 3.6503e+02, 1.4001e+01, 
 1DIAGNOSTIC,    21, -3.117375969887e-01, 1.898659975268e-04, 3.7857e+02, 1.3534e+01, 
 1DIAGNOSTIC,    22, -3.118731379509e-01, 1.653944927966e-04, 3.9255e+02, 1.3978e+01, 
 1DIAGNOSTIC,    23, -3.121108710766e-01, 1.533996983198e-04, 4.0555e+02, 1.3003e+01, 
 1DIAGNOSTIC,    24, -3.121771216393e-01, 1.402305206284e-04, 4.1948e+02, 1.3929e+01, 
 1DIAGNOSTIC,    25, -3.122368454933e-01, 1.258994307136e-04, 4.3303e+02, 1.3550e+01, 
 1DIAGNOSTIC,    26, -3.122269511223e-01, 1.078708301065e-04, 4.4711e+02, 1.4080e+01, 
 1DIAGNOSTIC,    27, -3.122899532318e-01, 8.996594260680e-05, 4.6068e+02, 1.3571e+01, 
 1DIAGNOSTIC,    28, -3.123564124107e-01, 7.260899292305e-05, 4.7467e+02, 1.3992e+01, 
 1DIAGNOSTIC,    29, -3.125861883163e-01, 6.304326234385e-05, 4.8874e+02, 1.4073e+01, 
 1DIAGNOSTIC,    30, -3.127615451813e-01, 5.829531073687e-05, 5.0271e+02, 1.3965e+01, 
 1DIAGNOSTIC,    31, -3.129332065582e-01, 5.970135680400e-05, 5.1667e+02, 1.3964e+01, 
 1DIAGNOSTIC,    32, -3.130459189415e-01, 6.242303788895e-05, 5.3064e+02, 1.3970e+01, 
 1DIAGNOSTIC,    33, -3.131426870823e-01, 6.839703564765e-05, 5.4460e+02, 1.3955e+01, 
 1DIAGNOSTIC,    34, -3.132581114769e-01, 7.240119884955e-05, 5.5856e+02, 1.3965e+01, 
 1DIAGNOSTIC,    35, -3.134158849716e-01, 7.501110667363e-05, 5.7258e+02, 1.4018e+01, 
 1DIAGNOSTIC,    36, -3.135946393013e-01, 7.465564704034e-05, 5.8668e+02, 1.4092e+01, 
 1DIAGNOSTIC,    37, -3.136704266071e-01, 7.072374137351e-05, 6.0072e+02, 1.4040e+01, 
 1DIAGNOSTIC,    38, -3.137068152428e-01, 6.278890214162e-05, 6.1476e+02, 1.4049e+01, 
 1DIAGNOSTIC,    39, -3.137003183365e-01, 5.457466613734e-05, 6.2872e+02, 1.3958e+01, 
 1DIAGNOSTIC,    40, -3.137192130089e-01, 4.600534521160e-05, 6.4275e+02, 1.4029e+01, 
 1DIAGNOSTIC,    41, -3.137318491936e-01, 3.756658406928e-05, 6.5680e+02, 1.4049e+01, 
 1DIAGNOSTIC,    42, -3.137236833572e-01, 2.827420394169e-05, 6.7146e+02, 1.4657e+01, 
 1DIAGNOSTIC,    43, -3.137602210045e-01, 1.965357296285e-05, 6.8563e+02, 1.4169e+01, 
 1DIAGNOSTIC,    44, -3.137459158897e-01, 1.167761274701e-05, 6.9973e+02, 1.4102e+01, 
 1DIAGNOSTIC,    45, -3.137860298157e-01, 6.966227829253e-06, 7.1391e+02, 1.4184e+01, 
 1DIAGNOSTIC,    46, -3.138034939766e-01, 5.705676812795e-06, 7.2815e+02, 1.4237e+01, 
 1DIAGNOSTIC,    47, -3.138210475445e-01, 5.812927156512e-06, 7.4192e+02, 1.3769e+01, 
 1DIAGNOSTIC,    48, -3.137963116169e-01, 5.654801498167e-06, 7.5614e+02, 1.4220e+01, 
 1DIAGNOSTIC,    49, -3.139325976372e-01, 7.456476396328e-06, 7.7033e+02, 1.4195e+01, 
 1DIAGNOSTIC,    50, -3.140125870705e-01, 1.025801884680e-05, 7.8454e+02, 1.4206e+01, 
  Elapsed time (stage 2): 808.6


Total elapsed time: 935.3

--- Writing output images ---

Using double precision for computations.
Input scalar image: data/Segmentations/1005_3_seg.nii.gz
Reference image: data/template/T_template0_BrainCerebellum.nii.gz
=============================================================================
The composite transform comprises the following transforms (in order): 
  1. /tmp/1978845.1.basic.q/1005_ToTemplate_018_0GenericAffine.mat (type = AffineTransform)
  2. /tmp/1978845.1.basic.q/1005_ToTemplate_018_1Warp.nii.gz (type = DisplacementFieldTransform)
=============================================================================
Default pixel value: 0
Interpolation type: LabelImageGenericInterpolateImageFunction
Output warped image: output/1005/1005_WarpedLabels_018.nii.gz

--- Done ---

