
--- Running on compute-2-13.local ---


--- registration call ---
/data/jet/pcook/bin/antsBuild/bin/antsRegistrationSyNQuick.sh -d 3 -f data/template/T_template0_BrainCerebellum.nii.gz -m data/Brains/1018_3.nii.gz -t s -p f -n 1 -o /tmp/1978943.1.basic.q/1018_ToTemplate_016_
---


--------------------------------------------------------------------------------------
 Mapping parameters
--------------------------------------------------------------------------------------
 ANTSPATH is /data/jet/pcook/bin/antsBuild/bin/

 Dimensionality:           3
 Output name prefix:       /tmp/1978943.1.basic.q/1018_ToTemplate_016_
 Fixed images:             data/template/T_template0_BrainCerebellum.nii.gz
 Moving images:            data/Brains/1018_3.nii.gz
 Mask images:              
 Initial transforms:       
 Number of threads:        1
 Spline distance:          26
 Transform type:           s
 MI histogram bins:        32
 Precision:                f
 Use histogram matching    0
======================================================================================
 antsRegistration call:
--------------------------------------------------------------------------------------
/data/jet/pcook/bin/antsBuild/bin//antsRegistration --verbose 1 --dimensionality 3 --float 1 --collapse-output-transforms 1 --output [/tmp/1978943.1.basic.q/1018_ToTemplate_016_,/tmp/1978943.1.basic.q/1018_ToTemplate_016_Warped.nii.gz,/tmp/1978943.1.basic.q/1018_ToTemplate_016_InverseWarped.nii.gz] --interpolation Linear --use-histogram-matching 0 --winsorize-image-intensities [0.005,0.995] --initial-moving-transform [data/template/T_template0_BrainCerebellum.nii.gz,data/Brains/1018_3.nii.gz,1] --transform Rigid[0.1] --metric MI[data/template/T_template0_BrainCerebellum.nii.gz,data/Brains/1018_3.nii.gz,1,32,Regular,0.25] --convergence [1000x500x250x0,1e-6,10] --shrink-factors 12x8x4x2 --smoothing-sigmas 4x3x2x1vox --transform Affine[0.1] --metric MI[data/template/T_template0_BrainCerebellum.nii.gz,data/Brains/1018_3.nii.gz,1,32,Regular,0.25] --convergence [1000x500x250x0,1e-6,10] --shrink-factors 12x8x4x2 --smoothing-sigmas 4x3x2x1vox --transform SyN[0.1,3,0] --metric MI[data/template/T_template0_BrainCerebellum.nii.gz,data/Brains/1018_3.nii.gz,1,32] --convergence [100x100x70x50x0,1e-6,10] --shrink-factors 10x6x4x2x1 --smoothing-sigmas 5x3x2x1x0vox
--------------------------------------------------------------------------------------
All_Command_lines_OK
Using single precision for computations.
=============================================================================
The composite transform comprises the following transforms (in order): 
  1. Center of mass alignment using fixed image: data/template/T_template0_BrainCerebellum.nii.gz and moving image: data/Brains/1018_3.nii.gz (type = Euler3DTransform)
=============================================================================
  number of levels = 4
  number of levels = 4
  number of levels = 5
  fixed image: data/template/T_template0_BrainCerebellum.nii.gz
  moving image: data/Brains/1018_3.nii.gz
  fixed image: data/template/T_template0_BrainCerebellum.nii.gz
  moving image: data/Brains/1018_3.nii.gz
  fixed image: data/template/T_template0_BrainCerebellum.nii.gz
  moving image: data/Brains/1018_3.nii.gz
Dimension = 3
Number of stages = 3
Use Histogram Matching false
Winsorize image intensities true
Lower quantile = 0.005
Upper quantile = 0.995
Stage 1 State
   Image metric = Mattes
     Fixed image = Image (0x3cc5440)
  RTTI typeinfo:   itk::Image<float, 3u>
  Reference Count: 2
  Modified Time: 1611
  Debug: Off
  Object Name: 
  Observers: 
    none
  Source: (none)
  Source output name: (none)
  Release Data: Off
  Data Released: False
  Global Release Data: Off
  PipelineMTime: 0
  UpdateMTime: 1422
  RealTimeStamp: 0 seconds 
  LargestPossibleRegion: 
    Dimension: 3
    Index: [0, 0, 0]
    Size: [216, 256, 291]
  BufferedRegion: 
    Dimension: 3
    Index: [0, 0, 0]
    Size: [216, 256, 291]
  RequestedRegion: 
    Dimension: 3
    Index: [0, 0, 0]
    Size: [216, 256, 291]
  Spacing: [1, 1, 1]
  Origin: [0, 293, 0]
  Direction: 
1 0 0
0 -0 -1
0 -1 -0

  IndexToPointMatrix: 
1 0 0
0 0 -1
0 -1 0

  PointToIndexMatrix: 
1 0 0
0 0 -1
0 -1 0

  Inverse Direction: 
1 0 0
0 0 -1
0 -1 0

  PixelContainer: 
    ImportImageContainer (0x3cab120)
      RTTI typeinfo:   itk::ImportImageContainer<unsigned long, float>
      Reference Count: 1
      Modified Time: 1419
      Debug: Off
      Object Name: 
      Observers: 
        none
      Pointer: 0x7f98a83ed010
      Container manages memory: true
      Size: 16091136
      Capacity: 16091136

     Moving image = Image (0x3cc5e80)
  RTTI typeinfo:   itk::Image<float, 3u>
  Reference Count: 2
  Modified Time: 1612
  Debug: Off
  Object Name: 
  Observers: 
    none
  Source: (none)
  Source output name: (none)
  Release Data: Off
  Data Released: False
  Global Release Data: Off
  PipelineMTime: 0
  UpdateMTime: 1609
  RealTimeStamp: 0 seconds 
  LargestPossibleRegion: 
    Dimension: 3
    Index: [0, 0, 0]
    Size: [256, 256, 291]
  BufferedRegion: 
    Dimension: 3
    Index: [0, 0, 0]
    Size: [256, 256, 291]
  RequestedRegion: 
    Dimension: 3
    Index: [0, 0, 0]
    Size: [256, 256, 291]
  Spacing: [1, 1, 1]
  Origin: [0, 290, 0]
  Direction: 
1 0 0
0 -0 -1
0 -1 -0

  IndexToPointMatrix: 
1 0 0
0 0 -1
0 -1 0

  PointToIndexMatrix: 
1 0 0
0 0 -1
0 -1 0

  Inverse Direction: 
1 0 0
0 0 -1
0 -1 0

  PixelContainer: 
    ImportImageContainer (0x3cc82d0)
      RTTI typeinfo:   itk::ImportImageContainer<unsigned long, float>
      Reference Count: 1
      Modified Time: 1606
      Debug: Off
      Object Name: 
      Observers: 
        none
      Pointer: 0x7f98a3b2c010
      Container manages memory: true
      Size: 19070976
      Capacity: 19070976

     Weighting = 1
     Sampling strategy = regular
     Number of bins = 32
     Radius = 4
     Sampling percentage  = 0.25
   Transform = Rigid
     Gradient step = 0.1
     Update field sigma (voxel space) = 0
     Total field sigma (voxel space) = 0
     Update field time sigma = 0
     Total field time sigma  = 0
     Number of time indices = 0
     Number of time point samples = 0
Stage 2 State
   Image metric = Mattes
     Fixed image = Image (0x3cd06e0)
  RTTI typeinfo:   itk::Image<float, 3u>
  Reference Count: 2
  Modified Time: 1987
  Debug: Off
  Object Name: 
  Observers: 
    none
  Source: (none)
  Source output name: (none)
  Release Data: Off
  Data Released: False
  Global Release Data: Off
  PipelineMTime: 0
  UpdateMTime: 1798
  RealTimeStamp: 0 seconds 
  LargestPossibleRegion: 
    Dimension: 3
    Index: [0, 0, 0]
    Size: [216, 256, 291]
  BufferedRegion: 
    Dimension: 3
    Index: [0, 0, 0]
    Size: [216, 256, 291]
  RequestedRegion: 
    Dimension: 3
    Index: [0, 0, 0]
    Size: [216, 256, 291]
  Spacing: [1, 1, 1]
  Origin: [0, 293, 0]
  Direction: 
1 0 0
0 -0 -1
0 -1 -0

  IndexToPointMatrix: 
1 0 0
0 0 -1
0 -1 0

  PointToIndexMatrix: 
1 0 0
0 0 -1
0 -1 0

  Inverse Direction: 
1 0 0
0 0 -1
0 -1 0

  PixelContainer: 
    ImportImageContainer (0x3cd0f80)
      RTTI typeinfo:   itk::ImportImageContainer<unsigned long, float>
      Reference Count: 1
      Modified Time: 1795
      Debug: Off
      Object Name: 
      Observers: 
        none
      Pointer: 0x7f989fdc9010
      Container manages memory: true
      Size: 16091136
      Capacity: 16091136

     Moving image = Image (0x3cd0a70)
  RTTI typeinfo:   itk::Image<float, 3u>
  Reference Count: 2
  Modified Time: 1988
  Debug: Off
  Object Name: 
  Observers: 
    none
  Source: (none)
  Source output name: (none)
  Release Data: Off
  Data Released: False
  Global Release Data: Off
  PipelineMTime: 0
  UpdateMTime: 1985
  RealTimeStamp: 0 seconds 
  LargestPossibleRegion: 
    Dimension: 3
    Index: [0, 0, 0]
    Size: [256, 256, 291]
  BufferedRegion: 
    Dimension: 3
    Index: [0, 0, 0]
    Size: [256, 256, 291]
  RequestedRegion: 
    Dimension: 3
    Index: [0, 0, 0]
    Size: [256, 256, 291]
  Spacing: [1, 1, 1]
  Origin: [0, 290, 0]
  Direction: 
1 0 0
0 -0 -1
0 -1 -0

  IndexToPointMatrix: 
1 0 0
0 0 -1
0 -1 0

  PointToIndexMatrix: 
1 0 0
0 0 -1
0 -1 0

  Inverse Direction: 
1 0 0
0 0 -1
0 -1 0

  PixelContainer: 
    ImportImageContainer (0x3cd1970)
      RTTI typeinfo:   itk::ImportImageContainer<unsigned long, float>
      Reference Count: 1
      Modified Time: 1982
      Debug: Off
      Object Name: 
      Observers: 
        none
      Pointer: 0x7f989b508010
      Container manages memory: true
      Size: 19070976
      Capacity: 19070976

     Weighting = 1
     Sampling strategy = regular
     Number of bins = 32
     Radius = 4
     Sampling percentage  = 0.25
   Transform = Affine
     Gradient step = 0.1
     Update field sigma (voxel space) = 0
     Total field sigma (voxel space) = 0
     Update field time sigma = 0
     Total field time sigma  = 0
     Number of time indices = 0
     Number of time point samples = 0
Stage 3 State
   Image metric = Mattes
     Fixed image = Image (0x3cd77d0)
  RTTI typeinfo:   itk::Image<float, 3u>
  Reference Count: 2
  Modified Time: 2363
  Debug: Off
  Object Name: 
  Observers: 
    none
  Source: (none)
  Source output name: (none)
  Release Data: Off
  Data Released: False
  Global Release Data: Off
  PipelineMTime: 0
  UpdateMTime: 2174
  RealTimeStamp: 0 seconds 
  LargestPossibleRegion: 
    Dimension: 3
    Index: [0, 0, 0]
    Size: [216, 256, 291]
  BufferedRegion: 
    Dimension: 3
    Index: [0, 0, 0]
    Size: [216, 256, 291]
  RequestedRegion: 
    Dimension: 3
    Index: [0, 0, 0]
    Size: [216, 256, 291]
  Spacing: [1, 1, 1]
  Origin: [0, 293, 0]
  Direction: 
1 0 0
0 -0 -1
0 -1 -0

  IndexToPointMatrix: 
1 0 0
0 0 -1
0 -1 0

  PointToIndexMatrix: 
1 0 0
0 0 -1
0 -1 0

  Inverse Direction: 
1 0 0
0 0 -1
0 -1 0

  PixelContainer: 
    ImportImageContainer (0x3cd7a60)
      RTTI typeinfo:   itk::ImportImageContainer<unsigned long, float>
      Reference Count: 1
      Modified Time: 2171
      Debug: Off
      Object Name: 
      Observers: 
        none
      Pointer: 0x7f98977a5010
      Container manages memory: true
      Size: 16091136
      Capacity: 16091136

     Moving image = Image (0x3cda1d0)
  RTTI typeinfo:   itk::Image<float, 3u>
  Reference Count: 2
  Modified Time: 2364
  Debug: Off
  Object Name: 
  Observers: 
    none
  Source: (none)
  Source output name: (none)
  Release Data: Off
  Data Released: False
  Global Release Data: Off
  PipelineMTime: 0
  UpdateMTime: 2361
  RealTimeStamp: 0 seconds 
  LargestPossibleRegion: 
    Dimension: 3
    Index: [0, 0, 0]
    Size: [256, 256, 291]
  BufferedRegion: 
    Dimension: 3
    Index: [0, 0, 0]
    Size: [256, 256, 291]
  RequestedRegion: 
    Dimension: 3
    Index: [0, 0, 0]
    Size: [256, 256, 291]
  Spacing: [1, 1, 1]
  Origin: [0, 290, 0]
  Direction: 
1 0 0
0 -0 -1
0 -1 -0

  IndexToPointMatrix: 
1 0 0
0 0 -1
0 -1 0

  PointToIndexMatrix: 
1 0 0
0 0 -1
0 -1 0

  Inverse Direction: 
1 0 0
0 0 -1
0 -1 0

  PixelContainer: 
    ImportImageContainer (0x3cd7ac0)
      RTTI typeinfo:   itk::ImportImageContainer<unsigned long, float>
      Reference Count: 1
      Modified Time: 2358
      Debug: Off
      Object Name: 
      Observers: 
        none
      Pointer: 0x7f9892ee4010
      Container manages memory: true
      Size: 19070976
      Capacity: 19070976

     Weighting = 1
     Sampling strategy = none
     Number of bins = 32
     Radius = 4
     Sampling percentage  = 1
   Transform = SyN
     Gradient step = 0.1
     Update field sigma (voxel space) = 3
     Total field sigma (voxel space) = 0
     Update field time sigma = 0
     Total field time sigma  = 0
     Number of time indices = 0
     Number of time point samples = 0
Registration using 3 total stages.

Stage 0
  iterations = 1000x500x250x0
  convergence threshold = 1e-06
  convergence window size = 10
  number of levels = 4
  using the Mattes MI metric (number of bins = 32, weight = 1)
  preprocessing:  winsorizing the image intensities
  Shrink factors (level 1 out of 4): [12, 12, 12]
  Shrink factors (level 2 out of 4): [8, 8, 8]
  Shrink factors (level 3 out of 4): [4, 4, 4]
  Shrink factors (level 4 out of 4): [2, 2, 2]
  smoothing sigmas per level: [4, 3, 2, 1]
  regular sampling (percentage = 0.25)

*** Running Euler3DTransform registration ***

DIAGNOSTIC,Iteration,metricValue,convergenceValue,ITERATION_TIME_INDEX,SINCE_LAST
 2DIAGNOSTIC,     1, -4.109326601028e-01, inf, 1.8773e+01, 1.8773e+01, 
 2DIAGNOSTIC,     2, -4.117906689644e-01, inf, 1.8784e+01, 1.0774e-02, 
 2DIAGNOSTIC,     3, -4.132027328014e-01, inf, 1.8795e+01, 1.0585e-02, 
 2DIAGNOSTIC,     4, -4.141891002655e-01, inf, 1.8805e+01, 1.0640e-02, 
 2DIAGNOSTIC,     5, -4.148602485657e-01, inf, 1.8816e+01, 1.0687e-02, 
 2DIAGNOSTIC,     6, -4.151127636433e-01, inf, 1.8827e+01, 1.0607e-02, 
 2DIAGNOSTIC,     7, -4.156419038773e-01, inf, 1.8839e+01, 1.2337e-02, 
 2DIAGNOSTIC,     8, -4.158910512924e-01, inf, 1.8860e+01, 2.0623e-02, 
 2DIAGNOSTIC,     9, -4.158935546875e-01, inf, 1.8870e+01, 1.0771e-02, 
 2DIAGNOSTIC,    10, -4.159421324730e-01, 7.715026731603e-04, 1.8882e+01, 1.1343e-02, 
 2DIAGNOSTIC,    11, -4.159854054451e-01, 5.235914140940e-04, 1.8893e+01, 1.1173e-02, 
 2DIAGNOSTIC,    12, -4.160147905350e-01, 3.194890450686e-04, 1.8904e+01, 1.1181e-02, 
 2DIAGNOSTIC,    13, -4.160410463810e-01, 1.929552236106e-04, 1.8915e+01, 1.1143e-02, 
 2DIAGNOSTIC,    14, -4.160760343075e-01, 1.168218295788e-04, 1.8926e+01, 1.1188e-02, 
 2DIAGNOSTIC,    15, -4.161353707314e-01, 7.386227662209e-05, 1.8939e+01, 1.2796e-02, 
 2DIAGNOSTIC,    16, -4.161641001701e-01, 4.114918556297e-05, 1.8957e+01, 1.7709e-02, 
 2DIAGNOSTIC,    17, -4.160564541817e-01, 2.540223249525e-05, 1.8968e+01, 1.1278e-02, 
 2DIAGNOSTIC,    18, -4.160779118538e-01, 1.971606616280e-05, 1.8979e+01, 1.1180e-02, 
 2DIAGNOSTIC,    19, -4.162358045578e-01, 1.864664591267e-05, 1.8994e+01, 1.4410e-02, 
 2DIAGNOSTIC,    20, -4.161165356636e-01, 1.342502582702e-05, 1.9005e+01, 1.1202e-02, 
 2DIAGNOSTIC,    21, -4.161403477192e-01, 9.962151125364e-06, 1.9016e+01, 1.1183e-02, 
 2DIAGNOSTIC,    22, -4.163038432598e-01, 1.211039398186e-05, 1.9032e+01, 1.6055e-02, 
 2DIAGNOSTIC,    23, -4.161819219589e-01, 1.002874341793e-05, 1.9043e+01, 1.1234e-02, 
 2DIAGNOSTIC,    24, -4.161972701550e-01, 8.758288458921e-06, 1.9055e+01, 1.1128e-02, 
 2DIAGNOSTIC,    25, -4.162232577801e-01, 9.235528523277e-06, 1.9067e+01, 1.2677e-02, 
 2DIAGNOSTIC,    26, -4.162378311157e-01, 1.014051576931e-05, 1.9080e+01, 1.2687e-02, 
 2DIAGNOSTIC,    27, -4.162677824497e-01, 8.096796591417e-06, 1.9096e+01, 1.5926e-02, 
 2DIAGNOSTIC,    28, -4.162804782391e-01, 6.272540304053e-06, 1.9107e+01, 1.1068e-02, 
 2DIAGNOSTIC,    29, -4.162934720516e-01, 8.278077075374e-06, 1.9118e+01, 1.1020e-02, 
 2DIAGNOSTIC,    30, -4.163160324097e-01, 7.243769232446e-06, 1.9129e+01, 1.1002e-02, 
 2DIAGNOSTIC,    31, -4.163560271263e-01, 6.952120202186e-06, 1.9140e+01, 1.1049e-02, 
 2DIAGNOSTIC,    32, -4.164305031300e-01, 1.126336064772e-05, 1.9153e+01, 1.2782e-02, 
 2DIAGNOSTIC,    33, -4.164755344391e-01, 1.271364726563e-05, 1.9167e+01, 1.4306e-02, 
 2DIAGNOSTIC,    34, -4.165051579475e-01, 1.386408348480e-05, 1.9186e+01, 1.8644e-02, 
 2DIAGNOSTIC,    35, -4.165227115154e-01, 1.458031056245e-05, 1.9201e+01, 1.4845e-02, 
 2DIAGNOSTIC,    36, -4.166513979435e-01, 1.665921263339e-05, 1.9214e+01, 1.3055e-02, 
 2DIAGNOSTIC,    37, -4.171156883240e-01, 2.617367499624e-05, 1.9227e+01, 1.3237e-02, 
 2DIAGNOSTIC,    38, -4.174873530865e-01, 3.947135337512e-05, 1.9242e+01, 1.4819e-02, 
 2DIAGNOSTIC,    39, -4.178752005100e-01, 5.537987453863e-05, 1.9257e+01, 1.4802e-02, 
 2DIAGNOSTIC,    40, -4.181722700596e-01, 7.075473695295e-05, 1.9270e+01, 1.3005e-02, 
 2DIAGNOSTIC,    41, -4.185849130154e-01, 8.619368600193e-05, 1.9286e+01, 1.6703e-02, 
 2DIAGNOSTIC,    42, -4.188275933266e-01, 9.769593452802e-05, 1.9301e+01, 1.4826e-02, 
 2DIAGNOSTIC,    43, -4.190903306007e-01, 1.042052826961e-04, 1.9314e+01, 1.3166e-02, 
 2DIAGNOSTIC,    44, -4.207726120949e-01, 1.271113724215e-04, 1.9331e+01, 1.7085e-02, 
 2DIAGNOSTIC,    45, -4.210715591908e-01, 1.410804543411e-04, 1.9348e+01, 1.7147e-02, 
 2DIAGNOSTIC,    46, -4.233348071575e-01, 1.765401975717e-04, 1.9363e+01, 1.4747e-02, 
 2DIAGNOSTIC,    47, -4.250152409077e-01, 2.241456677439e-04, 1.9378e+01, 1.4732e-02, 
 2DIAGNOSTIC,    48, -4.252892732620e-01, 2.570999495219e-04, 1.9418e+01, 3.9936e-02, 
 2DIAGNOSTIC,    49, -4.252890646458e-01, 2.697811578400e-04, 1.9431e+01, 1.3161e-02, 
 2DIAGNOSTIC,    50, -4.252901077271e-01, 2.603039902169e-04, 1.9444e+01, 1.2876e-02, 
 2DIAGNOSTIC,    51, -4.252915382385e-01, 2.316096943105e-04, 1.9457e+01, 1.2901e-02, 
 2DIAGNOSTIC,    52, -4.252941608429e-01, 1.848351967055e-04, 1.9470e+01, 1.2909e-02, 
 2DIAGNOSTIC,    53, -4.252984225750e-01, 1.253735972568e-04, 1.9483e+01, 1.2910e-02, 
 2DIAGNOSTIC,    54, -4.253055155277e-01, 7.803012704244e-05, 1.9495e+01, 1.2889e-02, 
 2DIAGNOSTIC,    55, -4.253164231777e-01, 2.833778853528e-05, 1.9510e+01, 1.4678e-02, 
 2DIAGNOSTIC,    56, -4.253269731998e-01, 4.842900125368e-06, 1.9523e+01, 1.2884e-02, 
DIAGNOSTIC,Iteration,metricValue,convergenceValue,ITERATION_TIME_INDEX,SINCE_LAST
 2DIAGNOSTIC,     1, -3.755860626698e-01, inf, 3.3600e+01, 1.4077e+01, 
 2DIAGNOSTIC,     2, -3.757282197475e-01, inf, 3.3668e+01, 6.7933e-02, 
 2DIAGNOSTIC,     3, -3.756956756115e-01, inf, 3.3724e+01, 5.5513e-02, 
 2DIAGNOSTIC,     4, -3.757334351540e-01, inf, 3.3790e+01, 6.5976e-02, 
 2DIAGNOSTIC,     5, -3.758684396744e-01, inf, 3.3845e+01, 5.5205e-02, 
 2DIAGNOSTIC,     6, -3.759617805481e-01, inf, 3.3909e+01, 6.4059e-02, 
 2DIAGNOSTIC,     7, -3.760264813900e-01, inf, 3.3974e+01, 6.5507e-02, 
 2DIAGNOSTIC,     8, -3.762592971325e-01, inf, 3.4030e+01, 5.5287e-02, 
 2DIAGNOSTIC,     9, -3.770759105682e-01, inf, 3.4095e+01, 6.5631e-02, 
 2DIAGNOSTIC,    10, -3.771308362484e-01, 2.502840070520e-04, 3.4161e+01, 6.5638e-02, 
 2DIAGNOSTIC,    11, -3.771016597748e-01, 2.613372053020e-04, 3.4231e+01, 7.0151e-02, 
 2DIAGNOSTIC,    12, -3.774331808090e-01, 2.781820367090e-04, 3.4290e+01, 5.8586e-02, 
 2DIAGNOSTIC,    13, -3.778602778912e-01, 2.896277583204e-04, 3.4348e+01, 5.8186e-02, 
 2DIAGNOSTIC,    14, -3.779670894146e-01, 2.797840570565e-04, 3.4439e+01, 9.1552e-02, 
 2DIAGNOSTIC,    15, -3.779540956020e-01, 2.523451403249e-04, 3.4509e+01, 6.9629e-02, 
 2DIAGNOSTIC,    16, -3.782434761524e-01, 2.244763163617e-04, 3.4576e+01, 6.6908e-02, 
 2DIAGNOSTIC,    17, -3.782647252083e-01, 1.828031672630e-04, 3.4632e+01, 5.6002e-02, 
 2DIAGNOSTIC,    18, -3.782162964344e-01, 1.355597778456e-04, 3.4688e+01, 5.5930e-02, 
 2DIAGNOSTIC,    19, -3.782983422279e-01, 1.168261951534e-04, 3.4743e+01, 5.4937e-02, 
 2DIAGNOSTIC,    20, -3.784089088440e-01, 9.580951154931e-05, 3.4798e+01, 5.5664e-02, 
 2DIAGNOSTIC,    21, -3.785597681999e-01, 7.201510743471e-05, 3.4854e+01, 5.5867e-02, 
 2DIAGNOSTIC,    22, -3.787492513657e-01, 6.117160955910e-05, 3.4952e+01, 9.7348e-02, 
 2DIAGNOSTIC,    23, -3.788208067417e-01, 6.202510121511e-05, 3.5017e+01, 6.5598e-02, 
 2DIAGNOSTIC,    24, -3.788609802723e-01, 6.190268322825e-05, 3.5087e+01, 6.9626e-02, 
 2DIAGNOSTIC,    25, -3.789257407188e-01, 5.739779589931e-05, 3.5146e+01, 5.8700e-02, 
 2DIAGNOSTIC,    26, -3.788972198963e-01, 5.541014616028e-05, 3.5204e+01, 5.8329e-02, 
 2DIAGNOSTIC,    27, -3.789415061474e-01, 5.036150469095e-05, 3.5262e+01, 5.8156e-02, 
 2DIAGNOSTIC,    28, -3.790302574635e-01, 4.208854443277e-05, 3.5331e+01, 6.9137e-02, 
 2DIAGNOSTIC,    29, -3.790603876114e-01, 3.338295937283e-05, 3.5409e+01, 7.8130e-02, 
 2DIAGNOSTIC,    30, -3.790762424469e-01, 2.535202838772e-05, 3.5466e+01, 5.6407e-02, 
 2DIAGNOSTIC,    31, -3.790876567364e-01, 1.942073868122e-05, 3.5532e+01, 6.6747e-02, 
 2DIAGNOSTIC,    32, -3.790893256664e-01, 1.658676410443e-05, 3.5598e+01, 6.5085e-02, 
 2DIAGNOSTIC,    33, -3.791742026806e-01, 1.596100810275e-05, 3.5663e+01, 6.5840e-02, 
 2DIAGNOSTIC,    34, -3.791874647141e-01, 1.502924351371e-05, 3.5719e+01, 5.5909e-02, 
 2DIAGNOSTIC,    35, -3.791709840298e-01, 1.391517798766e-05, 3.5775e+01, 5.5866e-02, 
 2DIAGNOSTIC,    36, -3.791625201702e-01, 1.089689885703e-05, 3.5841e+01, 6.5885e-02, 
 2DIAGNOSTIC,    37, -3.790771961212e-01, 6.213971118996e-06, 3.5922e+01, 8.0754e-02, 
 2DIAGNOSTIC,    38, -3.791488111019e-01, 4.443718808034e-06, 3.6058e+01, 1.3611e-01, 
 2DIAGNOSTIC,    39, -3.791841864586e-01, 3.607095095504e-06, 3.6116e+01, 5.8138e-02, 
 2DIAGNOSTIC,    40, -3.791529238224e-01, 2.253090769955e-06, 3.6174e+01, 5.8184e-02, 
 2DIAGNOSTIC,    41, -3.791621625423e-01, 1.282232460653e-06, 3.6243e+01, 6.8901e-02, 
DIAGNOSTIC,Iteration,metricValue,convergenceValue,ITERATION_TIME_INDEX,SINCE_LAST
 2DIAGNOSTIC,     1, -3.216120898724e-01, inf, 4.5354e+01, 9.1104e+00, 
 2DIAGNOSTIC,     2, -3.220191597939e-01, inf, 4.5799e+01, 4.4511e-01, 
 2DIAGNOSTIC,     3, -3.222894370556e-01, inf, 4.6246e+01, 4.4772e-01, 
 2DIAGNOSTIC,     4, -3.225783705711e-01, inf, 4.6778e+01, 5.3138e-01, 
 2DIAGNOSTIC,     5, -3.226628303528e-01, inf, 4.7302e+01, 5.2463e-01, 
 2DIAGNOSTIC,     6, -3.226822614670e-01, inf, 4.7738e+01, 4.3551e-01, 
 2DIAGNOSTIC,     7, -3.227084875107e-01, inf, 4.8261e+01, 5.2268e-01, 
 2DIAGNOSTIC,     8, -3.227139115334e-01, inf, 4.8780e+01, 5.1943e-01, 
 2DIAGNOSTIC,     9, -3.227226138115e-01, inf, 4.9565e+01, 7.8454e-01, 
 2DIAGNOSTIC,    10, -3.227282464504e-01, 1.876207825262e-04, 5.0177e+01, 6.1200e-01, 
 2DIAGNOSTIC,    11, -3.227262496948e-01, 1.006259190035e-04, 5.0789e+01, 6.1264e-01, 
 2DIAGNOSTIC,    12, -3.227235972881e-01, 4.884415830020e-05, 5.1319e+01, 5.2938e-01, 
 2DIAGNOSTIC,    13, -3.227243125439e-01, 1.875548150565e-05, 5.1758e+01, 4.3982e-01, 
 2DIAGNOSTIC,    14, -3.227216601372e-01, 9.376912203152e-06, 5.2285e+01, 5.2655e-01, 
 2DIAGNOSTIC,    15, -3.227224349976e-01, 5.594174126600e-06, 5.2806e+01, 5.2124e-01, 
 2DIAGNOSTIC,    16, -3.227114677429e-01, 2.401111032668e-06, 5.3242e+01, 4.3599e-01, 
DIAGNOSTIC,Iteration,metricValue,convergenceValue,ITERATION_TIME_INDEX,SINCE_LAST
 2DIAGNOSTIC,     1, -2.788505852222e-01, inf, 6.2090e+01, 8.8478e+00, 
  Elapsed time (stage 0): 6.3885e+01


Stage 1
  iterations = 1000x500x250x0
  convergence threshold = 1.0000e-06
  convergence window size = 10
  number of levels = 4
  using the Mattes MI metric (number of bins = 32, weight = 1.0000e+00)
  preprocessing:  winsorizing the image intensities
  Shrink factors (level 1 out of 4): [12, 12, 12]
  Shrink factors (level 2 out of 4): [8, 8, 8]
  Shrink factors (level 3 out of 4): [4, 4, 4]
  Shrink factors (level 4 out of 4): [2, 2, 2]
  smoothing sigmas per level: [4, 3, 2, 1]
  regular sampling (percentage = 2.5000e-01)

*** Running AffineTransform registration ***

DIAGNOSTIC,Iteration,metricValue,convergenceValue,ITERATION_TIME_INDEX,SINCE_LAST
 2DIAGNOSTIC,     1, -4.215998649597e-01, inf, 1.9240e+01, 1.9240e+01, 
 2DIAGNOSTIC,     2, -4.226848185062e-01, inf, 1.9256e+01, 1.5306e-02, 
 2DIAGNOSTIC,     3, -4.244540035725e-01, inf, 1.9271e+01, 1.5075e-02, 
 2DIAGNOSTIC,     4, -4.268628358841e-01, inf, 1.9286e+01, 1.4874e-02, 
 2DIAGNOSTIC,     5, -4.309646189213e-01, inf, 1.9301e+01, 1.5045e-02, 
 2DIAGNOSTIC,     6, -4.374361038208e-01, inf, 1.9316e+01, 1.5096e-02, 
 2DIAGNOSTIC,     7, -4.462849795818e-01, inf, 1.9332e+01, 1.6302e-02, 
 2DIAGNOSTIC,     8, -4.808109700680e-01, inf, 1.9352e+01, 2.0466e-02, 
 2DIAGNOSTIC,     9, -4.958713352680e-01, inf, 1.9368e+01, 1.5244e-02, 
 2DIAGNOSTIC,    10, -5.037564635277e-01, 1.239499263465e-02, 1.9387e+01, 1.9820e-02, 
 2DIAGNOSTIC,    11, -5.077579021454e-01, 1.294043287635e-02, 1.9403e+01, 1.5876e-02, 
 2DIAGNOSTIC,    12, -5.105548501015e-01, 1.242888532579e-02, 1.9425e+01, 2.1243e-02, 
 2DIAGNOSTIC,    13, -5.114579796791e-01, 1.099315658212e-02, 1.9440e+01, 1.5813e-02, 
 2DIAGNOSTIC,    14, -5.118522047997e-01, 8.902573958039e-03, 1.9456e+01, 1.5885e-02, 
 2DIAGNOSTIC,    15, -5.125858187675e-01, 6.516017019749e-03, 1.9477e+01, 2.1055e-02, 
 2DIAGNOSTIC,    16, -5.130269527435e-01, 4.130228422582e-03, 1.9493e+01, 1.5682e-02, 
 2DIAGNOSTIC,    17, -5.131597518921e-01, 1.959704328328e-03, 1.9509e+01, 1.5587e-02, 
 2DIAGNOSTIC,    18, -5.133777260780e-01, 1.009477651678e-03, 1.9530e+01, 2.0912e-02, 
 2DIAGNOSTIC,    19, -5.134766101837e-01, 5.425999406725e-04, 1.9547e+01, 1.7506e-02, 
 2DIAGNOSTIC,    20, -5.135837793350e-01, 3.095007559750e-04, 1.9563e+01, 1.5792e-02, 
 2DIAGNOSTIC,    21, -5.137936472893e-01, 1.876559254015e-04, 1.9578e+01, 1.5600e-02, 
 2DIAGNOSTIC,    22, -5.138293504715e-01, 1.354763662675e-04, 1.9594e+01, 1.5702e-02, 
 2DIAGNOSTIC,    23, -5.138780474663e-01, 9.994934953284e-05, 1.9610e+01, 1.5754e-02, 
 2DIAGNOSTIC,    24, -5.139157176018e-01, 6.852312071715e-05, 1.9631e+01, 2.0776e-02, 
 2DIAGNOSTIC,    25, -5.139456987381e-01, 5.103446528665e-05, 1.9646e+01, 1.5590e-02, 
 2DIAGNOSTIC,    26, -5.139675736427e-01, 4.059077400598e-05, 1.9662e+01, 1.5813e-02, 
 2DIAGNOSTIC,    27, -5.140379667282e-01, 3.153915895382e-05, 1.9681e+01, 1.8534e-02, 
 2DIAGNOSTIC,    28, -5.141310691833e-01, 2.674514144019e-05, 1.9706e+01, 2.4977e-02, 
 2DIAGNOSTIC,    29, -5.141807198524e-01, 2.280619264639e-05, 1.9723e+01, 1.7335e-02, 
 2DIAGNOSTIC,    30, -5.142644643784e-01, 2.068524918286e-05, 1.9740e+01, 1.7185e-02, 
 2DIAGNOSTIC,    31, -5.142794251442e-01, 2.102675171045e-05, 1.9757e+01, 1.7186e-02, 
 2DIAGNOSTIC,    32, -5.142999887466e-01, 2.045873588941e-05, 1.9775e+01, 1.7293e-02, 
 2DIAGNOSTIC,    33, -5.143158435822e-01, 1.918777525134e-05, 1.9797e+01, 2.2534e-02, 
 2DIAGNOSTIC,    34, -5.143220424652e-01, 1.699668064248e-05, 1.9816e+01, 1.9004e-02, 
 2DIAGNOSTIC,    35, -5.143246054649e-01, 1.395594335918e-05, 1.9833e+01, 1.7248e-02, 
 2DIAGNOSTIC,    36, -5.143269300461e-01, 1.023260119837e-05, 1.9851e+01, 1.7315e-02, 
 2DIAGNOSTIC,    37, -5.143316388130e-01, 6.978317742323e-06, 1.9868e+01, 1.7230e-02, 
 2DIAGNOSTIC,    38, -5.143386125565e-01, 4.820843969355e-06, 1.9889e+01, 2.0807e-02, 
 2DIAGNOSTIC,    39, -5.143392682076e-01, 3.107412794634e-06, 1.9906e+01, 1.7217e-02, 
 2DIAGNOSTIC,    40, -5.143427252769e-01, 2.514718744351e-06, 1.9934e+01, 2.7860e-02, 
 2DIAGNOSTIC,    41, -5.143433809280e-01, 2.003249164773e-06, 1.9953e+01, 1.9074e-02, 
 2DIAGNOSTIC,    42, -5.143432021141e-01, 1.673484007370e-06, 1.9972e+01, 1.9020e-02, 
 2DIAGNOSTIC,    43, -5.143430829048e-01, 1.480692844780e-06, 1.9995e+01, 2.2630e-02, 
 2DIAGNOSTIC,    44, -5.143432617188e-01, 1.310878019467e-06, 2.0012e+01, 1.7324e-02, 
 2DIAGNOSTIC,    45, -5.143430233002e-01, 1.124585651269e-06, 2.0031e+01, 1.9024e-02, 
DIAGNOSTIC,Iteration,metricValue,convergenceValue,ITERATION_TIME_INDEX,SINCE_LAST
 2DIAGNOSTIC,     1, -4.526086747646e-01, inf, 3.4226e+01, 1.4195e+01, 
 2DIAGNOSTIC,     2, -4.537220001221e-01, inf, 3.4294e+01, 6.7842e-02, 
 2DIAGNOSTIC,     3, -4.547662138939e-01, inf, 3.4362e+01, 6.8246e-02, 
 2DIAGNOSTIC,     4, -4.556011259556e-01, inf, 3.4430e+01, 6.7851e-02, 
 2DIAGNOSTIC,     5, -4.563144445419e-01, inf, 3.4498e+01, 6.8211e-02, 
 2DIAGNOSTIC,     6, -4.569600224495e-01, inf, 3.4565e+01, 6.7549e-02, 
 2DIAGNOSTIC,     7, -4.579667747021e-01, inf, 3.4666e+01, 1.0039e-01, 
 2DIAGNOSTIC,     8, -4.581781923771e-01, inf, 3.4733e+01, 6.6969e-02, 
 2DIAGNOSTIC,     9, -4.583570957184e-01, inf, 3.4811e+01, 7.8045e-02, 
 2DIAGNOSTIC,    10, -4.586306512356e-01, 8.550974307582e-04, 3.4911e+01, 1.0059e-01, 
 2DIAGNOSTIC,    11, -4.587212204933e-01, 6.450588698499e-04, 3.4990e+01, 7.8766e-02, 
 2DIAGNOSTIC,    12, -4.588051438332e-01, 4.734176618513e-04, 3.5058e+01, 6.8104e-02, 
 2DIAGNOSTIC,    13, -4.588290750980e-01, 3.364511940163e-04, 3.5126e+01, 6.7845e-02, 
 2DIAGNOSTIC,    14, -4.588505625725e-01, 2.268735115649e-04, 3.5219e+01, 9.2349e-02, 
 2DIAGNOSTIC,    15, -4.588731527328e-01, 1.416516897734e-04, 3.5299e+01, 8.0319e-02, 
 2DIAGNOSTIC,    16, -4.588833451271e-01, 7.878297765274e-05, 3.5368e+01, 6.9060e-02, 
 2DIAGNOSTIC,    17, -4.588866531849e-01, 5.315494126990e-05, 3.5437e+01, 6.8831e-02, 
 2DIAGNOSTIC,    18, -4.588925838470e-01, 3.312337867101e-05, 3.5528e+01, 9.0934e-02, 
 2DIAGNOSTIC,    19, -4.588963985443e-01, 1.808362321754e-05, 3.5607e+01, 7.8962e-02, 
 2DIAGNOSTIC,    20, -4.588989615440e-01, 1.155092559202e-05, 3.5676e+01, 6.9167e-02, 
 2DIAGNOSTIC,    21, -4.589026570320e-01, 7.444226412190e-06, 3.5745e+01, 6.8911e-02, 
 2DIAGNOSTIC,    22, -4.589077234268e-01, 5.665096978191e-06, 3.5825e+01, 8.0608e-02, 
 2DIAGNOSTIC,    23, -4.589123129845e-01, 4.406811058288e-06, 3.5928e+01, 1.0221e-01, 
 2DIAGNOSTIC,    24, -4.589133858681e-01, 3.539184262991e-06, 3.5996e+01, 6.8806e-02, 
 2DIAGNOSTIC,    25, -4.589152336121e-01, 3.137385419905e-06, 3.6065e+01, 6.8852e-02, 
 2DIAGNOSTIC,    26, -4.589180052280e-01, 2.900522531490e-06, 3.6134e+01, 6.8905e-02, 
 2DIAGNOSTIC,    27, -4.589227139950e-01, 2.702342953853e-06, 3.6203e+01, 6.8915e-02, 
 2DIAGNOSTIC,    28, -4.589305520058e-01, 2.675789346540e-06, 3.6293e+01, 9.0430e-02, 
 2DIAGNOSTIC,    29, -4.589321315289e-01, 2.618944563437e-06, 3.6362e+01, 6.8778e-02, 
 2DIAGNOSTIC,    30, -4.589368402958e-01, 2.574883637863e-06, 3.6464e+01, 1.0170e-01, 
 2DIAGNOSTIC,    31, -4.589395821095e-01, 2.516713948353e-06, 3.6533e+01, 6.9180e-02, 
 2DIAGNOSTIC,    32, -4.589409530163e-01, 2.441991227897e-06, 3.6602e+01, 6.8578e-02, 
 2DIAGNOSTIC,    33, -4.589448571205e-01, 2.393414206381e-06, 3.6670e+01, 6.8309e-02, 
 2DIAGNOSTIC,    34, -4.589503705502e-01, 2.331105861231e-06, 3.6738e+01, 6.8307e-02, 
 2DIAGNOSTIC,    35, -4.589581489563e-01, 2.309132014489e-06, 3.6849e+01, 1.1098e-01, 
 2DIAGNOSTIC,    36, -4.589612782001e-01, 2.254008222735e-06, 3.6928e+01, 7.8769e-02, 
 2DIAGNOSTIC,    37, -4.589630961418e-01, 2.179615194109e-06, 3.7007e+01, 7.8807e-02, 
 2DIAGNOSTIC,    38, -4.589661061764e-01, 2.161894599340e-06, 3.7095e+01, 8.8498e-02, 
 2DIAGNOSTIC,    39, -4.589680433273e-01, 2.071226390399e-06, 3.7173e+01, 7.7978e-02, 
 2DIAGNOSTIC,    40, -4.589701294899e-01, 1.968482820303e-06, 3.7252e+01, 7.8577e-02, 
 2DIAGNOSTIC,    41, -4.589717090130e-01, 1.824608716561e-06, 3.7320e+01, 6.8389e-02, 
 2DIAGNOSTIC,    42, -4.589732587337e-01, 1.631270947655e-06, 3.7388e+01, 6.8219e-02, 
 2DIAGNOSTIC,    43, -4.589740037918e-01, 1.429602093594e-06, 3.7467e+01, 7.8990e-02, 
 2DIAGNOSTIC,    44, -4.589771330357e-01, 1.290477143812e-06, 3.7567e+01, 9.9671e-02, 
 2DIAGNOSTIC,    45, -4.589781761169e-01, 1.223235358339e-06, 3.7646e+01, 7.8408e-02, 
 2DIAGNOSTIC,    46, -4.589786827564e-01, 1.158556756309e-06, 3.7726e+01, 8.0365e-02, 
 2DIAGNOSTIC,    47, -4.589791297913e-01, 1.081700247596e-06, 3.7795e+01, 6.8747e-02, 
 2DIAGNOSTIC,    48, -4.589806199074e-01, 1.027170924317e-06, 3.7864e+01, 6.8937e-02, 
DIAGNOSTIC,Iteration,metricValue,convergenceValue,ITERATION_TIME_INDEX,SINCE_LAST
 2DIAGNOSTIC,     1, -3.847478628159e-01, inf, 4.7188e+01, 9.3247e+00, 
 2DIAGNOSTIC,     2, -3.849315345287e-01, inf, 4.7752e+01, 5.6403e-01, 
 2DIAGNOSTIC,     3, -3.851146996021e-01, inf, 4.8314e+01, 5.6182e-01, 
 2DIAGNOSTIC,     4, -3.853535652161e-01, inf, 4.8862e+01, 5.4775e-01, 
 2DIAGNOSTIC,     5, -3.856730759144e-01, inf, 4.9420e+01, 5.5812e-01, 
 2DIAGNOSTIC,     6, -3.859796226025e-01, inf, 5.0258e+01, 8.3805e-01, 
 2DIAGNOSTIC,     7, -3.860467076302e-01, inf, 5.0901e+01, 6.4282e-01, 
 2DIAGNOSTIC,     8, -3.860855102539e-01, inf, 5.1537e+01, 6.3647e-01, 
 2DIAGNOSTIC,     9, -3.862465023994e-01, inf, 5.2285e+01, 7.4758e-01, 
 2DIAGNOSTIC,    10, -3.862596154213e-01, 2.770687860902e-04, 5.2849e+01, 5.6432e-01, 
 2DIAGNOSTIC,    11, -3.862625062466e-01, 2.146935876226e-04, 5.3399e+01, 5.4944e-01, 
 2DIAGNOSTIC,    12, -3.862658739090e-01, 1.554143964313e-04, 5.3952e+01, 5.5323e-01, 
 2DIAGNOSTIC,    13, -3.862700462341e-01, 1.021275093080e-04, 5.4774e+01, 8.2163e-01, 
 2DIAGNOSTIC,    14, -3.862713873386e-01, 5.966314347461e-05, 5.5409e+01, 6.3561e-01, 
 2DIAGNOSTIC,    15, -3.862716257572e-01, 3.293062036391e-05, 5.6044e+01, 6.3523e-01, 
 2DIAGNOSTIC,    16, -3.862727880478e-01, 2.093523471558e-05, 5.6772e+01, 7.2796e-01, 
 2DIAGNOSTIC,    17, -3.862735629082e-01, 1.158946270152e-05, 5.7324e+01, 5.5150e-01, 
 2DIAGNOSTIC,    18, -3.862738907337e-01, 3.802158516919e-06, 5.7968e+01, 6.4387e-01, 
 2DIAGNOSTIC,    19, -3.862746655941e-01, 2.904810571636e-06, 5.8606e+01, 6.3821e-01, 
 2DIAGNOSTIC,    20, -3.862747251987e-01, 2.468306320225e-06, 5.9150e+01, 5.4364e-01, 
 2DIAGNOSTIC,    21, -3.862753212452e-01, 2.112798256348e-06, 5.9792e+01, 6.4243e-01, 
 2DIAGNOSTIC,    22, -3.862753212452e-01, 1.842538154051e-06, 6.0348e+01, 5.5619e-01, 
 2DIAGNOSTIC,    23, -3.862763345242e-01, 1.724158209981e-06, 6.0991e+01, 6.4298e-01, 
 2DIAGNOSTIC,    24, -3.862766325474e-01, 1.633624037822e-06, 6.1551e+01, 5.5959e-01, 
 2DIAGNOSTIC,    25, -3.862777948380e-01, 1.562109446240e-06, 6.2103e+01, 5.5211e-01, 
 2DIAGNOSTIC,    26, -3.862787783146e-01, 1.528868551759e-06, 6.2733e+01, 6.3065e-01, 
 2DIAGNOSTIC,    27, -3.862791061401e-01, 1.499072482147e-06, 6.3644e+01, 9.1024e-01, 
 2DIAGNOSTIC,    28, -3.862789273262e-01, 1.444897293368e-06, 6.4282e+01, 6.3782e-01, 
 2DIAGNOSTIC,    29, -3.862793743610e-01, 1.396817197019e-06, 6.4924e+01, 6.4267e-01, 
 2DIAGNOSTIC,    30, -3.862795829773e-01, 1.329378278569e-06, 6.5477e+01, 5.5281e-01, 
 2DIAGNOSTIC,    31, -3.862797319889e-01, 1.258369252355e-06, 6.6119e+01, 6.4153e-01, 
 2DIAGNOSTIC,    32, -3.862794637680e-01, 1.163457454822e-06, 6.6852e+01, 7.3369e-01, 
 2DIAGNOSTIC,    33, -3.862796723843e-01, 1.086308543563e-06, 6.7499e+01, 6.4629e-01, 
 2DIAGNOSTIC,    34, -3.862795233727e-01, 1.004693785944e-06, 6.8139e+01, 6.4038e-01, 
DIAGNOSTIC,Iteration,metricValue,convergenceValue,ITERATION_TIME_INDEX,SINCE_LAST
 2DIAGNOSTIC,     1, -3.300370275974e-01, inf, 7.8010e+01, 9.8716e+00, 
  Elapsed time (stage 1): 7.9799e+01


Stage 2
  iterations = 100x100x70x50x0
  convergence threshold = 1.0000e-06
  convergence window size = 10
  number of levels = 5
  using the Mattes MI metric (number of bins = 32, weight = 1.0000e+00)
  preprocessing:  winsorizing the image intensities
  Shrink factors (level 1 out of 5): [10, 10, 10]
  Shrink factors (level 2 out of 5): [6, 6, 6]
  Shrink factors (level 3 out of 5): [4, 4, 4]
  Shrink factors (level 4 out of 5): [2, 2, 2]
  Shrink factors (level 5 out of 5): [1, 1, 1]
  smoothing sigmas per level: [5, 3, 2, 1, 0]
  Using default NONE metricSamplingStrategy 

*** Running SyN registration (varianceForUpdateField = 3.0000e+00, varianceForTotalField = 0.0000e+00) ***

XXDIAGNOSTIC,Iteration,metricValue,convergenceValue,ITERATION_TIME_INDEX,SINCE_LAST
 1DIAGNOSTIC,     1, -5.478771924973e-01, inf, 3.2440e+01, 3.2440e+01, 
 1DIAGNOSTIC,     2, -5.650579929352e-01, inf, 3.2594e+01, 1.5472e-01, 
 1DIAGNOSTIC,     3, -5.745120048523e-01, inf, 3.2750e+01, 1.5535e-01, 
 1DIAGNOSTIC,     4, -5.783751606941e-01, inf, 3.2901e+01, 1.5144e-01, 
 1DIAGNOSTIC,     5, -5.750501155853e-01, inf, 3.3052e+01, 1.5104e-01, 
 1DIAGNOSTIC,     6, -5.743894577026e-01, inf, 3.3201e+01, 1.4836e-01, 
 1DIAGNOSTIC,     7, -5.694050192833e-01, inf, 3.3350e+01, 1.4895e-01, 
 1DIAGNOSTIC,     8, -5.705183148384e-01, inf, 3.3498e+01, 1.4832e-01, 
 1DIAGNOSTIC,     9, -5.679770112038e-01, inf, 3.3647e+01, 1.4939e-01, 
 1DIAGNOSTIC,    10, -5.663326382637e-01, 6.978100282140e-04, 3.3796e+01, 1.4886e-01, 
 1DIAGNOSTIC,    11, -5.647941827774e-01, -7.991609163582e-04, 3.3945e+01, 1.4900e-01, 
XXDIAGNOSTIC,Iteration,metricValue,convergenceValue,ITERATION_TIME_INDEX,SINCE_LAST
 1DIAGNOSTIC,     1, -4.495753049850e-01, inf, 4.8241e+01, 1.4296e+01, 
 1DIAGNOSTIC,     2, -4.533010721207e-01, inf, 4.8832e+01, 5.9142e-01, 
 1DIAGNOSTIC,     3, -4.542036056519e-01, inf, 4.9429e+01, 5.9690e-01, 
 1DIAGNOSTIC,     4, -4.546532928944e-01, inf, 5.0015e+01, 5.8566e-01, 
 1DIAGNOSTIC,     5, -4.541276991367e-01, inf, 5.0601e+01, 5.8615e-01, 
 1DIAGNOSTIC,     6, -4.534471631050e-01, inf, 5.1197e+01, 5.9588e-01, 
 1DIAGNOSTIC,     7, -4.524853229523e-01, inf, 5.1783e+01, 5.8565e-01, 
 1DIAGNOSTIC,     8, -4.518952667713e-01, inf, 5.2367e+01, 5.8432e-01, 
 1DIAGNOSTIC,     9, -4.503387212753e-01, inf, 5.2956e+01, 5.8933e-01, 
 1DIAGNOSTIC,    10, -4.492483735085e-01, -3.524448547978e-04, 5.3549e+01, 5.9260e-01, 
XXDIAGNOSTIC,Iteration,metricValue,convergenceValue,ITERATION_TIME_INDEX,SINCE_LAST
 1DIAGNOSTIC,     1, -3.829083740711e-01, inf, 6.3778e+01, 1.0229e+01, 
 1DIAGNOSTIC,     2, -3.841488361359e-01, inf, 6.5632e+01, 1.8539e+00, 
 1DIAGNOSTIC,     3, -3.849005103111e-01, inf, 6.7467e+01, 1.8357e+00, 
 1DIAGNOSTIC,     4, -3.854132294655e-01, inf, 6.9297e+01, 1.8291e+00, 
 1DIAGNOSTIC,     5, -3.858070373535e-01, inf, 7.1110e+01, 1.8132e+00, 
 1DIAGNOSTIC,     6, -3.858877420425e-01, inf, 7.3076e+01, 1.9663e+00, 
 1DIAGNOSTIC,     7, -3.856729865074e-01, inf, 7.4954e+01, 1.8781e+00, 
 1DIAGNOSTIC,     8, -3.854936957359e-01, inf, 7.6835e+01, 1.8810e+00, 
 1DIAGNOSTIC,     9, -3.850889801979e-01, inf, 7.8709e+01, 1.8738e+00, 
 1DIAGNOSTIC,    10, -3.848123252392e-01, 2.450400497764e-04, 8.0599e+01, 1.8897e+00, 
 1DIAGNOSTIC,    11, -3.845752477646e-01, -1.135901356975e-06, 8.2440e+01, 1.8415e+00, 
XXDIAGNOSTIC,Iteration,metricValue,convergenceValue,ITERATION_TIME_INDEX,SINCE_LAST
 1DIAGNOSTIC,     1, -3.260865211487e-01, inf, 1.0259e+02, 2.0147e+01, 
 1DIAGNOSTIC,     2, -3.271645307541e-01, inf, 1.1606e+02, 1.3469e+01, 
 1DIAGNOSTIC,     3, -3.283322751522e-01, inf, 1.2936e+02, 1.3306e+01, 
 1DIAGNOSTIC,     4, -3.293512463570e-01, inf, 1.4247e+02, 1.3106e+01, 
 1DIAGNOSTIC,     5, -3.303316831589e-01, inf, 1.5564e+02, 1.3169e+01, 
 1DIAGNOSTIC,     6, -3.311548531055e-01, inf, 1.6878e+02, 1.3140e+01, 
 1DIAGNOSTIC,     7, -3.318701982498e-01, inf, 1.8237e+02, 1.3588e+01, 
 1DIAGNOSTIC,     8, -3.324969112873e-01, inf, 1.9592e+02, 1.3553e+01, 
 1DIAGNOSTIC,     9, -3.329386413097e-01, inf, 2.0963e+02, 1.3707e+01, 
 1DIAGNOSTIC,    10, -3.333409726620e-01, 1.425903756171e-03, 2.2316e+02, 1.3529e+01, 
 1DIAGNOSTIC,    11, -3.337108194828e-01, 1.141501474194e-03, 2.3753e+02, 1.4375e+01, 
 1DIAGNOSTIC,    12, -3.341376185417e-01, 9.089895174839e-04, 2.5116e+02, 1.3631e+01, 
 1DIAGNOSTIC,    13, -3.344848155975e-01, 7.294265669771e-04, 2.6541e+02, 1.4253e+01, 
 1DIAGNOSTIC,    14, -3.348597288132e-01, 5.940854898654e-04, 2.7963e+02, 1.4217e+01, 
 1DIAGNOSTIC,    15, -3.351666629314e-01, 4.956742050126e-04, 2.9383e+02, 1.4204e+01, 
 1DIAGNOSTIC,    16, -3.354919552803e-01, 4.251587961335e-04, 3.0804e+02, 1.4208e+01, 
 1DIAGNOSTIC,    17, -3.357523083687e-01, 3.724063280970e-04, 3.2218e+02, 1.4136e+01, 
 1DIAGNOSTIC,    18, -3.360072374344e-01, 3.328007005621e-04, 3.3632e+02, 1.4145e+01, 
 1DIAGNOSTIC,    19, -3.362588286400e-01, 2.975746756420e-04, 3.5046e+02, 1.4139e+01, 
 1DIAGNOSTIC,    20, -3.364347815514e-01, 2.627971989568e-04, 3.6449e+02, 1.4027e+01, 
 1DIAGNOSTIC,    21, -3.365918695927e-01, 2.281604974996e-04, 3.7854e+02, 1.4049e+01, 
 1DIAGNOSTIC,    22, -3.366862535477e-01, 1.955604966497e-04, 3.9260e+02, 1.4065e+01, 
 1DIAGNOSTIC,    23, -3.368117213249e-01, 1.649753830861e-04, 4.0669e+02, 1.4088e+01, 
 1DIAGNOSTIC,    24, -3.369594812393e-01, 1.399715401931e-04, 4.2064e+02, 1.3945e+01, 
 1DIAGNOSTIC,    25, -3.369398713112e-01, 1.135054189945e-04, 4.3461e+02, 1.3974e+01, 
 1DIAGNOSTIC,    26, -3.369969725609e-01, 9.108379163081e-05, 4.4870e+02, 1.4092e+01, 
 1DIAGNOSTIC,    27, -3.371154069901e-01, 7.371058745775e-05, 4.6272e+02, 1.4019e+01, 
 1DIAGNOSTIC,    28, -3.372618556023e-01, 6.269009463722e-05, 4.7677e+02, 1.4047e+01, 
 1DIAGNOSTIC,    29, -3.373376727104e-01, 5.604524267255e-05, 4.9075e+02, 1.3981e+01, 
 1DIAGNOSTIC,    30, -3.374646902084e-01, 5.323603181751e-05, 5.0480e+02, 1.4056e+01, 
 1DIAGNOSTIC,    31, -3.374820947647e-01, 5.044640056440e-05, 5.1893e+02, 1.4130e+01, 
 1DIAGNOSTIC,    32, -3.375273942947e-01, 4.679193079937e-05, 5.3293e+02, 1.3999e+01, 
 1DIAGNOSTIC,    33, -3.376030325890e-01, 4.404852006701e-05, 5.4705e+02, 1.4121e+01, 
 1DIAGNOSTIC,    34, -3.377317786217e-01, 4.427560634213e-05, 5.6142e+02, 1.4365e+01, 
 1DIAGNOSTIC,    35, -3.378340899944e-01, 4.232253195369e-05, 5.7546e+02, 1.4040e+01, 
 1DIAGNOSTIC,    36, -3.379567861557e-01, 4.074714888702e-05, 5.8945e+02, 1.3993e+01, 
 1DIAGNOSTIC,    37, -3.380216956139e-01, 3.961359834648e-05, 6.0376e+02, 1.4304e+01, 
 1DIAGNOSTIC,    38, -3.380436599255e-01, 3.858919444610e-05, 6.1778e+02, 1.4021e+01, 
 1DIAGNOSTIC,    39, -3.380162119865e-01, 3.500000821077e-05, 6.3206e+02, 1.4279e+01, 
 1DIAGNOSTIC,    40, -3.379352092743e-01, 2.932423740276e-05, 6.4606e+02, 1.4007e+01, 
 1DIAGNOSTIC,    41, -3.378334641457e-01, 1.949029137904e-05, 6.6077e+02, 1.4707e+01, 
 1DIAGNOSTIC,    42, -3.377991318703e-01, 8.581852853240e-06, 6.7527e+02, 1.4504e+01, 
 1DIAGNOSTIC,    43, -3.377310037613e-01, -2.464081262588e-06, 6.8934e+02, 1.4063e+01, 
  Elapsed time (stage 2): 713.6


Total elapsed time: 857.3

--- Writing output images ---

Using double precision for computations.
Input scalar image: data/Segmentations/1018_3_seg.nii.gz
Reference image: data/template/T_template0_BrainCerebellum.nii.gz
=============================================================================
The composite transform comprises the following transforms (in order): 
  1. /tmp/1978943.1.basic.q/1018_ToTemplate_016_0GenericAffine.mat (type = AffineTransform)
  2. /tmp/1978943.1.basic.q/1018_ToTemplate_016_1Warp.nii.gz (type = DisplacementFieldTransform)
=============================================================================
Default pixel value: 0
Interpolation type: LabelImageGenericInterpolateImageFunction
Output warped image: output/1018/1018_WarpedLabels_016.nii.gz

--- Done ---

