
--- Running on compute-2-5.local ---


--- registration call ---
/data/jet/pcook/bin/antsBuild/bin/antsRegistrationSyNQuick.sh -d 3 -f data/template/T_template0_BrainCerebellum.nii.gz -m data/Brains/1018_3.nii.gz -t s -p d -n 1 -o /tmp/1993621.1.basic.q/1018_ToTemplate_018_
---


--------------------------------------------------------------------------------------
 Mapping parameters
--------------------------------------------------------------------------------------
 ANTSPATH is /data/jet/pcook/bin/antsBuild/bin/

 Dimensionality:           3
 Output name prefix:       /tmp/1993621.1.basic.q/1018_ToTemplate_018_
 Fixed images:             data/template/T_template0_BrainCerebellum.nii.gz
 Moving images:            data/Brains/1018_3.nii.gz
 Mask images:              
 Initial transforms:       
 Number of threads:        1
 Spline distance:          26
 Transform type:           s
 MI histogram bins:        32
 Precision:                d
 Use histogram matching    0
======================================================================================
 antsRegistration call:
--------------------------------------------------------------------------------------
/data/jet/pcook/bin/antsBuild/bin//antsRegistration --verbose 1 --dimensionality 3 --float 0 --collapse-output-transforms 1 --output [/tmp/1993621.1.basic.q/1018_ToTemplate_018_,/tmp/1993621.1.basic.q/1018_ToTemplate_018_Warped.nii.gz,/tmp/1993621.1.basic.q/1018_ToTemplate_018_InverseWarped.nii.gz] --interpolation Linear --use-histogram-matching 0 --winsorize-image-intensities [0.005,0.995] --initial-moving-transform [data/template/T_template0_BrainCerebellum.nii.gz,data/Brains/1018_3.nii.gz,1] --transform Rigid[0.1] --metric MI[data/template/T_template0_BrainCerebellum.nii.gz,data/Brains/1018_3.nii.gz,1,32,Regular,0.25] --convergence [1000x500x250x0,1e-6,10] --shrink-factors 12x8x4x2 --smoothing-sigmas 4x3x2x1vox --transform Affine[0.1] --metric MI[data/template/T_template0_BrainCerebellum.nii.gz,data/Brains/1018_3.nii.gz,1,32,Regular,0.25] --convergence [1000x500x250x0,1e-6,10] --shrink-factors 12x8x4x2 --smoothing-sigmas 4x3x2x1vox --transform SyN[0.1,3,0] --metric MI[data/template/T_template0_BrainCerebellum.nii.gz,data/Brains/1018_3.nii.gz,1,32] --convergence [100x100x70x50x0,1e-6,10] --shrink-factors 10x6x4x2x1 --smoothing-sigmas 5x3x2x1x0vox
--------------------------------------------------------------------------------------
All_Command_lines_OK
Using double precision for computations.
=============================================================================
The composite transform comprises the following transforms (in order): 
  1. Center of mass alignment using fixed image: data/template/T_template0_BrainCerebellum.nii.gz and moving image: data/Brains/1018_3.nii.gz (type = Euler3DTransform)
=============================================================================
  number of levels = 4
  number of levels = 4
  number of levels = 5
  fixed image: data/template/T_template0_BrainCerebellum.nii.gz
  moving image: data/Brains/1018_3.nii.gz
  fixed image: data/template/T_template0_BrainCerebellum.nii.gz
  moving image: data/Brains/1018_3.nii.gz
  fixed image: data/template/T_template0_BrainCerebellum.nii.gz
  moving image: data/Brains/1018_3.nii.gz
Dimension = 3
Number of stages = 3
Use Histogram Matching false
Winsorize image intensities true
Lower quantile = 0.005
Upper quantile = 0.995
Stage 1 State
   Image metric = Mattes
     Fixed image = Image (0x49eacf0)
  RTTI typeinfo:   itk::Image<double, 3u>
  Reference Count: 2
  Modified Time: 1611
  Debug: Off
  Object Name: 
  Observers: 
    none
  Source: (none)
  Source output name: (none)
  Release Data: Off
  Data Released: False
  Global Release Data: Off
  PipelineMTime: 0
  UpdateMTime: 1422
  RealTimeStamp: 0 seconds 
  LargestPossibleRegion: 
    Dimension: 3
    Index: [0, 0, 0]
    Size: [216, 256, 291]
  BufferedRegion: 
    Dimension: 3
    Index: [0, 0, 0]
    Size: [216, 256, 291]
  RequestedRegion: 
    Dimension: 3
    Index: [0, 0, 0]
    Size: [216, 256, 291]
  Spacing: [1, 1, 1]
  Origin: [0, 293, 0]
  Direction: 
1 0 0
0 -0 -1
0 -1 -0

  IndexToPointMatrix: 
1 0 0
0 0 -1
0 -1 0

  PointToIndexMatrix: 
1 0 0
0 0 -1
0 -1 0

  Inverse Direction: 
1 0 0
0 0 -1
0 -1 0

  PixelContainer: 
    ImportImageContainer (0x49ee7f0)
      RTTI typeinfo:   itk::ImportImageContainer<unsigned long, double>
      Reference Count: 1
      Modified Time: 1419
      Debug: Off
      Object Name: 
      Observers: 
        none
      Pointer: 0x7fea3e607010
      Container manages memory: true
      Size: 16091136
      Capacity: 16091136

     Moving image = Image (0x49ecd50)
  RTTI typeinfo:   itk::Image<double, 3u>
  Reference Count: 2
  Modified Time: 1612
  Debug: Off
  Object Name: 
  Observers: 
    none
  Source: (none)
  Source output name: (none)
  Release Data: Off
  Data Released: False
  Global Release Data: Off
  PipelineMTime: 0
  UpdateMTime: 1609
  RealTimeStamp: 0 seconds 
  LargestPossibleRegion: 
    Dimension: 3
    Index: [0, 0, 0]
    Size: [256, 256, 291]
  BufferedRegion: 
    Dimension: 3
    Index: [0, 0, 0]
    Size: [256, 256, 291]
  RequestedRegion: 
    Dimension: 3
    Index: [0, 0, 0]
    Size: [256, 256, 291]
  Spacing: [1, 1, 1]
  Origin: [0, 290, 0]
  Direction: 
1 0 0
0 -0 -1
0 -1 -0

  IndexToPointMatrix: 
1 0 0
0 0 -1
0 -1 0

  PointToIndexMatrix: 
1 0 0
0 0 -1
0 -1 0

  Inverse Direction: 
1 0 0
0 0 -1
0 -1 0

  PixelContainer: 
    ImportImageContainer (0x49ddf60)
      RTTI typeinfo:   itk::ImportImageContainer<unsigned long, double>
      Reference Count: 1
      Modified Time: 1606
      Debug: Off
      Object Name: 
      Observers: 
        none
      Pointer: 0x7fea35486010
      Container manages memory: true
      Size: 19070976
      Capacity: 19070976

     Weighting = 1
     Sampling strategy = regular
     Number of bins = 32
     Radius = 4
     Sampling percentage  = 0.25
   Transform = Rigid
     Gradient step = 0.1
     Update field sigma (voxel space) = 0
     Total field sigma (voxel space) = 0
     Update field time sigma = 0
     Total field time sigma  = 0
     Number of time indices = 0
     Number of time point samples = 0
Stage 2 State
   Image metric = Mattes
     Fixed image = Image (0x49f1700)
  RTTI typeinfo:   itk::Image<double, 3u>
  Reference Count: 2
  Modified Time: 1987
  Debug: Off
  Object Name: 
  Observers: 
    none
  Source: (none)
  Source output name: (none)
  Release Data: Off
  Data Released: False
  Global Release Data: Off
  PipelineMTime: 0
  UpdateMTime: 1798
  RealTimeStamp: 0 seconds 
  LargestPossibleRegion: 
    Dimension: 3
    Index: [0, 0, 0]
    Size: [216, 256, 291]
  BufferedRegion: 
    Dimension: 3
    Index: [0, 0, 0]
    Size: [216, 256, 291]
  RequestedRegion: 
    Dimension: 3
    Index: [0, 0, 0]
    Size: [216, 256, 291]
  Spacing: [1, 1, 1]
  Origin: [0, 293, 0]
  Direction: 
1 0 0
0 -0 -1
0 -1 -0

  IndexToPointMatrix: 
1 0 0
0 0 -1
0 -1 0

  PointToIndexMatrix: 
1 0 0
0 0 -1
0 -1 0

  Inverse Direction: 
1 0 0
0 0 -1
0 -1 0

  PixelContainer: 
    ImportImageContainer (0x49ed970)
      RTTI typeinfo:   itk::ImportImageContainer<unsigned long, double>
      Reference Count: 1
      Modified Time: 1795
      Debug: Off
      Object Name: 
      Observers: 
        none
      Pointer: 0x7fea2d9c1010
      Container manages memory: true
      Size: 16091136
      Capacity: 16091136

     Moving image = Image (0x49fe080)
  RTTI typeinfo:   itk::Image<double, 3u>
  Reference Count: 2
  Modified Time: 1988
  Debug: Off
  Object Name: 
  Observers: 
    none
  Source: (none)
  Source output name: (none)
  Release Data: Off
  Data Released: False
  Global Release Data: Off
  PipelineMTime: 0
  UpdateMTime: 1985
  RealTimeStamp: 0 seconds 
  LargestPossibleRegion: 
    Dimension: 3
    Index: [0, 0, 0]
    Size: [256, 256, 291]
  BufferedRegion: 
    Dimension: 3
    Index: [0, 0, 0]
    Size: [256, 256, 291]
  RequestedRegion: 
    Dimension: 3
    Index: [0, 0, 0]
    Size: [256, 256, 291]
  Spacing: [1, 1, 1]
  Origin: [0, 290, 0]
  Direction: 
1 0 0
0 -0 -1
0 -1 -0

  IndexToPointMatrix: 
1 0 0
0 0 -1
0 -1 0

  PointToIndexMatrix: 
1 0 0
0 0 -1
0 -1 0

  Inverse Direction: 
1 0 0
0 0 -1
0 -1 0

  PixelContainer: 
    ImportImageContainer (0x49fda00)
      RTTI typeinfo:   itk::ImportImageContainer<unsigned long, double>
      Reference Count: 1
      Modified Time: 1982
      Debug: Off
      Object Name: 
      Observers: 
        none
      Pointer: 0x7fea24840010
      Container manages memory: true
      Size: 19070976
      Capacity: 19070976

     Weighting = 1
     Sampling strategy = regular
     Number of bins = 32
     Radius = 4
     Sampling percentage  = 0.25
   Transform = Affine
     Gradient step = 0.1
     Update field sigma (voxel space) = 0
     Total field sigma (voxel space) = 0
     Update field time sigma = 0
     Total field time sigma  = 0
     Number of time indices = 0
     Number of time point samples = 0
Stage 3 State
   Image metric = Mattes
     Fixed image = Image (0x4a039a0)
  RTTI typeinfo:   itk::Image<double, 3u>
  Reference Count: 2
  Modified Time: 2363
  Debug: Off
  Object Name: 
  Observers: 
    none
  Source: (none)
  Source output name: (none)
  Release Data: Off
  Data Released: False
  Global Release Data: Off
  PipelineMTime: 0
  UpdateMTime: 2174
  RealTimeStamp: 0 seconds 
  LargestPossibleRegion: 
    Dimension: 3
    Index: [0, 0, 0]
    Size: [216, 256, 291]
  BufferedRegion: 
    Dimension: 3
    Index: [0, 0, 0]
    Size: [216, 256, 291]
  RequestedRegion: 
    Dimension: 3
    Index: [0, 0, 0]
    Size: [216, 256, 291]
  Spacing: [1, 1, 1]
  Origin: [0, 293, 0]
  Direction: 
1 0 0
0 -0 -1
0 -1 -0

  IndexToPointMatrix: 
1 0 0
0 0 -1
0 -1 0

  PointToIndexMatrix: 
1 0 0
0 0 -1
0 -1 0

  Inverse Direction: 
1 0 0
0 0 -1
0 -1 0

  PixelContainer: 
    ImportImageContainer (0x49fc740)
      RTTI typeinfo:   itk::ImportImageContainer<unsigned long, double>
      Reference Count: 1
      Modified Time: 2171
      Debug: Off
      Object Name: 
      Observers: 
        none
      Pointer: 0x7fea1cd7b010
      Container manages memory: true
      Size: 16091136
      Capacity: 16091136

     Moving image = Image (0x4a06110)
  RTTI typeinfo:   itk::Image<double, 3u>
  Reference Count: 2
  Modified Time: 2364
  Debug: Off
  Object Name: 
  Observers: 
    none
  Source: (none)
  Source output name: (none)
  Release Data: Off
  Data Released: False
  Global Release Data: Off
  PipelineMTime: 0
  UpdateMTime: 2361
  RealTimeStamp: 0 seconds 
  LargestPossibleRegion: 
    Dimension: 3
    Index: [0, 0, 0]
    Size: [256, 256, 291]
  BufferedRegion: 
    Dimension: 3
    Index: [0, 0, 0]
    Size: [256, 256, 291]
  RequestedRegion: 
    Dimension: 3
    Index: [0, 0, 0]
    Size: [256, 256, 291]
  Spacing: [1, 1, 1]
  Origin: [0, 290, 0]
  Direction: 
1 0 0
0 -0 -1
0 -1 -0

  IndexToPointMatrix: 
1 0 0
0 0 -1
0 -1 0

  PointToIndexMatrix: 
1 0 0
0 0 -1
0 -1 0

  Inverse Direction: 
1 0 0
0 0 -1
0 -1 0

  PixelContainer: 
    ImportImageContainer (0x4a03c30)
      RTTI typeinfo:   itk::ImportImageContainer<unsigned long, double>
      Reference Count: 1
      Modified Time: 2358
      Debug: Off
      Object Name: 
      Observers: 
        none
      Pointer: 0x7fea13bfa010
      Container manages memory: true
      Size: 19070976
      Capacity: 19070976

     Weighting = 1
     Sampling strategy = none
     Number of bins = 32
     Radius = 4
     Sampling percentage  = 1
   Transform = SyN
     Gradient step = 0.1
     Update field sigma (voxel space) = 3
     Total field sigma (voxel space) = 0
     Update field time sigma = 0
     Total field time sigma  = 0
     Number of time indices = 0
     Number of time point samples = 0
Registration using 3 total stages.

Stage 0
  iterations = 1000x500x250x0
  convergence threshold = 1e-06
  convergence window size = 10
  number of levels = 4
  using the Mattes MI metric (number of bins = 32, weight = 1)
  preprocessing:  winsorizing the image intensities
  Shrink factors (level 1 out of 4): [12, 12, 12]
  Shrink factors (level 2 out of 4): [8, 8, 8]
  Shrink factors (level 3 out of 4): [4, 4, 4]
  Shrink factors (level 4 out of 4): [2, 2, 2]
  smoothing sigmas per level: [4, 3, 2, 1]
  regular sampling (percentage = 0.25)

*** Running Euler3DTransform registration ***

DIAGNOSTIC,Iteration,metricValue,convergenceValue,ITERATION_TIME_INDEX,SINCE_LAST
 2DIAGNOSTIC,     1, -4.109305603120e-01, 1.797693134862e+308, 2.1518e+01, 2.1518e+01, 
 2DIAGNOSTIC,     2, -4.117883799407e-01, 1.797693134862e+308, 2.1529e+01, 1.1282e-02, 
 2DIAGNOSTIC,     3, -4.131900958229e-01, 1.797693134862e+308, 2.1540e+01, 1.0868e-02, 
 2DIAGNOSTIC,     4, -4.141804761000e-01, 1.797693134862e+308, 2.1551e+01, 1.1042e-02, 
 2DIAGNOSTIC,     5, -4.148536661495e-01, 1.797693134862e+308, 2.1562e+01, 1.1041e-02, 
 2DIAGNOSTIC,     6, -4.150976222173e-01, 1.797693134862e+308, 2.1573e+01, 1.0959e-02, 
 2DIAGNOSTIC,     7, -4.156247132055e-01, 1.797693134862e+308, 2.1586e+01, 1.2578e-02, 
 2DIAGNOSTIC,     8, -4.158688458844e-01, 1.797693134862e+308, 2.1600e+01, 1.4104e-02, 
 2DIAGNOSTIC,     9, -4.158691161848e-01, 1.797693134862e+308, 2.1611e+01, 1.0904e-02, 
 2DIAGNOSTIC,    10, -4.160511647855e-01, 7.769660741417e-04, 2.1624e+01, 1.3112e-02, 
 2DIAGNOSTIC,    11, -4.160003687118e-01, 5.301224097704e-04, 2.1637e+01, 1.2875e-02, 
 2DIAGNOSTIC,    12, -4.160252942565e-01, 3.263294727038e-04, 2.1653e+01, 1.5921e-02, 
 2DIAGNOSTIC,    13, -4.160388277391e-01, 1.982792420652e-04, 2.1664e+01, 1.1444e-02, 
 2DIAGNOSTIC,    14, -4.159559713742e-01, 1.147035471070e-04, 2.1679e+01, 1.5138e-02, 
 2DIAGNOSTIC,    15, -4.166138424668e-01, 9.296869924022e-05, 2.1691e+01, 1.1611e-02, 
 2DIAGNOSTIC,    16, -4.174522847042e-01, 1.105861352075e-04, 2.1704e+01, 1.3043e-02, 
 2DIAGNOSTIC,    17, -4.176995680298e-01, 1.464244708630e-04, 2.1715e+01, 1.1407e-02, 
 2DIAGNOSTIC,    18, -4.178540303104e-01, 1.806309364294e-04, 2.1726e+01, 1.1232e-02, 
 2DIAGNOSTIC,    19, -4.181138116431e-01, 2.042062426179e-04, 2.1739e+01, 1.2818e-02, 
 2DIAGNOSTIC,    20, -4.184557401093e-01, 2.240387231969e-04, 2.1755e+01, 1.6013e-02, 
 2DIAGNOSTIC,    21, -4.186943952512e-01, 2.265955453192e-04, 2.1767e+01, 1.1235e-02, 
 2DIAGNOSTIC,    22, -4.188001535722e-01, 2.120585159668e-04, 2.1779e+01, 1.2942e-02, 
 2DIAGNOSTIC,    23, -4.196824431808e-01, 2.064185878423e-04, 2.1793e+01, 1.3100e-02, 
 2DIAGNOSTIC,    24, -4.202693908489e-01, 1.954854419308e-04, 2.1810e+01, 1.7718e-02, 
 2DIAGNOSTIC,    25, -4.204104137959e-01, 1.881803634694e-04, 2.1821e+01, 1.1076e-02, 
 2DIAGNOSTIC,    26, -4.204314208598e-01, 1.867016586164e-04, 2.1833e+01, 1.1148e-02, 
 2DIAGNOSTIC,    27, -4.204350327364e-01, 1.744325006518e-04, 2.1844e+01, 1.1026e-02, 
 2DIAGNOSTIC,    28, -4.204410989793e-01, 1.502676580856e-04, 2.1855e+01, 1.1170e-02, 
 2DIAGNOSTIC,    29, -4.204538374154e-01, 1.196678910097e-04, 2.1869e+01, 1.4308e-02, 
 2DIAGNOSTIC,    30, -4.203217619873e-01, 8.477319506722e-05, 2.1885e+01, 1.5644e-02, 
 2DIAGNOSTIC,    31, -4.201822629912e-01, 4.685078255279e-05, 2.1896e+01, 1.1192e-02, 
 2DIAGNOSTIC,    32, -4.201847587989e-01, 8.991218599590e-06, 2.1907e+01, 1.1136e-02, 
DIAGNOSTIC,Iteration,metricValue,convergenceValue,ITERATION_TIME_INDEX,SINCE_LAST
 2DIAGNOSTIC,     1, -3.722093513535e-01, 1.797693134862e+308, 3.7505e+01, 1.5598e+01, 
 2DIAGNOSTIC,     2, -3.732867562855e-01, 1.797693134862e+308, 3.7564e+01, 5.8998e-02, 
 2DIAGNOSTIC,     3, -3.743615942634e-01, 1.797693134862e+308, 3.7622e+01, 5.8940e-02, 
 2DIAGNOSTIC,     4, -3.755178802673e-01, 1.797693134862e+308, 3.7681e+01, 5.8928e-02, 
 2DIAGNOSTIC,     5, -3.762343733481e-01, 1.797693134862e+308, 3.7740e+01, 5.8913e-02, 
 2DIAGNOSTIC,     6, -3.765776973019e-01, 1.797693134862e+308, 3.7811e+01, 7.0200e-02, 
 2DIAGNOSTIC,     7, -3.772240710529e-01, 1.797693134862e+308, 3.7914e+01, 1.0379e-01, 
 2DIAGNOSTIC,     8, -3.772463327257e-01, 1.797693134862e+308, 3.7984e+01, 7.0084e-02, 
 2DIAGNOSTIC,     9, -3.773508732110e-01, 1.797693134862e+308, 3.8065e+01, 8.1109e-02, 
 2DIAGNOSTIC,    10, -3.773419220252e-01, 8.777202381076e-04, 3.8136e+01, 7.0608e-02, 
 2DIAGNOSTIC,    11, -3.773295019629e-01, 5.880356854316e-04, 3.8196e+01, 6.0239e-02, 
 2DIAGNOSTIC,    12, -3.773345525912e-01, 3.615595597385e-04, 3.8257e+01, 6.0170e-02, 
 2DIAGNOSTIC,    13, -3.773198111364e-01, 1.979542634859e-04, 3.8316e+01, 5.9645e-02, 
 2DIAGNOSTIC,    14, -3.774050588306e-01, 1.066356478400e-04, 3.8388e+01, 7.1380e-02, 
 2DIAGNOSTIC,    15, -3.774726468063e-01, 5.726332509505e-05, 3.8448e+01, 6.0158e-02, 
 2DIAGNOSTIC,    16, -3.775241582610e-01, 2.683546006585e-05, 3.8519e+01, 7.1263e-02, 
 2DIAGNOSTIC,    17, -3.776003081064e-01, 2.985454880645e-05, 3.8579e+01, 5.9761e-02, 
 2DIAGNOSTIC,    18, -3.778595362556e-01, 4.159433114871e-05, 3.8650e+01, 7.1276e-02, 
 2DIAGNOSTIC,    19, -3.779124699063e-01, 5.437715680901e-05, 3.8732e+01, 8.2283e-02, 
 2DIAGNOSTIC,    20, -3.781012518751e-01, 6.781589483457e-05, 3.8792e+01, 6.0011e-02, 
 2DIAGNOSTIC,    21, -3.782192803956e-01, 7.756339576410e-05, 3.8852e+01, 6.0022e-02, 
 2DIAGNOSTIC,    22, -3.782925189899e-01, 8.200110707238e-05, 3.8946e+01, 9.3406e-02, 
 2DIAGNOSTIC,    23, -3.784191720087e-01, 8.207801189961e-05, 3.9049e+01, 1.0364e-01, 
 2DIAGNOSTIC,    24, -3.784566534283e-01, 7.833225939931e-05, 3.9120e+01, 7.1093e-02, 
 2DIAGNOSTIC,    25, -3.784653609165e-01, 7.000331093233e-05, 3.9192e+01, 7.1225e-02, 
 2DIAGNOSTIC,    26, -3.784726915563e-01, 5.759207996605e-05, 3.9251e+01, 5.9205e-02, 
 2DIAGNOSTIC,    27, -3.784419067858e-01, 4.191180296529e-05, 3.9311e+01, 5.9978e-02, 
 2DIAGNOSTIC,    28, -3.784489781721e-01, 3.071441501545e-05, 3.9371e+01, 6.0051e-02, 
 2DIAGNOSTIC,    29, -3.784977762954e-01, 2.002799108153e-05, 3.9442e+01, 7.1223e-02, 
 2DIAGNOSTIC,    30, -3.785573163676e-01, 1.443839093375e-05, 3.9502e+01, 5.9525e-02, 
 2DIAGNOSTIC,    31, -3.786268089212e-01, 1.247694573724e-05, 3.9561e+01, 5.9180e-02, 
 2DIAGNOSTIC,    32, -3.787022521690e-01, 1.298160119011e-05, 3.9621e+01, 6.0140e-02, 
 2DIAGNOSTIC,    33, -3.789632033969e-01, 2.113239999954e-05, 3.9736e+01, 1.1464e-01, 
 2DIAGNOSTIC,    34, -3.789735409717e-01, 2.778809968852e-05, 3.9795e+01, 5.9815e-02, 
 2DIAGNOSTIC,    35, -3.789747059683e-01, 3.176992740337e-05, 3.9855e+01, 5.9869e-02, 
 2DIAGNOSTIC,    36, -3.789779731725e-01, 3.290973462134e-05, 3.9926e+01, 7.0802e-02, 
 2DIAGNOSTIC,    37, -3.789810051198e-01, 3.035393550800e-05, 3.9997e+01, 7.0875e-02, 
 2DIAGNOSTIC,    38, -3.789841879076e-01, 2.524260261550e-05, 4.0057e+01, 5.9911e-02, 
 2DIAGNOSTIC,    39, -3.789863753077e-01, 1.903727481690e-05, 4.0128e+01, 7.0684e-02, 
 2DIAGNOSTIC,    40, -3.789882688320e-01, 1.262055955802e-05, 4.0232e+01, 1.0413e-01, 
 2DIAGNOSTIC,    41, -3.789883263445e-01, 6.686540564335e-06, 4.0303e+01, 7.0862e-02, 
 2DIAGNOSTIC,    42, -3.789884001285e-01, 1.692975299991e-06, 4.0561e+01, 2.5858e-01, 
 2DIAGNOSTIC,    43, -3.789884001261e-01, 1.404311087756e-06, 4.0820e+01, 2.5860e-01, 
 2DIAGNOSTIC,    44, -3.789884001261e-01, 1.242291328595e-06, 4.0890e+01, 7.0652e-02, 
 2DIAGNOSTIC,    45, -3.789884001261e-01, 1.056780662242e-06, 4.0972e+01, 8.2022e-02, 
DIAGNOSTIC,Iteration,metricValue,convergenceValue,ITERATION_TIME_INDEX,SINCE_LAST
 2DIAGNOSTIC,     1, -3.215378741221e-01, 1.797693134862e+308, 4.9902e+01, 8.9291e+00, 
 2DIAGNOSTIC,     2, -3.218703823944e-01, 1.797693134862e+308, 5.0386e+01, 4.8436e-01, 
 2DIAGNOSTIC,     3, -3.221569006105e-01, 1.797693134862e+308, 5.0872e+01, 4.8596e-01, 
 2DIAGNOSTIC,     4, -3.223090770077e-01, 1.797693134862e+308, 5.1454e+01, 5.8214e-01, 
 2DIAGNOSTIC,     5, -3.223664154592e-01, 1.797693134862e+308, 5.1941e+01, 4.8721e-01, 
 2DIAGNOSTIC,     6, -3.224050328190e-01, 1.797693134862e+308, 5.2617e+01, 6.7610e-01, 
 2DIAGNOSTIC,     7, -3.224264032381e-01, 1.797693134862e+308, 5.3198e+01, 5.8100e-01, 
 2DIAGNOSTIC,     8, -3.224685583478e-01, 1.797693134862e+308, 5.3781e+01, 5.8267e-01, 
 2DIAGNOSTIC,     9, -3.224960042281e-01, 1.797693134862e+308, 5.4458e+01, 6.7676e-01, 
 2DIAGNOSTIC,    10, -3.225326928136e-01, 1.638113995108e-04, 5.4945e+01, 4.8738e-01, 
 2DIAGNOSTIC,    11, -3.225959317848e-01, 1.020042802740e-04, 5.7138e+01, 2.1930e+00, 
 2DIAGNOSTIC,    12, -3.225959316442e-01, 6.553816017590e-05, 5.7620e+01, 4.8173e-01, 
 2DIAGNOSTIC,    13, -3.225959328220e-01, 4.826743898466e-05, 5.8107e+01, 4.8697e-01, 
 2DIAGNOSTIC,    14, -3.225959348130e-01, 3.885288678632e-05, 5.8594e+01, 4.8676e-01, 
 2DIAGNOSTIC,    15, -3.225959381775e-01, 3.065949864796e-05, 5.9080e+01, 4.8654e-01, 
 2DIAGNOSTIC,    16, -3.225959438610e-01, 2.295478851093e-05, 5.9568e+01, 4.8745e-01, 
 2DIAGNOSTIC,    17, -3.225959534463e-01, 1.530889639038e-05, 6.0048e+01, 4.8045e-01, 
 2DIAGNOSTIC,    18, -3.225959695808e-01, 9.370704573984e-06, 6.0528e+01, 4.7966e-01, 
 2DIAGNOSTIC,    19, -3.225959967055e-01, 4.614601956852e-06, 6.1011e+01, 4.8350e-01, 
 2DIAGNOSTIC,    20, -3.225960421714e-01, 1.600264615299e-06, 6.1496e+01, 4.8504e-01, 
 2DIAGNOSTIC,    21, -3.225961192957e-01, 1.529908400924e-06, 6.1981e+01, 4.8439e-01, 
 2DIAGNOSTIC,    22, -3.225962584000e-01, 1.470118243745e-06, 6.2465e+01, 4.8457e-01, 
 2DIAGNOSTIC,    23, -3.225964824002e-01, 1.421856665136e-06, 6.2944e+01, 4.7892e-01, 
 2DIAGNOSTIC,    24, -3.225968343741e-01, 1.386889984807e-06, 6.3426e+01, 4.8159e-01, 
 2DIAGNOSTIC,    25, -3.226011920847e-01, 1.502534064925e-06, 6.4001e+01, 5.7488e-01, 
 2DIAGNOSTIC,    26, -3.225939082806e-01, 1.336966050897e-06, 6.4480e+01, 4.7941e-01, 
 2DIAGNOSTIC,    27, -3.225906240128e-01, 1.074738661094e-06, 6.5055e+01, 5.7517e-01, 
DIAGNOSTIC,Iteration,metricValue,convergenceValue,ITERATION_TIME_INDEX,SINCE_LAST
 2DIAGNOSTIC,     1, -2.788400226000e-01, 1.797693134862e+308, 7.4085e+01, 9.0295e+00, 
  Elapsed time (stage 0): 7.5929e+01


Stage 1
  iterations = 1000x500x250x0
  convergence threshold = 1.0000e-06
  convergence window size = 10
  number of levels = 4
  using the Mattes MI metric (number of bins = 32, weight = 1.0000e+00)
  preprocessing:  winsorizing the image intensities
  Shrink factors (level 1 out of 4): [12, 12, 12]
  Shrink factors (level 2 out of 4): [8, 8, 8]
  Shrink factors (level 3 out of 4): [4, 4, 4]
  Shrink factors (level 4 out of 4): [2, 2, 2]
  smoothing sigmas per level: [4, 3, 2, 1]
  regular sampling (percentage = 2.5000e-01)

*** Running AffineTransform registration ***

DIAGNOSTIC,Iteration,metricValue,convergenceValue,ITERATION_TIME_INDEX,SINCE_LAST
 2DIAGNOSTIC,     1, -4.215183886529e-01, 1.797693134862e+308, 2.1283e+01, 2.1283e+01, 
 2DIAGNOSTIC,     2, -4.226700196810e-01, 1.797693134862e+308, 2.1297e+01, 1.4671e-02, 
 2DIAGNOSTIC,     3, -4.245057999047e-01, 1.797693134862e+308, 2.1312e+01, 1.4332e-02, 
 2DIAGNOSTIC,     4, -4.272885516844e-01, 1.797693134862e+308, 2.1326e+01, 1.4474e-02, 
 2DIAGNOSTIC,     5, -4.310048217737e-01, 1.797693134862e+308, 2.1341e+01, 1.4401e-02, 
 2DIAGNOSTIC,     6, -4.371142319811e-01, 1.797693134862e+308, 2.1355e+01, 1.4708e-02, 
 2DIAGNOSTIC,     7, -4.451104741899e-01, 1.797693134862e+308, 2.1371e+01, 1.6029e-02, 
 2DIAGNOSTIC,     8, -4.726706424653e-01, 1.797693134862e+308, 2.1392e+01, 2.0185e-02, 
 2DIAGNOSTIC,     9, -4.897629072700e-01, 1.797693134862e+308, 2.1408e+01, 1.6862e-02, 
 2DIAGNOSTIC,    10, -4.972595166420e-01, 1.129176674317e-02, 2.1427e+01, 1.8581e-02, 
 2DIAGNOSTIC,    11, -5.007276786061e-01, 1.179834803423e-02, 2.1442e+01, 1.5004e-02, 
 2DIAGNOSTIC,    12, -5.053069726781e-01, 1.145477059474e-02, 2.1459e+01, 1.6924e-02, 
 2DIAGNOSTIC,    13, -5.107575669147e-01, 1.045854108071e-02, 2.1483e+01, 2.4476e-02, 
 2DIAGNOSTIC,    14, -5.111806142465e-01, 8.800255192266e-03, 2.1499e+01, 1.5134e-02, 
 2DIAGNOSTIC,    15, -5.128649645176e-01, 6.815450789230e-03, 2.1515e+01, 1.6538e-02, 
 2DIAGNOSTIC,    16, -5.133232602233e-01, 4.740357264176e-03, 2.1530e+01, 1.4946e-02, 
 2DIAGNOSTIC,    17, -5.135061000171e-01, 2.765924700071e-03, 2.1545e+01, 1.4679e-02, 
 2DIAGNOSTIC,    18, -5.138460602478e-01, 1.687725037560e-03, 2.1559e+01, 1.4682e-02, 
 2DIAGNOSTIC,    19, -5.141509476422e-01, 1.117514940683e-03, 2.1577e+01, 1.8066e-02, 
 2DIAGNOSTIC,    20, -5.141725976005e-01, 7.286504942673e-04, 2.1594e+01, 1.6232e-02, 
 2DIAGNOSTIC,    21, -5.141885727152e-01, 4.082067562509e-04, 2.1610e+01, 1.6271e-02, 
 2DIAGNOSTIC,    22, -5.142209052987e-01, 2.012017769133e-04, 2.1625e+01, 1.4615e-02, 
 2DIAGNOSTIC,    23, -5.142601850179e-01, 1.352046610271e-04, 2.1639e+01, 1.4572e-02, 
 2DIAGNOSTIC,    24, -5.142781727396e-01, 7.216820749065e-05, 2.1655e+01, 1.6283e-02, 
 2DIAGNOSTIC,    25, -5.143190599643e-01, 4.804419232371e-05, 2.1674e+01, 1.8100e-02, 
 2DIAGNOSTIC,    26, -5.143370294365e-01, 3.225385197744e-05, 2.1690e+01, 1.6402e-02, 
 2DIAGNOSTIC,    27, -5.143416467160e-01, 1.869459787662e-05, 2.1706e+01, 1.6342e-02, 
 2DIAGNOSTIC,    28, -5.143453300355e-01, 1.147076295200e-05, 2.1723e+01, 1.6438e-02, 
 2DIAGNOSTIC,    29, -5.143464518221e-01, 9.917498733053e-06, 2.1739e+01, 1.6360e-02, 
 2DIAGNOSTIC,    30, -5.143467183307e-01, 8.065212823594e-06, 2.1755e+01, 1.6331e-02, 
 2DIAGNOSTIC,    31, -5.143478191249e-01, 5.988681660858e-06, 2.1774e+01, 1.8175e-02, 
 2DIAGNOSTIC,    32, -5.143491626310e-01, 4.182963406582e-06, 2.1788e+01, 1.4652e-02, 
 2DIAGNOSTIC,    33, -5.143542508736e-01, 2.971805320016e-06, 2.1803e+01, 1.4389e-02, 
 2DIAGNOSTIC,    34, -5.143620693000e-01, 2.068235838440e-06, 2.1820e+01, 1.7802e-02, 
 2DIAGNOSTIC,    35, -5.143691265317e-01, 1.893525111575e-06, 2.1845e+01, 2.4654e-02, 
 2DIAGNOSTIC,    36, -5.143694140603e-01, 1.928391711474e-06, 2.1860e+01, 1.4462e-02, 
 2DIAGNOSTIC,    37, -5.143704493270e-01, 1.954093098677e-06, 2.1874e+01, 1.4622e-02, 
 2DIAGNOSTIC,    38, -5.143715760138e-01, 1.949368331908e-06, 2.1889e+01, 1.4739e-02, 
 2DIAGNOSTIC,    39, -5.143724782239e-01, 1.869293393696e-06, 2.1904e+01, 1.4695e-02, 
 2DIAGNOSTIC,    40, -5.143728342258e-01, 1.703620754058e-06, 2.1948e+01, 4.4403e-02, 
 2DIAGNOSTIC,    41, -5.143728342242e-01, 1.479630738408e-06, 2.1989e+01, 4.0855e-02, 
 2DIAGNOSTIC,    42, -5.143728342242e-01, 1.221187129502e-06, 2.2005e+01, 1.6191e-02, 
DIAGNOSTIC,Iteration,metricValue,convergenceValue,ITERATION_TIME_INDEX,SINCE_LAST
 2DIAGNOSTIC,     1, -4.527136036902e-01, 1.797693134862e+308, 3.7482e+01, 1.5477e+01, 
 2DIAGNOSTIC,     2, -4.538405855383e-01, 1.797693134862e+308, 3.7555e+01, 7.2871e-02, 
 2DIAGNOSTIC,     3, -4.548838768575e-01, 1.797693134862e+308, 3.7627e+01, 7.2125e-02, 
 2DIAGNOSTIC,     4, -4.557497006682e-01, 1.797693134862e+308, 3.7700e+01, 7.2776e-02, 
 2DIAGNOSTIC,     5, -4.564907537484e-01, 1.797693134862e+308, 3.7772e+01, 7.2341e-02, 
 2DIAGNOSTIC,     6, -4.571026723872e-01, 1.797693134862e+308, 3.7845e+01, 7.2885e-02, 
 2DIAGNOSTIC,     7, -4.581629187483e-01, 1.797693134862e+308, 3.7952e+01, 1.0694e-01, 
 2DIAGNOSTIC,     8, -4.584285336099e-01, 1.797693134862e+308, 3.8025e+01, 7.2626e-02, 
 2DIAGNOSTIC,     9, -4.585357265097e-01, 1.797693134862e+308, 3.8097e+01, 7.2122e-02, 
 2DIAGNOSTIC,    10, -4.587923789489e-01, 8.684394988615e-04, 3.8216e+01, 1.1951e-01, 
 2DIAGNOSTIC,    11, -4.588388511448e-01, 6.506129832106e-04, 3.8289e+01, 7.2809e-02, 
 2DIAGNOSTIC,    12, -4.588700536938e-01, 4.699333371214e-04, 3.8361e+01, 7.1782e-02, 
 2DIAGNOSTIC,    13, -4.588926081986e-01, 3.254488473823e-04, 3.8456e+01, 9.4484e-02, 
 2DIAGNOSTIC,    14, -4.589149759405e-01, 2.118017106319e-04, 3.8550e+01, 9.4425e-02, 
 2DIAGNOSTIC,    15, -4.589202859892e-01, 1.249489947635e-04, 3.8633e+01, 8.2994e-02, 
 2DIAGNOSTIC,    16, -4.589227608510e-01, 6.054788589908e-05, 3.8705e+01, 7.1546e-02, 
 2DIAGNOSTIC,    17, -4.589277822982e-01, 3.719448541304e-05, 3.8776e+01, 7.1651e-02, 
 2DIAGNOSTIC,    18, -4.589466079763e-01, 2.300306146923e-05, 3.8859e+01, 8.2936e-02, 
 2DIAGNOSTIC,    19, -4.589675596270e-01, 1.229563416198e-05, 3.8953e+01, 9.4385e-02, 
 2DIAGNOSTIC,    20, -4.589733303438e-01, 9.790285967058e-06, 3.9025e+01, 7.1283e-02, 
 2DIAGNOSTIC,    21, -4.589793997914e-01, 8.315873897019e-06, 3.9096e+01, 7.1351e-02, 
 2DIAGNOSTIC,    22, -4.589905249512e-01, 7.529523134493e-06, 3.9168e+01, 7.1390e-02, 
 2DIAGNOSTIC,    23, -4.589990538221e-01, 7.052026375236e-06, 3.9252e+01, 8.4336e-02, 
 2DIAGNOSTIC,    24, -4.590013298207e-01, 6.707830440281e-06, 3.9370e+01, 1.1828e-01, 
 2DIAGNOSTIC,    25, -4.590020720782e-01, 6.044256400321e-06, 3.9443e+01, 7.2376e-02, 
 2DIAGNOSTIC,    26, -4.590069528918e-01, 5.168538799026e-06, 3.9514e+01, 7.1646e-02, 
 2DIAGNOSTIC,    27, -4.590131439047e-01, 4.232023272627e-06, 3.9586e+01, 7.1746e-02, 
 2DIAGNOSTIC,    28, -4.590148665166e-01, 3.513844974816e-06, 3.9670e+01, 8.4041e-02, 
 2DIAGNOSTIC,    29, -4.590206227027e-01, 3.194920173047e-06, 3.9754e+01, 8.3721e-02, 
 2DIAGNOSTIC,    30, -4.590278705207e-01, 2.968689442905e-06, 3.9849e+01, 9.5008e-02, 
 2DIAGNOSTIC,    31, -4.590352361100e-01, 2.837527137388e-06, 3.9943e+01, 9.4551e-02, 
 2DIAGNOSTIC,    32, -4.590378085323e-01, 2.801587194276e-06, 4.0026e+01, 8.3115e-02, 
 2DIAGNOSTIC,    33, -4.590379087739e-01, 2.760308285804e-06, 4.0098e+01, 7.1287e-02, 
 2DIAGNOSTIC,    34, -4.590381371017e-01, 2.599617076812e-06, 4.0169e+01, 7.1659e-02, 
 2DIAGNOSTIC,    35, -4.590386359559e-01, 2.309109197626e-06, 4.0241e+01, 7.1895e-02, 
 2DIAGNOSTIC,    36, -4.590393748332e-01, 1.994537187459e-06, 4.0517e+01, 2.7611e-01, 
 2DIAGNOSTIC,    37, -4.590393748240e-01, 1.696103197679e-06, 4.0794e+01, 2.7665e-01, 
 2DIAGNOSTIC,    38, -4.590393748240e-01, 1.362760266729e-06, 4.0923e+01, 1.2883e-01, 
 2DIAGNOSTIC,    39, -4.590393748240e-01, 1.086955762362e-06, 4.1008e+01, 8.4917e-02, 
DIAGNOSTIC,Iteration,metricValue,convergenceValue,ITERATION_TIME_INDEX,SINCE_LAST
 2DIAGNOSTIC,     1, -3.845201019893e-01, 1.797693134862e+308, 5.0066e+01, 9.0579e+00, 
 2DIAGNOSTIC,     2, -3.847074329431e-01, 1.797693134862e+308, 5.0657e+01, 5.9150e-01, 
 2DIAGNOSTIC,     3, -3.849081707365e-01, 1.797693134862e+308, 5.1249e+01, 5.9172e-01, 
 2DIAGNOSTIC,     4, -3.851878972847e-01, 1.797693134862e+308, 5.1842e+01, 5.9306e-01, 
 2DIAGNOSTIC,     5, -3.856242789187e-01, 1.797693134862e+308, 5.2433e+01, 5.9134e-01, 
 2DIAGNOSTIC,     6, -3.859345029914e-01, 1.797693134862e+308, 5.3416e+01, 9.8297e-01, 
 2DIAGNOSTIC,     7, -3.860028128365e-01, 1.797693134862e+308, 5.3994e+01, 5.7755e-01, 
 2DIAGNOSTIC,     8, -3.860569386610e-01, 1.797693134862e+308, 5.4671e+01, 6.7704e-01, 
 2DIAGNOSTIC,     9, -3.861744187174e-01, 1.797693134862e+308, 5.5346e+01, 6.7541e-01, 
 2DIAGNOSTIC,    10, -3.862048153682e-01, 3.131356868552e-04, 5.6024e+01, 6.7763e-01, 
 2DIAGNOSTIC,    11, -3.862133983608e-01, 2.404087076436e-04, 5.6695e+01, 6.7075e-01, 
 2DIAGNOSTIC,    12, -3.862197422643e-01, 1.706822412640e-04, 5.7370e+01, 6.7519e-01, 
 2DIAGNOSTIC,    13, -3.862317612481e-01, 1.086501551344e-04, 5.8051e+01, 6.8101e-01, 
 2DIAGNOSTIC,    14, -3.862417977430e-01, 6.056536621324e-05, 5.8737e+01, 6.8631e-01, 
 2DIAGNOSTIC,    15, -3.862424934681e-01, 3.464281084446e-05, 5.9421e+01, 6.8349e-01, 
 2DIAGNOSTIC,    16, -3.862434913968e-01, 2.334078452844e-05, 6.0292e+01, 8.7149e-01, 
 2DIAGNOSTIC,    17, -3.862442018516e-01, 1.440903498749e-05, 6.0877e+01, 5.8489e-01, 
 2DIAGNOSTIC,    18, -3.862463843995e-01, 7.489117388751e-06, 6.1462e+01, 5.8519e-01, 
 2DIAGNOSTIC,    19, -3.862468868138e-01, 5.306352127109e-06, 6.2045e+01, 5.8278e-01, 
 2DIAGNOSTIC,    20, -3.862471488403e-01, 4.133628928073e-06, 6.2719e+01, 6.7357e-01, 
 2DIAGNOSTIC,    21, -3.862473156222e-01, 3.147655282448e-06, 6.3393e+01, 6.7421e-01, 
 2DIAGNOSTIC,    22, -3.862475007774e-01, 2.309933451516e-06, 6.3975e+01, 5.8200e-01, 
 2DIAGNOSTIC,    23, -3.862476724197e-01, 1.845000087576e-06, 6.6314e+01, 2.3393e+00, 
 2DIAGNOSTIC,    24, -3.862476724027e-01, 1.683169586063e-06, 6.8658e+01, 2.3444e+00, 
 2DIAGNOSTIC,    25, -3.862476724027e-01, 1.521695542829e-06, 6.9442e+01, 7.8398e-01, 
 2DIAGNOSTIC,    26, -3.862476724027e-01, 1.377909906917e-06, 7.0418e+01, 9.7548e-01, 
 2DIAGNOSTIC,    27, -3.862476724027e-01, 1.248148112469e-06, 7.1092e+01, 6.7373e-01, 
 2DIAGNOSTIC,    28, -3.862476724027e-01, 1.178211901195e-06, 7.1763e+01, 6.7145e-01, 
 2DIAGNOSTIC,    29, -3.862476724027e-01, 1.121870721127e-06, 7.2437e+01, 6.7382e-01, 
 2DIAGNOSTIC,    30, -3.862476724027e-01, 1.073430558544e-06, 7.3109e+01, 6.7243e-01, 
 2DIAGNOSTIC,    31, -3.862476724027e-01, 1.030824551398e-06, 7.3781e+01, 6.7210e-01, 
DIAGNOSTIC,Iteration,metricValue,convergenceValue,ITERATION_TIME_INDEX,SINCE_LAST
 2DIAGNOSTIC,     1, -3.301639975317e-01, 1.797693134862e+308, 8.3473e+01, 9.6921e+00, 
  Elapsed time (stage 1): 8.5325e+01


Stage 2
  iterations = 100x100x70x50x0
  convergence threshold = 1.0000e-06
  convergence window size = 10
  number of levels = 5
  using the Mattes MI metric (number of bins = 32, weight = 1.0000e+00)
  preprocessing:  winsorizing the image intensities
  Shrink factors (level 1 out of 5): [10, 10, 10]
  Shrink factors (level 2 out of 5): [6, 6, 6]
  Shrink factors (level 3 out of 5): [4, 4, 4]
  Shrink factors (level 4 out of 5): [2, 2, 2]
  Shrink factors (level 5 out of 5): [1, 1, 1]
  smoothing sigmas per level: [5, 3, 2, 1, 0]
  Using default NONE metricSamplingStrategy 

*** Running SyN registration (varianceForUpdateField = 3.0000e+00, varianceForTotalField = 0.0000e+00) ***

XXDIAGNOSTIC,Iteration,metricValue,convergenceValue,ITERATION_TIME_INDEX,SINCE_LAST
 1DIAGNOSTIC,     1, -5.478538969848e-01, 1.797693134862e+308, 3.4588e+01, 3.4588e+01, 
 1DIAGNOSTIC,     2, -5.656159545175e-01, 1.797693134862e+308, 3.4727e+01, 1.3825e-01, 
 1DIAGNOSTIC,     3, -5.743919054539e-01, 1.797693134862e+308, 3.4869e+01, 1.4209e-01, 
 1DIAGNOSTIC,     4, -5.779685315823e-01, 1.797693134862e+308, 3.5004e+01, 1.3550e-01, 
 1DIAGNOSTIC,     5, -5.749523437250e-01, 1.797693134862e+308, 3.5140e+01, 1.3545e-01, 
 1DIAGNOSTIC,     6, -5.747323355742e-01, 1.797693134862e+308, 3.5276e+01, 1.3597e-01, 
 1DIAGNOSTIC,     7, -5.711772301813e-01, 1.797693134862e+308, 3.5411e+01, 1.3546e-01, 
 1DIAGNOSTIC,     8, -5.699557111213e-01, 1.797693134862e+308, 3.5546e+01, 1.3532e-01, 
 1DIAGNOSTIC,     9, -5.688632469878e-01, 1.797693134862e+308, 3.5682e+01, 1.3551e-01, 
 1DIAGNOSTIC,    10, -5.656943996049e-01, 7.201113730617e-04, 3.5818e+01, 1.3627e-01, 
 1DIAGNOSTIC,    11, -5.660965355927e-01, -7.434032510005e-04, 3.5955e+01, 1.3674e-01, 
XXDIAGNOSTIC,Iteration,metricValue,convergenceValue,ITERATION_TIME_INDEX,SINCE_LAST
 1DIAGNOSTIC,     1, -4.499368488319e-01, 1.797693134862e+308, 5.2185e+01, 1.6230e+01, 
 1DIAGNOSTIC,     2, -4.535833938463e-01, 1.797693134862e+308, 5.2740e+01, 5.5441e-01, 
 1DIAGNOSTIC,     3, -4.549386699101e-01, 1.797693134862e+308, 5.3282e+01, 5.4257e-01, 
 1DIAGNOSTIC,     4, -4.547532020863e-01, 1.797693134862e+308, 5.3829e+01, 5.4720e-01, 
 1DIAGNOSTIC,     5, -4.545477703740e-01, 1.797693134862e+308, 5.4374e+01, 5.4426e-01, 
 1DIAGNOSTIC,     6, -4.540994698452e-01, 1.797693134862e+308, 5.4914e+01, 5.3999e-01, 
 1DIAGNOSTIC,     7, -4.532337081908e-01, 1.797693134862e+308, 5.5458e+01, 5.4384e-01, 
 1DIAGNOSTIC,     8, -4.522218128062e-01, 1.797693134862e+308, 5.5997e+01, 5.3956e-01, 
 1DIAGNOSTIC,     9, -4.508950821771e-01, 1.797693134862e+308, 5.6540e+01, 5.4320e-01, 
 1DIAGNOSTIC,    10, -4.495189377892e-01, -3.393824626012e-04, 5.7081e+01, 5.4048e-01, 
XXDIAGNOSTIC,Iteration,metricValue,convergenceValue,ITERATION_TIME_INDEX,SINCE_LAST
 1DIAGNOSTIC,     1, -3.833007722204e-01, 1.797693134862e+308, 6.7234e+01, 1.0153e+01, 
 1DIAGNOSTIC,     2, -3.841168997234e-01, 1.797693134862e+308, 6.8939e+01, 1.7052e+00, 
 1DIAGNOSTIC,     3, -3.847945963130e-01, 1.797693134862e+308, 7.0637e+01, 1.6977e+00, 
 1DIAGNOSTIC,     4, -3.851896634238e-01, 1.797693134862e+308, 7.2339e+01, 1.7017e+00, 
 1DIAGNOSTIC,     5, -3.855558307776e-01, 1.797693134862e+308, 7.4038e+01, 1.6998e+00, 
 1DIAGNOSTIC,     6, -3.855966434745e-01, 1.797693134862e+308, 7.5853e+01, 1.8142e+00, 
 1DIAGNOSTIC,     7, -3.853745021299e-01, 1.797693134862e+308, 7.7601e+01, 1.7481e+00, 
 1DIAGNOSTIC,     8, -3.851877914466e-01, 1.797693134862e+308, 7.9359e+01, 1.7588e+00, 
 1DIAGNOSTIC,     9, -3.847673127885e-01, 1.797693134862e+308, 8.1053e+01, 1.6939e+00, 
 1DIAGNOSTIC,    10, -3.845434105255e-01, 1.641754193018e-04, 8.2807e+01, 1.7539e+00, 
 1DIAGNOSTIC,    11, -3.842177122584e-01, -3.898433747286e-05, 8.4506e+01, 1.6985e+00, 
XXDIAGNOSTIC,Iteration,metricValue,convergenceValue,ITERATION_TIME_INDEX,SINCE_LAST
 1DIAGNOSTIC,     1, -3.261080164327e-01, 1.797693134862e+308, 1.0356e+02, 1.9050e+01, 
 1DIAGNOSTIC,     2, -3.271667885562e-01, 1.797693134862e+308, 1.1620e+02, 1.2642e+01, 
 1DIAGNOSTIC,     3, -3.282835331280e-01, 1.797693134862e+308, 1.2879e+02, 1.2587e+01, 
 1DIAGNOSTIC,     4, -3.292686483548e-01, 1.797693134862e+308, 1.4140e+02, 1.2612e+01, 
 1DIAGNOSTIC,     5, -3.301822487435e-01, 1.797693134862e+308, 1.5400e+02, 1.2601e+01, 
 1DIAGNOSTIC,     6, -3.309743415362e-01, 1.797693134862e+308, 1.6706e+02, 1.3059e+01, 
 1DIAGNOSTIC,     7, -3.316513646685e-01, 1.797693134862e+308, 1.8011e+02, 1.3050e+01, 
 1DIAGNOSTIC,     8, -3.322138052553e-01, 1.797693134862e+308, 1.9311e+02, 1.2998e+01, 
 1DIAGNOSTIC,     9, -3.326618908108e-01, 1.797693134862e+308, 2.0616e+02, 1.3054e+01, 
 1DIAGNOSTIC,    10, -3.330369643447e-01, 1.357473467870e-03, 2.1917e+02, 1.3011e+01, 
 1DIAGNOSTIC,    11, -3.334447286138e-01, 1.087610856498e-03, 2.3264e+02, 1.3467e+01, 
 1DIAGNOSTIC,    12, -3.338517803119e-01, 8.692546647655e-04, 2.4605e+02, 1.3414e+01, 
 1DIAGNOSTIC,    13, -3.341765119717e-01, 7.005250750820e-04, 2.5953e+02, 1.3482e+01, 
 1DIAGNOSTIC,    14, -3.344676839254e-01, 5.700558859973e-04, 2.7305e+02, 1.3520e+01, 
 1DIAGNOSTIC,    15, -3.347324732342e-01, 4.719479696818e-04, 2.8650e+02, 1.3443e+01, 
 1DIAGNOSTIC,    16, -3.349937690742e-01, 3.988081915337e-04, 2.9993e+02, 1.3434e+01, 
 1DIAGNOSTIC,    17, -3.352329713643e-01, 3.432882544574e-04, 3.1338e+02, 1.3451e+01, 
 1DIAGNOSTIC,    18, -3.354872488010e-01, 3.008564605508e-04, 3.2682e+02, 1.3438e+01, 
 1DIAGNOSTIC,    19, -3.357493205163e-01, 2.669014274566e-04, 3.4035e+02, 1.3535e+01, 
 1DIAGNOSTIC,    20, -3.359388993588e-01, 2.355046715210e-04, 3.5378e+02, 1.3427e+01, 
 1DIAGNOSTIC,    21, -3.360811884623e-01, 2.074213105467e-04, 3.6729e+02, 1.3508e+01, 
 1DIAGNOSTIC,    22, -3.362074448003e-01, 1.832062457801e-04, 3.8075e+02, 1.3456e+01, 
 1DIAGNOSTIC,    23, -3.363268924549e-01, 1.603839573975e-04, 3.9416e+02, 1.3419e+01, 
 1DIAGNOSTIC,    24, -3.364528322443e-01, 1.391901751681e-04, 4.0761e+02, 1.3450e+01, 
 1DIAGNOSTIC,    25, -3.365658482988e-01, 1.194751582651e-04, 4.2115e+02, 1.3537e+01, 
 1DIAGNOSTIC,    26, -3.366182560260e-01, 1.003703270985e-04, 4.3466e+02, 1.3512e+01, 
 1DIAGNOSTIC,    27, -3.366597638845e-01, 8.214844010601e-05, 4.4820e+02, 1.3532e+01, 
 1DIAGNOSTIC,    28, -3.367015379666e-01, 6.647394701844e-05, 4.6166e+02, 1.3465e+01, 
 1DIAGNOSTIC,    29, -3.367359370160e-01, 5.429636882306e-05, 4.7511e+02, 1.3444e+01, 
 1DIAGNOSTIC,    30, -3.368056027105e-01, 4.518177879237e-05, 4.8858e+02, 1.3479e+01, 
 1DIAGNOSTIC,    31, -3.368758940893e-01, 3.825373392947e-05, 5.0202e+02, 1.3438e+01, 
 1DIAGNOSTIC,    32, -3.369506939909e-01, 3.353642475041e-05, 5.1547e+02, 1.3448e+01, 
 1DIAGNOSTIC,    33, -3.370699884873e-01, 3.211055556423e-05, 5.2909e+02, 1.3624e+01, 
 1DIAGNOSTIC,    34, -3.371521021695e-01, 3.290995571219e-05, 5.4256e+02, 1.3461e+01, 
 1DIAGNOSTIC,    35, -3.372570437348e-01, 3.588223999589e-05, 5.5600e+02, 1.3447e+01, 
 1DIAGNOSTIC,    36, -3.373817495156e-01, 3.949947937425e-05, 5.6944e+02, 1.3440e+01, 
 1DIAGNOSTIC,    37, -3.375014858086e-01, 4.288929675450e-05, 5.8288e+02, 1.3441e+01, 
 1DIAGNOSTIC,    38, -3.375689392007e-01, 4.449896881069e-05, 5.9642e+02, 1.3538e+01, 
 1DIAGNOSTIC,    39, -3.376613419057e-01, 4.461351685053e-05, 6.1003e+02, 1.3610e+01, 
 1DIAGNOSTIC,    40, -3.377483807242e-01, 4.383937088776e-05, 6.2348e+02, 1.3452e+01, 
 1DIAGNOSTIC,    41, -3.377798978751e-01, 4.105150580346e-05, 6.3693e+02, 1.3448e+01, 
 1DIAGNOSTIC,    42, -3.378371293577e-01, 3.718473459725e-05, 6.5042e+02, 1.3488e+01, 
 1DIAGNOSTIC,    43, -3.378857989673e-01, 3.331867575804e-05, 6.6386e+02, 1.3440e+01, 
 1DIAGNOSTIC,    44, -3.379250025581e-01, 2.881972274890e-05, 6.7726e+02, 1.3404e+01, 
 1DIAGNOSTIC,    45, -3.379408591054e-01, 2.406495153497e-05, 6.9068e+02, 1.3418e+01, 
 1DIAGNOSTIC,    46, -3.379401873649e-01, 1.954598530962e-05, 7.0408e+02, 1.3400e+01, 
 1DIAGNOSTIC,    47, -3.379625941133e-01, 1.598446664356e-05, 7.1766e+02, 1.3578e+01, 
 1DIAGNOSTIC,    48, -3.380190133609e-01, 1.324803217517e-05, 7.3109e+02, 1.3432e+01, 
 1DIAGNOSTIC,    49, -3.380146585337e-01, 1.088263048686e-05, 7.4451e+02, 1.3416e+01, 
 1DIAGNOSTIC,    50, -3.380158469359e-01, 9.150431741281e-06, 7.5797e+02, 1.3461e+01, 
  Elapsed time (stage 2): 778.2


Total elapsed time: 939.5

--- Writing output images ---

Using double precision for computations.
Input scalar image: data/Segmentations/1018_3_seg.nii.gz
Reference image: data/template/T_template0_BrainCerebellum.nii.gz
=============================================================================
The composite transform comprises the following transforms (in order): 
  1. /tmp/1993621.1.basic.q/1018_ToTemplate_018_0GenericAffine.mat (type = AffineTransform)
  2. /tmp/1993621.1.basic.q/1018_ToTemplate_018_1Warp.nii.gz (type = DisplacementFieldTransform)
=============================================================================
Default pixel value: 0
Interpolation type: LabelImageGenericInterpolateImageFunction
Output warped image: output/1018/1018_WarpedLabels_018.nii.gz

--- Done ---

