
--- Running on compute-2-0.local ---


--- registration call ---
/data/jet/pcook/bin/antsBuild/bin/antsRegistrationSyNQuick.sh -d 3 -f data/template/T_template0_BrainCerebellum.nii.gz -m data/Brains/1018_3.nii.gz -t s -p d -n 1 -o /tmp/1993627.1.basic.q/1018_ToTemplate_024_
---


--------------------------------------------------------------------------------------
 Mapping parameters
--------------------------------------------------------------------------------------
 ANTSPATH is /data/jet/pcook/bin/antsBuild/bin/

 Dimensionality:           3
 Output name prefix:       /tmp/1993627.1.basic.q/1018_ToTemplate_024_
 Fixed images:             data/template/T_template0_BrainCerebellum.nii.gz
 Moving images:            data/Brains/1018_3.nii.gz
 Mask images:              
 Initial transforms:       
 Number of threads:        1
 Spline distance:          26
 Transform type:           s
 MI histogram bins:        32
 Precision:                d
 Use histogram matching    0
======================================================================================
 antsRegistration call:
--------------------------------------------------------------------------------------
/data/jet/pcook/bin/antsBuild/bin//antsRegistration --verbose 1 --dimensionality 3 --float 0 --collapse-output-transforms 1 --output [/tmp/1993627.1.basic.q/1018_ToTemplate_024_,/tmp/1993627.1.basic.q/1018_ToTemplate_024_Warped.nii.gz,/tmp/1993627.1.basic.q/1018_ToTemplate_024_InverseWarped.nii.gz] --interpolation Linear --use-histogram-matching 0 --winsorize-image-intensities [0.005,0.995] --initial-moving-transform [data/template/T_template0_BrainCerebellum.nii.gz,data/Brains/1018_3.nii.gz,1] --transform Rigid[0.1] --metric MI[data/template/T_template0_BrainCerebellum.nii.gz,data/Brains/1018_3.nii.gz,1,32,Regular,0.25] --convergence [1000x500x250x0,1e-6,10] --shrink-factors 12x8x4x2 --smoothing-sigmas 4x3x2x1vox --transform Affine[0.1] --metric MI[data/template/T_template0_BrainCerebellum.nii.gz,data/Brains/1018_3.nii.gz,1,32,Regular,0.25] --convergence [1000x500x250x0,1e-6,10] --shrink-factors 12x8x4x2 --smoothing-sigmas 4x3x2x1vox --transform SyN[0.1,3,0] --metric MI[data/template/T_template0_BrainCerebellum.nii.gz,data/Brains/1018_3.nii.gz,1,32] --convergence [100x100x70x50x0,1e-6,10] --shrink-factors 10x6x4x2x1 --smoothing-sigmas 5x3x2x1x0vox
--------------------------------------------------------------------------------------
All_Command_lines_OK
Using double precision for computations.
=============================================================================
The composite transform comprises the following transforms (in order): 
  1. Center of mass alignment using fixed image: data/template/T_template0_BrainCerebellum.nii.gz and moving image: data/Brains/1018_3.nii.gz (type = Euler3DTransform)
=============================================================================
  number of levels = 4
  number of levels = 4
  number of levels = 5
  fixed image: data/template/T_template0_BrainCerebellum.nii.gz
  moving image: data/Brains/1018_3.nii.gz
  fixed image: data/template/T_template0_BrainCerebellum.nii.gz
  moving image: data/Brains/1018_3.nii.gz
  fixed image: data/template/T_template0_BrainCerebellum.nii.gz
  moving image: data/Brains/1018_3.nii.gz
Dimension = 3
Number of stages = 3
Use Histogram Matching false
Winsorize image intensities true
Lower quantile = 0.005
Upper quantile = 0.995
Stage 1 State
   Image metric = Mattes
     Fixed image = Image (0x3d99cf0)
  RTTI typeinfo:   itk::Image<double, 3u>
  Reference Count: 2
  Modified Time: 1611
  Debug: Off
  Object Name: 
  Observers: 
    none
  Source: (none)
  Source output name: (none)
  Release Data: Off
  Data Released: False
  Global Release Data: Off
  PipelineMTime: 0
  UpdateMTime: 1422
  RealTimeStamp: 0 seconds 
  LargestPossibleRegion: 
    Dimension: 3
    Index: [0, 0, 0]
    Size: [216, 256, 291]
  BufferedRegion: 
    Dimension: 3
    Index: [0, 0, 0]
    Size: [216, 256, 291]
  RequestedRegion: 
    Dimension: 3
    Index: [0, 0, 0]
    Size: [216, 256, 291]
  Spacing: [1, 1, 1]
  Origin: [0, 293, 0]
  Direction: 
1 0 0
0 -0 -1
0 -1 -0

  IndexToPointMatrix: 
1 0 0
0 0 -1
0 -1 0

  PointToIndexMatrix: 
1 0 0
0 0 -1
0 -1 0

  Inverse Direction: 
1 0 0
0 0 -1
0 -1 0

  PixelContainer: 
    ImportImageContainer (0x3d9d7f0)
      RTTI typeinfo:   itk::ImportImageContainer<unsigned long, double>
      Reference Count: 1
      Modified Time: 1419
      Debug: Off
      Object Name: 
      Observers: 
        none
      Pointer: 0x7fb5acb45010
      Container manages memory: true
      Size: 16091136
      Capacity: 16091136

     Moving image = Image (0x3d9bd50)
  RTTI typeinfo:   itk::Image<double, 3u>
  Reference Count: 2
  Modified Time: 1612
  Debug: Off
  Object Name: 
  Observers: 
    none
  Source: (none)
  Source output name: (none)
  Release Data: Off
  Data Released: False
  Global Release Data: Off
  PipelineMTime: 0
  UpdateMTime: 1609
  RealTimeStamp: 0 seconds 
  LargestPossibleRegion: 
    Dimension: 3
    Index: [0, 0, 0]
    Size: [256, 256, 291]
  BufferedRegion: 
    Dimension: 3
    Index: [0, 0, 0]
    Size: [256, 256, 291]
  RequestedRegion: 
    Dimension: 3
    Index: [0, 0, 0]
    Size: [256, 256, 291]
  Spacing: [1, 1, 1]
  Origin: [0, 290, 0]
  Direction: 
1 0 0
0 -0 -1
0 -1 -0

  IndexToPointMatrix: 
1 0 0
0 0 -1
0 -1 0

  PointToIndexMatrix: 
1 0 0
0 0 -1
0 -1 0

  Inverse Direction: 
1 0 0
0 0 -1
0 -1 0

  PixelContainer: 
    ImportImageContainer (0x3d8cf60)
      RTTI typeinfo:   itk::ImportImageContainer<unsigned long, double>
      Reference Count: 1
      Modified Time: 1606
      Debug: Off
      Object Name: 
      Observers: 
        none
      Pointer: 0x7fb5a39c4010
      Container manages memory: true
      Size: 19070976
      Capacity: 19070976

     Weighting = 1
     Sampling strategy = regular
     Number of bins = 32
     Radius = 4
     Sampling percentage  = 0.25
   Transform = Rigid
     Gradient step = 0.1
     Update field sigma (voxel space) = 0
     Total field sigma (voxel space) = 0
     Update field time sigma = 0
     Total field time sigma  = 0
     Number of time indices = 0
     Number of time point samples = 0
Stage 2 State
   Image metric = Mattes
     Fixed image = Image (0x3da0700)
  RTTI typeinfo:   itk::Image<double, 3u>
  Reference Count: 2
  Modified Time: 1987
  Debug: Off
  Object Name: 
  Observers: 
    none
  Source: (none)
  Source output name: (none)
  Release Data: Off
  Data Released: False
  Global Release Data: Off
  PipelineMTime: 0
  UpdateMTime: 1798
  RealTimeStamp: 0 seconds 
  LargestPossibleRegion: 
    Dimension: 3
    Index: [0, 0, 0]
    Size: [216, 256, 291]
  BufferedRegion: 
    Dimension: 3
    Index: [0, 0, 0]
    Size: [216, 256, 291]
  RequestedRegion: 
    Dimension: 3
    Index: [0, 0, 0]
    Size: [216, 256, 291]
  Spacing: [1, 1, 1]
  Origin: [0, 293, 0]
  Direction: 
1 0 0
0 -0 -1
0 -1 -0

  IndexToPointMatrix: 
1 0 0
0 0 -1
0 -1 0

  PointToIndexMatrix: 
1 0 0
0 0 -1
0 -1 0

  Inverse Direction: 
1 0 0
0 0 -1
0 -1 0

  PixelContainer: 
    ImportImageContainer (0x3d9c970)
      RTTI typeinfo:   itk::ImportImageContainer<unsigned long, double>
      Reference Count: 1
      Modified Time: 1795
      Debug: Off
      Object Name: 
      Observers: 
        none
      Pointer: 0x7fb59beff010
      Container manages memory: true
      Size: 16091136
      Capacity: 16091136

     Moving image = Image (0x3dad080)
  RTTI typeinfo:   itk::Image<double, 3u>
  Reference Count: 2
  Modified Time: 1988
  Debug: Off
  Object Name: 
  Observers: 
    none
  Source: (none)
  Source output name: (none)
  Release Data: Off
  Data Released: False
  Global Release Data: Off
  PipelineMTime: 0
  UpdateMTime: 1985
  RealTimeStamp: 0 seconds 
  LargestPossibleRegion: 
    Dimension: 3
    Index: [0, 0, 0]
    Size: [256, 256, 291]
  BufferedRegion: 
    Dimension: 3
    Index: [0, 0, 0]
    Size: [256, 256, 291]
  RequestedRegion: 
    Dimension: 3
    Index: [0, 0, 0]
    Size: [256, 256, 291]
  Spacing: [1, 1, 1]
  Origin: [0, 290, 0]
  Direction: 
1 0 0
0 -0 -1
0 -1 -0

  IndexToPointMatrix: 
1 0 0
0 0 -1
0 -1 0

  PointToIndexMatrix: 
1 0 0
0 0 -1
0 -1 0

  Inverse Direction: 
1 0 0
0 0 -1
0 -1 0

  PixelContainer: 
    ImportImageContainer (0x3daca00)
      RTTI typeinfo:   itk::ImportImageContainer<unsigned long, double>
      Reference Count: 1
      Modified Time: 1982
      Debug: Off
      Object Name: 
      Observers: 
        none
      Pointer: 0x7fb592d7e010
      Container manages memory: true
      Size: 19070976
      Capacity: 19070976

     Weighting = 1
     Sampling strategy = regular
     Number of bins = 32
     Radius = 4
     Sampling percentage  = 0.25
   Transform = Affine
     Gradient step = 0.1
     Update field sigma (voxel space) = 0
     Total field sigma (voxel space) = 0
     Update field time sigma = 0
     Total field time sigma  = 0
     Number of time indices = 0
     Number of time point samples = 0
Stage 3 State
   Image metric = Mattes
     Fixed image = Image (0x3db29a0)
  RTTI typeinfo:   itk::Image<double, 3u>
  Reference Count: 2
  Modified Time: 2363
  Debug: Off
  Object Name: 
  Observers: 
    none
  Source: (none)
  Source output name: (none)
  Release Data: Off
  Data Released: False
  Global Release Data: Off
  PipelineMTime: 0
  UpdateMTime: 2174
  RealTimeStamp: 0 seconds 
  LargestPossibleRegion: 
    Dimension: 3
    Index: [0, 0, 0]
    Size: [216, 256, 291]
  BufferedRegion: 
    Dimension: 3
    Index: [0, 0, 0]
    Size: [216, 256, 291]
  RequestedRegion: 
    Dimension: 3
    Index: [0, 0, 0]
    Size: [216, 256, 291]
  Spacing: [1, 1, 1]
  Origin: [0, 293, 0]
  Direction: 
1 0 0
0 -0 -1
0 -1 -0

  IndexToPointMatrix: 
1 0 0
0 0 -1
0 -1 0

  PointToIndexMatrix: 
1 0 0
0 0 -1
0 -1 0

  Inverse Direction: 
1 0 0
0 0 -1
0 -1 0

  PixelContainer: 
    ImportImageContainer (0x3dab740)
      RTTI typeinfo:   itk::ImportImageContainer<unsigned long, double>
      Reference Count: 1
      Modified Time: 2171
      Debug: Off
      Object Name: 
      Observers: 
        none
      Pointer: 0x7fb58b2b9010
      Container manages memory: true
      Size: 16091136
      Capacity: 16091136

     Moving image = Image (0x3db5110)
  RTTI typeinfo:   itk::Image<double, 3u>
  Reference Count: 2
  Modified Time: 2364
  Debug: Off
  Object Name: 
  Observers: 
    none
  Source: (none)
  Source output name: (none)
  Release Data: Off
  Data Released: False
  Global Release Data: Off
  PipelineMTime: 0
  UpdateMTime: 2361
  RealTimeStamp: 0 seconds 
  LargestPossibleRegion: 
    Dimension: 3
    Index: [0, 0, 0]
    Size: [256, 256, 291]
  BufferedRegion: 
    Dimension: 3
    Index: [0, 0, 0]
    Size: [256, 256, 291]
  RequestedRegion: 
    Dimension: 3
    Index: [0, 0, 0]
    Size: [256, 256, 291]
  Spacing: [1, 1, 1]
  Origin: [0, 290, 0]
  Direction: 
1 0 0
0 -0 -1
0 -1 -0

  IndexToPointMatrix: 
1 0 0
0 0 -1
0 -1 0

  PointToIndexMatrix: 
1 0 0
0 0 -1
0 -1 0

  Inverse Direction: 
1 0 0
0 0 -1
0 -1 0

  PixelContainer: 
    ImportImageContainer (0x3db2c30)
      RTTI typeinfo:   itk::ImportImageContainer<unsigned long, double>
      Reference Count: 1
      Modified Time: 2358
      Debug: Off
      Object Name: 
      Observers: 
        none
      Pointer: 0x7fb582138010
      Container manages memory: true
      Size: 19070976
      Capacity: 19070976

     Weighting = 1
     Sampling strategy = none
     Number of bins = 32
     Radius = 4
     Sampling percentage  = 1
   Transform = SyN
     Gradient step = 0.1
     Update field sigma (voxel space) = 3
     Total field sigma (voxel space) = 0
     Update field time sigma = 0
     Total field time sigma  = 0
     Number of time indices = 0
     Number of time point samples = 0
Registration using 3 total stages.

Stage 0
  iterations = 1000x500x250x0
  convergence threshold = 1e-06
  convergence window size = 10
  number of levels = 4
  using the Mattes MI metric (number of bins = 32, weight = 1)
  preprocessing:  winsorizing the image intensities
  Shrink factors (level 1 out of 4): [12, 12, 12]
  Shrink factors (level 2 out of 4): [8, 8, 8]
  Shrink factors (level 3 out of 4): [4, 4, 4]
  Shrink factors (level 4 out of 4): [2, 2, 2]
  smoothing sigmas per level: [4, 3, 2, 1]
  regular sampling (percentage = 0.25)

*** Running Euler3DTransform registration ***

DIAGNOSTIC,Iteration,metricValue,convergenceValue,ITERATION_TIME_INDEX,SINCE_LAST
 2DIAGNOSTIC,     1, -4.109305603120e-01, 1.797693134862e+308, 2.2138e+01, 2.2138e+01, 
 2DIAGNOSTIC,     2, -4.117883799407e-01, 1.797693134862e+308, 2.2149e+01, 1.1219e-02, 
 2DIAGNOSTIC,     3, -4.131900958229e-01, 1.797693134862e+308, 2.2160e+01, 1.0815e-02, 
 2DIAGNOSTIC,     4, -4.141804761000e-01, 1.797693134862e+308, 2.2171e+01, 1.0936e-02, 
 2DIAGNOSTIC,     5, -4.148536661495e-01, 1.797693134862e+308, 2.2182e+01, 1.0893e-02, 
 2DIAGNOSTIC,     6, -4.150976222173e-01, 1.797693134862e+308, 2.2193e+01, 1.0908e-02, 
 2DIAGNOSTIC,     7, -4.156247132055e-01, 1.797693134862e+308, 2.2206e+01, 1.2508e-02, 
 2DIAGNOSTIC,     8, -4.158688458844e-01, 1.797693134862e+308, 2.2220e+01, 1.4099e-02, 
 2DIAGNOSTIC,     9, -4.158691161848e-01, 1.797693134862e+308, 2.2230e+01, 1.0786e-02, 
 2DIAGNOSTIC,    10, -4.160511647855e-01, 7.769660741417e-04, 2.2243e+01, 1.3008e-02, 
 2DIAGNOSTIC,    11, -4.160003687118e-01, 5.301224097704e-04, 2.2256e+01, 1.2842e-02, 
 2DIAGNOSTIC,    12, -4.160252942565e-01, 3.263294727038e-04, 2.2272e+01, 1.5898e-02, 
 2DIAGNOSTIC,    13, -4.160388277391e-01, 1.982792420652e-04, 2.2284e+01, 1.1358e-02, 
 2DIAGNOSTIC,    14, -4.159559713742e-01, 1.147035471070e-04, 2.2299e+01, 1.5072e-02, 
 2DIAGNOSTIC,    15, -4.166138424668e-01, 9.296869924022e-05, 2.2310e+01, 1.1474e-02, 
 2DIAGNOSTIC,    16, -4.174522847042e-01, 1.105861352075e-04, 2.2323e+01, 1.2960e-02, 
 2DIAGNOSTIC,    17, -4.176995680298e-01, 1.464244708630e-04, 2.2334e+01, 1.1401e-02, 
 2DIAGNOSTIC,    18, -4.178540303104e-01, 1.806309364294e-04, 2.2346e+01, 1.1190e-02, 
 2DIAGNOSTIC,    19, -4.181138116431e-01, 2.042062426179e-04, 2.2358e+01, 1.2819e-02, 
 2DIAGNOSTIC,    20, -4.184557401093e-01, 2.240387231969e-04, 2.2374e+01, 1.6005e-02, 
 2DIAGNOSTIC,    21, -4.186943952512e-01, 2.265955453192e-04, 2.2386e+01, 1.1191e-02, 
 2DIAGNOSTIC,    22, -4.188001535722e-01, 2.120585159668e-04, 2.2399e+01, 1.2920e-02, 
 2DIAGNOSTIC,    23, -4.196824431808e-01, 2.064185878423e-04, 2.2412e+01, 1.3045e-02, 
 2DIAGNOSTIC,    24, -4.202693908489e-01, 1.954854419308e-04, 2.2429e+01, 1.7616e-02, 
 2DIAGNOSTIC,    25, -4.204104137959e-01, 1.881803634694e-04, 2.2440e+01, 1.0975e-02, 
 2DIAGNOSTIC,    26, -4.204314208598e-01, 1.867016586164e-04, 2.2451e+01, 1.1186e-02, 
 2DIAGNOSTIC,    27, -4.204350327364e-01, 1.744325006518e-04, 2.2463e+01, 1.1244e-02, 
 2DIAGNOSTIC,    28, -4.204410989793e-01, 1.502676580856e-04, 2.2474e+01, 1.1195e-02, 
 2DIAGNOSTIC,    29, -4.204538374154e-01, 1.196678910097e-04, 2.2488e+01, 1.4212e-02, 
 2DIAGNOSTIC,    30, -4.203217619873e-01, 8.477319506722e-05, 2.2504e+01, 1.5563e-02, 
 2DIAGNOSTIC,    31, -4.201822629912e-01, 4.685078255279e-05, 2.2515e+01, 1.1157e-02, 
 2DIAGNOSTIC,    32, -4.201847587989e-01, 8.991218599590e-06, 2.2526e+01, 1.1095e-02, 
DIAGNOSTIC,Iteration,metricValue,convergenceValue,ITERATION_TIME_INDEX,SINCE_LAST
 2DIAGNOSTIC,     1, -3.722093513535e-01, 1.797693134862e+308, 3.8157e+01, 1.5631e+01, 
 2DIAGNOSTIC,     2, -3.732867562855e-01, 1.797693134862e+308, 3.8216e+01, 5.9689e-02, 
 2DIAGNOSTIC,     3, -3.743615942634e-01, 1.797693134862e+308, 3.8276e+01, 5.9903e-02, 
 2DIAGNOSTIC,     4, -3.755178802673e-01, 1.797693134862e+308, 3.8336e+01, 6.0019e-02, 
 2DIAGNOSTIC,     5, -3.762343733481e-01, 1.797693134862e+308, 3.8396e+01, 5.9545e-02, 
 2DIAGNOSTIC,     6, -3.765776973019e-01, 1.797693134862e+308, 3.8467e+01, 7.0967e-02, 
 2DIAGNOSTIC,     7, -3.772240710529e-01, 1.797693134862e+308, 3.8572e+01, 1.0525e-01, 
 2DIAGNOSTIC,     8, -3.772463327257e-01, 1.797693134862e+308, 3.8643e+01, 7.0663e-02, 
 2DIAGNOSTIC,     9, -3.773508732110e-01, 1.797693134862e+308, 3.8725e+01, 8.1939e-02, 
 2DIAGNOSTIC,    10, -3.773419220252e-01, 8.777202381076e-04, 3.8796e+01, 7.1250e-02, 
 2DIAGNOSTIC,    11, -3.773295019629e-01, 5.880356854316e-04, 3.8857e+01, 6.1094e-02, 
 2DIAGNOSTIC,    12, -3.773345525912e-01, 3.615595597385e-04, 3.8918e+01, 6.0904e-02, 
 2DIAGNOSTIC,    13, -3.773198111364e-01, 1.979542634859e-04, 3.8978e+01, 6.0457e-02, 
 2DIAGNOSTIC,    14, -3.774050588306e-01, 1.066356478400e-04, 3.9051e+01, 7.2224e-02, 
 2DIAGNOSTIC,    15, -3.774726468063e-01, 5.726332509505e-05, 3.9111e+01, 6.0883e-02, 
 2DIAGNOSTIC,    16, -3.775241582610e-01, 2.683546006585e-05, 3.9183e+01, 7.2039e-02, 
 2DIAGNOSTIC,    17, -3.776003081064e-01, 2.985454880645e-05, 3.9244e+01, 6.0309e-02, 
 2DIAGNOSTIC,    18, -3.778595362556e-01, 4.159433114871e-05, 3.9316e+01, 7.2362e-02, 
 2DIAGNOSTIC,    19, -3.779124699063e-01, 5.437715680901e-05, 3.9400e+01, 8.3423e-02, 
 2DIAGNOSTIC,    20, -3.781012518751e-01, 6.781589483457e-05, 3.9460e+01, 6.0761e-02, 
 2DIAGNOSTIC,    21, -3.782192803956e-01, 7.756339576410e-05, 3.9522e+01, 6.1319e-02, 
 2DIAGNOSTIC,    22, -3.782925189899e-01, 8.200110707238e-05, 3.9616e+01, 9.4450e-02, 
 2DIAGNOSTIC,    23, -3.784191720087e-01, 8.207801189961e-05, 3.9721e+01, 1.0476e-01, 
 2DIAGNOSTIC,    24, -3.784566534283e-01, 7.833225939931e-05, 3.9793e+01, 7.1996e-02, 
 2DIAGNOSTIC,    25, -3.784653609165e-01, 7.000331093233e-05, 3.9865e+01, 7.1998e-02, 
 2DIAGNOSTIC,    26, -3.784726915563e-01, 5.759207996605e-05, 3.9925e+01, 6.0054e-02, 
 2DIAGNOSTIC,    27, -3.784419067858e-01, 4.191180296529e-05, 3.9986e+01, 6.0776e-02, 
 2DIAGNOSTIC,    28, -3.784489781721e-01, 3.071441501545e-05, 4.0046e+01, 6.0783e-02, 
 2DIAGNOSTIC,    29, -3.784977762954e-01, 2.002799108153e-05, 4.0119e+01, 7.2078e-02, 
 2DIAGNOSTIC,    30, -3.785573163676e-01, 1.443839093375e-05, 4.0179e+01, 6.0480e-02, 
 2DIAGNOSTIC,    31, -3.786268089212e-01, 1.247694573724e-05, 4.0239e+01, 6.0186e-02, 
 2DIAGNOSTIC,    32, -3.787022521690e-01, 1.298160119011e-05, 4.0300e+01, 6.0830e-02, 
 2DIAGNOSTIC,    33, -3.789632033969e-01, 2.113239999954e-05, 4.0416e+01, 1.1599e-01, 
 2DIAGNOSTIC,    34, -3.789735409717e-01, 2.778809968852e-05, 4.0477e+01, 6.0591e-02, 
 2DIAGNOSTIC,    35, -3.789747059683e-01, 3.176992740337e-05, 4.0537e+01, 6.0772e-02, 
 2DIAGNOSTIC,    36, -3.789779731725e-01, 3.290973462134e-05, 4.0609e+01, 7.1661e-02, 
 2DIAGNOSTIC,    37, -3.789810051198e-01, 3.035393550800e-05, 4.0681e+01, 7.1520e-02, 
 2DIAGNOSTIC,    38, -3.789841879076e-01, 2.524260261550e-05, 4.0741e+01, 6.0818e-02, 
 2DIAGNOSTIC,    39, -3.789863753077e-01, 1.903727481690e-05, 4.0813e+01, 7.1843e-02, 
 2DIAGNOSTIC,    40, -3.789882688320e-01, 1.262055955802e-05, 4.0919e+01, 1.0595e-01, 
 2DIAGNOSTIC,    41, -3.789883263445e-01, 6.686540564335e-06, 4.0991e+01, 7.2097e-02, 
 2DIAGNOSTIC,    42, -3.789884001285e-01, 1.692975299991e-06, 4.1254e+01, 2.6313e-01, 
 2DIAGNOSTIC,    43, -3.789884001261e-01, 1.404311087756e-06, 4.1517e+01, 2.6299e-01, 
 2DIAGNOSTIC,    44, -3.789884001261e-01, 1.242291328595e-06, 4.1588e+01, 7.1045e-02, 
 2DIAGNOSTIC,    45, -3.789884001261e-01, 1.056780662242e-06, 4.1670e+01, 8.1673e-02, 
DIAGNOSTIC,Iteration,metricValue,convergenceValue,ITERATION_TIME_INDEX,SINCE_LAST
 2DIAGNOSTIC,     1, -3.215378741221e-01, 1.797693134862e+308, 5.0635e+01, 8.9649e+00, 
 2DIAGNOSTIC,     2, -3.218703823944e-01, 1.797693134862e+308, 5.1127e+01, 4.9184e-01, 
 2DIAGNOSTIC,     3, -3.221569006105e-01, 1.797693134862e+308, 5.1622e+01, 4.9487e-01, 
 2DIAGNOSTIC,     4, -3.223090770077e-01, 1.797693134862e+308, 5.2215e+01, 5.9308e-01, 
 2DIAGNOSTIC,     5, -3.223664154592e-01, 1.797693134862e+308, 5.2709e+01, 4.9471e-01, 
 2DIAGNOSTIC,     6, -3.224050328190e-01, 1.797693134862e+308, 5.3401e+01, 6.9109e-01, 
 2DIAGNOSTIC,     7, -3.224264032381e-01, 1.797693134862e+308, 5.3993e+01, 5.9272e-01, 
 2DIAGNOSTIC,     8, -3.224685583478e-01, 1.797693134862e+308, 5.4585e+01, 5.9160e-01, 
 2DIAGNOSTIC,     9, -3.224960042281e-01, 1.797693134862e+308, 5.5275e+01, 6.9043e-01, 
 2DIAGNOSTIC,    10, -3.225326928136e-01, 1.638113995108e-04, 5.5770e+01, 4.9514e-01, 
 2DIAGNOSTIC,    11, -3.225959317848e-01, 1.020042802740e-04, 5.8033e+01, 2.2626e+00, 
 2DIAGNOSTIC,    12, -3.225959316442e-01, 6.553816017590e-05, 5.8523e+01, 4.9026e-01, 
 2DIAGNOSTIC,    13, -3.225959328220e-01, 4.826743898466e-05, 5.9019e+01, 4.9562e-01, 
 2DIAGNOSTIC,    14, -3.225959348130e-01, 3.885288678632e-05, 5.9515e+01, 4.9622e-01, 
 2DIAGNOSTIC,    15, -3.225959381775e-01, 3.065949864796e-05, 6.0011e+01, 4.9601e-01, 
 2DIAGNOSTIC,    16, -3.225959438610e-01, 2.295478851093e-05, 6.0502e+01, 4.9076e-01, 
 2DIAGNOSTIC,    17, -3.225959534463e-01, 1.530889639038e-05, 6.0993e+01, 4.9102e-01, 
 2DIAGNOSTIC,    18, -3.225959695808e-01, 9.370704573984e-06, 6.1483e+01, 4.8968e-01, 
 2DIAGNOSTIC,    19, -3.225959967055e-01, 4.614601956852e-06, 6.1978e+01, 4.9529e-01, 
 2DIAGNOSTIC,    20, -3.225960421714e-01, 1.600264615299e-06, 6.2475e+01, 4.9697e-01, 
 2DIAGNOSTIC,    21, -3.225961192957e-01, 1.529908400924e-06, 6.2970e+01, 4.9518e-01, 
 2DIAGNOSTIC,    22, -3.225962584000e-01, 1.470118243745e-06, 6.3466e+01, 4.9559e-01, 
 2DIAGNOSTIC,    23, -3.225964824002e-01, 1.421856665136e-06, 6.3956e+01, 4.9043e-01, 
 2DIAGNOSTIC,    24, -3.225968343741e-01, 1.386889984807e-06, 6.4447e+01, 4.9120e-01, 
 2DIAGNOSTIC,    25, -3.226011920847e-01, 1.502534064925e-06, 6.5038e+01, 5.9028e-01, 
 2DIAGNOSTIC,    26, -3.225939082806e-01, 1.336966050897e-06, 6.5529e+01, 4.9110e-01, 
 2DIAGNOSTIC,    27, -3.225906240128e-01, 1.074738661094e-06, 6.6119e+01, 5.9082e-01, 
DIAGNOSTIC,Iteration,metricValue,convergenceValue,ITERATION_TIME_INDEX,SINCE_LAST
 2DIAGNOSTIC,     1, -2.788400226000e-01, 1.797693134862e+308, 7.5014e+01, 8.8950e+00, 
  Elapsed time (stage 0): 7.6891e+01


Stage 1
  iterations = 1000x500x250x0
  convergence threshold = 1.0000e-06
  convergence window size = 10
  number of levels = 4
  using the Mattes MI metric (number of bins = 32, weight = 1.0000e+00)
  preprocessing:  winsorizing the image intensities
  Shrink factors (level 1 out of 4): [12, 12, 12]
  Shrink factors (level 2 out of 4): [8, 8, 8]
  Shrink factors (level 3 out of 4): [4, 4, 4]
  Shrink factors (level 4 out of 4): [2, 2, 2]
  smoothing sigmas per level: [4, 3, 2, 1]
  regular sampling (percentage = 2.5000e-01)

*** Running AffineTransform registration ***

DIAGNOSTIC,Iteration,metricValue,convergenceValue,ITERATION_TIME_INDEX,SINCE_LAST
 2DIAGNOSTIC,     1, -4.215183886529e-01, 1.797693134862e+308, 2.1609e+01, 2.1609e+01, 
 2DIAGNOSTIC,     2, -4.226700196810e-01, 1.797693134862e+308, 2.1624e+01, 1.4537e-02, 
 2DIAGNOSTIC,     3, -4.245057999047e-01, 1.797693134862e+308, 2.1638e+01, 1.4174e-02, 
 2DIAGNOSTIC,     4, -4.272885516844e-01, 1.797693134862e+308, 2.1652e+01, 1.4304e-02, 
 2DIAGNOSTIC,     5, -4.310048217737e-01, 1.797693134862e+308, 2.1666e+01, 1.4199e-02, 
 2DIAGNOSTIC,     6, -4.371142319811e-01, 1.797693134862e+308, 2.1681e+01, 1.4571e-02, 
 2DIAGNOSTIC,     7, -4.451104741899e-01, 1.797693134862e+308, 2.1697e+01, 1.5877e-02, 
 2DIAGNOSTIC,     8, -4.726706424653e-01, 1.797693134862e+308, 2.1717e+01, 2.0139e-02, 
 2DIAGNOSTIC,     9, -4.897629072700e-01, 1.797693134862e+308, 2.1734e+01, 1.6581e-02, 
 2DIAGNOSTIC,    10, -4.972595166420e-01, 1.129176674317e-02, 2.1752e+01, 1.8397e-02, 
 2DIAGNOSTIC,    11, -5.007276786061e-01, 1.179834803423e-02, 2.1767e+01, 1.4849e-02, 
 2DIAGNOSTIC,    12, -5.053069726781e-01, 1.145477059474e-02, 2.1784e+01, 1.6751e-02, 
 2DIAGNOSTIC,    13, -5.107575669147e-01, 1.045854108071e-02, 2.1808e+01, 2.4156e-02, 
 2DIAGNOSTIC,    14, -5.111806142465e-01, 8.800255192266e-03, 2.1823e+01, 1.5037e-02, 
 2DIAGNOSTIC,    15, -5.128649645176e-01, 6.815450789230e-03, 2.1839e+01, 1.6233e-02, 
 2DIAGNOSTIC,    16, -5.133232602233e-01, 4.740357264176e-03, 2.1854e+01, 1.4743e-02, 
 2DIAGNOSTIC,    17, -5.135061000171e-01, 2.765924700071e-03, 2.1868e+01, 1.4472e-02, 
 2DIAGNOSTIC,    18, -5.138460602478e-01, 1.687725037560e-03, 2.1883e+01, 1.4469e-02, 
 2DIAGNOSTIC,    19, -5.141509476422e-01, 1.117514940683e-03, 2.1900e+01, 1.7761e-02, 
 2DIAGNOSTIC,    20, -5.141725976005e-01, 7.286504942673e-04, 2.1916e+01, 1.5987e-02, 
 2DIAGNOSTIC,    21, -5.141885727152e-01, 4.082067562509e-04, 2.1932e+01, 1.5979e-02, 
 2DIAGNOSTIC,    22, -5.142209052987e-01, 2.012017769133e-04, 2.1947e+01, 1.4389e-02, 
 2DIAGNOSTIC,    23, -5.142601850179e-01, 1.352046610271e-04, 2.1961e+01, 1.4378e-02, 
 2DIAGNOSTIC,    24, -5.142781727396e-01, 7.216820749065e-05, 2.1977e+01, 1.6037e-02, 
 2DIAGNOSTIC,    25, -5.143190599643e-01, 4.804419232371e-05, 2.1995e+01, 1.7825e-02, 
 2DIAGNOSTIC,    26, -5.143370294365e-01, 3.225385197744e-05, 2.2011e+01, 1.6102e-02, 
 2DIAGNOSTIC,    27, -5.143416467160e-01, 1.869459787662e-05, 2.2027e+01, 1.6076e-02, 
 2DIAGNOSTIC,    28, -5.143453300355e-01, 1.147076295200e-05, 2.2043e+01, 1.6146e-02, 
 2DIAGNOSTIC,    29, -5.143464518221e-01, 9.917498733053e-06, 2.2059e+01, 1.6084e-02, 
 2DIAGNOSTIC,    30, -5.143467183307e-01, 8.065212823594e-06, 2.2076e+01, 1.6111e-02, 
 2DIAGNOSTIC,    31, -5.143478191249e-01, 5.988681660858e-06, 2.2093e+01, 1.7885e-02, 
 2DIAGNOSTIC,    32, -5.143491626310e-01, 4.182963406582e-06, 2.2108e+01, 1.4486e-02, 
 2DIAGNOSTIC,    33, -5.143542508736e-01, 2.971805320016e-06, 2.2122e+01, 1.4214e-02, 
 2DIAGNOSTIC,    34, -5.143620693000e-01, 2.068235838440e-06, 2.2140e+01, 1.7594e-02, 
 2DIAGNOSTIC,    35, -5.143691265317e-01, 1.893525111575e-06, 2.2164e+01, 2.4303e-02, 
 2DIAGNOSTIC,    36, -5.143694140603e-01, 1.928391711474e-06, 2.2178e+01, 1.4309e-02, 
 2DIAGNOSTIC,    37, -5.143704493270e-01, 1.954093098677e-06, 2.2193e+01, 1.4368e-02, 
 2DIAGNOSTIC,    38, -5.143715760138e-01, 1.949368331908e-06, 2.2207e+01, 1.4567e-02, 
 2DIAGNOSTIC,    39, -5.143724782239e-01, 1.869293393696e-06, 2.2222e+01, 1.4523e-02, 
 2DIAGNOSTIC,    40, -5.143728342258e-01, 1.703620754058e-06, 2.2266e+01, 4.3921e-02, 
 2DIAGNOSTIC,    41, -5.143728342242e-01, 1.479630738408e-06, 2.2306e+01, 4.0514e-02, 
 2DIAGNOSTIC,    42, -5.143728342242e-01, 1.221187129502e-06, 2.2322e+01, 1.5987e-02, 
DIAGNOSTIC,Iteration,metricValue,convergenceValue,ITERATION_TIME_INDEX,SINCE_LAST
 2DIAGNOSTIC,     1, -4.527136036902e-01, 1.797693134862e+308, 3.7911e+01, 1.5589e+01, 
 2DIAGNOSTIC,     2, -4.538405855383e-01, 1.797693134862e+308, 3.7984e+01, 7.3175e-02, 
 2DIAGNOSTIC,     3, -4.548838768575e-01, 1.797693134862e+308, 3.8056e+01, 7.2418e-02, 
 2DIAGNOSTIC,     4, -4.557497006682e-01, 1.797693134862e+308, 3.8129e+01, 7.2834e-02, 
 2DIAGNOSTIC,     5, -4.564907537484e-01, 1.797693134862e+308, 3.8202e+01, 7.2618e-02, 
 2DIAGNOSTIC,     6, -4.571026723872e-01, 1.797693134862e+308, 3.8275e+01, 7.2970e-02, 
 2DIAGNOSTIC,     7, -4.581629187483e-01, 1.797693134862e+308, 3.8383e+01, 1.0838e-01, 
 2DIAGNOSTIC,     8, -4.584285336099e-01, 1.797693134862e+308, 3.8456e+01, 7.2925e-02, 
 2DIAGNOSTIC,     9, -4.585357265097e-01, 1.797693134862e+308, 3.8529e+01, 7.2659e-02, 
 2DIAGNOSTIC,    10, -4.587923789489e-01, 8.684394988615e-04, 3.8650e+01, 1.2122e-01, 
 2DIAGNOSTIC,    11, -4.588388511448e-01, 6.506129832106e-04, 3.8723e+01, 7.3204e-02, 
 2DIAGNOSTIC,    12, -4.588700536938e-01, 4.699333371214e-04, 3.8796e+01, 7.2249e-02, 
 2DIAGNOSTIC,    13, -4.588926081986e-01, 3.254488473823e-04, 3.8891e+01, 9.5722e-02, 
 2DIAGNOSTIC,    14, -4.589149759405e-01, 2.118017106319e-04, 3.8987e+01, 9.5542e-02, 
 2DIAGNOSTIC,    15, -4.589202859892e-01, 1.249489947635e-04, 3.9071e+01, 8.3928e-02, 
 2DIAGNOSTIC,    16, -4.589227608510e-01, 6.054788589908e-05, 3.9143e+01, 7.1919e-02, 
 2DIAGNOSTIC,    17, -4.589277822982e-01, 3.719448541304e-05, 3.9215e+01, 7.2115e-02, 
 2DIAGNOSTIC,    18, -4.589466079763e-01, 2.300306146923e-05, 3.9299e+01, 8.3846e-02, 
 2DIAGNOSTIC,    19, -4.589675596270e-01, 1.229563416198e-05, 3.9394e+01, 9.5600e-02, 
 2DIAGNOSTIC,    20, -4.589733303438e-01, 9.790285967058e-06, 3.9466e+01, 7.1586e-02, 
 2DIAGNOSTIC,    21, -4.589793997914e-01, 8.315873897019e-06, 3.9538e+01, 7.1968e-02, 
 2DIAGNOSTIC,    22, -4.589905249512e-01, 7.529523134493e-06, 3.9609e+01, 7.1707e-02, 
 2DIAGNOSTIC,    23, -4.589990538221e-01, 7.052026375236e-06, 3.9694e+01, 8.4955e-02, 
 2DIAGNOSTIC,    24, -4.590013298207e-01, 6.707830440281e-06, 3.9815e+01, 1.2014e-01, 
 2DIAGNOSTIC,    25, -4.590020720782e-01, 6.044256400321e-06, 3.9888e+01, 7.3134e-02, 
 2DIAGNOSTIC,    26, -4.590069528918e-01, 5.168538799026e-06, 3.9960e+01, 7.2301e-02, 
 2DIAGNOSTIC,    27, -4.590131439047e-01, 4.232023272627e-06, 4.0033e+01, 7.2643e-02, 
 2DIAGNOSTIC,    28, -4.590148665166e-01, 3.513844974816e-06, 4.0118e+01, 8.4980e-02, 
 2DIAGNOSTIC,    29, -4.590206227027e-01, 3.194920173047e-06, 4.0202e+01, 8.4409e-02, 
 2DIAGNOSTIC,    30, -4.590278705207e-01, 2.968689442905e-06, 4.0298e+01, 9.5939e-02, 
 2DIAGNOSTIC,    31, -4.590352361100e-01, 2.837527137388e-06, 4.0394e+01, 9.5640e-02, 
 2DIAGNOSTIC,    32, -4.590378085323e-01, 2.801587194276e-06, 4.0478e+01, 8.3973e-02, 
 2DIAGNOSTIC,    33, -4.590379087739e-01, 2.760308285804e-06, 4.0549e+01, 7.1805e-02, 
 2DIAGNOSTIC,    34, -4.590381371017e-01, 2.599617076812e-06, 4.0621e+01, 7.2015e-02, 
 2DIAGNOSTIC,    35, -4.590386359559e-01, 2.309109197626e-06, 4.0693e+01, 7.2064e-02, 
 2DIAGNOSTIC,    36, -4.590393748332e-01, 1.994537187459e-06, 4.0978e+01, 2.8442e-01, 
 2DIAGNOSTIC,    37, -4.590393748240e-01, 1.696103197679e-06, 4.1262e+01, 2.8426e-01, 
 2DIAGNOSTIC,    38, -4.590393748240e-01, 1.362760266729e-06, 4.1393e+01, 1.3068e-01, 
 2DIAGNOSTIC,    39, -4.590393748240e-01, 1.086955762362e-06, 4.1478e+01, 8.5300e-02, 
DIAGNOSTIC,Iteration,metricValue,convergenceValue,ITERATION_TIME_INDEX,SINCE_LAST
 2DIAGNOSTIC,     1, -3.845201019893e-01, 1.797693134862e+308, 5.0583e+01, 9.1050e+00, 
 2DIAGNOSTIC,     2, -3.847074329431e-01, 1.797693134862e+308, 5.1179e+01, 5.9570e-01, 
 2DIAGNOSTIC,     3, -3.849081707365e-01, 1.797693134862e+308, 5.1776e+01, 5.9761e-01, 
 2DIAGNOSTIC,     4, -3.851878972847e-01, 1.797693134862e+308, 5.2375e+01, 5.9881e-01, 
 2DIAGNOSTIC,     5, -3.856242789187e-01, 1.797693134862e+308, 5.2973e+01, 5.9813e-01, 
 2DIAGNOSTIC,     6, -3.859345029914e-01, 1.797693134862e+308, 5.3977e+01, 1.0037e+00, 
 2DIAGNOSTIC,     7, -3.860028128365e-01, 1.797693134862e+308, 5.4562e+01, 5.8503e-01, 
 2DIAGNOSTIC,     8, -3.860569386610e-01, 1.797693134862e+308, 5.5251e+01, 6.8857e-01, 
 2DIAGNOSTIC,     9, -3.861744187174e-01, 1.797693134862e+308, 5.5939e+01, 6.8789e-01, 
 2DIAGNOSTIC,    10, -3.862048153682e-01, 3.131356868552e-04, 5.6628e+01, 6.8953e-01, 
 2DIAGNOSTIC,    11, -3.862133983608e-01, 2.404087076436e-04, 5.7311e+01, 6.8242e-01, 
 2DIAGNOSTIC,    12, -3.862197422643e-01, 1.706822412640e-04, 5.7997e+01, 6.8667e-01, 
 2DIAGNOSTIC,    13, -3.862317612481e-01, 1.086501551344e-04, 5.8689e+01, 6.9200e-01, 
 2DIAGNOSTIC,    14, -3.862417977430e-01, 6.056536621324e-05, 5.9383e+01, 6.9423e-01, 
 2DIAGNOSTIC,    15, -3.862424934681e-01, 3.464281084446e-05, 6.0078e+01, 6.9416e-01, 
 2DIAGNOSTIC,    16, -3.862434913968e-01, 2.334078452844e-05, 6.0967e+01, 8.8958e-01, 
 2DIAGNOSTIC,    17, -3.862442018516e-01, 1.440903498749e-05, 6.1551e+01, 5.8357e-01, 
 2DIAGNOSTIC,    18, -3.862463843995e-01, 7.489117388751e-06, 6.2141e+01, 5.9023e-01, 
 2DIAGNOSTIC,    19, -3.862468868138e-01, 5.306352127109e-06, 6.2729e+01, 5.8836e-01, 
 2DIAGNOSTIC,    20, -3.862471488403e-01, 4.133628928073e-06, 6.3416e+01, 6.8648e-01, 
 2DIAGNOSTIC,    21, -3.862473156222e-01, 3.147655282448e-06, 6.4101e+01, 6.8546e-01, 
 2DIAGNOSTIC,    22, -3.862475007774e-01, 2.309933451516e-06, 6.4689e+01, 5.8755e-01, 
 2DIAGNOSTIC,    23, -3.862476724197e-01, 1.845000087576e-06, 6.7097e+01, 2.4078e+00, 
 2DIAGNOSTIC,    24, -3.862476724027e-01, 1.683169586063e-06, 6.9509e+01, 2.4127e+00, 
 2DIAGNOSTIC,    25, -3.862476724027e-01, 1.521695542829e-06, 7.0307e+01, 7.9770e-01, 
 2DIAGNOSTIC,    26, -3.862476724027e-01, 1.377909906917e-06, 7.1302e+01, 9.9514e-01, 
 2DIAGNOSTIC,    27, -3.862476724027e-01, 1.248148112469e-06, 7.1985e+01, 6.8285e-01, 
 2DIAGNOSTIC,    28, -3.862476724027e-01, 1.178211901195e-06, 7.2667e+01, 6.8234e-01, 
 2DIAGNOSTIC,    29, -3.862476724027e-01, 1.121870721127e-06, 7.3350e+01, 6.8255e-01, 
 2DIAGNOSTIC,    30, -3.862476724027e-01, 1.073430558544e-06, 7.4032e+01, 6.8197e-01, 
 2DIAGNOSTIC,    31, -3.862476724027e-01, 1.030824551398e-06, 7.4715e+01, 6.8323e-01, 
DIAGNOSTIC,Iteration,metricValue,convergenceValue,ITERATION_TIME_INDEX,SINCE_LAST
 2DIAGNOSTIC,     1, -3.301639975317e-01, 1.797693134862e+308, 8.4422e+01, 9.7069e+00, 
  Elapsed time (stage 1): 8.6409e+01


Stage 2
  iterations = 100x100x70x50x0
  convergence threshold = 1.0000e-06
  convergence window size = 10
  number of levels = 5
  using the Mattes MI metric (number of bins = 32, weight = 1.0000e+00)
  preprocessing:  winsorizing the image intensities
  Shrink factors (level 1 out of 5): [10, 10, 10]
  Shrink factors (level 2 out of 5): [6, 6, 6]
  Shrink factors (level 3 out of 5): [4, 4, 4]
  Shrink factors (level 4 out of 5): [2, 2, 2]
  Shrink factors (level 5 out of 5): [1, 1, 1]
  smoothing sigmas per level: [5, 3, 2, 1, 0]
  Using default NONE metricSamplingStrategy 

*** Running SyN registration (varianceForUpdateField = 3.0000e+00, varianceForTotalField = 0.0000e+00) ***

XXDIAGNOSTIC,Iteration,metricValue,convergenceValue,ITERATION_TIME_INDEX,SINCE_LAST
 1DIAGNOSTIC,     1, -5.478538969848e-01, 1.797693134862e+308, 3.6070e+01, 3.6070e+01, 
 1DIAGNOSTIC,     2, -5.656159545175e-01, 1.797693134862e+308, 3.6208e+01, 1.3834e-01, 
 1DIAGNOSTIC,     3, -5.743919054539e-01, 1.797693134862e+308, 3.6350e+01, 1.4215e-01, 
 1DIAGNOSTIC,     4, -5.779685315823e-01, 1.797693134862e+308, 3.6486e+01, 1.3564e-01, 
 1DIAGNOSTIC,     5, -5.749523437250e-01, 1.797693134862e+308, 3.6621e+01, 1.3563e-01, 
 1DIAGNOSTIC,     6, -5.747323355742e-01, 1.797693134862e+308, 3.6757e+01, 1.3610e-01, 
 1DIAGNOSTIC,     7, -5.711772301813e-01, 1.797693134862e+308, 3.6893e+01, 1.3542e-01, 
 1DIAGNOSTIC,     8, -5.699557111213e-01, 1.797693134862e+308, 3.7029e+01, 1.3597e-01, 
 1DIAGNOSTIC,     9, -5.688632469878e-01, 1.797693134862e+308, 3.7164e+01, 1.3570e-01, 
 1DIAGNOSTIC,    10, -5.656943996049e-01, 7.201113730617e-04, 3.7301e+01, 1.3635e-01, 
 1DIAGNOSTIC,    11, -5.660965355927e-01, -7.434032510005e-04, 3.7438e+01, 1.3705e-01, 
XXDIAGNOSTIC,Iteration,metricValue,convergenceValue,ITERATION_TIME_INDEX,SINCE_LAST
 1DIAGNOSTIC,     1, -4.499368488319e-01, 1.797693134862e+308, 5.3707e+01, 1.6269e+01, 
 1DIAGNOSTIC,     2, -4.535833938463e-01, 1.797693134862e+308, 5.4262e+01, 5.5543e-01, 
 1DIAGNOSTIC,     3, -4.549386699101e-01, 1.797693134862e+308, 5.4804e+01, 5.4188e-01, 
 1DIAGNOSTIC,     4, -4.547532020863e-01, 1.797693134862e+308, 5.5353e+01, 5.4856e-01, 
 1DIAGNOSTIC,     5, -4.545477703740e-01, 1.797693134862e+308, 5.5895e+01, 5.4202e-01, 
 1DIAGNOSTIC,     6, -4.540994698452e-01, 1.797693134862e+308, 5.6437e+01, 5.4165e-01, 
 1DIAGNOSTIC,     7, -4.532337081908e-01, 1.797693134862e+308, 5.6979e+01, 5.4249e-01, 
 1DIAGNOSTIC,     8, -4.522218128062e-01, 1.797693134862e+308, 5.7520e+01, 5.4118e-01, 
 1DIAGNOSTIC,     9, -4.508950821771e-01, 1.797693134862e+308, 5.8062e+01, 5.4166e-01, 
 1DIAGNOSTIC,    10, -4.495189377892e-01, -3.393824626012e-04, 5.8605e+01, 5.4306e-01, 
XXDIAGNOSTIC,Iteration,metricValue,convergenceValue,ITERATION_TIME_INDEX,SINCE_LAST
 1DIAGNOSTIC,     1, -3.833007722204e-01, 1.797693134862e+308, 6.8778e+01, 1.0173e+01, 
 1DIAGNOSTIC,     2, -3.841168997234e-01, 1.797693134862e+308, 7.0490e+01, 1.7124e+00, 
 1DIAGNOSTIC,     3, -3.847945963130e-01, 1.797693134862e+308, 7.2200e+01, 1.7097e+00, 
 1DIAGNOSTIC,     4, -3.851896634238e-01, 1.797693134862e+308, 7.3901e+01, 1.7017e+00, 
 1DIAGNOSTIC,     5, -3.855558307776e-01, 1.797693134862e+308, 7.5608e+01, 1.7069e+00, 
 1DIAGNOSTIC,     6, -3.855966434745e-01, 1.797693134862e+308, 7.7425e+01, 1.8171e+00, 
 1DIAGNOSTIC,     7, -3.853745021299e-01, 1.797693134862e+308, 7.9187e+01, 1.7620e+00, 
 1DIAGNOSTIC,     8, -3.851877914466e-01, 1.797693134862e+308, 8.0944e+01, 1.7568e+00, 
 1DIAGNOSTIC,     9, -3.847673127885e-01, 1.797693134862e+308, 8.2649e+01, 1.7050e+00, 
 1DIAGNOSTIC,    10, -3.845434105255e-01, 1.641754193018e-04, 8.4436e+01, 1.7864e+00, 
 1DIAGNOSTIC,    11, -3.842177122584e-01, -3.898433747286e-05, 8.6149e+01, 1.7129e+00, 
XXDIAGNOSTIC,Iteration,metricValue,convergenceValue,ITERATION_TIME_INDEX,SINCE_LAST
 1DIAGNOSTIC,     1, -3.261080164327e-01, 1.797693134862e+308, 1.0551e+02, 1.9359e+01, 
 1DIAGNOSTIC,     2, -3.271667885562e-01, 1.797693134862e+308, 1.1830e+02, 1.2791e+01, 
 1DIAGNOSTIC,     3, -3.282835331280e-01, 1.797693134862e+308, 1.3105e+02, 1.2746e+01, 
 1DIAGNOSTIC,     4, -3.292686483548e-01, 1.797693134862e+308, 1.4378e+02, 1.2736e+01, 
 1DIAGNOSTIC,     5, -3.301822487435e-01, 1.797693134862e+308, 1.5655e+02, 1.2770e+01, 
 1DIAGNOSTIC,     6, -3.309743415362e-01, 1.797693134862e+308, 1.6979e+02, 1.3236e+01, 
 1DIAGNOSTIC,     7, -3.316513646685e-01, 1.797693134862e+308, 1.8303e+02, 1.3240e+01, 
 1DIAGNOSTIC,     8, -3.322138052553e-01, 1.797693134862e+308, 1.9627e+02, 1.3244e+01, 
 1DIAGNOSTIC,     9, -3.326618908108e-01, 1.797693134862e+308, 2.0951e+02, 1.3243e+01, 
 1DIAGNOSTIC,    10, -3.330369643447e-01, 1.357473467870e-03, 2.2264e+02, 1.3130e+01, 
 1DIAGNOSTIC,    11, -3.334447286138e-01, 1.087610856498e-03, 2.3619e+02, 1.3547e+01, 
 1DIAGNOSTIC,    12, -3.338517803119e-01, 8.692546647655e-04, 2.4970e+02, 1.3512e+01, 
 1DIAGNOSTIC,    13, -3.341765119717e-01, 7.005250750820e-04, 2.6332e+02, 1.3620e+01, 
 1DIAGNOSTIC,    14, -3.344676839254e-01, 5.700558859973e-04, 2.7689e+02, 1.3571e+01, 
 1DIAGNOSTIC,    15, -3.347324732342e-01, 4.719479696818e-04, 2.9051e+02, 1.3611e+01, 
 1DIAGNOSTIC,    16, -3.349937690742e-01, 3.988081915337e-04, 3.0413e+02, 1.3624e+01, 
 1DIAGNOSTIC,    17, -3.352329713643e-01, 3.432882544574e-04, 3.1771e+02, 1.3576e+01, 
 1DIAGNOSTIC,    18, -3.354872488010e-01, 3.008564605508e-04, 3.3125e+02, 1.3541e+01, 
 1DIAGNOSTIC,    19, -3.357493205163e-01, 2.669014274566e-04, 3.4483e+02, 1.3581e+01, 
 1DIAGNOSTIC,    20, -3.359388993588e-01, 2.355046715210e-04, 3.5841e+02, 1.3579e+01, 
 1DIAGNOSTIC,    21, -3.360811884623e-01, 2.074213105467e-04, 3.7207e+02, 1.3659e+01, 
 1DIAGNOSTIC,    22, -3.362074448003e-01, 1.832062457801e-04, 3.8563e+02, 1.3565e+01, 
 1DIAGNOSTIC,    23, -3.363268924549e-01, 1.603839573975e-04, 3.9921e+02, 1.3577e+01, 
 1DIAGNOSTIC,    24, -3.364528322443e-01, 1.391901751681e-04, 4.1293e+02, 1.3721e+01, 
 1DIAGNOSTIC,    25, -3.365658482988e-01, 1.194751582651e-04, 4.2652e+02, 1.3591e+01, 
 1DIAGNOSTIC,    26, -3.366182560260e-01, 1.003703270985e-04, 4.4016e+02, 1.3640e+01, 
 1DIAGNOSTIC,    27, -3.366597638845e-01, 8.214844010601e-05, 4.5386e+02, 1.3697e+01, 
 1DIAGNOSTIC,    28, -3.367015379666e-01, 6.647394701844e-05, 4.6756e+02, 1.3705e+01, 
 1DIAGNOSTIC,    29, -3.367359370160e-01, 5.429636882306e-05, 4.8110e+02, 1.3537e+01, 
 1DIAGNOSTIC,    30, -3.368056027105e-01, 4.518177879237e-05, 4.9469e+02, 1.3592e+01, 
 1DIAGNOSTIC,    31, -3.368758940893e-01, 3.825373392947e-05, 5.0824e+02, 1.3550e+01, 
 1DIAGNOSTIC,    32, -3.369506939909e-01, 3.353642475041e-05, 5.2185e+02, 1.3613e+01, 
 1DIAGNOSTIC,    33, -3.370699884873e-01, 3.211055556423e-05, 5.3559e+02, 1.3735e+01, 
 1DIAGNOSTIC,    34, -3.371521021695e-01, 3.290995571219e-05, 5.4925e+02, 1.3661e+01, 
 1DIAGNOSTIC,    35, -3.372570437348e-01, 3.588223999589e-05, 5.6292e+02, 1.3673e+01, 
 1DIAGNOSTIC,    36, -3.373817495156e-01, 3.949947937425e-05, 5.7656e+02, 1.3632e+01, 
 1DIAGNOSTIC,    37, -3.375014858086e-01, 4.288929675450e-05, 5.9010e+02, 1.3540e+01, 
 1DIAGNOSTIC,    38, -3.375689392007e-01, 4.449896881069e-05, 6.0371e+02, 1.3614e+01, 
 1DIAGNOSTIC,    39, -3.376613419057e-01, 4.461351685053e-05, 6.1759e+02, 1.3883e+01, 
 1DIAGNOSTIC,    40, -3.377483807242e-01, 4.383937088776e-05, 6.3109e+02, 1.3497e+01, 
 1DIAGNOSTIC,    41, -3.377798978751e-01, 4.105150580346e-05, 6.4465e+02, 1.3562e+01, 
 1DIAGNOSTIC,    42, -3.378371293577e-01, 3.718473459725e-05, 6.5820e+02, 1.3545e+01, 
 1DIAGNOSTIC,    43, -3.378857989673e-01, 3.331867575804e-05, 6.7179e+02, 1.3598e+01, 
 1DIAGNOSTIC,    44, -3.379250025581e-01, 2.881972274890e-05, 6.8533e+02, 1.3532e+01, 
 1DIAGNOSTIC,    45, -3.379408591054e-01, 2.406495153497e-05, 6.9892e+02, 1.3597e+01, 
 1DIAGNOSTIC,    46, -3.379401873649e-01, 1.954598530962e-05, 7.1240e+02, 1.3474e+01, 
 1DIAGNOSTIC,    47, -3.379625941133e-01, 1.598446664356e-05, 7.2599e+02, 1.3591e+01, 
 1DIAGNOSTIC,    48, -3.380190133609e-01, 1.324803217517e-05, 7.3956e+02, 1.3568e+01, 
 1DIAGNOSTIC,    49, -3.380146585337e-01, 1.088263048686e-05, 7.5312e+02, 1.3567e+01, 
 1DIAGNOSTIC,    50, -3.380158469359e-01, 9.150431741281e-06, 7.6668e+02, 1.3555e+01, 
  Elapsed time (stage 2): 789.3


Total elapsed time: 952.6

--- Writing output images ---

Using double precision for computations.
Input scalar image: data/Segmentations/1018_3_seg.nii.gz
Reference image: data/template/T_template0_BrainCerebellum.nii.gz
=============================================================================
The composite transform comprises the following transforms (in order): 
  1. /tmp/1993627.1.basic.q/1018_ToTemplate_024_0GenericAffine.mat (type = AffineTransform)
  2. /tmp/1993627.1.basic.q/1018_ToTemplate_024_1Warp.nii.gz (type = DisplacementFieldTransform)
=============================================================================
Default pixel value: 0
Interpolation type: LabelImageGenericInterpolateImageFunction
Output warped image: output/1018/1018_WarpedLabels_024.nii.gz

--- Done ---

