
--- Running on compute-1-3.local ---


--- registration call ---
/data/jet/pcook/bin/antsBuild/bin/antsRegistrationSyNQuick.sh -d 3 -f data/template/T_template0_BrainCerebellum.nii.gz -m data/Brains/1008_3.nii.gz -t s -p f -n 2 -o /tmp/1971891.1.basic.q/1008_ToTemplate_014_
---


--------------------------------------------------------------------------------------
 Mapping parameters
--------------------------------------------------------------------------------------
 ANTSPATH is /data/jet/pcook/bin/antsBuild/bin/

 Dimensionality:           3
 Output name prefix:       /tmp/1971891.1.basic.q/1008_ToTemplate_014_
 Fixed images:             data/template/T_template0_BrainCerebellum.nii.gz
 Moving images:            data/Brains/1008_3.nii.gz
 Mask images:              
 Initial transforms:       
 Number of threads:        2
 Spline distance:          26
 Transform type:           s
 MI histogram bins:        32
 Precision:                f
 Use histogram matching    0
======================================================================================
 antsRegistration call:
--------------------------------------------------------------------------------------
/data/jet/pcook/bin/antsBuild/bin//antsRegistration --verbose 1 --dimensionality 3 --float 1 --collapse-output-transforms 1 --output [/tmp/1971891.1.basic.q/1008_ToTemplate_014_,/tmp/1971891.1.basic.q/1008_ToTemplate_014_Warped.nii.gz,/tmp/1971891.1.basic.q/1008_ToTemplate_014_InverseWarped.nii.gz] --interpolation Linear --use-histogram-matching 0 --winsorize-image-intensities [0.005,0.995] --initial-moving-transform [data/template/T_template0_BrainCerebellum.nii.gz,data/Brains/1008_3.nii.gz,1] --transform Rigid[0.1] --metric MI[data/template/T_template0_BrainCerebellum.nii.gz,data/Brains/1008_3.nii.gz,1,32,Regular,0.25] --convergence [1000x500x250x0,1e-6,10] --shrink-factors 12x8x4x2 --smoothing-sigmas 4x3x2x1vox --transform Affine[0.1] --metric MI[data/template/T_template0_BrainCerebellum.nii.gz,data/Brains/1008_3.nii.gz,1,32,Regular,0.25] --convergence [1000x500x250x0,1e-6,10] --shrink-factors 12x8x4x2 --smoothing-sigmas 4x3x2x1vox --transform SyN[0.1,3,0] --metric MI[data/template/T_template0_BrainCerebellum.nii.gz,data/Brains/1008_3.nii.gz,1,32] --convergence [100x100x70x50x0,1e-6,10] --shrink-factors 10x6x4x2x1 --smoothing-sigmas 5x3x2x1x0vox
--------------------------------------------------------------------------------------
All_Command_lines_OK
Using single precision for computations.
=============================================================================
The composite transform comprises the following transforms (in order): 
  1. Center of mass alignment using fixed image: data/template/T_template0_BrainCerebellum.nii.gz and moving image: data/Brains/1008_3.nii.gz (type = Euler3DTransform)
=============================================================================
  number of levels = 4
  number of levels = 4
  number of levels = 5
  fixed image: data/template/T_template0_BrainCerebellum.nii.gz
  moving image: data/Brains/1008_3.nii.gz
  fixed image: data/template/T_template0_BrainCerebellum.nii.gz
  moving image: data/Brains/1008_3.nii.gz
  fixed image: data/template/T_template0_BrainCerebellum.nii.gz
  moving image: data/Brains/1008_3.nii.gz
Dimension = 3
Number of stages = 3
Use Histogram Matching false
Winsorize image intensities true
Lower quantile = 0.005
Upper quantile = 0.995
Stage 1 State
   Image metric = Mattes
     Fixed image = Image (0x4976670)
  RTTI typeinfo:   itk::Image<float, 3u>
  Reference Count: 2
  Modified Time: 1611
  Debug: Off
  Object Name: 
  Observers: 
    none
  Source: (none)
  Source output name: (none)
  Release Data: Off
  Data Released: False
  Global Release Data: Off
  PipelineMTime: 0
  UpdateMTime: 1422
  RealTimeStamp: 0 seconds 
  LargestPossibleRegion: 
    Dimension: 3
    Index: [0, 0, 0]
    Size: [216, 256, 291]
  BufferedRegion: 
    Dimension: 3
    Index: [0, 0, 0]
    Size: [216, 256, 291]
  RequestedRegion: 
    Dimension: 3
    Index: [0, 0, 0]
    Size: [216, 256, 291]
  Spacing: [1, 1, 1]
  Origin: [0, 293, 0]
  Direction: 
1 0 0
0 -0 -1
0 -1 -0

  IndexToPointMatrix: 
1 0 0
0 0 -1
0 -1 0

  PointToIndexMatrix: 
1 0 0
0 0 -1
0 -1 0

  Inverse Direction: 
1 0 0
0 0 -1
0 -1 0

  PixelContainer: 
    ImportImageContainer (0x495b7f0)
      RTTI typeinfo:   itk::ImportImageContainer<unsigned long, float>
      Reference Count: 1
      Modified Time: 1419
      Debug: Off
      Object Name: 
      Observers: 
        none
      Pointer: 0x7f1baef6e010
      Container manages memory: true
      Size: 16091136
      Capacity: 16091136

     Moving image = Image (0x49770b0)
  RTTI typeinfo:   itk::Image<float, 3u>
  Reference Count: 2
  Modified Time: 1612
  Debug: Off
  Object Name: 
  Observers: 
    none
  Source: (none)
  Source output name: (none)
  Release Data: Off
  Data Released: False
  Global Release Data: Off
  PipelineMTime: 0
  UpdateMTime: 1609
  RealTimeStamp: 0 seconds 
  LargestPossibleRegion: 
    Dimension: 3
    Index: [0, 0, 0]
    Size: [256, 256, 274]
  BufferedRegion: 
    Dimension: 3
    Index: [0, 0, 0]
    Size: [256, 256, 274]
  RequestedRegion: 
    Dimension: 3
    Index: [0, 0, 0]
    Size: [256, 256, 274]
  Spacing: [1, 1, 1]
  Origin: [0, 273, 0]
  Direction: 
1 0 0
0 -0 -1
0 -1 -0

  IndexToPointMatrix: 
1 0 0
0 0 -1
0 -1 0

  PointToIndexMatrix: 
1 0 0
0 0 -1
0 -1 0

  Inverse Direction: 
1 0 0
0 0 -1
0 -1 0

  PixelContainer: 
    ImportImageContainer (0x4979500)
      RTTI typeinfo:   itk::ImportImageContainer<unsigned long, float>
      Reference Count: 1
      Modified Time: 1606
      Debug: Off
      Object Name: 
      Observers: 
        none
      Pointer: 0x7f1baaaed010
      Container manages memory: true
      Size: 17956864
      Capacity: 17956864

     Weighting = 1
     Sampling strategy = regular
     Number of bins = 32
     Radius = 4
     Sampling percentage  = 0.25
   Transform = Rigid
     Gradient step = 0.1
     Update field sigma (voxel space) = 0
     Total field sigma (voxel space) = 0
     Update field time sigma = 0
     Total field time sigma  = 0
     Number of time indices = 0
     Number of time point samples = 0
Stage 2 State
   Image metric = Mattes
     Fixed image = Image (0x4981910)
  RTTI typeinfo:   itk::Image<float, 3u>
  Reference Count: 2
  Modified Time: 1987
  Debug: Off
  Object Name: 
  Observers: 
    none
  Source: (none)
  Source output name: (none)
  Release Data: Off
  Data Released: False
  Global Release Data: Off
  PipelineMTime: 0
  UpdateMTime: 1798
  RealTimeStamp: 0 seconds 
  LargestPossibleRegion: 
    Dimension: 3
    Index: [0, 0, 0]
    Size: [216, 256, 291]
  BufferedRegion: 
    Dimension: 3
    Index: [0, 0, 0]
    Size: [216, 256, 291]
  RequestedRegion: 
    Dimension: 3
    Index: [0, 0, 0]
    Size: [216, 256, 291]
  Spacing: [1, 1, 1]
  Origin: [0, 293, 0]
  Direction: 
1 0 0
0 -0 -1
0 -1 -0

  IndexToPointMatrix: 
1 0 0
0 0 -1
0 -1 0

  PointToIndexMatrix: 
1 0 0
0 0 -1
0 -1 0

  Inverse Direction: 
1 0 0
0 0 -1
0 -1 0

  PixelContainer: 
    ImportImageContainer (0x49821b0)
      RTTI typeinfo:   itk::ImportImageContainer<unsigned long, float>
      Reference Count: 1
      Modified Time: 1795
      Debug: Off
      Object Name: 
      Observers: 
        none
      Pointer: 0x7f1ba6d8a010
      Container manages memory: true
      Size: 16091136
      Capacity: 16091136

     Moving image = Image (0x4981ca0)
  RTTI typeinfo:   itk::Image<float, 3u>
  Reference Count: 2
  Modified Time: 1988
  Debug: Off
  Object Name: 
  Observers: 
    none
  Source: (none)
  Source output name: (none)
  Release Data: Off
  Data Released: False
  Global Release Data: Off
  PipelineMTime: 0
  UpdateMTime: 1985
  RealTimeStamp: 0 seconds 
  LargestPossibleRegion: 
    Dimension: 3
    Index: [0, 0, 0]
    Size: [256, 256, 274]
  BufferedRegion: 
    Dimension: 3
    Index: [0, 0, 0]
    Size: [256, 256, 274]
  RequestedRegion: 
    Dimension: 3
    Index: [0, 0, 0]
    Size: [256, 256, 274]
  Spacing: [1, 1, 1]
  Origin: [0, 273, 0]
  Direction: 
1 0 0
0 -0 -1
0 -1 -0

  IndexToPointMatrix: 
1 0 0
0 0 -1
0 -1 0

  PointToIndexMatrix: 
1 0 0
0 0 -1
0 -1 0

  Inverse Direction: 
1 0 0
0 0 -1
0 -1 0

  PixelContainer: 
    ImportImageContainer (0x49827b0)
      RTTI typeinfo:   itk::ImportImageContainer<unsigned long, float>
      Reference Count: 1
      Modified Time: 1982
      Debug: Off
      Object Name: 
      Observers: 
        none
      Pointer: 0x7f1ba2909010
      Container manages memory: true
      Size: 17956864
      Capacity: 17956864

     Weighting = 1
     Sampling strategy = regular
     Number of bins = 32
     Radius = 4
     Sampling percentage  = 0.25
   Transform = Affine
     Gradient step = 0.1
     Update field sigma (voxel space) = 0
     Total field sigma (voxel space) = 0
     Update field time sigma = 0
     Total field time sigma  = 0
     Number of time indices = 0
     Number of time point samples = 0
Stage 3 State
   Image metric = Mattes
     Fixed image = Image (0x49889a0)
  RTTI typeinfo:   itk::Image<float, 3u>
  Reference Count: 2
  Modified Time: 2363
  Debug: Off
  Object Name: 
  Observers: 
    none
  Source: (none)
  Source output name: (none)
  Release Data: Off
  Data Released: False
  Global Release Data: Off
  PipelineMTime: 0
  UpdateMTime: 2174
  RealTimeStamp: 0 seconds 
  LargestPossibleRegion: 
    Dimension: 3
    Index: [0, 0, 0]
    Size: [216, 256, 291]
  BufferedRegion: 
    Dimension: 3
    Index: [0, 0, 0]
    Size: [216, 256, 291]
  RequestedRegion: 
    Dimension: 3
    Index: [0, 0, 0]
    Size: [216, 256, 291]
  Spacing: [1, 1, 1]
  Origin: [0, 293, 0]
  Direction: 
1 0 0
0 -0 -1
0 -1 -0

  IndexToPointMatrix: 
1 0 0
0 0 -1
0 -1 0

  PointToIndexMatrix: 
1 0 0
0 0 -1
0 -1 0

  Inverse Direction: 
1 0 0
0 0 -1
0 -1 0

  PixelContainer: 
    ImportImageContainer (0x4988c30)
      RTTI typeinfo:   itk::ImportImageContainer<unsigned long, float>
      Reference Count: 1
      Modified Time: 2171
      Debug: Off
      Object Name: 
      Observers: 
        none
      Pointer: 0x7f1b9eba6010
      Container manages memory: true
      Size: 16091136
      Capacity: 16091136

     Moving image = Image (0x498b360)
  RTTI typeinfo:   itk::Image<float, 3u>
  Reference Count: 2
  Modified Time: 2364
  Debug: Off
  Object Name: 
  Observers: 
    none
  Source: (none)
  Source output name: (none)
  Release Data: Off
  Data Released: False
  Global Release Data: Off
  PipelineMTime: 0
  UpdateMTime: 2361
  RealTimeStamp: 0 seconds 
  LargestPossibleRegion: 
    Dimension: 3
    Index: [0, 0, 0]
    Size: [256, 256, 274]
  BufferedRegion: 
    Dimension: 3
    Index: [0, 0, 0]
    Size: [256, 256, 274]
  RequestedRegion: 
    Dimension: 3
    Index: [0, 0, 0]
    Size: [256, 256, 274]
  Spacing: [1, 1, 1]
  Origin: [0, 273, 0]
  Direction: 
1 0 0
0 -0 -1
0 -1 -0

  IndexToPointMatrix: 
1 0 0
0 0 -1
0 -1 0

  PointToIndexMatrix: 
1 0 0
0 0 -1
0 -1 0

  Inverse Direction: 
1 0 0
0 0 -1
0 -1 0

  PixelContainer: 
    ImportImageContainer (0x498b5f0)
      RTTI typeinfo:   itk::ImportImageContainer<unsigned long, float>
      Reference Count: 1
      Modified Time: 2358
      Debug: Off
      Object Name: 
      Observers: 
        none
      Pointer: 0x7f1b9a725010
      Container manages memory: true
      Size: 17956864
      Capacity: 17956864

     Weighting = 1
     Sampling strategy = none
     Number of bins = 32
     Radius = 4
     Sampling percentage  = 1
   Transform = SyN
     Gradient step = 0.1
     Update field sigma (voxel space) = 3
     Total field sigma (voxel space) = 0
     Update field time sigma = 0
     Total field time sigma  = 0
     Number of time indices = 0
     Number of time point samples = 0
Registration using 3 total stages.

Stage 0
  iterations = 1000x500x250x0
  convergence threshold = 1e-06
  convergence window size = 10
  number of levels = 4
  using the Mattes MI metric (number of bins = 32, weight = 1)
  preprocessing:  winsorizing the image intensities
  Shrink factors (level 1 out of 4): [12, 12, 12]
  Shrink factors (level 2 out of 4): [8, 8, 8]
  Shrink factors (level 3 out of 4): [4, 4, 4]
  Shrink factors (level 4 out of 4): [2, 2, 2]
  smoothing sigmas per level: [4, 3, 2, 1]
  regular sampling (percentage = 0.25)

*** Running Euler3DTransform registration ***

DIAGNOSTIC,Iteration,metricValue,convergenceValue,ITERATION_TIME_INDEX,SINCE_LAST
 2DIAGNOSTIC,     1, -5.989841222763e-01, inf, 1.8030e+01, 1.8030e+01, 
 2DIAGNOSTIC,     2, -5.997549295425e-01, inf, 1.8040e+01, 9.3391e-03, 
 2DIAGNOSTIC,     3, -6.004970669746e-01, inf, 1.8050e+01, 1.0683e-02, 
 2DIAGNOSTIC,     4, -6.006085276604e-01, inf, 1.8060e+01, 9.0940e-03, 
 2DIAGNOSTIC,     5, -6.005238294601e-01, inf, 1.8070e+01, 1.0633e-02, 
 2DIAGNOSTIC,     6, -6.006245613098e-01, inf, 1.8079e+01, 9.0790e-03, 
 2DIAGNOSTIC,     7, -6.005380749702e-01, inf, 1.8088e+01, 9.1238e-03, 
 2DIAGNOSTIC,     8, -6.005486249924e-01, inf, 1.8099e+01, 1.0635e-02, 
 2DIAGNOSTIC,     9, -6.008131504059e-01, inf, 1.8110e+01, 1.0651e-02, 
 2DIAGNOSTIC,    10, -6.010378599167e-01, 1.451029238524e-04, 1.8126e+01, 1.6023e-02, 
 2DIAGNOSTIC,    11, -6.008763909340e-01, 7.754442049190e-05, 1.8137e+01, 1.1274e-02, 
 2DIAGNOSTIC,    12, -6.009123921394e-01, 4.604139030562e-05, 1.8147e+01, 9.7060e-03, 
 2DIAGNOSTIC,    13, -6.009748578072e-01, 4.466338214115e-05, 1.8156e+01, 9.7461e-03, 
 2DIAGNOSTIC,    14, -6.011362671852e-01, 4.863118010690e-05, 1.8168e+01, 1.1300e-02, 
 2DIAGNOSTIC,    15, -6.015231609344e-01, 5.701440750272e-05, 1.8182e+01, 1.4298e-02, 
 2DIAGNOSTIC,    16, -6.012383699417e-01, 5.389072612161e-05, 1.8193e+01, 1.1209e-02, 
 2DIAGNOSTIC,    17, -6.012585163116e-01, 4.511601582635e-05, 1.8203e+01, 9.6951e-03, 
 2DIAGNOSTIC,    18, -6.012865304947e-01, 3.415180253796e-05, 1.8213e+01, 9.6941e-03, 
 2DIAGNOSTIC,    19, -6.018238067627e-01, 4.087006163900e-05, 1.8225e+01, 1.2731e-02, 
 2DIAGNOSTIC,    20, -6.018469333649e-01, 4.878810432274e-05, 1.8235e+01, 9.6810e-03, 
 2DIAGNOSTIC,    21, -6.016290783882e-01, 4.327984061092e-05, 1.8246e+01, 1.1245e-02, 
 2DIAGNOSTIC,    22, -6.016482114792e-01, 3.603962613852e-05, 1.8256e+01, 9.6900e-03, 
 2DIAGNOSTIC,    23, -6.019325256348e-01, 3.311802720418e-05, 1.8269e+01, 1.2755e-02, 
 2DIAGNOSTIC,    24, -6.017085313797e-01, 2.554546153988e-05, 1.8278e+01, 9.7089e-03, 
 2DIAGNOSTIC,    25, -6.017243266106e-01, 2.425177808618e-05, 1.8288e+01, 9.7220e-03, 
 2DIAGNOSTIC,    26, -6.017511487007e-01, 1.645090560487e-05, 1.8298e+01, 9.6860e-03, 
 2DIAGNOSTIC,    27, -6.020348072052e-01, 1.313626398769e-05, 1.8311e+01, 1.2761e-02, 
 2DIAGNOSTIC,    28, -6.020598411560e-01, 9.316186151409e-06, 1.8325e+01, 1.4250e-02, 
 2DIAGNOSTIC,    29, -6.020643115044e-01, 1.386529675074e-05, 1.8335e+01, 9.7191e-03, 
 2DIAGNOSTIC,    30, -6.021115183830e-01, 1.827010601119e-05, 1.8346e+01, 1.1222e-02, 
 2DIAGNOSTIC,    31, -6.021331548691e-01, 1.771977804310e-05, 1.8356e+01, 9.7220e-03, 
 2DIAGNOSTIC,    32, -6.021446585655e-01, 1.584504389029e-05, 1.8365e+01, 9.6819e-03, 
 2DIAGNOSTIC,    33, -6.021702289581e-01, 1.720382533676e-05, 1.8375e+01, 9.7270e-03, 
 2DIAGNOSTIC,    34, -6.021897792816e-01, 1.415315637132e-05, 1.8389e+01, 1.4247e-02, 
 2DIAGNOSTIC,    35, -6.022203564644e-01, 1.067586345016e-05, 1.8399e+01, 9.7270e-03, 
 2DIAGNOSTIC,    36, -6.022449135780e-01, 7.025385002635e-06, 1.8409e+01, 9.6772e-03, 
 2DIAGNOSTIC,    37, -6.026054620743e-01, 1.121264540416e-05, 1.8420e+01, 1.1291e-02, 
 2DIAGNOSTIC,    38, -6.027440428734e-01, 1.611251173017e-05, 1.8431e+01, 1.1281e-02, 
 2DIAGNOSTIC,    39, -6.025611162186e-01, 1.713484016364e-05, 1.8441e+01, 9.7702e-03, 
 2DIAGNOSTIC,    40, -6.021170616150e-01, 1.200439692184e-05, 1.8454e+01, 1.2799e-02, 
 2DIAGNOSTIC,    41, -6.032054424286e-01, 1.897498259495e-05, 1.8465e+01, 1.1331e-02, 
 2DIAGNOSTIC,    42, -6.032152771950e-01, 2.359613426961e-05, 1.8476e+01, 1.1235e-02, 
 2DIAGNOSTIC,    43, -6.029637455940e-01, 2.336848956475e-05, 1.8488e+01, 1.1249e-02, 
 2DIAGNOSTIC,    44, -6.029635071754e-01, 2.156706796086e-05, 1.8499e+01, 1.1227e-02, 
 2DIAGNOSTIC,    45, -6.029636859894e-01, 1.825014624046e-05, 1.8510e+01, 1.1258e-02, 
 2DIAGNOSTIC,    46, -6.029638648033e-01, 1.331974362984e-05, 1.8521e+01, 1.1221e-02, 
 2DIAGNOSTIC,    47, -6.029641628265e-01, 1.084906762117e-05, 1.8532e+01, 1.1242e-02, 
 2DIAGNOSTIC,    48, -6.029644608498e-01, 9.089013474295e-06, 1.8544e+01, 1.1222e-02, 
 2DIAGNOSTIC,    49, -6.029646396637e-01, 5.092154879094e-06, 1.8555e+01, 1.1233e-02, 
DIAGNOSTIC,Iteration,metricValue,convergenceValue,ITERATION_TIME_INDEX,SINCE_LAST
 2DIAGNOSTIC,     1, -4.934732913971e-01, inf, 3.2137e+01, 1.3582e+01, 
 2DIAGNOSTIC,     2, -4.943494498730e-01, inf, 3.2184e+01, 4.7806e-02, 
 2DIAGNOSTIC,     3, -4.951271712780e-01, inf, 3.2232e+01, 4.7575e-02, 
 2DIAGNOSTIC,     4, -4.954963326454e-01, inf, 3.2280e+01, 4.7633e-02, 
 2DIAGNOSTIC,     5, -4.961919486523e-01, inf, 3.2336e+01, 5.6525e-02, 
 2DIAGNOSTIC,     6, -4.963933527470e-01, inf, 3.2384e+01, 4.7621e-02, 
 2DIAGNOSTIC,     7, -4.970172047615e-01, inf, 3.2441e+01, 5.6840e-02, 
 2DIAGNOSTIC,     8, -4.980727434158e-01, inf, 3.2515e+01, 7.4610e-02, 
 2DIAGNOSTIC,     9, -4.982825815678e-01, inf, 3.2563e+01, 4.7615e-02, 
 2DIAGNOSTIC,    10, -4.984006881714e-01, 6.431427318603e-04, 3.2611e+01, 4.8468e-02, 
 2DIAGNOSTIC,    11, -4.984432458878e-01, 5.176325212233e-04, 3.2669e+01, 5.7441e-02, 
 2DIAGNOSTIC,    12, -4.985516071320e-01, 4.130569868721e-04, 3.2726e+01, 5.7443e-02, 
 2DIAGNOSTIC,    13, -4.987443685532e-01, 3.293773916084e-04, 3.2819e+01, 9.3331e-02, 
 2DIAGNOSTIC,    14, -4.987628757954e-01, 2.430770400679e-04, 3.2877e+01, 5.7351e-02, 
 2DIAGNOSTIC,    15, -4.987113177776e-01, 1.716423575999e-04, 3.2934e+01, 5.7301e-02, 
 2DIAGNOSTIC,    16, -4.986582696438e-01, 9.897892596200e-05, 3.2992e+01, 5.7382e-02, 
 2DIAGNOSTIC,    17, -4.986068904400e-01, 4.428984539118e-05, 3.3040e+01, 4.8338e-02, 
 2DIAGNOSTIC,    18, -4.985619783401e-01, 2.361909355386e-05, 3.3088e+01, 4.8436e-02, 
 2DIAGNOSTIC,    19, -4.985868930817e-01, 1.010033702187e-05, 3.3137e+01, 4.8306e-02, 
 2DIAGNOSTIC,    20, -4.987446367741e-01, 5.094983862364e-06, 3.3194e+01, 5.7482e-02, 
 2DIAGNOSTIC,    21, -4.989075362682e-01, 5.717436124542e-06, 3.3251e+01, 5.7293e-02, 
 2DIAGNOSTIC,    22, -4.988405108452e-01, 6.775866040698e-06, 3.3300e+01, 4.8452e-02, 
 2DIAGNOSTIC,    23, -4.989831745625e-01, 1.570367203385e-05, 3.3384e+01, 8.4087e-02, 
 2DIAGNOSTIC,    24, -4.989927709103e-01, 2.313910044904e-05, 3.3432e+01, 4.8460e-02, 
 2DIAGNOSTIC,    25, -4.989078342915e-01, 2.474815300957e-05, 3.3481e+01, 4.8273e-02, 
 2DIAGNOSTIC,    26, -4.990735948086e-01, 2.656875585672e-05, 3.3547e+01, 6.6423e-02, 
 2DIAGNOSTIC,    27, -4.990249872208e-01, 2.372241215198e-05, 3.3604e+01, 5.7205e-02, 
 2DIAGNOSTIC,    28, -4.990608692169e-01, 1.884423727461e-05, 3.3662e+01, 5.7380e-02, 
 2DIAGNOSTIC,    29, -4.990965425968e-01, 1.376578256895e-05, 3.3746e+01, 8.4074e-02, 
 2DIAGNOSTIC,    30, -4.991800785065e-01, 1.234760566149e-05, 3.3794e+01, 4.8407e-02, 
 2DIAGNOSTIC,    31, -4.992246329784e-01, 1.377443641104e-05, 3.3851e+01, 5.7290e-02, 
 2DIAGNOSTIC,    32, -4.992438852787e-01, 1.296330810874e-05, 3.3909e+01, 5.7448e-02, 
 2DIAGNOSTIC,    33, -4.992688000202e-01, 1.400196288159e-05, 3.3966e+01, 5.7243e-02, 
 2DIAGNOSTIC,    34, -4.992159307003e-01, 1.306337071583e-05, 3.4014e+01, 4.8375e-02, 
 2DIAGNOSTIC,    35, -4.991653859615e-01, 8.747275387577e-06, 3.4063e+01, 4.8314e-02, 
 2DIAGNOSTIC,    36, -4.991810619831e-01, 6.840855803603e-06, 3.4111e+01, 4.8364e-02, 
 2DIAGNOSTIC,    37, -4.992064237595e-01, 4.085656200914e-06, 3.4168e+01, 5.7146e-02, 
 2DIAGNOSTIC,    38, -4.992323219776e-01, 2.081924776576e-06, 3.4226e+01, 5.7342e-02, 
DIAGNOSTIC,Iteration,metricValue,convergenceValue,ITERATION_TIME_INDEX,SINCE_LAST
 2DIAGNOSTIC,     1, -4.246017634869e-01, inf, 4.2894e+01, 8.6683e+00, 
 2DIAGNOSTIC,     2, -4.249076545238e-01, inf, 4.3361e+01, 4.6684e-01, 
 2DIAGNOSTIC,     3, -4.249833226204e-01, inf, 4.3827e+01, 4.6623e-01, 
 2DIAGNOSTIC,     4, -4.249824285507e-01, inf, 4.4529e+01, 7.0236e-01, 
 2DIAGNOSTIC,     5, -4.249859750271e-01, inf, 4.4996e+01, 4.6618e-01, 
 2DIAGNOSTIC,     6, -4.249826371670e-01, inf, 4.5384e+01, 3.8839e-01, 
 2DIAGNOSTIC,     7, -4.249797463417e-01, inf, 4.5850e+01, 4.6638e-01, 
 2DIAGNOSTIC,     8, -4.249710738659e-01, inf, 4.6395e+01, 5.4467e-01, 
 2DIAGNOSTIC,     9, -4.249660074711e-01, inf, 4.6861e+01, 4.6634e-01, 
 2DIAGNOSTIC,    10, -4.249679446220e-01, 3.038602153538e-05, 4.7251e+01, 3.8928e-01, 
 2DIAGNOSTIC,    11, -4.249592423439e-01, 4.058935701323e-06, 4.7718e+01, 4.6692e-01, 
DIAGNOSTIC,Iteration,metricValue,convergenceValue,ITERATION_TIME_INDEX,SINCE_LAST
 2DIAGNOSTIC,     1, -3.655978143215e-01, inf, 5.5750e+01, 8.0323e+00, 
  Elapsed time (stage 0): 5.7486e+01


Stage 1
  iterations = 1000x500x250x0
  convergence threshold = 1.0000e-06
  convergence window size = 10
  number of levels = 4
  using the Mattes MI metric (number of bins = 32, weight = 1.0000e+00)
  preprocessing:  winsorizing the image intensities
  Shrink factors (level 1 out of 4): [12, 12, 12]
  Shrink factors (level 2 out of 4): [8, 8, 8]
  Shrink factors (level 3 out of 4): [4, 4, 4]
  Shrink factors (level 4 out of 4): [2, 2, 2]
  smoothing sigmas per level: [4, 3, 2, 1]
  regular sampling (percentage = 2.5000e-01)

*** Running AffineTransform registration ***

DIAGNOSTIC,Iteration,metricValue,convergenceValue,ITERATION_TIME_INDEX,SINCE_LAST
 2DIAGNOSTIC,     1, -5.955068469048e-01, inf, 1.7889e+01, 1.7889e+01, 
 2DIAGNOSTIC,     2, -5.960260629654e-01, inf, 1.7902e+01, 1.2676e-02, 
 2DIAGNOSTIC,     3, -5.964707732201e-01, inf, 1.7914e+01, 1.2617e-02, 
 2DIAGNOSTIC,     4, -5.975231528282e-01, inf, 1.7927e+01, 1.2428e-02, 
 2DIAGNOSTIC,     5, -5.997889637947e-01, inf, 1.7939e+01, 1.2482e-02, 
 2DIAGNOSTIC,     6, -6.014183163643e-01, inf, 1.7959e+01, 1.9231e-02, 
 2DIAGNOSTIC,     7, -6.016684770584e-01, inf, 1.7971e+01, 1.2465e-02, 
 2DIAGNOSTIC,     8, -6.023641228676e-01, inf, 1.7985e+01, 1.4120e-02, 
 2DIAGNOSTIC,     9, -6.042627692223e-01, inf, 1.7998e+01, 1.2646e-02, 
 2DIAGNOSTIC,    10, -6.050883531570e-01, 1.098280772567e-03, 1.8011e+01, 1.3266e-02, 
 2DIAGNOSTIC,    11, -6.062672138214e-01, 1.024425029755e-03, 1.8029e+01, 1.8034e-02, 
 2DIAGNOSTIC,    12, -6.063619852066e-01, 8.968721376732e-04, 1.8042e+01, 1.2836e-02, 
 2DIAGNOSTIC,    13, -6.060405969620e-01, 7.139793015085e-04, 1.8055e+01, 1.3074e-02, 
 2DIAGNOSTIC,    14, -6.078377366066e-01, 5.871406756341e-04, 1.8073e+01, 1.7739e-02, 
 2DIAGNOSTIC,    15, -6.081684827805e-01, 5.021655815654e-04, 1.8086e+01, 1.3086e-02, 
 2DIAGNOSTIC,    16, -6.082926392555e-01, 4.342248721514e-04, 1.8098e+01, 1.2656e-02, 
 2DIAGNOSTIC,    17, -6.084749102592e-01, 3.477057616692e-04, 1.8113e+01, 1.4634e-02, 
 2DIAGNOSTIC,    18, -6.087029576302e-01, 2.624559856486e-04, 1.8127e+01, 1.4304e-02, 
 2DIAGNOSTIC,    19, -6.095335483551e-01, 2.287208189955e-04, 1.8145e+01, 1.7988e-02, 
 2DIAGNOSTIC,    20, -6.089491844177e-01, 1.813710550778e-04, 1.8158e+01, 1.2778e-02, 
 2DIAGNOSTIC,    21, -6.098245978355e-01, 1.689310593065e-04, 1.8173e+01, 1.4810e-02, 
 2DIAGNOSTIC,    22, -6.100084781647e-01, 1.482466468588e-04, 1.8186e+01, 1.2707e-02, 
 2DIAGNOSTIC,    23, -6.100516915321e-01, 1.087899872800e-04, 1.8199e+01, 1.2964e-02, 
 2DIAGNOSTIC,    24, -6.102377176285e-01, 1.013580695144e-04, 1.8215e+01, 1.5957e-02, 
 2DIAGNOSTIC,    25, -6.105269789696e-01, 9.685675468063e-05, 1.8231e+01, 1.6264e-02, 
 2DIAGNOSTIC,    26, -6.106678843498e-01, 8.836823690217e-05, 1.8246e+01, 1.4747e-02, 
 2DIAGNOSTIC,    27, -6.111481189728e-01, 8.364593668375e-05, 1.8260e+01, 1.4663e-02, 
 2DIAGNOSTIC,    28, -6.108177900314e-01, 6.934055272723e-05, 1.8273e+01, 1.2814e-02, 
 2DIAGNOSTIC,    29, -6.108613610268e-01, 6.443163147196e-05, 1.8286e+01, 1.3104e-02, 
 2DIAGNOSTIC,    30, -6.111811995506e-01, 4.932924639434e-05, 1.8300e+01, 1.4313e-02, 
 2DIAGNOSTIC,    31, -6.112272143364e-01, 4.425758743309e-05, 1.8315e+01, 1.4659e-02, 
 2DIAGNOSTIC,    32, -6.112531423569e-01, 3.850646317005e-05, 1.8328e+01, 1.3021e-02, 
 2DIAGNOSTIC,    33, -6.115120053291e-01, 3.396718238946e-05, 1.8343e+01, 1.4729e-02, 
 2DIAGNOSTIC,    34, -6.119005084038e-01, 3.439958527451e-05, 1.8362e+01, 1.9294e-02, 
 2DIAGNOSTIC,    35, -6.119027733803e-01, 3.530268804752e-05, 1.8377e+01, 1.4592e-02, 
 2DIAGNOSTIC,    36, -6.119322180748e-01, 3.496740464470e-05, 1.8389e+01, 1.2593e-02, 
 2DIAGNOSTIC,    37, -6.116985678673e-01, 3.477017526166e-05, 1.8402e+01, 1.3045e-02, 
 2DIAGNOSTIC,    38, -6.117109656334e-01, 2.749491068244e-05, 1.8415e+01, 1.2597e-02, 
 2DIAGNOSTIC,    39, -6.117205023766e-01, 1.847194653237e-05, 1.8428e+01, 1.2977e-02, 
 2DIAGNOSTIC,    40, -6.117320656776e-01, 1.206894467032e-05, 1.8441e+01, 1.2956e-02, 
 2DIAGNOSTIC,    41, -6.117501258850e-01, 5.739790140069e-06, 1.8456e+01, 1.4613e-02, 
DIAGNOSTIC,Iteration,metricValue,convergenceValue,ITERATION_TIME_INDEX,SINCE_LAST
 2DIAGNOSTIC,     1, -4.995684623718e-01, inf, 3.2182e+01, 1.3727e+01, 
 2DIAGNOSTIC,     2, -5.001571774483e-01, inf, 3.2251e+01, 6.8823e-02, 
 2DIAGNOSTIC,     3, -5.006119608879e-01, inf, 3.2320e+01, 6.8594e-02, 
 2DIAGNOSTIC,     4, -5.008745193481e-01, inf, 3.2388e+01, 6.8780e-02, 
 2DIAGNOSTIC,     5, -5.009943842888e-01, inf, 3.2457e+01, 6.8741e-02, 
 2DIAGNOSTIC,     6, -5.011012554169e-01, inf, 3.2517e+01, 5.9531e-02, 
 2DIAGNOSTIC,     7, -5.013698935509e-01, inf, 3.2576e+01, 5.9522e-02, 
 2DIAGNOSTIC,     8, -5.018931031227e-01, inf, 3.2636e+01, 5.9479e-02, 
 2DIAGNOSTIC,     9, -5.026937127113e-01, inf, 3.2695e+01, 5.9360e-02, 
 2DIAGNOSTIC,    10, -5.034153461456e-01, 4.120412340853e-04, 3.2783e+01, 8.8106e-02, 
 2DIAGNOSTIC,    11, -5.038674473763e-01, 4.099240177311e-04, 3.2862e+01, 7.8778e-02, 
 2DIAGNOSTIC,    12, -5.040165781975e-01, 4.062180814799e-04, 3.2950e+01, 8.8256e-02, 
 2DIAGNOSTIC,    13, -5.038318037987e-01, 3.782474959735e-04, 3.3010e+01, 5.9933e-02, 
 2DIAGNOSTIC,    14, -5.042802095413e-01, 3.488304209895e-04, 3.3070e+01, 5.9914e-02, 
 2DIAGNOSTIC,    15, -5.047865509987e-01, 3.145429654978e-04, 3.3138e+01, 6.8039e-02, 
 2DIAGNOSTIC,    16, -5.050230622292e-01, 2.676544536371e-04, 3.3207e+01, 6.9292e-02, 
 2DIAGNOSTIC,    17, -5.050809383392e-01, 2.130378125003e-04, 3.3266e+01, 5.8612e-02, 
 2DIAGNOSTIC,    18, -5.054127573967e-01, 1.719733991195e-04, 3.3335e+01, 6.9356e-02, 
 2DIAGNOSTIC,    19, -5.054917335510e-01, 1.448605617043e-04, 3.3412e+01, 7.7209e-02, 
 2DIAGNOSTIC,    20, -5.054535865784e-01, 1.258423289983e-04, 3.3473e+01, 6.0440e-02, 
 2DIAGNOSTIC,    21, -5.054754018784e-01, 1.098781795008e-04, 3.3533e+01, 5.9839e-02, 
 2DIAGNOSTIC,    22, -5.055016279221e-01, 9.017046249937e-05, 3.3602e+01, 6.9205e-02, 
 2DIAGNOSTIC,    23, -5.054036378860e-01, 5.669493111782e-05, 3.3670e+01, 6.7851e-02, 
 2DIAGNOSTIC,    24, -5.055203437805e-01, 3.390197889530e-05, 3.3748e+01, 7.8451e-02, 
 2DIAGNOSTIC,    25, -5.054710507393e-01, 2.010007301578e-05, 3.3974e+01, 2.2581e-01, 
 2DIAGNOSTIC,    26, -5.054709911346e-01, 1.082477137970e-05, 3.4043e+01, 6.9187e-02, 
 2DIAGNOSTIC,    27, -5.054709911346e-01, 2.376998963882e-06, 3.4112e+01, 6.8507e-02, 
 2DIAGNOSTIC,    28, -5.054712891579e-01, 1.073247290151e-06, 3.4181e+01, 6.9378e-02, 
 2DIAGNOSTIC,    29, -5.054712295532e-01, 1.408319462826e-06, 3.4249e+01, 6.8091e-02, 
DIAGNOSTIC,Iteration,metricValue,convergenceValue,ITERATION_TIME_INDEX,SINCE_LAST
 2DIAGNOSTIC,     1, -4.252470731735e-01, inf, 4.2816e+01, 8.5671e+00, 
 2DIAGNOSTIC,     2, -4.255732297897e-01, inf, 4.3288e+01, 4.7200e-01, 
 2DIAGNOSTIC,     3, -4.259851276875e-01, inf, 4.3768e+01, 4.7916e-01, 
 2DIAGNOSTIC,     4, -4.265011548996e-01, inf, 4.4237e+01, 4.6939e-01, 
 2DIAGNOSTIC,     5, -4.268384575844e-01, inf, 4.4796e+01, 5.5908e-01, 
 2DIAGNOSTIC,     6, -4.269646406174e-01, inf, 4.5267e+01, 4.7088e-01, 
 2DIAGNOSTIC,     7, -4.272337853909e-01, inf, 4.6315e+01, 1.0484e+00, 
 2DIAGNOSTIC,     8, -4.272499382496e-01, inf, 4.6867e+01, 5.5205e-01, 
 2DIAGNOSTIC,     9, -4.272496700287e-01, inf, 4.7507e+01, 6.3968e-01, 
 2DIAGNOSTIC,    10, -4.272477030754e-01, 3.173717122991e-04, 4.8062e+01, 5.5489e-01, 
 2DIAGNOSTIC,    11, -4.272457659245e-01, 2.171192754759e-04, 4.8622e+01, 5.5967e-01, 
 2DIAGNOSTIC,    12, -4.272369742393e-01, 1.317204296356e-04, 4.9093e+01, 4.7157e-01, 
 2DIAGNOSTIC,    13, -4.272282123566e-01, 6.797470996389e-05, 4.9571e+01, 4.7764e-01, 
 2DIAGNOSTIC,    14, -4.272298514843e-01, 3.184143497492e-05, 5.0042e+01, 4.7151e-01, 
 2DIAGNOSTIC,    15, -4.272324442863e-01, 1.290401178267e-05, 5.0520e+01, 4.7758e-01, 
 2DIAGNOSTIC,    16, -4.272685945034e-01, 1.784295022844e-06, 5.0991e+01, 4.7121e-01, 
 2DIAGNOSTIC,    17, -4.273107349873e-01, 4.133877155255e-06, 5.1549e+01, 5.5768e-01, 
 2DIAGNOSTIC,    18, -4.273414909840e-01, 7.725995601504e-06, 5.2017e+01, 4.6801e-01, 
 2DIAGNOSTIC,    19, -4.274318218231e-01, 1.354653068120e-05, 5.2575e+01, 5.5808e-01, 
 2DIAGNOSTIC,    20, -4.274736046791e-01, 1.894299930427e-05, 5.3054e+01, 4.7882e-01, 
 2DIAGNOSTIC,    21, -4.277007877827e-01, 2.934049007308e-05, 5.4018e+01, 9.6451e-01, 
 2DIAGNOSTIC,    22, -4.276923537254e-01, 3.551606641850e-05, 5.4569e+01, 5.5132e-01, 
 2DIAGNOSTIC,    23, -4.276856184006e-01, 3.761117841350e-05, 5.5372e+01, 8.0207e-01, 
 2DIAGNOSTIC,    24, -4.276812672615e-01, 3.614512388594e-05, 5.5923e+01, 5.5117e-01, 
 2DIAGNOSTIC,    25, -4.276773333549e-01, 3.143772119074e-05, 5.6401e+01, 4.7798e-01, 
 2DIAGNOSTIC,    26, -4.276677668095e-01, 2.485017648723e-05, 5.6954e+01, 5.5295e-01, 
 2DIAGNOSTIC,    27, -4.276699423790e-01, 1.762689316820e-05, 5.7434e+01, 4.8019e-01, 
 2DIAGNOSTIC,    28, -4.276669323444e-01, 1.006478487398e-05, 5.7915e+01, 4.8101e-01, 
 2DIAGNOSTIC,    29, -4.276711046696e-01, 4.383601208247e-06, 5.8555e+01, 6.3995e-01, 
DIAGNOSTIC,Iteration,metricValue,convergenceValue,ITERATION_TIME_INDEX,SINCE_LAST
 2DIAGNOSTIC,     1, -3.706960678101e-01, inf, 6.8322e+01, 9.7670e+00, 
  Elapsed time (stage 1): 7.0056e+01


Stage 2
  iterations = 100x100x70x50x0
  convergence threshold = 1.0000e-06
  convergence window size = 10
  number of levels = 5
  using the Mattes MI metric (number of bins = 32, weight = 1.0000e+00)
  preprocessing:  winsorizing the image intensities
  Shrink factors (level 1 out of 5): [10, 10, 10]
  Shrink factors (level 2 out of 5): [6, 6, 6]
  Shrink factors (level 3 out of 5): [4, 4, 4]
  Shrink factors (level 4 out of 5): [2, 2, 2]
  Shrink factors (level 5 out of 5): [1, 1, 1]
  smoothing sigmas per level: [5, 3, 2, 1, 0]
  Using default NONE metricSamplingStrategy 

*** Running SyN registration (varianceForUpdateField = 3.0000e+00, varianceForTotalField = 0.0000e+00) ***

XXDIAGNOSTIC,Iteration,metricValue,convergenceValue,ITERATION_TIME_INDEX,SINCE_LAST
 1DIAGNOSTIC,     1, -5.236587524414e-01, inf, 3.0826e+01, 3.0826e+01, 
 1DIAGNOSTIC,     2, -5.436500906944e-01, inf, 3.0979e+01, 1.5224e-01, 
 1DIAGNOSTIC,     3, -5.568771362305e-01, inf, 3.1131e+01, 1.5261e-01, 
 1DIAGNOSTIC,     4, -5.621771812439e-01, inf, 3.1280e+01, 1.4916e-01, 
 1DIAGNOSTIC,     5, -5.617726445198e-01, inf, 3.1426e+01, 1.4593e-01, 
 1DIAGNOSTIC,     6, -5.589392185211e-01, inf, 3.1572e+01, 1.4570e-01, 
 1DIAGNOSTIC,     7, -5.572159290314e-01, inf, 3.1718e+01, 1.4586e-01, 
 1DIAGNOSTIC,     8, -5.559270381927e-01, inf, 3.1864e+01, 1.4601e-01, 
 1DIAGNOSTIC,     9, -5.524079799652e-01, inf, 3.2010e+01, 1.4605e-01, 
 1DIAGNOSTIC,    10, -5.501762628555e-01, 1.583933713846e-03, 3.2157e+01, 1.4700e-01, 
 1DIAGNOSTIC,    11, -5.495284795761e-01, -4.580492968671e-04, 3.2304e+01, 1.4697e-01, 
XXDIAGNOSTIC,Iteration,metricValue,convergenceValue,ITERATION_TIME_INDEX,SINCE_LAST
 1DIAGNOSTIC,     1, -4.345046281815e-01, inf, 4.6276e+01, 1.3972e+01, 
 1DIAGNOSTIC,     2, -4.375418424606e-01, inf, 4.6850e+01, 5.7343e-01, 
 1DIAGNOSTIC,     3, -4.389991760254e-01, inf, 4.7425e+01, 5.7547e-01, 
 1DIAGNOSTIC,     4, -4.394398927689e-01, inf, 4.7999e+01, 5.7447e-01, 
 1DIAGNOSTIC,     5, -4.396300017834e-01, inf, 4.8574e+01, 5.7415e-01, 
 1DIAGNOSTIC,     6, -4.393190443516e-01, inf, 4.9147e+01, 5.7345e-01, 
 1DIAGNOSTIC,     7, -4.384639859200e-01, inf, 4.9721e+01, 5.7383e-01, 
 1DIAGNOSTIC,     8, -4.378560185432e-01, inf, 5.0296e+01, 5.7537e-01, 
 1DIAGNOSTIC,     9, -4.372236728668e-01, inf, 5.0873e+01, 5.7647e-01, 
 1DIAGNOSTIC,    10, -4.365210831165e-01, 3.101765105384e-05, 5.1449e+01, 5.7597e-01, 
 1DIAGNOSTIC,    11, -4.352517724037e-01, -4.091490409337e-04, 5.2025e+01, 5.7658e-01, 
XXDIAGNOSTIC,Iteration,metricValue,convergenceValue,ITERATION_TIME_INDEX,SINCE_LAST
 1DIAGNOSTIC,     1, -3.702042698860e-01, inf, 6.1939e+01, 9.9135e+00, 
 1DIAGNOSTIC,     2, -3.712532520294e-01, inf, 6.3723e+01, 1.7844e+00, 
 1DIAGNOSTIC,     3, -3.719549179077e-01, inf, 6.5506e+01, 1.7825e+00, 
 1DIAGNOSTIC,     4, -3.723287582397e-01, inf, 6.7287e+01, 1.7814e+00, 
 1DIAGNOSTIC,     5, -3.726872205734e-01, inf, 6.9072e+01, 1.7847e+00, 
 1DIAGNOSTIC,     6, -3.725117444992e-01, inf, 7.0855e+01, 1.7833e+00, 
 1DIAGNOSTIC,     7, -3.724776506424e-01, inf, 7.2663e+01, 1.8079e+00, 
 1DIAGNOSTIC,     8, -3.724009990692e-01, inf, 7.4448e+01, 1.7849e+00, 
 1DIAGNOSTIC,     9, -3.719417452812e-01, inf, 7.6247e+01, 1.7994e+00, 
 1DIAGNOSTIC,    10, -3.717456459999e-01, 1.939483045135e-04, 7.8102e+01, 1.8543e+00, 
 1DIAGNOSTIC,    11, -3.715036213398e-01, -2.096434036503e-05, 7.9889e+01, 1.7871e+00, 
XXDIAGNOSTIC,Iteration,metricValue,convergenceValue,ITERATION_TIME_INDEX,SINCE_LAST
 1DIAGNOSTIC,     1, -3.150942623615e-01, inf, 9.9537e+01, 1.9648e+01, 
 1DIAGNOSTIC,     2, -3.161475360394e-01, inf, 1.1288e+02, 1.3340e+01, 
 1DIAGNOSTIC,     3, -3.172271549702e-01, inf, 1.2572e+02, 1.2847e+01, 
 1DIAGNOSTIC,     4, -3.181029856205e-01, inf, 1.3861e+02, 1.2885e+01, 
 1DIAGNOSTIC,     5, -3.188889324665e-01, inf, 1.5148e+02, 1.2872e+01, 
 1DIAGNOSTIC,     6, -3.195959925652e-01, inf, 1.6480e+02, 1.3315e+01, 
 1DIAGNOSTIC,     7, -3.201516568661e-01, inf, 1.7827e+02, 1.3476e+01, 
 1DIAGNOSTIC,     8, -3.205990195274e-01, inf, 1.9168e+02, 1.3410e+01, 
 1DIAGNOSTIC,     9, -3.210411667824e-01, inf, 2.0505e+02, 1.3369e+01, 
 1DIAGNOSTIC,    10, -3.214659690857e-01, 1.258954405785e-03, 2.1843e+02, 1.3375e+01, 
 1DIAGNOSTIC,    11, -3.218140304089e-01, 1.000641961582e-03, 2.3227e+02, 1.3842e+01, 
 1DIAGNOSTIC,    12, -3.221427202225e-01, 7.973447791301e-04, 2.4610e+02, 1.3835e+01, 
 1DIAGNOSTIC,    13, -3.224216103554e-01, 6.458290736191e-04, 2.6004e+02, 1.3940e+01, 
 1DIAGNOSTIC,    14, -3.226986229420e-01, 5.299963522702e-04, 2.7387e+02, 1.3828e+01, 
 1DIAGNOSTIC,    15, -3.230065107346e-01, 4.454012378119e-04, 2.8770e+02, 1.3822e+01, 
 1DIAGNOSTIC,    16, -3.233051598072e-01, 3.858959826175e-04, 3.0156e+02, 1.3862e+01, 
 1DIAGNOSTIC,    17, -3.235714435577e-01, 3.405441821087e-04, 3.1539e+02, 1.3832e+01, 
 1DIAGNOSTIC,    18, -3.238374590874e-01, 3.037412534468e-04, 3.2923e+02, 1.3838e+01, 
 1DIAGNOSTIC,    19, -3.240072727203e-01, 2.709890832193e-04, 3.4302e+02, 1.3794e+01, 
 1DIAGNOSTIC,    20, -3.242525160313e-01, 2.459161623847e-04, 3.5682e+02, 1.3801e+01, 
 1DIAGNOSTIC,    21, -3.244207501411e-01, 2.218644513050e-04, 3.7063e+02, 1.3806e+01, 
 1DIAGNOSTIC,    22, -3.245952129364e-01, 1.994692720473e-04, 3.8444e+02, 1.3811e+01, 
 1DIAGNOSTIC,    23, -3.247459232807e-01, 1.768628717400e-04, 3.9823e+02, 1.3793e+01, 
 1DIAGNOSTIC,    24, -3.248852491379e-01, 1.548571017338e-04, 4.1203e+02, 1.3798e+01, 
 1DIAGNOSTIC,    25, -3.249998688698e-01, 1.349440426566e-04, 4.2583e+02, 1.3800e+01, 
 1DIAGNOSTIC,    26, -3.251019716263e-01, 1.174438439193e-04, 4.3975e+02, 1.3919e+01, 
 1DIAGNOSTIC,    27, -3.252018094063e-01, 1.021158823278e-04, 4.5361e+02, 1.3858e+01, 
 1DIAGNOSTIC,    28, -3.252894282341e-01, 8.943720604293e-05, 4.6743e+02, 1.3826e+01, 
 1DIAGNOSTIC,    29, -3.253892958164e-01, 7.735111285001e-05, 4.8126e+02, 1.3830e+01, 
 1DIAGNOSTIC,    30, -3.254300653934e-01, 6.718165241182e-05, 4.9506e+02, 1.3801e+01, 
 1DIAGNOSTIC,    31, -3.254417181015e-01, 5.647715443047e-05, 5.0886e+02, 1.3800e+01, 
 1DIAGNOSTIC,    32, -3.254302144051e-01, 4.564539995044e-05, 5.2266e+02, 1.3797e+01, 
 1DIAGNOSTIC,    33, -3.254249691963e-01, 3.507161454763e-05, 5.3645e+02, 1.3794e+01, 
 1DIAGNOSTIC,    34, -3.253937065601e-01, 2.462611882947e-05, 5.5026e+02, 1.3802e+01, 
 1DIAGNOSTIC,    35, -3.254039287567e-01, 1.565438651596e-05, 5.6410e+02, 1.3840e+01, 
 1DIAGNOSTIC,    36, -3.254055976868e-01, 8.291217454826e-06, 5.7791e+02, 1.3814e+01, 
 1DIAGNOSTIC,    37, -3.253893852234e-01, 2.592724513306e-06, 5.9174e+02, 1.3830e+01, 
 1DIAGNOSTIC,    38, -3.254498839378e-01, 4.323440805365e-07, 6.0550e+02, 1.3763e+01, 
  Elapsed time (stage 2): 629.6


Total elapsed time: 757.2

--- Writing output images ---

Using double precision for computations.
Input scalar image: data/Segmentations/1008_3_seg.nii.gz
Reference image: data/template/T_template0_BrainCerebellum.nii.gz
=============================================================================
The composite transform comprises the following transforms (in order): 
  1. /tmp/1971891.1.basic.q/1008_ToTemplate_014_0GenericAffine.mat (type = AffineTransform)
  2. /tmp/1971891.1.basic.q/1008_ToTemplate_014_1Warp.nii.gz (type = DisplacementFieldTransform)
=============================================================================
Default pixel value: 0
Interpolation type: LabelImageGenericInterpolateImageFunction
Output warped image: output/1008/1008_WarpedLabels_014.nii.gz

--- Done ---

