
--- Running on compute-1-0.local ---


--- registration call ---
/data/jet/pcook/bin/antsBuild/bin/antsRegistrationSyNQuick.sh -d 3 -f data/template/T_template0_BrainCerebellum.nii.gz -m data/Brains/1008_3.nii.gz -t s -p f -n 2 -o /tmp/1971889.1.basic.q/1008_ToTemplate_012_
---


--------------------------------------------------------------------------------------
 Mapping parameters
--------------------------------------------------------------------------------------
 ANTSPATH is /data/jet/pcook/bin/antsBuild/bin/

 Dimensionality:           3
 Output name prefix:       /tmp/1971889.1.basic.q/1008_ToTemplate_012_
 Fixed images:             data/template/T_template0_BrainCerebellum.nii.gz
 Moving images:            data/Brains/1008_3.nii.gz
 Mask images:              
 Initial transforms:       
 Number of threads:        2
 Spline distance:          26
 Transform type:           s
 MI histogram bins:        32
 Precision:                f
 Use histogram matching    0
======================================================================================
 antsRegistration call:
--------------------------------------------------------------------------------------
/data/jet/pcook/bin/antsBuild/bin//antsRegistration --verbose 1 --dimensionality 3 --float 1 --collapse-output-transforms 1 --output [/tmp/1971889.1.basic.q/1008_ToTemplate_012_,/tmp/1971889.1.basic.q/1008_ToTemplate_012_Warped.nii.gz,/tmp/1971889.1.basic.q/1008_ToTemplate_012_InverseWarped.nii.gz] --interpolation Linear --use-histogram-matching 0 --winsorize-image-intensities [0.005,0.995] --initial-moving-transform [data/template/T_template0_BrainCerebellum.nii.gz,data/Brains/1008_3.nii.gz,1] --transform Rigid[0.1] --metric MI[data/template/T_template0_BrainCerebellum.nii.gz,data/Brains/1008_3.nii.gz,1,32,Regular,0.25] --convergence [1000x500x250x0,1e-6,10] --shrink-factors 12x8x4x2 --smoothing-sigmas 4x3x2x1vox --transform Affine[0.1] --metric MI[data/template/T_template0_BrainCerebellum.nii.gz,data/Brains/1008_3.nii.gz,1,32,Regular,0.25] --convergence [1000x500x250x0,1e-6,10] --shrink-factors 12x8x4x2 --smoothing-sigmas 4x3x2x1vox --transform SyN[0.1,3,0] --metric MI[data/template/T_template0_BrainCerebellum.nii.gz,data/Brains/1008_3.nii.gz,1,32] --convergence [100x100x70x50x0,1e-6,10] --shrink-factors 10x6x4x2x1 --smoothing-sigmas 5x3x2x1x0vox
--------------------------------------------------------------------------------------
All_Command_lines_OK
Using single precision for computations.
=============================================================================
The composite transform comprises the following transforms (in order): 
  1. Center of mass alignment using fixed image: data/template/T_template0_BrainCerebellum.nii.gz and moving image: data/Brains/1008_3.nii.gz (type = Euler3DTransform)
=============================================================================
  number of levels = 4
  number of levels = 4
  number of levels = 5
  fixed image: data/template/T_template0_BrainCerebellum.nii.gz
  moving image: data/Brains/1008_3.nii.gz
  fixed image: data/template/T_template0_BrainCerebellum.nii.gz
  moving image: data/Brains/1008_3.nii.gz
  fixed image: data/template/T_template0_BrainCerebellum.nii.gz
  moving image: data/Brains/1008_3.nii.gz
Dimension = 3
Number of stages = 3
Use Histogram Matching false
Winsorize image intensities true
Lower quantile = 0.005
Upper quantile = 0.995
Stage 1 State
   Image metric = Mattes
     Fixed image = Image (0x4db8670)
  RTTI typeinfo:   itk::Image<float, 3u>
  Reference Count: 2
  Modified Time: 1611
  Debug: Off
  Object Name: 
  Observers: 
    none
  Source: (none)
  Source output name: (none)
  Release Data: Off
  Data Released: False
  Global Release Data: Off
  PipelineMTime: 0
  UpdateMTime: 1422
  RealTimeStamp: 0 seconds 
  LargestPossibleRegion: 
    Dimension: 3
    Index: [0, 0, 0]
    Size: [216, 256, 291]
  BufferedRegion: 
    Dimension: 3
    Index: [0, 0, 0]
    Size: [216, 256, 291]
  RequestedRegion: 
    Dimension: 3
    Index: [0, 0, 0]
    Size: [216, 256, 291]
  Spacing: [1, 1, 1]
  Origin: [0, 293, 0]
  Direction: 
1 0 0
0 -0 -1
0 -1 -0

  IndexToPointMatrix: 
1 0 0
0 0 -1
0 -1 0

  PointToIndexMatrix: 
1 0 0
0 0 -1
0 -1 0

  Inverse Direction: 
1 0 0
0 0 -1
0 -1 0

  PixelContainer: 
    ImportImageContainer (0x4d9d7f0)
      RTTI typeinfo:   itk::ImportImageContainer<unsigned long, float>
      Reference Count: 1
      Modified Time: 1419
      Debug: Off
      Object Name: 
      Observers: 
        none
      Pointer: 0x7f99907a5010
      Container manages memory: true
      Size: 16091136
      Capacity: 16091136

     Moving image = Image (0x4db90b0)
  RTTI typeinfo:   itk::Image<float, 3u>
  Reference Count: 2
  Modified Time: 1612
  Debug: Off
  Object Name: 
  Observers: 
    none
  Source: (none)
  Source output name: (none)
  Release Data: Off
  Data Released: False
  Global Release Data: Off
  PipelineMTime: 0
  UpdateMTime: 1609
  RealTimeStamp: 0 seconds 
  LargestPossibleRegion: 
    Dimension: 3
    Index: [0, 0, 0]
    Size: [256, 256, 274]
  BufferedRegion: 
    Dimension: 3
    Index: [0, 0, 0]
    Size: [256, 256, 274]
  RequestedRegion: 
    Dimension: 3
    Index: [0, 0, 0]
    Size: [256, 256, 274]
  Spacing: [1, 1, 1]
  Origin: [0, 273, 0]
  Direction: 
1 0 0
0 -0 -1
0 -1 -0

  IndexToPointMatrix: 
1 0 0
0 0 -1
0 -1 0

  PointToIndexMatrix: 
1 0 0
0 0 -1
0 -1 0

  Inverse Direction: 
1 0 0
0 0 -1
0 -1 0

  PixelContainer: 
    ImportImageContainer (0x4dbb500)
      RTTI typeinfo:   itk::ImportImageContainer<unsigned long, float>
      Reference Count: 1
      Modified Time: 1606
      Debug: Off
      Object Name: 
      Observers: 
        none
      Pointer: 0x7f998c324010
      Container manages memory: true
      Size: 17956864
      Capacity: 17956864

     Weighting = 1
     Sampling strategy = regular
     Number of bins = 32
     Radius = 4
     Sampling percentage  = 0.25
   Transform = Rigid
     Gradient step = 0.1
     Update field sigma (voxel space) = 0
     Total field sigma (voxel space) = 0
     Update field time sigma = 0
     Total field time sigma  = 0
     Number of time indices = 0
     Number of time point samples = 0
Stage 2 State
   Image metric = Mattes
     Fixed image = Image (0x4dc3910)
  RTTI typeinfo:   itk::Image<float, 3u>
  Reference Count: 2
  Modified Time: 1987
  Debug: Off
  Object Name: 
  Observers: 
    none
  Source: (none)
  Source output name: (none)
  Release Data: Off
  Data Released: False
  Global Release Data: Off
  PipelineMTime: 0
  UpdateMTime: 1798
  RealTimeStamp: 0 seconds 
  LargestPossibleRegion: 
    Dimension: 3
    Index: [0, 0, 0]
    Size: [216, 256, 291]
  BufferedRegion: 
    Dimension: 3
    Index: [0, 0, 0]
    Size: [216, 256, 291]
  RequestedRegion: 
    Dimension: 3
    Index: [0, 0, 0]
    Size: [216, 256, 291]
  Spacing: [1, 1, 1]
  Origin: [0, 293, 0]
  Direction: 
1 0 0
0 -0 -1
0 -1 -0

  IndexToPointMatrix: 
1 0 0
0 0 -1
0 -1 0

  PointToIndexMatrix: 
1 0 0
0 0 -1
0 -1 0

  Inverse Direction: 
1 0 0
0 0 -1
0 -1 0

  PixelContainer: 
    ImportImageContainer (0x4dc41b0)
      RTTI typeinfo:   itk::ImportImageContainer<unsigned long, float>
      Reference Count: 1
      Modified Time: 1795
      Debug: Off
      Object Name: 
      Observers: 
        none
      Pointer: 0x7f99885c1010
      Container manages memory: true
      Size: 16091136
      Capacity: 16091136

     Moving image = Image (0x4dc3ca0)
  RTTI typeinfo:   itk::Image<float, 3u>
  Reference Count: 2
  Modified Time: 1988
  Debug: Off
  Object Name: 
  Observers: 
    none
  Source: (none)
  Source output name: (none)
  Release Data: Off
  Data Released: False
  Global Release Data: Off
  PipelineMTime: 0
  UpdateMTime: 1985
  RealTimeStamp: 0 seconds 
  LargestPossibleRegion: 
    Dimension: 3
    Index: [0, 0, 0]
    Size: [256, 256, 274]
  BufferedRegion: 
    Dimension: 3
    Index: [0, 0, 0]
    Size: [256, 256, 274]
  RequestedRegion: 
    Dimension: 3
    Index: [0, 0, 0]
    Size: [256, 256, 274]
  Spacing: [1, 1, 1]
  Origin: [0, 273, 0]
  Direction: 
1 0 0
0 -0 -1
0 -1 -0

  IndexToPointMatrix: 
1 0 0
0 0 -1
0 -1 0

  PointToIndexMatrix: 
1 0 0
0 0 -1
0 -1 0

  Inverse Direction: 
1 0 0
0 0 -1
0 -1 0

  PixelContainer: 
    ImportImageContainer (0x4dc47b0)
      RTTI typeinfo:   itk::ImportImageContainer<unsigned long, float>
      Reference Count: 1
      Modified Time: 1982
      Debug: Off
      Object Name: 
      Observers: 
        none
      Pointer: 0x7f9984140010
      Container manages memory: true
      Size: 17956864
      Capacity: 17956864

     Weighting = 1
     Sampling strategy = regular
     Number of bins = 32
     Radius = 4
     Sampling percentage  = 0.25
   Transform = Affine
     Gradient step = 0.1
     Update field sigma (voxel space) = 0
     Total field sigma (voxel space) = 0
     Update field time sigma = 0
     Total field time sigma  = 0
     Number of time indices = 0
     Number of time point samples = 0
Stage 3 State
   Image metric = Mattes
     Fixed image = Image (0x4dca9a0)
  RTTI typeinfo:   itk::Image<float, 3u>
  Reference Count: 2
  Modified Time: 2363
  Debug: Off
  Object Name: 
  Observers: 
    none
  Source: (none)
  Source output name: (none)
  Release Data: Off
  Data Released: False
  Global Release Data: Off
  PipelineMTime: 0
  UpdateMTime: 2174
  RealTimeStamp: 0 seconds 
  LargestPossibleRegion: 
    Dimension: 3
    Index: [0, 0, 0]
    Size: [216, 256, 291]
  BufferedRegion: 
    Dimension: 3
    Index: [0, 0, 0]
    Size: [216, 256, 291]
  RequestedRegion: 
    Dimension: 3
    Index: [0, 0, 0]
    Size: [216, 256, 291]
  Spacing: [1, 1, 1]
  Origin: [0, 293, 0]
  Direction: 
1 0 0
0 -0 -1
0 -1 -0

  IndexToPointMatrix: 
1 0 0
0 0 -1
0 -1 0

  PointToIndexMatrix: 
1 0 0
0 0 -1
0 -1 0

  Inverse Direction: 
1 0 0
0 0 -1
0 -1 0

  PixelContainer: 
    ImportImageContainer (0x4dcac30)
      RTTI typeinfo:   itk::ImportImageContainer<unsigned long, float>
      Reference Count: 1
      Modified Time: 2171
      Debug: Off
      Object Name: 
      Observers: 
        none
      Pointer: 0x7f99803dd010
      Container manages memory: true
      Size: 16091136
      Capacity: 16091136

     Moving image = Image (0x4dcd360)
  RTTI typeinfo:   itk::Image<float, 3u>
  Reference Count: 2
  Modified Time: 2364
  Debug: Off
  Object Name: 
  Observers: 
    none
  Source: (none)
  Source output name: (none)
  Release Data: Off
  Data Released: False
  Global Release Data: Off
  PipelineMTime: 0
  UpdateMTime: 2361
  RealTimeStamp: 0 seconds 
  LargestPossibleRegion: 
    Dimension: 3
    Index: [0, 0, 0]
    Size: [256, 256, 274]
  BufferedRegion: 
    Dimension: 3
    Index: [0, 0, 0]
    Size: [256, 256, 274]
  RequestedRegion: 
    Dimension: 3
    Index: [0, 0, 0]
    Size: [256, 256, 274]
  Spacing: [1, 1, 1]
  Origin: [0, 273, 0]
  Direction: 
1 0 0
0 -0 -1
0 -1 -0

  IndexToPointMatrix: 
1 0 0
0 0 -1
0 -1 0

  PointToIndexMatrix: 
1 0 0
0 0 -1
0 -1 0

  Inverse Direction: 
1 0 0
0 0 -1
0 -1 0

  PixelContainer: 
    ImportImageContainer (0x4dcd5f0)
      RTTI typeinfo:   itk::ImportImageContainer<unsigned long, float>
      Reference Count: 1
      Modified Time: 2358
      Debug: Off
      Object Name: 
      Observers: 
        none
      Pointer: 0x7f997bf5c010
      Container manages memory: true
      Size: 17956864
      Capacity: 17956864

     Weighting = 1
     Sampling strategy = none
     Number of bins = 32
     Radius = 4
     Sampling percentage  = 1
   Transform = SyN
     Gradient step = 0.1
     Update field sigma (voxel space) = 3
     Total field sigma (voxel space) = 0
     Update field time sigma = 0
     Total field time sigma  = 0
     Number of time indices = 0
     Number of time point samples = 0
Registration using 3 total stages.

Stage 0
  iterations = 1000x500x250x0
  convergence threshold = 1e-06
  convergence window size = 10
  number of levels = 4
  using the Mattes MI metric (number of bins = 32, weight = 1)
  preprocessing:  winsorizing the image intensities
  Shrink factors (level 1 out of 4): [12, 12, 12]
  Shrink factors (level 2 out of 4): [8, 8, 8]
  Shrink factors (level 3 out of 4): [4, 4, 4]
  Shrink factors (level 4 out of 4): [2, 2, 2]
  smoothing sigmas per level: [4, 3, 2, 1]
  regular sampling (percentage = 0.25)

*** Running Euler3DTransform registration ***

DIAGNOSTIC,Iteration,metricValue,convergenceValue,ITERATION_TIME_INDEX,SINCE_LAST
 2DIAGNOSTIC,     1, -5.759608745575e-01, inf, 1.8106e+01, 1.8106e+01, 
 2DIAGNOSTIC,     2, -5.761496424675e-01, inf, 1.8117e+01, 1.0907e-02, 
 2DIAGNOSTIC,     3, -5.762421488762e-01, inf, 1.8126e+01, 9.2001e-03, 
 2DIAGNOSTIC,     4, -5.762225389481e-01, inf, 1.8137e+01, 1.0736e-02, 
 2DIAGNOSTIC,     5, -5.766979455948e-01, inf, 1.8147e+01, 1.0796e-02, 
 2DIAGNOSTIC,     6, -5.762354731560e-01, inf, 1.8157e+01, 9.2161e-03, 
 2DIAGNOSTIC,     7, -5.760849118233e-01, inf, 1.8167e+01, 1.0693e-02, 
 2DIAGNOSTIC,     8, -5.763817429543e-01, inf, 1.8177e+01, 9.1600e-03, 
 2DIAGNOSTIC,     9, -5.762357711792e-01, inf, 1.8186e+01, 9.1722e-03, 
 2DIAGNOSTIC,    10, -5.766251087189e-01, 3.754621138796e-05, 1.8196e+01, 9.9649e-03, 
 2DIAGNOSTIC,    11, -5.770543217659e-01, 5.112831786391e-05, 1.8212e+01, 1.5971e-02, 
 2DIAGNOSTIC,    12, -5.771207213402e-01, 6.852384103695e-05, 1.8221e+01, 9.7880e-03, 
 2DIAGNOSTIC,    13, -5.771811008453e-01, 8.326031093020e-05, 1.8231e+01, 9.7959e-03, 
 2DIAGNOSTIC,    14, -5.775510668755e-01, 1.003279758152e-04, 1.8246e+01, 1.4380e-02, 
 2DIAGNOSTIC,    15, -5.773461461067e-01, 1.150528987637e-04, 1.8255e+01, 9.7702e-03, 
 2DIAGNOSTIC,    16, -5.773720741272e-01, 1.043746015057e-04, 1.8265e+01, 9.7630e-03, 
 2DIAGNOSTIC,    17, -5.776506066322e-01, 8.911828626879e-05, 1.8275e+01, 9.7749e-03, 
 2DIAGNOSTIC,    18, -5.776841640472e-01, 7.660608389415e-05, 1.8288e+01, 1.2835e-02, 
 2DIAGNOSTIC,    19, -5.777213573456e-01, 5.545562453335e-05, 1.8302e+01, 1.4351e-02, 
 2DIAGNOSTIC,    20, -5.777255296707e-01, 4.100491787540e-05, 1.8312e+01, 9.7551e-03, 
 2DIAGNOSTIC,    21, -5.777695775032e-01, 3.548113818397e-05, 1.8323e+01, 1.1301e-02, 
 2DIAGNOSTIC,    22, -5.777766704559e-01, 2.879741259676e-05, 1.8333e+01, 9.7558e-03, 
 2DIAGNOSTIC,    23, -5.777906179428e-01, 2.142856283172e-05, 1.8343e+01, 9.7849e-03, 
 2DIAGNOSTIC,    24, -5.780493617058e-01, 2.591094562376e-05, 1.8354e+01, 1.1270e-02, 
 2DIAGNOSTIC,    25, -5.780617594719e-01, 2.384774052189e-05, 1.8367e+01, 1.2832e-02, 
 2DIAGNOSTIC,    26, -5.780669450760e-01, 2.031945950876e-05, 1.8377e+01, 9.7499e-03, 
 2DIAGNOSTIC,    27, -5.780818462372e-01, 2.066900560749e-05, 1.8388e+01, 1.1309e-02, 
 2DIAGNOSTIC,    28, -5.780946016312e-01, 1.994002559513e-05, 1.8398e+01, 9.7470e-03, 
 2DIAGNOSTIC,    29, -5.781040191650e-01, 1.820862962632e-05, 1.8410e+01, 1.2831e-02, 
 2DIAGNOSTIC,    30, -5.778826475143e-01, 1.137745402957e-05, 1.8420e+01, 9.7570e-03, 
 2DIAGNOSTIC,    31, -5.778902173042e-01, 4.999926659366e-06, 1.8431e+01, 1.1293e-02, 
DIAGNOSTIC,Iteration,metricValue,convergenceValue,ITERATION_TIME_INDEX,SINCE_LAST
 2DIAGNOSTIC,     1, -4.923960566521e-01, inf, 3.2233e+01, 1.3801e+01, 
 2DIAGNOSTIC,     2, -4.924264252186e-01, inf, 3.2282e+01, 4.9303e-02, 
 2DIAGNOSTIC,     3, -4.923197627068e-01, inf, 3.2339e+01, 5.6909e-02, 
 2DIAGNOSTIC,     4, -4.922954142094e-01, inf, 3.2396e+01, 5.6904e-02, 
 2DIAGNOSTIC,     5, -4.923725128174e-01, inf, 3.2444e+01, 4.7868e-02, 
 2DIAGNOSTIC,     6, -4.923745393753e-01, inf, 3.2501e+01, 5.7437e-02, 
 2DIAGNOSTIC,     7, -4.924415647984e-01, inf, 3.2559e+01, 5.7356e-02, 
 2DIAGNOSTIC,     8, -4.924726784229e-01, inf, 3.2607e+01, 4.8210e-02, 
 2DIAGNOSTIC,     9, -4.925518333912e-01, inf, 3.2655e+01, 4.7924e-02, 
 2DIAGNOSTIC,    10, -4.927065670490e-01, 3.757816011785e-05, 3.2704e+01, 4.8669e-02, 
 2DIAGNOSTIC,    11, -4.929287731647e-01, 5.945412704023e-05, 3.2752e+01, 4.8668e-02, 
 2DIAGNOSTIC,    12, -4.935186803341e-01, 1.024055527523e-04, 3.2801e+01, 4.9258e-02, 
 2DIAGNOSTIC,    13, -4.945965707302e-01, 1.723099849187e-04, 3.2850e+01, 4.8580e-02, 
 2DIAGNOSTIC,    14, -4.959280490875e-01, 2.695986186154e-04, 3.2953e+01, 1.0287e-01, 
 2DIAGNOSTIC,    15, -4.960026741028e-01, 3.345831937622e-04, 3.3010e+01, 5.7569e-02, 
 2DIAGNOSTIC,    16, -4.959889352322e-01, 3.613920998760e-04, 3.3059e+01, 4.8569e-02, 
 2DIAGNOSTIC,    17, -4.959890544415e-01, 3.545935032889e-04, 3.3107e+01, 4.8403e-02, 
 2DIAGNOSTIC,    18, -4.960806071758e-01, 3.192229778506e-04, 3.3165e+01, 5.7539e-02, 
 2DIAGNOSTIC,    19, -4.961264431477e-01, 2.613097894937e-04, 3.3223e+01, 5.7744e-02, 
 2DIAGNOSTIC,    20, -4.961839914322e-01, 1.915434841067e-04, 3.3281e+01, 5.8080e-02, 
 2DIAGNOSTIC,    21, -4.961344003677e-01, 1.159869498224e-04, 3.3329e+01, 4.8621e-02, 
 2DIAGNOSTIC,    22, -4.963439106941e-01, 5.725304072257e-05, 3.3387e+01, 5.7879e-02, 
 2DIAGNOSTIC,    23, -4.963901042938e-01, 2.541325011407e-05, 3.3436e+01, 4.8692e-02, 
 2DIAGNOSTIC,    24, -4.965136945248e-01, 2.876854159695e-05, 3.3494e+01, 5.7810e-02, 
 2DIAGNOSTIC,    25, -4.966099560261e-01, 3.323896089569e-05, 3.3543e+01, 4.8807e-02, 
 2DIAGNOSTIC,    26, -4.966610074043e-01, 3.520896279952e-05, 3.3601e+01, 5.8134e-02, 
 2DIAGNOSTIC,    27, -4.966265559196e-01, 3.303902485641e-05, 3.3659e+01, 5.8228e-02, 
 2DIAGNOSTIC,    28, -4.968047738075e-01, 3.354985528858e-05, 3.3735e+01, 7.5673e-02, 
 2DIAGNOSTIC,    29, -4.967209994793e-01, 3.009220381500e-05, 3.3792e+01, 5.7514e-02, 
 2DIAGNOSTIC,    30, -4.966116845608e-01, 2.325676177861e-05, 3.3850e+01, 5.7891e-02, 
 2DIAGNOSTIC,    31, -4.968037605286e-01, 1.741211053741e-05, 3.3899e+01, 4.8631e-02, 
 2DIAGNOSTIC,    32, -4.968849122524e-01, 1.547754800413e-05, 3.3965e+01, 6.6590e-02, 
 2DIAGNOSTIC,    33, -4.969506859779e-01, 1.413292466168e-05, 3.4023e+01, 5.7516e-02, 
 2DIAGNOSTIC,    34, -4.969527423382e-01, 1.375106876367e-05, 3.4071e+01, 4.8558e-02, 
 2DIAGNOSTIC,    35, -4.969544708729e-01, 1.385520408803e-05, 3.4120e+01, 4.8488e-02, 
 2DIAGNOSTIC,    36, -4.969007670879e-01, 1.267556308449e-05, 3.4168e+01, 4.8513e-02, 
 2DIAGNOSTIC,    37, -4.969622790813e-01, 1.072352733900e-05, 3.4235e+01, 6.6513e-02, 
 2DIAGNOSTIC,    38, -4.969656467438e-01, 1.068427536666e-05, 3.4302e+01, 6.7128e-02, 
 2DIAGNOSTIC,    39, -4.969661533833e-01, 8.575732863392e-06, 3.4360e+01, 5.8052e-02, 
 2DIAGNOSTIC,    40, -4.969669878483e-01, 4.244592219038e-06, 3.4418e+01, 5.7814e-02, 
 2DIAGNOSTIC,    41, -4.969682097435e-01, 2.490400220267e-06, 3.4466e+01, 4.8470e-02, 
 2DIAGNOSTIC,    42, -4.969692528248e-01, 1.742453378029e-06, 3.4524e+01, 5.7628e-02, 
 2DIAGNOSTIC,    43, -4.969133138657e-01, 1.050683408721e-06, 3.4572e+01, 4.8504e-02, 
DIAGNOSTIC,Iteration,metricValue,convergenceValue,ITERATION_TIME_INDEX,SINCE_LAST
 2DIAGNOSTIC,     1, -4.198838174343e-01, inf, 4.3057e+01, 8.4849e+00, 
 2DIAGNOSTIC,     2, -4.207808673382e-01, inf, 4.3447e+01, 3.8971e-01, 
 2DIAGNOSTIC,     3, -4.216507673264e-01, inf, 4.3835e+01, 3.8828e-01, 
 2DIAGNOSTIC,     4, -4.221474528313e-01, inf, 4.4303e+01, 4.6750e-01, 
 2DIAGNOSTIC,     5, -4.221885502338e-01, inf, 4.4692e+01, 3.8951e-01, 
 2DIAGNOSTIC,     6, -4.222764670849e-01, inf, 4.5550e+01, 8.5813e-01, 
 2DIAGNOSTIC,     7, -4.222792685032e-01, inf, 4.6018e+01, 4.6793e-01, 
 2DIAGNOSTIC,     8, -4.222749173641e-01, inf, 4.6486e+01, 4.6783e-01, 
 2DIAGNOSTIC,     9, -4.222710728645e-01, inf, 4.6954e+01, 4.6736e-01, 
 2DIAGNOSTIC,    10, -4.222671389580e-01, 2.861413231585e-04, 4.7342e+01, 3.8884e-01, 
 2DIAGNOSTIC,    11, -4.222695827484e-01, 1.348670775769e-04, 4.7811e+01, 4.6851e-01, 
 2DIAGNOSTIC,    12, -4.222714602947e-01, 4.640464612748e-05, 4.8279e+01, 4.6760e-01, 
 2DIAGNOSTIC,    13, -4.222677648067e-01, 1.185925975733e-05, 4.8746e+01, 4.6778e-01, 
 2DIAGNOSTIC,    14, -4.222637116909e-01, 5.109583071317e-06, 4.9137e+01, 3.9018e-01, 
DIAGNOSTIC,Iteration,metricValue,convergenceValue,ITERATION_TIME_INDEX,SINCE_LAST
 2DIAGNOSTIC,     1, -3.652254045010e-01, inf, 5.7261e+01, 8.1240e+00, 
  Elapsed time (stage 0): 5.8997e+01


Stage 1
  iterations = 1000x500x250x0
  convergence threshold = 1.0000e-06
  convergence window size = 10
  number of levels = 4
  using the Mattes MI metric (number of bins = 32, weight = 1.0000e+00)
  preprocessing:  winsorizing the image intensities
  Shrink factors (level 1 out of 4): [12, 12, 12]
  Shrink factors (level 2 out of 4): [8, 8, 8]
  Shrink factors (level 3 out of 4): [4, 4, 4]
  Shrink factors (level 4 out of 4): [2, 2, 2]
  smoothing sigmas per level: [4, 3, 2, 1]
  regular sampling (percentage = 2.5000e-01)

*** Running AffineTransform registration ***

DIAGNOSTIC,Iteration,metricValue,convergenceValue,ITERATION_TIME_INDEX,SINCE_LAST
 2DIAGNOSTIC,     1, -5.683100223541e-01, inf, 1.8009e+01, 1.8009e+01, 
 2DIAGNOSTIC,     2, -5.692694783211e-01, inf, 1.8023e+01, 1.4013e-02, 
 2DIAGNOSTIC,     3, -5.701751112938e-01, inf, 1.8037e+01, 1.4112e-02, 
 2DIAGNOSTIC,     4, -5.707306265831e-01, inf, 1.8049e+01, 1.2123e-02, 
 2DIAGNOSTIC,     5, -5.711939334869e-01, inf, 1.8061e+01, 1.2490e-02, 
 2DIAGNOSTIC,     6, -5.725384354591e-01, inf, 1.8074e+01, 1.2305e-02, 
 2DIAGNOSTIC,     7, -5.750775337219e-01, inf, 1.8086e+01, 1.2639e-02, 
 2DIAGNOSTIC,     8, -5.777938365936e-01, inf, 1.8102e+01, 1.5598e-02, 
 2DIAGNOSTIC,     9, -5.801244974136e-01, inf, 1.8118e+01, 1.5740e-02, 
 2DIAGNOSTIC,    10, -5.802514553070e-01, 1.441463828087e-03, 1.8132e+01, 1.4358e-02, 
 2DIAGNOSTIC,    11, -5.802935957909e-01, 1.349446829408e-03, 1.8145e+01, 1.3037e-02, 
 2DIAGNOSTIC,    12, -5.801128149033e-01, 1.183112733997e-03, 1.8158e+01, 1.2980e-02, 
 2DIAGNOSTIC,    13, -5.802043080330e-01, 9.722794056870e-04, 1.8171e+01, 1.3062e-02, 
 2DIAGNOSTIC,    14, -5.803239941597e-01, 7.272480288520e-04, 1.8187e+01, 1.6002e-02, 
 2DIAGNOSTIC,    15, -5.803568363190e-01, 4.659823316615e-04, 1.8205e+01, 1.7915e-02, 
 2DIAGNOSTIC,    16, -5.803700089455e-01, 2.369497669861e-04, 1.8219e+01, 1.4312e-02, 
 2DIAGNOSTIC,    17, -5.801835060120e-01, 8.042472472880e-05, 1.8232e+01, 1.3050e-02, 
 2DIAGNOSTIC,    18, -5.803518295288e-01, 1.150929801952e-05, 1.8245e+01, 1.2677e-02, 
 2DIAGNOSTIC,    19, -5.803602337837e-01, 9.259167200071e-06, 1.8258e+01, 1.3072e-02, 
 2DIAGNOSTIC,    20, -5.803781747818e-01, 9.997312190535e-06, 1.8278e+01, 1.9515e-02, 
 2DIAGNOSTIC,    21, -5.803847908974e-01, 1.128244548454e-05, 1.8291e+01, 1.3052e-02, 
 2DIAGNOSTIC,    22, -5.803881883621e-01, 7.613573416165e-06, 1.8303e+01, 1.2744e-02, 
 2DIAGNOSTIC,    23, -5.803973078728e-01, 5.741597306042e-06, 1.8318e+01, 1.4615e-02, 
 2DIAGNOSTIC,    24, -5.804077386856e-01, 6.188736279000e-06, 1.8331e+01, 1.2748e-02, 
 2DIAGNOSTIC,    25, -5.801815986633e-01, 2.332429858143e-06, 1.8347e+01, 1.6357e-02, 
DIAGNOSTIC,Iteration,metricValue,convergenceValue,ITERATION_TIME_INDEX,SINCE_LAST
 2DIAGNOSTIC,     1, -5.014468431473e-01, inf, 3.2156e+01, 1.3809e+01, 
 2DIAGNOSTIC,     2, -5.019617080688e-01, inf, 3.2216e+01, 6.0008e-02, 
 2DIAGNOSTIC,     3, -5.027082562447e-01, inf, 3.2276e+01, 5.9962e-02, 
 2DIAGNOSTIC,     4, -5.033493638039e-01, inf, 3.2335e+01, 5.9492e-02, 
 2DIAGNOSTIC,     5, -5.043191313744e-01, inf, 3.2394e+01, 5.9252e-02, 
 2DIAGNOSTIC,     6, -5.053378939629e-01, inf, 3.2454e+01, 5.9624e-02, 
 2DIAGNOSTIC,     7, -5.065971612930e-01, inf, 3.2533e+01, 7.8737e-02, 
 2DIAGNOSTIC,     8, -5.079355239868e-01, inf, 3.2633e+01, 9.9880e-02, 
 2DIAGNOSTIC,     9, -5.081691145897e-01, inf, 3.2693e+01, 5.9863e-02, 
 2DIAGNOSTIC,    10, -5.087923407555e-01, 1.023008255288e-03, 3.2753e+01, 6.0689e-02, 
 2DIAGNOSTIC,    11, -5.092344284058e-01, 9.162829956040e-04, 3.2814e+01, 6.0417e-02, 
 2DIAGNOSTIC,    12, -5.095586776733e-01, 7.835024734959e-04, 3.2874e+01, 6.0128e-02, 
 2DIAGNOSTIC,    13, -5.104180574417e-01, 6.695946212858e-04, 3.2943e+01, 6.9696e-02, 
 2DIAGNOSTIC,    14, -5.105265974998e-01, 5.407774006017e-04, 3.3032e+01, 8.8901e-02, 
 2DIAGNOSTIC,    15, -5.106119513512e-01, 4.198500246275e-04, 3.3091e+01, 5.8615e-02, 
 2DIAGNOSTIC,    16, -5.107280015945e-01, 3.151151177008e-04, 3.3161e+01, 6.9706e-02, 
 2DIAGNOSTIC,    17, -5.109375119209e-01, 2.411856548861e-04, 3.3230e+01, 6.9652e-02, 
 2DIAGNOSTIC,    18, -5.112060308456e-01, 2.030733012361e-04, 3.3300e+01, 7.0069e-02, 
 2DIAGNOSTIC,    19, -5.114057660103e-01, 1.626515731914e-04, 3.3380e+01, 7.9400e-02, 
 2DIAGNOSTIC,    20, -5.114707946777e-01, 1.307157945121e-04, 3.3460e+01, 7.9756e-02, 
 2DIAGNOSTIC,    21, -5.114181041718e-01, 1.003177530947e-04, 3.3520e+01, 6.0167e-02, 
 2DIAGNOSTIC,    22, -5.113351941109e-01, 6.907190254424e-05, 3.3580e+01, 6.0373e-02, 
 2DIAGNOSTIC,    23, -5.113780498505e-01, 5.608410356217e-05, 3.3640e+01, 6.0150e-02, 
 2DIAGNOSTIC,    24, -5.114295482635e-01, 4.266235191608e-05, 3.3700e+01, 6.0232e-02, 
 2DIAGNOSTIC,    25, -5.114138722420e-01, 2.798961395456e-05, 3.3771e+01, 7.0152e-02, 
 2DIAGNOSTIC,    26, -5.116738677025e-01, 2.008970477618e-05, 3.3898e+01, 1.2716e-01, 
 2DIAGNOSTIC,    27, -5.116194486618e-01, 1.401288682246e-05, 3.3966e+01, 6.8403e-02, 
 2DIAGNOSTIC,    28, -5.115643143654e-01, 1.137966683018e-05, 3.4027e+01, 6.0393e-02, 
 2DIAGNOSTIC,    29, -5.115080475807e-01, 1.073136809282e-05, 3.4095e+01, 6.8368e-02, 
 2DIAGNOSTIC,    30, -5.115100145340e-01, 1.046969555318e-05, 3.4164e+01, 6.9490e-02, 
 2DIAGNOSTIC,    31, -5.113912224770e-01, 6.210780611582e-06, 3.4223e+01, 5.8909e-02, 
DIAGNOSTIC,Iteration,metricValue,convergenceValue,ITERATION_TIME_INDEX,SINCE_LAST
 2DIAGNOSTIC,     1, -4.281822443008e-01, inf, 4.2816e+01, 8.5926e+00, 
 2DIAGNOSTIC,     2, -4.283409118652e-01, inf, 4.3307e+01, 4.9103e-01, 
 2DIAGNOSTIC,     3, -4.285889565945e-01, inf, 4.3784e+01, 4.7689e-01, 
 2DIAGNOSTIC,     4, -4.288761913776e-01, inf, 4.4268e+01, 4.8368e-01, 
 2DIAGNOSTIC,     5, -4.291376769543e-01, inf, 4.4825e+01, 5.5752e-01, 
 2DIAGNOSTIC,     6, -4.293884038925e-01, inf, 4.5715e+01, 8.8965e-01, 
 2DIAGNOSTIC,     7, -4.294420480728e-01, inf, 4.6193e+01, 4.7831e-01, 
 2DIAGNOSTIC,     8, -4.294840097427e-01, inf, 4.6683e+01, 4.9030e-01, 
 2DIAGNOSTIC,     9, -4.295643568039e-01, inf, 4.7165e+01, 4.8204e-01, 
 2DIAGNOSTIC,    10, -4.296984672546e-01, 2.362785162404e-04, 4.7899e+01, 7.3388e-01, 
 2DIAGNOSTIC,    11, -4.297344982624e-01, 1.845156220952e-04, 4.8388e+01, 4.8887e-01, 
 2DIAGNOSTIC,    12, -4.297866225243e-01, 1.367668592138e-04, 4.8872e+01, 4.8394e-01, 
 2DIAGNOSTIC,    13, -4.299241006374e-01, 1.038440168486e-04, 4.9685e+01, 8.1295e-01, 
 2DIAGNOSTIC,    14, -4.299276173115e-01, 7.977808127180e-05, 5.0332e+01, 6.4649e-01, 
 2DIAGNOSTIC,    15, -4.299361705780e-01, 6.349616887746e-05, 5.0815e+01, 4.8381e-01, 
 2DIAGNOSTIC,    16, -4.299271702766e-01, 5.366672849050e-05, 5.1299e+01, 4.8338e-01, 
 2DIAGNOSTIC,    17, -4.299564957619e-01, 4.350080780569e-05, 5.1781e+01, 4.8220e-01, 
 2DIAGNOSTIC,    18, -4.299716651440e-01, 3.259471486672e-05, 5.2262e+01, 4.8111e-01, 
 2DIAGNOSTIC,    19, -4.300259947777e-01, 2.455393405398e-05, 5.2824e+01, 5.6232e-01, 
 2DIAGNOSTIC,    20, -4.301042854786e-01, 2.224692798336e-05, 5.3466e+01, 6.4201e-01, 
 2DIAGNOSTIC,    21, -4.301392734051e-01, 2.043861422862e-05, 5.4276e+01, 8.0985e-01, 
 2DIAGNOSTIC,    22, -4.301458001137e-01, 1.868838808150e-05, 5.4839e+01, 5.6317e-01, 
 2DIAGNOSTIC,    23, -4.301445186138e-01, 1.941815753526e-05, 5.5400e+01, 5.6103e-01, 
 2DIAGNOSTIC,    24, -4.301465153694e-01, 1.853602952906e-05, 5.5873e+01, 4.7285e-01, 
 2DIAGNOSTIC,    25, -4.301429092884e-01, 1.621938827157e-05, 5.6518e+01, 6.4515e-01, 
 2DIAGNOSTIC,    26, -4.301455020905e-01, 1.249790238944e-05, 5.6996e+01, 4.7804e-01, 
 2DIAGNOSTIC,    27, -4.301367998123e-01, 8.524651093467e-06, 5.7475e+01, 4.7898e-01, 
 2DIAGNOSTIC,    28, -4.301463365555e-01, 4.730287855637e-06, 5.8119e+01, 6.4316e-01, 
 2DIAGNOSTIC,    29, -4.301657080650e-01, 2.492314933988e-06, 5.8682e+01, 5.6391e-01, 
 2DIAGNOSTIC,    30, -4.301609098911e-01, 1.859420081018e-06, 5.9247e+01, 5.6492e-01, 
 2DIAGNOSTIC,    31, -4.301609396935e-01, 1.946596512425e-06, 5.9894e+01, 6.4637e-01, 
 2DIAGNOSTIC,    32, -4.301490485668e-01, 1.837785248426e-06, 6.0459e+01, 5.6481e-01, 
 2DIAGNOSTIC,    33, -4.301492571831e-01, 1.634190994082e-06, 6.1023e+01, 5.6486e-01, 
 2DIAGNOSTIC,    34, -4.301493465900e-01, 1.409880610481e-06, 6.1578e+01, 5.5466e-01, 
 2DIAGNOSTIC,    35, -4.301491975784e-01, 1.078501441043e-06, 6.2139e+01, 5.6113e-01, 
DIAGNOSTIC,Iteration,metricValue,convergenceValue,ITERATION_TIME_INDEX,SINCE_LAST
 2DIAGNOSTIC,     1, -3.701052665710e-01, inf, 7.1057e+01, 8.9179e+00, 
  Elapsed time (stage 1): 7.2789e+01


Stage 2
  iterations = 100x100x70x50x0
  convergence threshold = 1.0000e-06
  convergence window size = 10
  number of levels = 5
  using the Mattes MI metric (number of bins = 32, weight = 1.0000e+00)
  preprocessing:  winsorizing the image intensities
  Shrink factors (level 1 out of 5): [10, 10, 10]
  Shrink factors (level 2 out of 5): [6, 6, 6]
  Shrink factors (level 3 out of 5): [4, 4, 4]
  Shrink factors (level 4 out of 5): [2, 2, 2]
  Shrink factors (level 5 out of 5): [1, 1, 1]
  smoothing sigmas per level: [5, 3, 2, 1, 0]
  Using default NONE metricSamplingStrategy 

*** Running SyN registration (varianceForUpdateField = 3.0000e+00, varianceForTotalField = 0.0000e+00) ***

XXDIAGNOSTIC,Iteration,metricValue,convergenceValue,ITERATION_TIME_INDEX,SINCE_LAST
 1DIAGNOSTIC,     1, -5.235887169838e-01, inf, 3.0888e+01, 3.0888e+01, 
 1DIAGNOSTIC,     2, -5.426810979843e-01, inf, 3.1040e+01, 1.5262e-01, 
 1DIAGNOSTIC,     3, -5.572263002396e-01, inf, 3.1189e+01, 1.4879e-01, 
 1DIAGNOSTIC,     4, -5.621484518051e-01, inf, 3.1338e+01, 1.4898e-01, 
 1DIAGNOSTIC,     5, -5.628491640091e-01, inf, 3.1484e+01, 1.4564e-01, 
 1DIAGNOSTIC,     6, -5.606575608253e-01, inf, 3.1630e+01, 1.4586e-01, 
 1DIAGNOSTIC,     7, -5.578419566154e-01, inf, 3.1776e+01, 1.4605e-01, 
 1DIAGNOSTIC,     8, -5.544420480728e-01, inf, 3.1922e+01, 1.4577e-01, 
 1DIAGNOSTIC,     9, -5.513676404953e-01, inf, 3.2067e+01, 1.4589e-01, 
 1DIAGNOSTIC,    10, -5.493355989456e-01, 1.496143173426e-03, 3.2214e+01, 1.4663e-01, 
 1DIAGNOSTIC,    11, -5.486207008362e-01, -6.016395636834e-04, 3.2361e+01, 1.4656e-01, 
XXDIAGNOSTIC,Iteration,metricValue,convergenceValue,ITERATION_TIME_INDEX,SINCE_LAST
 1DIAGNOSTIC,     1, -4.337587952614e-01, inf, 4.6371e+01, 1.4010e+01, 
 1DIAGNOSTIC,     2, -4.366540014744e-01, inf, 4.6945e+01, 5.7403e-01, 
 1DIAGNOSTIC,     3, -4.378685653210e-01, inf, 4.7521e+01, 5.7667e-01, 
 1DIAGNOSTIC,     4, -4.384468197823e-01, inf, 4.8096e+01, 5.7458e-01, 
 1DIAGNOSTIC,     5, -4.386813044548e-01, inf, 4.8671e+01, 5.7503e-01, 
 1DIAGNOSTIC,     6, -4.384124279022e-01, inf, 4.9247e+01, 5.7559e-01, 
 1DIAGNOSTIC,     7, -4.375362098217e-01, inf, 4.9822e+01, 5.7574e-01, 
 1DIAGNOSTIC,     8, -4.368036985397e-01, inf, 5.0396e+01, 5.7413e-01, 
 1DIAGNOSTIC,     9, -4.359950125217e-01, inf, 5.0972e+01, 5.7597e-01, 
 1DIAGNOSTIC,    10, -4.352272748947e-01, -1.791472095647e-05, 5.1549e+01, 5.7635e-01, 
XXDIAGNOSTIC,Iteration,metricValue,convergenceValue,ITERATION_TIME_INDEX,SINCE_LAST
 1DIAGNOSTIC,     1, -3.700114488602e-01, inf, 6.1391e+01, 9.8420e+00, 
 1DIAGNOSTIC,     2, -3.709889054298e-01, inf, 6.3178e+01, 1.7875e+00, 
 1DIAGNOSTIC,     3, -3.718624711037e-01, inf, 6.4963e+01, 1.7847e+00, 
 1DIAGNOSTIC,     4, -3.722948133945e-01, inf, 6.6756e+01, 1.7926e+00, 
 1DIAGNOSTIC,     5, -3.725948333740e-01, inf, 6.8546e+01, 1.7906e+00, 
 1DIAGNOSTIC,     6, -3.725917637348e-01, inf, 7.0333e+01, 1.7862e+00, 
 1DIAGNOSTIC,     7, -3.725339472294e-01, inf, 7.2130e+01, 1.7976e+00, 
 1DIAGNOSTIC,     8, -3.724642097950e-01, inf, 7.3917e+01, 1.7866e+00, 
 1DIAGNOSTIC,     9, -3.722545504570e-01, inf, 7.5707e+01, 1.7904e+00, 
 1DIAGNOSTIC,    10, -3.720061779022e-01, 2.808536519296e-04, 7.7496e+01, 1.7887e+00, 
 1DIAGNOSTIC,    11, -3.717635273933e-01, 5.856306961505e-05, 7.9349e+01, 1.8533e+00, 
 1DIAGNOSTIC,    12, -3.717245459557e-01, -7.276455289684e-05, 8.1140e+01, 1.7914e+00, 
XXDIAGNOSTIC,Iteration,metricValue,convergenceValue,ITERATION_TIME_INDEX,SINCE_LAST
 1DIAGNOSTIC,     1, -3.150722682476e-01, inf, 1.0084e+02, 1.9697e+01, 
 1DIAGNOSTIC,     2, -3.160783052444e-01, inf, 1.1371e+02, 1.2871e+01, 
 1DIAGNOSTIC,     3, -3.170927762985e-01, inf, 1.2657e+02, 1.2862e+01, 
 1DIAGNOSTIC,     4, -3.179892897606e-01, inf, 1.3943e+02, 1.2863e+01, 
 1DIAGNOSTIC,     5, -3.187857270241e-01, inf, 1.5274e+02, 1.3302e+01, 
 1DIAGNOSTIC,     6, -3.195750713348e-01, inf, 1.6605e+02, 1.3309e+01, 
 1DIAGNOSTIC,     7, -3.201957643032e-01, inf, 1.7941e+02, 1.3365e+01, 
 1DIAGNOSTIC,     8, -3.207776546478e-01, inf, 1.9276e+02, 1.3351e+01, 
 1DIAGNOSTIC,     9, -3.211641907692e-01, inf, 2.0658e+02, 1.3813e+01, 
 1DIAGNOSTIC,    10, -3.216008543968e-01, 1.315275439993e-03, 2.2049e+02, 1.3914e+01, 
 1DIAGNOSTIC,    11, -3.219907283783e-01, 1.064521493390e-03, 2.3434e+02, 1.3854e+01, 
 1DIAGNOSTIC,    12, -3.223150372505e-01, 8.578532142565e-04, 2.4819e+02, 1.3846e+01, 
 1DIAGNOSTIC,    13, -3.226044178009e-01, 6.942481268197e-04, 2.6196e+02, 1.3768e+01, 
 1DIAGNOSTIC,    14, -3.228948116302e-01, 5.659867310897e-04, 2.7590e+02, 1.3939e+01, 
 1DIAGNOSTIC,    15, -3.231471478939e-01, 4.646916931961e-04, 2.8976e+02, 1.3867e+01, 
 1DIAGNOSTIC,    16, -3.233792185783e-01, 3.896951384377e-04, 3.0364e+02, 1.3880e+01, 
 1DIAGNOSTIC,    17, -3.236032426357e-01, 3.313679771964e-04, 3.1749e+02, 1.3849e+01, 
 1DIAGNOSTIC,    18, -3.238256871700e-01, 2.884511777665e-04, 3.3137e+02, 1.3879e+01, 
 1DIAGNOSTIC,    19, -3.240408301353e-01, 2.511499915272e-04, 3.4521e+02, 1.3837e+01, 
 1DIAGNOSTIC,    20, -3.241914510727e-01, 2.200568997068e-04, 3.5896e+02, 1.3757e+01, 
 1DIAGNOSTIC,    21, -3.243225216866e-01, 1.933551538968e-04, 3.7272e+02, 1.3757e+01, 
 1DIAGNOSTIC,    22, -3.244256377220e-01, 1.681981375441e-04, 3.8648e+02, 1.3761e+01, 
 1DIAGNOSTIC,    23, -3.245552182198e-01, 1.455335586797e-04, 4.0031e+02, 1.3828e+01, 
 1DIAGNOSTIC,    24, -3.246699273586e-01, 1.259581040358e-04, 4.1404e+02, 1.3728e+01, 
 1DIAGNOSTIC,    25, -3.247655332088e-01, 1.084102550521e-04, 4.2777e+02, 1.3732e+01, 
 1DIAGNOSTIC,    26, -3.248855471611e-01, 9.401988063473e-05, 4.4154e+02, 1.3765e+01, 
 1DIAGNOSTIC,    27, -3.249485194683e-01, 8.120532584144e-05, 4.5532e+02, 1.3785e+01, 
 1DIAGNOSTIC,    28, -3.250088691711e-01, 7.055494643282e-05, 4.6912e+02, 1.3801e+01, 
 1DIAGNOSTIC,    29, -3.250998258591e-01, 6.331655458780e-05, 4.8292e+02, 1.3802e+01, 
 1DIAGNOSTIC,    30, -3.251823782921e-01, 5.742830762756e-05, 4.9669e+02, 1.3765e+01, 
 1DIAGNOSTIC,    31, -3.252291679382e-01, 5.157893610885e-05, 5.1044e+02, 1.3754e+01, 
 1DIAGNOSTIC,    32, -3.252466320992e-01, 4.459335104912e-05, 5.2421e+02, 1.3772e+01, 
 1DIAGNOSTIC,    33, -3.252573311329e-01, 3.763697168324e-05, 5.3794e+02, 1.3728e+01, 
 1DIAGNOSTIC,    34, -3.252508044243e-01, 3.037276837858e-05, 5.5177e+02, 1.3830e+01, 
 1DIAGNOSTIC,    35, -3.253034353256e-01, 2.438549927319e-05, 5.6550e+02, 1.3727e+01, 
 1DIAGNOSTIC,    36, -3.253681659698e-01, 2.096753087244e-05, 5.7928e+02, 1.3781e+01, 
 1DIAGNOSTIC,    37, -3.253763616085e-01, 1.749199145706e-05, 5.9308e+02, 1.3795e+01, 
 1DIAGNOSTIC,    38, -3.253656923771e-01, 1.377605258313e-05, 6.0684e+02, 1.3765e+01, 
 1DIAGNOSTIC,    39, -3.253505229950e-01, 1.072557370208e-05, 6.2059e+02, 1.3749e+01, 
 1DIAGNOSTIC,    40, -3.253347873688e-01, 8.318308573507e-06, 6.3434e+02, 1.3754e+01, 
 1DIAGNOSTIC,    41, -3.253168165684e-01, 5.893789875699e-06, 6.4809e+02, 1.3745e+01, 
 1DIAGNOSTIC,    42, -3.252436518669e-01, 1.935418595167e-06, 6.6182e+02, 1.3733e+01, 
 1DIAGNOSTIC,    43, -3.251436352730e-01, -3.700567049236e-06, 6.7552e+02, 1.3696e+01, 
  Elapsed time (stage 2): 699.4


Total elapsed time: 831.2

--- Writing output images ---

Using double precision for computations.
Input scalar image: data/Segmentations/1008_3_seg.nii.gz
Reference image: data/template/T_template0_BrainCerebellum.nii.gz
=============================================================================
The composite transform comprises the following transforms (in order): 
  1. /tmp/1971889.1.basic.q/1008_ToTemplate_012_0GenericAffine.mat (type = AffineTransform)
  2. /tmp/1971889.1.basic.q/1008_ToTemplate_012_1Warp.nii.gz (type = DisplacementFieldTransform)
=============================================================================
Default pixel value: 0
Interpolation type: LabelImageGenericInterpolateImageFunction
Output warped image: output/1008/1008_WarpedLabels_012.nii.gz

--- Done ---

