
--- Running on compute-1-6.local ---


--- registration call ---
/data/jet/pcook/bin/antsBuild/bin/antsRegistrationSyNQuick.sh -d 3 -f data/template/T_template0_BrainCerebellum.nii.gz -m data/Brains/1119_3.nii.gz -t s -p f -n 1 -o /tmp/1979011.1.basic.q/1119_ToTemplate_009_
---


--------------------------------------------------------------------------------------
 Mapping parameters
--------------------------------------------------------------------------------------
 ANTSPATH is /data/jet/pcook/bin/antsBuild/bin/

 Dimensionality:           3
 Output name prefix:       /tmp/1979011.1.basic.q/1119_ToTemplate_009_
 Fixed images:             data/template/T_template0_BrainCerebellum.nii.gz
 Moving images:            data/Brains/1119_3.nii.gz
 Mask images:              
 Initial transforms:       
 Number of threads:        1
 Spline distance:          26
 Transform type:           s
 MI histogram bins:        32
 Precision:                f
 Use histogram matching    0
======================================================================================
 antsRegistration call:
--------------------------------------------------------------------------------------
/data/jet/pcook/bin/antsBuild/bin//antsRegistration --verbose 1 --dimensionality 3 --float 1 --collapse-output-transforms 1 --output [/tmp/1979011.1.basic.q/1119_ToTemplate_009_,/tmp/1979011.1.basic.q/1119_ToTemplate_009_Warped.nii.gz,/tmp/1979011.1.basic.q/1119_ToTemplate_009_InverseWarped.nii.gz] --interpolation Linear --use-histogram-matching 0 --winsorize-image-intensities [0.005,0.995] --initial-moving-transform [data/template/T_template0_BrainCerebellum.nii.gz,data/Brains/1119_3.nii.gz,1] --transform Rigid[0.1] --metric MI[data/template/T_template0_BrainCerebellum.nii.gz,data/Brains/1119_3.nii.gz,1,32,Regular,0.25] --convergence [1000x500x250x0,1e-6,10] --shrink-factors 12x8x4x2 --smoothing-sigmas 4x3x2x1vox --transform Affine[0.1] --metric MI[data/template/T_template0_BrainCerebellum.nii.gz,data/Brains/1119_3.nii.gz,1,32,Regular,0.25] --convergence [1000x500x250x0,1e-6,10] --shrink-factors 12x8x4x2 --smoothing-sigmas 4x3x2x1vox --transform SyN[0.1,3,0] --metric MI[data/template/T_template0_BrainCerebellum.nii.gz,data/Brains/1119_3.nii.gz,1,32] --convergence [100x100x70x50x0,1e-6,10] --shrink-factors 10x6x4x2x1 --smoothing-sigmas 5x3x2x1x0vox
--------------------------------------------------------------------------------------
All_Command_lines_OK
Using single precision for computations.
=============================================================================
The composite transform comprises the following transforms (in order): 
  1. Center of mass alignment using fixed image: data/template/T_template0_BrainCerebellum.nii.gz and moving image: data/Brains/1119_3.nii.gz (type = Euler3DTransform)
=============================================================================
  number of levels = 4
  number of levels = 4
  number of levels = 5
  fixed image: data/template/T_template0_BrainCerebellum.nii.gz
  moving image: data/Brains/1119_3.nii.gz
  fixed image: data/template/T_template0_BrainCerebellum.nii.gz
  moving image: data/Brains/1119_3.nii.gz
  fixed image: data/template/T_template0_BrainCerebellum.nii.gz
  moving image: data/Brains/1119_3.nii.gz
Dimension = 3
Number of stages = 3
Use Histogram Matching false
Winsorize image intensities true
Lower quantile = 0.005
Upper quantile = 0.995
Stage 1 State
   Image metric = Mattes
     Fixed image = Image (0x37ee440)
  RTTI typeinfo:   itk::Image<float, 3u>
  Reference Count: 2
  Modified Time: 1611
  Debug: Off
  Object Name: 
  Observers: 
    none
  Source: (none)
  Source output name: (none)
  Release Data: Off
  Data Released: False
  Global Release Data: Off
  PipelineMTime: 0
  UpdateMTime: 1422
  RealTimeStamp: 0 seconds 
  LargestPossibleRegion: 
    Dimension: 3
    Index: [0, 0, 0]
    Size: [216, 256, 291]
  BufferedRegion: 
    Dimension: 3
    Index: [0, 0, 0]
    Size: [216, 256, 291]
  RequestedRegion: 
    Dimension: 3
    Index: [0, 0, 0]
    Size: [216, 256, 291]
  Spacing: [1, 1, 1]
  Origin: [0, 293, 0]
  Direction: 
1 0 0
0 -0 -1
0 -1 -0

  IndexToPointMatrix: 
1 0 0
0 0 -1
0 -1 0

  PointToIndexMatrix: 
1 0 0
0 0 -1
0 -1 0

  Inverse Direction: 
1 0 0
0 0 -1
0 -1 0

  PixelContainer: 
    ImportImageContainer (0x37d4120)
      RTTI typeinfo:   itk::ImportImageContainer<unsigned long, float>
      Reference Count: 1
      Modified Time: 1419
      Debug: Off
      Object Name: 
      Observers: 
        none
      Pointer: 0x7f562f407010
      Container manages memory: true
      Size: 16091136
      Capacity: 16091136

     Moving image = Image (0x37eee80)
  RTTI typeinfo:   itk::Image<float, 3u>
  Reference Count: 2
  Modified Time: 1612
  Debug: Off
  Object Name: 
  Observers: 
    none
  Source: (none)
  Source output name: (none)
  Release Data: Off
  Data Released: False
  Global Release Data: Off
  PipelineMTime: 0
  UpdateMTime: 1609
  RealTimeStamp: 0 seconds 
  LargestPossibleRegion: 
    Dimension: 3
    Index: [0, 0, 0]
    Size: [256, 256, 290]
  BufferedRegion: 
    Dimension: 3
    Index: [0, 0, 0]
    Size: [256, 256, 290]
  RequestedRegion: 
    Dimension: 3
    Index: [0, 0, 0]
    Size: [256, 256, 290]
  Spacing: [1, 1, 1]
  Origin: [0, 289, 0]
  Direction: 
1 0 0
0 -0 -1
0 -1 -0

  IndexToPointMatrix: 
1 0 0
0 0 -1
0 -1 0

  PointToIndexMatrix: 
1 0 0
0 0 -1
0 -1 0

  Inverse Direction: 
1 0 0
0 0 -1
0 -1 0

  PixelContainer: 
    ImportImageContainer (0x37f12d0)
      RTTI typeinfo:   itk::ImportImageContainer<unsigned long, float>
      Reference Count: 1
      Modified Time: 1606
      Debug: Off
      Object Name: 
      Observers: 
        none
      Pointer: 0x7f562ab86010
      Container manages memory: true
      Size: 19005440
      Capacity: 19005440

     Weighting = 1
     Sampling strategy = regular
     Number of bins = 32
     Radius = 4
     Sampling percentage  = 0.25
   Transform = Rigid
     Gradient step = 0.1
     Update field sigma (voxel space) = 0
     Total field sigma (voxel space) = 0
     Update field time sigma = 0
     Total field time sigma  = 0
     Number of time indices = 0
     Number of time point samples = 0
Stage 2 State
   Image metric = Mattes
     Fixed image = Image (0x37f96e0)
  RTTI typeinfo:   itk::Image<float, 3u>
  Reference Count: 2
  Modified Time: 1987
  Debug: Off
  Object Name: 
  Observers: 
    none
  Source: (none)
  Source output name: (none)
  Release Data: Off
  Data Released: False
  Global Release Data: Off
  PipelineMTime: 0
  UpdateMTime: 1798
  RealTimeStamp: 0 seconds 
  LargestPossibleRegion: 
    Dimension: 3
    Index: [0, 0, 0]
    Size: [216, 256, 291]
  BufferedRegion: 
    Dimension: 3
    Index: [0, 0, 0]
    Size: [216, 256, 291]
  RequestedRegion: 
    Dimension: 3
    Index: [0, 0, 0]
    Size: [216, 256, 291]
  Spacing: [1, 1, 1]
  Origin: [0, 293, 0]
  Direction: 
1 0 0
0 -0 -1
0 -1 -0

  IndexToPointMatrix: 
1 0 0
0 0 -1
0 -1 0

  PointToIndexMatrix: 
1 0 0
0 0 -1
0 -1 0

  Inverse Direction: 
1 0 0
0 0 -1
0 -1 0

  PixelContainer: 
    ImportImageContainer (0x37f9f80)
      RTTI typeinfo:   itk::ImportImageContainer<unsigned long, float>
      Reference Count: 1
      Modified Time: 1795
      Debug: Off
      Object Name: 
      Observers: 
        none
      Pointer: 0x7f5626e23010
      Container manages memory: true
      Size: 16091136
      Capacity: 16091136

     Moving image = Image (0x37f9a70)
  RTTI typeinfo:   itk::Image<float, 3u>
  Reference Count: 2
  Modified Time: 1988
  Debug: Off
  Object Name: 
  Observers: 
    none
  Source: (none)
  Source output name: (none)
  Release Data: Off
  Data Released: False
  Global Release Data: Off
  PipelineMTime: 0
  UpdateMTime: 1985
  RealTimeStamp: 0 seconds 
  LargestPossibleRegion: 
    Dimension: 3
    Index: [0, 0, 0]
    Size: [256, 256, 290]
  BufferedRegion: 
    Dimension: 3
    Index: [0, 0, 0]
    Size: [256, 256, 290]
  RequestedRegion: 
    Dimension: 3
    Index: [0, 0, 0]
    Size: [256, 256, 290]
  Spacing: [1, 1, 1]
  Origin: [0, 289, 0]
  Direction: 
1 0 0
0 -0 -1
0 -1 -0

  IndexToPointMatrix: 
1 0 0
0 0 -1
0 -1 0

  PointToIndexMatrix: 
1 0 0
0 0 -1
0 -1 0

  Inverse Direction: 
1 0 0
0 0 -1
0 -1 0

  PixelContainer: 
    ImportImageContainer (0x37fa970)
      RTTI typeinfo:   itk::ImportImageContainer<unsigned long, float>
      Reference Count: 1
      Modified Time: 1982
      Debug: Off
      Object Name: 
      Observers: 
        none
      Pointer: 0x7f56225a2010
      Container manages memory: true
      Size: 19005440
      Capacity: 19005440

     Weighting = 1
     Sampling strategy = regular
     Number of bins = 32
     Radius = 4
     Sampling percentage  = 0.25
   Transform = Affine
     Gradient step = 0.1
     Update field sigma (voxel space) = 0
     Total field sigma (voxel space) = 0
     Update field time sigma = 0
     Total field time sigma  = 0
     Number of time indices = 0
     Number of time point samples = 0
Stage 3 State
   Image metric = Mattes
     Fixed image = Image (0x38007d0)
  RTTI typeinfo:   itk::Image<float, 3u>
  Reference Count: 2
  Modified Time: 2363
  Debug: Off
  Object Name: 
  Observers: 
    none
  Source: (none)
  Source output name: (none)
  Release Data: Off
  Data Released: False
  Global Release Data: Off
  PipelineMTime: 0
  UpdateMTime: 2174
  RealTimeStamp: 0 seconds 
  LargestPossibleRegion: 
    Dimension: 3
    Index: [0, 0, 0]
    Size: [216, 256, 291]
  BufferedRegion: 
    Dimension: 3
    Index: [0, 0, 0]
    Size: [216, 256, 291]
  RequestedRegion: 
    Dimension: 3
    Index: [0, 0, 0]
    Size: [216, 256, 291]
  Spacing: [1, 1, 1]
  Origin: [0, 293, 0]
  Direction: 
1 0 0
0 -0 -1
0 -1 -0

  IndexToPointMatrix: 
1 0 0
0 0 -1
0 -1 0

  PointToIndexMatrix: 
1 0 0
0 0 -1
0 -1 0

  Inverse Direction: 
1 0 0
0 0 -1
0 -1 0

  PixelContainer: 
    ImportImageContainer (0x3800a60)
      RTTI typeinfo:   itk::ImportImageContainer<unsigned long, float>
      Reference Count: 1
      Modified Time: 2171
      Debug: Off
      Object Name: 
      Observers: 
        none
      Pointer: 0x7f561e83f010
      Container manages memory: true
      Size: 16091136
      Capacity: 16091136

     Moving image = Image (0x38031d0)
  RTTI typeinfo:   itk::Image<float, 3u>
  Reference Count: 2
  Modified Time: 2364
  Debug: Off
  Object Name: 
  Observers: 
    none
  Source: (none)
  Source output name: (none)
  Release Data: Off
  Data Released: False
  Global Release Data: Off
  PipelineMTime: 0
  UpdateMTime: 2361
  RealTimeStamp: 0 seconds 
  LargestPossibleRegion: 
    Dimension: 3
    Index: [0, 0, 0]
    Size: [256, 256, 290]
  BufferedRegion: 
    Dimension: 3
    Index: [0, 0, 0]
    Size: [256, 256, 290]
  RequestedRegion: 
    Dimension: 3
    Index: [0, 0, 0]
    Size: [256, 256, 290]
  Spacing: [1, 1, 1]
  Origin: [0, 289, 0]
  Direction: 
1 0 0
0 -0 -1
0 -1 -0

  IndexToPointMatrix: 
1 0 0
0 0 -1
0 -1 0

  PointToIndexMatrix: 
1 0 0
0 0 -1
0 -1 0

  Inverse Direction: 
1 0 0
0 0 -1
0 -1 0

  PixelContainer: 
    ImportImageContainer (0x3800ac0)
      RTTI typeinfo:   itk::ImportImageContainer<unsigned long, float>
      Reference Count: 1
      Modified Time: 2358
      Debug: Off
      Object Name: 
      Observers: 
        none
      Pointer: 0x7f5619fbe010
      Container manages memory: true
      Size: 19005440
      Capacity: 19005440

     Weighting = 1
     Sampling strategy = none
     Number of bins = 32
     Radius = 4
     Sampling percentage  = 1
   Transform = SyN
     Gradient step = 0.1
     Update field sigma (voxel space) = 3
     Total field sigma (voxel space) = 0
     Update field time sigma = 0
     Total field time sigma  = 0
     Number of time indices = 0
     Number of time point samples = 0
Registration using 3 total stages.

Stage 0
  iterations = 1000x500x250x0
  convergence threshold = 1e-06
  convergence window size = 10
  number of levels = 4
  using the Mattes MI metric (number of bins = 32, weight = 1)
  preprocessing:  winsorizing the image intensities
  Shrink factors (level 1 out of 4): [12, 12, 12]
  Shrink factors (level 2 out of 4): [8, 8, 8]
  Shrink factors (level 3 out of 4): [4, 4, 4]
  Shrink factors (level 4 out of 4): [2, 2, 2]
  smoothing sigmas per level: [4, 3, 2, 1]
  regular sampling (percentage = 0.25)

*** Running Euler3DTransform registration ***

DIAGNOSTIC,Iteration,metricValue,convergenceValue,ITERATION_TIME_INDEX,SINCE_LAST
 2DIAGNOSTIC,     1, -4.065226614475e-01, inf, 1.8592e+01, 1.8592e+01, 
 2DIAGNOSTIC,     2, -4.076872766018e-01, inf, 1.8606e+01, 1.4028e-02, 
 2DIAGNOSTIC,     3, -4.085372686386e-01, inf, 1.8618e+01, 1.2176e-02, 
 2DIAGNOSTIC,     4, -4.090230464935e-01, inf, 1.8632e+01, 1.3892e-02, 
 2DIAGNOSTIC,     5, -4.091294109821e-01, inf, 1.8645e+01, 1.2177e-02, 
 2DIAGNOSTIC,     6, -4.089534878731e-01, inf, 1.8658e+01, 1.3949e-02, 
 2DIAGNOSTIC,     7, -4.088698327541e-01, inf, 1.8672e+01, 1.3946e-02, 
 2DIAGNOSTIC,     8, -4.088986814022e-01, inf, 1.8685e+01, 1.2183e-02, 
 2DIAGNOSTIC,     9, -4.087940752506e-01, inf, 1.8697e+01, 1.2216e-02, 
 2DIAGNOSTIC,    10, -4.089725613594e-01, 2.515350061003e-04, 1.8712e+01, 1.4723e-02, 
 2DIAGNOSTIC,    11, -4.090031385422e-01, 9.229666466126e-05, 1.8728e+01, 1.6618e-02, 
 2DIAGNOSTIC,    12, -4.091257154942e-01, 2.533096630941e-05, 1.8766e+01, 3.8140e-02, 
 2DIAGNOSTIC,    13, -4.091258049011e-01, 1.127819723479e-05, 1.8780e+01, 1.3558e-02, 
 2DIAGNOSTIC,    14, -4.091262221336e-01, 2.240551293653e-05, 1.8793e+01, 1.2894e-02, 
 2DIAGNOSTIC,    15, -4.091261327267e-01, 3.531104084686e-05, 1.8804e+01, 1.1186e-02, 
 2DIAGNOSTIC,    16, -4.091267287731e-01, 3.591341373976e-05, 1.8815e+01, 1.1163e-02, 
 2DIAGNOSTIC,    17, -4.091272950172e-01, 2.986768231494e-05, 1.8828e+01, 1.2748e-02, 
 2DIAGNOSTIC,    18, -4.091286659241e-01, 2.327533184143e-05, 1.8839e+01, 1.1168e-02, 
 2DIAGNOSTIC,    19, -4.091310203075e-01, 1.154141500592e-05, 1.8850e+01, 1.1171e-02, 
 2DIAGNOSTIC,    20, -4.091346263885e-01, 6.413816208806e-06, 1.8862e+01, 1.1631e-02, 
 2DIAGNOSTIC,    21, -4.091404378414e-01, 2.412024286969e-06, 1.8873e+01, 1.1487e-02, 
 2DIAGNOSTIC,    22, -4.091495573521e-01, 2.848655412890e-06, 1.8886e+01, 1.2891e-02, 
 2DIAGNOSTIC,    23, -4.091567993164e-01, 3.332584356031e-06, 1.8897e+01, 1.1243e-02, 
DIAGNOSTIC,Iteration,metricValue,convergenceValue,ITERATION_TIME_INDEX,SINCE_LAST
 2DIAGNOSTIC,     1, -3.578452467918e-01, inf, 3.3084e+01, 1.4187e+01, 
 2DIAGNOSTIC,     2, -3.581301569939e-01, inf, 3.3150e+01, 6.5974e-02, 
 2DIAGNOSTIC,     3, -3.581838905811e-01, inf, 3.3216e+01, 6.5731e-02, 
 2DIAGNOSTIC,     4, -3.581999242306e-01, inf, 3.3271e+01, 5.5264e-02, 
 2DIAGNOSTIC,     5, -3.583506345749e-01, inf, 3.3328e+01, 5.7261e-02, 
 2DIAGNOSTIC,     6, -3.585427701473e-01, inf, 3.3387e+01, 5.8575e-02, 
 2DIAGNOSTIC,     7, -3.588718473911e-01, inf, 3.3446e+01, 5.8720e-02, 
 2DIAGNOSTIC,     8, -3.591989576817e-01, inf, 3.3516e+01, 6.9965e-02, 
 2DIAGNOSTIC,     9, -3.594797551632e-01, inf, 3.3597e+01, 8.1155e-02, 
 2DIAGNOSTIC,    10, -3.605572879314e-01, 3.952765546273e-04, 3.3663e+01, 6.6385e-02, 
 2DIAGNOSTIC,    11, -3.606609106064e-01, 4.314423422329e-04, 3.3782e+01, 1.1866e-01, 
 2DIAGNOSTIC,    12, -3.606452047825e-01, 4.414441937115e-04, 3.3837e+01, 5.5410e-02, 
 2DIAGNOSTIC,    13, -3.611249923706e-01, 4.436938907020e-04, 3.3903e+01, 6.6274e-02, 
 2DIAGNOSTIC,    14, -3.612415790558e-01, 4.119744698983e-04, 3.3970e+01, 6.6330e-02, 
 2DIAGNOSTIC,    15, -3.613271713257e-01, 3.588457184378e-04, 3.4025e+01, 5.5656e-02, 
 2DIAGNOSTIC,    16, -3.614457845688e-01, 2.950383932330e-04, 3.4085e+01, 5.9160e-02, 
 2DIAGNOSTIC,    17, -3.619475662708e-01, 2.508242323529e-04, 3.4167e+01, 8.2151e-02, 
 2DIAGNOSTIC,    18, -3.619630634785e-01, 2.030062169069e-04, 3.4272e+01, 1.0509e-01, 
 2DIAGNOSTIC,    19, -3.620035350323e-01, 1.538565265946e-04, 3.4329e+01, 5.7555e-02, 
 2DIAGNOSTIC,    20, -3.621073365211e-01, 1.425061491318e-04, 3.4385e+01, 5.5807e-02, 
 2DIAGNOSTIC,    21, -3.621468544006e-01, 1.245609309990e-04, 3.4441e+01, 5.6193e-02, 
 2DIAGNOSTIC,    22, -3.621862530708e-01, 9.693293395685e-05, 3.4507e+01, 6.5235e-02, 
 2DIAGNOSTIC,    23, -3.622205257416e-01, 8.035910286708e-05, 3.4562e+01, 5.5335e-02, 
 2DIAGNOSTIC,    24, -3.622706532478e-01, 6.345174915623e-05, 3.4617e+01, 5.5163e-02, 
 2DIAGNOSTIC,    25, -3.623045086861e-01, 4.585280476022e-05, 3.4672e+01, 5.5205e-02, 
 2DIAGNOSTIC,    26, -3.623989522457e-01, 3.143964204355e-05, 3.4738e+01, 6.5275e-02, 
 2DIAGNOSTIC,    27, -3.624389767647e-01, 3.104755887762e-05, 3.4852e+01, 1.1447e-01, 
 2DIAGNOSTIC,    28, -3.624512255192e-01, 2.865827082132e-05, 3.4910e+01, 5.8050e-02, 
 2DIAGNOSTIC,    29, -3.624439835548e-01, 2.470386971254e-05, 3.4966e+01, 5.5708e-02, 
 2DIAGNOSTIC,    30, -3.624205887318e-01, 2.088860856020e-05, 3.5021e+01, 5.5410e-02, 
 2DIAGNOSTIC,    31, -3.624699115753e-01, 1.767598951119e-05, 3.5087e+01, 6.5748e-02, 
 2DIAGNOSTIC,    32, -3.624772429466e-01, 1.417104067514e-05, 3.5152e+01, 6.5407e-02, 
 2DIAGNOSTIC,    33, -3.624927103519e-01, 1.082116796169e-05, 3.5228e+01, 7.5608e-02, 
 2DIAGNOSTIC,    34, -3.624593019485e-01, 7.154187187552e-06, 3.5283e+01, 5.5166e-02, 
 2DIAGNOSTIC,    35, -3.624349832535e-01, 3.309685325803e-06, 3.5338e+01, 5.4408e-02, 
 2DIAGNOSTIC,    36, -3.625113666058e-01, 3.156818820571e-06, 3.5403e+01, 6.5304e-02, 
 2DIAGNOSTIC,    37, -3.624895811081e-01, 3.094670319115e-06, 3.5510e+01, 1.0695e-01, 
 2DIAGNOSTIC,    38, -3.624926507473e-01, 3.175969141012e-06, 3.5578e+01, 6.8453e-02, 
 2DIAGNOSTIC,    39, -3.624930381775e-01, 2.950235511889e-06, 3.5647e+01, 6.8805e-02, 
 2DIAGNOSTIC,    40, -3.624951839447e-01, 2.091880560329e-06, 3.5705e+01, 5.7974e-02, 
 2DIAGNOSTIC,    41, -3.624990582466e-01, 2.140354354196e-06, 3.5763e+01, 5.7671e-02, 
 2DIAGNOSTIC,    42, -3.625061213970e-01, 2.302597749804e-06, 3.5820e+01, 5.6916e-02, 
 2DIAGNOSTIC,    43, -3.625170886517e-01, 2.826697482305e-06, 3.5875e+01, 5.5022e-02, 
 2DIAGNOSTIC,    44, -3.625285327435e-01, 2.754182332865e-06, 3.5971e+01, 9.5922e-02, 
 2DIAGNOSTIC,    45, -3.625352680683e-01, 2.139250455002e-06, 3.6026e+01, 5.5074e-02, 
 2DIAGNOSTIC,    46, -3.625082671642e-01, 2.270362983836e-06, 3.6081e+01, 5.5150e-02, 
 2DIAGNOSTIC,    47, -3.625173568726e-01, 2.046186637017e-06, 3.6168e+01, 8.6736e-02, 
 2DIAGNOSTIC,    48, -3.624901473522e-01, 1.294331013924e-06, 3.6223e+01, 5.5733e-02, 
DIAGNOSTIC,Iteration,metricValue,convergenceValue,ITERATION_TIME_INDEX,SINCE_LAST
 2DIAGNOSTIC,     1, -3.016328215599e-01, inf, 4.5301e+01, 9.0777e+00, 
 2DIAGNOSTIC,     2, -3.019891977310e-01, inf, 4.5754e+01, 4.5305e-01, 
 2DIAGNOSTIC,     3, -3.023431003094e-01, inf, 4.6211e+01, 4.5714e-01, 
 2DIAGNOSTIC,     4, -3.026456832886e-01, inf, 4.6665e+01, 4.5426e-01, 
 2DIAGNOSTIC,     5, -3.028406500816e-01, inf, 4.7103e+01, 4.3760e-01, 
 2DIAGNOSTIC,     6, -3.035169541836e-01, inf, 4.7724e+01, 6.2114e-01, 
 2DIAGNOSTIC,     7, -3.037651181221e-01, inf, 4.8517e+01, 7.9324e-01, 
 2DIAGNOSTIC,     8, -3.039377331734e-01, inf, 4.8962e+01, 4.4422e-01, 
 2DIAGNOSTIC,     9, -3.043971657753e-01, inf, 4.9406e+01, 4.4406e-01, 
 2DIAGNOSTIC,    10, -3.050284981728e-01, 6.830521160737e-04, 4.9936e+01, 5.3046e-01, 
 2DIAGNOSTIC,    11, -3.051704168320e-01, 6.254365434870e-04, 5.0377e+01, 4.4044e-01, 
 2DIAGNOSTIC,    12, -3.052473068237e-01, 5.555045790970e-04, 5.0824e+01, 4.4687e-01, 
 2DIAGNOSTIC,    13, -3.054300546646e-01, 4.857469466515e-04, 5.1270e+01, 4.4647e-01, 
 2DIAGNOSTIC,    14, -3.056330382824e-01, 4.154799389653e-04, 5.1714e+01, 4.4442e-01, 
 2DIAGNOSTIC,    15, -3.058613538742e-01, 3.414967795834e-04, 5.2248e+01, 5.3330e-01, 
 2DIAGNOSTIC,    16, -3.062782883644e-01, 3.093258710578e-04, 5.3039e+01, 7.9175e-01, 
 2DIAGNOSTIC,    17, -3.065927326679e-01, 2.837201463990e-04, 5.3483e+01, 4.4401e-01, 
 2DIAGNOSTIC,    18, -3.066841959953e-01, 2.482531999703e-04, 5.4014e+01, 5.3050e-01, 
 2DIAGNOSTIC,    19, -3.068813383579e-01, 2.253636193927e-04, 5.4724e+01, 7.0974e-01, 
 2DIAGNOSTIC,    20, -3.069016337395e-01, 2.141301083611e-04, 5.5162e+01, 4.3802e-01, 
 2DIAGNOSTIC,    21, -3.069553077221e-01, 1.927568373503e-04, 5.5607e+01, 4.4522e-01, 
 2DIAGNOSTIC,    22, -3.070274889469e-01, 1.616212684894e-04, 5.6058e+01, 4.5152e-01, 
 2DIAGNOSTIC,    23, -3.071784079075e-01, 1.317151036346e-04, 5.6509e+01, 4.5014e-01, 
 2DIAGNOSTIC,    24, -3.073726892471e-01, 1.074196334230e-04, 5.7046e+01, 5.3713e-01, 
 2DIAGNOSTIC,    25, -3.075668215752e-01, 9.046724881046e-05, 5.7847e+01, 8.0158e-01, 
 2DIAGNOSTIC,    26, -3.076964020729e-01, 8.577258267906e-05, 5.8388e+01, 5.4030e-01, 
 2DIAGNOSTIC,    27, -3.077064454556e-01, 8.465028076898e-05, 5.8842e+01, 4.5454e-01, 
 2DIAGNOSTIC,    28, -3.077606558800e-01, 8.045798313105e-05, 5.9291e+01, 4.4841e-01, 
 2DIAGNOSTIC,    29, -3.078282177448e-01, 7.747402560199e-05, 5.9736e+01, 4.4511e-01, 
 2DIAGNOSTIC,    30, -3.079095780849e-01, 7.050365820760e-05, 6.0183e+01, 4.4742e-01, 
 2DIAGNOSTIC,    31, -3.080639243126e-01, 6.363326974679e-05, 6.1160e+01, 9.7711e-01, 
 2DIAGNOSTIC,    32, -3.080735206604e-01, 5.358214548323e-05, 6.1960e+01, 7.9931e-01, 
 2DIAGNOSTIC,    33, -3.080747127533e-01, 4.345873821876e-05, 6.2493e+01, 5.3356e-01, 
 2DIAGNOSTIC,    34, -3.080723285675e-01, 3.506728171487e-05, 6.3029e+01, 5.3602e-01, 
 2DIAGNOSTIC,    35, -3.080632686615e-01, 2.870468779292e-05, 6.3564e+01, 5.3512e-01, 
 2DIAGNOSTIC,    36, -3.080680072308e-01, 2.348938323848e-05, 6.4092e+01, 5.2793e-01, 
 2DIAGNOSTIC,    37, -3.080686330795e-01, 1.666400930844e-05, 6.4534e+01, 4.4167e-01, 
 2DIAGNOSTIC,    38, -3.080661594868e-01, 9.994150786952e-06, 6.5061e+01, 5.2763e-01, 
 2DIAGNOSTIC,    39, -3.080673813820e-01, 4.431448815012e-06, 6.5502e+01, 4.4010e-01, 
DIAGNOSTIC,Iteration,metricValue,convergenceValue,ITERATION_TIME_INDEX,SINCE_LAST
 2DIAGNOSTIC,     1, -2.671538293362e-01, inf, 7.4233e+01, 8.7314e+00, 
  Elapsed time (stage 0): 7.6027e+01


Stage 1
  iterations = 1000x500x250x0
  convergence threshold = 1.0000e-06
  convergence window size = 10
  number of levels = 4
  using the Mattes MI metric (number of bins = 32, weight = 1.0000e+00)
  preprocessing:  winsorizing the image intensities
  Shrink factors (level 1 out of 4): [12, 12, 12]
  Shrink factors (level 2 out of 4): [8, 8, 8]
  Shrink factors (level 3 out of 4): [4, 4, 4]
  Shrink factors (level 4 out of 4): [2, 2, 2]
  smoothing sigmas per level: [4, 3, 2, 1]
  regular sampling (percentage = 2.5000e-01)

*** Running AffineTransform registration ***

DIAGNOSTIC,Iteration,metricValue,convergenceValue,ITERATION_TIME_INDEX,SINCE_LAST
 2DIAGNOSTIC,     1, -4.167357981205e-01, inf, 1.8598e+01, 1.8598e+01, 
 2DIAGNOSTIC,     2, -4.169683456421e-01, inf, 1.8615e+01, 1.6550e-02, 
 2DIAGNOSTIC,     3, -4.171997308731e-01, inf, 1.8633e+01, 1.8257e-02, 
 2DIAGNOSTIC,     4, -4.177039563656e-01, inf, 1.8650e+01, 1.6324e-02, 
 2DIAGNOSTIC,     5, -4.180937111378e-01, inf, 1.8666e+01, 1.6123e-02, 
 2DIAGNOSTIC,     6, -4.190385043621e-01, inf, 1.8682e+01, 1.6276e-02, 
 2DIAGNOSTIC,     7, -4.212957620621e-01, inf, 1.8698e+01, 1.6393e-02, 
 2DIAGNOSTIC,     8, -4.250932633877e-01, inf, 1.8715e+01, 1.6621e-02, 
 2DIAGNOSTIC,     9, -4.304341077805e-01, inf, 1.8743e+01, 2.7654e-02, 
 2DIAGNOSTIC,    10, -4.343218505383e-01, 2.478340175003e-03, 1.8759e+01, 1.6817e-02, 
 2DIAGNOSTIC,    11, -4.359585046768e-01, 2.844894304872e-03, 1.8777e+01, 1.7096e-02, 
 2DIAGNOSTIC,    12, -4.395163357258e-01, 3.106049727648e-03, 1.8796e+01, 1.9863e-02, 
 2DIAGNOSTIC,    13, -4.462803006172e-01, 3.396074753255e-03, 1.8816e+01, 1.9248e-02, 
 2DIAGNOSTIC,    14, -4.583794474602e-01, 3.916446119547e-03, 1.8839e+01, 2.3104e-02, 
 2DIAGNOSTIC,    15, -4.602813422680e-01, 4.096527583897e-03, 1.8854e+01, 1.5695e-02, 
 2DIAGNOSTIC,    16, -4.628853201866e-01, 4.031884949654e-03, 1.8872e+01, 1.7411e-02, 
 2DIAGNOSTIC,    17, -4.695646464825e-01, 3.949122037739e-03, 1.8887e+01, 1.5431e-02, 
 2DIAGNOSTIC,    18, -4.728074967861e-01, 3.752480959520e-03, 1.8908e+01, 2.0981e-02, 
 2DIAGNOSTIC,    19, -4.738237857819e-01, 3.440239932388e-03, 1.8923e+01, 1.5181e-02, 
 2DIAGNOSTIC,    20, -4.742682874203e-01, 2.987388055772e-03, 1.8948e+01, 2.4115e-02, 
 2DIAGNOSTIC,    21, -4.743562936783e-01, 2.361124847084e-03, 1.8963e+01, 1.5309e-02, 
 2DIAGNOSTIC,    22, -4.751254618168e-01, 1.698185107671e-03, 1.8978e+01, 1.5217e-02, 
 2DIAGNOSTIC,    23, -4.757530689240e-01, 1.133195473813e-03, 1.8993e+01, 1.5123e-02, 
 2DIAGNOSTIC,    24, -4.759831130505e-01, 8.409825968556e-04, 1.9010e+01, 1.6779e-02, 
 2DIAGNOSTIC,    25, -4.760813415051e-01, 5.473501514643e-04, 1.9025e+01, 1.5136e-02, 
 2DIAGNOSTIC,    26, -4.760853052139e-01, 2.867964503821e-04, 1.9040e+01, 1.5085e-02, 
 2DIAGNOSTIC,    27, -4.763464927673e-01, 1.803519262467e-04, 1.9055e+01, 1.5229e-02, 
 2DIAGNOSTIC,    28, -4.767218232155e-01, 1.456298487028e-04, 1.9071e+01, 1.5129e-02, 
 2DIAGNOSTIC,    29, -4.772382378578e-01, 1.327976642642e-04, 1.9091e+01, 2.0826e-02, 
 2DIAGNOSTIC,    30, -4.773532450199e-01, 1.203374631586e-04, 1.9114e+01, 2.2555e-02, 
 2DIAGNOSTIC,    31, -4.773903191090e-01, 9.992587001761e-05, 1.9129e+01, 1.5416e-02, 
 2DIAGNOSTIC,    32, -4.775484502316e-01, 8.943687134888e-05, 1.9145e+01, 1.5319e-02, 
 2DIAGNOSTIC,    33, -4.787161648273e-01, 1.049243655871e-04, 1.9162e+01, 1.6874e-02, 
 2DIAGNOSTIC,    34, -4.792682826519e-01, 1.232229260495e-04, 1.9177e+01, 1.5144e-02, 
 2DIAGNOSTIC,    35, -4.794337749481e-01, 1.336250279564e-04, 1.9194e+01, 1.6904e-02, 
 2DIAGNOSTIC,    36, -4.797765612602e-01, 1.372396945953e-04, 1.9209e+01, 1.5287e-02, 
 2DIAGNOSTIC,    37, -4.807427823544e-01, 1.481518702349e-04, 1.9224e+01, 1.5291e-02, 
 2DIAGNOSTIC,    38, -4.823659956455e-01, 1.761580788298e-04, 1.9245e+01, 2.0793e-02, 
 2DIAGNOSTIC,    39, -4.828857183456e-01, 2.017306542257e-04, 1.9260e+01, 1.5272e-02, 
 2DIAGNOSTIC,    40, -4.830262362957e-01, 2.113064547302e-04, 1.9277e+01, 1.7110e-02, 
 2DIAGNOSTIC,    41, -4.835033714771e-01, 2.086375170620e-04, 1.9294e+01, 1.6937e-02, 
 2DIAGNOSTIC,    42, -4.837048053741e-01, 1.908098201966e-04, 1.9309e+01, 1.5192e-02, 
 2DIAGNOSTIC,    43, -4.838167726994e-01, 1.735066325637e-04, 1.9326e+01, 1.6887e-02, 
 2DIAGNOSTIC,    44, -4.840728640556e-01, 1.519382058177e-04, 1.9343e+01, 1.6937e-02, 
 2DIAGNOSTIC,    45, -4.841780066490e-01, 1.208956091432e-04, 1.9360e+01, 1.7052e-02, 
 2DIAGNOSTIC,    46, -4.848787784576e-01, 9.362202399643e-05, 1.9381e+01, 2.0424e-02, 
 2DIAGNOSTIC,    47, -4.851619303226e-01, 7.423495844705e-05, 1.9396e+01, 1.4832e-02, 
 2DIAGNOSTIC,    48, -4.851903617382e-01, 6.966881483095e-05, 1.9411e+01, 1.4966e-02, 
 2DIAGNOSTIC,    49, -4.854925572872e-01, 6.914325786056e-05, 1.9427e+01, 1.6634e-02, 
 2DIAGNOSTIC,    50, -4.854485690594e-01, 6.303827103693e-05, 1.9442e+01, 1.4876e-02, 
 2DIAGNOSTIC,    51, -4.854719936848e-01, 5.711097401218e-05, 1.9459e+01, 1.6468e-02, 
 2DIAGNOSTIC,    52, -4.853695929050e-01, 4.714781971416e-05, 1.9473e+01, 1.4910e-02, 
 2DIAGNOSTIC,    53, -4.854522943497e-01, 3.541837577359e-05, 1.9488e+01, 1.4650e-02, 
 2DIAGNOSTIC,    54, -4.855490326881e-01, 2.480976399966e-05, 1.9505e+01, 1.6456e-02, 
 2DIAGNOSTIC,    55, -4.855756163597e-01, 1.351749597234e-05, 1.9523e+01, 1.8252e-02, 
 2DIAGNOSTIC,    56, -4.856032133102e-01, 9.316739124188e-06, 1.9539e+01, 1.6344e-02, 
 2DIAGNOSTIC,    57, -4.854664206505e-01, 6.042759196134e-06, 1.9554e+01, 1.4555e-02, 
DIAGNOSTIC,Iteration,metricValue,convergenceValue,ITERATION_TIME_INDEX,SINCE_LAST
 2DIAGNOSTIC,     1, -4.072379469872e-01, inf, 3.3630e+01, 1.4076e+01, 
 2DIAGNOSTIC,     2, -4.078584611416e-01, inf, 3.3700e+01, 7.0233e-02, 
 2DIAGNOSTIC,     3, -4.086263477802e-01, inf, 3.3771e+01, 7.0985e-02, 
 2DIAGNOSTIC,     4, -4.099155366421e-01, inf, 3.3842e+01, 7.1017e-02, 
 2DIAGNOSTIC,     5, -4.113202691078e-01, inf, 3.3913e+01, 7.0924e-02, 
 2DIAGNOSTIC,     6, -4.125883579254e-01, inf, 3.4002e+01, 8.9306e-02, 
 2DIAGNOSTIC,     7, -4.132560789585e-01, inf, 3.4070e+01, 6.7562e-02, 
 2DIAGNOSTIC,     8, -4.141771495342e-01, inf, 3.4147e+01, 7.7657e-02, 
 2DIAGNOSTIC,     9, -4.148597419262e-01, inf, 3.4226e+01, 7.8465e-02, 
 2DIAGNOSTIC,    10, -4.149304628372e-01, 1.348353805952e-03, 3.4305e+01, 7.8836e-02, 
 2DIAGNOSTIC,    11, -4.152079224586e-01, 1.117925159633e-03, 3.4375e+01, 7.0872e-02, 
 2DIAGNOSTIC,    12, -4.155104160309e-01, 8.793321903795e-04, 3.4459e+01, 8.3348e-02, 
 2DIAGNOSTIC,    13, -4.157557189465e-01, 6.510238163173e-04, 3.4554e+01, 9.5027e-02, 
 2DIAGNOSTIC,    14, -4.159177243710e-01, 4.666971799452e-04, 3.4625e+01, 7.1115e-02, 
 2DIAGNOSTIC,    15, -4.160525202751e-01, 3.347158199176e-04, 3.4694e+01, 6.8641e-02, 
 2DIAGNOSTIC,    16, -4.161967933178e-01, 2.495570224710e-04, 3.4792e+01, 9.8905e-02, 
 2DIAGNOSTIC,    17, -4.162486493587e-01, 1.798463054001e-04, 3.4860e+01, 6.7928e-02, 
 2DIAGNOSTIC,    18, -4.163466095924e-01, 1.397420710418e-04, 3.4940e+01, 7.9286e-02, 
 2DIAGNOSTIC,    19, -4.164873063564e-01, 1.209625988849e-04, 3.5018e+01, 7.8257e-02, 
 2DIAGNOSTIC,    20, -4.165508747101e-01, 9.740809764480e-05, 3.5113e+01, 9.4899e-02, 
 2DIAGNOSTIC,    21, -4.165751934052e-01, 7.690188067500e-05, 3.5185e+01, 7.1947e-02, 
 2DIAGNOSTIC,    22, -4.165617525578e-01, 6.018326894264e-05, 3.5267e+01, 8.2475e-02, 
 2DIAGNOSTIC,    23, -4.165754318237e-01, 4.712171721621e-05, 3.5338e+01, 7.0552e-02, 
 2DIAGNOSTIC,    24, -4.165539145470e-01, 3.475929406704e-05, 3.5406e+01, 6.8523e-02, 
 2DIAGNOSTIC,    25, -4.165775775909e-01, 2.451738691889e-05, 3.5484e+01, 7.7744e-02, 
 2DIAGNOSTIC,    26, -4.165877401829e-01, 1.697386869637e-05, 3.5552e+01, 6.8049e-02, 
 2DIAGNOSTIC,    27, -4.165637493134e-01, 9.208149094775e-06, 3.5631e+01, 7.9403e-02, 
 2DIAGNOSTIC,    28, -4.165717065334e-01, 3.792951929427e-06, 3.5710e+01, 7.8892e-02, 
 2DIAGNOSTIC,    29, -4.165820777416e-01, 2.028942844845e-06, 3.5828e+01, 1.1788e-01, 
 2DIAGNOSTIC,    30, -4.165873229504e-01, 1.831286681409e-06, 3.5912e+01, 8.3812e-02, 
 2DIAGNOSTIC,    31, -4.165473580360e-01, 1.231076680597e-06, 3.5991e+01, 7.9435e-02, 
DIAGNOSTIC,Iteration,metricValue,convergenceValue,ITERATION_TIME_INDEX,SINCE_LAST
 2DIAGNOSTIC,     1, -3.453271389008e-01, inf, 4.5365e+01, 9.3733e+00, 
 2DIAGNOSTIC,     2, -3.455061912537e-01, inf, 4.5920e+01, 5.5509e-01, 
 2DIAGNOSTIC,     3, -3.456092476845e-01, inf, 4.6476e+01, 5.5641e-01, 
 2DIAGNOSTIC,     4, -3.457265794277e-01, inf, 4.7031e+01, 5.5440e-01, 
 2DIAGNOSTIC,     5, -3.458539545536e-01, inf, 4.7579e+01, 5.4778e-01, 
 2DIAGNOSTIC,     6, -3.460614979267e-01, inf, 4.8128e+01, 5.4923e-01, 
 2DIAGNOSTIC,     7, -3.463256061077e-01, inf, 4.9309e+01, 1.1808e+00, 
 2DIAGNOSTIC,     8, -3.463583588600e-01, inf, 5.0040e+01, 7.3174e-01, 
 2DIAGNOSTIC,     9, -3.463576734066e-01, inf, 5.0669e+01, 6.2878e-01, 
 2DIAGNOSTIC,    10, -3.463581800461e-01, 2.179977891501e-04, 5.1302e+01, 6.3256e-01, 
 2DIAGNOSTIC,    11, -3.463543653488e-01, 1.690250210231e-04, 5.1934e+01, 6.3214e-01, 
 2DIAGNOSTIC,    12, -3.463530540466e-01, 1.251710200449e-04, 5.2472e+01, 5.3867e-01, 
 2DIAGNOSTIC,    13, -3.463453948498e-01, 8.303647337016e-05, 5.3099e+01, 6.2676e-01, 
 2DIAGNOSTIC,    14, -3.463449776173e-01, 4.665216692956e-05, 5.3634e+01, 5.3464e-01, 
 2DIAGNOSTIC,    15, -3.463464081287e-01, 1.799601886887e-05, 5.4259e+01, 6.2499e-01, 
 2DIAGNOSTIC,    16, -3.463462293148e-01, 1.737279262670e-06, 5.4884e+01, 6.2525e-01, 
DIAGNOSTIC,Iteration,metricValue,convergenceValue,ITERATION_TIME_INDEX,SINCE_LAST
 2DIAGNOSTIC,     1, -2.955495715141e-01, inf, 6.4606e+01, 9.7222e+00, 
  Elapsed time (stage 1): 6.6393e+01


Stage 2
  iterations = 100x100x70x50x0
  convergence threshold = 1.0000e-06
  convergence window size = 10
  number of levels = 5
  using the Mattes MI metric (number of bins = 32, weight = 1.0000e+00)
  preprocessing:  winsorizing the image intensities
  Shrink factors (level 1 out of 5): [10, 10, 10]
  Shrink factors (level 2 out of 5): [6, 6, 6]
  Shrink factors (level 3 out of 5): [4, 4, 4]
  Shrink factors (level 4 out of 5): [2, 2, 2]
  Shrink factors (level 5 out of 5): [1, 1, 1]
  smoothing sigmas per level: [5, 3, 2, 1, 0]
  Using default NONE metricSamplingStrategy 

*** Running SyN registration (varianceForUpdateField = 3.0000e+00, varianceForTotalField = 0.0000e+00) ***

XXDIAGNOSTIC,Iteration,metricValue,convergenceValue,ITERATION_TIME_INDEX,SINCE_LAST
 1DIAGNOSTIC,     1, -4.831810593605e-01, inf, 3.2918e+01, 3.2918e+01, 
 1DIAGNOSTIC,     2, -4.944926202297e-01, inf, 3.3073e+01, 1.5477e-01, 
 1DIAGNOSTIC,     3, -5.058774948120e-01, inf, 3.3225e+01, 1.5245e-01, 
 1DIAGNOSTIC,     4, -5.107400417328e-01, inf, 3.3371e+01, 1.4540e-01, 
 1DIAGNOSTIC,     5, -5.116777420044e-01, inf, 3.3516e+01, 1.4591e-01, 
 1DIAGNOSTIC,     6, -5.120257735252e-01, inf, 3.3666e+01, 1.4977e-01, 
 1DIAGNOSTIC,     7, -5.093020796776e-01, inf, 3.3812e+01, 1.4622e-01, 
 1DIAGNOSTIC,     8, -5.066393017769e-01, inf, 3.3960e+01, 1.4797e-01, 
 1DIAGNOSTIC,     9, -5.031721591949e-01, inf, 3.4111e+01, 1.5040e-01, 
 1DIAGNOSTIC,    10, -5.001463890076e-01, 1.383771304972e-03, 3.4262e+01, 1.5067e-01, 
 1DIAGNOSTIC,    11, -4.969406723976e-01, -5.452812183648e-04, 3.4412e+01, 1.5081e-01, 
XXDIAGNOSTIC,Iteration,metricValue,convergenceValue,ITERATION_TIME_INDEX,SINCE_LAST
 1DIAGNOSTIC,     1, -3.966011106968e-01, inf, 4.8770e+01, 1.4358e+01, 
 1DIAGNOSTIC,     2, -3.982120752335e-01, inf, 4.9358e+01, 5.8803e-01, 
 1DIAGNOSTIC,     3, -3.990650773048e-01, inf, 4.9943e+01, 5.8437e-01, 
 1DIAGNOSTIC,     4, -3.991228938103e-01, inf, 5.0528e+01, 5.8570e-01, 
 1DIAGNOSTIC,     5, -3.992081880569e-01, inf, 5.1119e+01, 5.9058e-01, 
 1DIAGNOSTIC,     6, -3.984363079071e-01, inf, 5.1709e+01, 5.8952e-01, 
 1DIAGNOSTIC,     7, -3.977738618851e-01, inf, 5.2292e+01, 5.8312e-01, 
 1DIAGNOSTIC,     8, -3.972937166691e-01, inf, 5.2883e+01, 5.9143e-01, 
 1DIAGNOSTIC,     9, -3.966993987560e-01, inf, 5.3477e+01, 5.9439e-01, 
 1DIAGNOSTIC,    10, -3.957219719887e-01, -2.969953347929e-04, 5.4077e+01, 5.9909e-01, 
XXDIAGNOSTIC,Iteration,metricValue,convergenceValue,ITERATION_TIME_INDEX,SINCE_LAST
 1DIAGNOSTIC,     1, -3.394190371037e-01, inf, 6.4364e+01, 1.0287e+01, 
 1DIAGNOSTIC,     2, -3.400087952614e-01, inf, 6.6171e+01, 1.8075e+00, 
 1DIAGNOSTIC,     3, -3.405817151070e-01, inf, 6.8038e+01, 1.8668e+00, 
 1DIAGNOSTIC,     4, -3.409337699413e-01, inf, 6.9854e+01, 1.8154e+00, 
 1DIAGNOSTIC,     5, -3.409224748611e-01, inf, 7.1731e+01, 1.8775e+00, 
 1DIAGNOSTIC,     6, -3.409408032894e-01, inf, 7.3531e+01, 1.8004e+00, 
 1DIAGNOSTIC,     7, -3.409517407417e-01, inf, 7.5388e+01, 1.8568e+00, 
 1DIAGNOSTIC,     8, -3.408347666264e-01, inf, 7.7208e+01, 1.8198e+00, 
 1DIAGNOSTIC,     9, -3.406959176064e-01, inf, 7.9074e+01, 1.8662e+00, 
 1DIAGNOSTIC,    10, -3.404753208160e-01, 1.572017208673e-04, 8.0956e+01, 1.8816e+00, 
 1DIAGNOSTIC,    11, -3.402299880981e-01, -3.016371692866e-06, 8.2765e+01, 1.8096e+00, 
XXDIAGNOSTIC,Iteration,metricValue,convergenceValue,ITERATION_TIME_INDEX,SINCE_LAST
 1DIAGNOSTIC,     1, -2.868911623955e-01, inf, 1.0271e+02, 1.9947e+01, 
 1DIAGNOSTIC,     2, -2.876437902451e-01, inf, 1.1619e+02, 1.3481e+01, 
 1DIAGNOSTIC,     3, -2.884896099567e-01, inf, 1.2962e+02, 1.3428e+01, 
 1DIAGNOSTIC,     4, -2.892252802849e-01, inf, 1.4313e+02, 1.3512e+01, 
 1DIAGNOSTIC,     5, -2.898230254650e-01, inf, 1.5613e+02, 1.3001e+01, 
 1DIAGNOSTIC,     6, -2.903307378292e-01, inf, 1.6913e+02, 1.2993e+01, 
 1DIAGNOSTIC,     7, -2.909365296364e-01, inf, 1.8212e+02, 1.2993e+01, 
 1DIAGNOSTIC,     8, -2.915519475937e-01, inf, 1.9559e+02, 1.3472e+01, 
 1DIAGNOSTIC,     9, -2.920991182327e-01, inf, 2.0861e+02, 1.3015e+01, 
 1DIAGNOSTIC,    10, -2.924960255623e-01, 1.231375616044e-03, 2.2207e+02, 1.3465e+01, 
 1DIAGNOSTIC,    11, -2.928867936134e-01, 1.041673705913e-03, 2.3561e+02, 1.3541e+01, 
 1DIAGNOSTIC,    12, -2.932886481285e-01, 8.833961328492e-04, 2.4956e+02, 1.3944e+01, 
 1DIAGNOSTIC,    13, -2.936308979988e-01, 7.579555385746e-04, 2.6368e+02, 1.4126e+01, 
 1DIAGNOSTIC,    14, -2.939296960831e-01, 6.532779079862e-04, 2.7777e+02, 1.4081e+01, 
 1DIAGNOSTIC,    15, -2.942096590996e-01, 5.600381991826e-04, 2.9179e+02, 1.4023e+01, 
 1DIAGNOSTIC,    16, -2.944368124008e-01, 4.716441617347e-04, 3.0581e+02, 1.4017e+01, 
 1DIAGNOSTIC,    17, -2.946210503578e-01, 3.951222752221e-04, 3.1985e+02, 1.4041e+01, 
 1DIAGNOSTIC,    18, -2.947994172573e-01, 3.332414198667e-04, 3.3383e+02, 1.3981e+01, 
 1DIAGNOSTIC,    19, -2.949646711349e-01, 2.833982289303e-04, 3.4776e+02, 1.3935e+01, 
 1DIAGNOSTIC,    20, -2.951258420944e-01, 2.392287278781e-04, 3.6177e+02, 1.4004e+01, 
 1DIAGNOSTIC,    21, -2.952631115913e-01, 2.012717304751e-04, 3.7580e+02, 1.4037e+01, 
 1DIAGNOSTIC,    22, -2.953768968582e-01, 1.706942130113e-04, 3.8988e+02, 1.4073e+01, 
 1DIAGNOSTIC,    23, -2.954393625259e-01, 1.438691979274e-04, 4.0381e+02, 1.3929e+01, 
 1DIAGNOSTIC,    24, -2.955811917782e-01, 1.235971867573e-04, 4.1782e+02, 1.4009e+01, 
 1DIAGNOSTIC,    25, -2.956811189651e-01, 1.079780195141e-04, 4.3182e+02, 1.4004e+01, 
 1DIAGNOSTIC,    26, -2.958417534828e-01, 9.786664304556e-05, 4.4583e+02, 1.4010e+01, 
 1DIAGNOSTIC,    27, -2.959132790565e-01, 8.844894909998e-05, 4.5979e+02, 1.3963e+01, 
 1DIAGNOSTIC,    28, -2.959991693497e-01, 8.059737592703e-05, 4.7391e+02, 1.4114e+01, 
 1DIAGNOSTIC,    29, -2.960858345032e-01, 7.410820398945e-05, 4.8781e+02, 1.3897e+01, 
 1DIAGNOSTIC,    30, -2.961592972279e-01, 6.858370034024e-05, 5.0184e+02, 1.4038e+01, 
 1DIAGNOSTIC,    31, -2.961803078651e-01, 6.187595135998e-05, 5.1584e+02, 1.4001e+01, 
 1DIAGNOSTIC,    32, -2.962089478970e-01, 5.417166175903e-05, 5.2976e+02, 1.3911e+01, 
 1DIAGNOSTIC,    33, -2.962300181389e-01, 4.429897671798e-05, 5.4362e+02, 1.3867e+01, 
 1DIAGNOSTIC,    34, -2.962448596954e-01, 3.531044785632e-05, 5.5758e+02, 1.3953e+01, 
 1DIAGNOSTIC,    35, -2.962646782398e-01, 2.678380224097e-05, 5.7143e+02, 1.3850e+01, 
 1DIAGNOSTIC,    36, -2.963384985924e-01, 2.256542393297e-05, 5.8536e+02, 1.3930e+01, 
 1DIAGNOSTIC,    37, -2.963609695435e-01, 1.890659223136e-05, 5.9925e+02, 1.3896e+01, 
 1DIAGNOSTIC,    38, -2.964319884777e-01, 1.768611036823e-05, 6.1326e+02, 1.4004e+01, 
 1DIAGNOSTIC,    39, -2.964757084846e-01, 1.809766581573e-05, 6.2719e+02, 1.3938e+01, 
 1DIAGNOSTIC,    40, -2.965157032013e-01, 1.956796222657e-05, 6.4119e+02, 1.3996e+01, 
 1DIAGNOSTIC,    41, -2.965424656868e-01, 2.027335358434e-05, 6.5512e+02, 1.3929e+01, 
 1DIAGNOSTIC,    42, -2.965847551823e-01, 2.070188929792e-05, 6.6907e+02, 1.3950e+01, 
 1DIAGNOSTIC,    43, -2.965950071812e-01, 1.989444717765e-05, 6.8300e+02, 1.3930e+01, 
 1DIAGNOSTIC,    44, -2.966120541096e-01, 1.799782876333e-05, 6.9694e+02, 1.3935e+01, 
 1DIAGNOSTIC,    45, -2.966330647469e-01, 1.538292417536e-05, 7.1088e+02, 1.3943e+01, 
 1DIAGNOSTIC,    46, -2.966705262661e-01, 1.381316633342e-05, 7.2486e+02, 1.3980e+01, 
 1DIAGNOSTIC,    47, -2.966698706150e-01, 1.145707210526e-05, 7.3878e+02, 1.3917e+01, 
 1DIAGNOSTIC,    48, -2.966967225075e-01, 1.013749533740e-05, 7.5269e+02, 1.3910e+01, 
 1DIAGNOSTIC,    49, -2.966828048229e-01, 8.537974281353e-06, 7.6676e+02, 1.4072e+01, 
 1DIAGNOSTIC,    50, -2.967106699944e-01, 7.557864137198e-06, 7.8114e+02, 1.4387e+01, 
  Elapsed time (stage 2): 805.2


Total elapsed time: 947.6

--- Writing output images ---

Using double precision for computations.
Input scalar image: data/Segmentations/1119_3_seg.nii.gz
Reference image: data/template/T_template0_BrainCerebellum.nii.gz
=============================================================================
The composite transform comprises the following transforms (in order): 
  1. /tmp/1979011.1.basic.q/1119_ToTemplate_009_0GenericAffine.mat (type = AffineTransform)
  2. /tmp/1979011.1.basic.q/1119_ToTemplate_009_1Warp.nii.gz (type = DisplacementFieldTransform)
=============================================================================
Default pixel value: 0
Interpolation type: LabelImageGenericInterpolateImageFunction
Output warped image: output/1119/1119_WarpedLabels_009.nii.gz

--- Done ---

