
--- Running on compute-1-2.local ---


--- registration call ---
/data/jet/pcook/bin/antsBuild/bin/antsRegistrationSyNQuick.sh -d 3 -f data/template/T_template0_BrainCerebellum.nii.gz -m data/Brains/1011_3.nii.gz -t s -p f -n 2 -o /tmp/1971911.1.basic.q/1011_ToTemplate_009_
---


--------------------------------------------------------------------------------------
 Mapping parameters
--------------------------------------------------------------------------------------
 ANTSPATH is /data/jet/pcook/bin/antsBuild/bin/

 Dimensionality:           3
 Output name prefix:       /tmp/1971911.1.basic.q/1011_ToTemplate_009_
 Fixed images:             data/template/T_template0_BrainCerebellum.nii.gz
 Moving images:            data/Brains/1011_3.nii.gz
 Mask images:              
 Initial transforms:       
 Number of threads:        2
 Spline distance:          26
 Transform type:           s
 MI histogram bins:        32
 Precision:                f
 Use histogram matching    0
======================================================================================
 antsRegistration call:
--------------------------------------------------------------------------------------
/data/jet/pcook/bin/antsBuild/bin//antsRegistration --verbose 1 --dimensionality 3 --float 1 --collapse-output-transforms 1 --output [/tmp/1971911.1.basic.q/1011_ToTemplate_009_,/tmp/1971911.1.basic.q/1011_ToTemplate_009_Warped.nii.gz,/tmp/1971911.1.basic.q/1011_ToTemplate_009_InverseWarped.nii.gz] --interpolation Linear --use-histogram-matching 0 --winsorize-image-intensities [0.005,0.995] --initial-moving-transform [data/template/T_template0_BrainCerebellum.nii.gz,data/Brains/1011_3.nii.gz,1] --transform Rigid[0.1] --metric MI[data/template/T_template0_BrainCerebellum.nii.gz,data/Brains/1011_3.nii.gz,1,32,Regular,0.25] --convergence [1000x500x250x0,1e-6,10] --shrink-factors 12x8x4x2 --smoothing-sigmas 4x3x2x1vox --transform Affine[0.1] --metric MI[data/template/T_template0_BrainCerebellum.nii.gz,data/Brains/1011_3.nii.gz,1,32,Regular,0.25] --convergence [1000x500x250x0,1e-6,10] --shrink-factors 12x8x4x2 --smoothing-sigmas 4x3x2x1vox --transform SyN[0.1,3,0] --metric MI[data/template/T_template0_BrainCerebellum.nii.gz,data/Brains/1011_3.nii.gz,1,32] --convergence [100x100x70x50x0,1e-6,10] --shrink-factors 10x6x4x2x1 --smoothing-sigmas 5x3x2x1x0vox
--------------------------------------------------------------------------------------
All_Command_lines_OK
Using single precision for computations.
=============================================================================
The composite transform comprises the following transforms (in order): 
  1. Center of mass alignment using fixed image: data/template/T_template0_BrainCerebellum.nii.gz and moving image: data/Brains/1011_3.nii.gz (type = Euler3DTransform)
=============================================================================
  number of levels = 4
  number of levels = 4
  number of levels = 5
  fixed image: data/template/T_template0_BrainCerebellum.nii.gz
  moving image: data/Brains/1011_3.nii.gz
  fixed image: data/template/T_template0_BrainCerebellum.nii.gz
  moving image: data/Brains/1011_3.nii.gz
  fixed image: data/template/T_template0_BrainCerebellum.nii.gz
  moving image: data/Brains/1011_3.nii.gz
Dimension = 3
Number of stages = 3
Use Histogram Matching false
Winsorize image intensities true
Lower quantile = 0.005
Upper quantile = 0.995
Stage 1 State
   Image metric = Mattes
     Fixed image = Image (0x44d5670)
  RTTI typeinfo:   itk::Image<float, 3u>
  Reference Count: 2
  Modified Time: 1611
  Debug: Off
  Object Name: 
  Observers: 
    none
  Source: (none)
  Source output name: (none)
  Release Data: Off
  Data Released: False
  Global Release Data: Off
  PipelineMTime: 0
  UpdateMTime: 1422
  RealTimeStamp: 0 seconds 
  LargestPossibleRegion: 
    Dimension: 3
    Index: [0, 0, 0]
    Size: [216, 256, 291]
  BufferedRegion: 
    Dimension: 3
    Index: [0, 0, 0]
    Size: [216, 256, 291]
  RequestedRegion: 
    Dimension: 3
    Index: [0, 0, 0]
    Size: [216, 256, 291]
  Spacing: [1, 1, 1]
  Origin: [0, 293, 0]
  Direction: 
1 0 0
0 -0 -1
0 -1 -0

  IndexToPointMatrix: 
1 0 0
0 0 -1
0 -1 0

  PointToIndexMatrix: 
1 0 0
0 0 -1
0 -1 0

  Inverse Direction: 
1 0 0
0 0 -1
0 -1 0

  PixelContainer: 
    ImportImageContainer (0x44ba7f0)
      RTTI typeinfo:   itk::ImportImageContainer<unsigned long, float>
      Reference Count: 1
      Modified Time: 1419
      Debug: Off
      Object Name: 
      Observers: 
        none
      Pointer: 0x7fc5bcde1010
      Container manages memory: true
      Size: 16091136
      Capacity: 16091136

     Moving image = Image (0x44d60b0)
  RTTI typeinfo:   itk::Image<float, 3u>
  Reference Count: 2
  Modified Time: 1612
  Debug: Off
  Object Name: 
  Observers: 
    none
  Source: (none)
  Source output name: (none)
  Release Data: Off
  Data Released: False
  Global Release Data: Off
  PipelineMTime: 0
  UpdateMTime: 1609
  RealTimeStamp: 0 seconds 
  LargestPossibleRegion: 
    Dimension: 3
    Index: [0, 0, 0]
    Size: [256, 256, 287]
  BufferedRegion: 
    Dimension: 3
    Index: [0, 0, 0]
    Size: [256, 256, 287]
  RequestedRegion: 
    Dimension: 3
    Index: [0, 0, 0]
    Size: [256, 256, 287]
  Spacing: [1, 1, 1]
  Origin: [0, 286, 0]
  Direction: 
1 0 0
0 -0 -1
0 -1 -0

  IndexToPointMatrix: 
1 0 0
0 0 -1
0 -1 0

  PointToIndexMatrix: 
1 0 0
0 0 -1
0 -1 0

  Inverse Direction: 
1 0 0
0 0 -1
0 -1 0

  PixelContainer: 
    ImportImageContainer (0x44d8500)
      RTTI typeinfo:   itk::ImportImageContainer<unsigned long, float>
      Reference Count: 1
      Modified Time: 1606
      Debug: Off
      Object Name: 
      Observers: 
        none
      Pointer: 0x7fc5b8620010
      Container manages memory: true
      Size: 18808832
      Capacity: 18808832

     Weighting = 1
     Sampling strategy = regular
     Number of bins = 32
     Radius = 4
     Sampling percentage  = 0.25
   Transform = Rigid
     Gradient step = 0.1
     Update field sigma (voxel space) = 0
     Total field sigma (voxel space) = 0
     Update field time sigma = 0
     Total field time sigma  = 0
     Number of time indices = 0
     Number of time point samples = 0
Stage 2 State
   Image metric = Mattes
     Fixed image = Image (0x44e0910)
  RTTI typeinfo:   itk::Image<float, 3u>
  Reference Count: 2
  Modified Time: 1987
  Debug: Off
  Object Name: 
  Observers: 
    none
  Source: (none)
  Source output name: (none)
  Release Data: Off
  Data Released: False
  Global Release Data: Off
  PipelineMTime: 0
  UpdateMTime: 1798
  RealTimeStamp: 0 seconds 
  LargestPossibleRegion: 
    Dimension: 3
    Index: [0, 0, 0]
    Size: [216, 256, 291]
  BufferedRegion: 
    Dimension: 3
    Index: [0, 0, 0]
    Size: [216, 256, 291]
  RequestedRegion: 
    Dimension: 3
    Index: [0, 0, 0]
    Size: [216, 256, 291]
  Spacing: [1, 1, 1]
  Origin: [0, 293, 0]
  Direction: 
1 0 0
0 -0 -1
0 -1 -0

  IndexToPointMatrix: 
1 0 0
0 0 -1
0 -1 0

  PointToIndexMatrix: 
1 0 0
0 0 -1
0 -1 0

  Inverse Direction: 
1 0 0
0 0 -1
0 -1 0

  PixelContainer: 
    ImportImageContainer (0x44e11b0)
      RTTI typeinfo:   itk::ImportImageContainer<unsigned long, float>
      Reference Count: 1
      Modified Time: 1795
      Debug: Off
      Object Name: 
      Observers: 
        none
      Pointer: 0x7fc5b48bd010
      Container manages memory: true
      Size: 16091136
      Capacity: 16091136

     Moving image = Image (0x44e0ca0)
  RTTI typeinfo:   itk::Image<float, 3u>
  Reference Count: 2
  Modified Time: 1988
  Debug: Off
  Object Name: 
  Observers: 
    none
  Source: (none)
  Source output name: (none)
  Release Data: Off
  Data Released: False
  Global Release Data: Off
  PipelineMTime: 0
  UpdateMTime: 1985
  RealTimeStamp: 0 seconds 
  LargestPossibleRegion: 
    Dimension: 3
    Index: [0, 0, 0]
    Size: [256, 256, 287]
  BufferedRegion: 
    Dimension: 3
    Index: [0, 0, 0]
    Size: [256, 256, 287]
  RequestedRegion: 
    Dimension: 3
    Index: [0, 0, 0]
    Size: [256, 256, 287]
  Spacing: [1, 1, 1]
  Origin: [0, 286, 0]
  Direction: 
1 0 0
0 -0 -1
0 -1 -0

  IndexToPointMatrix: 
1 0 0
0 0 -1
0 -1 0

  PointToIndexMatrix: 
1 0 0
0 0 -1
0 -1 0

  Inverse Direction: 
1 0 0
0 0 -1
0 -1 0

  PixelContainer: 
    ImportImageContainer (0x44e17b0)
      RTTI typeinfo:   itk::ImportImageContainer<unsigned long, float>
      Reference Count: 1
      Modified Time: 1982
      Debug: Off
      Object Name: 
      Observers: 
        none
      Pointer: 0x7fc5b00fc010
      Container manages memory: true
      Size: 18808832
      Capacity: 18808832

     Weighting = 1
     Sampling strategy = regular
     Number of bins = 32
     Radius = 4
     Sampling percentage  = 0.25
   Transform = Affine
     Gradient step = 0.1
     Update field sigma (voxel space) = 0
     Total field sigma (voxel space) = 0
     Update field time sigma = 0
     Total field time sigma  = 0
     Number of time indices = 0
     Number of time point samples = 0
Stage 3 State
   Image metric = Mattes
     Fixed image = Image (0x44e79a0)
  RTTI typeinfo:   itk::Image<float, 3u>
  Reference Count: 2
  Modified Time: 2363
  Debug: Off
  Object Name: 
  Observers: 
    none
  Source: (none)
  Source output name: (none)
  Release Data: Off
  Data Released: False
  Global Release Data: Off
  PipelineMTime: 0
  UpdateMTime: 2174
  RealTimeStamp: 0 seconds 
  LargestPossibleRegion: 
    Dimension: 3
    Index: [0, 0, 0]
    Size: [216, 256, 291]
  BufferedRegion: 
    Dimension: 3
    Index: [0, 0, 0]
    Size: [216, 256, 291]
  RequestedRegion: 
    Dimension: 3
    Index: [0, 0, 0]
    Size: [216, 256, 291]
  Spacing: [1, 1, 1]
  Origin: [0, 293, 0]
  Direction: 
1 0 0
0 -0 -1
0 -1 -0

  IndexToPointMatrix: 
1 0 0
0 0 -1
0 -1 0

  PointToIndexMatrix: 
1 0 0
0 0 -1
0 -1 0

  Inverse Direction: 
1 0 0
0 0 -1
0 -1 0

  PixelContainer: 
    ImportImageContainer (0x44e7c30)
      RTTI typeinfo:   itk::ImportImageContainer<unsigned long, float>
      Reference Count: 1
      Modified Time: 2171
      Debug: Off
      Object Name: 
      Observers: 
        none
      Pointer: 0x7fc5ac399010
      Container manages memory: true
      Size: 16091136
      Capacity: 16091136

     Moving image = Image (0x44ea360)
  RTTI typeinfo:   itk::Image<float, 3u>
  Reference Count: 2
  Modified Time: 2364
  Debug: Off
  Object Name: 
  Observers: 
    none
  Source: (none)
  Source output name: (none)
  Release Data: Off
  Data Released: False
  Global Release Data: Off
  PipelineMTime: 0
  UpdateMTime: 2361
  RealTimeStamp: 0 seconds 
  LargestPossibleRegion: 
    Dimension: 3
    Index: [0, 0, 0]
    Size: [256, 256, 287]
  BufferedRegion: 
    Dimension: 3
    Index: [0, 0, 0]
    Size: [256, 256, 287]
  RequestedRegion: 
    Dimension: 3
    Index: [0, 0, 0]
    Size: [256, 256, 287]
  Spacing: [1, 1, 1]
  Origin: [0, 286, 0]
  Direction: 
1 0 0
0 -0 -1
0 -1 -0

  IndexToPointMatrix: 
1 0 0
0 0 -1
0 -1 0

  PointToIndexMatrix: 
1 0 0
0 0 -1
0 -1 0

  Inverse Direction: 
1 0 0
0 0 -1
0 -1 0

  PixelContainer: 
    ImportImageContainer (0x44ea5f0)
      RTTI typeinfo:   itk::ImportImageContainer<unsigned long, float>
      Reference Count: 1
      Modified Time: 2358
      Debug: Off
      Object Name: 
      Observers: 
        none
      Pointer: 0x7fc5a7bd8010
      Container manages memory: true
      Size: 18808832
      Capacity: 18808832

     Weighting = 1
     Sampling strategy = none
     Number of bins = 32
     Radius = 4
     Sampling percentage  = 1
   Transform = SyN
     Gradient step = 0.1
     Update field sigma (voxel space) = 3
     Total field sigma (voxel space) = 0
     Update field time sigma = 0
     Total field time sigma  = 0
     Number of time indices = 0
     Number of time point samples = 0
Registration using 3 total stages.

Stage 0
  iterations = 1000x500x250x0
  convergence threshold = 1e-06
  convergence window size = 10
  number of levels = 4
  using the Mattes MI metric (number of bins = 32, weight = 1)
  preprocessing:  winsorizing the image intensities
  Shrink factors (level 1 out of 4): [12, 12, 12]
  Shrink factors (level 2 out of 4): [8, 8, 8]
  Shrink factors (level 3 out of 4): [4, 4, 4]
  Shrink factors (level 4 out of 4): [2, 2, 2]
  smoothing sigmas per level: [4, 3, 2, 1]
  regular sampling (percentage = 0.25)

*** Running Euler3DTransform registration ***

DIAGNOSTIC,Iteration,metricValue,convergenceValue,ITERATION_TIME_INDEX,SINCE_LAST
 2DIAGNOSTIC,     1, -5.028942227364e-01, inf, 1.8489e+01, 1.8489e+01, 
 2DIAGNOSTIC,     2, -5.042973756790e-01, inf, 1.8499e+01, 1.0071e-02, 
 2DIAGNOSTIC,     3, -5.053888559341e-01, inf, 1.8509e+01, 9.9208e-03, 
 2DIAGNOSTIC,     4, -5.063000917435e-01, inf, 1.8519e+01, 9.8989e-03, 
 2DIAGNOSTIC,     5, -5.075507164001e-01, inf, 1.8529e+01, 9.9490e-03, 
 2DIAGNOSTIC,     6, -5.114943385124e-01, inf, 1.8541e+01, 1.1605e-02, 
 2DIAGNOSTIC,     7, -5.133901834488e-01, inf, 1.8556e+01, 1.4809e-02, 
 2DIAGNOSTIC,     8, -5.140932202339e-01, inf, 1.8565e+01, 9.8560e-03, 
 2DIAGNOSTIC,     9, -5.145640969276e-01, inf, 1.8576e+01, 1.0329e-02, 
 2DIAGNOSTIC,    10, -5.199696421623e-01, 2.015930367634e-03, 1.8590e+01, 1.4187e-02, 
 2DIAGNOSTIC,    11, -5.213037133217e-01, 1.970356563106e-03, 1.8605e+01, 1.5233e-02, 
 2DIAGNOSTIC,    12, -5.213719010353e-01, 1.823782105930e-03, 1.8617e+01, 1.1962e-02, 
 2DIAGNOSTIC,    13, -5.213476419449e-01, 1.587216393091e-03, 1.8627e+01, 1.0376e-02, 
 2DIAGNOSTIC,    14, -5.213514566422e-01, 1.278790761717e-03, 1.8639e+01, 1.1921e-02, 
 2DIAGNOSTIC,    15, -5.215514898300e-01, 9.426638716832e-04, 1.8650e+01, 1.0396e-02, 
 2DIAGNOSTIC,    16, -5.216067433357e-01, 6.980809848756e-04, 1.8660e+01, 1.0371e-02, 
 2DIAGNOSTIC,    17, -5.221453905106e-01, 4.998989752494e-04, 1.8671e+01, 1.0419e-02, 
 2DIAGNOSTIC,    18, -5.226587653160e-01, 3.172348369844e-04, 1.8681e+01, 1.0444e-02, 
 2DIAGNOSTIC,    19, -5.235471129417e-01, 1.600417162990e-04, 1.8693e+01, 1.2072e-02, 
 2DIAGNOSTIC,    20, -5.239945650101e-01, 1.638427638682e-04, 1.8713e+01, 2.0365e-02, 
 2DIAGNOSTIC,    21, -5.243530273438e-01, 1.965338014998e-04, 1.8725e+01, 1.2049e-02, 
 2DIAGNOSTIC,    22, -5.242228507996e-01, 2.065282460535e-04, 1.8736e+01, 1.0358e-02, 
 2DIAGNOSTIC,    23, -5.243158340454e-01, 1.982158282772e-04, 1.8746e+01, 1.0398e-02, 
 2DIAGNOSTIC,    24, -5.246440768242e-01, 1.794578565750e-04, 1.8758e+01, 1.1885e-02, 
 2DIAGNOSTIC,    25, -5.247905850410e-01, 1.529070723336e-04, 1.8769e+01, 1.0366e-02, 
 2DIAGNOSTIC,    26, -5.256303548813e-01, 1.330358500127e-04, 1.8780e+01, 1.1960e-02, 
 2DIAGNOSTIC,    27, -5.253841280937e-01, 1.079243884305e-04, 1.8792e+01, 1.1975e-02, 
 2DIAGNOSTIC,    28, -5.260705351830e-01, 9.810638584895e-05, 1.8811e+01, 1.8249e-02, 
 2DIAGNOSTIC,    29, -5.262232422829e-01, 9.899555152515e-05, 1.8823e+01, 1.1909e-02, 
 2DIAGNOSTIC,    30, -5.261551737785e-01, 9.718205546960e-05, 1.8833e+01, 1.0295e-02, 
 2DIAGNOSTIC,    31, -5.260588526726e-01, 9.122328629019e-05, 1.8843e+01, 1.0341e-02, 
 2DIAGNOSTIC,    32, -5.259269475937e-01, 7.273095252458e-05, 1.8854e+01, 1.0314e-02, 
 2DIAGNOSTIC,    33, -5.264113545418e-01, 5.807757042930e-05, 1.8864e+01, 1.0375e-02, 
 2DIAGNOSTIC,    34, -5.267573595047e-01, 4.939530481352e-05, 1.8874e+01, 1.0383e-02, 
 2DIAGNOSTIC,    35, -5.271858572960e-01, 4.525942858891e-05, 1.8888e+01, 1.3534e-02, 
 2DIAGNOSTIC,    36, -5.273001194000e-01, 5.191957825446e-05, 1.8903e+01, 1.5061e-02, 
 2DIAGNOSTIC,    37, -5.273528099060e-01, 5.034720379626e-05, 1.8913e+01, 1.0397e-02, 
 2DIAGNOSTIC,    38, -5.278355479240e-01, 6.081158062443e-05, 1.8925e+01, 1.2012e-02, 
 2DIAGNOSTIC,    39, -5.286163091660e-01, 7.776803977322e-05, 1.8936e+01, 1.0433e-02, 
 2DIAGNOSTIC,    40, -5.289710760117e-01, 9.022472659126e-05, 1.8946e+01, 1.0407e-02, 
 2DIAGNOSTIC,    41, -5.303904414177e-01, 1.113672624342e-04, 1.8957e+01, 1.1007e-02, 
 2DIAGNOSTIC,    42, -5.355099439621e-01, 1.852132554632e-04, 1.8971e+01, 1.3857e-02, 
 2DIAGNOSTIC,    43, -5.360098481178e-01, 2.486387966201e-04, 1.8988e+01, 1.6654e-02, 
 2DIAGNOSTIC,    44, -5.358183383942e-01, 2.878833911382e-04, 1.9000e+01, 1.1874e-02, 
 2DIAGNOSTIC,    45, -5.359194278717e-01, 3.053292457480e-04, 1.9011e+01, 1.1865e-02, 
 2DIAGNOSTIC,    46, -5.361565351486e-01, 2.967247855850e-04, 1.9022e+01, 1.0240e-02, 
 2DIAGNOSTIC,    47, -5.361785292625e-01, 2.598689170554e-04, 1.9032e+01, 1.0239e-02, 
 2DIAGNOSTIC,    48, -5.364120006561e-01, 2.076703385683e-04, 1.9044e+01, 1.1791e-02, 
 2DIAGNOSTIC,    49, -5.364271998405e-01, 1.476288744016e-04, 1.9055e+01, 1.1824e-02, 
 2DIAGNOSTIC,    50, -5.364413857460e-01, 8.029300806811e-05, 1.9066e+01, 1.0223e-02, 
 2DIAGNOSTIC,    51, -5.364570617676e-01, 2.174045584979e-05, 1.9081e+01, 1.4964e-02, 
 2DIAGNOSTIC,    52, -5.364822745323e-01, 1.690126373433e-05, 1.9091e+01, 1.0243e-02, 
 2DIAGNOSTIC,    53, -5.364886522293e-01, 1.592497210368e-05, 1.9101e+01, 1.0262e-02, 
 2DIAGNOSTIC,    54, -5.364977121353e-01, 1.168203834823e-05, 1.9111e+01, 1.0234e-02, 
 2DIAGNOSTIC,    55, -5.365104079247e-01, 7.624644240423e-06, 1.9123e+01, 1.1841e-02, 
 2DIAGNOSTIC,    56, -5.365253090858e-01, 5.492405762197e-06, 1.9141e+01, 1.8052e-02, 
 2DIAGNOSTIC,    57, -5.365285873413e-01, 3.138820602544e-06, 1.9153e+01, 1.1830e-02, 
 2DIAGNOSTIC,    58, -5.365288257599e-01, 2.799969024636e-06, 1.9163e+01, 1.0242e-02, 
 2DIAGNOSTIC,    59, -5.365316867828e-01, 2.425153752483e-06, 1.9174e+01, 1.0264e-02, 
 2DIAGNOSTIC,    60, -5.365328788757e-01, 2.017899532802e-06, 1.9184e+01, 1.0227e-02, 
 2DIAGNOSTIC,    61, -5.365396738052e-01, 1.673988890616e-06, 1.9199e+01, 1.4937e-02, 
 2DIAGNOSTIC,    62, -5.365425348282e-01, 1.474968826187e-06, 1.9211e+01, 1.1804e-02, 
 2DIAGNOSTIC,    63, -5.365426540375e-01, 1.247528302883e-06, 1.9221e+01, 1.0252e-02, 
 2DIAGNOSTIC,    64, -5.365452170372e-01, 1.054390622812e-06, 1.9231e+01, 1.0226e-02, 
DIAGNOSTIC,Iteration,metricValue,convergenceValue,ITERATION_TIME_INDEX,SINCE_LAST
 2DIAGNOSTIC,     1, -4.520540237427e-01, inf, 3.3178e+01, 1.3947e+01, 
 2DIAGNOSTIC,     2, -4.526010453701e-01, inf, 3.3229e+01, 5.1021e-02, 
 2DIAGNOSTIC,     3, -4.527977705002e-01, inf, 3.3299e+01, 6.9758e-02, 
 2DIAGNOSTIC,     4, -4.528541266918e-01, inf, 3.3369e+01, 6.9474e-02, 
 2DIAGNOSTIC,     5, -4.528242349625e-01, inf, 3.3429e+01, 6.0294e-02, 
 2DIAGNOSTIC,     6, -4.527886807919e-01, inf, 3.3480e+01, 5.0823e-02, 
 2DIAGNOSTIC,     7, -4.527609050274e-01, inf, 3.3531e+01, 5.1144e-02, 
 2DIAGNOSTIC,     8, -4.526984095573e-01, inf, 3.3591e+01, 6.0318e-02, 
 2DIAGNOSTIC,     9, -4.526701867580e-01, inf, 3.3642e+01, 5.1016e-02, 
 2DIAGNOSTIC,    10, -4.525594115257e-01, 3.122368070763e-05, 3.3703e+01, 6.1001e-02, 
DIAGNOSTIC,Iteration,metricValue,convergenceValue,ITERATION_TIME_INDEX,SINCE_LAST
 2DIAGNOSTIC,     1, -3.925727605820e-01, inf, 4.2457e+01, 8.7540e+00, 
 2DIAGNOSTIC,     2, -3.929486274719e-01, inf, 4.2867e+01, 4.1013e-01, 
 2DIAGNOSTIC,     3, -3.931307792664e-01, inf, 4.3279e+01, 4.1111e-01, 
 2DIAGNOSTIC,     4, -3.931941390038e-01, inf, 4.3689e+01, 4.0994e-01, 
 2DIAGNOSTIC,     5, -3.933240771294e-01, inf, 4.4099e+01, 4.1069e-01, 
 2DIAGNOSTIC,     6, -3.935199677944e-01, inf, 4.4833e+01, 7.3378e-01, 
 2DIAGNOSTIC,     7, -3.935385048389e-01, inf, 4.5405e+01, 5.7242e-01, 
 2DIAGNOSTIC,     8, -3.935448527336e-01, inf, 4.5981e+01, 5.7603e-01, 
 2DIAGNOSTIC,     9, -3.935483992100e-01, inf, 4.6471e+01, 4.8939e-01, 
 2DIAGNOSTIC,    10, -3.935517668724e-01, 1.467597467126e-04, 4.6960e+01, 4.8968e-01, 
 2DIAGNOSTIC,    11, -3.935470581055e-01, 8.967612666311e-05, 4.7450e+01, 4.8969e-01, 
 2DIAGNOSTIC,    12, -3.935545980930e-01, 5.722579589929e-05, 4.7941e+01, 4.9063e-01, 
 2DIAGNOSTIC,    13, -3.935545384884e-01, 3.510488386382e-05, 4.8351e+01, 4.1022e-01, 
 2DIAGNOSTIC,    14, -3.935578465462e-01, 1.656120184634e-05, 4.8841e+01, 4.9019e-01, 
 2DIAGNOSTIC,    15, -3.935609161854e-01, 5.337176844478e-06, 4.9251e+01, 4.1005e-01, 
 2DIAGNOSTIC,    16, -3.935690224171e-01, 4.414806426212e-06, 4.9742e+01, 4.9045e-01, 
 2DIAGNOSTIC,    17, -3.935815691948e-01, 4.684399755206e-06, 5.0232e+01, 4.9003e-01, 
 2DIAGNOSTIC,    18, -3.935872018337e-01, 5.129435066920e-06, 5.0722e+01, 4.9066e-01, 
 2DIAGNOSTIC,    19, -3.935875892639e-01, 5.366624918679e-06, 5.1293e+01, 5.7070e-01, 
 2DIAGNOSTIC,    20, -3.935868740082e-01, 5.346988928068e-06, 5.1784e+01, 4.9113e-01, 
 2DIAGNOSTIC,    21, -3.935857117176e-01, 4.769076440425e-06, 5.2436e+01, 6.5198e-01, 
 2DIAGNOSTIC,    22, -3.935820460320e-01, 4.062527750648e-06, 5.2927e+01, 4.9051e-01, 
 2DIAGNOSTIC,    23, -3.935775458813e-01, 3.029784693354e-06, 5.3336e+01, 4.0935e-01, 
 2DIAGNOSTIC,    24, -3.935737013817e-01, 1.920344629980e-06, 5.3827e+01, 4.9054e-01, 
DIAGNOSTIC,Iteration,metricValue,convergenceValue,ITERATION_TIME_INDEX,SINCE_LAST
 2DIAGNOSTIC,     1, -3.407792747021e-01, inf, 6.2139e+01, 8.3126e+00, 
  Elapsed time (stage 0): 6.3913e+01


Stage 1
  iterations = 1000x500x250x0
  convergence threshold = 1.0000e-06
  convergence window size = 10
  number of levels = 4
  using the Mattes MI metric (number of bins = 32, weight = 1.0000e+00)
  preprocessing:  winsorizing the image intensities
  Shrink factors (level 1 out of 4): [12, 12, 12]
  Shrink factors (level 2 out of 4): [8, 8, 8]
  Shrink factors (level 3 out of 4): [4, 4, 4]
  Shrink factors (level 4 out of 4): [2, 2, 2]
  smoothing sigmas per level: [4, 3, 2, 1]
  regular sampling (percentage = 2.5000e-01)

*** Running AffineTransform registration ***

DIAGNOSTIC,Iteration,metricValue,convergenceValue,ITERATION_TIME_INDEX,SINCE_LAST
 2DIAGNOSTIC,     1, -5.265994668007e-01, inf, 1.8393e+01, 1.8393e+01, 
 2DIAGNOSTIC,     2, -5.276913642883e-01, inf, 1.8407e+01, 1.3430e-02, 
 2DIAGNOSTIC,     3, -5.289353132248e-01, inf, 1.8420e+01, 1.3389e-02, 
 2DIAGNOSTIC,     4, -5.297429561615e-01, inf, 1.8435e+01, 1.4960e-02, 
 2DIAGNOSTIC,     5, -5.309900641441e-01, inf, 1.8450e+01, 1.5103e-02, 
 2DIAGNOSTIC,     6, -5.311648845673e-01, inf, 1.8465e+01, 1.4987e-02, 
 2DIAGNOSTIC,     7, -5.314776301384e-01, inf, 1.8479e+01, 1.3345e-02, 
 2DIAGNOSTIC,     8, -5.323866009712e-01, inf, 1.8493e+01, 1.4914e-02, 
 2DIAGNOSTIC,     9, -5.339445471764e-01, inf, 1.8511e+01, 1.7203e-02, 
 2DIAGNOSTIC,    10, -5.351991057396e-01, 9.307588334195e-04, 1.8525e+01, 1.4186e-02, 
 2DIAGNOSTIC,    11, -5.357246398926e-01, 8.374084136449e-04, 1.8541e+01, 1.5696e-02, 
 2DIAGNOSTIC,    12, -5.363459587097e-01, 7.616812363267e-04, 1.8554e+01, 1.3837e-02, 
 2DIAGNOSTIC,    13, -5.375869274139e-01, 7.304225000553e-04, 1.8570e+01, 1.5755e-02, 
 2DIAGNOSTIC,    14, -5.391367673874e-01, 7.241769926623e-04, 1.8587e+01, 1.6999e-02, 
 2DIAGNOSTIC,    15, -5.396344065666e-01, 7.136613712646e-04, 1.8603e+01, 1.5595e-02, 
 2DIAGNOSTIC,    16, -5.398875474930e-01, 6.547100492753e-04, 1.8618e+01, 1.5454e-02, 
 2DIAGNOSTIC,    17, -5.402004718781e-01, 5.629257648252e-04, 1.8634e+01, 1.5461e-02, 
 2DIAGNOSTIC,    18, -5.398814082146e-01, 4.456919850782e-04, 1.8649e+01, 1.5257e-02, 
 2DIAGNOSTIC,    19, -5.399439930916e-01, 3.441705484875e-04, 1.8663e+01, 1.3779e-02, 
 2DIAGNOSTIC,    20, -5.397937297821e-01, 2.503544383217e-04, 1.8676e+01, 1.3478e-02, 
 2DIAGNOSTIC,    21, -5.398538708687e-01, 1.575815986143e-04, 1.8690e+01, 1.3797e-02, 
 2DIAGNOSTIC,    22, -5.399208068848e-01, 7.496667967644e-05, 1.8704e+01, 1.3914e-02, 
 2DIAGNOSTIC,    23, -5.400109291077e-01, 2.265265175083e-05, 1.8720e+01, 1.5634e-02, 
 2DIAGNOSTIC,    24, -5.404654741287e-01, 1.691460238362e-05, 1.8738e+01, 1.8868e-02, 
 2DIAGNOSTIC,    25, -5.400909185410e-01, 1.241906466021e-05, 1.8752e+01, 1.3841e-02, 
 2DIAGNOSTIC,    26, -5.401248931885e-01, 1.318497925240e-05, 1.8768e+01, 1.5504e-02, 
 2DIAGNOSTIC,    27, -5.405789017677e-01, 2.797436718538e-05, 1.8783e+01, 1.5619e-02, 
 2DIAGNOSTIC,    28, -5.412651896477e-01, 4.565104609355e-05, 1.8801e+01, 1.7393e-02, 
 2DIAGNOSTIC,    29, -5.412039160728e-01, 5.766324466094e-05, 1.8816e+01, 1.5537e-02, 
 2DIAGNOSTIC,    30, -5.412144660950e-01, 6.145171937533e-05, 1.8832e+01, 1.5567e-02, 
 2DIAGNOSTIC,    31, -5.412256121635e-01, 6.076760109863e-05, 1.8847e+01, 1.5457e-02, 
 2DIAGNOSTIC,    32, -5.412430763245e-01, 5.561933357967e-05, 1.8862e+01, 1.5119e-02, 
 2DIAGNOSTIC,    33, -5.408416390419e-01, 4.013062425656e-05, 1.8880e+01, 1.7168e-02, 
 2DIAGNOSTIC,    34, -5.408496260643e-01, 2.948807741632e-05, 1.8893e+01, 1.3502e-02, 
 2DIAGNOSTIC,    35, -5.409237742424e-01, 1.237079777638e-05, 1.8909e+01, 1.5638e-02, 
DIAGNOSTIC,Iteration,metricValue,convergenceValue,ITERATION_TIME_INDEX,SINCE_LAST
 2DIAGNOSTIC,     1, -4.631909430027e-01, inf, 3.2834e+01, 1.3925e+01, 
 2DIAGNOSTIC,     2, -4.637483358383e-01, inf, 3.2898e+01, 6.3847e-02, 
 2DIAGNOSTIC,     3, -4.648841321468e-01, inf, 3.2961e+01, 6.3483e-02, 
 2DIAGNOSTIC,     4, -4.667751789093e-01, inf, 3.3025e+01, 6.3877e-02, 
 2DIAGNOSTIC,     5, -4.690709412098e-01, inf, 3.3097e+01, 7.2454e-02, 
 2DIAGNOSTIC,     6, -4.708535671234e-01, inf, 3.3171e+01, 7.3749e-02, 
 2DIAGNOSTIC,     7, -4.721000790596e-01, inf, 3.3254e+01, 8.2984e-02, 
 2DIAGNOSTIC,     8, -4.738597869873e-01, inf, 3.3327e+01, 7.2708e-02, 
 2DIAGNOSTIC,     9, -4.751192033291e-01, inf, 3.3389e+01, 6.2444e-02, 
 2DIAGNOSTIC,    10, -4.767037332058e-01, 1.971755875275e-03, 3.3464e+01, 7.4304e-02, 
 2DIAGNOSTIC,    11, -4.776710271835e-01, 1.790801063180e-03, 3.3556e+01, 9.2145e-02, 
 2DIAGNOSTIC,    12, -4.778360426426e-01, 1.516882679425e-03, 3.3629e+01, 7.3577e-02, 
 2DIAGNOSTIC,    13, -4.780925810337e-01, 1.213434268720e-03, 3.3692e+01, 6.2525e-02, 
 2DIAGNOSTIC,    14, -4.782683551311e-01, 9.308443986811e-04, 3.3766e+01, 7.4262e-02, 
 2DIAGNOSTIC,    15, -4.785760939121e-01, 7.044143858366e-04, 3.3830e+01, 6.3620e-02, 
 2DIAGNOSTIC,    16, -4.787194430828e-01, 5.139008280821e-04, 3.3903e+01, 7.3630e-02, 
 2DIAGNOSTIC,    17, -4.790100753307e-01, 3.527606313583e-04, 3.3996e+01, 9.2281e-02, 
 2DIAGNOSTIC,    18, -4.790441393852e-01, 2.368714485783e-04, 3.4079e+01, 8.3254e-02, 
 2DIAGNOSTIC,    19, -4.790296852589e-01, 1.498594210716e-04, 3.4143e+01, 6.3773e-02, 
 2DIAGNOSTIC,    20, -4.791326224804e-01, 1.077878187061e-04, 3.4216e+01, 7.3255e-02, 
 2DIAGNOSTIC,    21, -4.791482985020e-01, 8.775260357652e-05, 3.4288e+01, 7.2326e-02, 
 2DIAGNOSTIC,    22, -4.791124761105e-01, 6.488454528153e-05, 3.4362e+01, 7.3822e-02, 
 2DIAGNOSTIC,    23, -4.790702164173e-01, 4.372877447167e-05, 3.4425e+01, 6.2590e-02, 
 2DIAGNOSTIC,    24, -4.790322780609e-01, 2.378184217378e-05, 3.4488e+01, 6.3870e-02, 
 2DIAGNOSTIC,    25, -4.790015518665e-01, 9.922746357915e-06, 3.4562e+01, 7.3147e-02, 
DIAGNOSTIC,Iteration,metricValue,convergenceValue,ITERATION_TIME_INDEX,SINCE_LAST
 2DIAGNOSTIC,     1, -4.077417552471e-01, inf, 4.3464e+01, 8.9024e+00, 
 2DIAGNOSTIC,     2, -4.078060090542e-01, inf, 4.4050e+01, 5.8576e-01, 
 2DIAGNOSTIC,     3, -4.077911973000e-01, inf, 4.4550e+01, 5.0062e-01, 
 2DIAGNOSTIC,     4, -4.078662991524e-01, inf, 4.5132e+01, 5.8171e-01, 
 2DIAGNOSTIC,     5, -4.078962206841e-01, inf, 4.5716e+01, 5.8355e-01, 
 2DIAGNOSTIC,     6, -4.078889191151e-01, inf, 4.6296e+01, 5.8002e-01, 
 2DIAGNOSTIC,     7, -4.078898131847e-01, inf, 4.7130e+01, 8.3406e-01, 
 2DIAGNOSTIC,     8, -4.078937768936e-01, inf, 4.7879e+01, 7.4965e-01, 
 2DIAGNOSTIC,     9, -4.078864157200e-01, inf, 4.8466e+01, 5.8648e-01, 
 2DIAGNOSTIC,    10, -4.078736901283e-01, 2.297023638675e-05, 4.8968e+01, 5.0217e-01, 
 2DIAGNOSTIC,    11, -4.078717231750e-01, 1.245192197530e-05, 4.9562e+01, 5.9396e-01, 
 2DIAGNOSTIC,    12, -4.078755080700e-01, 6.873384336359e-06, 5.0153e+01, 5.9147e-01, 
DIAGNOSTIC,Iteration,metricValue,convergenceValue,ITERATION_TIME_INDEX,SINCE_LAST
 2DIAGNOSTIC,     1, -3.535056412220e-01, inf, 5.9377e+01, 9.2232e+00, 
  Elapsed time (stage 1): 6.1157e+01


Stage 2
  iterations = 100x100x70x50x0
  convergence threshold = 1.0000e-06
  convergence window size = 10
  number of levels = 5
  using the Mattes MI metric (number of bins = 32, weight = 1.0000e+00)
  preprocessing:  winsorizing the image intensities
  Shrink factors (level 1 out of 5): [10, 10, 10]
  Shrink factors (level 2 out of 5): [6, 6, 6]
  Shrink factors (level 3 out of 5): [4, 4, 4]
  Shrink factors (level 4 out of 5): [2, 2, 2]
  Shrink factors (level 5 out of 5): [1, 1, 1]
  smoothing sigmas per level: [5, 3, 2, 1, 0]
  Using default NONE metricSamplingStrategy 

*** Running SyN registration (varianceForUpdateField = 3.0000e+00, varianceForTotalField = 0.0000e+00) ***

XXDIAGNOSTIC,Iteration,metricValue,convergenceValue,ITERATION_TIME_INDEX,SINCE_LAST
 1DIAGNOSTIC,     1, -5.219923853874e-01, inf, 3.1861e+01, 3.1861e+01, 
 1DIAGNOSTIC,     2, -5.428000688553e-01, inf, 3.2013e+01, 1.5261e-01, 
 1DIAGNOSTIC,     3, -5.566760301590e-01, inf, 3.2162e+01, 1.4915e-01, 
 1DIAGNOSTIC,     4, -5.619664788246e-01, inf, 3.2308e+01, 1.4541e-01, 
 1DIAGNOSTIC,     5, -5.641412138939e-01, inf, 3.2457e+01, 1.4898e-01, 
 1DIAGNOSTIC,     6, -5.629581212997e-01, inf, 3.2606e+01, 1.4931e-01, 
 1DIAGNOSTIC,     7, -5.569990277290e-01, inf, 3.2752e+01, 1.4578e-01, 
 1DIAGNOSTIC,     8, -5.559526681900e-01, inf, 3.2898e+01, 1.4570e-01, 
 1DIAGNOSTIC,     9, -5.537979602814e-01, inf, 3.3044e+01, 1.4610e-01, 
 1DIAGNOSTIC,    10, -5.515794157982e-01, 1.862633391283e-03, 3.3191e+01, 1.4676e-01, 
 1DIAGNOSTIC,    11, -5.500712394714e-01, -3.582089266274e-04, 3.3337e+01, 1.4696e-01, 
XXDIAGNOSTIC,Iteration,metricValue,convergenceValue,ITERATION_TIME_INDEX,SINCE_LAST
 1DIAGNOSTIC,     1, -4.372068941593e-01, inf, 4.7667e+01, 1.4330e+01, 
 1DIAGNOSTIC,     2, -4.403467178345e-01, inf, 4.8241e+01, 5.7384e-01, 
 1DIAGNOSTIC,     3, -4.419375658035e-01, inf, 4.8817e+01, 5.7571e-01, 
 1DIAGNOSTIC,     4, -4.416437149048e-01, inf, 4.9391e+01, 5.7406e-01, 
 1DIAGNOSTIC,     5, -4.416800737381e-01, inf, 4.9966e+01, 5.7504e-01, 
 1DIAGNOSTIC,     6, -4.412024617195e-01, inf, 5.0544e+01, 5.7758e-01, 
 1DIAGNOSTIC,     7, -4.404757916927e-01, inf, 5.1120e+01, 5.7693e-01, 
 1DIAGNOSTIC,     8, -4.394236803055e-01, inf, 5.1697e+01, 5.7633e-01, 
 1DIAGNOSTIC,     9, -4.380864500999e-01, inf, 5.2272e+01, 5.7550e-01, 
 1DIAGNOSTIC,    10, -4.371240139008e-01, -2.841003879439e-04, 5.2849e+01, 5.7637e-01, 
XXDIAGNOSTIC,Iteration,metricValue,convergenceValue,ITERATION_TIME_INDEX,SINCE_LAST
 1DIAGNOSTIC,     1, -3.727373480797e-01, inf, 6.2944e+01, 1.0095e+01, 
 1DIAGNOSTIC,     2, -3.737525343895e-01, inf, 6.4732e+01, 1.7878e+00, 
 1DIAGNOSTIC,     3, -3.743735551834e-01, inf, 6.6520e+01, 1.7880e+00, 
 1DIAGNOSTIC,     4, -3.747622966766e-01, inf, 6.8303e+01, 1.7836e+00, 
 1DIAGNOSTIC,     5, -3.751959204674e-01, inf, 7.0089e+01, 1.7856e+00, 
 1DIAGNOSTIC,     6, -3.751806616783e-01, inf, 7.1877e+01, 1.7886e+00, 
 1DIAGNOSTIC,     7, -3.749758005142e-01, inf, 7.3671e+01, 1.7940e+00, 
 1DIAGNOSTIC,     8, -3.747506141663e-01, inf, 7.5465e+01, 1.7936e+00, 
 1DIAGNOSTIC,     9, -3.745801746845e-01, inf, 7.7257e+01, 1.7924e+00, 
 1DIAGNOSTIC,    10, -3.741522431374e-01, 1.929225400090e-04, 7.9049e+01, 1.7912e+00, 
 1DIAGNOSTIC,    11, -3.740236461163e-01, -1.724093635858e-05, 8.0894e+01, 1.8452e+00, 
XXDIAGNOSTIC,Iteration,metricValue,convergenceValue,ITERATION_TIME_INDEX,SINCE_LAST
 1DIAGNOSTIC,     1, -3.167171478271e-01, inf, 1.0082e+02, 1.9924e+01, 
 1DIAGNOSTIC,     2, -3.174787461758e-01, inf, 1.1379e+02, 1.2968e+01, 
 1DIAGNOSTIC,     3, -3.183095753193e-01, inf, 1.2667e+02, 1.2887e+01, 
 1DIAGNOSTIC,     4, -3.191176950932e-01, inf, 1.3962e+02, 1.2946e+01, 
 1DIAGNOSTIC,     5, -3.198279440403e-01, inf, 1.5252e+02, 1.2899e+01, 
 1DIAGNOSTIC,     6, -3.204323053360e-01, inf, 1.6546e+02, 1.2946e+01, 
 1DIAGNOSTIC,     7, -3.209648132324e-01, inf, 1.7848e+02, 1.3011e+01, 
 1DIAGNOSTIC,     8, -3.214946389198e-01, inf, 1.9149e+02, 1.3011e+01, 
 1DIAGNOSTIC,     9, -3.219341039658e-01, inf, 2.0489e+02, 1.3401e+01, 
 1DIAGNOSTIC,    10, -3.223754167557e-01, 1.135964295827e-03, 2.1831e+02, 1.3425e+01, 
 1DIAGNOSTIC,    11, -3.227389156818e-01, 9.436147520319e-04, 2.3226e+02, 1.3952e+01, 
 1DIAGNOSTIC,    12, -3.230673968792e-01, 7.787888171151e-04, 2.4564e+02, 1.3373e+01, 
 1DIAGNOSTIC,    13, -3.233534097672e-01, 6.445713224821e-04, 2.5951e+02, 1.3878e+01, 
 1DIAGNOSTIC,    14, -3.236612081528e-01, 5.411036545411e-04, 2.7288e+02, 1.3360e+01, 
 1DIAGNOSTIC,    15, -3.238839507103e-01, 4.566797870211e-04, 2.8669e+02, 1.3819e+01, 
 1DIAGNOSTIC,    16, -3.241104483604e-01, 3.866849292535e-04, 3.0052e+02, 1.3828e+01, 
 1DIAGNOSTIC,    17, -3.243142962456e-01, 3.273988550063e-04, 3.1433e+02, 1.3807e+01, 
 1DIAGNOSTIC,    18, -3.244709968567e-01, 2.780079666991e-04, 3.2820e+02, 1.3866e+01, 
 1DIAGNOSTIC,    19, -3.245922327042e-01, 2.339519851375e-04, 3.4208e+02, 1.3880e+01, 
 1DIAGNOSTIC,    20, -3.246908485889e-01, 1.963427785086e-04, 3.5592e+02, 1.3849e+01, 
 1DIAGNOSTIC,    21, -3.248004317284e-01, 1.638739340706e-04, 3.6978e+02, 1.3859e+01, 
 1DIAGNOSTIC,    22, -3.249118328094e-01, 1.366379874526e-04, 3.8360e+02, 1.3816e+01, 
 1DIAGNOSTIC,    23, -3.250421285629e-01, 1.148553710664e-04, 3.9749e+02, 1.3887e+01, 
 1DIAGNOSTIC,    24, -3.251335620880e-01, 9.878977289191e-05, 4.1137e+02, 1.3879e+01, 
 1DIAGNOSTIC,    25, -3.252165615559e-01, 8.553413499612e-05, 4.2517e+02, 1.3801e+01, 
 1DIAGNOSTIC,    26, -3.252989649773e-01, 7.572302274639e-05, 4.3907e+02, 1.3899e+01, 
 1DIAGNOSTIC,    27, -3.253478407860e-01, 6.774040957680e-05, 4.5290e+02, 1.3831e+01, 
 1DIAGNOSTIC,    28, -3.254159688950e-01, 6.104681233410e-05, 4.6670e+02, 1.3805e+01, 
 1DIAGNOSTIC,    29, -3.254557847977e-01, 5.398829307524e-05, 4.8054e+02, 1.3833e+01, 
 1DIAGNOSTIC,    30, -3.254775702953e-01, 4.589968739310e-05, 4.9436e+02, 1.3819e+01, 
 1DIAGNOSTIC,    31, -3.254580497742e-01, 3.662021117634e-05, 5.0830e+02, 1.3941e+01, 
 1DIAGNOSTIC,    32, -3.254545927048e-01, 2.748733641056e-05, 5.2213e+02, 1.3833e+01, 
 1DIAGNOSTIC,    33, -3.254508674145e-01, 1.973169855773e-05, 5.3599e+02, 1.3861e+01, 
 1DIAGNOSTIC,    34, -3.254234790802e-01, 1.226275981026e-05, 5.4996e+02, 1.3974e+01, 
 1DIAGNOSTIC,    35, -3.253974914551e-01, 5.569030690822e-06, 5.6381e+02, 1.3841e+01, 
 1DIAGNOSTIC,    36, -3.253645896912e-01, 3.206128695865e-08, 5.7766e+02, 1.3855e+01, 
  Elapsed time (stage 2): 601.7


Total elapsed time: 726.7

--- Writing output images ---

Using double precision for computations.
Input scalar image: data/Segmentations/1011_3_seg.nii.gz
Reference image: data/template/T_template0_BrainCerebellum.nii.gz
=============================================================================
The composite transform comprises the following transforms (in order): 
  1. /tmp/1971911.1.basic.q/1011_ToTemplate_009_0GenericAffine.mat (type = AffineTransform)
  2. /tmp/1971911.1.basic.q/1011_ToTemplate_009_1Warp.nii.gz (type = DisplacementFieldTransform)
=============================================================================
Default pixel value: 0
Interpolation type: LabelImageGenericInterpolateImageFunction
Output warped image: output/1011/1011_WarpedLabels_009.nii.gz

--- Done ---

