
--- Running on compute-2-13.local ---


--- registration call ---
/data/jet/pcook/bin/antsBuild/bin/antsRegistrationSyNQuick.sh -d 3 -f data/template/T_template0_BrainCerebellum.nii.gz -m data/Brains/1011_3.nii.gz -t s -p f -n 2 -o /tmp/1971906.1.basic.q/1011_ToTemplate_004_
---


--------------------------------------------------------------------------------------
 Mapping parameters
--------------------------------------------------------------------------------------
 ANTSPATH is /data/jet/pcook/bin/antsBuild/bin/

 Dimensionality:           3
 Output name prefix:       /tmp/1971906.1.basic.q/1011_ToTemplate_004_
 Fixed images:             data/template/T_template0_BrainCerebellum.nii.gz
 Moving images:            data/Brains/1011_3.nii.gz
 Mask images:              
 Initial transforms:       
 Number of threads:        2
 Spline distance:          26
 Transform type:           s
 MI histogram bins:        32
 Precision:                f
 Use histogram matching    0
======================================================================================
 antsRegistration call:
--------------------------------------------------------------------------------------
/data/jet/pcook/bin/antsBuild/bin//antsRegistration --verbose 1 --dimensionality 3 --float 1 --collapse-output-transforms 1 --output [/tmp/1971906.1.basic.q/1011_ToTemplate_004_,/tmp/1971906.1.basic.q/1011_ToTemplate_004_Warped.nii.gz,/tmp/1971906.1.basic.q/1011_ToTemplate_004_InverseWarped.nii.gz] --interpolation Linear --use-histogram-matching 0 --winsorize-image-intensities [0.005,0.995] --initial-moving-transform [data/template/T_template0_BrainCerebellum.nii.gz,data/Brains/1011_3.nii.gz,1] --transform Rigid[0.1] --metric MI[data/template/T_template0_BrainCerebellum.nii.gz,data/Brains/1011_3.nii.gz,1,32,Regular,0.25] --convergence [1000x500x250x0,1e-6,10] --shrink-factors 12x8x4x2 --smoothing-sigmas 4x3x2x1vox --transform Affine[0.1] --metric MI[data/template/T_template0_BrainCerebellum.nii.gz,data/Brains/1011_3.nii.gz,1,32,Regular,0.25] --convergence [1000x500x250x0,1e-6,10] --shrink-factors 12x8x4x2 --smoothing-sigmas 4x3x2x1vox --transform SyN[0.1,3,0] --metric MI[data/template/T_template0_BrainCerebellum.nii.gz,data/Brains/1011_3.nii.gz,1,32] --convergence [100x100x70x50x0,1e-6,10] --shrink-factors 10x6x4x2x1 --smoothing-sigmas 5x3x2x1x0vox
--------------------------------------------------------------------------------------
All_Command_lines_OK
Using single precision for computations.
=============================================================================
The composite transform comprises the following transforms (in order): 
  1. Center of mass alignment using fixed image: data/template/T_template0_BrainCerebellum.nii.gz and moving image: data/Brains/1011_3.nii.gz (type = Euler3DTransform)
=============================================================================
  number of levels = 4
  number of levels = 4
  number of levels = 5
  fixed image: data/template/T_template0_BrainCerebellum.nii.gz
  moving image: data/Brains/1011_3.nii.gz
  fixed image: data/template/T_template0_BrainCerebellum.nii.gz
  moving image: data/Brains/1011_3.nii.gz
  fixed image: data/template/T_template0_BrainCerebellum.nii.gz
  moving image: data/Brains/1011_3.nii.gz
Dimension = 3
Number of stages = 3
Use Histogram Matching false
Winsorize image intensities true
Lower quantile = 0.005
Upper quantile = 0.995
Stage 1 State
   Image metric = Mattes
     Fixed image = Image (0x4f70670)
  RTTI typeinfo:   itk::Image<float, 3u>
  Reference Count: 2
  Modified Time: 1611
  Debug: Off
  Object Name: 
  Observers: 
    none
  Source: (none)
  Source output name: (none)
  Release Data: Off
  Data Released: False
  Global Release Data: Off
  PipelineMTime: 0
  UpdateMTime: 1422
  RealTimeStamp: 0 seconds 
  LargestPossibleRegion: 
    Dimension: 3
    Index: [0, 0, 0]
    Size: [216, 256, 291]
  BufferedRegion: 
    Dimension: 3
    Index: [0, 0, 0]
    Size: [216, 256, 291]
  RequestedRegion: 
    Dimension: 3
    Index: [0, 0, 0]
    Size: [216, 256, 291]
  Spacing: [1, 1, 1]
  Origin: [0, 293, 0]
  Direction: 
1 0 0
0 -0 -1
0 -1 -0

  IndexToPointMatrix: 
1 0 0
0 0 -1
0 -1 0

  PointToIndexMatrix: 
1 0 0
0 0 -1
0 -1 0

  Inverse Direction: 
1 0 0
0 0 -1
0 -1 0

  PixelContainer: 
    ImportImageContainer (0x4f557f0)
      RTTI typeinfo:   itk::ImportImageContainer<unsigned long, float>
      Reference Count: 1
      Modified Time: 1419
      Debug: Off
      Object Name: 
      Observers: 
        none
      Pointer: 0x7f09efdb0010
      Container manages memory: true
      Size: 16091136
      Capacity: 16091136

     Moving image = Image (0x4f710b0)
  RTTI typeinfo:   itk::Image<float, 3u>
  Reference Count: 2
  Modified Time: 1612
  Debug: Off
  Object Name: 
  Observers: 
    none
  Source: (none)
  Source output name: (none)
  Release Data: Off
  Data Released: False
  Global Release Data: Off
  PipelineMTime: 0
  UpdateMTime: 1609
  RealTimeStamp: 0 seconds 
  LargestPossibleRegion: 
    Dimension: 3
    Index: [0, 0, 0]
    Size: [256, 256, 287]
  BufferedRegion: 
    Dimension: 3
    Index: [0, 0, 0]
    Size: [256, 256, 287]
  RequestedRegion: 
    Dimension: 3
    Index: [0, 0, 0]
    Size: [256, 256, 287]
  Spacing: [1, 1, 1]
  Origin: [0, 286, 0]
  Direction: 
1 0 0
0 -0 -1
0 -1 -0

  IndexToPointMatrix: 
1 0 0
0 0 -1
0 -1 0

  PointToIndexMatrix: 
1 0 0
0 0 -1
0 -1 0

  Inverse Direction: 
1 0 0
0 0 -1
0 -1 0

  PixelContainer: 
    ImportImageContainer (0x4f73500)
      RTTI typeinfo:   itk::ImportImageContainer<unsigned long, float>
      Reference Count: 1
      Modified Time: 1606
      Debug: Off
      Object Name: 
      Observers: 
        none
      Pointer: 0x7f09eb5ef010
      Container manages memory: true
      Size: 18808832
      Capacity: 18808832

     Weighting = 1
     Sampling strategy = regular
     Number of bins = 32
     Radius = 4
     Sampling percentage  = 0.25
   Transform = Rigid
     Gradient step = 0.1
     Update field sigma (voxel space) = 0
     Total field sigma (voxel space) = 0
     Update field time sigma = 0
     Total field time sigma  = 0
     Number of time indices = 0
     Number of time point samples = 0
Stage 2 State
   Image metric = Mattes
     Fixed image = Image (0x4f7b910)
  RTTI typeinfo:   itk::Image<float, 3u>
  Reference Count: 2
  Modified Time: 1987
  Debug: Off
  Object Name: 
  Observers: 
    none
  Source: (none)
  Source output name: (none)
  Release Data: Off
  Data Released: False
  Global Release Data: Off
  PipelineMTime: 0
  UpdateMTime: 1798
  RealTimeStamp: 0 seconds 
  LargestPossibleRegion: 
    Dimension: 3
    Index: [0, 0, 0]
    Size: [216, 256, 291]
  BufferedRegion: 
    Dimension: 3
    Index: [0, 0, 0]
    Size: [216, 256, 291]
  RequestedRegion: 
    Dimension: 3
    Index: [0, 0, 0]
    Size: [216, 256, 291]
  Spacing: [1, 1, 1]
  Origin: [0, 293, 0]
  Direction: 
1 0 0
0 -0 -1
0 -1 -0

  IndexToPointMatrix: 
1 0 0
0 0 -1
0 -1 0

  PointToIndexMatrix: 
1 0 0
0 0 -1
0 -1 0

  Inverse Direction: 
1 0 0
0 0 -1
0 -1 0

  PixelContainer: 
    ImportImageContainer (0x4f7c1b0)
      RTTI typeinfo:   itk::ImportImageContainer<unsigned long, float>
      Reference Count: 1
      Modified Time: 1795
      Debug: Off
      Object Name: 
      Observers: 
        none
      Pointer: 0x7f09e788c010
      Container manages memory: true
      Size: 16091136
      Capacity: 16091136

     Moving image = Image (0x4f7bca0)
  RTTI typeinfo:   itk::Image<float, 3u>
  Reference Count: 2
  Modified Time: 1988
  Debug: Off
  Object Name: 
  Observers: 
    none
  Source: (none)
  Source output name: (none)
  Release Data: Off
  Data Released: False
  Global Release Data: Off
  PipelineMTime: 0
  UpdateMTime: 1985
  RealTimeStamp: 0 seconds 
  LargestPossibleRegion: 
    Dimension: 3
    Index: [0, 0, 0]
    Size: [256, 256, 287]
  BufferedRegion: 
    Dimension: 3
    Index: [0, 0, 0]
    Size: [256, 256, 287]
  RequestedRegion: 
    Dimension: 3
    Index: [0, 0, 0]
    Size: [256, 256, 287]
  Spacing: [1, 1, 1]
  Origin: [0, 286, 0]
  Direction: 
1 0 0
0 -0 -1
0 -1 -0

  IndexToPointMatrix: 
1 0 0
0 0 -1
0 -1 0

  PointToIndexMatrix: 
1 0 0
0 0 -1
0 -1 0

  Inverse Direction: 
1 0 0
0 0 -1
0 -1 0

  PixelContainer: 
    ImportImageContainer (0x4f7c7b0)
      RTTI typeinfo:   itk::ImportImageContainer<unsigned long, float>
      Reference Count: 1
      Modified Time: 1982
      Debug: Off
      Object Name: 
      Observers: 
        none
      Pointer: 0x7f09e30cb010
      Container manages memory: true
      Size: 18808832
      Capacity: 18808832

     Weighting = 1
     Sampling strategy = regular
     Number of bins = 32
     Radius = 4
     Sampling percentage  = 0.25
   Transform = Affine
     Gradient step = 0.1
     Update field sigma (voxel space) = 0
     Total field sigma (voxel space) = 0
     Update field time sigma = 0
     Total field time sigma  = 0
     Number of time indices = 0
     Number of time point samples = 0
Stage 3 State
   Image metric = Mattes
     Fixed image = Image (0x4f829a0)
  RTTI typeinfo:   itk::Image<float, 3u>
  Reference Count: 2
  Modified Time: 2363
  Debug: Off
  Object Name: 
  Observers: 
    none
  Source: (none)
  Source output name: (none)
  Release Data: Off
  Data Released: False
  Global Release Data: Off
  PipelineMTime: 0
  UpdateMTime: 2174
  RealTimeStamp: 0 seconds 
  LargestPossibleRegion: 
    Dimension: 3
    Index: [0, 0, 0]
    Size: [216, 256, 291]
  BufferedRegion: 
    Dimension: 3
    Index: [0, 0, 0]
    Size: [216, 256, 291]
  RequestedRegion: 
    Dimension: 3
    Index: [0, 0, 0]
    Size: [216, 256, 291]
  Spacing: [1, 1, 1]
  Origin: [0, 293, 0]
  Direction: 
1 0 0
0 -0 -1
0 -1 -0

  IndexToPointMatrix: 
1 0 0
0 0 -1
0 -1 0

  PointToIndexMatrix: 
1 0 0
0 0 -1
0 -1 0

  Inverse Direction: 
1 0 0
0 0 -1
0 -1 0

  PixelContainer: 
    ImportImageContainer (0x4f82c30)
      RTTI typeinfo:   itk::ImportImageContainer<unsigned long, float>
      Reference Count: 1
      Modified Time: 2171
      Debug: Off
      Object Name: 
      Observers: 
        none
      Pointer: 0x7f09df368010
      Container manages memory: true
      Size: 16091136
      Capacity: 16091136

     Moving image = Image (0x4f85360)
  RTTI typeinfo:   itk::Image<float, 3u>
  Reference Count: 2
  Modified Time: 2364
  Debug: Off
  Object Name: 
  Observers: 
    none
  Source: (none)
  Source output name: (none)
  Release Data: Off
  Data Released: False
  Global Release Data: Off
  PipelineMTime: 0
  UpdateMTime: 2361
  RealTimeStamp: 0 seconds 
  LargestPossibleRegion: 
    Dimension: 3
    Index: [0, 0, 0]
    Size: [256, 256, 287]
  BufferedRegion: 
    Dimension: 3
    Index: [0, 0, 0]
    Size: [256, 256, 287]
  RequestedRegion: 
    Dimension: 3
    Index: [0, 0, 0]
    Size: [256, 256, 287]
  Spacing: [1, 1, 1]
  Origin: [0, 286, 0]
  Direction: 
1 0 0
0 -0 -1
0 -1 -0

  IndexToPointMatrix: 
1 0 0
0 0 -1
0 -1 0

  PointToIndexMatrix: 
1 0 0
0 0 -1
0 -1 0

  Inverse Direction: 
1 0 0
0 0 -1
0 -1 0

  PixelContainer: 
    ImportImageContainer (0x4f855f0)
      RTTI typeinfo:   itk::ImportImageContainer<unsigned long, float>
      Reference Count: 1
      Modified Time: 2358
      Debug: Off
      Object Name: 
      Observers: 
        none
      Pointer: 0x7f09daba7010
      Container manages memory: true
      Size: 18808832
      Capacity: 18808832

     Weighting = 1
     Sampling strategy = none
     Number of bins = 32
     Radius = 4
     Sampling percentage  = 1
   Transform = SyN
     Gradient step = 0.1
     Update field sigma (voxel space) = 3
     Total field sigma (voxel space) = 0
     Update field time sigma = 0
     Total field time sigma  = 0
     Number of time indices = 0
     Number of time point samples = 0
Registration using 3 total stages.

Stage 0
  iterations = 1000x500x250x0
  convergence threshold = 1e-06
  convergence window size = 10
  number of levels = 4
  using the Mattes MI metric (number of bins = 32, weight = 1)
  preprocessing:  winsorizing the image intensities
  Shrink factors (level 1 out of 4): [12, 12, 12]
  Shrink factors (level 2 out of 4): [8, 8, 8]
  Shrink factors (level 3 out of 4): [4, 4, 4]
  Shrink factors (level 4 out of 4): [2, 2, 2]
  smoothing sigmas per level: [4, 3, 2, 1]
  regular sampling (percentage = 0.25)

*** Running Euler3DTransform registration ***

DIAGNOSTIC,Iteration,metricValue,convergenceValue,ITERATION_TIME_INDEX,SINCE_LAST
 2DIAGNOSTIC,     1, -5.298925638199e-01, inf, 1.8495e+01, 1.8495e+01, 
 2DIAGNOSTIC,     2, -5.312111377716e-01, inf, 1.8505e+01, 1.0067e-02, 
 2DIAGNOSTIC,     3, -5.328724384308e-01, inf, 1.8515e+01, 9.9361e-03, 
 2DIAGNOSTIC,     4, -5.352126955986e-01, inf, 1.8525e+01, 9.9659e-03, 
 2DIAGNOSTIC,     5, -5.369945764542e-01, inf, 1.8535e+01, 9.9790e-03, 
 2DIAGNOSTIC,     6, -5.381118655205e-01, inf, 1.8546e+01, 1.1488e-02, 
 2DIAGNOSTIC,     7, -5.390059351921e-01, inf, 1.8560e+01, 1.3291e-02, 
 2DIAGNOSTIC,     8, -5.393190383911e-01, inf, 1.8570e+01, 9.9630e-03, 
 2DIAGNOSTIC,     9, -5.412315726280e-01, inf, 1.8581e+01, 1.1737e-02, 
 2DIAGNOSTIC,    10, -5.419598221779e-01, 1.449322444387e-03, 1.8602e+01, 2.0983e-02, 
 2DIAGNOSTIC,    11, -5.421081781387e-01, 1.171637442894e-03, 1.8613e+01, 1.0566e-02, 
 2DIAGNOSTIC,    12, -5.432058572769e-01, 9.433212107979e-04, 1.8625e+01, 1.1971e-02, 
 2DIAGNOSTIC,    13, -5.437618494034e-01, 7.531641749665e-04, 1.8638e+01, 1.3516e-02, 
 2DIAGNOSTIC,    14, -5.437098145485e-01, 6.063349428587e-04, 1.8650e+01, 1.1896e-02, 
 2DIAGNOSTIC,    15, -5.433836579323e-01, 4.750045773108e-04, 1.8661e+01, 1.0365e-02, 
 2DIAGNOSTIC,    16, -5.435090661049e-01, 3.584077057894e-04, 1.8671e+01, 1.0316e-02, 
 2DIAGNOSTIC,    17, -5.434778332710e-01, 2.494742511772e-04, 1.8681e+01, 1.0344e-02, 
 2DIAGNOSTIC,    18, -5.436939597130e-01, 1.436002930859e-04, 1.8692e+01, 1.0353e-02, 
 2DIAGNOSTIC,    19, -5.439268946648e-01, 9.510664676782e-05, 1.8702e+01, 1.0385e-02, 
 2DIAGNOSTIC,    20, -5.441565513611e-01, 6.851704529254e-05, 1.8714e+01, 1.1943e-02, 
 2DIAGNOSTIC,    21, -5.442821979523e-01, 4.444314981811e-05, 1.8726e+01, 1.1978e-02, 
 2DIAGNOSTIC,    22, -5.441451668739e-01, 4.106170308660e-05, 1.8736e+01, 1.0349e-02, 
 2DIAGNOSTIC,    23, -5.438209176064e-01, 3.967045267927e-05, 1.8748e+01, 1.1962e-02, 
 2DIAGNOSTIC,    24, -5.436601638794e-01, 3.046448364330e-05, 1.8759e+01, 1.0346e-02, 
 2DIAGNOSTIC,    25, -5.433070063591e-01, 4.832945705857e-06, 1.8769e+01, 1.0385e-02, 
DIAGNOSTIC,Iteration,metricValue,convergenceValue,ITERATION_TIME_INDEX,SINCE_LAST
 2DIAGNOSTIC,     1, -4.450390636921e-01, inf, 3.2737e+01, 1.3968e+01, 
 2DIAGNOSTIC,     2, -4.459817707539e-01, inf, 3.2789e+01, 5.1843e-02, 
 2DIAGNOSTIC,     3, -4.470229446888e-01, inf, 3.2841e+01, 5.1857e-02, 
 2DIAGNOSTIC,     4, -4.479810893536e-01, inf, 3.2893e+01, 5.2061e-02, 
 2DIAGNOSTIC,     5, -4.493809044361e-01, inf, 3.2945e+01, 5.1998e-02, 
 2DIAGNOSTIC,     6, -4.501818120480e-01, inf, 3.2997e+01, 5.1933e-02, 
 2DIAGNOSTIC,     7, -4.513329565525e-01, inf, 3.3069e+01, 7.2210e-02, 
 2DIAGNOSTIC,     8, -4.526472389698e-01, inf, 3.3131e+01, 6.1796e-02, 
 2DIAGNOSTIC,     9, -4.548661708832e-01, inf, 3.3183e+01, 5.1766e-02, 
 2DIAGNOSTIC,    10, -4.557732343674e-01, 1.527833286673e-03, 3.3264e+01, 8.1425e-02, 
 2DIAGNOSTIC,    11, -4.563054144382e-01, 1.408735988662e-03, 3.3316e+01, 5.2400e-02, 
 2DIAGNOSTIC,    12, -4.573228657246e-01, 1.286952057853e-03, 3.3379e+01, 6.2211e-02, 
 2DIAGNOSTIC,    13, -4.589738845825e-01, 1.196337398142e-03, 3.3431e+01, 5.2309e-02, 
 2DIAGNOSTIC,    14, -4.592404663563e-01, 1.061714487150e-03, 3.3483e+01, 5.2276e-02, 
 2DIAGNOSTIC,    15, -4.596358239651e-01, 9.244019747712e-04, 3.3574e+01, 9.0600e-02, 
 2DIAGNOSTIC,    16, -4.598584473133e-01, 7.609450258315e-04, 3.3636e+01, 6.1713e-02, 
 2DIAGNOSTIC,    17, -4.599558115005e-01, 5.924901925027e-04, 3.3697e+01, 6.1689e-02, 
 2DIAGNOSTIC,    18, -4.599338471889e-01, 4.309841315262e-04, 3.3749e+01, 5.2126e-02, 
 2DIAGNOSTIC,    19, -4.598939716816e-01, 3.183766384609e-04, 3.3801e+01, 5.2151e-02, 
 2DIAGNOSTIC,    20, -4.599319398403e-01, 2.178546419600e-04, 3.3863e+01, 6.1731e-02, 
 2DIAGNOSTIC,    21, -4.599504470825e-01, 1.228959154105e-04, 3.3925e+01, 6.1755e-02, 
 2DIAGNOSTIC,    22, -4.599170684814e-01, 5.211577445152e-05, 3.3987e+01, 6.1644e-02, 
 2DIAGNOSTIC,    23, -4.598877131939e-01, 2.690574183362e-05, 3.4039e+01, 5.2122e-02, 
 2DIAGNOSTIC,    24, -4.599177241325e-01, 8.989780326374e-06, 3.4091e+01, 5.2144e-02, 
 2DIAGNOSTIC,    25, -4.599038958549e-01, 1.125097355725e-06, 3.4152e+01, 6.1510e-02, 
DIAGNOSTIC,Iteration,metricValue,convergenceValue,ITERATION_TIME_INDEX,SINCE_LAST
 2DIAGNOSTIC,     1, -3.897880315781e-01, inf, 4.2883e+01, 8.7310e+00, 
 2DIAGNOSTIC,     2, -3.902787864208e-01, inf, 4.3296e+01, 4.1247e-01, 
 2DIAGNOSTIC,     3, -3.905907869339e-01, inf, 4.3709e+01, 4.1278e-01, 
 2DIAGNOSTIC,     4, -3.907681703568e-01, inf, 4.4121e+01, 4.1197e-01, 
 2DIAGNOSTIC,     5, -3.909080028534e-01, inf, 4.4534e+01, 4.1303e-01, 
 2DIAGNOSTIC,     6, -3.911145329475e-01, inf, 4.4946e+01, 4.1192e-01, 
 2DIAGNOSTIC,     7, -3.911553919315e-01, inf, 4.5601e+01, 6.5525e-01, 
 2DIAGNOSTIC,     8, -3.915422558784e-01, inf, 4.6255e+01, 6.5441e-01, 
 2DIAGNOSTIC,     9, -3.915090858936e-01, inf, 4.6668e+01, 4.1231e-01, 
 2DIAGNOSTIC,    10, -3.916690945625e-01, 2.822667884175e-04, 4.7322e+01, 6.5489e-01, 
 2DIAGNOSTIC,    11, -3.917073905468e-01, 2.139264979633e-04, 4.7898e+01, 5.7556e-01, 
 2DIAGNOSTIC,    12, -3.917035758495e-01, 1.671335339779e-04, 4.8392e+01, 4.9369e-01, 
 2DIAGNOSTIC,    13, -3.916983604431e-01, 1.296597620239e-04, 4.8886e+01, 4.9482e-01, 
 2DIAGNOSTIC,    14, -3.916960060596e-01, 9.499359293841e-05, 4.9381e+01, 4.9463e-01, 
 2DIAGNOSTIC,    15, -3.916942477226e-01, 6.308758020168e-05, 4.9878e+01, 4.9687e-01, 
 2DIAGNOSTIC,    16, -3.916930854321e-01, 3.898439899785e-05, 5.0295e+01, 4.1661e-01, 
 2DIAGNOSTIC,    17, -3.916875422001e-01, 1.544036422274e-05, 5.0711e+01, 4.1659e-01, 
 2DIAGNOSTIC,    18, -3.917002379894e-01, 9.536362085782e-06, 5.1205e+01, 4.9386e-01, 
 2DIAGNOSTIC,    19, -3.917038142681e-01, 2.228640141766e-06, 5.1618e+01, 4.1310e-01, 
 2DIAGNOSTIC,    20, -3.916999995708e-01, 1.228678115694e-06, 5.2112e+01, 4.9383e-01, 
 2DIAGNOSTIC,    21, -3.917069733143e-01, 1.937808065122e-06, 5.2606e+01, 4.9389e-01, 
 2DIAGNOSTIC,    22, -3.917045593262e-01, 2.335969838896e-06, 5.3019e+01, 4.1277e-01, 
 2DIAGNOSTIC,    23, -3.917214274406e-01, 2.981426405313e-06, 5.3514e+01, 4.9585e-01, 
 2DIAGNOSTIC,    24, -3.917436599731e-01, 4.008250016341e-06, 5.3928e+01, 4.1326e-01, 
 2DIAGNOSTIC,    25, -3.917710483074e-01, 5.437488198368e-06, 5.4422e+01, 4.9422e-01, 
 2DIAGNOSTIC,    26, -3.917988836765e-01, 7.110922069842e-06, 5.4835e+01, 4.1295e-01, 
 2DIAGNOSTIC,    27, -3.918448090553e-01, 9.177301762975e-06, 5.5251e+01, 4.1634e-01, 
 2DIAGNOSTIC,    28, -3.919382393360e-01, 1.306926242250e-05, 5.5663e+01, 4.1193e-01, 
 2DIAGNOSTIC,    29, -3.920454978943e-01, 1.828874337662e-05, 5.6075e+01, 4.1222e-01, 
 2DIAGNOSTIC,    30, -3.921579122543e-01, 2.411856985418e-05, 5.6729e+01, 6.5388e-01, 
 2DIAGNOSTIC,    31, -3.922796845436e-01, 3.039170405827e-05, 5.8598e+01, 1.8687e+00, 
 2DIAGNOSTIC,    32, -3.922798633575e-01, 3.340770126670e-05, 5.9090e+01, 4.9220e-01, 
 2DIAGNOSTIC,    33, -3.922798335552e-01, 3.356513116159e-05, 5.9583e+01, 4.9278e-01, 
 2DIAGNOSTIC,    34, -3.922799229622e-01, 3.108867895207e-05, 6.0075e+01, 4.9214e-01, 
 2DIAGNOSTIC,    35, -3.922799229622e-01, 2.642638901307e-05, 6.0568e+01, 4.9277e-01, 
 2DIAGNOSTIC,    36, -3.922799825668e-01, 2.014098390646e-05, 6.1060e+01, 4.9220e-01, 
 2DIAGNOSTIC,    37, -3.922800421715e-01, 1.326500205323e-05, 6.1553e+01, 4.9280e-01, 
 2DIAGNOSTIC,    38, -3.922800123692e-01, 7.358830771409e-06, 6.2045e+01, 4.9239e-01, 
 2DIAGNOSTIC,    39, -3.922801017761e-01, 3.099311015831e-06, 6.2457e+01, 4.1213e-01, 
DIAGNOSTIC,Iteration,metricValue,convergenceValue,ITERATION_TIME_INDEX,SINCE_LAST
 2DIAGNOSTIC,     1, -3.396219015121e-01, inf, 7.0775e+01, 8.3181e+00, 
  Elapsed time (stage 0): 7.2543e+01


Stage 1
  iterations = 1000x500x250x0
  convergence threshold = 1.0000e-06
  convergence window size = 10
  number of levels = 4
  using the Mattes MI metric (number of bins = 32, weight = 1.0000e+00)
  preprocessing:  winsorizing the image intensities
  Shrink factors (level 1 out of 4): [12, 12, 12]
  Shrink factors (level 2 out of 4): [8, 8, 8]
  Shrink factors (level 3 out of 4): [4, 4, 4]
  Shrink factors (level 4 out of 4): [2, 2, 2]
  smoothing sigmas per level: [4, 3, 2, 1]
  regular sampling (percentage = 2.5000e-01)

*** Running AffineTransform registration ***

DIAGNOSTIC,Iteration,metricValue,convergenceValue,ITERATION_TIME_INDEX,SINCE_LAST
 2DIAGNOSTIC,     1, -5.516964197159e-01, inf, 1.8450e+01, 1.8450e+01, 
 2DIAGNOSTIC,     2, -5.533507466316e-01, inf, 1.8464e+01, 1.3640e-02, 
 2DIAGNOSTIC,     3, -5.547106266022e-01, inf, 1.8479e+01, 1.4776e-02, 
 2DIAGNOSTIC,     4, -5.557889342308e-01, inf, 1.8492e+01, 1.3507e-02, 
 2DIAGNOSTIC,     5, -5.569208860397e-01, inf, 1.8505e+01, 1.3066e-02, 
 2DIAGNOSTIC,     6, -5.594258904457e-01, inf, 1.8519e+01, 1.3517e-02, 
 2DIAGNOSTIC,     7, -5.621731877327e-01, inf, 1.8534e+01, 1.4847e-02, 
 2DIAGNOSTIC,     8, -5.641641616821e-01, inf, 1.8551e+01, 1.7107e-02, 
 2DIAGNOSTIC,     9, -5.641137957573e-01, inf, 1.8566e+01, 1.4962e-02, 
 2DIAGNOSTIC,    10, -5.639852881432e-01, 1.617147936486e-03, 1.8580e+01, 1.4248e-02, 
 2DIAGNOSTIC,    11, -5.648025870323e-01, 1.353666651994e-03, 1.8599e+01, 1.9508e-02, 
 2DIAGNOSTIC,    12, -5.644355416298e-01, 1.063940115273e-03, 1.8614e+01, 1.4137e-02, 
 2DIAGNOSTIC,    13, -5.645900964737e-01, 7.824130007066e-04, 1.8629e+01, 1.5388e-02, 
 2DIAGNOSTIC,    14, -5.647373199463e-01, 5.164805334061e-04, 1.8645e+01, 1.5809e-02, 
 2DIAGNOSTIC,    15, -5.646066665649e-01, 2.726737002376e-04, 1.8658e+01, 1.3778e-02, 
 2DIAGNOSTIC,    16, -5.647375583649e-01, 1.163401611848e-04, 1.8673e+01, 1.4190e-02, 
 2DIAGNOSTIC,    17, -5.649451613426e-01, 5.424104529084e-05, 1.8687e+01, 1.4200e-02, 
 2DIAGNOSTIC,    18, -5.652536749840e-01, 5.906866135774e-05, 1.8701e+01, 1.4205e-02, 
 2DIAGNOSTIC,    19, -5.656807422638e-01, 6.812999345129e-05, 1.8715e+01, 1.3765e-02, 
 2DIAGNOSTIC,    20, -5.663448572159e-01, 8.290822734125e-05, 1.8731e+01, 1.5914e-02, 
 2DIAGNOSTIC,    21, -5.661631822586e-01, 1.040880379151e-04, 1.8752e+01, 2.0751e-02, 
 2DIAGNOSTIC,    22, -5.666504502296e-01, 1.167479131254e-04, 1.8766e+01, 1.4179e-02, 
 2DIAGNOSTIC,    23, -5.667073130608e-01, 1.217961034854e-04, 1.8781e+01, 1.5723e-02, 
 2DIAGNOSTIC,    24, -5.667845606804e-01, 1.198432510137e-04, 1.8797e+01, 1.5852e-02, 
 2DIAGNOSTIC,    25, -5.668808221817e-01, 1.061884249793e-04, 1.8811e+01, 1.4138e-02, 
 2DIAGNOSTIC,    26, -5.667262077332e-01, 8.331744902534e-05, 1.8827e+01, 1.5910e-02, 
 2DIAGNOSTIC,    27, -5.665490031242e-01, 5.510710980161e-05, 1.8841e+01, 1.4116e-02, 
 2DIAGNOSTIC,    28, -5.666078925133e-01, 3.036108682863e-05, 1.8856e+01, 1.4238e-02, 
 2DIAGNOSTIC,    29, -5.671337842941e-01, 2.077682620438e-05, 1.8870e+01, 1.4097e-02, 
 2DIAGNOSTIC,    30, -5.679309964180e-01, 3.443372406764e-05, 1.8884e+01, 1.4202e-02, 
 2DIAGNOSTIC,    31, -5.682999491692e-01, 4.668973269872e-05, 1.8907e+01, 2.2643e-02, 
 2DIAGNOSTIC,    32, -5.683724880219e-01, 6.285351992119e-05, 1.8921e+01, 1.4167e-02, 
 2DIAGNOSTIC,    33, -5.683974027634e-01, 7.355823618127e-05, 1.8934e+01, 1.3715e-02, 
 2DIAGNOSTIC,    34, -5.684363245964e-01, 7.826104410924e-05, 1.8949e+01, 1.4155e-02, 
 2DIAGNOSTIC,    35, -5.684886574745e-01, 7.729661592748e-05, 1.8966e+01, 1.7218e-02, 
 2DIAGNOSTIC,    36, -5.685184597969e-01, 6.743728590664e-05, 1.8982e+01, 1.5901e-02, 
 2DIAGNOSTIC,    37, -5.689102411270e-01, 5.491069532582e-05, 1.8999e+01, 1.7541e-02, 
 2DIAGNOSTIC,    38, -5.690251588821e-01, 4.006840390502e-05, 1.9013e+01, 1.4172e-02, 
 2DIAGNOSTIC,    39, -5.688317418098e-01, 2.633675649122e-05, 1.9027e+01, 1.3827e-02, 
 2DIAGNOSTIC,    40, -5.690680742264e-01, 2.390217741777e-05, 1.9041e+01, 1.4190e-02, 
 2DIAGNOSTIC,    41, -5.690872669220e-01, 2.401697747700e-05, 1.9059e+01, 1.7131e-02, 
 2DIAGNOSTIC,    42, -5.691016316414e-01, 2.286023118359e-05, 1.9073e+01, 1.4169e-02, 
 2DIAGNOSTIC,    43, -5.691244602203e-01, 2.021683212661e-05, 1.9089e+01, 1.5734e-02, 
 2DIAGNOSTIC,    44, -5.692914724350e-01, 1.826704647101e-05, 1.9106e+01, 1.7498e-02, 
 2DIAGNOSTIC,    45, -5.691665410995e-01, 1.389561657561e-05, 1.9120e+01, 1.3711e-02, 
 2DIAGNOSTIC,    46, -5.691789984703e-01, 8.825128134049e-06, 1.9136e+01, 1.5877e-02, 
 2DIAGNOSTIC,    47, -5.694029927254e-01, 9.765002687345e-06, 1.9149e+01, 1.3750e-02, 
 2DIAGNOSTIC,    48, -5.694168806076e-01, 1.113737562264e-05, 1.9165e+01, 1.5826e-02, 
 2DIAGNOSTIC,    49, -5.694275498390e-01, 9.512156793789e-06, 1.9181e+01, 1.5707e-02, 
 2DIAGNOSTIC,    50, -5.694370269775e-01, 9.622990546632e-06, 1.9198e+01, 1.7455e-02, 
 2DIAGNOSTIC,    51, -5.694544315338e-01, 9.249194590666e-06, 1.9212e+01, 1.3801e-02, 
 2DIAGNOSTIC,    52, -5.694591999054e-01, 8.201673153962e-06, 1.9226e+01, 1.4014e-02, 
 2DIAGNOSTIC,    53, -5.694691538811e-01, 6.710474281135e-06, 1.9241e+01, 1.5318e-02, 
 2DIAGNOSTIC,    54, -5.694720745087e-01, 6.335712441796e-06, 1.9256e+01, 1.4087e-02, 
 2DIAGNOSTIC,    55, -5.694818496704e-01, 4.393941708258e-06, 1.9276e+01, 2.0847e-02, 
 2DIAGNOSTIC,    56, -5.694826841354e-01, 2.216542952738e-06, 1.9291e+01, 1.4116e-02, 
 2DIAGNOSTIC,    57, -5.694832801819e-01, 1.934570946105e-06, 1.9305e+01, 1.3982e-02, 
 2DIAGNOSTIC,    58, -5.694862604141e-01, 1.676785018390e-06, 1.9319e+01, 1.4030e-02, 
 2DIAGNOSTIC,    59, -5.694910883904e-01, 1.449975457035e-06, 1.9333e+01, 1.4136e-02, 
 2DIAGNOSTIC,    60, -5.697142481804e-01, 3.084640411544e-06, 1.9347e+01, 1.4081e-02, 
 2DIAGNOSTIC,    61, -5.697249770164e-01, 4.599572548614e-06, 1.9368e+01, 2.0881e-02, 
 2DIAGNOSTIC,    62, -5.697258710861e-01, 5.738010258938e-06, 1.9382e+01, 1.4071e-02, 
 2DIAGNOSTIC,    63, -5.697287917137e-01, 6.469602340076e-06, 1.9395e+01, 1.3722e-02, 
 2DIAGNOSTIC,    64, -5.697327852249e-01, 6.649847819062e-06, 1.9413e+01, 1.7502e-02, 
 2DIAGNOSTIC,    65, -5.697343945503e-01, 6.290370038187e-06, 1.9427e+01, 1.3741e-02, 
 2DIAGNOSTIC,    66, -5.697386264801e-01, 5.415169653133e-06, 1.9448e+01, 2.0819e-02, 
 2DIAGNOSTIC,    67, -5.697399377823e-01, 4.131741206947e-06, 1.9463e+01, 1.5756e-02, 
 2DIAGNOSTIC,    68, -5.697399377823e-01, 2.575980033726e-06, 1.9479e+01, 1.5766e-02, 
DIAGNOSTIC,Iteration,metricValue,convergenceValue,ITERATION_TIME_INDEX,SINCE_LAST
 2DIAGNOSTIC,     1, -4.783972799778e-01, inf, 3.3460e+01, 1.3981e+01, 
 2DIAGNOSTIC,     2, -4.792145788670e-01, inf, 3.3525e+01, 6.4992e-02, 
 2DIAGNOSTIC,     3, -4.797443151474e-01, inf, 3.3591e+01, 6.5729e-02, 
 2DIAGNOSTIC,     4, -4.802933931351e-01, inf, 3.3656e+01, 6.5115e-02, 
 2DIAGNOSTIC,     5, -4.819944798946e-01, inf, 3.3720e+01, 6.3890e-02, 
 2DIAGNOSTIC,     6, -4.833604097366e-01, inf, 3.3784e+01, 6.4789e-02, 
 2DIAGNOSTIC,     7, -4.848930835724e-01, inf, 3.3878e+01, 9.3416e-02, 
 2DIAGNOSTIC,     8, -4.852819442749e-01, inf, 3.3943e+01, 6.4600e-02, 
 2DIAGNOSTIC,     9, -4.857892096043e-01, inf, 3.4016e+01, 7.3480e-02, 
 2DIAGNOSTIC,    10, -4.879425466061e-01, 1.272040186450e-03, 3.4091e+01, 7.5242e-02, 
 2DIAGNOSTIC,    11, -4.898334145546e-01, 1.255221897736e-03, 3.4164e+01, 7.3092e-02, 
 2DIAGNOSTIC,    12, -4.899973869324e-01, 1.175454119220e-03, 3.4258e+01, 9.4052e-02, 
 2DIAGNOSTIC,    13, -4.900414645672e-01, 1.031183637679e-03, 3.4322e+01, 6.4104e-02, 
 2DIAGNOSTIC,    14, -4.900778830051e-01, 8.391580195166e-04, 3.4387e+01, 6.4241e-02, 
 2DIAGNOSTIC,    15, -4.902327358723e-01, 6.668766145594e-04, 3.4461e+01, 7.4277e-02, 
 2DIAGNOSTIC,    16, -4.902950227261e-01, 5.049404571764e-04, 3.4535e+01, 7.4416e-02, 
 2DIAGNOSTIC,    17, -4.903248548508e-01, 3.704500559252e-04, 3.4608e+01, 7.2818e-02, 
 2DIAGNOSTIC,    18, -4.903174936771e-01, 2.308031544089e-04, 3.4683e+01, 7.4357e-02, 
 2DIAGNOSTIC,    19, -4.903112649918e-01, 9.907144703902e-05, 3.4746e+01, 6.3200e-02, 
 2DIAGNOSTIC,    20, -4.903287291527e-01, 3.341378032928e-05, 3.4840e+01, 9.3855e-02, 
 2DIAGNOSTIC,    21, -4.903503060341e-01, 2.411607601971e-05, 3.4914e+01, 7.4147e-02, 
 2DIAGNOSTIC,    22, -4.902659058571e-01, 1.568611332914e-05, 3.4978e+01, 6.4511e-02, 
 2DIAGNOSTIC,    23, -4.901927113533e-01, 6.047092938388e-06, 3.5052e+01, 7.4057e-02, 
DIAGNOSTIC,Iteration,metricValue,convergenceValue,ITERATION_TIME_INDEX,SINCE_LAST
 2DIAGNOSTIC,     1, -4.055083692074e-01, inf, 4.3886e+01, 8.8336e+00, 
 2DIAGNOSTIC,     2, -4.060685336590e-01, inf, 4.4402e+01, 5.1629e-01, 
 2DIAGNOSTIC,     3, -4.066303372383e-01, inf, 4.4909e+01, 5.0654e-01, 
 2DIAGNOSTIC,     4, -4.069019258022e-01, inf, 4.5426e+01, 5.1692e-01, 
 2DIAGNOSTIC,     5, -4.072086215019e-01, inf, 4.5932e+01, 5.0607e-01, 
 2DIAGNOSTIC,     6, -4.076153337955e-01, inf, 4.6527e+01, 5.9485e-01, 
 2DIAGNOSTIC,     7, -4.077594578266e-01, inf, 4.7198e+01, 6.7098e-01, 
 2DIAGNOSTIC,     8, -4.079521894455e-01, inf, 4.7700e+01, 5.0237e-01, 
 2DIAGNOSTIC,     9, -4.081265330315e-01, inf, 4.8205e+01, 5.0550e-01, 
 2DIAGNOSTIC,    10, -4.090397953987e-01, 4.724585451186e-04, 4.8959e+01, 7.5305e-01, 
 2DIAGNOSTIC,    11, -4.093953669071e-01, 4.253466613591e-04, 4.9552e+01, 5.9302e-01, 
 2DIAGNOSTIC,    12, -4.098252356052e-01, 4.052292497363e-04, 5.0144e+01, 5.9250e-01, 
 2DIAGNOSTIC,    13, -4.101596176624e-01, 4.001696070191e-04, 5.1154e+01, 1.0102e+00, 
 2DIAGNOSTIC,    14, -4.101659953594e-01, 3.731969045475e-04, 5.1747e+01, 5.9326e-01, 
 2DIAGNOSTIC,    15, -4.101553261280e-01, 3.291112952866e-04, 5.2340e+01, 5.9288e-01, 
 2DIAGNOSTIC,    16, -4.101546108723e-01, 2.780672512017e-04, 5.2933e+01, 5.9245e-01, 
 2DIAGNOSTIC,    17, -4.101521968842e-01, 2.135130052920e-04, 5.3527e+01, 5.9433e-01, 
 2DIAGNOSTIC,    18, -4.101456403732e-01, 1.439812622266e-04, 5.4202e+01, 6.7436e-01, 
 2DIAGNOSTIC,    19, -4.101471900940e-01, 7.447262760252e-05, 5.4795e+01, 5.9339e-01, 
 2DIAGNOSTIC,    20, -4.101391136646e-01, 3.666865450214e-05, 5.5386e+01, 5.9074e-01, 
 2DIAGNOSTIC,    21, -4.101249873638e-01, 1.025209894578e-05, 5.5898e+01, 5.1219e-01, 
DIAGNOSTIC,Iteration,metricValue,convergenceValue,ITERATION_TIME_INDEX,SINCE_LAST
 2DIAGNOSTIC,     1, -3.547684848309e-01, inf, 6.5567e+01, 9.6691e+00, 
  Elapsed time (stage 1): 6.7339e+01


Stage 2
  iterations = 100x100x70x50x0
  convergence threshold = 1.0000e-06
  convergence window size = 10
  number of levels = 5
  using the Mattes MI metric (number of bins = 32, weight = 1.0000e+00)
  preprocessing:  winsorizing the image intensities
  Shrink factors (level 1 out of 5): [10, 10, 10]
  Shrink factors (level 2 out of 5): [6, 6, 6]
  Shrink factors (level 3 out of 5): [4, 4, 4]
  Shrink factors (level 4 out of 5): [2, 2, 2]
  Shrink factors (level 5 out of 5): [1, 1, 1]
  smoothing sigmas per level: [5, 3, 2, 1, 0]
  Using default NONE metricSamplingStrategy 

*** Running SyN registration (varianceForUpdateField = 3.0000e+00, varianceForTotalField = 0.0000e+00) ***

XXDIAGNOSTIC,Iteration,metricValue,convergenceValue,ITERATION_TIME_INDEX,SINCE_LAST
 1DIAGNOSTIC,     1, -5.224550962448e-01, inf, 3.1800e+01, 3.1800e+01, 
 1DIAGNOSTIC,     2, -5.412337183952e-01, inf, 3.1953e+01, 1.5268e-01, 
 1DIAGNOSTIC,     3, -5.561617612839e-01, inf, 3.2103e+01, 1.4957e-01, 
 1DIAGNOSTIC,     4, -5.618978738785e-01, inf, 3.2252e+01, 1.4968e-01, 
 1DIAGNOSTIC,     5, -5.611338615417e-01, inf, 3.2399e+01, 1.4674e-01, 
 1DIAGNOSTIC,     6, -5.605660080910e-01, inf, 3.2545e+01, 1.4649e-01, 
 1DIAGNOSTIC,     7, -5.570401549339e-01, inf, 3.2692e+01, 1.4642e-01, 
 1DIAGNOSTIC,     8, -5.553646087646e-01, inf, 3.2839e+01, 1.4668e-01, 
 1DIAGNOSTIC,     9, -5.527433156967e-01, inf, 3.2985e+01, 1.4627e-01, 
 1DIAGNOSTIC,    10, -5.521596670151e-01, 1.899625407532e-03, 3.3132e+01, 1.4733e-01, 
 1DIAGNOSTIC,    11, -5.497714877129e-01, -2.153780660592e-04, 3.3279e+01, 1.4729e-01, 
XXDIAGNOSTIC,Iteration,metricValue,convergenceValue,ITERATION_TIME_INDEX,SINCE_LAST
 1DIAGNOSTIC,     1, -4.384533166885e-01, inf, 4.7558e+01, 1.4279e+01, 
 1DIAGNOSTIC,     2, -4.409579336643e-01, inf, 4.8151e+01, 5.9240e-01, 
 1DIAGNOSTIC,     3, -4.425751864910e-01, inf, 4.8726e+01, 5.7500e-01, 
 1DIAGNOSTIC,     4, -4.427153468132e-01, inf, 4.9302e+01, 5.7652e-01, 
 1DIAGNOSTIC,     5, -4.424149692059e-01, inf, 4.9884e+01, 5.8140e-01, 
 1DIAGNOSTIC,     6, -4.418941736221e-01, inf, 5.0461e+01, 5.7741e-01, 
 1DIAGNOSTIC,     7, -4.412668347359e-01, inf, 5.1038e+01, 5.7660e-01, 
 1DIAGNOSTIC,     8, -4.398680031300e-01, inf, 5.1614e+01, 5.7661e-01, 
 1DIAGNOSTIC,     9, -4.386870861053e-01, inf, 5.2195e+01, 5.8034e-01, 
 1DIAGNOSTIC,    10, -4.378002285957e-01, -3.386455355212e-04, 5.2771e+01, 5.7611e-01, 
XXDIAGNOSTIC,Iteration,metricValue,convergenceValue,ITERATION_TIME_INDEX,SINCE_LAST
 1DIAGNOSTIC,     1, -3.730274438858e-01, inf, 6.2831e+01, 1.0060e+01, 
 1DIAGNOSTIC,     2, -3.739506006241e-01, inf, 6.4620e+01, 1.7888e+00, 
 1DIAGNOSTIC,     3, -3.745699524879e-01, inf, 6.6411e+01, 1.7905e+00, 
 1DIAGNOSTIC,     4, -3.749135136604e-01, inf, 6.8209e+01, 1.7987e+00, 
 1DIAGNOSTIC,     5, -3.750319480896e-01, inf, 7.0001e+01, 1.7914e+00, 
 1DIAGNOSTIC,     6, -3.748527467251e-01, inf, 7.1792e+01, 1.7916e+00, 
 1DIAGNOSTIC,     7, -3.748216629028e-01, inf, 7.3583e+01, 1.7912e+00, 
 1DIAGNOSTIC,     8, -3.746297955513e-01, inf, 7.5376e+01, 1.7928e+00, 
 1DIAGNOSTIC,     9, -3.743467032909e-01, inf, 7.7183e+01, 1.8070e+00, 
 1DIAGNOSTIC,    10, -3.739789724350e-01, 9.936606511474e-05, 7.8977e+01, 1.7943e+00, 
 1DIAGNOSTIC,    11, -3.735520541668e-01, -1.010285850498e-04, 8.0773e+01, 1.7959e+00, 
XXDIAGNOSTIC,Iteration,metricValue,convergenceValue,ITERATION_TIME_INDEX,SINCE_LAST
 1DIAGNOSTIC,     1, -3.166228532791e-01, inf, 1.0068e+02, 1.9902e+01, 
 1DIAGNOSTIC,     2, -3.175231814384e-01, inf, 1.1363e+02, 1.2953e+01, 
 1DIAGNOSTIC,     3, -3.184401392937e-01, inf, 1.2656e+02, 1.2936e+01, 
 1DIAGNOSTIC,     4, -3.192858695984e-01, inf, 1.3946e+02, 1.2898e+01, 
 1DIAGNOSTIC,     5, -3.200661838055e-01, inf, 1.5241e+02, 1.2945e+01, 
 1DIAGNOSTIC,     6, -3.206273913383e-01, inf, 1.6532e+02, 1.2909e+01, 
 1DIAGNOSTIC,     7, -3.211667537689e-01, inf, 1.7824e+02, 1.2927e+01, 
 1DIAGNOSTIC,     8, -3.216015994549e-01, inf, 1.9120e+02, 1.2954e+01, 
 1DIAGNOSTIC,     9, -3.220164179802e-01, inf, 2.0420e+02, 1.3006e+01, 
 1DIAGNOSTIC,    10, -3.224537968636e-01, 1.153126591817e-03, 2.1763e+02, 1.3429e+01, 
 1DIAGNOSTIC,    11, -3.228756785393e-01, 9.373255306855e-04, 2.3145e+02, 1.3816e+01, 
 1DIAGNOSTIC,    12, -3.232429325581e-01, 7.664427394047e-04, 2.4485e+02, 1.3407e+01, 
 1DIAGNOSTIC,    13, -3.235493600368e-01, 6.354750366881e-04, 2.5880e+02, 1.3948e+01, 
 1DIAGNOSTIC,    14, -3.237772583961e-01, 5.328754778020e-04, 2.7224e+02, 1.3435e+01, 
 1DIAGNOSTIC,    15, -3.239308297634e-01, 4.501610528678e-04, 2.8620e+02, 1.3967e+01, 
 1DIAGNOSTIC,    16, -3.240917921066e-01, 3.761515254155e-04, 3.0007e+02, 1.3866e+01, 
 1DIAGNOSTIC,    17, -3.241969943047e-01, 3.095727297477e-04, 3.1388e+02, 1.3808e+01, 
 1DIAGNOSTIC,    18, -3.242678940296e-01, 2.465819416102e-04, 3.2772e+02, 1.3845e+01, 
 1DIAGNOSTIC,    19, -3.243465423584e-01, 1.902931107907e-04, 3.4164e+02, 1.3920e+01, 
 1DIAGNOSTIC,    20, -3.243806958199e-01, 1.426875242032e-04, 3.5553e+02, 1.3881e+01, 
 1DIAGNOSTIC,    21, -3.244463205338e-01, 1.067580087692e-04, 3.6938e+02, 1.3854e+01, 
 1DIAGNOSTIC,    22, -3.245245814323e-01, 8.190528023988e-05, 3.8318e+02, 1.3804e+01, 
 1DIAGNOSTIC,    23, -3.246424794197e-01, 6.778816896258e-05, 3.9707e+02, 1.3884e+01, 
 1DIAGNOSTIC,    24, -3.248103857040e-01, 6.303155532805e-05, 4.1097e+02, 1.3900e+01, 
 1DIAGNOSTIC,    25, -3.249110579491e-01, 6.163783109514e-05, 4.2485e+02, 1.3887e+01, 
 1DIAGNOSTIC,    26, -3.250234127045e-01, 6.389268673956e-05, 4.3871e+02, 1.3853e+01, 
 1DIAGNOSTIC,    27, -3.251020312309e-01, 6.601617496926e-05, 4.5257e+02, 1.3864e+01, 
 1DIAGNOSTIC,    28, -3.251462578773e-01, 6.540142931044e-05, 4.6646e+02, 1.3885e+01, 
 1DIAGNOSTIC,    29, -3.252713680267e-01, 6.491488602478e-05, 4.8034e+02, 1.3879e+01, 
 1DIAGNOSTIC,    30, -3.252934813499e-01, 5.997593689244e-05, 4.9423e+02, 1.3894e+01, 
 1DIAGNOSTIC,    31, -3.252507746220e-01, 5.046049045632e-05, 5.0819e+02, 1.3965e+01, 
 1DIAGNOSTIC,    32, -3.252192139626e-01, 3.819731864496e-05, 5.2219e+02, 1.3999e+01, 
 1DIAGNOSTIC,    33, -3.252354860306e-01, 2.666321233846e-05, 5.3605e+02, 1.3856e+01, 
 1DIAGNOSTIC,    34, -3.252072930336e-01, 1.687936673989e-05, 5.4995e+02, 1.3898e+01, 
 1DIAGNOSTIC,    35, -3.252888321877e-01, 1.067705034075e-05, 5.6378e+02, 1.3836e+01, 
 1DIAGNOSTIC,    36, -3.253119587898e-01, 7.168895081122e-06, 5.7765e+02, 1.3862e+01, 
 1DIAGNOSTIC,    37, -3.253500461578e-01, 6.052159733372e-06, 5.9149e+02, 1.3846e+01, 
 1DIAGNOSTIC,    38, -3.253406286240e-01, 5.223506377661e-06, 6.0542e+02, 1.3928e+01, 
 1DIAGNOSTIC,    39, -3.252656161785e-01, 5.138656433701e-06, 6.1926e+02, 1.3839e+01, 
 1DIAGNOSTIC,    40, -3.252571821213e-01, 4.999579232390e-06, 6.3305e+02, 1.3796e+01, 
 1DIAGNOSTIC,    41, -3.252324759960e-01, 3.000577862622e-06, 6.4691e+02, 1.3854e+01, 
 1DIAGNOSTIC,    42, -3.252114653587e-01, -2.305937982783e-07, 6.6074e+02, 1.3836e+01, 
  Elapsed time (stage 2): 684.7


Total elapsed time: 824.6

--- Writing output images ---

Using double precision for computations.
Input scalar image: data/Segmentations/1011_3_seg.nii.gz
Reference image: data/template/T_template0_BrainCerebellum.nii.gz
=============================================================================
The composite transform comprises the following transforms (in order): 
  1. /tmp/1971906.1.basic.q/1011_ToTemplate_004_0GenericAffine.mat (type = AffineTransform)
  2. /tmp/1971906.1.basic.q/1011_ToTemplate_004_1Warp.nii.gz (type = DisplacementFieldTransform)
=============================================================================
Default pixel value: 0
Interpolation type: LabelImageGenericInterpolateImageFunction
Output warped image: output/1011/1011_WarpedLabels_004.nii.gz

--- Done ---

