
--- Running on compute-1-14.local ---


--- registration call ---
/data/jet/pcook/bin/antsBuild/bin/antsRegistrationSyNQuick.sh -d 3 -f data/template/T_template0_BrainCerebellum.nii.gz -m data/Brains/1119_3.nii.gz -t s -p d -n 1 -o /tmp/1971159.1.basic.q/1119_ToTemplate_002_
---


--------------------------------------------------------------------------------------
 Mapping parameters
--------------------------------------------------------------------------------------
 ANTSPATH is /data/jet/pcook/bin/antsBuild/bin/

 Dimensionality:           3
 Output name prefix:       /tmp/1971159.1.basic.q/1119_ToTemplate_002_
 Fixed images:             data/template/T_template0_BrainCerebellum.nii.gz
 Moving images:            data/Brains/1119_3.nii.gz
 Mask images:              
 Initial transforms:       
 Number of threads:        1
 Spline distance:          26
 Transform type:           s
 MI histogram bins:        32
 Precision:                d
 Use histogram matching    0
======================================================================================
 antsRegistration call:
--------------------------------------------------------------------------------------
/data/jet/pcook/bin/antsBuild/bin//antsRegistration --verbose 1 --dimensionality 3 --float 0 --collapse-output-transforms 1 --output [/tmp/1971159.1.basic.q/1119_ToTemplate_002_,/tmp/1971159.1.basic.q/1119_ToTemplate_002_Warped.nii.gz,/tmp/1971159.1.basic.q/1119_ToTemplate_002_InverseWarped.nii.gz] --interpolation Linear --use-histogram-matching 0 --winsorize-image-intensities [0.005,0.995] --initial-moving-transform [data/template/T_template0_BrainCerebellum.nii.gz,data/Brains/1119_3.nii.gz,1] --transform Rigid[0.1] --metric MI[data/template/T_template0_BrainCerebellum.nii.gz,data/Brains/1119_3.nii.gz,1,32,Regular,0.25] --convergence [1000x500x250x0,1e-6,10] --shrink-factors 12x8x4x2 --smoothing-sigmas 4x3x2x1vox --transform Affine[0.1] --metric MI[data/template/T_template0_BrainCerebellum.nii.gz,data/Brains/1119_3.nii.gz,1,32,Regular,0.25] --convergence [1000x500x250x0,1e-6,10] --shrink-factors 12x8x4x2 --smoothing-sigmas 4x3x2x1vox --transform SyN[0.1,3,0] --metric MI[data/template/T_template0_BrainCerebellum.nii.gz,data/Brains/1119_3.nii.gz,1,32] --convergence [100x100x70x50x0,1e-6,10] --shrink-factors 10x6x4x2x1 --smoothing-sigmas 5x3x2x1x0vox
--------------------------------------------------------------------------------------
All_Command_lines_OK
Using double precision for computations.
=============================================================================
The composite transform comprises the following transforms (in order): 
  1. Center of mass alignment using fixed image: data/template/T_template0_BrainCerebellum.nii.gz and moving image: data/Brains/1119_3.nii.gz (type = Euler3DTransform)
=============================================================================
  number of levels = 4
  number of levels = 4
  number of levels = 5
  fixed image: data/template/T_template0_BrainCerebellum.nii.gz
  moving image: data/Brains/1119_3.nii.gz
  fixed image: data/template/T_template0_BrainCerebellum.nii.gz
  moving image: data/Brains/1119_3.nii.gz
  fixed image: data/template/T_template0_BrainCerebellum.nii.gz
  moving image: data/Brains/1119_3.nii.gz
Dimension = 3
Number of stages = 3
Use Histogram Matching false
Winsorize image intensities true
Lower quantile = 0.005
Upper quantile = 0.995
Stage 1 State
   Image metric = Mattes
     Fixed image = Image (0x51c1cd0)
  RTTI typeinfo:   itk::Image<double, 3u>
  Reference Count: 2
  Modified Time: 1611
  Debug: Off
  Object Name: 
  Observers: 
    none
  Source: (none)
  Source output name: (none)
  Release Data: Off
  Data Released: False
  Global Release Data: Off
  PipelineMTime: 0
  UpdateMTime: 1422
  RealTimeStamp: 0 seconds 
  LargestPossibleRegion: 
    Dimension: 3
    Index: [0, 0, 0]
    Size: [216, 256, 291]
  BufferedRegion: 
    Dimension: 3
    Index: [0, 0, 0]
    Size: [216, 256, 291]
  RequestedRegion: 
    Dimension: 3
    Index: [0, 0, 0]
    Size: [216, 256, 291]
  Spacing: [1, 1, 1]
  Origin: [0, 293, 0]
  Direction: 
1 0 0
0 -0 -1
0 -1 -0

  IndexToPointMatrix: 
1 0 0
0 0 -1
0 -1 0

  PointToIndexMatrix: 
1 0 0
0 0 -1
0 -1 0

  Inverse Direction: 
1 0 0
0 0 -1
0 -1 0

  PixelContainer: 
    ImportImageContainer (0x51c57d0)
      RTTI typeinfo:   itk::ImportImageContainer<unsigned long, double>
      Reference Count: 1
      Modified Time: 1419
      Debug: Off
      Object Name: 
      Observers: 
        none
      Pointer: 0x7fbd6f089010
      Container manages memory: true
      Size: 16091136
      Capacity: 16091136

     Moving image = Image (0x51c3d30)
  RTTI typeinfo:   itk::Image<double, 3u>
  Reference Count: 2
  Modified Time: 1612
  Debug: Off
  Object Name: 
  Observers: 
    none
  Source: (none)
  Source output name: (none)
  Release Data: Off
  Data Released: False
  Global Release Data: Off
  PipelineMTime: 0
  UpdateMTime: 1609
  RealTimeStamp: 0 seconds 
  LargestPossibleRegion: 
    Dimension: 3
    Index: [0, 0, 0]
    Size: [256, 256, 290]
  BufferedRegion: 
    Dimension: 3
    Index: [0, 0, 0]
    Size: [256, 256, 290]
  RequestedRegion: 
    Dimension: 3
    Index: [0, 0, 0]
    Size: [256, 256, 290]
  Spacing: [1, 1, 1]
  Origin: [0, 289, 0]
  Direction: 
1 0 0
0 -0 -1
0 -1 -0

  IndexToPointMatrix: 
1 0 0
0 0 -1
0 -1 0

  PointToIndexMatrix: 
1 0 0
0 0 -1
0 -1 0

  Inverse Direction: 
1 0 0
0 0 -1
0 -1 0

  PixelContainer: 
    ImportImageContainer (0x51b4f40)
      RTTI typeinfo:   itk::ImportImageContainer<unsigned long, double>
      Reference Count: 1
      Modified Time: 1606
      Debug: Off
      Object Name: 
      Observers: 
        none
      Pointer: 0x7fbd65f88010
      Container manages memory: true
      Size: 19005440
      Capacity: 19005440

     Weighting = 1
     Sampling strategy = regular
     Number of bins = 32
     Radius = 4
     Sampling percentage  = 0.25
   Transform = Rigid
     Gradient step = 0.1
     Update field sigma (voxel space) = 0
     Total field sigma (voxel space) = 0
     Update field time sigma = 0
     Total field time sigma  = 0
     Number of time indices = 0
     Number of time point samples = 0
Stage 2 State
   Image metric = Mattes
     Fixed image = Image (0x51c86e0)
  RTTI typeinfo:   itk::Image<double, 3u>
  Reference Count: 2
  Modified Time: 1987
  Debug: Off
  Object Name: 
  Observers: 
    none
  Source: (none)
  Source output name: (none)
  Release Data: Off
  Data Released: False
  Global Release Data: Off
  PipelineMTime: 0
  UpdateMTime: 1798
  RealTimeStamp: 0 seconds 
  LargestPossibleRegion: 
    Dimension: 3
    Index: [0, 0, 0]
    Size: [216, 256, 291]
  BufferedRegion: 
    Dimension: 3
    Index: [0, 0, 0]
    Size: [216, 256, 291]
  RequestedRegion: 
    Dimension: 3
    Index: [0, 0, 0]
    Size: [216, 256, 291]
  Spacing: [1, 1, 1]
  Origin: [0, 293, 0]
  Direction: 
1 0 0
0 -0 -1
0 -1 -0

  IndexToPointMatrix: 
1 0 0
0 0 -1
0 -1 0

  PointToIndexMatrix: 
1 0 0
0 0 -1
0 -1 0

  Inverse Direction: 
1 0 0
0 0 -1
0 -1 0

  PixelContainer: 
    ImportImageContainer (0x51c4950)
      RTTI typeinfo:   itk::ImportImageContainer<unsigned long, double>
      Reference Count: 1
      Modified Time: 1795
      Debug: Off
      Object Name: 
      Observers: 
        none
      Pointer: 0x7fbd5e4c3010
      Container manages memory: true
      Size: 16091136
      Capacity: 16091136

     Moving image = Image (0x51d5060)
  RTTI typeinfo:   itk::Image<double, 3u>
  Reference Count: 2
  Modified Time: 1988
  Debug: Off
  Object Name: 
  Observers: 
    none
  Source: (none)
  Source output name: (none)
  Release Data: Off
  Data Released: False
  Global Release Data: Off
  PipelineMTime: 0
  UpdateMTime: 1985
  RealTimeStamp: 0 seconds 
  LargestPossibleRegion: 
    Dimension: 3
    Index: [0, 0, 0]
    Size: [256, 256, 290]
  BufferedRegion: 
    Dimension: 3
    Index: [0, 0, 0]
    Size: [256, 256, 290]
  RequestedRegion: 
    Dimension: 3
    Index: [0, 0, 0]
    Size: [256, 256, 290]
  Spacing: [1, 1, 1]
  Origin: [0, 289, 0]
  Direction: 
1 0 0
0 -0 -1
0 -1 -0

  IndexToPointMatrix: 
1 0 0
0 0 -1
0 -1 0

  PointToIndexMatrix: 
1 0 0
0 0 -1
0 -1 0

  Inverse Direction: 
1 0 0
0 0 -1
0 -1 0

  PixelContainer: 
    ImportImageContainer (0x51d49e0)
      RTTI typeinfo:   itk::ImportImageContainer<unsigned long, double>
      Reference Count: 1
      Modified Time: 1982
      Debug: Off
      Object Name: 
      Observers: 
        none
      Pointer: 0x7fbd553c2010
      Container manages memory: true
      Size: 19005440
      Capacity: 19005440

     Weighting = 1
     Sampling strategy = regular
     Number of bins = 32
     Radius = 4
     Sampling percentage  = 0.25
   Transform = Affine
     Gradient step = 0.1
     Update field sigma (voxel space) = 0
     Total field sigma (voxel space) = 0
     Update field time sigma = 0
     Total field time sigma  = 0
     Number of time indices = 0
     Number of time point samples = 0
Stage 3 State
   Image metric = Mattes
     Fixed image = Image (0x51da980)
  RTTI typeinfo:   itk::Image<double, 3u>
  Reference Count: 2
  Modified Time: 2363
  Debug: Off
  Object Name: 
  Observers: 
    none
  Source: (none)
  Source output name: (none)
  Release Data: Off
  Data Released: False
  Global Release Data: Off
  PipelineMTime: 0
  UpdateMTime: 2174
  RealTimeStamp: 0 seconds 
  LargestPossibleRegion: 
    Dimension: 3
    Index: [0, 0, 0]
    Size: [216, 256, 291]
  BufferedRegion: 
    Dimension: 3
    Index: [0, 0, 0]
    Size: [216, 256, 291]
  RequestedRegion: 
    Dimension: 3
    Index: [0, 0, 0]
    Size: [216, 256, 291]
  Spacing: [1, 1, 1]
  Origin: [0, 293, 0]
  Direction: 
1 0 0
0 -0 -1
0 -1 -0

  IndexToPointMatrix: 
1 0 0
0 0 -1
0 -1 0

  PointToIndexMatrix: 
1 0 0
0 0 -1
0 -1 0

  Inverse Direction: 
1 0 0
0 0 -1
0 -1 0

  PixelContainer: 
    ImportImageContainer (0x51d3720)
      RTTI typeinfo:   itk::ImportImageContainer<unsigned long, double>
      Reference Count: 1
      Modified Time: 2171
      Debug: Off
      Object Name: 
      Observers: 
        none
      Pointer: 0x7fbd4d8fd010
      Container manages memory: true
      Size: 16091136
      Capacity: 16091136

     Moving image = Image (0x51dd0f0)
  RTTI typeinfo:   itk::Image<double, 3u>
  Reference Count: 2
  Modified Time: 2364
  Debug: Off
  Object Name: 
  Observers: 
    none
  Source: (none)
  Source output name: (none)
  Release Data: Off
  Data Released: False
  Global Release Data: Off
  PipelineMTime: 0
  UpdateMTime: 2361
  RealTimeStamp: 0 seconds 
  LargestPossibleRegion: 
    Dimension: 3
    Index: [0, 0, 0]
    Size: [256, 256, 290]
  BufferedRegion: 
    Dimension: 3
    Index: [0, 0, 0]
    Size: [256, 256, 290]
  RequestedRegion: 
    Dimension: 3
    Index: [0, 0, 0]
    Size: [256, 256, 290]
  Spacing: [1, 1, 1]
  Origin: [0, 289, 0]
  Direction: 
1 0 0
0 -0 -1
0 -1 -0

  IndexToPointMatrix: 
1 0 0
0 0 -1
0 -1 0

  PointToIndexMatrix: 
1 0 0
0 0 -1
0 -1 0

  Inverse Direction: 
1 0 0
0 0 -1
0 -1 0

  PixelContainer: 
    ImportImageContainer (0x51dac10)
      RTTI typeinfo:   itk::ImportImageContainer<unsigned long, double>
      Reference Count: 1
      Modified Time: 2358
      Debug: Off
      Object Name: 
      Observers: 
        none
      Pointer: 0x7fbd447fc010
      Container manages memory: true
      Size: 19005440
      Capacity: 19005440

     Weighting = 1
     Sampling strategy = none
     Number of bins = 32
     Radius = 4
     Sampling percentage  = 1
   Transform = SyN
     Gradient step = 0.1
     Update field sigma (voxel space) = 3
     Total field sigma (voxel space) = 0
     Update field time sigma = 0
     Total field time sigma  = 0
     Number of time indices = 0
     Number of time point samples = 0
Registration using 3 total stages.

Stage 0
  iterations = 1000x500x250x0
  convergence threshold = 1e-06
  convergence window size = 10
  number of levels = 4
  using the Mattes MI metric (number of bins = 32, weight = 1)
  preprocessing:  winsorizing the image intensities
  Shrink factors (level 1 out of 4): [12, 12, 12]
  Shrink factors (level 2 out of 4): [8, 8, 8]
  Shrink factors (level 3 out of 4): [4, 4, 4]
  Shrink factors (level 4 out of 4): [2, 2, 2]
  smoothing sigmas per level: [4, 3, 2, 1]
  regular sampling (percentage = 0.25)

*** Running Euler3DTransform registration ***

DIAGNOSTIC,Iteration,metricValue,convergenceValue,ITERATION_TIME_INDEX,SINCE_LAST
 2DIAGNOSTIC,     1, -4.077468723961e-01, 1.797693134862e+308, 2.1454e+01, 2.1454e+01, 
 2DIAGNOSTIC,     2, -4.083874079908e-01, 1.797693134862e+308, 2.1465e+01, 1.1130e-02, 
 2DIAGNOSTIC,     3, -4.089834579197e-01, 1.797693134862e+308, 2.1476e+01, 1.0740e-02, 
 2DIAGNOSTIC,     4, -4.095071165588e-01, 1.797693134862e+308, 2.1487e+01, 1.0843e-02, 
 2DIAGNOSTIC,     5, -4.103296672489e-01, 1.797693134862e+308, 2.1498e+01, 1.0682e-02, 
 2DIAGNOSTIC,     6, -4.112356367896e-01, 1.797693134862e+308, 2.1514e+01, 1.5960e-02, 
 2DIAGNOSTIC,     7, -4.129035011578e-01, 1.797693134862e+308, 2.1526e+01, 1.2315e-02, 
 2DIAGNOSTIC,     8, -4.140388690942e-01, 1.797693134862e+308, 2.1538e+01, 1.2328e-02, 
 2DIAGNOSTIC,     9, -4.146863081513e-01, 1.797693134862e+308, 2.1552e+01, 1.3847e-02, 
 2DIAGNOSTIC,    10, -4.147820973888e-01, 1.234858568858e-03, 2.1564e+01, 1.1355e-02, 
 2DIAGNOSTIC,    11, -4.146738798545e-01, 1.069850709172e-03, 2.1575e+01, 1.1136e-02, 
 2DIAGNOSTIC,    12, -4.148182351038e-01, 8.809844054677e-04, 2.1586e+01, 1.1066e-02, 
 2DIAGNOSTIC,    13, -4.150722487213e-01, 6.860053710803e-04, 2.1597e+01, 1.1339e-02, 
 2DIAGNOSTIC,    14, -4.168159296891e-01, 5.680687606911e-04, 2.1610e+01, 1.3091e-02, 
 2DIAGNOSTIC,    15, -4.169639922597e-01, 4.573183176942e-04, 2.1623e+01, 1.2920e-02, 
 2DIAGNOSTIC,    16, -4.172291918753e-01, 3.691125816279e-04, 2.1636e+01, 1.2686e-02, 
 2DIAGNOSTIC,    17, -4.175364187786e-01, 3.373500933943e-04, 2.1652e+01, 1.5939e-02, 
 2DIAGNOSTIC,    18, -4.177492699655e-01, 3.283599145859e-04, 2.1665e+01, 1.2974e-02, 
 2DIAGNOSTIC,    19, -4.179255640053e-01, 3.187429146310e-04, 2.1678e+01, 1.2957e-02, 
 2DIAGNOSTIC,    20, -4.180601222557e-01, 2.886023524936e-04, 2.1689e+01, 1.1258e-02, 
 2DIAGNOSTIC,    21, -4.179913342150e-01, 2.296028727414e-04, 2.1700e+01, 1.1196e-02, 
 2DIAGNOSTIC,    22, -4.180535851275e-01, 1.616562558508e-04, 2.1711e+01, 1.1239e-02, 
 2DIAGNOSTIC,    23, -4.181566864094e-01, 9.384873369390e-05, 2.1723e+01, 1.1243e-02, 
 2DIAGNOSTIC,    24, -4.186190483287e-01, 8.596935892329e-05, 2.1734e+01, 1.1416e-02, 
 2DIAGNOSTIC,    25, -4.190255619443e-01, 8.559050578576e-05, 2.1752e+01, 1.7744e-02, 
 2DIAGNOSTIC,    26, -4.192532252088e-01, 9.010144783065e-05, 2.1763e+01, 1.1379e-02, 
 2DIAGNOSTIC,    27, -4.193743815301e-01, 9.684250815285e-05, 2.1776e+01, 1.2800e-02, 
 2DIAGNOSTIC,    28, -4.197529817022e-01, 1.084712473276e-04, 2.1789e+01, 1.2714e-02, 
 2DIAGNOSTIC,    29, -4.199506263314e-01, 1.175263021203e-04, 2.1802e+01, 1.2917e-02, 
 2DIAGNOSTIC,    30, -4.201490921640e-01, 1.224607934076e-04, 2.1819e+01, 1.7200e-02, 
 2DIAGNOSTIC,    31, -4.201624790648e-01, 1.144545108426e-04, 2.1830e+01, 1.1102e-02, 
 2DIAGNOSTIC,    32, -4.202325022977e-01, 9.925053834879e-05, 2.1842e+01, 1.2458e-02, 
 2DIAGNOSTIC,    33, -4.202657459049e-01, 7.825907188704e-05, 2.1853e+01, 1.1123e-02, 
 2DIAGNOSTIC,    34, -4.202858283287e-01, 6.062118830596e-05, 2.1865e+01, 1.1095e-02, 
 2DIAGNOSTIC,    35, -4.203220806578e-01, 4.692768810449e-05, 2.1876e+01, 1.1143e-02, 
 2DIAGNOSTIC,    36, -4.205901561950e-01, 3.907874263235e-05, 2.1889e+01, 1.2943e-02, 
 2DIAGNOSTIC,    37, -4.217238251002e-01, 5.091106807664e-05, 2.1906e+01, 1.7831e-02, 
 2DIAGNOSTIC,    38, -4.223314823497e-01, 7.446247308508e-05, 2.1918e+01, 1.1197e-02, 
 2DIAGNOSTIC,    39, -4.226756490648e-01, 9.916987957753e-05, 2.1930e+01, 1.2514e-02, 
 2DIAGNOSTIC,    40, -4.231332741080e-01, 1.246840515888e-04, 2.1944e+01, 1.4138e-02, 
 2DIAGNOSTIC,    41, -4.232061873690e-01, 1.383981543029e-04, 2.1955e+01, 1.1027e-02, 
 2DIAGNOSTIC,    42, -4.232533729156e-01, 1.399957016770e-04, 2.1966e+01, 1.0812e-02, 
 2DIAGNOSTIC,    43, -4.233123722196e-01, 1.296077574728e-04, 2.1980e+01, 1.4106e-02, 
 2DIAGNOSTIC,    44, -4.233295639626e-01, 1.081302111305e-04, 2.1991e+01, 1.0965e-02, 
 2DIAGNOSTIC,    45, -4.233697435430e-01, 7.862171030802e-05, 2.2005e+01, 1.4122e-02, 
 2DIAGNOSTIC,    46, -4.234402136391e-01, 4.763083803313e-05, 2.2016e+01, 1.1128e-02, 
 2DIAGNOSTIC,    47, -4.234576541502e-01, 3.001708762019e-05, 2.2027e+01, 1.0956e-02, 
 2DIAGNOSTIC,    48, -4.234907491014e-01, 1.936442403863e-05, 2.2040e+01, 1.2613e-02, 
 2DIAGNOSTIC,    49, -4.241066976499e-01, 2.051400186364e-05, 2.2053e+01, 1.2849e-02, 
 2DIAGNOSTIC,    50, -4.246261803009e-01, 3.273838562794e-05, 2.2067e+01, 1.4285e-02, 
 2DIAGNOSTIC,    51, -4.248034228115e-01, 4.461506092221e-05, 2.2081e+01, 1.4105e-02, 
 2DIAGNOSTIC,    52, -4.248096654168e-01, 5.263440435804e-05, 2.2094e+01, 1.2692e-02, 
 2DIAGNOSTIC,    53, -4.248288209129e-01, 5.646764009350e-05, 2.2105e+01, 1.1000e-02, 
 2DIAGNOSTIC,    54, -4.247079766432e-01, 5.336689523878e-05, 2.2116e+01, 1.1024e-02, 
 2DIAGNOSTIC,    55, -4.247358936996e-01, 4.604002735083e-05, 2.2127e+01, 1.0992e-02, 
 2DIAGNOSTIC,    56, -4.247731273424e-01, 3.595401230163e-05, 2.2138e+01, 1.1175e-02, 
 2DIAGNOSTIC,    57, -4.248158603142e-01, 2.367916538501e-05, 2.2149e+01, 1.1013e-02, 
 2DIAGNOSTIC,    58, -4.248894957400e-01, 1.075738850070e-05, 2.2165e+01, 1.5560e-02, 
 2DIAGNOSTIC,    59, -4.248970267449e-01, 4.325708472225e-06, 2.2179e+01, 1.4165e-02, 
 2DIAGNOSTIC,    60, -4.249018499119e-01, 3.629807073167e-06, 2.2191e+01, 1.2526e-02, 
 2DIAGNOSTIC,    61, -4.249148416406e-01, 4.753863566399e-06, 2.2204e+01, 1.2613e-02, 
 2DIAGNOSTIC,    62, -4.249545775790e-01, 5.905431629403e-06, 2.2217e+01, 1.2630e-02, 
 2DIAGNOSTIC,    63, -4.249575482044e-01, 6.761802439824e-06, 2.2232e+01, 1.5675e-02, 
 2DIAGNOSTIC,    64, -4.249578351586e-01, 5.719544087724e-06, 2.2245e+01, 1.2415e-02, 
 2DIAGNOSTIC,    65, -4.249578809948e-01, 4.510802067398e-06, 2.2257e+01, 1.2578e-02, 
 2DIAGNOSTIC,    66, -4.249579256959e-01, 3.329004683954e-06, 2.2268e+01, 1.1163e-02, 
 2DIAGNOSTIC,    67, -4.249580650112e-01, 2.315233362363e-06, 2.2280e+01, 1.1054e-02, 
 2DIAGNOSTIC,    68, -4.249586108948e-01, 1.891412391049e-06, 2.2291e+01, 1.1058e-02, 
 2DIAGNOSTIC,    69, -4.249604244579e-01, 1.441188149149e-06, 2.2302e+01, 1.0947e-02, 
 2DIAGNOSTIC,    70, -4.249718856928e-01, 1.068391223751e-06, 2.2313e+01, 1.1087e-02, 
DIAGNOSTIC,Iteration,metricValue,convergenceValue,ITERATION_TIME_INDEX,SINCE_LAST
 2DIAGNOSTIC,     1, -3.578559579510e-01, 1.797693134862e+308, 3.7871e+01, 1.5559e+01, 
 2DIAGNOSTIC,     2, -3.584099865701e-01, 1.797693134862e+308, 3.7931e+01, 5.9129e-02, 
 2DIAGNOSTIC,     3, -3.589432647456e-01, 1.797693134862e+308, 3.7990e+01, 5.9419e-02, 
 2DIAGNOSTIC,     4, -3.594642659341e-01, 1.797693134862e+308, 3.8049e+01, 5.9015e-02, 
 2DIAGNOSTIC,     5, -3.598763848747e-01, 1.797693134862e+308, 3.8108e+01, 5.9188e-02, 
 2DIAGNOSTIC,     6, -3.601542199307e-01, 1.797693134862e+308, 3.8178e+01, 7.0148e-02, 
 2DIAGNOSTIC,     7, -3.606518533766e-01, 1.797693134862e+308, 3.8260e+01, 8.1246e-02, 
 2DIAGNOSTIC,     8, -3.608361768608e-01, 1.797693134862e+308, 3.8384e+01, 1.2472e-01, 
 2DIAGNOSTIC,     9, -3.608612050923e-01, 1.797693134862e+308, 3.8443e+01, 5.9191e-02, 
 2DIAGNOSTIC,    10, -3.608808681198e-01, 5.636879996649e-04, 3.8503e+01, 5.9787e-02, 
 2DIAGNOSTIC,    11, -3.610349072666e-01, 4.213324736248e-04, 3.8563e+01, 5.9390e-02, 
 2DIAGNOSTIC,    12, -3.611152767595e-01, 3.059287031219e-04, 3.8622e+01, 5.9764e-02, 
 2DIAGNOSTIC,    13, -3.612980787328e-01, 2.237741003081e-04, 3.8682e+01, 5.9699e-02, 
 2DIAGNOSTIC,    14, -3.614933320830e-01, 1.734706656465e-04, 3.8753e+01, 7.0691e-02, 
 2DIAGNOSTIC,    15, -3.615650614458e-01, 1.396074902592e-04, 3.8823e+01, 7.0012e-02, 
 2DIAGNOSTIC,    16, -3.615376710269e-01, 1.091731847710e-04, 3.8892e+01, 6.9439e-02, 
 2DIAGNOSTIC,    17, -3.615036936763e-01, 9.385729344261e-05, 3.8962e+01, 6.9949e-02, 
 2DIAGNOSTIC,    18, -3.614876609095e-01, 7.911103873016e-05, 3.9021e+01, 5.9300e-02, 
 2DIAGNOSTIC,    19, -3.614742760886e-01, 5.915375623668e-05, 3.9081e+01, 5.9747e-02, 
 2DIAGNOSTIC,    20, -3.614991879051e-01, 3.750805363976e-05, 3.9152e+01, 7.0276e-02, 
 2DIAGNOSTIC,    21, -3.615141291249e-01, 2.101000265539e-05, 3.9210e+01, 5.8603e-02, 
 2DIAGNOSTIC,    22, -3.615029274764e-01, 6.625421847851e-06, 3.9270e+01, 5.9621e-02, 
DIAGNOSTIC,Iteration,metricValue,convergenceValue,ITERATION_TIME_INDEX,SINCE_LAST
 2DIAGNOSTIC,     1, -3.051963379609e-01, 1.797693134862e+308, 4.8197e+01, 8.9275e+00, 
 2DIAGNOSTIC,     2, -3.053809879139e-01, 1.797693134862e+308, 4.8671e+01, 4.7343e-01, 
 2DIAGNOSTIC,     3, -3.055490008572e-01, 1.797693134862e+308, 4.9144e+01, 4.7371e-01, 
 2DIAGNOSTIC,     4, -3.057075416889e-01, 1.797693134862e+308, 4.9617e+01, 4.7293e-01, 
 2DIAGNOSTIC,     5, -3.059389938911e-01, 1.797693134862e+308, 5.0090e+01, 4.7251e-01, 
 2DIAGNOSTIC,     6, -3.061293438406e-01, 1.797693134862e+308, 5.0562e+01, 4.7176e-01, 
 2DIAGNOSTIC,     7, -3.066170794575e-01, 1.797693134862e+308, 5.1126e+01, 5.6440e-01, 
 2DIAGNOSTIC,     8, -3.070399759681e-01, 1.797693134862e+308, 5.2156e+01, 1.0305e+00, 
 2DIAGNOSTIC,     9, -3.070359660942e-01, 1.797693134862e+308, 5.2721e+01, 5.6410e-01, 
 2DIAGNOSTIC,    10, -3.070466474275e-01, 4.486721733739e-04, 5.3286e+01, 5.6518e-01, 
 2DIAGNOSTIC,    11, -3.070495743741e-01, 3.829060379464e-04, 5.3944e+01, 6.5820e-01, 
 2DIAGNOSTIC,    12, -3.070417402741e-01, 3.069850787016e-04, 5.4602e+01, 6.5776e-01, 
 2DIAGNOSTIC,    13, -3.070407674289e-01, 2.267054226506e-04, 5.5167e+01, 5.6485e-01, 
 2DIAGNOSTIC,    14, -3.070316877531e-01, 1.475893731424e-04, 5.5638e+01, 4.7110e-01, 
 2DIAGNOSTIC,    15, -3.070305722808e-01, 8.046778608899e-05, 5.6203e+01, 5.6556e-01, 
 2DIAGNOSTIC,    16, -3.070266322863e-01, 2.484361157547e-05, 5.6676e+01, 4.7258e-01, 
DIAGNOSTIC,Iteration,metricValue,convergenceValue,ITERATION_TIME_INDEX,SINCE_LAST
 2DIAGNOSTIC,     1, -2.673790510283e-01, 1.797693134862e+308, 6.5486e+01, 8.8104e+00, 
  Elapsed time (stage 0): 6.7449e+01


Stage 1
  iterations = 1000x500x250x0
  convergence threshold = 1.0000e-06
  convergence window size = 10
  number of levels = 4
  using the Mattes MI metric (number of bins = 32, weight = 1.0000e+00)
  preprocessing:  winsorizing the image intensities
  Shrink factors (level 1 out of 4): [12, 12, 12]
  Shrink factors (level 2 out of 4): [8, 8, 8]
  Shrink factors (level 3 out of 4): [4, 4, 4]
  Shrink factors (level 4 out of 4): [2, 2, 2]
  smoothing sigmas per level: [4, 3, 2, 1]
  regular sampling (percentage = 2.5000e-01)

*** Running AffineTransform registration ***

DIAGNOSTIC,Iteration,metricValue,convergenceValue,ITERATION_TIME_INDEX,SINCE_LAST
 2DIAGNOSTIC,     1, -4.136378140582e-01, 1.797693134862e+308, 2.1191e+01, 2.1191e+01, 
 2DIAGNOSTIC,     2, -4.141407907943e-01, 1.797693134862e+308, 2.1205e+01, 1.4458e-02, 
 2DIAGNOSTIC,     3, -4.151937943046e-01, 1.797693134862e+308, 2.1220e+01, 1.4307e-02, 
 2DIAGNOSTIC,     4, -4.175380625662e-01, 1.797693134862e+308, 2.1234e+01, 1.4614e-02, 
 2DIAGNOSTIC,     5, -4.210493166493e-01, 1.797693134862e+308, 2.1253e+01, 1.8619e-02, 
 2DIAGNOSTIC,     6, -4.215922542460e-01, 1.797693134862e+308, 2.1267e+01, 1.4437e-02, 
 2DIAGNOSTIC,     7, -4.229889841866e-01, 1.797693134862e+308, 2.1283e+01, 1.6040e-02, 
 2DIAGNOSTIC,     8, -4.254027413435e-01, 1.797693134862e+308, 2.1299e+01, 1.6114e-02, 
 2DIAGNOSTIC,     9, -4.262484961325e-01, 1.797693134862e+308, 2.1314e+01, 1.4947e-02, 
 2DIAGNOSTIC,    10, -4.294093077546e-01, 2.445309474078e-03, 2.1330e+01, 1.5412e-02, 
 2DIAGNOSTIC,    11, -4.376179369581e-01, 2.711978830065e-03, 2.1352e+01, 2.2595e-02, 
 2DIAGNOSTIC,    12, -4.392892727436e-01, 2.802148008818e-03, 2.1367e+01, 1.4873e-02, 
 2DIAGNOSTIC,    13, -4.398525637983e-01, 2.710740445197e-03, 2.1382e+01, 1.4587e-02, 
 2DIAGNOSTIC,    14, -4.419851037690e-01, 2.601346236703e-03, 2.1397e+01, 1.5092e-02, 
 2DIAGNOSTIC,    15, -4.430611615364e-01, 2.470129503532e-03, 2.1417e+01, 2.0616e-02, 
 2DIAGNOSTIC,    16, -4.448511679949e-01, 2.220063796816e-03, 2.1436e+01, 1.8323e-02, 
 2DIAGNOSTIC,    17, -4.449604246682e-01, 1.852555612774e-03, 2.1450e+01, 1.4609e-02, 
 2DIAGNOSTIC,    18, -4.460485559467e-01, 1.490847218162e-03, 2.1465e+01, 1.4504e-02, 
 2DIAGNOSTIC,    19, -4.467120349998e-01, 1.082846525765e-03, 2.1479e+01, 1.4555e-02, 
 2DIAGNOSTIC,    20, -4.481996233344e-01, 7.615698600602e-04, 2.1496e+01, 1.6472e-02, 
 2DIAGNOSTIC,    21, -4.504838438748e-01, 7.274676075044e-04, 2.1514e+01, 1.8059e-02, 
 2DIAGNOSTIC,    22, -4.514375870390e-01, 7.064014488930e-04, 2.1530e+01, 1.6130e-02, 
 2DIAGNOSTIC,    23, -4.514265244887e-01, 6.366612282446e-04, 2.1546e+01, 1.5777e-02, 
 2DIAGNOSTIC,    24, -4.516360800801e-01, 5.777819454059e-04, 2.1560e+01, 1.4305e-02, 
 2DIAGNOSTIC,    25, -4.519644226757e-01, 5.048143683137e-04, 2.1576e+01, 1.5997e-02, 
 2DIAGNOSTIC,    26, -4.525799478461e-01, 4.497381751616e-04, 2.1596e+01, 1.9725e-02, 
 2DIAGNOSTIC,    27, -4.527364943091e-01, 3.622829284766e-04, 2.1611e+01, 1.4582e-02, 
 2DIAGNOSTIC,    28, -4.533130379196e-01, 2.868033152699e-04, 2.1627e+01, 1.6087e-02, 
 2DIAGNOSTIC,    29, -4.536817505561e-01, 2.126448395115e-04, 2.1641e+01, 1.4376e-02, 
 2DIAGNOSTIC,    30, -4.538862488463e-01, 1.587761569630e-04, 2.1657e+01, 1.6011e-02, 
 2DIAGNOSTIC,    31, -4.540591460097e-01, 1.442819560906e-04, 2.1671e+01, 1.4320e-02, 
 2DIAGNOSTIC,    32, -4.543755025929e-01, 1.429092063623e-04, 2.1688e+01, 1.7107e-02, 
 2DIAGNOSTIC,    33, -4.548354695609e-01, 1.368130381074e-04, 2.1705e+01, 1.6441e-02, 
 2DIAGNOSTIC,    34, -4.565794731210e-01, 1.549606151770e-04, 2.1723e+01, 1.8340e-02, 
 2DIAGNOSTIC,    35, -4.578924723029e-01, 1.866752908960e-04, 2.1738e+01, 1.5001e-02, 
 2DIAGNOSTIC,    36, -4.604718580501e-01, 2.558916267689e-04, 2.1755e+01, 1.6528e-02, 
 2DIAGNOSTIC,    37, -4.619162405488e-01, 3.239538812067e-04, 2.1772e+01, 1.6867e-02, 
 2DIAGNOSTIC,    38, -4.637291499749e-01, 3.977023050461e-04, 2.1790e+01, 1.8437e-02, 
 2DIAGNOSTIC,    39, -4.654621074357e-01, 4.637724886558e-04, 2.1806e+01, 1.6318e-02, 
 2DIAGNOSTIC,    40, -4.671311550042e-01, 5.116419355463e-04, 2.1821e+01, 1.4688e-02, 
 2DIAGNOSTIC,    41, -4.686638312452e-01, 5.345132102397e-04, 2.1841e+01, 1.9823e-02, 
 2DIAGNOSTIC,    42, -4.690413134680e-01, 5.157708561634e-04, 2.1855e+01, 1.4498e-02, 
 2DIAGNOSTIC,    43, -4.703734039864e-01, 4.753496193086e-04, 2.1872e+01, 1.6144e-02, 
 2DIAGNOSTIC,    44, -4.708896188121e-01, 4.237656272000e-04, 2.1886e+01, 1.4518e-02, 
 2DIAGNOSTIC,    45, -4.712612539252e-01, 3.571448237863e-04, 2.1902e+01, 1.6449e-02, 
 2DIAGNOSTIC,    46, -4.721225274432e-01, 3.069079553302e-04, 2.1922e+01, 1.9746e-02, 
 2DIAGNOSTIC,    47, -4.723719294849e-01, 2.520660820794e-04, 2.1939e+01, 1.6344e-02, 
 2DIAGNOSTIC,    48, -4.724845491223e-01, 2.007270787914e-04, 2.1955e+01, 1.6213e-02, 
 2DIAGNOSTIC,    49, -4.725808354321e-01, 1.557624476329e-04, 2.1971e+01, 1.6252e-02, 
 2DIAGNOSTIC,    50, -4.724263023321e-01, 1.166598472571e-04, 2.1988e+01, 1.6586e-02, 
 2DIAGNOSTIC,    51, -4.724213193806e-01, 8.703133320437e-05, 2.2004e+01, 1.6343e-02, 
 2DIAGNOSTIC,    52, -4.723278384296e-01, 5.335519644376e-05, 2.2048e+01, 4.4250e-02, 
 2DIAGNOSTIC,    53, -4.723278281545e-01, 3.181203091097e-05, 2.2063e+01, 1.4808e-02, 
 2DIAGNOSTIC,    54, -4.723278699858e-01, 1.414928871535e-05, 2.2078e+01, 1.4645e-02, 
DIAGNOSTIC,Iteration,metricValue,convergenceValue,ITERATION_TIME_INDEX,SINCE_LAST
 2DIAGNOSTIC,     1, -4.130859761392e-01, 1.797693134862e+308, 3.7629e+01, 1.5552e+01, 
 2DIAGNOSTIC,     2, -4.138480676082e-01, 1.797693134862e+308, 3.7700e+01, 7.0817e-02, 
 2DIAGNOSTIC,     3, -4.147190422115e-01, 1.797693134862e+308, 3.7773e+01, 7.2433e-02, 
 2DIAGNOSTIC,     4, -4.153842677926e-01, 1.797693134862e+308, 3.7843e+01, 7.0764e-02, 
 2DIAGNOSTIC,     5, -4.162505293084e-01, 1.797693134862e+308, 3.7916e+01, 7.2352e-02, 
 2DIAGNOSTIC,     6, -4.175212981879e-01, 1.797693134862e+308, 3.7987e+01, 7.1149e-02, 
 2DIAGNOSTIC,     7, -4.188495405454e-01, 1.797693134862e+308, 3.8071e+01, 8.3665e-02, 
 2DIAGNOSTIC,     8, -4.190225149678e-01, 1.797693134862e+308, 3.8198e+01, 1.2746e-01, 
 2DIAGNOSTIC,     9, -4.191651942004e-01, 1.797693134862e+308, 3.8268e+01, 6.9737e-02, 
 2DIAGNOSTIC,    10, -4.191369934110e-01, 1.063452671434e-03, 3.8338e+01, 7.0509e-02, 
 2DIAGNOSTIC,    11, -4.192028286368e-01, 8.322249368658e-04, 3.8409e+01, 7.1109e-02, 
 2DIAGNOSTIC,    12, -4.193104890456e-01, 6.130387607557e-04, 3.8503e+01, 9.3340e-02, 
 2DIAGNOSTIC,    13, -4.195496314424e-01, 4.308350380632e-04, 3.8596e+01, 9.2865e-02, 
 2DIAGNOSTIC,    14, -4.195639756548e-01, 2.691712770592e-04, 3.8666e+01, 7.0448e-02, 
 2DIAGNOSTIC,    15, -4.195823974448e-01, 1.443232812177e-04, 3.8737e+01, 7.0521e-02, 
 2DIAGNOSTIC,    16, -4.196054599851e-01, 7.578985564850e-05, 3.8807e+01, 7.0131e-02, 
 2DIAGNOSTIC,    17, -4.197705674858e-01, 6.803435907138e-05, 3.8877e+01, 7.0420e-02, 
 2DIAGNOSTIC,    18, -4.197933468160e-01, 6.197610378218e-05, 3.8981e+01, 1.0415e-01, 
 2DIAGNOSTIC,    19, -4.198040068026e-01, 5.660541401119e-05, 3.9051e+01, 7.0080e-02, 
 2DIAGNOSTIC,    20, -4.198137959869e-01, 4.623297127558e-05, 3.9134e+01, 8.2212e-02, 
 2DIAGNOSTIC,    21, -4.198399864173e-01, 3.564563662066e-05, 3.9227e+01, 9.3384e-02, 
 2DIAGNOSTIC,    22, -4.199087043302e-01, 2.798288998596e-05, 3.9321e+01, 9.4070e-02, 
 2DIAGNOSTIC,    23, -4.200624760261e-01, 3.004188399081e-05, 3.9403e+01, 8.1616e-02, 
 2DIAGNOSTIC,    24, -4.202123338825e-01, 3.386092804471e-05, 3.9484e+01, 8.1782e-02, 
 2DIAGNOSTIC,    25, -4.202447726835e-01, 3.570268204116e-05, 3.9555e+01, 7.0062e-02, 
 2DIAGNOSTIC,    26, -4.202087088101e-01, 3.378269289704e-05, 3.9625e+01, 7.0393e-02, 
 2DIAGNOSTIC,    27, -4.203063655454e-01, 3.558762402729e-05, 3.9695e+01, 7.0569e-02, 
 2DIAGNOSTIC,    28, -4.203122002267e-01, 3.456966195169e-05, 3.9823e+01, 1.2713e-01, 
 2DIAGNOSTIC,    29, -4.203196418634e-01, 3.085041011511e-05, 3.9905e+01, 8.2358e-02, 
 2DIAGNOSTIC,    30, -4.202815835258e-01, 2.399727013357e-05, 3.9975e+01, 7.0356e-02, 
 2DIAGNOSTIC,    31, -4.202440984340e-01, 1.525141091091e-05, 4.0045e+01, 7.0136e-02, 
 2DIAGNOSTIC,    32, -4.202075904994e-01, 6.328457319668e-06, 4.0116e+01, 7.0182e-02, 
DIAGNOSTIC,Iteration,metricValue,convergenceValue,ITERATION_TIME_INDEX,SINCE_LAST
 2DIAGNOSTIC,     1, -3.462336289692e-01, 1.797693134862e+308, 4.9148e+01, 9.0324e+00, 
 2DIAGNOSTIC,     2, -3.463722479189e-01, 1.797693134862e+308, 4.9817e+01, 6.6921e-01, 
 2DIAGNOSTIC,     3, -3.464465769539e-01, 1.797693134862e+308, 5.0394e+01, 5.7675e-01, 
 2DIAGNOSTIC,     4, -3.464739005552e-01, 1.797693134862e+308, 5.0967e+01, 5.7305e-01, 
 2DIAGNOSTIC,     5, -3.465418616971e-01, 1.797693134862e+308, 5.1640e+01, 6.7243e-01, 
 2DIAGNOSTIC,     6, -3.466080064583e-01, 1.797693134862e+308, 5.2213e+01, 5.7324e-01, 
 2DIAGNOSTIC,     7, -3.467057857309e-01, 1.797693134862e+308, 5.3174e+01, 9.6116e-01, 
 2DIAGNOSTIC,     8, -3.467371576234e-01, 1.797693134862e+308, 5.3844e+01, 6.6983e-01, 
 2DIAGNOSTIC,     9, -3.467286971081e-01, 1.797693134862e+308, 5.4517e+01, 6.7352e-01, 
 2DIAGNOSTIC,    10, -3.467653492305e-01, 9.882905708578e-05, 5.5189e+01, 6.7144e-01, 
 2DIAGNOSTIC,    11, -3.467588929900e-01, 7.381496726702e-05, 5.5859e+01, 6.7002e-01, 
 2DIAGNOSTIC,    12, -3.467635894210e-01, 5.625446835414e-05, 5.6529e+01, 6.7039e-01, 
 2DIAGNOSTIC,    13, -3.467703595690e-01, 4.171249843356e-05, 5.7199e+01, 6.7035e-01, 
 2DIAGNOSTIC,    14, -3.467705865055e-01, 2.730134682384e-05, 5.7967e+01, 7.6766e-01, 
 2DIAGNOSTIC,    15, -3.467747026770e-01, 1.643373174673e-05, 5.8636e+01, 6.6838e-01, 
 2DIAGNOSTIC,    16, -3.467696571595e-01, 8.609643050064e-06, 5.9312e+01, 6.7631e-01, 
 2DIAGNOSTIC,    17, -3.467725503287e-01, 5.938305047457e-06, 6.0079e+01, 7.6733e-01, 
 2DIAGNOSTIC,    18, -3.467675417839e-01, 4.405908661895e-06, 6.0742e+01, 6.6300e-01, 
 2DIAGNOSTIC,    19, -3.467665766309e-01, 2.340477651852e-06, 6.1421e+01, 6.7919e-01, 
 2DIAGNOSTIC,    20, -3.467628643314e-01, 1.782997911093e-06, 6.2084e+01, 6.6292e-01, 
 2DIAGNOSTIC,    21, -3.467651363793e-01, 1.098251472750e-06, 6.2656e+01, 5.7197e-01, 
DIAGNOSTIC,Iteration,metricValue,convergenceValue,ITERATION_TIME_INDEX,SINCE_LAST
 2DIAGNOSTIC,     1, -2.961205908597e-01, 1.797693134862e+308, 7.2361e+01, 9.7051e+00, 
  Elapsed time (stage 1): 7.4196e+01


Stage 2
  iterations = 100x100x70x50x0
  convergence threshold = 1.0000e-06
  convergence window size = 10
  number of levels = 5
  using the Mattes MI metric (number of bins = 32, weight = 1.0000e+00)
  preprocessing:  winsorizing the image intensities
  Shrink factors (level 1 out of 5): [10, 10, 10]
  Shrink factors (level 2 out of 5): [6, 6, 6]
  Shrink factors (level 3 out of 5): [4, 4, 4]
  Shrink factors (level 4 out of 5): [2, 2, 2]
  Shrink factors (level 5 out of 5): [1, 1, 1]
  smoothing sigmas per level: [5, 3, 2, 1, 0]
  Using default NONE metricSamplingStrategy 

*** Running SyN registration (varianceForUpdateField = 3.0000e+00, varianceForTotalField = 0.0000e+00) ***

XXDIAGNOSTIC,Iteration,metricValue,convergenceValue,ITERATION_TIME_INDEX,SINCE_LAST
 1DIAGNOSTIC,     1, -4.830111158802e-01, 1.797693134862e+308, 3.4289e+01, 3.4289e+01, 
 1DIAGNOSTIC,     2, -4.956802284184e-01, 1.797693134862e+308, 3.4428e+01, 1.3919e-01, 
 1DIAGNOSTIC,     3, -5.054785886321e-01, 1.797693134862e+308, 3.4564e+01, 1.3565e-01, 
 1DIAGNOSTIC,     4, -5.088916679847e-01, 1.797693134862e+308, 3.4697e+01, 1.3269e-01, 
 1DIAGNOSTIC,     5, -5.103487437457e-01, 1.797693134862e+308, 3.4833e+01, 1.3602e-01, 
 1DIAGNOSTIC,     6, -5.094452704719e-01, 1.797693134862e+308, 3.4966e+01, 1.3350e-01, 
 1DIAGNOSTIC,     7, -5.063839166883e-01, 1.797693134862e+308, 3.5100e+01, 1.3369e-01, 
 1DIAGNOSTIC,     8, -5.048986038316e-01, 1.797693134862e+308, 3.5233e+01, 1.3350e-01, 
 1DIAGNOSTIC,     9, -5.022529971333e-01, 1.797693134862e+308, 3.5367e+01, 1.3368e-01, 
 1DIAGNOSTIC,    10, -4.986373443947e-01, 1.114068150166e-03, 3.5502e+01, 1.3505e-01, 
 1DIAGNOSTIC,    11, -4.960789555119e-01, -6.811661886212e-04, 3.5637e+01, 1.3449e-01, 
XXDIAGNOSTIC,Iteration,metricValue,convergenceValue,ITERATION_TIME_INDEX,SINCE_LAST
 1DIAGNOSTIC,     1, -3.952001957646e-01, 1.797693134862e+308, 5.1546e+01, 1.5909e+01, 
 1DIAGNOSTIC,     2, -3.969775747130e-01, 1.797693134862e+308, 5.2084e+01, 5.3789e-01, 
 1DIAGNOSTIC,     3, -3.979724395108e-01, 1.797693134862e+308, 5.2621e+01, 5.3746e-01, 
 1DIAGNOSTIC,     4, -3.982914932369e-01, 1.797693134862e+308, 5.3155e+01, 5.3356e-01, 
 1DIAGNOSTIC,     5, -3.980736161782e-01, 1.797693134862e+308, 5.3690e+01, 5.3529e-01, 
 1DIAGNOSTIC,     6, -3.979713147167e-01, 1.797693134862e+308, 5.4225e+01, 5.3504e-01, 
 1DIAGNOSTIC,     7, -3.973211964116e-01, 1.797693134862e+308, 5.4760e+01, 5.3428e-01, 
 1DIAGNOSTIC,     8, -3.969068622560e-01, 1.797693134862e+308, 5.5294e+01, 5.3491e-01, 
 1DIAGNOSTIC,     9, -3.959955727744e-01, 1.797693134862e+308, 5.5830e+01, 5.3550e-01, 
 1DIAGNOSTIC,    10, -3.954364299062e-01, -1.285081356713e-04, 5.6366e+01, 5.3577e-01, 
XXDIAGNOSTIC,Iteration,metricValue,convergenceValue,ITERATION_TIME_INDEX,SINCE_LAST
 1DIAGNOSTIC,     1, -3.384849073202e-01, 1.797693134862e+308, 6.6450e+01, 1.0085e+01, 
 1DIAGNOSTIC,     2, -3.392245903132e-01, 1.797693134862e+308, 6.8142e+01, 1.6918e+00, 
 1DIAGNOSTIC,     3, -3.398647937144e-01, 1.797693134862e+308, 6.9851e+01, 1.7086e+00, 
 1DIAGNOSTIC,     4, -3.401203358001e-01, 1.797693134862e+308, 7.1548e+01, 1.6967e+00, 
 1DIAGNOSTIC,     5, -3.401315867775e-01, 1.797693134862e+308, 7.3253e+01, 1.7052e+00, 
 1DIAGNOSTIC,     6, -3.402701432851e-01, 1.797693134862e+308, 7.4942e+01, 1.6893e+00, 
 1DIAGNOSTIC,     7, -3.402704479006e-01, 1.797693134862e+308, 7.6642e+01, 1.6999e+00, 
 1DIAGNOSTIC,     8, -3.401777864620e-01, 1.797693134862e+308, 7.8328e+01, 1.6862e+00, 
 1DIAGNOSTIC,     9, -3.401615571169e-01, 1.797693134862e+308, 8.0028e+01, 1.6999e+00, 
 1DIAGNOSTIC,    10, -3.399100204258e-01, 2.169593260322e-04, 8.1819e+01, 1.7905e+00, 
 1DIAGNOSTIC,    11, -3.396519953261e-01, 4.223744184410e-05, 8.3571e+01, 1.7524e+00, 
 1DIAGNOSTIC,    12, -3.393901715422e-01, -7.438652252385e-05, 8.5258e+01, 1.6867e+00, 
XXDIAGNOSTIC,Iteration,metricValue,convergenceValue,ITERATION_TIME_INDEX,SINCE_LAST
 1DIAGNOSTIC,     1, -2.859496803077e-01, 1.797693134862e+308, 1.0465e+02, 1.9390e+01, 
 1DIAGNOSTIC,     2, -2.866978185379e-01, 1.797693134862e+308, 1.1735e+02, 1.2699e+01, 
 1DIAGNOSTIC,     3, -2.874944077451e-01, 1.797693134862e+308, 1.2995e+02, 1.2602e+01, 
 1DIAGNOSTIC,     4, -2.882084737590e-01, 1.797693134862e+308, 1.4311e+02, 1.3164e+01, 
 1DIAGNOSTIC,     5, -2.889238038941e-01, 1.797693134862e+308, 1.5629e+02, 1.3181e+01, 
 1DIAGNOSTIC,     6, -2.894634274858e-01, 1.797693134862e+308, 1.6892e+02, 1.2626e+01, 
 1DIAGNOSTIC,     7, -2.898726330342e-01, 1.797693134862e+308, 1.8151e+02, 1.2592e+01, 
 1DIAGNOSTIC,     8, -2.903729361687e-01, 1.797693134862e+308, 1.9422e+02, 1.2710e+01, 
 1DIAGNOSTIC,     9, -2.909023975353e-01, 1.797693134862e+308, 2.0727e+02, 1.3053e+01, 
 1DIAGNOSTIC,    10, -2.913853218141e-01, 1.183185191250e-03, 2.2076e+02, 1.3489e+01, 
 1DIAGNOSTIC,    11, -2.918026420601e-01, 9.981450783618e-04, 2.3340e+02, 1.2639e+01, 
 1DIAGNOSTIC,    12, -2.920820829908e-01, 8.381671059657e-04, 2.4644e+02, 1.3034e+01, 
 1DIAGNOSTIC,    13, -2.924344426518e-01, 7.135188337920e-04, 2.5991e+02, 1.3472e+01, 
 1DIAGNOSTIC,    14, -2.927212379721e-01, 6.109571893814e-04, 2.7301e+02, 1.3103e+01, 
 1DIAGNOSTIC,    15, -2.929774740526e-01, 5.292138425132e-04, 2.8660e+02, 1.3588e+01, 
 1DIAGNOSTIC,    16, -2.932102622989e-01, 4.564129302091e-04, 3.0007e+02, 1.3471e+01, 
 1DIAGNOSTIC,    17, -2.934100017684e-01, 3.851044007610e-04, 3.1354e+02, 1.3469e+01, 
 1DIAGNOSTIC,    18, -2.935909213327e-01, 3.229026734794e-04, 3.2700e+02, 1.3465e+01, 
 1DIAGNOSTIC,    19, -2.937738367830e-01, 2.736724114408e-04, 3.4054e+02, 1.3537e+01, 
 1DIAGNOSTIC,    20, -2.939161994684e-01, 2.342499528517e-04, 3.5404e+02, 1.3496e+01, 
 1DIAGNOSTIC,    21, -2.940299141497e-01, 2.014715338589e-04, 3.6754e+02, 1.3506e+01, 
 1DIAGNOSTIC,    22, -2.941803222263e-01, 1.718404721673e-04, 3.8104e+02, 1.3497e+01, 
 1DIAGNOSTIC,    23, -2.943065811103e-01, 1.488983488524e-04, 3.9454e+02, 1.3498e+01, 
 1DIAGNOSTIC,    24, -2.944044297310e-01, 1.294648079767e-04, 4.0807e+02, 1.3529e+01, 
 1DIAGNOSTIC,    25, -2.944917853138e-01, 1.128243873524e-04, 4.2160e+02, 1.3532e+01, 
 1DIAGNOSTIC,    26, -2.945881624452e-01, 9.921506083291e-05, 4.3510e+02, 1.3499e+01, 
 1DIAGNOSTIC,    27, -2.946523085514e-01, 8.676291960438e-05, 4.4861e+02, 1.3510e+01, 
 1DIAGNOSTIC,    28, -2.947114154349e-01, 7.534569400586e-05, 4.6207e+02, 1.3462e+01, 
 1DIAGNOSTIC,    29, -2.947831905202e-01, 6.619489726933e-05, 4.7555e+02, 1.3484e+01, 
 1DIAGNOSTIC,    30, -2.948692879593e-01, 5.885400813585e-05, 4.8911e+02, 1.3551e+01, 
 1DIAGNOSTIC,    31, -2.949069751574e-01, 5.114620644699e-05, 5.0261e+02, 1.3503e+01, 
 1DIAGNOSTIC,    32, -2.949546399751e-01, 4.514802685464e-05, 5.1608e+02, 1.3469e+01, 
 1DIAGNOSTIC,    33, -2.950241214126e-01, 4.106039052845e-05, 5.2955e+02, 1.3471e+01, 
 1DIAGNOSTIC,    34, -2.951156184389e-01, 3.874006003107e-05, 5.4303e+02, 1.3482e+01, 
 1DIAGNOSTIC,    35, -2.951940071900e-01, 3.745506549123e-05, 5.5653e+02, 1.3500e+01, 
 1DIAGNOSTIC,    36, -2.952575776424e-01, 3.705338243421e-05, 5.6999e+02, 1.3457e+01, 
 1DIAGNOSTIC,    37, -2.953274811612e-01, 3.674999408581e-05, 5.8344e+02, 1.3452e+01, 
 1DIAGNOSTIC,    38, -2.953633641276e-01, 3.541993415065e-05, 5.9690e+02, 1.3464e+01, 
 1DIAGNOSTIC,    39, -2.954091583770e-01, 3.372786254510e-05, 6.1041e+02, 1.3508e+01, 
 1DIAGNOSTIC,    40, -2.954472335653e-01, 3.197101662568e-05, 6.2388e+02, 1.3472e+01, 
 1DIAGNOSTIC,    41, -2.954819950708e-01, 2.902623191764e-05, 6.3736e+02, 1.3481e+01, 
 1DIAGNOSTIC,    42, -2.955240636204e-01, 2.557658211693e-05, 6.5096e+02, 1.3596e+01, 
 1DIAGNOSTIC,    43, -2.955477528000e-01, 2.197798466886e-05, 6.6443e+02, 1.3472e+01, 
 1DIAGNOSTIC,    44, -2.956277984766e-01, 2.027280396728e-05, 6.7787e+02, 1.3443e+01, 
 1DIAGNOSTIC,    45, -2.956451261827e-01, 1.877969142101e-05, 6.9135e+02, 1.3479e+01, 
 1DIAGNOSTIC,    46, -2.956816729191e-01, 1.771470190158e-05, 7.0489e+02, 1.3535e+01, 
 1DIAGNOSTIC,    47, -2.956807608042e-01, 1.648237059097e-05, 7.1836e+02, 1.3472e+01, 
 1DIAGNOSTIC,    48, -2.957012656718e-01, 1.491880555672e-05, 7.3183e+02, 1.3465e+01, 
 1DIAGNOSTIC,    49, -2.957095477347e-01, 1.309377695234e-05, 7.4529e+02, 1.3462e+01, 
 1DIAGNOSTIC,    50, -2.957314233409e-01, 1.129503494883e-05, 7.5875e+02, 1.3463e+01, 
  Elapsed time (stage 2): 779


Total elapsed time: 920.7

--- Writing output images ---

Using double precision for computations.
Input scalar image: data/Segmentations/1119_3_seg.nii.gz
Reference image: data/template/T_template0_BrainCerebellum.nii.gz
=============================================================================
The composite transform comprises the following transforms (in order): 
  1. /tmp/1971159.1.basic.q/1119_ToTemplate_002_0GenericAffine.mat (type = AffineTransform)
  2. /tmp/1971159.1.basic.q/1119_ToTemplate_002_1Warp.nii.gz (type = DisplacementFieldTransform)
=============================================================================
Default pixel value: 0
Interpolation type: LabelImageGenericInterpolateImageFunction
Output warped image: output/1119/1119_WarpedLabels_002.nii.gz

--- Done ---

