
--- Running on compute-1-15.local ---


--- registration call ---
/data/jet/pcook/bin/antsBuild/bin/antsRegistrationSyNQuick.sh -d 3 -f data/template/T_template0_BrainCerebellum.nii.gz -m data/Brains/1119_3.nii.gz -t s -p d -n 1 -o /tmp/1971179.1.basic.q/1119_ToTemplate_022_
---


--------------------------------------------------------------------------------------
 Mapping parameters
--------------------------------------------------------------------------------------
 ANTSPATH is /data/jet/pcook/bin/antsBuild/bin/

 Dimensionality:           3
 Output name prefix:       /tmp/1971179.1.basic.q/1119_ToTemplate_022_
 Fixed images:             data/template/T_template0_BrainCerebellum.nii.gz
 Moving images:            data/Brains/1119_3.nii.gz
 Mask images:              
 Initial transforms:       
 Number of threads:        1
 Spline distance:          26
 Transform type:           s
 MI histogram bins:        32
 Precision:                d
 Use histogram matching    0
======================================================================================
 antsRegistration call:
--------------------------------------------------------------------------------------
/data/jet/pcook/bin/antsBuild/bin//antsRegistration --verbose 1 --dimensionality 3 --float 0 --collapse-output-transforms 1 --output [/tmp/1971179.1.basic.q/1119_ToTemplate_022_,/tmp/1971179.1.basic.q/1119_ToTemplate_022_Warped.nii.gz,/tmp/1971179.1.basic.q/1119_ToTemplate_022_InverseWarped.nii.gz] --interpolation Linear --use-histogram-matching 0 --winsorize-image-intensities [0.005,0.995] --initial-moving-transform [data/template/T_template0_BrainCerebellum.nii.gz,data/Brains/1119_3.nii.gz,1] --transform Rigid[0.1] --metric MI[data/template/T_template0_BrainCerebellum.nii.gz,data/Brains/1119_3.nii.gz,1,32,Regular,0.25] --convergence [1000x500x250x0,1e-6,10] --shrink-factors 12x8x4x2 --smoothing-sigmas 4x3x2x1vox --transform Affine[0.1] --metric MI[data/template/T_template0_BrainCerebellum.nii.gz,data/Brains/1119_3.nii.gz,1,32,Regular,0.25] --convergence [1000x500x250x0,1e-6,10] --shrink-factors 12x8x4x2 --smoothing-sigmas 4x3x2x1vox --transform SyN[0.1,3,0] --metric MI[data/template/T_template0_BrainCerebellum.nii.gz,data/Brains/1119_3.nii.gz,1,32] --convergence [100x100x70x50x0,1e-6,10] --shrink-factors 10x6x4x2x1 --smoothing-sigmas 5x3x2x1x0vox
--------------------------------------------------------------------------------------
All_Command_lines_OK
Using double precision for computations.
=============================================================================
The composite transform comprises the following transforms (in order): 
  1. Center of mass alignment using fixed image: data/template/T_template0_BrainCerebellum.nii.gz and moving image: data/Brains/1119_3.nii.gz (type = Euler3DTransform)
=============================================================================
  number of levels = 4
  number of levels = 4
  number of levels = 5
  fixed image: data/template/T_template0_BrainCerebellum.nii.gz
  moving image: data/Brains/1119_3.nii.gz
  fixed image: data/template/T_template0_BrainCerebellum.nii.gz
  moving image: data/Brains/1119_3.nii.gz
  fixed image: data/template/T_template0_BrainCerebellum.nii.gz
  moving image: data/Brains/1119_3.nii.gz
Dimension = 3
Number of stages = 3
Use Histogram Matching false
Winsorize image intensities true
Lower quantile = 0.005
Upper quantile = 0.995
Stage 1 State
   Image metric = Mattes
     Fixed image = Image (0x53fbcd0)
  RTTI typeinfo:   itk::Image<double, 3u>
  Reference Count: 2
  Modified Time: 1611
  Debug: Off
  Object Name: 
  Observers: 
    none
  Source: (none)
  Source output name: (none)
  Release Data: Off
  Data Released: False
  Global Release Data: Off
  PipelineMTime: 0
  UpdateMTime: 1422
  RealTimeStamp: 0 seconds 
  LargestPossibleRegion: 
    Dimension: 3
    Index: [0, 0, 0]
    Size: [216, 256, 291]
  BufferedRegion: 
    Dimension: 3
    Index: [0, 0, 0]
    Size: [216, 256, 291]
  RequestedRegion: 
    Dimension: 3
    Index: [0, 0, 0]
    Size: [216, 256, 291]
  Spacing: [1, 1, 1]
  Origin: [0, 293, 0]
  Direction: 
1 0 0
0 -0 -1
0 -1 -0

  IndexToPointMatrix: 
1 0 0
0 0 -1
0 -1 0

  PointToIndexMatrix: 
1 0 0
0 0 -1
0 -1 0

  Inverse Direction: 
1 0 0
0 0 -1
0 -1 0

  PixelContainer: 
    ImportImageContainer (0x53ff7d0)
      RTTI typeinfo:   itk::ImportImageContainer<unsigned long, double>
      Reference Count: 1
      Modified Time: 1419
      Debug: Off
      Object Name: 
      Observers: 
        none
      Pointer: 0x7fa07225e010
      Container manages memory: true
      Size: 16091136
      Capacity: 16091136

     Moving image = Image (0x53fdd30)
  RTTI typeinfo:   itk::Image<double, 3u>
  Reference Count: 2
  Modified Time: 1612
  Debug: Off
  Object Name: 
  Observers: 
    none
  Source: (none)
  Source output name: (none)
  Release Data: Off
  Data Released: False
  Global Release Data: Off
  PipelineMTime: 0
  UpdateMTime: 1609
  RealTimeStamp: 0 seconds 
  LargestPossibleRegion: 
    Dimension: 3
    Index: [0, 0, 0]
    Size: [256, 256, 290]
  BufferedRegion: 
    Dimension: 3
    Index: [0, 0, 0]
    Size: [256, 256, 290]
  RequestedRegion: 
    Dimension: 3
    Index: [0, 0, 0]
    Size: [256, 256, 290]
  Spacing: [1, 1, 1]
  Origin: [0, 289, 0]
  Direction: 
1 0 0
0 -0 -1
0 -1 -0

  IndexToPointMatrix: 
1 0 0
0 0 -1
0 -1 0

  PointToIndexMatrix: 
1 0 0
0 0 -1
0 -1 0

  Inverse Direction: 
1 0 0
0 0 -1
0 -1 0

  PixelContainer: 
    ImportImageContainer (0x53eef40)
      RTTI typeinfo:   itk::ImportImageContainer<unsigned long, double>
      Reference Count: 1
      Modified Time: 1606
      Debug: Off
      Object Name: 
      Observers: 
        none
      Pointer: 0x7fa06915d010
      Container manages memory: true
      Size: 19005440
      Capacity: 19005440

     Weighting = 1
     Sampling strategy = regular
     Number of bins = 32
     Radius = 4
     Sampling percentage  = 0.25
   Transform = Rigid
     Gradient step = 0.1
     Update field sigma (voxel space) = 0
     Total field sigma (voxel space) = 0
     Update field time sigma = 0
     Total field time sigma  = 0
     Number of time indices = 0
     Number of time point samples = 0
Stage 2 State
   Image metric = Mattes
     Fixed image = Image (0x54026e0)
  RTTI typeinfo:   itk::Image<double, 3u>
  Reference Count: 2
  Modified Time: 1987
  Debug: Off
  Object Name: 
  Observers: 
    none
  Source: (none)
  Source output name: (none)
  Release Data: Off
  Data Released: False
  Global Release Data: Off
  PipelineMTime: 0
  UpdateMTime: 1798
  RealTimeStamp: 0 seconds 
  LargestPossibleRegion: 
    Dimension: 3
    Index: [0, 0, 0]
    Size: [216, 256, 291]
  BufferedRegion: 
    Dimension: 3
    Index: [0, 0, 0]
    Size: [216, 256, 291]
  RequestedRegion: 
    Dimension: 3
    Index: [0, 0, 0]
    Size: [216, 256, 291]
  Spacing: [1, 1, 1]
  Origin: [0, 293, 0]
  Direction: 
1 0 0
0 -0 -1
0 -1 -0

  IndexToPointMatrix: 
1 0 0
0 0 -1
0 -1 0

  PointToIndexMatrix: 
1 0 0
0 0 -1
0 -1 0

  Inverse Direction: 
1 0 0
0 0 -1
0 -1 0

  PixelContainer: 
    ImportImageContainer (0x53fe950)
      RTTI typeinfo:   itk::ImportImageContainer<unsigned long, double>
      Reference Count: 1
      Modified Time: 1795
      Debug: Off
      Object Name: 
      Observers: 
        none
      Pointer: 0x7fa061698010
      Container manages memory: true
      Size: 16091136
      Capacity: 16091136

     Moving image = Image (0x540f060)
  RTTI typeinfo:   itk::Image<double, 3u>
  Reference Count: 2
  Modified Time: 1988
  Debug: Off
  Object Name: 
  Observers: 
    none
  Source: (none)
  Source output name: (none)
  Release Data: Off
  Data Released: False
  Global Release Data: Off
  PipelineMTime: 0
  UpdateMTime: 1985
  RealTimeStamp: 0 seconds 
  LargestPossibleRegion: 
    Dimension: 3
    Index: [0, 0, 0]
    Size: [256, 256, 290]
  BufferedRegion: 
    Dimension: 3
    Index: [0, 0, 0]
    Size: [256, 256, 290]
  RequestedRegion: 
    Dimension: 3
    Index: [0, 0, 0]
    Size: [256, 256, 290]
  Spacing: [1, 1, 1]
  Origin: [0, 289, 0]
  Direction: 
1 0 0
0 -0 -1
0 -1 -0

  IndexToPointMatrix: 
1 0 0
0 0 -1
0 -1 0

  PointToIndexMatrix: 
1 0 0
0 0 -1
0 -1 0

  Inverse Direction: 
1 0 0
0 0 -1
0 -1 0

  PixelContainer: 
    ImportImageContainer (0x540e9e0)
      RTTI typeinfo:   itk::ImportImageContainer<unsigned long, double>
      Reference Count: 1
      Modified Time: 1982
      Debug: Off
      Object Name: 
      Observers: 
        none
      Pointer: 0x7fa058597010
      Container manages memory: true
      Size: 19005440
      Capacity: 19005440

     Weighting = 1
     Sampling strategy = regular
     Number of bins = 32
     Radius = 4
     Sampling percentage  = 0.25
   Transform = Affine
     Gradient step = 0.1
     Update field sigma (voxel space) = 0
     Total field sigma (voxel space) = 0
     Update field time sigma = 0
     Total field time sigma  = 0
     Number of time indices = 0
     Number of time point samples = 0
Stage 3 State
   Image metric = Mattes
     Fixed image = Image (0x5414980)
  RTTI typeinfo:   itk::Image<double, 3u>
  Reference Count: 2
  Modified Time: 2363
  Debug: Off
  Object Name: 
  Observers: 
    none
  Source: (none)
  Source output name: (none)
  Release Data: Off
  Data Released: False
  Global Release Data: Off
  PipelineMTime: 0
  UpdateMTime: 2174
  RealTimeStamp: 0 seconds 
  LargestPossibleRegion: 
    Dimension: 3
    Index: [0, 0, 0]
    Size: [216, 256, 291]
  BufferedRegion: 
    Dimension: 3
    Index: [0, 0, 0]
    Size: [216, 256, 291]
  RequestedRegion: 
    Dimension: 3
    Index: [0, 0, 0]
    Size: [216, 256, 291]
  Spacing: [1, 1, 1]
  Origin: [0, 293, 0]
  Direction: 
1 0 0
0 -0 -1
0 -1 -0

  IndexToPointMatrix: 
1 0 0
0 0 -1
0 -1 0

  PointToIndexMatrix: 
1 0 0
0 0 -1
0 -1 0

  Inverse Direction: 
1 0 0
0 0 -1
0 -1 0

  PixelContainer: 
    ImportImageContainer (0x540d720)
      RTTI typeinfo:   itk::ImportImageContainer<unsigned long, double>
      Reference Count: 1
      Modified Time: 2171
      Debug: Off
      Object Name: 
      Observers: 
        none
      Pointer: 0x7fa050ad2010
      Container manages memory: true
      Size: 16091136
      Capacity: 16091136

     Moving image = Image (0x54170f0)
  RTTI typeinfo:   itk::Image<double, 3u>
  Reference Count: 2
  Modified Time: 2364
  Debug: Off
  Object Name: 
  Observers: 
    none
  Source: (none)
  Source output name: (none)
  Release Data: Off
  Data Released: False
  Global Release Data: Off
  PipelineMTime: 0
  UpdateMTime: 2361
  RealTimeStamp: 0 seconds 
  LargestPossibleRegion: 
    Dimension: 3
    Index: [0, 0, 0]
    Size: [256, 256, 290]
  BufferedRegion: 
    Dimension: 3
    Index: [0, 0, 0]
    Size: [256, 256, 290]
  RequestedRegion: 
    Dimension: 3
    Index: [0, 0, 0]
    Size: [256, 256, 290]
  Spacing: [1, 1, 1]
  Origin: [0, 289, 0]
  Direction: 
1 0 0
0 -0 -1
0 -1 -0

  IndexToPointMatrix: 
1 0 0
0 0 -1
0 -1 0

  PointToIndexMatrix: 
1 0 0
0 0 -1
0 -1 0

  Inverse Direction: 
1 0 0
0 0 -1
0 -1 0

  PixelContainer: 
    ImportImageContainer (0x5414c10)
      RTTI typeinfo:   itk::ImportImageContainer<unsigned long, double>
      Reference Count: 1
      Modified Time: 2358
      Debug: Off
      Object Name: 
      Observers: 
        none
      Pointer: 0x7fa0479d1010
      Container manages memory: true
      Size: 19005440
      Capacity: 19005440

     Weighting = 1
     Sampling strategy = none
     Number of bins = 32
     Radius = 4
     Sampling percentage  = 1
   Transform = SyN
     Gradient step = 0.1
     Update field sigma (voxel space) = 3
     Total field sigma (voxel space) = 0
     Update field time sigma = 0
     Total field time sigma  = 0
     Number of time indices = 0
     Number of time point samples = 0
Registration using 3 total stages.

Stage 0
  iterations = 1000x500x250x0
  convergence threshold = 1e-06
  convergence window size = 10
  number of levels = 4
  using the Mattes MI metric (number of bins = 32, weight = 1)
  preprocessing:  winsorizing the image intensities
  Shrink factors (level 1 out of 4): [12, 12, 12]
  Shrink factors (level 2 out of 4): [8, 8, 8]
  Shrink factors (level 3 out of 4): [4, 4, 4]
  Shrink factors (level 4 out of 4): [2, 2, 2]
  smoothing sigmas per level: [4, 3, 2, 1]
  regular sampling (percentage = 0.25)

*** Running Euler3DTransform registration ***

DIAGNOSTIC,Iteration,metricValue,convergenceValue,ITERATION_TIME_INDEX,SINCE_LAST
 2DIAGNOSTIC,     1, -4.121838147037e-01, 1.797693134862e+308, 2.1488e+01, 2.1488e+01, 
 2DIAGNOSTIC,     2, -4.125336592495e-01, 1.797693134862e+308, 2.1499e+01, 1.1318e-02, 
 2DIAGNOSTIC,     3, -4.132295814345e-01, 1.797693134862e+308, 2.1510e+01, 1.0938e-02, 
 2DIAGNOSTIC,     4, -4.140149901940e-01, 1.797693134862e+308, 2.1521e+01, 1.1143e-02, 
 2DIAGNOSTIC,     5, -4.145476660770e-01, 1.797693134862e+308, 2.1534e+01, 1.2605e-02, 
 2DIAGNOSTIC,     6, -4.149749617061e-01, 1.797693134862e+308, 2.1545e+01, 1.1177e-02, 
 2DIAGNOSTIC,     7, -4.156333907771e-01, 1.797693134862e+308, 2.1558e+01, 1.2766e-02, 
 2DIAGNOSTIC,     8, -4.157398850836e-01, 1.797693134862e+308, 2.1569e+01, 1.1000e-02, 
 2DIAGNOSTIC,     9, -4.159410114095e-01, 1.797693134862e+308, 2.1586e+01, 1.7426e-02, 
 2DIAGNOSTIC,    10, -4.161695771673e-01, 6.580757935107e-04, 2.1600e+01, 1.3234e-02, 
 2DIAGNOSTIC,    11, -4.162239936361e-01, 5.186002330910e-04, 2.1613e+01, 1.3036e-02, 
 2DIAGNOSTIC,    12, -4.161621794922e-01, 3.720816173635e-04, 2.1624e+01, 1.1606e-02, 
 2DIAGNOSTIC,    13, -4.167669404787e-01, 2.829105909811e-04, 2.1639e+01, 1.4688e-02, 
 2DIAGNOSTIC,    14, -4.168269600712e-01, 2.213763845724e-04, 2.1652e+01, 1.2915e-02, 
 2DIAGNOSTIC,    15, -4.167457185728e-01, 1.685572821278e-04, 2.1663e+01, 1.1364e-02, 
 2DIAGNOSTIC,    16, -4.166929689079e-01, 1.230010065355e-04, 2.1675e+01, 1.1340e-02, 
 2DIAGNOSTIC,    17, -4.168082311147e-01, 1.029506372200e-04, 2.1686e+01, 1.1408e-02, 
 2DIAGNOSTIC,    18, -4.169358864507e-01, 8.402959150954e-05, 2.1697e+01, 1.1160e-02, 
 2DIAGNOSTIC,    19, -4.172071595430e-01, 7.602023604997e-05, 2.1708e+01, 1.1413e-02, 
 2DIAGNOSTIC,    20, -4.177318827771e-01, 8.781317365371e-05, 2.1728e+01, 1.9562e-02, 
 2DIAGNOSTIC,    21, -4.176796731900e-01, 9.055766232043e-05, 2.1740e+01, 1.1548e-02, 
 2DIAGNOSTIC,    22, -4.178476213850e-01, 8.778879524505e-05, 2.1751e+01, 1.1457e-02, 
 2DIAGNOSTIC,    23, -4.178745745799e-01, 9.583271291477e-05, 2.1766e+01, 1.4560e-02, 
 2DIAGNOSTIC,    24, -4.179049850331e-01, 9.683872467157e-05, 2.1778e+01, 1.2800e-02, 
 2DIAGNOSTIC,    25, -4.179421154611e-01, 8.752341044515e-05, 2.1791e+01, 1.2837e-02, 
 2DIAGNOSTIC,    26, -4.179281911171e-01, 6.908402300108e-05, 2.1804e+01, 1.3154e-02, 
 2DIAGNOSTIC,    27, -4.181474036706e-01, 5.425437814837e-05, 2.1821e+01, 1.6411e-02, 
 2DIAGNOSTIC,    28, -4.180503553449e-01, 3.600274942451e-05, 2.1834e+01, 1.2832e-02, 
 2DIAGNOSTIC,    29, -4.180576962117e-01, 2.208081342137e-05, 2.1846e+01, 1.2750e-02, 
 2DIAGNOSTIC,    30, -4.182104551168e-01, 2.264417842503e-05, 2.1858e+01, 1.1389e-02, 
 2DIAGNOSTIC,    31, -4.182254850084e-01, 2.007704820516e-05, 2.1869e+01, 1.1378e-02, 
 2DIAGNOSTIC,    32, -4.181017788200e-01, 1.677698076522e-05, 2.1882e+01, 1.2915e-02, 
 2DIAGNOSTIC,    33, -4.182303461452e-01, 1.552725199124e-05, 2.1897e+01, 1.4675e-02, 
 2DIAGNOSTIC,    34, -4.181136326550e-01, 1.117941248879e-05, 2.1908e+01, 1.1187e-02, 
 2DIAGNOSTIC,    35, -4.181180301006e-01, 6.949771567063e-06, 2.1921e+01, 1.2826e-02, 
 2DIAGNOSTIC,    36, -4.182585625091e-01, 4.645074651900e-06, 2.1935e+01, 1.4393e-02, 
 2DIAGNOSTIC,    37, -4.181266549701e-01, 3.736212525602e-06, 2.1947e+01, 1.1345e-02, 
 2DIAGNOSTIC,    38, -4.181290385329e-01, 1.013291082527e-06, 2.1959e+01, 1.2884e-02, 
DIAGNOSTIC,Iteration,metricValue,convergenceValue,ITERATION_TIME_INDEX,SINCE_LAST
 2DIAGNOSTIC,     1, -3.515132870770e-01, 1.797693134862e+308, 3.7588e+01, 1.5629e+01, 
 2DIAGNOSTIC,     2, -3.527552218708e-01, 1.797693134862e+308, 3.7648e+01, 6.0466e-02, 
 2DIAGNOSTIC,     3, -3.544704608338e-01, 1.797693134862e+308, 3.7709e+01, 6.0269e-02, 
 2DIAGNOSTIC,     4, -3.557749544648e-01, 1.797693134862e+308, 3.7769e+01, 6.0183e-02, 
 2DIAGNOSTIC,     5, -3.562959385563e-01, 1.797693134862e+308, 3.7829e+01, 6.0157e-02, 
 2DIAGNOSTIC,     6, -3.566030418728e-01, 1.797693134862e+308, 3.7900e+01, 7.1293e-02, 
 2DIAGNOSTIC,     7, -3.569007256117e-01, 1.797693134862e+308, 3.7961e+01, 6.0205e-02, 
 2DIAGNOSTIC,     8, -3.573007742322e-01, 1.797693134862e+308, 3.8021e+01, 6.0328e-02, 
 2DIAGNOSTIC,     9, -3.593529334398e-01, 1.797693134862e+308, 3.8081e+01, 6.0103e-02, 
 2DIAGNOSTIC,    10, -3.637405052155e-01, 1.641938013078e-03, 3.8210e+01, 1.2873e-01, 
 2DIAGNOSTIC,    11, -3.640943320457e-01, 1.628204366981e-03, 3.8359e+01, 1.4903e-01, 
 2DIAGNOSTIC,    12, -3.641333460631e-01, 1.558979357314e-03, 3.8419e+01, 5.9940e-02, 
 2DIAGNOSTIC,    13, -3.641592189185e-01, 1.468511681536e-03, 3.8479e+01, 5.9992e-02, 
 2DIAGNOSTIC,    14, -3.641747770660e-01, 1.329849031464e-03, 3.8538e+01, 5.9733e-02, 
 2DIAGNOSTIC,    15, -3.641842997098e-01, 1.112574765331e-03, 3.8598e+01, 6.0099e-02, 
 2DIAGNOSTIC,    16, -3.642681984116e-01, 8.407733963597e-04, 3.8659e+01, 6.0248e-02, 
 2DIAGNOSTIC,    17, -3.644309508128e-01, 5.493451875573e-04, 3.8730e+01, 7.1096e-02, 
 2DIAGNOSTIC,    18, -3.645179948657e-01, 2.613425437121e-04, 3.8801e+01, 7.0772e-02, 
 2DIAGNOSTIC,    19, -3.644837440659e-01, 5.878984104080e-05, 3.8871e+01, 7.0770e-02, 
 2DIAGNOSTIC,    20, -3.644665488993e-01, 4.355120599937e-05, 3.8942e+01, 7.0783e-02, 
 2DIAGNOSTIC,    21, -3.645246888388e-01, 4.129469890523e-05, 3.9002e+01, 6.0017e-02, 
 2DIAGNOSTIC,    22, -3.644885036136e-01, 3.541358877080e-05, 3.9073e+01, 7.0930e-02, 
 2DIAGNOSTIC,    23, -3.645081877984e-01, 2.845185691425e-05, 3.9133e+01, 5.9838e-02, 
 2DIAGNOSTIC,    24, -3.644688536523e-01, 1.888100891020e-05, 3.9193e+01, 5.9765e-02, 
 2DIAGNOSTIC,    25, -3.645154382052e-01, 1.026312753240e-05, 3.9253e+01, 6.0008e-02, 
 2DIAGNOSTIC,    26, -3.645588998033e-01, 5.127790973503e-06, 3.9313e+01, 5.9810e-02, 
 2DIAGNOSTIC,    27, -3.646251791545e-01, 6.557093842931e-06, 3.9383e+01, 7.0748e-02, 
 2DIAGNOSTIC,    28, -3.647036480233e-01, 1.205332237527e-05, 3.9454e+01, 7.0783e-02, 
 2DIAGNOSTIC,    29, -3.646729521451e-01, 1.438532689006e-05, 3.9525e+01, 7.0910e-02, 
 2DIAGNOSTIC,    30, -3.646882521972e-01, 1.526402224609e-05, 3.9585e+01, 5.9875e-02, 
 2DIAGNOSTIC,    31, -3.647145891223e-01, 1.688104656375e-05, 3.9656e+01, 7.1073e-02, 
 2DIAGNOSTIC,    32, -3.647492666713e-01, 1.678612220096e-05, 3.9716e+01, 5.9683e-02, 
 2DIAGNOSTIC,    33, -3.648021068208e-01, 1.693754688038e-05, 3.9786e+01, 7.0480e-02, 
 2DIAGNOSTIC,    34, -3.649539309950e-01, 1.815545462600e-05, 3.9845e+01, 5.9414e-02, 
 2DIAGNOSTIC,    35, -3.649902658989e-01, 1.946971057862e-05, 3.9916e+01, 7.0374e-02, 
 2DIAGNOSTIC,    36, -3.650686272980e-01, 2.159123870408e-05, 3.9976e+01, 5.9802e-02, 
 2DIAGNOSTIC,    37, -3.651599223657e-01, 2.491267605833e-05, 4.0035e+01, 5.9698e-02, 
 2DIAGNOSTIC,    38, -3.655181702731e-01, 3.475460290449e-05, 4.0151e+01, 1.1515e-01, 
 2DIAGNOSTIC,    39, -3.655443259163e-01, 4.055760244643e-05, 4.0221e+01, 7.0396e-02, 
 2DIAGNOSTIC,    40, -3.654944603332e-01, 4.168254545580e-05, 4.0292e+01, 7.1070e-02, 
 2DIAGNOSTIC,    41, -3.654739084608e-01, 3.911326191245e-05, 4.0352e+01, 6.0156e-02, 
 2DIAGNOSTIC,    42, -3.655376848541e-01, 3.480947342695e-05, 4.0412e+01, 5.9796e-02, 
 2DIAGNOSTIC,    43, -3.655655045653e-01, 2.870578795375e-05, 4.0482e+01, 7.0069e-02, 
 2DIAGNOSTIC,    44, -3.655412814138e-01, 2.247049811593e-05, 4.0564e+01, 8.2090e-02, 
 2DIAGNOSTIC,    45, -3.655882298178e-01, 1.601639518058e-05, 4.0624e+01, 6.0006e-02, 
 2DIAGNOSTIC,    46, -3.656364007882e-01, 1.055544680229e-05, 4.0684e+01, 6.0134e-02, 
 2DIAGNOSTIC,    47, -3.656325745769e-01, 5.623836635674e-06, 4.0755e+01, 7.0631e-02, 
 2DIAGNOSTIC,    48, -3.657143191203e-01, 7.586767732392e-06, 4.0848e+01, 9.2985e-02, 
 2DIAGNOSTIC,    49, -3.656715302357e-01, 8.552488381008e-06, 4.0908e+01, 5.9903e-02, 
 2DIAGNOSTIC,    50, -3.656724676531e-01, 8.004660061435e-06, 4.0990e+01, 8.2201e-02, 
 2DIAGNOSTIC,    51, -3.656729070790e-01, 6.431999933040e-06, 4.1247e+01, 2.5715e-01, 
 2DIAGNOSTIC,    52, -3.656729070754e-01, 5.301163712512e-06, 4.1493e+01, 2.4587e-01, 
 2DIAGNOSTIC,    53, -3.656729070754e-01, 4.187000820111e-06, 4.1563e+01, 7.0390e-02, 
 2DIAGNOSTIC,    54, -3.656729070754e-01, 2.413646536293e-06, 4.1656e+01, 9.2843e-02, 
 2DIAGNOSTIC,    55, -3.656729070754e-01, 1.198558683850e-06, 4.1727e+01, 7.1015e-02, 
DIAGNOSTIC,Iteration,metricValue,convergenceValue,ITERATION_TIME_INDEX,SINCE_LAST
 2DIAGNOSTIC,     1, -3.054303867497e-01, 1.797693134862e+308, 5.0894e+01, 9.1665e+00, 
 2DIAGNOSTIC,     2, -3.055957307142e-01, 1.797693134862e+308, 5.1371e+01, 4.7773e-01, 
 2DIAGNOSTIC,     3, -3.057386063241e-01, 1.797693134862e+308, 5.2030e+01, 6.5876e-01, 
 2DIAGNOSTIC,     4, -3.057551043049e-01, 1.797693134862e+308, 5.2508e+01, 4.7811e-01, 
 2DIAGNOSTIC,     5, -3.057714053749e-01, 1.797693134862e+308, 5.3075e+01, 5.6684e-01, 
 2DIAGNOSTIC,     6, -3.057989865208e-01, 1.797693134862e+308, 5.3553e+01, 4.7836e-01, 
 2DIAGNOSTIC,     7, -3.058800088340e-01, 1.797693134862e+308, 5.4032e+01, 4.7817e-01, 
 2DIAGNOSTIC,     8, -3.060005805831e-01, 1.797693134862e+308, 5.4505e+01, 4.7345e-01, 
 2DIAGNOSTIC,     9, -3.062326476514e-01, 1.797693134862e+308, 5.4979e+01, 4.7350e-01, 
 2DIAGNOSTIC,    10, -3.073254381782e-01, 2.538249239614e-04, 5.5735e+01, 7.5625e-01, 
 2DIAGNOSTIC,    11, -3.077871720351e-01, 3.433088940000e-04, 5.6209e+01, 4.7368e-01, 
 2DIAGNOSTIC,    12, -3.078537614144e-01, 4.050841862998e-04, 5.6781e+01, 5.7288e-01, 
 2DIAGNOSTIC,    13, -3.080652496727e-01, 4.475657993462e-04, 5.7348e+01, 5.6667e-01, 
 2DIAGNOSTIC,    14, -3.081671891479e-01, 4.510359518759e-04, 5.7829e+01, 4.8062e-01, 
 2DIAGNOSTIC,    15, -3.085516718911e-01, 4.366915231558e-04, 5.8585e+01, 7.5628e-01, 
 2DIAGNOSTIC,    16, -3.091743999499e-01, 4.210144311205e-04, 5.9527e+01, 9.4189e-01, 
 2DIAGNOSTIC,    17, -3.091694318557e-01, 3.728884885380e-04, 6.0004e+01, 4.7740e-01, 
 2DIAGNOSTIC,    18, -3.091726108417e-01, 3.034705780505e-04, 6.0568e+01, 5.6406e-01, 
 2DIAGNOSTIC,    19, -3.091691407234e-01, 2.236832643660e-04, 6.1226e+01, 6.5760e-01, 
 2DIAGNOSTIC,    20, -3.091677262622e-01, 1.809320959459e-04, 6.1793e+01, 5.6740e-01, 
 2DIAGNOSTIC,    21, -3.091627545980e-01, 1.452645513560e-04, 6.2271e+01, 4.7809e-01, 
 2DIAGNOSTIC,    22, -3.091586099334e-01, 1.020316498152e-04, 6.2751e+01, 4.7920e-01, 
 2DIAGNOSTIC,    23, -3.091515521410e-01, 6.186170278341e-05, 6.3226e+01, 4.7530e-01, 
 2DIAGNOSTIC,    24, -3.091477024566e-01, 2.303126811739e-05, 6.3798e+01, 5.7221e-01, 
DIAGNOSTIC,Iteration,metricValue,convergenceValue,ITERATION_TIME_INDEX,SINCE_LAST
 2DIAGNOSTIC,     1, -2.681312402475e-01, 1.797693134862e+308, 7.2605e+01, 8.8067e+00, 
  Elapsed time (stage 0): 7.4572e+01


Stage 1
  iterations = 1000x500x250x0
  convergence threshold = 1.0000e-06
  convergence window size = 10
  number of levels = 4
  using the Mattes MI metric (number of bins = 32, weight = 1.0000e+00)
  preprocessing:  winsorizing the image intensities
  Shrink factors (level 1 out of 4): [12, 12, 12]
  Shrink factors (level 2 out of 4): [8, 8, 8]
  Shrink factors (level 3 out of 4): [4, 4, 4]
  Shrink factors (level 4 out of 4): [2, 2, 2]
  smoothing sigmas per level: [4, 3, 2, 1]
  regular sampling (percentage = 2.5000e-01)

*** Running AffineTransform registration ***

DIAGNOSTIC,Iteration,metricValue,convergenceValue,ITERATION_TIME_INDEX,SINCE_LAST
 2DIAGNOSTIC,     1, -4.407925535694e-01, 1.797693134862e+308, 2.1159e+01, 2.1159e+01, 
 2DIAGNOSTIC,     2, -4.412373672098e-01, 1.797693134862e+308, 2.1173e+01, 1.4407e-02, 
 2DIAGNOSTIC,     3, -4.420388417904e-01, 1.797693134862e+308, 2.1187e+01, 1.4126e-02, 
 2DIAGNOSTIC,     4, -4.425595404244e-01, 1.797693134862e+308, 2.1201e+01, 1.4086e-02, 
 2DIAGNOSTIC,     5, -4.433171238495e-01, 1.797693134862e+308, 2.1216e+01, 1.4131e-02, 
 2DIAGNOSTIC,     6, -4.454402397730e-01, 1.797693134862e+308, 2.1230e+01, 1.4350e-02, 
 2DIAGNOSTIC,     7, -4.468917932829e-01, 1.797693134862e+308, 2.1246e+01, 1.6009e-02, 
 2DIAGNOSTIC,     8, -4.475743392838e-01, 1.797693134862e+308, 2.1268e+01, 2.1644e-02, 
 2DIAGNOSTIC,     9, -4.477337357251e-01, 1.797693134862e+308, 2.1282e+01, 1.4736e-02, 
 2DIAGNOSTIC,    10, -4.499151880285e-01, 1.348836440663e-03, 2.1299e+01, 1.6457e-02, 
 2DIAGNOSTIC,    11, -4.516440897776e-01, 1.345725731774e-03, 2.1313e+01, 1.4676e-02, 
 2DIAGNOSTIC,    12, -4.523515037775e-01, 1.280725727634e-03, 2.1330e+01, 1.6658e-02, 
 2DIAGNOSTIC,    13, -4.525060547743e-01, 1.159695437104e-03, 2.1349e+01, 1.9377e-02, 
 2DIAGNOSTIC,    14, -4.535186966519e-01, 1.022757736597e-03, 2.1364e+01, 1.4707e-02, 
 2DIAGNOSTIC,    15, -4.559793182954e-01, 9.433123432951e-04, 2.1379e+01, 1.4905e-02, 
 2DIAGNOSTIC,    16, -4.572931620744e-01, 9.188302258084e-04, 2.1399e+01, 1.9750e-02, 
 2DIAGNOSTIC,    17, -4.577391789348e-01, 8.839084581173e-04, 2.1415e+01, 1.6534e-02, 
 2DIAGNOSTIC,    18, -4.582365136628e-01, 8.159224396780e-04, 2.1432e+01, 1.6303e-02, 
 2DIAGNOSTIC,    19, -4.584881864652e-01, 6.920349063229e-04, 2.1448e+01, 1.6120e-02, 
 2DIAGNOSTIC,    20, -4.584149623558e-01, 5.806196935482e-04, 2.1462e+01, 1.4400e-02, 
 2DIAGNOSTIC,    21, -4.583630137507e-01, 4.758279117605e-04, 2.1476e+01, 1.4247e-02, 
 2DIAGNOSTIC,    22, -4.583738438120e-01, 3.581441736988e-04, 2.1491e+01, 1.4339e-02, 
 2DIAGNOSTIC,    23, -4.585988038289e-01, 2.281393629594e-04, 2.1507e+01, 1.6240e-02, 
 2DIAGNOSTIC,    24, -4.589097172355e-01, 1.210180557754e-04, 2.1521e+01, 1.4331e-02, 
 2DIAGNOSTIC,    25, -4.589392585033e-01, 7.327055067955e-05, 2.1538e+01, 1.6394e-02, 
 2DIAGNOSTIC,    26, -4.594504843663e-01, 6.672574847816e-05, 2.1556e+01, 1.8068e-02, 
 2DIAGNOSTIC,    27, -4.595042929857e-01, 6.561500784290e-05, 2.1570e+01, 1.4653e-02, 
 2DIAGNOSTIC,    28, -4.595482235127e-01, 7.044968346441e-05, 2.1587e+01, 1.6334e-02, 
 2DIAGNOSTIC,    29, -4.595653599393e-01, 7.428994247497e-05, 2.1605e+01, 1.7766e-02, 
 2DIAGNOSTIC,    30, -4.594281181670e-01, 6.661003590604e-05, 2.1619e+01, 1.4441e-02, 
 2DIAGNOSTIC,    31, -4.601399978022e-01, 6.664179529260e-05, 2.1639e+01, 1.9545e-02, 
 2DIAGNOSTIC,    32, -4.606378255495e-01, 6.988770663961e-05, 2.1655e+01, 1.6039e-02, 
 2DIAGNOSTIC,    33, -4.605478189245e-01, 6.879210181260e-05, 2.1669e+01, 1.4417e-02, 
 2DIAGNOSTIC,    34, -4.602991394290e-01, 6.296019592756e-05, 2.1685e+01, 1.5971e-02, 
 2DIAGNOSTIC,    35, -4.603210672829e-01, 5.250349789464e-05, 2.1699e+01, 1.4246e-02, 
 2DIAGNOSTIC,    36, -4.601934609817e-01, 4.406458720783e-05, 2.1714e+01, 1.4414e-02, 
 2DIAGNOSTIC,    37, -4.602301046416e-01, 3.326966381407e-05, 2.1728e+01, 1.4285e-02, 
 2DIAGNOSTIC,    38, -4.602829855240e-01, 2.168627674555e-05, 2.1744e+01, 1.6066e-02, 
 2DIAGNOSTIC,    39, -4.601677266496e-01, 7.498021565484e-06, 2.1758e+01, 1.4431e-02, 
DIAGNOSTIC,Iteration,metricValue,convergenceValue,ITERATION_TIME_INDEX,SINCE_LAST
 2DIAGNOSTIC,     1, -3.852154461260e-01, 1.797693134862e+308, 3.7021e+01, 1.5262e+01, 
 2DIAGNOSTIC,     2, -3.859438465372e-01, 1.797693134862e+308, 3.7092e+01, 7.1554e-02, 
 2DIAGNOSTIC,     3, -3.870571011221e-01, 1.797693134862e+308, 3.7164e+01, 7.1830e-02, 
 2DIAGNOSTIC,     4, -3.884718405175e-01, 1.797693134862e+308, 3.7235e+01, 7.1102e-02, 
 2DIAGNOSTIC,     5, -3.905158414506e-01, 1.797693134862e+308, 3.7307e+01, 7.1520e-02, 
 2DIAGNOSTIC,     6, -3.934322421809e-01, 1.797693134862e+308, 3.7390e+01, 8.2801e-02, 
 2DIAGNOSTIC,     7, -3.950191434873e-01, 1.797693134862e+308, 3.7472e+01, 8.2892e-02, 
 2DIAGNOSTIC,     8, -3.958030037948e-01, 1.797693134862e+308, 3.7556e+01, 8.3706e-02, 
 2DIAGNOSTIC,     9, -3.984040186161e-01, 1.797693134862e+308, 3.7628e+01, 7.1948e-02, 
 2DIAGNOSTIC,    10, -4.007834602253e-01, 2.622418328609e-03, 3.7711e+01, 8.3291e-02, 
 2DIAGNOSTIC,    11, -4.016228659533e-01, 2.460450896244e-03, 3.7807e+01, 9.6000e-02, 
 2DIAGNOSTIC,    12, -4.030884853115e-01, 2.238877452371e-03, 3.7879e+01, 7.1256e-02, 
 2DIAGNOSTIC,    13, -4.039603051605e-01, 1.960802959724e-03, 3.7962e+01, 8.3500e-02, 
 2DIAGNOSTIC,    14, -4.077515840826e-01, 1.809504299011e-03, 3.8057e+01, 9.4653e-02, 
 2DIAGNOSTIC,    15, -4.083797542641e-01, 1.633343918489e-03, 3.8127e+01, 7.0635e-02, 
 2DIAGNOSTIC,    16, -4.091081230852e-01, 1.494268755030e-03, 3.8198e+01, 7.0871e-02, 
 2DIAGNOSTIC,    17, -4.103114997428e-01, 1.354622907205e-03, 3.8281e+01, 8.2854e-02, 
 2DIAGNOSTIC,    18, -4.110268280992e-01, 1.162213541421e-03, 3.8375e+01, 9.3888e-02, 
 2DIAGNOSTIC,    19, -4.111803805551e-01, 9.827974027576e-04, 3.8446e+01, 7.0802e-02, 
 2DIAGNOSTIC,    20, -4.114189609041e-01, 8.239459103705e-04, 3.8517e+01, 7.1178e-02, 
 2DIAGNOSTIC,    21, -4.128093463321e-01, 6.799800399529e-04, 3.8635e+01, 1.1805e-01, 
 2DIAGNOSTIC,    22, -4.130567536017e-01, 5.404479234799e-04, 3.8706e+01, 7.1072e-02, 
 2DIAGNOSTIC,    23, -4.137673855956e-01, 4.088304938452e-04, 3.8788e+01, 8.2221e-02, 
 2DIAGNOSTIC,    24, -4.138092824910e-01, 3.635065027372e-04, 3.8916e+01, 1.2756e-01, 
 2DIAGNOSTIC,    25, -4.138368785114e-01, 3.066503032340e-04, 3.8998e+01, 8.2335e-02, 
 2DIAGNOSTIC,    26, -4.138121892092e-01, 2.436681836050e-04, 3.9070e+01, 7.1989e-02, 
 2DIAGNOSTIC,    27, -4.137548299273e-01, 1.919054479962e-04, 3.9153e+01, 8.2733e-02, 
 2DIAGNOSTIC,    28, -4.137742397713e-01, 1.446763908360e-04, 3.9224e+01, 7.0781e-02, 
 2DIAGNOSTIC,    29, -4.137632050729e-01, 9.090973361718e-05, 3.9295e+01, 7.0770e-02, 
 2DIAGNOSTIC,    30, -4.137527112768e-01, 3.705474979295e-05, 3.9378e+01, 8.3570e-02, 
 2DIAGNOSTIC,    31, -4.136975293498e-01, 1.366197112201e-05, 3.9448e+01, 7.0241e-02, 
DIAGNOSTIC,Iteration,metricValue,convergenceValue,ITERATION_TIME_INDEX,SINCE_LAST
 2DIAGNOSTIC,     1, -3.446666576166e-01, 1.797693134862e+308, 4.8467e+01, 9.0184e+00, 
 2DIAGNOSTIC,     2, -3.448518649962e-01, 1.797693134862e+308, 4.9038e+01, 5.7112e-01, 
 2DIAGNOSTIC,     3, -3.451206400712e-01, 1.797693134862e+308, 4.9609e+01, 5.7087e-01, 
 2DIAGNOSTIC,     4, -3.454224163336e-01, 1.797693134862e+308, 5.0196e+01, 5.8687e-01, 
 2DIAGNOSTIC,     5, -3.458698930000e-01, 1.797693134862e+308, 5.0783e+01, 5.8732e-01, 
 2DIAGNOSTIC,     6, -3.462090037310e-01, 1.797693134862e+308, 5.1456e+01, 6.7345e-01, 
 2DIAGNOSTIC,     7, -3.463708849769e-01, 1.797693134862e+308, 5.2224e+01, 7.6712e-01, 
 2DIAGNOSTIC,     8, -3.463808191038e-01, 1.797693134862e+308, 5.2809e+01, 5.8585e-01, 
 2DIAGNOSTIC,     9, -3.464670692940e-01, 1.797693134862e+308, 5.3395e+01, 5.8609e-01, 
 2DIAGNOSTIC,    10, -3.465312286454e-01, 3.861309262366e-04, 5.4361e+01, 9.6527e-01, 
 2DIAGNOSTIC,    11, -3.465482614663e-01, 2.962932615312e-04, 5.5037e+01, 6.7603e-01, 
 2DIAGNOSTIC,    12, -3.465454774803e-01, 2.077036934735e-04, 5.5905e+01, 8.6849e-01, 
 2DIAGNOSTIC,    13, -3.465422051399e-01, 1.311907514285e-04, 5.6585e+01, 6.8015e-01, 
 2DIAGNOSTIC,    14, -3.465386454182e-01, 7.099029262879e-05, 5.7156e+01, 5.7053e-01, 
 2DIAGNOSTIC,    15, -3.465354183882e-01, 3.638398325338e-05, 5.7730e+01, 5.7425e-01, 
 2DIAGNOSTIC,    16, -3.465368515144e-01, 2.026053249470e-05, 5.8403e+01, 6.7329e-01, 
 2DIAGNOSTIC,    17, -3.465382730577e-01, 1.232301899536e-05, 5.8979e+01, 5.7594e-01, 
 2DIAGNOSTIC,    18, -3.465365425041e-01, 4.612741422133e-06, 5.9650e+01, 6.7034e-01, 
 2DIAGNOSTIC,    19, -3.465385744125e-01, 1.201507159494e-06, 6.0229e+01, 5.7918e-01, 
DIAGNOSTIC,Iteration,metricValue,convergenceValue,ITERATION_TIME_INDEX,SINCE_LAST
 2DIAGNOSTIC,     1, -2.963516838901e-01, 1.797693134862e+308, 7.0030e+01, 9.8011e+00, 
  Elapsed time (stage 1): 7.1864e+01


Stage 2
  iterations = 100x100x70x50x0
  convergence threshold = 1.0000e-06
  convergence window size = 10
  number of levels = 5
  using the Mattes MI metric (number of bins = 32, weight = 1.0000e+00)
  preprocessing:  winsorizing the image intensities
  Shrink factors (level 1 out of 5): [10, 10, 10]
  Shrink factors (level 2 out of 5): [6, 6, 6]
  Shrink factors (level 3 out of 5): [4, 4, 4]
  Shrink factors (level 4 out of 5): [2, 2, 2]
  Shrink factors (level 5 out of 5): [1, 1, 1]
  smoothing sigmas per level: [5, 3, 2, 1, 0]
  Using default NONE metricSamplingStrategy 

*** Running SyN registration (varianceForUpdateField = 3.0000e+00, varianceForTotalField = 0.0000e+00) ***

XXDIAGNOSTIC,Iteration,metricValue,convergenceValue,ITERATION_TIME_INDEX,SINCE_LAST
 1DIAGNOSTIC,     1, -4.829150722712e-01, 1.797693134862e+308, 3.4222e+01, 3.4222e+01, 
 1DIAGNOSTIC,     2, -4.952138280461e-01, 1.797693134862e+308, 3.4362e+01, 1.3966e-01, 
 1DIAGNOSTIC,     3, -5.056901753040e-01, 1.797693134862e+308, 3.4501e+01, 1.3946e-01, 
 1DIAGNOSTIC,     4, -5.102765477560e-01, 1.797693134862e+308, 3.4638e+01, 1.3678e-01, 
 1DIAGNOSTIC,     5, -5.111499571639e-01, 1.797693134862e+308, 3.4772e+01, 1.3414e-01, 
 1DIAGNOSTIC,     6, -5.102925091147e-01, 1.797693134862e+308, 3.4907e+01, 1.3441e-01, 
 1DIAGNOSTIC,     7, -5.075045078102e-01, 1.797693134862e+308, 3.5045e+01, 1.3835e-01, 
 1DIAGNOSTIC,     8, -5.037546268730e-01, 1.797693134862e+308, 3.5179e+01, 1.3428e-01, 
 1DIAGNOSTIC,     9, -5.003814938728e-01, 1.797693134862e+308, 3.5313e+01, 1.3399e-01, 
 1DIAGNOSTIC,    10, -4.972622006786e-01, 9.120201172722e-04, 3.5448e+01, 1.3480e-01, 
 1DIAGNOSTIC,    11, -4.951588452081e-01, -9.382609635388e-04, 3.5583e+01, 1.3514e-01, 
XXDIAGNOSTIC,Iteration,metricValue,convergenceValue,ITERATION_TIME_INDEX,SINCE_LAST
 1DIAGNOSTIC,     1, -3.942771647686e-01, 1.797693134862e+308, 5.1410e+01, 1.5827e+01, 
 1DIAGNOSTIC,     2, -3.958636532145e-01, 1.797693134862e+308, 5.1949e+01, 5.3894e-01, 
 1DIAGNOSTIC,     3, -3.970449696834e-01, 1.797693134862e+308, 5.2491e+01, 5.4180e-01, 
 1DIAGNOSTIC,     4, -3.970307510457e-01, 1.797693134862e+308, 5.3028e+01, 5.3667e-01, 
 1DIAGNOSTIC,     5, -3.969134454556e-01, 1.797693134862e+308, 5.3565e+01, 5.3680e-01, 
 1DIAGNOSTIC,     6, -3.965608071487e-01, 1.797693134862e+308, 5.4104e+01, 5.3979e-01, 
 1DIAGNOSTIC,     7, -3.959785488751e-01, 1.797693134862e+308, 5.4644e+01, 5.4000e-01, 
 1DIAGNOSTIC,     8, -3.954576242333e-01, 1.797693134862e+308, 5.5182e+01, 5.3734e-01, 
 1DIAGNOSTIC,     9, -3.947019808927e-01, 1.797693134862e+308, 5.5718e+01, 5.3630e-01, 
 1DIAGNOSTIC,    10, -3.938209497266e-01, -2.219532256988e-04, 5.6259e+01, 5.4055e-01, 
XXDIAGNOSTIC,Iteration,metricValue,convergenceValue,ITERATION_TIME_INDEX,SINCE_LAST
 1DIAGNOSTIC,     1, -3.376350678662e-01, 1.797693134862e+308, 6.6319e+01, 1.0061e+01, 
 1DIAGNOSTIC,     2, -3.384507013807e-01, 1.797693134862e+308, 6.8008e+01, 1.6890e+00, 
 1DIAGNOSTIC,     3, -3.387953903720e-01, 1.797693134862e+308, 6.9704e+01, 1.6958e+00, 
 1DIAGNOSTIC,     4, -3.390661102221e-01, 1.797693134862e+308, 7.1392e+01, 1.6876e+00, 
 1DIAGNOSTIC,     5, -3.390995749640e-01, 1.797693134862e+308, 7.3141e+01, 1.7496e+00, 
 1DIAGNOSTIC,     6, -3.390181957785e-01, 1.797693134862e+308, 7.4884e+01, 1.7432e+00, 
 1DIAGNOSTIC,     7, -3.389286415109e-01, 1.797693134862e+308, 7.6586e+01, 1.7018e+00, 
 1DIAGNOSTIC,     8, -3.388114482747e-01, 1.797693134862e+308, 7.8273e+01, 1.6873e+00, 
 1DIAGNOSTIC,     9, -3.388631461275e-01, 1.797693134862e+308, 8.0076e+01, 1.8026e+00, 
 1DIAGNOSTIC,    10, -3.387147520259e-01, 1.184343553126e-04, 8.1769e+01, 1.6932e+00, 
 1DIAGNOSTIC,    11, -3.385300451634e-01, -1.868574572325e-05, 8.3514e+01, 1.7443e+00, 
XXDIAGNOSTIC,Iteration,metricValue,convergenceValue,ITERATION_TIME_INDEX,SINCE_LAST
 1DIAGNOSTIC,     1, -2.854226840039e-01, 1.797693134862e+308, 1.0271e+02, 1.9195e+01, 
 1DIAGNOSTIC,     2, -2.861380215631e-01, 1.797693134862e+308, 1.1533e+02, 1.2619e+01, 
 1DIAGNOSTIC,     3, -2.869411654456e-01, 1.797693134862e+308, 1.2794e+02, 1.2614e+01, 
 1DIAGNOSTIC,     4, -2.876590782306e-01, 1.797693134862e+308, 1.4064e+02, 1.2698e+01, 
 1DIAGNOSTIC,     5, -2.883094846360e-01, 1.797693134862e+308, 1.5327e+02, 1.2627e+01, 
 1DIAGNOSTIC,     6, -2.889539686415e-01, 1.797693134862e+308, 1.6589e+02, 1.2627e+01, 
 1DIAGNOSTIC,     7, -2.895367115580e-01, 1.797693134862e+308, 1.7854e+02, 1.2651e+01, 
 1DIAGNOSTIC,     8, -2.901103487617e-01, 1.797693134862e+308, 1.9205e+02, 1.3506e+01, 
 1DIAGNOSTIC,     9, -2.906212372601e-01, 1.797693134862e+308, 2.0525e+02, 1.3197e+01, 
 1DIAGNOSTIC,    10, -2.909933502880e-01, 1.253979554809e-03, 2.1872e+02, 1.3472e+01, 
 1DIAGNOSTIC,    11, -2.913560540449e-01, 1.056572873647e-03, 2.3181e+02, 1.3093e+01, 
 1DIAGNOSTIC,    12, -2.916821817321e-01, 8.819281412446e-04, 2.4545e+02, 1.3642e+01, 
 1DIAGNOSTIC,    13, -2.920007323546e-01, 7.386605314231e-04, 2.5891e+02, 1.3461e+01, 
 1DIAGNOSTIC,    14, -2.922714914099e-01, 6.176311994930e-04, 2.7260e+02, 1.3689e+01, 
 1DIAGNOSTIC,    15, -2.925333015648e-01, 5.157231025722e-04, 2.8622e+02, 1.3613e+01, 
 1DIAGNOSTIC,    16, -2.927795331018e-01, 4.336086211926e-04, 2.9983e+02, 1.3609e+01, 
 1DIAGNOSTIC,    17, -2.929867711849e-01, 3.663839331958e-04, 3.1339e+02, 1.3568e+01, 
 1DIAGNOSTIC,    18, -2.931971528691e-01, 3.151198784617e-04, 3.2696e+02, 1.3570e+01, 
 1DIAGNOSTIC,    19, -2.933338780949e-01, 2.732688592170e-04, 3.4049e+02, 1.3526e+01, 
 1DIAGNOSTIC,    20, -2.934912360886e-01, 2.360376354424e-04, 3.5419e+02, 1.3698e+01, 
 1DIAGNOSTIC,    21, -2.936449177589e-01, 2.042975306955e-04, 3.6769e+02, 1.3505e+01, 
 1DIAGNOSTIC,    22, -2.938092936229e-01, 1.780183651772e-04, 3.8116e+02, 1.3465e+01, 
 1DIAGNOSTIC,    23, -2.939234308778e-01, 1.556667687813e-04, 3.9462e+02, 1.3467e+01, 
 1DIAGNOSTIC,    24, -2.940153309946e-01, 1.353462584207e-04, 4.0809e+02, 1.3462e+01, 
 1DIAGNOSTIC,    25, -2.941220394687e-01, 1.183393105373e-04, 4.2165e+02, 1.3568e+01, 
 1DIAGNOSTIC,    26, -2.942020915682e-01, 1.037005932856e-04, 4.3524e+02, 1.3583e+01, 
 1DIAGNOSTIC,    27, -2.942933187543e-01, 9.110402061700e-05, 4.4887e+02, 1.3629e+01, 
 1DIAGNOSTIC,    28, -2.943517191624e-01, 8.021526617982e-05, 4.6234e+02, 1.3474e+01, 
 1DIAGNOSTIC,    29, -2.944202863321e-01, 6.946339226239e-05, 4.7588e+02, 1.3537e+01, 
 1DIAGNOSTIC,    30, -2.944670621961e-01, 5.951226443177e-05, 4.8935e+02, 1.3476e+01, 
 1DIAGNOSTIC,    31, -2.945205488529e-01, 5.107725706065e-05, 5.0282e+02, 1.3470e+01, 
 1DIAGNOSTIC,    32, -2.945804318884e-01, 4.518593238067e-05, 5.1628e+02, 1.3459e+01, 
 1DIAGNOSTIC,    33, -2.945982242130e-01, 3.929954116690e-05, 5.2989e+02, 1.3608e+01, 
 1DIAGNOSTIC,    34, -2.946579828125e-01, 3.443436443201e-05, 5.4336e+02, 1.3468e+01, 
 1DIAGNOSTIC,    35, -2.947000365175e-01, 3.074717522936e-05, 5.5689e+02, 1.3534e+01, 
 1DIAGNOSTIC,    36, -2.947375187818e-01, 2.754396506760e-05, 5.7036e+02, 1.3471e+01, 
 1DIAGNOSTIC,    37, -2.947808950612e-01, 2.549170079981e-05, 5.8396e+02, 1.3602e+01, 
 1DIAGNOSTIC,    38, -2.948196479944e-01, 2.365362693076e-05, 5.9745e+02, 1.3490e+01, 
 1DIAGNOSTIC,    39, -2.948397021275e-01, 2.192262856173e-05, 6.1093e+02, 1.3475e+01, 
 1DIAGNOSTIC,    40, -2.948407893425e-01, 1.940555438239e-05, 6.2442e+02, 1.3495e+01, 
 1DIAGNOSTIC,    41, -2.948892349969e-01, 1.763744286015e-05, 6.3800e+02, 1.3571e+01, 
 1DIAGNOSTIC,    42, -2.948983915486e-01, 1.591478251696e-05, 6.5152e+02, 1.3522e+01, 
 1DIAGNOSTIC,    43, -2.949166842176e-01, 1.361460563899e-05, 6.6499e+02, 1.3476e+01, 
 1DIAGNOSTIC,    44, -2.949369237252e-01, 1.195176500375e-05, 6.7855e+02, 1.3557e+01, 
 1DIAGNOSTIC,    45, -2.949583575455e-01, 1.065110280278e-05, 6.9202e+02, 1.3471e+01, 
 1DIAGNOSTIC,    46, -2.949792727368e-01, 9.659771394391e-06, 7.0551e+02, 1.3489e+01, 
 1DIAGNOSTIC,    47, -2.950286737576e-01, 9.742593937566e-06, 7.1907e+02, 1.3559e+01, 
 1DIAGNOSTIC,    48, -2.950380742170e-01, 9.907470458894e-06, 7.3255e+02, 1.3481e+01, 
 1DIAGNOSTIC,    49, -2.950569619293e-01, 9.968794143448e-06, 7.4616e+02, 1.3609e+01, 
 1DIAGNOSTIC,    50, -2.950910543875e-01, 9.795660672687e-06, 7.5963e+02, 1.3475e+01, 
  Elapsed time (stage 2): 780.1


Total elapsed time: 926.5

--- Writing output images ---

Using double precision for computations.
Input scalar image: data/Segmentations/1119_3_seg.nii.gz
Reference image: data/template/T_template0_BrainCerebellum.nii.gz
=============================================================================
The composite transform comprises the following transforms (in order): 
  1. /tmp/1971179.1.basic.q/1119_ToTemplate_022_0GenericAffine.mat (type = AffineTransform)
  2. /tmp/1971179.1.basic.q/1119_ToTemplate_022_1Warp.nii.gz (type = DisplacementFieldTransform)
=============================================================================
Default pixel value: 0
Interpolation type: LabelImageGenericInterpolateImageFunction
Output warped image: output/1119/1119_WarpedLabels_022.nii.gz

--- Done ---

