
--- Running on compute-1-7.local ---


--- registration call ---
/data/jet/pcook/bin/antsBuild/bin/antsRegistrationSyNQuick.sh -d 3 -f data/template/T_template0_BrainCerebellum.nii.gz -m data/Brains/1101_3.nii.gz -t s -p d -n 2 -o /tmp/1971358.1.basic.q/1101_ToTemplate_001_
---


--------------------------------------------------------------------------------------
 Mapping parameters
--------------------------------------------------------------------------------------
 ANTSPATH is /data/jet/pcook/bin/antsBuild/bin/

 Dimensionality:           3
 Output name prefix:       /tmp/1971358.1.basic.q/1101_ToTemplate_001_
 Fixed images:             data/template/T_template0_BrainCerebellum.nii.gz
 Moving images:            data/Brains/1101_3.nii.gz
 Mask images:              
 Initial transforms:       
 Number of threads:        2
 Spline distance:          26
 Transform type:           s
 MI histogram bins:        32
 Precision:                d
 Use histogram matching    0
======================================================================================
 antsRegistration call:
--------------------------------------------------------------------------------------
/data/jet/pcook/bin/antsBuild/bin//antsRegistration --verbose 1 --dimensionality 3 --float 0 --collapse-output-transforms 1 --output [/tmp/1971358.1.basic.q/1101_ToTemplate_001_,/tmp/1971358.1.basic.q/1101_ToTemplate_001_Warped.nii.gz,/tmp/1971358.1.basic.q/1101_ToTemplate_001_InverseWarped.nii.gz] --interpolation Linear --use-histogram-matching 0 --winsorize-image-intensities [0.005,0.995] --initial-moving-transform [data/template/T_template0_BrainCerebellum.nii.gz,data/Brains/1101_3.nii.gz,1] --transform Rigid[0.1] --metric MI[data/template/T_template0_BrainCerebellum.nii.gz,data/Brains/1101_3.nii.gz,1,32,Regular,0.25] --convergence [1000x500x250x0,1e-6,10] --shrink-factors 12x8x4x2 --smoothing-sigmas 4x3x2x1vox --transform Affine[0.1] --metric MI[data/template/T_template0_BrainCerebellum.nii.gz,data/Brains/1101_3.nii.gz,1,32,Regular,0.25] --convergence [1000x500x250x0,1e-6,10] --shrink-factors 12x8x4x2 --smoothing-sigmas 4x3x2x1vox --transform SyN[0.1,3,0] --metric MI[data/template/T_template0_BrainCerebellum.nii.gz,data/Brains/1101_3.nii.gz,1,32] --convergence [100x100x70x50x0,1e-6,10] --shrink-factors 10x6x4x2x1 --smoothing-sigmas 5x3x2x1x0vox
--------------------------------------------------------------------------------------
All_Command_lines_OK
Using double precision for computations.
=============================================================================
The composite transform comprises the following transforms (in order): 
  1. Center of mass alignment using fixed image: data/template/T_template0_BrainCerebellum.nii.gz and moving image: data/Brains/1101_3.nii.gz (type = Euler3DTransform)
=============================================================================
  number of levels = 4
  number of levels = 4
  number of levels = 5
  fixed image: data/template/T_template0_BrainCerebellum.nii.gz
  moving image: data/Brains/1101_3.nii.gz
  fixed image: data/template/T_template0_BrainCerebellum.nii.gz
  moving image: data/Brains/1101_3.nii.gz
  fixed image: data/template/T_template0_BrainCerebellum.nii.gz
  moving image: data/Brains/1101_3.nii.gz
Dimension = 3
Number of stages = 3
Use Histogram Matching false
Winsorize image intensities true
Lower quantile = 0.005
Upper quantile = 0.995
Stage 1 State
   Image metric = Mattes
     Fixed image = Image (0x40f7f40)
  RTTI typeinfo:   itk::Image<double, 3u>
  Reference Count: 2
  Modified Time: 1611
  Debug: Off
  Object Name: 
  Observers: 
    none
  Source: (none)
  Source output name: (none)
  Release Data: Off
  Data Released: False
  Global Release Data: Off
  PipelineMTime: 0
  UpdateMTime: 1422
  RealTimeStamp: 0 seconds 
  LargestPossibleRegion: 
    Dimension: 3
    Index: [0, 0, 0]
    Size: [216, 256, 291]
  BufferedRegion: 
    Dimension: 3
    Index: [0, 0, 0]
    Size: [216, 256, 291]
  RequestedRegion: 
    Dimension: 3
    Index: [0, 0, 0]
    Size: [216, 256, 291]
  Spacing: [1, 1, 1]
  Origin: [0, 293, 0]
  Direction: 
1 0 0
0 -0 -1
0 -1 -0

  IndexToPointMatrix: 
1 0 0
0 0 -1
0 -1 0

  PointToIndexMatrix: 
1 0 0
0 0 -1
0 -1 0

  Inverse Direction: 
1 0 0
0 0 -1
0 -1 0

  PixelContainer: 
    ImportImageContainer (0x40fba40)
      RTTI typeinfo:   itk::ImportImageContainer<unsigned long, double>
      Reference Count: 1
      Modified Time: 1419
      Debug: Off
      Object Name: 
      Observers: 
        none
      Pointer: 0x7fc67ec0e010
      Container manages memory: true
      Size: 16091136
      Capacity: 16091136

     Moving image = Image (0x40f9fa0)
  RTTI typeinfo:   itk::Image<double, 3u>
  Reference Count: 2
  Modified Time: 1612
  Debug: Off
  Object Name: 
  Observers: 
    none
  Source: (none)
  Source output name: (none)
  Release Data: Off
  Data Released: False
  Global Release Data: Off
  PipelineMTime: 0
  UpdateMTime: 1609
  RealTimeStamp: 0 seconds 
  LargestPossibleRegion: 
    Dimension: 3
    Index: [0, 0, 0]
    Size: [256, 256, 307]
  BufferedRegion: 
    Dimension: 3
    Index: [0, 0, 0]
    Size: [256, 256, 307]
  RequestedRegion: 
    Dimension: 3
    Index: [0, 0, 0]
    Size: [256, 256, 307]
  Spacing: [1, 1, 1]
  Origin: [0, 306, 0]
  Direction: 
1 0 0
0 -0 -1
0 -1 -0

  IndexToPointMatrix: 
1 0 0
0 0 -1
0 -1 0

  PointToIndexMatrix: 
1 0 0
0 0 -1
0 -1 0

  Inverse Direction: 
1 0 0
0 0 -1
0 -1 0

  PixelContainer: 
    ImportImageContainer (0x40eaf60)
      RTTI typeinfo:   itk::ImportImageContainer<unsigned long, double>
      Reference Count: 1
      Modified Time: 1606
      Debug: Off
      Object Name: 
      Observers: 
        none
      Pointer: 0x7fc67528d010
      Container manages memory: true
      Size: 20119552
      Capacity: 20119552

     Weighting = 1
     Sampling strategy = regular
     Number of bins = 32
     Radius = 4
     Sampling percentage  = 0.25
   Transform = Rigid
     Gradient step = 0.1
     Update field sigma (voxel space) = 0
     Total field sigma (voxel space) = 0
     Update field time sigma = 0
     Total field time sigma  = 0
     Number of time indices = 0
     Number of time point samples = 0
Stage 2 State
   Image metric = Mattes
     Fixed image = Image (0x40fe950)
  RTTI typeinfo:   itk::Image<double, 3u>
  Reference Count: 2
  Modified Time: 1987
  Debug: Off
  Object Name: 
  Observers: 
    none
  Source: (none)
  Source output name: (none)
  Release Data: Off
  Data Released: False
  Global Release Data: Off
  PipelineMTime: 0
  UpdateMTime: 1798
  RealTimeStamp: 0 seconds 
  LargestPossibleRegion: 
    Dimension: 3
    Index: [0, 0, 0]
    Size: [216, 256, 291]
  BufferedRegion: 
    Dimension: 3
    Index: [0, 0, 0]
    Size: [216, 256, 291]
  RequestedRegion: 
    Dimension: 3
    Index: [0, 0, 0]
    Size: [216, 256, 291]
  Spacing: [1, 1, 1]
  Origin: [0, 293, 0]
  Direction: 
1 0 0
0 -0 -1
0 -1 -0

  IndexToPointMatrix: 
1 0 0
0 0 -1
0 -1 0

  PointToIndexMatrix: 
1 0 0
0 0 -1
0 -1 0

  Inverse Direction: 
1 0 0
0 0 -1
0 -1 0

  PixelContainer: 
    ImportImageContainer (0x40fabc0)
      RTTI typeinfo:   itk::ImportImageContainer<unsigned long, double>
      Reference Count: 1
      Modified Time: 1795
      Debug: Off
      Object Name: 
      Observers: 
        none
      Pointer: 0x7fc66d7c8010
      Container manages memory: true
      Size: 16091136
      Capacity: 16091136

     Moving image = Image (0x410b2d0)
  RTTI typeinfo:   itk::Image<double, 3u>
  Reference Count: 2
  Modified Time: 1988
  Debug: Off
  Object Name: 
  Observers: 
    none
  Source: (none)
  Source output name: (none)
  Release Data: Off
  Data Released: False
  Global Release Data: Off
  PipelineMTime: 0
  UpdateMTime: 1985
  RealTimeStamp: 0 seconds 
  LargestPossibleRegion: 
    Dimension: 3
    Index: [0, 0, 0]
    Size: [256, 256, 307]
  BufferedRegion: 
    Dimension: 3
    Index: [0, 0, 0]
    Size: [256, 256, 307]
  RequestedRegion: 
    Dimension: 3
    Index: [0, 0, 0]
    Size: [256, 256, 307]
  Spacing: [1, 1, 1]
  Origin: [0, 306, 0]
  Direction: 
1 0 0
0 -0 -1
0 -1 -0

  IndexToPointMatrix: 
1 0 0
0 0 -1
0 -1 0

  PointToIndexMatrix: 
1 0 0
0 0 -1
0 -1 0

  Inverse Direction: 
1 0 0
0 0 -1
0 -1 0

  PixelContainer: 
    ImportImageContainer (0x410ac50)
      RTTI typeinfo:   itk::ImportImageContainer<unsigned long, double>
      Reference Count: 1
      Modified Time: 1982
      Debug: Off
      Object Name: 
      Observers: 
        none
      Pointer: 0x7fc663e47010
      Container manages memory: true
      Size: 20119552
      Capacity: 20119552

     Weighting = 1
     Sampling strategy = regular
     Number of bins = 32
     Radius = 4
     Sampling percentage  = 0.25
   Transform = Affine
     Gradient step = 0.1
     Update field sigma (voxel space) = 0
     Total field sigma (voxel space) = 0
     Update field time sigma = 0
     Total field time sigma  = 0
     Number of time indices = 0
     Number of time point samples = 0
Stage 3 State
   Image metric = Mattes
     Fixed image = Image (0x4111170)
  RTTI typeinfo:   itk::Image<double, 3u>
  Reference Count: 2
  Modified Time: 2363
  Debug: Off
  Object Name: 
  Observers: 
    none
  Source: (none)
  Source output name: (none)
  Release Data: Off
  Data Released: False
  Global Release Data: Off
  PipelineMTime: 0
  UpdateMTime: 2174
  RealTimeStamp: 0 seconds 
  LargestPossibleRegion: 
    Dimension: 3
    Index: [0, 0, 0]
    Size: [216, 256, 291]
  BufferedRegion: 
    Dimension: 3
    Index: [0, 0, 0]
    Size: [216, 256, 291]
  RequestedRegion: 
    Dimension: 3
    Index: [0, 0, 0]
    Size: [216, 256, 291]
  Spacing: [1, 1, 1]
  Origin: [0, 293, 0]
  Direction: 
1 0 0
0 -0 -1
0 -1 -0

  IndexToPointMatrix: 
1 0 0
0 0 -1
0 -1 0

  PointToIndexMatrix: 
1 0 0
0 0 -1
0 -1 0

  Inverse Direction: 
1 0 0
0 0 -1
0 -1 0

  PixelContainer: 
    ImportImageContainer (0x410c2d0)
      RTTI typeinfo:   itk::ImportImageContainer<unsigned long, double>
      Reference Count: 1
      Modified Time: 2171
      Debug: Off
      Object Name: 
      Observers: 
        none
      Pointer: 0x7fc65c382010
      Container manages memory: true
      Size: 16091136
      Capacity: 16091136

     Moving image = Image (0x4110be0)
  RTTI typeinfo:   itk::Image<double, 3u>
  Reference Count: 2
  Modified Time: 2364
  Debug: Off
  Object Name: 
  Observers: 
    none
  Source: (none)
  Source output name: (none)
  Release Data: Off
  Data Released: False
  Global Release Data: Off
  PipelineMTime: 0
  UpdateMTime: 2361
  RealTimeStamp: 0 seconds 
  LargestPossibleRegion: 
    Dimension: 3
    Index: [0, 0, 0]
    Size: [256, 256, 307]
  BufferedRegion: 
    Dimension: 3
    Index: [0, 0, 0]
    Size: [256, 256, 307]
  RequestedRegion: 
    Dimension: 3
    Index: [0, 0, 0]
    Size: [256, 256, 307]
  Spacing: [1, 1, 1]
  Origin: [0, 306, 0]
  Direction: 
1 0 0
0 -0 -1
0 -1 -0

  IndexToPointMatrix: 
1 0 0
0 0 -1
0 -1 0

  PointToIndexMatrix: 
1 0 0
0 0 -1
0 -1 0

  Inverse Direction: 
1 0 0
0 0 -1
0 -1 0

  PixelContainer: 
    ImportImageContainer (0x4112ef0)
      RTTI typeinfo:   itk::ImportImageContainer<unsigned long, double>
      Reference Count: 1
      Modified Time: 2358
      Debug: Off
      Object Name: 
      Observers: 
        none
      Pointer: 0x7fc652a01010
      Container manages memory: true
      Size: 20119552
      Capacity: 20119552

     Weighting = 1
     Sampling strategy = none
     Number of bins = 32
     Radius = 4
     Sampling percentage  = 1
   Transform = SyN
     Gradient step = 0.1
     Update field sigma (voxel space) = 3
     Total field sigma (voxel space) = 0
     Update field time sigma = 0
     Total field time sigma  = 0
     Number of time indices = 0
     Number of time point samples = 0
Registration using 3 total stages.

Stage 0
  iterations = 1000x500x250x0
  convergence threshold = 1e-06
  convergence window size = 10
  number of levels = 4
  using the Mattes MI metric (number of bins = 32, weight = 1)
  preprocessing:  winsorizing the image intensities
  Shrink factors (level 1 out of 4): [12, 12, 12]
  Shrink factors (level 2 out of 4): [8, 8, 8]
  Shrink factors (level 3 out of 4): [4, 4, 4]
  Shrink factors (level 4 out of 4): [2, 2, 2]
  smoothing sigmas per level: [4, 3, 2, 1]
  regular sampling (percentage = 0.25)

*** Running Euler3DTransform registration ***

DIAGNOSTIC,Iteration,metricValue,convergenceValue,ITERATION_TIME_INDEX,SINCE_LAST
 2DIAGNOSTIC,     1, -4.835748272821e-01, 1.797693134862e+308, 2.2155e+01, 2.2155e+01, 
 2DIAGNOSTIC,     2, -4.843944689394e-01, 1.797693134862e+308, 2.2169e+01, 1.3486e-02, 
 2DIAGNOSTIC,     3, -4.848121209753e-01, 1.797693134862e+308, 2.2182e+01, 1.2700e-02, 
 2DIAGNOSTIC,     4, -4.850846335413e-01, 1.797693134862e+308, 2.2192e+01, 1.0438e-02, 
 2DIAGNOSTIC,     5, -4.852807411144e-01, 1.797693134862e+308, 2.2204e+01, 1.1998e-02, 
 2DIAGNOSTIC,     6, -4.854996996144e-01, 1.797693134862e+308, 2.2214e+01, 1.0399e-02, 
 2DIAGNOSTIC,     7, -4.853009084904e-01, 1.797693134862e+308, 2.2226e+01, 1.1845e-02, 
 2DIAGNOSTIC,     8, -4.855996245931e-01, 1.797693134862e+308, 2.2237e+01, 1.0411e-02, 
 2DIAGNOSTIC,     9, -4.861630459888e-01, 1.797693134862e+308, 2.2247e+01, 1.0448e-02, 
 2DIAGNOSTIC,    10, -4.870073191095e-01, 3.351129979291e-04, 2.2259e+01, 1.2234e-02, 
 2DIAGNOSTIC,    11, -4.915451435788e-01, 5.315759181412e-04, 2.2278e+01, 1.8721e-02, 
 2DIAGNOSTIC,    12, -4.936293763765e-01, 7.831483063280e-04, 2.2291e+01, 1.2764e-02, 
 2DIAGNOSTIC,    13, -4.941027734629e-01, 9.650510591706e-04, 2.2303e+01, 1.2620e-02, 
 2DIAGNOSTIC,    14, -4.950065384138e-01, 1.084837510885e-03, 2.2316e+01, 1.2625e-02, 
 2DIAGNOSTIC,    15, -4.957511869199e-01, 1.125188674607e-03, 2.2330e+01, 1.4339e-02, 
 2DIAGNOSTIC,    16, -4.961307058592e-01, 1.076631786883e-03, 2.2342e+01, 1.1197e-02, 
 2DIAGNOSTIC,    17, -4.972630810418e-01, 9.658079521875e-04, 2.2353e+01, 1.1137e-02, 
 2DIAGNOSTIC,    18, -4.975588360710e-01, 7.987359463686e-04, 2.2365e+01, 1.2527e-02, 
 2DIAGNOSTIC,    19, -4.976299951213e-01, 5.968070666704e-04, 2.2378e+01, 1.2516e-02, 
 2DIAGNOSTIC,    20, -4.978582388336e-01, 3.884318659776e-04, 2.2390e+01, 1.2521e-02, 
 2DIAGNOSTIC,    21, -4.978731972924e-01, 2.882382366632e-04, 2.2406e+01, 1.5638e-02, 
 2DIAGNOSTIC,    22, -4.978936753187e-01, 2.256592627174e-04, 2.2417e+01, 1.0973e-02, 
 2DIAGNOSTIC,    23, -4.977258689733e-01, 1.548903249380e-04, 2.2428e+01, 1.0892e-02, 
 2DIAGNOSTIC,    24, -4.977450109643e-01, 9.803044901573e-05, 2.2439e+01, 1.0912e-02, 
 2DIAGNOSTIC,    25, -4.978066283329e-01, 5.535817839088e-05, 2.2451e+01, 1.2404e-02, 
 2DIAGNOSTIC,    26, -4.978171361766e-01, 1.884819173712e-05, 2.2467e+01, 1.5439e-02, 
 2DIAGNOSTIC,    27, -4.978231025304e-01, 7.688803620974e-06, 2.2479e+01, 1.2426e-02, 
DIAGNOSTIC,Iteration,metricValue,convergenceValue,ITERATION_TIME_INDEX,SINCE_LAST
 2DIAGNOSTIC,     1, -4.205428065902e-01, 1.797693134862e+308, 3.8512e+01, 1.6033e+01, 
 2DIAGNOSTIC,     2, -4.213090282064e-01, 1.797693134862e+308, 3.8571e+01, 5.8790e-02, 
 2DIAGNOSTIC,     3, -4.220784015190e-01, 1.797693134862e+308, 3.8630e+01, 5.8702e-02, 
 2DIAGNOSTIC,     4, -4.229111244106e-01, 1.797693134862e+308, 3.8689e+01, 5.8741e-02, 
 2DIAGNOSTIC,     5, -4.233691185680e-01, 1.797693134862e+308, 3.8747e+01, 5.8490e-02, 
 2DIAGNOSTIC,     6, -4.236217595070e-01, 1.797693134862e+308, 3.8806e+01, 5.8555e-02, 
 2DIAGNOSTIC,     7, -4.254080858571e-01, 1.797693134862e+308, 3.8886e+01, 8.0348e-02, 
 2DIAGNOSTIC,     8, -4.257811073716e-01, 1.797693134862e+308, 3.8966e+01, 8.0056e-02, 
 2DIAGNOSTIC,     9, -4.259646122508e-01, 1.797693134862e+308, 3.9036e+01, 6.9396e-02, 
 2DIAGNOSTIC,    10, -4.262806941540e-01, 9.162014709063e-04, 3.9095e+01, 5.9224e-02, 
 2DIAGNOSTIC,    11, -4.264977626364e-01, 7.600729941034e-04, 3.9165e+01, 7.0261e-02, 
 2DIAGNOSTIC,    12, -4.265913662554e-01, 6.082120813997e-04, 3.9268e+01, 1.0284e-01, 
 2DIAGNOSTIC,    13, -4.267044090883e-01, 4.694558065817e-04, 3.9327e+01, 5.9402e-02, 
 2DIAGNOSTIC,    14, -4.269677342421e-01, 3.613222174024e-04, 3.9397e+01, 6.9988e-02, 
 2DIAGNOSTIC,    15, -4.271921485518e-01, 2.657458729873e-04, 3.9467e+01, 7.0192e-02, 
 2DIAGNOSTIC,    16, -4.272555554980e-01, 1.691218308024e-04, 3.9537e+01, 6.9964e-02, 
 2DIAGNOSTIC,    17, -4.272867882442e-01, 1.399953564843e-04, 3.9597e+01, 5.9222e-02, 
 2DIAGNOSTIC,    18, -4.273620858426e-01, 1.181016169962e-04, 3.9656e+01, 5.9581e-02, 
 2DIAGNOSTIC,    19, -4.274983848136e-01, 9.859336983217e-05, 3.9748e+01, 9.1850e-02, 
 2DIAGNOSTIC,    20, -4.275158188044e-01, 8.282420059288e-05, 3.9818e+01, 6.9928e-02, 
 2DIAGNOSTIC,    21, -4.275196034007e-01, 6.812879086423e-05, 3.9877e+01, 5.9391e-02, 
 2DIAGNOSTIC,    22, -4.275249624290e-01, 5.170930152806e-05, 3.9947e+01, 7.0050e-02, 
 2DIAGNOSTIC,    23, -4.275306099155e-01, 3.530721251318e-05, 4.0007e+01, 5.9296e-02, 
 2DIAGNOSTIC,    24, -4.274969757206e-01, 2.326929256698e-05, 4.0066e+01, 5.9234e-02, 
 2DIAGNOSTIC,    25, -4.275937239120e-01, 1.871450186801e-05, 4.0125e+01, 5.9436e-02, 
 2DIAGNOSTIC,    26, -4.276148450345e-01, 1.501567281688e-05, 4.0195e+01, 7.0005e-02, 
 2DIAGNOSTIC,    27, -4.277129186425e-01, 1.348006733634e-05, 4.0265e+01, 7.0043e-02, 
 2DIAGNOSTIC,    28, -4.277567547357e-01, 1.362359282380e-05, 4.0335e+01, 6.9786e-02, 
 2DIAGNOSTIC,    29, -4.277168644723e-01, 1.479794512126e-05, 4.0416e+01, 8.0501e-02, 
 2DIAGNOSTIC,    30, -4.277173799603e-01, 1.503629090205e-05, 4.0475e+01, 5.8863e-02, 
 2DIAGNOSTIC,    31, -4.277218023358e-01, 1.408094154672e-05, 4.0544e+01, 6.9677e-02, 
 2DIAGNOSTIC,    32, -4.277660538007e-01, 1.294803219672e-05, 4.0603e+01, 5.9121e-02, 
 2DIAGNOSTIC,    33, -4.277664007621e-01, 1.087808306845e-05, 4.0663e+01, 5.9727e-02, 
 2DIAGNOSTIC,    34, -4.277674420086e-01, 7.353970168808e-06, 4.0722e+01, 5.9194e-02, 
 2DIAGNOSTIC,    35, -4.277682966316e-01, 5.321440299553e-06, 4.0802e+01, 8.0168e-02, 
 2DIAGNOSTIC,    36, -4.278107972128e-01, 4.101787095707e-06, 4.0883e+01, 8.0499e-02, 
 2DIAGNOSTIC,    37, -4.278111480548e-01, 4.348811651806e-06, 4.0952e+01, 6.9408e-02, 
 2DIAGNOSTIC,    38, -4.278117081886e-01, 5.056734355177e-06, 4.1022e+01, 6.9708e-02, 
 2DIAGNOSTIC,    39, -4.278120474251e-01, 4.674848836008e-06, 4.1272e+01, 2.4995e-01, 
 2DIAGNOSTIC,    40, -4.278120474195e-01, 3.956853646715e-06, 4.1523e+01, 2.5114e-01, 
 2DIAGNOSTIC,    41, -4.278120474195e-01, 3.012596268941e-06, 4.1603e+01, 7.9782e-02, 
 2DIAGNOSTIC,    42, -4.278120474195e-01, 2.599679483625e-06, 4.1673e+01, 7.0331e-02, 
 2DIAGNOSTIC,    43, -4.278120474195e-01, 2.045846234949e-06, 4.1743e+01, 6.9396e-02, 
 2DIAGNOSTIC,    44, -4.278120474195e-01, 1.415724284224e-06, 4.1812e+01, 6.9574e-02, 
DIAGNOSTIC,Iteration,metricValue,convergenceValue,ITERATION_TIME_INDEX,SINCE_LAST
 2DIAGNOSTIC,     1, -3.581448260921e-01, 1.797693134862e+308, 5.1075e+01, 9.2629e+00, 
 2DIAGNOSTIC,     2, -3.582781493312e-01, 1.797693134862e+308, 5.1550e+01, 4.7496e-01, 
 2DIAGNOSTIC,     3, -3.583707822676e-01, 1.797693134862e+308, 5.2110e+01, 5.6017e-01, 
 2DIAGNOSTIC,     4, -3.583583987204e-01, 1.797693134862e+308, 5.2677e+01, 5.6675e-01, 
 2DIAGNOSTIC,     5, -3.583795619338e-01, 1.797693134862e+308, 5.3144e+01, 4.6658e-01, 
 2DIAGNOSTIC,     6, -3.583897406086e-01, 1.797693134862e+308, 5.3709e+01, 5.6571e-01, 
 2DIAGNOSTIC,     7, -3.584026076940e-01, 1.797693134862e+308, 5.4177e+01, 4.6727e-01, 
 2DIAGNOSTIC,     8, -3.584163155524e-01, 1.797693134862e+308, 5.4651e+01, 4.7489e-01, 
 2DIAGNOSTIC,     9, -3.584884689524e-01, 1.797693134862e+308, 5.5213e+01, 5.6154e-01, 
 2DIAGNOSTIC,    10, -3.585921847308e-01, 5.753292769053e-05, 5.5872e+01, 6.5938e-01, 
 2DIAGNOSTIC,    11, -3.586503773628e-01, 5.164257139426e-05, 5.6437e+01, 5.6444e-01, 
 2DIAGNOSTIC,    12, -3.586980017555e-01, 5.418709261434e-05, 5.7189e+01, 7.5224e-01, 
 2DIAGNOSTIC,    13, -3.587381998575e-01, 5.986441611194e-05, 5.7757e+01, 5.6828e-01, 
 2DIAGNOSTIC,    14, -3.587356182573e-01, 5.857953986496e-05, 5.8416e+01, 6.5902e-01, 
 2DIAGNOSTIC,    15, -3.587145543295e-01, 5.228817553293e-05, 5.8986e+01, 5.6922e-01, 
 2DIAGNOSTIC,    16, -3.587673256998e-01, 4.533420411394e-05, 5.9551e+01, 5.6498e-01, 
 2DIAGNOSTIC,    17, -3.587778568931e-01, 3.626193636350e-05, 6.0208e+01, 6.5761e-01, 
 2DIAGNOSTIC,    18, -3.587763653704e-01, 2.552759219372e-05, 6.0774e+01, 5.6569e-01, 
 2DIAGNOSTIC,    19, -3.587739093158e-01, 1.660935780054e-05, 6.1341e+01, 5.6735e-01, 
 2DIAGNOSTIC,    20, -3.587753005839e-01, 1.135943349021e-05, 6.1814e+01, 4.7290e-01, 
 2DIAGNOSTIC,    21, -3.587811700074e-01, 8.047296946062e-06, 6.2380e+01, 5.6593e-01, 
 2DIAGNOSTIC,    22, -3.587949886800e-01, 6.564909758811e-06, 6.2855e+01, 4.7445e-01, 
 2DIAGNOSTIC,    23, -3.588051236697e-01, 6.479967362298e-06, 6.3331e+01, 4.7673e-01, 
 2DIAGNOSTIC,    24, -3.588156465064e-01, 6.233730432230e-06, 6.3806e+01, 4.7484e-01, 
 2DIAGNOSTIC,    25, -3.588238983085e-01, 5.095795280505e-06, 6.4281e+01, 4.7506e-01, 
 2DIAGNOSTIC,    26, -3.588405168409e-01, 5.786950322564e-06, 6.4755e+01, 4.7415e-01, 
 2DIAGNOSTIC,    27, -3.589013113242e-01, 8.076956696079e-06, 6.5231e+01, 4.7528e-01, 
 2DIAGNOSTIC,    28, -3.589686740652e-01, 1.137482734989e-05, 6.5798e+01, 5.6712e-01, 
 2DIAGNOSTIC,    29, -3.590695981917e-01, 1.614364262326e-05, 6.7101e+01, 1.3035e+00, 
 2DIAGNOSTIC,    30, -3.590675428935e-01, 1.912337311209e-05, 6.7759e+01, 6.5792e-01, 
 2DIAGNOSTIC,    31, -3.590638684463e-01, 2.030128865264e-05, 6.8327e+01, 5.6743e-01, 
 2DIAGNOSTIC,    32, -3.590684153110e-01, 2.004269437941e-05, 6.8801e+01, 4.7449e-01, 
 2DIAGNOSTIC,    33, -3.590581576284e-01, 1.794500497150e-05, 6.9273e+01, 4.7228e-01, 
 2DIAGNOSTIC,    34, -3.590684259845e-01, 1.482687813196e-05, 6.9840e+01, 5.6634e-01, 
 2DIAGNOSTIC,    35, -3.590567857790e-01, 1.050600257169e-05, 7.0498e+01, 6.5845e-01, 
 2DIAGNOSTIC,    36, -3.590565094131e-01, 5.895724451463e-06, 7.1065e+01, 5.6694e-01, 
 2DIAGNOSTIC,    37, -3.590470671583e-01, 2.141704757975e-06, 7.1631e+01, 5.6615e-01, 
DIAGNOSTIC,Iteration,metricValue,convergenceValue,ITERATION_TIME_INDEX,SINCE_LAST
 2DIAGNOSTIC,     1, -3.103965747542e-01, 1.797693134862e+308, 8.0698e+01, 9.0668e+00, 
  Elapsed time (stage 0): 8.2607e+01


Stage 1
  iterations = 1000x500x250x0
  convergence threshold = 1.0000e-06
  convergence window size = 10
  number of levels = 4
  using the Mattes MI metric (number of bins = 32, weight = 1.0000e+00)
  preprocessing:  winsorizing the image intensities
  Shrink factors (level 1 out of 4): [12, 12, 12]
  Shrink factors (level 2 out of 4): [8, 8, 8]
  Shrink factors (level 3 out of 4): [4, 4, 4]
  Shrink factors (level 4 out of 4): [2, 2, 2]
  smoothing sigmas per level: [4, 3, 2, 1]
  regular sampling (percentage = 2.5000e-01)

*** Running AffineTransform registration ***

DIAGNOSTIC,Iteration,metricValue,convergenceValue,ITERATION_TIME_INDEX,SINCE_LAST
 2DIAGNOSTIC,     1, -4.919172924669e-01, 1.797693134862e+308, 2.1984e+01, 2.1984e+01, 
 2DIAGNOSTIC,     2, -4.925836471925e-01, 1.797693134862e+308, 2.2000e+01, 1.6052e-02, 
 2DIAGNOSTIC,     3, -4.925310337633e-01, 1.797693134862e+308, 2.2016e+01, 1.5514e-02, 
 2DIAGNOSTIC,     4, -4.929446478426e-01, 1.797693134862e+308, 2.2030e+01, 1.4133e-02, 
 2DIAGNOSTIC,     5, -4.935905875240e-01, 1.797693134862e+308, 2.2044e+01, 1.3949e-02, 
 2DIAGNOSTIC,     6, -4.946122751116e-01, 1.797693134862e+308, 2.2058e+01, 1.4197e-02, 
 2DIAGNOSTIC,     7, -4.957055026774e-01, 1.797693134862e+308, 2.2072e+01, 1.3893e-02, 
 2DIAGNOSTIC,     8, -4.979937341035e-01, 1.797693134862e+308, 2.2086e+01, 1.4302e-02, 
 2DIAGNOSTIC,     9, -5.006535464302e-01, 1.797693134862e+308, 2.2102e+01, 1.5670e-02, 
 2DIAGNOSTIC,    10, -5.030368855958e-01, 1.348793555842e-03, 2.2124e+01, 2.1676e-02, 
 2DIAGNOSTIC,    11, -5.036910481515e-01, 1.457145504735e-03, 2.2139e+01, 1.4858e-02, 
 2DIAGNOSTIC,    12, -5.040981045639e-01, 1.469905269285e-03, 2.2154e+01, 1.4974e-02, 
 2DIAGNOSTIC,    13, -5.050260374950e-01, 1.386388757068e-03, 2.2168e+01, 1.4726e-02, 
 2DIAGNOSTIC,    14, -5.059544466350e-01, 1.241415990017e-03, 2.2188e+01, 1.9889e-02, 
 2DIAGNOSTIC,    15, -5.061917992711e-01, 1.035048462039e-03, 2.2204e+01, 1.6131e-02, 
 2DIAGNOSTIC,    16, -5.069120938323e-01, 8.234620602789e-04, 2.2219e+01, 1.4848e-02, 
 2DIAGNOSTIC,    17, -5.082355804534e-01, 6.419941952890e-04, 2.2235e+01, 1.6124e-02, 
 2DIAGNOSTIC,    18, -5.084472306550e-01, 4.982176182000e-04, 2.2250e+01, 1.4895e-02, 
 2DIAGNOSTIC,    19, -5.096816961027e-01, 4.385797546787e-04, 2.2268e+01, 1.7825e-02, 
 2DIAGNOSTIC,    20, -5.114124758880e-01, 4.604482600749e-04, 2.2285e+01, 1.6517e-02, 
 2DIAGNOSTIC,    21, -5.120566679375e-01, 4.715515239964e-04, 2.2301e+01, 1.6065e-02, 
 2DIAGNOSTIC,    22, -5.126551676602e-01, 4.632398763668e-04, 2.2315e+01, 1.4722e-02, 
 2DIAGNOSTIC,    23, -5.131257843665e-01, 4.467016350038e-04, 2.2330e+01, 1.4558e-02, 
 2DIAGNOSTIC,    24, -5.145243641558e-01, 4.445656658413e-04, 2.2350e+01, 1.9812e-02, 
 2DIAGNOSTIC,    25, -5.149086864008e-01, 4.136401148294e-04, 2.2364e+01, 1.4472e-02, 
 2DIAGNOSTIC,    26, -5.160964307543e-01, 3.872682287481e-04, 2.2379e+01, 1.4607e-02, 
 2DIAGNOSTIC,    27, -5.164094761240e-01, 3.610337395544e-04, 2.2393e+01, 1.4342e-02, 
 2DIAGNOSTIC,    28, -5.176686365101e-01, 3.321749527882e-04, 2.2413e+01, 1.9802e-02, 
 2DIAGNOSTIC,    29, -5.186593713052e-01, 3.158440006092e-04, 2.2429e+01, 1.6046e-02, 
 2DIAGNOSTIC,    30, -5.187869437664e-01, 3.051653798394e-04, 2.2444e+01, 1.4689e-02, 
 2DIAGNOSTIC,    31, -5.220738066160e-01, 3.378421065737e-04, 2.2460e+01, 1.6138e-02, 
 2DIAGNOSTIC,    32, -5.235574684304e-01, 3.715504766422e-04, 2.2476e+01, 1.6315e-02, 
 2DIAGNOSTIC,    33, -5.245949787285e-01, 3.928768429957e-04, 2.2492e+01, 1.5764e-02, 
 2DIAGNOSTIC,    34, -5.244177648467e-01, 3.963029908913e-04, 2.2506e+01, 1.4451e-02, 
 2DIAGNOSTIC,    35, -5.242392817670e-01, 3.655062454349e-04, 2.2522e+01, 1.5721e-02, 
 2DIAGNOSTIC,    36, -5.242582959958e-01, 3.202505065485e-04, 2.2538e+01, 1.6059e-02, 
 2DIAGNOSTIC,    37, -5.247036136102e-01, 2.575344112968e-04, 2.2552e+01, 1.4129e-02, 
 2DIAGNOSTIC,    38, -5.256708181936e-01, 2.062801169436e-04, 2.2569e+01, 1.6423e-02, 
 2DIAGNOSTIC,    39, -5.248835197077e-01, 1.416251652952e-04, 2.2588e+01, 1.9061e-02, 
 2DIAGNOSTIC,    40, -5.247765038267e-01, 6.696206001124e-05, 2.2604e+01, 1.6213e-02, 
 2DIAGNOSTIC,    41, -5.249350367068e-01, 3.613851593446e-05, 2.2618e+01, 1.4214e-02, 
 2DIAGNOSTIC,    42, -5.254619764785e-01, 2.920398248526e-05, 2.2633e+01, 1.4605e-02, 
 2DIAGNOSTIC,    43, -5.261677705305e-01, 4.206221755553e-05, 2.2649e+01, 1.5979e-02, 
 2DIAGNOSTIC,    44, -5.263454628883e-01, 5.052352799228e-05, 2.2665e+01, 1.6267e-02, 
 2DIAGNOSTIC,    45, -5.275888926263e-01, 6.741894283570e-05, 2.2682e+01, 1.7432e-02, 
 2DIAGNOSTIC,    46, -5.265366337826e-01, 6.424764084214e-05, 2.2699e+01, 1.6105e-02, 
 2DIAGNOSTIC,    47, -5.268766763664e-01, 6.435648797329e-05, 2.2714e+01, 1.5689e-02, 
 2DIAGNOSTIC,    48, -5.273346604555e-01, 7.489098463571e-05, 2.2729e+01, 1.4541e-02, 
 2DIAGNOSTIC,    49, -5.278805512813e-01, 7.488968107391e-05, 2.2743e+01, 1.4178e-02, 
 2DIAGNOSTIC,    50, -5.277367947451e-01, 6.490511045482e-05, 2.2758e+01, 1.4527e-02, 
 2DIAGNOSTIC,    51, -5.282240465556e-01, 5.644780933872e-05, 2.2773e+01, 1.5770e-02, 
 2DIAGNOSTIC,    52, -5.288674739078e-01, 5.532235027997e-05, 2.2793e+01, 1.9377e-02, 
 2DIAGNOSTIC,    53, -5.285349056552e-01, 5.253813867248e-05, 2.2807e+01, 1.4119e-02, 
 2DIAGNOSTIC,    54, -5.287920664655e-01, 4.903588942732e-05, 2.2821e+01, 1.4584e-02, 
 2DIAGNOSTIC,    55, -5.303709126730e-01, 6.971636978804e-05, 2.2837e+01, 1.5983e-02, 
 2DIAGNOSTIC,    56, -5.308217973099e-01, 7.655649669356e-05, 2.2854e+01, 1.6341e-02, 
 2DIAGNOSTIC,    57, -5.306604851852e-01, 7.748418567793e-05, 2.2876e+01, 2.2166e-02, 
 2DIAGNOSTIC,    58, -5.306637856620e-01, 7.564124367896e-05, 2.2890e+01, 1.4302e-02, 
 2DIAGNOSTIC,    59, -5.306894714512e-01, 7.213673323987e-05, 2.2904e+01, 1.3906e-02, 
 2DIAGNOSTIC,    60, -5.305215154147e-01, 5.860592763765e-05, 2.2918e+01, 1.4310e-02, 
 2DIAGNOSTIC,    61, -5.305335724339e-01, 4.421449133106e-05, 2.2934e+01, 1.5696e-02, 
 2DIAGNOSTIC,    62, -5.305441589277e-01, 3.222962879611e-05, 2.2948e+01, 1.4411e-02, 
 2DIAGNOSTIC,    63, -5.303640300641e-01, 1.325679374652e-05, 2.2962e+01, 1.3936e-02, 
DIAGNOSTIC,Iteration,metricValue,convergenceValue,ITERATION_TIME_INDEX,SINCE_LAST
 2DIAGNOSTIC,     1, -4.583499322498e-01, 1.797693134862e+308, 3.9172e+01, 1.6209e+01, 
 2DIAGNOSTIC,     2, -4.590126972375e-01, 1.797693134862e+308, 3.9241e+01, 6.8775e-02, 
 2DIAGNOSTIC,     3, -4.594664911736e-01, 1.797693134862e+308, 3.9310e+01, 6.9498e-02, 
 2DIAGNOSTIC,     4, -4.601951796755e-01, 1.797693134862e+308, 3.9389e+01, 7.9366e-02, 
 2DIAGNOSTIC,     5, -4.605959983310e-01, 1.797693134862e+308, 3.9459e+01, 6.9244e-02, 
 2DIAGNOSTIC,     6, -4.612696829392e-01, 1.797693134862e+308, 3.9527e+01, 6.8471e-02, 
 2DIAGNOSTIC,     7, -4.621904038924e-01, 1.797693134862e+308, 3.9607e+01, 7.9724e-02, 
 2DIAGNOSTIC,     8, -4.626123973362e-01, 1.797693134862e+308, 3.9708e+01, 1.0075e-01, 
 2DIAGNOSTIC,     9, -4.627232014019e-01, 1.797693134862e+308, 3.9777e+01, 6.9273e-02, 
 2DIAGNOSTIC,    10, -4.627890177223e-01, 6.772772110399e-04, 3.9846e+01, 6.8782e-02, 
 2DIAGNOSTIC,    11, -4.629262863737e-01, 5.455565138210e-04, 3.9916e+01, 6.9950e-02, 
 2DIAGNOSTIC,    12, -4.630214097792e-01, 4.251778258895e-04, 4.0006e+01, 9.0215e-02, 
 2DIAGNOSTIC,    13, -4.632693902722e-01, 3.177228149256e-04, 4.0087e+01, 8.0994e-02, 
 2DIAGNOSTIC,    14, -4.635230628777e-01, 2.404330987409e-04, 4.0178e+01, 9.0869e-02, 
 2DIAGNOSTIC,    15, -4.636561710537e-01, 1.734113460763e-04, 4.0258e+01, 7.9837e-02, 
 2DIAGNOSTIC,    16, -4.637194550933e-01, 1.267060460857e-04, 4.0326e+01, 6.8038e-02, 
 2DIAGNOSTIC,    17, -4.637372899391e-01, 1.076862835861e-04, 4.0395e+01, 6.9545e-02, 
 2DIAGNOSTIC,    18, -4.637659234832e-01, 9.630394541436e-05, 4.0474e+01, 7.8995e-02, 
 2DIAGNOSTIC,    19, -4.637114286822e-01, 7.906067721409e-05, 4.0544e+01, 6.9673e-02, 
 2DIAGNOSTIC,    20, -4.638188600522e-01, 6.168392104999e-05, 4.0612e+01, 6.8346e-02, 
 2DIAGNOSTIC,    21, -4.638998280174e-01, 4.674474490202e-05, 4.0682e+01, 6.9442e-02, 
 2DIAGNOSTIC,    22, -4.640287125889e-01, 3.508039597369e-05, 4.0750e+01, 6.8286e-02, 
 2DIAGNOSTIC,    23, -4.640765767164e-01, 2.903405025687e-05, 4.0830e+01, 7.9961e-02, 
 2DIAGNOSTIC,    24, -4.640641864310e-01, 2.705794301183e-05, 4.0930e+01, 1.0066e-01, 
 2DIAGNOSTIC,    25, -4.641914165224e-01, 2.922213717300e-05, 4.1032e+01, 1.0184e-01, 
 2DIAGNOSTIC,    26, -4.641951900119e-01, 3.002640245323e-05, 4.1114e+01, 8.1362e-02, 
 2DIAGNOSTIC,    27, -4.642332156479e-01, 2.930283407175e-05, 4.1184e+01, 7.0688e-02, 
 2DIAGNOSTIC,    28, -4.641252651789e-01, 2.432652772673e-05, 4.1253e+01, 6.8686e-02, 
 2DIAGNOSTIC,    29, -4.641003151900e-01, 1.588928364397e-05, 4.1333e+01, 8.0281e-02, 
 2DIAGNOSTIC,    30, -4.641345621282e-01, 9.475338620751e-06, 4.1413e+01, 7.9324e-02, 
 2DIAGNOSTIC,    31, -4.640943174024e-01, 3.347159228125e-06, 4.1482e+01, 6.9611e-02, 
DIAGNOSTIC,Iteration,metricValue,convergenceValue,ITERATION_TIME_INDEX,SINCE_LAST
 2DIAGNOSTIC,     1, -3.901897084060e-01, 1.797693134862e+308, 5.0860e+01, 9.3779e+00, 
 2DIAGNOSTIC,     2, -3.903589008054e-01, 1.797693134862e+308, 5.1423e+01, 5.6275e-01, 
 2DIAGNOSTIC,     3, -3.905199232417e-01, 1.797693134862e+308, 5.1979e+01, 5.5566e-01, 
 2DIAGNOSTIC,     4, -3.906925276212e-01, 1.797693134862e+308, 5.2539e+01, 5.6040e-01, 
 2DIAGNOSTIC,     5, -3.908768901283e-01, 1.797693134862e+308, 5.3372e+01, 8.3341e-01, 
 2DIAGNOSTIC,     6, -3.908758733563e-01, 1.797693134862e+308, 5.3931e+01, 5.5863e-01, 
 2DIAGNOSTIC,     7, -3.909449733497e-01, 1.797693134862e+308, 5.4485e+01, 5.5414e-01, 
 2DIAGNOSTIC,     8, -3.911832383335e-01, 1.797693134862e+308, 5.5126e+01, 6.4131e-01, 
 2DIAGNOSTIC,     9, -3.916335424466e-01, 1.797693134862e+308, 5.5865e+01, 7.3899e-01, 
 2DIAGNOSTIC,    10, -3.919722660845e-01, 2.561444106576e-04, 5.6693e+01, 8.2743e-01, 
 2DIAGNOSTIC,    11, -3.920480898087e-01, 2.522022434757e-04, 5.7245e+01, 5.5206e-01, 
 2DIAGNOSTIC,    12, -3.920993279392e-01, 2.403795027043e-04, 5.7792e+01, 5.4726e-01, 
 2DIAGNOSTIC,    13, -3.921775252341e-01, 2.220757654548e-04, 5.8346e+01, 5.5347e-01, 
 2DIAGNOSTIC,    14, -3.922743279636e-01, 1.996796689437e-04, 5.8987e+01, 6.4173e-01, 
 2DIAGNOSTIC,    15, -3.923308517084e-01, 1.737288226205e-04, 5.9633e+01, 6.4543e-01, 
 2DIAGNOSTIC,    16, -3.923625052336e-01, 1.369718433413e-04, 6.0184e+01, 5.5097e-01, 
 2DIAGNOSTIC,    17, -3.923620473233e-01, 9.522817945706e-05, 6.0830e+01, 6.4651e-01, 
 2DIAGNOSTIC,    18, -3.924642106889e-01, 6.290905673124e-05, 6.1749e+01, 9.1879e-01, 
 2DIAGNOSTIC,    19, -3.924380970001e-01, 4.406164858207e-05, 6.2396e+01, 6.4666e-01, 
 2DIAGNOSTIC,    20, -3.924135165591e-01, 3.457357702208e-05, 6.3043e+01, 6.4724e-01, 
 2DIAGNOSTIC,    21, -3.924232430096e-01, 2.595670762651e-05, 6.3882e+01, 8.3935e-01, 
 2DIAGNOSTIC,    22, -3.923799146517e-01, 1.604964605068e-05, 6.4530e+01, 6.4746e-01, 
 2DIAGNOSTIC,    23, -3.923789460976e-01, 8.004947335383e-06, 6.5176e+01, 6.4566e-01, 
 2DIAGNOSTIC,    24, -3.923681022444e-01, 2.566431408474e-06, 6.5813e+01, 6.3750e-01, 
DIAGNOSTIC,Iteration,metricValue,convergenceValue,ITERATION_TIME_INDEX,SINCE_LAST
 2DIAGNOSTIC,     1, -3.385622242908e-01, 1.797693134862e+308, 7.5613e+01, 9.7996e+00, 
  Elapsed time (stage 1): 7.7520e+01


Stage 2
  iterations = 100x100x70x50x0
  convergence threshold = 1.0000e-06
  convergence window size = 10
  number of levels = 5
  using the Mattes MI metric (number of bins = 32, weight = 1.0000e+00)
  preprocessing:  winsorizing the image intensities
  Shrink factors (level 1 out of 5): [10, 10, 10]
  Shrink factors (level 2 out of 5): [6, 6, 6]
  Shrink factors (level 3 out of 5): [4, 4, 4]
  Shrink factors (level 4 out of 5): [2, 2, 2]
  Shrink factors (level 5 out of 5): [1, 1, 1]
  smoothing sigmas per level: [5, 3, 2, 1, 0]
  Using default NONE metricSamplingStrategy 

*** Running SyN registration (varianceForUpdateField = 3.0000e+00, varianceForTotalField = 0.0000e+00) ***

XXDIAGNOSTIC,Iteration,metricValue,convergenceValue,ITERATION_TIME_INDEX,SINCE_LAST
 1DIAGNOSTIC,     1, -5.242824827134e-01, 1.797693134862e+308, 3.5469e+01, 3.5469e+01, 
 1DIAGNOSTIC,     2, -5.420510709253e-01, 1.797693134862e+308, 3.5609e+01, 1.3999e-01, 
 1DIAGNOSTIC,     3, -5.523496275671e-01, 1.797693134862e+308, 3.5746e+01, 1.3648e-01, 
 1DIAGNOSTIC,     4, -5.564171052542e-01, 1.797693134862e+308, 3.5880e+01, 1.3403e-01, 
 1DIAGNOSTIC,     5, -5.549052824130e-01, 1.797693134862e+308, 3.6014e+01, 1.3405e-01, 
 1DIAGNOSTIC,     6, -5.542115631314e-01, 1.797693134862e+308, 3.6148e+01, 1.3378e-01, 
 1DIAGNOSTIC,     7, -5.533167809886e-01, 1.797693134862e+308, 3.6282e+01, 1.3377e-01, 
 1DIAGNOSTIC,     8, -5.516854719218e-01, 1.797693134862e+308, 3.6416e+01, 1.3394e-01, 
 1DIAGNOSTIC,     9, -5.502788570241e-01, 1.797693134862e+308, 3.6550e+01, 1.3421e-01, 
 1DIAGNOSTIC,    10, -5.461722914285e-01, 1.404607599782e-03, 3.6685e+01, 1.3488e-01, 
 1DIAGNOSTIC,    11, -5.449573698671e-01, -3.953686213289e-04, 3.6819e+01, 1.3469e-01, 
XXDIAGNOSTIC,Iteration,metricValue,convergenceValue,ITERATION_TIME_INDEX,SINCE_LAST
 1DIAGNOSTIC,     1, -4.317390963578e-01, 1.797693134862e+308, 5.3343e+01, 1.6524e+01, 
 1DIAGNOSTIC,     2, -4.339601683695e-01, 1.797693134862e+308, 5.3891e+01, 5.4796e-01, 
 1DIAGNOSTIC,     3, -4.347406050099e-01, 1.797693134862e+308, 5.4428e+01, 5.3755e-01, 
 1DIAGNOSTIC,     4, -4.346721915397e-01, 1.797693134862e+308, 5.4966e+01, 5.3707e-01, 
 1DIAGNOSTIC,     5, -4.340623324954e-01, 1.797693134862e+308, 5.5515e+01, 5.4923e-01, 
 1DIAGNOSTIC,     6, -4.331219882187e-01, 1.797693134862e+308, 5.6049e+01, 5.3472e-01, 
 1DIAGNOSTIC,     7, -4.324205375282e-01, 1.797693134862e+308, 5.6588e+01, 5.3857e-01, 
 1DIAGNOSTIC,     8, -4.313841504244e-01, 1.797693134862e+308, 5.7123e+01, 5.3499e-01, 
 1DIAGNOSTIC,     9, -4.306098528597e-01, 1.797693134862e+308, 5.7658e+01, 5.3528e-01, 
 1DIAGNOSTIC,    10, -4.291720639820e-01, -5.918638187157e-04, 5.8194e+01, 5.3607e-01, 
XXDIAGNOSTIC,Iteration,metricValue,convergenceValue,ITERATION_TIME_INDEX,SINCE_LAST
 1DIAGNOSTIC,     1, -3.655565502010e-01, 1.797693134862e+308, 6.8635e+01, 1.0441e+01, 
 1DIAGNOSTIC,     2, -3.661674143722e-01, 1.797693134862e+308, 7.0380e+01, 1.7443e+00, 
 1DIAGNOSTIC,     3, -3.666842026177e-01, 1.797693134862e+308, 7.2122e+01, 1.7419e+00, 
 1DIAGNOSTIC,     4, -3.668243159981e-01, 1.797693134862e+308, 7.3861e+01, 1.7397e+00, 
 1DIAGNOSTIC,     5, -3.668445000124e-01, 1.797693134862e+308, 7.5610e+01, 1.7486e+00, 
 1DIAGNOSTIC,     6, -3.666178532446e-01, 1.797693134862e+308, 7.7300e+01, 1.6900e+00, 
 1DIAGNOSTIC,     7, -3.666152408082e-01, 1.797693134862e+308, 7.8986e+01, 1.6864e+00, 
 1DIAGNOSTIC,     8, -3.664029163791e-01, 1.797693134862e+308, 8.0674e+01, 1.6879e+00, 
 1DIAGNOSTIC,     9, -3.662374084775e-01, 1.797693134862e+308, 8.2410e+01, 1.7359e+00, 
 1DIAGNOSTIC,    10, -3.658806868352e-01, 7.270996405281e-06, 8.4095e+01, 1.6853e+00, 
 1DIAGNOSTIC,    11, -3.653927256948e-01, -1.448996584256e-04, 8.5837e+01, 1.7411e+00, 
XXDIAGNOSTIC,Iteration,metricValue,convergenceValue,ITERATION_TIME_INDEX,SINCE_LAST
 1DIAGNOSTIC,     1, -3.095146971914e-01, 1.797693134862e+308, 1.0507e+02, 1.9236e+01, 
 1DIAGNOSTIC,     2, -3.103967020334e-01, 1.797693134862e+308, 1.1773e+02, 1.2657e+01, 
 1DIAGNOSTIC,     3, -3.113275700862e-01, 1.797693134862e+308, 1.3085e+02, 1.3116e+01, 
 1DIAGNOSTIC,     4, -3.122229781888e-01, 1.797693134862e+308, 1.4348e+02, 1.2635e+01, 
 1DIAGNOSTIC,     5, -3.129993311038e-01, 1.797693134862e+308, 1.5615e+02, 1.2674e+01, 
 1DIAGNOSTIC,     6, -3.136883217462e-01, 1.797693134862e+308, 1.6926e+02, 1.3105e+01, 
 1DIAGNOSTIC,     7, -3.143220160435e-01, 1.797693134862e+308, 1.8236e+02, 1.3097e+01, 
 1DIAGNOSTIC,     8, -3.148378997474e-01, 1.797693134862e+308, 1.9595e+02, 1.3589e+01, 
 1DIAGNOSTIC,     9, -3.153543929928e-01, 1.797693134862e+308, 2.0910e+02, 1.3153e+01, 
 1DIAGNOSTIC,    10, -3.157712273003e-01, 1.287487503446e-03, 2.2221e+02, 1.3111e+01, 
 1DIAGNOSTIC,    11, -3.161430137983e-01, 1.057574895385e-03, 2.3574e+02, 1.3529e+01, 
 1DIAGNOSTIC,    12, -3.164922271591e-01, 8.635367370372e-04, 2.4883e+02, 1.3093e+01, 
 1DIAGNOSTIC,    13, -3.167138839383e-01, 7.010144312298e-04, 2.6197e+02, 1.3138e+01, 
 1DIAGNOSTIC,    14, -3.169671569859e-01, 5.719535058419e-04, 2.7564e+02, 1.3666e+01, 
 1DIAGNOSTIC,    15, -3.172419897391e-01, 4.708458922853e-04, 2.8916e+02, 1.3521e+01, 
 1DIAGNOSTIC,    16, -3.174530963941e-01, 3.895779163146e-04, 3.0267e+02, 1.3510e+01, 
 1DIAGNOSTIC,    17, -3.176034006047e-01, 3.234925104515e-04, 3.1620e+02, 1.3531e+01, 
 1DIAGNOSTIC,    18, -3.177233055121e-01, 2.666509628760e-04, 3.2970e+02, 1.3499e+01, 
 1DIAGNOSTIC,    19, -3.178877925460e-01, 2.233569340277e-04, 3.4323e+02, 1.3529e+01, 
 1DIAGNOSTIC,    20, -3.180006777070e-01, 1.872729453528e-04, 3.5687e+02, 1.3644e+01, 
 1DIAGNOSTIC,    21, -3.180954045937e-01, 1.570613347635e-04, 3.7045e+02, 1.3584e+01, 
 1DIAGNOSTIC,    22, -3.182101970440e-01, 1.340545036415e-04, 3.8401e+02, 1.3557e+01, 
 1DIAGNOSTIC,    23, -3.182928897973e-01, 1.124244835928e-04, 3.9759e+02, 1.3579e+01, 
 1DIAGNOSTIC,    24, -3.184092880933e-01, 9.585108531402e-05, 4.1114e+02, 1.3551e+01, 
 1DIAGNOSTIC,    25, -3.184878777298e-01, 8.426330467518e-05, 4.2470e+02, 1.3556e+01, 
 1DIAGNOSTIC,    26, -3.185863847374e-01, 7.641200945999e-05, 4.3822e+02, 1.3522e+01, 
 1DIAGNOSTIC,    27, -3.186637350722e-01, 6.957839130529e-05, 4.5177e+02, 1.3554e+01, 
 1DIAGNOSTIC,    28, -3.187140257581e-01, 6.213064624645e-05, 4.6530e+02, 1.3525e+01, 
 1DIAGNOSTIC,    29, -3.187839273980e-01, 5.665515221621e-05, 4.7884e+02, 1.3539e+01, 
 1DIAGNOSTIC,    30, -3.188557306426e-01, 5.176116397382e-05, 4.9246e+02, 1.3621e+01, 
 1DIAGNOSTIC,    31, -3.188407720671e-01, 4.461204740613e-05, 5.0596e+02, 1.3505e+01, 
 1DIAGNOSTIC,    32, -3.188051129335e-01, 3.603090462688e-05, 5.1961e+02, 1.3650e+01, 
 1DIAGNOSTIC,    33, -3.187989064646e-01, 2.672840695742e-05, 5.3324e+02, 1.3629e+01, 
 1DIAGNOSTIC,    34, -3.188431390456e-01, 1.972247746043e-05, 5.4681e+02, 1.3568e+01, 
 1DIAGNOSTIC,    35, -3.188606683491e-01, 1.368750481061e-05, 5.6044e+02, 1.3624e+01, 
 1DIAGNOSTIC,    36, -3.188945096854e-01, 1.006438404324e-05, 5.7402e+02, 1.3584e+01, 
 1DIAGNOSTIC,    37, -3.189312518094e-01, 8.561693516134e-06, 5.8758e+02, 1.3559e+01, 
 1DIAGNOSTIC,    38, -3.189942254501e-01, 9.040228327883e-06, 6.0117e+02, 1.3594e+01, 
 1DIAGNOSTIC,    39, -3.190013489580e-01, 1.038279597618e-05, 6.1477e+02, 1.3597e+01, 
 1DIAGNOSTIC,    40, -3.190170185938e-01, 1.271750018863e-05, 6.2835e+02, 1.3582e+01, 
 1DIAGNOSTIC,    41, -3.190383806447e-01, 1.397460562589e-05, 6.4188e+02, 1.3524e+01, 
 1DIAGNOSTIC,    42, -3.190085543775e-01, 1.250783069143e-05, 6.5543e+02, 1.3555e+01, 
 1DIAGNOSTIC,    43, -3.189995385251e-01, 9.662718512837e-06, 6.6898e+02, 1.3553e+01, 
 1DIAGNOSTIC,    44, -3.189836030852e-01, 6.678538631885e-06, 6.8256e+02, 1.3577e+01, 
 1DIAGNOSTIC,    45, -3.189632267831e-01, 3.201749757955e-06, 6.9619e+02, 1.3631e+01, 
 1DIAGNOSTIC,    46, -3.189331782633e-01, -2.921325990522e-07, 7.0974e+02, 1.3545e+01, 
  Elapsed time (stage 2): 730.2


Total elapsed time: 890.3

--- Writing output images ---

Using double precision for computations.
Input scalar image: data/Segmentations/1101_3_seg.nii.gz
Reference image: data/template/T_template0_BrainCerebellum.nii.gz
=============================================================================
The composite transform comprises the following transforms (in order): 
  1. /tmp/1971358.1.basic.q/1101_ToTemplate_001_0GenericAffine.mat (type = AffineTransform)
  2. /tmp/1971358.1.basic.q/1101_ToTemplate_001_1Warp.nii.gz (type = DisplacementFieldTransform)
=============================================================================
Default pixel value: 0
Interpolation type: LabelImageGenericInterpolateImageFunction
Output warped image: output/1101/1101_WarpedLabels_001.nii.gz

--- Done ---

