
--- Running on compute-2-15.local ---


--- registration call ---
/data/jet/pcook/bin/antsBuild/bin/antsRegistrationSyNQuick.sh -d 3 -f data/template/T_template0_BrainCerebellum.nii.gz -m data/Brains/1101_3.nii.gz -t s -p d -n 2 -o /tmp/1971373.1.basic.q/1101_ToTemplate_016_
---


--------------------------------------------------------------------------------------
 Mapping parameters
--------------------------------------------------------------------------------------
 ANTSPATH is /data/jet/pcook/bin/antsBuild/bin/

 Dimensionality:           3
 Output name prefix:       /tmp/1971373.1.basic.q/1101_ToTemplate_016_
 Fixed images:             data/template/T_template0_BrainCerebellum.nii.gz
 Moving images:            data/Brains/1101_3.nii.gz
 Mask images:              
 Initial transforms:       
 Number of threads:        2
 Spline distance:          26
 Transform type:           s
 MI histogram bins:        32
 Precision:                d
 Use histogram matching    0
======================================================================================
 antsRegistration call:
--------------------------------------------------------------------------------------
/data/jet/pcook/bin/antsBuild/bin//antsRegistration --verbose 1 --dimensionality 3 --float 0 --collapse-output-transforms 1 --output [/tmp/1971373.1.basic.q/1101_ToTemplate_016_,/tmp/1971373.1.basic.q/1101_ToTemplate_016_Warped.nii.gz,/tmp/1971373.1.basic.q/1101_ToTemplate_016_InverseWarped.nii.gz] --interpolation Linear --use-histogram-matching 0 --winsorize-image-intensities [0.005,0.995] --initial-moving-transform [data/template/T_template0_BrainCerebellum.nii.gz,data/Brains/1101_3.nii.gz,1] --transform Rigid[0.1] --metric MI[data/template/T_template0_BrainCerebellum.nii.gz,data/Brains/1101_3.nii.gz,1,32,Regular,0.25] --convergence [1000x500x250x0,1e-6,10] --shrink-factors 12x8x4x2 --smoothing-sigmas 4x3x2x1vox --transform Affine[0.1] --metric MI[data/template/T_template0_BrainCerebellum.nii.gz,data/Brains/1101_3.nii.gz,1,32,Regular,0.25] --convergence [1000x500x250x0,1e-6,10] --shrink-factors 12x8x4x2 --smoothing-sigmas 4x3x2x1vox --transform SyN[0.1,3,0] --metric MI[data/template/T_template0_BrainCerebellum.nii.gz,data/Brains/1101_3.nii.gz,1,32] --convergence [100x100x70x50x0,1e-6,10] --shrink-factors 10x6x4x2x1 --smoothing-sigmas 5x3x2x1x0vox
--------------------------------------------------------------------------------------
All_Command_lines_OK
Using double precision for computations.
=============================================================================
The composite transform comprises the following transforms (in order): 
  1. Center of mass alignment using fixed image: data/template/T_template0_BrainCerebellum.nii.gz and moving image: data/Brains/1101_3.nii.gz (type = Euler3DTransform)
=============================================================================
  number of levels = 4
  number of levels = 4
  number of levels = 5
  fixed image: data/template/T_template0_BrainCerebellum.nii.gz
  moving image: data/Brains/1101_3.nii.gz
  fixed image: data/template/T_template0_BrainCerebellum.nii.gz
  moving image: data/Brains/1101_3.nii.gz
  fixed image: data/template/T_template0_BrainCerebellum.nii.gz
  moving image: data/Brains/1101_3.nii.gz
Dimension = 3
Number of stages = 3
Use Histogram Matching false
Winsorize image intensities true
Lower quantile = 0.005
Upper quantile = 0.995
Stage 1 State
   Image metric = Mattes
     Fixed image = Image (0x4ad5f40)
  RTTI typeinfo:   itk::Image<double, 3u>
  Reference Count: 2
  Modified Time: 1611
  Debug: Off
  Object Name: 
  Observers: 
    none
  Source: (none)
  Source output name: (none)
  Release Data: Off
  Data Released: False
  Global Release Data: Off
  PipelineMTime: 0
  UpdateMTime: 1422
  RealTimeStamp: 0 seconds 
  LargestPossibleRegion: 
    Dimension: 3
    Index: [0, 0, 0]
    Size: [216, 256, 291]
  BufferedRegion: 
    Dimension: 3
    Index: [0, 0, 0]
    Size: [216, 256, 291]
  RequestedRegion: 
    Dimension: 3
    Index: [0, 0, 0]
    Size: [216, 256, 291]
  Spacing: [1, 1, 1]
  Origin: [0, 293, 0]
  Direction: 
1 0 0
0 -0 -1
0 -1 -0

  IndexToPointMatrix: 
1 0 0
0 0 -1
0 -1 0

  PointToIndexMatrix: 
1 0 0
0 0 -1
0 -1 0

  Inverse Direction: 
1 0 0
0 0 -1
0 -1 0

  PixelContainer: 
    ImportImageContainer (0x4ad9a40)
      RTTI typeinfo:   itk::ImportImageContainer<unsigned long, double>
      Reference Count: 1
      Modified Time: 1419
      Debug: Off
      Object Name: 
      Observers: 
        none
      Pointer: 0x7f912be40010
      Container manages memory: true
      Size: 16091136
      Capacity: 16091136

     Moving image = Image (0x4ad7fa0)
  RTTI typeinfo:   itk::Image<double, 3u>
  Reference Count: 2
  Modified Time: 1612
  Debug: Off
  Object Name: 
  Observers: 
    none
  Source: (none)
  Source output name: (none)
  Release Data: Off
  Data Released: False
  Global Release Data: Off
  PipelineMTime: 0
  UpdateMTime: 1609
  RealTimeStamp: 0 seconds 
  LargestPossibleRegion: 
    Dimension: 3
    Index: [0, 0, 0]
    Size: [256, 256, 307]
  BufferedRegion: 
    Dimension: 3
    Index: [0, 0, 0]
    Size: [256, 256, 307]
  RequestedRegion: 
    Dimension: 3
    Index: [0, 0, 0]
    Size: [256, 256, 307]
  Spacing: [1, 1, 1]
  Origin: [0, 306, 0]
  Direction: 
1 0 0
0 -0 -1
0 -1 -0

  IndexToPointMatrix: 
1 0 0
0 0 -1
0 -1 0

  PointToIndexMatrix: 
1 0 0
0 0 -1
0 -1 0

  Inverse Direction: 
1 0 0
0 0 -1
0 -1 0

  PixelContainer: 
    ImportImageContainer (0x4ac8f60)
      RTTI typeinfo:   itk::ImportImageContainer<unsigned long, double>
      Reference Count: 1
      Modified Time: 1606
      Debug: Off
      Object Name: 
      Observers: 
        none
      Pointer: 0x7f91224bf010
      Container manages memory: true
      Size: 20119552
      Capacity: 20119552

     Weighting = 1
     Sampling strategy = regular
     Number of bins = 32
     Radius = 4
     Sampling percentage  = 0.25
   Transform = Rigid
     Gradient step = 0.1
     Update field sigma (voxel space) = 0
     Total field sigma (voxel space) = 0
     Update field time sigma = 0
     Total field time sigma  = 0
     Number of time indices = 0
     Number of time point samples = 0
Stage 2 State
   Image metric = Mattes
     Fixed image = Image (0x4adc950)
  RTTI typeinfo:   itk::Image<double, 3u>
  Reference Count: 2
  Modified Time: 1987
  Debug: Off
  Object Name: 
  Observers: 
    none
  Source: (none)
  Source output name: (none)
  Release Data: Off
  Data Released: False
  Global Release Data: Off
  PipelineMTime: 0
  UpdateMTime: 1798
  RealTimeStamp: 0 seconds 
  LargestPossibleRegion: 
    Dimension: 3
    Index: [0, 0, 0]
    Size: [216, 256, 291]
  BufferedRegion: 
    Dimension: 3
    Index: [0, 0, 0]
    Size: [216, 256, 291]
  RequestedRegion: 
    Dimension: 3
    Index: [0, 0, 0]
    Size: [216, 256, 291]
  Spacing: [1, 1, 1]
  Origin: [0, 293, 0]
  Direction: 
1 0 0
0 -0 -1
0 -1 -0

  IndexToPointMatrix: 
1 0 0
0 0 -1
0 -1 0

  PointToIndexMatrix: 
1 0 0
0 0 -1
0 -1 0

  Inverse Direction: 
1 0 0
0 0 -1
0 -1 0

  PixelContainer: 
    ImportImageContainer (0x4ad8bc0)
      RTTI typeinfo:   itk::ImportImageContainer<unsigned long, double>
      Reference Count: 1
      Modified Time: 1795
      Debug: Off
      Object Name: 
      Observers: 
        none
      Pointer: 0x7f911a9fa010
      Container manages memory: true
      Size: 16091136
      Capacity: 16091136

     Moving image = Image (0x4ae92d0)
  RTTI typeinfo:   itk::Image<double, 3u>
  Reference Count: 2
  Modified Time: 1988
  Debug: Off
  Object Name: 
  Observers: 
    none
  Source: (none)
  Source output name: (none)
  Release Data: Off
  Data Released: False
  Global Release Data: Off
  PipelineMTime: 0
  UpdateMTime: 1985
  RealTimeStamp: 0 seconds 
  LargestPossibleRegion: 
    Dimension: 3
    Index: [0, 0, 0]
    Size: [256, 256, 307]
  BufferedRegion: 
    Dimension: 3
    Index: [0, 0, 0]
    Size: [256, 256, 307]
  RequestedRegion: 
    Dimension: 3
    Index: [0, 0, 0]
    Size: [256, 256, 307]
  Spacing: [1, 1, 1]
  Origin: [0, 306, 0]
  Direction: 
1 0 0
0 -0 -1
0 -1 -0

  IndexToPointMatrix: 
1 0 0
0 0 -1
0 -1 0

  PointToIndexMatrix: 
1 0 0
0 0 -1
0 -1 0

  Inverse Direction: 
1 0 0
0 0 -1
0 -1 0

  PixelContainer: 
    ImportImageContainer (0x4ae8c50)
      RTTI typeinfo:   itk::ImportImageContainer<unsigned long, double>
      Reference Count: 1
      Modified Time: 1982
      Debug: Off
      Object Name: 
      Observers: 
        none
      Pointer: 0x7f9111079010
      Container manages memory: true
      Size: 20119552
      Capacity: 20119552

     Weighting = 1
     Sampling strategy = regular
     Number of bins = 32
     Radius = 4
     Sampling percentage  = 0.25
   Transform = Affine
     Gradient step = 0.1
     Update field sigma (voxel space) = 0
     Total field sigma (voxel space) = 0
     Update field time sigma = 0
     Total field time sigma  = 0
     Number of time indices = 0
     Number of time point samples = 0
Stage 3 State
   Image metric = Mattes
     Fixed image = Image (0x4aef170)
  RTTI typeinfo:   itk::Image<double, 3u>
  Reference Count: 2
  Modified Time: 2363
  Debug: Off
  Object Name: 
  Observers: 
    none
  Source: (none)
  Source output name: (none)
  Release Data: Off
  Data Released: False
  Global Release Data: Off
  PipelineMTime: 0
  UpdateMTime: 2174
  RealTimeStamp: 0 seconds 
  LargestPossibleRegion: 
    Dimension: 3
    Index: [0, 0, 0]
    Size: [216, 256, 291]
  BufferedRegion: 
    Dimension: 3
    Index: [0, 0, 0]
    Size: [216, 256, 291]
  RequestedRegion: 
    Dimension: 3
    Index: [0, 0, 0]
    Size: [216, 256, 291]
  Spacing: [1, 1, 1]
  Origin: [0, 293, 0]
  Direction: 
1 0 0
0 -0 -1
0 -1 -0

  IndexToPointMatrix: 
1 0 0
0 0 -1
0 -1 0

  PointToIndexMatrix: 
1 0 0
0 0 -1
0 -1 0

  Inverse Direction: 
1 0 0
0 0 -1
0 -1 0

  PixelContainer: 
    ImportImageContainer (0x4aea2d0)
      RTTI typeinfo:   itk::ImportImageContainer<unsigned long, double>
      Reference Count: 1
      Modified Time: 2171
      Debug: Off
      Object Name: 
      Observers: 
        none
      Pointer: 0x7f91095b4010
      Container manages memory: true
      Size: 16091136
      Capacity: 16091136

     Moving image = Image (0x4aeebe0)
  RTTI typeinfo:   itk::Image<double, 3u>
  Reference Count: 2
  Modified Time: 2364
  Debug: Off
  Object Name: 
  Observers: 
    none
  Source: (none)
  Source output name: (none)
  Release Data: Off
  Data Released: False
  Global Release Data: Off
  PipelineMTime: 0
  UpdateMTime: 2361
  RealTimeStamp: 0 seconds 
  LargestPossibleRegion: 
    Dimension: 3
    Index: [0, 0, 0]
    Size: [256, 256, 307]
  BufferedRegion: 
    Dimension: 3
    Index: [0, 0, 0]
    Size: [256, 256, 307]
  RequestedRegion: 
    Dimension: 3
    Index: [0, 0, 0]
    Size: [256, 256, 307]
  Spacing: [1, 1, 1]
  Origin: [0, 306, 0]
  Direction: 
1 0 0
0 -0 -1
0 -1 -0

  IndexToPointMatrix: 
1 0 0
0 0 -1
0 -1 0

  PointToIndexMatrix: 
1 0 0
0 0 -1
0 -1 0

  Inverse Direction: 
1 0 0
0 0 -1
0 -1 0

  PixelContainer: 
    ImportImageContainer (0x4af0ef0)
      RTTI typeinfo:   itk::ImportImageContainer<unsigned long, double>
      Reference Count: 1
      Modified Time: 2358
      Debug: Off
      Object Name: 
      Observers: 
        none
      Pointer: 0x7f90ffc33010
      Container manages memory: true
      Size: 20119552
      Capacity: 20119552

     Weighting = 1
     Sampling strategy = none
     Number of bins = 32
     Radius = 4
     Sampling percentage  = 1
   Transform = SyN
     Gradient step = 0.1
     Update field sigma (voxel space) = 3
     Total field sigma (voxel space) = 0
     Update field time sigma = 0
     Total field time sigma  = 0
     Number of time indices = 0
     Number of time point samples = 0
Registration using 3 total stages.

Stage 0
  iterations = 1000x500x250x0
  convergence threshold = 1e-06
  convergence window size = 10
  number of levels = 4
  using the Mattes MI metric (number of bins = 32, weight = 1)
  preprocessing:  winsorizing the image intensities
  Shrink factors (level 1 out of 4): [12, 12, 12]
  Shrink factors (level 2 out of 4): [8, 8, 8]
  Shrink factors (level 3 out of 4): [4, 4, 4]
  Shrink factors (level 4 out of 4): [2, 2, 2]
  smoothing sigmas per level: [4, 3, 2, 1]
  regular sampling (percentage = 0.25)

*** Running Euler3DTransform registration ***

DIAGNOSTIC,Iteration,metricValue,convergenceValue,ITERATION_TIME_INDEX,SINCE_LAST
 2DIAGNOSTIC,     1, -4.835748272821e-01, 1.797693134862e+308, 2.2322e+01, 2.2322e+01, 
 2DIAGNOSTIC,     2, -4.843944689394e-01, 1.797693134862e+308, 2.2333e+01, 1.0709e-02, 
 2DIAGNOSTIC,     3, -4.848121209753e-01, 1.797693134862e+308, 2.2345e+01, 1.1932e-02, 
 2DIAGNOSTIC,     4, -4.850846335413e-01, 1.797693134862e+308, 2.2355e+01, 1.0368e-02, 
 2DIAGNOSTIC,     5, -4.852807411144e-01, 1.797693134862e+308, 2.2367e+01, 1.1942e-02, 
 2DIAGNOSTIC,     6, -4.854996996144e-01, 1.797693134862e+308, 2.2377e+01, 1.0425e-02, 
 2DIAGNOSTIC,     7, -4.853009084904e-01, 1.797693134862e+308, 2.2389e+01, 1.1868e-02, 
 2DIAGNOSTIC,     8, -4.855996245931e-01, 1.797693134862e+308, 2.2400e+01, 1.0437e-02, 
 2DIAGNOSTIC,     9, -4.861630459888e-01, 1.797693134862e+308, 2.2410e+01, 1.0448e-02, 
 2DIAGNOSTIC,    10, -4.870073191095e-01, 3.351129979291e-04, 2.2422e+01, 1.2257e-02, 
 2DIAGNOSTIC,    11, -4.915451435788e-01, 5.315759181412e-04, 2.2441e+01, 1.8738e-02, 
 2DIAGNOSTIC,    12, -4.936293763765e-01, 7.831483063280e-04, 2.2454e+01, 1.2774e-02, 
 2DIAGNOSTIC,    13, -4.941027734629e-01, 9.650510591706e-04, 2.2467e+01, 1.2593e-02, 
 2DIAGNOSTIC,    14, -4.950065384138e-01, 1.084837510885e-03, 2.2479e+01, 1.2633e-02, 
 2DIAGNOSTIC,    15, -4.957511869199e-01, 1.125188674607e-03, 2.2494e+01, 1.4361e-02, 
 2DIAGNOSTIC,    16, -4.961307058592e-01, 1.076631786883e-03, 2.2505e+01, 1.1153e-02, 
 2DIAGNOSTIC,    17, -4.972630810418e-01, 9.658079521875e-04, 2.2516e+01, 1.1215e-02, 
 2DIAGNOSTIC,    18, -4.975588360710e-01, 7.987359463686e-04, 2.2528e+01, 1.2538e-02, 
 2DIAGNOSTIC,    19, -4.976299951213e-01, 5.968070666704e-04, 2.2541e+01, 1.2490e-02, 
 2DIAGNOSTIC,    20, -4.978582388336e-01, 3.884318659776e-04, 2.2553e+01, 1.2504e-02, 
 2DIAGNOSTIC,    21, -4.978731972924e-01, 2.882382366632e-04, 2.2569e+01, 1.5592e-02, 
 2DIAGNOSTIC,    22, -4.978936753187e-01, 2.256592627174e-04, 2.2580e+01, 1.0961e-02, 
 2DIAGNOSTIC,    23, -4.977258689733e-01, 1.548903249380e-04, 2.2591e+01, 1.0898e-02, 
 2DIAGNOSTIC,    24, -4.977450109643e-01, 9.803044901573e-05, 2.2602e+01, 1.0906e-02, 
 2DIAGNOSTIC,    25, -4.978066283329e-01, 5.535817839088e-05, 2.2614e+01, 1.2421e-02, 
 2DIAGNOSTIC,    26, -4.978171361766e-01, 1.884819173712e-05, 2.2630e+01, 1.5461e-02, 
 2DIAGNOSTIC,    27, -4.978231025304e-01, 7.688803620974e-06, 2.2642e+01, 1.2713e-02, 
DIAGNOSTIC,Iteration,metricValue,convergenceValue,ITERATION_TIME_INDEX,SINCE_LAST
 2DIAGNOSTIC,     1, -4.205428065902e-01, 1.797693134862e+308, 3.8690e+01, 1.6047e+01, 
 2DIAGNOSTIC,     2, -4.213090282064e-01, 1.797693134862e+308, 3.8749e+01, 5.9392e-02, 
 2DIAGNOSTIC,     3, -4.220784015190e-01, 1.797693134862e+308, 3.8808e+01, 5.9338e-02, 
 2DIAGNOSTIC,     4, -4.229111244106e-01, 1.797693134862e+308, 3.8868e+01, 5.9272e-02, 
 2DIAGNOSTIC,     5, -4.233691185680e-01, 1.797693134862e+308, 3.8927e+01, 5.8918e-02, 
 2DIAGNOSTIC,     6, -4.236217595070e-01, 1.797693134862e+308, 3.8986e+01, 5.9126e-02, 
 2DIAGNOSTIC,     7, -4.254080858571e-01, 1.797693134862e+308, 3.9067e+01, 8.1241e-02, 
 2DIAGNOSTIC,     8, -4.257811073716e-01, 1.797693134862e+308, 3.9148e+01, 8.1247e-02, 
 2DIAGNOSTIC,     9, -4.259646122508e-01, 1.797693134862e+308, 3.9218e+01, 7.0213e-02, 
 2DIAGNOSTIC,    10, -4.262806941540e-01, 9.162014709063e-04, 3.9278e+01, 5.9920e-02, 
 2DIAGNOSTIC,    11, -4.264977626364e-01, 7.600729941034e-04, 3.9349e+01, 7.1046e-02, 
 2DIAGNOSTIC,    12, -4.265913662554e-01, 6.082120813997e-04, 3.9453e+01, 1.0387e-01, 
 2DIAGNOSTIC,    13, -4.267044090883e-01, 4.694558065817e-04, 3.9513e+01, 5.9953e-02, 
 2DIAGNOSTIC,    14, -4.269677342421e-01, 3.613222174024e-04, 3.9584e+01, 7.0875e-02, 
 2DIAGNOSTIC,    15, -4.271921485518e-01, 2.657458729873e-04, 3.9655e+01, 7.1033e-02, 
 2DIAGNOSTIC,    16, -4.272555554980e-01, 1.691218308024e-04, 3.9726e+01, 7.1160e-02, 
 2DIAGNOSTIC,    17, -4.272867882442e-01, 1.399953564843e-04, 3.9786e+01, 5.9972e-02, 
 2DIAGNOSTIC,    18, -4.273620858426e-01, 1.181016169962e-04, 3.9846e+01, 6.0046e-02, 
 2DIAGNOSTIC,    19, -4.274983848136e-01, 9.859336983217e-05, 3.9939e+01, 9.2847e-02, 
 2DIAGNOSTIC,    20, -4.275158188044e-01, 8.282420059288e-05, 4.0010e+01, 7.0974e-02, 
 2DIAGNOSTIC,    21, -4.275196034007e-01, 6.812879086423e-05, 4.0070e+01, 5.9963e-02, 
 2DIAGNOSTIC,    22, -4.275249624290e-01, 5.170930152806e-05, 4.0141e+01, 7.0906e-02, 
 2DIAGNOSTIC,    23, -4.275306099155e-01, 3.530721251318e-05, 4.0201e+01, 6.0021e-02, 
 2DIAGNOSTIC,    24, -4.274969757206e-01, 2.326929256698e-05, 4.0261e+01, 5.9955e-02, 
 2DIAGNOSTIC,    25, -4.275937239120e-01, 1.871450186801e-05, 4.0321e+01, 5.9990e-02, 
 2DIAGNOSTIC,    26, -4.276148450345e-01, 1.501567281688e-05, 4.0392e+01, 7.0793e-02, 
 2DIAGNOSTIC,    27, -4.277129186425e-01, 1.348006733634e-05, 4.0463e+01, 7.0948e-02, 
 2DIAGNOSTIC,    28, -4.277567547357e-01, 1.362359282380e-05, 4.0533e+01, 7.0734e-02, 
 2DIAGNOSTIC,    29, -4.277168644723e-01, 1.479794512126e-05, 4.0615e+01, 8.1702e-02, 
 2DIAGNOSTIC,    30, -4.277173799603e-01, 1.503629090205e-05, 4.0675e+01, 5.9886e-02, 
 2DIAGNOSTIC,    31, -4.277218023358e-01, 1.408094154672e-05, 4.0746e+01, 7.0654e-02, 
 2DIAGNOSTIC,    32, -4.277660538007e-01, 1.294803219672e-05, 4.0805e+01, 5.9803e-02, 
 2DIAGNOSTIC,    33, -4.277664007621e-01, 1.087808306845e-05, 4.0866e+01, 6.0056e-02, 
 2DIAGNOSTIC,    34, -4.277674420086e-01, 7.353970168808e-06, 4.0925e+01, 5.9727e-02, 
 2DIAGNOSTIC,    35, -4.277682966316e-01, 5.321440299553e-06, 4.1006e+01, 8.1177e-02, 
 2DIAGNOSTIC,    36, -4.278107972128e-01, 4.101787095707e-06, 4.1088e+01, 8.1370e-02, 
 2DIAGNOSTIC,    37, -4.278111480548e-01, 4.348811651806e-06, 4.1158e+01, 7.0236e-02, 
 2DIAGNOSTIC,    38, -4.278117081886e-01, 5.056734355177e-06, 4.1228e+01, 7.0181e-02, 
 2DIAGNOSTIC,    39, -4.278120474251e-01, 4.674848836008e-06, 4.1483e+01, 2.5445e-01, 
 2DIAGNOSTIC,    40, -4.278120474195e-01, 3.956853646715e-06, 4.1739e+01, 2.5596e-01, 
 2DIAGNOSTIC,    41, -4.278120474195e-01, 3.012596268941e-06, 4.1819e+01, 8.0713e-02, 
 2DIAGNOSTIC,    42, -4.278120474195e-01, 2.599679483625e-06, 4.1890e+01, 7.0471e-02, 
 2DIAGNOSTIC,    43, -4.278120474195e-01, 2.045846234949e-06, 4.1960e+01, 7.0146e-02, 
 2DIAGNOSTIC,    44, -4.278120474195e-01, 1.415724284224e-06, 4.2031e+01, 7.1437e-02, 
DIAGNOSTIC,Iteration,metricValue,convergenceValue,ITERATION_TIME_INDEX,SINCE_LAST
 2DIAGNOSTIC,     1, -3.581448260921e-01, 1.797693134862e+308, 5.1436e+01, 9.4051e+00, 
 2DIAGNOSTIC,     2, -3.582781493312e-01, 1.797693134862e+308, 5.1914e+01, 4.7737e-01, 
 2DIAGNOSTIC,     3, -3.583707822676e-01, 1.797693134862e+308, 5.2479e+01, 5.6528e-01, 
 2DIAGNOSTIC,     4, -3.583583987204e-01, 1.797693134862e+308, 5.3049e+01, 5.7012e-01, 
 2DIAGNOSTIC,     5, -3.583795619338e-01, 1.797693134862e+308, 5.3519e+01, 4.7026e-01, 
 2DIAGNOSTIC,     6, -3.583897406086e-01, 1.797693134862e+308, 5.4089e+01, 5.6908e-01, 
 2DIAGNOSTIC,     7, -3.584026076940e-01, 1.797693134862e+308, 5.4559e+01, 4.7080e-01, 
 2DIAGNOSTIC,     8, -3.584163155524e-01, 1.797693134862e+308, 5.5036e+01, 4.7710e-01, 
 2DIAGNOSTIC,     9, -3.584884689524e-01, 1.797693134862e+308, 5.5601e+01, 5.6486e-01, 
 2DIAGNOSTIC,    10, -3.585921847308e-01, 5.753292769052e-05, 5.6173e+01, 5.7125e-01, 
 2DIAGNOSTIC,    11, -3.586503773628e-01, 5.164257139358e-05, 5.6834e+01, 6.6094e-01, 
 2DIAGNOSTIC,    12, -3.586980017556e-01, 5.418709261988e-05, 5.7589e+01, 7.5570e-01, 
 2DIAGNOSTIC,    13, -3.587381998576e-01, 5.986441612056e-05, 5.8160e+01, 5.7125e-01, 
 2DIAGNOSTIC,    14, -3.587356182579e-01, 5.857953990322e-05, 5.8824e+01, 6.6344e-01, 
 2DIAGNOSTIC,    15, -3.587145543305e-01, 5.228817561508e-05, 5.9396e+01, 5.7255e-01, 
 2DIAGNOSTIC,    16, -3.587673257001e-01, 4.533420419144e-05, 5.9966e+01, 5.6905e-01, 
 2DIAGNOSTIC,    17, -3.587778568931e-01, 3.626193641761e-05, 6.0628e+01, 6.6229e-01, 
 2DIAGNOSTIC,    18, -3.587763653703e-01, 2.552759222074e-05, 6.1196e+01, 5.6854e-01, 
 2DIAGNOSTIC,    19, -3.587739093157e-01, 1.660935779877e-05, 6.1768e+01, 5.7150e-01, 
 2DIAGNOSTIC,    20, -3.587753005838e-01, 1.135943346167e-05, 6.2244e+01, 4.7580e-01, 
 2DIAGNOSTIC,    21, -3.587811700072e-01, 8.047296895082e-06, 6.2813e+01, 5.6901e-01, 
 2DIAGNOSTIC,    22, -3.587949886799e-01, 6.564909696548e-06, 6.3291e+01, 4.7797e-01, 
 2DIAGNOSTIC,    23, -3.588051236696e-01, 6.479967293707e-06, 6.3769e+01, 4.7855e-01, 
 2DIAGNOSTIC,    24, -3.588156465062e-01, 6.233730379668e-06, 6.4246e+01, 4.7717e-01, 
 2DIAGNOSTIC,    25, -3.588238983084e-01, 5.095795261804e-06, 6.4722e+01, 4.7540e-01, 
 2DIAGNOSTIC,    26, -3.588405168407e-01, 5.786950315632e-06, 6.5196e+01, 4.7396e-01, 
 2DIAGNOSTIC,    27, -3.589013113239e-01, 8.076956687135e-06, 6.5672e+01, 4.7662e-01, 
 2DIAGNOSTIC,    28, -3.589686740650e-01, 1.137482734184e-05, 6.6243e+01, 5.7030e-01, 
 2DIAGNOSTIC,    29, -3.590695981941e-01, 1.614364268520e-05, 6.7555e+01, 1.3128e+00, 
 2DIAGNOSTIC,    30, -3.590675428953e-01, 1.912337321660e-05, 6.8220e+01, 6.6461e-01, 
 2DIAGNOSTIC,    31, -3.590638684479e-01, 2.030128878392e-05, 6.8792e+01, 5.7155e-01, 
 2DIAGNOSTIC,    32, -3.590684153125e-01, 2.004269452063e-05, 6.9270e+01, 4.7858e-01, 
 2DIAGNOSTIC,    33, -3.590581576297e-01, 1.794500510313e-05, 6.9748e+01, 4.7811e-01, 
 2DIAGNOSTIC,    34, -3.590684259856e-01, 1.482687823652e-05, 7.0318e+01, 5.6972e-01, 
 2DIAGNOSTIC,    35, -3.590567857798e-01, 1.050600263322e-05, 7.0984e+01, 6.6564e-01, 
 2DIAGNOSTIC,    36, -3.590565094137e-01, 5.895724464872e-06, 7.1554e+01, 5.6988e-01, 
 2DIAGNOSTIC,    37, -3.590470671588e-01, 2.141704719790e-06, 7.2125e+01, 5.7119e-01, 
DIAGNOSTIC,Iteration,metricValue,convergenceValue,ITERATION_TIME_INDEX,SINCE_LAST
 2DIAGNOSTIC,     1, -3.103965747540e-01, 1.797693134862e+308, 8.1230e+01, 9.1053e+00, 
  Elapsed time (stage 0): 8.3130e+01


Stage 1
  iterations = 1000x500x250x0
  convergence threshold = 1.0000e-06
  convergence window size = 10
  number of levels = 4
  using the Mattes MI metric (number of bins = 32, weight = 1.0000e+00)
  preprocessing:  winsorizing the image intensities
  Shrink factors (level 1 out of 4): [12, 12, 12]
  Shrink factors (level 2 out of 4): [8, 8, 8]
  Shrink factors (level 3 out of 4): [4, 4, 4]
  Shrink factors (level 4 out of 4): [2, 2, 2]
  smoothing sigmas per level: [4, 3, 2, 1]
  regular sampling (percentage = 2.5000e-01)

*** Running AffineTransform registration ***

DIAGNOSTIC,Iteration,metricValue,convergenceValue,ITERATION_TIME_INDEX,SINCE_LAST
 2DIAGNOSTIC,     1, -4.919172924735e-01, 1.797693134862e+308, 2.2523e+01, 2.2523e+01, 
 2DIAGNOSTIC,     2, -4.925836471988e-01, 1.797693134862e+308, 2.2539e+01, 1.6088e-02, 
 2DIAGNOSTIC,     3, -4.925310337686e-01, 1.797693134862e+308, 2.2555e+01, 1.5579e-02, 
 2DIAGNOSTIC,     4, -4.929446478468e-01, 1.797693134862e+308, 2.2569e+01, 1.4211e-02, 
 2DIAGNOSTIC,     5, -4.935905875271e-01, 1.797693134862e+308, 2.2583e+01, 1.4026e-02, 
 2DIAGNOSTIC,     6, -4.946122751144e-01, 1.797693134862e+308, 2.2598e+01, 1.4366e-02, 
 2DIAGNOSTIC,     7, -4.957055026809e-01, 1.797693134862e+308, 2.2612e+01, 1.4057e-02, 
 2DIAGNOSTIC,     8, -4.979937341081e-01, 1.797693134862e+308, 2.2626e+01, 1.4348e-02, 
 2DIAGNOSTIC,     9, -5.006535464390e-01, 1.797693134862e+308, 2.2642e+01, 1.5918e-02, 
 2DIAGNOSTIC,    10, -5.030368856115e-01, 1.348793556419e-03, 2.2664e+01, 2.1795e-02, 
 2DIAGNOSTIC,    11, -5.036910481609e-01, 1.457145505557e-03, 2.2679e+01, 1.4743e-02, 
 2DIAGNOSTIC,    12, -5.040981045715e-01, 1.469905270149e-03, 2.2693e+01, 1.4817e-02, 
 2DIAGNOSTIC,    13, -5.050260375027e-01, 1.386388757857e-03, 2.2708e+01, 1.4460e-02, 
 2DIAGNOSTIC,    14, -5.059544466453e-01, 1.241415990723e-03, 2.2728e+01, 1.9813e-02, 
 2DIAGNOSTIC,    15, -5.061917992793e-01, 1.035048462478e-03, 2.2742e+01, 1.4575e-02, 
 2DIAGNOSTIC,    16, -5.069120938394e-01, 8.234620604051e-04, 2.2757e+01, 1.5043e-02, 
 2DIAGNOSTIC,    17, -5.082355804634e-01, 6.419941952521e-04, 2.2774e+01, 1.6289e-02, 
 2DIAGNOSTIC,    18, -5.084472306648e-01, 4.982176180408e-04, 2.2788e+01, 1.4865e-02, 
 2DIAGNOSTIC,    19, -5.096816961056e-01, 4.385797543357e-04, 2.2806e+01, 1.7999e-02, 
 2DIAGNOSTIC,    20, -5.114124758977e-01, 4.604482599945e-04, 2.2823e+01, 1.6683e-02, 
 2DIAGNOSTIC,    21, -5.120566679460e-01, 4.715515239552e-04, 2.2839e+01, 1.6208e-02, 
 2DIAGNOSTIC,    22, -5.126551676691e-01, 4.632398763251e-04, 2.2854e+01, 1.4657e-02, 
 2DIAGNOSTIC,    23, -5.131257843753e-01, 4.467016349665e-04, 2.2868e+01, 1.4378e-02, 
 2DIAGNOSTIC,    24, -5.145243641739e-01, 4.445656660968e-04, 2.2888e+01, 1.9837e-02, 
 2DIAGNOSTIC,    25, -5.149086864065e-01, 4.136401149934e-04, 2.2902e+01, 1.4325e-02, 
 2DIAGNOSTIC,    26, -5.160964307613e-01, 3.872682288246e-04, 2.2917e+01, 1.4633e-02, 
 2DIAGNOSTIC,    27, -5.164094761279e-01, 3.610337395364e-04, 2.2931e+01, 1.4314e-02, 
 2DIAGNOSTIC,    28, -5.176686364476e-01, 3.321749513486e-04, 2.2952e+01, 2.0132e-02, 
 2DIAGNOSTIC,    29, -5.186593713125e-01, 3.158439992336e-04, 2.2968e+01, 1.6003e-02, 
 2DIAGNOSTIC,    30, -5.187869438263e-01, 3.051653797140e-04, 2.2982e+01, 1.4910e-02, 
 2DIAGNOSTIC,    31, -5.220738067867e-01, 3.378421095791e-04, 2.2999e+01, 1.6249e-02, 
 2DIAGNOSTIC,    32, -5.235574684306e-01, 3.715504792938e-04, 2.3015e+01, 1.6412e-02, 
 2DIAGNOSTIC,    33, -5.245949787373e-01, 3.928768453347e-04, 2.3031e+01, 1.5947e-02, 
 2DIAGNOSTIC,    34, -5.244177648662e-01, 3.963029930241e-04, 2.3047e+01, 1.6238e-02, 
 2DIAGNOSTIC,    35, -5.242392819081e-01, 3.655062488204e-04, 2.3063e+01, 1.5825e-02, 
 2DIAGNOSTIC,    36, -5.242582959477e-01, 3.202505078173e-04, 2.3079e+01, 1.6133e-02, 
 2DIAGNOSTIC,    37, -5.247036134460e-01, 2.575344088460e-04, 2.3094e+01, 1.4438e-02, 
 2DIAGNOSTIC,    38, -5.256708182054e-01, 2.062801128705e-04, 2.3110e+01, 1.6277e-02, 
 2DIAGNOSTIC,    39, -5.248835214320e-01, 1.416251853286e-04, 2.3129e+01, 1.9134e-02, 
 2DIAGNOSTIC,    40, -5.247765059018e-01, 6.696210585973e-05, 2.3145e+01, 1.6219e-02, 
 2DIAGNOSTIC,    41, -5.249350382043e-01, 3.613857589400e-05, 2.3160e+01, 1.4166e-02, 
 2DIAGNOSTIC,    42, -5.254619768624e-01, 2.920403384117e-05, 2.3174e+01, 1.4642e-02, 
 2DIAGNOSTIC,    43, -5.261677713816e-01, 4.206226220836e-05, 2.3190e+01, 1.5832e-02, 
 2DIAGNOSTIC,    44, -5.263454734678e-01, 5.052368389505e-05, 2.3206e+01, 1.6373e-02, 
 2DIAGNOSTIC,    45, -5.275888984211e-01, 6.741912887810e-05, 2.3224e+01, 1.7443e-02, 
 2DIAGNOSTIC,    46, -5.265366551597e-01, 6.424802709272e-05, 2.3240e+01, 1.6178e-02, 
 2DIAGNOSTIC,    47, -5.268766873952e-01, 6.435690178603e-05, 2.3256e+01, 1.5825e-02, 
 2DIAGNOSTIC,    48, -5.273346623230e-01, 7.489128512804e-05, 2.3270e+01, 1.4471e-02, 
 2DIAGNOSTIC,    49, -5.278805509122e-01, 7.488984066351e-05, 2.3284e+01, 1.4201e-02, 
 2DIAGNOSTIC,    50, -5.277367944405e-01, 6.490512182350e-05, 2.3299e+01, 1.4473e-02, 
 2DIAGNOSTIC,    51, -5.282240442898e-01, 5.644764779871e-05, 2.3315e+01, 1.5795e-02, 
 2DIAGNOSTIC,    52, -5.288674803928e-01, 5.532212134877e-05, 2.3334e+01, 1.9193e-02, 
 2DIAGNOSTIC,    53, -5.285349044545e-01, 5.253779011496e-05, 2.3348e+01, 1.4261e-02, 
 2DIAGNOSTIC,    54, -5.287920730983e-01, 4.903564405700e-05, 2.3363e+01, 1.4587e-02, 
 2DIAGNOSTIC,    55, -5.303709260290e-01, 6.971625783626e-05, 2.3379e+01, 1.5961e-02, 
 2DIAGNOSTIC,    56, -5.308217977149e-01, 7.655654923819e-05, 2.3395e+01, 1.6375e-02, 
 2DIAGNOSTIC,    57, -5.306604863323e-01, 7.748430566342e-05, 2.3417e+01, 2.2249e-02, 
 2DIAGNOSTIC,    58, -5.306637954400e-01, 7.564141241886e-05, 2.3432e+01, 1.4630e-02, 
 2DIAGNOSTIC,    59, -5.306894799243e-01, 7.213689546413e-05, 2.3446e+01, 1.4251e-02, 
 2DIAGNOSTIC,    60, -5.305215128512e-01, 5.860596826102e-05, 2.3461e+01, 1.4413e-02, 
 2DIAGNOSTIC,    61, -5.305335692426e-01, 4.421439092224e-05, 2.3476e+01, 1.5777e-02, 
 2DIAGNOSTIC,    62, -5.305441557595e-01, 3.222948205637e-05, 2.3491e+01, 1.4553e-02, 
 2DIAGNOSTIC,    63, -5.303640267654e-01, 1.325654213746e-05, 2.3505e+01, 1.4177e-02, 
DIAGNOSTIC,Iteration,metricValue,convergenceValue,ITERATION_TIME_INDEX,SINCE_LAST
 2DIAGNOSTIC,     1, -4.583499807926e-01, 1.797693134862e+308, 3.9535e+01, 1.6030e+01, 
 2DIAGNOSTIC,     2, -4.590127350971e-01, 1.797693134862e+308, 3.9604e+01, 6.8714e-02, 
 2DIAGNOSTIC,     3, -4.594665185081e-01, 1.797693134862e+308, 3.9674e+01, 7.0314e-02, 
 2DIAGNOSTIC,     4, -4.601951977351e-01, 1.797693134862e+308, 3.9743e+01, 6.8831e-02, 
 2DIAGNOSTIC,     5, -4.605960146569e-01, 1.797693134862e+308, 3.9813e+01, 7.0390e-02, 
 2DIAGNOSTIC,     6, -4.612696996396e-01, 1.797693134862e+308, 3.9882e+01, 6.9014e-02, 
 2DIAGNOSTIC,     7, -4.621904113497e-01, 1.797693134862e+308, 3.9963e+01, 8.0401e-02, 
 2DIAGNOSTIC,     8, -4.626123898193e-01, 1.797693134862e+308, 4.0064e+01, 1.0161e-01, 
 2DIAGNOSTIC,     9, -4.627232067235e-01, 1.797693134862e+308, 4.0135e+01, 7.0393e-02, 
 2DIAGNOSTIC,    10, -4.627890236488e-01, 6.772709943527e-04, 4.0204e+01, 6.9457e-02, 
 2DIAGNOSTIC,    11, -4.629262910934e-01, 5.455523792594e-04, 4.0275e+01, 7.0552e-02, 
 2DIAGNOSTIC,    12, -4.630213968974e-01, 4.251743750125e-04, 4.0366e+01, 9.0744e-02, 
 2DIAGNOSTIC,    13, -4.632693777244e-01, 3.177198157280e-04, 4.0447e+01, 8.1190e-02, 
 2DIAGNOSTIC,    14, -4.635228194448e-01, 2.404201813112e-04, 4.0538e+01, 9.1282e-02, 
 2DIAGNOSTIC,    15, -4.636561713274e-01, 1.734011782874e-04, 4.0619e+01, 8.1414e-02, 
 2DIAGNOSTIC,    16, -4.637194579355e-01, 1.266989684147e-04, 4.0689e+01, 6.9135e-02, 
 2DIAGNOSTIC,    17, -4.637372931732e-01, 1.076822623651e-04, 4.0759e+01, 7.0261e-02, 
 2DIAGNOSTIC,    18, -4.637659268995e-01, 9.630266110485e-05, 4.0839e+01, 8.0189e-02, 
 2DIAGNOSTIC,    19, -4.637114477259e-01, 7.906296824116e-05, 4.0910e+01, 7.0716e-02, 
 2DIAGNOSTIC,    20, -4.638189264227e-01, 6.169057045044e-05, 4.0979e+01, 6.9125e-02, 
 2DIAGNOSTIC,    21, -4.638998920668e-01, 4.675445624472e-05, 4.1049e+01, 7.0182e-02, 
 2DIAGNOSTIC,    22, -4.640287226013e-01, 3.509003948483e-05, 4.1118e+01, 6.9221e-02, 
 2DIAGNOSTIC,    23, -4.640765860373e-01, 2.904303613986e-05, 4.1199e+01, 8.1135e-02, 
 2DIAGNOSTIC,    24, -4.640641513336e-01, 2.705822895911e-05, 4.1301e+01, 1.0169e-01, 
 2DIAGNOSTIC,    25, -4.641913897402e-01, 2.922057514484e-05, 4.1404e+01, 1.0287e-01, 
 2DIAGNOSTIC,    26, -4.641951110246e-01, 3.002209818277e-05, 4.1484e+01, 8.0470e-02, 
 2DIAGNOSTIC,    27, -4.642331628625e-01, 2.929706413252e-05, 4.1555e+01, 7.0240e-02, 
 2DIAGNOSTIC,    28, -4.641252507272e-01, 2.432076892032e-05, 4.1624e+01, 6.9679e-02, 
 2DIAGNOSTIC,    29, -4.641003043894e-01, 1.588441991572e-05, 4.1705e+01, 8.0982e-02, 
 2DIAGNOSTIC,    30, -4.641345598550e-01, 9.472921658468e-06, 4.1785e+01, 8.0123e-02, 
 2DIAGNOSTIC,    31, -4.640942231211e-01, 3.345430773308e-06, 4.1856e+01, 7.0430e-02, 
DIAGNOSTIC,Iteration,metricValue,convergenceValue,ITERATION_TIME_INDEX,SINCE_LAST
 2DIAGNOSTIC,     1, -3.901897020590e-01, 1.797693134862e+308, 5.1409e+01, 9.5527e+00, 
 2DIAGNOSTIC,     2, -3.903588939027e-01, 1.797693134862e+308, 5.1975e+01, 5.6610e-01, 
 2DIAGNOSTIC,     3, -3.905199158208e-01, 1.797693134862e+308, 5.2534e+01, 5.5927e-01, 
 2DIAGNOSTIC,     4, -3.906925198441e-01, 1.797693134862e+308, 5.3094e+01, 5.6051e-01, 
 2DIAGNOSTIC,     5, -3.908768829879e-01, 1.797693134862e+308, 5.3934e+01, 8.4001e-01, 
 2DIAGNOSTIC,     6, -3.908758661356e-01, 1.797693134862e+308, 5.4484e+01, 5.4994e-01, 
 2DIAGNOSTIC,     7, -3.909449667091e-01, 1.797693134862e+308, 5.5043e+01, 5.5895e-01, 
 2DIAGNOSTIC,     8, -3.911832322643e-01, 1.797693134862e+308, 5.5687e+01, 6.4412e-01, 
 2DIAGNOSTIC,     9, -3.916337403419e-01, 1.797693134862e+308, 5.6336e+01, 6.4809e-01, 
 2DIAGNOSTIC,    10, -3.919724543987e-01, 2.561716537648e-04, 5.7166e+01, 8.3002e-01, 
 2DIAGNOSTIC,    11, -3.920481836677e-01, 2.522297582667e-04, 5.7818e+01, 6.5214e-01, 
 2DIAGNOSTIC,    12, -3.920982827722e-01, 2.403361877562e-04, 5.8369e+01, 5.5120e-01, 
 2DIAGNOSTIC,    13, -3.921627544315e-01, 2.212116905013e-04, 5.8923e+01, 5.5429e-01, 
 2DIAGNOSTIC,    14, -3.922382786853e-01, 1.971069656441e-04, 5.9472e+01, 5.4917e-01, 
 2DIAGNOSTIC,    15, -3.923326305488e-01, 1.717614433456e-04, 6.0025e+01, 5.5310e-01, 
 2DIAGNOSTIC,    16, -3.924025498119e-01, 1.373796327480e-04, 6.1230e+01, 1.2041e+00, 
 2DIAGNOSTIC,    17, -3.924028158416e-01, 9.768597570634e-05, 6.1781e+01, 5.5136e-01, 
 2DIAGNOSTIC,    18, -3.923980812554e-01, 6.270705175816e-05, 6.2424e+01, 6.4314e-01, 
 2DIAGNOSTIC,    19, -3.923932783865e-01, 4.247093572581e-05, 6.3070e+01, 6.4590e-01, 
 2DIAGNOSTIC,    20, -3.923835546845e-01, 3.231734805718e-05, 6.3713e+01, 6.4281e-01, 
 2DIAGNOSTIC,    21, -3.923787635889e-01, 2.269381903677e-05, 6.4265e+01, 5.5173e-01, 
 2DIAGNOSTIC,    22, -3.923741680398e-01, 1.348020514152e-05, 6.4907e+01, 6.4245e-01, 
 2DIAGNOSTIC,    23, -3.923745123555e-01, 5.992155978858e-06, 6.5554e+01, 6.4722e-01, 
DIAGNOSTIC,Iteration,metricValue,convergenceValue,ITERATION_TIME_INDEX,SINCE_LAST
 2DIAGNOSTIC,     1, -3.385291842194e-01, 1.797693134862e+308, 7.5357e+01, 9.8024e+00, 
  Elapsed time (stage 1): 7.7314e+01


Stage 2
  iterations = 100x100x70x50x0
  convergence threshold = 1.0000e-06
  convergence window size = 10
  number of levels = 5
  using the Mattes MI metric (number of bins = 32, weight = 1.0000e+00)
  preprocessing:  winsorizing the image intensities
  Shrink factors (level 1 out of 5): [10, 10, 10]
  Shrink factors (level 2 out of 5): [6, 6, 6]
  Shrink factors (level 3 out of 5): [4, 4, 4]
  Shrink factors (level 4 out of 5): [2, 2, 2]
  Shrink factors (level 5 out of 5): [1, 1, 1]
  smoothing sigmas per level: [5, 3, 2, 1, 0]
  Using default NONE metricSamplingStrategy 

*** Running SyN registration (varianceForUpdateField = 3.0000e+00, varianceForTotalField = 0.0000e+00) ***

XXDIAGNOSTIC,Iteration,metricValue,convergenceValue,ITERATION_TIME_INDEX,SINCE_LAST
 1DIAGNOSTIC,     1, -5.240747215354e-01, 1.797693134862e+308, 3.5455e+01, 3.5455e+01, 
 1DIAGNOSTIC,     2, -5.422838174023e-01, 1.797693134862e+308, 3.5595e+01, 1.4027e-01, 
 1DIAGNOSTIC,     3, -5.528733187892e-01, 1.797693134862e+308, 3.5732e+01, 1.3747e-01, 
 1DIAGNOSTIC,     4, -5.560816224649e-01, 1.797693134862e+308, 3.5870e+01, 1.3763e-01, 
 1DIAGNOSTIC,     5, -5.544861651630e-01, 1.797693134862e+308, 3.6004e+01, 1.3459e-01, 
 1DIAGNOSTIC,     6, -5.540055851039e-01, 1.797693134862e+308, 3.6139e+01, 1.3462e-01, 
 1DIAGNOSTIC,     7, -5.522551115650e-01, 1.797693134862e+308, 3.6273e+01, 1.3427e-01, 
 1DIAGNOSTIC,     8, -5.509376691718e-01, 1.797693134862e+308, 3.6407e+01, 1.3410e-01, 
 1DIAGNOSTIC,     9, -5.498683946520e-01, 1.797693134862e+308, 3.6542e+01, 1.3434e-01, 
 1DIAGNOSTIC,    10, -5.475539921233e-01, 1.396161329092e-03, 3.6677e+01, 1.3524e-01, 
 1DIAGNOSTIC,    11, -5.441939430187e-01, -4.235115844305e-04, 3.6812e+01, 1.3508e-01, 
XXDIAGNOSTIC,Iteration,metricValue,convergenceValue,ITERATION_TIME_INDEX,SINCE_LAST
 1DIAGNOSTIC,     1, -4.313384335204e-01, 1.797693134862e+308, 5.3137e+01, 1.6324e+01, 
 1DIAGNOSTIC,     2, -4.334056097540e-01, 1.797693134862e+308, 5.3688e+01, 5.5172e-01, 
 1DIAGNOSTIC,     3, -4.347759098766e-01, 1.797693134862e+308, 5.4224e+01, 5.3599e-01, 
 1DIAGNOSTIC,     4, -4.345790849110e-01, 1.797693134862e+308, 5.4759e+01, 5.3436e-01, 
 1DIAGNOSTIC,     5, -4.340736059889e-01, 1.797693134862e+308, 5.5295e+01, 5.3605e-01, 
 1DIAGNOSTIC,     6, -4.332434780932e-01, 1.797693134862e+308, 5.5829e+01, 5.3460e-01, 
 1DIAGNOSTIC,     7, -4.323883950654e-01, 1.797693134862e+308, 5.6366e+01, 5.3698e-01, 
 1DIAGNOSTIC,     8, -4.314516379767e-01, 1.797693134862e+308, 5.6904e+01, 5.3807e-01, 
 1DIAGNOSTIC,     9, -4.305513406563e-01, 1.797693134862e+308, 5.7440e+01, 5.3566e-01, 
 1DIAGNOSTIC,    10, -4.293299519682e-01, -5.222385160488e-04, 5.7978e+01, 5.3771e-01, 
XXDIAGNOSTIC,Iteration,metricValue,convergenceValue,ITERATION_TIME_INDEX,SINCE_LAST
 1DIAGNOSTIC,     1, -3.653982457472e-01, 1.797693134862e+308, 6.8449e+01, 1.0471e+01, 
 1DIAGNOSTIC,     2, -3.661875502218e-01, 1.797693134862e+308, 7.0199e+01, 1.7504e+00, 
 1DIAGNOSTIC,     3, -3.666892255163e-01, 1.797693134862e+308, 7.1887e+01, 1.6878e+00, 
 1DIAGNOSTIC,     4, -3.667655000614e-01, 1.797693134862e+308, 7.3686e+01, 1.7990e+00, 
 1DIAGNOSTIC,     5, -3.667953652131e-01, 1.797693134862e+308, 7.5373e+01, 1.6874e+00, 
 1DIAGNOSTIC,     6, -3.666798193963e-01, 1.797693134862e+308, 7.7063e+01, 1.6900e+00, 
 1DIAGNOSTIC,     7, -3.665349084009e-01, 1.797693134862e+308, 7.8754e+01, 1.6902e+00, 
 1DIAGNOSTIC,     8, -3.663420039843e-01, 1.797693134862e+308, 8.0444e+01, 1.6900e+00, 
 1DIAGNOSTIC,     9, -3.660902137788e-01, 1.797693134862e+308, 8.2190e+01, 1.7458e+00, 
 1DIAGNOSTIC,    10, -3.657931087414e-01, -1.527994499081e-06, 8.3885e+01, 1.6958e+00, 
XXDIAGNOSTIC,Iteration,metricValue,convergenceValue,ITERATION_TIME_INDEX,SINCE_LAST
 1DIAGNOSTIC,     1, -3.099010489603e-01, 1.797693134862e+308, 1.0321e+02, 1.9325e+01, 
 1DIAGNOSTIC,     2, -3.107474364987e-01, 1.797693134862e+308, 1.1593e+02, 1.2720e+01, 
 1DIAGNOSTIC,     3, -3.116567841105e-01, 1.797693134862e+308, 1.2910e+02, 1.3173e+01, 
 1DIAGNOSTIC,     4, -3.125324375883e-01, 1.797693134862e+308, 1.4181e+02, 1.2710e+01, 
 1DIAGNOSTIC,     5, -3.133114806675e-01, 1.797693134862e+308, 1.5457e+02, 1.2754e+01, 
 1DIAGNOSTIC,     6, -3.140347170793e-01, 1.797693134862e+308, 1.6774e+02, 1.3172e+01, 
 1DIAGNOSTIC,     7, -3.147419644763e-01, 1.797693134862e+308, 1.8092e+02, 1.3179e+01, 
 1DIAGNOSTIC,     8, -3.153321188994e-01, 1.797693134862e+308, 1.9412e+02, 1.3197e+01, 
 1DIAGNOSTIC,     9, -3.158048250482e-01, 1.797693134862e+308, 2.0723e+02, 1.3116e+01, 
 1DIAGNOSTIC,    10, -3.162487908269e-01, 1.317763742786e-03, 2.2039e+02, 1.3161e+01, 
 1DIAGNOSTIC,    11, -3.166465258058e-01, 1.095643806003e-03, 2.3403e+02, 1.3636e+01, 
 1DIAGNOSTIC,    12, -3.169701446026e-01, 8.997804261319e-04, 2.4758e+02, 1.3552e+01, 
 1DIAGNOSTIC,    13, -3.171914233172e-01, 7.309141202307e-04, 2.6084e+02, 1.3264e+01, 
 1DIAGNOSTIC,    14, -3.174083417108e-01, 5.901295892556e-04, 2.7448e+02, 1.3637e+01, 
 1DIAGNOSTIC,    15, -3.176892748518e-01, 4.777451409982e-04, 2.8804e+02, 1.3559e+01, 
 1DIAGNOSTIC,    16, -3.178875604599e-01, 3.869664505196e-04, 3.0162e+02, 1.3582e+01, 
 1DIAGNOSTIC,    17, -3.180940362187e-01, 3.194580208297e-04, 3.1517e+02, 1.3548e+01, 
 1DIAGNOSTIC,    18, -3.182881072927e-01, 2.691452434311e-04, 3.2874e+02, 1.3569e+01, 
 1DIAGNOSTIC,    19, -3.184472676004e-01, 2.289927298378e-04, 3.4230e+02, 1.3561e+01, 
 1DIAGNOSTIC,    20, -3.185818136390e-01, 1.974196045671e-04, 3.5590e+02, 1.3599e+01, 
 1DIAGNOSTIC,    21, -3.186980806783e-01, 1.723767566858e-04, 3.6948e+02, 1.3581e+01, 
 1DIAGNOSTIC,    22, -3.187689119934e-01, 1.496856109884e-04, 3.8308e+02, 1.3599e+01, 
 1DIAGNOSTIC,    23, -3.188593854841e-01, 1.272067621889e-04, 3.9667e+02, 1.3594e+01, 
 1DIAGNOSTIC,    24, -3.189562239362e-01, 1.063537315322e-04, 4.1030e+02, 1.3630e+01, 
 1DIAGNOSTIC,    25, -3.190442062145e-01, 9.044795630021e-05, 4.2391e+02, 1.3610e+01, 
 1DIAGNOSTIC,    26, -3.191242257079e-01, 7.688455646299e-05, 4.3749e+02, 1.3581e+01, 
 1DIAGNOSTIC,    27, -3.191811608675e-01, 6.587022358538e-05, 4.5108e+02, 1.3588e+01, 
 1DIAGNOSTIC,    28, -3.192130228858e-01, 5.671657887150e-05, 4.6476e+02, 1.3679e+01, 
 1DIAGNOSTIC,    29, -3.192547633911e-01, 4.909219045345e-05, 4.7837e+02, 1.3612e+01, 
 1DIAGNOSTIC,    30, -3.193085544820e-01, 4.298628047252e-05, 4.9196e+02, 1.3585e+01, 
 1DIAGNOSTIC,    31, -3.193357397810e-01, 3.741039669827e-05, 5.0560e+02, 1.3647e+01, 
 1DIAGNOSTIC,    32, -3.193522255419e-01, 3.116370521306e-05, 5.1930e+02, 1.3694e+01, 
 1DIAGNOSTIC,    33, -3.193906213316e-01, 2.592366262914e-05, 5.3290e+02, 1.3605e+01, 
 1DIAGNOSTIC,    34, -3.194290811512e-01, 2.213719275192e-05, 5.4646e+02, 1.3558e+01, 
 1DIAGNOSTIC,    35, -3.194578491289e-01, 1.947754818071e-05, 5.6005e+02, 1.3587e+01, 
 1DIAGNOSTIC,    36, -3.194628622426e-01, 1.729287719204e-05, 5.7370e+02, 1.3653e+01, 
 1DIAGNOSTIC,    37, -3.194739812563e-01, 1.533280984128e-05, 5.8733e+02, 1.3633e+01, 
 1DIAGNOSTIC,    38, -3.194873406848e-01, 1.314728675587e-05, 6.0106e+02, 1.3728e+01, 
 1DIAGNOSTIC,    39, -3.194914985116e-01, 1.090982032436e-05, 6.1469e+02, 1.3623e+01, 
 1DIAGNOSTIC,    40, -3.194928813617e-01, 9.049540367463e-06, 6.2826e+02, 1.3571e+01, 
 1DIAGNOSTIC,    41, -3.194750523621e-01, 6.711180968767e-06, 6.4188e+02, 1.3622e+01, 
 1DIAGNOSTIC,    42, -3.194249304768e-01, 3.205468126044e-06, 6.5550e+02, 1.3619e+01, 
 1DIAGNOSTIC,    43, -3.193563497022e-01, -9.919488459763e-07, 6.6912e+02, 1.3624e+01, 
  Elapsed time (stage 2): 689.7


Total elapsed time: 850.2

--- Writing output images ---

Using double precision for computations.
Input scalar image: data/Segmentations/1101_3_seg.nii.gz
Reference image: data/template/T_template0_BrainCerebellum.nii.gz
=============================================================================
The composite transform comprises the following transforms (in order): 
  1. /tmp/1971373.1.basic.q/1101_ToTemplate_016_0GenericAffine.mat (type = AffineTransform)
  2. /tmp/1971373.1.basic.q/1101_ToTemplate_016_1Warp.nii.gz (type = DisplacementFieldTransform)
=============================================================================
Default pixel value: 0
Interpolation type: LabelImageGenericInterpolateImageFunction
Output warped image: output/1101/1101_WarpedLabels_016.nii.gz

--- Done ---

