
--- Running on compute-2-11.local ---


--- registration call ---
/data/jet/pcook/bin/antsBuild/bin/antsRegistrationSyNQuick.sh -d 3 -f data/template/T_template0_BrainCerebellum.nii.gz -m data/Brains/1011_3.nii.gz -t s -p f -n 1 -o /tmp/1971630.1.basic.q/1011_ToTemplate_023_
---


--------------------------------------------------------------------------------------
 Mapping parameters
--------------------------------------------------------------------------------------
 ANTSPATH is /data/jet/pcook/bin/antsBuild/bin/

 Dimensionality:           3
 Output name prefix:       /tmp/1971630.1.basic.q/1011_ToTemplate_023_
 Fixed images:             data/template/T_template0_BrainCerebellum.nii.gz
 Moving images:            data/Brains/1011_3.nii.gz
 Mask images:              
 Initial transforms:       
 Number of threads:        1
 Spline distance:          26
 Transform type:           s
 MI histogram bins:        32
 Precision:                f
 Use histogram matching    0
======================================================================================
 antsRegistration call:
--------------------------------------------------------------------------------------
/data/jet/pcook/bin/antsBuild/bin//antsRegistration --verbose 1 --dimensionality 3 --float 1 --collapse-output-transforms 1 --output [/tmp/1971630.1.basic.q/1011_ToTemplate_023_,/tmp/1971630.1.basic.q/1011_ToTemplate_023_Warped.nii.gz,/tmp/1971630.1.basic.q/1011_ToTemplate_023_InverseWarped.nii.gz] --interpolation Linear --use-histogram-matching 0 --winsorize-image-intensities [0.005,0.995] --initial-moving-transform [data/template/T_template0_BrainCerebellum.nii.gz,data/Brains/1011_3.nii.gz,1] --transform Rigid[0.1] --metric MI[data/template/T_template0_BrainCerebellum.nii.gz,data/Brains/1011_3.nii.gz,1,32,Regular,0.25] --convergence [1000x500x250x0,1e-6,10] --shrink-factors 12x8x4x2 --smoothing-sigmas 4x3x2x1vox --transform Affine[0.1] --metric MI[data/template/T_template0_BrainCerebellum.nii.gz,data/Brains/1011_3.nii.gz,1,32,Regular,0.25] --convergence [1000x500x250x0,1e-6,10] --shrink-factors 12x8x4x2 --smoothing-sigmas 4x3x2x1vox --transform SyN[0.1,3,0] --metric MI[data/template/T_template0_BrainCerebellum.nii.gz,data/Brains/1011_3.nii.gz,1,32] --convergence [100x100x70x50x0,1e-6,10] --shrink-factors 10x6x4x2x1 --smoothing-sigmas 5x3x2x1x0vox
--------------------------------------------------------------------------------------
All_Command_lines_OK
Using single precision for computations.
=============================================================================
The composite transform comprises the following transforms (in order): 
  1. Center of mass alignment using fixed image: data/template/T_template0_BrainCerebellum.nii.gz and moving image: data/Brains/1011_3.nii.gz (type = Euler3DTransform)
=============================================================================
  number of levels = 4
  number of levels = 4
  number of levels = 5
  fixed image: data/template/T_template0_BrainCerebellum.nii.gz
  moving image: data/Brains/1011_3.nii.gz
  fixed image: data/template/T_template0_BrainCerebellum.nii.gz
  moving image: data/Brains/1011_3.nii.gz
  fixed image: data/template/T_template0_BrainCerebellum.nii.gz
  moving image: data/Brains/1011_3.nii.gz
Dimension = 3
Number of stages = 3
Use Histogram Matching false
Winsorize image intensities true
Lower quantile = 0.005
Upper quantile = 0.995
Stage 1 State
   Image metric = Mattes
     Fixed image = Image (0x5409420)
  RTTI typeinfo:   itk::Image<float, 3u>
  Reference Count: 2
  Modified Time: 1611
  Debug: Off
  Object Name: 
  Observers: 
    none
  Source: (none)
  Source output name: (none)
  Release Data: Off
  Data Released: False
  Global Release Data: Off
  PipelineMTime: 0
  UpdateMTime: 1422
  RealTimeStamp: 0 seconds 
  LargestPossibleRegion: 
    Dimension: 3
    Index: [0, 0, 0]
    Size: [216, 256, 291]
  BufferedRegion: 
    Dimension: 3
    Index: [0, 0, 0]
    Size: [216, 256, 291]
  RequestedRegion: 
    Dimension: 3
    Index: [0, 0, 0]
    Size: [216, 256, 291]
  Spacing: [1, 1, 1]
  Origin: [0, 293, 0]
  Direction: 
1 0 0
0 -0 -1
0 -1 -0

  IndexToPointMatrix: 
1 0 0
0 0 -1
0 -1 0

  PointToIndexMatrix: 
1 0 0
0 0 -1
0 -1 0

  Inverse Direction: 
1 0 0
0 0 -1
0 -1 0

  PixelContainer: 
    ImportImageContainer (0x53ee7f0)
      RTTI typeinfo:   itk::ImportImageContainer<unsigned long, float>
      Reference Count: 1
      Modified Time: 1419
      Debug: Off
      Object Name: 
      Observers: 
        none
      Pointer: 0x7fc54f226010
      Container manages memory: true
      Size: 16091136
      Capacity: 16091136

     Moving image = Image (0x5409e60)
  RTTI typeinfo:   itk::Image<float, 3u>
  Reference Count: 2
  Modified Time: 1612
  Debug: Off
  Object Name: 
  Observers: 
    none
  Source: (none)
  Source output name: (none)
  Release Data: Off
  Data Released: False
  Global Release Data: Off
  PipelineMTime: 0
  UpdateMTime: 1609
  RealTimeStamp: 0 seconds 
  LargestPossibleRegion: 
    Dimension: 3
    Index: [0, 0, 0]
    Size: [256, 256, 287]
  BufferedRegion: 
    Dimension: 3
    Index: [0, 0, 0]
    Size: [256, 256, 287]
  RequestedRegion: 
    Dimension: 3
    Index: [0, 0, 0]
    Size: [256, 256, 287]
  Spacing: [1, 1, 1]
  Origin: [0, 286, 0]
  Direction: 
1 0 0
0 -0 -1
0 -1 -0

  IndexToPointMatrix: 
1 0 0
0 0 -1
0 -1 0

  PointToIndexMatrix: 
1 0 0
0 0 -1
0 -1 0

  Inverse Direction: 
1 0 0
0 0 -1
0 -1 0

  PixelContainer: 
    ImportImageContainer (0x540c2b0)
      RTTI typeinfo:   itk::ImportImageContainer<unsigned long, float>
      Reference Count: 1
      Modified Time: 1606
      Debug: Off
      Object Name: 
      Observers: 
        none
      Pointer: 0x7fc54aa65010
      Container manages memory: true
      Size: 18808832
      Capacity: 18808832

     Weighting = 1
     Sampling strategy = regular
     Number of bins = 32
     Radius = 4
     Sampling percentage  = 0.25
   Transform = Rigid
     Gradient step = 0.1
     Update field sigma (voxel space) = 0
     Total field sigma (voxel space) = 0
     Update field time sigma = 0
     Total field time sigma  = 0
     Number of time indices = 0
     Number of time point samples = 0
Stage 2 State
   Image metric = Mattes
     Fixed image = Image (0x54146c0)
  RTTI typeinfo:   itk::Image<float, 3u>
  Reference Count: 2
  Modified Time: 1987
  Debug: Off
  Object Name: 
  Observers: 
    none
  Source: (none)
  Source output name: (none)
  Release Data: Off
  Data Released: False
  Global Release Data: Off
  PipelineMTime: 0
  UpdateMTime: 1798
  RealTimeStamp: 0 seconds 
  LargestPossibleRegion: 
    Dimension: 3
    Index: [0, 0, 0]
    Size: [216, 256, 291]
  BufferedRegion: 
    Dimension: 3
    Index: [0, 0, 0]
    Size: [216, 256, 291]
  RequestedRegion: 
    Dimension: 3
    Index: [0, 0, 0]
    Size: [216, 256, 291]
  Spacing: [1, 1, 1]
  Origin: [0, 293, 0]
  Direction: 
1 0 0
0 -0 -1
0 -1 -0

  IndexToPointMatrix: 
1 0 0
0 0 -1
0 -1 0

  PointToIndexMatrix: 
1 0 0
0 0 -1
0 -1 0

  Inverse Direction: 
1 0 0
0 0 -1
0 -1 0

  PixelContainer: 
    ImportImageContainer (0x5414f60)
      RTTI typeinfo:   itk::ImportImageContainer<unsigned long, float>
      Reference Count: 1
      Modified Time: 1795
      Debug: Off
      Object Name: 
      Observers: 
        none
      Pointer: 0x7fc546d02010
      Container manages memory: true
      Size: 16091136
      Capacity: 16091136

     Moving image = Image (0x5414a50)
  RTTI typeinfo:   itk::Image<float, 3u>
  Reference Count: 2
  Modified Time: 1988
  Debug: Off
  Object Name: 
  Observers: 
    none
  Source: (none)
  Source output name: (none)
  Release Data: Off
  Data Released: False
  Global Release Data: Off
  PipelineMTime: 0
  UpdateMTime: 1985
  RealTimeStamp: 0 seconds 
  LargestPossibleRegion: 
    Dimension: 3
    Index: [0, 0, 0]
    Size: [256, 256, 287]
  BufferedRegion: 
    Dimension: 3
    Index: [0, 0, 0]
    Size: [256, 256, 287]
  RequestedRegion: 
    Dimension: 3
    Index: [0, 0, 0]
    Size: [256, 256, 287]
  Spacing: [1, 1, 1]
  Origin: [0, 286, 0]
  Direction: 
1 0 0
0 -0 -1
0 -1 -0

  IndexToPointMatrix: 
1 0 0
0 0 -1
0 -1 0

  PointToIndexMatrix: 
1 0 0
0 0 -1
0 -1 0

  Inverse Direction: 
1 0 0
0 0 -1
0 -1 0

  PixelContainer: 
    ImportImageContainer (0x5415950)
      RTTI typeinfo:   itk::ImportImageContainer<unsigned long, float>
      Reference Count: 1
      Modified Time: 1982
      Debug: Off
      Object Name: 
      Observers: 
        none
      Pointer: 0x7fc542541010
      Container manages memory: true
      Size: 18808832
      Capacity: 18808832

     Weighting = 1
     Sampling strategy = regular
     Number of bins = 32
     Radius = 4
     Sampling percentage  = 0.25
   Transform = Affine
     Gradient step = 0.1
     Update field sigma (voxel space) = 0
     Total field sigma (voxel space) = 0
     Update field time sigma = 0
     Total field time sigma  = 0
     Number of time indices = 0
     Number of time point samples = 0
Stage 3 State
   Image metric = Mattes
     Fixed image = Image (0x541b7b0)
  RTTI typeinfo:   itk::Image<float, 3u>
  Reference Count: 2
  Modified Time: 2363
  Debug: Off
  Object Name: 
  Observers: 
    none
  Source: (none)
  Source output name: (none)
  Release Data: Off
  Data Released: False
  Global Release Data: Off
  PipelineMTime: 0
  UpdateMTime: 2174
  RealTimeStamp: 0 seconds 
  LargestPossibleRegion: 
    Dimension: 3
    Index: [0, 0, 0]
    Size: [216, 256, 291]
  BufferedRegion: 
    Dimension: 3
    Index: [0, 0, 0]
    Size: [216, 256, 291]
  RequestedRegion: 
    Dimension: 3
    Index: [0, 0, 0]
    Size: [216, 256, 291]
  Spacing: [1, 1, 1]
  Origin: [0, 293, 0]
  Direction: 
1 0 0
0 -0 -1
0 -1 -0

  IndexToPointMatrix: 
1 0 0
0 0 -1
0 -1 0

  PointToIndexMatrix: 
1 0 0
0 0 -1
0 -1 0

  Inverse Direction: 
1 0 0
0 0 -1
0 -1 0

  PixelContainer: 
    ImportImageContainer (0x541ba40)
      RTTI typeinfo:   itk::ImportImageContainer<unsigned long, float>
      Reference Count: 1
      Modified Time: 2171
      Debug: Off
      Object Name: 
      Observers: 
        none
      Pointer: 0x7fc53e7de010
      Container manages memory: true
      Size: 16091136
      Capacity: 16091136

     Moving image = Image (0x541e1b0)
  RTTI typeinfo:   itk::Image<float, 3u>
  Reference Count: 2
  Modified Time: 2364
  Debug: Off
  Object Name: 
  Observers: 
    none
  Source: (none)
  Source output name: (none)
  Release Data: Off
  Data Released: False
  Global Release Data: Off
  PipelineMTime: 0
  UpdateMTime: 2361
  RealTimeStamp: 0 seconds 
  LargestPossibleRegion: 
    Dimension: 3
    Index: [0, 0, 0]
    Size: [256, 256, 287]
  BufferedRegion: 
    Dimension: 3
    Index: [0, 0, 0]
    Size: [256, 256, 287]
  RequestedRegion: 
    Dimension: 3
    Index: [0, 0, 0]
    Size: [256, 256, 287]
  Spacing: [1, 1, 1]
  Origin: [0, 286, 0]
  Direction: 
1 0 0
0 -0 -1
0 -1 -0

  IndexToPointMatrix: 
1 0 0
0 0 -1
0 -1 0

  PointToIndexMatrix: 
1 0 0
0 0 -1
0 -1 0

  Inverse Direction: 
1 0 0
0 0 -1
0 -1 0

  PixelContainer: 
    ImportImageContainer (0x541baa0)
      RTTI typeinfo:   itk::ImportImageContainer<unsigned long, float>
      Reference Count: 1
      Modified Time: 2358
      Debug: Off
      Object Name: 
      Observers: 
        none
      Pointer: 0x7fc53a01d010
      Container manages memory: true
      Size: 18808832
      Capacity: 18808832

     Weighting = 1
     Sampling strategy = none
     Number of bins = 32
     Radius = 4
     Sampling percentage  = 1
   Transform = SyN
     Gradient step = 0.1
     Update field sigma (voxel space) = 3
     Total field sigma (voxel space) = 0
     Update field time sigma = 0
     Total field time sigma  = 0
     Number of time indices = 0
     Number of time point samples = 0
Registration using 3 total stages.

Stage 0
  iterations = 1000x500x250x0
  convergence threshold = 1e-06
  convergence window size = 10
  number of levels = 4
  using the Mattes MI metric (number of bins = 32, weight = 1)
  preprocessing:  winsorizing the image intensities
  Shrink factors (level 1 out of 4): [12, 12, 12]
  Shrink factors (level 2 out of 4): [8, 8, 8]
  Shrink factors (level 3 out of 4): [4, 4, 4]
  Shrink factors (level 4 out of 4): [2, 2, 2]
  smoothing sigmas per level: [4, 3, 2, 1]
  regular sampling (percentage = 0.25)

*** Running Euler3DTransform registration ***

DIAGNOSTIC,Iteration,metricValue,convergenceValue,ITERATION_TIME_INDEX,SINCE_LAST
 2DIAGNOSTIC,     1, -5.097949504852e-01, inf, 1.7588e+01, 1.7588e+01, 
 2DIAGNOSTIC,     2, -5.100458860397e-01, inf, 1.7598e+01, 9.9881e-03, 
 2DIAGNOSTIC,     3, -5.105265378952e-01, inf, 1.7609e+01, 1.1347e-02, 
 2DIAGNOSTIC,     4, -5.104489326477e-01, inf, 1.7619e+01, 9.7339e-03, 
 2DIAGNOSTIC,     5, -5.104345083237e-01, inf, 1.7630e+01, 1.1289e-02, 
 2DIAGNOSTIC,     6, -5.106135606766e-01, inf, 1.7640e+01, 9.7470e-03, 
 2DIAGNOSTIC,     7, -5.106773972511e-01, inf, 1.7650e+01, 9.7561e-03, 
 2DIAGNOSTIC,     8, -5.108858346939e-01, inf, 1.7661e+01, 1.1348e-02, 
 2DIAGNOSTIC,     9, -5.114576220512e-01, inf, 1.7671e+01, 9.8181e-03, 
 2DIAGNOSTIC,    10, -5.133340954781e-01, 2.903151616920e-04, 1.7691e+01, 2.0111e-02, 
 2DIAGNOSTIC,    11, -5.135578513145e-01, 3.514178970363e-04, 1.7702e+01, 1.0329e-02, 
 2DIAGNOSTIC,    12, -5.135710239410e-01, 3.836601972580e-04, 1.7713e+01, 1.1815e-02, 
 2DIAGNOSTIC,    13, -5.131481885910e-01, 3.803953586612e-04, 1.7724e+01, 1.0259e-02, 
 2DIAGNOSTIC,    14, -5.133811831474e-01, 3.495138080325e-04, 1.7734e+01, 1.0268e-02, 
 2DIAGNOSTIC,    15, -5.138645768166e-01, 3.066704084631e-04, 1.7744e+01, 1.0304e-02, 
 2DIAGNOSTIC,    16, -5.153437852859e-01, 2.981239231303e-04, 1.7756e+01, 1.2049e-02, 
 2DIAGNOSTIC,    17, -5.175098180771e-01, 3.360222035553e-04, 1.7771e+01, 1.5161e-02, 
 2DIAGNOSTIC,    18, -5.179336071014e-01, 3.576559247449e-04, 1.7783e+01, 1.1822e-02, 
 2DIAGNOSTIC,    19, -5.176619291306e-01, 3.522979095578e-04, 1.7793e+01, 1.0236e-02, 
 2DIAGNOSTIC,    20, -5.178242325783e-01, 3.719406377058e-04, 1.7804e+01, 1.0246e-02, 
 2DIAGNOSTIC,    21, -5.178928375244e-01, 3.619260387495e-04, 1.7814e+01, 1.0265e-02, 
 2DIAGNOSTIC,    22, -5.183252692223e-01, 3.297532966826e-04, 1.7831e+01, 1.6639e-02, 
 2DIAGNOSTIC,    23, -5.187215805054e-01, 2.690546389204e-04, 1.7841e+01, 1.0251e-02, 
 2DIAGNOSTIC,    24, -5.188174843788e-01, 1.968016003957e-04, 1.7853e+01, 1.1759e-02, 
 2DIAGNOSTIC,    25, -5.189031958580e-01, 1.245643652510e-04, 1.7863e+01, 1.0233e-02, 
 2DIAGNOSTIC,    26, -5.191481709480e-01, 8.171375520760e-05, 1.7876e+01, 1.3498e-02, 
 2DIAGNOSTIC,    27, -5.192528367043e-01, 8.040221291594e-05, 1.7887e+01, 1.0256e-02, 
 2DIAGNOSTIC,    28, -5.193035006523e-01, 8.114193769870e-05, 1.7898e+01, 1.1747e-02, 
 2DIAGNOSTIC,    29, -5.193598866463e-01, 7.024782826193e-05, 1.7910e+01, 1.1751e-02, 
 2DIAGNOSTIC,    30, -5.192115306854e-01, 5.394888285082e-05, 1.7920e+01, 1.0210e-02, 
 2DIAGNOSTIC,    31, -5.193371176720e-01, 3.706913776114e-05, 1.7932e+01, 1.1809e-02, 
 2DIAGNOSTIC,    32, -5.194519162178e-01, 2.699220567592e-05, 1.7944e+01, 1.2053e-02, 
 2DIAGNOSTIC,    33, -5.214155316353e-01, 5.443470217870e-05, 1.7956e+01, 1.1947e-02, 
 2DIAGNOSTIC,    34, -5.213732123375e-01, 7.521150837420e-05, 1.7967e+01, 1.0589e-02, 
 2DIAGNOSTIC,    35, -5.220161080360e-01, 9.957133443095e-05, 1.7982e+01, 1.5289e-02, 
 2DIAGNOSTIC,    36, -5.224034190178e-01, 1.230018824572e-04, 1.7992e+01, 1.0292e-02, 
 2DIAGNOSTIC,    37, -5.226020812988e-01, 1.377921871608e-04, 1.8003e+01, 1.0246e-02, 
 2DIAGNOSTIC,    38, -5.230156779289e-01, 1.451131975045e-04, 1.8014e+01, 1.1773e-02, 
 2DIAGNOSTIC,    39, -5.235417485237e-01, 1.464575325372e-04, 1.8025e+01, 1.0270e-02, 
 2DIAGNOSTIC,    40, -5.243893861771e-01, 1.436075399397e-04, 1.8037e+01, 1.2364e-02, 
 2DIAGNOSTIC,    41, -5.265561342239e-01, 1.579817617312e-04, 1.8051e+01, 1.3601e-02, 
 2DIAGNOSTIC,    42, -5.283122062683e-01, 1.798625307856e-04, 1.8062e+01, 1.1826e-02, 
 2DIAGNOSTIC,    43, -5.283700227737e-01, 2.093579096254e-04, 1.8074e+01, 1.1763e-02, 
 2DIAGNOSTIC,    44, -5.283964276314e-01, 2.177374553867e-04, 1.8084e+01, 1.0152e-02, 
 2DIAGNOSTIC,    45, -5.284177660942e-01, 2.131170331268e-04, 1.8094e+01, 1.0127e-02, 
 2DIAGNOSTIC,    46, -5.284358263016e-01, 1.927681587404e-04, 1.8108e+01, 1.3239e-02, 
 2DIAGNOSTIC,    47, -5.284457802773e-01, 1.570116146468e-04, 1.8118e+01, 1.0122e-02, 
 2DIAGNOSTIC,    48, -5.284618735313e-01, 1.129756201408e-04, 1.8131e+01, 1.3253e-02, 
 2DIAGNOSTIC,    49, -5.284698009491e-01, 6.631494034082e-05, 1.8141e+01, 1.0137e-02, 
 2DIAGNOSTIC,    50, -5.286763906479e-01, 2.636526369315e-05, 1.8153e+01, 1.1653e-02, 
 2DIAGNOSTIC,    51, -5.286828279495e-01, 8.276158951048e-06, 1.8166e+01, 1.3238e-02, 
 2DIAGNOSTIC,    52, -5.284842252731e-01, 6.562671387655e-06, 1.8176e+01, 1.0118e-02, 
 2DIAGNOSTIC,    53, -5.284873843193e-01, 5.062898253527e-06, 1.8188e+01, 1.1661e-02, 
 2DIAGNOSTIC,    54, -5.284903049469e-01, 3.452975079199e-06, 1.8200e+01, 1.1670e-02, 
 2DIAGNOSTIC,    55, -5.284926295280e-01, 1.794606419026e-06, 1.8210e+01, 1.0134e-02, 
DIAGNOSTIC,Iteration,metricValue,convergenceValue,ITERATION_TIME_INDEX,SINCE_LAST
 2DIAGNOSTIC,     1, -4.591835439205e-01, inf, 3.1632e+01, 1.3422e+01, 
 2DIAGNOSTIC,     2, -4.597851932049e-01, inf, 3.1692e+01, 6.0329e-02, 
 2DIAGNOSTIC,     3, -4.599754214287e-01, inf, 3.1752e+01, 6.0219e-02, 
 2DIAGNOSTIC,     4, -4.600649178028e-01, inf, 3.1813e+01, 6.0409e-02, 
 2DIAGNOSTIC,     5, -4.600726068020e-01, inf, 3.1873e+01, 6.0293e-02, 
 2DIAGNOSTIC,     6, -4.599548876286e-01, inf, 3.1924e+01, 5.0843e-02, 
 2DIAGNOSTIC,     7, -4.599933624268e-01, inf, 3.1984e+01, 6.0251e-02, 
 2DIAGNOSTIC,     8, -4.600360393524e-01, inf, 3.2038e+01, 5.3514e-02, 
 2DIAGNOSTIC,     9, -4.601431190968e-01, inf, 3.2089e+01, 5.1728e-02, 
 2DIAGNOSTIC,    10, -4.603092074394e-01, 9.142112685367e-05, 3.2141e+01, 5.1471e-02, 
 2DIAGNOSTIC,    11, -4.606263041496e-01, 6.899329309817e-05, 3.2202e+01, 6.1025e-02, 
 2DIAGNOSTIC,    12, -4.608281552792e-01, 8.523102587787e-05, 3.2253e+01, 5.1497e-02, 
 2DIAGNOSTIC,    13, -4.608629941940e-01, 1.019714763970e-04, 3.2305e+01, 5.1684e-02, 
 2DIAGNOSTIC,    14, -4.611175060272e-01, 1.225809683092e-04, 3.2366e+01, 6.1068e-02, 
 2DIAGNOSTIC,    15, -4.612460434437e-01, 1.349196099909e-04, 3.2418e+01, 5.1658e-02, 
 2DIAGNOSTIC,    16, -4.629402458668e-01, 1.941044611158e-04, 3.2516e+01, 9.8620e-02, 
 2DIAGNOSTIC,    17, -4.629321098328e-01, 2.280894696014e-04, 3.2587e+01, 7.0111e-02, 
 2DIAGNOSTIC,    18, -4.628994166851e-01, 2.385723346379e-04, 3.2647e+01, 6.0832e-02, 
 2DIAGNOSTIC,    19, -4.628593623638e-01, 2.290261763847e-04, 3.2699e+01, 5.1344e-02, 
 2DIAGNOSTIC,    20, -4.628206193447e-01, 2.027824230026e-04, 3.2760e+01, 6.0831e-02, 
 2DIAGNOSTIC,    21, -4.628296196461e-01, 1.689973141765e-04, 3.2811e+01, 5.1518e-02, 
 2DIAGNOSTIC,    22, -4.628420174122e-01, 1.285700418521e-04, 3.2872e+01, 6.0897e-02, 
 2DIAGNOSTIC,    23, -4.628559648991e-01, 8.166882616933e-05, 3.2923e+01, 5.1357e-02, 
 2DIAGNOSTIC,    24, -4.628275036812e-01, 3.741706314031e-05, 3.2975e+01, 5.1387e-02, 
DIAGNOSTIC,Iteration,metricValue,convergenceValue,ITERATION_TIME_INDEX,SINCE_LAST
 2DIAGNOSTIC,     1, -3.953407406807e-01, inf, 4.1831e+01, 8.8559e+00, 
 2DIAGNOSTIC,     2, -3.953798711300e-01, inf, 4.2244e+01, 4.1350e-01, 
 2DIAGNOSTIC,     3, -3.953947424889e-01, inf, 4.2657e+01, 4.1268e-01, 
 2DIAGNOSTIC,     4, -3.954690396786e-01, inf, 4.3151e+01, 4.9401e-01, 
 2DIAGNOSTIC,     5, -3.954971730709e-01, inf, 4.3728e+01, 5.7676e-01, 
 2DIAGNOSTIC,     6, -3.954962193966e-01, inf, 4.4220e+01, 4.9282e-01, 
 2DIAGNOSTIC,     7, -3.954805135727e-01, inf, 4.4795e+01, 5.7504e-01, 
 2DIAGNOSTIC,     8, -3.954859972000e-01, inf, 4.5294e+01, 4.9854e-01, 
 2DIAGNOSTIC,     9, -3.954854011536e-01, inf, 4.5706e+01, 4.1240e-01, 
 2DIAGNOSTIC,    10, -3.954819738865e-01, 2.493629290257e-05, 4.6282e+01, 5.7524e-01, 
 2DIAGNOSTIC,    11, -3.954844474792e-01, 1.494337811891e-05, 4.6775e+01, 4.9335e-01, 
 2DIAGNOSTIC,    12, -3.954722881317e-01, 7.214016022772e-06, 4.7267e+01, 4.9244e-01, 
 2DIAGNOSTIC,    13, -3.954758346081e-01, 1.196181074192e-06, 4.7763e+01, 4.9531e-01, 
DIAGNOSTIC,Iteration,metricValue,convergenceValue,ITERATION_TIME_INDEX,SINCE_LAST
 2DIAGNOSTIC,     1, -3.401353359222e-01, inf, 5.6048e+01, 8.2853e+00, 
  Elapsed time (stage 0): 5.7814e+01


Stage 1
  iterations = 1000x500x250x0
  convergence threshold = 1.0000e-06
  convergence window size = 10
  number of levels = 4
  using the Mattes MI metric (number of bins = 32, weight = 1.0000e+00)
  preprocessing:  winsorizing the image intensities
  Shrink factors (level 1 out of 4): [12, 12, 12]
  Shrink factors (level 2 out of 4): [8, 8, 8]
  Shrink factors (level 3 out of 4): [4, 4, 4]
  Shrink factors (level 4 out of 4): [2, 2, 2]
  smoothing sigmas per level: [4, 3, 2, 1]
  regular sampling (percentage = 2.5000e-01)

*** Running AffineTransform registration ***

DIAGNOSTIC,Iteration,metricValue,convergenceValue,ITERATION_TIME_INDEX,SINCE_LAST
 2DIAGNOSTIC,     1, -5.395436286926e-01, inf, 1.7524e+01, 1.7524e+01, 
 2DIAGNOSTIC,     2, -5.402258634567e-01, inf, 1.7539e+01, 1.5315e-02, 
 2DIAGNOSTIC,     3, -5.413419008255e-01, inf, 1.7552e+01, 1.3415e-02, 
 2DIAGNOSTIC,     4, -5.423038005829e-01, inf, 1.7566e+01, 1.3371e-02, 
 2DIAGNOSTIC,     5, -5.435237884521e-01, inf, 1.7579e+01, 1.3262e-02, 
 2DIAGNOSTIC,     6, -5.452560782433e-01, inf, 1.7594e+01, 1.5082e-02, 
 2DIAGNOSTIC,     7, -5.465254187584e-01, inf, 1.7611e+01, 1.6787e-02, 
 2DIAGNOSTIC,     8, -5.462713241577e-01, inf, 1.7628e+01, 1.6765e-02, 
 2DIAGNOSTIC,     9, -5.460034012794e-01, inf, 1.7641e+01, 1.3229e-02, 
 2DIAGNOSTIC,    10, -5.462651848793e-01, 9.172367281280e-04, 1.7655e+01, 1.3806e-02, 
 2DIAGNOSTIC,    11, -5.469140410423e-01, 7.190564647317e-04, 1.7669e+01, 1.3926e-02, 
 2DIAGNOSTIC,    12, -5.478099584579e-01, 5.564249004237e-04, 1.7683e+01, 1.3913e-02, 
 2DIAGNOSTIC,    13, -5.512388944626e-01, 5.512607749552e-04, 1.7700e+01, 1.7344e-02, 
 2DIAGNOSTIC,    14, -5.511817932129e-01, 5.282828933559e-04, 1.7715e+01, 1.5614e-02, 
 2DIAGNOSTIC,    15, -5.516659617424e-01, 5.200090818107e-04, 1.7731e+01, 1.5626e-02, 
 2DIAGNOSTIC,    16, -5.523515939713e-01, 5.433477926999e-04, 1.7745e+01, 1.3874e-02, 
 2DIAGNOSTIC,    17, -5.551579594612e-01, 6.374631193466e-04, 1.7761e+01, 1.5676e-02, 
 2DIAGNOSTIC,    18, -5.574020743370e-01, 7.165739079937e-04, 1.7780e+01, 1.9267e-02, 
 2DIAGNOSTIC,    19, -5.578801631927e-01, 7.262516883202e-04, 1.7796e+01, 1.5649e-02, 
 2DIAGNOSTIC,    20, -5.580451488495e-01, 6.812332430854e-04, 1.7809e+01, 1.3841e-02, 
 2DIAGNOSTIC,    21, -5.583137273788e-01, 6.006263429299e-04, 1.7825e+01, 1.5405e-02, 
 2DIAGNOSTIC,    22, -5.584238171577e-01, 4.917663172819e-04, 1.7839e+01, 1.3823e-02, 
 2DIAGNOSTIC,    23, -5.587633252144e-01, 4.307444323786e-04, 1.7852e+01, 1.3802e-02, 
 2DIAGNOSTIC,    24, -5.592679977417e-01, 3.447016933933e-04, 1.7873e+01, 2.0314e-02, 
 2DIAGNOSTIC,    25, -5.593169927597e-01, 2.451998589095e-04, 1.7886e+01, 1.3617e-02, 
 2DIAGNOSTIC,    26, -5.591201782227e-01, 1.394346763846e-04, 1.7900e+01, 1.3691e-02, 
 2DIAGNOSTIC,    27, -5.593552589417e-01, 8.583121962147e-05, 1.7914e+01, 1.3756e-02, 
 2DIAGNOSTIC,    28, -5.593839287758e-01, 6.953646516195e-05, 1.7928e+01, 1.3790e-02, 
 2DIAGNOSTIC,    29, -5.594169497490e-01, 5.681283801096e-05, 1.7943e+01, 1.5355e-02, 
 2DIAGNOSTIC,    30, -5.596542954445e-01, 4.659687328967e-05, 1.7963e+01, 2.0363e-02, 
 2DIAGNOSTIC,    31, -5.596646666527e-01, 3.746448419406e-05, 1.7977e+01, 1.3711e-02, 
 2DIAGNOSTIC,    32, -5.596678853035e-01, 2.723242141656e-05, 1.7991e+01, 1.3689e-02, 
 2DIAGNOSTIC,    33, -5.596759319305e-01, 2.032940938079e-05, 1.8004e+01, 1.3618e-02, 
 2DIAGNOSTIC,    34, -5.596863031387e-01, 1.976534076675e-05, 1.8018e+01, 1.3740e-02, 
 2DIAGNOSTIC,    35, -5.599210262299e-01, 2.167990169255e-05, 1.8040e+01, 2.1862e-02, 
 2DIAGNOSTIC,    36, -5.599238276482e-01, 1.855353184510e-05, 1.8055e+01, 1.5264e-02, 
 2DIAGNOSTIC,    37, -5.599249601364e-01, 1.728324241412e-05, 1.8069e+01, 1.3579e-02, 
 2DIAGNOSTIC,    38, -5.599261522293e-01, 1.499860809417e-05, 1.8082e+01, 1.3603e-02, 
 2DIAGNOSTIC,    39, -5.599293708801e-01, 1.185971632367e-05, 1.8096e+01, 1.3605e-02, 
 2DIAGNOSTIC,    40, -5.599350333214e-01, 1.089076522476e-05, 1.8110e+01, 1.3582e-02, 
 2DIAGNOSTIC,    41, -5.599424242973e-01, 9.218664672517e-06, 1.8123e+01, 1.3625e-02, 
 2DIAGNOSTIC,    42, -5.601692199707e-01, 9.674123248260e-06, 1.8145e+01, 2.2043e-02, 
 2DIAGNOSTIC,    43, -5.601741671562e-01, 9.367308848596e-06, 1.8159e+01, 1.3595e-02, 
 2DIAGNOSTIC,    44, -5.601771473885e-01, 8.359151252080e-06, 1.8174e+01, 1.5208e-02, 
 2DIAGNOSTIC,    45, -5.601798892021e-01, 9.410781785846e-06, 1.8189e+01, 1.5288e-02, 
 2DIAGNOSTIC,    46, -5.601837038994e-01, 9.647586011852e-06, 1.8208e+01, 1.8624e-02, 
 2DIAGNOSTIC,    47, -5.601851344109e-01, 9.004146704683e-06, 1.8223e+01, 1.5214e-02, 
 2DIAGNOSTIC,    48, -5.601870417595e-01, 7.615502909175e-06, 1.8237e+01, 1.3728e-02, 
 2DIAGNOSTIC,    49, -5.601895451546e-01, 5.715696715924e-06, 1.8250e+01, 1.3537e-02, 
 2DIAGNOSTIC,    50, -5.601947903633e-01, 3.544909304765e-06, 1.8264e+01, 1.3648e-02, 
 2DIAGNOSTIC,    51, -5.601979494095e-01, 1.221665797857e-06, 1.8279e+01, 1.5264e-02, 
DIAGNOSTIC,Iteration,metricValue,convergenceValue,ITERATION_TIME_INDEX,SINCE_LAST
 2DIAGNOSTIC,     1, -4.667856693268e-01, inf, 3.1686e+01, 1.3407e+01, 
 2DIAGNOSTIC,     2, -4.673803448677e-01, inf, 3.1749e+01, 6.2727e-02, 
 2DIAGNOSTIC,     3, -4.678640663624e-01, inf, 3.1812e+01, 6.3692e-02, 
 2DIAGNOSTIC,     4, -4.686302244663e-01, inf, 3.1876e+01, 6.3576e-02, 
 2DIAGNOSTIC,     5, -4.692830145359e-01, inf, 3.1939e+01, 6.3435e-02, 
 2DIAGNOSTIC,     6, -4.702900052071e-01, inf, 3.2012e+01, 7.3214e-02, 
 2DIAGNOSTIC,     7, -4.717472493649e-01, inf, 3.2086e+01, 7.3288e-02, 
 2DIAGNOSTIC,     8, -4.735019207001e-01, inf, 3.2188e+01, 1.0221e-01, 
 2DIAGNOSTIC,     9, -4.741240739822e-01, inf, 3.2270e+01, 8.2505e-02, 
 2DIAGNOSTIC,    10, -4.741027951241e-01, 1.138435094617e-03, 3.2344e+01, 7.3527e-02, 
 2DIAGNOSTIC,    11, -4.740410447121e-01, 1.000728574581e-03, 3.2408e+01, 6.4134e-02, 
 2DIAGNOSTIC,    12, -4.740478396416e-01, 8.260813774541e-04, 3.2482e+01, 7.3712e-02, 
 2DIAGNOSTIC,    13, -4.740260839462e-01, 6.239021895453e-04, 3.2546e+01, 6.3918e-02, 
 2DIAGNOSTIC,    14, -4.740701913834e-01, 4.292294324841e-04, 3.2610e+01, 6.4332e-02, 
 2DIAGNOSTIC,    15, -4.741822481155e-01, 2.529797202442e-04, 3.2675e+01, 6.5055e-02, 
 2DIAGNOSTIC,    16, -4.744187295437e-01, 1.222266000696e-04, 3.2751e+01, 7.5897e-02, 
 2DIAGNOSTIC,    17, -4.744249284267e-01, 4.602610715665e-05, 3.2834e+01, 8.3362e-02, 
 2DIAGNOSTIC,    18, -4.744488298893e-01, 3.326241494506e-05, 3.2898e+01, 6.3814e-02, 
 2DIAGNOSTIC,    19, -4.743803739548e-01, 3.653987005237e-05, 3.2962e+01, 6.3529e-02, 
 2DIAGNOSTIC,    20, -4.745834469795e-01, 4.174533023615e-05, 3.3025e+01, 6.2867e-02, 
 2DIAGNOSTIC,    21, -4.748095273972e-01, 4.712159716291e-05, 3.3098e+01, 7.3682e-02, 
 2DIAGNOSTIC,    22, -4.748737514019e-01, 4.960284786648e-05, 3.3162e+01, 6.3719e-02, 
 2DIAGNOSTIC,    23, -4.750021994114e-01, 5.036027141614e-05, 3.3264e+01, 1.0211e-01, 
 2DIAGNOSTIC,    24, -4.749664962292e-01, 4.669605914387e-05, 3.3328e+01, 6.3546e-02, 
 2DIAGNOSTIC,    25, -4.749395847321e-01, 4.095289477846e-05, 3.3401e+01, 7.3134e-02, 
 2DIAGNOSTIC,    26, -4.749533534050e-01, 3.762841515709e-05, 3.3464e+01, 6.3364e-02, 
 2DIAGNOSTIC,    27, -4.749744534492e-01, 3.168800685671e-05, 3.3538e+01, 7.3477e-02, 
 2DIAGNOSTIC,    28, -4.749518632889e-01, 2.343118649151e-05, 3.3611e+01, 7.3544e-02, 
 2DIAGNOSTIC,    29, -4.747125506401e-01, 7.251745500980e-06, 3.3685e+01, 7.3362e-02, 
DIAGNOSTIC,Iteration,metricValue,convergenceValue,ITERATION_TIME_INDEX,SINCE_LAST
 2DIAGNOSTIC,     1, -4.044446349144e-01, inf, 4.2456e+01, 8.7715e+00, 
 2DIAGNOSTIC,     2, -4.048090875149e-01, inf, 4.2966e+01, 5.1001e-01, 
 2DIAGNOSTIC,     3, -4.052036404610e-01, inf, 4.3477e+01, 5.1050e-01, 
 2DIAGNOSTIC,     4, -4.054788053036e-01, inf, 4.3987e+01, 5.1051e-01, 
 2DIAGNOSTIC,     5, -4.058964848518e-01, inf, 4.4667e+01, 6.7962e-01, 
 2DIAGNOSTIC,     6, -4.059239029884e-01, inf, 4.5177e+01, 5.1072e-01, 
 2DIAGNOSTIC,     7, -4.060389697552e-01, inf, 4.5770e+01, 5.9240e-01, 
 2DIAGNOSTIC,     8, -4.060995280743e-01, inf, 4.6281e+01, 5.1082e-01, 
 2DIAGNOSTIC,     9, -4.063062369823e-01, inf, 4.7131e+01, 8.4989e-01, 
 2DIAGNOSTIC,    10, -4.062629640102e-01, 2.849255979527e-04, 4.7642e+01, 5.1112e-01, 
 2DIAGNOSTIC,    11, -4.063201248646e-01, 2.023068955168e-04, 4.8320e+01, 6.7785e-01, 
 2DIAGNOSTIC,    12, -4.063486158848e-01, 1.384036295349e-04, 4.8912e+01, 5.9246e-01, 
 2DIAGNOSTIC,    13, -4.063470363617e-01, 9.296539792558e-05, 4.9505e+01, 5.9318e-01, 
 2DIAGNOSTIC,    14, -4.063368737698e-01, 5.846122076036e-05, 5.0017e+01, 5.1200e-01, 
 2DIAGNOSTIC,    15, -4.063567221165e-01, 4.395472569740e-05, 5.0698e+01, 6.8109e-01, 
 2DIAGNOSTIC,    16, -4.063605070114e-01, 2.875726204365e-05, 5.1209e+01, 5.1030e-01, 
 2DIAGNOSTIC,    17, -4.063620865345e-01, 1.766181594576e-05, 5.1720e+01, 5.1184e-01, 
 2DIAGNOSTIC,    18, -4.063884317875e-01, 9.518243132334e-06, 5.2230e+01, 5.0998e-01, 
 2DIAGNOSTIC,    19, -4.064051806927e-01, 9.815186786000e-06, 5.2824e+01, 5.9347e-01, 
 2DIAGNOSTIC,    20, -4.064281582832e-01, 8.553796760680e-06, 5.3331e+01, 5.0726e-01, 
 2DIAGNOSTIC,    21, -4.064396023750e-01, 9.011818292493e-06, 5.3843e+01, 5.1189e-01, 
 2DIAGNOSTIC,    22, -4.065054357052e-01, 1.173962664325e-05, 5.4440e+01, 5.9655e-01, 
 2DIAGNOSTIC,    23, -4.065177440643e-01, 1.355422409688e-05, 5.5122e+01, 6.8291e-01, 
 2DIAGNOSTIC,    24, -4.065191149712e-01, 1.381045331073e-05, 5.5883e+01, 7.6081e-01, 
 2DIAGNOSTIC,    25, -4.065227508545e-01, 1.356016218779e-05, 5.6478e+01, 5.9431e-01, 
 2DIAGNOSTIC,    26, -4.065100550652e-01, 1.193732350657e-05, 5.7150e+01, 6.7258e-01, 
 2DIAGNOSTIC,    27, -4.065055847168e-01, 9.326268809673e-06, 5.7745e+01, 5.9519e-01, 
 2DIAGNOSTIC,    28, -4.065016508102e-01, 6.682505500066e-06, 5.8516e+01, 7.7064e-01, 
 2DIAGNOSTIC,    29, -4.065015614033e-01, 4.107254881092e-06, 5.9111e+01, 5.9500e-01, 
 2DIAGNOSTIC,    30, -4.065016806126e-01, 1.970359789993e-06, 5.9792e+01, 6.8108e-01, 
DIAGNOSTIC,Iteration,metricValue,convergenceValue,ITERATION_TIME_INDEX,SINCE_LAST
 2DIAGNOSTIC,     1, -3.524121344090e-01, inf, 6.9411e+01, 9.6192e+00, 
  Elapsed time (stage 1): 7.1170e+01


Stage 2
  iterations = 100x100x70x50x0
  convergence threshold = 1.0000e-06
  convergence window size = 10
  number of levels = 5
  using the Mattes MI metric (number of bins = 32, weight = 1.0000e+00)
  preprocessing:  winsorizing the image intensities
  Shrink factors (level 1 out of 5): [10, 10, 10]
  Shrink factors (level 2 out of 5): [6, 6, 6]
  Shrink factors (level 3 out of 5): [4, 4, 4]
  Shrink factors (level 4 out of 5): [2, 2, 2]
  Shrink factors (level 5 out of 5): [1, 1, 1]
  smoothing sigmas per level: [5, 3, 2, 1, 0]
  Using default NONE metricSamplingStrategy 

*** Running SyN registration (varianceForUpdateField = 3.0000e+00, varianceForTotalField = 0.0000e+00) ***

XXDIAGNOSTIC,Iteration,metricValue,convergenceValue,ITERATION_TIME_INDEX,SINCE_LAST
 1DIAGNOSTIC,     1, -5.243312716484e-01, inf, 3.2245e+01, 3.2245e+01, 
 1DIAGNOSTIC,     2, -5.441850423813e-01, inf, 3.2397e+01, 1.5191e-01, 
 1DIAGNOSTIC,     3, -5.581415891647e-01, inf, 3.2546e+01, 1.4879e-01, 
 1DIAGNOSTIC,     4, -5.631690025330e-01, inf, 3.2691e+01, 1.4534e-01, 
 1DIAGNOSTIC,     5, -5.641084909439e-01, inf, 3.2837e+01, 1.4581e-01, 
 1DIAGNOSTIC,     6, -5.626494884491e-01, inf, 3.2982e+01, 1.4530e-01, 
 1DIAGNOSTIC,     7, -5.581201314926e-01, inf, 3.3128e+01, 1.4551e-01, 
 1DIAGNOSTIC,     8, -5.563734769821e-01, inf, 3.3274e+01, 1.4602e-01, 
 1DIAGNOSTIC,     9, -5.530345439911e-01, inf, 3.3419e+01, 1.4586e-01, 
 1DIAGNOSTIC,    10, -5.531070232391e-01, 1.679904758930e-03, 3.3566e+01, 1.4645e-01, 
 1DIAGNOSTIC,    11, -5.495119094849e-01, -4.895513411611e-04, 3.3713e+01, 1.4679e-01, 
XXDIAGNOSTIC,Iteration,metricValue,convergenceValue,ITERATION_TIME_INDEX,SINCE_LAST
 1DIAGNOSTIC,     1, -4.377036094666e-01, inf, 4.7497e+01, 1.3784e+01, 
 1DIAGNOSTIC,     2, -4.406859874725e-01, inf, 4.8072e+01, 5.7532e-01, 
 1DIAGNOSTIC,     3, -4.412820041180e-01, inf, 4.8653e+01, 5.8138e-01, 
 1DIAGNOSTIC,     4, -4.415639936924e-01, inf, 4.9227e+01, 5.7327e-01, 
 1DIAGNOSTIC,     5, -4.416958987713e-01, inf, 4.9801e+01, 5.7423e-01, 
 1DIAGNOSTIC,     6, -4.407379627228e-01, inf, 5.0376e+01, 5.7523e-01, 
 1DIAGNOSTIC,     7, -4.396068453789e-01, inf, 5.0951e+01, 5.7452e-01, 
 1DIAGNOSTIC,     8, -4.386261999607e-01, inf, 5.1529e+01, 5.7851e-01, 
 1DIAGNOSTIC,     9, -4.372174739838e-01, inf, 5.2105e+01, 5.7563e-01, 
 1DIAGNOSTIC,    10, -4.359549283981e-01, -4.957317723893e-04, 5.2679e+01, 5.7411e-01, 
XXDIAGNOSTIC,Iteration,metricValue,convergenceValue,ITERATION_TIME_INDEX,SINCE_LAST
 1DIAGNOSTIC,     1, -3.717551827431e-01, inf, 6.2870e+01, 1.0191e+01, 
 1DIAGNOSTIC,     2, -3.729332685471e-01, inf, 6.4709e+01, 1.8392e+00, 
 1DIAGNOSTIC,     3, -3.736508488655e-01, inf, 6.6516e+01, 1.8071e+00, 
 1DIAGNOSTIC,     4, -3.741724491119e-01, inf, 6.8315e+01, 1.7987e+00, 
 1DIAGNOSTIC,     5, -3.743552565575e-01, inf, 7.0102e+01, 1.7872e+00, 
 1DIAGNOSTIC,     6, -3.743895292282e-01, inf, 7.1890e+01, 1.7881e+00, 
 1DIAGNOSTIC,     7, -3.743008673191e-01, inf, 7.3746e+01, 1.8565e+00, 
 1DIAGNOSTIC,     8, -3.740937411785e-01, inf, 7.5540e+01, 1.7931e+00, 
 1DIAGNOSTIC,     9, -3.737736344337e-01, inf, 7.7334e+01, 1.7941e+00, 
 1DIAGNOSTIC,    10, -3.734028339386e-01, 2.129778004019e-04, 7.9116e+01, 1.7825e+00, 
 1DIAGNOSTIC,    11, -3.730474710464e-01, -3.301031392766e-05, 8.0901e+01, 1.7848e+00, 
XXDIAGNOSTIC,Iteration,metricValue,convergenceValue,ITERATION_TIME_INDEX,SINCE_LAST
 1DIAGNOSTIC,     1, -3.159267902374e-01, inf, 1.0070e+02, 1.9804e+01, 
 1DIAGNOSTIC,     2, -3.167155683041e-01, inf, 1.1404e+02, 1.3336e+01, 
 1DIAGNOSTIC,     3, -3.176140785217e-01, inf, 1.2694e+02, 1.2900e+01, 
 1DIAGNOSTIC,     4, -3.183811306953e-01, inf, 1.4029e+02, 1.3352e+01, 
 1DIAGNOSTIC,     5, -3.190808892250e-01, inf, 1.5320e+02, 1.2906e+01, 
 1DIAGNOSTIC,     6, -3.197342157364e-01, inf, 1.6606e+02, 1.2864e+01, 
 1DIAGNOSTIC,     7, -3.203121423721e-01, inf, 1.7904e+02, 1.2977e+01, 
 1DIAGNOSTIC,     8, -3.207875490189e-01, inf, 1.9191e+02, 1.2876e+01, 
 1DIAGNOSTIC,     9, -3.212360739708e-01, inf, 2.0474e+02, 1.2829e+01, 
 1DIAGNOSTIC,    10, -3.216314315796e-01, 1.151211792603e-03, 2.1816e+02, 1.3417e+01, 
 1DIAGNOSTIC,    11, -3.219975829124e-01, 9.483961621299e-04, 2.3103e+02, 1.2871e+01, 
 1DIAGNOSTIC,    12, -3.222542703152e-01, 7.710378267802e-04, 2.4430e+02, 1.3264e+01, 
 1DIAGNOSTIC,    13, -3.225139975548e-01, 6.301976391114e-04, 2.5770e+02, 1.3402e+01, 
 1DIAGNOSTIC,    14, -3.227792978287e-01, 5.173413082957e-04, 2.7147e+02, 1.3771e+01, 
 1DIAGNOSTIC,    15, -3.230242729187e-01, 4.276990948711e-04, 2.8523e+02, 1.3764e+01, 
 1DIAGNOSTIC,    16, -3.231939673424e-01, 3.553095157258e-04, 2.9904e+02, 1.3806e+01, 
 1DIAGNOSTIC,    17, -3.233618140221e-01, 2.975594252348e-04, 3.1280e+02, 1.3764e+01, 
 1DIAGNOSTIC,    18, -3.234274387360e-01, 2.452485496178e-04, 3.2660e+02, 1.3800e+01, 
 1DIAGNOSTIC,    19, -3.235061168671e-01, 2.002177061513e-04, 3.4058e+02, 1.3971e+01, 
 1DIAGNOSTIC,    20, -3.235791325569e-01, 1.616738591110e-04, 3.5438e+02, 1.3806e+01, 
 1DIAGNOSTIC,    21, -3.236260712147e-01, 1.291432708967e-04, 3.6818e+02, 1.3804e+01, 
 1DIAGNOSTIC,    22, -3.236353695393e-01, 9.824839071371e-05, 3.8195e+02, 1.3763e+01, 
 1DIAGNOSTIC,    23, -3.236853480339e-01, 7.281924627023e-05, 3.9573e+02, 1.3780e+01, 
 1DIAGNOSTIC,    24, -3.237399756908e-01, 5.444336420624e-05, 4.0963e+02, 1.3903e+01, 
 1DIAGNOSTIC,    25, -3.237631320953e-01, 4.188904858893e-05, 4.2337e+02, 1.3744e+01, 
 1DIAGNOSTIC,    26, -3.237677812576e-01, 3.231017399230e-05, 4.3711e+02, 1.3739e+01, 
 1DIAGNOSTIC,    27, -3.237565755844e-01, 2.566870716691e-05, 4.5092e+02, 1.3808e+01, 
 1DIAGNOSTIC,    28, -3.237595856190e-01, 1.933086059580e-05, 4.6475e+02, 1.3831e+01, 
 1DIAGNOSTIC,    29, -3.237581551075e-01, 1.398452150170e-05, 4.7846e+02, 1.3706e+01, 
 1DIAGNOSTIC,    30, -3.237700760365e-01, 1.024474840960e-05, 4.9235e+02, 1.3893e+01, 
 1DIAGNOSTIC,    31, -3.237556815147e-01, 6.828157893324e-06, 5.0607e+02, 1.3722e+01, 
 1DIAGNOSTIC,    32, -3.237400650978e-01, 2.910983766924e-06, 5.1983e+02, 1.3757e+01, 
 1DIAGNOSTIC,    33, -3.237800002098e-01, 1.435172976016e-06, 5.3358e+02, 1.3751e+01, 
 1DIAGNOSTIC,    34, -3.238131403923e-01, 2.217691417172e-06, 5.4732e+02, 1.3743e+01, 
 1DIAGNOSTIC,    35, -3.238594532013e-01, 4.557347892842e-06, 5.6104e+02, 1.3720e+01, 
 1DIAGNOSTIC,    36, -3.239246606827e-01, 8.138921657519e-06, 5.7475e+02, 1.3710e+01, 
 1DIAGNOSTIC,    37, -3.239309787750e-01, 1.070731195796e-05, 5.8855e+02, 1.3794e+01, 
 1DIAGNOSTIC,    38, -3.239593803883e-01, 1.294449157285e-05, 6.0230e+02, 1.3748e+01, 
 1DIAGNOSTIC,    39, -3.239765167236e-01, 1.423799494660e-05, 6.1610e+02, 1.3801e+01, 
 1DIAGNOSTIC,    40, -3.239755928516e-01, 1.442224220227e-05, 6.2987e+02, 1.3777e+01, 
 1DIAGNOSTIC,    41, -3.240016102791e-01, 1.356602388114e-05, 6.4362e+02, 1.3744e+01, 
 1DIAGNOSTIC,    42, -3.240015506744e-01, 1.118163527281e-05, 6.5735e+02, 1.3737e+01, 
 1DIAGNOSTIC,    43, -3.239536881447e-01, 7.759059371892e-06, 6.7115e+02, 1.3800e+01, 
 1DIAGNOSTIC,    44, -3.239830434322e-01, 5.092777882965e-06, 6.8497e+02, 1.3812e+01, 
 1DIAGNOSTIC,    45, -3.240194618702e-01, 3.690903440656e-06, 6.9871e+02, 1.3746e+01, 
 1DIAGNOSTIC,    46, -3.240441679955e-01, 3.758872026083e-06, 7.1252e+02, 1.3804e+01, 
 1DIAGNOSTIC,    47, -3.240336179733e-01, 3.445132733759e-06, 7.2631e+02, 1.3791e+01, 
 1DIAGNOSTIC,    48, -3.240390121937e-01, 3.533026983860e-06, 7.4008e+02, 1.3771e+01, 
 1DIAGNOSTIC,    49, -3.240746557713e-01, 4.291303866921e-06, 7.5381e+02, 1.3731e+01, 
 1DIAGNOSTIC,    50, -3.240880966187e-01, 4.829576937482e-06, 7.6763e+02, 1.3817e+01, 
  Elapsed time (stage 2): 791.6


Total elapsed time: 920.6

--- Writing output images ---

Using double precision for computations.
Input scalar image: data/Segmentations/1011_3_seg.nii.gz
Reference image: data/template/T_template0_BrainCerebellum.nii.gz
=============================================================================
The composite transform comprises the following transforms (in order): 
  1. /tmp/1971630.1.basic.q/1011_ToTemplate_023_0GenericAffine.mat (type = AffineTransform)
  2. /tmp/1971630.1.basic.q/1011_ToTemplate_023_1Warp.nii.gz (type = DisplacementFieldTransform)
=============================================================================
Default pixel value: 0
Interpolation type: LabelImageGenericInterpolateImageFunction
Output warped image: output/1011/1011_WarpedLabels_023.nii.gz

--- Done ---

