
--- Running on compute-1-14.local ---


--- registration call ---
/data/jet/pcook/bin/antsBuild/bin/antsRegistrationSyNQuick.sh -d 3 -f data/template/T_template0_BrainCerebellum.nii.gz -m data/Brains/1011_3.nii.gz -t s -p f -n 1 -o /tmp/1971614.1.basic.q/1011_ToTemplate_007_
---


--------------------------------------------------------------------------------------
 Mapping parameters
--------------------------------------------------------------------------------------
 ANTSPATH is /data/jet/pcook/bin/antsBuild/bin/

 Dimensionality:           3
 Output name prefix:       /tmp/1971614.1.basic.q/1011_ToTemplate_007_
 Fixed images:             data/template/T_template0_BrainCerebellum.nii.gz
 Moving images:            data/Brains/1011_3.nii.gz
 Mask images:              
 Initial transforms:       
 Number of threads:        1
 Spline distance:          26
 Transform type:           s
 MI histogram bins:        32
 Precision:                f
 Use histogram matching    0
======================================================================================
 antsRegistration call:
--------------------------------------------------------------------------------------
/data/jet/pcook/bin/antsBuild/bin//antsRegistration --verbose 1 --dimensionality 3 --float 1 --collapse-output-transforms 1 --output [/tmp/1971614.1.basic.q/1011_ToTemplate_007_,/tmp/1971614.1.basic.q/1011_ToTemplate_007_Warped.nii.gz,/tmp/1971614.1.basic.q/1011_ToTemplate_007_InverseWarped.nii.gz] --interpolation Linear --use-histogram-matching 0 --winsorize-image-intensities [0.005,0.995] --initial-moving-transform [data/template/T_template0_BrainCerebellum.nii.gz,data/Brains/1011_3.nii.gz,1] --transform Rigid[0.1] --metric MI[data/template/T_template0_BrainCerebellum.nii.gz,data/Brains/1011_3.nii.gz,1,32,Regular,0.25] --convergence [1000x500x250x0,1e-6,10] --shrink-factors 12x8x4x2 --smoothing-sigmas 4x3x2x1vox --transform Affine[0.1] --metric MI[data/template/T_template0_BrainCerebellum.nii.gz,data/Brains/1011_3.nii.gz,1,32,Regular,0.25] --convergence [1000x500x250x0,1e-6,10] --shrink-factors 12x8x4x2 --smoothing-sigmas 4x3x2x1vox --transform SyN[0.1,3,0] --metric MI[data/template/T_template0_BrainCerebellum.nii.gz,data/Brains/1011_3.nii.gz,1,32] --convergence [100x100x70x50x0,1e-6,10] --shrink-factors 10x6x4x2x1 --smoothing-sigmas 5x3x2x1x0vox
--------------------------------------------------------------------------------------
All_Command_lines_OK
Using single precision for computations.
=============================================================================
The composite transform comprises the following transforms (in order): 
  1. Center of mass alignment using fixed image: data/template/T_template0_BrainCerebellum.nii.gz and moving image: data/Brains/1011_3.nii.gz (type = Euler3DTransform)
=============================================================================
  number of levels = 4
  number of levels = 4
  number of levels = 5
  fixed image: data/template/T_template0_BrainCerebellum.nii.gz
  moving image: data/Brains/1011_3.nii.gz
  fixed image: data/template/T_template0_BrainCerebellum.nii.gz
  moving image: data/Brains/1011_3.nii.gz
  fixed image: data/template/T_template0_BrainCerebellum.nii.gz
  moving image: data/Brains/1011_3.nii.gz
Dimension = 3
Number of stages = 3
Use Histogram Matching false
Winsorize image intensities true
Lower quantile = 0.005
Upper quantile = 0.995
Stage 1 State
   Image metric = Mattes
     Fixed image = Image (0x42ad420)
  RTTI typeinfo:   itk::Image<float, 3u>
  Reference Count: 2
  Modified Time: 1611
  Debug: Off
  Object Name: 
  Observers: 
    none
  Source: (none)
  Source output name: (none)
  Release Data: Off
  Data Released: False
  Global Release Data: Off
  PipelineMTime: 0
  UpdateMTime: 1422
  RealTimeStamp: 0 seconds 
  LargestPossibleRegion: 
    Dimension: 3
    Index: [0, 0, 0]
    Size: [216, 256, 291]
  BufferedRegion: 
    Dimension: 3
    Index: [0, 0, 0]
    Size: [216, 256, 291]
  RequestedRegion: 
    Dimension: 3
    Index: [0, 0, 0]
    Size: [216, 256, 291]
  Spacing: [1, 1, 1]
  Origin: [0, 293, 0]
  Direction: 
1 0 0
0 -0 -1
0 -1 -0

  IndexToPointMatrix: 
1 0 0
0 0 -1
0 -1 0

  PointToIndexMatrix: 
1 0 0
0 0 -1
0 -1 0

  Inverse Direction: 
1 0 0
0 0 -1
0 -1 0

  PixelContainer: 
    ImportImageContainer (0x42927f0)
      RTTI typeinfo:   itk::ImportImageContainer<unsigned long, float>
      Reference Count: 1
      Modified Time: 1419
      Debug: Off
      Object Name: 
      Observers: 
        none
      Pointer: 0x7f70917e0010
      Container manages memory: true
      Size: 16091136
      Capacity: 16091136

     Moving image = Image (0x42ade60)
  RTTI typeinfo:   itk::Image<float, 3u>
  Reference Count: 2
  Modified Time: 1612
  Debug: Off
  Object Name: 
  Observers: 
    none
  Source: (none)
  Source output name: (none)
  Release Data: Off
  Data Released: False
  Global Release Data: Off
  PipelineMTime: 0
  UpdateMTime: 1609
  RealTimeStamp: 0 seconds 
  LargestPossibleRegion: 
    Dimension: 3
    Index: [0, 0, 0]
    Size: [256, 256, 287]
  BufferedRegion: 
    Dimension: 3
    Index: [0, 0, 0]
    Size: [256, 256, 287]
  RequestedRegion: 
    Dimension: 3
    Index: [0, 0, 0]
    Size: [256, 256, 287]
  Spacing: [1, 1, 1]
  Origin: [0, 286, 0]
  Direction: 
1 0 0
0 -0 -1
0 -1 -0

  IndexToPointMatrix: 
1 0 0
0 0 -1
0 -1 0

  PointToIndexMatrix: 
1 0 0
0 0 -1
0 -1 0

  Inverse Direction: 
1 0 0
0 0 -1
0 -1 0

  PixelContainer: 
    ImportImageContainer (0x42b02b0)
      RTTI typeinfo:   itk::ImportImageContainer<unsigned long, float>
      Reference Count: 1
      Modified Time: 1606
      Debug: Off
      Object Name: 
      Observers: 
        none
      Pointer: 0x7f708d01f010
      Container manages memory: true
      Size: 18808832
      Capacity: 18808832

     Weighting = 1
     Sampling strategy = regular
     Number of bins = 32
     Radius = 4
     Sampling percentage  = 0.25
   Transform = Rigid
     Gradient step = 0.1
     Update field sigma (voxel space) = 0
     Total field sigma (voxel space) = 0
     Update field time sigma = 0
     Total field time sigma  = 0
     Number of time indices = 0
     Number of time point samples = 0
Stage 2 State
   Image metric = Mattes
     Fixed image = Image (0x42b86c0)
  RTTI typeinfo:   itk::Image<float, 3u>
  Reference Count: 2
  Modified Time: 1987
  Debug: Off
  Object Name: 
  Observers: 
    none
  Source: (none)
  Source output name: (none)
  Release Data: Off
  Data Released: False
  Global Release Data: Off
  PipelineMTime: 0
  UpdateMTime: 1798
  RealTimeStamp: 0 seconds 
  LargestPossibleRegion: 
    Dimension: 3
    Index: [0, 0, 0]
    Size: [216, 256, 291]
  BufferedRegion: 
    Dimension: 3
    Index: [0, 0, 0]
    Size: [216, 256, 291]
  RequestedRegion: 
    Dimension: 3
    Index: [0, 0, 0]
    Size: [216, 256, 291]
  Spacing: [1, 1, 1]
  Origin: [0, 293, 0]
  Direction: 
1 0 0
0 -0 -1
0 -1 -0

  IndexToPointMatrix: 
1 0 0
0 0 -1
0 -1 0

  PointToIndexMatrix: 
1 0 0
0 0 -1
0 -1 0

  Inverse Direction: 
1 0 0
0 0 -1
0 -1 0

  PixelContainer: 
    ImportImageContainer (0x42b8f60)
      RTTI typeinfo:   itk::ImportImageContainer<unsigned long, float>
      Reference Count: 1
      Modified Time: 1795
      Debug: Off
      Object Name: 
      Observers: 
        none
      Pointer: 0x7f70892bc010
      Container manages memory: true
      Size: 16091136
      Capacity: 16091136

     Moving image = Image (0x42b8a50)
  RTTI typeinfo:   itk::Image<float, 3u>
  Reference Count: 2
  Modified Time: 1988
  Debug: Off
  Object Name: 
  Observers: 
    none
  Source: (none)
  Source output name: (none)
  Release Data: Off
  Data Released: False
  Global Release Data: Off
  PipelineMTime: 0
  UpdateMTime: 1985
  RealTimeStamp: 0 seconds 
  LargestPossibleRegion: 
    Dimension: 3
    Index: [0, 0, 0]
    Size: [256, 256, 287]
  BufferedRegion: 
    Dimension: 3
    Index: [0, 0, 0]
    Size: [256, 256, 287]
  RequestedRegion: 
    Dimension: 3
    Index: [0, 0, 0]
    Size: [256, 256, 287]
  Spacing: [1, 1, 1]
  Origin: [0, 286, 0]
  Direction: 
1 0 0
0 -0 -1
0 -1 -0

  IndexToPointMatrix: 
1 0 0
0 0 -1
0 -1 0

  PointToIndexMatrix: 
1 0 0
0 0 -1
0 -1 0

  Inverse Direction: 
1 0 0
0 0 -1
0 -1 0

  PixelContainer: 
    ImportImageContainer (0x42b9950)
      RTTI typeinfo:   itk::ImportImageContainer<unsigned long, float>
      Reference Count: 1
      Modified Time: 1982
      Debug: Off
      Object Name: 
      Observers: 
        none
      Pointer: 0x7f7084afb010
      Container manages memory: true
      Size: 18808832
      Capacity: 18808832

     Weighting = 1
     Sampling strategy = regular
     Number of bins = 32
     Radius = 4
     Sampling percentage  = 0.25
   Transform = Affine
     Gradient step = 0.1
     Update field sigma (voxel space) = 0
     Total field sigma (voxel space) = 0
     Update field time sigma = 0
     Total field time sigma  = 0
     Number of time indices = 0
     Number of time point samples = 0
Stage 3 State
   Image metric = Mattes
     Fixed image = Image (0x42bf7b0)
  RTTI typeinfo:   itk::Image<float, 3u>
  Reference Count: 2
  Modified Time: 2363
  Debug: Off
  Object Name: 
  Observers: 
    none
  Source: (none)
  Source output name: (none)
  Release Data: Off
  Data Released: False
  Global Release Data: Off
  PipelineMTime: 0
  UpdateMTime: 2174
  RealTimeStamp: 0 seconds 
  LargestPossibleRegion: 
    Dimension: 3
    Index: [0, 0, 0]
    Size: [216, 256, 291]
  BufferedRegion: 
    Dimension: 3
    Index: [0, 0, 0]
    Size: [216, 256, 291]
  RequestedRegion: 
    Dimension: 3
    Index: [0, 0, 0]
    Size: [216, 256, 291]
  Spacing: [1, 1, 1]
  Origin: [0, 293, 0]
  Direction: 
1 0 0
0 -0 -1
0 -1 -0

  IndexToPointMatrix: 
1 0 0
0 0 -1
0 -1 0

  PointToIndexMatrix: 
1 0 0
0 0 -1
0 -1 0

  Inverse Direction: 
1 0 0
0 0 -1
0 -1 0

  PixelContainer: 
    ImportImageContainer (0x42bfa40)
      RTTI typeinfo:   itk::ImportImageContainer<unsigned long, float>
      Reference Count: 1
      Modified Time: 2171
      Debug: Off
      Object Name: 
      Observers: 
        none
      Pointer: 0x7f7080d98010
      Container manages memory: true
      Size: 16091136
      Capacity: 16091136

     Moving image = Image (0x42c21b0)
  RTTI typeinfo:   itk::Image<float, 3u>
  Reference Count: 2
  Modified Time: 2364
  Debug: Off
  Object Name: 
  Observers: 
    none
  Source: (none)
  Source output name: (none)
  Release Data: Off
  Data Released: False
  Global Release Data: Off
  PipelineMTime: 0
  UpdateMTime: 2361
  RealTimeStamp: 0 seconds 
  LargestPossibleRegion: 
    Dimension: 3
    Index: [0, 0, 0]
    Size: [256, 256, 287]
  BufferedRegion: 
    Dimension: 3
    Index: [0, 0, 0]
    Size: [256, 256, 287]
  RequestedRegion: 
    Dimension: 3
    Index: [0, 0, 0]
    Size: [256, 256, 287]
  Spacing: [1, 1, 1]
  Origin: [0, 286, 0]
  Direction: 
1 0 0
0 -0 -1
0 -1 -0

  IndexToPointMatrix: 
1 0 0
0 0 -1
0 -1 0

  PointToIndexMatrix: 
1 0 0
0 0 -1
0 -1 0

  Inverse Direction: 
1 0 0
0 0 -1
0 -1 0

  PixelContainer: 
    ImportImageContainer (0x42bfaa0)
      RTTI typeinfo:   itk::ImportImageContainer<unsigned long, float>
      Reference Count: 1
      Modified Time: 2358
      Debug: Off
      Object Name: 
      Observers: 
        none
      Pointer: 0x7f707c5d7010
      Container manages memory: true
      Size: 18808832
      Capacity: 18808832

     Weighting = 1
     Sampling strategy = none
     Number of bins = 32
     Radius = 4
     Sampling percentage  = 1
   Transform = SyN
     Gradient step = 0.1
     Update field sigma (voxel space) = 3
     Total field sigma (voxel space) = 0
     Update field time sigma = 0
     Total field time sigma  = 0
     Number of time indices = 0
     Number of time point samples = 0
Registration using 3 total stages.

Stage 0
  iterations = 1000x500x250x0
  convergence threshold = 1e-06
  convergence window size = 10
  number of levels = 4
  using the Mattes MI metric (number of bins = 32, weight = 1)
  preprocessing:  winsorizing the image intensities
  Shrink factors (level 1 out of 4): [12, 12, 12]
  Shrink factors (level 2 out of 4): [8, 8, 8]
  Shrink factors (level 3 out of 4): [4, 4, 4]
  Shrink factors (level 4 out of 4): [2, 2, 2]
  smoothing sigmas per level: [4, 3, 2, 1]
  regular sampling (percentage = 0.25)

*** Running Euler3DTransform registration ***

DIAGNOSTIC,Iteration,metricValue,convergenceValue,ITERATION_TIME_INDEX,SINCE_LAST
 2DIAGNOSTIC,     1, -5.222575068474e-01, inf, 1.7575e+01, 1.7575e+01, 
 2DIAGNOSTIC,     2, -5.235409736633e-01, inf, 1.7585e+01, 9.9149e-03, 
 2DIAGNOSTIC,     3, -5.245882272720e-01, inf, 1.7594e+01, 9.7120e-03, 
 2DIAGNOSTIC,     4, -5.249646902084e-01, inf, 1.7604e+01, 9.6641e-03, 
 2DIAGNOSTIC,     5, -5.254725217819e-01, inf, 1.7614e+01, 9.7251e-03, 
 2DIAGNOSTIC,     6, -5.266658067703e-01, inf, 1.7624e+01, 9.8259e-03, 
 2DIAGNOSTIC,     7, -5.296081304550e-01, inf, 1.7635e+01, 1.1625e-02, 
 2DIAGNOSTIC,     8, -5.322850942612e-01, inf, 1.7653e+01, 1.7927e-02, 
 2DIAGNOSTIC,     9, -5.324442982674e-01, inf, 1.7663e+01, 9.7070e-03, 
 2DIAGNOSTIC,    10, -5.325466394424e-01, 1.395370694809e-03, 1.7673e+01, 1.0340e-02, 
 2DIAGNOSTIC,    11, -5.328916311264e-01, 1.237234100699e-03, 1.7685e+01, 1.1742e-02, 
 2DIAGNOSTIC,    12, -5.326418280602e-01, 1.037550624460e-03, 1.7695e+01, 1.0177e-02, 
 2DIAGNOSTIC,    13, -5.326310992241e-01, 8.171026129276e-04, 1.7705e+01, 1.0172e-02, 
 2DIAGNOSTIC,    14, -5.334597229958e-01, 6.020399159752e-04, 1.7717e+01, 1.1744e-02, 
 2DIAGNOSTIC,    15, -5.334351062775e-01, 3.789333568420e-04, 1.7729e+01, 1.1785e-02, 
 2DIAGNOSTIC,    16, -5.339952111244e-01, 2.066991437459e-04, 1.7744e+01, 1.5005e-02, 
 2DIAGNOSTIC,    17, -5.341358184814e-01, 1.310195948463e-04, 1.7756e+01, 1.1746e-02, 
 2DIAGNOSTIC,    18, -5.340446233749e-01, 1.289881620323e-04, 1.7767e+01, 1.1751e-02, 
 2DIAGNOSTIC,    19, -5.338428020477e-01, 1.140971580753e-04, 1.7779e+01, 1.1764e-02, 
 2DIAGNOSTIC,    20, -5.342941284180e-01, 1.047968180501e-04, 1.7791e+01, 1.1841e-02, 
 2DIAGNOSTIC,    21, -5.351014137268e-01, 1.159988096333e-04, 1.7801e+01, 1.0321e-02, 
 2DIAGNOSTIC,    22, -5.355108976364e-01, 1.190018374473e-04, 1.7813e+01, 1.2010e-02, 
 2DIAGNOSTIC,    23, -5.368337631226e-01, 1.410778786521e-04, 1.7825e+01, 1.2050e-02, 
 2DIAGNOSTIC,    24, -5.368770956993e-01, 1.674605882727e-04, 1.7836e+01, 1.1097e-02, 
 2DIAGNOSTIC,    25, -5.401733517647e-01, 2.459211391397e-04, 1.7850e+01, 1.3805e-02, 
 2DIAGNOSTIC,    26, -5.414949059486e-01, 3.318813105579e-04, 1.7862e+01, 1.1845e-02, 
 2DIAGNOSTIC,    27, -5.420043468475e-01, 3.929843369406e-04, 1.7872e+01, 1.0236e-02, 
 2DIAGNOSTIC,    28, -5.423651337624e-01, 4.188988241367e-04, 1.7882e+01, 1.0213e-02, 
 2DIAGNOSTIC,    29, -5.429990291595e-01, 4.115409392398e-04, 1.7894e+01, 1.1830e-02, 
 2DIAGNOSTIC,    30, -5.434958338737e-01, 3.816056123469e-04, 1.7906e+01, 1.1785e-02, 
 2DIAGNOSTIC,    31, -5.437232851982e-01, 3.348458558321e-04, 1.7918e+01, 1.1753e-02, 
 2DIAGNOSTIC,    32, -5.436584353447e-01, 2.653662522789e-04, 1.7928e+01, 1.0170e-02, 
 2DIAGNOSTIC,    33, -5.436475872993e-01, 1.972557365661e-04, 1.7943e+01, 1.4862e-02, 
 2DIAGNOSTIC,    34, -5.437927842140e-01, 1.162740300060e-04, 1.7953e+01, 1.0156e-02, 
 2DIAGNOSTIC,    35, -5.438337922096e-01, 7.904563972261e-05, 1.7963e+01, 1.0118e-02, 
 2DIAGNOSTIC,    36, -5.438640713692e-01, 5.635815978167e-05, 1.7973e+01, 1.0116e-02, 
 2DIAGNOSTIC,    37, -5.437071919441e-01, 3.480807208689e-05, 1.7985e+01, 1.1737e-02, 
 2DIAGNOSTIC,    38, -5.441707968712e-01, 2.264449904033e-05, 1.7997e+01, 1.1801e-02, 
 2DIAGNOSTIC,    39, -5.444430708885e-01, 2.095452873618e-05, 1.8018e+01, 2.1616e-02, 
 2DIAGNOSTIC,    40, -5.444450378418e-01, 2.386147025391e-05, 1.8029e+01, 1.0264e-02, 
 2DIAGNOSTIC,    41, -5.444715023041e-01, 2.789821883198e-05, 1.8039e+01, 1.0120e-02, 
 2DIAGNOSTIC,    42, -5.444910526276e-01, 2.867183502531e-05, 1.8049e+01, 1.0121e-02, 
 2DIAGNOSTIC,    43, -5.445052981377e-01, 2.664246676432e-05, 1.8059e+01, 1.0098e-02, 
 2DIAGNOSTIC,    44, -5.445251464844e-01, 2.410423803667e-05, 1.8069e+01, 1.0103e-02, 
 2DIAGNOSTIC,    45, -5.445550084114e-01, 2.032115844486e-05, 1.8079e+01, 1.0097e-02, 
 2DIAGNOSTIC,    46, -5.446013212204e-01, 1.586687358213e-05, 1.8089e+01, 1.0082e-02, 
 2DIAGNOSTIC,    47, -5.446751117706e-01, 9.093219887291e-06, 1.8103e+01, 1.3237e-02, 
 2DIAGNOSTIC,    48, -5.447163581848e-01, 7.264374744409e-06, 1.8114e+01, 1.1672e-02, 
 2DIAGNOSTIC,    49, -5.443527698517e-01, 3.900675892510e-06, 1.8127e+01, 1.3295e-02, 
 2DIAGNOSTIC,    50, -5.447727441788e-01, 4.938362053508e-06, 1.8138e+01, 1.0102e-02, 
 2DIAGNOSTIC,    51, -5.445938110352e-01, 3.768231636059e-06, 1.8148e+01, 1.0101e-02, 
 2DIAGNOSTIC,    52, -5.446343421936e-01, 2.983439344462e-06, 1.8158e+01, 1.0106e-02, 
DIAGNOSTIC,Iteration,metricValue,convergenceValue,ITERATION_TIME_INDEX,SINCE_LAST
 2DIAGNOSTIC,     1, -4.487176835537e-01, inf, 3.1512e+01, 1.3354e+01, 
 2DIAGNOSTIC,     2, -4.493559598923e-01, inf, 3.1573e+01, 6.0560e-02, 
 2DIAGNOSTIC,     3, -4.499861598015e-01, inf, 3.1633e+01, 6.0460e-02, 
 2DIAGNOSTIC,     4, -4.501463472843e-01, inf, 3.1694e+01, 6.0414e-02, 
 2DIAGNOSTIC,     5, -4.501384496689e-01, inf, 3.1745e+01, 5.1002e-02, 
 2DIAGNOSTIC,     6, -4.501503109932e-01, inf, 3.1796e+01, 5.0976e-02, 
 2DIAGNOSTIC,     7, -4.501530230045e-01, inf, 3.1856e+01, 6.0466e-02, 
 2DIAGNOSTIC,     8, -4.502009153366e-01, inf, 3.1935e+01, 7.8951e-02, 
 2DIAGNOSTIC,     9, -4.502032399178e-01, inf, 3.1995e+01, 6.0327e-02, 
 2DIAGNOSTIC,    10, -4.502038061619e-01, 1.536576455692e-04, 3.2056e+01, 6.0950e-02, 
 2DIAGNOSTIC,    11, -4.501570165157e-01, 6.380365812220e-05, 3.2117e+01, 6.1020e-02, 
 2DIAGNOSTIC,    12, -4.501572847366e-01, 1.628284917388e-05, 3.2169e+01, 5.1608e-02, 
 2DIAGNOSTIC,    13, -4.501581192017e-01, 5.218193109613e-06, 3.2221e+01, 5.1569e-02, 
 2DIAGNOSTIC,    14, -4.501593410969e-01, 2.738270040936e-06, 3.2272e+01, 5.1667e-02, 
DIAGNOSTIC,Iteration,metricValue,convergenceValue,ITERATION_TIME_INDEX,SINCE_LAST
 2DIAGNOSTIC,     1, -3.871666491032e-01, inf, 4.0949e+01, 8.6772e+00, 
 2DIAGNOSTIC,     2, -3.879359662533e-01, inf, 4.1363e+01, 4.1394e-01, 
 2DIAGNOSTIC,     3, -3.885080814362e-01, inf, 4.1775e+01, 4.1128e-01, 
 2DIAGNOSTIC,     4, -3.888061046600e-01, inf, 4.2188e+01, 4.1352e-01, 
 2DIAGNOSTIC,     5, -3.890503942966e-01, inf, 4.2599e+01, 4.1098e-01, 
 2DIAGNOSTIC,     6, -3.893161118031e-01, inf, 4.3010e+01, 4.1043e-01, 
 2DIAGNOSTIC,     7, -3.895895481110e-01, inf, 4.3582e+01, 5.7286e-01, 
 2DIAGNOSTIC,     8, -3.897045850754e-01, inf, 4.4074e+01, 4.9151e-01, 
 2DIAGNOSTIC,     9, -3.898029327393e-01, inf, 4.4568e+01, 4.9412e-01, 
 2DIAGNOSTIC,    10, -3.901186883450e-01, 4.293311212678e-04, 4.4980e+01, 4.1200e-01, 
 2DIAGNOSTIC,    11, -3.902267515659e-01, 3.181819338351e-04, 4.5478e+01, 4.9768e-01, 
 2DIAGNOSTIC,    12, -3.902817666531e-01, 2.467391896062e-04, 4.5889e+01, 4.1147e-01, 
 2DIAGNOSTIC,    13, -3.904299736023e-01, 2.047433663392e-04, 4.6463e+01, 5.7353e-01, 
 2DIAGNOSTIC,    14, -3.904344439507e-01, 1.659323752392e-04, 4.6874e+01, 4.1121e-01, 
 2DIAGNOSTIC,    15, -3.904923498631e-01, 1.317802380072e-04, 4.7291e+01, 4.1719e-01, 
 2DIAGNOSTIC,    16, -3.906671702862e-01, 1.097755375667e-04, 4.8191e+01, 9.0000e-01, 
 2DIAGNOSTIC,    17, -3.906710743904e-01, 9.221444634022e-05, 4.8682e+01, 4.9131e-01, 
 2DIAGNOSTIC,    18, -3.906610012054e-01, 7.263885345310e-05, 4.9175e+01, 4.9218e-01, 
 2DIAGNOSTIC,    19, -3.906512856483e-01, 5.179120489629e-05, 4.9586e+01, 4.1155e-01, 
 2DIAGNOSTIC,    20, -3.906521201134e-01, 3.986687443103e-05, 5.0000e+01, 4.1399e-01, 
 2DIAGNOSTIC,    21, -3.906635940075e-01, 2.955470699817e-05, 5.0496e+01, 4.9623e-01, 
 2DIAGNOSTIC,    22, -3.906660079956e-01, 1.932131999638e-05, 5.0912e+01, 4.1514e-01, 
 2DIAGNOSTIC,    23, -3.906655013561e-01, 1.310601328441e-05, 5.1406e+01, 4.9455e-01, 
 2DIAGNOSTIC,    24, -3.906761705875e-01, 6.799440598115e-06, 5.1821e+01, 4.1528e-01, 
 2DIAGNOSTIC,    25, -3.906946182251e-01, 2.552478008511e-06, 5.2400e+01, 5.7820e-01, 
 2DIAGNOSTIC,    26, -3.906982243061e-01, 3.485912429824e-06, 5.2895e+01, 4.9519e-01, 
 2DIAGNOSTIC,    27, -3.906970620155e-01, 4.221903509460e-06, 5.3309e+01, 4.1460e-01, 
 2DIAGNOSTIC,    28, -3.906980752945e-01, 4.403714683576e-06, 5.3721e+01, 4.1166e-01, 
 2DIAGNOSTIC,    29, -3.907321393490e-01, 4.874341357208e-06, 5.4219e+01, 4.9821e-01, 
 2DIAGNOSTIC,    30, -3.907626569271e-01, 5.677798526449e-06, 5.4631e+01, 4.1124e-01, 
 2DIAGNOSTIC,    31, -3.907661139965e-01, 6.332226348604e-06, 5.5122e+01, 4.9132e-01, 
 2DIAGNOSTIC,    32, -3.907916545868e-01, 7.108385943866e-06, 5.5533e+01, 4.1100e-01, 
 2DIAGNOSTIC,    33, -3.908355534077e-01, 8.207614882849e-06, 5.6274e+01, 7.4086e-01, 
 2DIAGNOSTIC,    34, -3.908382356167e-01, 8.795848771115e-06, 5.6685e+01, 4.1104e-01, 
 2DIAGNOSTIC,    35, -3.908574283123e-01, 9.389371371071e-06, 5.7096e+01, 4.1085e-01, 
 2DIAGNOSTIC,    36, -3.908586204052e-01, 9.251386472897e-06, 5.7506e+01, 4.1061e-01, 
 2DIAGNOSTIC,    37, -3.908983469009e-01, 9.093813787331e-06, 5.7918e+01, 4.1136e-01, 
 2DIAGNOSTIC,    38, -3.909457921982e-01, 9.046872037288e-06, 5.8736e+01, 8.1878e-01, 
 2DIAGNOSTIC,    39, -3.909421861172e-01, 8.759730008023e-06, 5.9229e+01, 4.9296e-01, 
 2DIAGNOSTIC,    40, -3.909481465816e-01, 8.428370165348e-06, 5.9642e+01, 4.1315e-01, 
 2DIAGNOSTIC,    41, -3.909492790699e-01, 7.469258434867e-06, 6.0053e+01, 4.1079e-01, 
 2DIAGNOSTIC,    42, -3.909566104412e-01, 6.455861239374e-06, 6.0464e+01, 4.1058e-01, 
 2DIAGNOSTIC,    43, -3.909800946712e-01, 6.071827556298e-06, 6.0875e+01, 4.1118e-01, 
 2DIAGNOSTIC,    44, -3.910103142262e-01, 5.730333214160e-06, 6.1292e+01, 4.1710e-01, 
 2DIAGNOSTIC,    45, -3.910354375839e-01, 5.653033895214e-06, 6.1946e+01, 6.5367e-01, 
 2DIAGNOSTIC,    46, -3.910408616066e-01, 5.200096893532e-06, 6.2438e+01, 4.9191e-01, 
 2DIAGNOSTIC,    47, -3.910400867462e-01, 4.924654149363e-06, 6.2929e+01, 4.9166e-01, 
 2DIAGNOSTIC,    48, -3.910481929779e-01, 5.098843757878e-06, 6.3505e+01, 5.7555e-01, 
 2DIAGNOSTIC,    49, -3.910544812679e-01, 4.867690222454e-06, 6.4164e+01, 6.5893e-01, 
 2DIAGNOSTIC,    50, -3.910545408726e-01, 4.326069301896e-06, 6.4658e+01, 4.9372e-01, 
 2DIAGNOSTIC,    51, -3.910545110703e-01, 3.476128767943e-06, 6.5070e+01, 4.1211e-01, 
 2DIAGNOSTIC,    52, -3.910546898842e-01, 2.492855628589e-06, 6.5564e+01, 4.9393e-01, 
 2DIAGNOSTIC,    53, -3.910543322563e-01, 1.675175781202e-06, 6.6058e+01, 4.9440e-01, 
 2DIAGNOSTIC,    54, -3.910549879074e-01, 1.190201260215e-06, 6.6553e+01, 4.9531e-01, 
 2DIAGNOSTIC,    55, -3.910553753376e-01, 1.001822965918e-06, 6.7048e+01, 4.9434e-01, 
DIAGNOSTIC,Iteration,metricValue,convergenceValue,ITERATION_TIME_INDEX,SINCE_LAST
 2DIAGNOSTIC,     1, -3.398450016975e-01, inf, 7.8855e+01, 1.1808e+01, 
  Elapsed time (stage 0): 8.0604e+01


Stage 1
  iterations = 1000x500x250x0
  convergence threshold = 1.0000e-06
  convergence window size = 10
  number of levels = 4
  using the Mattes MI metric (number of bins = 32, weight = 1.0000e+00)
  preprocessing:  winsorizing the image intensities
  Shrink factors (level 1 out of 4): [12, 12, 12]
  Shrink factors (level 2 out of 4): [8, 8, 8]
  Shrink factors (level 3 out of 4): [4, 4, 4]
  Shrink factors (level 4 out of 4): [2, 2, 2]
  smoothing sigmas per level: [4, 3, 2, 1]
  regular sampling (percentage = 2.5000e-01)

*** Running AffineTransform registration ***

DIAGNOSTIC,Iteration,metricValue,convergenceValue,ITERATION_TIME_INDEX,SINCE_LAST
 2DIAGNOSTIC,     1, -5.288689732552e-01, inf, 1.8288e+01, 1.8288e+01, 
 2DIAGNOSTIC,     2, -5.291756391525e-01, inf, 1.8302e+01, 1.3338e-02, 
 2DIAGNOSTIC,     3, -5.294773578644e-01, inf, 1.8316e+01, 1.4706e-02, 
 2DIAGNOSTIC,     4, -5.297132134438e-01, inf, 1.8329e+01, 1.2977e-02, 
 2DIAGNOSTIC,     5, -5.300323367119e-01, inf, 1.8344e+01, 1.4597e-02, 
 2DIAGNOSTIC,     6, -5.308208465576e-01, inf, 1.8357e+01, 1.3084e-02, 
 2DIAGNOSTIC,     7, -5.324478745461e-01, inf, 1.8370e+01, 1.3096e-02, 
 2DIAGNOSTIC,     8, -5.346615314484e-01, inf, 1.8383e+01, 1.3144e-02, 
 2DIAGNOSTIC,     9, -5.372883081436e-01, inf, 1.8398e+01, 1.4694e-02, 
 2DIAGNOSTIC,    10, -5.390124917030e-01, 1.192971249111e-03, 1.8417e+01, 1.9091e-02, 
 2DIAGNOSTIC,    11, -5.395016074181e-01, 1.283291960135e-03, 1.8436e+01, 1.9213e-02, 
 2DIAGNOSTIC,    12, -5.398485064507e-01, 1.273109344766e-03, 1.8452e+01, 1.5454e-02, 
 2DIAGNOSTIC,    13, -5.400665402412e-01, 1.170363160782e-03, 1.8465e+01, 1.3877e-02, 
 2DIAGNOSTIC,    14, -5.411710143089e-01, 1.026229234412e-03, 1.8479e+01, 1.3795e-02, 
 2DIAGNOSTIC,    15, -5.423057675362e-01, 8.584186434746e-04, 1.8493e+01, 1.3715e-02, 
 2DIAGNOSTIC,    16, -5.449326634407e-01, 7.461867644452e-04, 1.8508e+01, 1.5293e-02, 
 2DIAGNOSTIC,    17, -5.480597615242e-01, 7.251959759742e-04, 1.8524e+01, 1.5432e-02, 
 2DIAGNOSTIC,    18, -5.488533973694e-01, 7.254228694364e-04, 1.8544e+01, 2.0640e-02, 
 2DIAGNOSTIC,    19, -5.497707128525e-01, 7.570772431791e-04, 1.8558e+01, 1.3639e-02, 
 2DIAGNOSTIC,    20, -5.497512817383e-01, 7.602541591041e-04, 1.8573e+01, 1.5208e-02, 
 2DIAGNOSTIC,    21, -5.498380064964e-01, 7.063488592394e-04, 1.8590e+01, 1.6962e-02, 
 2DIAGNOSTIC,    22, -5.501221418381e-01, 6.061280728318e-04, 1.8604e+01, 1.3648e-02, 
 2DIAGNOSTIC,    23, -5.501923561096e-01, 4.646051675081e-04, 1.8619e+01, 1.5252e-02, 
 2DIAGNOSTIC,    24, -5.504714846611e-01, 3.227863926440e-04, 1.8638e+01, 1.8675e-02, 
 2DIAGNOSTIC,    25, -5.506427884102e-01, 1.891725405585e-04, 1.8651e+01, 1.3559e-02, 
 2DIAGNOSTIC,    26, -5.506870746613e-01, 1.009525658446e-04, 1.8665e+01, 1.3560e-02, 
 2DIAGNOSTIC,    27, -5.507521629333e-01, 7.182137778727e-05, 1.8682e+01, 1.6928e-02, 
 2DIAGNOSTIC,    28, -5.507929325104e-01, 5.327627150109e-05, 1.8695e+01, 1.3506e-02, 
 2DIAGNOSTIC,    29, -5.508239269257e-01, 4.827329394175e-05, 1.8714e+01, 1.8678e-02, 
 2DIAGNOSTIC,    30, -5.509222745895e-01, 4.050683128298e-05, 1.8728e+01, 1.3566e-02, 
 2DIAGNOSTIC,    31, -5.509452223778e-01, 3.126734009129e-05, 1.8741e+01, 1.3494e-02, 
 2DIAGNOSTIC,    32, -5.507711172104e-01, 2.161301927117e-05, 1.8755e+01, 1.3523e-02, 
 2DIAGNOSTIC,    33, -5.508061647415e-01, 1.227699158335e-05, 1.8771e+01, 1.6911e-02, 
 2DIAGNOSTIC,    34, -5.510424375534e-01, 1.024499215418e-05, 1.8803e+01, 3.1981e-02, 
 2DIAGNOSTIC,    35, -5.510423183441e-01, 9.842772669799e-06, 1.8818e+01, 1.5036e-02, 
 2DIAGNOSTIC,    36, -5.510429739952e-01, 9.303118531534e-06, 1.8832e+01, 1.3577e-02, 
 2DIAGNOSTIC,    37, -5.510440468788e-01, 9.031221452460e-06, 1.8847e+01, 1.5246e-02, 
 2DIAGNOSTIC,    38, -5.510448813438e-01, 8.566211363359e-06, 1.8861e+01, 1.3560e-02, 
 2DIAGNOSTIC,    39, -5.510472655296e-01, 7.709617420915e-06, 1.8874e+01, 1.3561e-02, 
 2DIAGNOSTIC,    40, -5.508378744125e-01, 4.750590051117e-06, 1.8888e+01, 1.3503e-02, 
 2DIAGNOSTIC,    41, -5.508427023888e-01, 2.109119805027e-06, 1.8902e+01, 1.3587e-02, 
DIAGNOSTIC,Iteration,metricValue,convergenceValue,ITERATION_TIME_INDEX,SINCE_LAST
 2DIAGNOSTIC,     1, -4.741273224354e-01, inf, 3.2555e+01, 1.3653e+01, 
 2DIAGNOSTIC,     2, -4.750842154026e-01, inf, 3.2618e+01, 6.3179e-02, 
 2DIAGNOSTIC,     3, -4.759395718575e-01, inf, 3.2681e+01, 6.3034e-02, 
 2DIAGNOSTIC,     4, -4.770325720310e-01, inf, 3.2744e+01, 6.2861e-02, 
 2DIAGNOSTIC,     5, -4.779789447784e-01, inf, 3.2807e+01, 6.2863e-02, 
 2DIAGNOSTIC,     6, -4.794240295887e-01, inf, 3.2869e+01, 6.2690e-02, 
 2DIAGNOSTIC,     7, -4.807613492012e-01, inf, 3.2952e+01, 8.2261e-02, 
 2DIAGNOSTIC,     8, -4.815290272236e-01, inf, 3.3082e+01, 1.3024e-01, 
 2DIAGNOSTIC,     9, -4.817567169666e-01, inf, 3.3154e+01, 7.1957e-02, 
 2DIAGNOSTIC,    10, -4.818026721478e-01, 1.155866659246e-03, 3.3226e+01, 7.2638e-02, 
 2DIAGNOSTIC,    11, -4.818875789642e-01, 9.266749257222e-04, 3.3299e+01, 7.2421e-02, 
 2DIAGNOSTIC,    12, -4.819532632828e-01, 7.024281076156e-04, 3.3362e+01, 6.3447e-02, 
 2DIAGNOSTIC,    13, -4.820623993874e-01, 4.930007271469e-04, 3.3426e+01, 6.3353e-02, 
 2DIAGNOSTIC,    14, -4.822018146515e-01, 3.214598109480e-04, 3.3488e+01, 6.2758e-02, 
 2DIAGNOSTIC,    15, -4.823501110077e-01, 1.863676734501e-04, 3.3551e+01, 6.2820e-02, 
 2DIAGNOSTIC,    16, -4.826509356499e-01, 1.149423987954e-04, 3.3614e+01, 6.2997e-02, 
 2DIAGNOSTIC,    17, -4.830537736416e-01, 1.012984357658e-04, 3.3677e+01, 6.3126e-02, 
 2DIAGNOSTIC,    18, -4.836395382881e-01, 1.240691199200e-04, 3.3740e+01, 6.2859e-02, 
 2DIAGNOSTIC,    19, -4.848908483982e-01, 1.788215595298e-04, 3.3851e+01, 1.1129e-01, 
 2DIAGNOSTIC,    20, -4.852283000946e-01, 2.221497561550e-04, 3.3923e+01, 7.1862e-02, 
 2DIAGNOSTIC,    21, -4.853095710278e-01, 2.457203809172e-04, 3.3986e+01, 6.2358e-02, 
 2DIAGNOSTIC,    22, -4.852985739708e-01, 2.461558324285e-04, 3.4048e+01, 6.2611e-02, 
 2DIAGNOSTIC,    23, -4.854145348072e-01, 2.292731514899e-04, 3.4111e+01, 6.2474e-02, 
 2DIAGNOSTIC,    24, -4.856222867966e-01, 2.004783891607e-04, 3.4174e+01, 6.2972e-02, 
 2DIAGNOSTIC,    25, -4.862008094788e-01, 1.722290762700e-04, 3.4237e+01, 6.3223e-02, 
 2DIAGNOSTIC,    26, -4.869498610497e-01, 1.539313816465e-04, 3.4301e+01, 6.4470e-02, 
 2DIAGNOSTIC,    27, -4.879222214222e-01, 1.524676190456e-04, 3.4384e+01, 8.2264e-02, 
 2DIAGNOSTIC,    28, -4.880771934986e-01, 1.515372714493e-04, 3.4485e+01, 1.0116e-01, 
 2DIAGNOSTIC,    29, -4.880745708942e-01, 1.619255053811e-04, 3.4548e+01, 6.2962e-02, 
 2DIAGNOSTIC,    30, -4.882620871067e-01, 1.667890901444e-04, 3.4619e+01, 7.1624e-02, 
 2DIAGNOSTIC,    31, -4.884333610535e-01, 1.601386320544e-04, 3.4691e+01, 7.1852e-02, 
 2DIAGNOSTIC,    32, -4.884236156940e-01, 1.382014452247e-04, 3.4763e+01, 7.1728e-02, 
 2DIAGNOSTIC,    33, -4.883927702904e-01, 1.063366507879e-04, 3.4844e+01, 8.1327e-02, 
 2DIAGNOSTIC,    34, -4.883480966091e-01, 6.936936551938e-05, 3.4907e+01, 6.2552e-02, 
 2DIAGNOSTIC,    35, -4.884765148163e-01, 3.973418279202e-05, 3.4979e+01, 7.1922e-02, 
 2DIAGNOSTIC,    36, -4.885411262512e-01, 2.079126352328e-05, 3.5041e+01, 6.2308e-02, 
 2DIAGNOSTIC,    37, -4.885049462318e-01, 1.580740718055e-05, 3.5113e+01, 7.1975e-02, 
 2DIAGNOSTIC,    38, -4.886978566647e-01, 1.519276611361e-05, 3.5214e+01, 1.0085e-01, 
 2DIAGNOSTIC,    39, -4.887424409389e-01, 1.375428291794e-05, 3.5286e+01, 7.1645e-02, 
 2DIAGNOSTIC,    40, -4.887476861477e-01, 1.387677730236e-05, 3.5348e+01, 6.2337e-02, 
 2DIAGNOSTIC,    41, -4.886481761932e-01, 1.379140667268e-05, 3.5410e+01, 6.2053e-02, 
 2DIAGNOSTIC,    42, -4.886557459831e-01, 1.251771755051e-05, 3.5482e+01, 7.1909e-02, 
 2DIAGNOSTIC,    43, -4.887134134769e-01, 1.053692540154e-05, 3.5544e+01, 6.2282e-02, 
 2DIAGNOSTIC,    44, -4.887213110924e-01, 7.112083494576e-06, 3.5607e+01, 6.2471e-02, 
 2DIAGNOSTIC,    45, -4.887356162071e-01, 5.110526217322e-06, 3.5679e+01, 7.1880e-02, 
 2DIAGNOSTIC,    46, -4.887470304966e-01, 3.825780368061e-06, 3.5741e+01, 6.2327e-02, 
 2DIAGNOSTIC,    47, -4.887138605118e-01, 1.370615336782e-06, 3.5803e+01, 6.2306e-02, 
 2DIAGNOSTIC,    48, -4.887898862362e-01, 2.205065129601e-06, 3.5894e+01, 9.1135e-02, 
 2DIAGNOSTIC,    49, -4.888005256653e-01, 3.470260708127e-06, 3.5956e+01, 6.2204e-02, 
 2DIAGNOSTIC,    50, -4.888109266758e-01, 4.640571660275e-06, 3.6029e+01, 7.2093e-02, 
 2DIAGNOSTIC,    51, -4.889824986458e-01, 6.226605364645e-06, 3.6100e+01, 7.1000e-02, 
 2DIAGNOSTIC,    52, -4.889872074127e-01, 7.288256256288e-06, 3.6174e+01, 7.4407e-02, 
 2DIAGNOSTIC,    53, -4.889400303364e-01, 7.796730642440e-06, 3.6237e+01, 6.2698e-02, 
 2DIAGNOSTIC,    54, -4.889440834522e-01, 7.756717423035e-06, 3.6309e+01, 7.1821e-02, 
 2DIAGNOSTIC,    55, -4.889497756958e-01, 7.232995812956e-06, 3.6370e+01, 6.1657e-02, 
 2DIAGNOSTIC,    56, -4.889066517353e-01, 5.739127573179e-06, 3.6432e+01, 6.1816e-02, 
 2DIAGNOSTIC,    57, -4.889231026173e-01, 3.618951268436e-06, 3.6503e+01, 7.0912e-02, 
 2DIAGNOSTIC,    58, -4.888854324818e-01, 1.690652197794e-06, 3.6594e+01, 9.1093e-02, 
DIAGNOSTIC,Iteration,metricValue,convergenceValue,ITERATION_TIME_INDEX,SINCE_LAST
 2DIAGNOSTIC,     1, -4.042519330978e-01, inf, 4.5389e+01, 8.7947e+00, 
 2DIAGNOSTIC,     2, -4.046781957150e-01, inf, 4.5886e+01, 4.9696e-01, 
 2DIAGNOSTIC,     3, -4.053381085396e-01, inf, 4.6382e+01, 4.9686e-01, 
 2DIAGNOSTIC,     4, -4.058258533478e-01, inf, 4.6880e+01, 4.9746e-01, 
 2DIAGNOSTIC,     5, -4.061685502529e-01, inf, 4.7380e+01, 5.0046e-01, 
 2DIAGNOSTIC,     6, -4.066054224968e-01, inf, 4.7880e+01, 4.9909e-01, 
 2DIAGNOSTIC,     7, -4.070098400116e-01, inf, 4.8467e+01, 5.8757e-01, 
 2DIAGNOSTIC,     8, -4.073686301708e-01, inf, 4.9637e+01, 1.1699e+00, 
 2DIAGNOSTIC,     9, -4.073710441589e-01, inf, 5.0142e+01, 5.0523e-01, 
 2DIAGNOSTIC,    10, -4.073748588562e-01, 5.297635216266e-04, 5.0725e+01, 5.8233e-01, 
 2DIAGNOSTIC,    11, -4.073654413223e-01, 3.957910230383e-04, 5.1304e+01, 5.7905e-01, 
 2DIAGNOSTIC,    12, -4.073445796967e-01, 2.716218295973e-04, 5.1886e+01, 5.8227e-01, 
 2DIAGNOSTIC,    13, -4.073448479176e-01, 1.772997638909e-04, 5.2387e+01, 5.0080e-01, 
 2DIAGNOSTIC,    14, -4.073470532894e-01, 1.050781575032e-04, 5.2974e+01, 5.8735e-01, 
 2DIAGNOSTIC,    15, -4.073657989502e-01, 4.985954001313e-05, 5.3560e+01, 5.8636e-01, 
 2DIAGNOSTIC,    16, -4.073883593082e-01, 1.692008663667e-05, 5.4146e+01, 5.8596e-01, 
 2DIAGNOSTIC,    17, -4.073851108551e-01, 2.561068868090e-06, 5.4735e+01, 5.8906e-01, 
 2DIAGNOSTIC,    18, -4.073927104473e-01, 3.982240286859e-06, 5.5240e+01, 5.0452e-01, 
 2DIAGNOSTIC,    19, -4.074153304100e-01, 5.948557827651e-06, 5.5826e+01, 5.8626e-01, 
 2DIAGNOSTIC,    20, -4.074683487415e-01, 9.271512681153e-06, 5.6330e+01, 5.0350e-01, 
 2DIAGNOSTIC,    21, -4.075309038162e-01, 1.329914721282e-05, 5.6825e+01, 4.9534e-01, 
 2DIAGNOSTIC,    22, -4.076761007309e-01, 1.979107582883e-05, 5.7748e+01, 9.2318e-01, 
 2DIAGNOSTIC,    23, -4.076792895794e-01, 2.403938560747e-05, 5.8332e+01, 5.8370e-01, 
 2DIAGNOSTIC,    24, -4.076793789864e-01, 2.592728924355e-05, 5.8916e+01, 5.8438e-01, 
 2DIAGNOSTIC,    25, -4.076732099056e-01, 2.572291850811e-05, 5.9499e+01, 5.8301e-01, 
 2DIAGNOSTIC,    26, -4.076791107655e-01, 2.397207026661e-05, 6.0085e+01, 5.8579e-01, 
 2DIAGNOSTIC,    27, -4.076715409756e-01, 1.987676114368e-05, 6.0667e+01, 5.8227e-01, 
 2DIAGNOSTIC,    28, -4.076776206493e-01, 1.466703542974e-05, 6.1251e+01, 5.8374e-01, 
 2DIAGNOSTIC,    29, -4.076714515686e-01, 8.970308954304e-06, 6.1752e+01, 5.0093e-01, 
 2DIAGNOSTIC,    30, -4.076627194881e-01, 3.945329808630e-06, 6.2261e+01, 5.0874e-01, 
DIAGNOSTIC,Iteration,metricValue,convergenceValue,ITERATION_TIME_INDEX,SINCE_LAST
 2DIAGNOSTIC,     1, -3.536597490311e-01, inf, 7.1375e+01, 9.1144e+00, 
  Elapsed time (stage 1): 7.3130e+01


Stage 2
  iterations = 100x100x70x50x0
  convergence threshold = 1.0000e-06
  convergence window size = 10
  number of levels = 5
  using the Mattes MI metric (number of bins = 32, weight = 1.0000e+00)
  preprocessing:  winsorizing the image intensities
  Shrink factors (level 1 out of 5): [10, 10, 10]
  Shrink factors (level 2 out of 5): [6, 6, 6]
  Shrink factors (level 3 out of 5): [4, 4, 4]
  Shrink factors (level 4 out of 5): [2, 2, 2]
  Shrink factors (level 5 out of 5): [1, 1, 1]
  smoothing sigmas per level: [5, 3, 2, 1, 0]
  Using default NONE metricSamplingStrategy 

*** Running SyN registration (varianceForUpdateField = 3.0000e+00, varianceForTotalField = 0.0000e+00) ***

XXDIAGNOSTIC,Iteration,metricValue,convergenceValue,ITERATION_TIME_INDEX,SINCE_LAST
 1DIAGNOSTIC,     1, -5.237175226212e-01, inf, 3.0930e+01, 3.0930e+01, 
 1DIAGNOSTIC,     2, -5.434427261353e-01, inf, 3.1082e+01, 1.5255e-01, 
 1DIAGNOSTIC,     3, -5.585941076279e-01, inf, 3.1232e+01, 1.4974e-01, 
 1DIAGNOSTIC,     4, -5.626206398010e-01, inf, 3.1379e+01, 1.4650e-01, 
 1DIAGNOSTIC,     5, -5.623098611832e-01, inf, 3.1525e+01, 1.4625e-01, 
 1DIAGNOSTIC,     6, -5.612183809280e-01, inf, 3.1675e+01, 1.4988e-01, 
 1DIAGNOSTIC,     7, -5.568978786469e-01, inf, 3.1821e+01, 1.4655e-01, 
 1DIAGNOSTIC,     8, -5.553655624390e-01, inf, 3.1968e+01, 1.4665e-01, 
 1DIAGNOSTIC,     9, -5.546019077301e-01, inf, 3.2114e+01, 1.4648e-01, 
 1DIAGNOSTIC,    10, -5.529948472977e-01, 1.745252404362e-03, 3.2262e+01, 1.4717e-01, 
 1DIAGNOSTIC,    11, -5.504424571991e-01, -3.465087793302e-04, 3.2410e+01, 1.4793e-01, 
XXDIAGNOSTIC,Iteration,metricValue,convergenceValue,ITERATION_TIME_INDEX,SINCE_LAST
 1DIAGNOSTIC,     1, -4.378437995911e-01, inf, 4.6172e+01, 1.3763e+01, 
 1DIAGNOSTIC,     2, -4.402734339237e-01, inf, 4.6767e+01, 5.9495e-01, 
 1DIAGNOSTIC,     3, -4.414926767349e-01, inf, 4.7344e+01, 5.7662e-01, 
 1DIAGNOSTIC,     4, -4.426372647285e-01, inf, 4.7921e+01, 5.7671e-01, 
 1DIAGNOSTIC,     5, -4.422788619995e-01, inf, 4.8498e+01, 5.7737e-01, 
 1DIAGNOSTIC,     6, -4.415009617805e-01, inf, 4.9076e+01, 5.7827e-01, 
 1DIAGNOSTIC,     7, -4.405024051666e-01, inf, 4.9654e+01, 5.7816e-01, 
 1DIAGNOSTIC,     8, -4.391695857048e-01, inf, 5.0248e+01, 5.9396e-01, 
 1DIAGNOSTIC,     9, -4.375073313713e-01, inf, 5.0827e+01, 5.7860e-01, 
 1DIAGNOSTIC,    10, -4.364692568779e-01, -4.197460075375e-04, 5.1407e+01, 5.7986e-01, 
XXDIAGNOSTIC,Iteration,metricValue,convergenceValue,ITERATION_TIME_INDEX,SINCE_LAST
 1DIAGNOSTIC,     1, -3.723798394203e-01, inf, 6.1572e+01, 1.0165e+01, 
 1DIAGNOSTIC,     2, -3.733403086662e-01, inf, 6.3431e+01, 1.8592e+00, 
 1DIAGNOSTIC,     3, -3.740054368973e-01, inf, 6.5239e+01, 1.8078e+00, 
 1DIAGNOSTIC,     4, -3.744330406189e-01, inf, 6.7059e+01, 1.8194e+00, 
 1DIAGNOSTIC,     5, -3.745828270912e-01, inf, 6.8875e+01, 1.8168e+00, 
 1DIAGNOSTIC,     6, -3.744363188744e-01, inf, 7.0675e+01, 1.7993e+00, 
 1DIAGNOSTIC,     7, -3.742640018463e-01, inf, 7.2529e+01, 1.8547e+00, 
 1DIAGNOSTIC,     8, -3.740937113762e-01, inf, 7.4334e+01, 1.8048e+00, 
 1DIAGNOSTIC,     9, -3.736741840839e-01, inf, 7.6131e+01, 1.7967e+00, 
 1DIAGNOSTIC,    10, -3.733026683331e-01, 9.238715574611e-05, 7.7934e+01, 1.8035e+00, 
 1DIAGNOSTIC,    11, -3.728887140751e-01, -1.253474474652e-04, 7.9742e+01, 1.8073e+00, 
XXDIAGNOSTIC,Iteration,metricValue,convergenceValue,ITERATION_TIME_INDEX,SINCE_LAST
 1DIAGNOSTIC,     1, -3.156763613224e-01, inf, 9.9780e+01, 2.0039e+01, 
 1DIAGNOSTIC,     2, -3.164302706718e-01, inf, 1.1286e+02, 1.3078e+01, 
 1DIAGNOSTIC,     3, -3.172844648361e-01, inf, 1.2586e+02, 1.3003e+01, 
 1DIAGNOSTIC,     4, -3.180266618729e-01, inf, 1.3930e+02, 1.3435e+01, 
 1DIAGNOSTIC,     5, -3.187563717365e-01, inf, 1.5229e+02, 1.2990e+01, 
 1DIAGNOSTIC,     6, -3.193767666817e-01, inf, 1.6547e+02, 1.3187e+01, 
 1DIAGNOSTIC,     7, -3.199321031570e-01, inf, 1.7851e+02, 1.3036e+01, 
 1DIAGNOSTIC,     8, -3.203817009926e-01, inf, 1.9161e+02, 1.3097e+01, 
 1DIAGNOSTIC,     9, -3.208726942539e-01, inf, 2.0455e+02, 1.2942e+01, 
 1DIAGNOSTIC,    10, -3.212999105453e-01, 1.132797449827e-03, 2.1751e+02, 1.2957e+01, 
 1DIAGNOSTIC,    11, -3.216970264912e-01, 9.441347210668e-04, 2.3043e+02, 1.2918e+01, 
 1DIAGNOSTIC,    12, -3.220466971397e-01, 7.834758725949e-04, 2.4343e+02, 1.3002e+01, 
 1DIAGNOSTIC,    13, -3.223020434380e-01, 6.523199845105e-04, 2.5685e+02, 1.3428e+01, 
 1DIAGNOSTIC,    14, -3.225707709789e-01, 5.444138078019e-04, 2.6995e+02, 1.3092e+01, 
 1DIAGNOSTIC,    15, -3.227306008339e-01, 4.534294421319e-04, 2.8382e+02, 1.3871e+01, 
 1DIAGNOSTIC,    16, -3.228915929794e-01, 3.753775963560e-04, 2.9684e+02, 1.3027e+01, 
 1DIAGNOSTIC,    17, -3.229825496674e-01, 3.056070709135e-04, 3.1031e+02, 1.3465e+01, 
 1DIAGNOSTIC,    18, -3.230859637260e-01, 2.424960403005e-04, 3.2419e+02, 1.3878e+01, 
 1DIAGNOSTIC,    19, -3.231653571129e-01, 1.900622009998e-04, 3.3805e+02, 1.3867e+01, 
 1DIAGNOSTIC,    20, -3.232213854790e-01, 1.465191453462e-04, 3.5198e+02, 1.3925e+01, 
 1DIAGNOSTIC,    21, -3.232677876949e-01, 1.121467939811e-04, 3.6584e+02, 1.3860e+01, 
 1DIAGNOSTIC,    22, -3.233278989792e-01, 8.695373981027e-05, 3.7967e+02, 1.3835e+01, 
 1DIAGNOSTIC,    23, -3.234298229218e-01, 6.949629459996e-05, 3.9336e+02, 1.3686e+01, 
 1DIAGNOSTIC,    24, -3.235405683517e-01, 6.094529089751e-05, 4.0733e+02, 1.3973e+01, 
 1DIAGNOSTIC,    25, -3.236661553383e-01, 5.743673682446e-05, 4.2117e+02, 1.3837e+01, 
 1DIAGNOSTIC,    26, -3.237307071686e-01, 5.652706022374e-05, 4.3506e+02, 1.3887e+01, 
 1DIAGNOSTIC,    27, -3.238080739975e-01, 5.595033871941e-05, 4.4891e+02, 1.3848e+01, 
 1DIAGNOSTIC,    28, -3.238759040833e-01, 5.557430995395e-05, 4.6277e+02, 1.3868e+01, 
 1DIAGNOSTIC,    29, -3.239256441593e-01, 5.393592437031e-05, 4.7673e+02, 1.3958e+01, 
 1DIAGNOSTIC,    30, -3.239966332912e-01, 5.112182770972e-05, 4.9010e+02, 1.3370e+01, 
 1DIAGNOSTIC,    31, -3.240106701851e-01, 4.545072079054e-05, 5.0396e+02, 1.3854e+01, 
 1DIAGNOSTIC,    32, -3.239974379539e-01, 3.721992834471e-05, 5.1789e+02, 1.3934e+01, 
 1DIAGNOSTIC,    33, -3.240487575531e-01, 3.014195499418e-05, 5.3185e+02, 1.3963e+01, 
 1DIAGNOSTIC,    34, -3.240861296654e-01, 2.444706296956e-05, 5.4583e+02, 1.3978e+01, 
 1DIAGNOSTIC,    35, -3.241088986397e-01, 2.053898788290e-05, 5.5934e+02, 1.3512e+01, 
 1DIAGNOSTIC,    36, -3.241402804852e-01, 1.732472992444e-05, 5.7324e+02, 1.3895e+01, 
 1DIAGNOSTIC,    37, -3.241962194443e-01, 1.589432940818e-05, 5.8729e+02, 1.4049e+01, 
 1DIAGNOSTIC,    38, -3.242854475975e-01, 1.670406891208e-05, 6.0111e+02, 1.3826e+01, 
 1DIAGNOSTIC,    39, -3.243412375450e-01, 1.824819628382e-05, 6.1500e+02, 1.3889e+01, 
 1DIAGNOSTIC,    40, -3.243668079376e-01, 2.018184932240e-05, 6.2885e+02, 1.3851e+01, 
 1DIAGNOSTIC,    41, -3.244121074677e-01, 2.149391184503e-05, 6.4271e+02, 1.3852e+01, 
 1DIAGNOSTIC,    42, -3.244076073170e-01, 2.034880890278e-05, 6.5671e+02, 1.4006e+01, 
 1DIAGNOSTIC,    43, -3.243823349476e-01, 1.789721136447e-05, 6.7053e+02, 1.3821e+01, 
 1DIAGNOSTIC,    44, -3.243791460991e-01, 1.461631563870e-05, 6.8443e+02, 1.3892e+01, 
 1DIAGNOSTIC,    45, -3.243470788002e-01, 9.974413842428e-06, 6.9852e+02, 1.4098e+01, 
 1DIAGNOSTIC,    46, -3.244040310383e-01, 6.340989784803e-06, 7.1248e+02, 1.3953e+01, 
 1DIAGNOSTIC,    47, -3.243926167488e-01, 3.090886366408e-06, 7.2630e+02, 1.3823e+01, 
 1DIAGNOSTIC,    48, -3.243614435196e-01, 8.186402737920e-07, 7.4020e+02, 1.3898e+01, 
  Elapsed time (stage 2): 764


Total elapsed time: 917.8

--- Writing output images ---

Using double precision for computations.
Input scalar image: data/Segmentations/1011_3_seg.nii.gz
Reference image: data/template/T_template0_BrainCerebellum.nii.gz
=============================================================================
The composite transform comprises the following transforms (in order): 
  1. /tmp/1971614.1.basic.q/1011_ToTemplate_007_0GenericAffine.mat (type = AffineTransform)
  2. /tmp/1971614.1.basic.q/1011_ToTemplate_007_1Warp.nii.gz (type = DisplacementFieldTransform)
=============================================================================
Default pixel value: 0
Interpolation type: LabelImageGenericInterpolateImageFunction
Output warped image: output/1011/1011_WarpedLabels_007.nii.gz

--- Done ---

