
--- Running on compute-2-0.local ---


--- registration call ---
/data/jet/pcook/bin/antsBuild/bin/antsRegistrationSyNQuick.sh -d 3 -f data/template/T_template0_BrainCerebellum.nii.gz -m data/Brains/1011_3.nii.gz -t s -p f -n 1 -o /tmp/1971612.1.basic.q/1011_ToTemplate_005_
---


--------------------------------------------------------------------------------------
 Mapping parameters
--------------------------------------------------------------------------------------
 ANTSPATH is /data/jet/pcook/bin/antsBuild/bin/

 Dimensionality:           3
 Output name prefix:       /tmp/1971612.1.basic.q/1011_ToTemplate_005_
 Fixed images:             data/template/T_template0_BrainCerebellum.nii.gz
 Moving images:            data/Brains/1011_3.nii.gz
 Mask images:              
 Initial transforms:       
 Number of threads:        1
 Spline distance:          26
 Transform type:           s
 MI histogram bins:        32
 Precision:                f
 Use histogram matching    0
======================================================================================
 antsRegistration call:
--------------------------------------------------------------------------------------
/data/jet/pcook/bin/antsBuild/bin//antsRegistration --verbose 1 --dimensionality 3 --float 1 --collapse-output-transforms 1 --output [/tmp/1971612.1.basic.q/1011_ToTemplate_005_,/tmp/1971612.1.basic.q/1011_ToTemplate_005_Warped.nii.gz,/tmp/1971612.1.basic.q/1011_ToTemplate_005_InverseWarped.nii.gz] --interpolation Linear --use-histogram-matching 0 --winsorize-image-intensities [0.005,0.995] --initial-moving-transform [data/template/T_template0_BrainCerebellum.nii.gz,data/Brains/1011_3.nii.gz,1] --transform Rigid[0.1] --metric MI[data/template/T_template0_BrainCerebellum.nii.gz,data/Brains/1011_3.nii.gz,1,32,Regular,0.25] --convergence [1000x500x250x0,1e-6,10] --shrink-factors 12x8x4x2 --smoothing-sigmas 4x3x2x1vox --transform Affine[0.1] --metric MI[data/template/T_template0_BrainCerebellum.nii.gz,data/Brains/1011_3.nii.gz,1,32,Regular,0.25] --convergence [1000x500x250x0,1e-6,10] --shrink-factors 12x8x4x2 --smoothing-sigmas 4x3x2x1vox --transform SyN[0.1,3,0] --metric MI[data/template/T_template0_BrainCerebellum.nii.gz,data/Brains/1011_3.nii.gz,1,32] --convergence [100x100x70x50x0,1e-6,10] --shrink-factors 10x6x4x2x1 --smoothing-sigmas 5x3x2x1x0vox
--------------------------------------------------------------------------------------
All_Command_lines_OK
Using single precision for computations.
=============================================================================
The composite transform comprises the following transforms (in order): 
  1. Center of mass alignment using fixed image: data/template/T_template0_BrainCerebellum.nii.gz and moving image: data/Brains/1011_3.nii.gz (type = Euler3DTransform)
=============================================================================
  number of levels = 4
  number of levels = 4
  number of levels = 5
  fixed image: data/template/T_template0_BrainCerebellum.nii.gz
  moving image: data/Brains/1011_3.nii.gz
  fixed image: data/template/T_template0_BrainCerebellum.nii.gz
  moving image: data/Brains/1011_3.nii.gz
  fixed image: data/template/T_template0_BrainCerebellum.nii.gz
  moving image: data/Brains/1011_3.nii.gz
Dimension = 3
Number of stages = 3
Use Histogram Matching false
Winsorize image intensities true
Lower quantile = 0.005
Upper quantile = 0.995
Stage 1 State
   Image metric = Mattes
     Fixed image = Image (0x48f9420)
  RTTI typeinfo:   itk::Image<float, 3u>
  Reference Count: 2
  Modified Time: 1611
  Debug: Off
  Object Name: 
  Observers: 
    none
  Source: (none)
  Source output name: (none)
  Release Data: Off
  Data Released: False
  Global Release Data: Off
  PipelineMTime: 0
  UpdateMTime: 1422
  RealTimeStamp: 0 seconds 
  LargestPossibleRegion: 
    Dimension: 3
    Index: [0, 0, 0]
    Size: [216, 256, 291]
  BufferedRegion: 
    Dimension: 3
    Index: [0, 0, 0]
    Size: [216, 256, 291]
  RequestedRegion: 
    Dimension: 3
    Index: [0, 0, 0]
    Size: [216, 256, 291]
  Spacing: [1, 1, 1]
  Origin: [0, 293, 0]
  Direction: 
1 0 0
0 -0 -1
0 -1 -0

  IndexToPointMatrix: 
1 0 0
0 0 -1
0 -1 0

  PointToIndexMatrix: 
1 0 0
0 0 -1
0 -1 0

  Inverse Direction: 
1 0 0
0 0 -1
0 -1 0

  PixelContainer: 
    ImportImageContainer (0x48de7f0)
      RTTI typeinfo:   itk::ImportImageContainer<unsigned long, float>
      Reference Count: 1
      Modified Time: 1419
      Debug: Off
      Object Name: 
      Observers: 
        none
      Pointer: 0x7fc2b1bd0010
      Container manages memory: true
      Size: 16091136
      Capacity: 16091136

     Moving image = Image (0x48f9e60)
  RTTI typeinfo:   itk::Image<float, 3u>
  Reference Count: 2
  Modified Time: 1612
  Debug: Off
  Object Name: 
  Observers: 
    none
  Source: (none)
  Source output name: (none)
  Release Data: Off
  Data Released: False
  Global Release Data: Off
  PipelineMTime: 0
  UpdateMTime: 1609
  RealTimeStamp: 0 seconds 
  LargestPossibleRegion: 
    Dimension: 3
    Index: [0, 0, 0]
    Size: [256, 256, 287]
  BufferedRegion: 
    Dimension: 3
    Index: [0, 0, 0]
    Size: [256, 256, 287]
  RequestedRegion: 
    Dimension: 3
    Index: [0, 0, 0]
    Size: [256, 256, 287]
  Spacing: [1, 1, 1]
  Origin: [0, 286, 0]
  Direction: 
1 0 0
0 -0 -1
0 -1 -0

  IndexToPointMatrix: 
1 0 0
0 0 -1
0 -1 0

  PointToIndexMatrix: 
1 0 0
0 0 -1
0 -1 0

  Inverse Direction: 
1 0 0
0 0 -1
0 -1 0

  PixelContainer: 
    ImportImageContainer (0x48fc2b0)
      RTTI typeinfo:   itk::ImportImageContainer<unsigned long, float>
      Reference Count: 1
      Modified Time: 1606
      Debug: Off
      Object Name: 
      Observers: 
        none
      Pointer: 0x7fc2ad40f010
      Container manages memory: true
      Size: 18808832
      Capacity: 18808832

     Weighting = 1
     Sampling strategy = regular
     Number of bins = 32
     Radius = 4
     Sampling percentage  = 0.25
   Transform = Rigid
     Gradient step = 0.1
     Update field sigma (voxel space) = 0
     Total field sigma (voxel space) = 0
     Update field time sigma = 0
     Total field time sigma  = 0
     Number of time indices = 0
     Number of time point samples = 0
Stage 2 State
   Image metric = Mattes
     Fixed image = Image (0x49046c0)
  RTTI typeinfo:   itk::Image<float, 3u>
  Reference Count: 2
  Modified Time: 1987
  Debug: Off
  Object Name: 
  Observers: 
    none
  Source: (none)
  Source output name: (none)
  Release Data: Off
  Data Released: False
  Global Release Data: Off
  PipelineMTime: 0
  UpdateMTime: 1798
  RealTimeStamp: 0 seconds 
  LargestPossibleRegion: 
    Dimension: 3
    Index: [0, 0, 0]
    Size: [216, 256, 291]
  BufferedRegion: 
    Dimension: 3
    Index: [0, 0, 0]
    Size: [216, 256, 291]
  RequestedRegion: 
    Dimension: 3
    Index: [0, 0, 0]
    Size: [216, 256, 291]
  Spacing: [1, 1, 1]
  Origin: [0, 293, 0]
  Direction: 
1 0 0
0 -0 -1
0 -1 -0

  IndexToPointMatrix: 
1 0 0
0 0 -1
0 -1 0

  PointToIndexMatrix: 
1 0 0
0 0 -1
0 -1 0

  Inverse Direction: 
1 0 0
0 0 -1
0 -1 0

  PixelContainer: 
    ImportImageContainer (0x4904f60)
      RTTI typeinfo:   itk::ImportImageContainer<unsigned long, float>
      Reference Count: 1
      Modified Time: 1795
      Debug: Off
      Object Name: 
      Observers: 
        none
      Pointer: 0x7fc2a96ac010
      Container manages memory: true
      Size: 16091136
      Capacity: 16091136

     Moving image = Image (0x4904a50)
  RTTI typeinfo:   itk::Image<float, 3u>
  Reference Count: 2
  Modified Time: 1988
  Debug: Off
  Object Name: 
  Observers: 
    none
  Source: (none)
  Source output name: (none)
  Release Data: Off
  Data Released: False
  Global Release Data: Off
  PipelineMTime: 0
  UpdateMTime: 1985
  RealTimeStamp: 0 seconds 
  LargestPossibleRegion: 
    Dimension: 3
    Index: [0, 0, 0]
    Size: [256, 256, 287]
  BufferedRegion: 
    Dimension: 3
    Index: [0, 0, 0]
    Size: [256, 256, 287]
  RequestedRegion: 
    Dimension: 3
    Index: [0, 0, 0]
    Size: [256, 256, 287]
  Spacing: [1, 1, 1]
  Origin: [0, 286, 0]
  Direction: 
1 0 0
0 -0 -1
0 -1 -0

  IndexToPointMatrix: 
1 0 0
0 0 -1
0 -1 0

  PointToIndexMatrix: 
1 0 0
0 0 -1
0 -1 0

  Inverse Direction: 
1 0 0
0 0 -1
0 -1 0

  PixelContainer: 
    ImportImageContainer (0x4905950)
      RTTI typeinfo:   itk::ImportImageContainer<unsigned long, float>
      Reference Count: 1
      Modified Time: 1982
      Debug: Off
      Object Name: 
      Observers: 
        none
      Pointer: 0x7fc2a4eeb010
      Container manages memory: true
      Size: 18808832
      Capacity: 18808832

     Weighting = 1
     Sampling strategy = regular
     Number of bins = 32
     Radius = 4
     Sampling percentage  = 0.25
   Transform = Affine
     Gradient step = 0.1
     Update field sigma (voxel space) = 0
     Total field sigma (voxel space) = 0
     Update field time sigma = 0
     Total field time sigma  = 0
     Number of time indices = 0
     Number of time point samples = 0
Stage 3 State
   Image metric = Mattes
     Fixed image = Image (0x490b7b0)
  RTTI typeinfo:   itk::Image<float, 3u>
  Reference Count: 2
  Modified Time: 2363
  Debug: Off
  Object Name: 
  Observers: 
    none
  Source: (none)
  Source output name: (none)
  Release Data: Off
  Data Released: False
  Global Release Data: Off
  PipelineMTime: 0
  UpdateMTime: 2174
  RealTimeStamp: 0 seconds 
  LargestPossibleRegion: 
    Dimension: 3
    Index: [0, 0, 0]
    Size: [216, 256, 291]
  BufferedRegion: 
    Dimension: 3
    Index: [0, 0, 0]
    Size: [216, 256, 291]
  RequestedRegion: 
    Dimension: 3
    Index: [0, 0, 0]
    Size: [216, 256, 291]
  Spacing: [1, 1, 1]
  Origin: [0, 293, 0]
  Direction: 
1 0 0
0 -0 -1
0 -1 -0

  IndexToPointMatrix: 
1 0 0
0 0 -1
0 -1 0

  PointToIndexMatrix: 
1 0 0
0 0 -1
0 -1 0

  Inverse Direction: 
1 0 0
0 0 -1
0 -1 0

  PixelContainer: 
    ImportImageContainer (0x490ba40)
      RTTI typeinfo:   itk::ImportImageContainer<unsigned long, float>
      Reference Count: 1
      Modified Time: 2171
      Debug: Off
      Object Name: 
      Observers: 
        none
      Pointer: 0x7fc2a1188010
      Container manages memory: true
      Size: 16091136
      Capacity: 16091136

     Moving image = Image (0x490e1b0)
  RTTI typeinfo:   itk::Image<float, 3u>
  Reference Count: 2
  Modified Time: 2364
  Debug: Off
  Object Name: 
  Observers: 
    none
  Source: (none)
  Source output name: (none)
  Release Data: Off
  Data Released: False
  Global Release Data: Off
  PipelineMTime: 0
  UpdateMTime: 2361
  RealTimeStamp: 0 seconds 
  LargestPossibleRegion: 
    Dimension: 3
    Index: [0, 0, 0]
    Size: [256, 256, 287]
  BufferedRegion: 
    Dimension: 3
    Index: [0, 0, 0]
    Size: [256, 256, 287]
  RequestedRegion: 
    Dimension: 3
    Index: [0, 0, 0]
    Size: [256, 256, 287]
  Spacing: [1, 1, 1]
  Origin: [0, 286, 0]
  Direction: 
1 0 0
0 -0 -1
0 -1 -0

  IndexToPointMatrix: 
1 0 0
0 0 -1
0 -1 0

  PointToIndexMatrix: 
1 0 0
0 0 -1
0 -1 0

  Inverse Direction: 
1 0 0
0 0 -1
0 -1 0

  PixelContainer: 
    ImportImageContainer (0x490baa0)
      RTTI typeinfo:   itk::ImportImageContainer<unsigned long, float>
      Reference Count: 1
      Modified Time: 2358
      Debug: Off
      Object Name: 
      Observers: 
        none
      Pointer: 0x7fc29c9c7010
      Container manages memory: true
      Size: 18808832
      Capacity: 18808832

     Weighting = 1
     Sampling strategy = none
     Number of bins = 32
     Radius = 4
     Sampling percentage  = 1
   Transform = SyN
     Gradient step = 0.1
     Update field sigma (voxel space) = 3
     Total field sigma (voxel space) = 0
     Update field time sigma = 0
     Total field time sigma  = 0
     Number of time indices = 0
     Number of time point samples = 0
Registration using 3 total stages.

Stage 0
  iterations = 1000x500x250x0
  convergence threshold = 1e-06
  convergence window size = 10
  number of levels = 4
  using the Mattes MI metric (number of bins = 32, weight = 1)
  preprocessing:  winsorizing the image intensities
  Shrink factors (level 1 out of 4): [12, 12, 12]
  Shrink factors (level 2 out of 4): [8, 8, 8]
  Shrink factors (level 3 out of 4): [4, 4, 4]
  Shrink factors (level 4 out of 4): [2, 2, 2]
  smoothing sigmas per level: [4, 3, 2, 1]
  regular sampling (percentage = 0.25)

*** Running Euler3DTransform registration ***

DIAGNOSTIC,Iteration,metricValue,convergenceValue,ITERATION_TIME_INDEX,SINCE_LAST
 2DIAGNOSTIC,     1, -5.218895077705e-01, inf, 1.7926e+01, 1.7926e+01, 
 2DIAGNOSTIC,     2, -5.227556228638e-01, inf, 1.7936e+01, 1.0059e-02, 
 2DIAGNOSTIC,     3, -5.234009623528e-01, inf, 1.7946e+01, 9.9120e-03, 
 2DIAGNOSTIC,     4, -5.242556929588e-01, inf, 1.7956e+01, 9.9289e-03, 
 2DIAGNOSTIC,     5, -5.253214240074e-01, inf, 1.7966e+01, 9.9139e-03, 
 2DIAGNOSTIC,     6, -5.276589989662e-01, inf, 1.7976e+01, 1.0063e-02, 
 2DIAGNOSTIC,     7, -5.325466394424e-01, inf, 1.7996e+01, 1.9756e-02, 
 2DIAGNOSTIC,     8, -5.329529643059e-01, inf, 1.8007e+01, 1.1486e-02, 
 2DIAGNOSTIC,     9, -5.329130887985e-01, inf, 1.8019e+01, 1.1380e-02, 
 2DIAGNOSTIC,    10, -5.328344702721e-01, 1.661190297455e-03, 1.8029e+01, 1.0436e-02, 
 2DIAGNOSTIC,    11, -5.327894687653e-01, 1.408162526786e-03, 1.8039e+01, 1.0256e-02, 
 2DIAGNOSTIC,    12, -5.330247282982e-01, 1.117296167649e-03, 1.8050e+01, 1.0258e-02, 
 2DIAGNOSTIC,    13, -5.334151387215e-01, 8.134270319715e-04, 1.8060e+01, 1.0288e-02, 
 2DIAGNOSTIC,    14, -5.342275500298e-01, 5.461846594699e-04, 1.8070e+01, 1.0342e-02, 
 2DIAGNOSTIC,    15, -5.353405475616e-01, 3.426377661526e-04, 1.8085e+01, 1.5229e-02, 
 2DIAGNOSTIC,    16, -5.356698632240e-01, 2.178756985813e-04, 1.8096e+01, 1.0299e-02, 
 2DIAGNOSTIC,    17, -5.367920994759e-01, 2.774294989649e-04, 1.8106e+01, 1.0501e-02, 
 2DIAGNOSTIC,    18, -5.414546728134e-01, 4.547791613732e-04, 1.8120e+01, 1.3312e-02, 
 2DIAGNOSTIC,    19, -5.443966984749e-01, 6.490392261185e-04, 1.8142e+01, 2.2007e-02, 
 2DIAGNOSTIC,    20, -5.447038412094e-01, 7.688367040828e-04, 1.8152e+01, 1.0607e-02, 
 2DIAGNOSTIC,    21, -5.456345677376e-01, 8.305373485200e-04, 1.8162e+01, 1.0304e-02, 
 2DIAGNOSTIC,    22, -5.471516251564e-01, 8.515928057022e-04, 1.8174e+01, 1.1961e-02, 
 2DIAGNOSTIC,    23, -5.471762418747e-01, 7.980138179846e-04, 1.8185e+01, 1.0301e-02, 
 2DIAGNOSTIC,    24, -5.479217767715e-01, 7.078590570018e-04, 1.8195e+01, 1.0258e-02, 
 2DIAGNOSTIC,    25, -5.484377741814e-01, 5.947372410446e-04, 1.8205e+01, 1.0278e-02, 
 2DIAGNOSTIC,    26, -5.508772730827e-01, 4.920484498143e-04, 1.8219e+01, 1.3707e-02, 
 2DIAGNOSTIC,    27, -5.515068769455e-01, 3.819303237833e-04, 1.8231e+01, 1.1950e-02, 
 2DIAGNOSTIC,    28, -5.526402592659e-01, 3.524906351231e-04, 1.8246e+01, 1.5225e-02, 
 2DIAGNOSTIC,    29, -5.537350773811e-01, 3.660472284537e-04, 1.8256e+01, 1.0247e-02, 
 2DIAGNOSTIC,    30, -5.540930628777e-01, 3.552670241334e-04, 1.8268e+01, 1.1830e-02, 
 2DIAGNOSTIC,    31, -5.541628599167e-01, 3.277946379967e-04, 1.8278e+01, 1.0231e-02, 
 2DIAGNOSTIC,    32, -5.557631850243e-01, 3.226772532798e-04, 1.8290e+01, 1.2069e-02, 
 2DIAGNOSTIC,    33, -5.559138059616e-01, 2.895522047766e-04, 1.8303e+01, 1.2059e-02, 
 2DIAGNOSTIC,    34, -5.564488768578e-01, 2.511283382773e-04, 1.8318e+01, 1.5236e-02, 
 2DIAGNOSTIC,    35, -5.564592480659e-01, 1.984911941690e-04, 1.8330e+01, 1.1857e-02, 
 2DIAGNOSTIC,    36, -5.570943355560e-01, 1.751313102432e-04, 1.8341e+01, 1.1814e-02, 
 2DIAGNOSTIC,    37, -5.573191642761e-01, 1.479003403801e-04, 1.8353e+01, 1.1768e-02, 
 2DIAGNOSTIC,    38, -5.570244193077e-01, 1.192402414745e-04, 1.8363e+01, 1.0111e-02, 
 2DIAGNOSTIC,    39, -5.569774508476e-01, 9.527627844363e-05, 1.8373e+01, 1.0097e-02, 
 2DIAGNOSTIC,    40, -5.572148561478e-01, 7.155183266150e-05, 1.8384e+01, 1.0120e-02, 
 2DIAGNOSTIC,    41, -5.571005940437e-01, 4.094715040992e-05, 1.8395e+01, 1.1774e-02, 
 2DIAGNOSTIC,    42, -5.570383071899e-01, 2.718750511121e-05, 1.8412e+01, 1.6412e-02, 
 2DIAGNOSTIC,    43, -5.571632385254e-01, 1.495576998423e-05, 1.8424e+01, 1.1793e-02, 
 2DIAGNOSTIC,    44, -5.572016835213e-01, 8.814876309771e-06, 1.8434e+01, 1.0124e-02, 
DIAGNOSTIC,Iteration,metricValue,convergenceValue,ITERATION_TIME_INDEX,SINCE_LAST
 2DIAGNOSTIC,     1, -4.476801753044e-01, inf, 3.2285e+01, 1.3851e+01, 
 2DIAGNOSTIC,     2, -4.480811953545e-01, inf, 3.2337e+01, 5.1462e-02, 
 2DIAGNOSTIC,     3, -4.487060606480e-01, inf, 3.2397e+01, 6.0194e-02, 
 2DIAGNOSTIC,     4, -4.488251209259e-01, inf, 3.2448e+01, 5.0752e-02, 
 2DIAGNOSTIC,     5, -4.488951861858e-01, inf, 3.2508e+01, 6.0206e-02, 
 2DIAGNOSTIC,     6, -4.491382539272e-01, inf, 3.2559e+01, 5.1345e-02, 
 2DIAGNOSTIC,     7, -4.493100345135e-01, inf, 3.2610e+01, 5.0772e-02, 
 2DIAGNOSTIC,     8, -4.501873552799e-01, inf, 3.2661e+01, 5.0964e-02, 
 2DIAGNOSTIC,     9, -4.508807361126e-01, inf, 3.2731e+01, 6.9896e-02, 
 2DIAGNOSTIC,    10, -4.509809017181e-01, 4.493570886552e-04, 3.2838e+01, 1.0716e-01, 
 2DIAGNOSTIC,    11, -4.510216116905e-01, 4.054704622831e-04, 3.2908e+01, 7.0106e-02, 
 2DIAGNOSTIC,    12, -4.509940147400e-01, 3.519259917084e-04, 3.2960e+01, 5.1673e-02, 
 2DIAGNOSTIC,    13, -4.509327113628e-01, 3.018501156475e-04, 3.3031e+01, 7.0833e-02, 
 2DIAGNOSTIC,    14, -4.509476423264e-01, 2.373742754571e-04, 3.3082e+01, 5.1738e-02, 
 2DIAGNOSTIC,    15, -4.508793652058e-01, 1.602753036423e-04, 3.3144e+01, 6.1335e-02, 
 2DIAGNOSTIC,    16, -4.508972167969e-01, 8.931243064580e-05, 3.3195e+01, 5.1758e-02, 
 2DIAGNOSTIC,    17, -4.508812427521e-01, 2.388313259871e-05, 3.3257e+01, 6.1239e-02, 
DIAGNOSTIC,Iteration,metricValue,convergenceValue,ITERATION_TIME_INDEX,SINCE_LAST
 2DIAGNOSTIC,     1, -3.913819491863e-01, inf, 4.2020e+01, 8.7637e+00, 
 2DIAGNOSTIC,     2, -3.917031884193e-01, inf, 4.2428e+01, 4.0750e-01, 
 2DIAGNOSTIC,     3, -3.918959498405e-01, inf, 4.2841e+01, 4.1368e-01, 
 2DIAGNOSTIC,     4, -3.919771611691e-01, inf, 4.3331e+01, 4.8994e-01, 
 2DIAGNOSTIC,     5, -3.920449316502e-01, inf, 4.3739e+01, 4.0756e-01, 
 2DIAGNOSTIC,     6, -3.921103179455e-01, inf, 4.4146e+01, 4.0725e-01, 
 2DIAGNOSTIC,     7, -3.922743797302e-01, inf, 4.4554e+01, 4.0788e-01, 
 2DIAGNOSTIC,     8, -3.924265801907e-01, inf, 4.5044e+01, 4.8970e-01, 
 2DIAGNOSTIC,     9, -3.924794793129e-01, inf, 4.5617e+01, 5.7328e-01, 
 2DIAGNOSTIC,    10, -3.925080895424e-01, 1.718189887470e-04, 4.6111e+01, 4.9347e-01, 
 2DIAGNOSTIC,    11, -3.924952149391e-01, 1.270823995583e-04, 4.6603e+01, 4.9292e-01, 
 2DIAGNOSTIC,    12, -3.925358951092e-01, 1.002022181638e-04, 4.7095e+01, 4.9161e-01, 
 2DIAGNOSTIC,    13, -3.925165534019e-01, 7.806081703166e-05, 4.7588e+01, 4.9264e-01, 
 2DIAGNOSTIC,    14, -3.925226330757e-01, 5.677632361767e-05, 4.8085e+01, 4.9753e-01, 
 2DIAGNOSTIC,    15, -3.925222158432e-01, 3.671677768580e-05, 4.8577e+01, 4.9171e-01, 
 2DIAGNOSTIC,    16, -3.925110399723e-01, 1.834594149841e-05, 4.9230e+01, 6.5296e-01, 
 2DIAGNOSTIC,    17, -3.925105631351e-01, 7.458674190275e-06, 4.9639e+01, 4.0896e-01, 
 2DIAGNOSTIC,    18, -3.925115168095e-01, 3.375686674190e-06, 5.0048e+01, 4.0899e-01, 
 2DIAGNOSTIC,    19, -3.925004601479e-01, 1.148132810158e-06, 5.0543e+01, 4.9475e-01, 
DIAGNOSTIC,Iteration,metricValue,convergenceValue,ITERATION_TIME_INDEX,SINCE_LAST
 2DIAGNOSTIC,     1, -3.397780060768e-01, inf, 5.8805e+01, 8.2627e+00, 
  Elapsed time (stage 0): 6.0583e+01


Stage 1
  iterations = 1000x500x250x0
  convergence threshold = 1.0000e-06
  convergence window size = 10
  number of levels = 4
  using the Mattes MI metric (number of bins = 32, weight = 1.0000e+00)
  preprocessing:  winsorizing the image intensities
  Shrink factors (level 1 out of 4): [12, 12, 12]
  Shrink factors (level 2 out of 4): [8, 8, 8]
  Shrink factors (level 3 out of 4): [4, 4, 4]
  Shrink factors (level 4 out of 4): [2, 2, 2]
  smoothing sigmas per level: [4, 3, 2, 1]
  regular sampling (percentage = 2.5000e-01)

*** Running AffineTransform registration ***

DIAGNOSTIC,Iteration,metricValue,convergenceValue,ITERATION_TIME_INDEX,SINCE_LAST
 2DIAGNOSTIC,     1, -5.167015790939e-01, inf, 1.7504e+01, 1.7504e+01, 
 2DIAGNOSTIC,     2, -5.171733498573e-01, inf, 1.7517e+01, 1.3468e-02, 
 2DIAGNOSTIC,     3, -5.177636146545e-01, inf, 1.7531e+01, 1.3158e-02, 
 2DIAGNOSTIC,     4, -5.196164846420e-01, inf, 1.7545e+01, 1.4713e-02, 
 2DIAGNOSTIC,     5, -5.216962695122e-01, inf, 1.7558e+01, 1.2933e-02, 
 2DIAGNOSTIC,     6, -5.229531526566e-01, inf, 1.7571e+01, 1.3118e-02, 
 2DIAGNOSTIC,     7, -5.261186361313e-01, inf, 1.7585e+01, 1.3252e-02, 
 2DIAGNOSTIC,     8, -5.277088880539e-01, inf, 1.7603e+01, 1.8283e-02, 
 2DIAGNOSTIC,     9, -5.281686186790e-01, inf, 1.7618e+01, 1.4630e-02, 
 2DIAGNOSTIC,    10, -5.279156565666e-01, 1.691621728241e-03, 1.7631e+01, 1.3576e-02, 
 2DIAGNOSTIC,    11, -5.287688970566e-01, 1.474629738368e-03, 1.7645e+01, 1.3764e-02, 
 2DIAGNOSTIC,    12, -5.293838977814e-01, 1.209332840517e-03, 1.7659e+01, 1.3877e-02, 
 2DIAGNOSTIC,    13, -5.318388342857e-01, 1.000585267320e-03, 1.7680e+01, 2.0824e-02, 
 2DIAGNOSTIC,    14, -5.323216915131e-01, 8.196763228625e-04, 1.7693e+01, 1.3769e-02, 
 2DIAGNOSTIC,    15, -5.327873229980e-01, 6.823342991993e-04, 1.7709e+01, 1.5349e-02, 
 2DIAGNOSTIC,    16, -5.326751470566e-01, 5.371419829316e-04, 1.7724e+01, 1.5467e-02, 
 2DIAGNOSTIC,    17, -5.330709218979e-01, 4.715281538665e-04, 1.7740e+01, 1.5408e-02, 
 2DIAGNOSTIC,    18, -5.340223908424e-01, 4.445097292773e-04, 1.7753e+01, 1.3760e-02, 
 2DIAGNOSTIC,    19, -5.358978509903e-01, 4.451134882402e-04, 1.7769e+01, 1.5690e-02, 
 2DIAGNOSTIC,    20, -5.359903573990e-01, 3.995685547125e-04, 1.7784e+01, 1.5504e-02, 
 2DIAGNOSTIC,    21, -5.360422730446e-01, 3.459629660938e-04, 1.7801e+01, 1.6900e-02, 
 2DIAGNOSTIC,    22, -5.355808138847e-01, 2.680339675862e-04, 1.7815e+01, 1.3709e-02, 
 2DIAGNOSTIC,    23, -5.355501174927e-01, 2.282542991452e-04, 1.7829e+01, 1.3774e-02, 
 2DIAGNOSTIC,    24, -5.354421734810e-01, 1.779055601219e-04, 1.7844e+01, 1.5325e-02, 
 2DIAGNOSTIC,    25, -5.353271961212e-01, 1.228066103067e-04, 1.7858e+01, 1.3541e-02, 
 2DIAGNOSTIC,    26, -5.350291132927e-01, 5.277547461446e-05, 1.7875e+01, 1.7037e-02, 
DIAGNOSTIC,Iteration,metricValue,convergenceValue,ITERATION_TIME_INDEX,SINCE_LAST
 2DIAGNOSTIC,     1, -4.587842524052e-01, inf, 3.1277e+01, 1.3402e+01, 
 2DIAGNOSTIC,     2, -4.596119523048e-01, inf, 3.1341e+01, 6.4453e-02, 
 2DIAGNOSTIC,     3, -4.607523381710e-01, inf, 3.1404e+01, 6.3205e-02, 
 2DIAGNOSTIC,     4, -4.625129997730e-01, inf, 3.1468e+01, 6.3094e-02, 
 2DIAGNOSTIC,     5, -4.641817510128e-01, inf, 3.1531e+01, 6.3038e-02, 
 2DIAGNOSTIC,     6, -4.658635556698e-01, inf, 3.1604e+01, 7.2954e-02, 
 2DIAGNOSTIC,     7, -4.672120511532e-01, inf, 3.1708e+01, 1.0451e-01, 
 2DIAGNOSTIC,     8, -4.682033658028e-01, inf, 3.1772e+01, 6.3867e-02, 
 2DIAGNOSTIC,     9, -4.684193730354e-01, inf, 3.1836e+01, 6.3819e-02, 
 2DIAGNOSTIC,    10, -4.695102870464e-01, 1.601557829417e-03, 3.1910e+01, 7.4686e-02, 
 2DIAGNOSTIC,    11, -4.740983545780e-01, 1.578764175065e-03, 3.1984e+01, 7.3217e-02, 
 2DIAGNOSTIC,    12, -4.750658571720e-01, 1.503029838204e-03, 3.2066e+01, 8.2700e-02, 
 2DIAGNOSTIC,    13, -4.752760231495e-01, 1.368006342091e-03, 3.2158e+01, 9.1924e-02, 
 2DIAGNOSTIC,    14, -4.753884673119e-01, 1.212795148604e-03, 3.2230e+01, 7.1947e-02, 
 2DIAGNOSTIC,    15, -4.759313166142e-01, 1.056164153852e-03, 3.2302e+01, 7.2097e-02, 
 2DIAGNOSTIC,    16, -4.759696125984e-01, 8.835603948683e-04, 3.2374e+01, 7.1947e-02, 
 2DIAGNOSTIC,    17, -4.759712517262e-01, 6.973620038480e-04, 3.2446e+01, 7.1857e-02, 
 2DIAGNOSTIC,    18, -4.759823977947e-01, 5.044774734415e-04, 3.2508e+01, 6.2075e-02, 
 2DIAGNOSTIC,    19, -4.761090874672e-01, 2.976557880174e-04, 3.2580e+01, 7.1829e-02, 
 2DIAGNOSTIC,    20, -4.761687815189e-01, 1.151638789452e-04, 3.2653e+01, 7.2760e-02, 
 2DIAGNOSTIC,    21, -4.761660397053e-01, 7.088574056979e-05, 3.2717e+01, 6.3899e-02, 
 2DIAGNOSTIC,    22, -4.763041138649e-01, 5.474462523125e-05, 3.2779e+01, 6.2304e-02, 
 2DIAGNOSTIC,    23, -4.766117036343e-01, 4.863369758823e-05, 3.2851e+01, 7.2108e-02, 
 2DIAGNOSTIC,    24, -4.768978953362e-01, 4.801132308785e-05, 3.2913e+01, 6.2242e-02, 
 2DIAGNOSTIC,    25, -4.770145416260e-01, 5.885346035939e-05, 3.2985e+01, 7.1690e-02, 
 2DIAGNOSTIC,    26, -4.770569503307e-01, 6.546315853484e-05, 3.3047e+01, 6.2289e-02, 
 2DIAGNOSTIC,    27, -4.772359430790e-01, 6.963931809878e-05, 3.3158e+01, 1.1046e-01, 
 2DIAGNOSTIC,    28, -4.772666990757e-01, 6.769358878955e-05, 3.3230e+01, 7.2332e-02, 
 2DIAGNOSTIC,    29, -4.771944880486e-01, 6.065046545700e-05, 3.3302e+01, 7.2199e-02, 
 2DIAGNOSTIC,    30, -4.771262407303e-01, 4.846119918511e-05, 3.3374e+01, 7.1837e-02, 
 2DIAGNOSTIC,    31, -4.770526587963e-01, 3.118178938166e-05, 3.3437e+01, 6.2354e-02, 
 2DIAGNOSTIC,    32, -4.770980179310e-01, 1.545867598907e-05, 3.3499e+01, 6.2444e-02, 
 2DIAGNOSTIC,    33, -4.771195054054e-01, 5.133298600413e-06, 3.3571e+01, 7.1965e-02, 
 2DIAGNOSTIC,    34, -4.772495627403e-01, 2.386757614659e-06, 3.3633e+01, 6.2352e-02, 
 2DIAGNOSTIC,    35, -4.773666262627e-01, 3.680741428980e-06, 3.3705e+01, 7.2167e-02, 
 2DIAGNOSTIC,    36, -4.775932729244e-01, 9.027672604134e-06, 3.3778e+01, 7.2288e-02, 
 2DIAGNOSTIC,    37, -4.774496853352e-01, 1.378000342811e-05, 3.3840e+01, 6.2200e-02, 
 2DIAGNOSTIC,    38, -4.774466454983e-01, 1.761117891874e-05, 3.3941e+01, 1.0077e-01, 
 2DIAGNOSTIC,    39, -4.773722887039e-01, 1.740849256748e-05, 3.4014e+01, 7.3304e-02, 
 2DIAGNOSTIC,    40, -4.773828387260e-01, 1.476045963500e-05, 3.4077e+01, 6.2913e-02, 
 2DIAGNOSTIC,    41, -4.773467183113e-01, 9.248474270862e-06, 3.4150e+01, 7.3138e-02, 
 2DIAGNOSTIC,    42, -4.773190319538e-01, 3.507820338200e-06, 3.4223e+01, 7.2882e-02, 
DIAGNOSTIC,Iteration,metricValue,convergenceValue,ITERATION_TIME_INDEX,SINCE_LAST
 2DIAGNOSTIC,     1, -4.027982950211e-01, inf, 4.3068e+01, 8.8450e+00, 
 2DIAGNOSTIC,     2, -4.030829966068e-01, inf, 4.3572e+01, 5.0365e-01, 
 2DIAGNOSTIC,     3, -4.035504460335e-01, inf, 4.4073e+01, 5.0100e-01, 
 2DIAGNOSTIC,     4, -4.040515124798e-01, inf, 4.4574e+01, 5.0122e-01, 
 2DIAGNOSTIC,     5, -4.046807885170e-01, inf, 4.5074e+01, 4.9990e-01, 
 2DIAGNOSTIC,     6, -4.058192670345e-01, inf, 4.5915e+01, 8.4156e-01, 
 2DIAGNOSTIC,     7, -4.057936370373e-01, inf, 4.6414e+01, 4.9907e-01, 
 2DIAGNOSTIC,     8, -4.060893952847e-01, inf, 4.6913e+01, 4.9879e-01, 
 2DIAGNOSTIC,     9, -4.065820574760e-01, inf, 4.7502e+01, 5.8907e-01, 
 2DIAGNOSTIC,    10, -4.066071510315e-01, 6.805117009208e-04, 4.8002e+01, 4.9944e-01, 
 2DIAGNOSTIC,    11, -4.070269167423e-01, 5.797466146760e-04, 4.9429e+01, 1.4269e+00, 
 2DIAGNOSTIC,    12, -4.070238769054e-01, 4.602733533829e-04, 5.0015e+01, 5.8682e-01, 
 2DIAGNOSTIC,    13, -4.070153832436e-01, 3.432725789025e-04, 5.0512e+01, 4.9683e-01, 
 2DIAGNOSTIC,    14, -4.070137739182e-01, 2.367446722928e-04, 5.1100e+01, 5.8782e-01, 
 2DIAGNOSTIC,    15, -4.070107936859e-01, 1.508265704615e-04, 5.1772e+01, 6.7193e-01, 
 2DIAGNOSTIC,    16, -4.070065915585e-01, 1.119369917433e-04, 5.2272e+01, 4.9979e-01, 
 2DIAGNOSTIC,    17, -4.070035219193e-01, 6.618751649512e-05, 5.2777e+01, 5.0511e-01, 
 2DIAGNOSTIC,    18, -4.070057272911e-01, 3.092240876867e-05, 5.3277e+01, 4.9999e-01, 
 2DIAGNOSTIC,    19, -4.070039093494e-01, 1.492191950092e-05, 5.3943e+01, 6.6618e-01, 
DIAGNOSTIC,Iteration,metricValue,convergenceValue,ITERATION_TIME_INDEX,SINCE_LAST
 2DIAGNOSTIC,     1, -3.532060384750e-01, inf, 6.3647e+01, 9.7040e+00, 
  Elapsed time (stage 1): 6.5433e+01


Stage 2
  iterations = 100x100x70x50x0
  convergence threshold = 1.0000e-06
  convergence window size = 10
  number of levels = 5
  using the Mattes MI metric (number of bins = 32, weight = 1.0000e+00)
  preprocessing:  winsorizing the image intensities
  Shrink factors (level 1 out of 5): [10, 10, 10]
  Shrink factors (level 2 out of 5): [6, 6, 6]
  Shrink factors (level 3 out of 5): [4, 4, 4]
  Shrink factors (level 4 out of 5): [2, 2, 2]
  Shrink factors (level 5 out of 5): [1, 1, 1]
  smoothing sigmas per level: [5, 3, 2, 1, 0]
  Using default NONE metricSamplingStrategy 

*** Running SyN registration (varianceForUpdateField = 3.0000e+00, varianceForTotalField = 0.0000e+00) ***

XXDIAGNOSTIC,Iteration,metricValue,convergenceValue,ITERATION_TIME_INDEX,SINCE_LAST
 1DIAGNOSTIC,     1, -5.238126516342e-01, inf, 3.1071e+01, 3.1071e+01, 
 1DIAGNOSTIC,     2, -5.438295006752e-01, inf, 3.1223e+01, 1.5172e-01, 
 1DIAGNOSTIC,     3, -5.588141679764e-01, inf, 3.1372e+01, 1.4902e-01, 
 1DIAGNOSTIC,     4, -5.632029771805e-01, inf, 3.1517e+01, 1.4547e-01, 
 1DIAGNOSTIC,     5, -5.643315315247e-01, inf, 3.1663e+01, 1.4549e-01, 
 1DIAGNOSTIC,     6, -5.626133680344e-01, inf, 3.1808e+01, 1.4548e-01, 
 1DIAGNOSTIC,     7, -5.595405101776e-01, inf, 3.1954e+01, 1.4565e-01, 
 1DIAGNOSTIC,     8, -5.572744607925e-01, inf, 3.2100e+01, 1.4614e-01, 
 1DIAGNOSTIC,     9, -5.559140443802e-01, inf, 3.2246e+01, 1.4543e-01, 
 1DIAGNOSTIC,    10, -5.534778833389e-01, 1.907928148285e-03, 3.2392e+01, 1.4602e-01, 
 1DIAGNOSTIC,    11, -5.511996746063e-01, -2.867711591534e-04, 3.2538e+01, 1.4604e-01, 
XXDIAGNOSTIC,Iteration,metricValue,convergenceValue,ITERATION_TIME_INDEX,SINCE_LAST
 1DIAGNOSTIC,     1, -4.383326768875e-01, inf, 4.6333e+01, 1.3796e+01, 
 1DIAGNOSTIC,     2, -4.415843784809e-01, inf, 4.6922e+01, 5.8889e-01, 
 1DIAGNOSTIC,     3, -4.427365660667e-01, inf, 4.7496e+01, 5.7362e-01, 
 1DIAGNOSTIC,     4, -4.428973793983e-01, inf, 4.8071e+01, 5.7544e-01, 
 1DIAGNOSTIC,     5, -4.424625039101e-01, inf, 4.8648e+01, 5.7689e-01, 
 1DIAGNOSTIC,     6, -4.420530200005e-01, inf, 4.9224e+01, 5.7550e-01, 
 1DIAGNOSTIC,     7, -4.407508969307e-01, inf, 4.9800e+01, 5.7598e-01, 
 1DIAGNOSTIC,     8, -4.399375319481e-01, inf, 5.0373e+01, 5.7308e-01, 
 1DIAGNOSTIC,     9, -4.389754533768e-01, inf, 5.0947e+01, 5.7371e-01, 
 1DIAGNOSTIC,    10, -4.374710321426e-01, -3.950721293222e-04, 5.1521e+01, 5.7478e-01, 
XXDIAGNOSTIC,Iteration,metricValue,convergenceValue,ITERATION_TIME_INDEX,SINCE_LAST
 1DIAGNOSTIC,     1, -3.737937211990e-01, inf, 6.1671e+01, 1.0150e+01, 
 1DIAGNOSTIC,     2, -3.748020529747e-01, inf, 6.3511e+01, 1.8398e+00, 
 1DIAGNOSTIC,     3, -3.755364120007e-01, inf, 6.5297e+01, 1.7861e+00, 
 1DIAGNOSTIC,     4, -3.759293258190e-01, inf, 6.7088e+01, 1.7913e+00, 
 1DIAGNOSTIC,     5, -3.759571611881e-01, inf, 6.8897e+01, 1.8085e+00, 
 1DIAGNOSTIC,     6, -3.761500716209e-01, inf, 7.0693e+01, 1.7959e+00, 
 1DIAGNOSTIC,     7, -3.756462037563e-01, inf, 7.2482e+01, 1.7896e+00, 
 1DIAGNOSTIC,     8, -3.752745985985e-01, inf, 7.4268e+01, 1.7860e+00, 
 1DIAGNOSTIC,     9, -3.747780323029e-01, inf, 7.6061e+01, 1.7929e+00, 
 1DIAGNOSTIC,    10, -3.744091987610e-01, 2.669514105946e-05, 7.7912e+01, 1.8503e+00, 
 1DIAGNOSTIC,    11, -3.740160465240e-01, -2.024325804086e-04, 7.9753e+01, 1.8417e+00, 
XXDIAGNOSTIC,Iteration,metricValue,convergenceValue,ITERATION_TIME_INDEX,SINCE_LAST
 1DIAGNOSTIC,     1, -3.166292011738e-01, inf, 9.9578e+01, 1.9825e+01, 
 1DIAGNOSTIC,     2, -3.174618780613e-01, inf, 1.1252e+02, 1.2942e+01, 
 1DIAGNOSTIC,     3, -3.183428049088e-01, inf, 1.2532e+02, 1.2799e+01, 
 1DIAGNOSTIC,     4, -3.191194534302e-01, inf, 1.3813e+02, 1.2808e+01, 
 1DIAGNOSTIC,     5, -3.198552727699e-01, inf, 1.5094e+02, 1.2816e+01, 
 1DIAGNOSTIC,     6, -3.204995393753e-01, inf, 1.6376e+02, 1.2816e+01, 
 1DIAGNOSTIC,     7, -3.210324645042e-01, inf, 1.7667e+02, 1.2913e+01, 
 1DIAGNOSTIC,     8, -3.214982151985e-01, inf, 1.8950e+02, 1.2824e+01, 
 1DIAGNOSTIC,     9, -3.219448328018e-01, inf, 2.0247e+02, 1.2972e+01, 
 1DIAGNOSTIC,    10, -3.223643600941e-01, 1.146372291259e-03, 2.1530e+02, 1.2837e+01, 
 1DIAGNOSTIC,    11, -3.227571547031e-01, 9.429150959477e-04, 2.2861e+02, 1.3302e+01, 
 1DIAGNOSTIC,    12, -3.230909109116e-01, 7.743817986920e-04, 2.4156e+02, 1.2952e+01, 
 1DIAGNOSTIC,    13, -3.233448565006e-01, 6.388508481905e-04, 2.5532e+02, 1.3762e+01, 
 1DIAGNOSTIC,    14, -3.236472606659e-01, 5.325328675099e-04, 2.6818e+02, 1.2857e+01, 
 1DIAGNOSTIC,    15, -3.238297998905e-01, 4.454382578842e-04, 2.8146e+02, 1.3285e+01, 
 1DIAGNOSTIC,    16, -3.240026235580e-01, 3.733506600838e-04, 2.9472e+02, 1.3262e+01, 
 1DIAGNOSTIC,    17, -3.241509795189e-01, 3.107113589067e-04, 3.0852e+02, 1.3794e+01, 
 1DIAGNOSTIC,    18, -3.243021965027e-01, 2.565082686488e-04, 3.2227e+02, 1.3748e+01, 
 1DIAGNOSTIC,    19, -3.243853449821e-01, 2.087068569381e-04, 3.3623e+02, 1.3964e+01, 
 1DIAGNOSTIC,    20, -3.244795203209e-01, 1.689047639957e-04, 3.5007e+02, 1.3845e+01, 
 1DIAGNOSTIC,    21, -3.245627284050e-01, 1.371421240037e-04, 3.6386e+02, 1.3786e+01, 
 1DIAGNOSTIC,    22, -3.246358931065e-01, 1.117803476518e-04, 3.7757e+02, 1.3714e+01, 
 1DIAGNOSTIC,    23, -3.246994018555e-01, 9.024193423102e-05, 3.9163e+02, 1.4060e+01, 
 1DIAGNOSTIC,    24, -3.247610330582e-01, 7.546356209787e-05, 4.0539e+02, 1.3758e+01, 
 1DIAGNOSTIC,    25, -3.248208165169e-01, 6.336544902297e-05, 4.1916e+02, 1.3765e+01, 
 1DIAGNOSTIC,    26, -3.248296380043e-01, 5.242088082014e-05, 4.3307e+02, 1.3910e+01, 
 1DIAGNOSTIC,    27, -3.248321413994e-01, 4.232608262100e-05, 4.4688e+02, 1.3808e+01, 
 1DIAGNOSTIC,    28, -3.248227834702e-01, 3.352584462846e-05, 4.6064e+02, 1.3761e+01, 
 1DIAGNOSTIC,    29, -3.248306810856e-01, 2.499599577277e-05, 4.7439e+02, 1.3755e+01, 
 1DIAGNOSTIC,    30, -3.248677253723e-01, 1.857072857092e-05, 4.8827e+02, 1.3874e+01, 
 1DIAGNOSTIC,    31, -3.248864114285e-01, 1.374731346004e-05, 5.0200e+02, 1.3738e+01, 
 1DIAGNOSTIC,    32, -3.249015212059e-01, 1.044743112288e-05, 5.1576e+02, 1.3753e+01, 
 1DIAGNOSTIC,    33, -3.249386250973e-01, 9.125082215178e-06, 5.2948e+02, 1.3723e+01, 
 1DIAGNOSTIC,    34, -3.249827027321e-01, 9.780377695279e-06, 5.4321e+02, 1.3732e+01, 
 1DIAGNOSTIC,    35, -3.250596523285e-01, 1.295241327171e-05, 5.5695e+02, 1.3738e+01, 
 1DIAGNOSTIC,    36, -3.251489102840e-01, 1.715843973216e-05, 5.7068e+02, 1.3732e+01, 
 1DIAGNOSTIC,    37, -3.252502083778e-01, 2.204449629062e-05, 5.8440e+02, 1.3722e+01, 
 1DIAGNOSTIC,    38, -3.253053724766e-01, 2.569392381702e-05, 5.9811e+02, 1.3704e+01, 
 1DIAGNOSTIC,    39, -3.253270387650e-01, 2.743812183326e-05, 6.1181e+02, 1.3702e+01, 
 1DIAGNOSTIC,    40, -3.253206610680e-01, 2.723350735323e-05, 6.2550e+02, 1.3692e+01, 
 1DIAGNOSTIC,    41, -3.253309726715e-01, 2.513605431886e-05, 6.3924e+02, 1.3744e+01, 
 1DIAGNOSTIC,    42, -3.253309726715e-01, 2.109744491463e-05, 6.5313e+02, 1.3880e+01, 
 1DIAGNOSTIC,    43, -3.253472745419e-01, 1.639096990402e-05, 6.6681e+02, 1.3689e+01, 
 1DIAGNOSTIC,    44, -3.254017829895e-01, 1.236554180650e-05, 6.8077e+02, 1.3954e+01, 
 1DIAGNOSTIC,    45, -3.253695368767e-01, 8.244136552094e-06, 6.9447e+02, 1.3699e+01, 
 1DIAGNOSTIC,    46, -3.253324031830e-01, 4.573540536512e-06, 7.0820e+02, 1.3735e+01, 
 1DIAGNOSTIC,    47, -3.253172039986e-01, 2.297900209669e-06, 7.2198e+02, 1.3775e+01, 
 1DIAGNOSTIC,    48, -3.252920806408e-01, 4.838034328714e-07, 7.3592e+02, 1.3939e+01, 
  Elapsed time (stage 2): 759.8


Total elapsed time: 885.9

--- Writing output images ---

Using double precision for computations.
Input scalar image: data/Segmentations/1011_3_seg.nii.gz
Reference image: data/template/T_template0_BrainCerebellum.nii.gz
=============================================================================
The composite transform comprises the following transforms (in order): 
  1. /tmp/1971612.1.basic.q/1011_ToTemplate_005_0GenericAffine.mat (type = AffineTransform)
  2. /tmp/1971612.1.basic.q/1011_ToTemplate_005_1Warp.nii.gz (type = DisplacementFieldTransform)
=============================================================================
Default pixel value: 0
Interpolation type: LabelImageGenericInterpolateImageFunction
Output warped image: output/1011/1011_WarpedLabels_005.nii.gz

--- Done ---

