
--- Running on compute-1-8.local ---


--- registration call ---
/data/jet/pcook/bin/antsBuild/bin/antsRegistrationSyNQuick.sh -d 3 -f data/template/T_template0_BrainCerebellum.nii.gz -m data/Brains/1011_3.nii.gz -t s -p f -n 1 -o /tmp/1971628.1.basic.q/1011_ToTemplate_021_
---


--------------------------------------------------------------------------------------
 Mapping parameters
--------------------------------------------------------------------------------------
 ANTSPATH is /data/jet/pcook/bin/antsBuild/bin/

 Dimensionality:           3
 Output name prefix:       /tmp/1971628.1.basic.q/1011_ToTemplate_021_
 Fixed images:             data/template/T_template0_BrainCerebellum.nii.gz
 Moving images:            data/Brains/1011_3.nii.gz
 Mask images:              
 Initial transforms:       
 Number of threads:        1
 Spline distance:          26
 Transform type:           s
 MI histogram bins:        32
 Precision:                f
 Use histogram matching    0
======================================================================================
 antsRegistration call:
--------------------------------------------------------------------------------------
/data/jet/pcook/bin/antsBuild/bin//antsRegistration --verbose 1 --dimensionality 3 --float 1 --collapse-output-transforms 1 --output [/tmp/1971628.1.basic.q/1011_ToTemplate_021_,/tmp/1971628.1.basic.q/1011_ToTemplate_021_Warped.nii.gz,/tmp/1971628.1.basic.q/1011_ToTemplate_021_InverseWarped.nii.gz] --interpolation Linear --use-histogram-matching 0 --winsorize-image-intensities [0.005,0.995] --initial-moving-transform [data/template/T_template0_BrainCerebellum.nii.gz,data/Brains/1011_3.nii.gz,1] --transform Rigid[0.1] --metric MI[data/template/T_template0_BrainCerebellum.nii.gz,data/Brains/1011_3.nii.gz,1,32,Regular,0.25] --convergence [1000x500x250x0,1e-6,10] --shrink-factors 12x8x4x2 --smoothing-sigmas 4x3x2x1vox --transform Affine[0.1] --metric MI[data/template/T_template0_BrainCerebellum.nii.gz,data/Brains/1011_3.nii.gz,1,32,Regular,0.25] --convergence [1000x500x250x0,1e-6,10] --shrink-factors 12x8x4x2 --smoothing-sigmas 4x3x2x1vox --transform SyN[0.1,3,0] --metric MI[data/template/T_template0_BrainCerebellum.nii.gz,data/Brains/1011_3.nii.gz,1,32] --convergence [100x100x70x50x0,1e-6,10] --shrink-factors 10x6x4x2x1 --smoothing-sigmas 5x3x2x1x0vox
--------------------------------------------------------------------------------------
All_Command_lines_OK
Using single precision for computations.
=============================================================================
The composite transform comprises the following transforms (in order): 
  1. Center of mass alignment using fixed image: data/template/T_template0_BrainCerebellum.nii.gz and moving image: data/Brains/1011_3.nii.gz (type = Euler3DTransform)
=============================================================================
  number of levels = 4
  number of levels = 4
  number of levels = 5
  fixed image: data/template/T_template0_BrainCerebellum.nii.gz
  moving image: data/Brains/1011_3.nii.gz
  fixed image: data/template/T_template0_BrainCerebellum.nii.gz
  moving image: data/Brains/1011_3.nii.gz
  fixed image: data/template/T_template0_BrainCerebellum.nii.gz
  moving image: data/Brains/1011_3.nii.gz
Dimension = 3
Number of stages = 3
Use Histogram Matching false
Winsorize image intensities true
Lower quantile = 0.005
Upper quantile = 0.995
Stage 1 State
   Image metric = Mattes
     Fixed image = Image (0x4418420)
  RTTI typeinfo:   itk::Image<float, 3u>
  Reference Count: 2
  Modified Time: 1611
  Debug: Off
  Object Name: 
  Observers: 
    none
  Source: (none)
  Source output name: (none)
  Release Data: Off
  Data Released: False
  Global Release Data: Off
  PipelineMTime: 0
  UpdateMTime: 1422
  RealTimeStamp: 0 seconds 
  LargestPossibleRegion: 
    Dimension: 3
    Index: [0, 0, 0]
    Size: [216, 256, 291]
  BufferedRegion: 
    Dimension: 3
    Index: [0, 0, 0]
    Size: [216, 256, 291]
  RequestedRegion: 
    Dimension: 3
    Index: [0, 0, 0]
    Size: [216, 256, 291]
  Spacing: [1, 1, 1]
  Origin: [0, 293, 0]
  Direction: 
1 0 0
0 -0 -1
0 -1 -0

  IndexToPointMatrix: 
1 0 0
0 0 -1
0 -1 0

  PointToIndexMatrix: 
1 0 0
0 0 -1
0 -1 0

  Inverse Direction: 
1 0 0
0 0 -1
0 -1 0

  PixelContainer: 
    ImportImageContainer (0x43fd7f0)
      RTTI typeinfo:   itk::ImportImageContainer<unsigned long, float>
      Reference Count: 1
      Modified Time: 1419
      Debug: Off
      Object Name: 
      Observers: 
        none
      Pointer: 0x7f9b74b9b010
      Container manages memory: true
      Size: 16091136
      Capacity: 16091136

     Moving image = Image (0x4418e60)
  RTTI typeinfo:   itk::Image<float, 3u>
  Reference Count: 2
  Modified Time: 1612
  Debug: Off
  Object Name: 
  Observers: 
    none
  Source: (none)
  Source output name: (none)
  Release Data: Off
  Data Released: False
  Global Release Data: Off
  PipelineMTime: 0
  UpdateMTime: 1609
  RealTimeStamp: 0 seconds 
  LargestPossibleRegion: 
    Dimension: 3
    Index: [0, 0, 0]
    Size: [256, 256, 287]
  BufferedRegion: 
    Dimension: 3
    Index: [0, 0, 0]
    Size: [256, 256, 287]
  RequestedRegion: 
    Dimension: 3
    Index: [0, 0, 0]
    Size: [256, 256, 287]
  Spacing: [1, 1, 1]
  Origin: [0, 286, 0]
  Direction: 
1 0 0
0 -0 -1
0 -1 -0

  IndexToPointMatrix: 
1 0 0
0 0 -1
0 -1 0

  PointToIndexMatrix: 
1 0 0
0 0 -1
0 -1 0

  Inverse Direction: 
1 0 0
0 0 -1
0 -1 0

  PixelContainer: 
    ImportImageContainer (0x441b2b0)
      RTTI typeinfo:   itk::ImportImageContainer<unsigned long, float>
      Reference Count: 1
      Modified Time: 1606
      Debug: Off
      Object Name: 
      Observers: 
        none
      Pointer: 0x7f9b703da010
      Container manages memory: true
      Size: 18808832
      Capacity: 18808832

     Weighting = 1
     Sampling strategy = regular
     Number of bins = 32
     Radius = 4
     Sampling percentage  = 0.25
   Transform = Rigid
     Gradient step = 0.1
     Update field sigma (voxel space) = 0
     Total field sigma (voxel space) = 0
     Update field time sigma = 0
     Total field time sigma  = 0
     Number of time indices = 0
     Number of time point samples = 0
Stage 2 State
   Image metric = Mattes
     Fixed image = Image (0x44236c0)
  RTTI typeinfo:   itk::Image<float, 3u>
  Reference Count: 2
  Modified Time: 1987
  Debug: Off
  Object Name: 
  Observers: 
    none
  Source: (none)
  Source output name: (none)
  Release Data: Off
  Data Released: False
  Global Release Data: Off
  PipelineMTime: 0
  UpdateMTime: 1798
  RealTimeStamp: 0 seconds 
  LargestPossibleRegion: 
    Dimension: 3
    Index: [0, 0, 0]
    Size: [216, 256, 291]
  BufferedRegion: 
    Dimension: 3
    Index: [0, 0, 0]
    Size: [216, 256, 291]
  RequestedRegion: 
    Dimension: 3
    Index: [0, 0, 0]
    Size: [216, 256, 291]
  Spacing: [1, 1, 1]
  Origin: [0, 293, 0]
  Direction: 
1 0 0
0 -0 -1
0 -1 -0

  IndexToPointMatrix: 
1 0 0
0 0 -1
0 -1 0

  PointToIndexMatrix: 
1 0 0
0 0 -1
0 -1 0

  Inverse Direction: 
1 0 0
0 0 -1
0 -1 0

  PixelContainer: 
    ImportImageContainer (0x4423f60)
      RTTI typeinfo:   itk::ImportImageContainer<unsigned long, float>
      Reference Count: 1
      Modified Time: 1795
      Debug: Off
      Object Name: 
      Observers: 
        none
      Pointer: 0x7f9b6c677010
      Container manages memory: true
      Size: 16091136
      Capacity: 16091136

     Moving image = Image (0x4423a50)
  RTTI typeinfo:   itk::Image<float, 3u>
  Reference Count: 2
  Modified Time: 1988
  Debug: Off
  Object Name: 
  Observers: 
    none
  Source: (none)
  Source output name: (none)
  Release Data: Off
  Data Released: False
  Global Release Data: Off
  PipelineMTime: 0
  UpdateMTime: 1985
  RealTimeStamp: 0 seconds 
  LargestPossibleRegion: 
    Dimension: 3
    Index: [0, 0, 0]
    Size: [256, 256, 287]
  BufferedRegion: 
    Dimension: 3
    Index: [0, 0, 0]
    Size: [256, 256, 287]
  RequestedRegion: 
    Dimension: 3
    Index: [0, 0, 0]
    Size: [256, 256, 287]
  Spacing: [1, 1, 1]
  Origin: [0, 286, 0]
  Direction: 
1 0 0
0 -0 -1
0 -1 -0

  IndexToPointMatrix: 
1 0 0
0 0 -1
0 -1 0

  PointToIndexMatrix: 
1 0 0
0 0 -1
0 -1 0

  Inverse Direction: 
1 0 0
0 0 -1
0 -1 0

  PixelContainer: 
    ImportImageContainer (0x4424950)
      RTTI typeinfo:   itk::ImportImageContainer<unsigned long, float>
      Reference Count: 1
      Modified Time: 1982
      Debug: Off
      Object Name: 
      Observers: 
        none
      Pointer: 0x7f9b67eb6010
      Container manages memory: true
      Size: 18808832
      Capacity: 18808832

     Weighting = 1
     Sampling strategy = regular
     Number of bins = 32
     Radius = 4
     Sampling percentage  = 0.25
   Transform = Affine
     Gradient step = 0.1
     Update field sigma (voxel space) = 0
     Total field sigma (voxel space) = 0
     Update field time sigma = 0
     Total field time sigma  = 0
     Number of time indices = 0
     Number of time point samples = 0
Stage 3 State
   Image metric = Mattes
     Fixed image = Image (0x442a7b0)
  RTTI typeinfo:   itk::Image<float, 3u>
  Reference Count: 2
  Modified Time: 2363
  Debug: Off
  Object Name: 
  Observers: 
    none
  Source: (none)
  Source output name: (none)
  Release Data: Off
  Data Released: False
  Global Release Data: Off
  PipelineMTime: 0
  UpdateMTime: 2174
  RealTimeStamp: 0 seconds 
  LargestPossibleRegion: 
    Dimension: 3
    Index: [0, 0, 0]
    Size: [216, 256, 291]
  BufferedRegion: 
    Dimension: 3
    Index: [0, 0, 0]
    Size: [216, 256, 291]
  RequestedRegion: 
    Dimension: 3
    Index: [0, 0, 0]
    Size: [216, 256, 291]
  Spacing: [1, 1, 1]
  Origin: [0, 293, 0]
  Direction: 
1 0 0
0 -0 -1
0 -1 -0

  IndexToPointMatrix: 
1 0 0
0 0 -1
0 -1 0

  PointToIndexMatrix: 
1 0 0
0 0 -1
0 -1 0

  Inverse Direction: 
1 0 0
0 0 -1
0 -1 0

  PixelContainer: 
    ImportImageContainer (0x442aa40)
      RTTI typeinfo:   itk::ImportImageContainer<unsigned long, float>
      Reference Count: 1
      Modified Time: 2171
      Debug: Off
      Object Name: 
      Observers: 
        none
      Pointer: 0x7f9b64153010
      Container manages memory: true
      Size: 16091136
      Capacity: 16091136

     Moving image = Image (0x442d1b0)
  RTTI typeinfo:   itk::Image<float, 3u>
  Reference Count: 2
  Modified Time: 2364
  Debug: Off
  Object Name: 
  Observers: 
    none
  Source: (none)
  Source output name: (none)
  Release Data: Off
  Data Released: False
  Global Release Data: Off
  PipelineMTime: 0
  UpdateMTime: 2361
  RealTimeStamp: 0 seconds 
  LargestPossibleRegion: 
    Dimension: 3
    Index: [0, 0, 0]
    Size: [256, 256, 287]
  BufferedRegion: 
    Dimension: 3
    Index: [0, 0, 0]
    Size: [256, 256, 287]
  RequestedRegion: 
    Dimension: 3
    Index: [0, 0, 0]
    Size: [256, 256, 287]
  Spacing: [1, 1, 1]
  Origin: [0, 286, 0]
  Direction: 
1 0 0
0 -0 -1
0 -1 -0

  IndexToPointMatrix: 
1 0 0
0 0 -1
0 -1 0

  PointToIndexMatrix: 
1 0 0
0 0 -1
0 -1 0

  Inverse Direction: 
1 0 0
0 0 -1
0 -1 0

  PixelContainer: 
    ImportImageContainer (0x442aaa0)
      RTTI typeinfo:   itk::ImportImageContainer<unsigned long, float>
      Reference Count: 1
      Modified Time: 2358
      Debug: Off
      Object Name: 
      Observers: 
        none
      Pointer: 0x7f9b5f992010
      Container manages memory: true
      Size: 18808832
      Capacity: 18808832

     Weighting = 1
     Sampling strategy = none
     Number of bins = 32
     Radius = 4
     Sampling percentage  = 1
   Transform = SyN
     Gradient step = 0.1
     Update field sigma (voxel space) = 3
     Total field sigma (voxel space) = 0
     Update field time sigma = 0
     Total field time sigma  = 0
     Number of time indices = 0
     Number of time point samples = 0
Registration using 3 total stages.

Stage 0
  iterations = 1000x500x250x0
  convergence threshold = 1e-06
  convergence window size = 10
  number of levels = 4
  using the Mattes MI metric (number of bins = 32, weight = 1)
  preprocessing:  winsorizing the image intensities
  Shrink factors (level 1 out of 4): [12, 12, 12]
  Shrink factors (level 2 out of 4): [8, 8, 8]
  Shrink factors (level 3 out of 4): [4, 4, 4]
  Shrink factors (level 4 out of 4): [2, 2, 2]
  smoothing sigmas per level: [4, 3, 2, 1]
  regular sampling (percentage = 0.25)

*** Running Euler3DTransform registration ***

DIAGNOSTIC,Iteration,metricValue,convergenceValue,ITERATION_TIME_INDEX,SINCE_LAST
 2DIAGNOSTIC,     1, -4.957434535027e-01, inf, 1.7576e+01, 1.7576e+01, 
 2DIAGNOSTIC,     2, -4.967945218086e-01, inf, 1.7585e+01, 9.9630e-03, 
 2DIAGNOSTIC,     3, -4.980674386024e-01, inf, 1.7595e+01, 9.7899e-03, 
 2DIAGNOSTIC,     4, -4.995656609535e-01, inf, 1.7605e+01, 9.8040e-03, 
 2DIAGNOSTIC,     5, -5.018489360809e-01, inf, 1.7617e+01, 1.1434e-02, 
 2DIAGNOSTIC,     6, -5.030726194382e-01, inf, 1.7626e+01, 9.8491e-03, 
 2DIAGNOSTIC,     7, -5.034238100052e-01, inf, 1.7638e+01, 1.1649e-02, 
 2DIAGNOSTIC,     8, -5.048736333847e-01, inf, 1.7651e+01, 1.2894e-02, 
 2DIAGNOSTIC,     9, -5.094754099846e-01, inf, 1.7667e+01, 1.5749e-02, 
 2DIAGNOSTIC,    10, -5.138868689537e-01, 2.038774080575e-03, 1.7677e+01, 1.0549e-02, 
 2DIAGNOSTIC,    11, -5.176441073418e-01, 2.212096471339e-03, 1.7689e+01, 1.1913e-02, 
 2DIAGNOSTIC,    12, -5.185411572456e-01, 2.250283956528e-03, 1.7701e+01, 1.1815e-02, 
 2DIAGNOSTIC,    13, -5.184496641159e-01, 2.133260481060e-03, 1.7713e+01, 1.1823e-02, 
 2DIAGNOSTIC,    14, -5.185058116913e-01, 1.899530645460e-03, 1.7724e+01, 1.1719e-02, 
 2DIAGNOSTIC,    15, -5.192430615425e-01, 1.633420470171e-03, 1.7738e+01, 1.3248e-02, 
 2DIAGNOSTIC,    16, -5.191872715950e-01, 1.291885157116e-03, 1.7748e+01, 1.0102e-02, 
 2DIAGNOSTIC,    17, -5.191341042519e-01, 8.847443968989e-04, 1.7758e+01, 1.0114e-02, 
 2DIAGNOSTIC,    18, -5.191126465797e-01, 4.862317291554e-04, 1.7768e+01, 1.0123e-02, 
 2DIAGNOSTIC,    19, -5.194620490074e-01, 2.285917726113e-04, 1.7780e+01, 1.1801e-02, 
 2DIAGNOSTIC,    20, -5.207356810570e-01, 1.308455975959e-04, 1.7795e+01, 1.4947e-02, 
 2DIAGNOSTIC,    21, -5.208324193954e-01, 1.309712533839e-04, 1.7805e+01, 1.0186e-02, 
 2DIAGNOSTIC,    22, -5.209275484085e-01, 1.449342671549e-04, 1.7815e+01, 1.0129e-02, 
 2DIAGNOSTIC,    23, -5.213139057159e-01, 1.519577781437e-04, 1.7825e+01, 1.0120e-02, 
 2DIAGNOSTIC,    24, -5.214565992355e-01, 1.479144848417e-04, 1.7838e+01, 1.3210e-02, 
 2DIAGNOSTIC,    25, -5.217369198799e-01, 1.525443076389e-04, 1.7850e+01, 1.1642e-02, 
 2DIAGNOSTIC,    26, -5.217850208282e-01, 1.424355286872e-04, 1.7862e+01, 1.1625e-02, 
 2DIAGNOSTIC,    27, -5.217035412788e-01, 1.175807337859e-04, 1.7872e+01, 1.0083e-02, 
 2DIAGNOSTIC,    28, -5.215697288513e-01, 8.062874985626e-05, 1.7882e+01, 1.0088e-02, 
 2DIAGNOSTIC,    29, -5.218313932419e-01, 4.973825343768e-05, 1.7894e+01, 1.1632e-02, 
 2DIAGNOSTIC,    30, -5.218611955643e-01, 4.014090154669e-05, 1.7904e+01, 1.0081e-02, 
 2DIAGNOSTIC,    31, -5.219166874886e-01, 3.023723547813e-05, 1.7915e+01, 1.1620e-02, 
 2DIAGNOSTIC,    32, -5.219315886497e-01, 2.009271520365e-05, 1.7927e+01, 1.1627e-02, 
 2DIAGNOSTIC,    33, -5.219619274139e-01, 1.576883551024e-05, 1.7940e+01, 1.3191e-02, 
 2DIAGNOSTIC,    34, -5.215750336647e-01, 6.133385340945e-06, 1.7952e+01, 1.1655e-02, 
 2DIAGNOSTIC,    35, -5.218324661255e-01, 5.119455181557e-06, 1.7963e+01, 1.1668e-02, 
DIAGNOSTIC,Iteration,metricValue,convergenceValue,ITERATION_TIME_INDEX,SINCE_LAST
 2DIAGNOSTIC,     1, -4.515650868416e-01, inf, 3.1373e+01, 1.3410e+01, 
 2DIAGNOSTIC,     2, -4.520224630833e-01, inf, 3.1442e+01, 6.9431e-02, 
 2DIAGNOSTIC,     3, -4.522428512573e-01, inf, 3.1502e+01, 5.9976e-02, 
 2DIAGNOSTIC,     4, -4.523043632507e-01, inf, 3.1581e+01, 7.8288e-02, 
 2DIAGNOSTIC,     5, -4.523029327393e-01, inf, 3.1641e+01, 6.0009e-02, 
 2DIAGNOSTIC,     6, -4.522835016251e-01, inf, 3.1691e+01, 5.0668e-02, 
 2DIAGNOSTIC,     7, -4.522216618061e-01, inf, 3.1752e+01, 6.0133e-02, 
 2DIAGNOSTIC,     8, -4.522671997547e-01, inf, 3.1802e+01, 5.0932e-02, 
 2DIAGNOSTIC,     9, -4.522900283337e-01, inf, 3.1863e+01, 6.0087e-02, 
 2DIAGNOSTIC,    10, -4.523482620716e-01, 6.554314313689e-05, 3.1914e+01, 5.1455e-02, 
 2DIAGNOSTIC,    11, -4.523647129536e-01, 2.559617132647e-05, 3.1966e+01, 5.1599e-02, 
 2DIAGNOSTIC,    12, -4.524132907391e-01, 1.655969936110e-05, 3.2026e+01, 6.0789e-02, 
 2DIAGNOSTIC,    13, -4.524459838867e-01, 1.974964470719e-05, 3.2078e+01, 5.1577e-02, 
 2DIAGNOSTIC,    14, -4.524685442448e-01, 2.459352799633e-05, 3.2139e+01, 6.0690e-02, 
 2DIAGNOSTIC,    15, -4.526219666004e-01, 3.311868567835e-05, 3.2199e+01, 6.0771e-02, 
 2DIAGNOSTIC,    16, -4.526057839394e-01, 3.627499972936e-05, 3.2260e+01, 6.0806e-02, 
 2DIAGNOSTIC,    17, -4.526261091232e-01, 3.442779416218e-05, 3.2312e+01, 5.1443e-02, 
 2DIAGNOSTIC,    18, -4.526819288731e-01, 3.335894507472e-05, 3.2373e+01, 6.0789e-02, 
 2DIAGNOSTIC,    19, -4.527710676193e-01, 3.306581129436e-05, 3.2433e+01, 6.0693e-02, 
 2DIAGNOSTIC,    20, -4.528020620346e-01, 3.257772186771e-05, 3.2485e+01, 5.1933e-02, 
 2DIAGNOSTIC,    21, -4.528796374798e-01, 3.206474866602e-05, 3.2537e+01, 5.2068e-02, 
 2DIAGNOSTIC,    22, -4.530991017818e-01, 3.642611045507e-05, 3.2590e+01, 5.2788e-02, 
 2DIAGNOSTIC,    23, -4.535913765430e-01, 5.132581645739e-05, 3.2651e+01, 6.1275e-02, 
 2DIAGNOSTIC,    24, -4.540558755398e-01, 7.261641439982e-05, 3.2712e+01, 6.1127e-02, 
 2DIAGNOSTIC,    25, -4.541960358620e-01, 9.279471123591e-05, 3.2773e+01, 6.1069e-02, 
 2DIAGNOSTIC,    26, -4.540190398693e-01, 9.836096432991e-05, 3.2835e+01, 6.1202e-02, 
 2DIAGNOSTIC,    27, -4.540437459946e-01, 9.560877515469e-05, 3.2896e+01, 6.1432e-02, 
 2DIAGNOSTIC,    28, -4.538636803627e-01, 8.108720794553e-05, 3.2949e+01, 5.2452e-02, 
 2DIAGNOSTIC,    29, -4.538964033127e-01, 6.256988854147e-05, 3.3010e+01, 6.1204e-02, 
 2DIAGNOSTIC,    30, -4.538620412350e-01, 3.945601565647e-05, 3.3071e+01, 6.0972e-02, 
 2DIAGNOSTIC,    31, -4.538887739182e-01, 1.647663339099e-05, 3.3132e+01, 6.1215e-02, 
DIAGNOSTIC,Iteration,metricValue,convergenceValue,ITERATION_TIME_INDEX,SINCE_LAST
 2DIAGNOSTIC,     1, -3.905756771564e-01, inf, 4.2130e+01, 8.9983e+00, 
 2DIAGNOSTIC,     2, -3.912949264050e-01, inf, 4.2539e+01, 4.0907e-01, 
 2DIAGNOSTIC,     3, -3.919705152512e-01, inf, 4.2948e+01, 4.0886e-01, 
 2DIAGNOSTIC,     4, -3.924015164375e-01, inf, 4.3357e+01, 4.0869e-01, 
 2DIAGNOSTIC,     5, -3.925500810146e-01, inf, 4.3768e+01, 4.1104e-01, 
 2DIAGNOSTIC,     6, -3.926690220833e-01, inf, 4.4257e+01, 4.8937e-01, 
 2DIAGNOSTIC,     7, -3.927281498909e-01, inf, 4.4828e+01, 5.7091e-01, 
 2DIAGNOSTIC,     8, -3.927083313465e-01, inf, 4.5317e+01, 4.8919e-01, 
 2DIAGNOSTIC,     9, -3.927698433399e-01, inf, 4.5807e+01, 4.8942e-01, 
 2DIAGNOSTIC,    10, -3.928446471691e-01, 3.109479439445e-04, 4.6465e+01, 6.5832e-01, 
 2DIAGNOSTIC,    11, -3.928504586220e-01, 1.781747123459e-04, 4.6960e+01, 4.9437e-01, 
 2DIAGNOSTIC,    12, -3.928330838680e-01, 9.352558845421e-05, 4.7535e+01, 5.7565e-01, 
 2DIAGNOSTIC,    13, -3.928340971470e-01, 5.101987699163e-05, 4.7948e+01, 4.1253e-01, 
 2DIAGNOSTIC,    14, -3.928261697292e-01, 3.190015559085e-05, 4.8443e+01, 4.9530e-01, 
 2DIAGNOSTIC,    15, -3.928276002407e-01, 1.964838520507e-05, 4.8856e+01, 4.1281e-01, 
 2DIAGNOSTIC,    16, -3.928245306015e-01, 1.250500827155e-05, 4.9266e+01, 4.1067e-01, 
 2DIAGNOSTIC,    17, -3.928290903568e-01, 8.065679139690e-06, 4.9682e+01, 4.1557e-01, 
 2DIAGNOSTIC,    18, -3.928304016590e-01, 2.769915226963e-06, 5.0336e+01, 6.5388e-01, 
DIAGNOSTIC,Iteration,metricValue,convergenceValue,ITERATION_TIME_INDEX,SINCE_LAST
 2DIAGNOSTIC,     1, -3.399969935417e-01, inf, 5.8613e+01, 8.2767e+00, 
  Elapsed time (stage 0): 6.0389e+01


Stage 1
  iterations = 1000x500x250x0
  convergence threshold = 1.0000e-06
  convergence window size = 10
  number of levels = 4
  using the Mattes MI metric (number of bins = 32, weight = 1.0000e+00)
  preprocessing:  winsorizing the image intensities
  Shrink factors (level 1 out of 4): [12, 12, 12]
  Shrink factors (level 2 out of 4): [8, 8, 8]
  Shrink factors (level 3 out of 4): [4, 4, 4]
  Shrink factors (level 4 out of 4): [2, 2, 2]
  smoothing sigmas per level: [4, 3, 2, 1]
  regular sampling (percentage = 2.5000e-01)

*** Running AffineTransform registration ***

DIAGNOSTIC,Iteration,metricValue,convergenceValue,ITERATION_TIME_INDEX,SINCE_LAST
 2DIAGNOSTIC,     1, -5.185681581497e-01, inf, 1.7491e+01, 1.7491e+01, 
 2DIAGNOSTIC,     2, -5.197307467461e-01, inf, 1.7505e+01, 1.3502e-02, 
 2DIAGNOSTIC,     3, -5.209462046623e-01, inf, 1.7518e+01, 1.3243e-02, 
 2DIAGNOSTIC,     4, -5.221474170685e-01, inf, 1.7531e+01, 1.3162e-02, 
 2DIAGNOSTIC,     5, -5.243415236473e-01, inf, 1.7544e+01, 1.3105e-02, 
 2DIAGNOSTIC,     6, -5.267947316170e-01, inf, 1.7558e+01, 1.3283e-02, 
 2DIAGNOSTIC,     7, -5.292041301727e-01, inf, 1.7580e+01, 2.1866e-02, 
 2DIAGNOSTIC,     8, -5.295278429985e-01, inf, 1.7594e+01, 1.4868e-02, 
 2DIAGNOSTIC,     9, -5.295631289482e-01, inf, 1.7607e+01, 1.2976e-02, 
 2DIAGNOSTIC,    10, -5.297405719757e-01, 1.599297975190e-03, 1.7621e+01, 1.3580e-02, 
 2DIAGNOSTIC,    11, -5.308634638786e-01, 1.322406809777e-03, 1.7635e+01, 1.3760e-02, 
 2DIAGNOSTIC,    12, -5.318057537079e-01, 1.065558521077e-03, 1.7650e+01, 1.5561e-02, 
 2DIAGNOSTIC,    13, -5.337632894516e-01, 8.845037664287e-04, 1.7666e+01, 1.5606e-02, 
 2DIAGNOSTIC,    14, -5.345551967621e-01, 7.253889925778e-04, 1.7680e+01, 1.3813e-02, 
 2DIAGNOSTIC,    15, -5.347304344177e-01, 6.058900617063e-04, 1.7693e+01, 1.3707e-02, 
 2DIAGNOSTIC,    16, -5.356302261353e-01, 5.571699002758e-04, 1.7709e+01, 1.5324e-02, 
 2DIAGNOSTIC,    17, -5.360663533211e-01, 5.517495446838e-04, 1.7727e+01, 1.8691e-02, 
 2DIAGNOSTIC,    18, -5.365039110184e-01, 5.183122120798e-04, 1.7741e+01, 1.3782e-02, 
 2DIAGNOSTIC,    19, -5.366113781929e-01, 4.449174157344e-04, 1.7757e+01, 1.5383e-02, 
 2DIAGNOSTIC,    20, -5.377498865128e-01, 3.733433259185e-04, 1.7771e+01, 1.4007e-02, 
 2DIAGNOSTIC,    21, -5.398487448692e-01, 3.554077411536e-04, 1.7790e+01, 1.9898e-02, 
 2DIAGNOSTIC,    22, -5.423292517662e-01, 3.868791391142e-04, 1.7808e+01, 1.7178e-02, 
 2DIAGNOSTIC,    23, -5.438738465309e-01, 4.599146195687e-04, 1.7823e+01, 1.5118e-02, 
 2DIAGNOSTIC,    24, -5.441245436668e-01, 5.075450171717e-04, 1.7838e+01, 1.5114e-02, 
 2DIAGNOSTIC,    25, -5.440521836281e-01, 5.062249256298e-04, 1.7851e+01, 1.3408e-02, 
 2DIAGNOSTIC,    26, -5.445700287819e-01, 4.861181951128e-04, 1.7865e+01, 1.3476e-02, 
 2DIAGNOSTIC,    27, -5.452103018761e-01, 4.419385222718e-04, 1.7878e+01, 1.3477e-02, 
 2DIAGNOSTIC,    28, -5.462330579758e-01, 3.870920627378e-04, 1.7892e+01, 1.3475e-02, 
 2DIAGNOSTIC,    29, -5.469382405281e-01, 3.147718089167e-04, 1.7907e+01, 1.5202e-02, 
 2DIAGNOSTIC,    30, -5.466721653938e-01, 2.331344730919e-04, 1.7926e+01, 1.8698e-02, 
 2DIAGNOSTIC,    31, -5.464524030685e-01, 1.666681055212e-04, 1.7941e+01, 1.5236e-02, 
 2DIAGNOSTIC,    32, -5.465480089188e-01, 1.307461207034e-04, 1.7954e+01, 1.3545e-02, 
 2DIAGNOSTIC,    33, -5.468932390213e-01, 1.146117501776e-04, 1.7969e+01, 1.5065e-02, 
 2DIAGNOSTIC,    34, -5.471933484077e-01, 9.712095925352e-05, 1.7983e+01, 1.3418e-02, 
 2DIAGNOSTIC,    35, -5.468834042549e-01, 6.587333336938e-05, 1.7996e+01, 1.3456e-02, 
 2DIAGNOSTIC,    36, -5.470266342163e-01, 4.035478923470e-05, 1.8011e+01, 1.5116e-02, 
 2DIAGNOSTIC,    37, -5.466862916946e-01, 1.634679574636e-05, 1.8028e+01, 1.6906e-02, 
 2DIAGNOSTIC,    38, -5.468217134476e-01, 7.884931619628e-06, 1.8045e+01, 1.6760e-02, 
 2DIAGNOSTIC,    39, -5.469275116920e-01, 1.013079236145e-05, 1.8060e+01, 1.5150e-02, 
 2DIAGNOSTIC,    40, -5.470124483109e-01, 9.110665814660e-06, 1.8074e+01, 1.3254e-02, 
 2DIAGNOSTIC,    41, -5.468927621841e-01, 3.071007313338e-06, 1.8087e+01, 1.3384e-02, 
 2DIAGNOSTIC,    42, -5.471352338791e-01, 1.350225716124e-06, 1.8102e+01, 1.5154e-02, 
 2DIAGNOSTIC,    43, -5.473687052727e-01, 6.533214218507e-06, 1.8119e+01, 1.6775e-02, 
 2DIAGNOSTIC,    44, -5.473862290382e-01, 1.469435574109e-05, 1.8134e+01, 1.5128e-02, 
 2DIAGNOSTIC,    45, -5.473953485489e-01, 1.761316707416e-05, 1.8147e+01, 1.3467e-02, 
 2DIAGNOSTIC,    46, -5.471937060356e-01, 1.832011366787e-05, 1.8163e+01, 1.5133e-02, 
 2DIAGNOSTIC,    47, -5.472111105919e-01, 1.369333949697e-05, 1.8178e+01, 1.5091e-02, 
DIAGNOSTIC,Iteration,metricValue,convergenceValue,ITERATION_TIME_INDEX,SINCE_LAST
 2DIAGNOSTIC,     1, -4.776021540165e-01, inf, 3.1531e+01, 1.3353e+01, 
 2DIAGNOSTIC,     2, -4.781325161457e-01, inf, 3.1593e+01, 6.2667e-02, 
 2DIAGNOSTIC,     3, -4.785499870777e-01, inf, 3.1665e+01, 7.1702e-02, 
 2DIAGNOSTIC,     4, -4.787183403969e-01, inf, 3.1737e+01, 7.1816e-02, 
 2DIAGNOSTIC,     5, -4.788406193256e-01, inf, 3.1799e+01, 6.1948e-02, 
 2DIAGNOSTIC,     6, -4.791895747185e-01, inf, 3.1861e+01, 6.1994e-02, 
 2DIAGNOSTIC,     7, -4.794590473175e-01, inf, 3.1923e+01, 6.2032e-02, 
 2DIAGNOSTIC,     8, -4.800534248352e-01, inf, 3.1995e+01, 7.2002e-02, 
 2DIAGNOSTIC,     9, -4.805457592010e-01, inf, 3.2077e+01, 8.1639e-02, 
 2DIAGNOSTIC,    10, -4.807817041874e-01, 4.033393925056e-04, 3.2168e+01, 9.1819e-02, 
 2DIAGNOSTIC,    11, -4.809660911560e-01, 3.627872501966e-04, 3.2270e+01, 1.0168e-01, 
 2DIAGNOSTIC,    12, -4.809890091419e-01, 3.235666081309e-04, 3.2342e+01, 7.1452e-02, 
 2DIAGNOSTIC,    13, -4.809381365776e-01, 2.779083442874e-04, 3.2413e+01, 7.1648e-02, 
 2DIAGNOSTIC,    14, -4.809606969357e-01, 2.217867295258e-04, 3.2475e+01, 6.2050e-02, 
 2DIAGNOSTIC,    15, -4.809728860855e-01, 1.582635159139e-04, 3.2547e+01, 7.1776e-02, 
 2DIAGNOSTIC,    16, -4.809967875481e-01, 1.022771175485e-04, 3.2609e+01, 6.1983e-02, 
 2DIAGNOSTIC,    17, -4.809632599354e-01, 5.159073771210e-05, 3.2671e+01, 6.2103e-02, 
 2DIAGNOSTIC,    18, -4.808779060841e-01, 1.849890577432e-05, 3.2734e+01, 6.3210e-02, 
 2DIAGNOSTIC,    19, -4.808499813080e-01, 1.756972778821e-06, 3.2798e+01, 6.3263e-02, 
DIAGNOSTIC,Iteration,metricValue,convergenceValue,ITERATION_TIME_INDEX,SINCE_LAST
 2DIAGNOSTIC,     1, -4.067849516869e-01, inf, 4.1657e+01, 8.8593e+00, 
 2DIAGNOSTIC,     2, -4.069267809391e-01, inf, 4.2166e+01, 5.0926e-01, 
 2DIAGNOSTIC,     3, -4.073340594769e-01, inf, 4.2676e+01, 5.1031e-01, 
 2DIAGNOSTIC,     4, -4.076483249664e-01, inf, 4.3176e+01, 4.9988e-01, 
 2DIAGNOSTIC,     5, -4.083437323570e-01, inf, 4.4696e+01, 1.5197e+00, 
 2DIAGNOSTIC,     6, -4.083421826363e-01, inf, 4.5376e+01, 6.8007e-01, 
 2DIAGNOSTIC,     7, -4.083404541016e-01, inf, 4.5965e+01, 5.8903e-01, 
 2DIAGNOSTIC,     8, -4.083329439163e-01, inf, 4.6547e+01, 5.8198e-01, 
 2DIAGNOSTIC,     9, -4.083364903927e-01, inf, 4.7136e+01, 5.8848e-01, 
 2DIAGNOSTIC,    10, -4.083253145218e-01, 2.676956646610e-04, 4.7727e+01, 5.9123e-01, 
 2DIAGNOSTIC,    11, -4.083173573017e-01, 1.760943850968e-04, 4.8229e+01, 5.0264e-01, 
 2DIAGNOSTIC,    12, -4.083168804646e-01, 9.266475535696e-05, 4.8902e+01, 6.7276e-01, 
 2DIAGNOSTIC,    13, -4.083186686039e-01, 3.583269062801e-05, 4.9402e+01, 5.0013e-01, 
DIAGNOSTIC,Iteration,metricValue,convergenceValue,ITERATION_TIME_INDEX,SINCE_LAST
 2DIAGNOSTIC,     1, -3.539378046989e-01, inf, 5.9415e+01, 1.0013e+01, 
  Elapsed time (stage 1): 6.1179e+01


Stage 2
  iterations = 100x100x70x50x0
  convergence threshold = 1.0000e-06
  convergence window size = 10
  number of levels = 5
  using the Mattes MI metric (number of bins = 32, weight = 1.0000e+00)
  preprocessing:  winsorizing the image intensities
  Shrink factors (level 1 out of 5): [10, 10, 10]
  Shrink factors (level 2 out of 5): [6, 6, 6]
  Shrink factors (level 3 out of 5): [4, 4, 4]
  Shrink factors (level 4 out of 5): [2, 2, 2]
  Shrink factors (level 5 out of 5): [1, 1, 1]
  smoothing sigmas per level: [5, 3, 2, 1, 0]
  Using default NONE metricSamplingStrategy 

*** Running SyN registration (varianceForUpdateField = 3.0000e+00, varianceForTotalField = 0.0000e+00) ***

XXDIAGNOSTIC,Iteration,metricValue,convergenceValue,ITERATION_TIME_INDEX,SINCE_LAST
 1DIAGNOSTIC,     1, -5.237798094749e-01, inf, 3.1011e+01, 3.1011e+01, 
 1DIAGNOSTIC,     2, -5.453198552132e-01, inf, 3.1162e+01, 1.5146e-01, 
 1DIAGNOSTIC,     3, -5.584725141525e-01, inf, 3.1307e+01, 1.4445e-01, 
 1DIAGNOSTIC,     4, -5.627878308296e-01, inf, 3.1452e+01, 1.4494e-01, 
 1DIAGNOSTIC,     5, -5.632594227791e-01, inf, 3.1596e+01, 1.4485e-01, 
 1DIAGNOSTIC,     6, -5.597361922264e-01, inf, 3.1742e+01, 1.4506e-01, 
 1DIAGNOSTIC,     7, -5.576696395874e-01, inf, 3.1887e+01, 1.4564e-01, 
 1DIAGNOSTIC,     8, -5.559366941452e-01, inf, 3.2033e+01, 1.4575e-01, 
 1DIAGNOSTIC,     9, -5.545511841774e-01, inf, 3.2178e+01, 1.4505e-01, 
 1DIAGNOSTIC,    10, -5.522381067276e-01, 1.634905464016e-03, 3.2323e+01, 1.4533e-01, 
 1DIAGNOSTIC,    11, -5.502264499664e-01, -4.680988204200e-04, 3.2469e+01, 1.4558e-01, 
XXDIAGNOSTIC,Iteration,metricValue,convergenceValue,ITERATION_TIME_INDEX,SINCE_LAST
 1DIAGNOSTIC,     1, -4.381941258907e-01, inf, 4.6210e+01, 1.3741e+01, 
 1DIAGNOSTIC,     2, -4.412245750427e-01, inf, 4.6783e+01, 5.7253e-01, 
 1DIAGNOSTIC,     3, -4.425769150257e-01, inf, 4.7360e+01, 5.7784e-01, 
 1DIAGNOSTIC,     4, -4.429259896278e-01, inf, 4.7935e+01, 5.7464e-01, 
 1DIAGNOSTIC,     5, -4.423631131649e-01, inf, 4.8507e+01, 5.7225e-01, 
 1DIAGNOSTIC,     6, -4.418711960316e-01, inf, 4.9087e+01, 5.8007e-01, 
 1DIAGNOSTIC,     7, -4.410371780396e-01, inf, 4.9675e+01, 5.8772e-01, 
 1DIAGNOSTIC,     8, -4.395912289619e-01, inf, 5.0247e+01, 5.7237e-01, 
 1DIAGNOSTIC,     9, -4.384032487869e-01, inf, 5.0828e+01, 5.8094e-01, 
 1DIAGNOSTIC,    10, -4.372116327286e-01, -4.165799764451e-04, 5.1404e+01, 5.7513e-01, 
XXDIAGNOSTIC,Iteration,metricValue,convergenceValue,ITERATION_TIME_INDEX,SINCE_LAST
 1DIAGNOSTIC,     1, -3.726623058319e-01, inf, 6.1412e+01, 1.0009e+01, 
 1DIAGNOSTIC,     2, -3.737388551235e-01, inf, 6.3251e+01, 1.8384e+00, 
 1DIAGNOSTIC,     3, -3.745521306992e-01, inf, 6.5031e+01, 1.7801e+00, 
 1DIAGNOSTIC,     4, -3.748202919960e-01, inf, 6.6829e+01, 1.7982e+00, 
 1DIAGNOSTIC,     5, -3.749973773956e-01, inf, 6.8614e+01, 1.7849e+00, 
 1DIAGNOSTIC,     6, -3.749616146088e-01, inf, 7.0406e+01, 1.7922e+00, 
 1DIAGNOSTIC,     7, -3.747045695782e-01, inf, 7.2250e+01, 1.8436e+00, 
 1DIAGNOSTIC,     8, -3.742727041245e-01, inf, 7.4029e+01, 1.7791e+00, 
 1DIAGNOSTIC,     9, -3.739502727985e-01, inf, 7.5815e+01, 1.7859e+00, 
 1DIAGNOSTIC,    10, -3.735240101814e-01, 6.320084503386e-05, 7.7608e+01, 1.7932e+00, 
 1DIAGNOSTIC,    11, -3.732478618622e-01, -1.615204237169e-04, 7.9394e+01, 1.7862e+00, 
XXDIAGNOSTIC,Iteration,metricValue,convergenceValue,ITERATION_TIME_INDEX,SINCE_LAST
 1DIAGNOSTIC,     1, -3.161793351173e-01, inf, 9.9116e+01, 1.9722e+01, 
 1DIAGNOSTIC,     2, -3.170893788338e-01, inf, 1.1265e+02, 1.3531e+01, 
 1DIAGNOSTIC,     3, -3.180517852306e-01, inf, 1.2603e+02, 1.3378e+01, 
 1DIAGNOSTIC,     4, -3.189198970795e-01, inf, 1.3886e+02, 1.2836e+01, 
 1DIAGNOSTIC,     5, -3.195940256119e-01, inf, 1.5170e+02, 1.2836e+01, 
 1DIAGNOSTIC,     6, -3.202222883701e-01, inf, 1.6453e+02, 1.2835e+01, 
 1DIAGNOSTIC,     7, -3.207434713840e-01, inf, 1.7742e+02, 1.2885e+01, 
 1DIAGNOSTIC,     8, -3.212300539017e-01, inf, 1.9028e+02, 1.2858e+01, 
 1DIAGNOSTIC,     9, -3.216068744659e-01, inf, 2.0317e+02, 1.2890e+01, 
 1DIAGNOSTIC,    10, -3.219560980797e-01, 1.151365577243e-03, 2.1659e+02, 1.3420e+01, 
 1DIAGNOSTIC,    11, -3.223645091057e-01, 9.256916237064e-04, 2.2941e+02, 1.2829e+01, 
 1DIAGNOSTIC,    12, -3.227529525757e-01, 7.497256738134e-04, 2.4269e+02, 1.3276e+01, 
 1DIAGNOSTIC,    13, -3.230885267258e-01, 6.209157872945e-04, 2.5643e+02, 1.3741e+01, 
 1DIAGNOSTIC,    14, -3.233754038811e-01, 5.269459215924e-04, 2.7017e+02, 1.3744e+01, 
 1DIAGNOSTIC,    15, -3.235830366611e-01, 4.491964937188e-04, 2.8391e+02, 1.3740e+01, 
 1DIAGNOSTIC,    16, -3.238005936146e-01, 3.865452017635e-04, 2.9767e+02, 1.3759e+01, 
 1DIAGNOSTIC,    17, -3.239668011665e-01, 3.310950414743e-04, 3.1141e+02, 1.3732e+01, 
 1DIAGNOSTIC,    18, -3.240985274315e-01, 2.815055486280e-04, 3.2519e+02, 1.3788e+01, 
 1DIAGNOSTIC,    19, -3.241898417473e-01, 2.328747650608e-04, 3.3896e+02, 1.3762e+01, 
 1DIAGNOSTIC,    20, -3.243175148964e-01, 1.885122474050e-04, 3.5280e+02, 1.3849e+01, 
 1DIAGNOSTIC,    21, -3.243295848370e-01, 1.483621890657e-04, 3.6659e+02, 1.3783e+01, 
 1DIAGNOSTIC,    22, -3.243028521538e-01, 1.125377239077e-04, 3.8037e+02, 1.3779e+01, 
 1DIAGNOSTIC,    23, -3.242744207382e-01, 8.116112439893e-05, 3.9412e+02, 1.3750e+01, 
 1DIAGNOSTIC,    24, -3.242165744305e-01, 5.327556573320e-05, 4.0793e+02, 1.3815e+01, 
 1DIAGNOSTIC,    25, -3.242421150208e-01, 3.085669231950e-05, 4.2168e+02, 1.3746e+01, 
 1DIAGNOSTIC,    26, -3.244405388832e-01, 2.136398688890e-05, 4.3542e+02, 1.3744e+01, 
 1DIAGNOSTIC,    27, -3.246325552464e-01, 2.217438668595e-05, 4.4914e+02, 1.3718e+01, 
 1DIAGNOSTIC,    28, -3.247696161270e-01, 2.932289680757e-05, 4.6294e+02, 1.3798e+01, 
 1DIAGNOSTIC,    29, -3.248414993286e-01, 3.823327642749e-05, 4.7668e+02, 1.3741e+01, 
 1DIAGNOSTIC,    30, -3.248879611492e-01, 4.816862565349e-05, 4.9037e+02, 1.3690e+01, 
 1DIAGNOSTIC,    31, -3.249060213566e-01, 5.377425623010e-05, 5.0429e+02, 1.3924e+01, 
 1DIAGNOSTIC,    32, -3.249559104443e-01, 5.459188105306e-05, 5.1804e+02, 1.3744e+01, 
 1DIAGNOSTIC,    33, -3.250190019608e-01, 5.124065137352e-05, 5.3178e+02, 1.3741e+01, 
 1DIAGNOSTIC,    34, -3.250570893288e-01, 4.285577233532e-05, 5.4585e+02, 1.4075e+01, 
 1DIAGNOSTIC,    35, -3.250615596771e-01, 3.168136754539e-05, 5.5959e+02, 1.3738e+01, 
 1DIAGNOSTIC,    36, -3.250676393509e-01, 2.315713754797e-05, 5.7336e+02, 1.3767e+01, 
 1DIAGNOSTIC,    37, -3.250820040703e-01, 1.781541322998e-05, 5.8711e+02, 1.3749e+01, 
 1DIAGNOSTIC,    38, -3.251006901264e-01, 1.468182290409e-05, 6.0090e+02, 1.3790e+01, 
 1DIAGNOSTIC,    39, -3.250963091850e-01, 1.188065289170e-05, 6.1461e+02, 1.3716e+01, 
 1DIAGNOSTIC,    40, -3.250837326050e-01, 8.942795830080e-06, 6.2838e+02, 1.3763e+01, 
 1DIAGNOSTIC,    41, -3.250241875648e-01, 4.490812443692e-06, 6.4212e+02, 1.3745e+01, 
 1DIAGNOSTIC,    42, -3.250002563000e-01, 4.383745988434e-07, 6.5590e+02, 1.3782e+01, 
  Elapsed time (stage 2): 679.7


Total elapsed time: 801.3

--- Writing output images ---

Using double precision for computations.
Input scalar image: data/Segmentations/1011_3_seg.nii.gz
Reference image: data/template/T_template0_BrainCerebellum.nii.gz
=============================================================================
The composite transform comprises the following transforms (in order): 
  1. /tmp/1971628.1.basic.q/1011_ToTemplate_021_0GenericAffine.mat (type = AffineTransform)
  2. /tmp/1971628.1.basic.q/1011_ToTemplate_021_1Warp.nii.gz (type = DisplacementFieldTransform)
=============================================================================
Default pixel value: 0
Interpolation type: LabelImageGenericInterpolateImageFunction
Output warped image: output/1011/1011_WarpedLabels_021.nii.gz

--- Done ---

