
--- Running on compute-1-0.local ---


--- registration call ---
/data/jet/pcook/bin/antsBuild/bin/antsRegistrationSyNQuick.sh -d 3 -f data/template/T_template0_BrainCerebellum.nii.gz -m data/Brains/1011_3.nii.gz -t s -p f -n 1 -o /tmp/1971619.1.basic.q/1011_ToTemplate_012_
---


--------------------------------------------------------------------------------------
 Mapping parameters
--------------------------------------------------------------------------------------
 ANTSPATH is /data/jet/pcook/bin/antsBuild/bin/

 Dimensionality:           3
 Output name prefix:       /tmp/1971619.1.basic.q/1011_ToTemplate_012_
 Fixed images:             data/template/T_template0_BrainCerebellum.nii.gz
 Moving images:            data/Brains/1011_3.nii.gz
 Mask images:              
 Initial transforms:       
 Number of threads:        1
 Spline distance:          26
 Transform type:           s
 MI histogram bins:        32
 Precision:                f
 Use histogram matching    0
======================================================================================
 antsRegistration call:
--------------------------------------------------------------------------------------
/data/jet/pcook/bin/antsBuild/bin//antsRegistration --verbose 1 --dimensionality 3 --float 1 --collapse-output-transforms 1 --output [/tmp/1971619.1.basic.q/1011_ToTemplate_012_,/tmp/1971619.1.basic.q/1011_ToTemplate_012_Warped.nii.gz,/tmp/1971619.1.basic.q/1011_ToTemplate_012_InverseWarped.nii.gz] --interpolation Linear --use-histogram-matching 0 --winsorize-image-intensities [0.005,0.995] --initial-moving-transform [data/template/T_template0_BrainCerebellum.nii.gz,data/Brains/1011_3.nii.gz,1] --transform Rigid[0.1] --metric MI[data/template/T_template0_BrainCerebellum.nii.gz,data/Brains/1011_3.nii.gz,1,32,Regular,0.25] --convergence [1000x500x250x0,1e-6,10] --shrink-factors 12x8x4x2 --smoothing-sigmas 4x3x2x1vox --transform Affine[0.1] --metric MI[data/template/T_template0_BrainCerebellum.nii.gz,data/Brains/1011_3.nii.gz,1,32,Regular,0.25] --convergence [1000x500x250x0,1e-6,10] --shrink-factors 12x8x4x2 --smoothing-sigmas 4x3x2x1vox --transform SyN[0.1,3,0] --metric MI[data/template/T_template0_BrainCerebellum.nii.gz,data/Brains/1011_3.nii.gz,1,32] --convergence [100x100x70x50x0,1e-6,10] --shrink-factors 10x6x4x2x1 --smoothing-sigmas 5x3x2x1x0vox
--------------------------------------------------------------------------------------
All_Command_lines_OK
Using single precision for computations.
=============================================================================
The composite transform comprises the following transforms (in order): 
  1. Center of mass alignment using fixed image: data/template/T_template0_BrainCerebellum.nii.gz and moving image: data/Brains/1011_3.nii.gz (type = Euler3DTransform)
=============================================================================
  number of levels = 4
  number of levels = 4
  number of levels = 5
  fixed image: data/template/T_template0_BrainCerebellum.nii.gz
  moving image: data/Brains/1011_3.nii.gz
  fixed image: data/template/T_template0_BrainCerebellum.nii.gz
  moving image: data/Brains/1011_3.nii.gz
  fixed image: data/template/T_template0_BrainCerebellum.nii.gz
  moving image: data/Brains/1011_3.nii.gz
Dimension = 3
Number of stages = 3
Use Histogram Matching false
Winsorize image intensities true
Lower quantile = 0.005
Upper quantile = 0.995
Stage 1 State
   Image metric = Mattes
     Fixed image = Image (0x4432420)
  RTTI typeinfo:   itk::Image<float, 3u>
  Reference Count: 2
  Modified Time: 1611
  Debug: Off
  Object Name: 
  Observers: 
    none
  Source: (none)
  Source output name: (none)
  Release Data: Off
  Data Released: False
  Global Release Data: Off
  PipelineMTime: 0
  UpdateMTime: 1422
  RealTimeStamp: 0 seconds 
  LargestPossibleRegion: 
    Dimension: 3
    Index: [0, 0, 0]
    Size: [216, 256, 291]
  BufferedRegion: 
    Dimension: 3
    Index: [0, 0, 0]
    Size: [216, 256, 291]
  RequestedRegion: 
    Dimension: 3
    Index: [0, 0, 0]
    Size: [216, 256, 291]
  Spacing: [1, 1, 1]
  Origin: [0, 293, 0]
  Direction: 
1 0 0
0 -0 -1
0 -1 -0

  IndexToPointMatrix: 
1 0 0
0 0 -1
0 -1 0

  PointToIndexMatrix: 
1 0 0
0 0 -1
0 -1 0

  Inverse Direction: 
1 0 0
0 0 -1
0 -1 0

  PixelContainer: 
    ImportImageContainer (0x44177f0)
      RTTI typeinfo:   itk::ImportImageContainer<unsigned long, float>
      Reference Count: 1
      Modified Time: 1419
      Debug: Off
      Object Name: 
      Observers: 
        none
      Pointer: 0x7fc2b4545010
      Container manages memory: true
      Size: 16091136
      Capacity: 16091136

     Moving image = Image (0x4432e60)
  RTTI typeinfo:   itk::Image<float, 3u>
  Reference Count: 2
  Modified Time: 1612
  Debug: Off
  Object Name: 
  Observers: 
    none
  Source: (none)
  Source output name: (none)
  Release Data: Off
  Data Released: False
  Global Release Data: Off
  PipelineMTime: 0
  UpdateMTime: 1609
  RealTimeStamp: 0 seconds 
  LargestPossibleRegion: 
    Dimension: 3
    Index: [0, 0, 0]
    Size: [256, 256, 287]
  BufferedRegion: 
    Dimension: 3
    Index: [0, 0, 0]
    Size: [256, 256, 287]
  RequestedRegion: 
    Dimension: 3
    Index: [0, 0, 0]
    Size: [256, 256, 287]
  Spacing: [1, 1, 1]
  Origin: [0, 286, 0]
  Direction: 
1 0 0
0 -0 -1
0 -1 -0

  IndexToPointMatrix: 
1 0 0
0 0 -1
0 -1 0

  PointToIndexMatrix: 
1 0 0
0 0 -1
0 -1 0

  Inverse Direction: 
1 0 0
0 0 -1
0 -1 0

  PixelContainer: 
    ImportImageContainer (0x44352b0)
      RTTI typeinfo:   itk::ImportImageContainer<unsigned long, float>
      Reference Count: 1
      Modified Time: 1606
      Debug: Off
      Object Name: 
      Observers: 
        none
      Pointer: 0x7fc2afd84010
      Container manages memory: true
      Size: 18808832
      Capacity: 18808832

     Weighting = 1
     Sampling strategy = regular
     Number of bins = 32
     Radius = 4
     Sampling percentage  = 0.25
   Transform = Rigid
     Gradient step = 0.1
     Update field sigma (voxel space) = 0
     Total field sigma (voxel space) = 0
     Update field time sigma = 0
     Total field time sigma  = 0
     Number of time indices = 0
     Number of time point samples = 0
Stage 2 State
   Image metric = Mattes
     Fixed image = Image (0x443d6c0)
  RTTI typeinfo:   itk::Image<float, 3u>
  Reference Count: 2
  Modified Time: 1987
  Debug: Off
  Object Name: 
  Observers: 
    none
  Source: (none)
  Source output name: (none)
  Release Data: Off
  Data Released: False
  Global Release Data: Off
  PipelineMTime: 0
  UpdateMTime: 1798
  RealTimeStamp: 0 seconds 
  LargestPossibleRegion: 
    Dimension: 3
    Index: [0, 0, 0]
    Size: [216, 256, 291]
  BufferedRegion: 
    Dimension: 3
    Index: [0, 0, 0]
    Size: [216, 256, 291]
  RequestedRegion: 
    Dimension: 3
    Index: [0, 0, 0]
    Size: [216, 256, 291]
  Spacing: [1, 1, 1]
  Origin: [0, 293, 0]
  Direction: 
1 0 0
0 -0 -1
0 -1 -0

  IndexToPointMatrix: 
1 0 0
0 0 -1
0 -1 0

  PointToIndexMatrix: 
1 0 0
0 0 -1
0 -1 0

  Inverse Direction: 
1 0 0
0 0 -1
0 -1 0

  PixelContainer: 
    ImportImageContainer (0x443df60)
      RTTI typeinfo:   itk::ImportImageContainer<unsigned long, float>
      Reference Count: 1
      Modified Time: 1795
      Debug: Off
      Object Name: 
      Observers: 
        none
      Pointer: 0x7fc2ac021010
      Container manages memory: true
      Size: 16091136
      Capacity: 16091136

     Moving image = Image (0x443da50)
  RTTI typeinfo:   itk::Image<float, 3u>
  Reference Count: 2
  Modified Time: 1988
  Debug: Off
  Object Name: 
  Observers: 
    none
  Source: (none)
  Source output name: (none)
  Release Data: Off
  Data Released: False
  Global Release Data: Off
  PipelineMTime: 0
  UpdateMTime: 1985
  RealTimeStamp: 0 seconds 
  LargestPossibleRegion: 
    Dimension: 3
    Index: [0, 0, 0]
    Size: [256, 256, 287]
  BufferedRegion: 
    Dimension: 3
    Index: [0, 0, 0]
    Size: [256, 256, 287]
  RequestedRegion: 
    Dimension: 3
    Index: [0, 0, 0]
    Size: [256, 256, 287]
  Spacing: [1, 1, 1]
  Origin: [0, 286, 0]
  Direction: 
1 0 0
0 -0 -1
0 -1 -0

  IndexToPointMatrix: 
1 0 0
0 0 -1
0 -1 0

  PointToIndexMatrix: 
1 0 0
0 0 -1
0 -1 0

  Inverse Direction: 
1 0 0
0 0 -1
0 -1 0

  PixelContainer: 
    ImportImageContainer (0x443e950)
      RTTI typeinfo:   itk::ImportImageContainer<unsigned long, float>
      Reference Count: 1
      Modified Time: 1982
      Debug: Off
      Object Name: 
      Observers: 
        none
      Pointer: 0x7fc2a7860010
      Container manages memory: true
      Size: 18808832
      Capacity: 18808832

     Weighting = 1
     Sampling strategy = regular
     Number of bins = 32
     Radius = 4
     Sampling percentage  = 0.25
   Transform = Affine
     Gradient step = 0.1
     Update field sigma (voxel space) = 0
     Total field sigma (voxel space) = 0
     Update field time sigma = 0
     Total field time sigma  = 0
     Number of time indices = 0
     Number of time point samples = 0
Stage 3 State
   Image metric = Mattes
     Fixed image = Image (0x44447b0)
  RTTI typeinfo:   itk::Image<float, 3u>
  Reference Count: 2
  Modified Time: 2363
  Debug: Off
  Object Name: 
  Observers: 
    none
  Source: (none)
  Source output name: (none)
  Release Data: Off
  Data Released: False
  Global Release Data: Off
  PipelineMTime: 0
  UpdateMTime: 2174
  RealTimeStamp: 0 seconds 
  LargestPossibleRegion: 
    Dimension: 3
    Index: [0, 0, 0]
    Size: [216, 256, 291]
  BufferedRegion: 
    Dimension: 3
    Index: [0, 0, 0]
    Size: [216, 256, 291]
  RequestedRegion: 
    Dimension: 3
    Index: [0, 0, 0]
    Size: [216, 256, 291]
  Spacing: [1, 1, 1]
  Origin: [0, 293, 0]
  Direction: 
1 0 0
0 -0 -1
0 -1 -0

  IndexToPointMatrix: 
1 0 0
0 0 -1
0 -1 0

  PointToIndexMatrix: 
1 0 0
0 0 -1
0 -1 0

  Inverse Direction: 
1 0 0
0 0 -1
0 -1 0

  PixelContainer: 
    ImportImageContainer (0x4444a40)
      RTTI typeinfo:   itk::ImportImageContainer<unsigned long, float>
      Reference Count: 1
      Modified Time: 2171
      Debug: Off
      Object Name: 
      Observers: 
        none
      Pointer: 0x7fc2a3afd010
      Container manages memory: true
      Size: 16091136
      Capacity: 16091136

     Moving image = Image (0x44471b0)
  RTTI typeinfo:   itk::Image<float, 3u>
  Reference Count: 2
  Modified Time: 2364
  Debug: Off
  Object Name: 
  Observers: 
    none
  Source: (none)
  Source output name: (none)
  Release Data: Off
  Data Released: False
  Global Release Data: Off
  PipelineMTime: 0
  UpdateMTime: 2361
  RealTimeStamp: 0 seconds 
  LargestPossibleRegion: 
    Dimension: 3
    Index: [0, 0, 0]
    Size: [256, 256, 287]
  BufferedRegion: 
    Dimension: 3
    Index: [0, 0, 0]
    Size: [256, 256, 287]
  RequestedRegion: 
    Dimension: 3
    Index: [0, 0, 0]
    Size: [256, 256, 287]
  Spacing: [1, 1, 1]
  Origin: [0, 286, 0]
  Direction: 
1 0 0
0 -0 -1
0 -1 -0

  IndexToPointMatrix: 
1 0 0
0 0 -1
0 -1 0

  PointToIndexMatrix: 
1 0 0
0 0 -1
0 -1 0

  Inverse Direction: 
1 0 0
0 0 -1
0 -1 0

  PixelContainer: 
    ImportImageContainer (0x4444aa0)
      RTTI typeinfo:   itk::ImportImageContainer<unsigned long, float>
      Reference Count: 1
      Modified Time: 2358
      Debug: Off
      Object Name: 
      Observers: 
        none
      Pointer: 0x7fc29f33c010
      Container manages memory: true
      Size: 18808832
      Capacity: 18808832

     Weighting = 1
     Sampling strategy = none
     Number of bins = 32
     Radius = 4
     Sampling percentage  = 1
   Transform = SyN
     Gradient step = 0.1
     Update field sigma (voxel space) = 3
     Total field sigma (voxel space) = 0
     Update field time sigma = 0
     Total field time sigma  = 0
     Number of time indices = 0
     Number of time point samples = 0
Registration using 3 total stages.

Stage 0
  iterations = 1000x500x250x0
  convergence threshold = 1e-06
  convergence window size = 10
  number of levels = 4
  using the Mattes MI metric (number of bins = 32, weight = 1)
  preprocessing:  winsorizing the image intensities
  Shrink factors (level 1 out of 4): [12, 12, 12]
  Shrink factors (level 2 out of 4): [8, 8, 8]
  Shrink factors (level 3 out of 4): [4, 4, 4]
  Shrink factors (level 4 out of 4): [2, 2, 2]
  smoothing sigmas per level: [4, 3, 2, 1]
  regular sampling (percentage = 0.25)

*** Running Euler3DTransform registration ***

DIAGNOSTIC,Iteration,metricValue,convergenceValue,ITERATION_TIME_INDEX,SINCE_LAST
 2DIAGNOSTIC,     1, -5.060084462166e-01, inf, 1.7791e+01, 1.7791e+01, 
 2DIAGNOSTIC,     2, -5.069191455841e-01, inf, 1.7801e+01, 1.0032e-02, 
 2DIAGNOSTIC,     3, -5.082619786263e-01, inf, 1.7811e+01, 9.8701e-03, 
 2DIAGNOSTIC,     4, -5.101355910301e-01, inf, 1.7821e+01, 9.8720e-03, 
 2DIAGNOSTIC,     5, -5.110989212990e-01, inf, 1.7832e+01, 1.1369e-02, 
 2DIAGNOSTIC,     6, -5.116364359856e-01, inf, 1.7842e+01, 9.8591e-03, 
 2DIAGNOSTIC,     7, -5.128974318504e-01, inf, 1.7855e+01, 1.3070e-02, 
 2DIAGNOSTIC,     8, -5.132243037224e-01, inf, 1.7866e+01, 1.1325e-02, 
 2DIAGNOSTIC,     9, -5.130852460861e-01, inf, 1.7877e+01, 1.1317e-02, 
 2DIAGNOSTIC,    10, -5.130426883698e-01, 9.651500149630e-04, 1.7889e+01, 1.1951e-02, 
 2DIAGNOSTIC,    11, -5.134323835373e-01, 7.089636055753e-04, 1.7900e+01, 1.0268e-02, 
 2DIAGNOSTIC,    12, -5.139182806015e-01, 4.952751332894e-04, 1.7910e+01, 1.0385e-02, 
 2DIAGNOSTIC,    13, -5.143551826477e-01, 3.439692663960e-04, 1.7920e+01, 1.0305e-02, 
 2DIAGNOSTIC,    14, -5.147489905357e-01, 2.733631117735e-04, 1.7932e+01, 1.1922e-02, 
 2DIAGNOSTIC,    15, -5.149279832840e-01, 2.300205378560e-04, 1.7944e+01, 1.1870e-02, 
 2DIAGNOSTIC,    16, -5.152609944344e-01, 2.001787215704e-04, 1.7956e+01, 1.1913e-02, 
 2DIAGNOSTIC,    17, -5.158826708794e-01, 2.162756572943e-04, 1.7968e+01, 1.1973e-02, 
 2DIAGNOSTIC,    18, -5.159479975700e-01, 2.224954805570e-04, 1.7980e+01, 1.1923e-02, 
 2DIAGNOSTIC,    19, -5.163717865944e-01, 2.163731405744e-04, 1.7995e+01, 1.5282e-02, 
 2DIAGNOSTIC,    20, -5.165485143661e-01, 1.944959803950e-04, 1.8007e+01, 1.1869e-02, 
 2DIAGNOSTIC,    21, -5.170539617538e-01, 1.800992176868e-04, 1.8017e+01, 1.0220e-02, 
 2DIAGNOSTIC,    22, -5.171353816986e-01, 1.640710252104e-04, 1.8028e+01, 1.0231e-02, 
 2DIAGNOSTIC,    23, -5.171978473663e-01, 1.462039363105e-04, 1.8038e+01, 1.0199e-02, 
 2DIAGNOSTIC,    24, -5.174056291580e-01, 1.303280150751e-04, 1.8048e+01, 1.0320e-02, 
 2DIAGNOSTIC,    25, -5.187544822693e-01, 1.371638063574e-04, 1.8063e+01, 1.5108e-02, 
 2DIAGNOSTIC,    26, -5.195697546005e-01, 1.539410295663e-04, 1.8100e+01, 3.6753e-02, 
 2DIAGNOSTIC,    27, -5.195692181587e-01, 1.677771797404e-04, 1.8112e+01, 1.1721e-02, 
 2DIAGNOSTIC,    28, -5.195696353912e-01, 1.667557662586e-04, 1.8123e+01, 1.1702e-02, 
 2DIAGNOSTIC,    29, -5.195701718330e-01, 1.583809789736e-04, 1.8135e+01, 1.1684e-02, 
 2DIAGNOSTIC,    30, -5.195709466934e-01, 1.382503687637e-04, 1.8145e+01, 1.0139e-02, 
 2DIAGNOSTIC,    31, -5.195720195770e-01, 1.151640535682e-04, 1.8155e+01, 1.0128e-02, 
 2DIAGNOSTIC,    32, -5.195739269257e-01, 8.449719462078e-05, 1.8165e+01, 1.0138e-02, 
 2DIAGNOSTIC,    33, -5.195772647858e-01, 4.928119960823e-05, 1.8176e+01, 1.0134e-02, 
 2DIAGNOSTIC,    34, -5.195828080177e-01, 1.455952497054e-05, 1.8186e+01, 1.0131e-02, 
 2DIAGNOSTIC,    35, -5.195915699005e-01, 1.561597173350e-06, 1.8196e+01, 1.0121e-02, 
 2DIAGNOSTIC,    36, -5.196053385735e-01, 1.922817091327e-06, 1.8206e+01, 1.0130e-02, 
 2DIAGNOSTIC,    37, -5.196257233620e-01, 2.458205699440e-06, 1.8218e+01, 1.1658e-02, 
 2DIAGNOSTIC,    38, -5.196448564529e-01, 3.092061888310e-06, 1.8228e+01, 1.0139e-02, 
 2DIAGNOSTIC,    39, -5.194769501686e-01, 1.111977212531e-06, 1.8238e+01, 1.0136e-02, 
DIAGNOSTIC,Iteration,metricValue,convergenceValue,ITERATION_TIME_INDEX,SINCE_LAST
 2DIAGNOSTIC,     1, -4.520188570023e-01, inf, 3.1566e+01, 1.3328e+01, 
 2DIAGNOSTIC,     2, -4.527749121189e-01, inf, 3.1618e+01, 5.1973e-02, 
 2DIAGNOSTIC,     3, -4.535682499409e-01, inf, 3.1670e+01, 5.1820e-02, 
 2DIAGNOSTIC,     4, -4.540796577930e-01, inf, 3.1721e+01, 5.1728e-02, 
 2DIAGNOSTIC,     5, -4.546130001545e-01, inf, 3.1773e+01, 5.1789e-02, 
 2DIAGNOSTIC,     6, -4.557363986969e-01, inf, 3.1836e+01, 6.3095e-02, 
 2DIAGNOSTIC,     7, -4.579247534275e-01, inf, 3.1918e+01, 8.1903e-02, 
 2DIAGNOSTIC,     8, -4.583516120911e-01, inf, 3.1970e+01, 5.2207e-02, 
 2DIAGNOSTIC,     9, -4.584363102913e-01, inf, 3.2032e+01, 6.1855e-02, 
 2DIAGNOSTIC,    10, -4.584680497646e-01, 1.047087716870e-03, 3.2084e+01, 5.2080e-02, 
 2DIAGNOSTIC,    11, -4.585331678391e-01, 8.646549540572e-04, 3.2146e+01, 6.1691e-02, 
 2DIAGNOSTIC,    12, -4.586772620678e-01, 6.796526140533e-04, 3.2217e+01, 7.1216e-02, 
 2DIAGNOSTIC,    13, -4.586136043072e-01, 4.967213608325e-04, 3.2269e+01, 5.2050e-02, 
 2DIAGNOSTIC,    14, -4.586775898933e-01, 3.223316161893e-04, 3.2332e+01, 6.2458e-02, 
 2DIAGNOSTIC,    15, -4.586541950703e-01, 1.632422354305e-04, 3.2394e+01, 6.2744e-02, 
 2DIAGNOSTIC,    16, -4.586649835110e-01, 5.122264701640e-05, 3.2457e+01, 6.2505e-02, 
 2DIAGNOSTIC,    17, -4.587267339230e-01, 2.978063275805e-05, 3.2510e+01, 5.3169e-02, 
 2DIAGNOSTIC,    18, -4.586984813213e-01, 2.183291144320e-05, 3.2572e+01, 6.1909e-02, 
 2DIAGNOSTIC,    19, -4.587664306164e-01, 1.796682045097e-05, 3.2624e+01, 5.2088e-02, 
 2DIAGNOSTIC,    20, -4.588257372379e-01, 1.573315785208e-05, 3.2686e+01, 6.1661e-02, 
 2DIAGNOSTIC,    21, -4.586675465107e-01, 9.478193533141e-06, 3.2767e+01, 8.1233e-02, 
 2DIAGNOSTIC,    22, -4.587796926498e-01, 1.050375794875e-05, 3.2934e+01, 1.6755e-01, 
 2DIAGNOSTIC,    23, -4.587793946266e-01, 8.700167200004e-06, 3.2987e+01, 5.2892e-02, 
 2DIAGNOSTIC,    24, -4.587801992893e-01, 8.021850590012e-06, 3.3040e+01, 5.2910e-02, 
 2DIAGNOSTIC,    25, -4.587824344635e-01, 6.271481197473e-06, 3.3092e+01, 5.2013e-02, 
 2DIAGNOSTIC,    26, -4.587859809399e-01, 4.551762685878e-06, 3.3154e+01, 6.1676e-02, 
 2DIAGNOSTIC,    27, -4.587884545326e-01, 4.152644123678e-06, 3.3215e+01, 6.1570e-02, 
 2DIAGNOSTIC,    28, -4.587426483631e-01, 1.765465185599e-06, 3.3268e+01, 5.2023e-02, 
DIAGNOSTIC,Iteration,metricValue,convergenceValue,ITERATION_TIME_INDEX,SINCE_LAST
 2DIAGNOSTIC,     1, -3.922876417637e-01, inf, 4.2044e+01, 8.7760e+00, 
 2DIAGNOSTIC,     2, -3.923461437225e-01, inf, 4.2697e+01, 6.5326e-01, 
 2DIAGNOSTIC,     3, -3.923417925835e-01, inf, 4.3350e+01, 6.5357e-01, 
 2DIAGNOSTIC,     4, -3.923351466656e-01, inf, 4.3842e+01, 4.9208e-01, 
 2DIAGNOSTIC,     5, -3.923385739326e-01, inf, 4.4334e+01, 4.9170e-01, 
 2DIAGNOSTIC,     6, -3.923372626305e-01, inf, 4.4826e+01, 4.9139e-01, 
 2DIAGNOSTIC,     7, -3.923378288746e-01, inf, 4.5318e+01, 4.9201e-01, 
 2DIAGNOSTIC,     8, -3.923388123512e-01, inf, 4.5809e+01, 4.9161e-01, 
 2DIAGNOSTIC,     9, -3.923328816891e-01, inf, 4.6301e+01, 4.9162e-01, 
 2DIAGNOSTIC,    10, -3.923330605030e-01, 5.555376446864e-06, 4.6793e+01, 4.9234e-01, 
DIAGNOSTIC,Iteration,metricValue,convergenceValue,ITERATION_TIME_INDEX,SINCE_LAST
 2DIAGNOSTIC,     1, -3.385739028454e-01, inf, 5.5530e+01, 8.7368e+00, 
  Elapsed time (stage 0): 5.7311e+01


Stage 1
  iterations = 1000x500x250x0
  convergence threshold = 1.0000e-06
  convergence window size = 10
  number of levels = 4
  using the Mattes MI metric (number of bins = 32, weight = 1.0000e+00)
  preprocessing:  winsorizing the image intensities
  Shrink factors (level 1 out of 4): [12, 12, 12]
  Shrink factors (level 2 out of 4): [8, 8, 8]
  Shrink factors (level 3 out of 4): [4, 4, 4]
  Shrink factors (level 4 out of 4): [2, 2, 2]
  smoothing sigmas per level: [4, 3, 2, 1]
  regular sampling (percentage = 2.5000e-01)

*** Running AffineTransform registration ***

DIAGNOSTIC,Iteration,metricValue,convergenceValue,ITERATION_TIME_INDEX,SINCE_LAST
 2DIAGNOSTIC,     1, -5.142396092415e-01, inf, 1.7505e+01, 1.7505e+01, 
 2DIAGNOSTIC,     2, -5.153040289879e-01, inf, 1.7519e+01, 1.3413e-02, 
 2DIAGNOSTIC,     3, -5.164777636528e-01, inf, 1.7532e+01, 1.3264e-02, 
 2DIAGNOSTIC,     4, -5.181850194931e-01, inf, 1.7547e+01, 1.4941e-02, 
 2DIAGNOSTIC,     5, -5.200265049934e-01, inf, 1.7560e+01, 1.3177e-02, 
 2DIAGNOSTIC,     6, -5.223089456558e-01, inf, 1.7575e+01, 1.5050e-02, 
 2DIAGNOSTIC,     7, -5.233369469643e-01, inf, 1.7590e+01, 1.5102e-02, 
 2DIAGNOSTIC,     8, -5.264765024185e-01, inf, 1.7604e+01, 1.3323e-02, 
 2DIAGNOSTIC,     9, -5.275386571884e-01, inf, 1.7617e+01, 1.3149e-02, 
 2DIAGNOSTIC,    10, -5.291254520416e-01, 1.931901904754e-03, 1.7632e+01, 1.5462e-02, 
 2DIAGNOSTIC,    11, -5.302041172981e-01, 1.769418013282e-03, 1.7651e+01, 1.8948e-02, 
 2DIAGNOSTIC,    12, -5.314653515816e-01, 1.580564654432e-03, 1.7667e+01, 1.5453e-02, 
 2DIAGNOSTIC,    13, -5.316282510757e-01, 1.332713174634e-03, 1.7680e+01, 1.3828e-02, 
 2DIAGNOSTIC,    14, -5.321490764618e-01, 1.085680094548e-03, 1.7694e+01, 1.3889e-02, 
 2DIAGNOSTIC,    15, -5.341294407845e-01, 9.099734015763e-04, 1.7713e+01, 1.8968e-02, 
 2DIAGNOSTIC,    16, -5.351679325104e-01, 7.838900783099e-04, 1.7727e+01, 1.3790e-02, 
 2DIAGNOSTIC,    17, -5.357761979103e-01, 6.505787023343e-04, 1.7741e+01, 1.3668e-02, 
 2DIAGNOSTIC,    18, -5.361526608467e-01, 5.785928224213e-04, 1.7754e+01, 1.3692e-02, 
 2DIAGNOSTIC,    19, -5.383155941963e-01, 5.518738762476e-04, 1.7772e+01, 1.7120e-02, 
 2DIAGNOSTIC,    20, -5.385108590126e-01, 5.220927996561e-04, 1.7787e+01, 1.5268e-02, 
 2DIAGNOSTIC,    21, -5.385774970055e-01, 4.754233232234e-04, 1.7800e+01, 1.3634e-02, 
 2DIAGNOSTIC,    22, -5.393494963646e-01, 4.398298624437e-04, 1.7814e+01, 1.3824e-02, 
 2DIAGNOSTIC,    23, -5.400102734566e-01, 3.854099777527e-04, 1.7828e+01, 1.3747e-02, 
 2DIAGNOSTIC,    24, -5.425246953964e-01, 3.655983891804e-04, 1.7843e+01, 1.5420e-02, 
 2DIAGNOSTIC,    25, -5.434643626213e-01, 3.740981628653e-04, 1.7864e+01, 2.0262e-02, 
 2DIAGNOSTIC,    26, -5.435265302658e-01, 3.702133544721e-04, 1.7877e+01, 1.3650e-02, 
 2DIAGNOSTIC,    27, -5.436490774155e-01, 3.474280238152e-04, 1.7891e+01, 1.3527e-02, 
 2DIAGNOSTIC,    28, -5.439696907997e-01, 3.056466812268e-04, 1.7905e+01, 1.3677e-02, 
 2DIAGNOSTIC,    29, -5.453211665154e-01, 3.018876595888e-04, 1.7922e+01, 1.7127e-02, 
 2DIAGNOSTIC,    30, -5.454772710800e-01, 2.755010500550e-04, 1.7935e+01, 1.3590e-02, 
 2DIAGNOSTIC,    31, -5.457946658134e-01, 2.321667561773e-04, 1.7951e+01, 1.5252e-02, 
 2DIAGNOSTIC,    32, -5.469141602516e-01, 2.018231170950e-04, 1.7969e+01, 1.8717e-02, 
 2DIAGNOSTIC,    33, -5.469169616699e-01, 1.634785585338e-04, 1.7983e+01, 1.3585e-02, 
 2DIAGNOSTIC,    34, -5.470297932625e-01, 1.526503765490e-04, 1.7998e+01, 1.5318e-02, 
 2DIAGNOSTIC,    35, -5.468258857727e-01, 1.393934362568e-04, 1.8012e+01, 1.3562e-02, 
 2DIAGNOSTIC,    36, -5.468443036079e-01, 1.152059412561e-04, 1.8027e+01, 1.5200e-02, 
 2DIAGNOSTIC,    37, -5.468599796295e-01, 8.329882257385e-05, 1.8040e+01, 1.3545e-02, 
 2DIAGNOSTIC,    38, -5.485900640488e-01, 7.332702807616e-05, 1.8062e+01, 2.1827e-02, 
 2DIAGNOSTIC,    39, -5.487367510796e-01, 7.689935591770e-05, 1.8077e+01, 1.5155e-02, 
 2DIAGNOSTIC,    40, -5.483633279800e-01, 7.048330735415e-05, 1.8091e+01, 1.3412e-02, 
 2DIAGNOSTIC,    41, -5.481764674187e-01, 5.956831228104e-05, 1.8106e+01, 1.5092e-02, 
 2DIAGNOSTIC,    42, -5.481811761856e-01, 5.767113543698e-05, 1.8119e+01, 1.3482e-02, 
 2DIAGNOSTIC,    43, -5.481835007668e-01, 4.995658309781e-05, 1.8135e+01, 1.5243e-02, 
 2DIAGNOSTIC,    44, -5.481843948364e-01, 3.921367169823e-05, 1.8150e+01, 1.5195e-02, 
 2DIAGNOSTIC,    45, -5.481851100922e-01, 2.329669769097e-05, 1.8163e+01, 1.3598e-02, 
 2DIAGNOSTIC,    46, -5.481853485107e-01, 6.454275080614e-06, 1.8179e+01, 1.5204e-02, 
DIAGNOSTIC,Iteration,metricValue,convergenceValue,ITERATION_TIME_INDEX,SINCE_LAST
 2DIAGNOSTIC,     1, -4.705493450165e-01, inf, 3.1582e+01, 1.3403e+01, 
 2DIAGNOSTIC,     2, -4.714156985283e-01, inf, 3.1644e+01, 6.1979e-02, 
 2DIAGNOSTIC,     3, -4.722126722336e-01, inf, 3.1715e+01, 7.1721e-02, 
 2DIAGNOSTIC,     4, -4.725145399570e-01, inf, 3.1778e+01, 6.2704e-02, 
 2DIAGNOSTIC,     5, -4.728948473930e-01, inf, 3.1841e+01, 6.3234e-02, 
 2DIAGNOSTIC,     6, -4.735234975815e-01, inf, 3.1904e+01, 6.2599e-02, 
 2DIAGNOSTIC,     7, -4.743535220623e-01, inf, 3.1997e+01, 9.2982e-02, 
 2DIAGNOSTIC,     8, -4.751883149147e-01, inf, 3.2155e+01, 1.5800e-01, 
 2DIAGNOSTIC,     9, -4.751881659031e-01, inf, 3.2217e+01, 6.2507e-02, 
 2DIAGNOSTIC,    10, -4.751921892166e-01, 6.631209980696e-04, 3.2281e+01, 6.3197e-02, 
 2DIAGNOSTIC,    11, -4.751989543438e-01, 5.197317223065e-04, 3.2344e+01, 6.2923e-02, 
 2DIAGNOSTIC,    12, -4.752097725868e-01, 3.962235641666e-04, 3.2407e+01, 6.3177e-02, 
 2DIAGNOSTIC,    13, -4.752278029919e-01, 2.933435607702e-04, 3.2469e+01, 6.2241e-02, 
 2DIAGNOSTIC,    14, -4.752552509308e-01, 1.931867882377e-04, 3.2532e+01, 6.2832e-02, 
 2DIAGNOSTIC,    15, -4.755007326603e-01, 1.142135151895e-04, 3.2594e+01, 6.2538e-02, 
 2DIAGNOSTIC,    16, -4.756077528000e-01, 6.166941602714e-05, 3.2657e+01, 6.2590e-02, 
 2DIAGNOSTIC,    17, -4.757273197174e-01, 4.247447941452e-05, 3.2720e+01, 6.2842e-02, 
 2DIAGNOSTIC,    18, -4.758567214012e-01, 5.382251038100e-05, 3.2802e+01, 8.1729e-02, 
 2DIAGNOSTIC,    19, -4.758852720261e-01, 5.998748019920e-05, 3.2874e+01, 7.2808e-02, 
 2DIAGNOSTIC,    20, -4.758583009243e-01, 5.937784590060e-05, 3.2946e+01, 7.2005e-02, 
 2DIAGNOSTIC,    21, -4.758245944977e-01, 5.268754102872e-05, 3.3019e+01, 7.2179e-02, 
 2DIAGNOSTIC,    22, -4.757499098778e-01, 4.014675505459e-05, 3.3092e+01, 7.2958e-02, 
 2DIAGNOSTIC,    23, -4.757761955261e-01, 2.629698792589e-05, 3.3165e+01, 7.3156e-02, 
 2DIAGNOSTIC,    24, -4.757601916790e-01, 1.138349762186e-05, 3.3238e+01, 7.2939e-02, 
 2DIAGNOSTIC,    25, -4.757998585701e-01, 3.563027803466e-06, 3.3311e+01, 7.3431e-02, 
DIAGNOSTIC,Iteration,metricValue,convergenceValue,ITERATION_TIME_INDEX,SINCE_LAST
 2DIAGNOSTIC,     1, -4.042189717293e-01, inf, 4.2248e+01, 8.9365e+00, 
 2DIAGNOSTIC,     2, -4.048344194889e-01, inf, 4.2752e+01, 5.0489e-01, 
 2DIAGNOSTIC,     3, -4.057158529758e-01, inf, 4.3259e+01, 5.0681e-01, 
 2DIAGNOSTIC,     4, -4.065698981285e-01, inf, 4.3764e+01, 5.0491e-01, 
 2DIAGNOSTIC,     5, -4.076398015022e-01, inf, 4.4269e+01, 5.0492e-01, 
 2DIAGNOSTIC,     6, -4.085020422935e-01, inf, 4.4773e+01, 5.0347e-01, 
 2DIAGNOSTIC,     7, -4.088872075081e-01, inf, 4.5695e+01, 9.2208e-01, 
 2DIAGNOSTIC,     8, -4.090124368668e-01, inf, 4.6365e+01, 6.6998e-01, 
 2DIAGNOSTIC,     9, -4.090232253075e-01, inf, 4.6868e+01, 5.0360e-01, 
 2DIAGNOSTIC,    10, -4.090194404125e-01, 8.403543615714e-04, 4.7706e+01, 8.3782e-01, 
 2DIAGNOSTIC,    11, -4.090100526810e-01, 6.045273039490e-04, 4.8628e+01, 9.2169e-01, 
 2DIAGNOSTIC,    12, -4.090102314949e-01, 3.895549452864e-04, 4.9219e+01, 5.9150e-01, 
 2DIAGNOSTIC,    13, -4.090101420879e-01, 2.200227900175e-04, 4.9729e+01, 5.0984e-01, 
 2DIAGNOSTIC,    14, -4.090104103088e-01, 9.681370283943e-05, 5.0394e+01, 6.6533e-01, 
 2DIAGNOSTIC,    15, -4.090104401112e-01, 3.031251435459e-05, 5.0976e+01, 5.8113e-01, 
 2DIAGNOSTIC,    16, -4.090051651001e-01, 6.473705525423e-06, 5.1562e+01, 5.8672e-01, 
DIAGNOSTIC,Iteration,metricValue,convergenceValue,ITERATION_TIME_INDEX,SINCE_LAST
 2DIAGNOSTIC,     1, -3.542765676975e-01, inf, 6.1139e+01, 9.5772e+00, 
  Elapsed time (stage 1): 6.2910e+01


Stage 2
  iterations = 100x100x70x50x0
  convergence threshold = 1.0000e-06
  convergence window size = 10
  number of levels = 5
  using the Mattes MI metric (number of bins = 32, weight = 1.0000e+00)
  preprocessing:  winsorizing the image intensities
  Shrink factors (level 1 out of 5): [10, 10, 10]
  Shrink factors (level 2 out of 5): [6, 6, 6]
  Shrink factors (level 3 out of 5): [4, 4, 4]
  Shrink factors (level 4 out of 5): [2, 2, 2]
  Shrink factors (level 5 out of 5): [1, 1, 1]
  smoothing sigmas per level: [5, 3, 2, 1, 0]
  Using default NONE metricSamplingStrategy 

*** Running SyN registration (varianceForUpdateField = 3.0000e+00, varianceForTotalField = 0.0000e+00) ***

XXDIAGNOSTIC,Iteration,metricValue,convergenceValue,ITERATION_TIME_INDEX,SINCE_LAST
 1DIAGNOSTIC,     1, -5.238068103790e-01, inf, 3.2295e+01, 3.2295e+01, 
 1DIAGNOSTIC,     2, -5.429799556732e-01, inf, 3.2448e+01, 1.5249e-01, 
 1DIAGNOSTIC,     3, -5.568576455116e-01, inf, 3.2593e+01, 1.4539e-01, 
 1DIAGNOSTIC,     4, -5.620368719101e-01, inf, 3.2738e+01, 1.4537e-01, 
 1DIAGNOSTIC,     5, -5.611184835434e-01, inf, 3.2884e+01, 1.4530e-01, 
 1DIAGNOSTIC,     6, -5.601520538330e-01, inf, 3.3033e+01, 1.4971e-01, 
 1DIAGNOSTIC,     7, -5.542293787003e-01, inf, 3.3179e+01, 1.4585e-01, 
 1DIAGNOSTIC,     8, -5.552675724030e-01, inf, 3.3325e+01, 1.4545e-01, 
 1DIAGNOSTIC,     9, -5.524645447731e-01, inf, 3.3472e+01, 1.4705e-01, 
 1DIAGNOSTIC,    10, -5.516065359116e-01, 1.607640529983e-03, 3.3618e+01, 1.4641e-01, 
 1DIAGNOSTIC,    11, -5.479176044464e-01, -4.692418442573e-04, 3.3764e+01, 1.4602e-01, 
XXDIAGNOSTIC,Iteration,metricValue,convergenceValue,ITERATION_TIME_INDEX,SINCE_LAST
 1DIAGNOSTIC,     1, -4.368175268173e-01, inf, 4.7465e+01, 1.3701e+01, 
 1DIAGNOSTIC,     2, -4.395360350609e-01, inf, 4.8056e+01, 5.9091e-01, 
 1DIAGNOSTIC,     3, -4.407570362091e-01, inf, 4.8629e+01, 5.7275e-01, 
 1DIAGNOSTIC,     4, -4.412881135941e-01, inf, 4.9204e+01, 5.7550e-01, 
 1DIAGNOSTIC,     5, -4.410499930382e-01, inf, 4.9779e+01, 5.7453e-01, 
 1DIAGNOSTIC,     6, -4.401733279228e-01, inf, 5.0353e+01, 5.7468e-01, 
 1DIAGNOSTIC,     7, -4.392582178116e-01, inf, 5.0927e+01, 5.7336e-01, 
 1DIAGNOSTIC,     8, -4.381324052811e-01, inf, 5.1500e+01, 5.7349e-01, 
 1DIAGNOSTIC,     9, -4.371196031570e-01, inf, 5.2073e+01, 5.7305e-01, 
 1DIAGNOSTIC,    10, -4.360543489456e-01, -3.729052550625e-04, 5.2651e+01, 5.7762e-01, 
XXDIAGNOSTIC,Iteration,metricValue,convergenceValue,ITERATION_TIME_INDEX,SINCE_LAST
 1DIAGNOSTIC,     1, -3.721601366997e-01, inf, 6.2961e+01, 1.0310e+01, 
 1DIAGNOSTIC,     2, -3.732501268387e-01, inf, 6.4813e+01, 1.8521e+00, 
 1DIAGNOSTIC,     3, -3.740149736404e-01, inf, 6.6603e+01, 1.7907e+00, 
 1DIAGNOSTIC,     4, -3.744058310986e-01, inf, 6.8388e+01, 1.7846e+00, 
 1DIAGNOSTIC,     5, -3.743806481361e-01, inf, 7.0176e+01, 1.7876e+00, 
 1DIAGNOSTIC,     6, -3.742502331734e-01, inf, 7.1963e+01, 1.7874e+00, 
 1DIAGNOSTIC,     7, -3.740252256393e-01, inf, 7.3751e+01, 1.7882e+00, 
 1DIAGNOSTIC,     8, -3.737941682339e-01, inf, 7.5541e+01, 1.7896e+00, 
 1DIAGNOSTIC,     9, -3.734286427498e-01, inf, 7.7392e+01, 1.8516e+00, 
 1DIAGNOSTIC,    10, -3.730280995369e-01, 5.411747406470e-05, 7.9237e+01, 1.8446e+00, 
 1DIAGNOSTIC,    11, -3.726022541523e-01, -1.705009344732e-04, 8.1080e+01, 1.8426e+00, 
XXDIAGNOSTIC,Iteration,metricValue,convergenceValue,ITERATION_TIME_INDEX,SINCE_LAST
 1DIAGNOSTIC,     1, -3.157357871532e-01, inf, 1.0118e+02, 2.0105e+01, 
 1DIAGNOSTIC,     2, -3.166231513023e-01, inf, 1.1407e+02, 1.2887e+01, 
 1DIAGNOSTIC,     3, -3.175153434277e-01, inf, 1.2695e+02, 1.2875e+01, 
 1DIAGNOSTIC,     4, -3.183476924896e-01, inf, 1.3986e+02, 1.2913e+01, 
 1DIAGNOSTIC,     5, -3.190652728081e-01, inf, 1.5324e+02, 1.3383e+01, 
 1DIAGNOSTIC,     6, -3.198127746582e-01, inf, 1.6634e+02, 1.3098e+01, 
 1DIAGNOSTIC,     7, -3.203619718552e-01, inf, 1.7925e+02, 1.2906e+01, 
 1DIAGNOSTIC,     8, -3.208111226559e-01, inf, 1.9225e+02, 1.3000e+01, 
 1DIAGNOSTIC,     9, -3.212078511715e-01, inf, 2.0512e+02, 1.2875e+01, 
 1DIAGNOSTIC,    10, -3.215988576412e-01, 1.182937179692e-03, 2.1796e+02, 1.2834e+01, 
 1DIAGNOSTIC,    11, -3.220152258873e-01, 9.634540765546e-04, 2.3182e+02, 1.3866e+01, 
 1DIAGNOSTIC,    12, -3.223824203014e-01, 7.862984202802e-04, 2.4473e+02, 1.2910e+01, 
 1DIAGNOSTIC,    13, -3.226220905781e-01, 6.423303275369e-04, 2.5862e+02, 1.3885e+01, 
 1DIAGNOSTIC,    14, -3.228573799133e-01, 5.281895282678e-04, 2.7148e+02, 1.2862e+01, 
 1DIAGNOSTIC,    15, -3.230528235435e-01, 4.345194611233e-04, 2.8478e+02, 1.3300e+01, 
 1DIAGNOSTIC,    16, -3.232659697533e-01, 3.655633190647e-04, 2.9814e+02, 1.3363e+01, 
 1DIAGNOSTIC,    17, -3.234984874725e-01, 3.115452418569e-04, 3.1142e+02, 1.3274e+01, 
 1DIAGNOSTIC,    18, -3.236331939697e-01, 2.633701078594e-04, 3.2521e+02, 1.3791e+01, 
 1DIAGNOSTIC,    19, -3.237484097481e-01, 2.197769063059e-04, 3.3905e+02, 1.3841e+01, 
 1DIAGNOSTIC,    20, -3.238791823387e-01, 1.831237750594e-04, 3.5287e+02, 1.3825e+01, 
 1DIAGNOSTIC,    21, -3.240354061127e-01, 1.568208390381e-04, 3.6665e+02, 1.3777e+01, 
 1DIAGNOSTIC,    22, -3.241531252861e-01, 1.376403670292e-04, 3.8044e+02, 1.3785e+01, 
 1DIAGNOSTIC,    23, -3.242539167404e-01, 1.203410356538e-04, 3.9419e+02, 1.3754e+01, 
 1DIAGNOSTIC,    24, -3.243056833744e-01, 1.038773771143e-04, 4.0799e+02, 1.3797e+01, 
 1DIAGNOSTIC,    25, -3.243211805820e-01, 8.647435606690e-05, 4.2133e+02, 1.3347e+01, 
 1DIAGNOSTIC,    26, -3.243725299835e-01, 7.122693205019e-05, 4.3509e+02, 1.3759e+01, 
 1DIAGNOSTIC,    27, -3.245161771774e-01, 6.270335143199e-05, 4.4894e+02, 1.3848e+01, 
 1DIAGNOSTIC,    28, -3.246206641197e-01, 5.638168659061e-05, 4.6281e+02, 1.3866e+01, 
 1DIAGNOSTIC,    29, -3.246944844723e-01, 5.098408655613e-05, 4.7667e+02, 1.3859e+01, 
 1DIAGNOSTIC,    30, -3.247416019440e-01, 4.644734144676e-05, 4.9051e+02, 1.3845e+01, 
 1DIAGNOSTIC,    31, -3.247448205948e-01, 4.240299676894e-05, 5.0429e+02, 1.3772e+01, 
 1DIAGNOSTIC,    32, -3.246766328812e-01, 3.596700116759e-05, 5.1817e+02, 1.3884e+01, 
 1DIAGNOSTIC,    33, -3.246264457703e-01, 2.795227374008e-05, 5.3156e+02, 1.3396e+01, 
 1DIAGNOSTIC,    34, -3.245712518692e-01, 1.779783997335e-05, 5.4534e+02, 1.3779e+01, 
 1DIAGNOSTIC,    35, -3.245778977871e-01, 7.202047527244e-06, 5.5914e+02, 1.3791e+01, 
 1DIAGNOSTIC,    36, -3.245584368706e-01, -2.699759988900e-06, 5.7270e+02, 1.3567e+01, 
  Elapsed time (stage 2): 596.6


Total elapsed time: 716.8

--- Writing output images ---

Using double precision for computations.
Input scalar image: data/Segmentations/1011_3_seg.nii.gz
Reference image: data/template/T_template0_BrainCerebellum.nii.gz
=============================================================================
The composite transform comprises the following transforms (in order): 
  1. /tmp/1971619.1.basic.q/1011_ToTemplate_012_0GenericAffine.mat (type = AffineTransform)
  2. /tmp/1971619.1.basic.q/1011_ToTemplate_012_1Warp.nii.gz (type = DisplacementFieldTransform)
=============================================================================
Default pixel value: 0
Interpolation type: LabelImageGenericInterpolateImageFunction
Output warped image: output/1011/1011_WarpedLabels_012.nii.gz

--- Done ---

