
--- Running on compute-1-11.local ---


--- registration call ---
/data/jet/pcook/bin/antsBuild/bin/antsRegistrationSyNQuick.sh -d 3 -f data/template/T_template0_BrainCerebellum.nii.gz -m data/Brains/1011_3.nii.gz -t s -p f -n 1 -o /tmp/1971624.1.basic.q/1011_ToTemplate_017_
---


--------------------------------------------------------------------------------------
 Mapping parameters
--------------------------------------------------------------------------------------
 ANTSPATH is /data/jet/pcook/bin/antsBuild/bin/

 Dimensionality:           3
 Output name prefix:       /tmp/1971624.1.basic.q/1011_ToTemplate_017_
 Fixed images:             data/template/T_template0_BrainCerebellum.nii.gz
 Moving images:            data/Brains/1011_3.nii.gz
 Mask images:              
 Initial transforms:       
 Number of threads:        1
 Spline distance:          26
 Transform type:           s
 MI histogram bins:        32
 Precision:                f
 Use histogram matching    0
======================================================================================
 antsRegistration call:
--------------------------------------------------------------------------------------
/data/jet/pcook/bin/antsBuild/bin//antsRegistration --verbose 1 --dimensionality 3 --float 1 --collapse-output-transforms 1 --output [/tmp/1971624.1.basic.q/1011_ToTemplate_017_,/tmp/1971624.1.basic.q/1011_ToTemplate_017_Warped.nii.gz,/tmp/1971624.1.basic.q/1011_ToTemplate_017_InverseWarped.nii.gz] --interpolation Linear --use-histogram-matching 0 --winsorize-image-intensities [0.005,0.995] --initial-moving-transform [data/template/T_template0_BrainCerebellum.nii.gz,data/Brains/1011_3.nii.gz,1] --transform Rigid[0.1] --metric MI[data/template/T_template0_BrainCerebellum.nii.gz,data/Brains/1011_3.nii.gz,1,32,Regular,0.25] --convergence [1000x500x250x0,1e-6,10] --shrink-factors 12x8x4x2 --smoothing-sigmas 4x3x2x1vox --transform Affine[0.1] --metric MI[data/template/T_template0_BrainCerebellum.nii.gz,data/Brains/1011_3.nii.gz,1,32,Regular,0.25] --convergence [1000x500x250x0,1e-6,10] --shrink-factors 12x8x4x2 --smoothing-sigmas 4x3x2x1vox --transform SyN[0.1,3,0] --metric MI[data/template/T_template0_BrainCerebellum.nii.gz,data/Brains/1011_3.nii.gz,1,32] --convergence [100x100x70x50x0,1e-6,10] --shrink-factors 10x6x4x2x1 --smoothing-sigmas 5x3x2x1x0vox
--------------------------------------------------------------------------------------
All_Command_lines_OK
Using single precision for computations.
=============================================================================
The composite transform comprises the following transforms (in order): 
  1. Center of mass alignment using fixed image: data/template/T_template0_BrainCerebellum.nii.gz and moving image: data/Brains/1011_3.nii.gz (type = Euler3DTransform)
=============================================================================
  number of levels = 4
  number of levels = 4
  number of levels = 5
  fixed image: data/template/T_template0_BrainCerebellum.nii.gz
  moving image: data/Brains/1011_3.nii.gz
  fixed image: data/template/T_template0_BrainCerebellum.nii.gz
  moving image: data/Brains/1011_3.nii.gz
  fixed image: data/template/T_template0_BrainCerebellum.nii.gz
  moving image: data/Brains/1011_3.nii.gz
Dimension = 3
Number of stages = 3
Use Histogram Matching false
Winsorize image intensities true
Lower quantile = 0.005
Upper quantile = 0.995
Stage 1 State
   Image metric = Mattes
     Fixed image = Image (0x4b91420)
  RTTI typeinfo:   itk::Image<float, 3u>
  Reference Count: 2
  Modified Time: 1611
  Debug: Off
  Object Name: 
  Observers: 
    none
  Source: (none)
  Source output name: (none)
  Release Data: Off
  Data Released: False
  Global Release Data: Off
  PipelineMTime: 0
  UpdateMTime: 1422
  RealTimeStamp: 0 seconds 
  LargestPossibleRegion: 
    Dimension: 3
    Index: [0, 0, 0]
    Size: [216, 256, 291]
  BufferedRegion: 
    Dimension: 3
    Index: [0, 0, 0]
    Size: [216, 256, 291]
  RequestedRegion: 
    Dimension: 3
    Index: [0, 0, 0]
    Size: [216, 256, 291]
  Spacing: [1, 1, 1]
  Origin: [0, 293, 0]
  Direction: 
1 0 0
0 -0 -1
0 -1 -0

  IndexToPointMatrix: 
1 0 0
0 0 -1
0 -1 0

  PointToIndexMatrix: 
1 0 0
0 0 -1
0 -1 0

  Inverse Direction: 
1 0 0
0 0 -1
0 -1 0

  PixelContainer: 
    ImportImageContainer (0x4b767f0)
      RTTI typeinfo:   itk::ImportImageContainer<unsigned long, float>
      Reference Count: 1
      Modified Time: 1419
      Debug: Off
      Object Name: 
      Observers: 
        none
      Pointer: 0x7f354f318010
      Container manages memory: true
      Size: 16091136
      Capacity: 16091136

     Moving image = Image (0x4b91e60)
  RTTI typeinfo:   itk::Image<float, 3u>
  Reference Count: 2
  Modified Time: 1612
  Debug: Off
  Object Name: 
  Observers: 
    none
  Source: (none)
  Source output name: (none)
  Release Data: Off
  Data Released: False
  Global Release Data: Off
  PipelineMTime: 0
  UpdateMTime: 1609
  RealTimeStamp: 0 seconds 
  LargestPossibleRegion: 
    Dimension: 3
    Index: [0, 0, 0]
    Size: [256, 256, 287]
  BufferedRegion: 
    Dimension: 3
    Index: [0, 0, 0]
    Size: [256, 256, 287]
  RequestedRegion: 
    Dimension: 3
    Index: [0, 0, 0]
    Size: [256, 256, 287]
  Spacing: [1, 1, 1]
  Origin: [0, 286, 0]
  Direction: 
1 0 0
0 -0 -1
0 -1 -0

  IndexToPointMatrix: 
1 0 0
0 0 -1
0 -1 0

  PointToIndexMatrix: 
1 0 0
0 0 -1
0 -1 0

  Inverse Direction: 
1 0 0
0 0 -1
0 -1 0

  PixelContainer: 
    ImportImageContainer (0x4b942b0)
      RTTI typeinfo:   itk::ImportImageContainer<unsigned long, float>
      Reference Count: 1
      Modified Time: 1606
      Debug: Off
      Object Name: 
      Observers: 
        none
      Pointer: 0x7f354ab57010
      Container manages memory: true
      Size: 18808832
      Capacity: 18808832

     Weighting = 1
     Sampling strategy = regular
     Number of bins = 32
     Radius = 4
     Sampling percentage  = 0.25
   Transform = Rigid
     Gradient step = 0.1
     Update field sigma (voxel space) = 0
     Total field sigma (voxel space) = 0
     Update field time sigma = 0
     Total field time sigma  = 0
     Number of time indices = 0
     Number of time point samples = 0
Stage 2 State
   Image metric = Mattes
     Fixed image = Image (0x4b9c6c0)
  RTTI typeinfo:   itk::Image<float, 3u>
  Reference Count: 2
  Modified Time: 1987
  Debug: Off
  Object Name: 
  Observers: 
    none
  Source: (none)
  Source output name: (none)
  Release Data: Off
  Data Released: False
  Global Release Data: Off
  PipelineMTime: 0
  UpdateMTime: 1798
  RealTimeStamp: 0 seconds 
  LargestPossibleRegion: 
    Dimension: 3
    Index: [0, 0, 0]
    Size: [216, 256, 291]
  BufferedRegion: 
    Dimension: 3
    Index: [0, 0, 0]
    Size: [216, 256, 291]
  RequestedRegion: 
    Dimension: 3
    Index: [0, 0, 0]
    Size: [216, 256, 291]
  Spacing: [1, 1, 1]
  Origin: [0, 293, 0]
  Direction: 
1 0 0
0 -0 -1
0 -1 -0

  IndexToPointMatrix: 
1 0 0
0 0 -1
0 -1 0

  PointToIndexMatrix: 
1 0 0
0 0 -1
0 -1 0

  Inverse Direction: 
1 0 0
0 0 -1
0 -1 0

  PixelContainer: 
    ImportImageContainer (0x4b9cf60)
      RTTI typeinfo:   itk::ImportImageContainer<unsigned long, float>
      Reference Count: 1
      Modified Time: 1795
      Debug: Off
      Object Name: 
      Observers: 
        none
      Pointer: 0x7f3546df4010
      Container manages memory: true
      Size: 16091136
      Capacity: 16091136

     Moving image = Image (0x4b9ca50)
  RTTI typeinfo:   itk::Image<float, 3u>
  Reference Count: 2
  Modified Time: 1988
  Debug: Off
  Object Name: 
  Observers: 
    none
  Source: (none)
  Source output name: (none)
  Release Data: Off
  Data Released: False
  Global Release Data: Off
  PipelineMTime: 0
  UpdateMTime: 1985
  RealTimeStamp: 0 seconds 
  LargestPossibleRegion: 
    Dimension: 3
    Index: [0, 0, 0]
    Size: [256, 256, 287]
  BufferedRegion: 
    Dimension: 3
    Index: [0, 0, 0]
    Size: [256, 256, 287]
  RequestedRegion: 
    Dimension: 3
    Index: [0, 0, 0]
    Size: [256, 256, 287]
  Spacing: [1, 1, 1]
  Origin: [0, 286, 0]
  Direction: 
1 0 0
0 -0 -1
0 -1 -0

  IndexToPointMatrix: 
1 0 0
0 0 -1
0 -1 0

  PointToIndexMatrix: 
1 0 0
0 0 -1
0 -1 0

  Inverse Direction: 
1 0 0
0 0 -1
0 -1 0

  PixelContainer: 
    ImportImageContainer (0x4b9d950)
      RTTI typeinfo:   itk::ImportImageContainer<unsigned long, float>
      Reference Count: 1
      Modified Time: 1982
      Debug: Off
      Object Name: 
      Observers: 
        none
      Pointer: 0x7f3542633010
      Container manages memory: true
      Size: 18808832
      Capacity: 18808832

     Weighting = 1
     Sampling strategy = regular
     Number of bins = 32
     Radius = 4
     Sampling percentage  = 0.25
   Transform = Affine
     Gradient step = 0.1
     Update field sigma (voxel space) = 0
     Total field sigma (voxel space) = 0
     Update field time sigma = 0
     Total field time sigma  = 0
     Number of time indices = 0
     Number of time point samples = 0
Stage 3 State
   Image metric = Mattes
     Fixed image = Image (0x4ba37b0)
  RTTI typeinfo:   itk::Image<float, 3u>
  Reference Count: 2
  Modified Time: 2363
  Debug: Off
  Object Name: 
  Observers: 
    none
  Source: (none)
  Source output name: (none)
  Release Data: Off
  Data Released: False
  Global Release Data: Off
  PipelineMTime: 0
  UpdateMTime: 2174
  RealTimeStamp: 0 seconds 
  LargestPossibleRegion: 
    Dimension: 3
    Index: [0, 0, 0]
    Size: [216, 256, 291]
  BufferedRegion: 
    Dimension: 3
    Index: [0, 0, 0]
    Size: [216, 256, 291]
  RequestedRegion: 
    Dimension: 3
    Index: [0, 0, 0]
    Size: [216, 256, 291]
  Spacing: [1, 1, 1]
  Origin: [0, 293, 0]
  Direction: 
1 0 0
0 -0 -1
0 -1 -0

  IndexToPointMatrix: 
1 0 0
0 0 -1
0 -1 0

  PointToIndexMatrix: 
1 0 0
0 0 -1
0 -1 0

  Inverse Direction: 
1 0 0
0 0 -1
0 -1 0

  PixelContainer: 
    ImportImageContainer (0x4ba3a40)
      RTTI typeinfo:   itk::ImportImageContainer<unsigned long, float>
      Reference Count: 1
      Modified Time: 2171
      Debug: Off
      Object Name: 
      Observers: 
        none
      Pointer: 0x7f353e8d0010
      Container manages memory: true
      Size: 16091136
      Capacity: 16091136

     Moving image = Image (0x4ba61b0)
  RTTI typeinfo:   itk::Image<float, 3u>
  Reference Count: 2
  Modified Time: 2364
  Debug: Off
  Object Name: 
  Observers: 
    none
  Source: (none)
  Source output name: (none)
  Release Data: Off
  Data Released: False
  Global Release Data: Off
  PipelineMTime: 0
  UpdateMTime: 2361
  RealTimeStamp: 0 seconds 
  LargestPossibleRegion: 
    Dimension: 3
    Index: [0, 0, 0]
    Size: [256, 256, 287]
  BufferedRegion: 
    Dimension: 3
    Index: [0, 0, 0]
    Size: [256, 256, 287]
  RequestedRegion: 
    Dimension: 3
    Index: [0, 0, 0]
    Size: [256, 256, 287]
  Spacing: [1, 1, 1]
  Origin: [0, 286, 0]
  Direction: 
1 0 0
0 -0 -1
0 -1 -0

  IndexToPointMatrix: 
1 0 0
0 0 -1
0 -1 0

  PointToIndexMatrix: 
1 0 0
0 0 -1
0 -1 0

  Inverse Direction: 
1 0 0
0 0 -1
0 -1 0

  PixelContainer: 
    ImportImageContainer (0x4ba3aa0)
      RTTI typeinfo:   itk::ImportImageContainer<unsigned long, float>
      Reference Count: 1
      Modified Time: 2358
      Debug: Off
      Object Name: 
      Observers: 
        none
      Pointer: 0x7f353a10f010
      Container manages memory: true
      Size: 18808832
      Capacity: 18808832

     Weighting = 1
     Sampling strategy = none
     Number of bins = 32
     Radius = 4
     Sampling percentage  = 1
   Transform = SyN
     Gradient step = 0.1
     Update field sigma (voxel space) = 3
     Total field sigma (voxel space) = 0
     Update field time sigma = 0
     Total field time sigma  = 0
     Number of time indices = 0
     Number of time point samples = 0
Registration using 3 total stages.

Stage 0
  iterations = 1000x500x250x0
  convergence threshold = 1e-06
  convergence window size = 10
  number of levels = 4
  using the Mattes MI metric (number of bins = 32, weight = 1)
  preprocessing:  winsorizing the image intensities
  Shrink factors (level 1 out of 4): [12, 12, 12]
  Shrink factors (level 2 out of 4): [8, 8, 8]
  Shrink factors (level 3 out of 4): [4, 4, 4]
  Shrink factors (level 4 out of 4): [2, 2, 2]
  smoothing sigmas per level: [4, 3, 2, 1]
  regular sampling (percentage = 0.25)

*** Running Euler3DTransform registration ***

DIAGNOSTIC,Iteration,metricValue,convergenceValue,ITERATION_TIME_INDEX,SINCE_LAST
 2DIAGNOSTIC,     1, -4.928777813911e-01, inf, 1.7492e+01, 1.7492e+01, 
 2DIAGNOSTIC,     2, -4.943321645260e-01, inf, 1.7502e+01, 9.9149e-03, 
 2DIAGNOSTIC,     3, -4.960988461971e-01, inf, 1.7512e+01, 9.7971e-03, 
 2DIAGNOSTIC,     4, -4.979736804962e-01, inf, 1.7521e+01, 9.7570e-03, 
 2DIAGNOSTIC,     5, -5.002295374870e-01, inf, 1.7531e+01, 9.8381e-03, 
 2DIAGNOSTIC,     6, -5.031582713127e-01, inf, 1.7541e+01, 9.8550e-03, 
 2DIAGNOSTIC,     7, -5.049856305122e-01, inf, 1.7551e+01, 9.8920e-03, 
 2DIAGNOSTIC,     8, -5.065461993217e-01, inf, 1.7567e+01, 1.6192e-02, 
 2DIAGNOSTIC,     9, -5.068076848984e-01, inf, 1.7578e+01, 1.1210e-02, 
 2DIAGNOSTIC,    10, -5.069952011108e-01, 2.051586518064e-03, 1.7590e+01, 1.1822e-02, 
 2DIAGNOSTIC,    11, -5.070795416832e-01, 1.636930275708e-03, 1.7600e+01, 1.0149e-02, 
 2DIAGNOSTIC,    12, -5.072773098946e-01, 1.221963902935e-03, 1.7612e+01, 1.1673e-02, 
 2DIAGNOSTIC,    13, -5.074994564056e-01, 8.473288617097e-04, 1.7622e+01, 1.0101e-02, 
 2DIAGNOSTIC,    14, -5.076327323914e-01, 5.305648082867e-04, 1.7632e+01, 1.0112e-02, 
 2DIAGNOSTIC,    15, -5.083414912224e-01, 3.183619701304e-04, 1.7642e+01, 1.0140e-02, 
 2DIAGNOSTIC,    16, -5.097333192825e-01, 2.546699834056e-04, 1.7654e+01, 1.1743e-02, 
 2DIAGNOSTIC,    17, -5.101725459099e-01, 2.480985713191e-04, 1.7667e+01, 1.3237e-02, 
 2DIAGNOSTIC,    18, -5.103824138641e-01, 2.751743886620e-04, 1.7677e+01, 1.0133e-02, 
 2DIAGNOSTIC,    19, -5.110986232758e-01, 3.034528926946e-04, 1.7688e+01, 1.0465e-02, 
 2DIAGNOSTIC,    20, -5.145775675774e-01, 4.031721909996e-04, 1.7702e+01, 1.3703e-02, 
 2DIAGNOSTIC,    21, -5.148096084595e-01, 4.612030752469e-04, 1.7714e+01, 1.2024e-02, 
 2DIAGNOSTIC,    22, -5.150167942047e-01, 4.823411873076e-04, 1.7727e+01, 1.3628e-02, 
 2DIAGNOSTIC,    23, -5.173543691635e-01, 5.207835347392e-04, 1.7739e+01, 1.1746e-02, 
 2DIAGNOSTIC,    24, -5.175632834435e-01, 5.133606609888e-04, 1.7751e+01, 1.1626e-02, 
 2DIAGNOSTIC,    25, -5.176625251770e-01, 4.750816733576e-04, 1.7761e+01, 1.0094e-02, 
 2DIAGNOSTIC,    26, -5.177832841873e-01, 4.282970330678e-04, 1.7771e+01, 1.0095e-02, 
 2DIAGNOSTIC,    27, -5.179535150528e-01, 3.584465302993e-04, 1.7781e+01, 1.0084e-02, 
 2DIAGNOSTIC,    28, -5.186171531677e-01, 2.770738792606e-04, 1.7791e+01, 1.0133e-02, 
 2DIAGNOSTIC,    29, -5.191920399666e-01, 1.978984364541e-04, 1.7807e+01, 1.6364e-02, 
 2DIAGNOSTIC,    30, -5.193207263947e-01, 1.730875956127e-04, 1.7818e+01, 1.0223e-02, 
 2DIAGNOSTIC,    31, -5.194262266159e-01, 1.403668720741e-04, 1.7828e+01, 1.0133e-02, 
 2DIAGNOSTIC,    32, -5.195771455765e-01, 1.017119284370e-04, 1.7839e+01, 1.1642e-02, 
 2DIAGNOSTIC,    33, -5.202040076256e-01, 1.056303735822e-04, 1.7856e+01, 1.6284e-02, 
 2DIAGNOSTIC,    34, -5.198942422867e-01, 9.731481259223e-05, 1.7866e+01, 1.0074e-02, 
 2DIAGNOSTIC,    35, -5.199378728867e-01, 8.297673048219e-05, 1.7876e+01, 1.0058e-02, 
 2DIAGNOSTIC,    36, -5.202003717422e-01, 6.779957038816e-05, 1.7886e+01, 1.0115e-02, 
 2DIAGNOSTIC,    37, -5.202794671059e-01, 5.042777775088e-05, 1.7897e+01, 1.1642e-02, 
 2DIAGNOSTIC,    38, -5.203763842583e-01, 4.007272582385e-05, 1.7909e+01, 1.1612e-02, 
 2DIAGNOSTIC,    39, -5.207692980766e-01, 4.037523467559e-05, 1.7924e+01, 1.4718e-02, 
 2DIAGNOSTIC,    40, -5.208720564842e-01, 4.009962140117e-05, 1.7935e+01, 1.1592e-02, 
 2DIAGNOSTIC,    41, -5.208871960640e-01, 3.767714224523e-05, 1.7947e+01, 1.1568e-02, 
 2DIAGNOSTIC,    42, -5.208973884583e-01, 3.376089080120e-05, 1.7957e+01, 1.0042e-02, 
 2DIAGNOSTIC,    43, -5.207151174545e-01, 3.276429197285e-05, 1.7967e+01, 1.0050e-02, 
 2DIAGNOSTIC,    44, -5.207457542419e-01, 2.525644958951e-05, 1.7979e+01, 1.1591e-02, 
 2DIAGNOSTIC,    45, -5.209851264954e-01, 1.908922786242e-05, 1.7989e+01, 1.0069e-02, 
 2DIAGNOSTIC,    46, -5.208368301392e-01, 1.275400336453e-05, 1.8000e+01, 1.1618e-02, 
 2DIAGNOSTIC,    47, -5.208849906921e-01, 7.175915925473e-06, 1.8010e+01, 1.0063e-02, 
 2DIAGNOSTIC,    48, -5.211206078529e-01, 4.975946467312e-06, 1.8025e+01, 1.4683e-02, 
 2DIAGNOSTIC,    49, -5.211547017097e-01, 7.142207778088e-06, 1.8035e+01, 1.0066e-02, 
 2DIAGNOSTIC,    50, -5.211815834045e-01, 9.986644727178e-06, 1.8045e+01, 1.0047e-02, 
 2DIAGNOSTIC,    51, -5.212231278419e-01, 1.246855663339e-05, 1.8057e+01, 1.1596e-02, 
 2DIAGNOSTIC,    52, -5.212580561638e-01, 1.428377527191e-05, 1.8067e+01, 1.0087e-02, 
 2DIAGNOSTIC,    53, -5.215001702309e-01, 1.529285145807e-05, 1.8078e+01, 1.1597e-02, 
 2DIAGNOSTIC,    54, -5.213580131531e-01, 1.355755466648e-05, 1.8092e+01, 1.3133e-02, 
 2DIAGNOSTIC,    55, -5.219637155533e-01, 1.928460551426e-05, 1.8103e+01, 1.1580e-02, 
 2DIAGNOSTIC,    56, -5.219677686691e-01, 2.144774589397e-05, 1.8113e+01, 1.0053e-02, 
 2DIAGNOSTIC,    57, -5.223110914230e-01, 2.529408629925e-05, 1.8128e+01, 1.4733e-02, 
 2DIAGNOSTIC,    58, -5.221656560898e-01, 2.745404344751e-05, 1.8138e+01, 1.0062e-02, 
 2DIAGNOSTIC,    59, -5.219961404800e-01, 2.576106635388e-05, 1.8148e+01, 1.0039e-02, 
 2DIAGNOSTIC,    60, -5.218107104301e-01, 2.026284528256e-05, 1.8158e+01, 1.0048e-02, 
 2DIAGNOSTIC,    61, -5.218170881271e-01, 1.345461896562e-05, 1.8168e+01, 1.0052e-02, 
 2DIAGNOSTIC,    62, -5.218489766121e-01, 6.137390300864e-06, 1.8180e+01, 1.1571e-02, 
 2DIAGNOSTIC,    63, -5.223532915115e-01, 5.129458259034e-06, 1.8194e+01, 1.4684e-02, 
DIAGNOSTIC,Iteration,metricValue,convergenceValue,ITERATION_TIME_INDEX,SINCE_LAST
 2DIAGNOSTIC,     1, -4.473906457424e-01, inf, 3.1631e+01, 1.3437e+01, 
 2DIAGNOSTIC,     2, -4.480031728745e-01, inf, 3.1691e+01, 6.0381e-02, 
 2DIAGNOSTIC,     3, -4.481456875801e-01, inf, 3.1752e+01, 6.0225e-02, 
 2DIAGNOSTIC,     4, -4.481009542942e-01, inf, 3.1831e+01, 7.9186e-02, 
 2DIAGNOSTIC,     5, -4.481087923050e-01, inf, 3.1891e+01, 6.0218e-02, 
 2DIAGNOSTIC,     6, -4.480196833611e-01, inf, 3.1942e+01, 5.0824e-02, 
 2DIAGNOSTIC,     7, -4.480274915695e-01, inf, 3.2002e+01, 6.0208e-02, 
 2DIAGNOSTIC,     8, -4.480364024639e-01, inf, 3.2053e+01, 5.0832e-02, 
 2DIAGNOSTIC,     9, -4.480044245720e-01, inf, 3.2104e+01, 5.0880e-02, 
 2DIAGNOSTIC,    10, -4.480236768723e-01, 3.543256752891e-05, 3.2155e+01, 5.1492e-02, 
DIAGNOSTIC,Iteration,metricValue,convergenceValue,ITERATION_TIME_INDEX,SINCE_LAST
 2DIAGNOSTIC,     1, -3.922728300095e-01, inf, 4.0857e+01, 8.7021e+00, 
 2DIAGNOSTIC,     2, -3.925193548203e-01, inf, 4.1265e+01, 4.0795e-01, 
 2DIAGNOSTIC,     3, -3.926981985569e-01, inf, 4.1754e+01, 4.8837e-01, 
 2DIAGNOSTIC,     4, -3.927767574787e-01, inf, 4.2242e+01, 4.8844e-01, 
 2DIAGNOSTIC,     5, -3.928118944168e-01, inf, 4.2811e+01, 5.6931e-01, 
 2DIAGNOSTIC,     6, -3.928430974483e-01, inf, 4.3300e+01, 4.8859e-01, 
 2DIAGNOSTIC,     7, -3.928343653679e-01, inf, 4.3789e+01, 4.8860e-01, 
 2DIAGNOSTIC,     8, -3.928346335888e-01, inf, 4.4358e+01, 5.6967e-01, 
 2DIAGNOSTIC,     9, -3.928338885307e-01, inf, 4.4928e+01, 5.6978e-01, 
 2DIAGNOSTIC,    10, -3.928258419037e-01, 7.233893120429e-05, 4.5418e+01, 4.8952e-01, 
 2DIAGNOSTIC,    11, -3.928187787533e-01, 3.316921720398e-05, 4.5907e+01, 4.8981e-01, 
 2DIAGNOSTIC,    12, -3.928122520447e-01, 1.207722107210e-05, 4.6317e+01, 4.0913e-01, 
 2DIAGNOSTIC,    13, -3.928188085556e-01, 3.626579882621e-06, 4.6806e+01, 4.8918e-01, 
DIAGNOSTIC,Iteration,metricValue,convergenceValue,ITERATION_TIME_INDEX,SINCE_LAST
 2DIAGNOSTIC,     1, -3.400813043118e-01, inf, 5.5496e+01, 8.6903e+00, 
  Elapsed time (stage 0): 5.7268e+01


Stage 1
  iterations = 1000x500x250x0
  convergence threshold = 1.0000e-06
  convergence window size = 10
  number of levels = 4
  using the Mattes MI metric (number of bins = 32, weight = 1.0000e+00)
  preprocessing:  winsorizing the image intensities
  Shrink factors (level 1 out of 4): [12, 12, 12]
  Shrink factors (level 2 out of 4): [8, 8, 8]
  Shrink factors (level 3 out of 4): [4, 4, 4]
  Shrink factors (level 4 out of 4): [2, 2, 2]
  smoothing sigmas per level: [4, 3, 2, 1]
  regular sampling (percentage = 2.5000e-01)

*** Running AffineTransform registration ***

DIAGNOSTIC,Iteration,metricValue,convergenceValue,ITERATION_TIME_INDEX,SINCE_LAST
 2DIAGNOSTIC,     1, -5.316197276115e-01, inf, 1.7447e+01, 1.7447e+01, 
 2DIAGNOSTIC,     2, -5.329455137253e-01, inf, 1.7460e+01, 1.3495e-02, 
 2DIAGNOSTIC,     3, -5.343492627144e-01, inf, 1.7474e+01, 1.3202e-02, 
 2DIAGNOSTIC,     4, -5.357089638710e-01, inf, 1.7488e+01, 1.4826e-02, 
 2DIAGNOSTIC,     5, -5.377987027168e-01, inf, 1.7501e+01, 1.3036e-02, 
 2DIAGNOSTIC,     6, -5.399056673050e-01, inf, 1.7515e+01, 1.3227e-02, 
 2DIAGNOSTIC,     7, -5.420278906822e-01, inf, 1.7530e+01, 1.5196e-02, 
 2DIAGNOSTIC,     8, -5.467981100082e-01, inf, 1.7551e+01, 2.0933e-02, 
 2DIAGNOSTIC,     9, -5.472335219383e-01, inf, 1.7567e+01, 1.6653e-02, 
 2DIAGNOSTIC,    10, -5.475850701332e-01, 2.135634189472e-03, 1.7581e+01, 1.3735e-02, 
 2DIAGNOSTIC,    11, -5.479812026024e-01, 1.879253657535e-03, 1.7595e+01, 1.3833e-02, 
 2DIAGNOSTIC,    12, -5.484137535095e-01, 1.572733395733e-03, 1.7610e+01, 1.5377e-02, 
 2DIAGNOSTIC,    13, -5.487905740738e-01, 1.241278252564e-03, 1.7624e+01, 1.3788e-02, 
 2DIAGNOSTIC,    14, -5.488348007202e-01, 8.969485061243e-04, 1.7638e+01, 1.3813e-02, 
 2DIAGNOSTIC,    15, -5.494967699051e-01, 6.150329718366e-04, 1.7652e+01, 1.3768e-02, 
 2DIAGNOSTIC,    16, -5.507563352585e-01, 4.220767004881e-04, 1.7666e+01, 1.3804e-02, 
 2DIAGNOSTIC,    17, -5.520285367966e-01, 3.128086391371e-04, 1.7681e+01, 1.5651e-02, 
 2DIAGNOSTIC,    18, -5.529997348785e-01, 3.531369729899e-04, 1.7697e+01, 1.5464e-02, 
 2DIAGNOSTIC,    19, -5.529714822769e-01, 3.679502406158e-04, 1.7710e+01, 1.3801e-02, 
 2DIAGNOSTIC,    20, -5.533507466316e-01, 3.667405690067e-04, 1.7731e+01, 2.0521e-02, 
 2DIAGNOSTIC,    21, -5.536912083626e-01, 3.491533570923e-04, 1.7745e+01, 1.3770e-02, 
 2DIAGNOSTIC,    22, -5.538114905357e-01, 3.130065160803e-04, 1.7759e+01, 1.3860e-02, 
 2DIAGNOSTIC,    23, -5.544114112854e-01, 2.732948341873e-04, 1.7772e+01, 1.3771e-02, 
 2DIAGNOSTIC,    24, -5.546569824219e-01, 2.177905553253e-04, 1.7786e+01, 1.3789e-02, 
 2DIAGNOSTIC,    25, -5.553632974625e-01, 1.746936031850e-04, 1.7802e+01, 1.5407e-02, 
 2DIAGNOSTIC,    26, -5.557903051376e-01, 1.515390613349e-04, 1.7822e+01, 2.0545e-02, 
 2DIAGNOSTIC,    27, -5.559767484665e-01, 1.434893492842e-04, 1.7836e+01, 1.3767e-02, 
 2DIAGNOSTIC,    28, -5.562255382538e-01, 1.454072189517e-04, 1.7850e+01, 1.3669e-02, 
 2DIAGNOSTIC,    29, -5.564907193184e-01, 1.375968713546e-04, 1.7865e+01, 1.5478e-02, 
 2DIAGNOSTIC,    30, -5.569590926170e-01, 1.318020222243e-04, 1.7882e+01, 1.7088e-02, 
 2DIAGNOSTIC,    31, -5.567716360092e-01, 1.164269197034e-04, 1.7896e+01, 1.3726e-02, 
 2DIAGNOSTIC,    32, -5.570186972618e-01, 9.715039050207e-05, 1.7911e+01, 1.5405e-02, 
 2DIAGNOSTIC,    33, -5.577576160431e-01, 9.094551205635e-05, 1.7927e+01, 1.5434e-02, 
 2DIAGNOSTIC,    34, -5.584819316864e-01, 9.070745727513e-05, 1.7949e+01, 2.2231e-02, 
 2DIAGNOSTIC,    35, -5.586175918579e-01, 9.406917524757e-05, 1.7964e+01, 1.5296e-02, 
 2DIAGNOSTIC,    36, -5.584748983383e-01, 9.274595504394e-05, 1.7978e+01, 1.3555e-02, 
 2DIAGNOSTIC,    37, -5.582997798920e-01, 8.312548015965e-05, 1.7991e+01, 1.3732e-02, 
 2DIAGNOSTIC,    38, -5.583163499832e-01, 6.958046287764e-05, 1.8007e+01, 1.5301e-02, 
 2DIAGNOSTIC,    39, -5.583334565163e-01, 5.350251012715e-05, 1.8020e+01, 1.3684e-02, 
 2DIAGNOSTIC,    40, -5.581429004669e-01, 3.696607018355e-05, 1.8036e+01, 1.5306e-02, 
 2DIAGNOSTIC,    41, -5.579512715340e-01, 1.330682061962e-05, 1.8049e+01, 1.3409e-02, 
DIAGNOSTIC,Iteration,metricValue,convergenceValue,ITERATION_TIME_INDEX,SINCE_LAST
 2DIAGNOSTIC,     1, -4.674669206142e-01, inf, 3.1444e+01, 1.3394e+01, 
 2DIAGNOSTIC,     2, -4.686518013477e-01, inf, 3.1507e+01, 6.3518e-02, 
 2DIAGNOSTIC,     3, -4.701279997826e-01, inf, 3.1570e+01, 6.2987e-02, 
 2DIAGNOSTIC,     4, -4.709581434727e-01, inf, 3.1643e+01, 7.3079e-02, 
 2DIAGNOSTIC,     5, -4.713496863842e-01, inf, 3.1706e+01, 6.3164e-02, 
 2DIAGNOSTIC,     6, -4.715424776077e-01, inf, 3.1769e+01, 6.3053e-02, 
 2DIAGNOSTIC,     7, -4.722413122654e-01, inf, 3.1832e+01, 6.3070e-02, 
 2DIAGNOSTIC,     8, -4.730821251869e-01, inf, 3.1925e+01, 9.2799e-02, 
 2DIAGNOSTIC,     9, -4.733135402203e-01, inf, 3.1998e+01, 7.2756e-02, 
 2DIAGNOSTIC,    10, -4.735191464424e-01, 7.769843214191e-04, 3.2062e+01, 6.3653e-02, 
 2DIAGNOSTIC,    11, -4.738506972790e-01, 5.914370995015e-04, 3.2125e+01, 6.3769e-02, 
 2DIAGNOSTIC,    12, -4.751762747765e-01, 5.078967078589e-04, 3.2219e+01, 9.3701e-02, 
 2DIAGNOSTIC,    13, -4.762133657932e-01, 5.050446488895e-04, 3.2293e+01, 7.3572e-02, 
 2DIAGNOSTIC,    14, -4.769116342068e-01, 5.220209714025e-04, 3.2366e+01, 7.2856e-02, 
 2DIAGNOSTIC,    15, -4.774287045002e-01, 5.266799125820e-04, 3.2458e+01, 9.2849e-02, 
 2DIAGNOSTIC,    16, -4.776120483875e-01, 4.965285770595e-04, 3.2521e+01, 6.2517e-02, 
 2DIAGNOSTIC,    17, -4.780145287514e-01, 4.621590196621e-04, 3.2593e+01, 7.2515e-02, 
 2DIAGNOSTIC,    18, -4.781703054905e-01, 4.215369699523e-04, 3.2655e+01, 6.2021e-02, 
 2DIAGNOSTIC,    19, -4.780704677105e-01, 3.506820939947e-04, 3.2737e+01, 8.1327e-02, 
 2DIAGNOSTIC,    20, -4.782804250717e-01, 2.676853619050e-04, 3.2828e+01, 9.0774e-02, 
 2DIAGNOSTIC,    21, -4.782438576221e-01, 1.755771518219e-04, 3.2899e+01, 7.1201e-02, 
 2DIAGNOSTIC,    22, -4.781661629677e-01, 1.091239464586e-04, 3.2961e+01, 6.1814e-02, 
 2DIAGNOSTIC,    23, -4.782007634640e-01, 6.607944669668e-05, 3.3023e+01, 6.2106e-02, 
 2DIAGNOSTIC,    24, -4.781518578529e-01, 3.657652996480e-05, 3.3115e+01, 9.1886e-02, 
 2DIAGNOSTIC,    25, -4.781693518162e-01, 1.892960608529e-05, 3.3187e+01, 7.2891e-02, 
 2DIAGNOSTIC,    26, -4.780897200108e-01, 3.107031261607e-06, 3.3261e+01, 7.3266e-02, 
DIAGNOSTIC,Iteration,metricValue,convergenceValue,ITERATION_TIME_INDEX,SINCE_LAST
 2DIAGNOSTIC,     1, -4.046255052090e-01, inf, 4.2080e+01, 8.8192e+00, 
 2DIAGNOSTIC,     2, -4.049853682518e-01, inf, 4.2589e+01, 5.0858e-01, 
 2DIAGNOSTIC,     3, -4.053454399109e-01, inf, 4.3092e+01, 5.0324e-01, 
 2DIAGNOSTIC,     4, -4.057496190071e-01, inf, 4.3592e+01, 5.0060e-01, 
 2DIAGNOSTIC,     5, -4.064452052116e-01, inf, 4.4094e+01, 5.0196e-01, 
 2DIAGNOSTIC,     6, -4.067562520504e-01, inf, 4.4679e+01, 5.8458e-01, 
 2DIAGNOSTIC,     7, -4.073551595211e-01, inf, 4.5600e+01, 9.2156e-01, 
 2DIAGNOSTIC,     8, -4.073662459850e-01, inf, 4.6606e+01, 1.0060e+00, 
 2DIAGNOSTIC,     9, -4.073604643345e-01, inf, 4.7277e+01, 6.7082e-01, 
 2DIAGNOSTIC,    10, -4.073484241962e-01, 4.940247745253e-04, 4.7865e+01, 5.8734e-01, 
 2DIAGNOSTIC,    11, -4.073408246040e-01, 3.694040351547e-04, 4.8444e+01, 5.7951e-01, 
 2DIAGNOSTIC,    12, -4.073457717896e-01, 2.536779502407e-04, 4.9026e+01, 5.8186e-01, 
 2DIAGNOSTIC,    13, -4.073436260223e-01, 1.523228711449e-04, 4.9520e+01, 4.9388e-01, 
 2DIAGNOSTIC,    14, -4.073380529881e-01, 7.144655683078e-05, 5.0097e+01, 5.7746e-01, 
 2DIAGNOSTIC,    15, -4.073431491852e-01, 2.765424869722e-05, 5.0593e+01, 4.9552e-01, 
DIAGNOSTIC,Iteration,metricValue,convergenceValue,ITERATION_TIME_INDEX,SINCE_LAST
 2DIAGNOSTIC,     1, -3.534770905972e-01, inf, 6.0128e+01, 9.5350e+00, 
  Elapsed time (stage 1): 6.1895e+01


Stage 2
  iterations = 100x100x70x50x0
  convergence threshold = 1.0000e-06
  convergence window size = 10
  number of levels = 5
  using the Mattes MI metric (number of bins = 32, weight = 1.0000e+00)
  preprocessing:  winsorizing the image intensities
  Shrink factors (level 1 out of 5): [10, 10, 10]
  Shrink factors (level 2 out of 5): [6, 6, 6]
  Shrink factors (level 3 out of 5): [4, 4, 4]
  Shrink factors (level 4 out of 5): [2, 2, 2]
  Shrink factors (level 5 out of 5): [1, 1, 1]
  smoothing sigmas per level: [5, 3, 2, 1, 0]
  Using default NONE metricSamplingStrategy 

*** Running SyN registration (varianceForUpdateField = 3.0000e+00, varianceForTotalField = 0.0000e+00) ***

XXDIAGNOSTIC,Iteration,metricValue,convergenceValue,ITERATION_TIME_INDEX,SINCE_LAST
 1DIAGNOSTIC,     1, -5.238625407219e-01, inf, 3.0893e+01, 3.0893e+01, 
 1DIAGNOSTIC,     2, -5.446300506592e-01, inf, 3.1045e+01, 1.5191e-01, 
 1DIAGNOSTIC,     3, -5.572732686996e-01, inf, 3.1189e+01, 1.4449e-01, 
 1DIAGNOSTIC,     4, -5.626044273376e-01, inf, 3.1338e+01, 1.4851e-01, 
 1DIAGNOSTIC,     5, -5.619499683380e-01, inf, 3.1484e+01, 1.4583e-01, 
 1DIAGNOSTIC,     6, -5.589839816093e-01, inf, 3.1630e+01, 1.4594e-01, 
 1DIAGNOSTIC,     7, -5.562955737114e-01, inf, 3.1775e+01, 1.4514e-01, 
 1DIAGNOSTIC,     8, -5.545423030853e-01, inf, 3.1920e+01, 1.4472e-01, 
 1DIAGNOSTIC,     9, -5.528379678726e-01, inf, 3.2065e+01, 1.4571e-01, 
 1DIAGNOSTIC,    10, -5.513624548912e-01, 1.511486014351e-03, 3.2211e+01, 1.4571e-01, 
 1DIAGNOSTIC,    11, -5.485714673996e-01, -5.578465061262e-04, 3.2357e+01, 1.4568e-01, 
XXDIAGNOSTIC,Iteration,metricValue,convergenceValue,ITERATION_TIME_INDEX,SINCE_LAST
 1DIAGNOSTIC,     1, -4.366623163223e-01, inf, 4.6138e+01, 1.3781e+01, 
 1DIAGNOSTIC,     2, -4.394334554672e-01, inf, 4.6727e+01, 5.8895e-01, 
 1DIAGNOSTIC,     3, -4.411499798298e-01, inf, 4.7299e+01, 5.7224e-01, 
 1DIAGNOSTIC,     4, -4.415364563465e-01, inf, 4.7870e+01, 5.7078e-01, 
 1DIAGNOSTIC,     5, -4.416431784630e-01, inf, 4.8441e+01, 5.7128e-01, 
 1DIAGNOSTIC,     6, -4.407779276371e-01, inf, 4.9017e+01, 5.7582e-01, 
 1DIAGNOSTIC,     7, -4.400781989098e-01, inf, 4.9592e+01, 5.7561e-01, 
 1DIAGNOSTIC,     8, -4.388848543167e-01, inf, 5.0167e+01, 5.7500e-01, 
 1DIAGNOSTIC,     9, -4.378757774830e-01, inf, 5.0739e+01, 5.7198e-01, 
 1DIAGNOSTIC,    10, -4.365677833557e-01, -2.470655599609e-04, 5.1312e+01, 5.7277e-01, 
XXDIAGNOSTIC,Iteration,metricValue,convergenceValue,ITERATION_TIME_INDEX,SINCE_LAST
 1DIAGNOSTIC,     1, -3.723307251930e-01, inf, 6.1348e+01, 1.0036e+01, 
 1DIAGNOSTIC,     2, -3.734011650085e-01, inf, 6.3142e+01, 1.7945e+00, 
 1DIAGNOSTIC,     3, -3.741726577282e-01, inf, 6.4934e+01, 1.7925e+00, 
 1DIAGNOSTIC,     4, -3.745731711388e-01, inf, 6.6726e+01, 1.7912e+00, 
 1DIAGNOSTIC,     5, -3.747483193874e-01, inf, 6.8521e+01, 1.7953e+00, 
 1DIAGNOSTIC,     6, -3.746827244759e-01, inf, 7.0296e+01, 1.7747e+00, 
 1DIAGNOSTIC,     7, -3.745910227299e-01, inf, 7.2086e+01, 1.7907e+00, 
 1DIAGNOSTIC,     8, -3.743683397770e-01, inf, 7.3860e+01, 1.7736e+00, 
 1DIAGNOSTIC,     9, -3.740418553352e-01, inf, 7.5643e+01, 1.7826e+00, 
 1DIAGNOSTIC,    10, -3.736001253128e-01, 1.524115359643e-04, 7.7421e+01, 1.7788e+00, 
 1DIAGNOSTIC,    11, -3.732424378395e-01, -8.170054934453e-05, 7.9205e+01, 1.7832e+00, 
XXDIAGNOSTIC,Iteration,metricValue,convergenceValue,ITERATION_TIME_INDEX,SINCE_LAST
 1DIAGNOSTIC,     1, -3.161022067070e-01, inf, 9.9041e+01, 1.9836e+01, 
 1DIAGNOSTIC,     2, -3.169156312943e-01, inf, 1.1189e+02, 1.2849e+01, 
 1DIAGNOSTIC,     3, -3.177574872971e-01, inf, 1.2521e+02, 1.3321e+01, 
 1DIAGNOSTIC,     4, -3.185887932777e-01, inf, 1.3804e+02, 1.2833e+01, 
 1DIAGNOSTIC,     5, -3.192952275276e-01, inf, 1.5135e+02, 1.3304e+01, 
 1DIAGNOSTIC,     6, -3.199479579926e-01, inf, 1.6445e+02, 1.3098e+01, 
 1DIAGNOSTIC,     7, -3.204836845398e-01, inf, 1.7726e+02, 1.2812e+01, 
 1DIAGNOSTIC,     8, -3.209432065487e-01, inf, 1.9021e+02, 1.2951e+01, 
 1DIAGNOSTIC,     9, -3.213852047920e-01, inf, 2.0299e+02, 1.2786e+01, 
 1DIAGNOSTIC,    10, -3.218272328377e-01, 1.147665898316e-03, 2.1631e+02, 1.3314e+01, 
 1DIAGNOSTIC,    11, -3.222762644291e-01, 9.517839644104e-04, 2.2917e+02, 1.2862e+01, 
 1DIAGNOSTIC,    12, -3.226379752159e-01, 7.895349990577e-04, 2.4248e+02, 1.3308e+01, 
 1DIAGNOSTIC,    13, -3.230419158936e-01, 6.655345205218e-04, 2.5602e+02, 1.3539e+01, 
 1DIAGNOSTIC,    14, -3.233606219292e-01, 5.711488774978e-04, 2.6930e+02, 1.3280e+01, 
 1DIAGNOSTIC,    15, -3.235846757889e-01, 4.917156766169e-04, 2.8262e+02, 1.3323e+01, 
 1DIAGNOSTIC,    16, -3.237570524216e-01, 4.226043238305e-04, 2.9594e+02, 1.3324e+01, 
 1DIAGNOSTIC,    17, -3.239028453827e-01, 3.581256023608e-04, 3.0982e+02, 1.3873e+01, 
 1DIAGNOSTIC,    18, -3.240007758141e-01, 2.950026246253e-04, 3.2316e+02, 1.3346e+01, 
 1DIAGNOSTIC,    19, -3.240712881088e-01, 2.349415008212e-04, 3.3698e+02, 1.3812e+01, 
 1DIAGNOSTIC,    20, -3.241533041000e-01, 1.821730693337e-04, 3.5082e+02, 1.3841e+01, 
 1DIAGNOSTIC,    21, -3.243265151978e-01, 1.436542806914e-04, 3.6466e+02, 1.3843e+01, 
 1DIAGNOSTIC,    22, -3.244292736053e-01, 1.136362043326e-04, 3.7847e+02, 1.3810e+01, 
 1DIAGNOSTIC,    23, -3.245528936386e-01, 9.579942707205e-05, 3.9222e+02, 1.3747e+01, 
 1DIAGNOSTIC,    24, -3.247091770172e-01, 8.796441397863e-05, 4.0596e+02, 1.3744e+01, 
 1DIAGNOSTIC,    25, -3.247632980347e-01, 8.226581121562e-05, 4.1978e+02, 1.3820e+01, 
 1DIAGNOSTIC,    26, -3.248248398304e-01, 7.722606824245e-05, 4.3352e+02, 1.3736e+01, 
 1DIAGNOSTIC,    27, -3.248266577721e-01, 7.016240851954e-05, 4.4723e+02, 1.3716e+01, 
 1DIAGNOSTIC,    28, -3.248614668846e-01, 6.129250687081e-05, 4.6102e+02, 1.3789e+01, 
 1DIAGNOSTIC,    29, -3.248723745346e-01, 4.977818389307e-05, 4.7471e+02, 1.3689e+01, 
 1DIAGNOSTIC,    30, -3.249119520187e-01, 3.791053313762e-05, 4.8850e+02, 1.3789e+01, 
 1DIAGNOSTIC,    31, -3.249358534813e-01, 2.891271469707e-05, 5.0234e+02, 1.3845e+01, 
 1DIAGNOSTIC,    32, -3.249251544476e-01, 2.034110366367e-05, 5.1607e+02, 1.3731e+01, 
 1DIAGNOSTIC,    33, -3.249368071556e-01, 1.400914607075e-05, 5.2980e+02, 1.3727e+01, 
 1DIAGNOSTIC,    34, -3.249231874943e-01, 1.047493788064e-05, 5.4361e+02, 1.3806e+01, 
 1DIAGNOSTIC,    35, -3.249465823174e-01, 8.147229891620e-06, 5.5700e+02, 1.3391e+01, 
 1DIAGNOSTIC,    36, -3.248901367188e-01, 5.371768111218e-06, 5.7074e+02, 1.3739e+01, 
 1DIAGNOSTIC,    37, -3.248228132725e-01, 7.984143053363e-07, 5.8421e+02, 1.3475e+01, 
  Elapsed time (stage 2): 608.1


Total elapsed time: 727.3

--- Writing output images ---

Using double precision for computations.
Input scalar image: data/Segmentations/1011_3_seg.nii.gz
Reference image: data/template/T_template0_BrainCerebellum.nii.gz
=============================================================================
The composite transform comprises the following transforms (in order): 
  1. /tmp/1971624.1.basic.q/1011_ToTemplate_017_0GenericAffine.mat (type = AffineTransform)
  2. /tmp/1971624.1.basic.q/1011_ToTemplate_017_1Warp.nii.gz (type = DisplacementFieldTransform)
=============================================================================
Default pixel value: 0
Interpolation type: LabelImageGenericInterpolateImageFunction
Output warped image: output/1011/1011_WarpedLabels_017.nii.gz

--- Done ---

