
--- Running on compute-1-15.local ---


--- registration call ---
/data/jet/pcook/bin/antsBuild/bin/antsRegistrationSyNQuick.sh -d 3 -f data/template/T_template0_BrainCerebellum.nii.gz -m data/Brains/1002_3.nii.gz -t s -p d -n 2 -o /tmp/1971220.1.basic.q/1002_ToTemplate_013_
---


--------------------------------------------------------------------------------------
 Mapping parameters
--------------------------------------------------------------------------------------
 ANTSPATH is /data/jet/pcook/bin/antsBuild/bin/

 Dimensionality:           3
 Output name prefix:       /tmp/1971220.1.basic.q/1002_ToTemplate_013_
 Fixed images:             data/template/T_template0_BrainCerebellum.nii.gz
 Moving images:            data/Brains/1002_3.nii.gz
 Mask images:              
 Initial transforms:       
 Number of threads:        2
 Spline distance:          26
 Transform type:           s
 MI histogram bins:        32
 Precision:                d
 Use histogram matching    0
======================================================================================
 antsRegistration call:
--------------------------------------------------------------------------------------
/data/jet/pcook/bin/antsBuild/bin//antsRegistration --verbose 1 --dimensionality 3 --float 0 --collapse-output-transforms 1 --output [/tmp/1971220.1.basic.q/1002_ToTemplate_013_,/tmp/1971220.1.basic.q/1002_ToTemplate_013_Warped.nii.gz,/tmp/1971220.1.basic.q/1002_ToTemplate_013_InverseWarped.nii.gz] --interpolation Linear --use-histogram-matching 0 --winsorize-image-intensities [0.005,0.995] --initial-moving-transform [data/template/T_template0_BrainCerebellum.nii.gz,data/Brains/1002_3.nii.gz,1] --transform Rigid[0.1] --metric MI[data/template/T_template0_BrainCerebellum.nii.gz,data/Brains/1002_3.nii.gz,1,32,Regular,0.25] --convergence [1000x500x250x0,1e-6,10] --shrink-factors 12x8x4x2 --smoothing-sigmas 4x3x2x1vox --transform Affine[0.1] --metric MI[data/template/T_template0_BrainCerebellum.nii.gz,data/Brains/1002_3.nii.gz,1,32,Regular,0.25] --convergence [1000x500x250x0,1e-6,10] --shrink-factors 12x8x4x2 --smoothing-sigmas 4x3x2x1vox --transform SyN[0.1,3,0] --metric MI[data/template/T_template0_BrainCerebellum.nii.gz,data/Brains/1002_3.nii.gz,1,32] --convergence [100x100x70x50x0,1e-6,10] --shrink-factors 10x6x4x2x1 --smoothing-sigmas 5x3x2x1x0vox
--------------------------------------------------------------------------------------
All_Command_lines_OK
Using double precision for computations.
=============================================================================
The composite transform comprises the following transforms (in order): 
  1. Center of mass alignment using fixed image: data/template/T_template0_BrainCerebellum.nii.gz and moving image: data/Brains/1002_3.nii.gz (type = Euler3DTransform)
=============================================================================
  number of levels = 4
  number of levels = 4
  number of levels = 5
  fixed image: data/template/T_template0_BrainCerebellum.nii.gz
  moving image: data/Brains/1002_3.nii.gz
  fixed image: data/template/T_template0_BrainCerebellum.nii.gz
  moving image: data/Brains/1002_3.nii.gz
  fixed image: data/template/T_template0_BrainCerebellum.nii.gz
  moving image: data/Brains/1002_3.nii.gz
Dimension = 3
Number of stages = 3
Use Histogram Matching false
Winsorize image intensities true
Lower quantile = 0.005
Upper quantile = 0.995
Stage 1 State
   Image metric = Mattes
     Fixed image = Image (0x4288f40)
  RTTI typeinfo:   itk::Image<double, 3u>
  Reference Count: 2
  Modified Time: 1611
  Debug: Off
  Object Name: 
  Observers: 
    none
  Source: (none)
  Source output name: (none)
  Release Data: Off
  Data Released: False
  Global Release Data: Off
  PipelineMTime: 0
  UpdateMTime: 1422
  RealTimeStamp: 0 seconds 
  LargestPossibleRegion: 
    Dimension: 3
    Index: [0, 0, 0]
    Size: [216, 256, 291]
  BufferedRegion: 
    Dimension: 3
    Index: [0, 0, 0]
    Size: [216, 256, 291]
  RequestedRegion: 
    Dimension: 3
    Index: [0, 0, 0]
    Size: [216, 256, 291]
  Spacing: [1, 1, 1]
  Origin: [0, 293, 0]
  Direction: 
1 0 0
0 -0 -1
0 -1 -0

  IndexToPointMatrix: 
1 0 0
0 0 -1
0 -1 0

  PointToIndexMatrix: 
1 0 0
0 0 -1
0 -1 0

  Inverse Direction: 
1 0 0
0 0 -1
0 -1 0

  PixelContainer: 
    ImportImageContainer (0x428ca40)
      RTTI typeinfo:   itk::ImportImageContainer<unsigned long, double>
      Reference Count: 1
      Modified Time: 1419
      Debug: Off
      Object Name: 
      Observers: 
        none
      Pointer: 0x7fa23c544010
      Container manages memory: true
      Size: 16091136
      Capacity: 16091136

     Moving image = Image (0x428afa0)
  RTTI typeinfo:   itk::Image<double, 3u>
  Reference Count: 2
  Modified Time: 1612
  Debug: Off
  Object Name: 
  Observers: 
    none
  Source: (none)
  Source output name: (none)
  Release Data: Off
  Data Released: False
  Global Release Data: Off
  PipelineMTime: 0
  UpdateMTime: 1609
  RealTimeStamp: 0 seconds 
  LargestPossibleRegion: 
    Dimension: 3
    Index: [0, 0, 0]
    Size: [256, 256, 277]
  BufferedRegion: 
    Dimension: 3
    Index: [0, 0, 0]
    Size: [256, 256, 277]
  RequestedRegion: 
    Dimension: 3
    Index: [0, 0, 0]
    Size: [256, 256, 277]
  Spacing: [1, 1, 1]
  Origin: [0, 276, 0]
  Direction: 
1 0 0
0 -0 -1
0 -1 -0

  IndexToPointMatrix: 
1 0 0
0 0 -1
0 -1 0

  PointToIndexMatrix: 
1 0 0
0 0 -1
0 -1 0

  Inverse Direction: 
1 0 0
0 0 -1
0 -1 0

  PixelContainer: 
    ImportImageContainer (0x427bf60)
      RTTI typeinfo:   itk::ImportImageContainer<unsigned long, double>
      Reference Count: 1
      Modified Time: 1606
      Debug: Off
      Object Name: 
      Observers: 
        none
      Pointer: 0x7fa233ac3010
      Container manages memory: true
      Size: 18153472
      Capacity: 18153472

     Weighting = 1
     Sampling strategy = regular
     Number of bins = 32
     Radius = 4
     Sampling percentage  = 0.25
   Transform = Rigid
     Gradient step = 0.1
     Update field sigma (voxel space) = 0
     Total field sigma (voxel space) = 0
     Update field time sigma = 0
     Total field time sigma  = 0
     Number of time indices = 0
     Number of time point samples = 0
Stage 2 State
   Image metric = Mattes
     Fixed image = Image (0x428f950)
  RTTI typeinfo:   itk::Image<double, 3u>
  Reference Count: 2
  Modified Time: 1987
  Debug: Off
  Object Name: 
  Observers: 
    none
  Source: (none)
  Source output name: (none)
  Release Data: Off
  Data Released: False
  Global Release Data: Off
  PipelineMTime: 0
  UpdateMTime: 1798
  RealTimeStamp: 0 seconds 
  LargestPossibleRegion: 
    Dimension: 3
    Index: [0, 0, 0]
    Size: [216, 256, 291]
  BufferedRegion: 
    Dimension: 3
    Index: [0, 0, 0]
    Size: [216, 256, 291]
  RequestedRegion: 
    Dimension: 3
    Index: [0, 0, 0]
    Size: [216, 256, 291]
  Spacing: [1, 1, 1]
  Origin: [0, 293, 0]
  Direction: 
1 0 0
0 -0 -1
0 -1 -0

  IndexToPointMatrix: 
1 0 0
0 0 -1
0 -1 0

  PointToIndexMatrix: 
1 0 0
0 0 -1
0 -1 0

  Inverse Direction: 
1 0 0
0 0 -1
0 -1 0

  PixelContainer: 
    ImportImageContainer (0x428bbc0)
      RTTI typeinfo:   itk::ImportImageContainer<unsigned long, double>
      Reference Count: 1
      Modified Time: 1795
      Debug: Off
      Object Name: 
      Observers: 
        none
      Pointer: 0x7fa22bffe010
      Container manages memory: true
      Size: 16091136
      Capacity: 16091136

     Moving image = Image (0x429c2d0)
  RTTI typeinfo:   itk::Image<double, 3u>
  Reference Count: 2
  Modified Time: 1988
  Debug: Off
  Object Name: 
  Observers: 
    none
  Source: (none)
  Source output name: (none)
  Release Data: Off
  Data Released: False
  Global Release Data: Off
  PipelineMTime: 0
  UpdateMTime: 1985
  RealTimeStamp: 0 seconds 
  LargestPossibleRegion: 
    Dimension: 3
    Index: [0, 0, 0]
    Size: [256, 256, 277]
  BufferedRegion: 
    Dimension: 3
    Index: [0, 0, 0]
    Size: [256, 256, 277]
  RequestedRegion: 
    Dimension: 3
    Index: [0, 0, 0]
    Size: [256, 256, 277]
  Spacing: [1, 1, 1]
  Origin: [0, 276, 0]
  Direction: 
1 0 0
0 -0 -1
0 -1 -0

  IndexToPointMatrix: 
1 0 0
0 0 -1
0 -1 0

  PointToIndexMatrix: 
1 0 0
0 0 -1
0 -1 0

  Inverse Direction: 
1 0 0
0 0 -1
0 -1 0

  PixelContainer: 
    ImportImageContainer (0x429bc50)
      RTTI typeinfo:   itk::ImportImageContainer<unsigned long, double>
      Reference Count: 1
      Modified Time: 1982
      Debug: Off
      Object Name: 
      Observers: 
        none
      Pointer: 0x7fa22357d010
      Container manages memory: true
      Size: 18153472
      Capacity: 18153472

     Weighting = 1
     Sampling strategy = regular
     Number of bins = 32
     Radius = 4
     Sampling percentage  = 0.25
   Transform = Affine
     Gradient step = 0.1
     Update field sigma (voxel space) = 0
     Total field sigma (voxel space) = 0
     Update field time sigma = 0
     Total field time sigma  = 0
     Number of time indices = 0
     Number of time point samples = 0
Stage 3 State
   Image metric = Mattes
     Fixed image = Image (0x42a2170)
  RTTI typeinfo:   itk::Image<double, 3u>
  Reference Count: 2
  Modified Time: 2363
  Debug: Off
  Object Name: 
  Observers: 
    none
  Source: (none)
  Source output name: (none)
  Release Data: Off
  Data Released: False
  Global Release Data: Off
  PipelineMTime: 0
  UpdateMTime: 2174
  RealTimeStamp: 0 seconds 
  LargestPossibleRegion: 
    Dimension: 3
    Index: [0, 0, 0]
    Size: [216, 256, 291]
  BufferedRegion: 
    Dimension: 3
    Index: [0, 0, 0]
    Size: [216, 256, 291]
  RequestedRegion: 
    Dimension: 3
    Index: [0, 0, 0]
    Size: [216, 256, 291]
  Spacing: [1, 1, 1]
  Origin: [0, 293, 0]
  Direction: 
1 0 0
0 -0 -1
0 -1 -0

  IndexToPointMatrix: 
1 0 0
0 0 -1
0 -1 0

  PointToIndexMatrix: 
1 0 0
0 0 -1
0 -1 0

  Inverse Direction: 
1 0 0
0 0 -1
0 -1 0

  PixelContainer: 
    ImportImageContainer (0x429d2d0)
      RTTI typeinfo:   itk::ImportImageContainer<unsigned long, double>
      Reference Count: 1
      Modified Time: 2171
      Debug: Off
      Object Name: 
      Observers: 
        none
      Pointer: 0x7fa21bab8010
      Container manages memory: true
      Size: 16091136
      Capacity: 16091136

     Moving image = Image (0x42a1be0)
  RTTI typeinfo:   itk::Image<double, 3u>
  Reference Count: 2
  Modified Time: 2364
  Debug: Off
  Object Name: 
  Observers: 
    none
  Source: (none)
  Source output name: (none)
  Release Data: Off
  Data Released: False
  Global Release Data: Off
  PipelineMTime: 0
  UpdateMTime: 2361
  RealTimeStamp: 0 seconds 
  LargestPossibleRegion: 
    Dimension: 3
    Index: [0, 0, 0]
    Size: [256, 256, 277]
  BufferedRegion: 
    Dimension: 3
    Index: [0, 0, 0]
    Size: [256, 256, 277]
  RequestedRegion: 
    Dimension: 3
    Index: [0, 0, 0]
    Size: [256, 256, 277]
  Spacing: [1, 1, 1]
  Origin: [0, 276, 0]
  Direction: 
1 0 0
0 -0 -1
0 -1 -0

  IndexToPointMatrix: 
1 0 0
0 0 -1
0 -1 0

  PointToIndexMatrix: 
1 0 0
0 0 -1
0 -1 0

  Inverse Direction: 
1 0 0
0 0 -1
0 -1 0

  PixelContainer: 
    ImportImageContainer (0x42a3ef0)
      RTTI typeinfo:   itk::ImportImageContainer<unsigned long, double>
      Reference Count: 1
      Modified Time: 2358
      Debug: Off
      Object Name: 
      Observers: 
        none
      Pointer: 0x7fa213037010
      Container manages memory: true
      Size: 18153472
      Capacity: 18153472

     Weighting = 1
     Sampling strategy = none
     Number of bins = 32
     Radius = 4
     Sampling percentage  = 1
   Transform = SyN
     Gradient step = 0.1
     Update field sigma (voxel space) = 3
     Total field sigma (voxel space) = 0
     Update field time sigma = 0
     Total field time sigma  = 0
     Number of time indices = 0
     Number of time point samples = 0
Registration using 3 total stages.

Stage 0
  iterations = 1000x500x250x0
  convergence threshold = 1e-06
  convergence window size = 10
  number of levels = 4
  using the Mattes MI metric (number of bins = 32, weight = 1)
  preprocessing:  winsorizing the image intensities
  Shrink factors (level 1 out of 4): [12, 12, 12]
  Shrink factors (level 2 out of 4): [8, 8, 8]
  Shrink factors (level 3 out of 4): [4, 4, 4]
  Shrink factors (level 4 out of 4): [2, 2, 2]
  smoothing sigmas per level: [4, 3, 2, 1]
  regular sampling (percentage = 0.25)

*** Running Euler3DTransform registration ***

DIAGNOSTIC,Iteration,metricValue,convergenceValue,ITERATION_TIME_INDEX,SINCE_LAST
 2DIAGNOSTIC,     1, -5.884521527130e-01, 1.797693134862e+308, 2.0928e+01, 2.0928e+01, 
 2DIAGNOSTIC,     2, -5.897222080222e-01, 1.797693134862e+308, 2.0938e+01, 1.0699e-02, 
 2DIAGNOSTIC,     3, -5.900976321163e-01, 1.797693134862e+308, 2.0947e+01, 8.9381e-03, 
 2DIAGNOSTIC,     4, -5.904479197301e-01, 1.797693134862e+308, 2.0956e+01, 8.9362e-03, 
 2DIAGNOSTIC,     5, -5.907090490308e-01, 1.797693134862e+308, 2.0966e+01, 1.0301e-02, 
 2DIAGNOSTIC,     6, -5.912388991108e-01, 1.797693134862e+308, 2.0975e+01, 8.8930e-03, 
 2DIAGNOSTIC,     7, -5.918593526779e-01, 1.797693134862e+308, 2.0986e+01, 1.0328e-02, 
 2DIAGNOSTIC,     8, -5.929454740099e-01, 1.797693134862e+308, 2.0995e+01, 8.9869e-03, 
 2DIAGNOSTIC,     9, -5.943566425784e-01, 1.797693134862e+308, 2.1005e+01, 1.0865e-02, 
 2DIAGNOSTIC,    10, -5.982548877619e-01, 8.002422222136e-04, 2.1020e+01, 1.4438e-02, 
 2DIAGNOSTIC,    11, -5.983152363674e-01, 8.581700795288e-04, 2.1031e+01, 1.1165e-02, 
 2DIAGNOSTIC,    12, -5.985411374043e-01, 8.914360797825e-04, 2.1041e+01, 9.6579e-03, 
 2DIAGNOSTIC,    13, -6.002338885823e-01, 9.165880010613e-04, 2.1050e+01, 9.6500e-03, 
 2DIAGNOSTIC,    14, -6.021596591827e-01, 9.300484087024e-04, 2.1060e+01, 9.7470e-03, 
 2DIAGNOSTIC,    15, -6.034607286053e-01, 9.037735962688e-04, 2.1070e+01, 9.7542e-03, 
 2DIAGNOSTIC,    16, -6.048378714123e-01, 8.554624824085e-04, 2.1081e+01, 1.1083e-02, 
 2DIAGNOSTIC,    17, -6.057616269096e-01, 7.789852617333e-04, 2.1092e+01, 1.1108e-02, 
 2DIAGNOSTIC,    18, -6.064568235789e-01, 6.860505314174e-04, 2.1102e+01, 1.0018e-02, 
 2DIAGNOSTIC,    19, -6.073853599317e-01, 5.948233717633e-04, 2.1120e+01, 1.7723e-02, 
 2DIAGNOSTIC,    20, -6.088291498423e-01, 5.845393655822e-04, 2.1130e+01, 9.8090e-03, 
 2DIAGNOSTIC,    21, -6.088762436039e-01, 5.233116168585e-04, 2.1139e+01, 9.6118e-03, 
 2DIAGNOSTIC,    22, -6.089033664491e-01, 4.246047980877e-04, 2.1149e+01, 9.5692e-03, 
 2DIAGNOSTIC,    23, -6.092448411736e-01, 3.367482869663e-04, 2.1163e+01, 1.3836e-02, 
 2DIAGNOSTIC,    24, -6.092981617795e-01, 2.632532565451e-04, 2.1172e+01, 9.5601e-03, 
 2DIAGNOSTIC,    25, -6.093043365940e-01, 1.951245876616e-04, 2.1185e+01, 1.2367e-02, 
 2DIAGNOSTIC,    26, -6.093061650524e-01, 1.391442011983e-04, 2.1194e+01, 9.4781e-03, 
 2DIAGNOSTIC,    27, -6.093074759410e-01, 9.084021704537e-05, 2.1203e+01, 9.4519e-03, 
 2DIAGNOSTIC,    28, -6.093099731521e-01, 4.912313823709e-05, 2.1213e+01, 9.4841e-03, 
 2DIAGNOSTIC,    29, -6.093127990895e-01, 2.027892967051e-05, 2.1222e+01, 9.5038e-03, 
 2DIAGNOSTIC,    30, -6.095931900383e-01, 1.879084853930e-05, 2.1257e+01, 3.4939e-02, 
 2DIAGNOSTIC,    31, -6.095931893241e-01, 1.638332285989e-05, 2.1267e+01, 9.6090e-03, 
 2DIAGNOSTIC,    32, -6.095931899085e-01, 1.299130835408e-05, 2.1277e+01, 9.5038e-03, 
 2DIAGNOSTIC,    33, -6.095931908961e-01, 1.359816163037e-05, 2.1286e+01, 9.5501e-03, 
 2DIAGNOSTIC,    34, -6.095931925645e-01, 1.369345745100e-05, 2.1296e+01, 9.5339e-03, 
 2DIAGNOSTIC,    35, -6.095931953811e-01, 1.259187773034e-05, 2.1305e+01, 9.5081e-03, 
 2DIAGNOSTIC,    36, -6.095932001308e-01, 1.045318687600e-05, 2.1315e+01, 9.5429e-03, 
 2DIAGNOSTIC,    37, -6.095932081253e-01, 7.596378784013e-06, 2.1324e+01, 9.4869e-03, 
 2DIAGNOSTIC,    38, -6.095932215378e-01, 4.323012664498e-06, 2.1334e+01, 9.5370e-03, 
DIAGNOSTIC,Iteration,metricValue,convergenceValue,ITERATION_TIME_INDEX,SINCE_LAST
 2DIAGNOSTIC,     1, -5.175500494679e-01, 1.797693134862e+308, 3.6493e+01, 1.5159e+01, 
 2DIAGNOSTIC,     2, -5.183505360174e-01, 1.797693134862e+308, 3.6542e+01, 4.9308e-02, 
 2DIAGNOSTIC,     3, -5.193279400181e-01, 1.797693134862e+308, 3.6591e+01, 4.9145e-02, 
 2DIAGNOSTIC,     4, -5.196481846761e-01, 1.797693134862e+308, 3.6641e+01, 4.9223e-02, 
 2DIAGNOSTIC,     5, -5.200148278179e-01, 1.797693134862e+308, 3.6699e+01, 5.8320e-02, 
 2DIAGNOSTIC,     6, -5.202151197325e-01, 1.797693134862e+308, 3.6748e+01, 4.8908e-02, 
 2DIAGNOSTIC,     7, -5.207247204328e-01, 1.797693134862e+308, 3.6797e+01, 4.9042e-02, 
 2DIAGNOSTIC,     8, -5.212156008351e-01, 1.797693134862e+308, 3.6883e+01, 8.6566e-02, 
 2DIAGNOSTIC,     9, -5.214217711746e-01, 1.797693134862e+308, 3.6942e+01, 5.8624e-02, 
 2DIAGNOSTIC,    10, -5.216589653132e-01, 4.761030373556e-04, 3.7002e+01, 5.9728e-02, 
 2DIAGNOSTIC,    11, -5.221283323882e-01, 3.855426567990e-04, 3.7061e+01, 5.8979e-02, 
 2DIAGNOSTIC,    12, -5.224133455095e-01, 3.235533784984e-04, 3.7129e+01, 6.8705e-02, 
 2DIAGNOSTIC,    13, -5.224801938431e-01, 2.855583753427e-04, 3.7207e+01, 7.7530e-02, 
 2DIAGNOSTIC,    14, -5.222674782085e-01, 2.316258216040e-04, 3.7257e+01, 5.0066e-02, 
 2DIAGNOSTIC,    15, -5.224666644839e-01, 1.850398856340e-04, 3.7307e+01, 4.9584e-02, 
 2DIAGNOSTIC,    16, -5.226507232197e-01, 1.398648186924e-04, 3.7366e+01, 5.8972e-02, 
 2DIAGNOSTIC,    17, -5.228023616624e-01, 1.078770411965e-04, 3.7424e+01, 5.8581e-02, 
 2DIAGNOSTIC,    18, -5.227642785856e-01, 8.351544464424e-05, 3.7483e+01, 5.9128e-02, 
 2DIAGNOSTIC,    19, -5.228593325010e-01, 6.314123066705e-05, 3.7542e+01, 5.9039e-02, 
 2DIAGNOSTIC,    20, -5.227387715742e-01, 4.192877626781e-05, 3.7601e+01, 5.9068e-02, 
 2DIAGNOSTIC,    21, -5.227502756038e-01, 3.117483186341e-05, 3.7651e+01, 4.9675e-02, 
 2DIAGNOSTIC,    22, -5.227022848909e-01, 2.439177756868e-05, 3.7701e+01, 4.9505e-02, 
 2DIAGNOSTIC,    23, -5.227290375824e-01, 1.852666138603e-05, 3.7759e+01, 5.8604e-02, 
 2DIAGNOSTIC,    24, -5.226868548171e-01, 5.684809727846e-06, 3.7817e+01, 5.8332e-02, 
DIAGNOSTIC,Iteration,metricValue,convergenceValue,ITERATION_TIME_INDEX,SINCE_LAST
 2DIAGNOSTIC,     1, -4.427610109657e-01, 1.797693134862e+308, 4.6616e+01, 8.7980e+00, 
 2DIAGNOSTIC,     2, -4.429680620519e-01, 1.797693134862e+308, 4.7114e+01, 4.9862e-01, 
 2DIAGNOSTIC,     3, -4.430069957042e-01, 1.797693134862e+308, 4.7609e+01, 4.9454e-01, 
 2DIAGNOSTIC,     4, -4.430468944805e-01, 1.797693134862e+308, 4.8105e+01, 4.9675e-01, 
 2DIAGNOSTIC,     5, -4.431177053104e-01, 1.797693134862e+308, 4.8597e+01, 4.9150e-01, 
 2DIAGNOSTIC,     6, -4.434889819834e-01, 1.797693134862e+308, 4.9263e+01, 6.6625e-01, 
 2DIAGNOSTIC,     7, -4.435186039024e-01, 1.797693134862e+308, 4.9673e+01, 4.1016e-01, 
 2DIAGNOSTIC,     8, -4.435366371359e-01, 1.797693134862e+308, 5.0088e+01, 4.1452e-01, 
 2DIAGNOSTIC,     9, -4.435521630004e-01, 1.797693134862e+308, 5.0496e+01, 4.0776e-01, 
 2DIAGNOSTIC,    10, -4.436375174274e-01, 1.339951663093e-04, 5.0909e+01, 4.1374e-01, 
 2DIAGNOSTIC,    11, -4.437715696577e-01, 1.141851524002e-04, 5.1653e+01, 7.4408e-01, 
 2DIAGNOSTIC,    12, -4.437607537565e-01, 9.797187549350e-05, 5.2151e+01, 4.9745e-01, 
 2DIAGNOSTIC,    13, -4.437509130890e-01, 7.750832749888e-05, 5.2733e+01, 5.8223e-01, 
 2DIAGNOSTIC,    14, -4.437469021079e-01, 5.500767096271e-05, 5.3227e+01, 4.9429e-01, 
 2DIAGNOSTIC,    15, -4.437424864547e-01, 3.301182640499e-05, 5.3720e+01, 4.9283e-01, 
 2DIAGNOSTIC,    16, -4.437308174921e-01, 2.521940341083e-05, 5.4297e+01, 5.7636e-01, 
 2DIAGNOSTIC,    17, -4.437249550411e-01, 1.713895135601e-05, 5.4706e+01, 4.0929e-01, 
 2DIAGNOSTIC,    18, -4.437195889297e-01, 9.102475836804e-06, 5.5200e+01, 4.9387e-01, 
 2DIAGNOSTIC,    19, -4.437206192860e-01, 1.757653189757e-06, 5.5611e+01, 4.1095e-01, 
DIAGNOSTIC,Iteration,metricValue,convergenceValue,ITERATION_TIME_INDEX,SINCE_LAST
 2DIAGNOSTIC,     1, -3.798107831556e-01, 1.797693134862e+308, 6.4888e+01, 9.2773e+00, 
  Elapsed time (stage 0): 6.6688e+01


Stage 1
  iterations = 1000x500x250x0
  convergence threshold = 1.0000e-06
  convergence window size = 10
  number of levels = 4
  using the Mattes MI metric (number of bins = 32, weight = 1.0000e+00)
  preprocessing:  winsorizing the image intensities
  Shrink factors (level 1 out of 4): [12, 12, 12]
  Shrink factors (level 2 out of 4): [8, 8, 8]
  Shrink factors (level 3 out of 4): [4, 4, 4]
  Shrink factors (level 4 out of 4): [2, 2, 2]
  smoothing sigmas per level: [4, 3, 2, 1]
  regular sampling (percentage = 2.5000e-01)

*** Running AffineTransform registration ***

DIAGNOSTIC,Iteration,metricValue,convergenceValue,ITERATION_TIME_INDEX,SINCE_LAST
 2DIAGNOSTIC,     1, -6.077036103693e-01, 1.797693134862e+308, 2.0909e+01, 2.0909e+01, 
 2DIAGNOSTIC,     2, -6.092773638570e-01, 1.797693134862e+308, 2.0920e+01, 1.1926e-02, 
 2DIAGNOSTIC,     3, -6.113981309478e-01, 1.797693134862e+308, 2.0932e+01, 1.1928e-02, 
 2DIAGNOSTIC,     4, -6.137000480914e-01, 1.797693134862e+308, 2.0944e+01, 1.1659e-02, 
 2DIAGNOSTIC,     5, -6.179184689825e-01, 1.797693134862e+308, 2.0956e+01, 1.2014e-02, 
 2DIAGNOSTIC,     6, -6.227233196266e-01, 1.797693134862e+308, 2.0970e+01, 1.3599e-02, 
 2DIAGNOSTIC,     7, -6.301808187704e-01, 1.797693134862e+308, 2.0990e+01, 2.0296e-02, 
 2DIAGNOSTIC,     8, -6.307281676120e-01, 1.797693134862e+308, 2.1002e+01, 1.1810e-02, 
 2DIAGNOSTIC,     9, -6.317071876795e-01, 1.797693134862e+308, 2.1014e+01, 1.2032e-02, 
 2DIAGNOSTIC,    10, -6.328412253849e-01, 3.060909731963e-03, 2.1029e+01, 1.5342e-02, 
 2DIAGNOSTIC,    11, -6.330744680185e-01, 2.594625175348e-03, 2.1043e+01, 1.4017e-02, 
 2DIAGNOSTIC,    12, -6.330128566466e-01, 2.029494524534e-03, 2.1055e+01, 1.2257e-02, 
 2DIAGNOSTIC,    13, -6.330855549141e-01, 1.448311366925e-03, 2.1069e+01, 1.4046e-02, 
 2DIAGNOSTIC,    14, -6.333748699552e-01, 9.055624642602e-04, 2.1083e+01, 1.3768e-02, 
 2DIAGNOSTIC,    15, -6.334782563380e-01, 4.826463213696e-04, 2.1096e+01, 1.2651e-02, 
 2DIAGNOSTIC,    16, -6.337757107428e-01, 2.085299556776e-04, 2.1108e+01, 1.2367e-02, 
 2DIAGNOSTIC,    17, -6.344768111190e-01, 1.662664070050e-04, 2.1121e+01, 1.2712e-02, 
 2DIAGNOSTIC,    18, -6.362294487143e-01, 1.708306567892e-04, 2.1133e+01, 1.2435e-02, 
 2DIAGNOSTIC,    19, -6.382925014788e-01, 2.300339880330e-04, 2.1148e+01, 1.4331e-02, 
 2DIAGNOSTIC,    20, -6.391146690284e-01, 3.054499509427e-04, 2.1169e+01, 2.1448e-02, 
 2DIAGNOSTIC,    21, -6.390341319236e-01, 3.492007809339e-04, 2.1183e+01, 1.4156e-02, 
 2DIAGNOSTIC,    22, -6.387972662283e-01, 3.509516656166e-04, 2.1196e+01, 1.2382e-02, 
 2DIAGNOSTIC,    23, -6.385718959591e-01, 3.164281553852e-04, 2.1208e+01, 1.2570e-02, 
 2DIAGNOSTIC,    24, -6.386508800079e-01, 2.616691025647e-04, 2.1221e+01, 1.2257e-02, 
 2DIAGNOSTIC,    25, -6.385081456003e-01, 1.861819186012e-04, 2.1233e+01, 1.2604e-02, 
 2DIAGNOSTIC,    26, -6.384192051414e-01, 1.034234192074e-04, 2.1248e+01, 1.5279e-02, 
 2DIAGNOSTIC,    27, -6.386438492207e-01, 3.262406391627e-05, 2.1261e+01, 1.2620e-02, 
DIAGNOSTIC,Iteration,metricValue,convergenceValue,ITERATION_TIME_INDEX,SINCE_LAST
 2DIAGNOSTIC,     1, -5.207821679287e-01, 1.797693134862e+308, 3.6373e+01, 1.5112e+01, 
 2DIAGNOSTIC,     2, -5.224943797095e-01, 1.797693134862e+308, 3.6434e+01, 6.1259e-02, 
 2DIAGNOSTIC,     3, -5.246730036976e-01, 1.797693134862e+308, 3.6494e+01, 5.9770e-02, 
 2DIAGNOSTIC,     4, -5.266158571372e-01, 1.797693134862e+308, 3.6555e+01, 6.0762e-02, 
 2DIAGNOSTIC,     5, -5.286413643091e-01, 1.797693134862e+308, 3.6614e+01, 5.9505e-02, 
 2DIAGNOSTIC,     6, -5.295505297110e-01, 1.797693134862e+308, 3.6684e+01, 7.0066e-02, 
 2DIAGNOSTIC,     7, -5.329187761665e-01, 1.797693134862e+308, 3.6782e+01, 9.8068e-02, 
 2DIAGNOSTIC,     8, -5.344795659572e-01, 1.797693134862e+308, 3.6871e+01, 8.8609e-02, 
 2DIAGNOSTIC,     9, -5.344712749711e-01, 1.797693134862e+308, 3.6940e+01, 6.9106e-02, 
 2DIAGNOSTIC,    10, -5.344582083501e-01, 1.836476514890e-03, 3.7010e+01, 7.0206e-02, 
 2DIAGNOSTIC,    11, -5.344433076453e-01, 1.432601024343e-03, 3.7070e+01, 5.9883e-02, 
 2DIAGNOSTIC,    12, -5.344482445947e-01, 1.042074875337e-03, 3.7131e+01, 6.0560e-02, 
 2DIAGNOSTIC,    13, -5.345478699073e-01, 7.099530940033e-04, 3.7190e+01, 5.9696e-02, 
 2DIAGNOSTIC,    14, -5.348206924322e-01, 4.461521213027e-04, 3.7261e+01, 7.0511e-02, 
 2DIAGNOSTIC,    15, -5.349440245276e-01, 2.551949731575e-04, 3.7321e+01, 6.0058e-02, 
 2DIAGNOSTIC,    16, -5.351333217704e-01, 9.927438824836e-05, 3.7381e+01, 6.0645e-02, 
 2DIAGNOSTIC,    17, -5.358660175082e-01, 8.049228048984e-05, 3.7451e+01, 6.9065e-02, 
 2DIAGNOSTIC,    18, -5.377295657749e-01, 1.576467670655e-04, 3.7530e+01, 7.9518e-02, 
 2DIAGNOSTIC,    19, -5.385461488388e-01, 2.335548557443e-04, 3.7684e+01, 1.5436e-01, 
 2DIAGNOSTIC,    20, -5.386026276326e-01, 2.816579319704e-04, 3.7745e+01, 6.0120e-02, 
 2DIAGNOSTIC,    21, -5.385724414229e-01, 2.988674894236e-04, 3.7814e+01, 6.9010e-02, 
 2DIAGNOSTIC,    22, -5.385350878247e-01, 2.858954354354e-04, 3.7873e+01, 5.9916e-02, 
 2DIAGNOSTIC,    23, -5.386483721645e-01, 2.514929356712e-04, 3.7932e+01, 5.8662e-02, 
 2DIAGNOSTIC,    24, -5.386498367239e-01, 2.023189878160e-04, 3.7992e+01, 5.9867e-02, 
 2DIAGNOSTIC,    25, -5.385345582177e-01, 1.390754568450e-04, 3.8061e+01, 6.8718e-02, 
 2DIAGNOSTIC,    26, -5.385750030928e-01, 7.290586548069e-05, 3.8121e+01, 6.0218e-02, 
 2DIAGNOSTIC,    27, -5.384190382771e-01, 1.541491330419e-05, 3.8189e+01, 6.8437e-02, 
DIAGNOSTIC,Iteration,metricValue,convergenceValue,ITERATION_TIME_INDEX,SINCE_LAST
 2DIAGNOSTIC,     1, -4.558590075652e-01, 1.797693134862e+308, 4.7113e+01, 8.9236e+00, 
 2DIAGNOSTIC,     2, -4.560617607377e-01, 1.797693134862e+308, 4.7604e+01, 4.9075e-01, 
 2DIAGNOSTIC,     3, -4.563225526223e-01, 1.797693134862e+308, 4.8095e+01, 4.9108e-01, 
 2DIAGNOSTIC,     4, -4.566908040267e-01, 1.797693134862e+308, 4.8586e+01, 4.9094e-01, 
 2DIAGNOSTIC,     5, -4.574379329863e-01, 1.797693134862e+308, 4.9070e+01, 4.8387e-01, 
 2DIAGNOSTIC,     6, -4.583706837824e-01, 1.797693134862e+308, 4.9558e+01, 4.8879e-01, 
 2DIAGNOSTIC,     7, -4.588619739894e-01, 1.797693134862e+308, 5.0640e+01, 1.0815e+00, 
 2DIAGNOSTIC,     8, -4.589156846891e-01, 1.797693134862e+308, 5.1471e+01, 8.3071e-01, 
 2DIAGNOSTIC,     9, -4.589247143846e-01, 1.797693134862e+308, 5.2037e+01, 5.6621e-01, 
 2DIAGNOSTIC,    10, -4.589231317940e-01, 5.343940314381e-04, 5.2614e+01, 5.7738e-01, 
 2DIAGNOSTIC,    11, -4.589213116354e-01, 4.245832931258e-04, 5.3181e+01, 5.6676e-01, 
 2DIAGNOSTIC,    12, -4.589144074982e-01, 3.053087837766e-04, 5.3753e+01, 5.7210e-01, 
 2DIAGNOSTIC,    13, -4.589186509617e-01, 1.902810355863e-04, 5.4321e+01, 5.6832e-01, 
 2DIAGNOSTIC,    14, -4.589157065905e-01, 9.073131758114e-05, 5.4895e+01, 5.7334e-01, 
 2DIAGNOSTIC,    15, -4.589121159912e-01, 2.633668903437e-05, 5.5375e+01, 4.7989e-01, 
 2DIAGNOSTIC,    16, -4.589106061490e-01, 3.385777647927e-06, 5.5864e+01, 4.8933e-01, 
DIAGNOSTIC,Iteration,metricValue,convergenceValue,ITERATION_TIME_INDEX,SINCE_LAST
 2DIAGNOSTIC,     1, -3.918988636073e-01, 1.797693134862e+308, 6.4861e+01, 8.9973e+00, 
  Elapsed time (stage 1): 6.6658e+01


Stage 2
  iterations = 100x100x70x50x0
  convergence threshold = 1.0000e-06
  convergence window size = 10
  number of levels = 5
  using the Mattes MI metric (number of bins = 32, weight = 1.0000e+00)
  preprocessing:  winsorizing the image intensities
  Shrink factors (level 1 out of 5): [10, 10, 10]
  Shrink factors (level 2 out of 5): [6, 6, 6]
  Shrink factors (level 3 out of 5): [4, 4, 4]
  Shrink factors (level 4 out of 5): [2, 2, 2]
  Shrink factors (level 5 out of 5): [1, 1, 1]
  smoothing sigmas per level: [5, 3, 2, 1, 0]
  Using default NONE metricSamplingStrategy 

*** Running SyN registration (varianceForUpdateField = 3.0000e+00, varianceForTotalField = 0.0000e+00) ***

XXDIAGNOSTIC,Iteration,metricValue,convergenceValue,ITERATION_TIME_INDEX,SINCE_LAST
 1DIAGNOSTIC,     1, -5.239595664605e-01, 1.797693134862e+308, 3.3243e+01, 3.3243e+01, 
 1DIAGNOSTIC,     2, -5.418443000759e-01, 1.797693134862e+308, 3.3381e+01, 1.3738e-01, 
 1DIAGNOSTIC,     3, -5.543142864621e-01, 1.797693134862e+308, 3.3521e+01, 1.4083e-01, 
 1DIAGNOSTIC,     4, -5.579962547978e-01, 1.797693134862e+308, 3.3656e+01, 1.3420e-01, 
 1DIAGNOSTIC,     5, -5.590885141903e-01, 1.797693134862e+308, 3.3790e+01, 1.3429e-01, 
 1DIAGNOSTIC,     6, -5.562539778947e-01, 1.797693134862e+308, 3.3925e+01, 1.3490e-01, 
 1DIAGNOSTIC,     7, -5.532058918854e-01, 1.797693134862e+308, 3.4059e+01, 1.3466e-01, 
 1DIAGNOSTIC,     8, -5.514625490731e-01, 1.797693134862e+308, 3.4194e+01, 1.3420e-01, 
 1DIAGNOSTIC,     9, -5.486790502607e-01, 1.797693134862e+308, 3.4328e+01, 1.3426e-01, 
 1DIAGNOSTIC,    10, -5.470729698013e-01, 1.264270016525e-03, 3.4463e+01, 1.3510e-01, 
 1DIAGNOSTIC,    11, -5.449333860830e-01, -6.485721359238e-04, 3.4598e+01, 1.3537e-01, 
XXDIAGNOSTIC,Iteration,metricValue,convergenceValue,ITERATION_TIME_INDEX,SINCE_LAST
 1DIAGNOSTIC,     1, -4.315559059752e-01, 1.797693134862e+308, 5.0105e+01, 1.5507e+01, 
 1DIAGNOSTIC,     2, -4.342375901739e-01, 1.797693134862e+308, 5.0643e+01, 5.3724e-01, 
 1DIAGNOSTIC,     3, -4.354856815569e-01, 1.797693134862e+308, 5.1177e+01, 5.3465e-01, 
 1DIAGNOSTIC,     4, -4.359049857247e-01, 1.797693134862e+308, 5.1713e+01, 5.3553e-01, 
 1DIAGNOSTIC,     5, -4.359883079911e-01, 1.797693134862e+308, 5.2248e+01, 5.3548e-01, 
 1DIAGNOSTIC,     6, -4.354774274367e-01, 1.797693134862e+308, 5.2785e+01, 5.3637e-01, 
 1DIAGNOSTIC,     7, -4.345249837217e-01, 1.797693134862e+308, 5.3322e+01, 5.3769e-01, 
 1DIAGNOSTIC,     8, -4.334403780347e-01, 1.797693134862e+308, 5.3859e+01, 5.3640e-01, 
 1DIAGNOSTIC,     9, -4.321268162031e-01, 1.797693134862e+308, 5.4394e+01, 5.3532e-01, 
 1DIAGNOSTIC,    10, -4.313750169882e-01, -2.711648147279e-04, 5.4931e+01, 5.3666e-01, 
XXDIAGNOSTIC,Iteration,metricValue,convergenceValue,ITERATION_TIME_INDEX,SINCE_LAST
 1DIAGNOSTIC,     1, -3.667176593204e-01, 1.797693134862e+308, 6.4945e+01, 1.0014e+01, 
 1DIAGNOSTIC,     2, -3.675881430287e-01, 1.797693134862e+308, 6.6643e+01, 1.6981e+00, 
 1DIAGNOSTIC,     3, -3.680861337446e-01, 1.797693134862e+308, 6.8331e+01, 1.6881e+00, 
 1DIAGNOSTIC,     4, -3.684031850965e-01, 1.797693134862e+308, 7.0068e+01, 1.7366e+00, 
 1DIAGNOSTIC,     5, -3.686124509674e-01, 1.797693134862e+308, 7.1751e+01, 1.6836e+00, 
 1DIAGNOSTIC,     6, -3.685168447620e-01, 1.797693134862e+308, 7.3492e+01, 1.7403e+00, 
 1DIAGNOSTIC,     7, -3.682274470568e-01, 1.797693134862e+308, 7.5230e+01, 1.7381e+00, 
 1DIAGNOSTIC,     8, -3.679462017586e-01, 1.797693134862e+308, 7.6919e+01, 1.6896e+00, 
 1DIAGNOSTIC,     9, -3.675451114203e-01, 1.797693134862e+308, 7.8603e+01, 1.6839e+00, 
 1DIAGNOSTIC,    10, -3.673091938058e-01, 3.082960520018e-05, 8.0346e+01, 1.7430e+00, 
 1DIAGNOSTIC,    11, -3.671578021091e-01, -1.425373852111e-04, 8.2088e+01, 1.7420e+00, 
XXDIAGNOSTIC,Iteration,metricValue,convergenceValue,ITERATION_TIME_INDEX,SINCE_LAST
 1DIAGNOSTIC,     1, -3.113741582211e-01, 1.797693134862e+308, 1.0096e+02, 1.8872e+01, 
 1DIAGNOSTIC,     2, -3.124048622635e-01, 1.797693134862e+308, 1.1350e+02, 1.2538e+01, 
 1DIAGNOSTIC,     3, -3.133603807055e-01, 1.797693134862e+308, 1.2603e+02, 1.2536e+01, 
 1DIAGNOSTIC,     4, -3.142114593502e-01, 1.797693134862e+308, 1.3856e+02, 1.2524e+01, 
 1DIAGNOSTIC,     5, -3.149363902850e-01, 1.797693134862e+308, 1.5115e+02, 1.2597e+01, 
 1DIAGNOSTIC,     6, -3.156288748846e-01, 1.797693134862e+308, 1.6368e+02, 1.2521e+01, 
 1DIAGNOSTIC,     7, -3.162467080656e-01, 1.797693134862e+308, 1.7620e+02, 1.2527e+01, 
 1DIAGNOSTIC,     8, -3.168434093680e-01, 1.797693134862e+308, 1.8877e+02, 1.2565e+01, 
 1DIAGNOSTIC,     9, -3.173623643656e-01, 1.797693134862e+308, 2.0173e+02, 1.2967e+01, 
 1DIAGNOSTIC,    10, -3.177701382474e-01, 1.287657369204e-03, 2.1521e+02, 1.3472e+01, 
 1DIAGNOSTIC,    11, -3.181590404338e-01, 1.052712668940e-03, 2.2860e+02, 1.3398e+01, 
 1DIAGNOSTIC,    12, -3.184403166724e-01, 8.602280219759e-04, 2.4207e+02, 1.3466e+01, 
 1DIAGNOSTIC,    13, -3.187398294660e-01, 7.059983509128e-04, 2.5547e+02, 1.3398e+01, 
 1DIAGNOSTIC,    14, -3.189257777365e-01, 5.758444422209e-04, 2.6887e+02, 1.3399e+01, 
 1DIAGNOSTIC,    15, -3.190673276255e-01, 4.621612017459e-04, 2.8227e+02, 1.3401e+01, 
 1DIAGNOSTIC,    16, -3.191827808571e-01, 3.655385513337e-04, 2.9565e+02, 1.3377e+01, 
 1DIAGNOSTIC,    17, -3.193029577959e-01, 2.853599579412e-04, 3.0904e+02, 1.3392e+01, 
 1DIAGNOSTIC,    18, -3.194226095356e-01, 2.231856984719e-04, 3.2247e+02, 1.3428e+01, 
 1DIAGNOSTIC,    19, -3.195725908028e-01, 1.783281254701e-04, 3.3587e+02, 1.3409e+01, 
 1DIAGNOSTIC,    20, -3.197644273515e-01, 1.481307474651e-04, 3.4929e+02, 1.3413e+01, 
 1DIAGNOSTIC,    21, -3.198659145279e-01, 1.278520916506e-04, 3.6266e+02, 1.3375e+01, 
 1DIAGNOSTIC,    22, -3.200108867045e-01, 1.147861771072e-04, 3.7605e+02, 1.3384e+01, 
 1DIAGNOSTIC,    23, -3.201088342004e-01, 1.075596737488e-04, 3.8944e+02, 1.3393e+01, 
 1DIAGNOSTIC,    24, -3.201975040476e-01, 1.010900489675e-04, 4.0287e+02, 1.3435e+01, 
 1DIAGNOSTIC,    25, -3.202580677566e-01, 9.290052289312e-05, 4.1626e+02, 1.3381e+01, 
 1DIAGNOSTIC,    26, -3.202975559969e-01, 8.200638124215e-05, 4.2968e+02, 1.3428e+01, 
 1DIAGNOSTIC,    27, -3.203250724112e-01, 6.918917862258e-05, 4.4321e+02, 1.3524e+01, 
 1DIAGNOSTIC,    28, -3.203734381560e-01, 5.617602400430e-05, 4.5661e+02, 1.3398e+01, 
 1DIAGNOSTIC,    29, -3.204111925639e-01, 4.452026158906e-05, 4.6999e+02, 1.3384e+01, 
 1DIAGNOSTIC,    30, -3.204732506530e-01, 3.707104630656e-05, 4.8340e+02, 1.3411e+01, 
 1DIAGNOSTIC,    31, -3.205077881442e-01, 3.052982435546e-05, 4.9679e+02, 1.3393e+01, 
 1DIAGNOSTIC,    32, -3.206214682858e-01, 2.879109148697e-05, 5.1018e+02, 1.3381e+01, 
 1DIAGNOSTIC,    33, -3.207196463631e-01, 2.971936533885e-05, 5.2370e+02, 1.3528e+01, 
 1DIAGNOSTIC,    34, -3.208015683523e-01, 3.227027495153e-05, 5.3713e+02, 1.3427e+01, 
 1DIAGNOSTIC,    35, -3.208661058854e-01, 3.487145942345e-05, 5.5054e+02, 1.3407e+01, 
 1DIAGNOSTIC,    36, -3.209415323176e-01, 3.694403232744e-05, 5.6395e+02, 1.3412e+01, 
 1DIAGNOSTIC,    37, -3.209736032030e-01, 3.685220380992e-05, 5.7735e+02, 1.3400e+01, 
 1DIAGNOSTIC,    38, -3.210328816248e-01, 3.583844843490e-05, 5.9073e+02, 1.3382e+01, 
 1DIAGNOSTIC,    39, -3.210333972083e-01, 3.238120179290e-05, 6.0414e+02, 1.3408e+01, 
 1DIAGNOSTIC,    40, -3.210532060333e-01, 2.794728123543e-05, 6.1754e+02, 1.3402e+01, 
 1DIAGNOSTIC,    41, -3.210299105056e-01, 2.134266641319e-05, 6.3096e+02, 1.3420e+01, 
 1DIAGNOSTIC,    42, -3.210202941739e-01, 1.528056347992e-05, 6.4445e+02, 1.3488e+01, 
 1DIAGNOSTIC,    43, -3.209919240314e-01, 9.538334983895e-06, 6.5786e+02, 1.3410e+01, 
 1DIAGNOSTIC,    44, -3.209543408789e-01, 4.107853049027e-06, 6.7126e+02, 1.3403e+01, 
 1DIAGNOSTIC,    45, -3.209094894914e-01, -1.022860722327e-06, 6.8474e+02, 1.3476e+01, 
  Elapsed time (stage 2): 704.9


Total elapsed time: 838.3

--- Writing output images ---

Using double precision for computations.
Input scalar image: data/Segmentations/1002_3_seg.nii.gz
Reference image: data/template/T_template0_BrainCerebellum.nii.gz
=============================================================================
The composite transform comprises the following transforms (in order): 
  1. /tmp/1971220.1.basic.q/1002_ToTemplate_013_0GenericAffine.mat (type = AffineTransform)
  2. /tmp/1971220.1.basic.q/1002_ToTemplate_013_1Warp.nii.gz (type = DisplacementFieldTransform)
=============================================================================
Default pixel value: 0
Interpolation type: LabelImageGenericInterpolateImageFunction
Output warped image: output/1002/1002_WarpedLabels_013.nii.gz

--- Done ---

