
--- Running on compute-1-5.local ---


--- registration call ---
/data/jet/pcook/bin/antsBuild/bin/antsRegistrationSyNQuick.sh -d 3 -f data/template/T_template0_BrainCerebellum.nii.gz -m data/Brains/1002_3.nii.gz -t s -p d -n 2 -o /tmp/1971221.1.basic.q/1002_ToTemplate_014_
---


--------------------------------------------------------------------------------------
 Mapping parameters
--------------------------------------------------------------------------------------
 ANTSPATH is /data/jet/pcook/bin/antsBuild/bin/

 Dimensionality:           3
 Output name prefix:       /tmp/1971221.1.basic.q/1002_ToTemplate_014_
 Fixed images:             data/template/T_template0_BrainCerebellum.nii.gz
 Moving images:            data/Brains/1002_3.nii.gz
 Mask images:              
 Initial transforms:       
 Number of threads:        2
 Spline distance:          26
 Transform type:           s
 MI histogram bins:        32
 Precision:                d
 Use histogram matching    0
======================================================================================
 antsRegistration call:
--------------------------------------------------------------------------------------
/data/jet/pcook/bin/antsBuild/bin//antsRegistration --verbose 1 --dimensionality 3 --float 0 --collapse-output-transforms 1 --output [/tmp/1971221.1.basic.q/1002_ToTemplate_014_,/tmp/1971221.1.basic.q/1002_ToTemplate_014_Warped.nii.gz,/tmp/1971221.1.basic.q/1002_ToTemplate_014_InverseWarped.nii.gz] --interpolation Linear --use-histogram-matching 0 --winsorize-image-intensities [0.005,0.995] --initial-moving-transform [data/template/T_template0_BrainCerebellum.nii.gz,data/Brains/1002_3.nii.gz,1] --transform Rigid[0.1] --metric MI[data/template/T_template0_BrainCerebellum.nii.gz,data/Brains/1002_3.nii.gz,1,32,Regular,0.25] --convergence [1000x500x250x0,1e-6,10] --shrink-factors 12x8x4x2 --smoothing-sigmas 4x3x2x1vox --transform Affine[0.1] --metric MI[data/template/T_template0_BrainCerebellum.nii.gz,data/Brains/1002_3.nii.gz,1,32,Regular,0.25] --convergence [1000x500x250x0,1e-6,10] --shrink-factors 12x8x4x2 --smoothing-sigmas 4x3x2x1vox --transform SyN[0.1,3,0] --metric MI[data/template/T_template0_BrainCerebellum.nii.gz,data/Brains/1002_3.nii.gz,1,32] --convergence [100x100x70x50x0,1e-6,10] --shrink-factors 10x6x4x2x1 --smoothing-sigmas 5x3x2x1x0vox
--------------------------------------------------------------------------------------
All_Command_lines_OK
Using double precision for computations.
=============================================================================
The composite transform comprises the following transforms (in order): 
  1. Center of mass alignment using fixed image: data/template/T_template0_BrainCerebellum.nii.gz and moving image: data/Brains/1002_3.nii.gz (type = Euler3DTransform)
=============================================================================
  number of levels = 4
  number of levels = 4
  number of levels = 5
  fixed image: data/template/T_template0_BrainCerebellum.nii.gz
  moving image: data/Brains/1002_3.nii.gz
  fixed image: data/template/T_template0_BrainCerebellum.nii.gz
  moving image: data/Brains/1002_3.nii.gz
  fixed image: data/template/T_template0_BrainCerebellum.nii.gz
  moving image: data/Brains/1002_3.nii.gz
Dimension = 3
Number of stages = 3
Use Histogram Matching false
Winsorize image intensities true
Lower quantile = 0.005
Upper quantile = 0.995
Stage 1 State
   Image metric = Mattes
     Fixed image = Image (0x4c78f40)
  RTTI typeinfo:   itk::Image<double, 3u>
  Reference Count: 2
  Modified Time: 1611
  Debug: Off
  Object Name: 
  Observers: 
    none
  Source: (none)
  Source output name: (none)
  Release Data: Off
  Data Released: False
  Global Release Data: Off
  PipelineMTime: 0
  UpdateMTime: 1422
  RealTimeStamp: 0 seconds 
  LargestPossibleRegion: 
    Dimension: 3
    Index: [0, 0, 0]
    Size: [216, 256, 291]
  BufferedRegion: 
    Dimension: 3
    Index: [0, 0, 0]
    Size: [216, 256, 291]
  RequestedRegion: 
    Dimension: 3
    Index: [0, 0, 0]
    Size: [216, 256, 291]
  Spacing: [1, 1, 1]
  Origin: [0, 293, 0]
  Direction: 
1 0 0
0 -0 -1
0 -1 -0

  IndexToPointMatrix: 
1 0 0
0 0 -1
0 -1 0

  PointToIndexMatrix: 
1 0 0
0 0 -1
0 -1 0

  Inverse Direction: 
1 0 0
0 0 -1
0 -1 0

  PixelContainer: 
    ImportImageContainer (0x4c7ca40)
      RTTI typeinfo:   itk::ImportImageContainer<unsigned long, double>
      Reference Count: 1
      Modified Time: 1419
      Debug: Off
      Object Name: 
      Observers: 
        none
      Pointer: 0x7f77ec89b010
      Container manages memory: true
      Size: 16091136
      Capacity: 16091136

     Moving image = Image (0x4c7afa0)
  RTTI typeinfo:   itk::Image<double, 3u>
  Reference Count: 2
  Modified Time: 1612
  Debug: Off
  Object Name: 
  Observers: 
    none
  Source: (none)
  Source output name: (none)
  Release Data: Off
  Data Released: False
  Global Release Data: Off
  PipelineMTime: 0
  UpdateMTime: 1609
  RealTimeStamp: 0 seconds 
  LargestPossibleRegion: 
    Dimension: 3
    Index: [0, 0, 0]
    Size: [256, 256, 277]
  BufferedRegion: 
    Dimension: 3
    Index: [0, 0, 0]
    Size: [256, 256, 277]
  RequestedRegion: 
    Dimension: 3
    Index: [0, 0, 0]
    Size: [256, 256, 277]
  Spacing: [1, 1, 1]
  Origin: [0, 276, 0]
  Direction: 
1 0 0
0 -0 -1
0 -1 -0

  IndexToPointMatrix: 
1 0 0
0 0 -1
0 -1 0

  PointToIndexMatrix: 
1 0 0
0 0 -1
0 -1 0

  Inverse Direction: 
1 0 0
0 0 -1
0 -1 0

  PixelContainer: 
    ImportImageContainer (0x4c6bf60)
      RTTI typeinfo:   itk::ImportImageContainer<unsigned long, double>
      Reference Count: 1
      Modified Time: 1606
      Debug: Off
      Object Name: 
      Observers: 
        none
      Pointer: 0x7f77e3e1a010
      Container manages memory: true
      Size: 18153472
      Capacity: 18153472

     Weighting = 1
     Sampling strategy = regular
     Number of bins = 32
     Radius = 4
     Sampling percentage  = 0.25
   Transform = Rigid
     Gradient step = 0.1
     Update field sigma (voxel space) = 0
     Total field sigma (voxel space) = 0
     Update field time sigma = 0
     Total field time sigma  = 0
     Number of time indices = 0
     Number of time point samples = 0
Stage 2 State
   Image metric = Mattes
     Fixed image = Image (0x4c7f950)
  RTTI typeinfo:   itk::Image<double, 3u>
  Reference Count: 2
  Modified Time: 1987
  Debug: Off
  Object Name: 
  Observers: 
    none
  Source: (none)
  Source output name: (none)
  Release Data: Off
  Data Released: False
  Global Release Data: Off
  PipelineMTime: 0
  UpdateMTime: 1798
  RealTimeStamp: 0 seconds 
  LargestPossibleRegion: 
    Dimension: 3
    Index: [0, 0, 0]
    Size: [216, 256, 291]
  BufferedRegion: 
    Dimension: 3
    Index: [0, 0, 0]
    Size: [216, 256, 291]
  RequestedRegion: 
    Dimension: 3
    Index: [0, 0, 0]
    Size: [216, 256, 291]
  Spacing: [1, 1, 1]
  Origin: [0, 293, 0]
  Direction: 
1 0 0
0 -0 -1
0 -1 -0

  IndexToPointMatrix: 
1 0 0
0 0 -1
0 -1 0

  PointToIndexMatrix: 
1 0 0
0 0 -1
0 -1 0

  Inverse Direction: 
1 0 0
0 0 -1
0 -1 0

  PixelContainer: 
    ImportImageContainer (0x4c7bbc0)
      RTTI typeinfo:   itk::ImportImageContainer<unsigned long, double>
      Reference Count: 1
      Modified Time: 1795
      Debug: Off
      Object Name: 
      Observers: 
        none
      Pointer: 0x7f77dc355010
      Container manages memory: true
      Size: 16091136
      Capacity: 16091136

     Moving image = Image (0x4c8c2d0)
  RTTI typeinfo:   itk::Image<double, 3u>
  Reference Count: 2
  Modified Time: 1988
  Debug: Off
  Object Name: 
  Observers: 
    none
  Source: (none)
  Source output name: (none)
  Release Data: Off
  Data Released: False
  Global Release Data: Off
  PipelineMTime: 0
  UpdateMTime: 1985
  RealTimeStamp: 0 seconds 
  LargestPossibleRegion: 
    Dimension: 3
    Index: [0, 0, 0]
    Size: [256, 256, 277]
  BufferedRegion: 
    Dimension: 3
    Index: [0, 0, 0]
    Size: [256, 256, 277]
  RequestedRegion: 
    Dimension: 3
    Index: [0, 0, 0]
    Size: [256, 256, 277]
  Spacing: [1, 1, 1]
  Origin: [0, 276, 0]
  Direction: 
1 0 0
0 -0 -1
0 -1 -0

  IndexToPointMatrix: 
1 0 0
0 0 -1
0 -1 0

  PointToIndexMatrix: 
1 0 0
0 0 -1
0 -1 0

  Inverse Direction: 
1 0 0
0 0 -1
0 -1 0

  PixelContainer: 
    ImportImageContainer (0x4c8bc50)
      RTTI typeinfo:   itk::ImportImageContainer<unsigned long, double>
      Reference Count: 1
      Modified Time: 1982
      Debug: Off
      Object Name: 
      Observers: 
        none
      Pointer: 0x7f77d38d4010
      Container manages memory: true
      Size: 18153472
      Capacity: 18153472

     Weighting = 1
     Sampling strategy = regular
     Number of bins = 32
     Radius = 4
     Sampling percentage  = 0.25
   Transform = Affine
     Gradient step = 0.1
     Update field sigma (voxel space) = 0
     Total field sigma (voxel space) = 0
     Update field time sigma = 0
     Total field time sigma  = 0
     Number of time indices = 0
     Number of time point samples = 0
Stage 3 State
   Image metric = Mattes
     Fixed image = Image (0x4c92170)
  RTTI typeinfo:   itk::Image<double, 3u>
  Reference Count: 2
  Modified Time: 2363
  Debug: Off
  Object Name: 
  Observers: 
    none
  Source: (none)
  Source output name: (none)
  Release Data: Off
  Data Released: False
  Global Release Data: Off
  PipelineMTime: 0
  UpdateMTime: 2174
  RealTimeStamp: 0 seconds 
  LargestPossibleRegion: 
    Dimension: 3
    Index: [0, 0, 0]
    Size: [216, 256, 291]
  BufferedRegion: 
    Dimension: 3
    Index: [0, 0, 0]
    Size: [216, 256, 291]
  RequestedRegion: 
    Dimension: 3
    Index: [0, 0, 0]
    Size: [216, 256, 291]
  Spacing: [1, 1, 1]
  Origin: [0, 293, 0]
  Direction: 
1 0 0
0 -0 -1
0 -1 -0

  IndexToPointMatrix: 
1 0 0
0 0 -1
0 -1 0

  PointToIndexMatrix: 
1 0 0
0 0 -1
0 -1 0

  Inverse Direction: 
1 0 0
0 0 -1
0 -1 0

  PixelContainer: 
    ImportImageContainer (0x4c8d2d0)
      RTTI typeinfo:   itk::ImportImageContainer<unsigned long, double>
      Reference Count: 1
      Modified Time: 2171
      Debug: Off
      Object Name: 
      Observers: 
        none
      Pointer: 0x7f77cbe0f010
      Container manages memory: true
      Size: 16091136
      Capacity: 16091136

     Moving image = Image (0x4c91be0)
  RTTI typeinfo:   itk::Image<double, 3u>
  Reference Count: 2
  Modified Time: 2364
  Debug: Off
  Object Name: 
  Observers: 
    none
  Source: (none)
  Source output name: (none)
  Release Data: Off
  Data Released: False
  Global Release Data: Off
  PipelineMTime: 0
  UpdateMTime: 2361
  RealTimeStamp: 0 seconds 
  LargestPossibleRegion: 
    Dimension: 3
    Index: [0, 0, 0]
    Size: [256, 256, 277]
  BufferedRegion: 
    Dimension: 3
    Index: [0, 0, 0]
    Size: [256, 256, 277]
  RequestedRegion: 
    Dimension: 3
    Index: [0, 0, 0]
    Size: [256, 256, 277]
  Spacing: [1, 1, 1]
  Origin: [0, 276, 0]
  Direction: 
1 0 0
0 -0 -1
0 -1 -0

  IndexToPointMatrix: 
1 0 0
0 0 -1
0 -1 0

  PointToIndexMatrix: 
1 0 0
0 0 -1
0 -1 0

  Inverse Direction: 
1 0 0
0 0 -1
0 -1 0

  PixelContainer: 
    ImportImageContainer (0x4c93ef0)
      RTTI typeinfo:   itk::ImportImageContainer<unsigned long, double>
      Reference Count: 1
      Modified Time: 2358
      Debug: Off
      Object Name: 
      Observers: 
        none
      Pointer: 0x7f77c338e010
      Container manages memory: true
      Size: 18153472
      Capacity: 18153472

     Weighting = 1
     Sampling strategy = none
     Number of bins = 32
     Radius = 4
     Sampling percentage  = 1
   Transform = SyN
     Gradient step = 0.1
     Update field sigma (voxel space) = 3
     Total field sigma (voxel space) = 0
     Update field time sigma = 0
     Total field time sigma  = 0
     Number of time indices = 0
     Number of time point samples = 0
Registration using 3 total stages.

Stage 0
  iterations = 1000x500x250x0
  convergence threshold = 1e-06
  convergence window size = 10
  number of levels = 4
  using the Mattes MI metric (number of bins = 32, weight = 1)
  preprocessing:  winsorizing the image intensities
  Shrink factors (level 1 out of 4): [12, 12, 12]
  Shrink factors (level 2 out of 4): [8, 8, 8]
  Shrink factors (level 3 out of 4): [4, 4, 4]
  Shrink factors (level 4 out of 4): [2, 2, 2]
  smoothing sigmas per level: [4, 3, 2, 1]
  regular sampling (percentage = 0.25)

*** Running Euler3DTransform registration ***

DIAGNOSTIC,Iteration,metricValue,convergenceValue,ITERATION_TIME_INDEX,SINCE_LAST
 2DIAGNOSTIC,     1, -5.884521527130e-01, 1.797693134862e+308, 2.0904e+01, 2.0904e+01, 
 2DIAGNOSTIC,     2, -5.897222080222e-01, 1.797693134862e+308, 2.0914e+01, 1.0599e-02, 
 2DIAGNOSTIC,     3, -5.900976321163e-01, 1.797693134862e+308, 2.0923e+01, 8.9800e-03, 
 2DIAGNOSTIC,     4, -5.904479197301e-01, 1.797693134862e+308, 2.0932e+01, 8.9810e-03, 
 2DIAGNOSTIC,     5, -5.907090490308e-01, 1.797693134862e+308, 2.0942e+01, 1.0323e-02, 
 2DIAGNOSTIC,     6, -5.912388991108e-01, 1.797693134862e+308, 2.0951e+01, 8.9090e-03, 
 2DIAGNOSTIC,     7, -5.918593526779e-01, 1.797693134862e+308, 2.0962e+01, 1.0368e-02, 
 2DIAGNOSTIC,     8, -5.929454740099e-01, 1.797693134862e+308, 2.0971e+01, 9.0120e-03, 
 2DIAGNOSTIC,     9, -5.943566425784e-01, 1.797693134862e+308, 2.0982e+01, 1.0842e-02, 
 2DIAGNOSTIC,    10, -5.982548877619e-01, 8.002422222136e-04, 2.0996e+01, 1.4452e-02, 
 2DIAGNOSTIC,    11, -5.983152363674e-01, 8.581700795288e-04, 2.1007e+01, 1.1155e-02, 
 2DIAGNOSTIC,    12, -5.985411374043e-01, 8.914360797825e-04, 2.1017e+01, 9.6889e-03, 
 2DIAGNOSTIC,    13, -6.002338885823e-01, 9.165880010613e-04, 2.1027e+01, 9.6900e-03, 
 2DIAGNOSTIC,    14, -6.021596591827e-01, 9.300484087024e-04, 2.1036e+01, 9.7079e-03, 
 2DIAGNOSTIC,    15, -6.034607286053e-01, 9.037735962688e-04, 2.1046e+01, 9.6881e-03, 
 2DIAGNOSTIC,    16, -6.048378714123e-01, 8.554624824085e-04, 2.1057e+01, 1.1073e-02, 
 2DIAGNOSTIC,    17, -6.057616269096e-01, 7.789852617333e-04, 2.1068e+01, 1.1102e-02, 
 2DIAGNOSTIC,    18, -6.064568235789e-01, 6.860505314174e-04, 2.1078e+01, 9.9900e-03, 
 2DIAGNOSTIC,    19, -6.073853599317e-01, 5.948233717633e-04, 2.1096e+01, 1.7689e-02, 
 2DIAGNOSTIC,    20, -6.088291498423e-01, 5.845393655822e-04, 2.1106e+01, 9.8529e-03, 
 2DIAGNOSTIC,    21, -6.088762436039e-01, 5.233116168585e-04, 2.1115e+01, 9.6509e-03, 
 2DIAGNOSTIC,    22, -6.089033664491e-01, 4.246047980877e-04, 2.1125e+01, 9.6080e-03, 
 2DIAGNOSTIC,    23, -6.092448411736e-01, 3.367482869663e-04, 2.1139e+01, 1.3893e-02, 
 2DIAGNOSTIC,    24, -6.092981617795e-01, 2.632532565451e-04, 2.1148e+01, 9.6350e-03, 
 2DIAGNOSTIC,    25, -6.093043365940e-01, 1.951245876616e-04, 2.1161e+01, 1.2406e-02, 
 2DIAGNOSTIC,    26, -6.093061650524e-01, 1.391442011983e-04, 2.1170e+01, 9.6259e-03, 
 2DIAGNOSTIC,    27, -6.093074759410e-01, 9.084021704537e-05, 2.1180e+01, 9.6560e-03, 
 2DIAGNOSTIC,    28, -6.093099731521e-01, 4.912313823709e-05, 2.1190e+01, 9.6071e-03, 
 2DIAGNOSTIC,    29, -6.093127990895e-01, 2.027892967051e-05, 2.1199e+01, 9.5558e-03, 
 2DIAGNOSTIC,    30, -6.095931900383e-01, 1.879084853930e-05, 2.1234e+01, 3.4935e-02, 
 2DIAGNOSTIC,    31, -6.095931893241e-01, 1.638332285989e-05, 2.1244e+01, 9.5589e-03, 
 2DIAGNOSTIC,    32, -6.095931899085e-01, 1.299130835408e-05, 2.1253e+01, 9.5608e-03, 
 2DIAGNOSTIC,    33, -6.095931908961e-01, 1.359816163037e-05, 2.1263e+01, 9.4821e-03, 
 2DIAGNOSTIC,    34, -6.095931925645e-01, 1.369345745100e-05, 2.1272e+01, 9.5232e-03, 
 2DIAGNOSTIC,    35, -6.095931953811e-01, 1.259187773034e-05, 2.1282e+01, 9.5558e-03, 
 2DIAGNOSTIC,    36, -6.095932001308e-01, 1.045318687600e-05, 2.1291e+01, 9.5270e-03, 
 2DIAGNOSTIC,    37, -6.095932081253e-01, 7.596378784013e-06, 2.1301e+01, 9.4621e-03, 
 2DIAGNOSTIC,    38, -6.095932215378e-01, 4.323012664498e-06, 2.1310e+01, 9.4981e-03, 
DIAGNOSTIC,Iteration,metricValue,convergenceValue,ITERATION_TIME_INDEX,SINCE_LAST
 2DIAGNOSTIC,     1, -5.175500494679e-01, 1.797693134862e+308, 3.6471e+01, 1.5161e+01, 
 2DIAGNOSTIC,     2, -5.183505360174e-01, 1.797693134862e+308, 3.6520e+01, 4.9073e-02, 
 2DIAGNOSTIC,     3, -5.193279400181e-01, 1.797693134862e+308, 3.6569e+01, 4.8789e-02, 
 2DIAGNOSTIC,     4, -5.196481846761e-01, 1.797693134862e+308, 3.6618e+01, 4.8777e-02, 
 2DIAGNOSTIC,     5, -5.200148278179e-01, 1.797693134862e+308, 3.6676e+01, 5.8358e-02, 
 2DIAGNOSTIC,     6, -5.202151197325e-01, 1.797693134862e+308, 3.6725e+01, 4.8873e-02, 
 2DIAGNOSTIC,     7, -5.207247204328e-01, 1.797693134862e+308, 3.6774e+01, 4.9166e-02, 
 2DIAGNOSTIC,     8, -5.212156008351e-01, 1.797693134862e+308, 3.6861e+01, 8.7019e-02, 
 2DIAGNOSTIC,     9, -5.214217711746e-01, 1.797693134862e+308, 3.6920e+01, 5.8474e-02, 
 2DIAGNOSTIC,    10, -5.216589653132e-01, 4.761030373556e-04, 3.6979e+01, 5.9162e-02, 
 2DIAGNOSTIC,    11, -5.221283323882e-01, 3.855426567990e-04, 3.7038e+01, 5.9002e-02, 
 2DIAGNOSTIC,    12, -5.224133455095e-01, 3.235533784984e-04, 3.7106e+01, 6.8642e-02, 
 2DIAGNOSTIC,    13, -5.224801938431e-01, 2.855583753427e-04, 3.7184e+01, 7.7977e-02, 
 2DIAGNOSTIC,    14, -5.222674782085e-01, 2.316258216040e-04, 3.7234e+01, 4.9461e-02, 
 2DIAGNOSTIC,    15, -5.224666644839e-01, 1.850398856340e-04, 3.7283e+01, 4.9497e-02, 
 2DIAGNOSTIC,    16, -5.226507232197e-01, 1.398648186924e-04, 3.7342e+01, 5.8677e-02, 
 2DIAGNOSTIC,    17, -5.228023616624e-01, 1.078770411965e-04, 3.7401e+01, 5.8535e-02, 
 2DIAGNOSTIC,    18, -5.227642785856e-01, 8.351544464424e-05, 3.7459e+01, 5.8734e-02, 
 2DIAGNOSTIC,    19, -5.228593325010e-01, 6.314123066705e-05, 3.7518e+01, 5.8705e-02, 
 2DIAGNOSTIC,    20, -5.227387715742e-01, 4.192877626781e-05, 3.7577e+01, 5.8756e-02, 
 2DIAGNOSTIC,    21, -5.227502756038e-01, 3.117483186341e-05, 3.7626e+01, 4.9542e-02, 
 2DIAGNOSTIC,    22, -5.227022848909e-01, 2.439177756868e-05, 3.7676e+01, 4.9463e-02, 
 2DIAGNOSTIC,    23, -5.227290375824e-01, 1.852666138603e-05, 3.7734e+01, 5.8679e-02, 
 2DIAGNOSTIC,    24, -5.226868548171e-01, 5.684809727846e-06, 3.7793e+01, 5.8706e-02, 
DIAGNOSTIC,Iteration,metricValue,convergenceValue,ITERATION_TIME_INDEX,SINCE_LAST
 2DIAGNOSTIC,     1, -4.427610109657e-01, 1.797693134862e+308, 4.6577e+01, 8.7841e+00, 
 2DIAGNOSTIC,     2, -4.429680620519e-01, 1.797693134862e+308, 4.7071e+01, 4.9351e-01, 
 2DIAGNOSTIC,     3, -4.430069957042e-01, 1.797693134862e+308, 4.7562e+01, 4.9082e-01, 
 2DIAGNOSTIC,     4, -4.430468944805e-01, 1.797693134862e+308, 4.8056e+01, 4.9436e-01, 
 2DIAGNOSTIC,     5, -4.431177053104e-01, 1.797693134862e+308, 4.8546e+01, 4.9003e-01, 
 2DIAGNOSTIC,     6, -4.434889819834e-01, 1.797693134862e+308, 4.9206e+01, 6.6011e-01, 
 2DIAGNOSTIC,     7, -4.435186039024e-01, 1.797693134862e+308, 4.9612e+01, 4.0598e-01, 
 2DIAGNOSTIC,     8, -4.435366371359e-01, 1.797693134862e+308, 5.0023e+01, 4.1051e-01, 
 2DIAGNOSTIC,     9, -4.435521630004e-01, 1.797693134862e+308, 5.0429e+01, 4.0649e-01, 
 2DIAGNOSTIC,    10, -4.436375174274e-01, 1.339951663094e-04, 5.0840e+01, 4.1116e-01, 
 2DIAGNOSTIC,    11, -4.437715696577e-01, 1.141851524001e-04, 5.1579e+01, 7.3911e-01, 
 2DIAGNOSTIC,    12, -4.437607537565e-01, 9.797187549350e-05, 5.2072e+01, 4.9306e-01, 
 2DIAGNOSTIC,    13, -4.437509130890e-01, 7.750832749889e-05, 5.2649e+01, 5.7686e-01, 
 2DIAGNOSTIC,    14, -4.437469021079e-01, 5.500767096270e-05, 5.3144e+01, 4.9483e-01, 
 2DIAGNOSTIC,    15, -4.437424864547e-01, 3.301182640497e-05, 5.3638e+01, 4.9349e-01, 
 2DIAGNOSTIC,    16, -4.437308174921e-01, 2.521940341083e-05, 5.4214e+01, 5.7648e-01, 
 2DIAGNOSTIC,    17, -4.437249550411e-01, 1.713895135596e-05, 5.4625e+01, 4.1110e-01, 
 2DIAGNOSTIC,    18, -4.437195889297e-01, 9.102475836770e-06, 5.5119e+01, 4.9437e-01, 
 2DIAGNOSTIC,    19, -4.437206192860e-01, 1.757653189716e-06, 5.5532e+01, 4.1223e-01, 
DIAGNOSTIC,Iteration,metricValue,convergenceValue,ITERATION_TIME_INDEX,SINCE_LAST
 2DIAGNOSTIC,     1, -3.798107831556e-01, 1.797693134862e+308, 6.4799e+01, 9.2676e+00, 
  Elapsed time (stage 0): 6.6749e+01


Stage 1
  iterations = 1000x500x250x0
  convergence threshold = 1.0000e-06
  convergence window size = 10
  number of levels = 4
  using the Mattes MI metric (number of bins = 32, weight = 1.0000e+00)
  preprocessing:  winsorizing the image intensities
  Shrink factors (level 1 out of 4): [12, 12, 12]
  Shrink factors (level 2 out of 4): [8, 8, 8]
  Shrink factors (level 3 out of 4): [4, 4, 4]
  Shrink factors (level 4 out of 4): [2, 2, 2]
  smoothing sigmas per level: [4, 3, 2, 1]
  regular sampling (percentage = 2.5000e-01)

*** Running AffineTransform registration ***

DIAGNOSTIC,Iteration,metricValue,convergenceValue,ITERATION_TIME_INDEX,SINCE_LAST
 2DIAGNOSTIC,     1, -6.077036103693e-01, 1.797693134862e+308, 2.0772e+01, 2.0772e+01, 
 2DIAGNOSTIC,     2, -6.092773638570e-01, 1.797693134862e+308, 2.0784e+01, 1.1939e-02, 
 2DIAGNOSTIC,     3, -6.113981309478e-01, 1.797693134862e+308, 2.0796e+01, 1.1760e-02, 
 2DIAGNOSTIC,     4, -6.137000480914e-01, 1.797693134862e+308, 2.0808e+01, 1.1746e-02, 
 2DIAGNOSTIC,     5, -6.179184689825e-01, 1.797693134862e+308, 2.0820e+01, 1.1714e-02, 
 2DIAGNOSTIC,     6, -6.227233196266e-01, 1.797693134862e+308, 2.0833e+01, 1.3508e-02, 
 2DIAGNOSTIC,     7, -6.301808187704e-01, 1.797693134862e+308, 2.0853e+01, 2.0257e-02, 
 2DIAGNOSTIC,     8, -6.307281676120e-01, 1.797693134862e+308, 2.0865e+01, 1.1955e-02, 
 2DIAGNOSTIC,     9, -6.317071876796e-01, 1.797693134862e+308, 2.0877e+01, 1.1774e-02, 
 2DIAGNOSTIC,    10, -6.328412253850e-01, 3.060909731967e-03, 2.0893e+01, 1.5491e-02, 
 2DIAGNOSTIC,    11, -6.330744680186e-01, 2.594625175354e-03, 2.0906e+01, 1.3902e-02, 
 2DIAGNOSTIC,    12, -6.330128566467e-01, 2.029494524541e-03, 2.0919e+01, 1.2405e-02, 
 2DIAGNOSTIC,    13, -6.330855549142e-01, 1.448311366932e-03, 2.0933e+01, 1.3853e-02, 
 2DIAGNOSTIC,    14, -6.333748699552e-01, 9.055624642662e-04, 2.0947e+01, 1.3848e-02, 
 2DIAGNOSTIC,    15, -6.334782563380e-01, 4.826463213739e-04, 2.0959e+01, 1.2462e-02, 
 2DIAGNOSTIC,    16, -6.337757107428e-01, 2.085299556799e-04, 2.0971e+01, 1.2430e-02, 
 2DIAGNOSTIC,    17, -6.344768111191e-01, 1.662664070065e-04, 2.0984e+01, 1.2484e-02, 
 2DIAGNOSTIC,    18, -6.362294487146e-01, 1.708306567954e-04, 2.0997e+01, 1.2595e-02, 
 2DIAGNOSTIC,    19, -6.382925014800e-01, 2.300339880650e-04, 2.1011e+01, 1.4196e-02, 
 2DIAGNOSTIC,    20, -6.391146690290e-01, 3.054499509825e-04, 2.1032e+01, 2.1628e-02, 
 2DIAGNOSTIC,    21, -6.390341319244e-01, 3.492007809818e-04, 2.1046e+01, 1.3962e-02, 
 2DIAGNOSTIC,    22, -6.387972662292e-01, 3.509516656671e-04, 2.1059e+01, 1.2440e-02, 
 2DIAGNOSTIC,    23, -6.385718959600e-01, 3.164281554330e-04, 2.1071e+01, 1.2398e-02, 
 2DIAGNOSTIC,    24, -6.386508800087e-01, 2.616691026047e-04, 2.1084e+01, 1.2335e-02, 
 2DIAGNOSTIC,    25, -6.385081456011e-01, 1.861819186297e-04, 2.1096e+01, 1.2367e-02, 
 2DIAGNOSTIC,    26, -6.384192051423e-01, 1.034234192256e-04, 2.1111e+01, 1.5403e-02, 
 2DIAGNOSTIC,    27, -6.386438492222e-01, 3.262406393364e-05, 2.1124e+01, 1.2509e-02, 
DIAGNOSTIC,Iteration,metricValue,convergenceValue,ITERATION_TIME_INDEX,SINCE_LAST
 2DIAGNOSTIC,     1, -5.207821679283e-01, 1.797693134862e+308, 3.6402e+01, 1.5278e+01, 
 2DIAGNOSTIC,     2, -5.224943797091e-01, 1.797693134862e+308, 3.6462e+01, 5.9770e-02, 
 2DIAGNOSTIC,     3, -5.246730036973e-01, 1.797693134862e+308, 3.6521e+01, 5.9736e-02, 
 2DIAGNOSTIC,     4, -5.266158571370e-01, 1.797693134862e+308, 3.6581e+01, 5.9729e-02, 
 2DIAGNOSTIC,     5, -5.286413643090e-01, 1.797693134862e+308, 3.6641e+01, 5.9659e-02, 
 2DIAGNOSTIC,     6, -5.295505297109e-01, 1.797693134862e+308, 3.6710e+01, 6.9090e-02, 
 2DIAGNOSTIC,     7, -5.329187761675e-01, 1.797693134862e+308, 3.6810e+01, 9.9805e-02, 
 2DIAGNOSTIC,     8, -5.344795659570e-01, 1.797693134862e+308, 3.6898e+01, 8.8086e-02, 
 2DIAGNOSTIC,     9, -5.344712749709e-01, 1.797693134862e+308, 3.6966e+01, 6.8487e-02, 
 2DIAGNOSTIC,    10, -5.344582083499e-01, 1.836476514952e-03, 3.7036e+01, 6.9732e-02, 
 2DIAGNOSTIC,    11, -5.344433076451e-01, 1.432601024370e-03, 3.7096e+01, 6.0080e-02, 
 2DIAGNOSTIC,    12, -5.344482445945e-01, 1.042074875328e-03, 3.7156e+01, 5.9693e-02, 
 2DIAGNOSTIC,    13, -5.345478699071e-01, 7.099530939713e-04, 3.7216e+01, 6.0180e-02, 
 2DIAGNOSTIC,    14, -5.348206924320e-01, 4.461521212589e-04, 3.7285e+01, 6.9047e-02, 
 2DIAGNOSTIC,    15, -5.349440245274e-01, 2.551949731126e-04, 3.7345e+01, 6.0097e-02, 
 2DIAGNOSTIC,    16, -5.351333217703e-01, 9.927438820395e-05, 3.7405e+01, 5.9976e-02, 
 2DIAGNOSTIC,    17, -5.358660175081e-01, 8.049228048962e-05, 3.7475e+01, 6.9641e-02, 
 2DIAGNOSTIC,    18, -5.377295657802e-01, 1.576467672292e-04, 3.7554e+01, 7.9032e-02, 
 2DIAGNOSTIC,    19, -5.385461488410e-01, 2.335548559482e-04, 3.7710e+01, 1.5589e-01, 
 2DIAGNOSTIC,    20, -5.386026276346e-01, 2.816579321894e-04, 3.7769e+01, 5.9409e-02, 
 2DIAGNOSTIC,    21, -5.385724414250e-01, 2.988674896380e-04, 3.7838e+01, 6.8967e-02, 
 2DIAGNOSTIC,    22, -5.385350878268e-01, 2.858954356240e-04, 3.7897e+01, 5.9419e-02, 
 2DIAGNOSTIC,    23, -5.386483721667e-01, 2.514929358179e-04, 3.7957e+01, 5.9361e-02, 
 2DIAGNOSTIC,    24, -5.386498367260e-01, 2.023189879126e-04, 3.8016e+01, 5.9277e-02, 
 2DIAGNOSTIC,    25, -5.385345582199e-01, 1.390754568898e-04, 3.8085e+01, 6.9385e-02, 
 2DIAGNOSTIC,    26, -5.385750030949e-01, 7.290586547344e-05, 3.8145e+01, 5.9190e-02, 
 2DIAGNOSTIC,    27, -5.384190382793e-01, 1.541491324693e-05, 3.8213e+01, 6.8594e-02, 
DIAGNOSTIC,Iteration,metricValue,convergenceValue,ITERATION_TIME_INDEX,SINCE_LAST
 2DIAGNOSTIC,     1, -4.558590075699e-01, 1.797693134862e+308, 4.7074e+01, 8.8609e+00, 
 2DIAGNOSTIC,     2, -4.560617607420e-01, 1.797693134862e+308, 4.7563e+01, 4.8901e-01, 
 2DIAGNOSTIC,     3, -4.563225526263e-01, 1.797693134862e+308, 4.8044e+01, 4.8062e-01, 
 2DIAGNOSTIC,     4, -4.566908040304e-01, 1.797693134862e+308, 4.8533e+01, 4.8941e-01, 
 2DIAGNOSTIC,     5, -4.574379329924e-01, 1.797693134862e+308, 4.9016e+01, 4.8245e-01, 
 2DIAGNOSTIC,     6, -4.583706837850e-01, 1.797693134862e+308, 4.9507e+01, 4.9149e-01, 
 2DIAGNOSTIC,     7, -4.588619739970e-01, 1.797693134862e+308, 5.0596e+01, 1.0889e+00, 
 2DIAGNOSTIC,     8, -4.589156846935e-01, 1.797693134862e+308, 5.1429e+01, 8.3327e-01, 
 2DIAGNOSTIC,     9, -4.589247143888e-01, 1.797693134862e+308, 5.1997e+01, 5.6797e-01, 
 2DIAGNOSTIC,    10, -4.589231317980e-01, 5.343940314706e-04, 5.2574e+01, 5.7668e-01, 
 2DIAGNOSTIC,    11, -4.589213116393e-01, 4.245832931123e-04, 5.3140e+01, 5.6610e-01, 
 2DIAGNOSTIC,    12, -4.589144075019e-01, 3.053087836998e-04, 5.3712e+01, 5.7213e-01, 
 2DIAGNOSTIC,    13, -4.589186509653e-01, 1.902810354416e-04, 5.4278e+01, 5.6611e-01, 
 2DIAGNOSTIC,    14, -4.589157065940e-01, 9.073131737158e-05, 5.4852e+01, 5.7368e-01, 
 2DIAGNOSTIC,    15, -4.589121159946e-01, 2.633668888560e-05, 5.5332e+01, 4.8005e-01, 
 2DIAGNOSTIC,    16, -4.589106061523e-01, 3.385777418430e-06, 5.5818e+01, 4.8626e-01, 
DIAGNOSTIC,Iteration,metricValue,convergenceValue,ITERATION_TIME_INDEX,SINCE_LAST
 2DIAGNOSTIC,     1, -3.918988636096e-01, 1.797693134862e+308, 6.4774e+01, 8.9553e+00, 
  Elapsed time (stage 1): 6.6592e+01


Stage 2
  iterations = 100x100x70x50x0
  convergence threshold = 1.0000e-06
  convergence window size = 10
  number of levels = 5
  using the Mattes MI metric (number of bins = 32, weight = 1.0000e+00)
  preprocessing:  winsorizing the image intensities
  Shrink factors (level 1 out of 5): [10, 10, 10]
  Shrink factors (level 2 out of 5): [6, 6, 6]
  Shrink factors (level 3 out of 5): [4, 4, 4]
  Shrink factors (level 4 out of 5): [2, 2, 2]
  Shrink factors (level 5 out of 5): [1, 1, 1]
  smoothing sigmas per level: [5, 3, 2, 1, 0]
  Using default NONE metricSamplingStrategy 

*** Running SyN registration (varianceForUpdateField = 3.0000e+00, varianceForTotalField = 0.0000e+00) ***

XXDIAGNOSTIC,Iteration,metricValue,convergenceValue,ITERATION_TIME_INDEX,SINCE_LAST
 1DIAGNOSTIC,     1, -5.239595664591e-01, 1.797693134862e+308, 3.3106e+01, 3.3106e+01, 
 1DIAGNOSTIC,     2, -5.418443000757e-01, 1.797693134862e+308, 3.3243e+01, 1.3734e-01, 
 1DIAGNOSTIC,     3, -5.543142864625e-01, 1.797693134862e+308, 3.3384e+01, 1.4057e-01, 
 1DIAGNOSTIC,     4, -5.579962547994e-01, 1.797693134862e+308, 3.3518e+01, 1.3442e-01, 
 1DIAGNOSTIC,     5, -5.590885141899e-01, 1.797693134862e+308, 3.3652e+01, 1.3431e-01, 
 1DIAGNOSTIC,     6, -5.562539778733e-01, 1.797693134862e+308, 3.3787e+01, 1.3426e-01, 
 1DIAGNOSTIC,     7, -5.532058918261e-01, 1.797693134862e+308, 3.3921e+01, 1.3429e-01, 
 1DIAGNOSTIC,     8, -5.514625488970e-01, 1.797693134862e+308, 3.4055e+01, 1.3418e-01, 
 1DIAGNOSTIC,     9, -5.486790505274e-01, 1.797693134862e+308, 3.4189e+01, 1.3413e-01, 
 1DIAGNOSTIC,    10, -5.470729695692e-01, 1.264270008645e-03, 3.4324e+01, 1.3473e-01, 
 1DIAGNOSTIC,    11, -5.449333871215e-01, -6.485720918984e-04, 3.4459e+01, 1.3509e-01, 
XXDIAGNOSTIC,Iteration,metricValue,convergenceValue,ITERATION_TIME_INDEX,SINCE_LAST
 1DIAGNOSTIC,     1, -4.315559065316e-01, 1.797693134862e+308, 5.0071e+01, 1.5612e+01, 
 1DIAGNOSTIC,     2, -4.342375902972e-01, 1.797693134862e+308, 5.0605e+01, 5.3452e-01, 
 1DIAGNOSTIC,     3, -4.354856816282e-01, 1.797693134862e+308, 5.1140e+01, 5.3425e-01, 
 1DIAGNOSTIC,     4, -4.359049866159e-01, 1.797693134862e+308, 5.1674e+01, 5.3462e-01, 
 1DIAGNOSTIC,     5, -4.359883104061e-01, 1.797693134862e+308, 5.2211e+01, 5.3658e-01, 
 1DIAGNOSTIC,     6, -4.354774351484e-01, 1.797693134862e+308, 5.2746e+01, 5.3562e-01, 
 1DIAGNOSTIC,     7, -4.345249994317e-01, 1.797693134862e+308, 5.3282e+01, 5.3542e-01, 
 1DIAGNOSTIC,     8, -4.334404013817e-01, 1.797693134862e+308, 5.3819e+01, 5.3726e-01, 
 1DIAGNOSTIC,     9, -4.321267429755e-01, 1.797693134862e+308, 5.4354e+01, 5.3479e-01, 
 1DIAGNOSTIC,    10, -4.313750065385e-01, -2.711681527108e-04, 5.4890e+01, 5.3593e-01, 
XXDIAGNOSTIC,Iteration,metricValue,convergenceValue,ITERATION_TIME_INDEX,SINCE_LAST
 1DIAGNOSTIC,     1, -3.667197851787e-01, 1.797693134862e+308, 6.4914e+01, 1.0025e+01, 
 1DIAGNOSTIC,     2, -3.675762819007e-01, 1.797693134862e+308, 6.6604e+01, 1.6899e+00, 
 1DIAGNOSTIC,     3, -3.680989058844e-01, 1.797693134862e+308, 6.8288e+01, 1.6841e+00, 
 1DIAGNOSTIC,     4, -3.684079718512e-01, 1.797693134862e+308, 7.0027e+01, 1.7385e+00, 
 1DIAGNOSTIC,     5, -3.686211715446e-01, 1.797693134862e+308, 7.1715e+01, 1.6882e+00, 
 1DIAGNOSTIC,     6, -3.685119800060e-01, 1.797693134862e+308, 7.3455e+01, 1.7396e+00, 
 1DIAGNOSTIC,     7, -3.682706313055e-01, 1.797693134862e+308, 7.5194e+01, 1.7391e+00, 
 1DIAGNOSTIC,     8, -3.678961933683e-01, 1.797693134862e+308, 7.6888e+01, 1.6943e+00, 
 1DIAGNOSTIC,     9, -3.675581932912e-01, 1.797693134862e+308, 7.8573e+01, 1.6853e+00, 
 1DIAGNOSTIC,    10, -3.673028551624e-01, 2.966340610999e-05, 8.0311e+01, 1.7380e+00, 
 1DIAGNOSTIC,    11, -3.671250819537e-01, -1.461338484992e-04, 8.2057e+01, 1.7454e+00, 
XXDIAGNOSTIC,Iteration,metricValue,convergenceValue,ITERATION_TIME_INDEX,SINCE_LAST
 1DIAGNOSTIC,     1, -3.113779565570e-01, 1.797693134862e+308, 1.0096e+02, 1.8907e+01, 
 1DIAGNOSTIC,     2, -3.123809439005e-01, 1.797693134862e+308, 1.1360e+02, 1.2640e+01, 
 1DIAGNOSTIC,     3, -3.133535975579e-01, 1.797693134862e+308, 1.2615e+02, 1.2551e+01, 
 1DIAGNOSTIC,     4, -3.142123259907e-01, 1.797693134862e+308, 1.3873e+02, 1.2573e+01, 
 1DIAGNOSTIC,     5, -3.149320454518e-01, 1.797693134862e+308, 1.5133e+02, 1.2607e+01, 
 1DIAGNOSTIC,     6, -3.156018811327e-01, 1.797693134862e+308, 1.6389e+02, 1.2558e+01, 
 1DIAGNOSTIC,     7, -3.162380049851e-01, 1.797693134862e+308, 1.7642e+02, 1.2530e+01, 
 1DIAGNOSTIC,     8, -3.168331193920e-01, 1.797693134862e+308, 1.8895e+02, 1.2527e+01, 
 1DIAGNOSTIC,     9, -3.173365902341e-01, 1.797693134862e+308, 2.0203e+02, 1.3084e+01, 
 1DIAGNOSTIC,    10, -3.177891615439e-01, 1.287955495921e-03, 2.1565e+02, 1.3617e+01, 
 1DIAGNOSTIC,    11, -3.181396856553e-01, 1.053452200383e-03, 2.2908e+02, 1.3431e+01, 
 1DIAGNOSTIC,    12, -3.184475267930e-01, 8.612288827884e-04, 2.4247e+02, 1.3387e+01, 
 1DIAGNOSTIC,    13, -3.187280582587e-01, 7.069305528800e-04, 2.5589e+02, 1.3423e+01, 
 1DIAGNOSTIC,    14, -3.189445292454e-01, 5.791155713775e-04, 2.6936e+02, 1.3465e+01, 
 1DIAGNOSTIC,    15, -3.191059571011e-01, 4.680146160882e-04, 2.8282e+02, 1.3465e+01, 
 1DIAGNOSTIC,    16, -3.192173350027e-01, 3.715622564863e-04, 2.9624e+02, 1.3416e+01, 
 1DIAGNOSTIC,    17, -3.193137239956e-01, 2.907556417787e-04, 3.0969e+02, 1.3454e+01, 
 1DIAGNOSTIC,    18, -3.194053370287e-01, 2.261207846110e-04, 3.2312e+02, 1.3422e+01, 
 1DIAGNOSTIC,    19, -3.195883509624e-01, 1.795536383346e-04, 3.3651e+02, 1.3397e+01, 
 1DIAGNOSTIC,    20, -3.197398526609e-01, 1.478619528258e-04, 3.4994e+02, 1.3429e+01, 
 1DIAGNOSTIC,    21, -3.198892367359e-01, 1.266918416756e-04, 3.6338e+02, 1.3440e+01, 
 1DIAGNOSTIC,    22, -3.199988266000e-01, 1.125842615605e-04, 3.7682e+02, 1.3436e+01, 
 1DIAGNOSTIC,    23, -3.201271061687e-01, 1.050807500930e-04, 3.9023e+02, 1.3416e+01, 
 1DIAGNOSTIC,    24, -3.202006662819e-01, 9.909690739104e-05, 4.0368e+02, 1.3449e+01, 
 1DIAGNOSTIC,    25, -3.202780424832e-01, 9.285290048428e-05, 4.1716e+02, 1.3478e+01, 
 1DIAGNOSTIC,    26, -3.202963896301e-01, 8.289728765514e-05, 4.3055e+02, 1.3393e+01, 
 1DIAGNOSTIC,    27, -3.203416333937e-01, 7.071037519268e-05, 4.4416e+02, 1.3604e+01, 
 1DIAGNOSTIC,    28, -3.203980627144e-01, 5.745427331528e-05, 4.5761e+02, 1.3454e+01, 
 1DIAGNOSTIC,    29, -3.204275822648e-01, 4.624291458077e-05, 4.7108e+02, 1.3471e+01, 
 1DIAGNOSTIC,    30, -3.204653970555e-01, 3.709749830771e-05, 4.8450e+02, 1.3421e+01, 
 1DIAGNOSTIC,    31, -3.204916975476e-01, 3.017066094512e-05, 4.9801e+02, 1.3505e+01, 
 1DIAGNOSTIC,    32, -3.205886948576e-01, 2.661764204306e-05, 5.1155e+02, 1.3540e+01, 
 1DIAGNOSTIC,    33, -3.206314097907e-01, 2.537153621479e-05, 5.2501e+02, 1.3462e+01, 
 1DIAGNOSTIC,    34, -3.207228934804e-01, 2.617028107142e-05, 5.3847e+02, 1.3455e+01, 
 1DIAGNOSTIC,    35, -3.208307377597e-01, 2.923783956266e-05, 5.5196e+02, 1.3494e+01, 
 1DIAGNOSTIC,    36, -3.208947983772e-01, 3.142427456632e-05, 5.6537e+02, 1.3410e+01, 
 1DIAGNOSTIC,    37, -3.209460333880e-01, 3.287396757103e-05, 5.7885e+02, 1.3481e+01, 
 1DIAGNOSTIC,    38, -3.209670099696e-01, 3.300792430190e-05, 5.9225e+02, 1.3400e+01, 
 1DIAGNOSTIC,    39, -3.210407725241e-01, 3.242588316092e-05, 6.0572e+02, 1.3469e+01, 
 1DIAGNOSTIC,    40, -3.210690624796e-01, 3.028131657625e-05, 6.1925e+02, 1.3534e+01, 
 1DIAGNOSTIC,    41, -3.210292303237e-01, 2.509101108561e-05, 6.3266e+02, 1.3410e+01, 
 1DIAGNOSTIC,    42, -3.210302006018e-01, 1.997407135350e-05, 6.4609e+02, 1.3430e+01, 
 1DIAGNOSTIC,    43, -3.209864611196e-01, 1.321652333935e-05, 6.5954e+02, 1.3444e+01, 
 1DIAGNOSTIC,    44, -3.209721276083e-01, 7.091708324712e-06, 6.7294e+02, 1.3403e+01, 
 1DIAGNOSTIC,    45, -3.209273992889e-01, 1.850381070173e-06, 6.8648e+02, 1.3542e+01, 
 1DIAGNOSTIC,    46, -3.208817130612e-01, -2.896658624608e-06, 6.9991e+02, 1.3425e+01, 
  Elapsed time (stage 2): 719.9


Total elapsed time: 853.3

--- Writing output images ---

Using double precision for computations.
Input scalar image: data/Segmentations/1002_3_seg.nii.gz
Reference image: data/template/T_template0_BrainCerebellum.nii.gz
=============================================================================
The composite transform comprises the following transforms (in order): 
  1. /tmp/1971221.1.basic.q/1002_ToTemplate_014_0GenericAffine.mat (type = AffineTransform)
  2. /tmp/1971221.1.basic.q/1002_ToTemplate_014_1Warp.nii.gz (type = DisplacementFieldTransform)
=============================================================================
Default pixel value: 0
Interpolation type: LabelImageGenericInterpolateImageFunction
Output warped image: output/1002/1002_WarpedLabels_014.nii.gz

--- Done ---

