
--- Running on compute-1-10.local ---


--- registration call ---
/data/jet/pcook/bin/antsBuild/bin/antsRegistrationSyNQuick.sh -d 3 -f data/template/T_template0_BrainCerebellum.nii.gz -m data/Brains/1002_3.nii.gz -t s -p f -n 1 -o /tmp/1971547.1.basic.q/1002_ToTemplate_015_
---


--------------------------------------------------------------------------------------
 Mapping parameters
--------------------------------------------------------------------------------------
 ANTSPATH is /data/jet/pcook/bin/antsBuild/bin/

 Dimensionality:           3
 Output name prefix:       /tmp/1971547.1.basic.q/1002_ToTemplate_015_
 Fixed images:             data/template/T_template0_BrainCerebellum.nii.gz
 Moving images:            data/Brains/1002_3.nii.gz
 Mask images:              
 Initial transforms:       
 Number of threads:        1
 Spline distance:          26
 Transform type:           s
 MI histogram bins:        32
 Precision:                f
 Use histogram matching    0
======================================================================================
 antsRegistration call:
--------------------------------------------------------------------------------------
/data/jet/pcook/bin/antsBuild/bin//antsRegistration --verbose 1 --dimensionality 3 --float 1 --collapse-output-transforms 1 --output [/tmp/1971547.1.basic.q/1002_ToTemplate_015_,/tmp/1971547.1.basic.q/1002_ToTemplate_015_Warped.nii.gz,/tmp/1971547.1.basic.q/1002_ToTemplate_015_InverseWarped.nii.gz] --interpolation Linear --use-histogram-matching 0 --winsorize-image-intensities [0.005,0.995] --initial-moving-transform [data/template/T_template0_BrainCerebellum.nii.gz,data/Brains/1002_3.nii.gz,1] --transform Rigid[0.1] --metric MI[data/template/T_template0_BrainCerebellum.nii.gz,data/Brains/1002_3.nii.gz,1,32,Regular,0.25] --convergence [1000x500x250x0,1e-6,10] --shrink-factors 12x8x4x2 --smoothing-sigmas 4x3x2x1vox --transform Affine[0.1] --metric MI[data/template/T_template0_BrainCerebellum.nii.gz,data/Brains/1002_3.nii.gz,1,32,Regular,0.25] --convergence [1000x500x250x0,1e-6,10] --shrink-factors 12x8x4x2 --smoothing-sigmas 4x3x2x1vox --transform SyN[0.1,3,0] --metric MI[data/template/T_template0_BrainCerebellum.nii.gz,data/Brains/1002_3.nii.gz,1,32] --convergence [100x100x70x50x0,1e-6,10] --shrink-factors 10x6x4x2x1 --smoothing-sigmas 5x3x2x1x0vox
--------------------------------------------------------------------------------------
All_Command_lines_OK
Using single precision for computations.
=============================================================================
The composite transform comprises the following transforms (in order): 
  1. Center of mass alignment using fixed image: data/template/T_template0_BrainCerebellum.nii.gz and moving image: data/Brains/1002_3.nii.gz (type = Euler3DTransform)
=============================================================================
  number of levels = 4
  number of levels = 4
  number of levels = 5
  fixed image: data/template/T_template0_BrainCerebellum.nii.gz
  moving image: data/Brains/1002_3.nii.gz
  fixed image: data/template/T_template0_BrainCerebellum.nii.gz
  moving image: data/Brains/1002_3.nii.gz
  fixed image: data/template/T_template0_BrainCerebellum.nii.gz
  moving image: data/Brains/1002_3.nii.gz
Dimension = 3
Number of stages = 3
Use Histogram Matching false
Winsorize image intensities true
Lower quantile = 0.005
Upper quantile = 0.995
Stage 1 State
   Image metric = Mattes
     Fixed image = Image (0x4cb6420)
  RTTI typeinfo:   itk::Image<float, 3u>
  Reference Count: 2
  Modified Time: 1611
  Debug: Off
  Object Name: 
  Observers: 
    none
  Source: (none)
  Source output name: (none)
  Release Data: Off
  Data Released: False
  Global Release Data: Off
  PipelineMTime: 0
  UpdateMTime: 1422
  RealTimeStamp: 0 seconds 
  LargestPossibleRegion: 
    Dimension: 3
    Index: [0, 0, 0]
    Size: [216, 256, 291]
  BufferedRegion: 
    Dimension: 3
    Index: [0, 0, 0]
    Size: [216, 256, 291]
  RequestedRegion: 
    Dimension: 3
    Index: [0, 0, 0]
    Size: [216, 256, 291]
  Spacing: [1, 1, 1]
  Origin: [0, 293, 0]
  Direction: 
1 0 0
0 -0 -1
0 -1 -0

  IndexToPointMatrix: 
1 0 0
0 0 -1
0 -1 0

  PointToIndexMatrix: 
1 0 0
0 0 -1
0 -1 0

  Inverse Direction: 
1 0 0
0 0 -1
0 -1 0

  PixelContainer: 
    ImportImageContainer (0x4c9b7f0)
      RTTI typeinfo:   itk::ImportImageContainer<unsigned long, float>
      Reference Count: 1
      Modified Time: 1419
      Debug: Off
      Object Name: 
      Observers: 
        none
      Pointer: 0x7f8f9d6ea010
      Container manages memory: true
      Size: 16091136
      Capacity: 16091136

     Moving image = Image (0x4cb6e60)
  RTTI typeinfo:   itk::Image<float, 3u>
  Reference Count: 2
  Modified Time: 1612
  Debug: Off
  Object Name: 
  Observers: 
    none
  Source: (none)
  Source output name: (none)
  Release Data: Off
  Data Released: False
  Global Release Data: Off
  PipelineMTime: 0
  UpdateMTime: 1609
  RealTimeStamp: 0 seconds 
  LargestPossibleRegion: 
    Dimension: 3
    Index: [0, 0, 0]
    Size: [256, 256, 277]
  BufferedRegion: 
    Dimension: 3
    Index: [0, 0, 0]
    Size: [256, 256, 277]
  RequestedRegion: 
    Dimension: 3
    Index: [0, 0, 0]
    Size: [256, 256, 277]
  Spacing: [1, 1, 1]
  Origin: [0, 276, 0]
  Direction: 
1 0 0
0 -0 -1
0 -1 -0

  IndexToPointMatrix: 
1 0 0
0 0 -1
0 -1 0

  PointToIndexMatrix: 
1 0 0
0 0 -1
0 -1 0

  Inverse Direction: 
1 0 0
0 0 -1
0 -1 0

  PixelContainer: 
    ImportImageContainer (0x4cb92b0)
      RTTI typeinfo:   itk::ImportImageContainer<unsigned long, float>
      Reference Count: 1
      Modified Time: 1606
      Debug: Off
      Object Name: 
      Observers: 
        none
      Pointer: 0x7f8f991a9010
      Container manages memory: true
      Size: 18153472
      Capacity: 18153472

     Weighting = 1
     Sampling strategy = regular
     Number of bins = 32
     Radius = 4
     Sampling percentage  = 0.25
   Transform = Rigid
     Gradient step = 0.1
     Update field sigma (voxel space) = 0
     Total field sigma (voxel space) = 0
     Update field time sigma = 0
     Total field time sigma  = 0
     Number of time indices = 0
     Number of time point samples = 0
Stage 2 State
   Image metric = Mattes
     Fixed image = Image (0x4cc16c0)
  RTTI typeinfo:   itk::Image<float, 3u>
  Reference Count: 2
  Modified Time: 1987
  Debug: Off
  Object Name: 
  Observers: 
    none
  Source: (none)
  Source output name: (none)
  Release Data: Off
  Data Released: False
  Global Release Data: Off
  PipelineMTime: 0
  UpdateMTime: 1798
  RealTimeStamp: 0 seconds 
  LargestPossibleRegion: 
    Dimension: 3
    Index: [0, 0, 0]
    Size: [216, 256, 291]
  BufferedRegion: 
    Dimension: 3
    Index: [0, 0, 0]
    Size: [216, 256, 291]
  RequestedRegion: 
    Dimension: 3
    Index: [0, 0, 0]
    Size: [216, 256, 291]
  Spacing: [1, 1, 1]
  Origin: [0, 293, 0]
  Direction: 
1 0 0
0 -0 -1
0 -1 -0

  IndexToPointMatrix: 
1 0 0
0 0 -1
0 -1 0

  PointToIndexMatrix: 
1 0 0
0 0 -1
0 -1 0

  Inverse Direction: 
1 0 0
0 0 -1
0 -1 0

  PixelContainer: 
    ImportImageContainer (0x4cc1f60)
      RTTI typeinfo:   itk::ImportImageContainer<unsigned long, float>
      Reference Count: 1
      Modified Time: 1795
      Debug: Off
      Object Name: 
      Observers: 
        none
      Pointer: 0x7f8f95446010
      Container manages memory: true
      Size: 16091136
      Capacity: 16091136

     Moving image = Image (0x4cc1a50)
  RTTI typeinfo:   itk::Image<float, 3u>
  Reference Count: 2
  Modified Time: 1988
  Debug: Off
  Object Name: 
  Observers: 
    none
  Source: (none)
  Source output name: (none)
  Release Data: Off
  Data Released: False
  Global Release Data: Off
  PipelineMTime: 0
  UpdateMTime: 1985
  RealTimeStamp: 0 seconds 
  LargestPossibleRegion: 
    Dimension: 3
    Index: [0, 0, 0]
    Size: [256, 256, 277]
  BufferedRegion: 
    Dimension: 3
    Index: [0, 0, 0]
    Size: [256, 256, 277]
  RequestedRegion: 
    Dimension: 3
    Index: [0, 0, 0]
    Size: [256, 256, 277]
  Spacing: [1, 1, 1]
  Origin: [0, 276, 0]
  Direction: 
1 0 0
0 -0 -1
0 -1 -0

  IndexToPointMatrix: 
1 0 0
0 0 -1
0 -1 0

  PointToIndexMatrix: 
1 0 0
0 0 -1
0 -1 0

  Inverse Direction: 
1 0 0
0 0 -1
0 -1 0

  PixelContainer: 
    ImportImageContainer (0x4cc2950)
      RTTI typeinfo:   itk::ImportImageContainer<unsigned long, float>
      Reference Count: 1
      Modified Time: 1982
      Debug: Off
      Object Name: 
      Observers: 
        none
      Pointer: 0x7f8f90f05010
      Container manages memory: true
      Size: 18153472
      Capacity: 18153472

     Weighting = 1
     Sampling strategy = regular
     Number of bins = 32
     Radius = 4
     Sampling percentage  = 0.25
   Transform = Affine
     Gradient step = 0.1
     Update field sigma (voxel space) = 0
     Total field sigma (voxel space) = 0
     Update field time sigma = 0
     Total field time sigma  = 0
     Number of time indices = 0
     Number of time point samples = 0
Stage 3 State
   Image metric = Mattes
     Fixed image = Image (0x4cc87b0)
  RTTI typeinfo:   itk::Image<float, 3u>
  Reference Count: 2
  Modified Time: 2363
  Debug: Off
  Object Name: 
  Observers: 
    none
  Source: (none)
  Source output name: (none)
  Release Data: Off
  Data Released: False
  Global Release Data: Off
  PipelineMTime: 0
  UpdateMTime: 2174
  RealTimeStamp: 0 seconds 
  LargestPossibleRegion: 
    Dimension: 3
    Index: [0, 0, 0]
    Size: [216, 256, 291]
  BufferedRegion: 
    Dimension: 3
    Index: [0, 0, 0]
    Size: [216, 256, 291]
  RequestedRegion: 
    Dimension: 3
    Index: [0, 0, 0]
    Size: [216, 256, 291]
  Spacing: [1, 1, 1]
  Origin: [0, 293, 0]
  Direction: 
1 0 0
0 -0 -1
0 -1 -0

  IndexToPointMatrix: 
1 0 0
0 0 -1
0 -1 0

  PointToIndexMatrix: 
1 0 0
0 0 -1
0 -1 0

  Inverse Direction: 
1 0 0
0 0 -1
0 -1 0

  PixelContainer: 
    ImportImageContainer (0x4cc8a40)
      RTTI typeinfo:   itk::ImportImageContainer<unsigned long, float>
      Reference Count: 1
      Modified Time: 2171
      Debug: Off
      Object Name: 
      Observers: 
        none
      Pointer: 0x7f8f8d1a2010
      Container manages memory: true
      Size: 16091136
      Capacity: 16091136

     Moving image = Image (0x4ccb1b0)
  RTTI typeinfo:   itk::Image<float, 3u>
  Reference Count: 2
  Modified Time: 2364
  Debug: Off
  Object Name: 
  Observers: 
    none
  Source: (none)
  Source output name: (none)
  Release Data: Off
  Data Released: False
  Global Release Data: Off
  PipelineMTime: 0
  UpdateMTime: 2361
  RealTimeStamp: 0 seconds 
  LargestPossibleRegion: 
    Dimension: 3
    Index: [0, 0, 0]
    Size: [256, 256, 277]
  BufferedRegion: 
    Dimension: 3
    Index: [0, 0, 0]
    Size: [256, 256, 277]
  RequestedRegion: 
    Dimension: 3
    Index: [0, 0, 0]
    Size: [256, 256, 277]
  Spacing: [1, 1, 1]
  Origin: [0, 276, 0]
  Direction: 
1 0 0
0 -0 -1
0 -1 -0

  IndexToPointMatrix: 
1 0 0
0 0 -1
0 -1 0

  PointToIndexMatrix: 
1 0 0
0 0 -1
0 -1 0

  Inverse Direction: 
1 0 0
0 0 -1
0 -1 0

  PixelContainer: 
    ImportImageContainer (0x4cc8aa0)
      RTTI typeinfo:   itk::ImportImageContainer<unsigned long, float>
      Reference Count: 1
      Modified Time: 2358
      Debug: Off
      Object Name: 
      Observers: 
        none
      Pointer: 0x7f8f88c61010
      Container manages memory: true
      Size: 18153472
      Capacity: 18153472

     Weighting = 1
     Sampling strategy = none
     Number of bins = 32
     Radius = 4
     Sampling percentage  = 1
   Transform = SyN
     Gradient step = 0.1
     Update field sigma (voxel space) = 3
     Total field sigma (voxel space) = 0
     Update field time sigma = 0
     Total field time sigma  = 0
     Number of time indices = 0
     Number of time point samples = 0
Registration using 3 total stages.

Stage 0
  iterations = 1000x500x250x0
  convergence threshold = 1e-06
  convergence window size = 10
  number of levels = 4
  using the Mattes MI metric (number of bins = 32, weight = 1)
  preprocessing:  winsorizing the image intensities
  Shrink factors (level 1 out of 4): [12, 12, 12]
  Shrink factors (level 2 out of 4): [8, 8, 8]
  Shrink factors (level 3 out of 4): [4, 4, 4]
  Shrink factors (level 4 out of 4): [2, 2, 2]
  smoothing sigmas per level: [4, 3, 2, 1]
  regular sampling (percentage = 0.25)

*** Running Euler3DTransform registration ***

DIAGNOSTIC,Iteration,metricValue,convergenceValue,ITERATION_TIME_INDEX,SINCE_LAST
 2DIAGNOSTIC,     1, -5.941767096519e-01, inf, 1.7240e+01, 1.7240e+01, 
 2DIAGNOSTIC,     2, -5.957868099213e-01, inf, 1.7250e+01, 1.0313e-02, 
 2DIAGNOSTIC,     3, -5.967013239861e-01, inf, 1.7259e+01, 8.7409e-03, 
 2DIAGNOSTIC,     4, -5.976806879044e-01, inf, 1.7268e+01, 8.7099e-03, 
 2DIAGNOSTIC,     5, -5.981568694115e-01, inf, 1.7278e+01, 1.0171e-02, 
 2DIAGNOSTIC,     6, -5.983756184578e-01, inf, 1.7288e+01, 1.0110e-02, 
 2DIAGNOSTIC,     7, -5.982910394669e-01, inf, 1.7298e+01, 1.0132e-02, 
 2DIAGNOSTIC,     8, -5.979509353638e-01, inf, 1.7307e+01, 8.6410e-03, 
 2DIAGNOSTIC,     9, -5.982571244240e-01, inf, 1.7316e+01, 8.6679e-03, 
 2DIAGNOSTIC,    10, -5.987829566002e-01, 3.819947014563e-04, 1.7325e+01, 9.3679e-03, 
 2DIAGNOSTIC,    11, -5.993723869324e-01, 2.492778585292e-04, 1.7334e+01, 9.2769e-03, 
 2DIAGNOSTIC,    12, -6.003894805908e-01, 2.203105832450e-04, 1.7344e+01, 9.3889e-03, 
 2DIAGNOSTIC,    13, -6.023038625717e-01, 2.785202232189e-04, 1.7361e+01, 1.7044e-02, 
 2DIAGNOSTIC,    14, -6.022765040398e-01, 3.338581009302e-04, 1.7371e+01, 1.0737e-02, 
 2DIAGNOSTIC,    15, -6.025183796883e-01, 3.747146402020e-04, 1.7382e+01, 1.0677e-02, 
 2DIAGNOSTIC,    16, -6.024916172028e-01, 3.823173756246e-04, 1.7393e+01, 1.0639e-02, 
 2DIAGNOSTIC,    17, -6.024125218391e-01, 3.494191332720e-04, 1.7402e+01, 9.1710e-03, 
 2DIAGNOSTIC,    18, -6.027093529701e-01, 2.863458357751e-04, 1.7411e+01, 9.1870e-03, 
 2DIAGNOSTIC,    19, -6.031408309937e-01, 2.217578148702e-04, 1.7420e+01, 9.2158e-03, 
 2DIAGNOSTIC,    20, -6.036521792412e-01, 1.680883433437e-04, 1.7434e+01, 1.3669e-02, 
 2DIAGNOSTIC,    21, -6.040186882019e-01, 1.253624795936e-04, 1.7446e+01, 1.2127e-02, 
 2DIAGNOSTIC,    22, -6.040660738945e-01, 9.686071280157e-05, 1.7455e+01, 9.1901e-03, 
 2DIAGNOSTIC,    23, -6.046921610832e-01, 1.143866611528e-04, 1.7467e+01, 1.2250e-02, 
 2DIAGNOSTIC,    24, -6.049630641937e-01, 1.240569545189e-04, 1.7477e+01, 9.2061e-03, 
 2DIAGNOSTIC,    25, -6.047214865685e-01, 1.213141513290e-04, 1.7487e+01, 1.0629e-02, 
 2DIAGNOSTIC,    26, -6.044824123383e-01, 1.031170759234e-04, 1.7496e+01, 9.1529e-03, 
 2DIAGNOSTIC,    27, -6.045343279839e-01, 7.635944348294e-05, 1.7506e+01, 9.1619e-03, 
 2DIAGNOSTIC,    28, -6.046175956726e-01, 5.051015250501e-05, 1.7516e+01, 1.0673e-02, 
 2DIAGNOSTIC,    29, -6.044007539749e-01, 2.494661566743e-05, 1.7531e+01, 1.5094e-02, 
 2DIAGNOSTIC,    30, -6.044715046883e-01, 8.205665835703e-06, 1.7541e+01, 9.1660e-03, 
DIAGNOSTIC,Iteration,metricValue,convergenceValue,ITERATION_TIME_INDEX,SINCE_LAST
 2DIAGNOSTIC,     1, -5.193712711334e-01, inf, 3.0626e+01, 1.3086e+01, 
 2DIAGNOSTIC,     2, -5.206380486488e-01, inf, 3.0671e+01, 4.4855e-02, 
 2DIAGNOSTIC,     3, -5.223799347878e-01, inf, 3.0716e+01, 4.4853e-02, 
 2DIAGNOSTIC,     4, -5.238520503044e-01, inf, 3.0761e+01, 4.4799e-02, 
 2DIAGNOSTIC,     5, -5.252038240433e-01, inf, 3.0814e+01, 5.3118e-02, 
 2DIAGNOSTIC,     6, -5.254987478256e-01, inf, 3.0859e+01, 4.4701e-02, 
 2DIAGNOSTIC,     7, -5.262340307236e-01, inf, 3.0903e+01, 4.4749e-02, 
 2DIAGNOSTIC,     8, -5.269669890404e-01, inf, 3.0957e+01, 5.3384e-02, 
 2DIAGNOSTIC,     9, -5.275700092316e-01, inf, 3.1018e+01, 6.1690e-02, 
 2DIAGNOSTIC,    10, -5.274450182915e-01, 1.006199745461e-03, 3.1064e+01, 4.5376e-02, 
 2DIAGNOSTIC,    11, -5.277022719383e-01, 7.435564184561e-04, 3.1118e+01, 5.3883e-02, 
 2DIAGNOSTIC,    12, -5.289098620415e-01, 5.688848905265e-04, 3.1171e+01, 5.3834e-02, 
 2DIAGNOSTIC,    13, -5.302270650864e-01, 4.943568492308e-04, 3.1251e+01, 7.9740e-02, 
 2DIAGNOSTIC,    14, -5.304114222527e-01, 4.477411857806e-04, 3.1305e+01, 5.3702e-02, 
 2DIAGNOSTIC,    15, -5.305327773094e-01, 4.212803323753e-04, 3.1350e+01, 4.5178e-02, 
 2DIAGNOSTIC,    16, -5.306658744812e-01, 3.744883288164e-04, 3.1404e+01, 5.3654e-02, 
 2DIAGNOSTIC,    17, -5.307703614235e-01, 3.243027604185e-04, 3.1457e+01, 5.3630e-02, 
 2DIAGNOSTIC,    18, -5.309100747108e-01, 2.748630649876e-04, 3.1502e+01, 4.5151e-02, 
 2DIAGNOSTIC,    19, -5.312079787254e-01, 2.314159937669e-04, 3.1556e+01, 5.3738e-02, 
 2DIAGNOSTIC,    20, -5.319454073906e-01, 1.880408526631e-04, 3.1645e+01, 8.9093e-02, 
 2DIAGNOSTIC,    21, -5.321856737137e-01, 1.433536526747e-04, 3.1699e+01, 5.3286e-02, 
 2DIAGNOSTIC,    22, -5.322527885437e-01, 1.199994076160e-04, 3.1760e+01, 6.1688e-02, 
 2DIAGNOSTIC,    23, -5.322795510292e-01, 1.192299387185e-04, 3.1814e+01, 5.3305e-02, 
 2DIAGNOSTIC,    24, -5.321659445763e-01, 1.089682918973e-04, 3.1859e+01, 4.4974e-02, 
 2DIAGNOSTIC,    25, -5.321256518364e-01, 9.095711720875e-05, 3.1904e+01, 4.4967e-02, 
 2DIAGNOSTIC,    26, -5.321581363678e-01, 6.926487549208e-05, 3.1982e+01, 7.8498e-02, 
 2DIAGNOSTIC,    27, -5.321629047394e-01, 4.508262645686e-05, 3.2027e+01, 4.5046e-02, 
 2DIAGNOSTIC,    28, -5.320367813110e-01, 1.882931792352e-05, 3.2080e+01, 5.3326e-02, 
DIAGNOSTIC,Iteration,metricValue,convergenceValue,ITERATION_TIME_INDEX,SINCE_LAST
 2DIAGNOSTIC,     1, -4.444667696953e-01, inf, 4.0788e+01, 8.7079e+00, 
 2DIAGNOSTIC,     2, -4.446676969528e-01, inf, 4.1306e+01, 5.1809e-01, 
 2DIAGNOSTIC,     3, -4.446895122528e-01, inf, 4.1825e+01, 5.1832e-01, 
 2DIAGNOSTIC,     4, -4.446965456009e-01, inf, 4.2415e+01, 5.9004e-01, 
 2DIAGNOSTIC,     5, -4.446937143803e-01, inf, 4.2782e+01, 3.6706e-01, 
 2DIAGNOSTIC,     6, -4.446770548820e-01, inf, 4.3297e+01, 5.1563e-01, 
 2DIAGNOSTIC,     7, -4.446716010571e-01, inf, 4.3813e+01, 5.1580e-01, 
 2DIAGNOSTIC,     8, -4.446721971035e-01, inf, 4.4255e+01, 4.4139e-01, 
 2DIAGNOSTIC,     9, -4.446662664413e-01, inf, 4.4622e+01, 3.6695e-01, 
 2DIAGNOSTIC,    10, -4.446603357792e-01, 1.377609169140e-05, 4.4989e+01, 3.6750e-01, 
DIAGNOSTIC,Iteration,metricValue,convergenceValue,ITERATION_TIME_INDEX,SINCE_LAST
 2DIAGNOSTIC,     1, -3.787004649639e-01, inf, 5.4043e+01, 9.0538e+00, 
  Elapsed time (stage 0): 5.5788e+01


Stage 1
  iterations = 1000x500x250x0
  convergence threshold = 1.0000e-06
  convergence window size = 10
  number of levels = 4
  using the Mattes MI metric (number of bins = 32, weight = 1.0000e+00)
  preprocessing:  winsorizing the image intensities
  Shrink factors (level 1 out of 4): [12, 12, 12]
  Shrink factors (level 2 out of 4): [8, 8, 8]
  Shrink factors (level 3 out of 4): [4, 4, 4]
  Shrink factors (level 4 out of 4): [2, 2, 2]
  smoothing sigmas per level: [4, 3, 2, 1]
  regular sampling (percentage = 2.5000e-01)

*** Running AffineTransform registration ***

DIAGNOSTIC,Iteration,metricValue,convergenceValue,ITERATION_TIME_INDEX,SINCE_LAST
 2DIAGNOSTIC,     1, -6.204624772072e-01, inf, 1.7159e+01, 1.7159e+01, 
 2DIAGNOSTIC,     2, -6.217236518860e-01, inf, 1.7171e+01, 1.1731e-02, 
 2DIAGNOSTIC,     3, -6.239743232727e-01, inf, 1.7183e+01, 1.1568e-02, 
 2DIAGNOSTIC,     4, -6.274983286858e-01, inf, 1.7194e+01, 1.1603e-02, 
 2DIAGNOSTIC,     5, -6.320921182632e-01, inf, 1.7206e+01, 1.1559e-02, 
 2DIAGNOSTIC,     6, -6.375087499619e-01, inf, 1.7219e+01, 1.3259e-02, 
 2DIAGNOSTIC,     7, -6.394363045692e-01, inf, 1.7234e+01, 1.4817e-02, 
 2DIAGNOSTIC,     8, -6.414481401443e-01, inf, 1.7255e+01, 2.1162e-02, 
 2DIAGNOSTIC,     9, -6.414555907249e-01, inf, 1.7267e+01, 1.1433e-02, 
 2DIAGNOSTIC,    10, -6.417499780655e-01, 2.575288061053e-03, 1.7280e+01, 1.3570e-02, 
 2DIAGNOSTIC,    11, -6.420603394508e-01, 2.056215656921e-03, 1.7292e+01, 1.2136e-02, 
 2DIAGNOSTIC,    12, -6.421127915382e-01, 1.489376765676e-03, 1.7306e+01, 1.3642e-02, 
 2DIAGNOSTIC,    13, -6.422506570816e-01, 9.591524722055e-04, 1.7318e+01, 1.2113e-02, 
 2DIAGNOSTIC,    14, -6.421526670456e-01, 5.267826491036e-04, 1.7330e+01, 1.2154e-02, 
 2DIAGNOSTIC,    15, -6.424235105515e-01, 2.467452140991e-04, 1.7342e+01, 1.2103e-02, 
 2DIAGNOSTIC,    16, -6.428295969963e-01, 1.409448450431e-04, 1.7356e+01, 1.3642e-02, 
 2DIAGNOSTIC,    17, -6.432275772095e-01, 9.427147597307e-05, 1.7370e+01, 1.3794e-02, 
 2DIAGNOSTIC,    18, -6.433213949203e-01, 9.659279749030e-05, 1.7382e+01, 1.2172e-02, 
 2DIAGNOSTIC,    19, -6.433033943176e-01, 8.975619857665e-05, 1.7394e+01, 1.2161e-02, 
 2DIAGNOSTIC,    20, -6.443066596985e-01, 1.042558360496e-04, 1.7408e+01, 1.3700e-02, 
 2DIAGNOSTIC,    21, -6.443287730217e-01, 1.140448803199e-04, 1.7421e+01, 1.3735e-02, 
 2DIAGNOSTIC,    22, -6.445157527924e-01, 1.173159180325e-04, 1.7435e+01, 1.3744e-02, 
 2DIAGNOSTIC,    23, -6.451578736305e-01, 1.249560591532e-04, 1.7474e+01, 3.9126e-02, 
 2DIAGNOSTIC,    24, -6.451580524445e-01, 1.182671330753e-04, 1.7488e+01, 1.3716e-02, 
 2DIAGNOSTIC,    25, -6.451581120491e-01, 1.057567278622e-04, 1.7500e+01, 1.2064e-02, 
 2DIAGNOSTIC,    26, -6.451585292816e-01, 9.125944779953e-05, 1.7512e+01, 1.2126e-02, 
 2DIAGNOSTIC,    27, -6.451593637466e-01, 7.605995779159e-05, 1.7524e+01, 1.2106e-02, 
 2DIAGNOSTIC,    28, -6.451604962349e-01, 5.642425458063e-05, 1.7536e+01, 1.2056e-02, 
 2DIAGNOSTIC,    29, -6.451631784439e-01, 3.227281558793e-05, 1.7549e+01, 1.2151e-02, 
 2DIAGNOSTIC,    30, -6.451666951180e-01, 2.187476457038e-05, 1.7561e+01, 1.2110e-02, 
 2DIAGNOSTIC,    31, -6.451733708382e-01, 1.062902992999e-05, 1.7573e+01, 1.2107e-02, 
 2DIAGNOSTIC,    32, -6.451842188835e-01, 1.668440177127e-06, 1.7586e+01, 1.3696e-02, 
 2DIAGNOSTIC,    33, -6.451987624168e-01, 2.016688540607e-06, 1.7599e+01, 1.2069e-02, 
DIAGNOSTIC,Iteration,metricValue,convergenceValue,ITERATION_TIME_INDEX,SINCE_LAST
 2DIAGNOSTIC,     1, -5.224014520645e-01, inf, 3.0760e+01, 1.3161e+01, 
 2DIAGNOSTIC,     2, -5.238724946976e-01, inf, 3.0815e+01, 5.5467e-02, 
 2DIAGNOSTIC,     3, -5.254358649254e-01, inf, 3.0871e+01, 5.5509e-02, 
 2DIAGNOSTIC,     4, -5.274078845978e-01, inf, 3.0927e+01, 5.5939e-02, 
 2DIAGNOSTIC,     5, -5.296460986137e-01, inf, 3.0982e+01, 5.4888e-02, 
 2DIAGNOSTIC,     6, -5.309643149376e-01, inf, 3.1036e+01, 5.4747e-02, 
 2DIAGNOSTIC,     7, -5.319406986237e-01, inf, 3.1100e+01, 6.3973e-02, 
 2DIAGNOSTIC,     8, -5.334597826004e-01, inf, 3.1236e+01, 1.3599e-01, 
 2DIAGNOSTIC,     9, -5.337426066399e-01, inf, 3.1300e+01, 6.3295e-02, 
 2DIAGNOSTIC,    10, -5.337797403336e-01, 1.505072345026e-03, 3.1355e+01, 5.4988e-02, 
 2DIAGNOSTIC,    11, -5.338399410248e-01, 1.156333135441e-03, 3.1410e+01, 5.4957e-02, 
 2DIAGNOSTIC,    12, -5.339994430542e-01, 8.352483273484e-04, 3.1465e+01, 5.4985e-02, 
 2DIAGNOSTIC,    13, -5.341421365738e-01, 5.573703674600e-04, 3.1520e+01, 5.5224e-02, 
 2DIAGNOSTIC,    14, -5.343995690346e-01, 3.526684886310e-04, 3.1584e+01, 6.3887e-02, 
 2DIAGNOSTIC,    15, -5.346574783325e-01, 2.323231601622e-04, 3.1639e+01, 5.5233e-02, 
 2DIAGNOSTIC,    16, -5.347810983658e-01, 1.539444492664e-04, 3.1694e+01, 5.4656e-02, 
 2DIAGNOSTIC,    17, -5.350841879845e-01, 1.098805005313e-04, 3.1757e+01, 6.3746e-02, 
 2DIAGNOSTIC,    18, -5.353376865387e-01, 1.130132004619e-04, 3.1821e+01, 6.3495e-02, 
 2DIAGNOSTIC,    19, -5.354809761047e-01, 1.173483615275e-04, 3.1876e+01, 5.4835e-02, 
 2DIAGNOSTIC,    20, -5.358018875122e-01, 1.200799815706e-04, 3.1940e+01, 6.4269e-02, 
 2DIAGNOSTIC,    21, -5.360918045044e-01, 1.202595303766e-04, 3.2030e+01, 8.9988e-02, 
 2DIAGNOSTIC,    22, -5.361462831497e-01, 1.144009074778e-04, 3.2085e+01, 5.4932e-02, 
 2DIAGNOSTIC,    23, -5.361269116402e-01, 1.013283763314e-04, 3.2149e+01, 6.3878e-02, 
 2DIAGNOSTIC,    24, -5.361717939377e-01, 8.671592513565e-05, 3.2213e+01, 6.3859e-02, 
 2DIAGNOSTIC,    25, -5.363301038742e-01, 7.407045632135e-05, 3.2286e+01, 7.2931e-02, 
 2DIAGNOSTIC,    26, -5.366101861000e-01, 6.355258665280e-05, 3.2349e+01, 6.3807e-02, 
 2DIAGNOSTIC,    27, -5.366824865341e-01, 5.521146158571e-05, 3.2413e+01, 6.3689e-02, 
 2DIAGNOSTIC,    28, -5.367164015770e-01, 4.800463284482e-05, 3.2468e+01, 5.5001e-02, 
 2DIAGNOSTIC,    29, -5.366622209549e-01, 3.848070991808e-05, 3.2523e+01, 5.4955e-02, 
 2DIAGNOSTIC,    30, -5.366214513779e-01, 3.088195080636e-05, 3.2587e+01, 6.3724e-02, 
 2DIAGNOSTIC,    31, -5.367172956467e-01, 2.748642691586e-05, 3.2650e+01, 6.3686e-02, 
 2DIAGNOSTIC,    32, -5.366076827049e-01, 2.083347499138e-05, 3.2706e+01, 5.6122e-02, 
 2DIAGNOSTIC,    33, -5.367792844772e-01, 1.529283326818e-05, 3.2771e+01, 6.4565e-02, 
 2DIAGNOSTIC,    34, -5.369225740433e-01, 1.160837655334e-05, 3.2844e+01, 7.2876e-02, 
 2DIAGNOSTIC,    35, -5.369444489479e-01, 9.711881830299e-06, 3.2908e+01, 6.4138e-02, 
 2DIAGNOSTIC,    36, -5.369523763657e-01, 1.134688045568e-05, 3.2972e+01, 6.3878e-02, 
 2DIAGNOSTIC,    37, -5.370341539383e-01, 1.412685924151e-05, 3.3088e+01, 1.1606e-01, 
 2DIAGNOSTIC,    38, -5.370339155197e-01, 1.593633714947e-05, 3.3143e+01, 5.5126e-02, 
 2DIAGNOSTIC,    39, -5.370382070541e-01, 1.551332206873e-05, 3.3206e+01, 6.3366e-02, 
 2DIAGNOSTIC,    40, -5.370404124260e-01, 1.318430167885e-05, 3.3261e+01, 5.4702e-02, 
 2DIAGNOSTIC,    41, -5.369777083397e-01, 1.030858311424e-05, 3.3316e+01, 5.4939e-02, 
 2DIAGNOSTIC,    42, -5.369822382927e-01, 5.300367320160e-06, 3.3371e+01, 5.5015e-02, 
 2DIAGNOSTIC,    43, -5.369873046875e-01, 2.216680513811e-06, 3.3434e+01, 6.3173e-02, 
DIAGNOSTIC,Iteration,metricValue,convergenceValue,ITERATION_TIME_INDEX,SINCE_LAST
 2DIAGNOSTIC,     1, -4.553265869617e-01, inf, 4.2013e+01, 8.5790e+00, 
 2DIAGNOSTIC,     2, -4.556351006031e-01, inf, 4.2464e+01, 4.5079e-01, 
 2DIAGNOSTIC,     3, -4.559452533722e-01, inf, 4.2915e+01, 4.5128e-01, 
 2DIAGNOSTIC,     4, -4.563525617123e-01, inf, 4.3365e+01, 4.4989e-01, 
 2DIAGNOSTIC,     5, -4.568414688110e-01, inf, 4.3815e+01, 4.4993e-01, 
 2DIAGNOSTIC,     6, -4.576736688614e-01, inf, 4.4735e+01, 9.1971e-01, 
 2DIAGNOSTIC,     7, -4.576869308949e-01, inf, 4.5263e+01, 5.2817e-01, 
 2DIAGNOSTIC,     8, -4.576943814754e-01, inf, 4.5869e+01, 6.0563e-01, 
 2DIAGNOSTIC,     9, -4.576960504055e-01, inf, 4.6397e+01, 5.2849e-01, 
 2DIAGNOSTIC,    10, -4.576940238476e-01, 3.861763980240e-04, 4.6847e+01, 4.4983e-01, 
 2DIAGNOSTIC,    11, -4.577072858810e-01, 2.824276743922e-04, 4.7376e+01, 5.2857e-01, 
 2DIAGNOSTIC,    12, -4.577111601830e-01, 1.871386630228e-04, 4.7826e+01, 4.5085e-01, 
 2DIAGNOSTIC,    13, -4.577014744282e-01, 1.046125325956e-04, 4.8278e+01, 4.5121e-01, 
 2DIAGNOSTIC,    14, -4.577157795429e-01, 4.319217623561e-05, 4.8726e+01, 4.4860e-01, 
 2DIAGNOSTIC,    15, -4.577405452728e-01, 6.529135589517e-06, 4.9176e+01, 4.5002e-01, 
 2DIAGNOSTIC,    16, -4.577933549881e-01, 8.390354196308e-06, 4.9705e+01, 5.2881e-01, 
 2DIAGNOSTIC,    17, -4.578272402287e-01, 1.112010068027e-05, 5.0233e+01, 5.2767e-01, 
 2DIAGNOSTIC,    18, -4.578523933887e-01, 1.382846585329e-05, 5.0683e+01, 4.5046e-01, 
 2DIAGNOSTIC,    19, -4.579371809959e-01, 1.797921868274e-05, 5.1210e+01, 5.2718e-01, 
 2DIAGNOSTIC,    20, -4.579702913761e-01, 2.108039006998e-05, 5.1659e+01, 4.4911e-01, 
 2DIAGNOSTIC,    21, -4.580459892750e-01, 2.468426828273e-05, 5.2500e+01, 8.4003e-01, 
 2DIAGNOSTIC,    22, -4.580452740192e-01, 2.587515882624e-05, 5.3029e+01, 5.2921e-01, 
 2DIAGNOSTIC,    23, -4.580706357956e-01, 2.513688923500e-05, 5.3555e+01, 5.2606e-01, 
 2DIAGNOSTIC,    24, -4.580589532852e-01, 2.228444100183e-05, 5.4085e+01, 5.2990e-01, 
 2DIAGNOSTIC,    25, -4.580551087856e-01, 1.818198325054e-05, 5.4690e+01, 6.0520e-01, 
 2DIAGNOSTIC,    26, -4.580485522747e-01, 1.390328998241e-05, 5.5217e+01, 5.2708e-01, 
 2DIAGNOSTIC,    27, -4.580506086349e-01, 9.584432518750e-06, 5.5742e+01, 5.2524e-01, 
 2DIAGNOSTIC,    28, -4.580377340317e-01, 5.023500762036e-06, 5.6190e+01, 4.4820e-01, 
 2DIAGNOSTIC,    29, -4.580377042294e-01, 2.233468649138e-06, 5.6638e+01, 4.4764e-01, 
DIAGNOSTIC,Iteration,metricValue,convergenceValue,ITERATION_TIME_INDEX,SINCE_LAST
 2DIAGNOSTIC,     1, -3.910458981991e-01, inf, 6.5237e+01, 8.5990e+00, 
  Elapsed time (stage 1): 6.6977e+01


Stage 2
  iterations = 100x100x70x50x0
  convergence threshold = 1.0000e-06
  convergence window size = 10
  number of levels = 5
  using the Mattes MI metric (number of bins = 32, weight = 1.0000e+00)
  preprocessing:  winsorizing the image intensities
  Shrink factors (level 1 out of 5): [10, 10, 10]
  Shrink factors (level 2 out of 5): [6, 6, 6]
  Shrink factors (level 3 out of 5): [4, 4, 4]
  Shrink factors (level 4 out of 5): [2, 2, 2]
  Shrink factors (level 5 out of 5): [1, 1, 1]
  smoothing sigmas per level: [5, 3, 2, 1, 0]
  Using default NONE metricSamplingStrategy 

*** Running SyN registration (varianceForUpdateField = 3.0000e+00, varianceForTotalField = 0.0000e+00) ***

XXDIAGNOSTIC,Iteration,metricValue,convergenceValue,ITERATION_TIME_INDEX,SINCE_LAST
 1DIAGNOSTIC,     1, -5.234286785126e-01, inf, 3.0163e+01, 3.0163e+01, 
 1DIAGNOSTIC,     2, -5.404754281044e-01, inf, 3.0315e+01, 1.5162e-01, 
 1DIAGNOSTIC,     3, -5.535755753517e-01, inf, 3.0463e+01, 1.4800e-01, 
 1DIAGNOSTIC,     4, -5.586040019989e-01, inf, 3.0608e+01, 1.4488e-01, 
 1DIAGNOSTIC,     5, -5.585718750954e-01, inf, 3.0756e+01, 1.4848e-01, 
 1DIAGNOSTIC,     6, -5.569561719894e-01, inf, 3.0901e+01, 1.4481e-01, 
 1DIAGNOSTIC,     7, -5.535466074944e-01, inf, 3.1046e+01, 1.4488e-01, 
 1DIAGNOSTIC,     8, -5.520629882812e-01, inf, 3.1191e+01, 1.4501e-01, 
 1DIAGNOSTIC,     9, -5.495440363884e-01, inf, 3.1336e+01, 1.4522e-01, 
 1DIAGNOSTIC,    10, -5.477979779243e-01, 1.482633058913e-03, 3.1482e+01, 1.4590e-01, 
 1DIAGNOSTIC,    11, -5.458433628082e-01, -4.507991543505e-04, 3.1628e+01, 1.4575e-01, 
XXDIAGNOSTIC,Iteration,metricValue,convergenceValue,ITERATION_TIME_INDEX,SINCE_LAST
 1DIAGNOSTIC,     1, -4.320646226406e-01, inf, 4.5143e+01, 1.3515e+01, 
 1DIAGNOSTIC,     2, -4.349020123482e-01, inf, 4.5713e+01, 5.7015e-01, 
 1DIAGNOSTIC,     3, -4.364100992680e-01, inf, 4.6285e+01, 5.7213e-01, 
 1DIAGNOSTIC,     4, -4.364757537842e-01, inf, 4.6857e+01, 5.7171e-01, 
 1DIAGNOSTIC,     5, -4.359763562679e-01, inf, 4.7446e+01, 5.8922e-01, 
 1DIAGNOSTIC,     6, -4.359368681908e-01, inf, 4.8023e+01, 5.7622e-01, 
 1DIAGNOSTIC,     7, -4.348873198032e-01, inf, 4.8597e+01, 5.7399e-01, 
 1DIAGNOSTIC,     8, -4.339130222797e-01, inf, 4.9172e+01, 5.7530e-01, 
 1DIAGNOSTIC,     9, -4.327067732811e-01, inf, 4.9744e+01, 5.7166e-01, 
 1DIAGNOSTIC,    10, -4.313688874245e-01, -3.314043278806e-04, 5.0315e+01, 5.7143e-01, 
XXDIAGNOSTIC,Iteration,metricValue,convergenceValue,ITERATION_TIME_INDEX,SINCE_LAST
 1DIAGNOSTIC,     1, -3.668751716614e-01, inf, 6.0152e+01, 9.8375e+00, 
 1DIAGNOSTIC,     2, -3.677379488945e-01, inf, 6.1936e+01, 1.7836e+00, 
 1DIAGNOSTIC,     3, -3.682665824890e-01, inf, 6.3721e+01, 1.7845e+00, 
 1DIAGNOSTIC,     4, -3.685076832771e-01, inf, 6.5516e+01, 1.7958e+00, 
 1DIAGNOSTIC,     5, -3.686051368713e-01, inf, 6.7290e+01, 1.7741e+00, 
 1DIAGNOSTIC,     6, -3.686780333519e-01, inf, 6.9071e+01, 1.7802e+00, 
 1DIAGNOSTIC,     7, -3.684501647949e-01, inf, 7.0900e+01, 1.8292e+00, 
 1DIAGNOSTIC,     8, -3.682099580765e-01, inf, 7.2679e+01, 1.7788e+00, 
 1DIAGNOSTIC,     9, -3.679400682449e-01, inf, 7.4455e+01, 1.7762e+00, 
 1DIAGNOSTIC,    10, -3.676667213440e-01, 7.372038817266e-05, 7.6234e+01, 1.7791e+00, 
 1DIAGNOSTIC,    11, -3.674380183220e-01, -9.852511720965e-05, 7.8009e+01, 1.7755e+00, 
XXDIAGNOSTIC,Iteration,metricValue,convergenceValue,ITERATION_TIME_INDEX,SINCE_LAST
 1DIAGNOSTIC,     1, -3.114269375801e-01, inf, 9.7721e+01, 1.9712e+01, 
 1DIAGNOSTIC,     2, -3.124544024467e-01, inf, 1.1053e+02, 1.2805e+01, 
 1DIAGNOSTIC,     3, -3.134410977364e-01, inf, 1.2331e+02, 1.2780e+01, 
 1DIAGNOSTIC,     4, -3.142797946930e-01, inf, 1.3611e+02, 1.2800e+01, 
 1DIAGNOSTIC,     5, -3.150207698345e-01, inf, 1.4889e+02, 1.2781e+01, 
 1DIAGNOSTIC,     6, -3.157332539558e-01, inf, 1.6175e+02, 1.2859e+01, 
 1DIAGNOSTIC,     7, -3.163294792175e-01, inf, 1.7453e+02, 1.2788e+01, 
 1DIAGNOSTIC,     8, -3.168923854828e-01, inf, 1.8730e+02, 1.2765e+01, 
 1DIAGNOSTIC,     9, -3.173997998238e-01, inf, 2.0011e+02, 1.2816e+01, 
 1DIAGNOSTIC,    10, -3.178673982620e-01, 1.289322739467e-03, 2.1380e+02, 1.3683e+01, 
 1DIAGNOSTIC,    11, -3.182615041733e-01, 1.054563326761e-03, 2.2758e+02, 1.3781e+01, 
 1DIAGNOSTIC,    12, -3.185201883316e-01, 8.601157460362e-04, 2.4138e+02, 1.3806e+01, 
 1DIAGNOSTIC,    13, -3.187664151192e-01, 7.029224652797e-04, 2.5526e+02, 1.3875e+01, 
 1DIAGNOSTIC,    14, -3.189775645733e-01, 5.713691934943e-04, 2.6903e+02, 1.3769e+01, 
 1DIAGNOSTIC,    15, -3.191647827625e-01, 4.603176203091e-04, 2.8291e+02, 1.3886e+01, 
 1DIAGNOSTIC,    16, -3.193382620811e-01, 3.704132686835e-04, 2.9670e+02, 1.3790e+01, 
 1DIAGNOSTIC,    17, -3.194675743580e-01, 2.951296046376e-04, 3.1048e+02, 1.3776e+01, 
 1DIAGNOSTIC,    18, -3.195923566818e-01, 2.351236325921e-04, 3.2430e+02, 1.3823e+01, 
 1DIAGNOSTIC,    19, -3.196762204170e-01, 1.873574365163e-04, 3.3805e+02, 1.3747e+01, 
 1DIAGNOSTIC,    20, -3.198045492172e-01, 1.535230694572e-04, 3.5177e+02, 1.3721e+01, 
 1DIAGNOSTIC,    21, -3.198882937431e-01, 1.289283391088e-04, 3.6554e+02, 1.3771e+01, 
 1DIAGNOSTIC,    22, -3.199464678764e-01, 1.074201863958e-04, 3.7932e+02, 1.3777e+01, 
 1DIAGNOSTIC,    23, -3.199980258942e-01, 8.938065002440e-05, 3.9301e+02, 1.3698e+01, 
 1DIAGNOSTIC,    24, -3.200427591801e-01, 7.404144707834e-05, 4.0674e+02, 1.3729e+01, 
 1DIAGNOSTIC,    25, -3.200661242008e-01, 6.050955562387e-05, 4.2068e+02, 1.3940e+01, 
 1DIAGNOSTIC,    26, -3.201673626900e-01, 5.182901077205e-05, 4.3438e+02, 1.3695e+01, 
 1DIAGNOSTIC,    27, -3.202527761459e-01, 4.601406180882e-05, 4.4818e+02, 1.3798e+01, 
 1DIAGNOSTIC,    28, -3.203813433647e-01, 4.442641511559e-05, 4.6200e+02, 1.3828e+01, 
 1DIAGNOSTIC,    29, -3.204774260521e-01, 4.429094042280e-05, 4.7573e+02, 1.3727e+01, 
 1DIAGNOSTIC,    30, -3.205438256264e-01, 4.583253758028e-05, 4.8948e+02, 1.3751e+01, 
 1DIAGNOSTIC,    31, -3.206457197666e-01, 4.835422805627e-05, 5.0330e+02, 1.3817e+01, 
 1DIAGNOSTIC,    32, -3.206768631935e-01, 4.863107096753e-05, 5.1701e+02, 1.3714e+01, 
 1DIAGNOSTIC,    33, -3.207161426544e-01, 4.681022619479e-05, 5.3079e+02, 1.3780e+01, 
 1DIAGNOSTIC,    34, -3.207417726517e-01, 4.260639980203e-05, 5.4458e+02, 1.3789e+01, 
 1DIAGNOSTIC,    35, -3.206714689732e-01, 3.345440200064e-05, 5.5835e+02, 1.3766e+01, 
 1DIAGNOSTIC,    36, -3.207272291183e-01, 2.564917122072e-05, 5.7216e+02, 1.3810e+01, 
 1DIAGNOSTIC,    37, -3.207366168499e-01, 1.808898559830e-05, 5.8584e+02, 1.3684e+01, 
 1DIAGNOSTIC,    38, -3.207135200500e-01, 1.171966596303e-05, 5.9957e+02, 1.3725e+01, 
 1DIAGNOSTIC,    39, -3.207001686096e-01, 6.561512236658e-06, 6.1342e+02, 1.3851e+01, 
 1DIAGNOSTIC,    40, -3.206879794598e-01, 2.306537453478e-06, 6.2726e+02, 1.3841e+01, 
 1DIAGNOSTIC,    41, -3.207092285156e-01, 7.743640821900e-07, 6.4097e+02, 1.3712e+01, 
  Elapsed time (stage 2): 664.8


Total elapsed time: 787.6

--- Writing output images ---

Using double precision for computations.
Input scalar image: data/Segmentations/1002_3_seg.nii.gz
Reference image: data/template/T_template0_BrainCerebellum.nii.gz
=============================================================================
The composite transform comprises the following transforms (in order): 
  1. /tmp/1971547.1.basic.q/1002_ToTemplate_015_0GenericAffine.mat (type = AffineTransform)
  2. /tmp/1971547.1.basic.q/1002_ToTemplate_015_1Warp.nii.gz (type = DisplacementFieldTransform)
=============================================================================
Default pixel value: 0
Interpolation type: LabelImageGenericInterpolateImageFunction
Output warped image: output/1002/1002_WarpedLabels_015.nii.gz

--- Done ---

