
--- Running on compute-1-5.local ---


--- registration call ---
/data/jet/pcook/bin/antsBuild/bin/antsRegistrationSyNQuick.sh -d 3 -f data/template/T_template0_BrainCerebellum.nii.gz -m data/Brains/1002_3.nii.gz -t s -p f -n 1 -o /tmp/1971544.1.basic.q/1002_ToTemplate_012_
---


--------------------------------------------------------------------------------------
 Mapping parameters
--------------------------------------------------------------------------------------
 ANTSPATH is /data/jet/pcook/bin/antsBuild/bin/

 Dimensionality:           3
 Output name prefix:       /tmp/1971544.1.basic.q/1002_ToTemplate_012_
 Fixed images:             data/template/T_template0_BrainCerebellum.nii.gz
 Moving images:            data/Brains/1002_3.nii.gz
 Mask images:              
 Initial transforms:       
 Number of threads:        1
 Spline distance:          26
 Transform type:           s
 MI histogram bins:        32
 Precision:                f
 Use histogram matching    0
======================================================================================
 antsRegistration call:
--------------------------------------------------------------------------------------
/data/jet/pcook/bin/antsBuild/bin//antsRegistration --verbose 1 --dimensionality 3 --float 1 --collapse-output-transforms 1 --output [/tmp/1971544.1.basic.q/1002_ToTemplate_012_,/tmp/1971544.1.basic.q/1002_ToTemplate_012_Warped.nii.gz,/tmp/1971544.1.basic.q/1002_ToTemplate_012_InverseWarped.nii.gz] --interpolation Linear --use-histogram-matching 0 --winsorize-image-intensities [0.005,0.995] --initial-moving-transform [data/template/T_template0_BrainCerebellum.nii.gz,data/Brains/1002_3.nii.gz,1] --transform Rigid[0.1] --metric MI[data/template/T_template0_BrainCerebellum.nii.gz,data/Brains/1002_3.nii.gz,1,32,Regular,0.25] --convergence [1000x500x250x0,1e-6,10] --shrink-factors 12x8x4x2 --smoothing-sigmas 4x3x2x1vox --transform Affine[0.1] --metric MI[data/template/T_template0_BrainCerebellum.nii.gz,data/Brains/1002_3.nii.gz,1,32,Regular,0.25] --convergence [1000x500x250x0,1e-6,10] --shrink-factors 12x8x4x2 --smoothing-sigmas 4x3x2x1vox --transform SyN[0.1,3,0] --metric MI[data/template/T_template0_BrainCerebellum.nii.gz,data/Brains/1002_3.nii.gz,1,32] --convergence [100x100x70x50x0,1e-6,10] --shrink-factors 10x6x4x2x1 --smoothing-sigmas 5x3x2x1x0vox
--------------------------------------------------------------------------------------
All_Command_lines_OK
Using single precision for computations.
=============================================================================
The composite transform comprises the following transforms (in order): 
  1. Center of mass alignment using fixed image: data/template/T_template0_BrainCerebellum.nii.gz and moving image: data/Brains/1002_3.nii.gz (type = Euler3DTransform)
=============================================================================
  number of levels = 4
  number of levels = 4
  number of levels = 5
  fixed image: data/template/T_template0_BrainCerebellum.nii.gz
  moving image: data/Brains/1002_3.nii.gz
  fixed image: data/template/T_template0_BrainCerebellum.nii.gz
  moving image: data/Brains/1002_3.nii.gz
  fixed image: data/template/T_template0_BrainCerebellum.nii.gz
  moving image: data/Brains/1002_3.nii.gz
Dimension = 3
Number of stages = 3
Use Histogram Matching false
Winsorize image intensities true
Lower quantile = 0.005
Upper quantile = 0.995
Stage 1 State
   Image metric = Mattes
     Fixed image = Image (0x4be6420)
  RTTI typeinfo:   itk::Image<float, 3u>
  Reference Count: 2
  Modified Time: 1611
  Debug: Off
  Object Name: 
  Observers: 
    none
  Source: (none)
  Source output name: (none)
  Release Data: Off
  Data Released: False
  Global Release Data: Off
  PipelineMTime: 0
  UpdateMTime: 1422
  RealTimeStamp: 0 seconds 
  LargestPossibleRegion: 
    Dimension: 3
    Index: [0, 0, 0]
    Size: [216, 256, 291]
  BufferedRegion: 
    Dimension: 3
    Index: [0, 0, 0]
    Size: [216, 256, 291]
  RequestedRegion: 
    Dimension: 3
    Index: [0, 0, 0]
    Size: [216, 256, 291]
  Spacing: [1, 1, 1]
  Origin: [0, 293, 0]
  Direction: 
1 0 0
0 -0 -1
0 -1 -0

  IndexToPointMatrix: 
1 0 0
0 0 -1
0 -1 0

  PointToIndexMatrix: 
1 0 0
0 0 -1
0 -1 0

  Inverse Direction: 
1 0 0
0 0 -1
0 -1 0

  PixelContainer: 
    ImportImageContainer (0x4bcb7f0)
      RTTI typeinfo:   itk::ImportImageContainer<unsigned long, float>
      Reference Count: 1
      Modified Time: 1419
      Debug: Off
      Object Name: 
      Observers: 
        none
      Pointer: 0x7f02bbc56010
      Container manages memory: true
      Size: 16091136
      Capacity: 16091136

     Moving image = Image (0x4be6e60)
  RTTI typeinfo:   itk::Image<float, 3u>
  Reference Count: 2
  Modified Time: 1612
  Debug: Off
  Object Name: 
  Observers: 
    none
  Source: (none)
  Source output name: (none)
  Release Data: Off
  Data Released: False
  Global Release Data: Off
  PipelineMTime: 0
  UpdateMTime: 1609
  RealTimeStamp: 0 seconds 
  LargestPossibleRegion: 
    Dimension: 3
    Index: [0, 0, 0]
    Size: [256, 256, 277]
  BufferedRegion: 
    Dimension: 3
    Index: [0, 0, 0]
    Size: [256, 256, 277]
  RequestedRegion: 
    Dimension: 3
    Index: [0, 0, 0]
    Size: [256, 256, 277]
  Spacing: [1, 1, 1]
  Origin: [0, 276, 0]
  Direction: 
1 0 0
0 -0 -1
0 -1 -0

  IndexToPointMatrix: 
1 0 0
0 0 -1
0 -1 0

  PointToIndexMatrix: 
1 0 0
0 0 -1
0 -1 0

  Inverse Direction: 
1 0 0
0 0 -1
0 -1 0

  PixelContainer: 
    ImportImageContainer (0x4be92b0)
      RTTI typeinfo:   itk::ImportImageContainer<unsigned long, float>
      Reference Count: 1
      Modified Time: 1606
      Debug: Off
      Object Name: 
      Observers: 
        none
      Pointer: 0x7f02b7715010
      Container manages memory: true
      Size: 18153472
      Capacity: 18153472

     Weighting = 1
     Sampling strategy = regular
     Number of bins = 32
     Radius = 4
     Sampling percentage  = 0.25
   Transform = Rigid
     Gradient step = 0.1
     Update field sigma (voxel space) = 0
     Total field sigma (voxel space) = 0
     Update field time sigma = 0
     Total field time sigma  = 0
     Number of time indices = 0
     Number of time point samples = 0
Stage 2 State
   Image metric = Mattes
     Fixed image = Image (0x4bf16c0)
  RTTI typeinfo:   itk::Image<float, 3u>
  Reference Count: 2
  Modified Time: 1987
  Debug: Off
  Object Name: 
  Observers: 
    none
  Source: (none)
  Source output name: (none)
  Release Data: Off
  Data Released: False
  Global Release Data: Off
  PipelineMTime: 0
  UpdateMTime: 1798
  RealTimeStamp: 0 seconds 
  LargestPossibleRegion: 
    Dimension: 3
    Index: [0, 0, 0]
    Size: [216, 256, 291]
  BufferedRegion: 
    Dimension: 3
    Index: [0, 0, 0]
    Size: [216, 256, 291]
  RequestedRegion: 
    Dimension: 3
    Index: [0, 0, 0]
    Size: [216, 256, 291]
  Spacing: [1, 1, 1]
  Origin: [0, 293, 0]
  Direction: 
1 0 0
0 -0 -1
0 -1 -0

  IndexToPointMatrix: 
1 0 0
0 0 -1
0 -1 0

  PointToIndexMatrix: 
1 0 0
0 0 -1
0 -1 0

  Inverse Direction: 
1 0 0
0 0 -1
0 -1 0

  PixelContainer: 
    ImportImageContainer (0x4bf1f60)
      RTTI typeinfo:   itk::ImportImageContainer<unsigned long, float>
      Reference Count: 1
      Modified Time: 1795
      Debug: Off
      Object Name: 
      Observers: 
        none
      Pointer: 0x7f02b39b2010
      Container manages memory: true
      Size: 16091136
      Capacity: 16091136

     Moving image = Image (0x4bf1a50)
  RTTI typeinfo:   itk::Image<float, 3u>
  Reference Count: 2
  Modified Time: 1988
  Debug: Off
  Object Name: 
  Observers: 
    none
  Source: (none)
  Source output name: (none)
  Release Data: Off
  Data Released: False
  Global Release Data: Off
  PipelineMTime: 0
  UpdateMTime: 1985
  RealTimeStamp: 0 seconds 
  LargestPossibleRegion: 
    Dimension: 3
    Index: [0, 0, 0]
    Size: [256, 256, 277]
  BufferedRegion: 
    Dimension: 3
    Index: [0, 0, 0]
    Size: [256, 256, 277]
  RequestedRegion: 
    Dimension: 3
    Index: [0, 0, 0]
    Size: [256, 256, 277]
  Spacing: [1, 1, 1]
  Origin: [0, 276, 0]
  Direction: 
1 0 0
0 -0 -1
0 -1 -0

  IndexToPointMatrix: 
1 0 0
0 0 -1
0 -1 0

  PointToIndexMatrix: 
1 0 0
0 0 -1
0 -1 0

  Inverse Direction: 
1 0 0
0 0 -1
0 -1 0

  PixelContainer: 
    ImportImageContainer (0x4bf2950)
      RTTI typeinfo:   itk::ImportImageContainer<unsigned long, float>
      Reference Count: 1
      Modified Time: 1982
      Debug: Off
      Object Name: 
      Observers: 
        none
      Pointer: 0x7f02af471010
      Container manages memory: true
      Size: 18153472
      Capacity: 18153472

     Weighting = 1
     Sampling strategy = regular
     Number of bins = 32
     Radius = 4
     Sampling percentage  = 0.25
   Transform = Affine
     Gradient step = 0.1
     Update field sigma (voxel space) = 0
     Total field sigma (voxel space) = 0
     Update field time sigma = 0
     Total field time sigma  = 0
     Number of time indices = 0
     Number of time point samples = 0
Stage 3 State
   Image metric = Mattes
     Fixed image = Image (0x4bf87b0)
  RTTI typeinfo:   itk::Image<float, 3u>
  Reference Count: 2
  Modified Time: 2363
  Debug: Off
  Object Name: 
  Observers: 
    none
  Source: (none)
  Source output name: (none)
  Release Data: Off
  Data Released: False
  Global Release Data: Off
  PipelineMTime: 0
  UpdateMTime: 2174
  RealTimeStamp: 0 seconds 
  LargestPossibleRegion: 
    Dimension: 3
    Index: [0, 0, 0]
    Size: [216, 256, 291]
  BufferedRegion: 
    Dimension: 3
    Index: [0, 0, 0]
    Size: [216, 256, 291]
  RequestedRegion: 
    Dimension: 3
    Index: [0, 0, 0]
    Size: [216, 256, 291]
  Spacing: [1, 1, 1]
  Origin: [0, 293, 0]
  Direction: 
1 0 0
0 -0 -1
0 -1 -0

  IndexToPointMatrix: 
1 0 0
0 0 -1
0 -1 0

  PointToIndexMatrix: 
1 0 0
0 0 -1
0 -1 0

  Inverse Direction: 
1 0 0
0 0 -1
0 -1 0

  PixelContainer: 
    ImportImageContainer (0x4bf8a40)
      RTTI typeinfo:   itk::ImportImageContainer<unsigned long, float>
      Reference Count: 1
      Modified Time: 2171
      Debug: Off
      Object Name: 
      Observers: 
        none
      Pointer: 0x7f02ab70e010
      Container manages memory: true
      Size: 16091136
      Capacity: 16091136

     Moving image = Image (0x4bfb1b0)
  RTTI typeinfo:   itk::Image<float, 3u>
  Reference Count: 2
  Modified Time: 2364
  Debug: Off
  Object Name: 
  Observers: 
    none
  Source: (none)
  Source output name: (none)
  Release Data: Off
  Data Released: False
  Global Release Data: Off
  PipelineMTime: 0
  UpdateMTime: 2361
  RealTimeStamp: 0 seconds 
  LargestPossibleRegion: 
    Dimension: 3
    Index: [0, 0, 0]
    Size: [256, 256, 277]
  BufferedRegion: 
    Dimension: 3
    Index: [0, 0, 0]
    Size: [256, 256, 277]
  RequestedRegion: 
    Dimension: 3
    Index: [0, 0, 0]
    Size: [256, 256, 277]
  Spacing: [1, 1, 1]
  Origin: [0, 276, 0]
  Direction: 
1 0 0
0 -0 -1
0 -1 -0

  IndexToPointMatrix: 
1 0 0
0 0 -1
0 -1 0

  PointToIndexMatrix: 
1 0 0
0 0 -1
0 -1 0

  Inverse Direction: 
1 0 0
0 0 -1
0 -1 0

  PixelContainer: 
    ImportImageContainer (0x4bf8aa0)
      RTTI typeinfo:   itk::ImportImageContainer<unsigned long, float>
      Reference Count: 1
      Modified Time: 2358
      Debug: Off
      Object Name: 
      Observers: 
        none
      Pointer: 0x7f02a71cd010
      Container manages memory: true
      Size: 18153472
      Capacity: 18153472

     Weighting = 1
     Sampling strategy = none
     Number of bins = 32
     Radius = 4
     Sampling percentage  = 1
   Transform = SyN
     Gradient step = 0.1
     Update field sigma (voxel space) = 3
     Total field sigma (voxel space) = 0
     Update field time sigma = 0
     Total field time sigma  = 0
     Number of time indices = 0
     Number of time point samples = 0
Registration using 3 total stages.

Stage 0
  iterations = 1000x500x250x0
  convergence threshold = 1e-06
  convergence window size = 10
  number of levels = 4
  using the Mattes MI metric (number of bins = 32, weight = 1)
  preprocessing:  winsorizing the image intensities
  Shrink factors (level 1 out of 4): [12, 12, 12]
  Shrink factors (level 2 out of 4): [8, 8, 8]
  Shrink factors (level 3 out of 4): [4, 4, 4]
  Shrink factors (level 4 out of 4): [2, 2, 2]
  smoothing sigmas per level: [4, 3, 2, 1]
  regular sampling (percentage = 0.25)

*** Running Euler3DTransform registration ***

DIAGNOSTIC,Iteration,metricValue,convergenceValue,ITERATION_TIME_INDEX,SINCE_LAST
 2DIAGNOSTIC,     1, -5.904008150101e-01, inf, 1.7185e+01, 1.7185e+01, 
 2DIAGNOSTIC,     2, -5.917100906372e-01, inf, 1.7194e+01, 8.8339e-03, 
 2DIAGNOSTIC,     3, -5.938787460327e-01, inf, 1.7203e+01, 8.7712e-03, 
 2DIAGNOSTIC,     4, -5.972787141800e-01, inf, 1.7212e+01, 8.8310e-03, 
 2DIAGNOSTIC,     5, -5.994048118591e-01, inf, 1.7222e+01, 1.0314e-02, 
 2DIAGNOSTIC,     6, -5.993129611015e-01, inf, 1.7231e+01, 8.6648e-03, 
 2DIAGNOSTIC,     7, -5.997414588928e-01, inf, 1.7240e+01, 8.6370e-03, 
 2DIAGNOSTIC,     8, -6.001555919647e-01, inf, 1.7248e+01, 8.6739e-03, 
 2DIAGNOSTIC,     9, -6.007813215256e-01, inf, 1.7257e+01, 8.7101e-03, 
 2DIAGNOSTIC,    10, -6.015467643738e-01, 1.174059230834e-03, 1.7271e+01, 1.3959e-02, 
 2DIAGNOSTIC,    11, -6.018208265305e-01, 8.538832771592e-04, 1.7282e+01, 1.0719e-02, 
 2DIAGNOSTIC,    12, -6.018936038017e-01, 5.665129865520e-04, 1.7292e+01, 1.0749e-02, 
 2DIAGNOSTIC,    13, -6.028494834900e-01, 3.842379956041e-04, 1.7302e+01, 9.2192e-03, 
 2DIAGNOSTIC,    14, -6.032711863518e-01, 3.199377388228e-04, 1.7312e+01, 1.0700e-02, 
 2DIAGNOSTIC,    15, -6.034969687462e-01, 3.096161235590e-04, 1.7324e+01, 1.2219e-02, 
 2DIAGNOSTIC,    16, -6.036091446877e-01, 2.732852299232e-04, 1.7334e+01, 9.2199e-03, 
 2DIAGNOSTIC,    17, -6.040861010551e-01, 2.417642535875e-04, 1.7344e+01, 1.0753e-02, 
 2DIAGNOSTIC,    18, -6.047409176826e-01, 2.189246588387e-04, 1.7355e+01, 1.0911e-02, 
 2DIAGNOSTIC,    19, -6.052632331848e-01, 2.059920807369e-04, 1.7366e+01, 1.0840e-02, 
 2DIAGNOSTIC,    20, -6.057925224304e-01, 2.060973201878e-04, 1.7376e+01, 9.3341e-03, 
 2DIAGNOSTIC,    21, -6.069005727768e-01, 2.185703197028e-04, 1.7385e+01, 9.2371e-03, 
 2DIAGNOSTIC,    22, -6.069900989532e-01, 2.121324941982e-04, 1.7394e+01, 9.1939e-03, 
 2DIAGNOSTIC,    23, -6.073500514030e-01, 2.135277027264e-04, 1.7408e+01, 1.3691e-02, 
 2DIAGNOSTIC,    24, -6.074530482292e-01, 2.052197960438e-04, 1.7417e+01, 9.1789e-03, 
 2DIAGNOSTIC,    25, -6.075549721718e-01, 1.846521918196e-04, 1.7426e+01, 9.1860e-03, 
 2DIAGNOSTIC,    26, -6.092647314072e-01, 1.812409464037e-04, 1.7435e+01, 9.4280e-03, 
 2DIAGNOSTIC,    27, -6.115171909332e-01, 2.078041143250e-04, 1.7446e+01, 1.0977e-02, 
 2DIAGNOSTIC,    28, -6.136443614960e-01, 2.591078227852e-04, 1.7462e+01, 1.5355e-02, 
 2DIAGNOSTIC,    29, -6.135385036469e-01, 2.890757168643e-04, 1.7474e+01, 1.2191e-02, 
 2DIAGNOSTIC,    30, -6.136371493340e-01, 3.001556033269e-04, 1.7485e+01, 1.0640e-02, 
 2DIAGNOSTIC,    31, -6.134396195412e-01, 2.959828416351e-04, 1.7494e+01, 9.1362e-03, 
 2DIAGNOSTIC,    32, -6.129584312439e-01, 2.575856633484e-04, 1.7503e+01, 9.1360e-03, 
 2DIAGNOSTIC,    33, -6.133159995079e-01, 2.073728101095e-04, 1.7512e+01, 9.1498e-03, 
 2DIAGNOSTIC,    34, -6.134779453278e-01, 1.446253299946e-04, 1.7521e+01, 9.1588e-03, 
 2DIAGNOSTIC,    35, -6.142801642418e-01, 8.405384141952e-05, 1.7530e+01, 9.1641e-03, 
 2DIAGNOSTIC,    36, -6.157989501953e-01, 6.043312896509e-05, 1.7544e+01, 1.3669e-02, 
 2DIAGNOSTIC,    37, -6.159033179283e-01, 6.127040251158e-05, 1.7556e+01, 1.2377e-02, 
 2DIAGNOSTIC,    38, -6.156872510910e-01, 8.020803943509e-05, 1.7567e+01, 1.0807e-02, 
 2DIAGNOSTIC,    39, -6.157039403915e-01, 8.967153553385e-05, 1.7576e+01, 9.2421e-03, 
 2DIAGNOSTIC,    40, -6.163378953934e-01, 9.858421253739e-05, 1.7586e+01, 9.2599e-03, 
 2DIAGNOSTIC,    41, -6.164953112602e-01, 9.692949970486e-05, 1.7599e+01, 1.3737e-02, 
 2DIAGNOSTIC,    42, -6.168103814125e-01, 8.434177289018e-05, 1.7610e+01, 1.0674e-02, 
 2DIAGNOSTIC,    43, -6.169342398643e-01, 7.000237383181e-05, 1.7621e+01, 1.0748e-02, 
 2DIAGNOSTIC,    44, -6.170426607132e-01, 5.256125950837e-05, 1.7632e+01, 1.0644e-02, 
 2DIAGNOSTIC,    45, -6.170673370361e-01, 3.899051807821e-05, 1.7641e+01, 9.1519e-03, 
 2DIAGNOSTIC,    46, -6.168206334114e-01, 3.519929668983e-05, 1.7650e+01, 9.1329e-03, 
 2DIAGNOSTIC,    47, -6.169083118439e-01, 3.037411806872e-05, 1.7660e+01, 1.0607e-02, 
 2DIAGNOSTIC,    48, -6.169652342796e-01, 2.137032970495e-05, 1.7674e+01, 1.3617e-02, 
 2DIAGNOSTIC,    49, -6.170036792755e-01, 1.110943230742e-05, 1.7683e+01, 9.1269e-03, 
 2DIAGNOSTIC,    50, -6.170382499695e-01, 6.530771315738e-06, 1.7692e+01, 9.1350e-03, 
 2DIAGNOSTIC,    51, -6.170927286148e-01, 3.494914381008e-06, 1.7701e+01, 9.1350e-03, 
 2DIAGNOSTIC,    52, -6.169115304947e-01, 1.476702550463e-06, 1.7715e+01, 1.3616e-02, 
DIAGNOSTIC,Iteration,metricValue,convergenceValue,ITERATION_TIME_INDEX,SINCE_LAST
 2DIAGNOSTIC,     1, -5.084603428841e-01, inf, 3.0754e+01, 1.3039e+01, 
 2DIAGNOSTIC,     2, -5.106292963028e-01, inf, 3.0798e+01, 4.4149e-02, 
 2DIAGNOSTIC,     3, -5.132871270180e-01, inf, 3.0843e+01, 4.4185e-02, 
 2DIAGNOSTIC,     4, -5.150083303452e-01, inf, 3.0887e+01, 4.4172e-02, 
 2DIAGNOSTIC,     5, -5.158640146255e-01, inf, 3.0947e+01, 6.0702e-02, 
 2DIAGNOSTIC,     6, -5.158976316452e-01, inf, 3.0992e+01, 4.4074e-02, 
 2DIAGNOSTIC,     7, -5.158786177635e-01, inf, 3.1052e+01, 6.0653e-02, 
 2DIAGNOSTIC,     8, -5.158317089081e-01, inf, 3.1105e+01, 5.2360e-02, 
 2DIAGNOSTIC,     9, -5.157222747803e-01, inf, 3.1149e+01, 4.4160e-02, 
 2DIAGNOSTIC,    10, -5.158147811890e-01, 7.770517258905e-04, 3.1193e+01, 4.4704e-02, 
 2DIAGNOSTIC,    11, -5.159239768982e-01, 4.040159110446e-04, 3.1238e+01, 4.4682e-02, 
 2DIAGNOSTIC,    12, -5.160602331161e-01, 1.614058419364e-04, 3.1291e+01, 5.3015e-02, 
 2DIAGNOSTIC,    13, -5.161244273186e-01, 5.589690772467e-05, 3.1344e+01, 5.3045e-02, 
 2DIAGNOSTIC,    14, -5.160336494446e-01, 2.411203240626e-05, 3.1389e+01, 4.4702e-02, 
 2DIAGNOSTIC,    15, -5.160945057869e-01, 2.838895125024e-05, 3.1442e+01, 5.3166e-02, 
 2DIAGNOSTIC,    16, -5.163568854332e-01, 3.971415935666e-05, 3.1487e+01, 4.4817e-02, 
 2DIAGNOSTIC,    17, -5.164031982422e-01, 4.680352867581e-05, 3.1532e+01, 4.4740e-02, 
 2DIAGNOSTIC,    18, -5.167727470398e-01, 5.907372178626e-05, 3.1585e+01, 5.3283e-02, 
 2DIAGNOSTIC,    19, -5.170875191689e-01, 7.058842311380e-05, 3.1655e+01, 7.0003e-02, 
 2DIAGNOSTIC,    20, -5.175234079361e-01, 8.894939674065e-05, 3.1838e+01, 1.8270e-01, 
 2DIAGNOSTIC,    21, -5.175232291222e-01, 9.996357402997e-05, 3.1891e+01, 5.3008e-02, 
 2DIAGNOSTIC,    22, -5.175233483315e-01, 1.043324591592e-04, 3.1943e+01, 5.2926e-02, 
 2DIAGNOSTIC,    23, -5.175235867500e-01, 1.004106961773e-04, 3.1996e+01, 5.2928e-02, 
 2DIAGNOSTIC,    24, -5.175235271454e-01, 8.530828199582e-05, 3.2049e+01, 5.2952e-02, 
 2DIAGNOSTIC,    25, -5.175238251686e-01, 6.467277125921e-05, 3.2102e+01, 5.2916e-02, 
 2DIAGNOSTIC,    26, -5.175240039825e-01, 4.537209679256e-05, 3.2147e+01, 4.4702e-02, 
 2DIAGNOSTIC,    27, -5.175242424011e-01, 2.430396307318e-05, 3.2200e+01, 5.2903e-02, 
 2DIAGNOSTIC,    28, -5.175243020058e-01, 9.761423825694e-06, 3.2253e+01, 5.2972e-02, 
 2DIAGNOSTIC,    29, -5.175244212151e-01, 1.153700168288e-06, 3.2297e+01, 4.4603e-02, 
 2DIAGNOSTIC,    30, -5.175247788429e-01, 1.124868731495e-06, 3.2350e+01, 5.2985e-02, 
 2DIAGNOSTIC,    31, -5.175251364708e-01, 1.094998083317e-06, 3.2403e+01, 5.2982e-02, 
 2DIAGNOSTIC,    32, -5.175256729126e-01, 1.071821316145e-06, 3.2456e+01, 5.2962e-02, 
 2DIAGNOSTIC,    33, -5.175260901451e-01, 1.053877326740e-06, 3.2509e+01, 5.2861e-02, 
 2DIAGNOSTIC,    34, -5.175264477730e-01, 1.033420971908e-06, 3.2562e+01, 5.2951e-02, 
 2DIAGNOSTIC,    35, -5.175268650055e-01, 1.016224587147e-06, 3.2607e+01, 4.4737e-02, 
 2DIAGNOSTIC,    36, -5.175281167030e-01, 1.011637664305e-06, 3.2660e+01, 5.2985e-02, 
 2DIAGNOSTIC,    37, -5.175289511681e-01, 1.010807409330e-06, 3.2705e+01, 4.4624e-02, 
 2DIAGNOSTIC,    38, -5.175311565399e-01, 1.028543351822e-06, 3.2749e+01, 4.4715e-02, 
 2DIAGNOSTIC,    39, -5.175348520279e-01, 1.080581796487e-06, 3.2794e+01, 4.4595e-02, 
 2DIAGNOSTIC,    40, -5.175411701202e-01, 1.195719050884e-06, 3.2839e+01, 4.4646e-02, 
 2DIAGNOSTIC,    41, -5.175511837006e-01, 1.404619752066e-06, 3.2883e+01, 4.4713e-02, 
 2DIAGNOSTIC,    42, -5.175669193268e-01, 1.754524078024e-06, 3.2928e+01, 4.4727e-02, 
 2DIAGNOSTIC,    43, -5.175914764404e-01, 2.309178398718e-06, 3.2981e+01, 5.2956e-02, 
 2DIAGNOSTIC,    44, -5.176121592522e-01, 2.946454287667e-06, 3.3026e+01, 4.4650e-02, 
 2DIAGNOSTIC,    45, -5.175127387047e-01, 2.130137772838e-06, 3.3070e+01, 4.4831e-02, 
 2DIAGNOSTIC,    46, -5.176128745079e-01, 2.465406396368e-06, 3.3123e+01, 5.2948e-02, 
DIAGNOSTIC,Iteration,metricValue,convergenceValue,ITERATION_TIME_INDEX,SINCE_LAST
 2DIAGNOSTIC,     1, -4.442896246910e-01, inf, 4.1689e+01, 8.5658e+00, 
 2DIAGNOSTIC,     2, -4.450069069862e-01, inf, 4.2058e+01, 3.6844e-01, 
 2DIAGNOSTIC,     3, -4.459239840508e-01, inf, 4.2425e+01, 3.6770e-01, 
 2DIAGNOSTIC,     4, -4.464713931084e-01, inf, 4.2868e+01, 4.4266e-01, 
 2DIAGNOSTIC,     5, -4.465397298336e-01, inf, 4.3311e+01, 4.4259e-01, 
 2DIAGNOSTIC,     6, -4.466455578804e-01, inf, 4.4053e+01, 7.4280e-01, 
 2DIAGNOSTIC,     7, -4.466565251350e-01, inf, 4.4571e+01, 5.1724e-01, 
 2DIAGNOSTIC,     8, -4.466508328915e-01, inf, 4.5013e+01, 4.4275e-01, 
 2DIAGNOSTIC,     9, -4.466335475445e-01, inf, 4.5381e+01, 3.6763e-01, 
 2DIAGNOSTIC,    10, -4.466252326965e-01, 2.816235646605e-04, 4.5824e+01, 4.4333e-01, 
 2DIAGNOSTIC,    11, -4.466161131859e-01, 1.412513229297e-04, 4.6193e+01, 3.6877e-01, 
 2DIAGNOSTIC,    12, -4.466015398502e-01, 4.816558066523e-05, 4.6636e+01, 4.4340e-01, 
 2DIAGNOSTIC,    13, -4.465985894203e-01, 9.457058695261e-06, 4.7080e+01, 4.4354e-01, 
DIAGNOSTIC,Iteration,metricValue,convergenceValue,ITERATION_TIME_INDEX,SINCE_LAST
 2DIAGNOSTIC,     1, -3.795649707317e-01, inf, 5.5326e+01, 8.2456e+00, 
  Elapsed time (stage 0): 5.7076e+01


Stage 1
  iterations = 1000x500x250x0
  convergence threshold = 1.0000e-06
  convergence window size = 10
  number of levels = 4
  using the Mattes MI metric (number of bins = 32, weight = 1.0000e+00)
  preprocessing:  winsorizing the image intensities
  Shrink factors (level 1 out of 4): [12, 12, 12]
  Shrink factors (level 2 out of 4): [8, 8, 8]
  Shrink factors (level 3 out of 4): [4, 4, 4]
  Shrink factors (level 4 out of 4): [2, 2, 2]
  smoothing sigmas per level: [4, 3, 2, 1]
  regular sampling (percentage = 2.5000e-01)

*** Running AffineTransform registration ***

DIAGNOSTIC,Iteration,metricValue,convergenceValue,ITERATION_TIME_INDEX,SINCE_LAST
 2DIAGNOSTIC,     1, -6.026685833931e-01, inf, 1.7121e+01, 1.7121e+01, 
 2DIAGNOSTIC,     2, -6.042225956917e-01, inf, 1.7133e+01, 1.1773e-02, 
 2DIAGNOSTIC,     3, -6.070530414581e-01, inf, 1.7144e+01, 1.1599e-02, 
 2DIAGNOSTIC,     4, -6.107907295227e-01, inf, 1.7156e+01, 1.1569e-02, 
 2DIAGNOSTIC,     5, -6.167956590652e-01, inf, 1.7167e+01, 1.1542e-02, 
 2DIAGNOSTIC,     6, -6.301455497742e-01, inf, 1.7181e+01, 1.3430e-02, 
 2DIAGNOSTIC,     7, -6.312834024429e-01, inf, 1.7194e+01, 1.3399e-02, 
 2DIAGNOSTIC,     8, -6.312839984894e-01, inf, 1.7209e+01, 1.4994e-02, 
 2DIAGNOSTIC,     9, -6.324976086617e-01, inf, 1.7222e+01, 1.3117e-02, 
 2DIAGNOSTIC,    10, -6.328939795494e-01, 3.840818302706e-03, 1.7234e+01, 1.2088e-02, 
 2DIAGNOSTIC,    11, -6.335139274597e-01, 3.083211602643e-03, 1.7247e+01, 1.2240e-02, 
 2DIAGNOSTIC,    12, -6.335268020630e-01, 2.238041022792e-03, 1.7260e+01, 1.3778e-02, 
 2DIAGNOSTIC,    13, -6.336755156517e-01, 1.434611272998e-03, 1.7273e+01, 1.2161e-02, 
 2DIAGNOSTIC,    14, -6.336292624474e-01, 7.376874564216e-04, 1.7286e+01, 1.3753e-02, 
 2DIAGNOSTIC,    15, -6.336184144020e-01, 2.383258397458e-04, 1.7300e+01, 1.3743e-02, 
 2DIAGNOSTIC,    16, -6.335694193840e-01, 1.579362724442e-04, 1.7312e+01, 1.2103e-02, 
 2DIAGNOSTIC,    17, -6.336742639542e-01, 1.064860625775e-04, 1.7324e+01, 1.2166e-02, 
 2DIAGNOSTIC,    18, -6.342471837997e-01, 6.497083813883e-05, 1.7343e+01, 1.8466e-02, 
 2DIAGNOSTIC,    19, -6.345312595367e-01, 5.732503996114e-05, 1.7355e+01, 1.2235e-02, 
 2DIAGNOSTIC,    20, -6.346856951714e-01, 5.745037196903e-05, 1.7367e+01, 1.2092e-02, 
 2DIAGNOSTIC,    21, -6.346969008446e-01, 6.618656334467e-05, 1.7384e+01, 1.6860e-02, 
 2DIAGNOSTIC,    22, -6.347954273224e-01, 7.032561552478e-05, 1.7398e+01, 1.3799e-02, 
 2DIAGNOSTIC,    23, -6.345700025558e-01, 6.593823491130e-05, 1.7412e+01, 1.3757e-02, 
 2DIAGNOSTIC,    24, -6.343432068825e-01, 5.075904482510e-05, 1.7424e+01, 1.2109e-02, 
 2DIAGNOSTIC,    25, -6.344397664070e-01, 3.396433385205e-05, 1.7436e+01, 1.2127e-02, 
 2DIAGNOSTIC,    26, -6.348817944527e-01, 2.220300484623e-05, 1.7449e+01, 1.3700e-02, 
 2DIAGNOSTIC,    27, -6.353766322136e-01, 1.893905209727e-05, 1.7463e+01, 1.3839e-02, 
 2DIAGNOSTIC,    28, -6.352580785751e-01, 2.142113226000e-05, 1.7479e+01, 1.5353e-02, 
 2DIAGNOSTIC,    29, -6.350573897362e-01, 2.339819366171e-05, 1.7491e+01, 1.2199e-02, 
 2DIAGNOSTIC,    30, -6.348952651024e-01, 2.312700780749e-05, 1.7505e+01, 1.3842e-02, 
 2DIAGNOSTIC,    31, -6.347611546516e-01, 1.872558823379e-05, 1.7520e+01, 1.5277e-02, 
 2DIAGNOSTIC,    32, -6.350762844086e-01, 1.867811624834e-05, 1.7537e+01, 1.6858e-02, 
 2DIAGNOSTIC,    33, -6.349319815636e-01, 1.193776552100e-05, 1.7549e+01, 1.2182e-02, 
 2DIAGNOSTIC,    34, -6.349791288376e-01, 2.449040948704e-06, 1.7561e+01, 1.2200e-02, 
DIAGNOSTIC,Iteration,metricValue,convergenceValue,ITERATION_TIME_INDEX,SINCE_LAST
 2DIAGNOSTIC,     1, -5.363442301750e-01, inf, 3.0678e+01, 1.3117e+01, 
 2DIAGNOSTIC,     2, -5.366014838219e-01, inf, 3.0742e+01, 6.4215e-02, 
 2DIAGNOSTIC,     3, -5.367704629898e-01, inf, 3.0806e+01, 6.4059e-02, 
 2DIAGNOSTIC,     4, -5.367696285248e-01, inf, 3.0861e+01, 5.5072e-02, 
 2DIAGNOSTIC,     5, -5.369570255280e-01, inf, 3.0916e+01, 5.5278e-02, 
 2DIAGNOSTIC,     6, -5.373696684837e-01, inf, 3.0971e+01, 5.4981e-02, 
 2DIAGNOSTIC,     7, -5.380210876465e-01, inf, 3.1027e+01, 5.5294e-02, 
 2DIAGNOSTIC,     8, -5.388836264610e-01, inf, 3.1099e+01, 7.2720e-02, 
 2DIAGNOSTIC,     9, -5.394031405449e-01, inf, 3.1181e+01, 8.1887e-02, 
 2DIAGNOSTIC,    10, -5.399827361107e-01, 4.377661680337e-04, 3.1246e+01, 6.4322e-02, 
 2DIAGNOSTIC,    11, -5.400550365448e-01, 4.407419473864e-04, 3.1301e+01, 5.5213e-02, 
 2DIAGNOSTIC,    12, -5.401875972748e-01, 4.209378093947e-04, 3.1356e+01, 5.5331e-02, 
 2DIAGNOSTIC,    13, -5.403364300728e-01, 3.791970666498e-04, 3.1420e+01, 6.3998e-02, 
 2DIAGNOSTIC,    14, -5.407999753952e-01, 3.264506522100e-04, 3.1493e+01, 7.3021e-02, 
 2DIAGNOSTIC,    15, -5.410117506981e-01, 2.648195077199e-04, 3.1548e+01, 5.5219e-02, 
 2DIAGNOSTIC,    16, -5.413402318954e-01, 2.112094516633e-04, 3.1604e+01, 5.5869e-02, 
 2DIAGNOSTIC,    17, -5.431462526321e-01, 2.205102791777e-04, 3.1686e+01, 8.1984e-02, 
 2DIAGNOSTIC,    18, -5.439445972443e-01, 2.555562823545e-04, 3.1768e+01, 8.1659e-02, 
 2DIAGNOSTIC,    19, -5.439881682396e-01, 2.784735988826e-04, 3.1832e+01, 6.3971e-02, 
 2DIAGNOSTIC,    20, -5.438255667686e-01, 2.852278703358e-04, 3.1896e+01, 6.4038e-02, 
 2DIAGNOSTIC,    21, -5.438526272774e-01, 2.676772128325e-04, 3.1951e+01, 5.4990e-02, 
 2DIAGNOSTIC,    22, -5.437517762184e-01, 2.268871030537e-04, 3.2015e+01, 6.3835e-02, 
 2DIAGNOSTIC,    23, -5.436992049217e-01, 1.702057634247e-04, 3.2069e+01, 5.4672e-02, 
 2DIAGNOSTIC,    24, -5.437201261520e-01, 1.136178543675e-04, 3.2133e+01, 6.3917e-02, 
 2DIAGNOSTIC,    25, -5.437380075455e-01, 5.639695154969e-05, 3.2188e+01, 5.5036e-02, 
 2DIAGNOSTIC,    26, -5.436986684799e-01, 3.415199444134e-06, 3.2243e+01, 5.4715e-02, 
DIAGNOSTIC,Iteration,metricValue,convergenceValue,ITERATION_TIME_INDEX,SINCE_LAST
 2DIAGNOSTIC,     1, -4.532324671745e-01, inf, 4.0774e+01, 8.5309e+00, 
 2DIAGNOSTIC,     2, -4.538955986500e-01, inf, 4.1226e+01, 4.5144e-01, 
 2DIAGNOSTIC,     3, -4.543511271477e-01, inf, 4.1678e+01, 4.5223e-01, 
 2DIAGNOSTIC,     4, -4.547422826290e-01, inf, 4.2130e+01, 4.5247e-01, 
 2DIAGNOSTIC,     5, -4.552162885666e-01, inf, 4.2582e+01, 4.5188e-01, 
 2DIAGNOSTIC,     6, -4.557542502880e-01, inf, 4.3111e+01, 5.2858e-01, 
 2DIAGNOSTIC,     7, -4.560165405273e-01, inf, 4.3795e+01, 6.8445e-01, 
 2DIAGNOSTIC,     8, -4.562292098999e-01, inf, 4.4245e+01, 4.4991e-01, 
 2DIAGNOSTIC,     9, -4.563278555870e-01, inf, 4.4695e+01, 4.5031e-01, 
 2DIAGNOSTIC,    10, -4.566311836243e-01, 4.730328510050e-04, 4.5224e+01, 5.2838e-01, 
 2DIAGNOSTIC,    11, -4.571991860867e-01, 3.957636654377e-04, 4.5753e+01, 5.2889e-01, 
 2DIAGNOSTIC,    12, -4.588078558445e-01, 4.132071917411e-04, 4.6277e+01, 5.2421e-01, 
 2DIAGNOSTIC,    13, -4.588912427425e-01, 4.150152381044e-04, 4.7114e+01, 8.3692e-01, 
 2DIAGNOSTIC,    14, -4.588984847069e-01, 3.977203741670e-04, 4.7638e+01, 5.2473e-01, 
 2DIAGNOSTIC,    15, -4.589200317860e-01, 3.676720079966e-04, 4.8160e+01, 5.2106e-01, 
 2DIAGNOSTIC,    16, -4.589258432388e-01, 3.282984835096e-04, 4.8681e+01, 5.2185e-01, 
 2DIAGNOSTIC,    17, -4.589289426804e-01, 2.721923228819e-04, 4.9202e+01, 5.2066e-01, 
 2DIAGNOSTIC,    18, -4.589394927025e-01, 2.052024501609e-04, 4.9883e+01, 6.8060e-01, 
 2DIAGNOSTIC,    19, -4.589403271675e-01, 1.304825127590e-04, 5.0408e+01, 5.2491e-01, 
 2DIAGNOSTIC,    20, -4.589312970638e-01, 6.058282087906e-05, 5.0934e+01, 5.2636e-01, 
 2DIAGNOSTIC,    21, -4.589162170887e-01, 6.919561201357e-06, 5.1379e+01, 4.4487e-01, 
 2DIAGNOSTIC,    22, -4.589189887047e-01, 3.137107341900e-06, 5.1906e+01, 5.2677e-01, 
 2DIAGNOSTIC,    23, -4.589273631573e-01, 1.994667627514e-06, 5.2352e+01, 4.4633e-01, 
 2DIAGNOSTIC,    24, -4.589341282845e-01, 1.228535211339e-06, 5.2879e+01, 5.2707e-01, 
DIAGNOSTIC,Iteration,metricValue,convergenceValue,ITERATION_TIME_INDEX,SINCE_LAST
 2DIAGNOSTIC,     1, -3.925896286964e-01, inf, 6.1453e+01, 8.5741e+00, 
  Elapsed time (stage 1): 6.3169e+01


Stage 2
  iterations = 100x100x70x50x0
  convergence threshold = 1.0000e-06
  convergence window size = 10
  number of levels = 5
  using the Mattes MI metric (number of bins = 32, weight = 1.0000e+00)
  preprocessing:  winsorizing the image intensities
  Shrink factors (level 1 out of 5): [10, 10, 10]
  Shrink factors (level 2 out of 5): [6, 6, 6]
  Shrink factors (level 3 out of 5): [4, 4, 4]
  Shrink factors (level 4 out of 5): [2, 2, 2]
  Shrink factors (level 5 out of 5): [1, 1, 1]
  smoothing sigmas per level: [5, 3, 2, 1, 0]
  Using default NONE metricSamplingStrategy 

*** Running SyN registration (varianceForUpdateField = 3.0000e+00, varianceForTotalField = 0.0000e+00) ***

XXDIAGNOSTIC,Iteration,metricValue,convergenceValue,ITERATION_TIME_INDEX,SINCE_LAST
 1DIAGNOSTIC,     1, -5.220299363136e-01, inf, 3.0369e+01, 3.0369e+01, 
 1DIAGNOSTIC,     2, -5.401330590248e-01, inf, 3.0522e+01, 1.5339e-01, 
 1DIAGNOSTIC,     3, -5.520674586296e-01, inf, 3.0671e+01, 1.4876e-01, 
 1DIAGNOSTIC,     4, -5.551109313965e-01, inf, 3.0816e+01, 1.4499e-01, 
 1DIAGNOSTIC,     5, -5.551134347916e-01, inf, 3.0961e+01, 1.4514e-01, 
 1DIAGNOSTIC,     6, -5.536546707153e-01, inf, 3.1106e+01, 1.4557e-01, 
 1DIAGNOSTIC,     7, -5.496457219124e-01, inf, 3.1252e+01, 1.4533e-01, 
 1DIAGNOSTIC,     8, -5.491356253624e-01, inf, 3.1398e+01, 1.4576e-01, 
 1DIAGNOSTIC,     9, -5.452053546906e-01, inf, 3.1543e+01, 1.4545e-01, 
 1DIAGNOSTIC,    10, -5.441523790359e-01, 1.131599186920e-03, 3.1689e+01, 1.4614e-01, 
 1DIAGNOSTIC,    11, -5.404602885246e-01, -8.012520265765e-04, 3.1835e+01, 1.4600e-01, 
XXDIAGNOSTIC,Iteration,metricValue,convergenceValue,ITERATION_TIME_INDEX,SINCE_LAST
 1DIAGNOSTIC,     1, -4.292282462120e-01, inf, 4.5266e+01, 1.3431e+01, 
 1DIAGNOSTIC,     2, -4.320890903473e-01, inf, 4.5837e+01, 5.7072e-01, 
 1DIAGNOSTIC,     3, -4.336647093296e-01, inf, 4.6408e+01, 5.7145e-01, 
 1DIAGNOSTIC,     4, -4.340032935143e-01, inf, 4.6986e+01, 5.7763e-01, 
 1DIAGNOSTIC,     5, -4.335436820984e-01, inf, 4.7560e+01, 5.7354e-01, 
 1DIAGNOSTIC,     6, -4.331171512604e-01, inf, 4.8133e+01, 5.7367e-01, 
 1DIAGNOSTIC,     7, -4.323166906834e-01, inf, 4.8706e+01, 5.7300e-01, 
 1DIAGNOSTIC,     8, -4.309442043304e-01, inf, 4.9279e+01, 5.7278e-01, 
 1DIAGNOSTIC,     9, -4.297600984573e-01, inf, 4.9856e+01, 5.7724e-01, 
 1DIAGNOSTIC,    10, -4.284775555134e-01, -3.624033706728e-04, 5.0430e+01, 5.7358e-01, 
XXDIAGNOSTIC,Iteration,metricValue,convergenceValue,ITERATION_TIME_INDEX,SINCE_LAST
 1DIAGNOSTIC,     1, -3.645614087582e-01, inf, 6.0318e+01, 9.8886e+00, 
 1DIAGNOSTIC,     2, -3.654967546463e-01, inf, 6.2106e+01, 1.7871e+00, 
 1DIAGNOSTIC,     3, -3.661122620106e-01, inf, 6.3884e+01, 1.7788e+00, 
 1DIAGNOSTIC,     4, -3.665672540665e-01, inf, 6.5664e+01, 1.7798e+00, 
 1DIAGNOSTIC,     5, -3.666589260101e-01, inf, 6.7453e+01, 1.7885e+00, 
 1DIAGNOSTIC,     6, -3.665573596954e-01, inf, 6.9287e+01, 1.8343e+00, 
 1DIAGNOSTIC,     7, -3.662096261978e-01, inf, 7.1123e+01, 1.8357e+00, 
 1DIAGNOSTIC,     8, -3.659843504429e-01, inf, 7.2899e+01, 1.7766e+00, 
 1DIAGNOSTIC,     9, -3.657610416412e-01, inf, 7.4677e+01, 1.7778e+00, 
 1DIAGNOSTIC,    10, -3.656066060066e-01, 8.104422158794e-05, 7.6460e+01, 1.7824e+00, 
 1DIAGNOSTIC,    11, -3.653008937836e-01, -1.083983006538e-04, 7.8243e+01, 1.7830e+00, 
XXDIAGNOSTIC,Iteration,metricValue,convergenceValue,ITERATION_TIME_INDEX,SINCE_LAST
 1DIAGNOSTIC,     1, -3.096053600311e-01, inf, 9.7850e+01, 1.9607e+01, 
 1DIAGNOSTIC,     2, -3.105998635292e-01, inf, 1.1070e+02, 1.2855e+01, 
 1DIAGNOSTIC,     3, -3.115603327751e-01, inf, 1.2350e+02, 1.2796e+01, 
 1DIAGNOSTIC,     4, -3.124221563339e-01, inf, 1.3628e+02, 1.2778e+01, 
 1DIAGNOSTIC,     5, -3.131362497807e-01, inf, 1.4914e+02, 1.2864e+01, 
 1DIAGNOSTIC,     6, -3.137990832329e-01, inf, 1.6193e+02, 1.2793e+01, 
 1DIAGNOSTIC,     7, -3.144016265869e-01, inf, 1.7475e+02, 1.2816e+01, 
 1DIAGNOSTIC,     8, -3.149426877499e-01, inf, 1.8801e+02, 1.3257e+01, 
 1DIAGNOSTIC,     9, -3.154427707195e-01, inf, 2.0077e+02, 1.2761e+01, 
 1DIAGNOSTIC,    10, -3.158511519432e-01, 1.263257232495e-03, 2.1400e+02, 1.3237e+01, 
 1DIAGNOSTIC,    11, -3.162697553635e-01, 1.031751977280e-03, 2.2734e+02, 1.3340e+01, 
 1DIAGNOSTIC,    12, -3.166337609291e-01, 8.480114629492e-04, 2.4059e+02, 1.3246e+01, 
 1DIAGNOSTIC,    13, -3.169974088669e-01, 7.074489258230e-04, 2.5399e+02, 1.3397e+01, 
 1DIAGNOSTIC,    14, -3.173047900200e-01, 5.977654946037e-04, 2.6775e+02, 1.3761e+01, 
 1DIAGNOSTIC,    15, -3.175864219666e-01, 5.077786045149e-04, 2.8149e+02, 1.3742e+01, 
 1DIAGNOSTIC,    16, -3.177818059921e-01, 4.306209448259e-04, 2.9533e+02, 1.3839e+01, 
 1DIAGNOSTIC,    17, -3.178911209106e-01, 3.605008532759e-04, 3.0909e+02, 1.3764e+01, 
 1DIAGNOSTIC,    18, -3.180515766144e-01, 2.999136631843e-04, 3.2283e+02, 1.3737e+01, 
 1DIAGNOSTIC,    19, -3.181729912758e-01, 2.472409396432e-04, 3.3652e+02, 1.3695e+01, 
 1DIAGNOSTIC,    20, -3.182900547981e-01, 2.003871195484e-04, 3.5034e+02, 1.3811e+01, 
 1DIAGNOSTIC,    21, -3.183446526527e-01, 1.596064103069e-04, 3.6419e+02, 1.3851e+01, 
 1DIAGNOSTIC,    22, -3.183975815773e-01, 1.247340260306e-04, 3.7747e+02, 1.3286e+01, 
 1DIAGNOSTIC,    23, -3.184346556664e-01, 9.688655700302e-05, 3.9147e+02, 1.3996e+01, 
 1DIAGNOSTIC,    24, -3.184949159622e-01, 7.596774958074e-05, 4.0502e+02, 1.3550e+01, 
 1DIAGNOSTIC,    25, -3.185304403305e-01, 6.097162986407e-05, 4.1872e+02, 1.3706e+01, 
 1DIAGNOSTIC,    26, -3.185986280441e-01, 5.062517448096e-05, 4.3250e+02, 1.3773e+01, 
 1DIAGNOSTIC,    27, -3.186449706554e-01, 4.148230436840e-05, 4.4584e+02, 1.3342e+01, 
 1DIAGNOSTIC,    28, -3.186524510384e-01, 3.451875090832e-05, 4.5961e+02, 1.3766e+01, 
 1DIAGNOSTIC,    29, -3.187342882156e-01, 3.113284401479e-05, 4.7340e+02, 1.3796e+01, 
 1DIAGNOSTIC,    30, -3.187744617462e-01, 2.975660390803e-05, 4.8720e+02, 1.3797e+01, 
 1DIAGNOSTIC,    31, -3.188262581825e-01, 2.879064413719e-05, 5.0100e+02, 1.3802e+01, 
 1DIAGNOSTIC,    32, -3.188950419426e-01, 2.865674287023e-05, 5.1476e+02, 1.3756e+01, 
 1DIAGNOSTIC,    33, -3.189127445221e-01, 2.735789894359e-05, 5.2852e+02, 1.3761e+01, 
 1DIAGNOSTIC,    34, -3.189325630665e-01, 2.574930294941e-05, 5.4222e+02, 1.3703e+01, 
 1DIAGNOSTIC,    35, -3.189310729504e-01, 2.270574077556e-05, 5.5602e+02, 1.3800e+01, 
 1DIAGNOSTIC,    36, -3.189099431038e-01, 1.891777537821e-05, 5.6983e+02, 1.3810e+01, 
 1DIAGNOSTIC,    37, -3.189303874969e-01, 1.526148116682e-05, 5.8376e+02, 1.3928e+01, 
 1DIAGNOSTIC,    38, -3.188915848732e-01, 9.629561645852e-06, 5.9757e+02, 1.3810e+01, 
 1DIAGNOSTIC,    39, -3.188647627831e-01, 4.743493718706e-06, 6.1134e+02, 1.3772e+01, 
 1DIAGNOSTIC,    40, -3.188269138336e-01, -2.121736599747e-07, 6.2521e+02, 1.3873e+01, 
  Elapsed time (stage 2): 649.1


Total elapsed time: 769.4

--- Writing output images ---

Using double precision for computations.
Input scalar image: data/Segmentations/1002_3_seg.nii.gz
Reference image: data/template/T_template0_BrainCerebellum.nii.gz
=============================================================================
The composite transform comprises the following transforms (in order): 
  1. /tmp/1971544.1.basic.q/1002_ToTemplate_012_0GenericAffine.mat (type = AffineTransform)
  2. /tmp/1971544.1.basic.q/1002_ToTemplate_012_1Warp.nii.gz (type = DisplacementFieldTransform)
=============================================================================
Default pixel value: 0
Interpolation type: LabelImageGenericInterpolateImageFunction
Output warped image: output/1002/1002_WarpedLabels_012.nii.gz

--- Done ---

