
--- Running on compute-1-7.local ---


--- registration call ---
/data/jet/pcook/bin/antsBuild/bin/antsRegistrationSyNQuick.sh -d 3 -f data/template/T_template0_BrainCerebellum.nii.gz -m data/Brains/1002_3.nii.gz -t s -p f -n 2 -o /tmp/1971843.1.basic.q/1002_ToTemplate_016_
---


--------------------------------------------------------------------------------------
 Mapping parameters
--------------------------------------------------------------------------------------
 ANTSPATH is /data/jet/pcook/bin/antsBuild/bin/

 Dimensionality:           3
 Output name prefix:       /tmp/1971843.1.basic.q/1002_ToTemplate_016_
 Fixed images:             data/template/T_template0_BrainCerebellum.nii.gz
 Moving images:            data/Brains/1002_3.nii.gz
 Mask images:              
 Initial transforms:       
 Number of threads:        2
 Spline distance:          26
 Transform type:           s
 MI histogram bins:        32
 Precision:                f
 Use histogram matching    0
======================================================================================
 antsRegistration call:
--------------------------------------------------------------------------------------
/data/jet/pcook/bin/antsBuild/bin//antsRegistration --verbose 1 --dimensionality 3 --float 1 --collapse-output-transforms 1 --output [/tmp/1971843.1.basic.q/1002_ToTemplate_016_,/tmp/1971843.1.basic.q/1002_ToTemplate_016_Warped.nii.gz,/tmp/1971843.1.basic.q/1002_ToTemplate_016_InverseWarped.nii.gz] --interpolation Linear --use-histogram-matching 0 --winsorize-image-intensities [0.005,0.995] --initial-moving-transform [data/template/T_template0_BrainCerebellum.nii.gz,data/Brains/1002_3.nii.gz,1] --transform Rigid[0.1] --metric MI[data/template/T_template0_BrainCerebellum.nii.gz,data/Brains/1002_3.nii.gz,1,32,Regular,0.25] --convergence [1000x500x250x0,1e-6,10] --shrink-factors 12x8x4x2 --smoothing-sigmas 4x3x2x1vox --transform Affine[0.1] --metric MI[data/template/T_template0_BrainCerebellum.nii.gz,data/Brains/1002_3.nii.gz,1,32,Regular,0.25] --convergence [1000x500x250x0,1e-6,10] --shrink-factors 12x8x4x2 --smoothing-sigmas 4x3x2x1vox --transform SyN[0.1,3,0] --metric MI[data/template/T_template0_BrainCerebellum.nii.gz,data/Brains/1002_3.nii.gz,1,32] --convergence [100x100x70x50x0,1e-6,10] --shrink-factors 10x6x4x2x1 --smoothing-sigmas 5x3x2x1x0vox
--------------------------------------------------------------------------------------
All_Command_lines_OK
Using single precision for computations.
=============================================================================
The composite transform comprises the following transforms (in order): 
  1. Center of mass alignment using fixed image: data/template/T_template0_BrainCerebellum.nii.gz and moving image: data/Brains/1002_3.nii.gz (type = Euler3DTransform)
=============================================================================
  number of levels = 4
  number of levels = 4
  number of levels = 5
  fixed image: data/template/T_template0_BrainCerebellum.nii.gz
  moving image: data/Brains/1002_3.nii.gz
  fixed image: data/template/T_template0_BrainCerebellum.nii.gz
  moving image: data/Brains/1002_3.nii.gz
  fixed image: data/template/T_template0_BrainCerebellum.nii.gz
  moving image: data/Brains/1002_3.nii.gz
Dimension = 3
Number of stages = 3
Use Histogram Matching false
Winsorize image intensities true
Lower quantile = 0.005
Upper quantile = 0.995
Stage 1 State
   Image metric = Mattes
     Fixed image = Image (0x3fd5670)
  RTTI typeinfo:   itk::Image<float, 3u>
  Reference Count: 2
  Modified Time: 1611
  Debug: Off
  Object Name: 
  Observers: 
    none
  Source: (none)
  Source output name: (none)
  Release Data: Off
  Data Released: False
  Global Release Data: Off
  PipelineMTime: 0
  UpdateMTime: 1422
  RealTimeStamp: 0 seconds 
  LargestPossibleRegion: 
    Dimension: 3
    Index: [0, 0, 0]
    Size: [216, 256, 291]
  BufferedRegion: 
    Dimension: 3
    Index: [0, 0, 0]
    Size: [216, 256, 291]
  RequestedRegion: 
    Dimension: 3
    Index: [0, 0, 0]
    Size: [216, 256, 291]
  Spacing: [1, 1, 1]
  Origin: [0, 293, 0]
  Direction: 
1 0 0
0 -0 -1
0 -1 -0

  IndexToPointMatrix: 
1 0 0
0 0 -1
0 -1 0

  PointToIndexMatrix: 
1 0 0
0 0 -1
0 -1 0

  Inverse Direction: 
1 0 0
0 0 -1
0 -1 0

  PixelContainer: 
    ImportImageContainer (0x3fba7f0)
      RTTI typeinfo:   itk::ImportImageContainer<unsigned long, float>
      Reference Count: 1
      Modified Time: 1419
      Debug: Off
      Object Name: 
      Observers: 
        none
      Pointer: 0x7f4324124010
      Container manages memory: true
      Size: 16091136
      Capacity: 16091136

     Moving image = Image (0x3fd60b0)
  RTTI typeinfo:   itk::Image<float, 3u>
  Reference Count: 2
  Modified Time: 1612
  Debug: Off
  Object Name: 
  Observers: 
    none
  Source: (none)
  Source output name: (none)
  Release Data: Off
  Data Released: False
  Global Release Data: Off
  PipelineMTime: 0
  UpdateMTime: 1609
  RealTimeStamp: 0 seconds 
  LargestPossibleRegion: 
    Dimension: 3
    Index: [0, 0, 0]
    Size: [256, 256, 277]
  BufferedRegion: 
    Dimension: 3
    Index: [0, 0, 0]
    Size: [256, 256, 277]
  RequestedRegion: 
    Dimension: 3
    Index: [0, 0, 0]
    Size: [256, 256, 277]
  Spacing: [1, 1, 1]
  Origin: [0, 276, 0]
  Direction: 
1 0 0
0 -0 -1
0 -1 -0

  IndexToPointMatrix: 
1 0 0
0 0 -1
0 -1 0

  PointToIndexMatrix: 
1 0 0
0 0 -1
0 -1 0

  Inverse Direction: 
1 0 0
0 0 -1
0 -1 0

  PixelContainer: 
    ImportImageContainer (0x3fd8500)
      RTTI typeinfo:   itk::ImportImageContainer<unsigned long, float>
      Reference Count: 1
      Modified Time: 1606
      Debug: Off
      Object Name: 
      Observers: 
        none
      Pointer: 0x7f431fbe3010
      Container manages memory: true
      Size: 18153472
      Capacity: 18153472

     Weighting = 1
     Sampling strategy = regular
     Number of bins = 32
     Radius = 4
     Sampling percentage  = 0.25
   Transform = Rigid
     Gradient step = 0.1
     Update field sigma (voxel space) = 0
     Total field sigma (voxel space) = 0
     Update field time sigma = 0
     Total field time sigma  = 0
     Number of time indices = 0
     Number of time point samples = 0
Stage 2 State
   Image metric = Mattes
     Fixed image = Image (0x3fe0910)
  RTTI typeinfo:   itk::Image<float, 3u>
  Reference Count: 2
  Modified Time: 1987
  Debug: Off
  Object Name: 
  Observers: 
    none
  Source: (none)
  Source output name: (none)
  Release Data: Off
  Data Released: False
  Global Release Data: Off
  PipelineMTime: 0
  UpdateMTime: 1798
  RealTimeStamp: 0 seconds 
  LargestPossibleRegion: 
    Dimension: 3
    Index: [0, 0, 0]
    Size: [216, 256, 291]
  BufferedRegion: 
    Dimension: 3
    Index: [0, 0, 0]
    Size: [216, 256, 291]
  RequestedRegion: 
    Dimension: 3
    Index: [0, 0, 0]
    Size: [216, 256, 291]
  Spacing: [1, 1, 1]
  Origin: [0, 293, 0]
  Direction: 
1 0 0
0 -0 -1
0 -1 -0

  IndexToPointMatrix: 
1 0 0
0 0 -1
0 -1 0

  PointToIndexMatrix: 
1 0 0
0 0 -1
0 -1 0

  Inverse Direction: 
1 0 0
0 0 -1
0 -1 0

  PixelContainer: 
    ImportImageContainer (0x3fe11b0)
      RTTI typeinfo:   itk::ImportImageContainer<unsigned long, float>
      Reference Count: 1
      Modified Time: 1795
      Debug: Off
      Object Name: 
      Observers: 
        none
      Pointer: 0x7f431be80010
      Container manages memory: true
      Size: 16091136
      Capacity: 16091136

     Moving image = Image (0x3fe0ca0)
  RTTI typeinfo:   itk::Image<float, 3u>
  Reference Count: 2
  Modified Time: 1988
  Debug: Off
  Object Name: 
  Observers: 
    none
  Source: (none)
  Source output name: (none)
  Release Data: Off
  Data Released: False
  Global Release Data: Off
  PipelineMTime: 0
  UpdateMTime: 1985
  RealTimeStamp: 0 seconds 
  LargestPossibleRegion: 
    Dimension: 3
    Index: [0, 0, 0]
    Size: [256, 256, 277]
  BufferedRegion: 
    Dimension: 3
    Index: [0, 0, 0]
    Size: [256, 256, 277]
  RequestedRegion: 
    Dimension: 3
    Index: [0, 0, 0]
    Size: [256, 256, 277]
  Spacing: [1, 1, 1]
  Origin: [0, 276, 0]
  Direction: 
1 0 0
0 -0 -1
0 -1 -0

  IndexToPointMatrix: 
1 0 0
0 0 -1
0 -1 0

  PointToIndexMatrix: 
1 0 0
0 0 -1
0 -1 0

  Inverse Direction: 
1 0 0
0 0 -1
0 -1 0

  PixelContainer: 
    ImportImageContainer (0x3fe17b0)
      RTTI typeinfo:   itk::ImportImageContainer<unsigned long, float>
      Reference Count: 1
      Modified Time: 1982
      Debug: Off
      Object Name: 
      Observers: 
        none
      Pointer: 0x7f431793f010
      Container manages memory: true
      Size: 18153472
      Capacity: 18153472

     Weighting = 1
     Sampling strategy = regular
     Number of bins = 32
     Radius = 4
     Sampling percentage  = 0.25
   Transform = Affine
     Gradient step = 0.1
     Update field sigma (voxel space) = 0
     Total field sigma (voxel space) = 0
     Update field time sigma = 0
     Total field time sigma  = 0
     Number of time indices = 0
     Number of time point samples = 0
Stage 3 State
   Image metric = Mattes
     Fixed image = Image (0x3fe79a0)
  RTTI typeinfo:   itk::Image<float, 3u>
  Reference Count: 2
  Modified Time: 2363
  Debug: Off
  Object Name: 
  Observers: 
    none
  Source: (none)
  Source output name: (none)
  Release Data: Off
  Data Released: False
  Global Release Data: Off
  PipelineMTime: 0
  UpdateMTime: 2174
  RealTimeStamp: 0 seconds 
  LargestPossibleRegion: 
    Dimension: 3
    Index: [0, 0, 0]
    Size: [216, 256, 291]
  BufferedRegion: 
    Dimension: 3
    Index: [0, 0, 0]
    Size: [216, 256, 291]
  RequestedRegion: 
    Dimension: 3
    Index: [0, 0, 0]
    Size: [216, 256, 291]
  Spacing: [1, 1, 1]
  Origin: [0, 293, 0]
  Direction: 
1 0 0
0 -0 -1
0 -1 -0

  IndexToPointMatrix: 
1 0 0
0 0 -1
0 -1 0

  PointToIndexMatrix: 
1 0 0
0 0 -1
0 -1 0

  Inverse Direction: 
1 0 0
0 0 -1
0 -1 0

  PixelContainer: 
    ImportImageContainer (0x3fe7c30)
      RTTI typeinfo:   itk::ImportImageContainer<unsigned long, float>
      Reference Count: 1
      Modified Time: 2171
      Debug: Off
      Object Name: 
      Observers: 
        none
      Pointer: 0x7f4313bdc010
      Container manages memory: true
      Size: 16091136
      Capacity: 16091136

     Moving image = Image (0x3fea360)
  RTTI typeinfo:   itk::Image<float, 3u>
  Reference Count: 2
  Modified Time: 2364
  Debug: Off
  Object Name: 
  Observers: 
    none
  Source: (none)
  Source output name: (none)
  Release Data: Off
  Data Released: False
  Global Release Data: Off
  PipelineMTime: 0
  UpdateMTime: 2361
  RealTimeStamp: 0 seconds 
  LargestPossibleRegion: 
    Dimension: 3
    Index: [0, 0, 0]
    Size: [256, 256, 277]
  BufferedRegion: 
    Dimension: 3
    Index: [0, 0, 0]
    Size: [256, 256, 277]
  RequestedRegion: 
    Dimension: 3
    Index: [0, 0, 0]
    Size: [256, 256, 277]
  Spacing: [1, 1, 1]
  Origin: [0, 276, 0]
  Direction: 
1 0 0
0 -0 -1
0 -1 -0

  IndexToPointMatrix: 
1 0 0
0 0 -1
0 -1 0

  PointToIndexMatrix: 
1 0 0
0 0 -1
0 -1 0

  Inverse Direction: 
1 0 0
0 0 -1
0 -1 0

  PixelContainer: 
    ImportImageContainer (0x3fea5f0)
      RTTI typeinfo:   itk::ImportImageContainer<unsigned long, float>
      Reference Count: 1
      Modified Time: 2358
      Debug: Off
      Object Name: 
      Observers: 
        none
      Pointer: 0x7f430f69b010
      Container manages memory: true
      Size: 18153472
      Capacity: 18153472

     Weighting = 1
     Sampling strategy = none
     Number of bins = 32
     Radius = 4
     Sampling percentage  = 1
   Transform = SyN
     Gradient step = 0.1
     Update field sigma (voxel space) = 3
     Total field sigma (voxel space) = 0
     Update field time sigma = 0
     Total field time sigma  = 0
     Number of time indices = 0
     Number of time point samples = 0
Registration using 3 total stages.

Stage 0
  iterations = 1000x500x250x0
  convergence threshold = 1e-06
  convergence window size = 10
  number of levels = 4
  using the Mattes MI metric (number of bins = 32, weight = 1)
  preprocessing:  winsorizing the image intensities
  Shrink factors (level 1 out of 4): [12, 12, 12]
  Shrink factors (level 2 out of 4): [8, 8, 8]
  Shrink factors (level 3 out of 4): [4, 4, 4]
  Shrink factors (level 4 out of 4): [2, 2, 2]
  smoothing sigmas per level: [4, 3, 2, 1]
  regular sampling (percentage = 0.25)

*** Running Euler3DTransform registration ***

DIAGNOSTIC,Iteration,metricValue,convergenceValue,ITERATION_TIME_INDEX,SINCE_LAST
 2DIAGNOSTIC,     1, -6.131640672684e-01, inf, 1.8163e+01, 1.8163e+01, 
 2DIAGNOSTIC,     2, -6.135070919991e-01, inf, 1.8173e+01, 1.0398e-02, 
 2DIAGNOSTIC,     3, -6.149566173553e-01, inf, 1.8182e+01, 8.8160e-03, 
 2DIAGNOSTIC,     4, -6.160963177681e-01, inf, 1.8194e+01, 1.1811e-02, 
 2DIAGNOSTIC,     5, -6.159261465073e-01, inf, 1.8206e+01, 1.1725e-02, 
 2DIAGNOSTIC,     6, -6.160595417023e-01, inf, 1.8214e+01, 8.6811e-03, 
 2DIAGNOSTIC,     7, -6.157117486000e-01, inf, 1.8223e+01, 8.7271e-03, 
 2DIAGNOSTIC,     8, -6.163060665131e-01, inf, 1.8232e+01, 8.7039e-03, 
 2DIAGNOSTIC,     9, -6.167914271355e-01, inf, 1.8241e+01, 8.7292e-03, 
 2DIAGNOSTIC,    10, -6.175804138184e-01, 3.760077524930e-04, 1.8250e+01, 9.5489e-03, 
 2DIAGNOSTIC,    11, -6.185764670372e-01, 3.372178762220e-04, 1.8260e+01, 9.4330e-03, 
 2DIAGNOSTIC,    12, -6.205839514732e-01, 3.637274494395e-04, 1.8275e+01, 1.5523e-02, 
 2DIAGNOSTIC,    13, -6.210033893585e-01, 4.171100736130e-04, 1.8286e+01, 1.0873e-02, 
 2DIAGNOSTIC,    14, -6.210830807686e-01, 4.658145480789e-04, 1.8295e+01, 9.3648e-03, 
 2DIAGNOSTIC,    15, -6.224716901779e-01, 5.035727517679e-04, 1.8306e+01, 1.0901e-02, 
 2DIAGNOSTIC,    16, -6.230150461197e-01, 5.090667982586e-04, 1.8317e+01, 1.0937e-02, 
 2DIAGNOSTIC,    17, -6.240735650063e-01, 4.854814324062e-04, 1.8328e+01, 1.0958e-02, 
 2DIAGNOSTIC,    18, -6.264129877090e-01, 4.945847322233e-04, 1.8339e+01, 1.0861e-02, 
 2DIAGNOSTIC,    19, -6.266720890999e-01, 4.743070458062e-04, 1.8348e+01, 9.3429e-03, 
 2DIAGNOSTIC,    20, -6.267854571342e-01, 4.332294920459e-04, 1.8359e+01, 1.0801e-02, 
 2DIAGNOSTIC,    21, -6.272243857384e-01, 3.865593171213e-04, 1.8370e+01, 1.0858e-02, 
 2DIAGNOSTIC,    22, -6.273521780968e-01, 3.522335027810e-04, 1.8379e+01, 9.3250e-03, 
 2DIAGNOSTIC,    23, -6.279841661453e-01, 3.087017394137e-04, 1.8389e+01, 9.3739e-03, 
 2DIAGNOSTIC,    24, -6.287634968758e-01, 2.556789258961e-04, 1.8400e+01, 1.0894e-02, 
 2DIAGNOSTIC,    25, -6.296024322510e-01, 2.241741894977e-04, 1.8412e+01, 1.2368e-02, 
 2DIAGNOSTIC,    26, -6.295066475868e-01, 1.818613236537e-04, 1.8421e+01, 9.3250e-03, 
 2DIAGNOSTIC,    27, -6.297929286957e-01, 1.477584446548e-04, 1.8431e+01, 9.3501e-03, 
 2DIAGNOSTIC,    28, -6.304907202721e-01, 1.517181226518e-04, 1.8442e+01, 1.0927e-02, 
 2DIAGNOSTIC,    29, -6.315699815750e-01, 1.617395755602e-04, 1.8456e+01, 1.4167e-02, 
 2DIAGNOSTIC,    30, -6.325333118439e-01, 1.717380218906e-04, 1.8465e+01, 9.3949e-03, 
 2DIAGNOSTIC,    31, -6.324499249458e-01, 1.703274901956e-04, 1.8474e+01, 9.3460e-03, 
 2DIAGNOSTIC,    32, -6.326544284821e-01, 1.581250689924e-04, 1.8484e+01, 9.3880e-03, 
 2DIAGNOSTIC,    33, -6.337395310402e-01, 1.551800669404e-04, 1.8499e+01, 1.5513e-02, 
 2DIAGNOSTIC,    34, -6.337146162987e-01, 1.468817499699e-04, 1.8510e+01, 1.0815e-02, 
 2DIAGNOSTIC,    35, -6.337852478027e-01, 1.372275291942e-04, 1.8520e+01, 9.3708e-03, 
 2DIAGNOSTIC,    36, -6.335362195969e-01, 1.111846795538e-04, 1.8529e+01, 9.2840e-03, 
 2DIAGNOSTIC,    37, -6.335868835449e-01, 8.033125050133e-05, 1.8541e+01, 1.2323e-02, 
 2DIAGNOSTIC,    38, -6.338949799538e-01, 5.508192771231e-05, 1.8552e+01, 1.0784e-02, 
 2DIAGNOSTIC,    39, -6.340650320053e-01, 4.005682058050e-05, 1.8564e+01, 1.2374e-02, 
 2DIAGNOSTIC,    40, -6.345763206482e-01, 3.905565245077e-05, 1.8574e+01, 9.3179e-03, 
 2DIAGNOSTIC,    41, -6.345949172974e-01, 3.377062239451e-05, 1.8583e+01, 9.3238e-03, 
 2DIAGNOSTIC,    42, -6.346041560173e-01, 2.765512363112e-05, 1.8592e+01, 9.2869e-03, 
 2DIAGNOSTIC,    43, -6.346166133881e-01, 3.084449781454e-05, 1.8603e+01, 1.0802e-02, 
 2DIAGNOSTIC,    44, -6.348537802696e-01, 3.309566454845e-05, 1.8618e+01, 1.5243e-02, 
 2DIAGNOSTIC,    45, -6.346299648285e-01, 3.057654612348e-05, 1.8628e+01, 9.3269e-03, 
 2DIAGNOSTIC,    46, -6.346322298050e-01, 2.299937295902e-05, 1.8638e+01, 1.0769e-02, 
 2DIAGNOSTIC,    47, -6.346334218979e-01, 1.413775044057e-05, 1.8648e+01, 9.3079e-03, 
 2DIAGNOSTIC,    48, -6.346378922462e-01, 7.283354079846e-06, 1.8661e+01, 1.3771e-02, 
 2DIAGNOSTIC,    49, -6.346381306648e-01, 1.491122930020e-06, 1.8672e+01, 1.0801e-02, 
DIAGNOSTIC,Iteration,metricValue,convergenceValue,ITERATION_TIME_INDEX,SINCE_LAST
 2DIAGNOSTIC,     1, -5.168957114220e-01, inf, 3.2479e+01, 1.3806e+01, 
 2DIAGNOSTIC,     2, -5.172965526581e-01, inf, 3.2540e+01, 6.1735e-02, 
 2DIAGNOSTIC,     3, -5.173425078392e-01, inf, 3.2594e+01, 5.3159e-02, 
 2DIAGNOSTIC,     4, -5.173381567001e-01, inf, 3.2639e+01, 4.5112e-02, 
 2DIAGNOSTIC,     5, -5.172995924950e-01, inf, 3.2692e+01, 5.3531e-02, 
 2DIAGNOSTIC,     6, -5.173670053482e-01, inf, 3.2755e+01, 6.3179e-02, 
 2DIAGNOSTIC,     7, -5.173346400261e-01, inf, 3.2800e+01, 4.4936e-02, 
 2DIAGNOSTIC,     8, -5.172560214996e-01, inf, 3.2845e+01, 4.4766e-02, 
 2DIAGNOSTIC,     9, -5.173345208168e-01, inf, 3.2898e+01, 5.3243e-02, 
 2DIAGNOSTIC,    10, -5.174199938774e-01, 3.099334207946e-05, 3.2952e+01, 5.4036e-02, 
 2DIAGNOSTIC,    11, -5.173418521881e-01, 7.124994226615e-06, 3.3007e+01, 5.4283e-02, 
 2DIAGNOSTIC,    12, -5.173373818398e-01, 5.146596322447e-06, 3.3052e+01, 4.5753e-02, 
 2DIAGNOSTIC,    13, -5.173701643944e-01, 6.680093974865e-06, 3.3098e+01, 4.5723e-02, 
 2DIAGNOSTIC,    14, -5.174808502197e-01, 1.169528604805e-05, 3.3154e+01, 5.5600e-02, 
 2DIAGNOSTIC,    15, -5.175395607948e-01, 1.562999568705e-05, 3.3208e+01, 5.4439e-02, 
 2DIAGNOSTIC,    16, -5.173975229263e-01, 1.535667433927e-05, 3.3279e+01, 7.0895e-02, 
 2DIAGNOSTIC,    17, -5.173822045326e-01, 1.271278961212e-05, 3.3333e+01, 5.3824e-02, 
 2DIAGNOSTIC,    18, -5.173462629318e-01, 5.749921911047e-06, 3.3378e+01, 4.5493e-02, 
DIAGNOSTIC,Iteration,metricValue,convergenceValue,ITERATION_TIME_INDEX,SINCE_LAST
 2DIAGNOSTIC,     1, -4.414519667625e-01, inf, 4.1904e+01, 8.5253e+00, 
 2DIAGNOSTIC,     2, -4.419890642166e-01, inf, 4.2351e+01, 4.4701e-01, 
 2DIAGNOSTIC,     3, -4.421554803848e-01, inf, 4.2797e+01, 4.4608e-01, 
 2DIAGNOSTIC,     4, -4.421422779560e-01, inf, 4.3168e+01, 3.7096e-01, 
 2DIAGNOSTIC,     5, -4.421639740467e-01, inf, 4.3540e+01, 3.7187e-01, 
 2DIAGNOSTIC,     6, -4.422146081924e-01, inf, 4.3910e+01, 3.7057e-01, 
 2DIAGNOSTIC,     7, -4.423228204250e-01, inf, 4.4280e+01, 3.7005e-01, 
 2DIAGNOSTIC,     8, -4.424411058426e-01, inf, 4.4652e+01, 3.7188e-01, 
 2DIAGNOSTIC,     9, -4.427025914192e-01, inf, 4.5027e+01, 3.7445e-01, 
 2DIAGNOSTIC,    10, -4.430092275143e-01, 1.621521660127e-04, 4.5857e+01, 8.3031e-01, 
 2DIAGNOSTIC,    11, -4.431104958057e-01, 1.435412414139e-04, 4.6304e+01, 4.4686e-01, 
 2DIAGNOSTIC,    12, -4.431452155113e-01, 1.459336053813e-04, 4.6753e+01, 4.4906e-01, 
 2DIAGNOSTIC,    13, -4.431304037571e-01, 1.426767557859e-04, 4.7201e+01, 4.4859e-01, 
 2DIAGNOSTIC,    14, -4.431502819061e-01, 1.273755333386e-04, 4.7649e+01, 4.4717e-01, 
 2DIAGNOSTIC,    15, -4.431380331516e-01, 1.028908081935e-04, 4.8249e+01, 6.0096e-01, 
 2DIAGNOSTIC,    16, -4.431404769421e-01, 7.435871521011e-05, 4.8698e+01, 4.4839e-01, 
 2DIAGNOSTIC,    17, -4.431353211403e-01, 4.656755481847e-05, 4.9148e+01, 4.4964e-01, 
 2DIAGNOSTIC,    18, -4.431301951408e-01, 2.169960134779e-05, 4.9519e+01, 3.7118e-01, 
 2DIAGNOSTIC,    19, -4.431267082691e-01, 6.082849267841e-06, 4.9970e+01, 4.5118e-01, 
 2DIAGNOSTIC,    20, -4.431283175945e-01, 1.429366875527e-06, 5.0416e+01, 4.4605e-01, 
DIAGNOSTIC,Iteration,metricValue,convergenceValue,ITERATION_TIME_INDEX,SINCE_LAST
 2DIAGNOSTIC,     1, -3.793852329254e-01, inf, 5.9227e+01, 8.8108e+00, 
  Elapsed time (stage 0): 6.1003e+01


Stage 1
  iterations = 1000x500x250x0
  convergence threshold = 1.0000e-06
  convergence window size = 10
  number of levels = 4
  using the Mattes MI metric (number of bins = 32, weight = 1.0000e+00)
  preprocessing:  winsorizing the image intensities
  Shrink factors (level 1 out of 4): [12, 12, 12]
  Shrink factors (level 2 out of 4): [8, 8, 8]
  Shrink factors (level 3 out of 4): [4, 4, 4]
  Shrink factors (level 4 out of 4): [2, 2, 2]
  smoothing sigmas per level: [4, 3, 2, 1]
  regular sampling (percentage = 2.5000e-01)

*** Running AffineTransform registration ***

DIAGNOSTIC,Iteration,metricValue,convergenceValue,ITERATION_TIME_INDEX,SINCE_LAST
 2DIAGNOSTIC,     1, -5.979640483856e-01, inf, 1.8104e+01, 1.8104e+01, 
 2DIAGNOSTIC,     2, -5.981200337410e-01, inf, 1.8116e+01, 1.1986e-02, 
 2DIAGNOSTIC,     3, -5.987964272499e-01, inf, 1.8128e+01, 1.1730e-02, 
 2DIAGNOSTIC,     4, -5.998312830925e-01, inf, 1.8139e+01, 1.1758e-02, 
 2DIAGNOSTIC,     5, -6.013119816780e-01, inf, 1.8151e+01, 1.1713e-02, 
 2DIAGNOSTIC,     6, -6.031237244606e-01, inf, 1.8163e+01, 1.1784e-02, 
 2DIAGNOSTIC,     7, -6.058340072632e-01, inf, 1.8175e+01, 1.1821e-02, 
 2DIAGNOSTIC,     8, -6.119966506958e-01, inf, 1.8192e+01, 1.7179e-02, 
 2DIAGNOSTIC,     9, -6.122261285782e-01, inf, 1.8216e+01, 2.3682e-02, 
 2DIAGNOSTIC,    10, -6.118325591087e-01, 1.817393582314e-03, 1.8228e+01, 1.2710e-02, 
 2DIAGNOSTIC,    11, -6.122668981552e-01, 1.697641680948e-03, 1.8241e+01, 1.2494e-02, 
 2DIAGNOSTIC,    12, -6.129351854324e-01, 1.475565717556e-03, 1.8253e+01, 1.2439e-02, 
 2DIAGNOSTIC,    13, -6.142153739929e-01, 1.221313606948e-03, 1.8266e+01, 1.2356e-02, 
 2DIAGNOSTIC,    14, -6.152533888817e-01, 9.616779861972e-04, 1.8278e+01, 1.2404e-02, 
 2DIAGNOSTIC,    15, -6.162692308426e-01, 7.299566641450e-04, 1.8290e+01, 1.2179e-02, 
 2DIAGNOSTIC,    16, -6.166391968727e-01, 5.245220963843e-04, 1.8304e+01, 1.4147e-02, 
 2DIAGNOSTIC,    17, -6.163113117218e-01, 3.560442710295e-04, 1.8316e+01, 1.2071e-02, 
 2DIAGNOSTIC,    18, -6.163568496704e-01, 3.347389574628e-04, 1.8329e+01, 1.2459e-02, 
 2DIAGNOSTIC,    19, -6.169995665550e-01, 3.063119074795e-04, 1.8343e+01, 1.3953e-02, 
 2DIAGNOSTIC,    20, -6.172075867653e-01, 2.474652428646e-04, 1.8358e+01, 1.5591e-02, 
 2DIAGNOSTIC,    21, -6.167536377907e-01, 1.711228105705e-04, 1.8371e+01, 1.2168e-02, 
 2DIAGNOSTIC,    22, -6.166564226151e-01, 9.852484072326e-05, 1.8386e+01, 1.5779e-02, 
 2DIAGNOSTIC,    23, -6.169246435165e-01, 5.429692464531e-05, 1.8399e+01, 1.2194e-02, 
 2DIAGNOSTIC,    24, -6.170299053192e-01, 2.986874096678e-05, 1.8411e+01, 1.2511e-02, 
 2DIAGNOSTIC,    25, -6.171722412109e-01, 2.591670272523e-05, 1.8425e+01, 1.4037e-02, 
 2DIAGNOSTIC,    26, -6.172589659691e-01, 2.864300222427e-05, 1.8441e+01, 1.5644e-02, 
 2DIAGNOSTIC,    27, -6.173061728477e-01, 2.398011565674e-05, 1.8453e+01, 1.2151e-02, 
 2DIAGNOSTIC,    28, -6.175120472908e-01, 2.124551429006e-05, 1.8469e+01, 1.5715e-02, 
 2DIAGNOSTIC,    29, -6.177482604980e-01, 3.055234992644e-05, 1.8481e+01, 1.2170e-02, 
 2DIAGNOSTIC,    30, -6.175245046616e-01, 3.635534812929e-05, 1.8493e+01, 1.2460e-02, 
 2DIAGNOSTIC,    31, -6.175994873047e-01, 3.304007623228e-05, 1.8505e+01, 1.2203e-02, 
 2DIAGNOSTIC,    32, -6.179443597794e-01, 3.039034345420e-05, 1.8518e+01, 1.2527e-02, 
 2DIAGNOSTIC,    33, -6.180676817894e-01, 3.037940768991e-05, 1.8535e+01, 1.6947e-02, 
 2DIAGNOSTIC,    34, -6.180981993675e-01, 2.937060708064e-05, 1.8548e+01, 1.2643e-02, 
 2DIAGNOSTIC,    35, -6.181469559669e-01, 2.838653199433e-05, 1.8561e+01, 1.3738e-02, 
 2DIAGNOSTIC,    36, -6.182745099068e-01, 2.765892531897e-05, 1.8575e+01, 1.4117e-02, 
 2DIAGNOSTIC,    37, -6.184356212616e-01, 2.683433740458e-05, 1.8589e+01, 1.3715e-02, 
 2DIAGNOSTIC,    38, -6.182591915131e-01, 2.376919655944e-05, 1.8603e+01, 1.4075e-02, 
 2DIAGNOSTIC,    39, -6.172962784767e-01, 1.029576651490e-05, 1.8619e+01, 1.5463e-02, 
DIAGNOSTIC,Iteration,metricValue,convergenceValue,ITERATION_TIME_INDEX,SINCE_LAST
 2DIAGNOSTIC,     1, -5.302318334579e-01, inf, 3.2386e+01, 1.3768e+01, 
 2DIAGNOSTIC,     2, -5.313939452171e-01, inf, 3.2444e+01, 5.7203e-02, 
 2DIAGNOSTIC,     3, -5.324559807777e-01, inf, 3.2510e+01, 6.6490e-02, 
 2DIAGNOSTIC,     4, -5.332972407341e-01, inf, 3.2567e+01, 5.7410e-02, 
 2DIAGNOSTIC,     5, -5.338861346245e-01, inf, 3.2625e+01, 5.7284e-02, 
 2DIAGNOSTIC,     6, -5.350702404976e-01, inf, 3.2681e+01, 5.6461e-02, 
 2DIAGNOSTIC,     7, -5.363958477974e-01, inf, 3.2747e+01, 6.5852e-02, 
 2DIAGNOSTIC,     8, -5.411097407341e-01, inf, 3.2841e+01, 9.4102e-02, 
 2DIAGNOSTIC,     9, -5.415083169937e-01, inf, 3.2934e+01, 9.2847e-02, 
 2DIAGNOSTIC,    10, -5.415324568748e-01, 1.481042592786e-03, 3.3000e+01, 6.6067e-02, 
 2DIAGNOSTIC,    11, -5.417623519897e-01, 1.335324486718e-03, 3.3057e+01, 5.7358e-02, 
 2DIAGNOSTIC,    12, -5.420132875443e-01, 1.154636731371e-03, 3.3115e+01, 5.7493e-02, 
 2DIAGNOSTIC,    13, -5.423577427864e-01, 9.516968857497e-04, 3.3172e+01, 5.7092e-02, 
 2DIAGNOSTIC,    14, -5.426576137543e-01, 7.345938356593e-04, 3.3229e+01, 5.6932e-02, 
 2DIAGNOSTIC,    15, -5.429887771606e-01, 5.142354639247e-04, 3.3295e+01, 6.5991e-02, 
 2DIAGNOSTIC,    16, -5.430903434753e-01, 3.178257902618e-04, 3.3351e+01, 5.6063e-02, 
 2DIAGNOSTIC,    17, -5.436320900917e-01, 1.695718237897e-04, 3.3408e+01, 5.7355e-02, 
 2DIAGNOSTIC,    18, -5.446149706841e-01, 1.886592945084e-04, 3.3474e+01, 6.5925e-02, 
 2DIAGNOSTIC,    19, -5.448058843613e-01, 2.041672269115e-04, 3.3558e+01, 8.3514e-02, 
 2DIAGNOSTIC,    20, -5.451651811600e-01, 2.096642274410e-04, 3.3624e+01, 6.6152e-02, 
 2DIAGNOSTIC,    21, -5.451061129570e-01, 1.996669743676e-04, 3.3690e+01, 6.6312e-02, 
 2DIAGNOSTIC,    22, -5.451195836067e-01, 1.783021725714e-04, 3.3755e+01, 6.5071e-02, 
 2DIAGNOSTIC,    23, -5.450747609138e-01, 1.487263944000e-04, 3.3821e+01, 6.5999e-02, 
 2DIAGNOSTIC,    24, -5.450833439827e-01, 1.144314010162e-04, 3.3878e+01, 5.6920e-02, 
 2DIAGNOSTIC,    25, -5.450294017792e-01, 7.837988960091e-05, 3.3935e+01, 5.7153e-02, 
 2DIAGNOSTIC,    26, -5.450444221497e-01, 4.022971188533e-05, 3.3991e+01, 5.5887e-02, 
 2DIAGNOSTIC,    27, -5.450687408447e-01, 1.186511144624e-05, 3.4057e+01, 6.5662e-02, 
 2DIAGNOSTIC,    28, -5.450984835625e-01, 3.477355676296e-06, 3.4113e+01, 5.5585e-02, 
DIAGNOSTIC,Iteration,metricValue,convergenceValue,ITERATION_TIME_INDEX,SINCE_LAST
 2DIAGNOSTIC,     1, -4.565429687500e-01, inf, 4.2756e+01, 8.6430e+00, 
 2DIAGNOSTIC,     2, -4.569775760174e-01, inf, 4.3211e+01, 4.5550e-01, 
 2DIAGNOSTIC,     3, -4.571327269077e-01, inf, 4.3661e+01, 4.5023e-01, 
 2DIAGNOSTIC,     4, -4.573496580124e-01, inf, 4.4118e+01, 4.5702e-01, 
 2DIAGNOSTIC,     5, -4.576698243618e-01, inf, 4.4649e+01, 5.3089e-01, 
 2DIAGNOSTIC,     6, -4.577466547489e-01, inf, 4.5104e+01, 4.5480e-01, 
 2DIAGNOSTIC,     7, -4.579921066761e-01, inf, 4.5945e+01, 8.4062e-01, 
 2DIAGNOSTIC,     8, -4.579806327820e-01, inf, 4.6472e+01, 5.2758e-01, 
 2DIAGNOSTIC,     9, -4.579697251320e-01, inf, 4.6995e+01, 5.2296e-01, 
 2DIAGNOSTIC,    10, -4.579640626907e-01, 2.016967628151e-04, 4.7447e+01, 4.5140e-01, 
 2DIAGNOSTIC,    11, -4.579610824585e-01, 1.345043419860e-04, 4.7904e+01, 4.5782e-01, 
 2DIAGNOSTIC,    12, -4.579929113388e-01, 9.080038580578e-05, 4.8437e+01, 5.3218e-01, 
 2DIAGNOSTIC,    13, -4.580041766167e-01, 5.368149504648e-05, 4.8973e+01, 5.3656e-01, 
 2DIAGNOSTIC,    14, -4.579891264439e-01, 2.599407707748e-05, 4.9507e+01, 5.3381e-01, 
 2DIAGNOSTIC,    15, -4.580050110817e-01, 1.382182927046e-05, 4.9966e+01, 4.5931e-01, 
 2DIAGNOSTIC,    16, -4.580326676369e-01, 5.849358785781e-06, 5.0500e+01, 5.3414e-01, 
 2DIAGNOSTIC,    17, -4.580390155315e-01, 7.609231943206e-06, 5.1041e+01, 5.4040e-01, 
 2DIAGNOSTIC,    18, -4.580574631691e-01, 8.896179679141e-06, 5.1495e+01, 4.5428e-01, 
 2DIAGNOSTIC,    19, -4.580856263638e-01, 9.976915862353e-06, 5.2032e+01, 5.3686e-01, 
 2DIAGNOSTIC,    20, -4.580955207348e-01, 1.030503972288e-05, 5.2566e+01, 5.3367e-01, 
 2DIAGNOSTIC,    21, -4.581083953381e-01, 1.004673322313e-05, 5.3338e+01, 7.7235e-01, 
 2DIAGNOSTIC,    22, -4.581108093262e-01, 9.972774932976e-06, 5.3875e+01, 5.3722e-01, 
 2DIAGNOSTIC,    23, -4.580981731415e-01, 9.094355846173e-06, 5.4333e+01, 4.5778e-01, 
 2DIAGNOSTIC,    24, -4.581003487110e-01, 7.233413271024e-06, 5.4791e+01, 4.5851e-01, 
 2DIAGNOSTIC,    25, -4.581094384193e-01, 5.564197635977e-06, 5.5248e+01, 4.5658e-01, 
 2DIAGNOSTIC,    26, -4.581141769886e-01, 4.388438810565e-06, 5.5782e+01, 5.3373e-01, 
 2DIAGNOSTIC,    27, -4.581349194050e-01, 3.623170186984e-06, 5.6238e+01, 4.5655e-01, 
 2DIAGNOSTIC,    28, -4.581386148930e-01, 3.158050958518e-06, 5.6774e+01, 5.3554e-01, 
 2DIAGNOSTIC,    29, -4.581570029259e-01, 3.532799155437e-06, 5.7232e+01, 4.5853e-01, 
 2DIAGNOSTIC,    30, -4.581806063652e-01, 4.327341230237e-06, 5.7921e+01, 6.8853e-01, 
 2DIAGNOSTIC,    31, -4.581542909145e-01, 4.476871708903e-06, 5.8379e+01, 4.5838e-01, 
 2DIAGNOSTIC,    32, -4.582161009312e-01, 5.564664661506e-06, 5.9071e+01, 6.9152e-01, 
 2DIAGNOSTIC,    33, -4.582051038742e-01, 5.674984095094e-06, 5.9531e+01, 4.5987e-01, 
 2DIAGNOSTIC,    34, -4.582008123398e-01, 5.299415533955e-06, 5.9986e+01, 4.5546e-01, 
 2DIAGNOSTIC,    35, -4.582191705704e-01, 5.031682121626e-06, 6.0523e+01, 5.3713e-01, 
 2DIAGNOSTIC,    36, -4.582309424877e-01, 4.656192231778e-06, 6.1059e+01, 5.3549e-01, 
 2DIAGNOSTIC,    37, -4.582358300686e-01, 4.362076651887e-06, 6.1598e+01, 5.3885e-01, 
 2DIAGNOSTIC,    38, -4.582414329052e-01, 3.895229383488e-06, 6.2211e+01, 6.1316e-01, 
 2DIAGNOSTIC,    39, -4.582372009754e-01, 3.388561253814e-06, 6.2746e+01, 5.3487e-01, 
 2DIAGNOSTIC,    40, -4.582325220108e-01, 2.974927838295e-06, 6.3199e+01, 4.5383e-01, 
 2DIAGNOSTIC,    41, -4.582349359989e-01, 1.980159822779e-06, 6.3656e+01, 4.5680e-01, 
 2DIAGNOSTIC,    42, -4.582461714745e-01, 2.000361973842e-06, 6.4190e+01, 5.3348e-01, 
 2DIAGNOSTIC,    43, -4.582627713680e-01, 1.982780759135e-06, 6.4726e+01, 5.3662e-01, 
 2DIAGNOSTIC,    44, -4.582504928112e-01, 1.605959823792e-06, 6.5262e+01, 5.3572e-01, 
 2DIAGNOSTIC,    45, -4.582384824753e-01, 1.257749204342e-06, 6.5719e+01, 4.5693e-01, 
DIAGNOSTIC,Iteration,metricValue,convergenceValue,ITERATION_TIME_INDEX,SINCE_LAST
 2DIAGNOSTIC,     1, -3.925476670265e-01, inf, 7.4454e+01, 8.7348e+00, 
  Elapsed time (stage 1): 7.6198e+01


Stage 2
  iterations = 100x100x70x50x0
  convergence threshold = 1.0000e-06
  convergence window size = 10
  number of levels = 5
  using the Mattes MI metric (number of bins = 32, weight = 1.0000e+00)
  preprocessing:  winsorizing the image intensities
  Shrink factors (level 1 out of 5): [10, 10, 10]
  Shrink factors (level 2 out of 5): [6, 6, 6]
  Shrink factors (level 3 out of 5): [4, 4, 4]
  Shrink factors (level 4 out of 5): [2, 2, 2]
  Shrink factors (level 5 out of 5): [1, 1, 1]
  smoothing sigmas per level: [5, 3, 2, 1, 0]
  Using default NONE metricSamplingStrategy 

*** Running SyN registration (varianceForUpdateField = 3.0000e+00, varianceForTotalField = 0.0000e+00) ***

XXDIAGNOSTIC,Iteration,metricValue,convergenceValue,ITERATION_TIME_INDEX,SINCE_LAST
 1DIAGNOSTIC,     1, -5.237398147583e-01, inf, 3.1025e+01, 3.1025e+01, 
 1DIAGNOSTIC,     2, -5.404410362244e-01, inf, 3.1180e+01, 1.5520e-01, 
 1DIAGNOSTIC,     3, -5.535531640053e-01, inf, 3.1330e+01, 1.4945e-01, 
 1DIAGNOSTIC,     4, -5.574583411217e-01, inf, 3.1476e+01, 1.4623e-01, 
 1DIAGNOSTIC,     5, -5.586483478546e-01, inf, 3.1622e+01, 1.4602e-01, 
 1DIAGNOSTIC,     6, -5.570362806320e-01, inf, 3.1768e+01, 1.4584e-01, 
 1DIAGNOSTIC,     7, -5.520016551018e-01, inf, 3.1914e+01, 1.4566e-01, 
 1DIAGNOSTIC,     8, -5.521594285965e-01, inf, 3.2059e+01, 1.4571e-01, 
 1DIAGNOSTIC,     9, -5.474075675011e-01, inf, 3.2205e+01, 1.4608e-01, 
 1DIAGNOSTIC,    10, -5.476053953171e-01, 1.357417902909e-03, 3.2352e+01, 1.4671e-01, 
 1DIAGNOSTIC,    11, -5.449959039688e-01, -5.414761835709e-04, 3.2499e+01, 1.4714e-01, 
XXDIAGNOSTIC,Iteration,metricValue,convergenceValue,ITERATION_TIME_INDEX,SINCE_LAST
 1DIAGNOSTIC,     1, -4.318526983261e-01, inf, 4.6530e+01, 1.4031e+01, 
 1DIAGNOSTIC,     2, -4.346110820770e-01, inf, 4.7104e+01, 5.7316e-01, 
 1DIAGNOSTIC,     3, -4.356120824814e-01, inf, 4.7678e+01, 5.7418e-01, 
 1DIAGNOSTIC,     4, -4.360855221748e-01, inf, 4.8252e+01, 5.7457e-01, 
 1DIAGNOSTIC,     5, -4.359347820282e-01, inf, 4.8826e+01, 5.7333e-01, 
 1DIAGNOSTIC,     6, -4.352430105209e-01, inf, 4.9401e+01, 5.7530e-01, 
 1DIAGNOSTIC,     7, -4.342952370644e-01, inf, 4.9977e+01, 5.7619e-01, 
 1DIAGNOSTIC,     8, -4.331848621368e-01, inf, 5.0553e+01, 5.7612e-01, 
 1DIAGNOSTIC,     9, -4.320675134659e-01, inf, 5.1129e+01, 5.7601e-01, 
 1DIAGNOSTIC,    10, -4.308263063431e-01, -3.833848750219e-04, 5.1706e+01, 5.7647e-01, 
XXDIAGNOSTIC,Iteration,metricValue,convergenceValue,ITERATION_TIME_INDEX,SINCE_LAST
 1DIAGNOSTIC,     1, -3.663979172707e-01, inf, 6.1658e+01, 9.9520e+00, 
 1DIAGNOSTIC,     2, -3.673024773598e-01, inf, 6.3451e+01, 1.7933e+00, 
 1DIAGNOSTIC,     3, -3.678764998913e-01, inf, 6.5301e+01, 1.8498e+00, 
 1DIAGNOSTIC,     4, -3.683179020882e-01, inf, 6.7089e+01, 1.7884e+00, 
 1DIAGNOSTIC,     5, -3.685672879219e-01, inf, 6.8882e+01, 1.7932e+00, 
 1DIAGNOSTIC,     6, -3.684698343277e-01, inf, 7.0671e+01, 1.7889e+00, 
 1DIAGNOSTIC,     7, -3.682845234871e-01, inf, 7.2515e+01, 1.8441e+00, 
 1DIAGNOSTIC,     8, -3.679793477058e-01, inf, 7.4305e+01, 1.7894e+00, 
 1DIAGNOSTIC,     9, -3.676401972771e-01, inf, 7.6145e+01, 1.8398e+00, 
 1DIAGNOSTIC,    10, -3.674218654633e-01, 1.082296585082e-04, 7.7944e+01, 1.7992e+00, 
 1DIAGNOSTIC,    11, -3.673259615898e-01, -7.821986946510e-05, 7.9789e+01, 1.8451e+00, 
XXDIAGNOSTIC,Iteration,metricValue,convergenceValue,ITERATION_TIME_INDEX,SINCE_LAST
 1DIAGNOSTIC,     1, -3.114681243896e-01, inf, 9.9456e+01, 1.9667e+01, 
 1DIAGNOSTIC,     2, -3.125349283218e-01, inf, 1.1236e+02, 1.2908e+01, 
 1DIAGNOSTIC,     3, -3.135317564011e-01, inf, 1.2524e+02, 1.2874e+01, 
 1DIAGNOSTIC,     4, -3.144276440144e-01, inf, 1.3810e+02, 1.2858e+01, 
 1DIAGNOSTIC,     5, -3.152417540550e-01, inf, 1.5095e+02, 1.2855e+01, 
 1DIAGNOSTIC,     6, -3.159313201904e-01, inf, 1.6381e+02, 1.2855e+01, 
 1DIAGNOSTIC,     7, -3.164915144444e-01, inf, 1.7670e+02, 1.2893e+01, 
 1DIAGNOSTIC,     8, -3.170232176781e-01, inf, 1.8960e+02, 1.2901e+01, 
 1DIAGNOSTIC,     9, -3.175232708454e-01, inf, 2.0293e+02, 1.3327e+01, 
 1DIAGNOSTIC,    10, -3.179751336575e-01, 1.300973002799e-03, 2.1627e+02, 1.3341e+01, 
 1DIAGNOSTIC,    11, -3.183504939079e-01, 1.050721039064e-03, 2.3009e+02, 1.3825e+01, 
 1DIAGNOSTIC,    12, -3.186902105808e-01, 8.528946782462e-04, 2.4387e+02, 1.3776e+01, 
 1DIAGNOSTIC,    13, -3.189625740051e-01, 6.957479054108e-04, 2.5770e+02, 1.3831e+01, 
 1DIAGNOSTIC,    14, -3.191884160042e-01, 5.692981067114e-04, 2.7151e+02, 1.3811e+01, 
 1DIAGNOSTIC,    15, -3.193899989128e-01, 4.681467835326e-04, 2.8533e+02, 1.3822e+01, 
 1DIAGNOSTIC,    16, -3.195975422859e-01, 3.868240746669e-04, 2.9920e+02, 1.3862e+01, 
 1DIAGNOSTIC,    17, -3.197642564774e-01, 3.175738384016e-04, 3.1301e+02, 1.3818e+01, 
 1DIAGNOSTIC,    18, -3.199059367180e-01, 2.600494481158e-04, 3.2680e+02, 1.3786e+01, 
 1DIAGNOSTIC,    19, -3.200168907642e-01, 2.131883957190e-04, 3.4060e+02, 1.3803e+01, 
 1DIAGNOSTIC,    20, -3.201747834682e-01, 1.784433407011e-04, 3.5439e+02, 1.3785e+01, 
 1DIAGNOSTIC,    21, -3.203048110008e-01, 1.517485361546e-04, 3.6824e+02, 1.3851e+01, 
 1DIAGNOSTIC,    22, -3.203651309013e-01, 1.295112160733e-04, 3.8210e+02, 1.3857e+01, 
 1DIAGNOSTIC,    23, -3.204201161861e-01, 1.099131186493e-04, 3.9590e+02, 1.3804e+01, 
 1DIAGNOSTIC,    24, -3.204524219036e-01, 9.132575360127e-05, 4.0986e+02, 1.3966e+01, 
 1DIAGNOSTIC,    25, -3.204684257507e-01, 7.340982847381e-05, 4.2369e+02, 1.3826e+01, 
 1DIAGNOSTIC,    26, -3.205188512802e-01, 5.884881102247e-05, 4.3754e+02, 1.3853e+01, 
 1DIAGNOSTIC,    27, -3.205741643906e-01, 4.720984361484e-05, 4.5139e+02, 1.3842e+01, 
 1DIAGNOSTIC,    28, -3.206186294556e-01, 3.796955206781e-05, 4.6522e+02, 1.3830e+01, 
 1DIAGNOSTIC,    29, -3.206762075424e-01, 3.100392132183e-05, 4.7901e+02, 1.3798e+01, 
 1DIAGNOSTIC,    30, -3.207616806030e-01, 2.883476554416e-05, 4.9282e+02, 1.3808e+01, 
 1DIAGNOSTIC,    31, -3.208713531494e-01, 3.100180401816e-05, 5.0667e+02, 1.3847e+01, 
 1DIAGNOSTIC,    32, -3.209546208382e-01, 3.410218414501e-05, 5.2048e+02, 1.3808e+01, 
 1DIAGNOSTIC,    33, -3.210616111755e-01, 3.823188308161e-05, 5.3430e+02, 1.3819e+01, 
 1DIAGNOSTIC,    34, -3.210848271847e-01, 4.001859633718e-05, 5.4817e+02, 1.3871e+01, 
 1DIAGNOSTIC,    35, -3.211234509945e-01, 3.937804285670e-05, 5.6204e+02, 1.3876e+01, 
 1DIAGNOSTIC,    36, -3.211635649204e-01, 3.731663309736e-05, 5.7585e+02, 1.3809e+01, 
 1DIAGNOSTIC,    37, -3.211898207664e-01, 3.382489740034e-05, 5.8965e+02, 1.3801e+01, 
 1DIAGNOSTIC,    38, -3.212316930294e-01, 2.938838406408e-05, 6.0347e+02, 1.3817e+01, 
 1DIAGNOSTIC,    39, -3.211877942085e-01, 2.275208680658e-05, 6.1727e+02, 1.3806e+01, 
 1DIAGNOSTIC,    40, -3.211640119553e-01, 1.575257556397e-05, 6.3112e+02, 1.3846e+01, 
 1DIAGNOSTIC,    41, -3.211613893509e-01, 9.977975423681e-06, 6.4491e+02, 1.3788e+01, 
 1DIAGNOSTIC,    42, -3.211690187454e-01, 5.447882813314e-06, 6.5875e+02, 1.3845e+01, 
 1DIAGNOSTIC,    43, -3.211177587509e-01, 1.819156750571e-06, 6.7254e+02, 1.3790e+01, 
 1DIAGNOSTIC,    44, -3.210803270340e-01, -1.993699697778e-06, 6.8632e+02, 1.3778e+01, 
  Elapsed time (stage 2): 710.3


Total elapsed time: 847.6

--- Writing output images ---

Using double precision for computations.
Input scalar image: data/Segmentations/1002_3_seg.nii.gz
Reference image: data/template/T_template0_BrainCerebellum.nii.gz
=============================================================================
The composite transform comprises the following transforms (in order): 
  1. /tmp/1971843.1.basic.q/1002_ToTemplate_016_0GenericAffine.mat (type = AffineTransform)
  2. /tmp/1971843.1.basic.q/1002_ToTemplate_016_1Warp.nii.gz (type = DisplacementFieldTransform)
=============================================================================
Default pixel value: 0
Interpolation type: LabelImageGenericInterpolateImageFunction
Output warped image: output/1002/1002_WarpedLabels_016.nii.gz

--- Done ---

