
--- Running on compute-1-11.local ---


--- registration call ---
/data/jet/pcook/bin/antsBuild/bin/antsRegistrationSyNQuick.sh -d 3 -f data/template/T_template0_BrainCerebellum.nii.gz -m data/Brains/1005_3.nii.gz -t s -p d -n 2 -o /tmp/1971256.1.basic.q/1005_ToTemplate_024_
---


--------------------------------------------------------------------------------------
 Mapping parameters
--------------------------------------------------------------------------------------
 ANTSPATH is /data/jet/pcook/bin/antsBuild/bin/

 Dimensionality:           3
 Output name prefix:       /tmp/1971256.1.basic.q/1005_ToTemplate_024_
 Fixed images:             data/template/T_template0_BrainCerebellum.nii.gz
 Moving images:            data/Brains/1005_3.nii.gz
 Mask images:              
 Initial transforms:       
 Number of threads:        2
 Spline distance:          26
 Transform type:           s
 MI histogram bins:        32
 Precision:                d
 Use histogram matching    0
======================================================================================
 antsRegistration call:
--------------------------------------------------------------------------------------
/data/jet/pcook/bin/antsBuild/bin//antsRegistration --verbose 1 --dimensionality 3 --float 0 --collapse-output-transforms 1 --output [/tmp/1971256.1.basic.q/1005_ToTemplate_024_,/tmp/1971256.1.basic.q/1005_ToTemplate_024_Warped.nii.gz,/tmp/1971256.1.basic.q/1005_ToTemplate_024_InverseWarped.nii.gz] --interpolation Linear --use-histogram-matching 0 --winsorize-image-intensities [0.005,0.995] --initial-moving-transform [data/template/T_template0_BrainCerebellum.nii.gz,data/Brains/1005_3.nii.gz,1] --transform Rigid[0.1] --metric MI[data/template/T_template0_BrainCerebellum.nii.gz,data/Brains/1005_3.nii.gz,1,32,Regular,0.25] --convergence [1000x500x250x0,1e-6,10] --shrink-factors 12x8x4x2 --smoothing-sigmas 4x3x2x1vox --transform Affine[0.1] --metric MI[data/template/T_template0_BrainCerebellum.nii.gz,data/Brains/1005_3.nii.gz,1,32,Regular,0.25] --convergence [1000x500x250x0,1e-6,10] --shrink-factors 12x8x4x2 --smoothing-sigmas 4x3x2x1vox --transform SyN[0.1,3,0] --metric MI[data/template/T_template0_BrainCerebellum.nii.gz,data/Brains/1005_3.nii.gz,1,32] --convergence [100x100x70x50x0,1e-6,10] --shrink-factors 10x6x4x2x1 --smoothing-sigmas 5x3x2x1x0vox
--------------------------------------------------------------------------------------
All_Command_lines_OK
Using double precision for computations.
=============================================================================
The composite transform comprises the following transforms (in order): 
  1. Center of mass alignment using fixed image: data/template/T_template0_BrainCerebellum.nii.gz and moving image: data/Brains/1005_3.nii.gz (type = Euler3DTransform)
=============================================================================
  number of levels = 4
  number of levels = 4
  number of levels = 5
  fixed image: data/template/T_template0_BrainCerebellum.nii.gz
  moving image: data/Brains/1005_3.nii.gz
  fixed image: data/template/T_template0_BrainCerebellum.nii.gz
  moving image: data/Brains/1005_3.nii.gz
  fixed image: data/template/T_template0_BrainCerebellum.nii.gz
  moving image: data/Brains/1005_3.nii.gz
Dimension = 3
Number of stages = 3
Use Histogram Matching false
Winsorize image intensities true
Lower quantile = 0.005
Upper quantile = 0.995
Stage 1 State
   Image metric = Mattes
     Fixed image = Image (0x3642f40)
  RTTI typeinfo:   itk::Image<double, 3u>
  Reference Count: 2
  Modified Time: 1611
  Debug: Off
  Object Name: 
  Observers: 
    none
  Source: (none)
  Source output name: (none)
  Release Data: Off
  Data Released: False
  Global Release Data: Off
  PipelineMTime: 0
  UpdateMTime: 1422
  RealTimeStamp: 0 seconds 
  LargestPossibleRegion: 
    Dimension: 3
    Index: [0, 0, 0]
    Size: [216, 256, 291]
  BufferedRegion: 
    Dimension: 3
    Index: [0, 0, 0]
    Size: [216, 256, 291]
  RequestedRegion: 
    Dimension: 3
    Index: [0, 0, 0]
    Size: [216, 256, 291]
  Spacing: [1, 1, 1]
  Origin: [0, 293, 0]
  Direction: 
1 0 0
0 -0 -1
0 -1 -0

  IndexToPointMatrix: 
1 0 0
0 0 -1
0 -1 0

  PointToIndexMatrix: 
1 0 0
0 0 -1
0 -1 0

  Inverse Direction: 
1 0 0
0 0 -1
0 -1 0

  PixelContainer: 
    ImportImageContainer (0x3646a40)
      RTTI typeinfo:   itk::ImportImageContainer<unsigned long, double>
      Reference Count: 1
      Modified Time: 1419
      Debug: Off
      Object Name: 
      Observers: 
        none
      Pointer: 0x7fd64d63c010
      Container manages memory: true
      Size: 16091136
      Capacity: 16091136

     Moving image = Image (0x3644fa0)
  RTTI typeinfo:   itk::Image<double, 3u>
  Reference Count: 2
  Modified Time: 1612
  Debug: Off
  Object Name: 
  Observers: 
    none
  Source: (none)
  Source output name: (none)
  Release Data: Off
  Data Released: False
  Global Release Data: Off
  PipelineMTime: 0
  UpdateMTime: 1609
  RealTimeStamp: 0 seconds 
  LargestPossibleRegion: 
    Dimension: 3
    Index: [0, 0, 0]
    Size: [256, 256, 284]
  BufferedRegion: 
    Dimension: 3
    Index: [0, 0, 0]
    Size: [256, 256, 284]
  RequestedRegion: 
    Dimension: 3
    Index: [0, 0, 0]
    Size: [256, 256, 284]
  Spacing: [1, 1, 1]
  Origin: [0, 283, 0]
  Direction: 
1 0 0
0 -0 -1
0 -1 -0

  IndexToPointMatrix: 
1 0 0
0 0 -1
0 -1 0

  PointToIndexMatrix: 
1 0 0
0 0 -1
0 -1 0

  Inverse Direction: 
1 0 0
0 0 -1
0 -1 0

  PixelContainer: 
    ImportImageContainer (0x3635f60)
      RTTI typeinfo:   itk::ImportImageContainer<unsigned long, double>
      Reference Count: 1
      Modified Time: 1606
      Debug: Off
      Object Name: 
      Observers: 
        none
      Pointer: 0x7fd64483b010
      Container manages memory: true
      Size: 18612224
      Capacity: 18612224

     Weighting = 1
     Sampling strategy = regular
     Number of bins = 32
     Radius = 4
     Sampling percentage  = 0.25
   Transform = Rigid
     Gradient step = 0.1
     Update field sigma (voxel space) = 0
     Total field sigma (voxel space) = 0
     Update field time sigma = 0
     Total field time sigma  = 0
     Number of time indices = 0
     Number of time point samples = 0
Stage 2 State
   Image metric = Mattes
     Fixed image = Image (0x3649950)
  RTTI typeinfo:   itk::Image<double, 3u>
  Reference Count: 2
  Modified Time: 1987
  Debug: Off
  Object Name: 
  Observers: 
    none
  Source: (none)
  Source output name: (none)
  Release Data: Off
  Data Released: False
  Global Release Data: Off
  PipelineMTime: 0
  UpdateMTime: 1798
  RealTimeStamp: 0 seconds 
  LargestPossibleRegion: 
    Dimension: 3
    Index: [0, 0, 0]
    Size: [216, 256, 291]
  BufferedRegion: 
    Dimension: 3
    Index: [0, 0, 0]
    Size: [216, 256, 291]
  RequestedRegion: 
    Dimension: 3
    Index: [0, 0, 0]
    Size: [216, 256, 291]
  Spacing: [1, 1, 1]
  Origin: [0, 293, 0]
  Direction: 
1 0 0
0 -0 -1
0 -1 -0

  IndexToPointMatrix: 
1 0 0
0 0 -1
0 -1 0

  PointToIndexMatrix: 
1 0 0
0 0 -1
0 -1 0

  Inverse Direction: 
1 0 0
0 0 -1
0 -1 0

  PixelContainer: 
    ImportImageContainer (0x3645bc0)
      RTTI typeinfo:   itk::ImportImageContainer<unsigned long, double>
      Reference Count: 1
      Modified Time: 1795
      Debug: Off
      Object Name: 
      Observers: 
        none
      Pointer: 0x7fd63cd76010
      Container manages memory: true
      Size: 16091136
      Capacity: 16091136

     Moving image = Image (0x36562d0)
  RTTI typeinfo:   itk::Image<double, 3u>
  Reference Count: 2
  Modified Time: 1988
  Debug: Off
  Object Name: 
  Observers: 
    none
  Source: (none)
  Source output name: (none)
  Release Data: Off
  Data Released: False
  Global Release Data: Off
  PipelineMTime: 0
  UpdateMTime: 1985
  RealTimeStamp: 0 seconds 
  LargestPossibleRegion: 
    Dimension: 3
    Index: [0, 0, 0]
    Size: [256, 256, 284]
  BufferedRegion: 
    Dimension: 3
    Index: [0, 0, 0]
    Size: [256, 256, 284]
  RequestedRegion: 
    Dimension: 3
    Index: [0, 0, 0]
    Size: [256, 256, 284]
  Spacing: [1, 1, 1]
  Origin: [0, 283, 0]
  Direction: 
1 0 0
0 -0 -1
0 -1 -0

  IndexToPointMatrix: 
1 0 0
0 0 -1
0 -1 0

  PointToIndexMatrix: 
1 0 0
0 0 -1
0 -1 0

  Inverse Direction: 
1 0 0
0 0 -1
0 -1 0

  PixelContainer: 
    ImportImageContainer (0x3655c50)
      RTTI typeinfo:   itk::ImportImageContainer<unsigned long, double>
      Reference Count: 1
      Modified Time: 1982
      Debug: Off
      Object Name: 
      Observers: 
        none
      Pointer: 0x7fd633f75010
      Container manages memory: true
      Size: 18612224
      Capacity: 18612224

     Weighting = 1
     Sampling strategy = regular
     Number of bins = 32
     Radius = 4
     Sampling percentage  = 0.25
   Transform = Affine
     Gradient step = 0.1
     Update field sigma (voxel space) = 0
     Total field sigma (voxel space) = 0
     Update field time sigma = 0
     Total field time sigma  = 0
     Number of time indices = 0
     Number of time point samples = 0
Stage 3 State
   Image metric = Mattes
     Fixed image = Image (0x365c170)
  RTTI typeinfo:   itk::Image<double, 3u>
  Reference Count: 2
  Modified Time: 2363
  Debug: Off
  Object Name: 
  Observers: 
    none
  Source: (none)
  Source output name: (none)
  Release Data: Off
  Data Released: False
  Global Release Data: Off
  PipelineMTime: 0
  UpdateMTime: 2174
  RealTimeStamp: 0 seconds 
  LargestPossibleRegion: 
    Dimension: 3
    Index: [0, 0, 0]
    Size: [216, 256, 291]
  BufferedRegion: 
    Dimension: 3
    Index: [0, 0, 0]
    Size: [216, 256, 291]
  RequestedRegion: 
    Dimension: 3
    Index: [0, 0, 0]
    Size: [216, 256, 291]
  Spacing: [1, 1, 1]
  Origin: [0, 293, 0]
  Direction: 
1 0 0
0 -0 -1
0 -1 -0

  IndexToPointMatrix: 
1 0 0
0 0 -1
0 -1 0

  PointToIndexMatrix: 
1 0 0
0 0 -1
0 -1 0

  Inverse Direction: 
1 0 0
0 0 -1
0 -1 0

  PixelContainer: 
    ImportImageContainer (0x36572d0)
      RTTI typeinfo:   itk::ImportImageContainer<unsigned long, double>
      Reference Count: 1
      Modified Time: 2171
      Debug: Off
      Object Name: 
      Observers: 
        none
      Pointer: 0x7fd62c4b0010
      Container manages memory: true
      Size: 16091136
      Capacity: 16091136

     Moving image = Image (0x365bbe0)
  RTTI typeinfo:   itk::Image<double, 3u>
  Reference Count: 2
  Modified Time: 2364
  Debug: Off
  Object Name: 
  Observers: 
    none
  Source: (none)
  Source output name: (none)
  Release Data: Off
  Data Released: False
  Global Release Data: Off
  PipelineMTime: 0
  UpdateMTime: 2361
  RealTimeStamp: 0 seconds 
  LargestPossibleRegion: 
    Dimension: 3
    Index: [0, 0, 0]
    Size: [256, 256, 284]
  BufferedRegion: 
    Dimension: 3
    Index: [0, 0, 0]
    Size: [256, 256, 284]
  RequestedRegion: 
    Dimension: 3
    Index: [0, 0, 0]
    Size: [256, 256, 284]
  Spacing: [1, 1, 1]
  Origin: [0, 283, 0]
  Direction: 
1 0 0
0 -0 -1
0 -1 -0

  IndexToPointMatrix: 
1 0 0
0 0 -1
0 -1 0

  PointToIndexMatrix: 
1 0 0
0 0 -1
0 -1 0

  Inverse Direction: 
1 0 0
0 0 -1
0 -1 0

  PixelContainer: 
    ImportImageContainer (0x365def0)
      RTTI typeinfo:   itk::ImportImageContainer<unsigned long, double>
      Reference Count: 1
      Modified Time: 2358
      Debug: Off
      Object Name: 
      Observers: 
        none
      Pointer: 0x7fd6236af010
      Container manages memory: true
      Size: 18612224
      Capacity: 18612224

     Weighting = 1
     Sampling strategy = none
     Number of bins = 32
     Radius = 4
     Sampling percentage  = 1
   Transform = SyN
     Gradient step = 0.1
     Update field sigma (voxel space) = 3
     Total field sigma (voxel space) = 0
     Update field time sigma = 0
     Total field time sigma  = 0
     Number of time indices = 0
     Number of time point samples = 0
Registration using 3 total stages.

Stage 0
  iterations = 1000x500x250x0
  convergence threshold = 1e-06
  convergence window size = 10
  number of levels = 4
  using the Mattes MI metric (number of bins = 32, weight = 1)
  preprocessing:  winsorizing the image intensities
  Shrink factors (level 1 out of 4): [12, 12, 12]
  Shrink factors (level 2 out of 4): [8, 8, 8]
  Shrink factors (level 3 out of 4): [4, 4, 4]
  Shrink factors (level 4 out of 4): [2, 2, 2]
  smoothing sigmas per level: [4, 3, 2, 1]
  regular sampling (percentage = 0.25)

*** Running Euler3DTransform registration ***

DIAGNOSTIC,Iteration,metricValue,convergenceValue,ITERATION_TIME_INDEX,SINCE_LAST
 2DIAGNOSTIC,     1, -4.644229933610e-01, 1.797693134862e+308, 2.1286e+01, 2.1286e+01, 
 2DIAGNOSTIC,     2, -4.651118399839e-01, 1.797693134862e+308, 2.1297e+01, 1.1035e-02, 
 2DIAGNOSTIC,     3, -4.655627050218e-01, 1.797693134862e+308, 2.1308e+01, 1.0723e-02, 
 2DIAGNOSTIC,     4, -4.656988706522e-01, 1.797693134862e+308, 2.1319e+01, 1.0625e-02, 
 2DIAGNOSTIC,     5, -4.664716348149e-01, 1.797693134862e+308, 2.1330e+01, 1.0837e-02, 
 2DIAGNOSTIC,     6, -4.692388452714e-01, 1.797693134862e+308, 2.1341e+01, 1.1021e-02, 
 2DIAGNOSTIC,     7, -4.705928107345e-01, 1.797693134862e+308, 2.1355e+01, 1.4170e-02, 
 2DIAGNOSTIC,     8, -4.711227726488e-01, 1.797693134862e+308, 2.1367e+01, 1.2293e-02, 
 2DIAGNOSTIC,     9, -4.718161099132e-01, 1.797693134862e+308, 2.1383e+01, 1.6368e-02, 
 2DIAGNOSTIC,    10, -4.723525332567e-01, 1.243362442253e-03, 2.1400e+01, 1.6320e-02, 
 2DIAGNOSTIC,    11, -4.724895934392e-01, 1.105548723979e-03, 2.1411e+01, 1.1347e-02, 
 2DIAGNOSTIC,    12, -4.731613693517e-01, 9.596668046956e-04, 2.1422e+01, 1.1263e-02, 
 2DIAGNOSTIC,    13, -4.735233963617e-01, 7.890505443326e-04, 2.1434e+01, 1.1261e-02, 
 2DIAGNOSTIC,    14, -4.737051315252e-01, 5.860938248285e-04, 2.1445e+01, 1.1256e-02, 
 2DIAGNOSTIC,    15, -4.734904311144e-01, 3.773845018968e-04, 2.1456e+01, 1.1157e-02, 
 2DIAGNOSTIC,    16, -4.735943193033e-01, 2.685089409124e-04, 2.1469e+01, 1.2760e-02, 
 2DIAGNOSTIC,    17, -4.737866510684e-01, 2.024693595167e-04, 2.1485e+01, 1.6122e-02, 
 2DIAGNOSTIC,    18, -4.741687172219e-01, 1.549431769966e-04, 2.1524e+01, 3.8943e-02, 
 2DIAGNOSTIC,    19, -4.741686883284e-01, 1.198754258410e-04, 2.1535e+01, 1.1167e-02, 
 2DIAGNOSTIC,    20, -4.741686965346e-01, 9.416107678588e-05, 2.1546e+01, 1.1096e-02, 
 2DIAGNOSTIC,    21, -4.741687104158e-01, 6.601790575087e-05, 2.1557e+01, 1.1063e-02, 
 2DIAGNOSTIC,    22, -4.741687338838e-01, 5.238694154938e-05, 2.1568e+01, 1.1053e-02, 
 2DIAGNOSTIC,    23, -4.741687735541e-01, 4.432825747525e-05, 2.1579e+01, 1.1025e-02, 
 2DIAGNOSTIC,    24, -4.741688405967e-01, 3.771629444715e-05, 2.1590e+01, 1.1025e-02, 
 2DIAGNOSTIC,    25, -4.741689538524e-01, 2.318169606983e-05, 2.1601e+01, 1.1001e-02, 
 2DIAGNOSTIC,    26, -4.741691450458e-01, 1.010241078656e-05, 2.1612e+01, 1.1021e-02, 
 2DIAGNOSTIC,    27, -4.741694674382e-01, 1.215306323452e-06, 2.1623e+01, 1.1042e-02, 
 2DIAGNOSTIC,    28, -4.741700100032e-01, 1.193564018995e-06, 2.1634e+01, 1.1018e-02, 
 2DIAGNOSTIC,    29, -4.741709201154e-01, 1.186517879233e-06, 2.1645e+01, 1.1001e-02, 
 2DIAGNOSTIC,    30, -4.741724383760e-01, 1.202264468071e-06, 2.1656e+01, 1.1005e-02, 
 2DIAGNOSTIC,    31, -4.741749479434e-01, 1.252485255045e-06, 2.1667e+01, 1.0992e-02, 
 2DIAGNOSTIC,    32, -4.741790331980e-01, 1.354971132059e-06, 2.1678e+01, 1.1003e-02, 
 2DIAGNOSTIC,    33, -4.741855161370e-01, 1.535021405652e-06, 2.1691e+01, 1.2506e-02, 
 2DIAGNOSTIC,    34, -4.741939116857e-01, 1.798369888693e-06, 2.1702e+01, 1.0980e-02, 
DIAGNOSTIC,Iteration,metricValue,convergenceValue,ITERATION_TIME_INDEX,SINCE_LAST
 2DIAGNOSTIC,     1, -4.196397648959e-01, 1.797693134862e+308, 3.7268e+01, 1.5566e+01, 
 2DIAGNOSTIC,     2, -4.202068847271e-01, 1.797693134862e+308, 3.7336e+01, 6.8599e-02, 
 2DIAGNOSTIC,     3, -4.207089196774e-01, 1.797693134862e+308, 3.7395e+01, 5.8144e-02, 
 2DIAGNOSTIC,     4, -4.218989359591e-01, 1.797693134862e+308, 3.7485e+01, 9.0275e-02, 
 2DIAGNOSTIC,     5, -4.218980958379e-01, 1.797693134862e+308, 3.7543e+01, 5.7980e-02, 
 2DIAGNOSTIC,     6, -4.219051637619e-01, 1.797693134862e+308, 3.7601e+01, 5.8059e-02, 
 2DIAGNOSTIC,     7, -4.220077371040e-01, 1.797693134862e+308, 3.7659e+01, 5.7946e-02, 
 2DIAGNOSTIC,     8, -4.221958331980e-01, 1.797693134862e+308, 3.7717e+01, 5.8176e-02, 
 2DIAGNOSTIC,     9, -4.224131407190e-01, 1.797693134862e+308, 3.7775e+01, 5.8106e-02, 
 2DIAGNOSTIC,    10, -4.226420029196e-01, 4.094322186824e-04, 3.7909e+01, 1.3380e-01, 
 2DIAGNOSTIC,    11, -4.226200536749e-01, 2.859187602594e-04, 3.7978e+01, 6.9311e-02, 
 2DIAGNOSTIC,    12, -4.225898740856e-01, 1.880650004326e-04, 3.8048e+01, 6.9280e-02, 
 2DIAGNOSTIC,    13, -4.225576942492e-01, 1.111440984889e-04, 3.8107e+01, 5.8983e-02, 
 2DIAGNOSTIC,    14, -4.224863136473e-01, 8.903682714125e-05, 3.8176e+01, 6.9556e-02, 
 2DIAGNOSTIC,    15, -4.224578716500e-01, 6.067675799254e-05, 3.8235e+01, 5.8650e-02, 
 2DIAGNOSTIC,    16, -4.224796470871e-01, 3.179243650744e-05, 3.8315e+01, 7.9967e-02, 
 2DIAGNOSTIC,    17, -4.224880808003e-01, 7.947245994129e-06, 3.8384e+01, 6.9366e-02, 
DIAGNOSTIC,Iteration,metricValue,convergenceValue,ITERATION_TIME_INDEX,SINCE_LAST
 2DIAGNOSTIC,     1, -3.559228421186e-01, 1.797693134862e+308, 4.7355e+01, 8.9712e+00, 
 2DIAGNOSTIC,     2, -3.562553905727e-01, 1.797693134862e+308, 4.7835e+01, 4.7968e-01, 
 2DIAGNOSTIC,     3, -3.565990924518e-01, 1.797693134862e+308, 4.8312e+01, 4.7744e-01, 
 2DIAGNOSTIC,     4, -3.567971729985e-01, 1.797693134862e+308, 4.8888e+01, 5.7514e-01, 
 2DIAGNOSTIC,     5, -3.568310561008e-01, 1.797693134862e+308, 4.9458e+01, 5.7084e-01, 
 2DIAGNOSTIC,     6, -3.568415751065e-01, 1.797693134862e+308, 5.0035e+01, 5.7659e-01, 
 2DIAGNOSTIC,     7, -3.568451630054e-01, 1.797693134862e+308, 5.0699e+01, 6.6392e-01, 
 2DIAGNOSTIC,     8, -3.568458547897e-01, 1.797693134862e+308, 5.1462e+01, 7.6323e-01, 
 2DIAGNOSTIC,     9, -3.568465791285e-01, 1.797693134862e+308, 5.2032e+01, 5.6953e-01, 
 2DIAGNOSTIC,    10, -3.568455356423e-01, 1.335916088604e-04, 5.2609e+01, 5.7687e-01, 
 2DIAGNOSTIC,    11, -3.568433486575e-01, 6.413444885348e-05, 5.3087e+01, 4.7896e-01, 
 2DIAGNOSTIC,    12, -3.568425991741e-01, 2.233673487559e-05, 5.3758e+01, 6.7028e-01, 
 2DIAGNOSTIC,    13, -3.568442022268e-01, 6.042602977610e-06, 5.4336e+01, 5.7779e-01, 
 2DIAGNOSTIC,    14, -3.568409818224e-01, 2.789596857955e-06, 5.4817e+01, 4.8096e-01, 
 2DIAGNOSTIC,    15, -3.568384728659e-01, 1.583119277115e-06, 5.5299e+01, 4.8218e-01, 
 2DIAGNOSTIC,    16, -3.568414219080e-01, 1.248475427665e-06, 5.5875e+01, 5.7621e-01, 
 2DIAGNOSTIC,    17, -3.568390881894e-01, 1.071691381249e-06, 5.6357e+01, 4.8161e-01, 
DIAGNOSTIC,Iteration,metricValue,convergenceValue,ITERATION_TIME_INDEX,SINCE_LAST
 2DIAGNOSTIC,     1, -3.086919827844e-01, 1.797693134862e+308, 6.6337e+01, 9.9805e+00, 
  Elapsed time (stage 0): 6.8316e+01


Stage 1
  iterations = 1000x500x250x0
  convergence threshold = 1.0000e-06
  convergence window size = 10
  number of levels = 4
  using the Mattes MI metric (number of bins = 32, weight = 1.0000e+00)
  preprocessing:  winsorizing the image intensities
  Shrink factors (level 1 out of 4): [12, 12, 12]
  Shrink factors (level 2 out of 4): [8, 8, 8]
  Shrink factors (level 3 out of 4): [4, 4, 4]
  Shrink factors (level 4 out of 4): [2, 2, 2]
  smoothing sigmas per level: [4, 3, 2, 1]
  regular sampling (percentage = 2.5000e-01)

*** Running AffineTransform registration ***

DIAGNOSTIC,Iteration,metricValue,convergenceValue,ITERATION_TIME_INDEX,SINCE_LAST
 2DIAGNOSTIC,     1, -4.706805878144e-01, 1.797693134862e+308, 2.1276e+01, 2.1276e+01, 
 2DIAGNOSTIC,     2, -4.715197231253e-01, 1.797693134862e+308, 2.1291e+01, 1.4758e-02, 
 2DIAGNOSTIC,     3, -4.728557346763e-01, 1.797693134862e+308, 2.1306e+01, 1.4534e-02, 
 2DIAGNOSTIC,     4, -4.750636294679e-01, 1.797693134862e+308, 2.1320e+01, 1.4571e-02, 
 2DIAGNOSTIC,     5, -4.780814041954e-01, 1.797693134862e+308, 2.1335e+01, 1.4536e-02, 
 2DIAGNOSTIC,     6, -4.823951598217e-01, 1.797693134862e+308, 2.1350e+01, 1.4880e-02, 
 2DIAGNOSTIC,     7, -4.892762554891e-01, 1.797693134862e+308, 2.1365e+01, 1.5089e-02, 
 2DIAGNOSTIC,     8, -4.963145695009e-01, 1.797693134862e+308, 2.1389e+01, 2.4062e-02, 
 2DIAGNOSTIC,     9, -4.983383219321e-01, 1.797693134862e+308, 2.1407e+01, 1.7895e-02, 
 2DIAGNOSTIC,    10, -4.999311594447e-01, 4.500402938310e-03, 2.1422e+01, 1.5016e-02, 
 2DIAGNOSTIC,    11, -5.028616403840e-01, 4.315348158844e-03, 2.1438e+01, 1.6611e-02, 
 2DIAGNOSTIC,    12, -5.033533186305e-01, 3.833665301256e-03, 2.1455e+01, 1.6556e-02, 
 2DIAGNOSTIC,    13, -5.033436722136e-01, 3.140093817204e-03, 2.1470e+01, 1.4915e-02, 
 2DIAGNOSTIC,    14, -5.038443378941e-01, 2.379096558771e-03, 2.1486e+01, 1.6625e-02, 
 2DIAGNOSTIC,    15, -5.046403835152e-01, 1.653971868349e-03, 2.1503e+01, 1.6881e-02, 
 2DIAGNOSTIC,    16, -5.051705670178e-01, 1.040387265382e-03, 2.1522e+01, 1.8364e-02, 
 2DIAGNOSTIC,    17, -5.051037567840e-01, 6.313739694082e-04, 2.1538e+01, 1.6275e-02, 
 2DIAGNOSTIC,    18, -5.057912046431e-01, 4.593155460222e-04, 2.1554e+01, 1.6542e-02, 
 2DIAGNOSTIC,    19, -5.063115930213e-01, 3.398262054940e-04, 2.1569e+01, 1.4677e-02, 
 2DIAGNOSTIC,    20, -5.064629887552e-01, 2.483990451739e-04, 2.1585e+01, 1.6279e-02, 
 2DIAGNOSTIC,    21, -5.067454330540e-01, 2.306995240044e-04, 2.1602e+01, 1.6249e-02, 
 2DIAGNOSTIC,    22, -5.066053220395e-01, 2.029201564032e-04, 2.1616e+01, 1.4560e-02, 
 2DIAGNOSTIC,    23, -5.064577597165e-01, 1.548757600988e-04, 2.1632e+01, 1.6155e-02, 
 2DIAGNOSTIC,    24, -5.064804990221e-01, 1.085052989441e-04, 2.1647e+01, 1.4389e-02, 
 2DIAGNOSTIC,    25, -5.063303999340e-01, 7.030911283483e-05, 2.1661e+01, 1.4396e-02, 
 2DIAGNOSTIC,    26, -5.063678386970e-01, 4.145984330674e-05, 2.1676e+01, 1.4542e-02, 
 2DIAGNOSTIC,    27, -5.064068897202e-01, 1.016778724362e-05, 2.1693e+01, 1.7806e-02, 
DIAGNOSTIC,Iteration,metricValue,convergenceValue,ITERATION_TIME_INDEX,SINCE_LAST
 2DIAGNOSTIC,     1, -4.462320726646e-01, 1.797693134862e+308, 3.6996e+01, 1.5303e+01, 
 2DIAGNOSTIC,     2, -4.468405858188e-01, 1.797693134862e+308, 3.7067e+01, 7.0344e-02, 
 2DIAGNOSTIC,     3, -4.472932050702e-01, 1.797693134862e+308, 3.7136e+01, 6.9685e-02, 
 2DIAGNOSTIC,     4, -4.478730367340e-01, 1.797693134862e+308, 3.7207e+01, 7.0309e-02, 
 2DIAGNOSTIC,     5, -4.487771847545e-01, 1.797693134862e+308, 3.7277e+01, 6.9797e-02, 
 2DIAGNOSTIC,     6, -4.507830235871e-01, 1.797693134862e+308, 3.7346e+01, 6.9915e-02, 
 2DIAGNOSTIC,     7, -4.521805758336e-01, 1.797693134862e+308, 3.7461e+01, 1.1486e-01, 
 2DIAGNOSTIC,     8, -4.528910574229e-01, 1.797693134862e+308, 3.7531e+01, 7.0166e-02, 
 2DIAGNOSTIC,     9, -4.531840408791e-01, 1.797693134862e+308, 3.7601e+01, 6.9472e-02, 
 2DIAGNOSTIC,    10, -4.539150137954e-01, 1.234599097863e-03, 3.7694e+01, 9.2630e-02, 
 2DIAGNOSTIC,    11, -4.540750169032e-01, 1.087152507231e-03, 3.7764e+01, 6.9960e-02, 
 2DIAGNOSTIC,    12, -4.545533079328e-01, 9.235043792464e-04, 3.7834e+01, 7.0192e-02, 
 2DIAGNOSTIC,    13, -4.565370681473e-01, 8.203885652355e-04, 3.7960e+01, 1.2633e-01, 
 2DIAGNOSTIC,    14, -4.566578367412e-01, 6.877295307979e-04, 3.8063e+01, 1.0299e-01, 
 2DIAGNOSTIC,    15, -4.566393152491e-01, 5.469258986874e-04, 3.8145e+01, 8.1522e-02, 
 2DIAGNOSTIC,    16, -4.566539165352e-01, 4.533505301766e-04, 3.8225e+01, 8.0945e-02, 
 2DIAGNOSTIC,    17, -4.566165623812e-01, 3.788910809756e-04, 3.8296e+01, 7.0170e-02, 
 2DIAGNOSTIC,    18, -4.565834332544e-01, 3.004865311501e-04, 3.8366e+01, 7.0065e-02, 
 2DIAGNOSTIC,    19, -4.566019782453e-01, 2.123658358477e-04, 3.8437e+01, 7.0876e-02, 
 2DIAGNOSTIC,    20, -4.566210324158e-01, 1.380781429247e-04, 3.8508e+01, 7.1230e-02, 
 2DIAGNOSTIC,    21, -4.566388221901e-01, 6.385466636006e-05, 3.8578e+01, 7.0429e-02, 
 2DIAGNOSTIC,    22, -4.566600871715e-01, 3.275531607082e-06, 3.8648e+01, 6.9624e-02, 
 2DIAGNOSTIC,    23, -4.566879372807e-01, 2.558388708974e-06, 3.8729e+01, 8.0997e-02, 
 2DIAGNOSTIC,    24, -4.566882382586e-01, 4.941625471773e-06, 3.8810e+01, 8.0711e-02, 
 2DIAGNOSTIC,    25, -4.567074870226e-01, 6.782597540340e-06, 3.8880e+01, 7.0750e-02, 
 2DIAGNOSTIC,    26, -4.568387782682e-01, 1.148724405289e-05, 3.8961e+01, 8.0772e-02, 
 2DIAGNOSTIC,    27, -4.569808194121e-01, 1.724276863302e-05, 3.9031e+01, 7.0165e-02, 
 2DIAGNOSTIC,    28, -4.570914095438e-01, 2.274043290041e-05, 3.9123e+01, 9.1663e-02, 
 2DIAGNOSTIC,    29, -4.571024445857e-01, 2.646672667196e-05, 3.9204e+01, 8.1048e-02, 
 2DIAGNOSTIC,    30, -4.571150100696e-01, 2.826121954269e-05, 3.9273e+01, 6.9434e-02, 
 2DIAGNOSTIC,    31, -4.570481511165e-01, 2.634517701874e-05, 3.9366e+01, 9.2317e-02, 
 2DIAGNOSTIC,    32, -4.571130983323e-01, 2.380572891791e-05, 3.9446e+01, 8.0246e-02, 
 2DIAGNOSTIC,    33, -4.570806834202e-01, 1.912382972199e-05, 3.9527e+01, 8.1126e-02, 
 2DIAGNOSTIC,    34, -4.570515880321e-01, 1.252716514196e-05, 3.9609e+01, 8.1659e-02, 
 2DIAGNOSTIC,    35, -4.570626222442e-01, 5.771670371371e-06, 3.9689e+01, 8.0721e-02, 
 2DIAGNOSTIC,    36, -4.570649183265e-01, 1.199701803872e-06, 3.9759e+01, 6.9317e-02, 
DIAGNOSTIC,Iteration,metricValue,convergenceValue,ITERATION_TIME_INDEX,SINCE_LAST
 2DIAGNOSTIC,     1, -3.816518732294e-01, 1.797693134862e+308, 4.8849e+01, 9.0903e+00, 
 2DIAGNOSTIC,     2, -3.817429573446e-01, 1.797693134862e+308, 4.9418e+01, 5.6931e-01, 
 2DIAGNOSTIC,     3, -3.818625322171e-01, 1.797693134862e+308, 4.9992e+01, 5.7376e-01, 
 2DIAGNOSTIC,     4, -3.820444117361e-01, 1.797693134862e+308, 5.0659e+01, 6.6716e-01, 
 2DIAGNOSTIC,     5, -3.821879326423e-01, 1.797693134862e+308, 5.1330e+01, 6.7028e-01, 
 2DIAGNOSTIC,     6, -3.822279417617e-01, 1.797693134862e+308, 5.2092e+01, 7.6205e-01, 
 2DIAGNOSTIC,     7, -3.822285083768e-01, 1.797693134862e+308, 5.2662e+01, 5.7027e-01, 
 2DIAGNOSTIC,     8, -3.822888803376e-01, 1.797693134862e+308, 5.3221e+01, 5.5951e-01, 
 2DIAGNOSTIC,     9, -3.825619418377e-01, 1.797693134862e+308, 5.4275e+01, 1.0533e+00, 
 2DIAGNOSTIC,    10, -3.825645682948e-01, 1.534203192434e-04, 5.4929e+01, 6.5458e-01, 
 2DIAGNOSTIC,    11, -3.825585435202e-01, 1.272537566389e-04, 5.5693e+01, 7.6378e-01, 
 2DIAGNOSTIC,    12, -3.825600193560e-01, 1.003711792781e-04, 5.6347e+01, 6.5339e-01, 
 2DIAGNOSTIC,    13, -3.825561391190e-01, 7.513948489100e-05, 5.6913e+01, 5.6697e-01, 
 2DIAGNOSTIC,    14, -3.825480430444e-01, 5.569450636206e-05, 5.7568e+01, 6.5409e-01, 
 2DIAGNOSTIC,    15, -3.825489829419e-01, 4.107809755265e-05, 5.8235e+01, 6.6750e-01, 
 2DIAGNOSTIC,    16, -3.825447621308e-01, 2.661602803973e-05, 5.8791e+01, 5.5546e-01, 
 2DIAGNOSTIC,    17, -3.825457123007e-01, 1.172637885172e-05, 5.9358e+01, 5.6753e-01, 
DIAGNOSTIC,Iteration,metricValue,convergenceValue,ITERATION_TIME_INDEX,SINCE_LAST
 2DIAGNOSTIC,     1, -3.308801180783e-01, 1.797693134862e+308, 6.9053e+01, 9.6944e+00, 
  Elapsed time (stage 1): 7.1037e+01


Stage 2
  iterations = 100x100x70x50x0
  convergence threshold = 1.0000e-06
  convergence window size = 10
  number of levels = 5
  using the Mattes MI metric (number of bins = 32, weight = 1.0000e+00)
  preprocessing:  winsorizing the image intensities
  Shrink factors (level 1 out of 5): [10, 10, 10]
  Shrink factors (level 2 out of 5): [6, 6, 6]
  Shrink factors (level 3 out of 5): [4, 4, 4]
  Shrink factors (level 4 out of 5): [2, 2, 2]
  Shrink factors (level 5 out of 5): [1, 1, 1]
  smoothing sigmas per level: [5, 3, 2, 1, 0]
  Using default NONE metricSamplingStrategy 

*** Running SyN registration (varianceForUpdateField = 3.0000e+00, varianceForTotalField = 0.0000e+00) ***

XXDIAGNOSTIC,Iteration,metricValue,convergenceValue,ITERATION_TIME_INDEX,SINCE_LAST
 1DIAGNOSTIC,     1, -5.084499537550e-01, 1.797693134862e+308, 3.4037e+01, 3.4037e+01, 
 1DIAGNOSTIC,     2, -5.248978456061e-01, 1.797693134862e+308, 3.4180e+01, 1.4284e-01, 
 1DIAGNOSTIC,     3, -5.334556755740e-01, 1.797693134862e+308, 3.4316e+01, 1.3578e-01, 
 1DIAGNOSTIC,     4, -5.362356041913e-01, 1.797693134862e+308, 3.4452e+01, 1.3596e-01, 
 1DIAGNOSTIC,     5, -5.352007191324e-01, 1.797693134862e+308, 3.4587e+01, 1.3586e-01, 
 1DIAGNOSTIC,     6, -5.323038577268e-01, 1.797693134862e+308, 3.4723e+01, 1.3579e-01, 
 1DIAGNOSTIC,     7, -5.307723823862e-01, 1.797693134862e+308, 3.4860e+01, 1.3625e-01, 
 1DIAGNOSTIC,     8, -5.282700539221e-01, 1.797693134862e+308, 3.4996e+01, 1.3655e-01, 
 1DIAGNOSTIC,     9, -5.252635762995e-01, 1.797693134862e+308, 3.5133e+01, 1.3664e-01, 
 1DIAGNOSTIC,    10, -5.229730999736e-01, 4.432817394189e-04, 3.5270e+01, 1.3691e-01, 
 1DIAGNOSTIC,    11, -5.198620403299e-01, -1.241533133693e-03, 3.5407e+01, 1.3752e-01, 
XXDIAGNOSTIC,Iteration,metricValue,convergenceValue,ITERATION_TIME_INDEX,SINCE_LAST
 1DIAGNOSTIC,     1, -4.160284960009e-01, 1.797693134862e+308, 5.1424e+01, 1.6017e+01, 
 1DIAGNOSTIC,     2, -4.175651981508e-01, 1.797693134862e+308, 5.1965e+01, 5.4130e-01, 
 1DIAGNOSTIC,     3, -4.178645559373e-01, 1.797693134862e+308, 5.2508e+01, 5.4272e-01, 
 1DIAGNOSTIC,     4, -4.180090017835e-01, 1.797693134862e+308, 5.3049e+01, 5.4118e-01, 
 1DIAGNOSTIC,     5, -4.173224479258e-01, 1.797693134862e+308, 5.3607e+01, 5.5806e-01, 
 1DIAGNOSTIC,     6, -4.163791499944e-01, 1.797693134862e+308, 5.4149e+01, 5.4190e-01, 
 1DIAGNOSTIC,     7, -4.154897071837e-01, 1.797693134862e+308, 5.4691e+01, 5.4144e-01, 
 1DIAGNOSTIC,     8, -4.145132153523e-01, 1.797693134862e+308, 5.5233e+01, 5.4283e-01, 
 1DIAGNOSTIC,     9, -4.134798379901e-01, 1.797693134862e+308, 5.5776e+01, 5.4235e-01, 
 1DIAGNOSTIC,    10, -4.125520800982e-01, -7.300507433027e-04, 5.6319e+01, 5.4339e-01, 
XXDIAGNOSTIC,Iteration,metricValue,convergenceValue,ITERATION_TIME_INDEX,SINCE_LAST
 1DIAGNOSTIC,     1, -3.540896623866e-01, 1.797693134862e+308, 6.6672e+01, 1.0353e+01, 
 1DIAGNOSTIC,     2, -3.550378989328e-01, 1.797693134862e+308, 6.8371e+01, 1.6988e+00, 
 1DIAGNOSTIC,     3, -3.557403558900e-01, 1.797693134862e+308, 7.0074e+01, 1.7030e+00, 
 1DIAGNOSTIC,     4, -3.560159732836e-01, 1.797693134862e+308, 7.1781e+01, 1.7074e+00, 
 1DIAGNOSTIC,     5, -3.563272678092e-01, 1.797693134862e+308, 7.3482e+01, 1.7011e+00, 
 1DIAGNOSTIC,     6, -3.564433512550e-01, 1.797693134862e+308, 7.5186e+01, 1.7037e+00, 
 1DIAGNOSTIC,     7, -3.562573198300e-01, 1.797693134862e+308, 7.6890e+01, 1.7044e+00, 
 1DIAGNOSTIC,     8, -3.563598999251e-01, 1.797693134862e+308, 7.8590e+01, 1.7001e+00, 
 1DIAGNOSTIC,     9, -3.561751922054e-01, 1.797693134862e+308, 8.0293e+01, 1.7023e+00, 
 1DIAGNOSTIC,    10, -3.560887006454e-01, 2.874647154014e-04, 8.2053e+01, 1.7597e+00, 
 1DIAGNOSTIC,    11, -3.558568349480e-01, 9.144042642194e-05, 8.3759e+01, 1.7062e+00, 
 1DIAGNOSTIC,    12, -3.555337828570e-01, -3.870076472198e-05, 8.5509e+01, 1.7505e+00, 
XXDIAGNOSTIC,Iteration,metricValue,convergenceValue,ITERATION_TIME_INDEX,SINCE_LAST
 1DIAGNOSTIC,     1, -3.025518394980e-01, 1.797693134862e+308, 1.0467e+02, 1.9162e+01, 
 1DIAGNOSTIC,     2, -3.034653527303e-01, 1.797693134862e+308, 1.1788e+02, 1.3207e+01, 
 1DIAGNOSTIC,     3, -3.044887793756e-01, 1.797693134862e+308, 1.3103e+02, 1.3153e+01, 
 1DIAGNOSTIC,     4, -3.054370214130e-01, 1.797693134862e+308, 1.4424e+02, 1.3205e+01, 
 1DIAGNOSTIC,     5, -3.062084077274e-01, 1.797693134862e+308, 1.5706e+02, 1.2825e+01, 
 1DIAGNOSTIC,     6, -3.067925746182e-01, 1.797693134862e+308, 1.6978e+02, 1.2715e+01, 
 1DIAGNOSTIC,     7, -3.073691696197e-01, 1.797693134862e+308, 1.8253e+02, 1.2752e+01, 
 1DIAGNOSTIC,     8, -3.080153471912e-01, 1.797693134862e+308, 1.9613e+02, 1.3606e+01, 
 1DIAGNOSTIC,     9, -3.085934621913e-01, 1.797693134862e+308, 2.0934e+02, 1.3204e+01, 
 1DIAGNOSTIC,    10, -3.090558177941e-01, 1.345207005191e-03, 2.2255e+02, 1.3211e+01, 
 1DIAGNOSTIC,    11, -3.095053481421e-01, 1.114350113194e-03, 2.3569e+02, 1.3139e+01, 
 1DIAGNOSTIC,    12, -3.099376059192e-01, 9.251827794192e-04, 2.4929e+02, 1.3600e+01, 
 1DIAGNOSTIC,    13, -3.103171309219e-01, 7.803500943322e-04, 2.6244e+02, 1.3152e+01, 
 1DIAGNOSTIC,    14, -3.106241804307e-01, 6.675087771638e-04, 2.7601e+02, 1.3574e+01, 
 1DIAGNOSTIC,    15, -3.109176919247e-01, 5.742511076796e-04, 2.8958e+02, 1.3567e+01, 
 1DIAGNOSTIC,    16, -3.111569784306e-01, 4.873392439264e-04, 3.0320e+02, 1.3617e+01, 
 1DIAGNOSTIC,    17, -3.113604474157e-01, 4.077441490408e-04, 3.1682e+02, 1.3620e+01, 
 1DIAGNOSTIC,    18, -3.115532125310e-01, 3.420210940408e-04, 3.3043e+02, 1.3614e+01, 
 1DIAGNOSTIC,    19, -3.117463145493e-01, 2.888067434513e-04, 3.4401e+02, 1.3582e+01, 
 1DIAGNOSTIC,    20, -3.119544406099e-01, 2.447893573454e-04, 3.5758e+02, 1.3563e+01, 
 1DIAGNOSTIC,    21, -3.121393752422e-01, 2.097704849783e-04, 3.7117e+02, 1.3596e+01, 
 1DIAGNOSTIC,    22, -3.123003953004e-01, 1.830477890926e-04, 3.8474e+02, 1.3571e+01, 
 1DIAGNOSTIC,    23, -3.124888009301e-01, 1.641926555578e-04, 3.9835e+02, 1.3611e+01, 
 1DIAGNOSTIC,    24, -3.126809032937e-01, 1.505020987074e-04, 4.1199e+02, 1.3640e+01, 
 1DIAGNOSTIC,    25, -3.127419241872e-01, 1.366967148715e-04, 4.2566e+02, 1.3670e+01, 
 1DIAGNOSTIC,    26, -3.127664008526e-01, 1.205070337868e-04, 4.3925e+02, 1.3589e+01, 
 1DIAGNOSTIC,    27, -3.127614906918e-01, 1.010242918355e-04, 4.5288e+02, 1.3631e+01, 
 1DIAGNOSTIC,    28, -3.127931285459e-01, 8.078693544462e-05, 4.6645e+02, 1.3567e+01, 
 1DIAGNOSTIC,    29, -3.128477324695e-01, 6.209001457872e-05, 4.8004e+02, 1.3593e+01, 
 1DIAGNOSTIC,    30, -3.129684523500e-01, 4.883493269744e-05, 4.9365e+02, 1.3607e+01, 
 1DIAGNOSTIC,    31, -3.130202781746e-01, 3.886206757101e-05, 5.0724e+02, 1.3591e+01, 
 1DIAGNOSTIC,    32, -3.131271592766e-01, 3.356834316724e-05, 5.2082e+02, 1.3580e+01, 
 1DIAGNOSTIC,    33, -3.131909231541e-01, 3.235703943562e-05, 5.3439e+02, 1.3565e+01, 
 1DIAGNOSTIC,    34, -3.132764918571e-01, 3.564548458496e-05, 5.4803e+02, 1.3646e+01, 
 1DIAGNOSTIC,    35, -3.133327457285e-01, 3.844723437226e-05, 5.6161e+02, 1.3575e+01, 
 1DIAGNOSTIC,    36, -3.133941316898e-01, 3.971053030411e-05, 5.7523e+02, 1.3625e+01, 
 1DIAGNOSTIC,    37, -3.134495062508e-01, 3.845442932333e-05, 5.8880e+02, 1.3566e+01, 
 1DIAGNOSTIC,    38, -3.134998305162e-01, 3.563549017232e-05, 6.0236e+02, 1.3563e+01, 
 1DIAGNOSTIC,    39, -3.135349603509e-01, 3.168720770479e-05, 6.1601e+02, 1.3645e+01, 
 1DIAGNOSTIC,    40, -3.135753565512e-01, 2.867519610152e-05, 6.2961e+02, 1.3606e+01, 
 1DIAGNOSTIC,    41, -3.135945146286e-01, 2.468444123410e-05, 6.4320e+02, 1.3585e+01, 
 1DIAGNOSTIC,    42, -3.136165906443e-01, 2.139452394231e-05, 6.5675e+02, 1.3547e+01, 
 1DIAGNOSTIC,    43, -3.135884465235e-01, 1.700915075152e-05, 6.7036e+02, 1.3615e+01, 
 1DIAGNOSTIC,    44, -3.136018518984e-01, 1.333579181427e-05, 6.8393e+02, 1.3570e+01, 
 1DIAGNOSTIC,    45, -3.136076585634e-01, 9.850594509989e-06, 6.9749e+02, 1.3556e+01, 
 1DIAGNOSTIC,    46, -3.135719877880e-01, 6.126168406572e-06, 7.1106e+02, 1.3575e+01, 
 1DIAGNOSTIC,    47, -3.135645133704e-01, 2.984398651814e-06, 7.2460e+02, 1.3537e+01, 
 1DIAGNOSTIC,    48, -3.135602051032e-01, 6.296635689101e-07, 7.3822e+02, 1.3622e+01, 
  Elapsed time (stage 2): 758.5


Total elapsed time: 897.9

--- Writing output images ---

Using double precision for computations.
Input scalar image: data/Segmentations/1005_3_seg.nii.gz
Reference image: data/template/T_template0_BrainCerebellum.nii.gz
=============================================================================
The composite transform comprises the following transforms (in order): 
  1. /tmp/1971256.1.basic.q/1005_ToTemplate_024_0GenericAffine.mat (type = AffineTransform)
  2. /tmp/1971256.1.basic.q/1005_ToTemplate_024_1Warp.nii.gz (type = DisplacementFieldTransform)
=============================================================================
Default pixel value: 0
Interpolation type: LabelImageGenericInterpolateImageFunction
Output warped image: output/1005/1005_WarpedLabels_024.nii.gz

--- Done ---

