
--- Running on compute-1-10.local ---


--- registration call ---
/data/jet/pcook/bin/antsBuild/bin/antsRegistrationSyNQuick.sh -d 3 -f data/template/T_template0_BrainCerebellum.nii.gz -m data/Brains/1005_3.nii.gz -t s -p d -n 1 -o /tmp/1970986.1.basic.q/1005_ToTemplate_004_
---


--------------------------------------------------------------------------------------
 Mapping parameters
--------------------------------------------------------------------------------------
 ANTSPATH is /data/jet/pcook/bin/antsBuild/bin/

 Dimensionality:           3
 Output name prefix:       /tmp/1970986.1.basic.q/1005_ToTemplate_004_
 Fixed images:             data/template/T_template0_BrainCerebellum.nii.gz
 Moving images:            data/Brains/1005_3.nii.gz
 Mask images:              
 Initial transforms:       
 Number of threads:        1
 Spline distance:          26
 Transform type:           s
 MI histogram bins:        32
 Precision:                d
 Use histogram matching    0
======================================================================================
 antsRegistration call:
--------------------------------------------------------------------------------------
/data/jet/pcook/bin/antsBuild/bin//antsRegistration --verbose 1 --dimensionality 3 --float 0 --collapse-output-transforms 1 --output [/tmp/1970986.1.basic.q/1005_ToTemplate_004_,/tmp/1970986.1.basic.q/1005_ToTemplate_004_Warped.nii.gz,/tmp/1970986.1.basic.q/1005_ToTemplate_004_InverseWarped.nii.gz] --interpolation Linear --use-histogram-matching 0 --winsorize-image-intensities [0.005,0.995] --initial-moving-transform [data/template/T_template0_BrainCerebellum.nii.gz,data/Brains/1005_3.nii.gz,1] --transform Rigid[0.1] --metric MI[data/template/T_template0_BrainCerebellum.nii.gz,data/Brains/1005_3.nii.gz,1,32,Regular,0.25] --convergence [1000x500x250x0,1e-6,10] --shrink-factors 12x8x4x2 --smoothing-sigmas 4x3x2x1vox --transform Affine[0.1] --metric MI[data/template/T_template0_BrainCerebellum.nii.gz,data/Brains/1005_3.nii.gz,1,32,Regular,0.25] --convergence [1000x500x250x0,1e-6,10] --shrink-factors 12x8x4x2 --smoothing-sigmas 4x3x2x1vox --transform SyN[0.1,3,0] --metric MI[data/template/T_template0_BrainCerebellum.nii.gz,data/Brains/1005_3.nii.gz,1,32] --convergence [100x100x70x50x0,1e-6,10] --shrink-factors 10x6x4x2x1 --smoothing-sigmas 5x3x2x1x0vox
--------------------------------------------------------------------------------------
All_Command_lines_OK
Using double precision for computations.
=============================================================================
The composite transform comprises the following transforms (in order): 
  1. Center of mass alignment using fixed image: data/template/T_template0_BrainCerebellum.nii.gz and moving image: data/Brains/1005_3.nii.gz (type = Euler3DTransform)
=============================================================================
  number of levels = 4
  number of levels = 4
  number of levels = 5
  fixed image: data/template/T_template0_BrainCerebellum.nii.gz
  moving image: data/Brains/1005_3.nii.gz
  fixed image: data/template/T_template0_BrainCerebellum.nii.gz
  moving image: data/Brains/1005_3.nii.gz
  fixed image: data/template/T_template0_BrainCerebellum.nii.gz
  moving image: data/Brains/1005_3.nii.gz
Dimension = 3
Number of stages = 3
Use Histogram Matching false
Winsorize image intensities true
Lower quantile = 0.005
Upper quantile = 0.995
Stage 1 State
   Image metric = Mattes
     Fixed image = Image (0x4bf0cd0)
  RTTI typeinfo:   itk::Image<double, 3u>
  Reference Count: 2
  Modified Time: 1611
  Debug: Off
  Object Name: 
  Observers: 
    none
  Source: (none)
  Source output name: (none)
  Release Data: Off
  Data Released: False
  Global Release Data: Off
  PipelineMTime: 0
  UpdateMTime: 1422
  RealTimeStamp: 0 seconds 
  LargestPossibleRegion: 
    Dimension: 3
    Index: [0, 0, 0]
    Size: [216, 256, 291]
  BufferedRegion: 
    Dimension: 3
    Index: [0, 0, 0]
    Size: [216, 256, 291]
  RequestedRegion: 
    Dimension: 3
    Index: [0, 0, 0]
    Size: [216, 256, 291]
  Spacing: [1, 1, 1]
  Origin: [0, 293, 0]
  Direction: 
1 0 0
0 -0 -1
0 -1 -0

  IndexToPointMatrix: 
1 0 0
0 0 -1
0 -1 0

  PointToIndexMatrix: 
1 0 0
0 0 -1
0 -1 0

  Inverse Direction: 
1 0 0
0 0 -1
0 -1 0

  PixelContainer: 
    ImportImageContainer (0x4bf47d0)
      RTTI typeinfo:   itk::ImportImageContainer<unsigned long, double>
      Reference Count: 1
      Modified Time: 1419
      Debug: Off
      Object Name: 
      Observers: 
        none
      Pointer: 0x7f7887155010
      Container manages memory: true
      Size: 16091136
      Capacity: 16091136

     Moving image = Image (0x4bf2d30)
  RTTI typeinfo:   itk::Image<double, 3u>
  Reference Count: 2
  Modified Time: 1612
  Debug: Off
  Object Name: 
  Observers: 
    none
  Source: (none)
  Source output name: (none)
  Release Data: Off
  Data Released: False
  Global Release Data: Off
  PipelineMTime: 0
  UpdateMTime: 1609
  RealTimeStamp: 0 seconds 
  LargestPossibleRegion: 
    Dimension: 3
    Index: [0, 0, 0]
    Size: [256, 256, 284]
  BufferedRegion: 
    Dimension: 3
    Index: [0, 0, 0]
    Size: [256, 256, 284]
  RequestedRegion: 
    Dimension: 3
    Index: [0, 0, 0]
    Size: [256, 256, 284]
  Spacing: [1, 1, 1]
  Origin: [0, 283, 0]
  Direction: 
1 0 0
0 -0 -1
0 -1 -0

  IndexToPointMatrix: 
1 0 0
0 0 -1
0 -1 0

  PointToIndexMatrix: 
1 0 0
0 0 -1
0 -1 0

  Inverse Direction: 
1 0 0
0 0 -1
0 -1 0

  PixelContainer: 
    ImportImageContainer (0x4be3f40)
      RTTI typeinfo:   itk::ImportImageContainer<unsigned long, double>
      Reference Count: 1
      Modified Time: 1606
      Debug: Off
      Object Name: 
      Observers: 
        none
      Pointer: 0x7f787e354010
      Container manages memory: true
      Size: 18612224
      Capacity: 18612224

     Weighting = 1
     Sampling strategy = regular
     Number of bins = 32
     Radius = 4
     Sampling percentage  = 0.25
   Transform = Rigid
     Gradient step = 0.1
     Update field sigma (voxel space) = 0
     Total field sigma (voxel space) = 0
     Update field time sigma = 0
     Total field time sigma  = 0
     Number of time indices = 0
     Number of time point samples = 0
Stage 2 State
   Image metric = Mattes
     Fixed image = Image (0x4bf76e0)
  RTTI typeinfo:   itk::Image<double, 3u>
  Reference Count: 2
  Modified Time: 1987
  Debug: Off
  Object Name: 
  Observers: 
    none
  Source: (none)
  Source output name: (none)
  Release Data: Off
  Data Released: False
  Global Release Data: Off
  PipelineMTime: 0
  UpdateMTime: 1798
  RealTimeStamp: 0 seconds 
  LargestPossibleRegion: 
    Dimension: 3
    Index: [0, 0, 0]
    Size: [216, 256, 291]
  BufferedRegion: 
    Dimension: 3
    Index: [0, 0, 0]
    Size: [216, 256, 291]
  RequestedRegion: 
    Dimension: 3
    Index: [0, 0, 0]
    Size: [216, 256, 291]
  Spacing: [1, 1, 1]
  Origin: [0, 293, 0]
  Direction: 
1 0 0
0 -0 -1
0 -1 -0

  IndexToPointMatrix: 
1 0 0
0 0 -1
0 -1 0

  PointToIndexMatrix: 
1 0 0
0 0 -1
0 -1 0

  Inverse Direction: 
1 0 0
0 0 -1
0 -1 0

  PixelContainer: 
    ImportImageContainer (0x4bf3950)
      RTTI typeinfo:   itk::ImportImageContainer<unsigned long, double>
      Reference Count: 1
      Modified Time: 1795
      Debug: Off
      Object Name: 
      Observers: 
        none
      Pointer: 0x7f787688f010
      Container manages memory: true
      Size: 16091136
      Capacity: 16091136

     Moving image = Image (0x4c04060)
  RTTI typeinfo:   itk::Image<double, 3u>
  Reference Count: 2
  Modified Time: 1988
  Debug: Off
  Object Name: 
  Observers: 
    none
  Source: (none)
  Source output name: (none)
  Release Data: Off
  Data Released: False
  Global Release Data: Off
  PipelineMTime: 0
  UpdateMTime: 1985
  RealTimeStamp: 0 seconds 
  LargestPossibleRegion: 
    Dimension: 3
    Index: [0, 0, 0]
    Size: [256, 256, 284]
  BufferedRegion: 
    Dimension: 3
    Index: [0, 0, 0]
    Size: [256, 256, 284]
  RequestedRegion: 
    Dimension: 3
    Index: [0, 0, 0]
    Size: [256, 256, 284]
  Spacing: [1, 1, 1]
  Origin: [0, 283, 0]
  Direction: 
1 0 0
0 -0 -1
0 -1 -0

  IndexToPointMatrix: 
1 0 0
0 0 -1
0 -1 0

  PointToIndexMatrix: 
1 0 0
0 0 -1
0 -1 0

  Inverse Direction: 
1 0 0
0 0 -1
0 -1 0

  PixelContainer: 
    ImportImageContainer (0x4c039e0)
      RTTI typeinfo:   itk::ImportImageContainer<unsigned long, double>
      Reference Count: 1
      Modified Time: 1982
      Debug: Off
      Object Name: 
      Observers: 
        none
      Pointer: 0x7f786da8e010
      Container manages memory: true
      Size: 18612224
      Capacity: 18612224

     Weighting = 1
     Sampling strategy = regular
     Number of bins = 32
     Radius = 4
     Sampling percentage  = 0.25
   Transform = Affine
     Gradient step = 0.1
     Update field sigma (voxel space) = 0
     Total field sigma (voxel space) = 0
     Update field time sigma = 0
     Total field time sigma  = 0
     Number of time indices = 0
     Number of time point samples = 0
Stage 3 State
   Image metric = Mattes
     Fixed image = Image (0x4c09980)
  RTTI typeinfo:   itk::Image<double, 3u>
  Reference Count: 2
  Modified Time: 2363
  Debug: Off
  Object Name: 
  Observers: 
    none
  Source: (none)
  Source output name: (none)
  Release Data: Off
  Data Released: False
  Global Release Data: Off
  PipelineMTime: 0
  UpdateMTime: 2174
  RealTimeStamp: 0 seconds 
  LargestPossibleRegion: 
    Dimension: 3
    Index: [0, 0, 0]
    Size: [216, 256, 291]
  BufferedRegion: 
    Dimension: 3
    Index: [0, 0, 0]
    Size: [216, 256, 291]
  RequestedRegion: 
    Dimension: 3
    Index: [0, 0, 0]
    Size: [216, 256, 291]
  Spacing: [1, 1, 1]
  Origin: [0, 293, 0]
  Direction: 
1 0 0
0 -0 -1
0 -1 -0

  IndexToPointMatrix: 
1 0 0
0 0 -1
0 -1 0

  PointToIndexMatrix: 
1 0 0
0 0 -1
0 -1 0

  Inverse Direction: 
1 0 0
0 0 -1
0 -1 0

  PixelContainer: 
    ImportImageContainer (0x4c02720)
      RTTI typeinfo:   itk::ImportImageContainer<unsigned long, double>
      Reference Count: 1
      Modified Time: 2171
      Debug: Off
      Object Name: 
      Observers: 
        none
      Pointer: 0x7f7865fc9010
      Container manages memory: true
      Size: 16091136
      Capacity: 16091136

     Moving image = Image (0x4c0c0f0)
  RTTI typeinfo:   itk::Image<double, 3u>
  Reference Count: 2
  Modified Time: 2364
  Debug: Off
  Object Name: 
  Observers: 
    none
  Source: (none)
  Source output name: (none)
  Release Data: Off
  Data Released: False
  Global Release Data: Off
  PipelineMTime: 0
  UpdateMTime: 2361
  RealTimeStamp: 0 seconds 
  LargestPossibleRegion: 
    Dimension: 3
    Index: [0, 0, 0]
    Size: [256, 256, 284]
  BufferedRegion: 
    Dimension: 3
    Index: [0, 0, 0]
    Size: [256, 256, 284]
  RequestedRegion: 
    Dimension: 3
    Index: [0, 0, 0]
    Size: [256, 256, 284]
  Spacing: [1, 1, 1]
  Origin: [0, 283, 0]
  Direction: 
1 0 0
0 -0 -1
0 -1 -0

  IndexToPointMatrix: 
1 0 0
0 0 -1
0 -1 0

  PointToIndexMatrix: 
1 0 0
0 0 -1
0 -1 0

  Inverse Direction: 
1 0 0
0 0 -1
0 -1 0

  PixelContainer: 
    ImportImageContainer (0x4c09c10)
      RTTI typeinfo:   itk::ImportImageContainer<unsigned long, double>
      Reference Count: 1
      Modified Time: 2358
      Debug: Off
      Object Name: 
      Observers: 
        none
      Pointer: 0x7f785d1c8010
      Container manages memory: true
      Size: 18612224
      Capacity: 18612224

     Weighting = 1
     Sampling strategy = none
     Number of bins = 32
     Radius = 4
     Sampling percentage  = 1
   Transform = SyN
     Gradient step = 0.1
     Update field sigma (voxel space) = 3
     Total field sigma (voxel space) = 0
     Update field time sigma = 0
     Total field time sigma  = 0
     Number of time indices = 0
     Number of time point samples = 0
Registration using 3 total stages.

Stage 0
  iterations = 1000x500x250x0
  convergence threshold = 1e-06
  convergence window size = 10
  number of levels = 4
  using the Mattes MI metric (number of bins = 32, weight = 1)
  preprocessing:  winsorizing the image intensities
  Shrink factors (level 1 out of 4): [12, 12, 12]
  Shrink factors (level 2 out of 4): [8, 8, 8]
  Shrink factors (level 3 out of 4): [4, 4, 4]
  Shrink factors (level 4 out of 4): [2, 2, 2]
  smoothing sigmas per level: [4, 3, 2, 1]
  regular sampling (percentage = 0.25)

*** Running Euler3DTransform registration ***

DIAGNOSTIC,Iteration,metricValue,convergenceValue,ITERATION_TIME_INDEX,SINCE_LAST
 2DIAGNOSTIC,     1, -4.736007175945e-01, 1.797693134862e+308, 2.3435e+01, 2.3435e+01, 
 2DIAGNOSTIC,     2, -4.738825219268e-01, 1.797693134862e+308, 2.3448e+01, 1.2820e-02, 
 2DIAGNOSTIC,     3, -4.740729994028e-01, 1.797693134862e+308, 2.3459e+01, 1.0835e-02, 
 2DIAGNOSTIC,     4, -4.741144850712e-01, 1.797693134862e+308, 2.3470e+01, 1.0991e-02, 
 2DIAGNOSTIC,     5, -4.745435851974e-01, 1.797693134862e+308, 2.3481e+01, 1.0871e-02, 
 2DIAGNOSTIC,     6, -4.752036633144e-01, 1.797693134862e+308, 2.3492e+01, 1.1066e-02, 
 2DIAGNOSTIC,     7, -4.775535724873e-01, 1.797693134862e+308, 2.3504e+01, 1.2475e-02, 
 2DIAGNOSTIC,     8, -4.778381707450e-01, 1.797693134862e+308, 2.3517e+01, 1.2579e-02, 
 2DIAGNOSTIC,     9, -4.793962812700e-01, 1.797693134862e+308, 2.3529e+01, 1.2551e-02, 
 2DIAGNOSTIC,    10, -4.796986604633e-01, 9.151005738705e-04, 2.3541e+01, 1.1601e-02, 
 2DIAGNOSTIC,    11, -4.798261020286e-01, 8.975060436510e-04, 2.3554e+01, 1.3264e-02, 
 2DIAGNOSTIC,    12, -4.808210058971e-01, 8.652049629340e-04, 2.3567e+01, 1.2502e-02, 
 2DIAGNOSTIC,    13, -4.827135904736e-01, 8.540623761002e-04, 2.3583e+01, 1.5924e-02, 
 2DIAGNOSTIC,    14, -4.862706794657e-01, 9.182492466488e-04, 2.3596e+01, 1.3336e-02, 
 2DIAGNOSTIC,    15, -4.866399989674e-01, 9.194086570856e-04, 2.3609e+01, 1.3329e-02, 
 2DIAGNOSTIC,    16, -4.863267539436e-01, 8.499465047010e-04, 2.3624e+01, 1.4986e-02, 
 2DIAGNOSTIC,    17, -4.865213414836e-01, 8.016926870331e-04, 2.3638e+01, 1.3454e-02, 
 2DIAGNOSTIC,    18, -4.865339183396e-01, 6.918248155240e-04, 2.3651e+01, 1.3391e-02, 
 2DIAGNOSTIC,    19, -4.865516377948e-01, 5.769287830423e-04, 2.3664e+01, 1.3196e-02, 
 2DIAGNOSTIC,    20, -4.865530655328e-01, 4.299356069831e-04, 2.3678e+01, 1.3127e-02, 
 2DIAGNOSTIC,    21, -4.865538594729e-01, 2.624164576149e-04, 2.3689e+01, 1.1656e-02, 
 2DIAGNOSTIC,    22, -4.865554920703e-01, 1.125287054798e-04, 2.3702e+01, 1.3084e-02, 
 2DIAGNOSTIC,    23, -4.865562521370e-01, 1.138665611342e-05, 2.3716e+01, 1.3229e-02, 
 2DIAGNOSTIC,    24, -4.865574403930e-01, 5.064235355477e-06, 2.3730e+01, 1.4865e-02, 
 2DIAGNOSTIC,    25, -4.865581356403e-01, 7.906581482121e-06, 2.3744e+01, 1.3288e-02, 
 2DIAGNOSTIC,    26, -4.865582006605e-01, 2.683812858284e-06, 2.3783e+01, 3.9022e-02, 
 2DIAGNOSTIC,    27, -4.865582006548e-01, 1.961694320540e-06, 2.3822e+01, 3.9079e-02, 
 2DIAGNOSTIC,    28, -4.865582006548e-01, 1.473241003858e-06, 2.3835e+01, 1.3078e-02, 
 2DIAGNOSTIC,    29, -4.865582006548e-01, 1.347350905435e-06, 2.3848e+01, 1.2895e-02, 
 2DIAGNOSTIC,    30, -4.865582006548e-01, 1.235052276380e-06, 2.3861e+01, 1.2916e-02, 
 2DIAGNOSTIC,    31, -4.865582006548e-01, 1.129037543783e-06, 2.3875e+01, 1.4350e-02, 
 2DIAGNOSTIC,    32, -4.865582006548e-01, 1.050852405961e-06, 2.3889e+01, 1.4273e-02, 
DIAGNOSTIC,Iteration,metricValue,convergenceValue,ITERATION_TIME_INDEX,SINCE_LAST
 2DIAGNOSTIC,     1, -4.151145416355e-01, 1.797693134862e+308, 4.1025e+01, 1.7136e+01, 
 2DIAGNOSTIC,     2, -4.154262836463e-01, 1.797693134862e+308, 4.1088e+01, 6.3203e-02, 
 2DIAGNOSTIC,     3, -4.156590701847e-01, 1.797693134862e+308, 4.1151e+01, 6.3243e-02, 
 2DIAGNOSTIC,     4, -4.159054159084e-01, 1.797693134862e+308, 4.1214e+01, 6.2383e-02, 
 2DIAGNOSTIC,     5, -4.161360991600e-01, 1.797693134862e+308, 4.1276e+01, 6.2615e-02, 
 2DIAGNOSTIC,     6, -4.170627683477e-01, 1.797693134862e+308, 4.1363e+01, 8.6923e-02, 
 2DIAGNOSTIC,     7, -4.178217606591e-01, 1.797693134862e+308, 4.1449e+01, 8.6094e-02, 
 2DIAGNOSTIC,     8, -4.178840489943e-01, 1.797693134862e+308, 4.1549e+01, 9.9497e-02, 
 2DIAGNOSTIC,     9, -4.178165374177e-01, 1.797693134862e+308, 4.1612e+01, 6.3209e-02, 
 2DIAGNOSTIC,    10, -4.179289414021e-01, 5.156003932508e-04, 4.1675e+01, 6.3414e-02, 
 2DIAGNOSTIC,    11, -4.179880189395e-01, 4.261597602224e-04, 4.1751e+01, 7.5185e-02, 
 2DIAGNOSTIC,    12, -4.179700934743e-01, 3.293993072974e-04, 4.1813e+01, 6.2595e-02, 
 2DIAGNOSTIC,    13, -4.180071493543e-01, 2.327477013433e-04, 4.1877e+01, 6.3826e-02, 
 2DIAGNOSTIC,    14, -4.180189593166e-01, 1.424199815863e-04, 4.1941e+01, 6.4390e-02, 
 2DIAGNOSTIC,    15, -4.181435298267e-01, 6.666701929522e-05, 4.2015e+01, 7.3565e-02, 
 2DIAGNOSTIC,    16, -4.183404915393e-01, 4.120854256362e-05, 4.2098e+01, 8.3352e-02, 
 2DIAGNOSTIC,    17, -4.183162327643e-01, 4.439023864017e-05, 4.2161e+01, 6.2244e-02, 
 2DIAGNOSTIC,    18, -4.183321288929e-01, 4.657958641516e-05, 4.2258e+01, 9.7343e-02, 
 2DIAGNOSTIC,    19, -4.183757352008e-01, 4.348802766042e-05, 4.2320e+01, 6.2394e-02, 
 2DIAGNOSTIC,    20, -4.184273731466e-01, 4.221357648258e-05, 4.2384e+01, 6.3990e-02, 
 2DIAGNOSTIC,    21, -4.185341128590e-01, 4.254702360996e-05, 4.2459e+01, 7.4920e-02, 
 2DIAGNOSTIC,    22, -4.185839198571e-01, 3.997491274494e-05, 4.2532e+01, 7.2714e-02, 
 2DIAGNOSTIC,    23, -4.186793039545e-01, 3.808167443761e-05, 4.2606e+01, 7.3837e-02, 
 2DIAGNOSTIC,    24, -4.188276280318e-01, 3.736285487921e-05, 4.2709e+01, 1.0337e-01, 
 2DIAGNOSTIC,    25, -4.187079743845e-01, 3.319688415732e-05, 4.2785e+01, 7.6065e-02, 
 2DIAGNOSTIC,    26, -4.187085447665e-01, 3.168097163158e-05, 4.2850e+01, 6.5118e-02, 
 2DIAGNOSTIC,    27, -4.187087404568e-01, 2.680978215615e-05, 4.2915e+01, 6.4670e-02, 
 2DIAGNOSTIC,    28, -4.187094148940e-01, 2.019519718122e-05, 4.2978e+01, 6.3363e-02, 
 2DIAGNOSTIC,    29, -4.187104558717e-01, 1.324320183792e-05, 4.3042e+01, 6.3694e-02, 
 2DIAGNOSTIC,    30, -4.187113595371e-01, 6.810793003430e-06, 4.3132e+01, 9.0335e-02, 
 2DIAGNOSTIC,    31, -4.187117556534e-01, 2.657184254316e-06, 4.3220e+01, 8.7682e-02, 
DIAGNOSTIC,Iteration,metricValue,convergenceValue,ITERATION_TIME_INDEX,SINCE_LAST
 2DIAGNOSTIC,     1, -3.569959393189e-01, 1.797693134862e+308, 5.3471e+01, 1.0250e+01, 
 2DIAGNOSTIC,     2, -3.570768103904e-01, 1.797693134862e+308, 5.4059e+01, 5.8809e-01, 
 2DIAGNOSTIC,     3, -3.570966697969e-01, 1.797693134862e+308, 5.4876e+01, 8.1705e-01, 
 2DIAGNOSTIC,     4, -3.570963622806e-01, 1.797693134862e+308, 5.5375e+01, 4.9914e-01, 
 2DIAGNOSTIC,     5, -3.570980571760e-01, 1.797693134862e+308, 5.5994e+01, 6.1943e-01, 
 2DIAGNOSTIC,     6, -3.570859754519e-01, 1.797693134862e+308, 5.6713e+01, 7.1833e-01, 
 2DIAGNOSTIC,     7, -3.570853134779e-01, 1.797693134862e+308, 5.7320e+01, 6.0782e-01, 
 2DIAGNOSTIC,     8, -3.570803707341e-01, 1.797693134862e+308, 5.7822e+01, 5.0159e-01, 
 2DIAGNOSTIC,     9, -3.570779102474e-01, 1.797693134862e+308, 5.8426e+01, 6.0368e-01, 
 2DIAGNOSTIC,    10, -3.570780684150e-01, 8.314013593885e-06, 5.9016e+01, 5.9000e-01, 
DIAGNOSTIC,Iteration,metricValue,convergenceValue,ITERATION_TIME_INDEX,SINCE_LAST
 2DIAGNOSTIC,     1, -3.087499528769e-01, 1.797693134862e+308, 7.1327e+01, 1.2311e+01, 
  Elapsed time (stage 0): 7.3225e+01


Stage 1
  iterations = 1000x500x250x0
  convergence threshold = 1.0000e-06
  convergence window size = 10
  number of levels = 4
  using the Mattes MI metric (number of bins = 32, weight = 1.0000e+00)
  preprocessing:  winsorizing the image intensities
  Shrink factors (level 1 out of 4): [12, 12, 12]
  Shrink factors (level 2 out of 4): [8, 8, 8]
  Shrink factors (level 3 out of 4): [4, 4, 4]
  Shrink factors (level 4 out of 4): [2, 2, 2]
  smoothing sigmas per level: [4, 3, 2, 1]
  regular sampling (percentage = 2.5000e-01)

*** Running AffineTransform registration ***

DIAGNOSTIC,Iteration,metricValue,convergenceValue,ITERATION_TIME_INDEX,SINCE_LAST
 2DIAGNOSTIC,     1, -4.878833156314e-01, 1.797693134862e+308, 2.3111e+01, 2.3111e+01, 
 2DIAGNOSTIC,     2, -4.885732017076e-01, 1.797693134862e+308, 2.3126e+01, 1.5256e-02, 
 2DIAGNOSTIC,     3, -4.897798792770e-01, 1.797693134862e+308, 2.3143e+01, 1.6831e-02, 
 2DIAGNOSTIC,     4, -4.914319514752e-01, 1.797693134862e+308, 2.3158e+01, 1.4756e-02, 
 2DIAGNOSTIC,     5, -4.939528381185e-01, 1.797693134862e+308, 2.3172e+01, 1.4422e-02, 
 2DIAGNOSTIC,     6, -4.977059314371e-01, 1.797693134862e+308, 2.3189e+01, 1.7212e-02, 
 2DIAGNOSTIC,     7, -5.014889054763e-01, 1.797693134862e+308, 2.3205e+01, 1.6022e-02, 
 2DIAGNOSTIC,     8, -5.095062437129e-01, 1.797693134862e+308, 2.3223e+01, 1.7225e-02, 
 2DIAGNOSTIC,     9, -5.116259551081e-01, 1.797693134862e+308, 2.3242e+01, 1.9153e-02, 
 2DIAGNOSTIC,    10, -5.123366413007e-01, 3.638754382781e-03, 2.3259e+01, 1.7605e-02, 
 2DIAGNOSTIC,    11, -5.128077052800e-01, 3.415468067778e-03, 2.3276e+01, 1.6646e-02, 
 2DIAGNOSTIC,    12, -5.133053821310e-01, 2.978424169114e-03, 2.3291e+01, 1.5117e-02, 
 2DIAGNOSTIC,    13, -5.139488116287e-01, 2.417551246465e-03, 2.3308e+01, 1.6521e-02, 
 2DIAGNOSTIC,    14, -5.142828145127e-01, 1.798163960904e-03, 2.3328e+01, 2.0748e-02, 
 2DIAGNOSTIC,    15, -5.143342267768e-01, 1.198217802002e-03, 2.3348e+01, 1.9806e-02, 
 2DIAGNOSTIC,    16, -5.149605683737e-01, 7.202892793173e-04, 2.3368e+01, 1.9568e-02, 
 2DIAGNOSTIC,    17, -5.150751164564e-01, 3.555323039273e-04, 2.3385e+01, 1.6898e-02, 
 2DIAGNOSTIC,    18, -5.151770621971e-01, 2.514071032138e-04, 2.3404e+01, 1.8802e-02, 
 2DIAGNOSTIC,    19, -5.154819097506e-01, 2.068260623566e-04, 2.3423e+01, 1.9610e-02, 
 2DIAGNOSTIC,    20, -5.172905174847e-01, 2.181868379581e-04, 2.3452e+01, 2.9129e-02, 
 2DIAGNOSTIC,    21, -5.172652019221e-01, 2.186221833527e-04, 2.3472e+01, 1.9670e-02, 
 2DIAGNOSTIC,    22, -5.173914740499e-01, 2.148815190434e-04, 2.3488e+01, 1.6137e-02, 
 2DIAGNOSTIC,    23, -5.173858300610e-01, 2.076096154296e-04, 2.3506e+01, 1.8401e-02, 
 2DIAGNOSTIC,    24, -5.173536250102e-01, 1.885984104069e-04, 2.3528e+01, 2.1552e-02, 
 2DIAGNOSTIC,    25, -5.175420212359e-01, 1.579463599592e-04, 2.3544e+01, 1.6294e-02, 
 2DIAGNOSTIC,    26, -5.177370611039e-01, 1.323929739609e-04, 2.3564e+01, 1.9897e-02, 
 2DIAGNOSTIC,    27, -5.177392364570e-01, 9.933440280355e-05, 2.3601e+01, 3.6839e-02, 
 2DIAGNOSTIC,    28, -5.177401860465e-01, 6.182612172106e-05, 2.3617e+01, 1.6151e-02, 
 2DIAGNOSTIC,    29, -5.177406084783e-01, 2.617895361928e-05, 2.3634e+01, 1.7199e-02, 
 2DIAGNOSTIC,    30, -5.177412950473e-01, 2.413947680206e-05, 2.3652e+01, 1.7499e-02, 
 2DIAGNOSTIC,    31, -5.177423484759e-01, 1.946791412392e-05, 2.3669e+01, 1.7278e-02, 
 2DIAGNOSTIC,    32, -5.177438758801e-01, 1.560539377551e-05, 2.3686e+01, 1.7109e-02, 
 2DIAGNOSTIC,    33, -5.177459384165e-01, 1.064242824317e-05, 2.3703e+01, 1.6857e-02, 
 2DIAGNOSTIC,    34, -5.177486342073e-01, 4.525368056119e-06, 2.3720e+01, 1.6934e-02, 
 2DIAGNOSTIC,    35, -5.177526378423e-01, 1.389220836354e-06, 2.3737e+01, 1.6808e-02, 
 2DIAGNOSTIC,    36, -5.177589301789e-01, 1.490647578043e-06, 2.3759e+01, 2.1788e-02, 
 2DIAGNOSTIC,    37, -5.177728850122e-01, 1.769913385821e-06, 2.3776e+01, 1.7428e-02, 
 2DIAGNOSTIC,    38, -5.179937047896e-01, 5.184918760292e-06, 2.3796e+01, 2.0259e-02, 
 2DIAGNOSTIC,    39, -5.185522947668e-01, 1.587894638720e-05, 2.3841e+01, 4.4312e-02, 
 2DIAGNOSTIC,    40, -5.185522935420e-01, 2.442324590738e-05, 2.3856e+01, 1.5277e-02, 
 2DIAGNOSTIC,    41, -5.185522939483e-01, 3.044443844771e-05, 2.3871e+01, 1.5144e-02, 
 2DIAGNOSTIC,    42, -5.185522946352e-01, 3.347076662165e-05, 2.3886e+01, 1.5134e-02, 
 2DIAGNOSTIC,    43, -5.185522957968e-01, 3.318269366106e-05, 2.3901e+01, 1.5245e-02, 
 2DIAGNOSTIC,    44, -5.185522977608e-01, 2.971544441573e-05, 2.3916e+01, 1.4950e-02, 
 2DIAGNOSTIC,    45, -5.185523010815e-01, 2.370028239544e-05, 2.3931e+01, 1.4964e-02, 
 2DIAGNOSTIC,    46, -5.185523066955e-01, 1.596339785599e-05, 2.3946e+01, 1.5060e-02, 
 2DIAGNOSTIC,    47, -5.185523161850e-01, 7.267570088208e-06, 2.3961e+01, 1.5042e-02, 
DIAGNOSTIC,Iteration,metricValue,convergenceValue,ITERATION_TIME_INDEX,SINCE_LAST
 2DIAGNOSTIC,     1, -4.405413233890e-01, 1.797693134862e+308, 4.0371e+01, 1.6410e+01, 
 2DIAGNOSTIC,     2, -4.414803453449e-01, 1.797693134862e+308, 4.0445e+01, 7.3775e-02, 
 2DIAGNOSTIC,     3, -4.426035901806e-01, 1.797693134862e+308, 4.0517e+01, 7.2206e-02, 
 2DIAGNOSTIC,     4, -4.437958546320e-01, 1.797693134862e+308, 4.0589e+01, 7.1746e-02, 
 2DIAGNOSTIC,     5, -4.449923593661e-01, 1.797693134862e+308, 4.0661e+01, 7.1784e-02, 
 2DIAGNOSTIC,     6, -4.463618550354e-01, 1.797693134862e+308, 4.0732e+01, 7.1789e-02, 
 2DIAGNOSTIC,     7, -4.477888038345e-01, 1.797693134862e+308, 4.0805e+01, 7.2595e-02, 
 2DIAGNOSTIC,     8, -4.497922568168e-01, 1.797693134862e+308, 4.0914e+01, 1.0872e-01, 
 2DIAGNOSTIC,     9, -4.502420065503e-01, 1.797693134862e+308, 4.1036e+01, 1.2199e-01, 
 2DIAGNOSTIC,    10, -4.504379890646e-01, 1.577142692328e-03, 4.1119e+01, 8.3059e-02, 
 2DIAGNOSTIC,    11, -4.510810786847e-01, 1.360366708717e-03, 4.1203e+01, 8.4397e-02, 
 2DIAGNOSTIC,    12, -4.514298105546e-01, 1.124354802364e-03, 4.1274e+01, 7.0546e-02, 
 2DIAGNOSTIC,    13, -4.518315196765e-01, 8.964950747899e-04, 4.1345e+01, 7.0797e-02, 
 2DIAGNOSTIC,    14, -4.526074725114e-01, 7.092477631336e-04, 4.1440e+01, 9.5542e-02, 
 2DIAGNOSTIC,    15, -4.528467725716e-01, 5.431089183335e-04, 4.1557e+01, 1.1735e-01, 
 2DIAGNOSTIC,    16, -4.528083513690e-01, 4.006143498638e-04, 4.1629e+01, 7.1332e-02, 
 2DIAGNOSTIC,    17, -4.529385509654e-01, 2.948534851561e-04, 4.1699e+01, 7.0504e-02, 
 2DIAGNOSTIC,    18, -4.530591228877e-01, 2.482465342177e-04, 4.1770e+01, 7.0588e-02, 
 2DIAGNOSTIC,    19, -4.530903490314e-01, 1.994495099939e-04, 4.1841e+01, 7.0895e-02, 
 2DIAGNOSTIC,    20, -4.532523974761e-01, 1.481580193502e-04, 4.1912e+01, 7.0949e-02, 
 2DIAGNOSTIC,    21, -4.535592070545e-01, 1.168876219970e-04, 4.1994e+01, 8.2578e-02, 
 2DIAGNOSTIC,    22, -4.535390792380e-01, 8.695870052828e-05, 4.2100e+01, 1.0598e-01, 
 2DIAGNOSTIC,    23, -4.536103488649e-01, 6.422124482078e-05, 4.2170e+01, 7.0127e-02, 
 2DIAGNOSTIC,    24, -4.536747388253e-01, 5.951920540068e-05, 4.2241e+01, 7.0925e-02, 
 2DIAGNOSTIC,    25, -4.541402909573e-01, 6.751937953298e-05, 4.2324e+01, 8.2241e-02, 
 2DIAGNOSTIC,    26, -4.549981902339e-01, 8.810284445502e-05, 4.2406e+01, 8.2314e-02, 
 2DIAGNOSTIC,    27, -4.556145441933e-01, 1.159538961821e-04, 4.2512e+01, 1.0566e-01, 
 2DIAGNOSTIC,    28, -4.553575217853e-01, 1.280149875581e-04, 4.2617e+01, 1.0571e-01, 
 2DIAGNOSTIC,    29, -4.554160982529e-01, 1.297400917974e-04, 4.2699e+01, 8.1770e-02, 
 2DIAGNOSTIC,    30, -4.555635860222e-01, 1.253991915631e-04, 4.2781e+01, 8.1686e-02, 
 2DIAGNOSTIC,    31, -4.556759598543e-01, 1.176117291157e-04, 4.2863e+01, 8.2351e-02, 
 2DIAGNOSTIC,    32, -4.557562361146e-01, 1.003219850340e-04, 4.2945e+01, 8.1609e-02, 
 2DIAGNOSTIC,    33, -4.558174406147e-01, 7.760092859567e-05, 4.3034e+01, 8.9637e-02, 
 2DIAGNOSTIC,    34, -4.558499122767e-01, 5.088861444527e-05, 4.3112e+01, 7.7903e-02, 
 2DIAGNOSTIC,    35, -4.559873142303e-01, 3.139266262509e-05, 4.3218e+01, 1.0626e-01, 
 2DIAGNOSTIC,    36, -4.560825395783e-01, 2.630964054016e-05, 4.3327e+01, 1.0812e-01, 
 2DIAGNOSTIC,    37, -4.560062860421e-01, 2.840152859930e-05, 4.3422e+01, 9.5482e-02, 
 2DIAGNOSTIC,    38, -4.559259466123e-01, 2.227831059535e-05, 4.3507e+01, 8.4802e-02, 
 2DIAGNOSTIC,    39, -4.558854900398e-01, 1.472270163679e-05, 4.3590e+01, 8.3233e-02, 
 2DIAGNOSTIC,    40, -4.558463130037e-01, 7.844282775907e-06, 4.3660e+01, 6.9834e-02, 
 2DIAGNOSTIC,    41, -4.558132281359e-01, 1.793051520507e-06, 4.3741e+01, 8.1043e-02, 
DIAGNOSTIC,Iteration,metricValue,convergenceValue,ITERATION_TIME_INDEX,SINCE_LAST
 2DIAGNOSTIC,     1, -3.813363053658e-01, 1.797693134862e+308, 5.3286e+01, 9.5450e+00, 
 2DIAGNOSTIC,     2, -3.818603168959e-01, 1.797693134862e+308, 5.3851e+01, 5.6499e-01, 
 2DIAGNOSTIC,     3, -3.824096030902e-01, 1.797693134862e+308, 5.4428e+01, 5.7658e-01, 
 2DIAGNOSTIC,     4, -3.827099490969e-01, 1.797693134862e+308, 5.4979e+01, 5.5136e-01, 
 2DIAGNOSTIC,     5, -3.829101701170e-01, 1.797693134862e+308, 5.5628e+01, 6.4914e-01, 
 2DIAGNOSTIC,     6, -3.829983845076e-01, 1.797693134862e+308, 5.6286e+01, 6.5838e-01, 
 2DIAGNOSTIC,     7, -3.830754857197e-01, 1.797693134862e+308, 5.7229e+01, 9.4282e-01, 
 2DIAGNOSTIC,     8, -3.830686346920e-01, 1.797693134862e+308, 5.8198e+01, 9.6920e-01, 
 2DIAGNOSTIC,     9, -3.830679665965e-01, 1.797693134862e+308, 5.9052e+01, 8.5391e-01, 
 2DIAGNOSTIC,    10, -3.830669581778e-01, 2.582082083155e-04, 5.9733e+01, 6.8060e-01, 
 2DIAGNOSTIC,    11, -3.830649136280e-01, 1.458200688109e-04, 6.0286e+01, 5.5280e-01, 
 2DIAGNOSTIC,    12, -3.830550628917e-01, 7.053860021762e-05, 6.0934e+01, 6.4798e-01, 
 2DIAGNOSTIC,    13, -3.830397599238e-01, 3.095247897764e-05, 6.1495e+01, 5.6148e-01, 
 2DIAGNOSTIC,    14, -3.830418922639e-01, 1.031524982868e-05, 6.2156e+01, 6.6045e-01, 
 2DIAGNOSTIC,    15, -3.830480441961e-01, 1.809154900542e-06, 6.2996e+01, 8.4050e-01, 
DIAGNOSTIC,Iteration,metricValue,convergenceValue,ITERATION_TIME_INDEX,SINCE_LAST
 2DIAGNOSTIC,     1, -3.318777155616e-01, 1.797693134862e+308, 7.4136e+01, 1.1140e+01, 
  Elapsed time (stage 1): 7.6022e+01


Stage 2
  iterations = 100x100x70x50x0
  convergence threshold = 1.0000e-06
  convergence window size = 10
  number of levels = 5
  using the Mattes MI metric (number of bins = 32, weight = 1.0000e+00)
  preprocessing:  winsorizing the image intensities
  Shrink factors (level 1 out of 5): [10, 10, 10]
  Shrink factors (level 2 out of 5): [6, 6, 6]
  Shrink factors (level 3 out of 5): [4, 4, 4]
  Shrink factors (level 4 out of 5): [2, 2, 2]
  Shrink factors (level 5 out of 5): [1, 1, 1]
  smoothing sigmas per level: [5, 3, 2, 1, 0]
  Using default NONE metricSamplingStrategy 

*** Running SyN registration (varianceForUpdateField = 3.0000e+00, varianceForTotalField = 0.0000e+00) ***

XXDIAGNOSTIC,Iteration,metricValue,convergenceValue,ITERATION_TIME_INDEX,SINCE_LAST
 1DIAGNOSTIC,     1, -5.061598710628e-01, 1.797693134862e+308, 3.5800e+01, 3.5800e+01, 
 1DIAGNOSTIC,     2, -5.238854138585e-01, 1.797693134862e+308, 3.5945e+01, 1.4489e-01, 
 1DIAGNOSTIC,     3, -5.319057960275e-01, 1.797693134862e+308, 3.6093e+01, 1.4740e-01, 
 1DIAGNOSTIC,     4, -5.331723080290e-01, 1.797693134862e+308, 3.6242e+01, 1.4894e-01, 
 1DIAGNOSTIC,     5, -5.314931460862e-01, 1.797693134862e+308, 3.6378e+01, 1.3663e-01, 
 1DIAGNOSTIC,     6, -5.296942628838e-01, 1.797693134862e+308, 3.6516e+01, 1.3723e-01, 
 1DIAGNOSTIC,     7, -5.280742513731e-01, 1.797693134862e+308, 3.6653e+01, 1.3707e-01, 
 1DIAGNOSTIC,     8, -5.245884875814e-01, 1.797693134862e+308, 3.6789e+01, 1.3689e-01, 
 1DIAGNOSTIC,     9, -5.228209684787e-01, 1.797693134862e+308, 3.6927e+01, 1.3733e-01, 
 1DIAGNOSTIC,    10, -5.204867253502e-01, 3.052292349395e-04, 3.7065e+01, 1.3801e-01, 
 1DIAGNOSTIC,    11, -5.194813736470e-01, -1.234959653624e-03, 3.7203e+01, 1.3844e-01, 
XXDIAGNOSTIC,Iteration,metricValue,convergenceValue,ITERATION_TIME_INDEX,SINCE_LAST
 1DIAGNOSTIC,     1, -4.137356624640e-01, 1.797693134862e+308, 5.3985e+01, 1.6782e+01, 
 1DIAGNOSTIC,     2, -4.152763070403e-01, 1.797693134862e+308, 5.4553e+01, 5.6790e-01, 
 1DIAGNOSTIC,     3, -4.158567715617e-01, 1.797693134862e+308, 5.5122e+01, 5.6944e-01, 
 1DIAGNOSTIC,     4, -4.154007821127e-01, 1.797693134862e+308, 5.5694e+01, 5.7150e-01, 
 1DIAGNOSTIC,     5, -4.149658019362e-01, 1.797693134862e+308, 5.6273e+01, 5.7947e-01, 
 1DIAGNOSTIC,     6, -4.143458040996e-01, 1.797693134862e+308, 5.6836e+01, 5.6258e-01, 
 1DIAGNOSTIC,     7, -4.136837778621e-01, 1.797693134862e+308, 5.7394e+01, 5.5851e-01, 
 1DIAGNOSTIC,     8, -4.129495132828e-01, 1.797693134862e+308, 5.7961e+01, 5.6644e-01, 
 1DIAGNOSTIC,     9, -4.120848791300e-01, 1.797693134862e+308, 5.8516e+01, 5.5582e-01, 
 1DIAGNOSTIC,    10, -4.111621779877e-01, -5.671508598357e-04, 5.9072e+01, 5.5532e-01, 
XXDIAGNOSTIC,Iteration,metricValue,convergenceValue,ITERATION_TIME_INDEX,SINCE_LAST
 1DIAGNOSTIC,     1, -3.534431190162e-01, 1.797693134862e+308, 6.9553e+01, 1.0481e+01, 
 1DIAGNOSTIC,     2, -3.546662963624e-01, 1.797693134862e+308, 7.1322e+01, 1.7689e+00, 
 1DIAGNOSTIC,     3, -3.553599038620e-01, 1.797693134862e+308, 7.3052e+01, 1.7308e+00, 
 1DIAGNOSTIC,     4, -3.557018591932e-01, 1.797693134862e+308, 7.4819e+01, 1.7664e+00, 
 1DIAGNOSTIC,     5, -3.559592374823e-01, 1.797693134862e+308, 7.6605e+01, 1.7860e+00, 
 1DIAGNOSTIC,     6, -3.560995370575e-01, 1.797693134862e+308, 7.8342e+01, 1.7370e+00, 
 1DIAGNOSTIC,     7, -3.560283814106e-01, 1.797693134862e+308, 8.0107e+01, 1.7649e+00, 
 1DIAGNOSTIC,     8, -3.561472277153e-01, 1.797693134862e+308, 8.1879e+01, 1.7719e+00, 
 1DIAGNOSTIC,     9, -3.561028046728e-01, 1.797693134862e+308, 8.3653e+01, 1.7743e+00, 
 1DIAGNOSTIC,    10, -3.558161727009e-01, 3.514317633624e-04, 8.5462e+01, 1.8089e+00, 
 1DIAGNOSTIC,    11, -3.555628362071e-01, 1.229973984990e-04, 8.7271e+01, 1.8090e+00, 
 1DIAGNOSTIC,    12, -3.553511265371e-01, -1.130303438890e-05, 8.9042e+01, 1.7709e+00, 
XXDIAGNOSTIC,Iteration,metricValue,convergenceValue,ITERATION_TIME_INDEX,SINCE_LAST
 1DIAGNOSTIC,     1, -3.018404616241e-01, 1.797693134862e+308, 1.0880e+02, 1.9755e+01, 
 1DIAGNOSTIC,     2, -3.026281944555e-01, 1.797693134862e+308, 1.2194e+02, 1.3142e+01, 
 1DIAGNOSTIC,     3, -3.034785077848e-01, 1.797693134862e+308, 1.3549e+02, 1.3554e+01, 
 1DIAGNOSTIC,     4, -3.042760081239e-01, 1.797693134862e+308, 1.4874e+02, 1.3244e+01, 
 1DIAGNOSTIC,     5, -3.049920536482e-01, 1.797693134862e+308, 1.6252e+02, 1.3785e+01, 
 1DIAGNOSTIC,     6, -3.056718964856e-01, 1.797693134862e+308, 1.7569e+02, 1.3170e+01, 
 1DIAGNOSTIC,     7, -3.062578041138e-01, 1.797693134862e+308, 1.8923e+02, 1.3541e+01, 
 1DIAGNOSTIC,     8, -3.068030471815e-01, 1.797693134862e+308, 2.0243e+02, 1.3197e+01, 
 1DIAGNOSTIC,     9, -3.072692087943e-01, 1.797693134862e+308, 2.1590e+02, 1.3472e+01, 
 1DIAGNOSTIC,    10, -3.077402095791e-01, 1.244545968195e-03, 2.2949e+02, 1.3592e+01, 
 1DIAGNOSTIC,    11, -3.081627366975e-01, 1.043698319136e-03, 2.4313e+02, 1.3637e+01, 
 1DIAGNOSTIC,    12, -3.085290151289e-01, 8.714310155693e-04, 2.5666e+02, 1.3527e+01, 
 1DIAGNOSTIC,    13, -3.088636162484e-01, 7.311450882231e-04, 2.7029e+02, 1.3633e+01, 
 1DIAGNOSTIC,    14, -3.091547724313e-01, 6.162556472971e-04, 2.8384e+02, 1.3550e+01, 
 1DIAGNOSTIC,    15, -3.093569985248e-01, 5.167745065134e-04, 2.9781e+02, 1.3973e+01, 
 1DIAGNOSTIC,    16, -3.095641434890e-01, 4.334983951276e-04, 3.1137e+02, 1.3558e+01, 
 1DIAGNOSTIC,    17, -3.097168105549e-01, 3.601060216663e-04, 3.2490e+02, 1.3529e+01, 
 1DIAGNOSTIC,    18, -3.098975607791e-01, 2.988255840455e-04, 3.3884e+02, 1.3943e+01, 
 1DIAGNOSTIC,    19, -3.100636956749e-01, 2.468844782450e-04, 3.5290e+02, 1.4053e+01, 
 1DIAGNOSTIC,    20, -3.101828124837e-01, 2.043519864597e-04, 3.6681e+02, 1.3919e+01, 
 1DIAGNOSTIC,    21, -3.102717258206e-01, 1.693253171628e-04, 3.8073e+02, 1.3918e+01, 
 1DIAGNOSTIC,    22, -3.104197954995e-01, 1.432372539539e-04, 3.9464e+02, 1.3912e+01, 
 1DIAGNOSTIC,    23, -3.105590889617e-01, 1.248897818955e-04, 4.0862e+02, 1.3979e+01, 
 1DIAGNOSTIC,    24, -3.106945307968e-01, 1.127145398119e-04, 4.2251e+02, 1.3891e+01, 
 1DIAGNOSTIC,    25, -3.108329936870e-01, 1.035011343148e-04, 4.3654e+02, 1.4023e+01, 
 1DIAGNOSTIC,    26, -3.109645512225e-01, 9.733874651510e-05, 4.5047e+02, 1.3938e+01, 
 1DIAGNOSTIC,    27, -3.110656362574e-01, 9.110267176196e-05, 4.6437e+02, 1.3898e+01, 
 1DIAGNOSTIC,    28, -3.112002768388e-01, 8.707992543332e-05, 4.7831e+02, 1.3937e+01, 
 1DIAGNOSTIC,    29, -3.113100355896e-01, 8.387312552377e-05, 4.9229e+02, 1.3982e+01, 
 1DIAGNOSTIC,    30, -3.114384612318e-01, 8.060844231218e-05, 5.0622e+02, 1.3929e+01, 
 1DIAGNOSTIC,    31, -3.115542719695e-01, 7.600389482760e-05, 5.2012e+02, 1.3904e+01, 
 1DIAGNOSTIC,    32, -3.116582245079e-01, 7.175952154243e-05, 5.3403e+02, 1.3901e+01, 
 1DIAGNOSTIC,    33, -3.118160123857e-01, 6.927871045540e-05, 5.4791e+02, 1.3885e+01, 
 1DIAGNOSTIC,    34, -3.120159171769e-01, 6.940379667264e-05, 5.6183e+02, 1.3918e+01, 
 1DIAGNOSTIC,    35, -3.121691554830e-01, 7.054058238649e-05, 5.7580e+02, 1.3976e+01, 
 1DIAGNOSTIC,    36, -3.123089880727e-01, 7.188307714696e-05, 5.8970e+02, 1.3897e+01, 
 1DIAGNOSTIC,    37, -3.124058242624e-01, 7.126283368394e-05, 6.0380e+02, 1.4098e+01, 
 1DIAGNOSTIC,    38, -3.124414940925e-01, 6.804155590041e-05, 6.1770e+02, 1.3903e+01, 
 1DIAGNOSTIC,    39, -3.125340385797e-01, 6.328700348722e-05, 6.3174e+02, 1.4032e+01, 
 1DIAGNOSTIC,    40, -3.125606286686e-01, 5.628544105311e-05, 6.4608e+02, 1.4342e+01, 
 1DIAGNOSTIC,    41, -3.125878587099e-01, 4.753565647015e-05, 6.5989e+02, 1.3813e+01, 
 1DIAGNOSTIC,    42, -3.125593811853e-01, 3.637496913152e-05, 6.7431e+02, 1.4418e+01, 
 1DIAGNOSTIC,    43, -3.125883663553e-01, 2.629564285459e-05, 6.8879e+02, 1.4485e+01, 
 1DIAGNOSTIC,    44, -3.126135004885e-01, 1.885503453843e-05, 7.0308e+02, 1.4283e+01, 
 1DIAGNOSTIC,    45, -3.126834726277e-01, 1.448508611572e-05, 7.1732e+02, 1.4244e+01, 
 1DIAGNOSTIC,    46, -3.127778744977e-01, 1.361064389861e-05, 7.3153e+02, 1.4205e+01, 
 1DIAGNOSTIC,    47, -3.128815075371e-01, 1.543718971627e-05, 7.4527e+02, 1.3749e+01, 
 1DIAGNOSTIC,    48, -3.129052984388e-01, 1.685173119705e-05, 7.5897e+02, 1.3700e+01, 
 1DIAGNOSTIC,    49, -3.129835297622e-01, 1.986065776115e-05, 7.7255e+02, 1.3578e+01, 
 1DIAGNOSTIC,    50, -3.130934403264e-01, 2.336309477446e-05, 7.8624e+02, 1.3684e+01, 
  Elapsed time (stage 2): 806.9


Total elapsed time: 956.2

--- Writing output images ---

Using double precision for computations.
Input scalar image: data/Segmentations/1005_3_seg.nii.gz
Reference image: data/template/T_template0_BrainCerebellum.nii.gz
=============================================================================
The composite transform comprises the following transforms (in order): 
  1. /tmp/1970986.1.basic.q/1005_ToTemplate_004_0GenericAffine.mat (type = AffineTransform)
  2. /tmp/1970986.1.basic.q/1005_ToTemplate_004_1Warp.nii.gz (type = DisplacementFieldTransform)
=============================================================================
Default pixel value: 0
Interpolation type: LabelImageGenericInterpolateImageFunction
Output warped image: output/1005/1005_WarpedLabels_004.nii.gz

--- Done ---

