
--- Running on compute-1-2.local ---


--- registration call ---
/data/jet/pcook/bin/antsBuild/bin/antsRegistrationSyNQuick.sh -d 3 -f data/template/T_template0_BrainCerebellum.nii.gz -m data/Brains/1005_3.nii.gz -t s -p d -n 1 -o /tmp/1970983.1.basic.q/1005_ToTemplate_001_
---


--------------------------------------------------------------------------------------
 Mapping parameters
--------------------------------------------------------------------------------------
 ANTSPATH is /data/jet/pcook/bin/antsBuild/bin/

 Dimensionality:           3
 Output name prefix:       /tmp/1970983.1.basic.q/1005_ToTemplate_001_
 Fixed images:             data/template/T_template0_BrainCerebellum.nii.gz
 Moving images:            data/Brains/1005_3.nii.gz
 Mask images:              
 Initial transforms:       
 Number of threads:        1
 Spline distance:          26
 Transform type:           s
 MI histogram bins:        32
 Precision:                d
 Use histogram matching    0
======================================================================================
 antsRegistration call:
--------------------------------------------------------------------------------------
/data/jet/pcook/bin/antsBuild/bin//antsRegistration --verbose 1 --dimensionality 3 --float 0 --collapse-output-transforms 1 --output [/tmp/1970983.1.basic.q/1005_ToTemplate_001_,/tmp/1970983.1.basic.q/1005_ToTemplate_001_Warped.nii.gz,/tmp/1970983.1.basic.q/1005_ToTemplate_001_InverseWarped.nii.gz] --interpolation Linear --use-histogram-matching 0 --winsorize-image-intensities [0.005,0.995] --initial-moving-transform [data/template/T_template0_BrainCerebellum.nii.gz,data/Brains/1005_3.nii.gz,1] --transform Rigid[0.1] --metric MI[data/template/T_template0_BrainCerebellum.nii.gz,data/Brains/1005_3.nii.gz,1,32,Regular,0.25] --convergence [1000x500x250x0,1e-6,10] --shrink-factors 12x8x4x2 --smoothing-sigmas 4x3x2x1vox --transform Affine[0.1] --metric MI[data/template/T_template0_BrainCerebellum.nii.gz,data/Brains/1005_3.nii.gz,1,32,Regular,0.25] --convergence [1000x500x250x0,1e-6,10] --shrink-factors 12x8x4x2 --smoothing-sigmas 4x3x2x1vox --transform SyN[0.1,3,0] --metric MI[data/template/T_template0_BrainCerebellum.nii.gz,data/Brains/1005_3.nii.gz,1,32] --convergence [100x100x70x50x0,1e-6,10] --shrink-factors 10x6x4x2x1 --smoothing-sigmas 5x3x2x1x0vox
--------------------------------------------------------------------------------------
All_Command_lines_OK
Using double precision for computations.
=============================================================================
The composite transform comprises the following transforms (in order): 
  1. Center of mass alignment using fixed image: data/template/T_template0_BrainCerebellum.nii.gz and moving image: data/Brains/1005_3.nii.gz (type = Euler3DTransform)
=============================================================================
  number of levels = 4
  number of levels = 4
  number of levels = 5
  fixed image: data/template/T_template0_BrainCerebellum.nii.gz
  moving image: data/Brains/1005_3.nii.gz
  fixed image: data/template/T_template0_BrainCerebellum.nii.gz
  moving image: data/Brains/1005_3.nii.gz
  fixed image: data/template/T_template0_BrainCerebellum.nii.gz
  moving image: data/Brains/1005_3.nii.gz
Dimension = 3
Number of stages = 3
Use Histogram Matching false
Winsorize image intensities true
Lower quantile = 0.005
Upper quantile = 0.995
Stage 1 State
   Image metric = Mattes
     Fixed image = Image (0x3ef6cd0)
  RTTI typeinfo:   itk::Image<double, 3u>
  Reference Count: 2
  Modified Time: 1611
  Debug: Off
  Object Name: 
  Observers: 
    none
  Source: (none)
  Source output name: (none)
  Release Data: Off
  Data Released: False
  Global Release Data: Off
  PipelineMTime: 0
  UpdateMTime: 1422
  RealTimeStamp: 0 seconds 
  LargestPossibleRegion: 
    Dimension: 3
    Index: [0, 0, 0]
    Size: [216, 256, 291]
  BufferedRegion: 
    Dimension: 3
    Index: [0, 0, 0]
    Size: [216, 256, 291]
  RequestedRegion: 
    Dimension: 3
    Index: [0, 0, 0]
    Size: [216, 256, 291]
  Spacing: [1, 1, 1]
  Origin: [0, 293, 0]
  Direction: 
1 0 0
0 -0 -1
0 -1 -0

  IndexToPointMatrix: 
1 0 0
0 0 -1
0 -1 0

  PointToIndexMatrix: 
1 0 0
0 0 -1
0 -1 0

  Inverse Direction: 
1 0 0
0 0 -1
0 -1 0

  PixelContainer: 
    ImportImageContainer (0x3efa7d0)
      RTTI typeinfo:   itk::ImportImageContainer<unsigned long, double>
      Reference Count: 1
      Modified Time: 1419
      Debug: Off
      Object Name: 
      Observers: 
        none
      Pointer: 0x7fadaddca010
      Container manages memory: true
      Size: 16091136
      Capacity: 16091136

     Moving image = Image (0x3ef8d30)
  RTTI typeinfo:   itk::Image<double, 3u>
  Reference Count: 2
  Modified Time: 1612
  Debug: Off
  Object Name: 
  Observers: 
    none
  Source: (none)
  Source output name: (none)
  Release Data: Off
  Data Released: False
  Global Release Data: Off
  PipelineMTime: 0
  UpdateMTime: 1609
  RealTimeStamp: 0 seconds 
  LargestPossibleRegion: 
    Dimension: 3
    Index: [0, 0, 0]
    Size: [256, 256, 284]
  BufferedRegion: 
    Dimension: 3
    Index: [0, 0, 0]
    Size: [256, 256, 284]
  RequestedRegion: 
    Dimension: 3
    Index: [0, 0, 0]
    Size: [256, 256, 284]
  Spacing: [1, 1, 1]
  Origin: [0, 283, 0]
  Direction: 
1 0 0
0 -0 -1
0 -1 -0

  IndexToPointMatrix: 
1 0 0
0 0 -1
0 -1 0

  PointToIndexMatrix: 
1 0 0
0 0 -1
0 -1 0

  Inverse Direction: 
1 0 0
0 0 -1
0 -1 0

  PixelContainer: 
    ImportImageContainer (0x3ee9f40)
      RTTI typeinfo:   itk::ImportImageContainer<unsigned long, double>
      Reference Count: 1
      Modified Time: 1606
      Debug: Off
      Object Name: 
      Observers: 
        none
      Pointer: 0x7fada4fc9010
      Container manages memory: true
      Size: 18612224
      Capacity: 18612224

     Weighting = 1
     Sampling strategy = regular
     Number of bins = 32
     Radius = 4
     Sampling percentage  = 0.25
   Transform = Rigid
     Gradient step = 0.1
     Update field sigma (voxel space) = 0
     Total field sigma (voxel space) = 0
     Update field time sigma = 0
     Total field time sigma  = 0
     Number of time indices = 0
     Number of time point samples = 0
Stage 2 State
   Image metric = Mattes
     Fixed image = Image (0x3efd6e0)
  RTTI typeinfo:   itk::Image<double, 3u>
  Reference Count: 2
  Modified Time: 1987
  Debug: Off
  Object Name: 
  Observers: 
    none
  Source: (none)
  Source output name: (none)
  Release Data: Off
  Data Released: False
  Global Release Data: Off
  PipelineMTime: 0
  UpdateMTime: 1798
  RealTimeStamp: 0 seconds 
  LargestPossibleRegion: 
    Dimension: 3
    Index: [0, 0, 0]
    Size: [216, 256, 291]
  BufferedRegion: 
    Dimension: 3
    Index: [0, 0, 0]
    Size: [216, 256, 291]
  RequestedRegion: 
    Dimension: 3
    Index: [0, 0, 0]
    Size: [216, 256, 291]
  Spacing: [1, 1, 1]
  Origin: [0, 293, 0]
  Direction: 
1 0 0
0 -0 -1
0 -1 -0

  IndexToPointMatrix: 
1 0 0
0 0 -1
0 -1 0

  PointToIndexMatrix: 
1 0 0
0 0 -1
0 -1 0

  Inverse Direction: 
1 0 0
0 0 -1
0 -1 0

  PixelContainer: 
    ImportImageContainer (0x3ef9950)
      RTTI typeinfo:   itk::ImportImageContainer<unsigned long, double>
      Reference Count: 1
      Modified Time: 1795
      Debug: Off
      Object Name: 
      Observers: 
        none
      Pointer: 0x7fad9d504010
      Container manages memory: true
      Size: 16091136
      Capacity: 16091136

     Moving image = Image (0x3f0a060)
  RTTI typeinfo:   itk::Image<double, 3u>
  Reference Count: 2
  Modified Time: 1988
  Debug: Off
  Object Name: 
  Observers: 
    none
  Source: (none)
  Source output name: (none)
  Release Data: Off
  Data Released: False
  Global Release Data: Off
  PipelineMTime: 0
  UpdateMTime: 1985
  RealTimeStamp: 0 seconds 
  LargestPossibleRegion: 
    Dimension: 3
    Index: [0, 0, 0]
    Size: [256, 256, 284]
  BufferedRegion: 
    Dimension: 3
    Index: [0, 0, 0]
    Size: [256, 256, 284]
  RequestedRegion: 
    Dimension: 3
    Index: [0, 0, 0]
    Size: [256, 256, 284]
  Spacing: [1, 1, 1]
  Origin: [0, 283, 0]
  Direction: 
1 0 0
0 -0 -1
0 -1 -0

  IndexToPointMatrix: 
1 0 0
0 0 -1
0 -1 0

  PointToIndexMatrix: 
1 0 0
0 0 -1
0 -1 0

  Inverse Direction: 
1 0 0
0 0 -1
0 -1 0

  PixelContainer: 
    ImportImageContainer (0x3f099e0)
      RTTI typeinfo:   itk::ImportImageContainer<unsigned long, double>
      Reference Count: 1
      Modified Time: 1982
      Debug: Off
      Object Name: 
      Observers: 
        none
      Pointer: 0x7fad94703010
      Container manages memory: true
      Size: 18612224
      Capacity: 18612224

     Weighting = 1
     Sampling strategy = regular
     Number of bins = 32
     Radius = 4
     Sampling percentage  = 0.25
   Transform = Affine
     Gradient step = 0.1
     Update field sigma (voxel space) = 0
     Total field sigma (voxel space) = 0
     Update field time sigma = 0
     Total field time sigma  = 0
     Number of time indices = 0
     Number of time point samples = 0
Stage 3 State
   Image metric = Mattes
     Fixed image = Image (0x3f0f980)
  RTTI typeinfo:   itk::Image<double, 3u>
  Reference Count: 2
  Modified Time: 2363
  Debug: Off
  Object Name: 
  Observers: 
    none
  Source: (none)
  Source output name: (none)
  Release Data: Off
  Data Released: False
  Global Release Data: Off
  PipelineMTime: 0
  UpdateMTime: 2174
  RealTimeStamp: 0 seconds 
  LargestPossibleRegion: 
    Dimension: 3
    Index: [0, 0, 0]
    Size: [216, 256, 291]
  BufferedRegion: 
    Dimension: 3
    Index: [0, 0, 0]
    Size: [216, 256, 291]
  RequestedRegion: 
    Dimension: 3
    Index: [0, 0, 0]
    Size: [216, 256, 291]
  Spacing: [1, 1, 1]
  Origin: [0, 293, 0]
  Direction: 
1 0 0
0 -0 -1
0 -1 -0

  IndexToPointMatrix: 
1 0 0
0 0 -1
0 -1 0

  PointToIndexMatrix: 
1 0 0
0 0 -1
0 -1 0

  Inverse Direction: 
1 0 0
0 0 -1
0 -1 0

  PixelContainer: 
    ImportImageContainer (0x3f08720)
      RTTI typeinfo:   itk::ImportImageContainer<unsigned long, double>
      Reference Count: 1
      Modified Time: 2171
      Debug: Off
      Object Name: 
      Observers: 
        none
      Pointer: 0x7fad8cc3e010
      Container manages memory: true
      Size: 16091136
      Capacity: 16091136

     Moving image = Image (0x3f120f0)
  RTTI typeinfo:   itk::Image<double, 3u>
  Reference Count: 2
  Modified Time: 2364
  Debug: Off
  Object Name: 
  Observers: 
    none
  Source: (none)
  Source output name: (none)
  Release Data: Off
  Data Released: False
  Global Release Data: Off
  PipelineMTime: 0
  UpdateMTime: 2361
  RealTimeStamp: 0 seconds 
  LargestPossibleRegion: 
    Dimension: 3
    Index: [0, 0, 0]
    Size: [256, 256, 284]
  BufferedRegion: 
    Dimension: 3
    Index: [0, 0, 0]
    Size: [256, 256, 284]
  RequestedRegion: 
    Dimension: 3
    Index: [0, 0, 0]
    Size: [256, 256, 284]
  Spacing: [1, 1, 1]
  Origin: [0, 283, 0]
  Direction: 
1 0 0
0 -0 -1
0 -1 -0

  IndexToPointMatrix: 
1 0 0
0 0 -1
0 -1 0

  PointToIndexMatrix: 
1 0 0
0 0 -1
0 -1 0

  Inverse Direction: 
1 0 0
0 0 -1
0 -1 0

  PixelContainer: 
    ImportImageContainer (0x3f0fc10)
      RTTI typeinfo:   itk::ImportImageContainer<unsigned long, double>
      Reference Count: 1
      Modified Time: 2358
      Debug: Off
      Object Name: 
      Observers: 
        none
      Pointer: 0x7fad83e3d010
      Container manages memory: true
      Size: 18612224
      Capacity: 18612224

     Weighting = 1
     Sampling strategy = none
     Number of bins = 32
     Radius = 4
     Sampling percentage  = 1
   Transform = SyN
     Gradient step = 0.1
     Update field sigma (voxel space) = 3
     Total field sigma (voxel space) = 0
     Update field time sigma = 0
     Total field time sigma  = 0
     Number of time indices = 0
     Number of time point samples = 0
Registration using 3 total stages.

Stage 0
  iterations = 1000x500x250x0
  convergence threshold = 1e-06
  convergence window size = 10
  number of levels = 4
  using the Mattes MI metric (number of bins = 32, weight = 1)
  preprocessing:  winsorizing the image intensities
  Shrink factors (level 1 out of 4): [12, 12, 12]
  Shrink factors (level 2 out of 4): [8, 8, 8]
  Shrink factors (level 3 out of 4): [4, 4, 4]
  Shrink factors (level 4 out of 4): [2, 2, 2]
  smoothing sigmas per level: [4, 3, 2, 1]
  regular sampling (percentage = 0.25)

*** Running Euler3DTransform registration ***

DIAGNOSTIC,Iteration,metricValue,convergenceValue,ITERATION_TIME_INDEX,SINCE_LAST
 2DIAGNOSTIC,     1, -4.887272778918e-01, 1.797693134862e+308, 2.2076e+01, 2.2076e+01, 
 2DIAGNOSTIC,     2, -4.892760935188e-01, 1.797693134862e+308, 2.2087e+01, 1.1192e-02, 
 2DIAGNOSTIC,     3, -4.896985297326e-01, 1.797693134862e+308, 2.2098e+01, 1.0671e-02, 
 2DIAGNOSTIC,     4, -4.902341124730e-01, 1.797693134862e+308, 2.2109e+01, 1.0892e-02, 
 2DIAGNOSTIC,     5, -4.912007621034e-01, 1.797693134862e+308, 2.2121e+01, 1.2255e-02, 
 2DIAGNOSTIC,     6, -4.917087994819e-01, 1.797693134862e+308, 2.2133e+01, 1.2454e-02, 
 2DIAGNOSTIC,     7, -4.921144455906e-01, 1.797693134862e+308, 2.2149e+01, 1.5517e-02, 
 2DIAGNOSTIC,     8, -4.921138107466e-01, 1.797693134862e+308, 2.2161e+01, 1.2469e-02, 
 2DIAGNOSTIC,     9, -4.921462178965e-01, 1.797693134862e+308, 2.2173e+01, 1.1567e-02, 
 2DIAGNOSTIC,    10, -4.935226182820e-01, 5.796288627248e-04, 2.2187e+01, 1.3732e-02, 
 2DIAGNOSTIC,    11, -4.952144056045e-01, 5.872315637179e-04, 2.2198e+01, 1.1546e-02, 
 2DIAGNOSTIC,    12, -4.963848986002e-01, 6.224369543171e-04, 2.2210e+01, 1.1563e-02, 
 2DIAGNOSTIC,    13, -4.993515022609e-01, 7.469837314502e-04, 2.2231e+01, 2.1252e-02, 
 2DIAGNOSTIC,    14, -4.998307819171e-01, 8.250580600807e-04, 2.2243e+01, 1.1545e-02, 
 2DIAGNOSTIC,    15, -5.006614013857e-01, 8.865229084915e-04, 2.2256e+01, 1.2820e-02, 
 2DIAGNOSTIC,    16, -5.012386521401e-01, 8.974603604408e-04, 2.2267e+01, 1.1335e-02, 
 2DIAGNOSTIC,    17, -5.012208977233e-01, 8.374038021897e-04, 2.2280e+01, 1.2724e-02, 
 2DIAGNOSTIC,    18, -5.011469209665e-01, 7.048622513998e-04, 2.2298e+01, 1.8883e-02, 
 2DIAGNOSTIC,    19, -5.011575849901e-01, 5.223023657802e-04, 2.2310e+01, 1.1217e-02, 
 2DIAGNOSTIC,    20, -5.012262654231e-01, 3.511544557492e-04, 2.2321e+01, 1.1171e-02, 
 2DIAGNOSTIC,    21, -5.012904276243e-01, 2.117270288036e-04, 2.2332e+01, 1.1035e-02, 
 2DIAGNOSTIC,    22, -5.013281918209e-01, 9.519283406934e-05, 2.2343e+01, 1.1081e-02, 
 2DIAGNOSTIC,    23, -5.015514753878e-01, 5.976554216226e-05, 2.2354e+01, 1.1188e-02, 
 2DIAGNOSTIC,    24, -5.016563205867e-01, 3.525675307887e-05, 2.2367e+01, 1.2799e-02, 
 2DIAGNOSTIC,    25, -5.021335068474e-01, 3.904284471871e-05, 2.2380e+01, 1.2883e-02, 
 2DIAGNOSTIC,    26, -5.018626765721e-01, 4.549800661061e-05, 2.2394e+01, 1.4098e-02, 
 2DIAGNOSTIC,    27, -5.018682458152e-01, 4.740155220063e-05, 2.2407e+01, 1.2822e-02, 
 2DIAGNOSTIC,    28, -5.018725981083e-01, 4.342231558081e-05, 2.2421e+01, 1.4338e-02, 
 2DIAGNOSTIC,    29, -5.018736287339e-01, 3.577276238394e-05, 2.2435e+01, 1.4109e-02, 
 2DIAGNOSTIC,    30, -5.018737002221e-01, 2.657381971700e-05, 2.2448e+01, 1.2490e-02, 
 2DIAGNOSTIC,    31, -5.018737563384e-01, 1.685624615734e-05, 2.2460e+01, 1.2482e-02, 
 2DIAGNOSTIC,    32, -5.018737883017e-01, 6.990209314064e-06, 2.2473e+01, 1.2450e-02, 
 2DIAGNOSTIC,    33, -5.020465441381e-01, 3.978630033930e-06, 2.2484e+01, 1.1140e-02, 
 2DIAGNOSTIC,    34, -5.020467058224e-01, 2.256212802067e-06, 2.2495e+01, 1.1008e-02, 
 2DIAGNOSTIC,    35, -5.020472233761e-01, 8.457820817046e-06, 2.2506e+01, 1.1113e-02, 
 2DIAGNOSTIC,    36, -5.020491563909e-01, 9.377606878282e-06, 2.2517e+01, 1.1113e-02, 
 2DIAGNOSTIC,    37, -5.020547230421e-01, 9.598881084493e-06, 2.2528e+01, 1.1033e-02, 
 2DIAGNOSTIC,    38, -5.020679513953e-01, 9.194588606137e-06, 2.2539e+01, 1.1257e-02, 
 2DIAGNOSTIC,    39, -5.020758043094e-01, 8.131547803582e-06, 2.2554e+01, 1.4261e-02, 
 2DIAGNOSTIC,    40, -5.020781892978e-01, 6.500239898524e-06, 2.2572e+01, 1.8843e-02, 
 2DIAGNOSTIC,    41, -5.020793172099e-01, 4.453257743290e-06, 2.2590e+01, 1.7382e-02, 
 2DIAGNOSTIC,    42, -5.020793196979e-01, 2.086833728120e-06, 2.2612e+01, 2.1911e-02, 
 2DIAGNOSTIC,    43, -5.020793197013e-01, 1.990958825800e-06, 2.2629e+01, 1.7352e-02, 
 2DIAGNOSTIC,    44, -5.020793197013e-01, 1.781477138928e-06, 2.2646e+01, 1.7268e-02, 
 2DIAGNOSTIC,    45, -5.020793197013e-01, 1.489063710256e-06, 2.2665e+01, 1.8752e-02, 
 2DIAGNOSTIC,    46, -5.020793197013e-01, 1.160185492934e-06, 2.2679e+01, 1.4193e-02, 
DIAGNOSTIC,Iteration,metricValue,convergenceValue,ITERATION_TIME_INDEX,SINCE_LAST
 2DIAGNOSTIC,     1, -4.157429899389e-01, 1.797693134862e+308, 3.8513e+01, 1.5834e+01, 
 2DIAGNOSTIC,     2, -4.169655223538e-01, 1.797693134862e+308, 3.8572e+01, 5.8573e-02, 
 2DIAGNOSTIC,     3, -4.185274786771e-01, 1.797693134862e+308, 3.8630e+01, 5.8620e-02, 
 2DIAGNOSTIC,     4, -4.204531296595e-01, 1.797693134862e+308, 3.8689e+01, 5.8825e-02, 
 2DIAGNOSTIC,     5, -4.219479126088e-01, 1.797693134862e+308, 3.8748e+01, 5.8528e-02, 
 2DIAGNOSTIC,     6, -4.222881080662e-01, 1.797693134862e+308, 3.8817e+01, 6.9431e-02, 
 2DIAGNOSTIC,     7, -4.223616568851e-01, 1.797693134862e+308, 3.8875e+01, 5.8155e-02, 
 2DIAGNOSTIC,     8, -4.225552620269e-01, 1.797693134862e+308, 3.8967e+01, 9.1702e-02, 
 2DIAGNOSTIC,     9, -4.225910510072e-01, 1.797693134862e+308, 3.9026e+01, 5.8723e-02, 
 2DIAGNOSTIC,    10, -4.226257714658e-01, 1.055442146189e-03, 3.9085e+01, 5.9751e-02, 
 2DIAGNOSTIC,    11, -4.226359564226e-01, 6.812327957107e-04, 3.9145e+01, 5.9486e-02, 
 2DIAGNOSTIC,    12, -4.227651085245e-01, 3.848994801070e-04, 3.9204e+01, 5.9066e-02, 
 2DIAGNOSTIC,    13, -4.231468772777e-01, 1.987447392792e-04, 3.9340e+01, 1.3614e-01, 
 2DIAGNOSTIC,    14, -4.231802219217e-01, 1.135582320759e-04, 3.9410e+01, 6.9942e-02, 
 2DIAGNOSTIC,    15, -4.231519537287e-01, 9.552927300245e-05, 3.9480e+01, 7.0086e-02, 
 2DIAGNOSTIC,    16, -4.231139656761e-01, 8.425028056475e-05, 3.9539e+01, 5.8814e-02, 
 2DIAGNOSTIC,    17, -4.230756549437e-01, 6.785558865921e-05, 3.9598e+01, 5.9170e-02, 
 2DIAGNOSTIC,    18, -4.230777868007e-01, 5.425004160435e-05, 3.9657e+01, 5.9063e-02, 
 2DIAGNOSTIC,    19, -4.230372360108e-01, 3.698666917091e-05, 3.9716e+01, 5.8378e-02, 
 2DIAGNOSTIC,    20, -4.230395787680e-01, 1.971081134822e-05, 3.9774e+01, 5.8710e-02, 
 2DIAGNOSTIC,    21, -4.230438546329e-01, 2.919543727109e-06, 3.9833e+01, 5.8508e-02, 
DIAGNOSTIC,Iteration,metricValue,convergenceValue,ITERATION_TIME_INDEX,SINCE_LAST
 2DIAGNOSTIC,     1, -3.525934996217e-01, 1.797693134862e+308, 4.8982e+01, 9.1488e+00, 
 2DIAGNOSTIC,     2, -3.529926915906e-01, 1.797693134862e+308, 4.9457e+01, 4.7535e-01, 
 2DIAGNOSTIC,     3, -3.533318146463e-01, 1.797693134862e+308, 4.9938e+01, 4.8104e-01, 
 2DIAGNOSTIC,     4, -3.535879842700e-01, 1.797693134862e+308, 5.0416e+01, 4.7777e-01, 
 2DIAGNOSTIC,     5, -3.538073257318e-01, 1.797693134862e+308, 5.0898e+01, 4.8220e-01, 
 2DIAGNOSTIC,     6, -3.541346946247e-01, 1.797693134862e+308, 5.1380e+01, 4.8209e-01, 
 2DIAGNOSTIC,     7, -3.544948527028e-01, 1.797693134862e+308, 5.2052e+01, 6.7217e-01, 
 2DIAGNOSTIC,     8, -3.546081754249e-01, 1.797693134862e+308, 5.2912e+01, 8.5980e-01, 
 2DIAGNOSTIC,     9, -3.546124641431e-01, 1.797693134862e+308, 5.3389e+01, 4.7742e-01, 
 2DIAGNOSTIC,    10, -3.546823466934e-01, 3.949007791090e-04, 5.3966e+01, 5.7684e-01, 
 2DIAGNOSTIC,    11, -3.547128873714e-01, 2.987202457233e-04, 5.4538e+01, 5.7214e-01, 
 2DIAGNOSTIC,    12, -3.547210403405e-01, 2.186127760490e-04, 5.5112e+01, 5.7355e-01, 
 2DIAGNOSTIC,    13, -3.547411707529e-01, 1.534525649475e-04, 5.5684e+01, 5.7215e-01, 
 2DIAGNOSTIC,    14, -3.547544225090e-01, 9.950833153131e-05, 5.6161e+01, 4.7674e-01, 
 2DIAGNOSTIC,    15, -3.547710075433e-01, 5.627294155196e-05, 5.6643e+01, 4.8231e-01, 
 2DIAGNOSTIC,    16, -3.548064039244e-01, 3.119176532762e-05, 5.7311e+01, 6.6754e-01, 
 2DIAGNOSTIC,    17, -3.547958069295e-01, 2.273452426672e-05, 5.7883e+01, 5.7231e-01, 
 2DIAGNOSTIC,    18, -3.548023215678e-01, 1.871245283794e-05, 5.8554e+01, 6.7072e-01, 
 2DIAGNOSTIC,    19, -3.548015336100e-01, 1.362463310661e-05, 5.9128e+01, 5.7457e-01, 
 2DIAGNOSTIC,    20, -3.547994803631e-01, 1.061696704237e-05, 5.9701e+01, 5.7247e-01, 
 2DIAGNOSTIC,    21, -3.547973821170e-01, 8.132672358316e-06, 6.0178e+01, 4.7726e-01, 
 2DIAGNOSTIC,    22, -3.547966967573e-01, 5.525260374624e-06, 6.0752e+01, 5.7371e-01, 
 2DIAGNOSTIC,    23, -3.548085452639e-01, 3.888530853952e-06, 6.1326e+01, 5.7380e-01, 
 2DIAGNOSTIC,    24, -3.548174178990e-01, 2.872631139170e-06, 6.1804e+01, 4.7791e-01, 
 2DIAGNOSTIC,    25, -3.548248459116e-01, 2.527465385475e-06, 6.2282e+01, 4.7817e-01, 
 2DIAGNOSTIC,    26, -3.548279660132e-01, 3.294355341382e-06, 6.2760e+01, 4.7868e-01, 
 2DIAGNOSTIC,    27, -3.548578582625e-01, 4.379140567272e-06, 6.3335e+01, 5.7439e-01, 
 2DIAGNOSTIC,    28, -3.548873744130e-01, 6.088684782614e-06, 6.3813e+01, 4.7820e-01, 
 2DIAGNOSTIC,    29, -3.549589928182e-01, 9.153181435954e-06, 6.4386e+01, 5.7325e-01, 
 2DIAGNOSTIC,    30, -3.551577146698e-01, 1.647650400784e-05, 6.5244e+01, 8.5819e-01, 
 2DIAGNOSTIC,    31, -3.551616030514e-01, 2.180447498189e-05, 6.5724e+01, 4.7969e-01, 
 2DIAGNOSTIC,    32, -3.551528256412e-01, 2.466109630678e-05, 6.6205e+01, 4.8080e-01, 
 2DIAGNOSTIC,    33, -3.551559312504e-01, 2.552471319044e-05, 6.6684e+01, 4.7877e-01, 
 2DIAGNOSTIC,    34, -3.551617263753e-01, 2.430724234481e-05, 6.7351e+01, 6.6706e-01, 
 2DIAGNOSTIC,    35, -3.551638465320e-01, 2.108532643306e-05, 6.7927e+01, 5.7608e-01, 
 2DIAGNOSTIC,    36, -3.551611988188e-01, 1.613349253841e-05, 6.8499e+01, 5.7225e-01, 
 2DIAGNOSTIC,    37, -3.551577752975e-01, 1.064933008050e-05, 6.8977e+01, 4.7771e-01, 
 2DIAGNOSTIC,    38, -3.551546459200e-01, 5.088296496765e-06, 6.9549e+01, 5.7214e-01, 
DIAGNOSTIC,Iteration,metricValue,convergenceValue,ITERATION_TIME_INDEX,SINCE_LAST
 2DIAGNOSTIC,     1, -3.084959032958e-01, 1.797693134862e+308, 7.8864e+01, 9.3147e+00, 
  Elapsed time (stage 0): 8.0813e+01


Stage 1
  iterations = 1000x500x250x0
  convergence threshold = 1.0000e-06
  convergence window size = 10
  number of levels = 4
  using the Mattes MI metric (number of bins = 32, weight = 1.0000e+00)
  preprocessing:  winsorizing the image intensities
  Shrink factors (level 1 out of 4): [12, 12, 12]
  Shrink factors (level 2 out of 4): [8, 8, 8]
  Shrink factors (level 3 out of 4): [4, 4, 4]
  Shrink factors (level 4 out of 4): [2, 2, 2]
  smoothing sigmas per level: [4, 3, 2, 1]
  regular sampling (percentage = 2.5000e-01)

*** Running AffineTransform registration ***

DIAGNOSTIC,Iteration,metricValue,convergenceValue,ITERATION_TIME_INDEX,SINCE_LAST
 2DIAGNOSTIC,     1, -4.743849619453e-01, 1.797693134862e+308, 2.1557e+01, 2.1557e+01, 
 2DIAGNOSTIC,     2, -4.756101564494e-01, 1.797693134862e+308, 2.1575e+01, 1.7630e-02, 
 2DIAGNOSTIC,     3, -4.772185337629e-01, 1.797693134862e+308, 2.1589e+01, 1.4166e-02, 
 2DIAGNOSTIC,     4, -4.797056580620e-01, 1.797693134862e+308, 2.1603e+01, 1.4089e-02, 
 2DIAGNOSTIC,     5, -4.873765367330e-01, 1.797693134862e+308, 2.1620e+01, 1.6499e-02, 
 2DIAGNOSTIC,     6, -4.938417569644e-01, 1.797693134862e+308, 2.1651e+01, 3.0860e-02, 
 2DIAGNOSTIC,     7, -4.941217790296e-01, 1.797693134862e+308, 2.1694e+01, 4.3250e-02, 
 2DIAGNOSTIC,     8, -4.941217773782e-01, 1.797693134862e+308, 2.1708e+01, 1.3880e-02, 
 2DIAGNOSTIC,     9, -4.941217790527e-01, 1.797693134862e+308, 2.1722e+01, 1.4068e-02, 
 2DIAGNOSTIC,    10, -4.941217818843e-01, 3.250095107575e-03, 2.1736e+01, 1.4043e-02, 
 2DIAGNOSTIC,    11, -4.941217866724e-01, 2.474193835168e-03, 2.1750e+01, 1.4382e-02, 
 2DIAGNOSTIC,    12, -4.941217947690e-01, 1.671359178619e-03, 2.1764e+01, 1.4051e-02, 
 2DIAGNOSTIC,    13, -4.941218084600e-01, 9.206578802314e-04, 2.1778e+01, 1.4181e-02, 
 2DIAGNOSTIC,    14, -4.941218316107e-01, 2.926909652734e-04, 2.1793e+01, 1.4279e-02, 
 2DIAGNOSTIC,    15, -4.941218707569e-01, 1.299901754456e-05, 2.1807e+01, 1.4225e-02, 
 2DIAGNOSTIC,    16, -4.941219369484e-01, 2.018101713228e-06, 2.1821e+01, 1.4145e-02, 
 2DIAGNOSTIC,    17, -4.941220488658e-01, 1.905294654672e-06, 2.1835e+01, 1.4076e-02, 
 2DIAGNOSTIC,    18, -4.941222380839e-01, 1.809549147240e-06, 2.1849e+01, 1.3995e-02, 
 2DIAGNOSTIC,    19, -4.941225579562e-01, 1.731173988502e-06, 2.1863e+01, 1.4023e-02, 
 2DIAGNOSTIC,    20, -4.941230985904e-01, 1.672266517212e-06, 2.1877e+01, 1.3797e-02, 
 2DIAGNOSTIC,    21, -4.941240120392e-01, 1.637616295090e-06, 2.1891e+01, 1.4027e-02, 
 2DIAGNOSTIC,    22, -4.941255551578e-01, 1.636124442227e-06, 2.1905e+01, 1.4082e-02, 
 2DIAGNOSTIC,    23, -4.941281588818e-01, 1.683117512363e-06, 2.1919e+01, 1.4085e-02, 
 2DIAGNOSTIC,    24, -4.941325442574e-01, 1.804115325570e-06, 2.1933e+01, 1.4248e-02, 
 2DIAGNOSTIC,    25, -4.941399102393e-01, 2.040814656136e-06, 2.1947e+01, 1.4087e-02, 
 2DIAGNOSTIC,    26, -4.941522258555e-01, 2.460243846078e-06, 2.1962e+01, 1.4191e-02, 
 2DIAGNOSTIC,    27, -4.941726627326e-01, 3.168101776814e-06, 2.1976e+01, 1.4104e-02, 
 2DIAGNOSTIC,    28, -4.942061454971e-01, 4.325959667997e-06, 2.1990e+01, 1.4198e-02, 
 2DIAGNOSTIC,    29, -4.942599982477e-01, 6.171074276702e-06, 2.2004e+01, 1.4131e-02, 
 2DIAGNOSTIC,    30, -4.943434739631e-01, 9.013985544273e-06, 2.2018e+01, 1.3767e-02, 
 2DIAGNOSTIC,    31, -4.944646630504e-01, 1.316989858065e-05, 2.2032e+01, 1.4094e-02, 
 2DIAGNOSTIC,    32, -4.946312664820e-01, 1.891499051514e-05, 2.2046e+01, 1.4068e-02, 
 2DIAGNOSTIC,    33, -4.948379534795e-01, 2.622915617877e-05, 2.2060e+01, 1.4082e-02, 
 2DIAGNOSTIC,    34, -4.952333366224e-01, 3.745335202606e-05, 2.2074e+01, 1.4253e-02, 
 2DIAGNOSTIC,    35, -4.954703401407e-01, 4.846765136219e-05, 2.2089e+01, 1.4274e-02, 
 2DIAGNOSTIC,    36, -4.957791097667e-01, 5.947885299441e-05, 2.2103e+01, 1.4183e-02, 
 2DIAGNOSTIC,    37, -4.967881976352e-01, 8.033596358034e-05, 2.2119e+01, 1.5900e-02, 
 2DIAGNOSTIC,    38, -4.974390676743e-01, 1.025228627338e-04, 2.2140e+01, 2.0878e-02, 
 2DIAGNOSTIC,    39, -4.976622558744e-01, 1.178518098845e-04, 2.2154e+01, 1.4256e-02, 
 2DIAGNOSTIC,    40, -4.977966881039e-01, 1.245798560711e-04, 2.2168e+01, 1.4110e-02, 
 2DIAGNOSTIC,    41, -4.980092032814e-01, 1.239121010697e-04, 2.2185e+01, 1.7465e-02, 
 2DIAGNOSTIC,    42, -4.980922089922e-01, 1.146910017282e-04, 2.2201e+01, 1.5839e-02, 
 2DIAGNOSTIC,    43, -4.981846585790e-01, 9.880708188598e-05, 2.2219e+01, 1.7455e-02, 
 2DIAGNOSTIC,    44, -4.986013895302e-01, 8.502658529705e-05, 2.2233e+01, 1.4216e-02, 
 2DIAGNOSTIC,    45, -4.988408025610e-01, 6.991071464403e-05, 2.2247e+01, 1.4257e-02, 
 2DIAGNOSTIC,    46, -4.999608001857e-01, 6.644791195053e-05, 2.2265e+01, 1.7681e-02, 
 2DIAGNOSTIC,    47, -5.006912696128e-01, 7.767596527207e-05, 2.2283e+01, 1.7750e-02, 
 2DIAGNOSTIC,    48, -5.016603066086e-01, 1.003795584404e-04, 2.2298e+01, 1.5907e-02, 
 2DIAGNOSTIC,    49, -5.027099216017e-01, 1.274269321643e-04, 2.2313e+01, 1.4016e-02, 
 2DIAGNOSTIC,    50, -5.026789078539e-01, 1.421876342379e-04, 2.2328e+01, 1.5892e-02, 
 2DIAGNOSTIC,    51, -5.027348730090e-01, 1.459561319379e-04, 2.2342e+01, 1.3929e-02, 
 2DIAGNOSTIC,    52, -5.026234628899e-01, 1.353407541500e-04, 2.2356e+01, 1.3848e-02, 
 2DIAGNOSTIC,    53, -5.025524108381e-01, 1.123261539112e-04, 2.2370e+01, 1.3950e-02, 
 2DIAGNOSTIC,    54, -5.026271644088e-01, 8.467186736679e-05, 2.2386e+01, 1.5516e-02, 
 2DIAGNOSTIC,    55, -5.026600355180e-01, 5.264335692889e-05, 2.2404e+01, 1.8739e-02, 
 2DIAGNOSTIC,    56, -5.026876306848e-01, 2.860566079615e-05, 2.2418e+01, 1.3859e-02, 
 2DIAGNOSTIC,    57, -5.027061858172e-01, 1.014370343677e-05, 2.2432e+01, 1.4044e-02, 
 2DIAGNOSTIC,    58, -5.027386492876e-01, 1.039349857734e-06, 2.2450e+01, 1.7266e-02, 
 2DIAGNOSTIC,    59, -5.027529731685e-01, 2.530452728477e-06, 2.2463e+01, 1.3890e-02, 
 2DIAGNOSTIC,    60, -5.027752860981e-01, 3.651701519145e-06, 2.2477e+01, 1.3866e-02, 
 2DIAGNOSTIC,    61, -5.028086701814e-01, 5.303808953736e-06, 2.2496e+01, 1.8650e-02, 
 2DIAGNOSTIC,    62, -5.028270725503e-01, 5.605483238993e-06, 2.2510e+01, 1.3844e-02, 
 2DIAGNOSTIC,    63, -5.028388219143e-01, 4.852835716239e-06, 2.2524e+01, 1.3883e-02, 
 2DIAGNOSTIC,    64, -5.028582566143e-01, 4.546481400546e-06, 2.2538e+01, 1.3889e-02, 
 2DIAGNOSTIC,    65, -5.027901665422e-01, 3.543814721094e-06, 2.2554e+01, 1.6186e-02, 
 2DIAGNOSTIC,    66, -5.036522862057e-01, 1.001386990286e-05, 2.2573e+01, 1.9457e-02, 
 2DIAGNOSTIC,    67, -5.035519301401e-01, 1.444886701444e-05, 2.2589e+01, 1.5872e-02, 
 2DIAGNOSTIC,    68, -5.034199697652e-01, 1.667093058954e-05, 2.2604e+01, 1.4547e-02, 
 2DIAGNOSTIC,    69, -5.033197262280e-01, 1.669146812349e-05, 2.2618e+01, 1.4407e-02, 
 2DIAGNOSTIC,    70, -5.034267731214e-01, 1.617971840547e-05, 2.2634e+01, 1.5944e-02, 
 2DIAGNOSTIC,    71, -5.034727747688e-01, 1.464231199002e-05, 2.2651e+01, 1.7454e-02, 
 2DIAGNOSTIC,    72, -5.036981547547e-01, 1.368537112442e-05, 2.2667e+01, 1.5708e-02, 
 2DIAGNOSTIC,    73, -5.037298531098e-01, 1.190875415293e-05, 2.2681e+01, 1.4045e-02, 
 2DIAGNOSTIC,    74, -5.039550710513e-01, 1.108117564439e-05, 2.2699e+01, 1.7449e-02, 
 2DIAGNOSTIC,    75, -5.039760310294e-01, 8.644975431869e-06, 2.2714e+01, 1.5830e-02, 
 2DIAGNOSTIC,    76, -5.041377734251e-01, 1.318330587683e-05, 2.2731e+01, 1.6213e-02, 
 2DIAGNOSTIC,    77, -5.056979309512e-01, 2.720016889897e-05, 2.2747e+01, 1.5936e-02, 
 2DIAGNOSTIC,    78, -5.058806767756e-01, 3.834761908838e-05, 2.2761e+01, 1.4179e-02, 
 2DIAGNOSTIC,    79, -5.059638440127e-01, 4.551845657177e-05, 2.2775e+01, 1.4120e-02, 
 2DIAGNOSTIC,    80, -5.060322109944e-01, 4.958388950839e-05, 2.2789e+01, 1.4052e-02, 
 2DIAGNOSTIC,    81, -5.061960996668e-01, 5.021250415281e-05, 2.2806e+01, 1.7519e-02, 
 2DIAGNOSTIC,    82, -5.061330942766e-01, 4.694926449071e-05, 2.2830e+01, 2.3749e-02, 
 2DIAGNOSTIC,    83, -5.064872548771e-01, 4.186623215925e-05, 2.2844e+01, 1.4085e-02, 
 2DIAGNOSTIC,    84, -5.064915923425e-01, 3.456804271795e-05, 2.2858e+01, 1.4120e-02, 
 2DIAGNOSTIC,    85, -5.063156179219e-01, 2.322257773989e-05, 2.2874e+01, 1.5704e-02, 
 2DIAGNOSTIC,    86, -5.061419429301e-01, 9.638634042885e-06, 2.2888e+01, 1.4034e-02, 
 2DIAGNOSTIC,    87, -5.061556892485e-01, 5.786591289973e-06, 2.2902e+01, 1.4104e-02, 
 2DIAGNOSTIC,    88, -5.061757026150e-01, 2.748927750906e-06, 2.2916e+01, 1.4020e-02, 
DIAGNOSTIC,Iteration,metricValue,convergenceValue,ITERATION_TIME_INDEX,SINCE_LAST
 2DIAGNOSTIC,     1, -4.372152100812e-01, 1.797693134862e+308, 3.8416e+01, 1.5500e+01, 
 2DIAGNOSTIC,     2, -4.380174212948e-01, 1.797693134862e+308, 3.8485e+01, 6.8720e-02, 
 2DIAGNOSTIC,     3, -4.388721501892e-01, 1.797693134862e+308, 3.8553e+01, 6.8299e-02, 
 2DIAGNOSTIC,     4, -4.397281573198e-01, 1.797693134862e+308, 3.8621e+01, 6.8103e-02, 
 2DIAGNOSTIC,     5, -4.406591246438e-01, 1.797693134862e+308, 3.8689e+01, 6.8001e-02, 
 2DIAGNOSTIC,     6, -4.415793451883e-01, 1.797693134862e+308, 3.8757e+01, 6.8225e-02, 
 2DIAGNOSTIC,     7, -4.431510808636e-01, 1.797693134862e+308, 3.8837e+01, 7.9436e-02, 
 2DIAGNOSTIC,     8, -4.487641404184e-01, 1.797693134862e+308, 3.8926e+01, 8.9419e-02, 
 2DIAGNOSTIC,     9, -4.500632183368e-01, 1.797693134862e+308, 3.9015e+01, 8.9169e-02, 
 2DIAGNOSTIC,    10, -4.502168878479e-01, 2.071134654799e-03, 3.9138e+01, 1.2251e-01, 
 2DIAGNOSTIC,    11, -4.502417723368e-01, 1.950737107815e-03, 3.9205e+01, 6.7390e-02, 
 2DIAGNOSTIC,    12, -4.501272418323e-01, 1.711489427888e-03, 3.9283e+01, 7.8251e-02, 
 2DIAGNOSTIC,    13, -4.501564567228e-01, 1.394047985995e-03, 3.9351e+01, 6.7987e-02, 
 2DIAGNOSTIC,    14, -4.501053888013e-01, 1.031330589044e-03, 3.9419e+01, 6.7230e-02, 
 2DIAGNOSTIC,    15, -4.501209496970e-01, 6.671600143566e-04, 3.9498e+01, 7.9019e-02, 
 2DIAGNOSTIC,    16, -4.501703446668e-01, 3.283863718798e-04, 3.9576e+01, 7.8371e-02, 
 2DIAGNOSTIC,    17, -4.501600176859e-01, 5.300866956186e-05, 3.9654e+01, 7.8434e-02, 
DIAGNOSTIC,Iteration,metricValue,convergenceValue,ITERATION_TIME_INDEX,SINCE_LAST
 2DIAGNOSTIC,     1, -3.841650880594e-01, 1.797693134862e+308, 4.8563e+01, 8.9089e+00, 
 2DIAGNOSTIC,     2, -3.844815111793e-01, 1.797693134862e+308, 4.9130e+01, 5.6666e-01, 
 2DIAGNOSTIC,     3, -3.846682629705e-01, 1.797693134862e+308, 4.9796e+01, 6.6566e-01, 
 2DIAGNOSTIC,     4, -3.846777380531e-01, 1.797693134862e+308, 5.0557e+01, 7.6135e-01, 
 2DIAGNOSTIC,     5, -3.846808335537e-01, 1.797693134862e+308, 5.1413e+01, 8.5634e-01, 
 2DIAGNOSTIC,     6, -3.846800769545e-01, 1.797693134862e+308, 5.2079e+01, 6.6551e-01, 
 2DIAGNOSTIC,     7, -3.846778343043e-01, 1.797693134862e+308, 5.2744e+01, 6.6529e-01, 
 2DIAGNOSTIC,     8, -3.846717960221e-01, 1.797693134862e+308, 5.3313e+01, 5.6855e-01, 
 2DIAGNOSTIC,     9, -3.846712798384e-01, 1.797693134862e+308, 5.3978e+01, 6.6555e-01, 
 2DIAGNOSTIC,    10, -3.846774333557e-01, 5.346900899243e-05, 5.4931e+01, 9.5267e-01, 
 2DIAGNOSTIC,    11, -3.846686187914e-01, 1.538698662576e-05, 5.5595e+01, 6.6453e-01, 
 2DIAGNOSTIC,    12, -3.846648550740e-01, 1.489549987160e-06, 5.6251e+01, 6.5587e-01, 
DIAGNOSTIC,Iteration,metricValue,convergenceValue,ITERATION_TIME_INDEX,SINCE_LAST
 2DIAGNOSTIC,     1, -3.309026898201e-01, 1.797693134862e+308, 6.5758e+01, 9.5071e+00, 
  Elapsed time (stage 1): 6.7570e+01


Stage 2
  iterations = 100x100x70x50x0
  convergence threshold = 1.0000e-06
  convergence window size = 10
  number of levels = 5
  using the Mattes MI metric (number of bins = 32, weight = 1.0000e+00)
  preprocessing:  winsorizing the image intensities
  Shrink factors (level 1 out of 5): [10, 10, 10]
  Shrink factors (level 2 out of 5): [6, 6, 6]
  Shrink factors (level 3 out of 5): [4, 4, 4]
  Shrink factors (level 4 out of 5): [2, 2, 2]
  Shrink factors (level 5 out of 5): [1, 1, 1]
  smoothing sigmas per level: [5, 3, 2, 1, 0]
  Using default NONE metricSamplingStrategy 

*** Running SyN registration (varianceForUpdateField = 3.0000e+00, varianceForTotalField = 0.0000e+00) ***

XXDIAGNOSTIC,Iteration,metricValue,convergenceValue,ITERATION_TIME_INDEX,SINCE_LAST
 1DIAGNOSTIC,     1, -5.084419233419e-01, 1.797693134862e+308, 3.4226e+01, 3.4226e+01, 
 1DIAGNOSTIC,     2, -5.241825323172e-01, 1.797693134862e+308, 3.4365e+01, 1.3882e-01, 
 1DIAGNOSTIC,     3, -5.317281605180e-01, 1.797693134862e+308, 3.4501e+01, 1.3549e-01, 
 1DIAGNOSTIC,     4, -5.330149348911e-01, 1.797693134862e+308, 3.4637e+01, 1.3609e-01, 
 1DIAGNOSTIC,     5, -5.322943623580e-01, 1.797693134862e+308, 3.4772e+01, 1.3566e-01, 
 1DIAGNOSTIC,     6, -5.290477967688e-01, 1.797693134862e+308, 3.4908e+01, 1.3575e-01, 
 1DIAGNOSTIC,     7, -5.262164977819e-01, 1.797693134862e+308, 3.5044e+01, 1.3620e-01, 
 1DIAGNOSTIC,     8, -5.240757134816e-01, 1.797693134862e+308, 3.5180e+01, 1.3589e-01, 
 1DIAGNOSTIC,     9, -5.237486734405e-01, 1.797693134862e+308, 3.5316e+01, 1.3625e-01, 
 1DIAGNOSTIC,    10, -5.194118280139e-01, 8.476228808652e-05, 3.5453e+01, 1.3701e-01, 
 1DIAGNOSTIC,    11, -5.177817245100e-01, -1.374840205775e-03, 3.5590e+01, 1.3644e-01, 
XXDIAGNOSTIC,Iteration,metricValue,convergenceValue,ITERATION_TIME_INDEX,SINCE_LAST
 1DIAGNOSTIC,     1, -4.124450699951e-01, 1.797693134862e+308, 5.1783e+01, 1.6193e+01, 
 1DIAGNOSTIC,     2, -4.141443464189e-01, 1.797693134862e+308, 5.2334e+01, 5.5043e-01, 
 1DIAGNOSTIC,     3, -4.143988753247e-01, 1.797693134862e+308, 5.2898e+01, 5.6452e-01, 
 1DIAGNOSTIC,     4, -4.137847437394e-01, 1.797693134862e+308, 5.3445e+01, 5.4732e-01, 
 1DIAGNOSTIC,     5, -4.135264120994e-01, 1.797693134862e+308, 5.4007e+01, 5.6196e-01, 
 1DIAGNOSTIC,     6, -4.132139854122e-01, 1.797693134862e+308, 5.4555e+01, 5.4812e-01, 
 1DIAGNOSTIC,     7, -4.121668698860e-01, 1.797693134862e+308, 5.5105e+01, 5.4922e-01, 
 1DIAGNOSTIC,     8, -4.113922332982e-01, 1.797693134862e+308, 5.5651e+01, 5.4653e-01, 
 1DIAGNOSTIC,     9, -4.101061910412e-01, 1.797693134862e+308, 5.6198e+01, 5.4694e-01, 
 1DIAGNOSTIC,    10, -4.093078453224e-01, -6.571522078185e-04, 5.6749e+01, 5.5116e-01, 
XXDIAGNOSTIC,Iteration,metricValue,convergenceValue,ITERATION_TIME_INDEX,SINCE_LAST
 1DIAGNOSTIC,     1, -3.519218391892e-01, 1.797693134862e+308, 6.7152e+01, 1.0402e+01, 
 1DIAGNOSTIC,     2, -3.529809245083e-01, 1.797693134862e+308, 6.8930e+01, 1.7781e+00, 
 1DIAGNOSTIC,     3, -3.538259673703e-01, 1.797693134862e+308, 7.0664e+01, 1.7341e+00, 
 1DIAGNOSTIC,     4, -3.542703317979e-01, 1.797693134862e+308, 7.2389e+01, 1.7256e+00, 
 1DIAGNOSTIC,     5, -3.545766636345e-01, 1.797693134862e+308, 7.4109e+01, 1.7191e+00, 
 1DIAGNOSTIC,     6, -3.548125073587e-01, 1.797693134862e+308, 7.5828e+01, 1.7195e+00, 
 1DIAGNOSTIC,     7, -3.550384315520e-01, 1.797693134862e+308, 7.7558e+01, 1.7302e+00, 
 1DIAGNOSTIC,     8, -3.551595535736e-01, 1.797693134862e+308, 7.9281e+01, 1.7232e+00, 
 1DIAGNOSTIC,     9, -3.549483861236e-01, 1.797693134862e+308, 8.1000e+01, 1.7184e+00, 
 1DIAGNOSTIC,    10, -3.546951248445e-01, 4.706284692050e-04, 8.2723e+01, 1.7234e+00, 
 1DIAGNOSTIC,    11, -3.543565719968e-01, 2.159098775896e-04, 8.4456e+01, 1.7326e+00, 
 1DIAGNOSTIC,    12, -3.539953822096e-01, 3.016281700244e-05, 8.6179e+01, 1.7230e+00, 
 1DIAGNOSTIC,    13, -3.537208320450e-01, -9.461989591054e-05, 8.7902e+01, 1.7231e+00, 
XXDIAGNOSTIC,Iteration,metricValue,convergenceValue,ITERATION_TIME_INDEX,SINCE_LAST
 1DIAGNOSTIC,     1, -3.008797280354e-01, 1.797693134862e+308, 1.0715e+02, 1.9249e+01, 
 1DIAGNOSTIC,     2, -3.017332136922e-01, 1.797693134862e+308, 1.1994e+02, 1.2784e+01, 
 1DIAGNOSTIC,     3, -3.026035757416e-01, 1.797693134862e+308, 1.3273e+02, 1.2798e+01, 
 1DIAGNOSTIC,     4, -3.034081060088e-01, 1.797693134862e+308, 1.4550e+02, 1.2770e+01, 
 1DIAGNOSTIC,     5, -3.041662328653e-01, 1.797693134862e+308, 1.5814e+02, 1.2637e+01, 
 1DIAGNOSTIC,     6, -3.048508481750e-01, 1.797693134862e+308, 1.7075e+02, 1.2605e+01, 
 1DIAGNOSTIC,     7, -3.054914067445e-01, 1.797693134862e+308, 1.8380e+02, 1.3051e+01, 
 1DIAGNOSTIC,     8, -3.061181083617e-01, 1.797693134862e+308, 1.9642e+02, 1.2619e+01, 
 1DIAGNOSTIC,     9, -3.066587973664e-01, 1.797693134862e+308, 2.0948e+02, 1.3066e+01, 
 1DIAGNOSTIC,    10, -3.071398418761e-01, 1.321604931587e-03, 2.2253e+02, 1.3045e+01, 
 1DIAGNOSTIC,    11, -3.075771473265e-01, 1.114606424230e-03, 2.3574e+02, 1.3217e+01, 
 1DIAGNOSTIC,    12, -3.079412804108e-01, 9.360381327744e-04, 2.4881e+02, 1.3064e+01, 
 1DIAGNOSTIC,    13, -3.081695941556e-01, 7.785832798798e-04, 2.6148e+02, 1.2670e+01, 
 1DIAGNOSTIC,    14, -3.083387624739e-01, 6.373413757986e-04, 2.7499e+02, 1.3518e+01, 
 1DIAGNOSTIC,    15, -3.085487925304e-01, 5.165764772398e-04, 2.8806e+02, 1.3069e+01, 
 1DIAGNOSTIC,    16, -3.087392280810e-01, 4.139746228725e-04, 3.0155e+02, 1.3487e+01, 
 1DIAGNOSTIC,    17, -3.089908479907e-01, 3.337063757753e-04, 3.1463e+02, 1.3085e+01, 
 1DIAGNOSTIC,    18, -3.092469280355e-01, 2.768105198812e-04, 3.2817e+02, 1.3535e+01, 
 1DIAGNOSTIC,    19, -3.095281702694e-01, 2.402112266140e-04, 3.4164e+02, 1.3474e+01, 
 1DIAGNOSTIC,    20, -3.097514060946e-01, 2.173299642587e-04, 3.5529e+02, 1.3645e+01, 
 1DIAGNOSTIC,    21, -3.099628279258e-01, 2.048038608112e-04, 3.6900e+02, 1.3712e+01, 
 1DIAGNOSTIC,    22, -3.101381678181e-01, 1.969244533542e-04, 3.8273e+02, 1.3730e+01, 
 1DIAGNOSTIC,    23, -3.103149907328e-01, 1.875861142735e-04, 3.9643e+02, 1.3705e+01, 
 1DIAGNOSTIC,    24, -3.104629795120e-01, 1.735959708026e-04, 4.1008e+02, 1.3645e+01, 
 1DIAGNOSTIC,    25, -3.105972930818e-01, 1.571911785846e-04, 4.2381e+02, 1.3726e+01, 
 1DIAGNOSTIC,    26, -3.106836929950e-01, 1.371128932746e-04, 4.3744e+02, 1.3637e+01, 
 1DIAGNOSTIC,    27, -3.107497020806e-01, 1.165069312720e-04, 4.5108e+02, 1.3634e+01, 
 1DIAGNOSTIC,    28, -3.108298182103e-01, 9.744919637304e-05, 4.6462e+02, 1.3547e+01, 
 1DIAGNOSTIC,    29, -3.108835589888e-01, 8.114349991899e-05, 4.7811e+02, 1.3482e+01, 
 1DIAGNOSTIC,    30, -3.109193196943e-01, 6.622635004197e-05, 4.9168e+02, 1.3572e+01, 
 1DIAGNOSTIC,    31, -3.110541550798e-01, 5.637043408819e-05, 5.0520e+02, 1.3524e+01, 
 1DIAGNOSTIC,    32, -3.111701877630e-01, 5.013957551255e-05, 5.1880e+02, 1.3595e+01, 
 1DIAGNOSTIC,    33, -3.113020947481e-01, 4.814347126434e-05, 5.3237e+02, 1.3570e+01, 
 1DIAGNOSTIC,    34, -3.114089383540e-01, 4.861092617583e-05, 5.4588e+02, 1.3517e+01, 
 1DIAGNOSTIC,    35, -3.115212409279e-01, 5.098437122077e-05, 5.5937e+02, 1.3482e+01, 
 1DIAGNOSTIC,    36, -3.115970141939e-01, 5.254706034540e-05, 5.7289e+02, 1.3524e+01, 
 1DIAGNOSTIC,    37, -3.116807816291e-01, 5.276118623924e-05, 5.8639e+02, 1.3499e+01, 
 1DIAGNOSTIC,    38, -3.117450900656e-01, 5.148340799416e-05, 5.9988e+02, 1.3496e+01, 
 1DIAGNOSTIC,    39, -3.118245887039e-01, 4.859621191186e-05, 6.1336e+02, 1.3477e+01, 
 1DIAGNOSTIC,    40, -3.118687908660e-01, 4.307005919059e-05, 6.2685e+02, 1.3490e+01, 
 1DIAGNOSTIC,    41, -3.119347036162e-01, 3.826066280946e-05, 6.4033e+02, 1.3479e+01, 
 1DIAGNOSTIC,    42, -3.119676212484e-01, 3.330924946823e-05, 6.5397e+02, 1.3641e+01, 
 1DIAGNOSTIC,    43, -3.119997718634e-01, 2.895677095376e-05, 6.6760e+02, 1.3628e+01, 
 1DIAGNOSTIC,    44, -3.120196931666e-01, 2.471262217969e-05, 6.8124e+02, 1.3641e+01, 
 1DIAGNOSTIC,    45, -3.120487262309e-01, 2.123169478362e-05, 6.9491e+02, 1.3665e+01, 
 1DIAGNOSTIC,    46, -3.120474151747e-01, 1.739259785545e-05, 7.0875e+02, 1.3847e+01, 
 1DIAGNOSTIC,    47, -3.120780196926e-01, 1.434940472620e-05, 7.2255e+02, 1.3795e+01, 
 1DIAGNOSTIC,    48, -3.120761029152e-01, 1.128477380725e-05, 7.3628e+02, 1.3732e+01, 
 1DIAGNOSTIC,    49, -3.120734940850e-01, 8.768999871536e-06, 7.5001e+02, 1.3733e+01, 
 1DIAGNOSTIC,    50, -3.120599191971e-01, 6.121730207340e-06, 7.6352e+02, 1.3508e+01, 
  Elapsed time (stage 2): 783.9


Total elapsed time: 932.3

--- Writing output images ---

Using double precision for computations.
Input scalar image: data/Segmentations/1005_3_seg.nii.gz
Reference image: data/template/T_template0_BrainCerebellum.nii.gz
=============================================================================
The composite transform comprises the following transforms (in order): 
  1. /tmp/1970983.1.basic.q/1005_ToTemplate_001_0GenericAffine.mat (type = AffineTransform)
  2. /tmp/1970983.1.basic.q/1005_ToTemplate_001_1Warp.nii.gz (type = DisplacementFieldTransform)
=============================================================================
Default pixel value: 0
Interpolation type: LabelImageGenericInterpolateImageFunction
Output warped image: output/1005/1005_WarpedLabels_001.nii.gz

--- Done ---

