
--- Running on compute-2-9.local ---


--- registration call ---
/data/jet/pcook/bin/antsBuild/bin/antsRegistrationSyNQuick.sh -d 3 -f data/template/T_template0_BrainCerebellum.nii.gz -m data/Brains/1002_3.nii.gz -t s -p d -n 1 -o /tmp/1971460.1.basic.q/1002_ToTemplate_003_
---


--------------------------------------------------------------------------------------
 Mapping parameters
--------------------------------------------------------------------------------------
 ANTSPATH is /data/jet/pcook/bin/antsBuild/bin/

 Dimensionality:           3
 Output name prefix:       /tmp/1971460.1.basic.q/1002_ToTemplate_003_
 Fixed images:             data/template/T_template0_BrainCerebellum.nii.gz
 Moving images:            data/Brains/1002_3.nii.gz
 Mask images:              
 Initial transforms:       
 Number of threads:        1
 Spline distance:          26
 Transform type:           s
 MI histogram bins:        32
 Precision:                d
 Use histogram matching    0
======================================================================================
 antsRegistration call:
--------------------------------------------------------------------------------------
/data/jet/pcook/bin/antsBuild/bin//antsRegistration --verbose 1 --dimensionality 3 --float 0 --collapse-output-transforms 1 --output [/tmp/1971460.1.basic.q/1002_ToTemplate_003_,/tmp/1971460.1.basic.q/1002_ToTemplate_003_Warped.nii.gz,/tmp/1971460.1.basic.q/1002_ToTemplate_003_InverseWarped.nii.gz] --interpolation Linear --use-histogram-matching 0 --winsorize-image-intensities [0.005,0.995] --initial-moving-transform [data/template/T_template0_BrainCerebellum.nii.gz,data/Brains/1002_3.nii.gz,1] --transform Rigid[0.1] --metric MI[data/template/T_template0_BrainCerebellum.nii.gz,data/Brains/1002_3.nii.gz,1,32,Regular,0.25] --convergence [1000x500x250x0,1e-6,10] --shrink-factors 12x8x4x2 --smoothing-sigmas 4x3x2x1vox --transform Affine[0.1] --metric MI[data/template/T_template0_BrainCerebellum.nii.gz,data/Brains/1002_3.nii.gz,1,32,Regular,0.25] --convergence [1000x500x250x0,1e-6,10] --shrink-factors 12x8x4x2 --smoothing-sigmas 4x3x2x1vox --transform SyN[0.1,3,0] --metric MI[data/template/T_template0_BrainCerebellum.nii.gz,data/Brains/1002_3.nii.gz,1,32] --convergence [100x100x70x50x0,1e-6,10] --shrink-factors 10x6x4x2x1 --smoothing-sigmas 5x3x2x1x0vox
--------------------------------------------------------------------------------------
All_Command_lines_OK
Using double precision for computations.
=============================================================================
The composite transform comprises the following transforms (in order): 
  1. Center of mass alignment using fixed image: data/template/T_template0_BrainCerebellum.nii.gz and moving image: data/Brains/1002_3.nii.gz (type = Euler3DTransform)
=============================================================================
  number of levels = 4
  number of levels = 4
  number of levels = 5
  fixed image: data/template/T_template0_BrainCerebellum.nii.gz
  moving image: data/Brains/1002_3.nii.gz
  fixed image: data/template/T_template0_BrainCerebellum.nii.gz
  moving image: data/Brains/1002_3.nii.gz
  fixed image: data/template/T_template0_BrainCerebellum.nii.gz
  moving image: data/Brains/1002_3.nii.gz
Dimension = 3
Number of stages = 3
Use Histogram Matching false
Winsorize image intensities true
Lower quantile = 0.005
Upper quantile = 0.995
Stage 1 State
   Image metric = Mattes
     Fixed image = Image (0x5037cf0)
  RTTI typeinfo:   itk::Image<double, 3u>
  Reference Count: 2
  Modified Time: 1611
  Debug: Off
  Object Name: 
  Observers: 
    none
  Source: (none)
  Source output name: (none)
  Release Data: Off
  Data Released: False
  Global Release Data: Off
  PipelineMTime: 0
  UpdateMTime: 1422
  RealTimeStamp: 0 seconds 
  LargestPossibleRegion: 
    Dimension: 3
    Index: [0, 0, 0]
    Size: [216, 256, 291]
  BufferedRegion: 
    Dimension: 3
    Index: [0, 0, 0]
    Size: [216, 256, 291]
  RequestedRegion: 
    Dimension: 3
    Index: [0, 0, 0]
    Size: [216, 256, 291]
  Spacing: [1, 1, 1]
  Origin: [0, 293, 0]
  Direction: 
1 0 0
0 -0 -1
0 -1 -0

  IndexToPointMatrix: 
1 0 0
0 0 -1
0 -1 0

  PointToIndexMatrix: 
1 0 0
0 0 -1
0 -1 0

  Inverse Direction: 
1 0 0
0 0 -1
0 -1 0

  PixelContainer: 
    ImportImageContainer (0x503b7f0)
      RTTI typeinfo:   itk::ImportImageContainer<unsigned long, double>
      Reference Count: 1
      Modified Time: 1419
      Debug: Off
      Object Name: 
      Observers: 
        none
      Pointer: 0x7fd9476c1010
      Container manages memory: true
      Size: 16091136
      Capacity: 16091136

     Moving image = Image (0x5039d50)
  RTTI typeinfo:   itk::Image<double, 3u>
  Reference Count: 2
  Modified Time: 1612
  Debug: Off
  Object Name: 
  Observers: 
    none
  Source: (none)
  Source output name: (none)
  Release Data: Off
  Data Released: False
  Global Release Data: Off
  PipelineMTime: 0
  UpdateMTime: 1609
  RealTimeStamp: 0 seconds 
  LargestPossibleRegion: 
    Dimension: 3
    Index: [0, 0, 0]
    Size: [256, 256, 277]
  BufferedRegion: 
    Dimension: 3
    Index: [0, 0, 0]
    Size: [256, 256, 277]
  RequestedRegion: 
    Dimension: 3
    Index: [0, 0, 0]
    Size: [256, 256, 277]
  Spacing: [1, 1, 1]
  Origin: [0, 276, 0]
  Direction: 
1 0 0
0 -0 -1
0 -1 -0

  IndexToPointMatrix: 
1 0 0
0 0 -1
0 -1 0

  PointToIndexMatrix: 
1 0 0
0 0 -1
0 -1 0

  Inverse Direction: 
1 0 0
0 0 -1
0 -1 0

  PixelContainer: 
    ImportImageContainer (0x502af60)
      RTTI typeinfo:   itk::ImportImageContainer<unsigned long, double>
      Reference Count: 1
      Modified Time: 1606
      Debug: Off
      Object Name: 
      Observers: 
        none
      Pointer: 0x7fd93ec40010
      Container manages memory: true
      Size: 18153472
      Capacity: 18153472

     Weighting = 1
     Sampling strategy = regular
     Number of bins = 32
     Radius = 4
     Sampling percentage  = 0.25
   Transform = Rigid
     Gradient step = 0.1
     Update field sigma (voxel space) = 0
     Total field sigma (voxel space) = 0
     Update field time sigma = 0
     Total field time sigma  = 0
     Number of time indices = 0
     Number of time point samples = 0
Stage 2 State
   Image metric = Mattes
     Fixed image = Image (0x503e700)
  RTTI typeinfo:   itk::Image<double, 3u>
  Reference Count: 2
  Modified Time: 1987
  Debug: Off
  Object Name: 
  Observers: 
    none
  Source: (none)
  Source output name: (none)
  Release Data: Off
  Data Released: False
  Global Release Data: Off
  PipelineMTime: 0
  UpdateMTime: 1798
  RealTimeStamp: 0 seconds 
  LargestPossibleRegion: 
    Dimension: 3
    Index: [0, 0, 0]
    Size: [216, 256, 291]
  BufferedRegion: 
    Dimension: 3
    Index: [0, 0, 0]
    Size: [216, 256, 291]
  RequestedRegion: 
    Dimension: 3
    Index: [0, 0, 0]
    Size: [216, 256, 291]
  Spacing: [1, 1, 1]
  Origin: [0, 293, 0]
  Direction: 
1 0 0
0 -0 -1
0 -1 -0

  IndexToPointMatrix: 
1 0 0
0 0 -1
0 -1 0

  PointToIndexMatrix: 
1 0 0
0 0 -1
0 -1 0

  Inverse Direction: 
1 0 0
0 0 -1
0 -1 0

  PixelContainer: 
    ImportImageContainer (0x503a970)
      RTTI typeinfo:   itk::ImportImageContainer<unsigned long, double>
      Reference Count: 1
      Modified Time: 1795
      Debug: Off
      Object Name: 
      Observers: 
        none
      Pointer: 0x7fd93717b010
      Container manages memory: true
      Size: 16091136
      Capacity: 16091136

     Moving image = Image (0x504b080)
  RTTI typeinfo:   itk::Image<double, 3u>
  Reference Count: 2
  Modified Time: 1988
  Debug: Off
  Object Name: 
  Observers: 
    none
  Source: (none)
  Source output name: (none)
  Release Data: Off
  Data Released: False
  Global Release Data: Off
  PipelineMTime: 0
  UpdateMTime: 1985
  RealTimeStamp: 0 seconds 
  LargestPossibleRegion: 
    Dimension: 3
    Index: [0, 0, 0]
    Size: [256, 256, 277]
  BufferedRegion: 
    Dimension: 3
    Index: [0, 0, 0]
    Size: [256, 256, 277]
  RequestedRegion: 
    Dimension: 3
    Index: [0, 0, 0]
    Size: [256, 256, 277]
  Spacing: [1, 1, 1]
  Origin: [0, 276, 0]
  Direction: 
1 0 0
0 -0 -1
0 -1 -0

  IndexToPointMatrix: 
1 0 0
0 0 -1
0 -1 0

  PointToIndexMatrix: 
1 0 0
0 0 -1
0 -1 0

  Inverse Direction: 
1 0 0
0 0 -1
0 -1 0

  PixelContainer: 
    ImportImageContainer (0x504aa00)
      RTTI typeinfo:   itk::ImportImageContainer<unsigned long, double>
      Reference Count: 1
      Modified Time: 1982
      Debug: Off
      Object Name: 
      Observers: 
        none
      Pointer: 0x7fd92e6fa010
      Container manages memory: true
      Size: 18153472
      Capacity: 18153472

     Weighting = 1
     Sampling strategy = regular
     Number of bins = 32
     Radius = 4
     Sampling percentage  = 0.25
   Transform = Affine
     Gradient step = 0.1
     Update field sigma (voxel space) = 0
     Total field sigma (voxel space) = 0
     Update field time sigma = 0
     Total field time sigma  = 0
     Number of time indices = 0
     Number of time point samples = 0
Stage 3 State
   Image metric = Mattes
     Fixed image = Image (0x50509a0)
  RTTI typeinfo:   itk::Image<double, 3u>
  Reference Count: 2
  Modified Time: 2363
  Debug: Off
  Object Name: 
  Observers: 
    none
  Source: (none)
  Source output name: (none)
  Release Data: Off
  Data Released: False
  Global Release Data: Off
  PipelineMTime: 0
  UpdateMTime: 2174
  RealTimeStamp: 0 seconds 
  LargestPossibleRegion: 
    Dimension: 3
    Index: [0, 0, 0]
    Size: [216, 256, 291]
  BufferedRegion: 
    Dimension: 3
    Index: [0, 0, 0]
    Size: [216, 256, 291]
  RequestedRegion: 
    Dimension: 3
    Index: [0, 0, 0]
    Size: [216, 256, 291]
  Spacing: [1, 1, 1]
  Origin: [0, 293, 0]
  Direction: 
1 0 0
0 -0 -1
0 -1 -0

  IndexToPointMatrix: 
1 0 0
0 0 -1
0 -1 0

  PointToIndexMatrix: 
1 0 0
0 0 -1
0 -1 0

  Inverse Direction: 
1 0 0
0 0 -1
0 -1 0

  PixelContainer: 
    ImportImageContainer (0x5049740)
      RTTI typeinfo:   itk::ImportImageContainer<unsigned long, double>
      Reference Count: 1
      Modified Time: 2171
      Debug: Off
      Object Name: 
      Observers: 
        none
      Pointer: 0x7fd926c35010
      Container manages memory: true
      Size: 16091136
      Capacity: 16091136

     Moving image = Image (0x5053110)
  RTTI typeinfo:   itk::Image<double, 3u>
  Reference Count: 2
  Modified Time: 2364
  Debug: Off
  Object Name: 
  Observers: 
    none
  Source: (none)
  Source output name: (none)
  Release Data: Off
  Data Released: False
  Global Release Data: Off
  PipelineMTime: 0
  UpdateMTime: 2361
  RealTimeStamp: 0 seconds 
  LargestPossibleRegion: 
    Dimension: 3
    Index: [0, 0, 0]
    Size: [256, 256, 277]
  BufferedRegion: 
    Dimension: 3
    Index: [0, 0, 0]
    Size: [256, 256, 277]
  RequestedRegion: 
    Dimension: 3
    Index: [0, 0, 0]
    Size: [256, 256, 277]
  Spacing: [1, 1, 1]
  Origin: [0, 276, 0]
  Direction: 
1 0 0
0 -0 -1
0 -1 -0

  IndexToPointMatrix: 
1 0 0
0 0 -1
0 -1 0

  PointToIndexMatrix: 
1 0 0
0 0 -1
0 -1 0

  Inverse Direction: 
1 0 0
0 0 -1
0 -1 0

  PixelContainer: 
    ImportImageContainer (0x5050c30)
      RTTI typeinfo:   itk::ImportImageContainer<unsigned long, double>
      Reference Count: 1
      Modified Time: 2358
      Debug: Off
      Object Name: 
      Observers: 
        none
      Pointer: 0x7fd91e1b4010
      Container manages memory: true
      Size: 18153472
      Capacity: 18153472

     Weighting = 1
     Sampling strategy = none
     Number of bins = 32
     Radius = 4
     Sampling percentage  = 1
   Transform = SyN
     Gradient step = 0.1
     Update field sigma (voxel space) = 3
     Total field sigma (voxel space) = 0
     Update field time sigma = 0
     Total field time sigma  = 0
     Number of time indices = 0
     Number of time point samples = 0
Registration using 3 total stages.

Stage 0
  iterations = 1000x500x250x0
  convergence threshold = 1e-06
  convergence window size = 10
  number of levels = 4
  using the Mattes MI metric (number of bins = 32, weight = 1)
  preprocessing:  winsorizing the image intensities
  Shrink factors (level 1 out of 4): [12, 12, 12]
  Shrink factors (level 2 out of 4): [8, 8, 8]
  Shrink factors (level 3 out of 4): [4, 4, 4]
  Shrink factors (level 4 out of 4): [2, 2, 2]
  smoothing sigmas per level: [4, 3, 2, 1]
  regular sampling (percentage = 0.25)

*** Running Euler3DTransform registration ***

DIAGNOSTIC,Iteration,metricValue,convergenceValue,ITERATION_TIME_INDEX,SINCE_LAST
 2DIAGNOSTIC,     1, -5.884521527131e-01, 1.797693134862e+308, 2.0982e+01, 2.0982e+01, 
 2DIAGNOSTIC,     2, -5.897222080222e-01, 1.797693134862e+308, 2.0993e+01, 1.0523e-02, 
 2DIAGNOSTIC,     3, -5.900976321163e-01, 1.797693134862e+308, 2.1001e+01, 8.7140e-03, 
 2DIAGNOSTIC,     4, -5.904479197301e-01, 1.797693134862e+308, 2.1012e+01, 1.0244e-02, 
 2DIAGNOSTIC,     5, -5.907090490308e-01, 1.797693134862e+308, 2.1022e+01, 1.0142e-02, 
 2DIAGNOSTIC,     6, -5.912388991109e-01, 1.797693134862e+308, 2.1031e+01, 8.7888e-03, 
 2DIAGNOSTIC,     7, -5.918593526779e-01, 1.797693134862e+308, 2.1041e+01, 1.0162e-02, 
 2DIAGNOSTIC,     8, -5.929454740099e-01, 1.797693134862e+308, 2.1050e+01, 8.8542e-03, 
 2DIAGNOSTIC,     9, -5.943566425784e-01, 1.797693134862e+308, 2.1060e+01, 1.0694e-02, 
 2DIAGNOSTIC,    10, -5.982548877619e-01, 8.002422222136e-04, 2.1074e+01, 1.4136e-02, 
 2DIAGNOSTIC,    11, -5.983152363674e-01, 8.581700795289e-04, 2.1085e+01, 1.0902e-02, 
 2DIAGNOSTIC,    12, -5.985411374043e-01, 8.914360797826e-04, 2.1095e+01, 9.3629e-03, 
 2DIAGNOSTIC,    13, -6.002338885823e-01, 9.165880010614e-04, 2.1104e+01, 9.4512e-03, 
 2DIAGNOSTIC,    14, -6.021596591827e-01, 9.300484087022e-04, 2.1114e+01, 9.3760e-03, 
 2DIAGNOSTIC,    15, -6.034607286053e-01, 9.037735962684e-04, 2.1123e+01, 9.4309e-03, 
 2DIAGNOSTIC,    16, -6.048378714123e-01, 8.554624824081e-04, 2.1134e+01, 1.0775e-02, 
 2DIAGNOSTIC,    17, -6.057616269096e-01, 7.789852617328e-04, 2.1145e+01, 1.0822e-02, 
 2DIAGNOSTIC,    18, -6.064568235789e-01, 6.860505314170e-04, 2.1154e+01, 9.7439e-03, 
 2DIAGNOSTIC,    19, -6.073853599317e-01, 5.948233717625e-04, 2.1172e+01, 1.7447e-02, 
 2DIAGNOSTIC,    20, -6.088291498423e-01, 5.845393655818e-04, 2.1181e+01, 9.6030e-03, 
 2DIAGNOSTIC,    21, -6.088762436039e-01, 5.233116168584e-04, 2.1191e+01, 9.4202e-03, 
 2DIAGNOSTIC,    22, -6.089033664491e-01, 4.246047980880e-04, 2.1200e+01, 9.3849e-03, 
 2DIAGNOSTIC,    23, -6.092448411736e-01, 3.367482869668e-04, 2.1214e+01, 1.3660e-02, 
 2DIAGNOSTIC,    24, -6.092981617795e-01, 2.632532565456e-04, 2.1223e+01, 9.3729e-03, 
 2DIAGNOSTIC,    25, -6.093043365940e-01, 1.951245876621e-04, 2.1235e+01, 1.2208e-02, 
 2DIAGNOSTIC,    26, -6.093061650524e-01, 1.391442011987e-04, 2.1245e+01, 9.3300e-03, 
 2DIAGNOSTIC,    27, -6.093074759410e-01, 9.084021704569e-05, 2.1254e+01, 9.3529e-03, 
 2DIAGNOSTIC,    28, -6.093099731521e-01, 4.912313823733e-05, 2.1263e+01, 9.2530e-03, 
 2DIAGNOSTIC,    29, -6.093127990895e-01, 2.027892967031e-05, 2.1273e+01, 9.2740e-03, 
 2DIAGNOSTIC,    30, -6.095931900383e-01, 1.879084853913e-05, 2.1307e+01, 3.4329e-02, 
 2DIAGNOSTIC,    31, -6.095931893241e-01, 1.638332285973e-05, 2.1316e+01, 9.2850e-03, 
 2DIAGNOSTIC,    32, -6.095931899085e-01, 1.299130835394e-05, 2.1325e+01, 9.2871e-03, 
 2DIAGNOSTIC,    33, -6.095931908961e-01, 1.359816163015e-05, 2.1335e+01, 9.3400e-03, 
 2DIAGNOSTIC,    34, -6.095931925645e-01, 1.369345745077e-05, 2.1344e+01, 9.2242e-03, 
 2DIAGNOSTIC,    35, -6.095931953811e-01, 1.259187773013e-05, 2.1353e+01, 9.2130e-03, 
 2DIAGNOSTIC,    36, -6.095932001308e-01, 1.045318687582e-05, 2.1363e+01, 9.2878e-03, 
 2DIAGNOSTIC,    37, -6.095932081253e-01, 7.596378783881e-06, 2.1372e+01, 9.2201e-03, 
 2DIAGNOSTIC,    38, -6.095932215378e-01, 4.323012664433e-06, 2.1381e+01, 9.2928e-03, 
DIAGNOSTIC,Iteration,metricValue,convergenceValue,ITERATION_TIME_INDEX,SINCE_LAST
 2DIAGNOSTIC,     1, -5.175500494680e-01, 1.797693134862e+308, 3.6593e+01, 1.5212e+01, 
 2DIAGNOSTIC,     2, -5.183505360176e-01, 1.797693134862e+308, 3.6642e+01, 4.8784e-02, 
 2DIAGNOSTIC,     3, -5.193279400182e-01, 1.797693134862e+308, 3.6690e+01, 4.8662e-02, 
 2DIAGNOSTIC,     4, -5.196481846762e-01, 1.797693134862e+308, 3.6739e+01, 4.8636e-02, 
 2DIAGNOSTIC,     5, -5.200148278180e-01, 1.797693134862e+308, 3.6797e+01, 5.8336e-02, 
 2DIAGNOSTIC,     6, -5.202151197325e-01, 1.797693134862e+308, 3.6846e+01, 4.8418e-02, 
 2DIAGNOSTIC,     7, -5.207247204329e-01, 1.797693134862e+308, 3.6895e+01, 4.8771e-02, 
 2DIAGNOSTIC,     8, -5.212156008352e-01, 1.797693134862e+308, 3.6981e+01, 8.6102e-02, 
 2DIAGNOSTIC,     9, -5.214217711747e-01, 1.797693134862e+308, 3.7039e+01, 5.8655e-02, 
 2DIAGNOSTIC,    10, -5.216589653134e-01, 4.761030373643e-04, 3.7098e+01, 5.9158e-02, 
 2DIAGNOSTIC,    11, -5.221283323887e-01, 3.855426568258e-04, 3.7158e+01, 5.9052e-02, 
 2DIAGNOSTIC,    12, -5.224133455084e-01, 3.235533784657e-04, 3.7226e+01, 6.8144e-02, 
 2DIAGNOSTIC,    13, -5.224801938247e-01, 2.855583745423e-04, 3.7303e+01, 7.7328e-02, 
 2DIAGNOSTIC,    14, -5.222674781711e-01, 2.316258194919e-04, 3.7352e+01, 4.8672e-02, 
 2DIAGNOSTIC,    15, -5.224666644583e-01, 1.850398830175e-04, 3.7401e+01, 4.9151e-02, 
 2DIAGNOSTIC,    16, -5.226507231981e-01, 1.398648159813e-04, 3.7459e+01, 5.8638e-02, 
 2DIAGNOSTIC,    17, -5.228023616429e-01, 1.078770387186e-04, 3.7518e+01, 5.8617e-02, 
 2DIAGNOSTIC,    18, -5.227642785673e-01, 8.351544265264e-05, 3.7576e+01, 5.8221e-02, 
 2DIAGNOSTIC,    19, -5.228593324775e-01, 6.314122915831e-05, 3.7635e+01, 5.8735e-02, 
 2DIAGNOSTIC,    20, -5.227387715496e-01, 4.192877529978e-05, 3.7694e+01, 5.8507e-02, 
 2DIAGNOSTIC,    21, -5.227502755789e-01, 3.117483145869e-05, 3.7743e+01, 4.9100e-02, 
 2DIAGNOSTIC,    22, -5.227022848666e-01, 2.439177769359e-05, 3.7792e+01, 4.9109e-02, 
 2DIAGNOSTIC,    23, -5.227290375593e-01, 1.852666162343e-05, 3.7850e+01, 5.8254e-02, 
 2DIAGNOSTIC,    24, -5.226868547969e-01, 5.684809673487e-06, 3.7909e+01, 5.8795e-02, 
DIAGNOSTIC,Iteration,metricValue,convergenceValue,ITERATION_TIME_INDEX,SINCE_LAST
 2DIAGNOSTIC,     1, -4.427610109405e-01, 1.797693134862e+308, 4.6943e+01, 9.0340e+00, 
 2DIAGNOSTIC,     2, -4.429680620296e-01, 1.797693134862e+308, 4.7434e+01, 4.9160e-01, 
 2DIAGNOSTIC,     3, -4.430069956879e-01, 1.797693134862e+308, 4.7930e+01, 4.9599e-01, 
 2DIAGNOSTIC,     4, -4.430468944685e-01, 1.797693134862e+308, 4.8426e+01, 4.9515e-01, 
 2DIAGNOSTIC,     5, -4.431177053063e-01, 1.797693134862e+308, 4.8919e+01, 4.9361e-01, 
 2DIAGNOSTIC,     6, -4.434889820034e-01, 1.797693134862e+308, 4.9579e+01, 6.5959e-01, 
 2DIAGNOSTIC,     7, -4.435186038941e-01, 1.797693134862e+308, 4.9987e+01, 4.0865e-01, 
 2DIAGNOSTIC,     8, -4.435366371268e-01, 1.797693134862e+308, 5.0395e+01, 4.0764e-01, 
 2DIAGNOSTIC,     9, -4.435521629927e-01, 1.797693134862e+308, 5.0804e+01, 4.0857e-01, 
 2DIAGNOSTIC,    10, -4.436375174241e-01, 1.339951692259e-04, 5.1212e+01, 4.0798e-01, 
 2DIAGNOSTIC,    11, -4.437715697304e-01, 1.141851583704e-04, 5.1953e+01, 7.4177e-01, 
 2DIAGNOSTIC,    12, -4.437607537975e-01, 9.797188184210e-05, 5.2448e+01, 4.9459e-01, 
 2DIAGNOSTIC,    13, -4.437509131133e-01, 7.750833318659e-05, 5.3025e+01, 5.7714e-01, 
 2DIAGNOSTIC,    14, -4.437469021285e-01, 5.500767563907e-05, 5.3521e+01, 4.9571e-01, 
 2DIAGNOSTIC,    15, -4.437424864729e-01, 3.301182992525e-05, 5.4017e+01, 4.9594e-01, 
 2DIAGNOSTIC,    16, -4.437308175080e-01, 2.521940644448e-05, 5.4596e+01, 5.7918e-01, 
 2DIAGNOSTIC,    17, -4.437249550561e-01, 1.713895259516e-05, 5.5006e+01, 4.0982e-01, 
 2DIAGNOSTIC,    18, -4.437195889431e-01, 9.102475338488e-06, 5.5501e+01, 4.9559e-01, 
 2DIAGNOSTIC,    19, -4.437206192986e-01, 1.757651217647e-06, 5.5910e+01, 4.0862e-01, 
DIAGNOSTIC,Iteration,metricValue,convergenceValue,ITERATION_TIME_INDEX,SINCE_LAST
 2DIAGNOSTIC,     1, -3.798107831564e-01, 1.797693134862e+308, 6.5016e+01, 9.1058e+00, 
  Elapsed time (stage 0): 6.6806e+01


Stage 1
  iterations = 1000x500x250x0
  convergence threshold = 1.0000e-06
  convergence window size = 10
  number of levels = 4
  using the Mattes MI metric (number of bins = 32, weight = 1.0000e+00)
  preprocessing:  winsorizing the image intensities
  Shrink factors (level 1 out of 4): [12, 12, 12]
  Shrink factors (level 2 out of 4): [8, 8, 8]
  Shrink factors (level 3 out of 4): [4, 4, 4]
  Shrink factors (level 4 out of 4): [2, 2, 2]
  smoothing sigmas per level: [4, 3, 2, 1]
  regular sampling (percentage = 2.5000e-01)

*** Running AffineTransform registration ***

DIAGNOSTIC,Iteration,metricValue,convergenceValue,ITERATION_TIME_INDEX,SINCE_LAST
 2DIAGNOSTIC,     1, -6.077036105998e-01, 1.797693134862e+308, 2.0729e+01, 2.0729e+01, 
 2DIAGNOSTIC,     2, -6.092773640097e-01, 1.797693134862e+308, 2.0741e+01, 1.1703e-02, 
 2DIAGNOSTIC,     3, -6.113981310493e-01, 1.797693134862e+308, 2.0752e+01, 1.1458e-02, 
 2DIAGNOSTIC,     4, -6.137000482227e-01, 1.797693134862e+308, 2.0764e+01, 1.1440e-02, 
 2DIAGNOSTIC,     5, -6.179184692922e-01, 1.797693134862e+308, 2.0775e+01, 1.1413e-02, 
 2DIAGNOSTIC,     6, -6.227233205392e-01, 1.797693134862e+308, 2.0788e+01, 1.3188e-02, 
 2DIAGNOSTIC,     7, -6.301808208105e-01, 1.797693134862e+308, 2.0808e+01, 1.9857e-02, 
 2DIAGNOSTIC,     8, -6.307281684231e-01, 1.797693134862e+308, 2.0820e+01, 1.1674e-02, 
 2DIAGNOSTIC,     9, -6.317071893105e-01, 1.797693134862e+308, 2.0831e+01, 1.1737e-02, 
 2DIAGNOSTIC,    10, -6.328412282566e-01, 3.060909975619e-03, 2.0846e+01, 1.5032e-02, 
 2DIAGNOSTIC,    11, -6.330744709032e-01, 2.594625446019e-03, 2.0860e+01, 1.3491e-02, 
 2DIAGNOSTIC,    12, -6.330128594326e-01, 2.029494787485e-03, 2.0872e+01, 1.1876e-02, 
 2DIAGNOSTIC,    13, -6.330855575324e-01, 1.448311593735e-03, 2.0885e+01, 1.3488e-02, 
 2DIAGNOSTIC,    14, -6.333748723842e-01, 9.055626347344e-04, 2.0899e+01, 1.3788e-02, 
 2DIAGNOSTIC,    15, -6.334782585731e-01, 4.826464255240e-04, 2.0911e+01, 1.2152e-02, 
 2DIAGNOSTIC,    16, -6.337757127432e-01, 2.085300014736e-04, 2.0923e+01, 1.2004e-02, 
 2DIAGNOSTIC,    17, -6.344768140017e-01, 1.662664521696e-04, 2.0935e+01, 1.1965e-02, 
 2DIAGNOSTIC,    18, -6.362294590294e-01, 1.708308523786e-04, 2.0947e+01, 1.2113e-02, 
 2DIAGNOSTIC,    19, -6.382925407270e-01, 2.300350028531e-04, 2.0961e+01, 1.3509e-02, 
 2DIAGNOSTIC,    20, -6.391146900839e-01, 3.054512071045e-04, 2.0982e+01, 2.0993e-02, 
 2DIAGNOSTIC,    21, -6.390341593023e-01, 3.492022955757e-04, 2.0995e+01, 1.3432e-02, 
 2DIAGNOSTIC,    22, -6.387972932883e-01, 3.509532655891e-04, 2.1007e+01, 1.1869e-02, 
 2DIAGNOSTIC,    23, -6.385719227966e-01, 3.164296671857e-04, 2.1019e+01, 1.1795e-02, 
 2DIAGNOSTIC,    24, -6.386509060514e-01, 2.616703674646e-04, 2.1031e+01, 1.1728e-02, 
 2DIAGNOSTIC,    25, -6.385081704711e-01, 1.861828193457e-04, 2.1042e+01, 1.1794e-02, 
 2DIAGNOSTIC,    26, -6.384192353137e-01, 1.034239964349e-04, 2.1057e+01, 1.4711e-02, 
 2DIAGNOSTIC,    27, -6.386438994356e-01, 3.262463074678e-05, 2.1069e+01, 1.2028e-02, 
DIAGNOSTIC,Iteration,metricValue,convergenceValue,ITERATION_TIME_INDEX,SINCE_LAST
 2DIAGNOSTIC,     1, -5.207821550103e-01, 1.797693134862e+308, 3.6278e+01, 1.5209e+01, 
 2DIAGNOSTIC,     2, -5.224943654422e-01, 1.797693134862e+308, 3.6336e+01, 5.8314e-02, 
 2DIAGNOSTIC,     3, -5.246729928535e-01, 1.797693134862e+308, 3.6394e+01, 5.8244e-02, 
 2DIAGNOSTIC,     4, -5.266158496196e-01, 1.797693134862e+308, 3.6452e+01, 5.8104e-02, 
 2DIAGNOSTIC,     5, -5.286413616586e-01, 1.797693134862e+308, 3.6510e+01, 5.8129e-02, 
 2DIAGNOSTIC,     6, -5.295505251224e-01, 1.797693134862e+308, 3.6579e+01, 6.8100e-02, 
 2DIAGNOSTIC,     7, -5.329188274009e-01, 1.797693134862e+308, 3.6675e+01, 9.6734e-02, 
 2DIAGNOSTIC,     8, -5.344795593078e-01, 1.797693134862e+308, 3.6762e+01, 8.6315e-02, 
 2DIAGNOSTIC,     9, -5.344712672771e-01, 1.797693134862e+308, 3.6829e+01, 6.7187e-02, 
 2DIAGNOSTIC,    10, -5.344581997448e-01, 1.836478678150e-03, 3.6897e+01, 6.8151e-02, 
 2DIAGNOSTIC,    11, -5.344432986910e-01, 1.432601740582e-03, 3.6956e+01, 5.8574e-02, 
 2DIAGNOSTIC,    12, -5.344482344480e-01, 1.042074178079e-03, 3.7014e+01, 5.8107e-02, 
 2DIAGNOSTIC,    13, -5.345478599281e-01, 7.099514429478e-04, 3.7072e+01, 5.8151e-02, 
 2DIAGNOSTIC,    14, -5.348206827895e-01, 4.461499808320e-04, 3.7139e+01, 6.7686e-02, 
 2DIAGNOSTIC,    15, -5.349440152957e-01, 2.551927851951e-04, 3.7198e+01, 5.8481e-02, 
 2DIAGNOSTIC,    16, -5.351333138018e-01, 9.927225973805e-05, 3.7256e+01, 5.8324e-02, 
 2DIAGNOSTIC,    17, -5.358660113741e-01, 8.049226680497e-05, 3.7325e+01, 6.8231e-02, 
 2DIAGNOSTIC,    18, -5.377297927963e-01, 1.576538332610e-04, 3.7402e+01, 7.7313e-02, 
 2DIAGNOSTIC,    19, -5.385462447434e-01, 2.335636908862e-04, 3.7554e+01, 1.5238e-01, 
 2DIAGNOSTIC,    20, -5.386027148365e-01, 2.816674547106e-04, 3.7612e+01, 5.7661e-02, 
 2DIAGNOSTIC,    21, -5.385725300687e-01, 2.988768373469e-04, 3.7679e+01, 6.7176e-02, 
 2DIAGNOSTIC,    22, -5.385351778476e-01, 2.859036793705e-04, 3.7737e+01, 5.7813e-02, 
 2DIAGNOSTIC,    23, -5.386484644231e-01, 2.514993740361e-04, 3.7795e+01, 5.7656e-02, 
 2DIAGNOSTIC,    24, -5.386499306331e-01, 2.023232440864e-04, 3.7852e+01, 5.7718e-02, 
 2DIAGNOSTIC,    25, -5.386018017663e-01, 1.405071557718e-04, 3.7920e+01, 6.7950e-02, 
 2DIAGNOSTIC,    26, -5.385751020807e-01, 7.410643968504e-05, 3.7978e+01, 5.7597e-02, 
 2DIAGNOSTIC,    27, -5.384191352122e-01, 1.634214091079e-05, 3.8046e+01, 6.8101e-02, 
DIAGNOSTIC,Iteration,metricValue,convergenceValue,ITERATION_TIME_INDEX,SINCE_LAST
 2DIAGNOSTIC,     1, -4.558522995555e-01, 1.797693134862e+308, 4.6827e+01, 8.7812e+00, 
 2DIAGNOSTIC,     2, -4.560619484327e-01, 1.797693134862e+308, 4.7306e+01, 4.7915e-01, 
 2DIAGNOSTIC,     3, -4.563227312099e-01, 1.797693134862e+308, 4.7785e+01, 4.7902e-01, 
 2DIAGNOSTIC,     4, -4.566909736885e-01, 1.797693134862e+308, 4.8269e+01, 4.8344e-01, 
 2DIAGNOSTIC,     5, -4.574382536786e-01, 1.797693134862e+308, 4.8748e+01, 4.7901e-01, 
 2DIAGNOSTIC,     6, -4.583708620182e-01, 1.797693134862e+308, 4.9225e+01, 4.7762e-01, 
 2DIAGNOSTIC,     7, -4.588623706104e-01, 1.797693134862e+308, 5.0312e+01, 1.0871e+00, 
 2DIAGNOSTIC,     8, -4.589159324857e-01, 1.797693134862e+308, 5.1145e+01, 8.3259e-01, 
 2DIAGNOSTIC,     9, -4.589249472317e-01, 1.797693134862e+308, 5.1712e+01, 5.6697e-01, 
 2DIAGNOSTIC,    10, -4.589233574310e-01, 5.348357575354e-04, 5.2278e+01, 5.6578e-01, 
 2DIAGNOSTIC,    11, -4.589209273995e-01, 4.245563741366e-04, 5.2852e+01, 5.7432e-01, 
 2DIAGNOSTIC,    12, -4.589171967642e-01, 3.054155105781e-04, 5.3426e+01, 5.7400e-01, 
 2DIAGNOSTIC,    13, -4.589209472506e-01, 1.904627202111e-04, 5.3905e+01, 4.7881e-01, 
 2DIAGNOSTIC,    14, -4.589182382840e-01, 9.097264783396e-05, 5.4472e+01, 5.6743e-01, 
 2DIAGNOSTIC,    15, -4.589160759902e-01, 2.667492770622e-05, 5.5044e+01, 5.7160e-01, 
 2DIAGNOSTIC,    16, -4.589124515150e-01, 3.688101829186e-06, 5.5528e+01, 4.8412e-01, 
 2DIAGNOSTIC,    17, -4.589108948939e-01, 1.082376622233e-06, 5.6013e+01, 4.8466e-01, 
DIAGNOSTIC,Iteration,metricValue,convergenceValue,ITERATION_TIME_INDEX,SINCE_LAST
 2DIAGNOSTIC,     1, -3.918990555477e-01, 1.797693134862e+308, 6.4914e+01, 8.9010e+00, 
  Elapsed time (stage 1): 6.6767e+01


Stage 2
  iterations = 100x100x70x50x0
  convergence threshold = 1.0000e-06
  convergence window size = 10
  number of levels = 5
  using the Mattes MI metric (number of bins = 32, weight = 1.0000e+00)
  preprocessing:  winsorizing the image intensities
  Shrink factors (level 1 out of 5): [10, 10, 10]
  Shrink factors (level 2 out of 5): [6, 6, 6]
  Shrink factors (level 3 out of 5): [4, 4, 4]
  Shrink factors (level 4 out of 5): [2, 2, 2]
  Shrink factors (level 5 out of 5): [1, 1, 1]
  smoothing sigmas per level: [5, 3, 2, 1, 0]
  Using default NONE metricSamplingStrategy 

*** Running SyN registration (varianceForUpdateField = 3.0000e+00, varianceForTotalField = 0.0000e+00) ***

XXDIAGNOSTIC,Iteration,metricValue,convergenceValue,ITERATION_TIME_INDEX,SINCE_LAST
 1DIAGNOSTIC,     1, -5.239594974750e-01, 1.797693134862e+308, 3.3525e+01, 3.3525e+01, 
 1DIAGNOSTIC,     2, -5.418442884496e-01, 1.797693134862e+308, 3.3662e+01, 1.3692e-01, 
 1DIAGNOSTIC,     3, -5.543143066755e-01, 1.797693134862e+308, 3.3802e+01, 1.3965e-01, 
 1DIAGNOSTIC,     4, -5.579963115250e-01, 1.797693134862e+308, 3.3936e+01, 1.3413e-01, 
 1DIAGNOSTIC,     5, -5.590886287687e-01, 1.797693134862e+308, 3.4070e+01, 1.3374e-01, 
 1DIAGNOSTIC,     6, -5.562365600632e-01, 1.797693134862e+308, 3.4203e+01, 1.3381e-01, 
 1DIAGNOSTIC,     7, -5.531549993902e-01, 1.797693134862e+308, 3.4338e+01, 1.3423e-01, 
 1DIAGNOSTIC,     8, -5.514702348211e-01, 1.797693134862e+308, 3.4472e+01, 1.3396e-01, 
 1DIAGNOSTIC,     9, -5.484945762010e-01, 1.797693134862e+308, 3.4606e+01, 1.3414e-01, 
 1DIAGNOSTIC,    10, -5.470584186650e-01, 1.254142564051e-03, 3.4740e+01, 1.3466e-01, 
 1DIAGNOSTIC,    11, -5.449226244267e-01, -6.559003915378e-04, 3.4876e+01, 1.3514e-01, 
XXDIAGNOSTIC,Iteration,metricValue,convergenceValue,ITERATION_TIME_INDEX,SINCE_LAST
 1DIAGNOSTIC,     1, -4.314701037389e-01, 1.797693134862e+308, 5.0632e+01, 1.5756e+01, 
 1DIAGNOSTIC,     2, -4.340094005745e-01, 1.797693134862e+308, 5.1166e+01, 5.3389e-01, 
 1DIAGNOSTIC,     3, -4.354331948912e-01, 1.797693134862e+308, 5.1699e+01, 5.3344e-01, 
 1DIAGNOSTIC,     4, -4.357874878950e-01, 1.797693134862e+308, 5.2235e+01, 5.3569e-01, 
 1DIAGNOSTIC,     5, -4.358201106451e-01, 1.797693134862e+308, 5.2769e+01, 5.3423e-01, 
 1DIAGNOSTIC,     6, -4.353066535662e-01, 1.797693134862e+308, 5.3304e+01, 5.3493e-01, 
 1DIAGNOSTIC,     7, -4.345906172864e-01, 1.797693134862e+308, 5.3841e+01, 5.3666e-01, 
 1DIAGNOSTIC,     8, -4.333081686779e-01, 1.797693134862e+308, 5.4377e+01, 5.3597e-01, 
 1DIAGNOSTIC,     9, -4.321249637731e-01, 1.797693134862e+308, 5.4912e+01, 5.3532e-01, 
 1DIAGNOSTIC,    10, -4.311939345821e-01, -2.626204054193e-04, 5.5449e+01, 5.3720e-01, 
XXDIAGNOSTIC,Iteration,metricValue,convergenceValue,ITERATION_TIME_INDEX,SINCE_LAST
 1DIAGNOSTIC,     1, -3.665885091513e-01, 1.797693134862e+308, 6.5363e+01, 9.9136e+00, 
 1DIAGNOSTIC,     2, -3.673659664160e-01, 1.797693134862e+308, 6.7045e+01, 1.6825e+00, 
 1DIAGNOSTIC,     3, -3.678563592532e-01, 1.797693134862e+308, 6.8794e+01, 1.7485e+00, 
 1DIAGNOSTIC,     4, -3.681940931109e-01, 1.797693134862e+308, 7.0488e+01, 1.6939e+00, 
 1DIAGNOSTIC,     5, -3.682908686378e-01, 1.797693134862e+308, 7.2182e+01, 1.6946e+00, 
 1DIAGNOSTIC,     6, -3.682366406693e-01, 1.797693134862e+308, 7.3922e+01, 1.7397e+00, 
 1DIAGNOSTIC,     7, -3.679597090266e-01, 1.797693134862e+308, 7.5670e+01, 1.7475e+00, 
 1DIAGNOSTIC,     8, -3.676792049222e-01, 1.797693134862e+308, 7.7380e+01, 1.7104e+00, 
 1DIAGNOSTIC,     9, -3.672435943129e-01, 1.797693134862e+308, 7.9075e+01, 1.6954e+00, 
 1DIAGNOSTIC,    10, -3.670567141086e-01, 1.234848823578e-05, 8.0812e+01, 1.7367e+00, 
 1DIAGNOSTIC,    11, -3.669808497433e-01, -1.434759688647e-04, 8.2546e+01, 1.7336e+00, 
XXDIAGNOSTIC,Iteration,metricValue,convergenceValue,ITERATION_TIME_INDEX,SINCE_LAST
 1DIAGNOSTIC,     1, -3.111314131088e-01, 1.797693134862e+308, 1.0141e+02, 1.8864e+01, 
 1DIAGNOSTIC,     2, -3.121500152289e-01, 1.797693134862e+308, 1.1408e+02, 1.2666e+01, 
 1DIAGNOSTIC,     3, -3.131043723549e-01, 1.797693134862e+308, 1.2671e+02, 1.2632e+01, 
 1DIAGNOSTIC,     4, -3.139683613092e-01, 1.797693134862e+308, 1.3924e+02, 1.2530e+01, 
 1DIAGNOSTIC,     5, -3.146862521108e-01, 1.797693134862e+308, 1.5188e+02, 1.2638e+01, 
 1DIAGNOSTIC,     6, -3.154152978635e-01, 1.797693134862e+308, 1.6464e+02, 1.2759e+01, 
 1DIAGNOSTIC,     7, -3.160577505812e-01, 1.797693134862e+308, 1.7727e+02, 1.2632e+01, 
 1DIAGNOSTIC,     8, -3.165952036413e-01, 1.797693134862e+308, 1.8982e+02, 1.2551e+01, 
 1DIAGNOSTIC,     9, -3.171076042501e-01, 1.797693134862e+308, 2.0288e+02, 1.3063e+01, 
 1DIAGNOSTIC,    10, -3.175634726920e-01, 1.295206021534e-03, 2.1633e+02, 1.3448e+01, 
 1DIAGNOSTIC,    11, -3.179397852252e-01, 1.059683067087e-03, 2.2981e+02, 1.3480e+01, 
 1DIAGNOSTIC,    12, -3.182382420847e-01, 8.665873529891e-04, 2.4321e+02, 1.3401e+01, 
 1DIAGNOSTIC,    13, -3.185172498866e-01, 7.099196509512e-04, 2.5662e+02, 1.3413e+01, 
 1DIAGNOSTIC,    14, -3.186923160074e-01, 5.776183595020e-04, 2.7001e+02, 1.3388e+01, 
 1DIAGNOSTIC,    15, -3.188417878864e-01, 4.618776072151e-04, 2.8347e+02, 1.3456e+01, 
 1DIAGNOSTIC,    16, -3.189582294870e-01, 3.654988297310e-04, 2.9708e+02, 1.3617e+01, 
 1DIAGNOSTIC,    17, -3.190816396197e-01, 2.871513683174e-04, 3.1081e+02, 1.3721e+01, 
 1DIAGNOSTIC,    18, -3.192055462567e-01, 2.237664967293e-04, 3.2430e+02, 1.3498e+01, 
 1DIAGNOSTIC,    19, -3.193421474051e-01, 1.768032734376e-04, 3.3778e+02, 1.3481e+01, 
 1DIAGNOSTIC,    20, -3.195030206266e-01, 1.456706548582e-04, 3.5121e+02, 1.3429e+01, 
 1DIAGNOSTIC,    21, -3.196478223284e-01, 1.260938305431e-04, 3.6476e+02, 1.3548e+01, 
 1DIAGNOSTIC,    22, -3.197834858796e-01, 1.141092809000e-04, 3.7838e+02, 1.3621e+01, 
 1DIAGNOSTIC,    23, -3.199023333424e-01, 1.079850348480e-04, 3.9182e+02, 1.3436e+01, 
 1DIAGNOSTIC,    24, -3.199760394364e-01, 1.015341413206e-04, 4.0523e+02, 1.3412e+01, 
 1DIAGNOSTIC,    25, -3.200131610482e-01, 9.280618499765e-05, 4.1867e+02, 1.3441e+01, 
 1DIAGNOSTIC,    26, -3.200750756684e-01, 8.223358300530e-05, 4.3211e+02, 1.3434e+01, 
 1DIAGNOSTIC,    27, -3.201065319267e-01, 6.986612068432e-05, 4.4551e+02, 1.3401e+01, 
 1DIAGNOSTIC,    28, -3.201534338382e-01, 5.730691980638e-05, 4.5899e+02, 1.3481e+01, 
 1DIAGNOSTIC,    29, -3.201876893128e-01, 4.551128992673e-05, 4.7241e+02, 1.3419e+01, 
 1DIAGNOSTIC,    30, -3.202434638442e-01, 3.671838582780e-05, 4.8595e+02, 1.3541e+01, 
 1DIAGNOSTIC,    31, -3.203073792285e-01, 3.105529017872e-05, 4.9935e+02, 1.3406e+01, 
 1DIAGNOSTIC,    32, -3.204235853847e-01, 2.984166827812e-05, 5.1276e+02, 1.3404e+01, 
 1DIAGNOSTIC,    33, -3.205171414216e-01, 3.162714265708e-05, 5.2614e+02, 1.3385e+01, 
 1DIAGNOSTIC,    34, -3.205769108796e-01, 3.387708697781e-05, 5.3962e+02, 1.3477e+01, 
 1DIAGNOSTIC,    35, -3.206618344171e-01, 3.596636375896e-05, 5.5303e+02, 1.3409e+01, 
 1DIAGNOSTIC,    36, -3.207071635443e-01, 3.722392478448e-05, 5.6643e+02, 1.3401e+01, 
 1DIAGNOSTIC,    37, -3.207602299893e-01, 3.694954678670e-05, 5.7992e+02, 1.3492e+01, 
 1DIAGNOSTIC,    38, -3.207632610133e-01, 3.440078643429e-05, 5.9341e+02, 1.3485e+01, 
 1DIAGNOSTIC,    39, -3.207980524723e-01, 3.038117118758e-05, 6.0682e+02, 1.3416e+01, 
 1DIAGNOSTIC,    40, -3.207492007614e-01, 2.388144467180e-05, 6.2024e+02, 1.3418e+01, 
 1DIAGNOSTIC,    41, -3.207825131448e-01, 1.759985559468e-05, 6.3371e+02, 1.3464e+01, 
 1DIAGNOSTIC,    42, -3.207674417878e-01, 1.210550072013e-05, 6.4726e+02, 1.3560e+01, 
 1DIAGNOSTIC,    43, -3.207229295783e-01, 6.795765816900e-06, 6.6078e+02, 1.3520e+01, 
 1DIAGNOSTIC,    44, -3.206771430749e-01, 1.437879258975e-06, 6.7429e+02, 1.3500e+01, 
 1DIAGNOSTIC,    45, -3.206273395439e-01, -3.043030790649e-06, 6.8777e+02, 1.3485e+01, 
  Elapsed time (stage 2): 707.9


Total elapsed time: 841.5

--- Writing output images ---

Using double precision for computations.
Input scalar image: data/Segmentations/1002_3_seg.nii.gz
Reference image: data/template/T_template0_BrainCerebellum.nii.gz
=============================================================================
The composite transform comprises the following transforms (in order): 
  1. /tmp/1971460.1.basic.q/1002_ToTemplate_003_0GenericAffine.mat (type = AffineTransform)
  2. /tmp/1971460.1.basic.q/1002_ToTemplate_003_1Warp.nii.gz (type = DisplacementFieldTransform)
=============================================================================
Default pixel value: 0
Interpolation type: LabelImageGenericInterpolateImageFunction
Output warped image: output/1002/1002_WarpedLabels_003.nii.gz

--- Done ---

