
--- Running on compute-1-12.local ---


--- registration call ---
/data/jet/pcook/bin/antsBuild/bin/antsRegistrationSyNQuick.sh -d 3 -f data/template/T_template0_BrainCerebellum.nii.gz -m data/Brains/1002_3.nii.gz -t s -p d -n 1 -o /tmp/1971461.1.basic.q/1002_ToTemplate_004_
---


--------------------------------------------------------------------------------------
 Mapping parameters
--------------------------------------------------------------------------------------
 ANTSPATH is /data/jet/pcook/bin/antsBuild/bin/

 Dimensionality:           3
 Output name prefix:       /tmp/1971461.1.basic.q/1002_ToTemplate_004_
 Fixed images:             data/template/T_template0_BrainCerebellum.nii.gz
 Moving images:            data/Brains/1002_3.nii.gz
 Mask images:              
 Initial transforms:       
 Number of threads:        1
 Spline distance:          26
 Transform type:           s
 MI histogram bins:        32
 Precision:                d
 Use histogram matching    0
======================================================================================
 antsRegistration call:
--------------------------------------------------------------------------------------
/data/jet/pcook/bin/antsBuild/bin//antsRegistration --verbose 1 --dimensionality 3 --float 0 --collapse-output-transforms 1 --output [/tmp/1971461.1.basic.q/1002_ToTemplate_004_,/tmp/1971461.1.basic.q/1002_ToTemplate_004_Warped.nii.gz,/tmp/1971461.1.basic.q/1002_ToTemplate_004_InverseWarped.nii.gz] --interpolation Linear --use-histogram-matching 0 --winsorize-image-intensities [0.005,0.995] --initial-moving-transform [data/template/T_template0_BrainCerebellum.nii.gz,data/Brains/1002_3.nii.gz,1] --transform Rigid[0.1] --metric MI[data/template/T_template0_BrainCerebellum.nii.gz,data/Brains/1002_3.nii.gz,1,32,Regular,0.25] --convergence [1000x500x250x0,1e-6,10] --shrink-factors 12x8x4x2 --smoothing-sigmas 4x3x2x1vox --transform Affine[0.1] --metric MI[data/template/T_template0_BrainCerebellum.nii.gz,data/Brains/1002_3.nii.gz,1,32,Regular,0.25] --convergence [1000x500x250x0,1e-6,10] --shrink-factors 12x8x4x2 --smoothing-sigmas 4x3x2x1vox --transform SyN[0.1,3,0] --metric MI[data/template/T_template0_BrainCerebellum.nii.gz,data/Brains/1002_3.nii.gz,1,32] --convergence [100x100x70x50x0,1e-6,10] --shrink-factors 10x6x4x2x1 --smoothing-sigmas 5x3x2x1x0vox
--------------------------------------------------------------------------------------
All_Command_lines_OK
Using double precision for computations.
=============================================================================
The composite transform comprises the following transforms (in order): 
  1. Center of mass alignment using fixed image: data/template/T_template0_BrainCerebellum.nii.gz and moving image: data/Brains/1002_3.nii.gz (type = Euler3DTransform)
=============================================================================
  number of levels = 4
  number of levels = 4
  number of levels = 5
  fixed image: data/template/T_template0_BrainCerebellum.nii.gz
  moving image: data/Brains/1002_3.nii.gz
  fixed image: data/template/T_template0_BrainCerebellum.nii.gz
  moving image: data/Brains/1002_3.nii.gz
  fixed image: data/template/T_template0_BrainCerebellum.nii.gz
  moving image: data/Brains/1002_3.nii.gz
Dimension = 3
Number of stages = 3
Use Histogram Matching false
Winsorize image intensities true
Lower quantile = 0.005
Upper quantile = 0.995
Stage 1 State
   Image metric = Mattes
     Fixed image = Image (0x483acf0)
  RTTI typeinfo:   itk::Image<double, 3u>
  Reference Count: 2
  Modified Time: 1611
  Debug: Off
  Object Name: 
  Observers: 
    none
  Source: (none)
  Source output name: (none)
  Release Data: Off
  Data Released: False
  Global Release Data: Off
  PipelineMTime: 0
  UpdateMTime: 1422
  RealTimeStamp: 0 seconds 
  LargestPossibleRegion: 
    Dimension: 3
    Index: [0, 0, 0]
    Size: [216, 256, 291]
  BufferedRegion: 
    Dimension: 3
    Index: [0, 0, 0]
    Size: [216, 256, 291]
  RequestedRegion: 
    Dimension: 3
    Index: [0, 0, 0]
    Size: [216, 256, 291]
  Spacing: [1, 1, 1]
  Origin: [0, 293, 0]
  Direction: 
1 0 0
0 -0 -1
0 -1 -0

  IndexToPointMatrix: 
1 0 0
0 0 -1
0 -1 0

  PointToIndexMatrix: 
1 0 0
0 0 -1
0 -1 0

  Inverse Direction: 
1 0 0
0 0 -1
0 -1 0

  PixelContainer: 
    ImportImageContainer (0x483e7f0)
      RTTI typeinfo:   itk::ImportImageContainer<unsigned long, double>
      Reference Count: 1
      Modified Time: 1419
      Debug: Off
      Object Name: 
      Observers: 
        none
      Pointer: 0x7ffa3a2f8010
      Container manages memory: true
      Size: 16091136
      Capacity: 16091136

     Moving image = Image (0x483cd50)
  RTTI typeinfo:   itk::Image<double, 3u>
  Reference Count: 2
  Modified Time: 1612
  Debug: Off
  Object Name: 
  Observers: 
    none
  Source: (none)
  Source output name: (none)
  Release Data: Off
  Data Released: False
  Global Release Data: Off
  PipelineMTime: 0
  UpdateMTime: 1609
  RealTimeStamp: 0 seconds 
  LargestPossibleRegion: 
    Dimension: 3
    Index: [0, 0, 0]
    Size: [256, 256, 277]
  BufferedRegion: 
    Dimension: 3
    Index: [0, 0, 0]
    Size: [256, 256, 277]
  RequestedRegion: 
    Dimension: 3
    Index: [0, 0, 0]
    Size: [256, 256, 277]
  Spacing: [1, 1, 1]
  Origin: [0, 276, 0]
  Direction: 
1 0 0
0 -0 -1
0 -1 -0

  IndexToPointMatrix: 
1 0 0
0 0 -1
0 -1 0

  PointToIndexMatrix: 
1 0 0
0 0 -1
0 -1 0

  Inverse Direction: 
1 0 0
0 0 -1
0 -1 0

  PixelContainer: 
    ImportImageContainer (0x482df60)
      RTTI typeinfo:   itk::ImportImageContainer<unsigned long, double>
      Reference Count: 1
      Modified Time: 1606
      Debug: Off
      Object Name: 
      Observers: 
        none
      Pointer: 0x7ffa31877010
      Container manages memory: true
      Size: 18153472
      Capacity: 18153472

     Weighting = 1
     Sampling strategy = regular
     Number of bins = 32
     Radius = 4
     Sampling percentage  = 0.25
   Transform = Rigid
     Gradient step = 0.1
     Update field sigma (voxel space) = 0
     Total field sigma (voxel space) = 0
     Update field time sigma = 0
     Total field time sigma  = 0
     Number of time indices = 0
     Number of time point samples = 0
Stage 2 State
   Image metric = Mattes
     Fixed image = Image (0x4841700)
  RTTI typeinfo:   itk::Image<double, 3u>
  Reference Count: 2
  Modified Time: 1987
  Debug: Off
  Object Name: 
  Observers: 
    none
  Source: (none)
  Source output name: (none)
  Release Data: Off
  Data Released: False
  Global Release Data: Off
  PipelineMTime: 0
  UpdateMTime: 1798
  RealTimeStamp: 0 seconds 
  LargestPossibleRegion: 
    Dimension: 3
    Index: [0, 0, 0]
    Size: [216, 256, 291]
  BufferedRegion: 
    Dimension: 3
    Index: [0, 0, 0]
    Size: [216, 256, 291]
  RequestedRegion: 
    Dimension: 3
    Index: [0, 0, 0]
    Size: [216, 256, 291]
  Spacing: [1, 1, 1]
  Origin: [0, 293, 0]
  Direction: 
1 0 0
0 -0 -1
0 -1 -0

  IndexToPointMatrix: 
1 0 0
0 0 -1
0 -1 0

  PointToIndexMatrix: 
1 0 0
0 0 -1
0 -1 0

  Inverse Direction: 
1 0 0
0 0 -1
0 -1 0

  PixelContainer: 
    ImportImageContainer (0x483d970)
      RTTI typeinfo:   itk::ImportImageContainer<unsigned long, double>
      Reference Count: 1
      Modified Time: 1795
      Debug: Off
      Object Name: 
      Observers: 
        none
      Pointer: 0x7ffa29db2010
      Container manages memory: true
      Size: 16091136
      Capacity: 16091136

     Moving image = Image (0x484e080)
  RTTI typeinfo:   itk::Image<double, 3u>
  Reference Count: 2
  Modified Time: 1988
  Debug: Off
  Object Name: 
  Observers: 
    none
  Source: (none)
  Source output name: (none)
  Release Data: Off
  Data Released: False
  Global Release Data: Off
  PipelineMTime: 0
  UpdateMTime: 1985
  RealTimeStamp: 0 seconds 
  LargestPossibleRegion: 
    Dimension: 3
    Index: [0, 0, 0]
    Size: [256, 256, 277]
  BufferedRegion: 
    Dimension: 3
    Index: [0, 0, 0]
    Size: [256, 256, 277]
  RequestedRegion: 
    Dimension: 3
    Index: [0, 0, 0]
    Size: [256, 256, 277]
  Spacing: [1, 1, 1]
  Origin: [0, 276, 0]
  Direction: 
1 0 0
0 -0 -1
0 -1 -0

  IndexToPointMatrix: 
1 0 0
0 0 -1
0 -1 0

  PointToIndexMatrix: 
1 0 0
0 0 -1
0 -1 0

  Inverse Direction: 
1 0 0
0 0 -1
0 -1 0

  PixelContainer: 
    ImportImageContainer (0x484da00)
      RTTI typeinfo:   itk::ImportImageContainer<unsigned long, double>
      Reference Count: 1
      Modified Time: 1982
      Debug: Off
      Object Name: 
      Observers: 
        none
      Pointer: 0x7ffa21331010
      Container manages memory: true
      Size: 18153472
      Capacity: 18153472

     Weighting = 1
     Sampling strategy = regular
     Number of bins = 32
     Radius = 4
     Sampling percentage  = 0.25
   Transform = Affine
     Gradient step = 0.1
     Update field sigma (voxel space) = 0
     Total field sigma (voxel space) = 0
     Update field time sigma = 0
     Total field time sigma  = 0
     Number of time indices = 0
     Number of time point samples = 0
Stage 3 State
   Image metric = Mattes
     Fixed image = Image (0x48539a0)
  RTTI typeinfo:   itk::Image<double, 3u>
  Reference Count: 2
  Modified Time: 2363
  Debug: Off
  Object Name: 
  Observers: 
    none
  Source: (none)
  Source output name: (none)
  Release Data: Off
  Data Released: False
  Global Release Data: Off
  PipelineMTime: 0
  UpdateMTime: 2174
  RealTimeStamp: 0 seconds 
  LargestPossibleRegion: 
    Dimension: 3
    Index: [0, 0, 0]
    Size: [216, 256, 291]
  BufferedRegion: 
    Dimension: 3
    Index: [0, 0, 0]
    Size: [216, 256, 291]
  RequestedRegion: 
    Dimension: 3
    Index: [0, 0, 0]
    Size: [216, 256, 291]
  Spacing: [1, 1, 1]
  Origin: [0, 293, 0]
  Direction: 
1 0 0
0 -0 -1
0 -1 -0

  IndexToPointMatrix: 
1 0 0
0 0 -1
0 -1 0

  PointToIndexMatrix: 
1 0 0
0 0 -1
0 -1 0

  Inverse Direction: 
1 0 0
0 0 -1
0 -1 0

  PixelContainer: 
    ImportImageContainer (0x484c740)
      RTTI typeinfo:   itk::ImportImageContainer<unsigned long, double>
      Reference Count: 1
      Modified Time: 2171
      Debug: Off
      Object Name: 
      Observers: 
        none
      Pointer: 0x7ffa1986c010
      Container manages memory: true
      Size: 16091136
      Capacity: 16091136

     Moving image = Image (0x4856110)
  RTTI typeinfo:   itk::Image<double, 3u>
  Reference Count: 2
  Modified Time: 2364
  Debug: Off
  Object Name: 
  Observers: 
    none
  Source: (none)
  Source output name: (none)
  Release Data: Off
  Data Released: False
  Global Release Data: Off
  PipelineMTime: 0
  UpdateMTime: 2361
  RealTimeStamp: 0 seconds 
  LargestPossibleRegion: 
    Dimension: 3
    Index: [0, 0, 0]
    Size: [256, 256, 277]
  BufferedRegion: 
    Dimension: 3
    Index: [0, 0, 0]
    Size: [256, 256, 277]
  RequestedRegion: 
    Dimension: 3
    Index: [0, 0, 0]
    Size: [256, 256, 277]
  Spacing: [1, 1, 1]
  Origin: [0, 276, 0]
  Direction: 
1 0 0
0 -0 -1
0 -1 -0

  IndexToPointMatrix: 
1 0 0
0 0 -1
0 -1 0

  PointToIndexMatrix: 
1 0 0
0 0 -1
0 -1 0

  Inverse Direction: 
1 0 0
0 0 -1
0 -1 0

  PixelContainer: 
    ImportImageContainer (0x4853c30)
      RTTI typeinfo:   itk::ImportImageContainer<unsigned long, double>
      Reference Count: 1
      Modified Time: 2358
      Debug: Off
      Object Name: 
      Observers: 
        none
      Pointer: 0x7ffa10deb010
      Container manages memory: true
      Size: 18153472
      Capacity: 18153472

     Weighting = 1
     Sampling strategy = none
     Number of bins = 32
     Radius = 4
     Sampling percentage  = 1
   Transform = SyN
     Gradient step = 0.1
     Update field sigma (voxel space) = 3
     Total field sigma (voxel space) = 0
     Update field time sigma = 0
     Total field time sigma  = 0
     Number of time indices = 0
     Number of time point samples = 0
Registration using 3 total stages.

Stage 0
  iterations = 1000x500x250x0
  convergence threshold = 1e-06
  convergence window size = 10
  number of levels = 4
  using the Mattes MI metric (number of bins = 32, weight = 1)
  preprocessing:  winsorizing the image intensities
  Shrink factors (level 1 out of 4): [12, 12, 12]
  Shrink factors (level 2 out of 4): [8, 8, 8]
  Shrink factors (level 3 out of 4): [4, 4, 4]
  Shrink factors (level 4 out of 4): [2, 2, 2]
  smoothing sigmas per level: [4, 3, 2, 1]
  regular sampling (percentage = 0.25)

*** Running Euler3DTransform registration ***

DIAGNOSTIC,Iteration,metricValue,convergenceValue,ITERATION_TIME_INDEX,SINCE_LAST
 2DIAGNOSTIC,     1, -5.884521527131e-01, 1.797693134862e+308, 2.0913e+01, 2.0913e+01, 
 2DIAGNOSTIC,     2, -5.897222080222e-01, 1.797693134862e+308, 2.0924e+01, 1.0565e-02, 
 2DIAGNOSTIC,     3, -5.900976321163e-01, 1.797693134862e+308, 2.0933e+01, 8.8551e-03, 
 2DIAGNOSTIC,     4, -5.904479197301e-01, 1.797693134862e+308, 2.0943e+01, 1.0290e-02, 
 2DIAGNOSTIC,     5, -5.907090490308e-01, 1.797693134862e+308, 2.0953e+01, 1.0175e-02, 
 2DIAGNOSTIC,     6, -5.912388991109e-01, 1.797693134862e+308, 2.0962e+01, 8.8799e-03, 
 2DIAGNOSTIC,     7, -5.918593526779e-01, 1.797693134862e+308, 2.0972e+01, 1.0206e-02, 
 2DIAGNOSTIC,     8, -5.929454740099e-01, 1.797693134862e+308, 2.0981e+01, 8.9669e-03, 
 2DIAGNOSTIC,     9, -5.943566425784e-01, 1.797693134862e+308, 2.0992e+01, 1.0801e-02, 
 2DIAGNOSTIC,    10, -5.982548877619e-01, 8.002422222136e-04, 2.1006e+01, 1.4224e-02, 
 2DIAGNOSTIC,    11, -5.983152363674e-01, 8.581700795289e-04, 2.1017e+01, 1.0892e-02, 
 2DIAGNOSTIC,    12, -5.985411374043e-01, 8.914360797826e-04, 2.1027e+01, 9.4230e-03, 
 2DIAGNOSTIC,    13, -6.002338885823e-01, 9.165880010614e-04, 2.1037e+01, 9.9158e-03, 
 2DIAGNOSTIC,    14, -6.021596591827e-01, 9.300484087022e-04, 2.1046e+01, 9.7239e-03, 
 2DIAGNOSTIC,    15, -6.034607286053e-01, 9.037735962684e-04, 2.1056e+01, 9.6252e-03, 
 2DIAGNOSTIC,    16, -6.048378714123e-01, 8.554624824081e-04, 2.1067e+01, 1.0832e-02, 
 2DIAGNOSTIC,    17, -6.057616269096e-01, 7.789852617328e-04, 2.1078e+01, 1.0873e-02, 
 2DIAGNOSTIC,    18, -6.064568235789e-01, 6.860505314170e-04, 2.1088e+01, 9.8522e-03, 
 2DIAGNOSTIC,    19, -6.073853599317e-01, 5.948233717625e-04, 2.1106e+01, 1.8467e-02, 
 2DIAGNOSTIC,    20, -6.088291498423e-01, 5.845393655818e-04, 2.1116e+01, 9.9871e-03, 
 2DIAGNOSTIC,    21, -6.088762436039e-01, 5.233116168584e-04, 2.1126e+01, 9.5739e-03, 
 2DIAGNOSTIC,    22, -6.089033664491e-01, 4.246047980880e-04, 2.1136e+01, 9.9380e-03, 
 2DIAGNOSTIC,    23, -6.092448411736e-01, 3.367482869668e-04, 2.1149e+01, 1.3815e-02, 
 2DIAGNOSTIC,    24, -6.092981617795e-01, 2.632532565456e-04, 2.1159e+01, 9.6719e-03, 
 2DIAGNOSTIC,    25, -6.093043365940e-01, 1.951245876621e-04, 2.1171e+01, 1.2420e-02, 
 2DIAGNOSTIC,    26, -6.093061650524e-01, 1.391442011987e-04, 2.1181e+01, 9.6419e-03, 
 2DIAGNOSTIC,    27, -6.093074759410e-01, 9.084021704569e-05, 2.1191e+01, 9.5420e-03, 
 2DIAGNOSTIC,    28, -6.093099731521e-01, 4.912313823733e-05, 2.1200e+01, 9.4991e-03, 
 2DIAGNOSTIC,    29, -6.093127990895e-01, 2.027892967031e-05, 2.1210e+01, 9.6400e-03, 
 2DIAGNOSTIC,    30, -6.095931900383e-01, 1.879084853913e-05, 2.1245e+01, 3.4800e-02, 
 2DIAGNOSTIC,    31, -6.095931893241e-01, 1.638332285973e-05, 2.1254e+01, 9.6428e-03, 
 2DIAGNOSTIC,    32, -6.095931899085e-01, 1.299130835394e-05, 2.1264e+01, 9.5170e-03, 
 2DIAGNOSTIC,    33, -6.095931908961e-01, 1.359816163015e-05, 2.1273e+01, 9.4810e-03, 
 2DIAGNOSTIC,    34, -6.095931925645e-01, 1.369345745077e-05, 2.1283e+01, 9.5088e-03, 
 2DIAGNOSTIC,    35, -6.095931953811e-01, 1.259187773013e-05, 2.1292e+01, 9.4509e-03, 
 2DIAGNOSTIC,    36, -6.095932001308e-01, 1.045318687582e-05, 2.1302e+01, 9.4380e-03, 
 2DIAGNOSTIC,    37, -6.095932081253e-01, 7.596378783881e-06, 2.1311e+01, 9.4309e-03, 
 2DIAGNOSTIC,    38, -6.095932215378e-01, 4.323012664433e-06, 2.1320e+01, 9.4140e-03, 
DIAGNOSTIC,Iteration,metricValue,convergenceValue,ITERATION_TIME_INDEX,SINCE_LAST
 2DIAGNOSTIC,     1, -5.175500494680e-01, 1.797693134862e+308, 3.6595e+01, 1.5275e+01, 
 2DIAGNOSTIC,     2, -5.183505360176e-01, 1.797693134862e+308, 3.6645e+01, 4.9530e-02, 
 2DIAGNOSTIC,     3, -5.193279400182e-01, 1.797693134862e+308, 3.6694e+01, 4.9318e-02, 
 2DIAGNOSTIC,     4, -5.196481846762e-01, 1.797693134862e+308, 3.6744e+01, 4.9250e-02, 
 2DIAGNOSTIC,     5, -5.200148278180e-01, 1.797693134862e+308, 3.6802e+01, 5.8444e-02, 
 2DIAGNOSTIC,     6, -5.202151197325e-01, 1.797693134862e+308, 3.6851e+01, 4.9062e-02, 
 2DIAGNOSTIC,     7, -5.207247204329e-01, 1.797693134862e+308, 3.6900e+01, 4.9348e-02, 
 2DIAGNOSTIC,     8, -5.212156008352e-01, 1.797693134862e+308, 3.6987e+01, 8.6226e-02, 
 2DIAGNOSTIC,     9, -5.214217711747e-01, 1.797693134862e+308, 3.7045e+01, 5.8643e-02, 
 2DIAGNOSTIC,    10, -5.216589653134e-01, 4.761030373643e-04, 3.7105e+01, 5.9232e-02, 
 2DIAGNOSTIC,    11, -5.221283323887e-01, 3.855426568258e-04, 3.7164e+01, 5.9031e-02, 
 2DIAGNOSTIC,    12, -5.224133455084e-01, 3.235533784657e-04, 3.7232e+01, 6.8135e-02, 
 2DIAGNOSTIC,    13, -5.224801938247e-01, 2.855583745423e-04, 3.7309e+01, 7.7531e-02, 
 2DIAGNOSTIC,    14, -5.222674781711e-01, 2.316258194919e-04, 3.7358e+01, 4.9262e-02, 
 2DIAGNOSTIC,    15, -5.224666644583e-01, 1.850398830175e-04, 3.7408e+01, 4.9704e-02, 
 2DIAGNOSTIC,    16, -5.226507231981e-01, 1.398648159813e-04, 3.7467e+01, 5.8819e-02, 
 2DIAGNOSTIC,    17, -5.228023616429e-01, 1.078770387186e-04, 3.7526e+01, 5.8815e-02, 
 2DIAGNOSTIC,    18, -5.227642785673e-01, 8.351544265264e-05, 3.7584e+01, 5.8461e-02, 
 2DIAGNOSTIC,    19, -5.228593324775e-01, 6.314122915831e-05, 3.7643e+01, 5.8872e-02, 
 2DIAGNOSTIC,    20, -5.227387715496e-01, 4.192877529978e-05, 3.7702e+01, 5.8836e-02, 
 2DIAGNOSTIC,    21, -5.227502755789e-01, 3.117483145869e-05, 3.7752e+01, 4.9656e-02, 
 2DIAGNOSTIC,    22, -5.227022848666e-01, 2.439177769359e-05, 3.7801e+01, 4.9725e-02, 
 2DIAGNOSTIC,    23, -5.227290375593e-01, 1.852666162343e-05, 3.7860e+01, 5.8360e-02, 
 2DIAGNOSTIC,    24, -5.226868547969e-01, 5.684809673487e-06, 3.7919e+01, 5.8897e-02, 
DIAGNOSTIC,Iteration,metricValue,convergenceValue,ITERATION_TIME_INDEX,SINCE_LAST
 2DIAGNOSTIC,     1, -4.427610109405e-01, 1.797693134862e+308, 4.6746e+01, 8.8273e+00, 
 2DIAGNOSTIC,     2, -4.429680620296e-01, 1.797693134862e+308, 4.7236e+01, 4.9037e-01, 
 2DIAGNOSTIC,     3, -4.430069956879e-01, 1.797693134862e+308, 4.7731e+01, 4.9470e-01, 
 2DIAGNOSTIC,     4, -4.430468944685e-01, 1.797693134862e+308, 4.8226e+01, 4.9510e-01, 
 2DIAGNOSTIC,     5, -4.431177053063e-01, 1.797693134862e+308, 4.8718e+01, 4.9195e-01, 
 2DIAGNOSTIC,     6, -4.434889820034e-01, 1.797693134862e+308, 4.9374e+01, 6.5567e-01, 
 2DIAGNOSTIC,     7, -4.435186038941e-01, 1.797693134862e+308, 4.9781e+01, 4.0726e-01, 
 2DIAGNOSTIC,     8, -4.435366371268e-01, 1.797693134862e+308, 5.0187e+01, 4.0618e-01, 
 2DIAGNOSTIC,     9, -4.435521629927e-01, 1.797693134862e+308, 5.0594e+01, 4.0721e-01, 
 2DIAGNOSTIC,    10, -4.436375174241e-01, 1.339951692259e-04, 5.1001e+01, 4.0681e-01, 
 2DIAGNOSTIC,    11, -4.437715697304e-01, 1.141851583704e-04, 5.1737e+01, 7.3583e-01, 
 2DIAGNOSTIC,    12, -4.437607537975e-01, 9.797188184210e-05, 5.2233e+01, 4.9575e-01, 
 2DIAGNOSTIC,    13, -4.437509131133e-01, 7.750833318659e-05, 5.2809e+01, 5.7663e-01, 
 2DIAGNOSTIC,    14, -4.437469021285e-01, 5.500767563907e-05, 5.3305e+01, 4.9536e-01, 
 2DIAGNOSTIC,    15, -4.437424864729e-01, 3.301182992525e-05, 5.3800e+01, 4.9507e-01, 
 2DIAGNOSTIC,    16, -4.437308175080e-01, 2.521940644448e-05, 5.4378e+01, 5.7817e-01, 
 2DIAGNOSTIC,    17, -4.437249550561e-01, 1.713895259516e-05, 5.4789e+01, 4.1100e-01, 
 2DIAGNOSTIC,    18, -4.437195889431e-01, 9.102475338488e-06, 5.5284e+01, 4.9518e-01, 
 2DIAGNOSTIC,    19, -4.437206192986e-01, 1.757651217647e-06, 5.5695e+01, 4.1062e-01, 
DIAGNOSTIC,Iteration,metricValue,convergenceValue,ITERATION_TIME_INDEX,SINCE_LAST
 2DIAGNOSTIC,     1, -3.798107831564e-01, 1.797693134862e+308, 6.5445e+01, 9.7497e+00, 
  Elapsed time (stage 0): 6.7348e+01


Stage 1
  iterations = 1000x500x250x0
  convergence threshold = 1.0000e-06
  convergence window size = 10
  number of levels = 4
  using the Mattes MI metric (number of bins = 32, weight = 1.0000e+00)
  preprocessing:  winsorizing the image intensities
  Shrink factors (level 1 out of 4): [12, 12, 12]
  Shrink factors (level 2 out of 4): [8, 8, 8]
  Shrink factors (level 3 out of 4): [4, 4, 4]
  Shrink factors (level 4 out of 4): [2, 2, 2]
  smoothing sigmas per level: [4, 3, 2, 1]
  regular sampling (percentage = 2.5000e-01)

*** Running AffineTransform registration ***

DIAGNOSTIC,Iteration,metricValue,convergenceValue,ITERATION_TIME_INDEX,SINCE_LAST
 2DIAGNOSTIC,     1, -6.077036105998e-01, 1.797693134862e+308, 2.0838e+01, 2.0838e+01, 
 2DIAGNOSTIC,     2, -6.092773640097e-01, 1.797693134862e+308, 2.0850e+01, 1.1781e-02, 
 2DIAGNOSTIC,     3, -6.113981310493e-01, 1.797693134862e+308, 2.0861e+01, 1.1540e-02, 
 2DIAGNOSTIC,     4, -6.137000482227e-01, 1.797693134862e+308, 2.0873e+01, 1.1519e-02, 
 2DIAGNOSTIC,     5, -6.179184692922e-01, 1.797693134862e+308, 2.0885e+01, 1.1548e-02, 
 2DIAGNOSTIC,     6, -6.227233205392e-01, 1.797693134862e+308, 2.0898e+01, 1.3237e-02, 
 2DIAGNOSTIC,     7, -6.301808208105e-01, 1.797693134862e+308, 2.0918e+01, 1.9985e-02, 
 2DIAGNOSTIC,     8, -6.307281684231e-01, 1.797693134862e+308, 2.0930e+01, 1.1771e-02, 
 2DIAGNOSTIC,     9, -6.317071893105e-01, 1.797693134862e+308, 2.0941e+01, 1.1818e-02, 
 2DIAGNOSTIC,    10, -6.328412282566e-01, 3.060909975619e-03, 2.0956e+01, 1.5029e-02, 
 2DIAGNOSTIC,    11, -6.330744709032e-01, 2.594625446019e-03, 2.0970e+01, 1.3463e-02, 
 2DIAGNOSTIC,    12, -6.330128594326e-01, 2.029494787485e-03, 2.0982e+01, 1.2001e-02, 
 2DIAGNOSTIC,    13, -6.330855575324e-01, 1.448311593735e-03, 2.0995e+01, 1.3605e-02, 
 2DIAGNOSTIC,    14, -6.333748723842e-01, 9.055626347344e-04, 2.1009e+01, 1.3931e-02, 
 2DIAGNOSTIC,    15, -6.334782585731e-01, 4.826464255240e-04, 2.1022e+01, 1.2180e-02, 
 2DIAGNOSTIC,    16, -6.337757127432e-01, 2.085300014736e-04, 2.1034e+01, 1.2112e-02, 
 2DIAGNOSTIC,    17, -6.344768140017e-01, 1.662664521696e-04, 2.1046e+01, 1.2077e-02, 
 2DIAGNOSTIC,    18, -6.362294590294e-01, 1.708308523786e-04, 2.1058e+01, 1.2242e-02, 
 2DIAGNOSTIC,    19, -6.382925407270e-01, 2.300350028531e-04, 2.1072e+01, 1.3565e-02, 
 2DIAGNOSTIC,    20, -6.391146900839e-01, 3.054512071045e-04, 2.1093e+01, 2.1113e-02, 
 2DIAGNOSTIC,    21, -6.390341593023e-01, 3.492022955757e-04, 2.1106e+01, 1.3506e-02, 
 2DIAGNOSTIC,    22, -6.387972932883e-01, 3.509532655891e-04, 2.1118e+01, 1.1981e-02, 
 2DIAGNOSTIC,    23, -6.385719227966e-01, 3.164296671857e-04, 2.1130e+01, 1.1848e-02, 
 2DIAGNOSTIC,    24, -6.386509060514e-01, 2.616703674646e-04, 2.1142e+01, 1.1889e-02, 
 2DIAGNOSTIC,    25, -6.385081704711e-01, 1.861828193457e-04, 2.1154e+01, 1.1917e-02, 
 2DIAGNOSTIC,    26, -6.384192353137e-01, 1.034239964349e-04, 2.1169e+01, 1.4839e-02, 
 2DIAGNOSTIC,    27, -6.386438994356e-01, 3.262463074678e-05, 2.1181e+01, 1.2072e-02, 
DIAGNOSTIC,Iteration,metricValue,convergenceValue,ITERATION_TIME_INDEX,SINCE_LAST
 2DIAGNOSTIC,     1, -5.207821550103e-01, 1.797693134862e+308, 3.6622e+01, 1.5441e+01, 
 2DIAGNOSTIC,     2, -5.224943654422e-01, 1.797693134862e+308, 3.6680e+01, 5.8482e-02, 
 2DIAGNOSTIC,     3, -5.246729928535e-01, 1.797693134862e+308, 3.6739e+01, 5.8496e-02, 
 2DIAGNOSTIC,     4, -5.266158496196e-01, 1.797693134862e+308, 3.6797e+01, 5.8265e-02, 
 2DIAGNOSTIC,     5, -5.286413616586e-01, 1.797693134862e+308, 3.6855e+01, 5.8182e-02, 
 2DIAGNOSTIC,     6, -5.295505251224e-01, 1.797693134862e+308, 3.6923e+01, 6.7951e-02, 
 2DIAGNOSTIC,     7, -5.329188274009e-01, 1.797693134862e+308, 3.7020e+01, 9.6671e-02, 
 2DIAGNOSTIC,     8, -5.344795593078e-01, 1.797693134862e+308, 3.7106e+01, 8.6344e-02, 
 2DIAGNOSTIC,     9, -5.344712672771e-01, 1.797693134862e+308, 3.7173e+01, 6.7268e-02, 
 2DIAGNOSTIC,    10, -5.344581997448e-01, 1.836478678150e-03, 3.7241e+01, 6.7879e-02, 
 2DIAGNOSTIC,    11, -5.344432986910e-01, 1.432601740582e-03, 3.7300e+01, 5.8572e-02, 
 2DIAGNOSTIC,    12, -5.344482344480e-01, 1.042074178079e-03, 3.7358e+01, 5.8429e-02, 
 2DIAGNOSTIC,    13, -5.345478599281e-01, 7.099514429478e-04, 3.7417e+01, 5.8722e-02, 
 2DIAGNOSTIC,    14, -5.348206827895e-01, 4.461499808320e-04, 3.7485e+01, 6.7816e-02, 
 2DIAGNOSTIC,    15, -5.349440152957e-01, 2.551927851951e-04, 3.7544e+01, 5.8841e-02, 
 2DIAGNOSTIC,    16, -5.351333138018e-01, 9.927225973805e-05, 3.7602e+01, 5.8654e-02, 
 2DIAGNOSTIC,    17, -5.358660113741e-01, 8.049226680497e-05, 3.7670e+01, 6.8225e-02, 
 2DIAGNOSTIC,    18, -5.377297927963e-01, 1.576538332610e-04, 3.7748e+01, 7.7588e-02, 
 2DIAGNOSTIC,    19, -5.385462447434e-01, 2.335636908862e-04, 3.7900e+01, 1.5241e-01, 
 2DIAGNOSTIC,    20, -5.386027148365e-01, 2.816674547106e-04, 3.7958e+01, 5.7965e-02, 
 2DIAGNOSTIC,    21, -5.385725300687e-01, 2.988768373469e-04, 3.8027e+01, 6.8144e-02, 
 2DIAGNOSTIC,    22, -5.385351778476e-01, 2.859036793705e-04, 3.8085e+01, 5.8164e-02, 
 2DIAGNOSTIC,    23, -5.386484644231e-01, 2.514993740361e-04, 3.8143e+01, 5.8238e-02, 
 2DIAGNOSTIC,    24, -5.386499306331e-01, 2.023232440864e-04, 3.8201e+01, 5.8093e-02, 
 2DIAGNOSTIC,    25, -5.386018017663e-01, 1.405071557718e-04, 3.8270e+01, 6.8619e-02, 
 2DIAGNOSTIC,    26, -5.385751020807e-01, 7.410643968504e-05, 3.8328e+01, 5.7976e-02, 
 2DIAGNOSTIC,    27, -5.384191352122e-01, 1.634214091079e-05, 3.8396e+01, 6.8093e-02, 
DIAGNOSTIC,Iteration,metricValue,convergenceValue,ITERATION_TIME_INDEX,SINCE_LAST
 2DIAGNOSTIC,     1, -4.558522995555e-01, 1.797693134862e+308, 4.7127e+01, 8.7315e+00, 
 2DIAGNOSTIC,     2, -4.560619484327e-01, 1.797693134862e+308, 4.7608e+01, 4.8087e-01, 
 2DIAGNOSTIC,     3, -4.563227312099e-01, 1.797693134862e+308, 4.8088e+01, 4.7950e-01, 
 2DIAGNOSTIC,     4, -4.566909736885e-01, 1.797693134862e+308, 4.8571e+01, 4.8370e-01, 
 2DIAGNOSTIC,     5, -4.574382536786e-01, 1.797693134862e+308, 4.9051e+01, 4.7952e-01, 
 2DIAGNOSTIC,     6, -4.583708620182e-01, 1.797693134862e+308, 4.9529e+01, 4.7842e-01, 
 2DIAGNOSTIC,     7, -4.588623706104e-01, 1.797693134862e+308, 5.0617e+01, 1.0877e+00, 
 2DIAGNOSTIC,     8, -4.589159324857e-01, 1.797693134862e+308, 5.1447e+01, 8.2983e-01, 
 2DIAGNOSTIC,     9, -4.589249472317e-01, 1.797693134862e+308, 5.2012e+01, 5.6507e-01, 
 2DIAGNOSTIC,    10, -4.589233574310e-01, 5.348357575354e-04, 5.2576e+01, 5.6459e-01, 
 2DIAGNOSTIC,    11, -4.589209273995e-01, 4.245563741366e-04, 5.3148e+01, 5.7132e-01, 
 2DIAGNOSTIC,    12, -4.589171967642e-01, 3.054155105781e-04, 5.3720e+01, 5.7208e-01, 
 2DIAGNOSTIC,    13, -4.589209472506e-01, 1.904627202111e-04, 5.4198e+01, 4.7795e-01, 
 2DIAGNOSTIC,    14, -4.589182382840e-01, 9.097264783396e-05, 5.4762e+01, 5.6446e-01, 
 2DIAGNOSTIC,    15, -4.589160759902e-01, 2.667492770622e-05, 5.5331e+01, 5.6879e-01, 
 2DIAGNOSTIC,    16, -4.589124515150e-01, 3.688101829186e-06, 5.5815e+01, 4.8429e-01, 
 2DIAGNOSTIC,    17, -4.589108948939e-01, 1.082376622233e-06, 5.6301e+01, 4.8606e-01, 
DIAGNOSTIC,Iteration,metricValue,convergenceValue,ITERATION_TIME_INDEX,SINCE_LAST
 2DIAGNOSTIC,     1, -3.918990555477e-01, 1.797693134862e+308, 6.5257e+01, 8.9560e+00, 
  Elapsed time (stage 1): 6.7086e+01


Stage 2
  iterations = 100x100x70x50x0
  convergence threshold = 1.0000e-06
  convergence window size = 10
  number of levels = 5
  using the Mattes MI metric (number of bins = 32, weight = 1.0000e+00)
  preprocessing:  winsorizing the image intensities
  Shrink factors (level 1 out of 5): [10, 10, 10]
  Shrink factors (level 2 out of 5): [6, 6, 6]
  Shrink factors (level 3 out of 5): [4, 4, 4]
  Shrink factors (level 4 out of 5): [2, 2, 2]
  Shrink factors (level 5 out of 5): [1, 1, 1]
  smoothing sigmas per level: [5, 3, 2, 1, 0]
  Using default NONE metricSamplingStrategy 

*** Running SyN registration (varianceForUpdateField = 3.0000e+00, varianceForTotalField = 0.0000e+00) ***

XXDIAGNOSTIC,Iteration,metricValue,convergenceValue,ITERATION_TIME_INDEX,SINCE_LAST
 1DIAGNOSTIC,     1, -5.239594974750e-01, 1.797693134862e+308, 3.3522e+01, 3.3522e+01, 
 1DIAGNOSTIC,     2, -5.418442884496e-01, 1.797693134862e+308, 3.3659e+01, 1.3707e-01, 
 1DIAGNOSTIC,     3, -5.543143066755e-01, 1.797693134862e+308, 3.3800e+01, 1.4072e-01, 
 1DIAGNOSTIC,     4, -5.579963115250e-01, 1.797693134862e+308, 3.3934e+01, 1.3400e-01, 
 1DIAGNOSTIC,     5, -5.590886287687e-01, 1.797693134862e+308, 3.4068e+01, 1.3420e-01, 
 1DIAGNOSTIC,     6, -5.562365600632e-01, 1.797693134862e+308, 3.4203e+01, 1.3486e-01, 
 1DIAGNOSTIC,     7, -5.531549993902e-01, 1.797693134862e+308, 3.4337e+01, 1.3440e-01, 
 1DIAGNOSTIC,     8, -5.514702348211e-01, 1.797693134862e+308, 3.4471e+01, 1.3404e-01, 
 1DIAGNOSTIC,     9, -5.484945762010e-01, 1.797693134862e+308, 3.4606e+01, 1.3479e-01, 
 1DIAGNOSTIC,    10, -5.470584186650e-01, 1.254142564051e-03, 3.4741e+01, 1.3468e-01, 
 1DIAGNOSTIC,    11, -5.449226244267e-01, -6.559003915378e-04, 3.4876e+01, 1.3519e-01, 
XXDIAGNOSTIC,Iteration,metricValue,convergenceValue,ITERATION_TIME_INDEX,SINCE_LAST
 1DIAGNOSTIC,     1, -4.314701037389e-01, 1.797693134862e+308, 5.0673e+01, 1.5797e+01, 
 1DIAGNOSTIC,     2, -4.340094005745e-01, 1.797693134862e+308, 5.1209e+01, 5.3601e-01, 
 1DIAGNOSTIC,     3, -4.354331948912e-01, 1.797693134862e+308, 5.1745e+01, 5.3590e-01, 
 1DIAGNOSTIC,     4, -4.357874878950e-01, 1.797693134862e+308, 5.2291e+01, 5.4568e-01, 
 1DIAGNOSTIC,     5, -4.358201106451e-01, 1.797693134862e+308, 5.2830e+01, 5.3931e-01, 
 1DIAGNOSTIC,     6, -4.353066535662e-01, 1.797693134862e+308, 5.3369e+01, 5.3838e-01, 
 1DIAGNOSTIC,     7, -4.345906172864e-01, 1.797693134862e+308, 5.3906e+01, 5.3765e-01, 
 1DIAGNOSTIC,     8, -4.333081686779e-01, 1.797693134862e+308, 5.4445e+01, 5.3878e-01, 
 1DIAGNOSTIC,     9, -4.321249637731e-01, 1.797693134862e+308, 5.4983e+01, 5.3811e-01, 
 1DIAGNOSTIC,    10, -4.311939345821e-01, -2.626204054193e-04, 5.5521e+01, 5.3824e-01, 
XXDIAGNOSTIC,Iteration,metricValue,convergenceValue,ITERATION_TIME_INDEX,SINCE_LAST
 1DIAGNOSTIC,     1, -3.665885091513e-01, 1.797693134862e+308, 6.5429e+01, 9.9076e+00, 
 1DIAGNOSTIC,     2, -3.673659664160e-01, 1.797693134862e+308, 6.7124e+01, 1.6950e+00, 
 1DIAGNOSTIC,     3, -3.678563592532e-01, 1.797693134862e+308, 6.8863e+01, 1.7393e+00, 
 1DIAGNOSTIC,     4, -3.681940931109e-01, 1.797693134862e+308, 7.0553e+01, 1.6902e+00, 
 1DIAGNOSTIC,     5, -3.682908686378e-01, 1.797693134862e+308, 7.2250e+01, 1.6970e+00, 
 1DIAGNOSTIC,     6, -3.682366406693e-01, 1.797693134862e+308, 7.3992e+01, 1.7420e+00, 
 1DIAGNOSTIC,     7, -3.679597090266e-01, 1.797693134862e+308, 7.5737e+01, 1.7445e+00, 
 1DIAGNOSTIC,     8, -3.676792049222e-01, 1.797693134862e+308, 7.7425e+01, 1.6884e+00, 
 1DIAGNOSTIC,     9, -3.672435943129e-01, 1.797693134862e+308, 7.9136e+01, 1.7108e+00, 
 1DIAGNOSTIC,    10, -3.670567141086e-01, 1.234848823578e-05, 8.0884e+01, 1.7479e+00, 
 1DIAGNOSTIC,    11, -3.669808497433e-01, -1.434759688647e-04, 8.2635e+01, 1.7509e+00, 
XXDIAGNOSTIC,Iteration,metricValue,convergenceValue,ITERATION_TIME_INDEX,SINCE_LAST
 1DIAGNOSTIC,     1, -3.111314131088e-01, 1.797693134862e+308, 1.0155e+02, 1.8916e+01, 
 1DIAGNOSTIC,     2, -3.121500152289e-01, 1.797693134862e+308, 1.1411e+02, 1.2559e+01, 
 1DIAGNOSTIC,     3, -3.131043723549e-01, 1.797693134862e+308, 1.2666e+02, 1.2554e+01, 
 1DIAGNOSTIC,     4, -3.139683613092e-01, 1.797693134862e+308, 1.3932e+02, 1.2655e+01, 
 1DIAGNOSTIC,     5, -3.146862521108e-01, 1.797693134862e+308, 1.5187e+02, 1.2547e+01, 
 1DIAGNOSTIC,     6, -3.154152978635e-01, 1.797693134862e+308, 1.6442e+02, 1.2559e+01, 
 1DIAGNOSTIC,     7, -3.160577505812e-01, 1.797693134862e+308, 1.7703e+02, 1.2605e+01, 
 1DIAGNOSTIC,     8, -3.165952036413e-01, 1.797693134862e+308, 1.8961e+02, 1.2581e+01, 
 1DIAGNOSTIC,     9, -3.171076042501e-01, 1.797693134862e+308, 2.0261e+02, 1.3002e+01, 
 1DIAGNOSTIC,    10, -3.175634726920e-01, 1.295206021534e-03, 2.1613e+02, 1.3515e+01, 
 1DIAGNOSTIC,    11, -3.179397852252e-01, 1.059683067087e-03, 2.2954e+02, 1.3413e+01, 
 1DIAGNOSTIC,    12, -3.182382420847e-01, 8.665873529891e-04, 2.4307e+02, 1.3533e+01, 
 1DIAGNOSTIC,    13, -3.185172498866e-01, 7.099196509512e-04, 2.5649e+02, 1.3420e+01, 
 1DIAGNOSTIC,    14, -3.186923160074e-01, 5.776183595020e-04, 2.6991e+02, 1.3421e+01, 
 1DIAGNOSTIC,    15, -3.188417878864e-01, 4.618776072151e-04, 2.8334e+02, 1.3427e+01, 
 1DIAGNOSTIC,    16, -3.189582294870e-01, 3.654988297310e-04, 2.9685e+02, 1.3508e+01, 
 1DIAGNOSTIC,    17, -3.190816396197e-01, 2.871513683174e-04, 3.1035e+02, 1.3498e+01, 
 1DIAGNOSTIC,    18, -3.192055462567e-01, 2.237664967293e-04, 3.2377e+02, 1.3420e+01, 
 1DIAGNOSTIC,    19, -3.193421474051e-01, 1.768032734376e-04, 3.3723e+02, 1.3468e+01, 
 1DIAGNOSTIC,    20, -3.195030206266e-01, 1.456706548582e-04, 3.5076e+02, 1.3527e+01, 
 1DIAGNOSTIC,    21, -3.196478223284e-01, 1.260938305431e-04, 3.6437e+02, 1.3612e+01, 
 1DIAGNOSTIC,    22, -3.197834858796e-01, 1.141092809000e-04, 3.7782e+02, 1.3448e+01, 
 1DIAGNOSTIC,    23, -3.199023333424e-01, 1.079850348480e-04, 3.9126e+02, 1.3441e+01, 
 1DIAGNOSTIC,    24, -3.199760394364e-01, 1.015341413206e-04, 4.0468e+02, 1.3413e+01, 
 1DIAGNOSTIC,    25, -3.200131610482e-01, 9.280618499765e-05, 4.1818e+02, 1.3507e+01, 
 1DIAGNOSTIC,    26, -3.200750756684e-01, 8.223358300530e-05, 4.3159e+02, 1.3403e+01, 
 1DIAGNOSTIC,    27, -3.201065319267e-01, 6.986612068432e-05, 4.4501e+02, 1.3426e+01, 
 1DIAGNOSTIC,    28, -3.201534338382e-01, 5.730691980638e-05, 4.5856e+02, 1.3549e+01, 
 1DIAGNOSTIC,    29, -3.201876893128e-01, 4.551128992673e-05, 4.7198e+02, 1.3420e+01, 
 1DIAGNOSTIC,    30, -3.202434638442e-01, 3.671838582780e-05, 4.8549e+02, 1.3506e+01, 
 1DIAGNOSTIC,    31, -3.203073792285e-01, 3.105529017872e-05, 4.9909e+02, 1.3598e+01, 
 1DIAGNOSTIC,    32, -3.204235853847e-01, 2.984166827812e-05, 5.1261e+02, 1.3529e+01, 
 1DIAGNOSTIC,    33, -3.205171414216e-01, 3.162714265708e-05, 5.2623e+02, 1.3610e+01, 
 1DIAGNOSTIC,    34, -3.205769108796e-01, 3.387708697781e-05, 5.3975e+02, 1.3529e+01, 
 1DIAGNOSTIC,    35, -3.206618344171e-01, 3.596636375896e-05, 5.5324e+02, 1.3487e+01, 
 1DIAGNOSTIC,    36, -3.207071635443e-01, 3.722392478448e-05, 5.6667e+02, 1.3429e+01, 
 1DIAGNOSTIC,    37, -3.207602299893e-01, 3.694954678670e-05, 5.8009e+02, 1.3424e+01, 
 1DIAGNOSTIC,    38, -3.207632610133e-01, 3.440078643429e-05, 5.9363e+02, 1.3532e+01, 
 1DIAGNOSTIC,    39, -3.207980524723e-01, 3.038117118758e-05, 6.0709e+02, 1.3464e+01, 
 1DIAGNOSTIC,    40, -3.207492007614e-01, 2.388144467180e-05, 6.2051e+02, 1.3419e+01, 
 1DIAGNOSTIC,    41, -3.207825131448e-01, 1.759985559468e-05, 6.3394e+02, 1.3430e+01, 
 1DIAGNOSTIC,    42, -3.207674417878e-01, 1.210550072013e-05, 6.4739e+02, 1.3446e+01, 
 1DIAGNOSTIC,    43, -3.207229295783e-01, 6.795765816900e-06, 6.6083e+02, 1.3449e+01, 
 1DIAGNOSTIC,    44, -3.206771430749e-01, 1.437879258975e-06, 6.7431e+02, 1.3476e+01, 
 1DIAGNOSTIC,    45, -3.206273395439e-01, -3.043030790649e-06, 6.8778e+02, 1.3467e+01, 
  Elapsed time (stage 2): 708.1


Total elapsed time: 842.5

--- Writing output images ---

Using double precision for computations.
Input scalar image: data/Segmentations/1002_3_seg.nii.gz
Reference image: data/template/T_template0_BrainCerebellum.nii.gz
=============================================================================
The composite transform comprises the following transforms (in order): 
  1. /tmp/1971461.1.basic.q/1002_ToTemplate_004_0GenericAffine.mat (type = AffineTransform)
  2. /tmp/1971461.1.basic.q/1002_ToTemplate_004_1Warp.nii.gz (type = DisplacementFieldTransform)
=============================================================================
Default pixel value: 0
Interpolation type: LabelImageGenericInterpolateImageFunction
Output warped image: output/1002/1002_WarpedLabels_004.nii.gz

--- Done ---

